2019-12-23 18:47:15,236 Namespace(arch='vgg16', batchSize=8, cacheBatchSize=48, cachePath='/home/annora/NetVLAD/output/', cacheRefreshRate=0, ckpt='best', ckpt_diy='model_best0.pth.tar', contilearn=True, dataPath='/home/annora/NetVLAD/output/data/', dataset='pittsburgh', debug_file='', evalEvery=1, fromscratch=False, lr=0.0001, lrGamma=0.5, lrStep=5, margin=0.1, mode='train', momentum=0.9, nEpochs=30, nGPU=2, nocuda=False, num_clusters=64, optim='SGD', patience=10, pooling='max', resume='', runsPath='/home/annora/NetVLAD/output/runs/', savePath='checkpoints', seed=123, split='val', start_epoch=0, threads=4, vladv2=False, weightDecay=0.001)
2019-12-23 18:47:15,319 ===> Loading dataset(s)
2019-12-23 18:47:15,319 ===> Building model
2019-12-23 18:47:15,446 encoder moder:
VGG16(
  (conv1): Sequential(
    (0): Conv2d(3, 64, kernel_size=(3, 3), stride=(1, 1), padding=(1, 1))
    (1): ReLU(inplace)
  )
  (conv2): Sequential(
    (0): Conv2d(64, 64, kernel_size=(3, 3), stride=(1, 1), padding=(1, 1))
    (1): ReLU(inplace)
    (2): MaxPool2d(kernel_size=2, stride=2, padding=0, dilation=1, ceil_mode=False)
  )
  (conv3): Sequential(
    (0): Conv2d(64, 128, kernel_size=(3, 3), stride=(1, 1), padding=(1, 1))
    (1): ReLU(inplace)
  )
  (conv4): Sequential(
    (0): Conv2d(128, 128, kernel_size=(3, 3), stride=(1, 1), padding=(1, 1))
    (1): ReLU(inplace)
    (2): MaxPool2d(kernel_size=2, stride=2, padding=0, dilation=1, ceil_mode=False)
  )
  (conv5): Sequential(
    (0): Conv2d(128, 256, kernel_size=(3, 3), stride=(1, 1), padding=(1, 1))
    (1): ReLU(inplace)
  )
  (conv6): Sequential(
    (0): Conv2d(256, 256, kernel_size=(3, 3), stride=(1, 1), padding=(1, 1))
    (1): ReLU(inplace)
  )
  (conv7): Sequential(
    (0): Conv2d(256, 256, kernel_size=(3, 3), stride=(1, 1), padding=(1, 1))
    (1): ReLU(inplace)
    (2): MaxPool2d(kernel_size=2, stride=2, padding=0, dilation=1, ceil_mode=False)
  )
  (conv8): Sequential(
    (0): Conv2d(256, 512, kernel_size=(3, 3), stride=(1, 1), padding=(1, 1))
    (1): ReLU(inplace)
  )
  (conv9): Sequential(
    (0): Conv2d(512, 512, kernel_size=(3, 3), stride=(1, 1), padding=(1, 1))
    (1): ReLU(inplace)
  )
  (conv10): Sequential(
    (0): Conv2d(512, 512, kernel_size=(3, 3), stride=(1, 1), padding=(1, 1))
    (1): ReLU(inplace)
    (2): MaxPool2d(kernel_size=2, stride=2, padding=0, dilation=1, ceil_mode=False)
  )
  (conv11): Sequential(
    (0): Conv2d(512, 512, kernel_size=(3, 3), stride=(1, 1), padding=(1, 1))
    (1): ReLU(inplace)
  )
  (conv12): Sequential(
    (0): Conv2d(512, 512, kernel_size=(3, 3), stride=(1, 1), padding=(1, 1))
    (1): ReLU(inplace)
  )
  (conv13): Sequential(
    (0): Conv2d(512, 512, kernel_size=(3, 3), stride=(1, 1), padding=(1, 1))
  )
  (conv13_relu_maxpool): Sequential(
    (0): ReLU(inplace)
    (1): MaxPool2d(kernel_size=2, stride=2, padding=0, dilation=1, ceil_mode=False)
  )
)
2019-12-23 18:47:19,430 ---->>>> trainfiles: ['oxRobocar_single_train.mat']
2019-12-23 18:47:19,432 ===> Saving state to: /home/annora/NetVLAD/output/runs/2019-12-23-18-47-19_vgg16_max
2019-12-23 18:47:22,139 ====> Training query set:6636
2019-12-23 18:47:22,228 ===> Evaluating on val set, query count:3450
2019-12-23 18:47:22,228 ---->>>> testfile: oxRobocar_single_val.mat
2019-12-23 18:47:22,228 ===> Training model
2019-12-23 18:47:22,228 ====> Building Cache
2019-12-23 18:47:22,229 h5feat cache at: /home/annora/NetVLAD/output/train_feat_cache.hdf5
2019-12-23 18:49:31,874 Allocated:644.1357421875 MB
2019-12-23 18:49:31,875 Cached:2877.125 MB
2019-12-23 18:50:27,813 ==> Task[1]Epoch[1](50/830): Loss: 0.3400
2019-12-23 18:50:27,814 Allocated:868.01904296875 MB
2019-12-23 18:50:27,815 Cached:2261.75 MB
2019-12-23 18:51:07,784 ==> Task[1]Epoch[1](100/830): Loss: 0.1994
2019-12-23 18:51:07,785 Allocated:868.01904296875 MB
2019-12-23 18:51:07,786 Cached:3086.75 MB
2019-12-23 18:51:47,837 ==> Task[1]Epoch[1](150/830): Loss: 0.2444
2019-12-23 18:51:47,838 Allocated:869.39404296875 MB
2019-12-23 18:51:47,839 Cached:3086.75 MB
2019-12-23 18:52:27,574 ==> Task[1]Epoch[1](200/830): Loss: 0.2421
2019-12-23 18:52:27,575 Allocated:868.14404296875 MB
2019-12-23 18:52:27,576 Cached:3086.75 MB
2019-12-23 18:53:07,363 ==> Task[1]Epoch[1](250/830): Loss: 0.1917
2019-12-23 18:53:07,365 Allocated:868.64404296875 MB
2019-12-23 18:53:07,365 Cached:3936.875 MB
2019-12-23 18:53:47,101 ==> Task[1]Epoch[1](300/830): Loss: 0.1333
2019-12-23 18:53:47,103 Allocated:869.01904296875 MB
2019-12-23 18:53:47,103 Cached:4787.0 MB
2019-12-23 18:54:26,856 ==> Task[1]Epoch[1](350/830): Loss: 0.0425
2019-12-23 18:54:26,857 Allocated:868.26904296875 MB
2019-12-23 18:54:26,857 Cached:4787.0 MB
2019-12-23 18:55:06,611 ==> Task[1]Epoch[1](400/830): Loss: 0.1362
2019-12-23 18:55:06,612 Allocated:869.14404296875 MB
2019-12-23 18:55:06,613 Cached:4787.0 MB
2019-12-23 18:55:46,396 ==> Task[1]Epoch[1](450/830): Loss: 0.0228
2019-12-23 18:55:46,397 Allocated:868.14404296875 MB
2019-12-23 18:55:46,397 Cached:3936.875 MB
2019-12-23 18:56:26,065 ==> Task[1]Epoch[1](500/830): Loss: 0.0107
2019-12-23 18:56:26,066 Allocated:868.89404296875 MB
2019-12-23 18:56:26,066 Cached:4787.0 MB
2019-12-23 18:57:06,197 ==> Task[1]Epoch[1](550/830): Loss: 0.1908
2019-12-23 18:57:06,197 Allocated:868.01904296875 MB
2019-12-23 18:57:06,198 Cached:4787.0 MB
2019-12-23 18:57:46,284 ==> Task[1]Epoch[1](600/830): Loss: 0.0710
2019-12-23 18:57:46,285 Allocated:869.26904296875 MB
2019-12-23 18:57:46,285 Cached:4787.0 MB
2019-12-23 18:58:26,193 ==> Task[1]Epoch[1](650/830): Loss: 0.1405
2019-12-23 18:58:26,195 Allocated:868.51904296875 MB
2019-12-23 18:58:26,195 Cached:4787.0 MB
2019-12-23 18:59:06,122 ==> Task[1]Epoch[1](700/830): Loss: 0.0368
2019-12-23 18:59:06,124 Allocated:868.01904296875 MB
2019-12-23 18:59:06,124 Cached:4787.0 MB
2019-12-23 18:59:46,074 ==> Task[1]Epoch[1](750/830): Loss: 0.0429
2019-12-23 18:59:46,075 Allocated:868.39404296875 MB
2019-12-23 18:59:46,076 Cached:4787.0 MB
2019-12-23 19:00:25,755 ==> Task[1]Epoch[1](800/830): Loss: 0.0374
2019-12-23 19:00:25,756 Allocated:869.01904296875 MB
2019-12-23 19:00:25,757 Cached:3936.875 MB
2019-12-23 19:00:49,470 ===> Task 1 Epoch 1 Complete: Avg. Loss: 0.1283
2019-12-23 19:00:49,471 begin test:
2019-12-23 19:00:49,472 ====> Extracting Features
2019-12-23 19:01:14,701 ==> Batch (50/216)
2019-12-23 19:01:34,306 ==> Batch (100/216)
2019-12-23 19:01:53,902 ==> Batch (150/216)
2019-12-23 19:02:13,593 ==> Batch (200/216)
2019-12-23 19:02:19,988 ====> Building faiss index
2019-12-23 19:02:19,998 ====> Calculating recall @ N
2019-12-23 19:02:20,459 ====> Recall@1: 0.7319
2019-12-23 19:02:20,460 ====> Recall@2: 0.7641
2019-12-23 19:02:20,460 ====> Recall@3: 0.7722
2019-12-23 19:02:20,460 ====> Recall@4: 0.7794
2019-12-23 19:02:20,460 ====> Recall@5: 0.7817
2019-12-23 19:02:20,461 ====> Recall@10: 0.7945
2019-12-23 19:02:20,461 ====> Recall@15: 0.7983
2019-12-23 19:02:20,461 ====> Recall@20: 0.8012
2019-12-23 19:02:20,461 ====> Recall@25: 0.8052
2019-12-23 19:02:20,678 ====> Building Cache
2019-12-23 19:02:20,678 h5feat cache at: /home/annora/NetVLAD/output/train_feat_cache.hdf5
2019-12-23 19:04:26,893 Allocated:758.7685546875 MB
2019-12-23 19:04:26,893 Cached:7699.75 MB
2019-12-23 19:05:12,431 ==> Task[1]Epoch[2](50/830): Loss: 0.0237
2019-12-23 19:05:12,433 Allocated:869.01904296875 MB
2019-12-23 19:05:12,433 Cached:2687.25 MB
2019-12-23 19:05:46,518 ==> Task[1]Epoch[2](100/830): Loss: 0.0729
2019-12-23 19:05:46,520 Allocated:868.64404296875 MB
2019-12-23 19:05:46,520 Cached:5037.25 MB
2019-12-23 19:06:13,420 ==> Task[1]Epoch[2](150/830): Loss: 0.0695
2019-12-23 19:06:13,421 Allocated:867.01904296875 MB
2019-12-23 19:06:13,421 Cached:3736.625 MB
2019-12-23 19:06:43,683 ==> Task[1]Epoch[2](200/830): Loss: 0.1439
2019-12-23 19:06:43,684 Allocated:867.01904296875 MB
2019-12-23 19:06:43,684 Cached:4109.75 MB
2019-12-23 19:07:13,872 ==> Task[1]Epoch[2](250/830): Loss: 0.0174
2019-12-23 19:07:13,874 Allocated:868.76904296875 MB
2019-12-23 19:07:13,874 Cached:3734.75 MB
2019-12-23 19:07:41,406 ==> Task[1]Epoch[2](300/830): Loss: 0.0014
2019-12-23 19:07:41,408 Allocated:869.14404296875 MB
2019-12-23 19:07:41,408 Cached:2649.125 MB
2019-12-23 19:08:10,731 ==> Task[1]Epoch[2](350/830): Loss: 0.0000
2019-12-23 19:08:10,732 Allocated:869.64404296875 MB
2019-12-23 19:08:10,733 Cached:2536.625 MB
2019-12-23 19:08:40,548 ==> Task[1]Epoch[2](400/830): Loss: 0.0000
2019-12-23 19:08:40,549 Allocated:871.01904296875 MB
2019-12-23 19:08:40,549 Cached:3164.75 MB
2019-12-23 19:09:13,263 ==> Task[1]Epoch[2](500/830): Loss: 0.0024
2019-12-23 19:09:13,265 Allocated:868.39404296875 MB
2019-12-23 19:09:13,265 Cached:3507.875 MB
2019-12-23 19:09:52,466 ==> Task[1]Epoch[2](550/830): Loss: 0.1765
2019-12-23 19:09:52,467 Allocated:867.64404296875 MB
2019-12-23 19:09:52,468 Cached:7598.375 MB
2019-12-23 19:10:31,604 ==> Task[1]Epoch[2](600/830): Loss: 0.0467
2019-12-23 19:10:31,605 Allocated:868.26904296875 MB
2019-12-23 19:10:31,606 Cached:5512.875 MB
2019-12-23 19:11:09,589 ==> Task[1]Epoch[2](650/830): Loss: 0.0555
2019-12-23 19:11:09,591 Allocated:869.39404296875 MB
2019-12-23 19:11:09,592 Cached:2438.25 MB
2019-12-23 19:11:45,479 ==> Task[1]Epoch[2](700/830): Loss: 0.0005
2019-12-23 19:11:45,480 Allocated:868.76904296875 MB
2019-12-23 19:11:45,480 Cached:3080.375 MB
2019-12-23 19:12:23,945 ==> Task[1]Epoch[2](750/830): Loss: 0.0032
2019-12-23 19:12:23,946 Allocated:870.39404296875 MB
2019-12-23 19:12:23,947 Cached:3628.875 MB
2019-12-23 19:12:56,321 ==> Task[1]Epoch[2](800/830): Loss: 0.0355
2019-12-23 19:12:56,322 Allocated:868.14404296875 MB
2019-12-23 19:12:56,323 Cached:2855.375 MB
2019-12-23 19:13:16,676 ===> Task 1 Epoch 2 Complete: Avg. Loss: 0.0586
2019-12-23 19:13:16,677 begin test:
2019-12-23 19:13:16,678 ====> Extracting Features
2019-12-23 19:13:43,846 ==> Batch (50/216)
2019-12-23 19:14:04,224 ==> Batch (100/216)
2019-12-23 19:14:24,866 ==> Batch (150/216)
2019-12-23 19:14:45,527 ==> Batch (200/216)
2019-12-23 19:14:52,205 ====> Building faiss index
2019-12-23 19:14:52,214 ====> Calculating recall @ N
2019-12-23 19:14:52,604 ====> Recall@1: 0.7632
2019-12-23 19:14:52,604 ====> Recall@2: 0.7754
2019-12-23 19:14:52,605 ====> Recall@3: 0.7803
2019-12-23 19:14:52,605 ====> Recall@4: 0.7835
2019-12-23 19:14:52,605 ====> Recall@5: 0.7861
2019-12-23 19:14:52,606 ====> Recall@10: 0.7922
2019-12-23 19:14:52,606 ====> Recall@15: 0.7974
2019-12-23 19:14:52,606 ====> Recall@20: 0.8003
2019-12-23 19:14:52,606 ====> Recall@25: 0.8029
2019-12-23 19:14:53,330 ====> Building Cache
2019-12-23 19:14:53,331 h5feat cache at: /home/annora/NetVLAD/output/train_feat_cache.hdf5
2019-12-23 19:17:04,360 Allocated:758.7685546875 MB
2019-12-23 19:17:04,361 Cached:7699.75 MB
2019-12-23 19:17:42,251 ==> Task[1]Epoch[3](50/830): Loss: 0.0000
2019-12-23 19:17:42,253 Allocated:866.64404296875 MB
2019-12-23 19:17:42,253 Cached:2236.625 MB
2019-12-23 19:18:03,836 ==> Task[1]Epoch[3](100/830): Loss: 0.0562
2019-12-23 19:18:03,837 Allocated:868.01904296875 MB
2019-12-23 19:18:03,837 Cached:2555.375 MB
2019-12-23 19:18:24,137 ==> Task[1]Epoch[3](150/830): Loss: 0.0262
2019-12-23 19:18:24,138 Allocated:870.76904296875 MB
2019-12-23 19:18:24,139 Cached:2860.125 MB
2019-12-23 19:18:52,871 ==> Task[1]Epoch[3](200/830): Loss: 0.1143
2019-12-23 19:18:52,873 Allocated:867.76904296875 MB
2019-12-23 19:18:52,873 Cached:3230.375 MB
2019-12-23 19:19:10,904 ==> Task[1]Epoch[3](250/830): Loss: 0.0020
2019-12-23 19:19:10,905 Allocated:869.89404296875 MB
2019-12-23 19:19:10,906 Cached:3727.25 MB
2019-12-23 19:19:28,058 ==> Task[1]Epoch[3](300/830): Loss: 0.0000
2019-12-23 19:19:28,059 Allocated:867.89404296875 MB
2019-12-23 19:19:28,059 Cached:2461.625 MB
2019-12-23 19:19:49,724 ==> Task[1]Epoch[3](350/830): Loss: 0.0000
2019-12-23 19:19:49,726 Allocated:866.89404296875 MB
2019-12-23 19:19:49,726 Cached:2349.125 MB
2019-12-23 19:20:37,840 ==> Task[1]Epoch[3](500/830): Loss: 0.0000
2019-12-23 19:20:37,841 Allocated:869.64404296875 MB
2019-12-23 19:20:37,842 Cached:2508.5 MB
2019-12-23 19:21:17,126 ==> Task[1]Epoch[3](550/830): Loss: 0.0046
2019-12-23 19:21:17,127 Allocated:869.14404296875 MB
2019-12-23 19:21:17,128 Cached:2972.625 MB
2019-12-23 19:21:42,251 ==> Task[1]Epoch[3](600/830): Loss: 0.0197
2019-12-23 19:21:42,253 Allocated:870.14404296875 MB
2019-12-23 19:21:42,253 Cached:3408.875 MB
2019-12-23 19:22:59,257 ==> Task[1]Epoch[3](750/830): Loss: 0.0008
2019-12-23 19:22:59,259 Allocated:867.01904296875 MB
2019-12-23 19:22:59,259 Cached:2383.375 MB
2019-12-23 19:23:18,447 ==> Task[1]Epoch[3](800/830): Loss: 0.0249
2019-12-23 19:23:18,448 Allocated:868.64404296875 MB
2019-12-23 19:23:18,449 Cached:3563.25 MB
2019-12-23 19:23:33,006 ===> Task 1 Epoch 3 Complete: Avg. Loss: 0.0455
2019-12-23 19:23:33,008 begin test:
2019-12-23 19:23:33,008 ====> Extracting Features
2019-12-23 19:23:59,840 ==> Batch (50/216)
2019-12-23 19:24:19,895 ==> Batch (100/216)
2019-12-23 19:24:39,871 ==> Batch (150/216)
2019-12-23 19:24:59,929 ==> Batch (200/216)
2019-12-23 19:25:06,462 ====> Building faiss index
2019-12-23 19:25:06,474 ====> Calculating recall @ N
2019-12-23 19:25:06,908 ====> Recall@1: 0.7635
2019-12-23 19:25:06,909 ====> Recall@2: 0.7745
2019-12-23 19:25:06,910 ====> Recall@3: 0.7803
2019-12-23 19:25:06,910 ====> Recall@4: 0.7832
2019-12-23 19:25:06,910 ====> Recall@5: 0.7878
2019-12-23 19:25:06,910 ====> Recall@10: 0.7939
2019-12-23 19:25:06,910 ====> Recall@15: 0.7997
2019-12-23 19:25:06,910 ====> Recall@20: 0.8038
2019-12-23 19:25:06,911 ====> Recall@25: 0.8072
2019-12-23 19:25:07,685 ====> Building Cache
2019-12-23 19:25:07,685 h5feat cache at: /home/annora/NetVLAD/output/train_feat_cache.hdf5
2019-12-23 19:27:17,915 Allocated:760.6435546875 MB
2019-12-23 19:27:17,915 Cached:7674.625 MB
2019-12-23 19:28:05,615 ==> Task[1]Epoch[4](100/830): Loss: 0.0375
2019-12-23 19:28:05,618 Allocated:870.26904296875 MB
2019-12-23 19:28:05,618 Cached:3961.625 MB
2019-12-23 19:28:21,089 ==> Task[1]Epoch[4](150/830): Loss: 0.0157
2019-12-23 19:28:21,090 Allocated:871.51904296875 MB
2019-12-23 19:28:21,091 Cached:3195.875 MB
2019-12-23 19:28:43,797 ==> Task[1]Epoch[4](200/830): Loss: 0.0933
2019-12-23 19:28:43,799 Allocated:870.26904296875 MB
2019-12-23 19:28:43,800 Cached:4574.75 MB
2019-12-23 19:28:57,227 ==> Task[1]Epoch[4](250/830): Loss: 0.0109
2019-12-23 19:28:57,229 Allocated:870.89404296875 MB
2019-12-23 19:28:57,229 Cached:2884.5 MB
2019-12-23 19:30:42,771 ==> Task[1]Epoch[4](550/830): Loss: 0.0434
2019-12-23 19:30:42,772 Allocated:869.14404296875 MB
2019-12-23 19:30:42,773 Cached:2408.375 MB
2019-12-23 19:30:58,830 ==> Task[1]Epoch[4](600/830): Loss: 0.0569
2019-12-23 19:30:58,832 Allocated:870.89404296875 MB
2019-12-23 19:30:58,832 Cached:2938.5 MB
2019-12-23 19:32:02,176 ==> Task[1]Epoch[4](750/830): Loss: 0.0000
2019-12-23 19:32:02,178 Allocated:869.14404296875 MB
2019-12-23 19:32:02,178 Cached:2661.5 MB
2019-12-23 19:32:17,945 ==> Task[1]Epoch[4](800/830): Loss: 0.0125
2019-12-23 19:32:17,946 Allocated:870.89404296875 MB
2019-12-23 19:32:17,947 Cached:3561.5 MB
2019-12-23 19:32:30,541 ===> Task 1 Epoch 4 Complete: Avg. Loss: 0.0398
2019-12-23 19:32:30,545 begin test:
2019-12-23 19:32:30,546 ====> Extracting Features
2019-12-23 19:32:56,594 ==> Batch (50/216)
2019-12-23 19:33:16,305 ==> Batch (100/216)
2019-12-23 19:33:36,002 ==> Batch (150/216)
2019-12-23 19:33:55,791 ==> Batch (200/216)
2019-12-23 19:34:02,211 ====> Building faiss index
2019-12-23 19:34:02,220 ====> Calculating recall @ N
2019-12-23 19:34:02,641 ====> Recall@1: 0.7455
2019-12-23 19:34:02,642 ====> Recall@2: 0.7672
2019-12-23 19:34:02,642 ====> Recall@3: 0.7786
2019-12-23 19:34:02,642 ====> Recall@4: 0.7826
2019-12-23 19:34:02,642 ====> Recall@5: 0.7878
2019-12-23 19:34:02,643 ====> Recall@10: 0.8023
2019-12-23 19:34:02,643 ====> Recall@15: 0.8070
2019-12-23 19:34:02,643 ====> Recall@20: 0.8104
2019-12-23 19:34:02,643 ====> Recall@25: 0.8139
2019-12-23 19:34:03,009 ====> Building Cache
2019-12-23 19:34:03,010 h5feat cache at: /home/annora/NetVLAD/output/train_feat_cache.hdf5
2019-12-23 19:36:09,468 Allocated:760.6435546875 MB
2019-12-23 19:36:09,469 Cached:7724.5 MB
2019-12-23 19:36:52,865 ==> Task[1]Epoch[5](100/830): Loss: 0.0355
2019-12-23 19:36:52,866 Allocated:870.51904296875 MB
2019-12-23 19:36:52,866 Cached:3111.5 MB
2019-12-23 19:37:06,686 ==> Task[1]Epoch[5](150/830): Loss: 0.0128
2019-12-23 19:37:06,687 Allocated:869.76904296875 MB
2019-12-23 19:37:06,687 Cached:2961.5 MB
2019-12-23 19:37:27,675 ==> Task[1]Epoch[5](200/830): Loss: 0.0904
2019-12-23 19:37:27,676 Allocated:871.14404296875 MB
2019-12-23 19:37:27,676 Cached:3542.75 MB
2019-12-23 19:39:32,385 ==> Task[1]Epoch[5](600/830): Loss: 0.0113
2019-12-23 19:39:32,387 Allocated:869.76904296875 MB
2019-12-23 19:39:32,387 Cached:2774.0 MB
2019-12-23 19:40:42,711 ==> Task[1]Epoch[5](800/830): Loss: 0.0110
2019-12-23 19:40:42,712 Allocated:871.89404296875 MB
2019-12-23 19:40:42,712 Cached:3782.75 MB
2019-12-23 19:40:54,715 ===> Task 1 Epoch 5 Complete: Avg. Loss: 0.0343
2019-12-23 19:40:54,716 begin test:
2019-12-23 19:40:54,717 ====> Extracting Features
2019-12-23 19:41:22,330 ==> Batch (50/216)
2019-12-23 19:41:42,972 ==> Batch (100/216)
2019-12-23 19:42:03,550 ==> Batch (150/216)
2019-12-23 19:42:24,297 ==> Batch (200/216)
2019-12-23 19:42:30,941 ====> Building faiss index
2019-12-23 19:42:30,951 ====> Calculating recall @ N
2019-12-23 19:42:31,383 ====> Recall@1: 0.7365
2019-12-23 19:42:31,383 ====> Recall@2: 0.7507
2019-12-23 19:42:31,384 ====> Recall@3: 0.7699
2019-12-23 19:42:31,384 ====> Recall@4: 0.7841
2019-12-23 19:42:31,384 ====> Recall@5: 0.7907
2019-12-23 19:42:31,385 ====> Recall@10: 0.8026
2019-12-23 19:42:31,385 ====> Recall@15: 0.8075
2019-12-23 19:42:31,385 ====> Recall@20: 0.8110
2019-12-23 19:42:31,385 ====> Recall@25: 0.8145
2019-12-23 19:42:32,115 ====> Building Cache
2019-12-23 19:42:32,116 h5feat cache at: /home/annora/NetVLAD/output/train_feat_cache.hdf5
2019-12-23 19:44:41,561 Allocated:759.1435546875 MB
2019-12-23 19:44:41,562 Cached:7621.375 MB
2019-12-23 19:45:22,530 ==> Task[1]Epoch[6](100/830): Loss: 0.0174
2019-12-23 19:45:22,532 Allocated:872.26904296875 MB
2019-12-23 19:45:22,533 Cached:2070.875 MB
2019-12-23 19:45:36,291 ==> Task[1]Epoch[6](150/830): Loss: 0.0050
2019-12-23 19:45:36,293 Allocated:869.14404296875 MB
2019-12-23 19:45:36,293 Cached:2192.75 MB
2019-12-23 19:45:54,384 ==> Task[1]Epoch[6](200/830): Loss: 0.0700
2019-12-23 19:45:54,386 Allocated:871.39404296875 MB
2019-12-23 19:45:54,386 Cached:2075.625 MB
2019-12-23 19:47:52,855 ==> Task[1]Epoch[6](600/830): Loss: 0.0077
2019-12-23 19:47:52,858 Allocated:867.26904296875 MB
2019-12-23 19:47:52,858 Cached:2117.75 MB
2019-12-23 19:48:58,640 ==> Task[1]Epoch[6](800/830): Loss: 0.0181
2019-12-23 19:48:58,642 Allocated:868.01904296875 MB
2019-12-23 19:48:58,642 Cached:1845.875 MB
2019-12-23 19:49:10,054 ===> Task 1 Epoch 6 Complete: Avg. Loss: 0.0326
2019-12-23 19:49:10,056 begin test:
2019-12-23 19:49:10,056 ====> Extracting Features
2019-12-23 19:49:37,386 ==> Batch (50/216)
2019-12-23 19:49:57,776 ==> Batch (100/216)
2019-12-23 19:50:18,172 ==> Batch (150/216)
2019-12-23 19:50:38,546 ==> Batch (200/216)
2019-12-23 19:50:45,193 ====> Building faiss index
2019-12-23 19:50:45,203 ====> Calculating recall @ N
2019-12-23 19:50:45,663 ====> Recall@1: 0.7342
2019-12-23 19:50:45,664 ====> Recall@2: 0.7493
2019-12-23 19:50:45,664 ====> Recall@3: 0.7623
2019-12-23 19:50:45,664 ====> Recall@4: 0.7817
2019-12-23 19:50:45,664 ====> Recall@5: 0.7901
2019-12-23 19:50:45,665 ====> Recall@10: 0.8006
2019-12-23 19:50:45,665 ====> Recall@15: 0.8072
2019-12-23 19:50:45,665 ====> Recall@20: 0.8104
2019-12-23 19:50:45,665 ====> Recall@25: 0.8139
2019-12-23 19:50:46,029 ====> Building Cache
2019-12-23 19:50:46,030 h5feat cache at: /home/annora/NetVLAD/output/train_feat_cache.hdf5
2019-12-23 19:52:58,695 Allocated:759.8935546875 MB
2019-12-23 19:52:58,696 Cached:6084.625 MB
2019-12-23 19:53:39,650 ==> Task[1]Epoch[7](100/830): Loss: 0.0085
2019-12-23 19:53:39,653 Allocated:868.76904296875 MB
2019-12-23 19:53:39,653 Cached:1977.125 MB
2019-12-23 19:53:52,883 ==> Task[1]Epoch[7](150/830): Loss: 0.0024
2019-12-23 19:53:52,885 Allocated:870.26904296875 MB
2019-12-23 19:53:52,886 Cached:2136.5 MB
2019-12-23 19:54:09,736 ==> Task[1]Epoch[7](200/830): Loss: 0.0843
2019-12-23 19:54:09,739 Allocated:869.01904296875 MB
2019-12-23 19:54:09,739 Cached:2727.125 MB
2019-12-23 19:57:02,162 ==> Task[1]Epoch[7](800/830): Loss: 0.0216
2019-12-23 19:57:02,164 Allocated:870.64404296875 MB
2019-12-23 19:57:02,164 Cached:1874.0 MB
2019-12-23 19:57:12,869 ===> Task 1 Epoch 7 Complete: Avg. Loss: 0.0306
2019-12-23 19:57:12,870 begin test:
2019-12-23 19:57:12,871 ====> Extracting Features
2019-12-23 19:57:40,894 ==> Batch (50/216)
2019-12-23 19:58:01,900 ==> Batch (100/216)
2019-12-23 19:58:22,246 ==> Batch (150/216)
2019-12-23 19:58:42,673 ==> Batch (200/216)
2019-12-23 19:58:49,337 ====> Building faiss index
2019-12-23 19:58:49,347 ====> Calculating recall @ N
2019-12-23 19:58:49,788 ====> Recall@1: 0.7362
2019-12-23 19:58:49,788 ====> Recall@2: 0.7484
2019-12-23 19:58:49,789 ====> Recall@3: 0.7606
2019-12-23 19:58:49,789 ====> Recall@4: 0.7771
2019-12-23 19:58:49,789 ====> Recall@5: 0.7855
2019-12-23 19:58:49,789 ====> Recall@10: 0.7994
2019-12-23 19:58:49,790 ====> Recall@15: 0.8067
2019-12-23 19:58:49,790 ====> Recall@20: 0.8107
2019-12-23 19:58:49,790 ====> Recall@25: 0.8125
2019-12-23 19:58:50,190 ====> Building Cache
2019-12-23 19:58:50,190 h5feat cache at: /home/annora/NetVLAD/output/train_feat_cache.hdf5
2019-12-23 20:00:59,773 Allocated:758.6435546875 MB
2019-12-23 20:00:59,774 Cached:6561.25 MB
2019-12-23 20:01:38,755 ==> Task[1]Epoch[8](100/830): Loss: 0.0060
2019-12-23 20:01:38,757 Allocated:870.51904296875 MB
2019-12-23 20:01:38,757 Cached:1854.5 MB
2019-12-23 20:02:08,365 ==> Task[1]Epoch[8](200/830): Loss: 0.0571
2019-12-23 20:02:08,366 Allocated:869.89404296875 MB
2019-12-23 20:02:08,367 Cached:2535.5 MB
2019-12-23 20:03:57,922 ==> Task[1]Epoch[8](600/830): Loss: 0.0000
2019-12-23 20:03:57,925 Allocated:867.01904296875 MB
2019-12-23 20:03:57,925 Cached:1814.75 MB
2019-12-23 20:04:55,029 ==> Task[1]Epoch[8](800/830): Loss: 0.0062
2019-12-23 20:04:55,030 Allocated:868.14404296875 MB
2019-12-23 20:04:55,031 Cached:1950.75 MB
2019-12-23 20:05:06,237 ===> Task 1 Epoch 8 Complete: Avg. Loss: 0.0286
2019-12-23 20:05:06,239 begin test:
2019-12-23 20:05:06,240 ====> Extracting Features
2019-12-23 20:05:33,239 ==> Batch (50/216)
2019-12-23 20:05:53,661 ==> Batch (100/216)
2019-12-23 20:06:14,215 ==> Batch (150/216)
2019-12-23 20:06:34,613 ==> Batch (200/216)
2019-12-23 20:06:41,323 ====> Building faiss index
2019-12-23 20:06:41,332 ====> Calculating recall @ N
2019-12-23 20:06:41,781 ====> Recall@1: 0.7336
2019-12-23 20:06:41,782 ====> Recall@2: 0.7467
2019-12-23 20:06:41,783 ====> Recall@3: 0.7583
2019-12-23 20:06:41,783 ====> Recall@4: 0.7652
2019-12-23 20:06:41,783 ====> Recall@5: 0.7687
2019-12-23 20:06:41,783 ====> Recall@10: 0.7852
2019-12-23 20:06:41,783 ====> Recall@15: 0.7971
2019-12-23 20:06:41,784 ====> Recall@20: 0.8052
2019-12-23 20:06:41,784 ====> Recall@25: 0.8122
2019-12-23 20:06:42,208 ====> Building Cache
2019-12-23 20:06:42,209 h5feat cache at: /home/annora/NetVLAD/output/train_feat_cache.hdf5
2019-12-23 20:08:54,042 Allocated:761.5185546875 MB
2019-12-23 20:08:54,043 Cached:6877.625 MB
2019-12-23 20:09:33,672 ==> Task[1]Epoch[9](100/830): Loss: 0.0191
2019-12-23 20:09:33,674 Allocated:871.89404296875 MB
2019-12-23 20:09:33,674 Cached:1594.25 MB
2019-12-23 20:10:00,869 ==> Task[1]Epoch[9](200/830): Loss: 0.0545
2019-12-23 20:10:00,871 Allocated:873.01904296875 MB
2019-12-23 20:10:00,871 Cached:3879.25 MB
2019-12-23 20:11:45,634 ==> Task[1]Epoch[9](600/830): Loss: 0.0098
2019-12-23 20:11:45,636 Allocated:872.51904296875 MB
2019-12-23 20:11:45,636 Cached:1825.25 MB
2019-12-23 20:12:39,462 ==> Task[1]Epoch[9](800/830): Loss: 0.0011
2019-12-23 20:12:39,463 Allocated:871.26904296875 MB
2019-12-23 20:12:39,463 Cached:1551.125 MB
2019-12-23 20:12:49,570 ===> Task 1 Epoch 9 Complete: Avg. Loss: 0.0271
2019-12-23 20:12:49,572 begin test:
2019-12-23 20:12:49,573 ====> Extracting Features
2019-12-23 20:13:16,869 ==> Batch (50/216)
2019-12-23 20:13:37,400 ==> Batch (100/216)
2019-12-23 20:13:57,730 ==> Batch (150/216)
2019-12-23 20:14:18,107 ==> Batch (200/216)
2019-12-23 20:14:24,737 ====> Building faiss index
2019-12-23 20:14:24,748 ====> Calculating recall @ N
2019-12-23 20:14:25,197 ====> Recall@1: 0.7394
2019-12-23 20:14:25,198 ====> Recall@2: 0.7522
2019-12-23 20:14:25,198 ====> Recall@3: 0.7594
2019-12-23 20:14:25,198 ====> Recall@4: 0.7626
2019-12-23 20:14:25,198 ====> Recall@5: 0.7658
2019-12-23 20:14:25,199 ====> Recall@10: 0.7748
2019-12-23 20:14:25,199 ====> Recall@15: 0.7846
2019-12-23 20:14:25,199 ====> Recall@20: 0.7930
2019-12-23 20:14:25,199 ====> Recall@25: 0.8035
2019-12-23 20:14:25,587 ====> Building Cache
2019-12-23 20:14:25,587 h5feat cache at: /home/annora/NetVLAD/output/train_feat_cache.hdf5
2019-12-23 20:16:38,368 Allocated:761.0185546875 MB
2019-12-23 20:16:38,369 Cached:7961.375 MB
2019-12-23 20:17:16,569 ==> Task[1]Epoch[10](100/830): Loss: 0.0053
2019-12-23 20:17:16,571 Allocated:870.76904296875 MB
2019-12-23 20:17:16,571 Cached:1765.5 MB
2019-12-23 20:17:28,770 ==> Task[1]Epoch[10](150/830): Loss: 0.0000
2019-12-23 20:17:28,771 Allocated:871.89404296875 MB
2019-12-23 20:17:28,771 Cached:1696.125 MB
2019-12-23 20:17:43,048 ==> Task[1]Epoch[10](200/830): Loss: 0.0526
2019-12-23 20:17:43,049 Allocated:871.64404296875 MB
2019-12-23 20:17:43,049 Cached:2930.375 MB
2019-12-23 20:20:17,251 ==> Task[1]Epoch[10](800/830): Loss: 0.0050
2019-12-23 20:20:17,252 Allocated:871.89404296875 MB
2019-12-23 20:20:17,252 Cached:1871.0 MB
2019-12-23 20:20:26,957 ===> Task 1 Epoch 10 Complete: Avg. Loss: 0.0250
2019-12-23 20:20:26,958 begin test:
2019-12-23 20:20:26,958 ====> Extracting Features
2019-12-23 20:20:54,345 ==> Batch (50/216)
2019-12-23 20:21:14,875 ==> Batch (100/216)
2019-12-23 20:21:35,372 ==> Batch (150/216)
2019-12-23 20:21:55,896 ==> Batch (200/216)
2019-12-23 20:22:02,540 ====> Building faiss index
2019-12-23 20:22:02,550 ====> Calculating recall @ N
2019-12-23 20:22:02,988 ====> Recall@1: 0.7357
2019-12-23 20:22:02,989 ====> Recall@2: 0.7490
2019-12-23 20:22:02,989 ====> Recall@3: 0.7568
2019-12-23 20:22:02,990 ====> Recall@4: 0.7632
2019-12-23 20:22:02,990 ====> Recall@5: 0.7667
2019-12-23 20:22:02,990 ====> Recall@10: 0.7774
2019-12-23 20:22:02,990 ====> Recall@15: 0.7870
2019-12-23 20:22:02,990 ====> Recall@20: 0.7991
2019-12-23 20:22:02,990 ====> Recall@25: 0.8110
2019-12-23 20:22:03,348 ====> Building Cache
2019-12-23 20:22:03,349 h5feat cache at: /home/annora/NetVLAD/output/train_feat_cache.hdf5
2019-12-23 20:24:12,549 Allocated:759.3935546875 MB
2019-12-23 20:24:12,549 Cached:7861.375 MB
2019-12-23 20:25:16,600 ==> Task[1]Epoch[11](200/830): Loss: 0.0437
2019-12-23 20:25:16,611 Allocated:867.76904296875 MB
2019-12-23 20:25:16,611 Cached:4615.625 MB
2019-12-23 20:27:56,073 ===> Task 1 Epoch 11 Complete: Avg. Loss: 0.0243
2019-12-23 20:27:56,074 begin test:
2019-12-23 20:27:56,075 ====> Extracting Features
2019-12-23 20:28:23,482 ==> Batch (50/216)
2019-12-23 20:28:43,885 ==> Batch (100/216)
2019-12-23 20:29:04,416 ==> Batch (150/216)
2019-12-23 20:29:24,859 ==> Batch (200/216)
2019-12-23 20:29:31,774 ====> Building faiss index
2019-12-23 20:29:31,784 ====> Calculating recall @ N
2019-12-23 20:29:32,232 ====> Recall@1: 0.7380
2019-12-23 20:29:32,232 ====> Recall@2: 0.7484
2019-12-23 20:29:32,232 ====> Recall@3: 0.7559
2019-12-23 20:29:32,233 ====> Recall@4: 0.7617
2019-12-23 20:29:32,233 ====> Recall@5: 0.7664
2019-12-23 20:29:32,233 ====> Recall@10: 0.7759
2019-12-23 20:29:32,233 ====> Recall@15: 0.7858
2019-12-23 20:29:32,233 ====> Recall@20: 0.7945
2019-12-23 20:29:32,233 ====> Recall@25: 0.8064
2019-12-23 20:29:32,608 ====> Building Cache
2019-12-23 20:29:32,609 h5feat cache at: /home/annora/NetVLAD/output/train_feat_cache.hdf5
2019-12-23 20:31:42,621 Allocated:759.5185546875 MB
2019-12-23 20:31:42,622 Cached:7819.375 MB
2019-12-23 20:32:44,293 ==> Task[1]Epoch[12](200/830): Loss: 0.0589
2019-12-23 20:32:44,294 Allocated:869.51904296875 MB
2019-12-23 20:32:44,295 Cached:2953.25 MB
2019-12-23 20:35:13,816 ==> Task[1]Epoch[12](800/830): Loss: 0.0294
2019-12-23 20:35:13,817 Allocated:868.14404296875 MB
2019-12-23 20:35:13,818 Cached:1519.5 MB
2019-12-23 20:35:23,050 ===> Task 1 Epoch 12 Complete: Avg. Loss: 0.0238
2019-12-23 20:35:23,051 begin test:
2019-12-23 20:35:23,052 ====> Extracting Features
2019-12-23 20:35:50,300 ==> Batch (50/216)
2019-12-23 20:36:10,827 ==> Batch (100/216)
2019-12-23 20:36:31,196 ==> Batch (150/216)
2019-12-23 20:36:51,736 ==> Batch (200/216)
2019-12-23 20:36:58,376 ====> Building faiss index
2019-12-23 20:36:58,387 ====> Calculating recall @ N
2019-12-23 20:36:58,831 ====> Recall@1: 0.7368
2019-12-23 20:36:58,832 ====> Recall@2: 0.7493
2019-12-23 20:36:58,832 ====> Recall@3: 0.7565
2019-12-23 20:36:58,832 ====> Recall@4: 0.7626
2019-12-23 20:36:58,832 ====> Recall@5: 0.7672
2019-12-23 20:36:58,833 ====> Recall@10: 0.7777
2019-12-23 20:36:58,833 ====> Recall@15: 0.7893
2019-12-23 20:36:58,833 ====> Recall@20: 0.7977
2019-12-23 20:36:58,833 ====> Recall@25: 0.8096
2019-12-23 20:36:59,208 ====> Building Cache
2019-12-23 20:36:59,208 h5feat cache at: /home/annora/NetVLAD/output/train_feat_cache.hdf5
2019-12-23 20:39:09,825 Allocated:759.3935546875 MB
2019-12-23 20:39:09,826 Cached:7798.75 MB
2019-12-23 20:39:45,944 ==> Task[1]Epoch[13](100/830): Loss: 0.0000
2019-12-23 20:39:45,945 Allocated:867.51904296875 MB
2019-12-23 20:39:45,946 Cached:2098.25 MB
2019-12-23 20:39:57,458 ==> Task[1]Epoch[13](150/830): Loss: 0.0029
2019-12-23 20:39:57,461 Allocated:869.39404296875 MB
2019-12-23 20:39:57,461 Cached:2180.375 MB
2019-12-23 20:40:10,490 ==> Task[1]Epoch[13](200/830): Loss: 0.0513
2019-12-23 20:40:10,492 Allocated:868.64404296875 MB
2019-12-23 20:40:10,492 Cached:3315.0 MB
2019-12-23 20:42:35,964 ==> Task[1]Epoch[13](800/830): Loss: 0.0020
2019-12-23 20:42:35,966 Allocated:868.76904296875 MB
2019-12-23 20:42:35,966 Cached:2149.875 MB
2019-12-23 20:42:44,566 ===> Task 1 Epoch 13 Complete: Avg. Loss: 0.0229
2019-12-23 20:42:44,567 begin test:
2019-12-23 20:42:44,567 ====> Extracting Features
2019-12-23 20:43:12,007 ==> Batch (50/216)
2019-12-23 20:43:32,329 ==> Batch (100/216)
2019-12-23 20:43:52,721 ==> Batch (150/216)
2019-12-23 20:44:12,405 ==> Batch (200/216)
2019-12-23 20:44:18,825 ====> Building faiss index
2019-12-23 20:44:18,835 ====> Calculating recall @ N
2019-12-23 20:44:19,240 ====> Recall@1: 0.7365
2019-12-23 20:44:19,241 ====> Recall@2: 0.7487
2019-12-23 20:44:19,242 ====> Recall@3: 0.7559
2019-12-23 20:44:19,242 ====> Recall@4: 0.7617
2019-12-23 20:44:19,242 ====> Recall@5: 0.7667
2019-12-23 20:44:19,242 ====> Recall@10: 0.7777
2019-12-23 20:44:19,243 ====> Recall@15: 0.7878
2019-12-23 20:44:19,243 ====> Recall@20: 0.7959
2019-12-23 20:44:19,243 ====> Recall@25: 0.8087
2019-12-23 20:44:19,616 ====> Building Cache
2019-12-23 20:44:19,617 h5feat cache at: /home/annora/NetVLAD/output/train_feat_cache.hdf5
2019-12-23 20:46:25,621 Allocated:760.2685546875 MB
2019-12-23 20:46:25,622 Cached:7931.5 MB
2019-12-23 20:46:59,792 ==> Task[1]Epoch[14](100/830): Loss: 0.0020
2019-12-23 20:46:59,795 Allocated:869.14404296875 MB
2019-12-23 20:46:59,795 Cached:1735.625 MB
2019-12-23 20:47:22,936 ==> Task[1]Epoch[14](200/830): Loss: 0.0592
2019-12-23 20:47:22,938 Allocated:870.76904296875 MB
2019-12-23 20:47:22,938 Cached:2223.125 MB
2019-12-23 20:49:42,090 ==> Task[1]Epoch[14](800/830): Loss: 0.0142
2019-12-23 20:49:42,092 Allocated:869.76904296875 MB
2019-12-23 20:49:42,093 Cached:1911.375 MB
2019-12-23 20:49:50,779 ===> Task 1 Epoch 14 Complete: Avg. Loss: 0.0222
2019-12-23 20:49:50,780 begin test:
2019-12-23 20:49:50,781 ====> Extracting Features
2019-12-23 20:50:16,685 ==> Batch (50/216)
2019-12-23 20:50:36,292 ==> Batch (100/216)
2019-12-23 20:50:55,918 ==> Batch (150/216)
2019-12-23 20:51:15,603 ==> Batch (200/216)
2019-12-23 20:51:21,997 ====> Building faiss index
2019-12-23 20:51:22,006 ====> Calculating recall @ N
2019-12-23 20:51:22,464 ====> Recall@1: 0.7371
2019-12-23 20:51:22,465 ====> Recall@2: 0.7481
2019-12-23 20:51:22,465 ====> Recall@3: 0.7551
2019-12-23 20:51:22,465 ====> Recall@4: 0.7597
2019-12-23 20:51:22,465 ====> Recall@5: 0.7641
2019-12-23 20:51:22,466 ====> Recall@10: 0.7739
2019-12-23 20:51:22,466 ====> Recall@15: 0.7817
2019-12-23 20:51:22,466 ====> Recall@20: 0.7910
2019-12-23 20:51:22,466 ====> Recall@25: 0.8000
2019-12-23 20:51:22,861 ====> Building Cache
2019-12-23 20:51:22,862 h5feat cache at: /home/annora/NetVLAD/output/train_feat_cache.hdf5
2019-12-23 20:53:29,765 Allocated:760.3935546875 MB
2019-12-23 20:53:29,766 Cached:7547.875 MB
2019-12-23 20:54:27,498 ==> Task[1]Epoch[15](200/830): Loss: 0.0517
2019-12-23 20:54:27,500 Allocated:871.76904296875 MB
2019-12-23 20:54:27,500 Cached:2541.125 MB
2019-12-23 20:57:00,354 ===> Task 1 Epoch 15 Complete: Avg. Loss: 0.0213
2019-12-23 20:57:00,356 begin test:
2019-12-23 20:57:00,357 ====> Extracting Features
2019-12-23 20:57:29,010 ==> Batch (50/216)
2019-12-23 20:57:51,088 ==> Batch (100/216)
2019-12-23 20:58:12,753 ==> Batch (150/216)
2019-12-23 20:58:33,180 ==> Batch (200/216)
2019-12-23 20:58:39,881 ====> Building faiss index
2019-12-23 20:58:39,890 ====> Calculating recall @ N
2019-12-23 20:58:40,327 ====> Recall@1: 0.7368
2019-12-23 20:58:40,327 ====> Recall@2: 0.7481
2019-12-23 20:58:40,328 ====> Recall@3: 0.7539
2019-12-23 20:58:40,328 ====> Recall@4: 0.7609
2019-12-23 20:58:40,328 ====> Recall@5: 0.7652
2019-12-23 20:58:40,328 ====> Recall@10: 0.7754
2019-12-23 20:58:40,329 ====> Recall@15: 0.7829
2019-12-23 20:58:40,329 ====> Recall@20: 0.7907
2019-12-23 20:58:40,329 ====> Recall@25: 0.8032
2019-12-23 20:58:40,714 ====> Building Cache
2019-12-23 20:58:40,715 h5feat cache at: /home/annora/NetVLAD/output/train_feat_cache.hdf5
2019-12-23 21:00:50,458 Allocated:761.5185546875 MB
2019-12-23 21:00:50,459 Cached:7674.5 MB
2019-12-23 21:01:46,692 ==> Task[1]Epoch[16](200/830): Loss: 0.0506
2019-12-23 21:01:46,693 Allocated:872.26904296875 MB
2019-12-23 21:01:46,694 Cached:3061.5 MB
2019-12-23 21:04:06,202 ==> Task[1]Epoch[16](800/830): Loss: 0.0117
2019-12-23 21:04:06,205 Allocated:870.14404296875 MB
2019-12-23 21:04:06,206 Cached:1656.0 MB
2019-12-23 21:04:14,463 ===> Task 1 Epoch 16 Complete: Avg. Loss: 0.0215
2019-12-23 21:04:14,465 begin test:
2019-12-23 21:04:14,465 ====> Extracting Features
2019-12-23 21:04:40,533 ==> Batch (50/216)
2019-12-23 21:05:00,173 ==> Batch (100/216)
2019-12-23 21:05:19,791 ==> Batch (150/216)
2019-12-23 21:05:39,502 ==> Batch (200/216)
2019-12-23 21:05:45,942 ====> Building faiss index
2019-12-23 21:05:45,952 ====> Calculating recall @ N
2019-12-23 21:05:46,391 ====> Recall@1: 0.7368
2019-12-23 21:05:46,391 ====> Recall@2: 0.7478
2019-12-23 21:05:46,392 ====> Recall@3: 0.7548
2019-12-23 21:05:46,392 ====> Recall@4: 0.7603
2019-12-23 21:05:46,392 ====> Recall@5: 0.7649
2019-12-23 21:05:46,392 ====> Recall@10: 0.7745
2019-12-23 21:05:46,392 ====> Recall@15: 0.7826
2019-12-23 21:05:46,393 ====> Recall@20: 0.7893
2019-12-23 21:05:46,393 ====> Recall@25: 0.7988
2019-12-23 21:05:46,765 Performance did not improve for 10 epochs. Stopping.
2019-12-23 21:05:46,765 => Best Recall@5: 0.7907
