2020-01-08 21:55:54,275 Namespace(arch='alexnet', batchSize=12, cacheBatchSize=96, cachePath='/home/annora/NetVLAD/output/', cacheRefreshRate=3000, ckpt='best', contilearn=False, dataPath='/home/annora/NetVLAD/output/data/', dataset='robotcar', evalEvery=1, fromscratch=False, fromtask='/home/annora/NetVLAD/output/runs/2020-01-08-13-45-34_alexnet_netvlad', lr=0.0001, lrGamma=0.5, lrStep=5, margin=0.1, mode='train', momentum=0.9, nEpochs=30, nGPU=1, nocuda=False, num_clusters=64, optim='SGD', patience=10, pooling='netvlad', premodel='imagenet', resume='', runsPath='/home/annora/NetVLAD/output/runs/', savePath='checkpoints', seed=123, split='val', start_epoch=0, threads=8, vladv2=False, weightDecay=0.001)
2020-01-08 21:55:54,307 ===> Loading dataset(s)
2020-01-08 21:55:56,886 ====> Training query set: 6404
2020-01-08 21:55:56,981 ===> Evaluating on val set, query count: 3450
2020-01-08 21:55:56,981 ===> Building model
2020-01-08 21:55:57,030 encoder moder:
AlexNet(
  (conv1): Sequential(
    (0): Conv2d(3, 64, kernel_size=(11, 11), stride=(4, 4), padding=(2, 2))
    (1): ReLU(inplace)
    (2): MaxPool2d(kernel_size=3, stride=2, padding=0, dilation=1, ceil_mode=False)
  )
  (conv2): Sequential(
    (0): Conv2d(64, 192, kernel_size=(5, 5), stride=(1, 1), padding=(2, 2))
    (1): ReLU(inplace)
    (2): MaxPool2d(kernel_size=3, stride=2, padding=0, dilation=1, ceil_mode=False)
  )
  (conv3): Sequential(
    (0): Conv2d(192, 384, kernel_size=(3, 3), stride=(1, 1), padding=(1, 1))
    (1): ReLU(inplace)
  )
  (conv4): Sequential(
    (0): Conv2d(384, 256, kernel_size=(3, 3), stride=(1, 1), padding=(1, 1))
    (1): ReLU(inplace)
  )
  (conv5): Sequential(
    (0): Conv2d(256, 256, kernel_size=(3, 3), stride=(1, 1), padding=(1, 1))
  )
)
2020-01-08 21:56:01,277 => loading checkpoint '/home/annora/NetVLAD/output/runs/2020-01-08-13-45-34_alexnet_netvlad/checkpoints/model_best.pth.tar'
2020-01-08 21:56:01,295 => loaded checkpoint '/home/annora/NetVLAD/output/runs/2020-01-08-13-45-34_alexnet_netvlad/checkpoints/model_best.pth.tar' 
2020-01-08 21:56:01,295 ===> Training model
2020-01-08 21:56:01,297 ===> Saving state to: /home/annora/NetVLAD/output/runs/2020-01-08-21-56-01_alexnet_netvlad
2020-01-08 21:56:01,297 ====> Building Cache
2020-01-08 21:56:01,297 feature cache--->>> /home/annora/NetVLAD/output/train_feat_cache.hdf5
2020-01-08 21:57:29,022 Allocated:11.71826171875 MB
2020-01-08 21:57:29,022 Cached:2776.125 MB
2020-01-08 21:59:39,215 ==> Epoch[1](50/534): Loss: 0.0898
2020-01-08 21:59:39,218 Allocated:34.65576171875 MB
2020-01-08 21:59:39,219 Cached:9073.0 MB
2020-01-08 22:01:12,076 ==> Epoch[1](100/534): Loss: 0.1224
2020-01-08 22:01:12,079 Allocated:34.65576171875 MB
2020-01-08 22:01:12,079 Cached:9073.0 MB
2020-01-08 22:02:43,616 ==> Epoch[1](150/534): Loss: 0.1341
2020-01-08 22:02:43,618 Allocated:34.65576171875 MB
2020-01-08 22:02:43,618 Cached:9073.0 MB
2020-01-08 22:03:38,246 ====> Building Cache
2020-01-08 22:03:38,247 feature cache--->>> /home/annora/NetVLAD/output/train_feat_cache.hdf5
2020-01-08 22:05:11,342 Allocated:34.6552734375 MB
2020-01-08 22:05:11,343 Cached:2813.0 MB
2020-01-08 22:06:33,260 ==> Epoch[1](200/534): Loss: 0.1340
2020-01-08 22:06:33,262 Allocated:34.65576171875 MB
2020-01-08 22:06:33,262 Cached:6704.0 MB
2020-01-08 22:08:04,030 ==> Epoch[1](250/534): Loss: 0.1731
2020-01-08 22:08:04,032 Allocated:34.65576171875 MB
2020-01-08 22:08:04,033 Cached:6704.0 MB
2020-01-08 22:09:40,568 ==> Epoch[1](300/534): Loss: 0.1540
2020-01-08 22:09:40,570 Allocated:34.65576171875 MB
2020-01-08 22:09:40,570 Cached:6704.0 MB
2020-01-08 22:11:07,649 ==> Epoch[1](350/534): Loss: 0.1240
2020-01-08 22:11:07,651 Allocated:34.65576171875 MB
2020-01-08 22:11:07,652 Cached:6704.0 MB
2020-01-08 22:11:21,955 ====> Building Cache
2020-01-08 22:11:21,956 feature cache--->>> /home/annora/NetVLAD/output/train_feat_cache.hdf5
2020-01-08 22:13:00,471 Allocated:34.6552734375 MB
2020-01-08 22:13:00,471 Cached:2814.0 MB
2020-01-08 22:14:55,936 ==> Epoch[1](400/534): Loss: 0.1040
2020-01-08 22:14:55,939 Allocated:34.65576171875 MB
2020-01-08 22:14:55,939 Cached:10100.25 MB
2020-01-08 22:16:19,829 ==> Epoch[1](450/534): Loss: 0.0996
2020-01-08 22:16:19,832 Allocated:34.65576171875 MB
2020-01-08 22:16:19,832 Cached:6667.125 MB
2020-01-08 22:17:46,769 ==> Epoch[1](500/534): Loss: 0.0839
2020-01-08 22:17:46,772 Allocated:34.65576171875 MB
2020-01-08 22:17:46,772 Cached:6667.125 MB
2020-01-08 22:18:45,482 ===> Epoch 1 Complete: Avg. Loss: 0.1315
2020-01-08 22:18:45,484 ====> Extracting Features
2020-01-08 22:19:21,118 ==> Batch (50/108)
2020-01-08 22:19:45,058 ==> Batch (100/108)
2020-01-08 22:19:49,954 ====> Building faiss index
2020-01-08 22:19:50,312 ====> Calculating recall @ N
2020-01-08 22:19:52,733 ====> Recall@1: 0.7452
2020-01-08 22:19:52,733 ====> Recall@2: 0.7626
2020-01-08 22:19:52,734 ====> Recall@3: 0.7762
2020-01-08 22:19:52,734 ====> Recall@4: 0.7841
2020-01-08 22:19:52,734 ====> Recall@5: 0.7899
2020-01-08 22:19:52,734 ====> Recall@10: 0.8055
2020-01-08 22:19:52,735 ====> Recall@15: 0.8142
2020-01-08 22:19:52,735 ====> Recall@20: 0.8194
2020-01-08 22:19:52,735 ====> Recall@25: 0.8226
2020-01-08 22:19:52,842 ====> Building Cache
2020-01-08 22:19:52,842 feature cache--->>> /home/annora/NetVLAD/output/train_feat_cache.hdf5
2020-01-08 22:21:25,662 Allocated:32.65576171875 MB
2020-01-08 22:21:25,662 Cached:4170.875 MB
2020-01-08 22:23:34,561 ==> Epoch[2](50/534): Loss: 0.1389
2020-01-08 22:23:34,564 Allocated:34.65576171875 MB
2020-01-08 22:23:34,564 Cached:9349.75 MB
2020-01-08 22:25:00,257 ==> Epoch[2](100/534): Loss: 0.1641
2020-01-08 22:25:00,260 Allocated:34.65576171875 MB
2020-01-08 22:25:00,260 Cached:9349.75 MB
2020-01-08 22:26:27,585 ==> Epoch[2](150/534): Loss: 0.1303
2020-01-08 22:26:27,587 Allocated:34.65576171875 MB
2020-01-08 22:26:27,587 Cached:9349.75 MB
2020-01-08 22:27:25,255 ====> Building Cache
2020-01-08 22:27:25,256 feature cache--->>> /home/annora/NetVLAD/output/train_feat_cache.hdf5
2020-01-08 22:28:59,707 Allocated:34.6552734375 MB
2020-01-08 22:28:59,707 Cached:2814.0 MB
2020-01-08 22:30:15,851 ==> Epoch[2](200/534): Loss: 0.1962
2020-01-08 22:30:15,853 Allocated:34.65576171875 MB
2020-01-08 22:30:15,854 Cached:7937.75 MB
2020-01-08 22:32:05,586 ==> Epoch[2](250/534): Loss: 0.1497
2020-01-08 22:32:05,587 Allocated:34.65576171875 MB
2020-01-08 22:32:05,588 Cached:7937.75 MB
2020-01-08 22:33:43,181 ==> Epoch[2](300/534): Loss: 0.1352
2020-01-08 22:33:43,184 Allocated:34.65576171875 MB
2020-01-08 22:33:43,184 Cached:7937.75 MB
2020-01-08 22:35:10,422 ==> Epoch[2](350/534): Loss: 0.1592
2020-01-08 22:35:10,423 Allocated:34.65576171875 MB
2020-01-08 22:35:10,424 Cached:7937.75 MB
2020-01-08 22:35:23,371 ====> Building Cache
2020-01-08 22:35:23,372 feature cache--->>> /home/annora/NetVLAD/output/train_feat_cache.hdf5
2020-01-08 22:37:01,446 Allocated:34.6552734375 MB
2020-01-08 22:37:01,446 Cached:2814.0 MB
2020-01-08 22:39:15,031 ==> Epoch[2](400/534): Loss: 0.1105
2020-01-08 22:39:15,034 Allocated:34.65576171875 MB
2020-01-08 22:39:15,034 Cached:10155.5 MB
2020-01-08 22:40:45,114 ==> Epoch[2](450/534): Loss: 0.0779
2020-01-08 22:40:45,121 Allocated:34.65576171875 MB
2020-01-08 22:40:45,121 Cached:10155.5 MB
2020-01-08 22:42:05,105 ==> Epoch[2](500/534): Loss: 0.1080
2020-01-08 22:42:05,107 Allocated:34.65576171875 MB
2020-01-08 22:42:05,107 Cached:3529.625 MB
2020-01-08 22:43:08,901 ===> Epoch 2 Complete: Avg. Loss: 0.1187
2020-01-08 22:43:08,903 ====> Extracting Features
2020-01-08 22:43:50,541 ==> Batch (50/108)
2020-01-08 22:44:18,853 ==> Batch (100/108)
2020-01-08 22:44:24,588 ====> Building faiss index
2020-01-08 22:44:25,095 ====> Calculating recall @ N
2020-01-08 22:44:27,368 ====> Recall@1: 0.7438
2020-01-08 22:44:27,369 ====> Recall@2: 0.7678
2020-01-08 22:44:27,370 ====> Recall@3: 0.7771
2020-01-08 22:44:27,371 ====> Recall@4: 0.7843
2020-01-08 22:44:27,371 ====> Recall@5: 0.7919
2020-01-08 22:44:27,371 ====> Recall@10: 0.8055
2020-01-08 22:44:27,372 ====> Recall@15: 0.8139
2020-01-08 22:44:27,372 ====> Recall@20: 0.8174
2020-01-08 22:44:27,372 ====> Recall@25: 0.8212
2020-01-08 22:44:27,580 ====> Building Cache
2020-01-08 22:44:27,581 feature cache--->>> /home/annora/NetVLAD/output/train_feat_cache.hdf5
2020-01-08 22:46:00,016 Allocated:32.65576171875 MB
2020-01-08 22:46:00,017 Cached:4170.875 MB
2020-01-08 22:48:05,835 ==> Epoch[3](50/534): Loss: 0.1593
2020-01-08 22:48:05,837 Allocated:34.65576171875 MB
2020-01-08 22:48:05,837 Cached:4489.0 MB
2020-01-08 22:49:29,860 ==> Epoch[3](100/534): Loss: 0.0737
2020-01-08 22:49:29,862 Allocated:34.65576171875 MB
2020-01-08 22:49:29,863 Cached:4489.0 MB
2020-01-08 22:51:00,305 ==> Epoch[3](150/534): Loss: 0.1195
2020-01-08 22:51:00,307 Allocated:34.65576171875 MB
2020-01-08 22:51:00,307 Cached:4489.0 MB
2020-01-08 22:51:48,476 ====> Building Cache
2020-01-08 22:51:48,477 feature cache--->>> /home/annora/NetVLAD/output/train_feat_cache.hdf5
2020-01-08 22:53:20,626 Allocated:34.6552734375 MB
2020-01-08 22:53:20,626 Cached:2814.0 MB
2020-01-08 22:54:37,315 ==> Epoch[3](200/534): Loss: 0.1470
2020-01-08 22:54:37,318 Allocated:34.65576171875 MB
2020-01-08 22:54:37,319 Cached:4360.375 MB
2020-01-08 22:56:08,817 ==> Epoch[3](250/534): Loss: 0.2049
2020-01-08 22:56:08,819 Allocated:34.65576171875 MB
2020-01-08 22:56:08,820 Cached:4361.375 MB
2020-01-08 22:57:47,202 ==> Epoch[3](300/534): Loss: 0.1632
2020-01-08 22:57:47,204 Allocated:34.65576171875 MB
2020-01-08 22:57:47,204 Cached:4361.375 MB
2020-01-08 22:59:16,102 ==> Epoch[3](350/534): Loss: 0.1691
2020-01-08 22:59:16,104 Allocated:34.65576171875 MB
2020-01-08 22:59:16,105 Cached:4361.375 MB
2020-01-08 22:59:22,633 ====> Building Cache
2020-01-08 22:59:22,635 feature cache--->>> /home/annora/NetVLAD/output/train_feat_cache.hdf5
2020-01-08 23:00:55,066 Allocated:34.6552734375 MB
2020-01-08 23:00:55,067 Cached:2814.0 MB
2020-01-08 23:02:49,661 ==> Epoch[3](400/534): Loss: 0.0782
2020-01-08 23:02:49,665 Allocated:34.65576171875 MB
2020-01-08 23:02:49,666 Cached:7719.5 MB
2020-01-08 23:04:11,842 ==> Epoch[3](450/534): Loss: 0.1048
2020-01-08 23:04:11,845 Allocated:34.65576171875 MB
2020-01-08 23:04:11,845 Cached:4230.0 MB
2020-01-08 23:05:32,929 ==> Epoch[3](500/534): Loss: 0.0939
2020-01-08 23:05:32,932 Allocated:34.65576171875 MB
2020-01-08 23:05:32,932 Cached:4231.0 MB
2020-01-08 23:06:32,892 ===> Epoch 3 Complete: Avg. Loss: 0.1087
2020-01-08 23:06:32,894 ====> Extracting Features
2020-01-08 23:07:11,473 ==> Batch (50/108)
2020-01-08 23:07:36,642 ==> Batch (100/108)
2020-01-08 23:07:42,114 ====> Building faiss index
2020-01-08 23:07:42,477 ====> Calculating recall @ N
2020-01-08 23:07:44,859 ====> Recall@1: 0.7446
2020-01-08 23:07:44,860 ====> Recall@2: 0.7658
2020-01-08 23:07:44,860 ====> Recall@3: 0.7783
2020-01-08 23:07:44,861 ====> Recall@4: 0.7846
2020-01-08 23:07:44,861 ====> Recall@5: 0.7899
2020-01-08 23:07:44,861 ====> Recall@10: 0.8029
2020-01-08 23:07:44,861 ====> Recall@15: 0.8099
2020-01-08 23:07:44,861 ====> Recall@20: 0.8133
2020-01-08 23:07:44,862 ====> Recall@25: 0.8191
2020-01-08 23:07:44,986 ====> Building Cache
2020-01-08 23:07:44,986 feature cache--->>> /home/annora/NetVLAD/output/train_feat_cache.hdf5
2020-01-08 23:09:20,708 Allocated:32.65576171875 MB
2020-01-08 23:09:20,709 Cached:4170.875 MB
2020-01-08 23:11:23,270 ==> Epoch[4](50/534): Loss: 0.0915
2020-01-08 23:11:23,273 Allocated:34.65576171875 MB
2020-01-08 23:11:23,273 Cached:7909.5 MB
2020-01-08 23:12:45,264 ==> Epoch[4](100/534): Loss: 0.0986
2020-01-08 23:12:45,267 Allocated:34.65576171875 MB
2020-01-08 23:12:45,267 Cached:7909.5 MB
2020-01-08 23:14:06,503 ==> Epoch[4](150/534): Loss: 0.0893
2020-01-08 23:14:06,506 Allocated:34.65576171875 MB
2020-01-08 23:14:06,506 Cached:9173.0 MB
2020-01-08 23:14:57,139 ====> Building Cache
2020-01-08 23:14:57,140 feature cache--->>> /home/annora/NetVLAD/output/train_feat_cache.hdf5
2020-01-08 23:16:29,451 Allocated:34.6552734375 MB
2020-01-08 23:16:29,452 Cached:2814.0 MB
2020-01-08 23:17:48,808 ==> Epoch[4](200/534): Loss: 0.1208
2020-01-08 23:17:48,811 Allocated:34.65576171875 MB
2020-01-08 23:17:48,811 Cached:9206.625 MB
2020-01-08 23:19:15,123 ==> Epoch[4](250/534): Loss: 0.1429
2020-01-08 23:19:15,126 Allocated:34.65576171875 MB
2020-01-08 23:19:15,126 Cached:9206.625 MB
2020-01-08 23:20:54,550 ==> Epoch[4](300/534): Loss: 0.1229
2020-01-08 23:20:54,553 Allocated:34.65576171875 MB
2020-01-08 23:20:54,553 Cached:9206.625 MB
2020-01-08 23:22:24,509 ==> Epoch[4](350/534): Loss: 0.1350
2020-01-08 23:22:24,511 Allocated:34.65576171875 MB
2020-01-08 23:22:24,514 Cached:9206.625 MB
2020-01-08 23:22:34,713 ====> Building Cache
2020-01-08 23:22:34,714 feature cache--->>> /home/annora/NetVLAD/output/train_feat_cache.hdf5
2020-01-08 23:24:05,779 Allocated:34.6552734375 MB
2020-01-08 23:24:05,780 Cached:2814.0 MB
2020-01-08 23:25:59,047 ==> Epoch[4](400/534): Loss: 0.1026
2020-01-08 23:25:59,049 Allocated:34.65576171875 MB
2020-01-08 23:25:59,050 Cached:7615.25 MB
2020-01-08 23:27:22,456 ==> Epoch[4](450/534): Loss: 0.0654
2020-01-08 23:27:22,458 Allocated:34.65576171875 MB
2020-01-08 23:27:22,458 Cached:7615.25 MB
2020-01-08 23:28:39,002 ==> Epoch[4](500/534): Loss: 0.0949
2020-01-08 23:28:39,004 Allocated:34.65576171875 MB
2020-01-08 23:28:39,004 Cached:7615.25 MB
2020-01-08 23:29:37,697 ===> Epoch 4 Complete: Avg. Loss: 0.1019
2020-01-08 23:29:37,700 ====> Extracting Features
2020-01-08 23:30:16,207 ==> Batch (50/108)
2020-01-08 23:30:40,364 ==> Batch (100/108)
2020-01-08 23:30:45,056 ====> Building faiss index
2020-01-08 23:30:45,421 ====> Calculating recall @ N
2020-01-08 23:30:47,610 ====> Recall@1: 0.7443
2020-01-08 23:30:47,611 ====> Recall@2: 0.7635
2020-01-08 23:30:47,611 ====> Recall@3: 0.7768
2020-01-08 23:30:47,612 ====> Recall@4: 0.7849
2020-01-08 23:30:47,612 ====> Recall@5: 0.7907
2020-01-08 23:30:47,612 ====> Recall@10: 0.8023
2020-01-08 23:30:47,612 ====> Recall@15: 0.8081
2020-01-08 23:30:47,613 ====> Recall@20: 0.8128
2020-01-08 23:30:47,613 ====> Recall@25: 0.8165
2020-01-08 23:30:47,778 ====> Building Cache
2020-01-08 23:30:47,778 feature cache--->>> /home/annora/NetVLAD/output/train_feat_cache.hdf5
2020-01-08 23:32:20,090 Allocated:32.65576171875 MB
2020-01-08 23:32:20,091 Cached:4170.875 MB
2020-01-08 23:34:23,562 ==> Epoch[5](50/534): Loss: 0.1019
2020-01-08 23:34:23,566 Allocated:34.65576171875 MB
2020-01-08 23:34:23,566 Cached:8926.625 MB
2020-01-08 23:35:49,125 ==> Epoch[5](100/534): Loss: 0.0691
2020-01-08 23:35:49,127 Allocated:34.65576171875 MB
2020-01-08 23:35:49,127 Cached:5616.0 MB
2020-01-08 23:37:07,725 ==> Epoch[5](150/534): Loss: 0.0614
2020-01-08 23:37:07,728 Allocated:34.65576171875 MB
2020-01-08 23:37:07,728 Cached:5616.0 MB
2020-01-08 23:37:51,659 ====> Building Cache
2020-01-08 23:37:51,660 feature cache--->>> /home/annora/NetVLAD/output/train_feat_cache.hdf5
2020-01-08 23:39:28,971 Allocated:34.6552734375 MB
2020-01-08 23:39:28,972 Cached:2814.0 MB
2020-01-08 23:40:42,774 ==> Epoch[5](200/534): Loss: 0.1435
2020-01-08 23:40:42,777 Allocated:34.65576171875 MB
2020-01-08 23:40:42,777 Cached:3532.625 MB
2020-01-08 23:42:06,053 ==> Epoch[5](250/534): Loss: 0.1725
2020-01-08 23:42:06,055 Allocated:34.65576171875 MB
2020-01-08 23:42:06,055 Cached:3532.625 MB
2020-01-08 23:43:41,345 ==> Epoch[5](300/534): Loss: 0.0717
2020-01-08 23:43:41,348 Allocated:34.65576171875 MB
2020-01-08 23:43:41,348 Cached:3532.625 MB
2020-01-08 23:45:09,455 ==> Epoch[5](350/534): Loss: 0.0610
2020-01-08 23:45:09,458 Allocated:34.65576171875 MB
2020-01-08 23:45:09,458 Cached:3532.625 MB
2020-01-08 23:45:20,410 ====> Building Cache
2020-01-08 23:45:20,411 feature cache--->>> /home/annora/NetVLAD/output/train_feat_cache.hdf5
2020-01-08 23:46:49,178 Allocated:34.6552734375 MB
2020-01-08 23:46:49,179 Cached:2814.0 MB
2020-01-08 23:48:43,824 ==> Epoch[5](400/534): Loss: 0.0884
2020-01-08 23:48:43,827 Allocated:34.65576171875 MB
2020-01-08 23:48:43,827 Cached:7600.625 MB
2020-01-08 23:50:05,208 ==> Epoch[5](450/534): Loss: 0.0624
2020-01-08 23:50:05,210 Allocated:34.65576171875 MB
2020-01-08 23:50:05,211 Cached:8861.875 MB
2020-01-08 23:51:32,959 ==> Epoch[5](500/534): Loss: 0.0711
2020-01-08 23:51:32,961 Allocated:34.65576171875 MB
2020-01-08 23:51:32,962 Cached:8861.875 MB
2020-01-08 23:52:32,816 ===> Epoch 5 Complete: Avg. Loss: 0.0992
2020-01-08 23:52:32,817 ====> Extracting Features
2020-01-08 23:53:11,104 ==> Batch (50/108)
2020-01-08 23:53:35,805 ==> Batch (100/108)
2020-01-08 23:53:40,063 ====> Building faiss index
2020-01-08 23:53:40,420 ====> Calculating recall @ N
2020-01-08 23:53:42,560 ====> Recall@1: 0.7423
2020-01-08 23:53:42,561 ====> Recall@2: 0.7641
2020-01-08 23:53:42,561 ====> Recall@3: 0.7768
2020-01-08 23:53:42,561 ====> Recall@4: 0.7843
2020-01-08 23:53:42,561 ====> Recall@5: 0.7881
2020-01-08 23:53:42,562 ====> Recall@10: 0.8023
2020-01-08 23:53:42,562 ====> Recall@15: 0.8072
2020-01-08 23:53:42,562 ====> Recall@20: 0.8110
2020-01-08 23:53:42,562 ====> Recall@25: 0.8148
2020-01-08 23:53:42,687 ====> Building Cache
2020-01-08 23:53:42,687 feature cache--->>> /home/annora/NetVLAD/output/train_feat_cache.hdf5
2020-01-08 23:55:12,115 Allocated:32.65576171875 MB
2020-01-08 23:55:12,116 Cached:4170.875 MB
2020-01-08 23:57:12,788 ==> Epoch[6](50/534): Loss: 0.1340
2020-01-08 23:57:12,792 Allocated:34.65576171875 MB
2020-01-08 23:57:12,792 Cached:4738.0 MB
2020-01-08 23:58:37,221 ==> Epoch[6](100/534): Loss: 0.1039
2020-01-08 23:58:37,224 Allocated:34.65576171875 MB
2020-01-08 23:58:37,225 Cached:4738.0 MB
2020-01-09 00:00:01,228 ==> Epoch[6](150/534): Loss: 0.0868
2020-01-09 00:00:01,232 Allocated:34.65576171875 MB
2020-01-09 00:00:01,232 Cached:4739.0 MB
2020-01-09 00:00:46,505 ====> Building Cache
2020-01-09 00:00:46,506 feature cache--->>> /home/annora/NetVLAD/output/train_feat_cache.hdf5
2020-01-09 00:02:18,559 Allocated:34.6552734375 MB
2020-01-09 00:02:18,559 Cached:2814.0 MB
2020-01-09 00:03:40,370 ==> Epoch[6](200/534): Loss: 0.1128
2020-01-09 00:03:40,373 Allocated:34.65576171875 MB
2020-01-09 00:03:40,373 Cached:7944.125 MB
2020-01-09 00:05:01,604 ==> Epoch[6](250/534): Loss: 0.1007
2020-01-09 00:05:01,607 Allocated:34.65576171875 MB
2020-01-09 00:05:01,608 Cached:7944.125 MB
2020-01-09 00:06:36,150 ==> Epoch[6](300/534): Loss: 0.1494
2020-01-09 00:06:36,154 Allocated:34.65576171875 MB
2020-01-09 00:06:36,154 Cached:7944.125 MB
2020-01-09 00:07:57,701 ==> Epoch[6](350/534): Loss: 0.0960
2020-01-09 00:07:57,703 Allocated:34.65576171875 MB
2020-01-09 00:07:57,703 Cached:7944.125 MB
2020-01-09 00:08:09,411 ====> Building Cache
2020-01-09 00:08:09,412 feature cache--->>> /home/annora/NetVLAD/output/train_feat_cache.hdf5
2020-01-09 00:09:47,629 Allocated:34.6552734375 MB
2020-01-09 00:09:47,629 Cached:2814.0 MB
2020-01-09 00:11:32,854 ==> Epoch[6](400/534): Loss: 0.0920
2020-01-09 00:11:32,859 Allocated:34.65576171875 MB
2020-01-09 00:11:32,860 Cached:5225.375 MB
2020-01-09 00:12:46,133 ==> Epoch[6](450/534): Loss: 0.0712
2020-01-09 00:12:46,135 Allocated:34.65576171875 MB
2020-01-09 00:12:46,136 Cached:2238.375 MB
2020-01-09 00:14:00,245 ==> Epoch[6](500/534): Loss: 0.0558
2020-01-09 00:14:00,248 Allocated:34.65576171875 MB
2020-01-09 00:14:00,248 Cached:6319.25 MB
2020-01-09 00:14:59,162 ===> Epoch 6 Complete: Avg. Loss: 0.0959
2020-01-09 00:14:59,164 ====> Extracting Features
2020-01-09 00:15:43,199 ==> Batch (50/108)
2020-01-09 00:16:07,059 ==> Batch (100/108)
2020-01-09 00:16:12,731 ====> Building faiss index
2020-01-09 00:16:13,158 ====> Calculating recall @ N
2020-01-09 00:16:15,326 ====> Recall@1: 0.7426
2020-01-09 00:16:15,327 ====> Recall@2: 0.7629
2020-01-09 00:16:15,328 ====> Recall@3: 0.7751
2020-01-09 00:16:15,328 ====> Recall@4: 0.7826
2020-01-09 00:16:15,328 ====> Recall@5: 0.7867
2020-01-09 00:16:15,328 ====> Recall@10: 0.8009
2020-01-09 00:16:15,329 ====> Recall@15: 0.8061
2020-01-09 00:16:15,329 ====> Recall@20: 0.8096
2020-01-09 00:16:15,329 ====> Recall@25: 0.8151
2020-01-09 00:16:15,468 ====> Building Cache
2020-01-09 00:16:15,469 feature cache--->>> /home/annora/NetVLAD/output/train_feat_cache.hdf5
2020-01-09 00:17:46,176 Allocated:32.65576171875 MB
2020-01-09 00:17:46,177 Cached:4170.875 MB
2020-01-09 00:19:47,986 ==> Epoch[7](50/534): Loss: 0.0928
2020-01-09 00:19:47,989 Allocated:34.65576171875 MB
2020-01-09 00:19:47,990 Cached:5412.25 MB
2020-01-09 00:21:14,966 ==> Epoch[7](100/534): Loss: 0.1078
2020-01-09 00:21:14,969 Allocated:34.65576171875 MB
2020-01-09 00:21:14,970 Cached:7906.375 MB
2020-01-09 00:22:37,715 ==> Epoch[7](150/534): Loss: 0.0745
2020-01-09 00:22:37,719 Allocated:34.65576171875 MB
2020-01-09 00:22:37,720 Cached:7906.375 MB
2020-01-09 00:23:26,661 ====> Building Cache
2020-01-09 00:23:26,662 feature cache--->>> /home/annora/NetVLAD/output/train_feat_cache.hdf5
2020-01-09 00:24:56,408 Allocated:34.6552734375 MB
2020-01-09 00:24:56,408 Cached:2814.0 MB
2020-01-09 00:26:09,054 ==> Epoch[7](200/534): Loss: 0.0949
2020-01-09 00:26:09,056 Allocated:34.65576171875 MB
2020-01-09 00:26:09,057 Cached:7897.75 MB
2020-01-09 00:27:35,129 ==> Epoch[7](250/534): Loss: 0.0904
2020-01-09 00:27:35,132 Allocated:34.65576171875 MB
2020-01-09 00:27:35,133 Cached:9205.125 MB
2020-01-09 00:29:01,673 ==> Epoch[7](300/534): Loss: 0.1557
2020-01-09 00:29:01,676 Allocated:34.65576171875 MB
2020-01-09 00:29:01,676 Cached:9205.125 MB
2020-01-09 00:30:28,648 ==> Epoch[7](350/534): Loss: 0.1331
2020-01-09 00:30:28,650 Allocated:34.65576171875 MB
2020-01-09 00:30:28,650 Cached:9205.125 MB
2020-01-09 00:30:37,835 ====> Building Cache
2020-01-09 00:30:37,836 feature cache--->>> /home/annora/NetVLAD/output/train_feat_cache.hdf5
2020-01-09 00:32:10,346 Allocated:34.6552734375 MB
2020-01-09 00:32:10,347 Cached:2814.0 MB
2020-01-09 00:34:06,206 ==> Epoch[7](400/534): Loss: 0.0724
2020-01-09 00:34:06,210 Allocated:34.65576171875 MB
2020-01-09 00:34:06,210 Cached:6176.625 MB
2020-01-09 00:35:26,961 ==> Epoch[7](450/534): Loss: 0.0708
2020-01-09 00:35:26,963 Allocated:34.65576171875 MB
2020-01-09 00:35:26,963 Cached:7418.75 MB
2020-01-09 00:36:45,192 ==> Epoch[7](500/534): Loss: 0.0729
2020-01-09 00:36:45,194 Allocated:34.65576171875 MB
2020-01-09 00:36:45,194 Cached:7418.75 MB
2020-01-09 00:37:40,243 ===> Epoch 7 Complete: Avg. Loss: 0.0936
2020-01-09 00:37:40,245 ====> Extracting Features
2020-01-09 00:38:15,250 ==> Batch (50/108)
2020-01-09 00:38:41,741 ==> Batch (100/108)
2020-01-09 00:38:46,470 ====> Building faiss index
2020-01-09 00:38:46,839 ====> Calculating recall @ N
2020-01-09 00:38:49,199 ====> Recall@1: 0.7449
2020-01-09 00:38:49,200 ====> Recall@2: 0.7629
2020-01-09 00:38:49,200 ====> Recall@3: 0.7748
2020-01-09 00:38:49,201 ====> Recall@4: 0.7817
2020-01-09 00:38:49,201 ====> Recall@5: 0.7875
2020-01-09 00:38:49,201 ====> Recall@10: 0.8009
2020-01-09 00:38:49,201 ====> Recall@15: 0.8052
2020-01-09 00:38:49,201 ====> Recall@20: 0.8101
2020-01-09 00:38:49,202 ====> Recall@25: 0.8145
2020-01-09 00:38:49,339 ====> Building Cache
2020-01-09 00:38:49,340 feature cache--->>> /home/annora/NetVLAD/output/train_feat_cache.hdf5
2020-01-09 00:40:28,314 Allocated:32.65576171875 MB
2020-01-09 00:40:28,315 Cached:4170.875 MB
2020-01-09 00:42:28,491 ==> Epoch[8](50/534): Loss: 0.0790
2020-01-09 00:42:28,498 Allocated:34.65576171875 MB
2020-01-09 00:42:28,498 Cached:8925.5 MB
2020-01-09 00:43:49,371 ==> Epoch[8](100/534): Loss: 0.0869
2020-01-09 00:43:49,373 Allocated:34.65576171875 MB
2020-01-09 00:43:49,373 Cached:10166.625 MB
2020-01-09 00:45:08,047 ==> Epoch[8](150/534): Loss: 0.0797
2020-01-09 00:45:08,049 Allocated:34.65576171875 MB
2020-01-09 00:45:08,049 Cached:5591.125 MB
2020-01-09 00:45:59,803 ====> Building Cache
2020-01-09 00:45:59,804 feature cache--->>> /home/annora/NetVLAD/output/train_feat_cache.hdf5
2020-01-09 00:47:34,599 Allocated:34.6552734375 MB
2020-01-09 00:47:34,600 Cached:2814.0 MB
2020-01-09 00:48:44,794 ==> Epoch[8](200/534): Loss: 0.1151
2020-01-09 00:48:44,807 Allocated:34.65576171875 MB
2020-01-09 00:48:44,808 Cached:9197.125 MB
2020-01-09 00:50:02,030 ==> Epoch[8](250/534): Loss: 0.1103
2020-01-09 00:50:02,033 Allocated:34.65576171875 MB
2020-01-09 00:50:02,033 Cached:9197.125 MB
2020-01-09 00:51:30,680 ==> Epoch[8](300/534): Loss: 0.0969
2020-01-09 00:51:30,683 Allocated:34.65576171875 MB
2020-01-09 00:51:30,684 Cached:9197.125 MB
2020-01-09 00:52:55,577 ==> Epoch[8](350/534): Loss: 0.1249
2020-01-09 00:52:55,580 Allocated:34.65576171875 MB
2020-01-09 00:52:55,580 Cached:9197.125 MB
2020-01-09 00:53:06,012 ====> Building Cache
2020-01-09 00:53:06,012 feature cache--->>> /home/annora/NetVLAD/output/train_feat_cache.hdf5
2020-01-09 00:54:37,072 Allocated:34.6552734375 MB
2020-01-09 00:54:37,073 Cached:2814.0 MB
2020-01-09 00:56:30,123 ==> Epoch[8](400/534): Loss: 0.0972
2020-01-09 00:56:30,129 Allocated:34.65576171875 MB
2020-01-09 00:56:30,130 Cached:5238.125 MB
2020-01-09 00:57:50,785 ==> Epoch[8](450/534): Loss: 0.0664
2020-01-09 00:57:50,788 Allocated:34.65576171875 MB
2020-01-09 00:57:50,788 Cached:6488.875 MB
2020-01-09 00:59:09,829 ==> Epoch[8](500/534): Loss: 0.0450
2020-01-09 00:59:09,832 Allocated:34.65576171875 MB
2020-01-09 00:59:09,833 Cached:6488.875 MB
2020-01-09 01:00:06,961 ===> Epoch 8 Complete: Avg. Loss: 0.0909
2020-01-09 01:00:06,963 ====> Extracting Features
2020-01-09 01:00:45,834 ==> Batch (50/108)
2020-01-09 01:01:10,696 ==> Batch (100/108)
2020-01-09 01:01:14,544 ====> Building faiss index
2020-01-09 01:01:14,882 ====> Calculating recall @ N
2020-01-09 01:01:16,890 ====> Recall@1: 0.7461
2020-01-09 01:01:16,891 ====> Recall@2: 0.7626
2020-01-09 01:01:16,892 ====> Recall@3: 0.7754
2020-01-09 01:01:16,892 ====> Recall@4: 0.7823
2020-01-09 01:01:16,892 ====> Recall@5: 0.7870
2020-01-09 01:01:16,893 ====> Recall@10: 0.8006
2020-01-09 01:01:16,893 ====> Recall@15: 0.8046
2020-01-09 01:01:16,893 ====> Recall@20: 0.8087
2020-01-09 01:01:16,893 ====> Recall@25: 0.8136
2020-01-09 01:01:17,041 ====> Building Cache
2020-01-09 01:01:17,042 feature cache--->>> /home/annora/NetVLAD/output/train_feat_cache.hdf5
2020-01-09 01:02:49,098 Allocated:32.65576171875 MB
2020-01-09 01:02:49,099 Cached:4170.875 MB
2020-01-09 01:04:57,117 ==> Epoch[9](50/534): Loss: 0.0818
2020-01-09 01:04:57,120 Allocated:34.65576171875 MB
2020-01-09 01:04:57,120 Cached:4081.375 MB
2020-01-09 01:06:21,261 ==> Epoch[9](100/534): Loss: 0.0560
2020-01-09 01:06:21,264 Allocated:34.65576171875 MB
2020-01-09 01:06:21,264 Cached:6572.25 MB
2020-01-09 01:07:40,334 ==> Epoch[9](150/534): Loss: 0.0699
2020-01-09 01:07:40,336 Allocated:34.65576171875 MB
2020-01-09 01:07:40,337 Cached:6572.25 MB
2020-01-09 01:08:24,767 ====> Building Cache
2020-01-09 01:08:24,768 feature cache--->>> /home/annora/NetVLAD/output/train_feat_cache.hdf5
2020-01-09 01:09:56,729 Allocated:34.6552734375 MB
2020-01-09 01:09:56,730 Cached:2814.0 MB
2020-01-09 01:11:15,836 ==> Epoch[9](200/534): Loss: 0.2452
2020-01-09 01:11:15,839 Allocated:34.65576171875 MB
2020-01-09 01:11:15,840 Cached:5326.25 MB
2020-01-09 01:12:37,943 ==> Epoch[9](250/534): Loss: 0.1271
2020-01-09 01:12:37,946 Allocated:34.65576171875 MB
2020-01-09 01:12:37,947 Cached:6585.5 MB
2020-01-09 01:14:14,886 ==> Epoch[9](300/534): Loss: 0.0974
2020-01-09 01:14:14,895 Allocated:34.65576171875 MB
2020-01-09 01:14:14,895 Cached:6598.5 MB
2020-01-09 01:15:39,361 ==> Epoch[9](350/534): Loss: 0.1592
2020-01-09 01:15:39,363 Allocated:34.65576171875 MB
2020-01-09 01:15:39,363 Cached:6598.5 MB
2020-01-09 01:15:47,074 ====> Building Cache
2020-01-09 01:15:47,075 feature cache--->>> /home/annora/NetVLAD/output/train_feat_cache.hdf5
2020-01-09 01:17:23,993 Allocated:34.6552734375 MB
2020-01-09 01:17:23,994 Cached:2814.0 MB
2020-01-09 01:19:13,677 ==> Epoch[9](400/534): Loss: 0.0833
2020-01-09 01:19:13,681 Allocated:34.65576171875 MB
2020-01-09 01:19:13,681 Cached:5206.25 MB
2020-01-09 01:20:29,986 ==> Epoch[9](450/534): Loss: 0.1175
2020-01-09 01:20:29,990 Allocated:34.65576171875 MB
2020-01-09 01:20:29,990 Cached:6453.75 MB
2020-01-09 01:21:50,047 ==> Epoch[9](500/534): Loss: 0.0478
2020-01-09 01:21:50,050 Allocated:34.65576171875 MB
2020-01-09 01:21:50,050 Cached:7706.625 MB
2020-01-09 01:22:46,144 ===> Epoch 9 Complete: Avg. Loss: 0.0884
2020-01-09 01:22:46,146 ====> Extracting Features
2020-01-09 01:23:24,559 ==> Batch (50/108)
2020-01-09 01:23:49,579 ==> Batch (100/108)
2020-01-09 01:23:54,482 ====> Building faiss index
2020-01-09 01:23:54,844 ====> Calculating recall @ N
2020-01-09 01:23:57,338 ====> Recall@1: 0.7458
2020-01-09 01:23:57,339 ====> Recall@2: 0.7600
2020-01-09 01:23:57,339 ====> Recall@3: 0.7728
2020-01-09 01:23:57,340 ====> Recall@4: 0.7800
2020-01-09 01:23:57,340 ====> Recall@5: 0.7843
2020-01-09 01:23:57,340 ====> Recall@10: 0.7977
2020-01-09 01:23:57,340 ====> Recall@15: 0.8035
2020-01-09 01:23:57,340 ====> Recall@20: 0.8075
2020-01-09 01:23:57,341 ====> Recall@25: 0.8119
2020-01-09 01:23:57,469 ====> Building Cache
2020-01-09 01:23:57,470 feature cache--->>> /home/annora/NetVLAD/output/train_feat_cache.hdf5
2020-01-09 01:25:29,222 Allocated:32.65576171875 MB
2020-01-09 01:25:29,223 Cached:4170.875 MB
2020-01-09 01:27:31,838 ==> Epoch[10](50/534): Loss: 0.0849
2020-01-09 01:27:31,840 Allocated:34.65576171875 MB
2020-01-09 01:27:31,840 Cached:8999.0 MB
2020-01-09 01:28:56,564 ==> Epoch[10](100/534): Loss: 0.0604
2020-01-09 01:28:56,567 Allocated:34.65576171875 MB
2020-01-09 01:28:56,567 Cached:3093.875 MB
2020-01-09 01:30:14,031 ==> Epoch[10](150/534): Loss: 0.0820
2020-01-09 01:30:14,033 Allocated:34.65576171875 MB
2020-01-09 01:30:14,034 Cached:5357.875 MB
2020-01-09 01:30:58,504 ====> Building Cache
2020-01-09 01:30:58,504 feature cache--->>> /home/annora/NetVLAD/output/train_feat_cache.hdf5
2020-01-09 01:32:31,437 Allocated:34.6552734375 MB
2020-01-09 01:32:31,438 Cached:2814.0 MB
2020-01-09 01:33:46,078 ==> Epoch[10](200/534): Loss: 0.1193
2020-01-09 01:33:46,082 Allocated:34.65576171875 MB
2020-01-09 01:33:46,082 Cached:4069.125 MB
2020-01-09 01:35:13,702 ==> Epoch[10](250/534): Loss: 0.1165
2020-01-09 01:35:13,705 Allocated:34.65576171875 MB
2020-01-09 01:35:13,705 Cached:6576.0 MB
2020-01-09 01:36:46,509 ==> Epoch[10](300/534): Loss: 0.0888
2020-01-09 01:36:46,512 Allocated:34.65576171875 MB
2020-01-09 01:36:46,512 Cached:4282.875 MB
2020-01-09 01:38:05,383 ==> Epoch[10](350/534): Loss: 0.1233
2020-01-09 01:38:05,387 Allocated:34.65576171875 MB
2020-01-09 01:38:05,388 Cached:4284.875 MB
2020-01-09 01:38:17,309 ====> Building Cache
2020-01-09 01:38:17,310 feature cache--->>> /home/annora/NetVLAD/output/train_feat_cache.hdf5
2020-01-09 01:39:48,177 Allocated:34.6552734375 MB
2020-01-09 01:39:48,178 Cached:2814.0 MB
2020-01-09 01:41:41,957 ==> Epoch[10](400/534): Loss: 0.0668
2020-01-09 01:41:41,961 Allocated:34.65576171875 MB
2020-01-09 01:41:41,961 Cached:8768.375 MB
2020-01-09 01:43:01,779 ==> Epoch[10](450/534): Loss: 0.0850
2020-01-09 01:43:01,781 Allocated:34.65576171875 MB
2020-01-09 01:43:01,781 Cached:8768.375 MB
2020-01-09 01:44:16,731 ==> Epoch[10](500/534): Loss: 0.0747
2020-01-09 01:44:16,733 Allocated:34.65576171875 MB
2020-01-09 01:44:16,733 Cached:8768.375 MB
2020-01-09 01:45:12,753 ===> Epoch 10 Complete: Avg. Loss: 0.0868
2020-01-09 01:45:12,755 ====> Extracting Features
2020-01-09 01:45:52,398 ==> Batch (50/108)
2020-01-09 01:46:17,712 ==> Batch (100/108)
2020-01-09 01:46:22,418 ====> Building faiss index
2020-01-09 01:46:22,781 ====> Calculating recall @ N
2020-01-09 01:46:25,053 ====> Recall@1: 0.7458
2020-01-09 01:46:25,054 ====> Recall@2: 0.7620
2020-01-09 01:46:25,054 ====> Recall@3: 0.7742
2020-01-09 01:46:25,054 ====> Recall@4: 0.7826
2020-01-09 01:46:25,055 ====> Recall@5: 0.7878
2020-01-09 01:46:25,055 ====> Recall@10: 0.7994
2020-01-09 01:46:25,055 ====> Recall@15: 0.8038
2020-01-09 01:46:25,055 ====> Recall@20: 0.8087
2020-01-09 01:46:25,055 ====> Recall@25: 0.8122
2020-01-09 01:46:25,196 ====> Building Cache
2020-01-09 01:46:25,196 feature cache--->>> /home/annora/NetVLAD/output/train_feat_cache.hdf5
2020-01-09 01:47:58,531 Allocated:32.65576171875 MB
2020-01-09 01:47:58,531 Cached:4170.875 MB
2020-01-09 01:49:58,981 ==> Epoch[11](50/534): Loss: 0.0503
2020-01-09 01:49:58,984 Allocated:34.65576171875 MB
2020-01-09 01:49:58,984 Cached:7814.875 MB
2020-01-09 01:51:18,914 ==> Epoch[11](100/534): Loss: 0.0800
2020-01-09 01:51:18,916 Allocated:34.65576171875 MB
2020-01-09 01:51:18,917 Cached:7814.875 MB
2020-01-09 01:52:38,226 ==> Epoch[11](150/534): Loss: 0.0756
2020-01-09 01:52:38,229 Allocated:34.65576171875 MB
2020-01-09 01:52:38,229 Cached:7814.875 MB
2020-01-09 01:53:22,477 ====> Building Cache
2020-01-09 01:53:22,478 feature cache--->>> /home/annora/NetVLAD/output/train_feat_cache.hdf5
2020-01-09 01:54:53,597 Allocated:34.6552734375 MB
2020-01-09 01:54:53,599 Cached:2814.0 MB
2020-01-09 01:56:12,408 ==> Epoch[11](200/534): Loss: 0.0619
2020-01-09 01:56:12,411 Allocated:34.65576171875 MB
2020-01-09 01:56:12,411 Cached:6444.25 MB
2020-01-09 01:57:34,817 ==> Epoch[11](250/534): Loss: 0.1447
2020-01-09 01:57:34,820 Allocated:34.65576171875 MB
2020-01-09 01:57:34,820 Cached:7707.75 MB
2020-01-09 01:59:08,886 ==> Epoch[11](300/534): Loss: 0.1325
2020-01-09 01:59:08,889 Allocated:34.65576171875 MB
2020-01-09 01:59:08,889 Cached:5592.25 MB
2020-01-09 02:00:38,407 ==> Epoch[11](350/534): Loss: 0.0578
2020-01-09 02:00:38,409 Allocated:34.65576171875 MB
2020-01-09 02:00:38,409 Cached:5592.25 MB
2020-01-09 02:00:46,765 ====> Building Cache
2020-01-09 02:00:46,766 feature cache--->>> /home/annora/NetVLAD/output/train_feat_cache.hdf5
2020-01-09 02:02:17,481 Allocated:34.6552734375 MB
2020-01-09 02:02:17,482 Cached:2814.0 MB
2020-01-09 02:04:02,533 ==> Epoch[11](400/534): Loss: 0.0816
2020-01-09 02:04:02,536 Allocated:34.65576171875 MB
2020-01-09 02:04:02,536 Cached:8827.875 MB
2020-01-09 02:05:23,771 ==> Epoch[11](450/534): Loss: 0.0292
2020-01-09 02:05:23,773 Allocated:34.65576171875 MB
2020-01-09 02:05:23,774 Cached:8827.875 MB
2020-01-09 02:06:44,278 ==> Epoch[11](500/534): Loss: 0.0760
2020-01-09 02:06:44,281 Allocated:34.65576171875 MB
2020-01-09 02:06:44,281 Cached:10078.625 MB
2020-01-09 02:07:42,252 ===> Epoch 11 Complete: Avg. Loss: 0.0865
2020-01-09 02:07:42,254 ====> Extracting Features
2020-01-09 02:08:22,458 ==> Batch (50/108)
2020-01-09 02:08:42,798 ==> Batch (100/108)
2020-01-09 02:08:46,813 ====> Building faiss index
2020-01-09 02:08:47,201 ====> Calculating recall @ N
2020-01-09 02:08:49,376 ====> Recall@1: 0.7446
2020-01-09 02:08:49,377 ====> Recall@2: 0.7614
2020-01-09 02:08:49,377 ====> Recall@3: 0.7725
2020-01-09 02:08:49,377 ====> Recall@4: 0.7812
2020-01-09 02:08:49,377 ====> Recall@5: 0.7849
2020-01-09 02:08:49,378 ====> Recall@10: 0.7974
2020-01-09 02:08:49,378 ====> Recall@15: 0.8032
2020-01-09 02:08:49,378 ====> Recall@20: 0.8072
2020-01-09 02:08:49,378 ====> Recall@25: 0.8116
2020-01-09 02:08:49,511 ====> Building Cache
2020-01-09 02:08:49,512 feature cache--->>> /home/annora/NetVLAD/output/train_feat_cache.hdf5
2020-01-09 02:10:19,450 Allocated:32.65576171875 MB
2020-01-09 02:10:19,451 Cached:4170.875 MB
2020-01-09 02:12:26,588 ==> Epoch[12](50/534): Loss: 0.0556
2020-01-09 02:12:26,590 Allocated:34.65576171875 MB
2020-01-09 02:12:26,591 Cached:7758.625 MB
2020-01-09 02:13:47,204 ==> Epoch[12](100/534): Loss: 0.0635
2020-01-09 02:13:47,208 Allocated:34.65576171875 MB
2020-01-09 02:13:47,208 Cached:2945.625 MB
2020-01-09 02:15:00,037 ==> Epoch[12](150/534): Loss: 0.0635
2020-01-09 02:15:00,041 Allocated:34.65576171875 MB
2020-01-09 02:15:00,042 Cached:2945.625 MB
2020-01-09 02:15:48,126 ====> Building Cache
2020-01-09 02:15:48,127 feature cache--->>> /home/annora/NetVLAD/output/train_feat_cache.hdf5
2020-01-09 02:17:24,587 Allocated:34.6552734375 MB
2020-01-09 02:17:24,588 Cached:2814.0 MB
2020-01-09 02:18:39,441 ==> Epoch[12](200/534): Loss: 0.1033
2020-01-09 02:18:39,444 Allocated:34.65576171875 MB
2020-01-09 02:18:39,444 Cached:6704.0 MB
2020-01-09 02:19:58,433 ==> Epoch[12](250/534): Loss: 0.1733
2020-01-09 02:19:58,436 Allocated:34.65576171875 MB
2020-01-09 02:19:58,437 Cached:6704.0 MB
2020-01-09 02:21:28,767 ==> Epoch[12](300/534): Loss: 0.0533
2020-01-09 02:21:28,771 Allocated:34.65576171875 MB
2020-01-09 02:21:28,771 Cached:6704.0 MB
2020-01-09 02:22:53,006 ==> Epoch[12](350/534): Loss: 0.0991
2020-01-09 02:22:53,012 Allocated:34.65576171875 MB
2020-01-09 02:22:53,012 Cached:6704.0 MB
2020-01-09 02:23:05,556 ====> Building Cache
2020-01-09 02:23:05,557 feature cache--->>> /home/annora/NetVLAD/output/train_feat_cache.hdf5
2020-01-09 02:24:41,579 Allocated:34.6552734375 MB
2020-01-09 02:24:41,580 Cached:2814.0 MB
2020-01-09 02:26:24,583 ==> Epoch[12](400/534): Loss: 0.0475
2020-01-09 02:26:24,586 Allocated:34.65576171875 MB
2020-01-09 02:26:24,586 Cached:6340.25 MB
2020-01-09 02:27:41,938 ==> Epoch[12](450/534): Loss: 0.0638
2020-01-09 02:27:41,941 Allocated:34.65576171875 MB
2020-01-09 02:27:41,941 Cached:7542.125 MB
2020-01-09 02:29:04,292 ==> Epoch[12](500/534): Loss: 0.0716
2020-01-09 02:29:04,296 Allocated:34.65576171875 MB
2020-01-09 02:29:04,297 Cached:7543.125 MB
2020-01-09 02:29:59,846 ===> Epoch 12 Complete: Avg. Loss: 0.0860
2020-01-09 02:29:59,848 ====> Extracting Features
2020-01-09 02:30:38,344 ==> Batch (50/108)
2020-01-09 02:31:02,162 ==> Batch (100/108)
2020-01-09 02:31:06,985 ====> Building faiss index
2020-01-09 02:31:07,334 ====> Calculating recall @ N
2020-01-09 02:31:09,711 ====> Recall@1: 0.7446
2020-01-09 02:31:09,711 ====> Recall@2: 0.7629
2020-01-09 02:31:09,712 ====> Recall@3: 0.7730
2020-01-09 02:31:09,712 ====> Recall@4: 0.7806
2020-01-09 02:31:09,712 ====> Recall@5: 0.7841
2020-01-09 02:31:09,713 ====> Recall@10: 0.7974
2020-01-09 02:31:09,713 ====> Recall@15: 0.8038
2020-01-09 02:31:09,713 ====> Recall@20: 0.8075
2020-01-09 02:31:09,713 ====> Recall@25: 0.8107
2020-01-09 02:31:09,842 ====> Building Cache
2020-01-09 02:31:09,843 feature cache--->>> /home/annora/NetVLAD/output/train_feat_cache.hdf5
2020-01-09 02:32:41,398 Allocated:32.65576171875 MB
2020-01-09 02:32:41,399 Cached:4170.875 MB
2020-01-09 02:34:41,996 ==> Epoch[13](50/534): Loss: 0.0643
2020-01-09 02:34:41,999 Allocated:34.65576171875 MB
2020-01-09 02:34:41,999 Cached:7798.0 MB
2020-01-09 02:35:57,546 ==> Epoch[13](100/534): Loss: 0.0321
2020-01-09 02:35:57,548 Allocated:34.65576171875 MB
2020-01-09 02:35:57,549 Cached:9038.125 MB
2020-01-09 02:37:19,768 ==> Epoch[13](150/534): Loss: 0.1026
2020-01-09 02:37:19,771 Allocated:34.65576171875 MB
2020-01-09 02:37:19,771 Cached:9038.125 MB
2020-01-09 02:38:05,304 ====> Building Cache
2020-01-09 02:38:05,304 feature cache--->>> /home/annora/NetVLAD/output/train_feat_cache.hdf5
2020-01-09 02:39:35,616 Allocated:34.6552734375 MB
2020-01-09 02:39:35,617 Cached:2814.0 MB
2020-01-09 02:40:47,811 ==> Epoch[13](200/534): Loss: 0.0863
2020-01-09 02:40:47,813 Allocated:34.65576171875 MB
2020-01-09 02:40:47,814 Cached:7612.125 MB
2020-01-09 02:42:15,827 ==> Epoch[13](250/534): Loss: 0.2665
2020-01-09 02:42:15,829 Allocated:34.65576171875 MB
2020-01-09 02:42:15,830 Cached:7612.125 MB
2020-01-09 02:43:48,582 ==> Epoch[13](300/534): Loss: 0.1294
2020-01-09 02:43:48,584 Allocated:34.65576171875 MB
2020-01-09 02:43:48,585 Cached:5638.75 MB
2020-01-09 02:45:08,695 ==> Epoch[13](350/534): Loss: 0.0986
2020-01-09 02:45:08,698 Allocated:34.65576171875 MB
2020-01-09 02:45:08,699 Cached:5638.75 MB
2020-01-09 02:45:20,082 ====> Building Cache
2020-01-09 02:45:20,082 feature cache--->>> /home/annora/NetVLAD/output/train_feat_cache.hdf5
2020-01-09 02:46:48,973 Allocated:34.6552734375 MB
2020-01-09 02:46:48,974 Cached:2814.0 MB
2020-01-09 02:48:45,932 ==> Epoch[13](400/534): Loss: 0.1101
2020-01-09 02:48:45,935 Allocated:34.65576171875 MB
2020-01-09 02:48:45,935 Cached:6353.0 MB
2020-01-09 02:50:03,536 ==> Epoch[13](450/534): Loss: 0.0699
2020-01-09 02:50:03,538 Allocated:34.65576171875 MB
2020-01-09 02:50:03,539 Cached:7571.875 MB
2020-01-09 02:51:18,680 ==> Epoch[13](500/534): Loss: 0.0504
2020-01-09 02:51:18,683 Allocated:34.65576171875 MB
2020-01-09 02:51:18,683 Cached:7571.875 MB
2020-01-09 02:52:17,297 ===> Epoch 13 Complete: Avg. Loss: 0.0860
2020-01-09 02:52:17,298 ====> Extracting Features
2020-01-09 02:52:56,522 ==> Batch (50/108)
2020-01-09 02:53:21,768 ==> Batch (100/108)
2020-01-09 02:53:26,442 ====> Building faiss index
2020-01-09 02:53:26,797 ====> Calculating recall @ N
2020-01-09 02:53:29,528 ====> Recall@1: 0.7449
2020-01-09 02:53:29,529 ====> Recall@2: 0.7617
2020-01-09 02:53:29,529 ====> Recall@3: 0.7719
2020-01-09 02:53:29,530 ====> Recall@4: 0.7777
2020-01-09 02:53:29,530 ====> Recall@5: 0.7814
2020-01-09 02:53:29,530 ====> Recall@10: 0.7962
2020-01-09 02:53:29,531 ====> Recall@15: 0.8017
2020-01-09 02:53:29,531 ====> Recall@20: 0.8064
2020-01-09 02:53:29,531 ====> Recall@25: 0.8104
2020-01-09 02:53:29,670 Performance did not improve for 10 epochs. Stopping.
2020-01-09 02:53:29,670 => Best Recall@5: 0.7919
