2020-01-01 18:26:35,083 Namespace(arch='alexnet', batchSize=16, cacheBatchSize=144, cachePath='/home/annora/NetVLAD/output/', cacheRefreshRate=0, ckpt='best', ckpt_diy='model_best0.pth.tar', contilearn=False, dataPath='/home/annora/NetVLAD/output/data/', dataset='pittsburgh', debug_file='', evalEvery=1, fromscratch=True, lr=0.0001, lrGamma=0.5, lrStep=5, margin=0.1, mode='train', momentum=0.9, nEpochs=30, nGPU=1, nocuda=False, num_clusters=64, optim='SGD', patience=10, pooling='max', resume='', runsPath='/home/annora/NetVLAD/output/runs/', savePath='checkpoints', seed=123, split='val', start_epoch=0, threads=4, vladv2=False, weightDecay=0.001)
2020-01-01 18:26:35,150 ===> Loading dataset(s)
2020-01-01 18:26:35,150 ===> Building model
2020-01-01 18:26:35,209 encoder moder:
AlexNet(
  (conv1): Sequential(
    (0): Conv2d(3, 64, kernel_size=(11, 11), stride=(4, 4), padding=(2, 2))
    (1): ReLU(inplace)
    (2): MaxPool2d(kernel_size=3, stride=2, padding=0, dilation=1, ceil_mode=False)
  )
  (conv2): Sequential(
    (0): Conv2d(64, 192, kernel_size=(5, 5), stride=(1, 1), padding=(2, 2))
    (1): ReLU(inplace)
    (2): MaxPool2d(kernel_size=3, stride=2, padding=0, dilation=1, ceil_mode=False)
  )
  (conv3): Sequential(
    (0): Conv2d(192, 384, kernel_size=(3, 3), stride=(1, 1), padding=(1, 1))
    (1): ReLU(inplace)
  )
  (conv4): Sequential(
    (0): Conv2d(384, 256, kernel_size=(3, 3), stride=(1, 1), padding=(1, 1))
    (1): ReLU(inplace)
  )
  (conv5): Sequential(
    (0): Conv2d(256, 256, kernel_size=(3, 3), stride=(1, 1), padding=(1, 1))
  )
)
2020-01-01 18:26:39,189 ---->>>> trainfiles: ['oxRobocar_single_train.mat', 'oxRobocar_doubleN_train.mat']
2020-01-01 18:26:39,193 ===> Saving state to: /home/annora/NetVLAD/output/runs/2020-01-01-18-26-39_alexnet_max
2020-01-01 18:26:41,959 ====> Training query set:6636
2020-01-01 18:26:42,063 ===> Evaluating on val set, query count:3450
2020-01-01 18:26:42,064 ---->>>> testfile: oxRobocar_single_val.mat
2020-01-01 18:26:42,064 ===> Training model
2020-01-01 18:26:42,064 ====> Building Cache
2020-01-01 18:26:42,064 h5feat cache at: /home/annora/NetVLAD/output/train_feat_cache.hdf5
2020-01-01 18:29:12,905 Allocated:11.59326171875 MB
2020-01-01 18:29:12,905 Cached:2595.125 MB
2020-01-01 18:31:05,000 ==> Task[1]Epoch[1](50/415): Loss: 0.2871
2020-01-01 18:31:05,002 Allocated:33.03076171875 MB
2020-01-01 18:31:05,003 Cached:1112.5 MB
2020-01-01 18:32:32,979 ==> Task[1]Epoch[1](100/415): Loss: 0.3051
2020-01-01 18:32:32,981 Allocated:33.03076171875 MB
2020-01-01 18:32:32,981 Cached:1112.5 MB
2020-01-01 18:34:07,967 ==> Task[1]Epoch[1](150/415): Loss: 0.2945
2020-01-01 18:34:07,968 Allocated:33.03076171875 MB
2020-01-01 18:34:07,969 Cached:1112.5 MB
2020-01-01 18:35:36,858 ==> Task[1]Epoch[1](200/415): Loss: 0.2832
2020-01-01 18:35:36,859 Allocated:33.03076171875 MB
2020-01-01 18:35:36,860 Cached:1112.5 MB
2020-01-01 18:37:13,454 ==> Task[1]Epoch[1](250/415): Loss: 0.2798
2020-01-01 18:37:13,456 Allocated:33.03076171875 MB
2020-01-01 18:37:13,456 Cached:1112.5 MB
2020-01-01 18:38:43,203 ==> Task[1]Epoch[1](300/415): Loss: 0.2841
2020-01-01 18:38:43,205 Allocated:33.03076171875 MB
2020-01-01 18:38:43,205 Cached:1112.5 MB
2020-01-01 18:40:18,586 ==> Task[1]Epoch[1](350/415): Loss: 0.2857
2020-01-01 18:40:18,590 Allocated:33.03076171875 MB
2020-01-01 18:40:18,590 Cached:1112.5 MB
2020-01-01 18:41:46,923 ==> Task[1]Epoch[1](400/415): Loss: 0.2732
2020-01-01 18:41:46,924 Allocated:33.03076171875 MB
2020-01-01 18:41:46,925 Cached:1112.5 MB
2020-01-01 18:42:15,066 ===> Task 1 Epoch 1 Complete: Avg. Loss: 0.2899
2020-01-01 18:42:15,068 begin test:
2020-01-01 18:42:15,068 ====> Extracting Features
2020-01-01 18:43:29,635 ==> Batch (50/72)
2020-01-01 18:43:58,146 ====> Building faiss index
2020-01-01 18:43:58,148 ====> Calculating recall @ N
2020-01-01 18:43:58,790 ====> Recall@1: 0.5835
2020-01-01 18:43:58,791 ====> Recall@2: 0.6157
2020-01-01 18:43:58,791 ====> Recall@3: 0.6336
2020-01-01 18:43:58,792 ====> Recall@4: 0.6438
2020-01-01 18:43:58,792 ====> Recall@5: 0.6533
2020-01-01 18:43:58,792 ====> Recall@10: 0.6922
2020-01-01 18:43:58,792 ====> Recall@15: 0.7064
2020-01-01 18:43:58,792 ====> Recall@20: 0.7194
2020-01-01 18:43:58,792 ====> Recall@25: 0.7243
2020-01-01 18:43:58,835 ====> Building Cache
2020-01-01 18:43:58,835 h5feat cache at: /home/annora/NetVLAD/output/train_feat_cache.hdf5
2020-01-01 18:46:27,653 Allocated:31.03076171875 MB
2020-01-01 18:46:27,653 Cached:9902.625 MB
2020-01-01 18:48:19,009 ==> Task[1]Epoch[2](50/415): Loss: 0.2584
2020-01-01 18:48:19,011 Allocated:33.03076171875 MB
2020-01-01 18:48:19,011 Cached:1112.5 MB
2020-01-01 18:49:47,780 ==> Task[1]Epoch[2](100/415): Loss: 0.3059
2020-01-01 18:49:47,782 Allocated:33.03076171875 MB
2020-01-01 18:49:47,782 Cached:1112.5 MB
2020-01-01 18:51:18,759 ==> Task[1]Epoch[2](150/415): Loss: 0.2851
2020-01-01 18:51:18,761 Allocated:33.03076171875 MB
2020-01-01 18:51:18,761 Cached:1112.5 MB
2020-01-01 18:52:46,722 ==> Task[1]Epoch[2](200/415): Loss: 0.2411
2020-01-01 18:52:46,724 Allocated:33.03076171875 MB
2020-01-01 18:52:46,724 Cached:1112.5 MB
2020-01-01 18:54:21,867 ==> Task[1]Epoch[2](250/415): Loss: 0.2694
2020-01-01 18:54:21,869 Allocated:33.03076171875 MB
2020-01-01 18:54:21,869 Cached:1112.5 MB
2020-01-01 18:55:49,579 ==> Task[1]Epoch[2](300/415): Loss: 0.2831
2020-01-01 18:55:49,581 Allocated:33.03076171875 MB
2020-01-01 18:55:49,581 Cached:1112.5 MB
2020-01-01 18:57:22,316 ==> Task[1]Epoch[2](350/415): Loss: 0.2699
2020-01-01 18:57:22,318 Allocated:33.03076171875 MB
2020-01-01 18:57:22,319 Cached:1112.5 MB
2020-01-01 18:58:52,380 ==> Task[1]Epoch[2](400/415): Loss: 0.2699
2020-01-01 18:58:52,382 Allocated:33.03076171875 MB
2020-01-01 18:58:52,382 Cached:1112.5 MB
2020-01-01 18:59:20,897 ===> Task 1 Epoch 2 Complete: Avg. Loss: 0.2785
2020-01-01 18:59:20,899 begin test:
2020-01-01 18:59:20,899 ====> Extracting Features
2020-01-01 19:00:36,820 ==> Batch (50/72)
2020-01-01 19:01:06,274 ====> Building faiss index
2020-01-01 19:01:06,276 ====> Calculating recall @ N
2020-01-01 19:01:06,828 ====> Recall@1: 0.6046
2020-01-01 19:01:06,829 ====> Recall@2: 0.6330
2020-01-01 19:01:06,829 ====> Recall@3: 0.6487
2020-01-01 19:01:06,830 ====> Recall@4: 0.6643
2020-01-01 19:01:06,830 ====> Recall@5: 0.6713
2020-01-01 19:01:06,830 ====> Recall@10: 0.6959
2020-01-01 19:01:06,830 ====> Recall@15: 0.7119
2020-01-01 19:01:06,831 ====> Recall@20: 0.7232
2020-01-01 19:01:06,831 ====> Recall@25: 0.7299
2020-01-01 19:01:06,955 ====> Building Cache
2020-01-01 19:01:06,956 h5feat cache at: /home/annora/NetVLAD/output/train_feat_cache.hdf5
2020-01-01 19:03:36,196 Allocated:31.03076171875 MB
2020-01-01 19:03:36,196 Cached:9902.625 MB
2020-01-01 19:05:24,936 ==> Task[1]Epoch[3](50/415): Loss: 0.2462
2020-01-01 19:05:24,938 Allocated:33.03076171875 MB
2020-01-01 19:05:24,938 Cached:1112.5 MB
2020-01-01 19:06:54,107 ==> Task[1]Epoch[3](100/415): Loss: 0.2990
2020-01-01 19:06:54,109 Allocated:33.03076171875 MB
2020-01-01 19:06:54,110 Cached:1112.5 MB
2020-01-01 19:08:28,340 ==> Task[1]Epoch[3](150/415): Loss: 0.2680
2020-01-01 19:08:28,342 Allocated:33.03076171875 MB
2020-01-01 19:08:28,342 Cached:1112.5 MB
2020-01-01 19:09:56,146 ==> Task[1]Epoch[3](200/415): Loss: 0.1940
2020-01-01 19:09:56,147 Allocated:33.03076171875 MB
2020-01-01 19:09:56,148 Cached:1112.5 MB
2020-01-01 19:11:30,614 ==> Task[1]Epoch[3](250/415): Loss: 0.2519
2020-01-01 19:11:30,617 Allocated:33.03076171875 MB
2020-01-01 19:11:30,617 Cached:1112.5 MB
2020-01-01 19:12:58,115 ==> Task[1]Epoch[3](300/415): Loss: 0.2708
2020-01-01 19:12:58,117 Allocated:33.03076171875 MB
2020-01-01 19:12:58,117 Cached:1112.5 MB
2020-01-01 19:14:32,534 ==> Task[1]Epoch[3](350/415): Loss: 0.2572
2020-01-01 19:14:32,536 Allocated:33.03076171875 MB
2020-01-01 19:14:32,536 Cached:1112.5 MB
2020-01-01 19:15:58,734 ==> Task[1]Epoch[3](400/415): Loss: 0.2587
2020-01-01 19:15:58,736 Allocated:33.03076171875 MB
2020-01-01 19:15:58,736 Cached:1112.5 MB
2020-01-01 19:16:27,177 ===> Task 1 Epoch 3 Complete: Avg. Loss: 0.2631
2020-01-01 19:16:27,179 begin test:
2020-01-01 19:16:27,180 ====> Extracting Features
2020-01-01 19:17:42,951 ==> Batch (50/72)
2020-01-01 19:18:12,090 ====> Building faiss index
2020-01-01 19:18:12,093 ====> Calculating recall @ N
2020-01-01 19:18:12,668 ====> Recall@1: 0.6017
2020-01-01 19:18:12,669 ====> Recall@2: 0.6467
2020-01-01 19:18:12,669 ====> Recall@3: 0.6609
2020-01-01 19:18:12,669 ====> Recall@4: 0.6745
2020-01-01 19:18:12,670 ====> Recall@5: 0.6823
2020-01-01 19:18:12,670 ====> Recall@10: 0.7061
2020-01-01 19:18:12,670 ====> Recall@15: 0.7200
2020-01-01 19:18:12,670 ====> Recall@20: 0.7316
2020-01-01 19:18:12,671 ====> Recall@25: 0.7412
2020-01-01 19:18:12,792 ====> Building Cache
2020-01-01 19:18:12,793 h5feat cache at: /home/annora/NetVLAD/output/train_feat_cache.hdf5
2020-01-01 19:20:43,430 Allocated:31.03076171875 MB
2020-01-01 19:20:43,431 Cached:9902.625 MB
2020-01-01 19:22:32,736 ==> Task[1]Epoch[4](50/415): Loss: 0.2265
2020-01-01 19:22:32,739 Allocated:33.03076171875 MB
2020-01-01 19:22:32,739 Cached:1112.5 MB
2020-01-01 19:24:01,483 ==> Task[1]Epoch[4](100/415): Loss: 0.2945
2020-01-01 19:24:01,485 Allocated:33.03076171875 MB
2020-01-01 19:24:01,485 Cached:1112.5 MB
2020-01-01 19:25:35,596 ==> Task[1]Epoch[4](150/415): Loss: 0.2420
2020-01-01 19:25:35,598 Allocated:33.03076171875 MB
2020-01-01 19:25:35,599 Cached:1112.5 MB
2020-01-01 19:27:06,066 ==> Task[1]Epoch[4](200/415): Loss: 0.1478
2020-01-01 19:27:06,068 Allocated:33.03076171875 MB
2020-01-01 19:27:06,068 Cached:1112.5 MB
2020-01-01 19:28:44,254 ==> Task[1]Epoch[4](250/415): Loss: 0.2414
2020-01-01 19:28:44,255 Allocated:33.03076171875 MB
2020-01-01 19:28:44,256 Cached:1112.5 MB
2020-01-01 19:30:13,908 ==> Task[1]Epoch[4](300/415): Loss: 0.2594
2020-01-01 19:30:13,910 Allocated:33.03076171875 MB
2020-01-01 19:30:13,910 Cached:1112.5 MB
2020-01-01 19:31:50,858 ==> Task[1]Epoch[4](350/415): Loss: 0.2455
2020-01-01 19:31:50,859 Allocated:33.03076171875 MB
2020-01-01 19:31:50,860 Cached:1112.5 MB
2020-01-01 19:33:21,208 ==> Task[1]Epoch[4](400/415): Loss: 0.2429
2020-01-01 19:33:21,218 Allocated:33.03076171875 MB
2020-01-01 19:33:21,218 Cached:1112.5 MB
2020-01-01 19:33:52,147 ===> Task 1 Epoch 4 Complete: Avg. Loss: 0.2457
2020-01-01 19:33:52,150 begin test:
2020-01-01 19:33:52,151 ====> Extracting Features
2020-01-01 19:35:10,802 ==> Batch (50/72)
2020-01-01 19:35:41,923 ====> Building faiss index
2020-01-01 19:35:41,925 ====> Calculating recall @ N
2020-01-01 19:35:42,564 ====> Recall@1: 0.5791
2020-01-01 19:35:42,565 ====> Recall@2: 0.6461
2020-01-01 19:35:42,565 ====> Recall@3: 0.6609
2020-01-01 19:35:42,566 ====> Recall@4: 0.6713
2020-01-01 19:35:42,566 ====> Recall@5: 0.6803
2020-01-01 19:35:42,566 ====> Recall@10: 0.7017
2020-01-01 19:35:42,566 ====> Recall@15: 0.7177
2020-01-01 19:35:42,566 ====> Recall@20: 0.7270
2020-01-01 19:35:42,567 ====> Recall@25: 0.7354
2020-01-01 19:35:42,629 ====> Building Cache
2020-01-01 19:35:42,629 h5feat cache at: /home/annora/NetVLAD/output/train_feat_cache.hdf5
2020-01-01 19:38:15,325 Allocated:31.03076171875 MB
2020-01-01 19:38:15,326 Cached:9902.625 MB
2020-01-01 19:40:08,436 ==> Task[1]Epoch[5](50/415): Loss: 0.2051
2020-01-01 19:40:08,438 Allocated:33.03076171875 MB
2020-01-01 19:40:08,439 Cached:1112.5 MB
2020-01-01 19:41:39,709 ==> Task[1]Epoch[5](100/415): Loss: 0.2912
2020-01-01 19:41:39,712 Allocated:33.03076171875 MB
2020-01-01 19:41:39,712 Cached:1112.5 MB
2020-01-01 19:43:16,032 ==> Task[1]Epoch[5](150/415): Loss: 0.2305
2020-01-01 19:43:16,035 Allocated:33.03076171875 MB
2020-01-01 19:43:16,035 Cached:1112.5 MB
2020-01-01 19:44:44,765 ==> Task[1]Epoch[5](200/415): Loss: 0.0907
2020-01-01 19:44:44,767 Allocated:33.03076171875 MB
2020-01-01 19:44:44,767 Cached:1112.5 MB
2020-01-01 19:46:20,962 ==> Task[1]Epoch[5](250/415): Loss: 0.2234
2020-01-01 19:46:20,965 Allocated:33.03076171875 MB
2020-01-01 19:46:20,965 Cached:1112.5 MB
2020-01-01 19:47:48,806 ==> Task[1]Epoch[5](300/415): Loss: 0.2474
2020-01-01 19:47:48,808 Allocated:33.03076171875 MB
2020-01-01 19:47:48,808 Cached:1112.5 MB
2020-01-01 19:49:24,560 ==> Task[1]Epoch[5](350/415): Loss: 0.2331
2020-01-01 19:49:24,563 Allocated:33.03076171875 MB
2020-01-01 19:49:24,563 Cached:1112.5 MB
2020-01-01 19:50:55,000 ==> Task[1]Epoch[5](400/415): Loss: 0.2292
2020-01-01 19:50:55,002 Allocated:33.03076171875 MB
2020-01-01 19:50:55,002 Cached:1112.5 MB
2020-01-01 19:51:22,387 ===> Task 1 Epoch 5 Complete: Avg. Loss: 0.2294
2020-01-01 19:51:22,389 begin test:
2020-01-01 19:51:22,389 ====> Extracting Features
2020-01-01 19:52:40,408 ==> Batch (50/72)
2020-01-01 19:53:05,506 ====> Building faiss index
2020-01-01 19:53:05,508 ====> Calculating recall @ N
2020-01-01 19:53:06,049 ====> Recall@1: 0.5925
2020-01-01 19:53:06,050 ====> Recall@2: 0.6557
2020-01-01 19:53:06,051 ====> Recall@3: 0.6725
2020-01-01 19:53:06,051 ====> Recall@4: 0.6817
2020-01-01 19:53:06,051 ====> Recall@5: 0.6896
2020-01-01 19:53:06,051 ====> Recall@10: 0.7101
2020-01-01 19:53:06,052 ====> Recall@15: 0.7246
2020-01-01 19:53:06,052 ====> Recall@20: 0.7325
2020-01-01 19:53:06,052 ====> Recall@25: 0.7400
2020-01-01 19:53:06,178 ====> Building Cache
2020-01-01 19:53:06,179 h5feat cache at: /home/annora/NetVLAD/output/train_feat_cache.hdf5
2020-01-01 19:55:37,584 Allocated:31.03076171875 MB
2020-01-01 19:55:37,585 Cached:9902.625 MB
2020-01-01 19:57:25,015 ==> Task[1]Epoch[6](50/415): Loss: 0.1916
2020-01-01 19:57:25,019 Allocated:33.03076171875 MB
2020-01-01 19:57:25,019 Cached:1112.5 MB
2020-01-01 19:58:53,656 ==> Task[1]Epoch[6](100/415): Loss: 0.2876
2020-01-01 19:58:53,659 Allocated:33.03076171875 MB
2020-01-01 19:58:53,659 Cached:1112.5 MB
2020-01-01 20:00:30,815 ==> Task[1]Epoch[6](150/415): Loss: 0.2116
2020-01-01 20:00:30,819 Allocated:33.03076171875 MB
2020-01-01 20:00:30,822 Cached:1112.5 MB
2020-01-01 20:02:00,989 ==> Task[1]Epoch[6](200/415): Loss: 0.0413
2020-01-01 20:02:00,991 Allocated:33.03076171875 MB
2020-01-01 20:02:00,992 Cached:1112.5 MB
2020-01-01 20:03:38,148 ==> Task[1]Epoch[6](250/415): Loss: 0.2117
2020-01-01 20:03:38,151 Allocated:33.03076171875 MB
2020-01-01 20:03:38,151 Cached:1112.5 MB
2020-01-01 20:05:02,177 ==> Task[1]Epoch[6](300/415): Loss: 0.2367
2020-01-01 20:05:02,181 Allocated:33.03076171875 MB
2020-01-01 20:05:02,181 Cached:1112.5 MB
2020-01-01 20:06:36,201 ==> Task[1]Epoch[6](350/415): Loss: 0.2191
2020-01-01 20:06:36,207 Allocated:33.03076171875 MB
2020-01-01 20:06:36,207 Cached:1112.5 MB
2020-01-01 20:08:03,891 ==> Task[1]Epoch[6](400/415): Loss: 0.2191
2020-01-01 20:08:03,893 Allocated:33.03076171875 MB
2020-01-01 20:08:03,893 Cached:1112.5 MB
2020-01-01 20:08:33,025 ===> Task 1 Epoch 6 Complete: Avg. Loss: 0.2147
2020-01-01 20:08:33,026 begin test:
2020-01-01 20:08:33,028 ====> Extracting Features
2020-01-01 20:09:49,335 ==> Batch (50/72)
2020-01-01 20:10:17,873 ====> Building faiss index
2020-01-01 20:10:17,876 ====> Calculating recall @ N
2020-01-01 20:10:18,513 ====> Recall@1: 0.5899
2020-01-01 20:10:18,513 ====> Recall@2: 0.6501
2020-01-01 20:10:18,527 ====> Recall@3: 0.6667
2020-01-01 20:10:18,527 ====> Recall@4: 0.6786
2020-01-01 20:10:18,528 ====> Recall@5: 0.6852
2020-01-01 20:10:18,528 ====> Recall@10: 0.7125
2020-01-01 20:10:18,528 ====> Recall@15: 0.7278
2020-01-01 20:10:18,528 ====> Recall@20: 0.7380
2020-01-01 20:10:18,528 ====> Recall@25: 0.7432
2020-01-01 20:10:18,598 ====> Building Cache
2020-01-01 20:10:18,598 h5feat cache at: /home/annora/NetVLAD/output/train_feat_cache.hdf5
2020-01-01 20:12:52,430 Allocated:31.03076171875 MB
2020-01-01 20:12:52,431 Cached:9902.625 MB
2020-01-01 20:14:43,547 ==> Task[1]Epoch[7](50/415): Loss: 0.1770
2020-01-01 20:14:43,549 Allocated:33.03076171875 MB
2020-01-01 20:14:43,549 Cached:1112.5 MB
2020-01-01 20:16:14,358 ==> Task[1]Epoch[7](100/415): Loss: 0.2798
2020-01-01 20:16:14,360 Allocated:33.03076171875 MB
2020-01-01 20:16:14,360 Cached:1112.5 MB
2020-01-01 20:17:51,291 ==> Task[1]Epoch[7](150/415): Loss: 0.1898
2020-01-01 20:17:51,293 Allocated:33.03076171875 MB
2020-01-01 20:17:51,293 Cached:1112.5 MB
2020-01-01 20:19:20,922 ==> Task[1]Epoch[7](200/415): Loss: 0.0074
2020-01-01 20:19:20,924 Allocated:33.03076171875 MB
2020-01-01 20:19:20,924 Cached:1112.5 MB
2020-01-01 20:20:56,585 ==> Task[1]Epoch[7](250/415): Loss: 0.1909
2020-01-01 20:20:56,587 Allocated:33.03076171875 MB
2020-01-01 20:20:56,587 Cached:1111.5 MB
2020-01-01 20:22:25,158 ==> Task[1]Epoch[7](300/415): Loss: 0.2176
2020-01-01 20:22:25,160 Allocated:33.03076171875 MB
2020-01-01 20:22:25,160 Cached:1111.5 MB
2020-01-01 20:24:00,692 ==> Task[1]Epoch[7](350/415): Loss: 0.2024
2020-01-01 20:24:00,694 Allocated:33.03076171875 MB
2020-01-01 20:24:00,694 Cached:1111.5 MB
2020-01-01 20:25:31,892 ==> Task[1]Epoch[7](400/415): Loss: 0.1988
2020-01-01 20:25:31,894 Allocated:33.03076171875 MB
2020-01-01 20:25:31,894 Cached:1111.5 MB
2020-01-01 20:26:01,267 ===> Task 1 Epoch 7 Complete: Avg. Loss: 0.1971
2020-01-01 20:26:01,268 begin test:
2020-01-01 20:26:01,269 ====> Extracting Features
2020-01-01 20:27:20,535 ==> Batch (50/72)
2020-01-01 20:27:49,507 ====> Building faiss index
2020-01-01 20:27:49,508 ====> Calculating recall @ N
2020-01-01 20:27:50,135 ====> Recall@1: 0.6110
2020-01-01 20:27:50,135 ====> Recall@2: 0.6414
2020-01-01 20:27:50,136 ====> Recall@3: 0.6614
2020-01-01 20:27:50,136 ====> Recall@4: 0.6728
2020-01-01 20:27:50,136 ====> Recall@5: 0.6806
2020-01-01 20:27:50,136 ====> Recall@10: 0.7133
2020-01-01 20:27:50,136 ====> Recall@15: 0.7252
2020-01-01 20:27:50,137 ====> Recall@20: 0.7403
2020-01-01 20:27:50,137 ====> Recall@25: 0.7499
2020-01-01 20:27:50,212 ====> Building Cache
2020-01-01 20:27:50,212 h5feat cache at: /home/annora/NetVLAD/output/train_feat_cache.hdf5
2020-01-01 20:30:21,567 Allocated:31.03076171875 MB
2020-01-01 20:30:21,568 Cached:9902.625 MB
2020-01-01 20:32:13,205 ==> Task[1]Epoch[8](50/415): Loss: 0.1529
2020-01-01 20:32:13,208 Allocated:33.03076171875 MB
2020-01-01 20:32:13,208 Cached:1112.5 MB
2020-01-01 20:33:41,930 ==> Task[1]Epoch[8](100/415): Loss: 0.2703
2020-01-01 20:33:41,932 Allocated:33.03076171875 MB
2020-01-01 20:33:41,932 Cached:1112.5 MB
2020-01-01 20:35:13,407 ==> Task[1]Epoch[8](150/415): Loss: 0.1566
2020-01-01 20:35:13,410 Allocated:33.03076171875 MB
2020-01-01 20:35:13,410 Cached:1111.5 MB
2020-01-01 20:36:41,091 ==> Task[1]Epoch[8](200/415): Loss: 0.0006
2020-01-01 20:36:41,092 Allocated:33.03076171875 MB
2020-01-01 20:36:41,092 Cached:1111.5 MB
2020-01-01 20:38:00,990 ==> Task[1]Epoch[8](250/415): Loss: 0.1519
2020-01-01 20:38:00,992 Allocated:33.03076171875 MB
2020-01-01 20:38:00,992 Cached:1111.5 MB
2020-01-01 20:39:35,636 ==> Task[1]Epoch[8](300/415): Loss: 0.1911
2020-01-01 20:39:35,638 Allocated:33.03076171875 MB
2020-01-01 20:39:35,638 Cached:1111.5 MB
2020-01-01 20:41:06,287 ==> Task[1]Epoch[8](350/415): Loss: 0.1787
2020-01-01 20:41:06,289 Allocated:33.03076171875 MB
2020-01-01 20:41:06,289 Cached:1111.5 MB
2020-01-01 20:42:41,338 ==> Task[1]Epoch[8](400/415): Loss: 0.1683
2020-01-01 20:42:41,340 Allocated:33.03076171875 MB
2020-01-01 20:42:41,340 Cached:1111.5 MB
2020-01-01 20:43:03,791 ===> Task 1 Epoch 8 Complete: Avg. Loss: 0.1715
2020-01-01 20:43:03,793 begin test:
2020-01-01 20:43:03,794 ====> Extracting Features
2020-01-01 20:44:19,475 ==> Batch (50/72)
2020-01-01 20:44:47,508 ====> Building faiss index
2020-01-01 20:44:47,510 ====> Calculating recall @ N
2020-01-01 20:44:48,016 ====> Recall@1: 0.5820
2020-01-01 20:44:48,017 ====> Recall@2: 0.6104
2020-01-01 20:44:48,018 ====> Recall@3: 0.6275
2020-01-01 20:44:48,018 ====> Recall@4: 0.6435
2020-01-01 20:44:48,018 ====> Recall@5: 0.6571
2020-01-01 20:44:48,019 ====> Recall@10: 0.7081
2020-01-01 20:44:48,019 ====> Recall@15: 0.7354
2020-01-01 20:44:48,019 ====> Recall@20: 0.7467
2020-01-01 20:44:48,020 ====> Recall@25: 0.7577
2020-01-01 20:44:48,082 ====> Building Cache
2020-01-01 20:44:48,083 h5feat cache at: /home/annora/NetVLAD/output/train_feat_cache.hdf5
2020-01-01 20:47:19,253 Allocated:31.03076171875 MB
2020-01-01 20:47:19,253 Cached:9902.625 MB
2020-01-01 20:49:06,592 ==> Task[1]Epoch[9](50/415): Loss: 0.0992
2020-01-01 20:49:06,594 Allocated:33.03076171875 MB
2020-01-01 20:49:06,595 Cached:1111.5 MB
2020-01-01 20:50:38,120 ==> Task[1]Epoch[9](100/415): Loss: 0.2363
2020-01-01 20:50:38,122 Allocated:33.03076171875 MB
2020-01-01 20:50:38,122 Cached:1112.5 MB
2020-01-01 20:52:14,872 ==> Task[1]Epoch[9](150/415): Loss: 0.0743
2020-01-01 20:52:14,874 Allocated:33.03076171875 MB
2020-01-01 20:52:14,874 Cached:1112.5 MB
2020-01-01 20:53:44,508 ==> Task[1]Epoch[9](200/415): Loss: 0.0000
2020-01-01 20:53:44,511 Allocated:33.03076171875 MB
2020-01-01 20:53:44,511 Cached:1112.5 MB
2020-01-01 20:54:48,712 ==> Task[1]Epoch[9](250/415): Loss: 0.0593
2020-01-01 20:54:48,716 Allocated:33.03076171875 MB
2020-01-01 20:54:48,717 Cached:1111.5 MB
2020-01-01 20:56:19,972 ==> Task[1]Epoch[9](300/415): Loss: 0.1145
2020-01-01 20:56:19,974 Allocated:33.03076171875 MB
2020-01-01 20:56:19,974 Cached:1111.5 MB
2020-01-01 20:57:48,951 ==> Task[1]Epoch[9](350/415): Loss: 0.1122
2020-01-01 20:57:48,954 Allocated:33.03076171875 MB
2020-01-01 20:57:48,954 Cached:1111.5 MB
2020-01-01 20:59:18,777 ==> Task[1]Epoch[9](400/415): Loss: 0.0598
2020-01-01 20:59:18,780 Allocated:33.03076171875 MB
2020-01-01 20:59:18,781 Cached:1111.5 MB
2020-01-01 20:59:48,399 ===> Task 1 Epoch 9 Complete: Avg. Loss: 0.1190
2020-01-01 20:59:48,400 begin test:
2020-01-01 20:59:48,401 ====> Extracting Features
2020-01-01 21:01:05,451 ==> Batch (50/72)
2020-01-01 21:01:33,666 ====> Building faiss index
2020-01-01 21:01:33,669 ====> Calculating recall @ N
2020-01-01 21:01:34,318 ====> Recall@1: 0.5400
2020-01-01 21:01:34,319 ====> Recall@2: 0.5867
2020-01-01 21:01:34,319 ====> Recall@3: 0.6142
2020-01-01 21:01:34,320 ====> Recall@4: 0.6322
2020-01-01 21:01:34,320 ====> Recall@5: 0.6443
2020-01-01 21:01:34,320 ====> Recall@10: 0.6913
2020-01-01 21:01:34,321 ====> Recall@15: 0.7223
2020-01-01 21:01:34,321 ====> Recall@20: 0.7435
2020-01-01 21:01:34,321 ====> Recall@25: 0.7551
2020-01-01 21:01:34,388 ====> Building Cache
2020-01-01 21:01:34,388 h5feat cache at: /home/annora/NetVLAD/output/train_feat_cache.hdf5
2020-01-01 21:04:04,763 Allocated:31.03076171875 MB
2020-01-01 21:04:04,764 Cached:9902.625 MB
2020-01-01 21:05:23,469 ==> Task[1]Epoch[10](50/415): Loss: 0.0096
2020-01-01 21:05:23,472 Allocated:33.03076171875 MB
2020-01-01 21:05:23,473 Cached:1111.5 MB
2020-01-01 21:06:26,461 ==> Task[1]Epoch[10](100/415): Loss: 0.1943
2020-01-01 21:06:26,463 Allocated:33.03076171875 MB
2020-01-01 21:06:26,463 Cached:1111.5 MB
2020-01-01 21:07:30,263 ==> Task[1]Epoch[10](150/415): Loss: 0.0111
2020-01-01 21:07:30,265 Allocated:33.03076171875 MB
2020-01-01 21:07:30,265 Cached:1111.5 MB
2020-01-01 21:09:11,120 ==> Task[1]Epoch[10](250/415): Loss: 0.0253
2020-01-01 21:09:11,124 Allocated:33.03076171875 MB
2020-01-01 21:09:11,124 Cached:1111.5 MB
2020-01-01 21:10:14,515 ==> Task[1]Epoch[10](300/415): Loss: 0.0738
2020-01-01 21:10:14,517 Allocated:33.03076171875 MB
2020-01-01 21:10:14,517 Cached:1111.5 MB
2020-01-01 21:11:14,835 ==> Task[1]Epoch[10](350/415): Loss: 0.0400
2020-01-01 21:11:14,837 Allocated:33.03076171875 MB
2020-01-01 21:11:14,837 Cached:1111.5 MB
2020-01-01 21:12:31,921 ==> Task[1]Epoch[10](400/415): Loss: 0.0429
2020-01-01 21:12:31,923 Allocated:33.03076171875 MB
2020-01-01 21:12:31,923 Cached:1111.5 MB
2020-01-01 21:12:48,753 ===> Task 1 Epoch 10 Complete: Avg. Loss: 0.0797
2020-01-01 21:12:48,755 begin test:
2020-01-01 21:12:48,756 ====> Extracting Features
2020-01-01 21:14:03,710 ==> Batch (50/72)
2020-01-01 21:14:31,568 ====> Building faiss index
2020-01-01 21:14:31,570 ====> Calculating recall @ N
2020-01-01 21:14:32,107 ====> Recall@1: 0.5212
2020-01-01 21:14:32,108 ====> Recall@2: 0.5757
2020-01-01 21:14:32,108 ====> Recall@3: 0.5994
2020-01-01 21:14:32,108 ====> Recall@4: 0.6128
2020-01-01 21:14:32,109 ====> Recall@5: 0.6296
2020-01-01 21:14:32,109 ====> Recall@10: 0.6991
2020-01-01 21:14:32,109 ====> Recall@15: 0.7171
2020-01-01 21:14:32,109 ====> Recall@20: 0.7336
2020-01-01 21:14:32,109 ====> Recall@25: 0.7536
2020-01-01 21:14:32,175 ====> Building Cache
2020-01-01 21:14:32,176 h5feat cache at: /home/annora/NetVLAD/output/train_feat_cache.hdf5
2020-01-01 21:17:02,510 Allocated:31.03076171875 MB
2020-01-01 21:17:02,510 Cached:9902.625 MB
2020-01-01 21:18:00,558 ==> Task[1]Epoch[11](50/415): Loss: 0.0413
2020-01-01 21:18:00,560 Allocated:33.03076171875 MB
2020-01-01 21:18:00,560 Cached:1111.5 MB
2020-01-01 21:18:51,605 ==> Task[1]Epoch[11](100/415): Loss: 0.2450
2020-01-01 21:18:51,607 Allocated:33.03076171875 MB
2020-01-01 21:18:51,607 Cached:1111.5 MB
2020-01-01 21:19:33,024 ==> Task[1]Epoch[11](150/415): Loss: 0.0105
2020-01-01 21:19:33,025 Allocated:33.03076171875 MB
2020-01-01 21:19:33,025 Cached:1111.5 MB
2020-01-01 21:20:45,215 ==> Task[1]Epoch[11](250/415): Loss: 0.0616
2020-01-01 21:20:45,216 Allocated:33.03076171875 MB
2020-01-01 21:20:45,216 Cached:1111.5 MB
2020-01-01 21:21:48,553 ==> Task[1]Epoch[11](300/415): Loss: 0.0875
2020-01-01 21:21:48,555 Allocated:33.03076171875 MB
2020-01-01 21:21:48,556 Cached:1111.5 MB
2020-01-01 21:22:34,799 ==> Task[1]Epoch[11](350/415): Loss: 0.0669
2020-01-01 21:22:34,800 Allocated:33.03076171875 MB
2020-01-01 21:22:34,801 Cached:1111.5 MB
2020-01-01 21:23:33,644 ==> Task[1]Epoch[11](400/415): Loss: 0.0539
2020-01-01 21:23:33,645 Allocated:33.03076171875 MB
2020-01-01 21:23:33,646 Cached:1111.5 MB
2020-01-01 21:23:44,886 ===> Task 1 Epoch 11 Complete: Avg. Loss: 0.0855
2020-01-01 21:23:44,889 begin test:
2020-01-01 21:23:44,892 ====> Extracting Features
2020-01-01 21:25:02,703 ==> Batch (50/72)
2020-01-01 21:25:28,251 ====> Building faiss index
2020-01-01 21:25:28,254 ====> Calculating recall @ N
2020-01-01 21:25:29,298 ====> Recall@1: 0.5142
2020-01-01 21:25:29,299 ====> Recall@2: 0.5672
2020-01-01 21:25:29,300 ====> Recall@3: 0.5899
2020-01-01 21:25:29,300 ====> Recall@4: 0.6055
2020-01-01 21:25:29,301 ====> Recall@5: 0.6159
2020-01-01 21:25:29,302 ====> Recall@10: 0.6765
2020-01-01 21:25:29,302 ====> Recall@15: 0.7081
2020-01-01 21:25:29,303 ====> Recall@20: 0.7255
2020-01-01 21:25:29,303 ====> Recall@25: 0.7368
2020-01-01 21:25:29,379 ====> Building Cache
2020-01-01 21:25:29,380 h5feat cache at: /home/annora/NetVLAD/output/train_feat_cache.hdf5
2020-01-01 21:28:00,133 Allocated:31.03076171875 MB
2020-01-01 21:28:00,134 Cached:9902.625 MB
2020-01-01 21:28:53,118 ==> Task[1]Epoch[12](50/415): Loss: 0.0227
2020-01-01 21:28:53,122 Allocated:33.03076171875 MB
2020-01-01 21:28:53,123 Cached:1111.5 MB
2020-01-01 21:29:37,801 ==> Task[1]Epoch[12](100/415): Loss: 0.2881
2020-01-01 21:29:37,802 Allocated:33.03076171875 MB
2020-01-01 21:29:37,802 Cached:1111.5 MB
2020-01-01 21:30:14,147 ==> Task[1]Epoch[12](150/415): Loss: 0.0137
2020-01-01 21:30:14,148 Allocated:33.03076171875 MB
2020-01-01 21:30:14,149 Cached:1111.5 MB
2020-01-01 21:31:19,482 ==> Task[1]Epoch[12](250/415): Loss: 0.0479
2020-01-01 21:31:19,483 Allocated:33.03076171875 MB
2020-01-01 21:31:19,484 Cached:1111.5 MB
2020-01-01 21:32:20,272 ==> Task[1]Epoch[12](300/415): Loss: 0.0878
2020-01-01 21:32:20,277 Allocated:33.03076171875 MB
2020-01-01 21:32:20,278 Cached:1112.5 MB
2020-01-01 21:33:06,687 ==> Task[1]Epoch[12](350/415): Loss: 0.0610
2020-01-01 21:33:06,691 Allocated:33.03076171875 MB
2020-01-01 21:33:06,693 Cached:1111.5 MB
2020-01-01 21:34:00,025 ==> Task[1]Epoch[12](400/415): Loss: 0.0392
2020-01-01 21:34:00,028 Allocated:33.03076171875 MB
2020-01-01 21:34:00,029 Cached:1111.5 MB
2020-01-01 21:34:10,053 ===> Task 1 Epoch 12 Complete: Avg. Loss: 0.0793
2020-01-01 21:34:10,055 begin test:
2020-01-01 21:34:10,056 ====> Extracting Features
2020-01-01 21:35:30,112 ==> Batch (50/72)
2020-01-01 21:35:56,685 ====> Building faiss index
2020-01-01 21:35:56,687 ====> Calculating recall @ N
2020-01-01 21:35:57,224 ====> Recall@1: 0.5284
2020-01-01 21:35:57,224 ====> Recall@2: 0.6043
2020-01-01 21:35:57,225 ====> Recall@3: 0.6362
2020-01-01 21:35:57,225 ====> Recall@4: 0.6507
2020-01-01 21:35:57,225 ====> Recall@5: 0.6672
2020-01-01 21:35:57,225 ====> Recall@10: 0.7113
2020-01-01 21:35:57,225 ====> Recall@15: 0.7348
2020-01-01 21:35:57,226 ====> Recall@20: 0.7487
2020-01-01 21:35:57,226 ====> Recall@25: 0.7629
2020-01-01 21:35:57,286 ====> Building Cache
2020-01-01 21:35:57,286 h5feat cache at: /home/annora/NetVLAD/output/train_feat_cache.hdf5
2020-01-01 21:38:26,878 Allocated:31.03076171875 MB
2020-01-01 21:38:26,879 Cached:9902.625 MB
2020-01-01 21:39:18,682 ==> Task[1]Epoch[13](50/415): Loss: 0.0255
2020-01-01 21:39:18,686 Allocated:33.03076171875 MB
2020-01-01 21:39:18,687 Cached:1111.5 MB
2020-01-01 21:40:02,440 ==> Task[1]Epoch[13](100/415): Loss: 0.2639
2020-01-01 21:40:02,441 Allocated:33.03076171875 MB
2020-01-01 21:40:02,441 Cached:1111.5 MB
2020-01-01 21:40:36,706 ==> Task[1]Epoch[13](150/415): Loss: 0.0363
2020-01-01 21:40:36,709 Allocated:33.03076171875 MB
2020-01-01 21:40:36,710 Cached:1111.5 MB
2020-01-01 21:41:37,445 ==> Task[1]Epoch[13](250/415): Loss: 0.0210
2020-01-01 21:41:37,446 Allocated:33.03076171875 MB
2020-01-01 21:41:37,447 Cached:1111.5 MB
2020-01-01 21:42:34,987 ==> Task[1]Epoch[13](300/415): Loss: 0.0557
2020-01-01 21:42:34,989 Allocated:33.03076171875 MB
2020-01-01 21:42:34,989 Cached:1112.5 MB
2020-01-01 21:43:21,709 ==> Task[1]Epoch[13](350/415): Loss: 0.0857
2020-01-01 21:43:21,711 Allocated:33.03076171875 MB
2020-01-01 21:43:21,711 Cached:1111.5 MB
2020-01-01 21:44:11,960 ==> Task[1]Epoch[13](400/415): Loss: 0.0506
2020-01-01 21:44:11,962 Allocated:33.03076171875 MB
2020-01-01 21:44:11,962 Cached:1111.5 MB
2020-01-01 21:44:21,496 ===> Task 1 Epoch 13 Complete: Avg. Loss: 0.0751
2020-01-01 21:44:21,497 begin test:
2020-01-01 21:44:21,498 ====> Extracting Features
2020-01-01 21:45:39,832 ==> Batch (50/72)
2020-01-01 21:46:06,441 ====> Building faiss index
2020-01-01 21:46:06,443 ====> Calculating recall @ N
2020-01-01 21:46:06,988 ====> Recall@1: 0.5180
2020-01-01 21:46:06,989 ====> Recall@2: 0.5742
2020-01-01 21:46:06,990 ====> Recall@3: 0.6072
2020-01-01 21:46:06,990 ====> Recall@4: 0.6426
2020-01-01 21:46:06,990 ====> Recall@5: 0.6664
2020-01-01 21:46:06,990 ====> Recall@10: 0.7009
2020-01-01 21:46:06,990 ====> Recall@15: 0.7272
2020-01-01 21:46:06,991 ====> Recall@20: 0.7446
2020-01-01 21:46:06,991 ====> Recall@25: 0.7577
2020-01-01 21:46:07,052 ====> Building Cache
2020-01-01 21:46:07,053 h5feat cache at: /home/annora/NetVLAD/output/train_feat_cache.hdf5
2020-01-01 21:48:38,490 Allocated:31.03076171875 MB
2020-01-01 21:48:38,491 Cached:9902.625 MB
2020-01-01 21:49:25,249 ==> Task[1]Epoch[14](50/415): Loss: 0.0118
2020-01-01 21:49:25,250 Allocated:33.03076171875 MB
2020-01-01 21:49:25,250 Cached:1111.5 MB
2020-01-01 21:50:06,414 ==> Task[1]Epoch[14](100/415): Loss: 0.2611
2020-01-01 21:50:06,416 Allocated:33.03076171875 MB
2020-01-01 21:50:06,416 Cached:1111.5 MB
2020-01-01 21:51:34,614 ==> Task[1]Epoch[14](250/415): Loss: 0.0308
2020-01-01 21:51:34,616 Allocated:33.03076171875 MB
2020-01-01 21:51:34,616 Cached:1112.5 MB
2020-01-01 21:52:34,910 ==> Task[1]Epoch[14](300/415): Loss: 0.0587
2020-01-01 21:52:34,913 Allocated:33.03076171875 MB
2020-01-01 21:52:34,916 Cached:1111.5 MB
2020-01-01 21:53:23,194 ==> Task[1]Epoch[14](350/415): Loss: 0.0530
2020-01-01 21:53:23,195 Allocated:33.03076171875 MB
2020-01-01 21:53:23,196 Cached:1111.5 MB
2020-01-01 21:54:13,735 ==> Task[1]Epoch[14](400/415): Loss: 0.0458
2020-01-01 21:54:13,737 Allocated:33.03076171875 MB
2020-01-01 21:54:13,737 Cached:1111.5 MB
2020-01-01 21:54:23,981 ===> Task 1 Epoch 14 Complete: Avg. Loss: 0.0714
2020-01-01 21:54:23,982 begin test:
2020-01-01 21:54:23,983 ====> Extracting Features
2020-01-01 21:55:38,952 ==> Batch (50/72)
2020-01-01 21:56:07,814 ====> Building faiss index
2020-01-01 21:56:07,815 ====> Calculating recall @ N
2020-01-01 21:56:08,392 ====> Recall@1: 0.5232
2020-01-01 21:56:08,393 ====> Recall@2: 0.5867
2020-01-01 21:56:08,393 ====> Recall@3: 0.6275
2020-01-01 21:56:08,393 ====> Recall@4: 0.6609
2020-01-01 21:56:08,394 ====> Recall@5: 0.6762
2020-01-01 21:56:08,394 ====> Recall@10: 0.7264
2020-01-01 21:56:08,394 ====> Recall@15: 0.7478
2020-01-01 21:56:08,394 ====> Recall@20: 0.7614
2020-01-01 21:56:08,394 ====> Recall@25: 0.7701
2020-01-01 21:56:08,457 ====> Building Cache
2020-01-01 21:56:08,458 h5feat cache at: /home/annora/NetVLAD/output/train_feat_cache.hdf5
2020-01-01 21:58:39,485 Allocated:31.03076171875 MB
2020-01-01 21:58:39,485 Cached:9902.625 MB
2020-01-01 21:59:25,571 ==> Task[1]Epoch[15](50/415): Loss: 0.0471
2020-01-01 21:59:25,572 Allocated:33.03076171875 MB
2020-01-01 21:59:25,573 Cached:1111.5 MB
2020-01-01 22:00:08,199 ==> Task[1]Epoch[15](100/415): Loss: 0.2653
2020-01-01 22:00:08,201 Allocated:33.03076171875 MB
2020-01-01 22:00:08,201 Cached:1111.5 MB
2020-01-01 22:00:39,087 ==> Task[1]Epoch[15](150/415): Loss: 0.0000
2020-01-01 22:00:39,089 Allocated:33.03076171875 MB
2020-01-01 22:00:39,089 Cached:1111.5 MB
2020-01-01 22:01:35,870 ==> Task[1]Epoch[15](250/415): Loss: 0.0126
2020-01-01 22:01:35,872 Allocated:33.03076171875 MB
2020-01-01 22:01:35,872 Cached:1111.5 MB
2020-01-01 22:02:32,061 ==> Task[1]Epoch[15](300/415): Loss: 0.0354
2020-01-01 22:02:32,063 Allocated:33.03076171875 MB
2020-01-01 22:02:32,063 Cached:1111.5 MB
2020-01-01 22:03:18,149 ==> Task[1]Epoch[15](350/415): Loss: 0.0573
2020-01-01 22:03:18,150 Allocated:33.03076171875 MB
2020-01-01 22:03:18,150 Cached:1111.5 MB
2020-01-01 22:04:01,761 ==> Task[1]Epoch[15](400/415): Loss: 0.0566
2020-01-01 22:04:01,763 Allocated:33.03076171875 MB
2020-01-01 22:04:01,763 Cached:1111.5 MB
2020-01-01 22:04:11,294 ===> Task 1 Epoch 15 Complete: Avg. Loss: 0.0651
2020-01-01 22:04:11,296 begin test:
2020-01-01 22:04:11,296 ====> Extracting Features
2020-01-01 22:05:29,094 ==> Batch (50/72)
2020-01-01 22:05:57,256 ====> Building faiss index
2020-01-01 22:05:57,258 ====> Calculating recall @ N
2020-01-01 22:05:57,870 ====> Recall@1: 0.5548
2020-01-01 22:05:57,870 ====> Recall@2: 0.6125
2020-01-01 22:05:57,871 ====> Recall@3: 0.6409
2020-01-01 22:05:57,871 ====> Recall@4: 0.6542
2020-01-01 22:05:57,871 ====> Recall@5: 0.6713
2020-01-01 22:05:57,871 ====> Recall@10: 0.7183
2020-01-01 22:05:57,872 ====> Recall@15: 0.7452
2020-01-01 22:05:57,872 ====> Recall@20: 0.7612
2020-01-01 22:05:57,872 ====> Recall@25: 0.7719
2020-01-01 22:05:57,934 ====> Building Cache
2020-01-01 22:05:57,935 h5feat cache at: /home/annora/NetVLAD/output/train_feat_cache.hdf5
2020-01-01 22:08:30,259 Allocated:31.03076171875 MB
2020-01-01 22:08:30,260 Cached:9902.625 MB
2020-01-01 22:09:53,689 ==> Task[1]Epoch[16](100/415): Loss: 0.2256
2020-01-01 22:09:53,691 Allocated:33.03076171875 MB
2020-01-01 22:09:53,691 Cached:1111.5 MB
2020-01-01 22:11:22,493 ==> Task[1]Epoch[16](250/415): Loss: 0.0139
2020-01-01 22:11:22,495 Allocated:33.03076171875 MB
2020-01-01 22:11:22,495 Cached:1111.5 MB
2020-01-01 22:12:22,042 ==> Task[1]Epoch[16](300/415): Loss: 0.0288
2020-01-01 22:12:22,043 Allocated:33.03076171875 MB
2020-01-01 22:12:22,044 Cached:1111.5 MB
2020-01-01 22:13:08,900 ==> Task[1]Epoch[16](350/415): Loss: 0.0537
2020-01-01 22:13:08,902 Allocated:33.03076171875 MB
2020-01-01 22:13:08,902 Cached:1111.5 MB
2020-01-01 22:13:53,323 ==> Task[1]Epoch[16](400/415): Loss: 0.0377
2020-01-01 22:13:53,325 Allocated:33.03076171875 MB
2020-01-01 22:13:53,326 Cached:1111.5 MB
2020-01-01 22:14:02,576 ===> Task 1 Epoch 16 Complete: Avg. Loss: 0.0634
2020-01-01 22:14:02,577 begin test:
2020-01-01 22:14:02,578 ====> Extracting Features
2020-01-01 22:15:18,895 ==> Batch (50/72)
2020-01-01 22:15:47,645 ====> Building faiss index
2020-01-01 22:15:47,647 ====> Calculating recall @ N
2020-01-01 22:15:48,203 ====> Recall@1: 0.5510
2020-01-01 22:15:48,204 ====> Recall@2: 0.6058
2020-01-01 22:15:48,204 ====> Recall@3: 0.6368
2020-01-01 22:15:48,204 ====> Recall@4: 0.6600
2020-01-01 22:15:48,205 ====> Recall@5: 0.6812
2020-01-01 22:15:48,205 ====> Recall@10: 0.7293
2020-01-01 22:15:48,205 ====> Recall@15: 0.7484
2020-01-01 22:15:48,205 ====> Recall@20: 0.7641
2020-01-01 22:15:48,205 ====> Recall@25: 0.7742
2020-01-01 22:15:48,272 Performance did not improve for 10 epochs. Stopping.
2020-01-01 22:15:48,273 => Best Recall@5: 0.6896
2020-01-01 22:15:48,286 => Task 1 loaded checkpoint '/home/annora/NetVLAD/output/runs/2020-01-01-18-26-39_alexnet_max/checkpoints/model_best0.pth.tar' 
2020-01-01 22:15:51,190 ====> Training query set:6404
2020-01-01 22:15:51,310 ===> Evaluating on val set, query count:3450
2020-01-01 22:15:51,310 ---->>>> testfile: oxRobocar_doubleN_val.mat
2020-01-01 22:15:51,310 ===> Training model
2020-01-01 22:15:51,310 ====> Building Cache
2020-01-01 22:15:51,311 h5feat cache at: /home/annora/NetVLAD/output/train_feat_cache.hdf5
2020-01-01 22:18:46,733 Allocated:21.43701171875 MB
2020-01-01 22:18:46,733 Cached:9902.625 MB
2020-01-01 22:20:46,711 ==> Task[2]Epoch[1](50/401): Loss: 0.3614
2020-01-01 22:20:46,713 Allocated:33.03076171875 MB
2020-01-01 22:20:46,713 Cached:1112.5 MB
2020-01-01 22:22:18,851 ==> Task[2]Epoch[1](100/401): Loss: 0.3069
2020-01-01 22:22:18,853 Allocated:33.03076171875 MB
2020-01-01 22:22:18,853 Cached:1112.5 MB
2020-01-01 22:23:53,302 ==> Task[2]Epoch[1](150/401): Loss: 0.3341
2020-01-01 22:23:53,304 Allocated:33.03076171875 MB
2020-01-01 22:23:53,305 Cached:1112.5 MB
2020-01-01 22:25:26,713 ==> Task[2]Epoch[1](200/401): Loss: 0.2925
2020-01-01 22:25:26,715 Allocated:33.03076171875 MB
2020-01-01 22:25:26,715 Cached:1112.5 MB
2020-01-01 22:26:59,420 ==> Task[2]Epoch[1](250/401): Loss: 0.3288
2020-01-01 22:26:59,423 Allocated:33.03076171875 MB
2020-01-01 22:26:59,423 Cached:1112.5 MB
2020-01-01 22:28:33,239 ==> Task[2]Epoch[1](300/401): Loss: 0.2602
2020-01-01 22:28:33,241 Allocated:33.03076171875 MB
2020-01-01 22:28:33,241 Cached:1112.5 MB
2020-01-01 22:30:12,118 ==> Task[2]Epoch[1](350/401): Loss: 0.2385
2020-01-01 22:30:12,120 Allocated:33.03076171875 MB
2020-01-01 22:30:12,120 Cached:1112.5 MB
2020-01-01 22:31:47,641 ==> Task[2]Epoch[1](400/401): Loss: 0.3442
2020-01-01 22:31:47,643 Allocated:33.03076171875 MB
2020-01-01 22:31:47,643 Cached:1112.5 MB
2020-01-01 22:31:48,126 ===> Task 2 Epoch 1 Complete: Avg. Loss: 0.2753
2020-01-01 22:31:48,127 begin test:
2020-01-01 22:31:48,128 ====> Extracting Features
2020-01-01 22:33:09,940 ==> Batch (50/72)
2020-01-01 22:33:42,761 ====> Building faiss index
2020-01-01 22:33:42,763 ====> Calculating recall @ N
2020-01-01 22:33:43,326 ====> Recall@1: 0.5154
2020-01-01 22:33:43,327 ====> Recall@2: 0.5635
2020-01-01 22:33:43,327 ====> Recall@3: 0.5870
2020-01-01 22:33:43,327 ====> Recall@4: 0.6049
2020-01-01 22:33:43,327 ====> Recall@5: 0.6154
2020-01-01 22:33:43,328 ====> Recall@10: 0.6545
2020-01-01 22:33:43,328 ====> Recall@15: 0.6826
2020-01-01 22:33:43,328 ====> Recall@20: 0.6933
2020-01-01 22:33:43,328 ====> Recall@25: 0.7067
2020-01-01 22:33:43,415 ====> Building Cache
2020-01-01 22:33:43,415 h5feat cache at: /home/annora/NetVLAD/output/train_feat_cache.hdf5
2020-01-01 22:36:32,924 Allocated:31.03076171875 MB
2020-01-01 22:36:32,924 Cached:9902.625 MB
2020-01-01 22:38:32,054 ==> Task[2]Epoch[2](50/401): Loss: 0.3211
2020-01-01 22:38:32,057 Allocated:33.03076171875 MB
2020-01-01 22:38:32,057 Cached:1113.5 MB
2020-01-01 22:40:08,408 ==> Task[2]Epoch[2](100/401): Loss: 0.3042
2020-01-01 22:40:08,410 Allocated:33.03076171875 MB
2020-01-01 22:40:08,410 Cached:1113.5 MB
2020-01-01 22:41:48,776 ==> Task[2]Epoch[2](150/401): Loss: 0.3011
2020-01-01 22:41:48,778 Allocated:33.03076171875 MB
2020-01-01 22:41:48,778 Cached:1113.5 MB
2020-01-01 22:43:22,246 ==> Task[2]Epoch[2](200/401): Loss: 0.2840
2020-01-01 22:43:22,251 Allocated:33.03076171875 MB
2020-01-01 22:43:22,252 Cached:1113.5 MB
2020-01-01 22:45:02,874 ==> Task[2]Epoch[2](250/401): Loss: 0.3344
2020-01-01 22:45:02,876 Allocated:33.03076171875 MB
2020-01-01 22:45:02,876 Cached:1113.5 MB
2020-01-01 22:46:37,406 ==> Task[2]Epoch[2](300/401): Loss: 0.2019
2020-01-01 22:46:37,408 Allocated:33.03076171875 MB
2020-01-01 22:46:37,408 Cached:1113.5 MB
2020-01-01 22:48:16,849 ==> Task[2]Epoch[2](350/401): Loss: 0.2159
2020-01-01 22:48:16,852 Allocated:33.03076171875 MB
2020-01-01 22:48:16,853 Cached:1113.5 MB
2020-01-01 22:49:50,644 ==> Task[2]Epoch[2](400/401): Loss: 0.3790
2020-01-01 22:49:50,646 Allocated:33.03076171875 MB
2020-01-01 22:49:50,646 Cached:1113.5 MB
2020-01-01 22:49:51,161 ===> Task 2 Epoch 2 Complete: Avg. Loss: 0.2469
2020-01-01 22:49:51,162 begin test:
2020-01-01 22:49:51,163 ====> Extracting Features
2020-01-01 22:51:15,486 ==> Batch (50/72)
2020-01-01 22:51:44,087 ====> Building faiss index
2020-01-01 22:51:44,089 ====> Calculating recall @ N
2020-01-01 22:51:44,753 ====> Recall@1: 0.4957
2020-01-01 22:51:44,754 ====> Recall@2: 0.5345
2020-01-01 22:51:44,754 ====> Recall@3: 0.5649
2020-01-01 22:51:44,755 ====> Recall@4: 0.5829
2020-01-01 22:51:44,755 ====> Recall@5: 0.5977
2020-01-01 22:51:44,755 ====> Recall@10: 0.6316
2020-01-01 22:51:44,755 ====> Recall@15: 0.6533
2020-01-01 22:51:44,755 ====> Recall@20: 0.6646
2020-01-01 22:51:44,756 ====> Recall@25: 0.6762
2020-01-01 22:51:44,821 ====> Building Cache
2020-01-01 22:51:44,821 h5feat cache at: /home/annora/NetVLAD/output/train_feat_cache.hdf5
2020-01-01 22:54:32,598 Allocated:31.03076171875 MB
2020-01-01 22:54:32,599 Cached:9902.625 MB
2020-01-01 22:56:33,067 ==> Task[2]Epoch[3](50/401): Loss: 0.2881
2020-01-01 22:56:33,069 Allocated:33.03076171875 MB
2020-01-01 22:56:33,069 Cached:1113.5 MB
2020-01-01 22:58:07,666 ==> Task[2]Epoch[3](100/401): Loss: 0.2835
2020-01-01 22:58:07,668 Allocated:33.03076171875 MB
2020-01-01 22:58:07,668 Cached:1113.5 MB
2020-01-01 22:59:50,016 ==> Task[2]Epoch[3](150/401): Loss: 0.2066
2020-01-01 22:59:50,019 Allocated:33.03076171875 MB
2020-01-01 22:59:50,019 Cached:1113.5 MB
2020-01-01 23:01:28,542 ==> Task[2]Epoch[3](200/401): Loss: 0.2502
2020-01-01 23:01:28,545 Allocated:33.03076171875 MB
2020-01-01 23:01:28,545 Cached:1113.5 MB
2020-01-01 23:03:07,381 ==> Task[2]Epoch[3](250/401): Loss: 0.4155
2020-01-01 23:03:07,383 Allocated:33.03076171875 MB
2020-01-01 23:03:07,384 Cached:1113.5 MB
2020-01-01 23:04:45,077 ==> Task[2]Epoch[3](300/401): Loss: 0.0161
2020-01-01 23:04:45,079 Allocated:33.03076171875 MB
2020-01-01 23:04:45,079 Cached:1113.5 MB
2020-01-01 23:06:22,705 ==> Task[2]Epoch[3](350/401): Loss: 0.1155
2020-01-01 23:06:22,707 Allocated:33.03076171875 MB
2020-01-01 23:06:22,707 Cached:1113.5 MB
2020-01-01 23:07:58,718 ==> Task[2]Epoch[3](400/401): Loss: 0.4001
2020-01-01 23:07:58,720 Allocated:33.03076171875 MB
2020-01-01 23:07:58,720 Cached:1113.5 MB
2020-01-01 23:07:59,202 ===> Task 2 Epoch 3 Complete: Avg. Loss: 0.1702
2020-01-01 23:07:59,203 begin test:
2020-01-01 23:07:59,204 ====> Extracting Features
2020-01-01 23:09:20,728 ==> Batch (50/72)
2020-01-01 23:09:51,903 ====> Building faiss index
2020-01-01 23:09:51,905 ====> Calculating recall @ N
2020-01-01 23:09:52,491 ====> Recall@1: 0.4186
2020-01-01 23:09:52,492 ====> Recall@2: 0.4722
2020-01-01 23:09:52,492 ====> Recall@3: 0.5061
2020-01-01 23:09:52,493 ====> Recall@4: 0.5264
2020-01-01 23:09:52,493 ====> Recall@5: 0.5386
2020-01-01 23:09:52,493 ====> Recall@10: 0.5864
2020-01-01 23:09:52,493 ====> Recall@15: 0.6122
2020-01-01 23:09:52,493 ====> Recall@20: 0.6330
2020-01-01 23:09:52,493 ====> Recall@25: 0.6467
2020-01-01 23:09:52,559 ====> Building Cache
2020-01-01 23:09:52,560 h5feat cache at: /home/annora/NetVLAD/output/train_feat_cache.hdf5
2020-01-01 23:12:43,532 Allocated:31.03076171875 MB
2020-01-01 23:12:43,533 Cached:9902.625 MB
2020-01-01 23:14:22,267 ==> Task[2]Epoch[4](50/401): Loss: 0.2166
2020-01-01 23:14:22,270 Allocated:33.03076171875 MB
2020-01-01 23:14:22,270 Cached:1113.5 MB
2020-01-01 23:15:45,218 ==> Task[2]Epoch[4](100/401): Loss: 0.1707
2020-01-01 23:15:45,223 Allocated:33.03076171875 MB
2020-01-01 23:15:45,225 Cached:1113.5 MB
2020-01-01 23:17:08,990 ==> Task[2]Epoch[4](150/401): Loss: 0.0346
2020-01-01 23:17:08,992 Allocated:33.03076171875 MB
2020-01-01 23:17:08,992 Cached:1112.5 MB
2020-01-01 23:18:41,145 ==> Task[2]Epoch[4](200/401): Loss: 0.2660
2020-01-01 23:18:41,147 Allocated:33.03076171875 MB
2020-01-01 23:18:41,147 Cached:1112.5 MB
2020-01-01 23:19:57,016 ==> Task[2]Epoch[4](250/401): Loss: 0.4661
2020-01-01 23:19:57,018 Allocated:33.03076171875 MB
2020-01-01 23:19:57,018 Cached:1113.5 MB
2020-01-01 23:21:21,245 ==> Task[2]Epoch[4](300/401): Loss: 0.0007
2020-01-01 23:21:21,246 Allocated:33.03076171875 MB
2020-01-01 23:21:21,247 Cached:1112.5 MB
2020-01-01 23:22:37,324 ==> Task[2]Epoch[4](350/401): Loss: 0.1686
2020-01-01 23:22:37,325 Allocated:33.03076171875 MB
2020-01-01 23:22:37,326 Cached:1112.5 MB
2020-01-01 23:23:38,130 ==> Task[2]Epoch[4](400/401): Loss: 0.4667
2020-01-01 23:23:38,132 Allocated:33.03076171875 MB
2020-01-01 23:23:38,132 Cached:1112.5 MB
2020-01-01 23:23:38,590 ===> Task 2 Epoch 4 Complete: Avg. Loss: 0.1022
2020-01-01 23:23:38,591 begin test:
2020-01-01 23:23:38,592 ====> Extracting Features
2020-01-01 23:24:59,529 ==> Batch (50/72)
2020-01-01 23:25:30,580 ====> Building faiss index
2020-01-01 23:25:30,582 ====> Calculating recall @ N
2020-01-01 23:25:31,178 ====> Recall@1: 0.4762
2020-01-01 23:25:31,179 ====> Recall@2: 0.5299
2020-01-01 23:25:31,180 ====> Recall@3: 0.5571
2020-01-01 23:25:31,180 ====> Recall@4: 0.5730
2020-01-01 23:25:31,181 ====> Recall@5: 0.5846
2020-01-01 23:25:31,181 ====> Recall@10: 0.6209
2020-01-01 23:25:31,181 ====> Recall@15: 0.6380
2020-01-01 23:25:31,181 ====> Recall@20: 0.6522
2020-01-01 23:25:31,181 ====> Recall@25: 0.6635
2020-01-01 23:25:31,249 ====> Building Cache
2020-01-01 23:25:31,249 h5feat cache at: /home/annora/NetVLAD/output/train_feat_cache.hdf5
2020-01-01 23:28:24,701 Allocated:31.03076171875 MB
2020-01-01 23:28:24,702 Cached:9902.625 MB
2020-01-01 23:29:51,396 ==> Task[2]Epoch[5](50/401): Loss: 0.1387
2020-01-01 23:29:51,398 Allocated:33.03076171875 MB
2020-01-01 23:29:51,398 Cached:1111.5 MB
2020-01-01 23:31:05,644 ==> Task[2]Epoch[5](100/401): Loss: 0.0937
2020-01-01 23:31:05,646 Allocated:33.03076171875 MB
2020-01-01 23:31:05,646 Cached:1111.5 MB
2020-01-01 23:32:18,017 ==> Task[2]Epoch[5](150/401): Loss: 0.0645
2020-01-01 23:32:18,022 Allocated:33.03076171875 MB
2020-01-01 23:32:18,023 Cached:1111.5 MB
2020-01-01 23:33:37,130 ==> Task[2]Epoch[5](200/401): Loss: 0.2532
2020-01-01 23:33:37,132 Allocated:33.03076171875 MB
2020-01-01 23:33:37,132 Cached:1111.5 MB
2020-01-01 23:34:49,623 ==> Task[2]Epoch[5](250/401): Loss: 0.3798
2020-01-01 23:34:49,625 Allocated:33.03076171875 MB
2020-01-01 23:34:49,626 Cached:1113.5 MB
2020-01-01 23:36:16,385 ==> Task[2]Epoch[5](300/401): Loss: 0.0005
2020-01-01 23:36:16,387 Allocated:33.03076171875 MB
2020-01-01 23:36:16,387 Cached:1113.5 MB
2020-01-01 23:37:18,588 ==> Task[2]Epoch[5](350/401): Loss: 0.1044
2020-01-01 23:37:18,590 Allocated:33.03076171875 MB
2020-01-01 23:37:18,590 Cached:1112.5 MB
2020-01-01 23:38:16,624 ==> Task[2]Epoch[5](400/401): Loss: 0.3504
2020-01-01 23:38:16,626 Allocated:33.03076171875 MB
2020-01-01 23:38:16,626 Cached:1111.5 MB
2020-01-01 23:38:17,132 ===> Task 2 Epoch 5 Complete: Avg. Loss: 0.0749
2020-01-01 23:38:17,134 begin test:
2020-01-01 23:38:17,134 ====> Extracting Features
2020-01-01 23:39:41,755 ==> Batch (50/72)
2020-01-01 23:40:15,872 ====> Building faiss index
2020-01-01 23:40:15,874 ====> Calculating recall @ N
2020-01-01 23:40:16,336 ====> Recall@1: 0.4951
2020-01-01 23:40:16,337 ====> Recall@2: 0.5443
2020-01-01 23:40:16,338 ====> Recall@3: 0.5725
2020-01-01 23:40:16,338 ====> Recall@4: 0.5887
2020-01-01 23:40:16,338 ====> Recall@5: 0.6006
2020-01-01 23:40:16,339 ====> Recall@10: 0.6354
2020-01-01 23:40:16,339 ====> Recall@15: 0.6577
2020-01-01 23:40:16,339 ====> Recall@20: 0.6672
2020-01-01 23:40:16,340 ====> Recall@25: 0.6786
2020-01-01 23:40:16,406 ====> Building Cache
2020-01-01 23:40:16,407 h5feat cache at: /home/annora/NetVLAD/output/train_feat_cache.hdf5
2020-01-01 23:43:11,886 Allocated:31.03076171875 MB
2020-01-01 23:43:11,886 Cached:9903.625 MB
2020-01-01 23:44:23,362 ==> Task[2]Epoch[6](50/401): Loss: 0.1411
2020-01-01 23:44:23,364 Allocated:33.03076171875 MB
2020-01-01 23:44:23,364 Cached:1111.5 MB
2020-01-01 23:45:24,720 ==> Task[2]Epoch[6](100/401): Loss: 0.1410
2020-01-01 23:45:24,722 Allocated:33.03076171875 MB
2020-01-01 23:45:24,722 Cached:1111.5 MB
2020-01-01 23:46:10,207 ==> Task[2]Epoch[6](150/401): Loss: 0.0481
2020-01-01 23:46:10,209 Allocated:33.03076171875 MB
2020-01-01 23:46:10,210 Cached:1112.5 MB
2020-01-01 23:47:00,645 ==> Task[2]Epoch[6](200/401): Loss: 0.2049
2020-01-01 23:47:00,663 Allocated:33.03076171875 MB
2020-01-01 23:47:00,663 Cached:1112.5 MB
2020-01-01 23:47:58,293 ==> Task[2]Epoch[6](250/401): Loss: 0.3215
2020-01-01 23:47:58,294 Allocated:33.03076171875 MB
2020-01-01 23:47:58,295 Cached:1111.5 MB
2020-01-01 23:48:55,728 ==> Task[2]Epoch[6](300/401): Loss: 0.0000
2020-01-01 23:48:55,732 Allocated:33.03076171875 MB
2020-01-01 23:48:55,732 Cached:1111.5 MB
2020-01-01 23:49:44,546 ==> Task[2]Epoch[6](350/401): Loss: 0.1584
2020-01-01 23:49:44,548 Allocated:33.03076171875 MB
2020-01-01 23:49:44,548 Cached:1112.5 MB
2020-01-01 23:50:29,076 ==> Task[2]Epoch[6](400/401): Loss: 0.3179
2020-01-01 23:50:29,078 Allocated:33.03076171875 MB
2020-01-01 23:50:29,078 Cached:1111.5 MB
2020-01-01 23:50:29,552 ===> Task 2 Epoch 6 Complete: Avg. Loss: 0.0888
2020-01-01 23:50:29,554 begin test:
2020-01-01 23:50:29,555 ====> Extracting Features
2020-01-01 23:51:48,029 ==> Batch (50/72)
2020-01-01 23:52:20,062 ====> Building faiss index
2020-01-01 23:52:20,063 ====> Calculating recall @ N
2020-01-01 23:52:20,649 ====> Recall@1: 0.5142
2020-01-01 23:52:20,650 ====> Recall@2: 0.5583
2020-01-01 23:52:20,650 ====> Recall@3: 0.5826
2020-01-01 23:52:20,651 ====> Recall@4: 0.5977
2020-01-01 23:52:20,651 ====> Recall@5: 0.6061
2020-01-01 23:52:20,651 ====> Recall@10: 0.6362
2020-01-01 23:52:20,651 ====> Recall@15: 0.6539
2020-01-01 23:52:20,651 ====> Recall@20: 0.6681
2020-01-01 23:52:20,651 ====> Recall@25: 0.6806
2020-01-01 23:52:20,718 ====> Building Cache
2020-01-01 23:52:20,718 h5feat cache at: /home/annora/NetVLAD/output/train_feat_cache.hdf5
2020-01-01 23:55:12,491 Allocated:31.03076171875 MB
2020-01-01 23:55:12,491 Cached:9903.625 MB
2020-01-01 23:56:15,463 ==> Task[2]Epoch[7](50/401): Loss: 0.1416
2020-01-01 23:56:15,465 Allocated:33.03076171875 MB
2020-01-01 23:56:15,465 Cached:1112.5 MB
2020-01-01 23:57:12,260 ==> Task[2]Epoch[7](100/401): Loss: 0.1053
2020-01-01 23:57:12,262 Allocated:33.03076171875 MB
2020-01-01 23:57:12,262 Cached:1112.5 MB
2020-01-01 23:58:02,305 ==> Task[2]Epoch[7](150/401): Loss: 0.0270
2020-01-01 23:58:02,306 Allocated:33.03076171875 MB
2020-01-01 23:58:02,306 Cached:1111.5 MB
2020-01-01 23:58:43,097 ==> Task[2]Epoch[7](200/401): Loss: 0.2248
2020-01-01 23:58:43,099 Allocated:33.03076171875 MB
2020-01-01 23:58:43,099 Cached:1111.5 MB
2020-01-01 23:59:45,517 ==> Task[2]Epoch[7](250/401): Loss: 0.3098
2020-01-01 23:59:45,520 Allocated:33.03076171875 MB
2020-01-01 23:59:45,520 Cached:1112.5 MB
2020-01-02 00:00:38,916 ==> Task[2]Epoch[7](300/401): Loss: 0.0080
2020-01-02 00:00:38,918 Allocated:33.03076171875 MB
2020-01-02 00:00:38,918 Cached:1111.5 MB
2020-01-02 00:01:28,467 ==> Task[2]Epoch[7](350/401): Loss: 0.1078
2020-01-02 00:01:28,468 Allocated:33.03076171875 MB
2020-01-02 00:01:28,469 Cached:1111.5 MB
2020-01-02 00:02:08,425 ==> Task[2]Epoch[7](400/401): Loss: 0.1795
2020-01-02 00:02:08,427 Allocated:33.03076171875 MB
2020-01-02 00:02:08,428 Cached:1111.5 MB
2020-01-02 00:02:08,890 ===> Task 2 Epoch 7 Complete: Avg. Loss: 0.0777
2020-01-02 00:02:08,891 begin test:
2020-01-02 00:02:08,892 ====> Extracting Features
2020-01-02 00:03:32,121 ==> Batch (50/72)
2020-01-02 00:04:01,154 ====> Building faiss index
2020-01-02 00:04:01,156 ====> Calculating recall @ N
2020-01-02 00:04:01,806 ====> Recall@1: 0.5061
2020-01-02 00:04:01,806 ====> Recall@2: 0.5557
2020-01-02 00:04:01,807 ====> Recall@3: 0.5829
2020-01-02 00:04:01,807 ====> Recall@4: 0.5968
2020-01-02 00:04:01,807 ====> Recall@5: 0.6072
2020-01-02 00:04:01,807 ====> Recall@10: 0.6441
2020-01-02 00:04:01,807 ====> Recall@15: 0.6649
2020-01-02 00:04:01,808 ====> Recall@20: 0.6814
2020-01-02 00:04:01,808 ====> Recall@25: 0.6936
2020-01-02 00:04:01,866 ====> Building Cache
2020-01-02 00:04:01,866 h5feat cache at: /home/annora/NetVLAD/output/train_feat_cache.hdf5
2020-01-02 00:06:56,730 Allocated:31.03076171875 MB
2020-01-02 00:06:56,730 Cached:9903.625 MB
2020-01-02 00:07:58,003 ==> Task[2]Epoch[8](50/401): Loss: 0.1328
2020-01-02 00:07:58,006 Allocated:33.03076171875 MB
2020-01-02 00:07:58,006 Cached:1112.5 MB
2020-01-02 00:08:49,338 ==> Task[2]Epoch[8](100/401): Loss: 0.0824
2020-01-02 00:08:49,341 Allocated:33.03076171875 MB
2020-01-02 00:08:49,342 Cached:1111.5 MB
2020-01-02 00:09:33,135 ==> Task[2]Epoch[8](150/401): Loss: 0.0054
2020-01-02 00:09:33,137 Allocated:33.03076171875 MB
2020-01-02 00:09:33,137 Cached:1111.5 MB
2020-01-02 00:10:16,025 ==> Task[2]Epoch[8](200/401): Loss: 0.1868
2020-01-02 00:10:16,027 Allocated:33.03076171875 MB
2020-01-02 00:10:16,027 Cached:1111.5 MB
2020-01-02 00:11:09,399 ==> Task[2]Epoch[8](250/401): Loss: 0.3128
2020-01-02 00:11:09,401 Allocated:33.03076171875 MB
2020-01-02 00:11:09,402 Cached:1112.5 MB
2020-01-02 00:12:05,651 ==> Task[2]Epoch[8](300/401): Loss: 0.0325
2020-01-02 00:12:05,654 Allocated:33.03076171875 MB
2020-01-02 00:12:05,656 Cached:1112.5 MB
2020-01-02 00:12:51,842 ==> Task[2]Epoch[8](350/401): Loss: 0.1343
2020-01-02 00:12:51,843 Allocated:33.03076171875 MB
2020-01-02 00:12:51,843 Cached:1112.5 MB
2020-01-02 00:13:32,395 ==> Task[2]Epoch[8](400/401): Loss: 0.1641
2020-01-02 00:13:32,397 Allocated:33.03076171875 MB
2020-01-02 00:13:32,397 Cached:1111.5 MB
2020-01-02 00:13:32,865 ===> Task 2 Epoch 8 Complete: Avg. Loss: 0.0749
2020-01-02 00:13:32,866 begin test:
2020-01-02 00:13:32,867 ====> Extracting Features
2020-01-02 00:14:50,933 ==> Batch (50/72)
2020-01-02 00:15:24,667 ====> Building faiss index
2020-01-02 00:15:24,669 ====> Calculating recall @ N
2020-01-02 00:15:25,270 ====> Recall@1: 0.5229
2020-01-02 00:15:25,271 ====> Recall@2: 0.5626
2020-01-02 00:15:25,271 ====> Recall@3: 0.5814
2020-01-02 00:15:25,272 ====> Recall@4: 0.5974
2020-01-02 00:15:25,272 ====> Recall@5: 0.6061
2020-01-02 00:15:25,272 ====> Recall@10: 0.6443
2020-01-02 00:15:25,272 ====> Recall@15: 0.6652
2020-01-02 00:15:25,273 ====> Recall@20: 0.6768
2020-01-02 00:15:25,273 ====> Recall@25: 0.6867
2020-01-02 00:15:25,333 ====> Building Cache
2020-01-02 00:15:25,333 h5feat cache at: /home/annora/NetVLAD/output/train_feat_cache.hdf5
2020-01-02 00:18:19,680 Allocated:31.03076171875 MB
2020-01-02 00:18:19,681 Cached:9903.625 MB
2020-01-02 00:19:14,594 ==> Task[2]Epoch[9](50/401): Loss: 0.1299
2020-01-02 00:19:14,596 Allocated:33.03076171875 MB
2020-01-02 00:19:14,597 Cached:1111.5 MB
2020-01-02 00:20:04,058 ==> Task[2]Epoch[9](100/401): Loss: 0.0662
2020-01-02 00:20:04,060 Allocated:33.03076171875 MB
2020-01-02 00:20:04,061 Cached:1112.5 MB
2020-01-02 00:20:47,598 ==> Task[2]Epoch[9](150/401): Loss: 0.0186
2020-01-02 00:20:47,601 Allocated:33.03076171875 MB
2020-01-02 00:20:47,603 Cached:1111.5 MB
2020-01-02 00:21:23,303 ==> Task[2]Epoch[9](200/401): Loss: 0.1958
2020-01-02 00:21:23,304 Allocated:33.03076171875 MB
2020-01-02 00:21:23,305 Cached:1111.5 MB
2020-01-02 00:22:19,529 ==> Task[2]Epoch[9](250/401): Loss: 0.2436
2020-01-02 00:22:19,531 Allocated:33.03076171875 MB
2020-01-02 00:22:19,531 Cached:1112.5 MB
2020-01-02 00:23:11,341 ==> Task[2]Epoch[9](300/401): Loss: 0.0000
2020-01-02 00:23:11,342 Allocated:33.03076171875 MB
2020-01-02 00:23:11,342 Cached:1111.5 MB
2020-01-02 00:23:52,940 ==> Task[2]Epoch[9](350/401): Loss: 0.0961
2020-01-02 00:23:52,941 Allocated:33.03076171875 MB
2020-01-02 00:23:52,942 Cached:1111.5 MB
2020-01-02 00:24:32,238 ==> Task[2]Epoch[9](400/401): Loss: 0.1229
2020-01-02 00:24:32,240 Allocated:33.03076171875 MB
2020-01-02 00:24:32,240 Cached:1112.5 MB
2020-01-02 00:24:32,715 ===> Task 2 Epoch 9 Complete: Avg. Loss: 0.0651
2020-01-02 00:24:32,716 begin test:
2020-01-02 00:24:32,717 ====> Extracting Features
2020-01-02 00:25:56,273 ==> Batch (50/72)
2020-01-02 00:26:27,015 ====> Building faiss index
2020-01-02 00:26:27,016 ====> Calculating recall @ N
2020-01-02 00:26:27,564 ====> Recall@1: 0.5194
2020-01-02 00:26:27,565 ====> Recall@2: 0.5597
2020-01-02 00:26:27,565 ====> Recall@3: 0.5942
2020-01-02 00:26:27,565 ====> Recall@4: 0.6096
2020-01-02 00:26:27,565 ====> Recall@5: 0.6191
2020-01-02 00:26:27,566 ====> Recall@10: 0.6562
2020-01-02 00:26:27,566 ====> Recall@15: 0.6728
2020-01-02 00:26:27,566 ====> Recall@20: 0.6820
2020-01-02 00:26:27,566 ====> Recall@25: 0.6922
2020-01-02 00:26:27,689 ====> Building Cache
2020-01-02 00:26:27,689 h5feat cache at: /home/annora/NetVLAD/output/train_feat_cache.hdf5
2020-01-02 00:29:22,625 Allocated:31.03076171875 MB
2020-01-02 00:29:22,626 Cached:9902.625 MB
2020-01-02 00:30:20,987 ==> Task[2]Epoch[10](50/401): Loss: 0.0997
2020-01-02 00:30:20,989 Allocated:33.03076171875 MB
2020-01-02 00:30:20,989 Cached:1110.5 MB
2020-01-02 00:31:08,905 ==> Task[2]Epoch[10](100/401): Loss: 0.0775
2020-01-02 00:31:08,909 Allocated:33.03076171875 MB
2020-01-02 00:31:08,910 Cached:1111.5 MB
2020-01-02 00:32:22,436 ==> Task[2]Epoch[10](200/401): Loss: 0.1619
2020-01-02 00:32:22,439 Allocated:33.03076171875 MB
2020-01-02 00:32:22,439 Cached:1111.5 MB
2020-01-02 00:33:21,648 ==> Task[2]Epoch[10](250/401): Loss: 0.2438
2020-01-02 00:33:21,651 Allocated:33.03076171875 MB
2020-01-02 00:33:21,651 Cached:1112.5 MB
2020-01-02 00:34:07,342 ==> Task[2]Epoch[10](300/401): Loss: 0.0000
2020-01-02 00:34:07,345 Allocated:33.03076171875 MB
2020-01-02 00:34:07,345 Cached:1112.5 MB
2020-01-02 00:34:53,420 ==> Task[2]Epoch[10](350/401): Loss: 0.0963
2020-01-02 00:34:53,424 Allocated:33.03076171875 MB
2020-01-02 00:34:53,424 Cached:1111.5 MB
2020-01-02 00:35:29,823 ==> Task[2]Epoch[10](400/401): Loss: 0.1280
2020-01-02 00:35:29,825 Allocated:33.03076171875 MB
2020-01-02 00:35:29,825 Cached:1111.5 MB
2020-01-02 00:35:30,326 ===> Task 2 Epoch 10 Complete: Avg. Loss: 0.0589
2020-01-02 00:35:30,327 begin test:
2020-01-02 00:35:30,328 ====> Extracting Features
2020-01-02 00:36:54,000 ==> Batch (50/72)
2020-01-02 00:37:22,952 ====> Building faiss index
2020-01-02 00:37:22,954 ====> Calculating recall @ N
2020-01-02 00:37:23,481 ====> Recall@1: 0.5319
2020-01-02 00:37:23,482 ====> Recall@2: 0.5768
2020-01-02 00:37:23,483 ====> Recall@3: 0.6003
2020-01-02 00:37:23,483 ====> Recall@4: 0.6119
2020-01-02 00:37:23,483 ====> Recall@5: 0.6214
2020-01-02 00:37:23,483 ====> Recall@10: 0.6536
2020-01-02 00:37:23,483 ====> Recall@15: 0.6713
2020-01-02 00:37:23,484 ====> Recall@20: 0.6852
2020-01-02 00:37:23,484 ====> Recall@25: 0.6971
2020-01-02 00:37:23,606 ====> Building Cache
2020-01-02 00:37:23,607 h5feat cache at: /home/annora/NetVLAD/output/train_feat_cache.hdf5
2020-01-02 00:40:18,767 Allocated:31.03076171875 MB
2020-01-02 00:40:18,767 Cached:9902.625 MB
2020-01-02 00:41:07,443 ==> Task[2]Epoch[11](50/401): Loss: 0.0988
2020-01-02 00:41:07,445 Allocated:33.03076171875 MB
2020-01-02 00:41:07,445 Cached:1111.5 MB
2020-01-02 00:41:54,939 ==> Task[2]Epoch[11](100/401): Loss: 0.0620
2020-01-02 00:41:54,940 Allocated:33.03076171875 MB
2020-01-02 00:41:54,941 Cached:1112.5 MB
2020-01-02 00:43:00,180 ==> Task[2]Epoch[11](200/401): Loss: 0.1801
2020-01-02 00:43:00,182 Allocated:33.03076171875 MB
2020-01-02 00:43:00,182 Cached:1112.5 MB
2020-01-02 00:43:56,988 ==> Task[2]Epoch[11](250/401): Loss: 0.2578
2020-01-02 00:43:56,990 Allocated:33.03076171875 MB
2020-01-02 00:43:56,990 Cached:1112.5 MB
2020-01-02 00:44:40,216 ==> Task[2]Epoch[11](300/401): Loss: 0.0000
2020-01-02 00:44:40,218 Allocated:33.03076171875 MB
2020-01-02 00:44:40,218 Cached:1111.5 MB
2020-01-02 00:45:20,590 ==> Task[2]Epoch[11](350/401): Loss: 0.0885
2020-01-02 00:45:20,598 Allocated:33.03076171875 MB
2020-01-02 00:45:20,598 Cached:1111.5 MB
2020-01-02 00:45:53,637 ==> Task[2]Epoch[11](400/401): Loss: 0.1950
2020-01-02 00:45:53,639 Allocated:33.03076171875 MB
2020-01-02 00:45:53,639 Cached:1111.5 MB
2020-01-02 00:45:54,009 ===> Task 2 Epoch 11 Complete: Avg. Loss: 0.0625
2020-01-02 00:45:54,010 begin test:
2020-01-02 00:45:54,011 ====> Extracting Features
2020-01-02 00:47:17,074 ==> Batch (50/72)
2020-01-02 00:47:46,877 ====> Building faiss index
2020-01-02 00:47:46,879 ====> Calculating recall @ N
2020-01-02 00:47:47,424 ====> Recall@1: 0.5380
2020-01-02 00:47:47,424 ====> Recall@2: 0.5843
2020-01-02 00:47:47,425 ====> Recall@3: 0.6049
2020-01-02 00:47:47,425 ====> Recall@4: 0.6159
2020-01-02 00:47:47,426 ====> Recall@5: 0.6252
2020-01-02 00:47:47,426 ====> Recall@10: 0.6533
2020-01-02 00:47:47,426 ====> Recall@15: 0.6739
2020-01-02 00:47:47,427 ====> Recall@20: 0.6858
2020-01-02 00:47:47,427 ====> Recall@25: 0.6971
2020-01-02 00:47:47,559 ====> Building Cache
2020-01-02 00:47:47,559 h5feat cache at: /home/annora/NetVLAD/output/train_feat_cache.hdf5
2020-01-02 00:50:41,846 Allocated:31.03076171875 MB
2020-01-02 00:50:41,847 Cached:9902.625 MB
2020-01-02 00:51:31,916 ==> Task[2]Epoch[12](50/401): Loss: 0.1166
2020-01-02 00:51:31,918 Allocated:33.03076171875 MB
2020-01-02 00:51:31,918 Cached:1111.5 MB
2020-01-02 00:52:16,631 ==> Task[2]Epoch[12](100/401): Loss: 0.0475
2020-01-02 00:52:16,633 Allocated:33.03076171875 MB
2020-01-02 00:52:16,633 Cached:1112.5 MB
2020-01-02 00:52:55,032 ==> Task[2]Epoch[12](150/401): Loss: 0.0301
2020-01-02 00:52:55,043 Allocated:33.03076171875 MB
2020-01-02 00:52:55,043 Cached:1113.5 MB
2020-01-02 00:53:20,762 ==> Task[2]Epoch[12](200/401): Loss: 0.1387
2020-01-02 00:53:20,763 Allocated:33.03076171875 MB
2020-01-02 00:53:20,764 Cached:1111.5 MB
2020-01-02 00:54:15,851 ==> Task[2]Epoch[12](250/401): Loss: 0.2006
2020-01-02 00:54:15,853 Allocated:33.03076171875 MB
2020-01-02 00:54:15,853 Cached:1111.5 MB
2020-01-02 00:54:55,863 ==> Task[2]Epoch[12](300/401): Loss: 0.0000
2020-01-02 00:54:55,865 Allocated:33.03076171875 MB
2020-01-02 00:54:55,865 Cached:1111.5 MB
2020-01-02 00:55:33,746 ==> Task[2]Epoch[12](350/401): Loss: 0.1088
2020-01-02 00:55:33,748 Allocated:33.03076171875 MB
2020-01-02 00:55:33,748 Cached:1111.5 MB
2020-01-02 00:56:05,517 ==> Task[2]Epoch[12](400/401): Loss: 0.1754
2020-01-02 00:56:05,525 Allocated:33.03076171875 MB
2020-01-02 00:56:05,525 Cached:1113.5 MB
2020-01-02 00:56:05,910 ===> Task 2 Epoch 12 Complete: Avg. Loss: 0.0613
2020-01-02 00:56:05,911 begin test:
2020-01-02 00:56:05,912 ====> Extracting Features
2020-01-02 00:57:26,684 ==> Batch (50/72)
2020-01-02 00:57:57,967 ====> Building faiss index
2020-01-02 00:57:57,969 ====> Calculating recall @ N
2020-01-02 00:57:58,651 ====> Recall@1: 0.5281
2020-01-02 00:57:58,652 ====> Recall@2: 0.5800
2020-01-02 00:57:58,652 ====> Recall@3: 0.5983
2020-01-02 00:57:58,653 ====> Recall@4: 0.6136
2020-01-02 00:57:58,653 ====> Recall@5: 0.6229
2020-01-02 00:57:58,653 ====> Recall@10: 0.6519
2020-01-02 00:57:58,654 ====> Recall@15: 0.6701
2020-01-02 00:57:58,654 ====> Recall@20: 0.6843
2020-01-02 00:57:58,654 ====> Recall@25: 0.6951
2020-01-02 00:57:58,722 ====> Building Cache
2020-01-02 00:57:58,723 h5feat cache at: /home/annora/NetVLAD/output/train_feat_cache.hdf5
2020-01-02 01:00:47,529 Allocated:31.03076171875 MB
2020-01-02 01:00:47,529 Cached:9902.625 MB
2020-01-02 01:01:40,827 ==> Task[2]Epoch[13](50/401): Loss: 0.1183
2020-01-02 01:01:40,829 Allocated:33.03076171875 MB
2020-01-02 01:01:40,830 Cached:1111.5 MB
2020-01-02 01:02:25,535 ==> Task[2]Epoch[13](100/401): Loss: 0.0496
2020-01-02 01:02:25,537 Allocated:33.03076171875 MB
2020-01-02 01:02:25,537 Cached:1112.5 MB
2020-01-02 01:03:29,417 ==> Task[2]Epoch[13](200/401): Loss: 0.1462
2020-01-02 01:03:29,422 Allocated:33.03076171875 MB
2020-01-02 01:03:29,427 Cached:1111.5 MB
2020-01-02 01:04:22,178 ==> Task[2]Epoch[13](250/401): Loss: 0.1855
2020-01-02 01:04:22,182 Allocated:33.03076171875 MB
2020-01-02 01:04:22,182 Cached:1111.5 MB
2020-01-02 01:05:08,792 ==> Task[2]Epoch[13](300/401): Loss: 0.0000
2020-01-02 01:05:08,797 Allocated:33.03076171875 MB
2020-01-02 01:05:08,799 Cached:1112.5 MB
2020-01-02 01:05:46,486 ==> Task[2]Epoch[13](350/401): Loss: 0.1103
2020-01-02 01:05:46,491 Allocated:33.03076171875 MB
2020-01-02 01:05:46,492 Cached:1111.5 MB
2020-01-02 01:06:17,321 ==> Task[2]Epoch[13](400/401): Loss: 0.1666
2020-01-02 01:06:17,324 Allocated:33.03076171875 MB
2020-01-02 01:06:17,324 Cached:1112.5 MB
2020-01-02 01:06:17,731 ===> Task 2 Epoch 13 Complete: Avg. Loss: 0.0557
2020-01-02 01:06:17,733 begin test:
2020-01-02 01:06:17,734 ====> Extracting Features
2020-01-02 01:07:38,789 ==> Batch (50/72)
2020-01-02 01:08:09,773 ====> Building faiss index
2020-01-02 01:08:09,775 ====> Calculating recall @ N
2020-01-02 01:08:10,314 ====> Recall@1: 0.5365
2020-01-02 01:08:10,314 ====> Recall@2: 0.5829
2020-01-02 01:08:10,315 ====> Recall@3: 0.6046
2020-01-02 01:08:10,315 ====> Recall@4: 0.6168
2020-01-02 01:08:10,315 ====> Recall@5: 0.6275
2020-01-02 01:08:10,315 ====> Recall@10: 0.6574
2020-01-02 01:08:10,316 ====> Recall@15: 0.6748
2020-01-02 01:08:10,316 ====> Recall@20: 0.6878
2020-01-02 01:08:10,316 ====> Recall@25: 0.6991
2020-01-02 01:08:10,449 ====> Building Cache
2020-01-02 01:08:10,450 h5feat cache at: /home/annora/NetVLAD/output/train_feat_cache.hdf5
2020-01-02 01:10:57,917 Allocated:31.03076171875 MB
2020-01-02 01:10:57,917 Cached:9902.625 MB
2020-01-02 01:11:52,994 ==> Task[2]Epoch[14](50/401): Loss: 0.0983
2020-01-02 01:11:52,997 Allocated:33.03076171875 MB
2020-01-02 01:11:52,997 Cached:1112.5 MB
2020-01-02 01:12:35,472 ==> Task[2]Epoch[14](100/401): Loss: 0.0345
2020-01-02 01:12:35,474 Allocated:33.03076171875 MB
2020-01-02 01:12:35,474 Cached:1112.5 MB
2020-01-02 01:13:42,744 ==> Task[2]Epoch[14](200/401): Loss: 0.1434
2020-01-02 01:13:42,746 Allocated:33.03076171875 MB
2020-01-02 01:13:42,746 Cached:1112.5 MB
2020-01-02 01:14:33,998 ==> Task[2]Epoch[14](250/401): Loss: 0.1901
2020-01-02 01:14:34,000 Allocated:33.03076171875 MB
2020-01-02 01:14:34,000 Cached:1111.5 MB
2020-01-02 01:15:13,993 ==> Task[2]Epoch[14](300/401): Loss: 0.0000
2020-01-02 01:15:13,994 Allocated:33.03076171875 MB
2020-01-02 01:15:13,994 Cached:1112.5 MB
2020-01-02 01:15:47,137 ==> Task[2]Epoch[14](350/401): Loss: 0.0980
2020-01-02 01:15:47,142 Allocated:33.03076171875 MB
2020-01-02 01:15:47,143 Cached:1111.5 MB
2020-01-02 01:16:18,665 ==> Task[2]Epoch[14](400/401): Loss: 0.1911
2020-01-02 01:16:18,668 Allocated:33.03076171875 MB
2020-01-02 01:16:18,668 Cached:1112.5 MB
2020-01-02 01:16:19,120 ===> Task 2 Epoch 14 Complete: Avg. Loss: 0.0568
2020-01-02 01:16:19,121 begin test:
2020-01-02 01:16:19,122 ====> Extracting Features
2020-01-02 01:17:39,743 ==> Batch (50/72)
2020-01-02 01:18:08,643 ====> Building faiss index
2020-01-02 01:18:08,646 ====> Calculating recall @ N
2020-01-02 01:18:09,623 ====> Recall@1: 0.5339
2020-01-02 01:18:09,625 ====> Recall@2: 0.5780
2020-01-02 01:18:09,627 ====> Recall@3: 0.5994
2020-01-02 01:18:09,629 ====> Recall@4: 0.6099
2020-01-02 01:18:09,630 ====> Recall@5: 0.6200
2020-01-02 01:18:09,631 ====> Recall@10: 0.6490
2020-01-02 01:18:09,632 ====> Recall@15: 0.6675
2020-01-02 01:18:09,633 ====> Recall@20: 0.6791
2020-01-02 01:18:09,635 ====> Recall@25: 0.6899
2020-01-02 01:18:09,724 ====> Building Cache
2020-01-02 01:18:09,727 h5feat cache at: /home/annora/NetVLAD/output/train_feat_cache.hdf5
2020-01-02 01:21:00,317 Allocated:31.03076171875 MB
2020-01-02 01:21:00,318 Cached:9902.625 MB
2020-01-02 01:21:52,788 ==> Task[2]Epoch[15](50/401): Loss: 0.1091
2020-01-02 01:21:52,791 Allocated:33.03076171875 MB
2020-01-02 01:21:52,791 Cached:1111.5 MB
2020-01-02 01:22:35,768 ==> Task[2]Epoch[15](100/401): Loss: 0.0550
2020-01-02 01:22:35,770 Allocated:33.03076171875 MB
2020-01-02 01:22:35,770 Cached:1111.5 MB
2020-01-02 01:23:11,740 ==> Task[2]Epoch[15](150/401): Loss: 0.0356
2020-01-02 01:23:11,741 Allocated:33.03076171875 MB
2020-01-02 01:23:11,741 Cached:1112.5 MB
2020-01-02 01:23:40,171 ==> Task[2]Epoch[15](200/401): Loss: 0.1362
2020-01-02 01:23:40,175 Allocated:33.03076171875 MB
2020-01-02 01:23:40,175 Cached:1111.5 MB
2020-01-02 01:24:29,679 ==> Task[2]Epoch[15](250/401): Loss: 0.1616
2020-01-02 01:24:29,681 Allocated:33.03076171875 MB
2020-01-02 01:24:29,682 Cached:1112.5 MB
2020-01-02 01:25:16,149 ==> Task[2]Epoch[15](300/401): Loss: 0.0008
2020-01-02 01:25:16,152 Allocated:33.03076171875 MB
2020-01-02 01:25:16,153 Cached:1112.5 MB
2020-01-02 01:25:50,252 ==> Task[2]Epoch[15](350/401): Loss: 0.0823
2020-01-02 01:25:50,257 Allocated:33.03076171875 MB
2020-01-02 01:25:50,259 Cached:1112.5 MB
2020-01-02 01:26:20,019 ==> Task[2]Epoch[15](400/401): Loss: 0.1407
2020-01-02 01:26:20,023 Allocated:33.03076171875 MB
2020-01-02 01:26:20,023 Cached:1112.5 MB
2020-01-02 01:26:20,433 ===> Task 2 Epoch 15 Complete: Avg. Loss: 0.0487
2020-01-02 01:26:20,435 begin test:
2020-01-02 01:26:20,437 ====> Extracting Features
2020-01-02 01:27:41,059 ==> Batch (50/72)
2020-01-02 01:28:10,569 ====> Building faiss index
2020-01-02 01:28:10,572 ====> Calculating recall @ N
2020-01-02 01:28:11,486 ====> Recall@1: 0.5446
2020-01-02 01:28:11,487 ====> Recall@2: 0.5791
2020-01-02 01:28:11,489 ====> Recall@3: 0.6012
2020-01-02 01:28:11,491 ====> Recall@4: 0.6139
2020-01-02 01:28:11,492 ====> Recall@5: 0.6267
2020-01-02 01:28:11,493 ====> Recall@10: 0.6586
2020-01-02 01:28:11,495 ====> Recall@15: 0.6765
2020-01-02 01:28:11,496 ====> Recall@20: 0.6861
2020-01-02 01:28:11,497 ====> Recall@25: 0.6983
2020-01-02 01:28:11,591 ====> Building Cache
2020-01-02 01:28:11,593 h5feat cache at: /home/annora/NetVLAD/output/train_feat_cache.hdf5
2020-01-02 01:31:01,809 Allocated:31.03076171875 MB
2020-01-02 01:31:01,810 Cached:9902.625 MB
2020-01-02 01:31:46,978 ==> Task[2]Epoch[16](50/401): Loss: 0.0972
2020-01-02 01:31:46,980 Allocated:33.03076171875 MB
2020-01-02 01:31:46,980 Cached:1111.5 MB
2020-01-02 01:32:29,187 ==> Task[2]Epoch[16](100/401): Loss: 0.0460
2020-01-02 01:32:29,191 Allocated:33.03076171875 MB
2020-01-02 01:32:29,192 Cached:1112.5 MB
2020-01-02 01:33:28,656 ==> Task[2]Epoch[16](200/401): Loss: 0.1370
2020-01-02 01:33:28,661 Allocated:33.03076171875 MB
2020-01-02 01:33:28,662 Cached:1111.5 MB
2020-01-02 01:34:19,328 ==> Task[2]Epoch[16](250/401): Loss: 0.1880
2020-01-02 01:34:19,331 Allocated:33.03076171875 MB
2020-01-02 01:34:19,331 Cached:1113.5 MB
2020-01-02 01:34:55,067 ==> Task[2]Epoch[16](300/401): Loss: 0.0000
2020-01-02 01:34:55,068 Allocated:33.03076171875 MB
2020-01-02 01:34:55,068 Cached:1111.5 MB
2020-01-02 01:35:28,396 ==> Task[2]Epoch[16](350/401): Loss: 0.1013
2020-01-02 01:35:28,397 Allocated:33.03076171875 MB
2020-01-02 01:35:28,397 Cached:1111.5 MB
2020-01-02 01:35:56,239 ==> Task[2]Epoch[16](400/401): Loss: 0.1736
2020-01-02 01:35:56,240 Allocated:33.03076171875 MB
2020-01-02 01:35:56,240 Cached:1111.5 MB
2020-01-02 01:35:56,573 ===> Task 2 Epoch 16 Complete: Avg. Loss: 0.0527
2020-01-02 01:35:56,575 begin test:
2020-01-02 01:35:56,576 ====> Extracting Features
2020-01-02 01:37:15,398 ==> Batch (50/72)
2020-01-02 01:37:44,344 ====> Building faiss index
2020-01-02 01:37:44,346 ====> Calculating recall @ N
2020-01-02 01:37:44,885 ====> Recall@1: 0.5293
2020-01-02 01:37:44,886 ====> Recall@2: 0.5751
2020-01-02 01:37:44,887 ====> Recall@3: 0.5957
2020-01-02 01:37:44,887 ====> Recall@4: 0.6099
2020-01-02 01:37:44,887 ====> Recall@5: 0.6232
2020-01-02 01:37:44,887 ====> Recall@10: 0.6551
2020-01-02 01:37:44,888 ====> Recall@15: 0.6739
2020-01-02 01:37:44,888 ====> Recall@20: 0.6878
2020-01-02 01:37:44,888 ====> Recall@25: 0.6962
2020-01-02 01:37:44,949 ====> Building Cache
2020-01-02 01:37:44,949 h5feat cache at: /home/annora/NetVLAD/output/train_feat_cache.hdf5
2020-01-02 01:40:36,889 Allocated:31.03076171875 MB
2020-01-02 01:40:36,889 Cached:9902.625 MB
2020-01-02 01:41:25,541 ==> Task[2]Epoch[17](50/401): Loss: 0.0898
2020-01-02 01:41:25,544 Allocated:33.03076171875 MB
2020-01-02 01:41:25,544 Cached:1112.5 MB
2020-01-02 01:42:09,078 ==> Task[2]Epoch[17](100/401): Loss: 0.0482
2020-01-02 01:42:09,079 Allocated:33.03076171875 MB
2020-01-02 01:42:09,079 Cached:1111.5 MB
2020-01-02 01:43:05,674 ==> Task[2]Epoch[17](200/401): Loss: 0.1376
2020-01-02 01:43:05,677 Allocated:33.03076171875 MB
2020-01-02 01:43:05,678 Cached:1112.5 MB
2020-01-02 01:43:55,939 ==> Task[2]Epoch[17](250/401): Loss: 0.1398
2020-01-02 01:43:55,941 Allocated:33.03076171875 MB
2020-01-02 01:43:55,941 Cached:1112.5 MB
2020-01-02 01:44:32,808 ==> Task[2]Epoch[17](300/401): Loss: 0.0061
2020-01-02 01:44:32,810 Allocated:33.03076171875 MB
2020-01-02 01:44:32,810 Cached:1112.5 MB
2020-01-02 01:45:05,212 ==> Task[2]Epoch[17](350/401): Loss: 0.1039
2020-01-02 01:45:05,213 Allocated:33.03076171875 MB
2020-01-02 01:45:05,213 Cached:1112.5 MB
2020-01-02 01:45:34,458 ==> Task[2]Epoch[17](400/401): Loss: 0.2100
2020-01-02 01:45:34,461 Allocated:33.03076171875 MB
2020-01-02 01:45:34,462 Cached:1112.5 MB
2020-01-02 01:45:34,831 ===> Task 2 Epoch 17 Complete: Avg. Loss: 0.0521
2020-01-02 01:45:34,833 begin test:
2020-01-02 01:45:34,834 ====> Extracting Features
2020-01-02 01:46:56,399 ==> Batch (50/72)
2020-01-02 01:47:25,529 ====> Building faiss index
2020-01-02 01:47:25,533 ====> Calculating recall @ N
2020-01-02 01:47:26,519 ====> Recall@1: 0.5409
2020-01-02 01:47:26,520 ====> Recall@2: 0.5791
2020-01-02 01:47:26,521 ====> Recall@3: 0.6006
2020-01-02 01:47:26,521 ====> Recall@4: 0.6128
2020-01-02 01:47:26,522 ====> Recall@5: 0.6264
2020-01-02 01:47:26,522 ====> Recall@10: 0.6597
2020-01-02 01:47:26,523 ====> Recall@15: 0.6762
2020-01-02 01:47:26,523 ====> Recall@20: 0.6887
2020-01-02 01:47:26,524 ====> Recall@25: 0.6983
2020-01-02 01:47:26,607 ====> Building Cache
2020-01-02 01:47:26,609 h5feat cache at: /home/annora/NetVLAD/output/train_feat_cache.hdf5
2020-01-02 01:50:17,621 Allocated:31.03076171875 MB
2020-01-02 01:50:17,622 Cached:9902.625 MB
2020-01-02 01:51:09,928 ==> Task[2]Epoch[18](50/401): Loss: 0.1007
2020-01-02 01:51:09,932 Allocated:33.03076171875 MB
2020-01-02 01:51:09,933 Cached:1112.5 MB
2020-01-02 01:51:49,568 ==> Task[2]Epoch[18](100/401): Loss: 0.0318
2020-01-02 01:51:49,570 Allocated:33.03076171875 MB
2020-01-02 01:51:49,570 Cached:1111.5 MB
2020-01-02 01:52:48,964 ==> Task[2]Epoch[18](200/401): Loss: 0.1385
2020-01-02 01:52:48,968 Allocated:33.03076171875 MB
2020-01-02 01:52:48,969 Cached:1112.5 MB
2020-01-02 01:53:36,446 ==> Task[2]Epoch[18](250/401): Loss: 0.1932
2020-01-02 01:53:36,448 Allocated:33.03076171875 MB
2020-01-02 01:53:36,448 Cached:1112.5 MB
2020-01-02 01:54:13,821 ==> Task[2]Epoch[18](300/401): Loss: 0.0254
2020-01-02 01:54:13,824 Allocated:33.03076171875 MB
2020-01-02 01:54:13,824 Cached:1113.5 MB
2020-01-02 01:54:46,171 ==> Task[2]Epoch[18](350/401): Loss: 0.0799
2020-01-02 01:54:46,173 Allocated:33.03076171875 MB
2020-01-02 01:54:46,173 Cached:1112.5 MB
2020-01-02 01:55:13,861 ==> Task[2]Epoch[18](400/401): Loss: 0.1809
2020-01-02 01:55:13,862 Allocated:33.03076171875 MB
2020-01-02 01:55:13,863 Cached:1111.5 MB
2020-01-02 01:55:14,408 ===> Task 2 Epoch 18 Complete: Avg. Loss: 0.0523
2020-01-02 01:55:14,409 begin test:
2020-01-02 01:55:14,410 ====> Extracting Features
2020-01-02 01:56:37,455 ==> Batch (50/72)
2020-01-02 01:57:07,253 ====> Building faiss index
2020-01-02 01:57:07,255 ====> Calculating recall @ N
2020-01-02 01:57:07,830 ====> Recall@1: 0.5307
2020-01-02 01:57:07,831 ====> Recall@2: 0.5800
2020-01-02 01:57:07,832 ====> Recall@3: 0.6017
2020-01-02 01:57:07,832 ====> Recall@4: 0.6154
2020-01-02 01:57:07,832 ====> Recall@5: 0.6246
2020-01-02 01:57:07,832 ====> Recall@10: 0.6559
2020-01-02 01:57:07,832 ====> Recall@15: 0.6759
2020-01-02 01:57:07,833 ====> Recall@20: 0.6864
2020-01-02 01:57:07,833 ====> Recall@25: 0.6974
2020-01-02 01:57:07,895 ====> Building Cache
2020-01-02 01:57:07,895 h5feat cache at: /home/annora/NetVLAD/output/train_feat_cache.hdf5
2020-01-02 01:59:56,459 Allocated:31.03076171875 MB
2020-01-02 01:59:56,460 Cached:9902.625 MB
2020-01-02 02:00:47,133 ==> Task[2]Epoch[19](50/401): Loss: 0.0976
2020-01-02 02:00:47,138 Allocated:33.03076171875 MB
2020-01-02 02:00:47,138 Cached:1111.5 MB
2020-01-02 02:01:27,171 ==> Task[2]Epoch[19](100/401): Loss: 0.0200
2020-01-02 02:01:27,172 Allocated:33.03076171875 MB
2020-01-02 02:01:27,173 Cached:1111.5 MB
2020-01-02 02:02:25,805 ==> Task[2]Epoch[19](200/401): Loss: 0.1282
2020-01-02 02:02:25,808 Allocated:33.03076171875 MB
2020-01-02 02:02:25,811 Cached:1112.5 MB
2020-01-02 02:03:16,171 ==> Task[2]Epoch[19](250/401): Loss: 0.1546
2020-01-02 02:03:16,178 Allocated:33.03076171875 MB
2020-01-02 02:03:16,178 Cached:1112.5 MB
2020-01-02 02:03:55,793 ==> Task[2]Epoch[19](300/401): Loss: 0.0000
2020-01-02 02:03:55,795 Allocated:33.03076171875 MB
2020-01-02 02:03:55,795 Cached:1112.5 MB
2020-01-02 02:04:30,901 ==> Task[2]Epoch[19](350/401): Loss: 0.0720
2020-01-02 02:04:30,902 Allocated:33.03076171875 MB
2020-01-02 02:04:30,902 Cached:1112.5 MB
2020-01-02 02:04:59,289 ==> Task[2]Epoch[19](400/401): Loss: 0.1734
2020-01-02 02:04:59,290 Allocated:33.03076171875 MB
2020-01-02 02:04:59,290 Cached:1112.5 MB
2020-01-02 02:04:59,681 ===> Task 2 Epoch 19 Complete: Avg. Loss: 0.0472
2020-01-02 02:04:59,682 begin test:
2020-01-02 02:04:59,683 ====> Extracting Features
2020-01-02 02:06:22,927 ==> Batch (50/72)
2020-01-02 02:06:50,263 ====> Building faiss index
2020-01-02 02:06:50,265 ====> Calculating recall @ N
2020-01-02 02:06:50,790 ====> Recall@1: 0.5374
2020-01-02 02:06:50,790 ====> Recall@2: 0.5765
2020-01-02 02:06:50,790 ====> Recall@3: 0.5974
2020-01-02 02:06:50,791 ====> Recall@4: 0.6119
2020-01-02 02:06:50,791 ====> Recall@5: 0.6252
2020-01-02 02:06:50,791 ====> Recall@10: 0.6594
2020-01-02 02:06:50,791 ====> Recall@15: 0.6742
2020-01-02 02:06:50,791 ====> Recall@20: 0.6901
2020-01-02 02:06:50,792 ====> Recall@25: 0.7009
2020-01-02 02:06:50,852 ====> Building Cache
2020-01-02 02:06:50,852 h5feat cache at: /home/annora/NetVLAD/output/train_feat_cache.hdf5
2020-01-02 02:09:42,600 Allocated:31.03076171875 MB
2020-01-02 02:09:42,601 Cached:9902.625 MB
2020-01-02 02:10:25,969 ==> Task[2]Epoch[20](50/401): Loss: 0.0981
2020-01-02 02:10:25,971 Allocated:33.03076171875 MB
2020-01-02 02:10:25,971 Cached:1111.5 MB
2020-01-02 02:11:08,522 ==> Task[2]Epoch[20](100/401): Loss: 0.0368
2020-01-02 02:11:08,523 Allocated:33.03076171875 MB
2020-01-02 02:11:08,523 Cached:1112.5 MB
2020-01-02 02:12:02,456 ==> Task[2]Epoch[20](200/401): Loss: 0.1219
2020-01-02 02:12:02,458 Allocated:33.03076171875 MB
2020-01-02 02:12:02,458 Cached:1112.5 MB
2020-01-02 02:12:54,011 ==> Task[2]Epoch[20](250/401): Loss: 0.1667
2020-01-02 02:12:54,013 Allocated:33.03076171875 MB
2020-01-02 02:12:54,013 Cached:1113.5 MB
2020-01-02 02:13:28,780 ==> Task[2]Epoch[20](300/401): Loss: 0.0000
2020-01-02 02:13:28,782 Allocated:33.03076171875 MB
2020-01-02 02:13:28,782 Cached:1111.5 MB
2020-01-02 02:14:00,425 ==> Task[2]Epoch[20](350/401): Loss: 0.0845
2020-01-02 02:14:00,426 Allocated:33.03076171875 MB
2020-01-02 02:14:00,427 Cached:1111.5 MB
2020-01-02 02:14:28,443 ==> Task[2]Epoch[20](400/401): Loss: 0.1805
2020-01-02 02:14:28,444 Allocated:33.03076171875 MB
2020-01-02 02:14:28,444 Cached:1111.5 MB
2020-01-02 02:14:28,791 ===> Task 2 Epoch 20 Complete: Avg. Loss: 0.0486
2020-01-02 02:14:28,792 begin test:
2020-01-02 02:14:28,793 ====> Extracting Features
2020-01-02 02:15:46,970 ==> Batch (50/72)
2020-01-02 02:16:18,284 ====> Building faiss index
2020-01-02 02:16:18,288 ====> Calculating recall @ N
2020-01-02 02:16:18,876 ====> Recall@1: 0.5377
2020-01-02 02:16:18,877 ====> Recall@2: 0.5739
2020-01-02 02:16:18,877 ====> Recall@3: 0.5977
2020-01-02 02:16:18,877 ====> Recall@4: 0.6113
2020-01-02 02:16:18,877 ====> Recall@5: 0.6214
2020-01-02 02:16:18,878 ====> Recall@10: 0.6574
2020-01-02 02:16:18,878 ====> Recall@15: 0.6765
2020-01-02 02:16:18,878 ====> Recall@20: 0.6881
2020-01-02 02:16:18,878 ====> Recall@25: 0.6991
2020-01-02 02:16:18,941 ====> Building Cache
2020-01-02 02:16:18,942 h5feat cache at: /home/annora/NetVLAD/output/train_feat_cache.hdf5
2020-01-02 02:19:08,274 Allocated:31.03076171875 MB
2020-01-02 02:19:08,275 Cached:9902.625 MB
2020-01-02 02:19:53,510 ==> Task[2]Epoch[21](50/401): Loss: 0.0935
2020-01-02 02:19:53,512 Allocated:33.03076171875 MB
2020-01-02 02:19:53,513 Cached:1110.5 MB
2020-01-02 02:20:32,490 ==> Task[2]Epoch[21](100/401): Loss: 0.0336
2020-01-02 02:20:32,492 Allocated:33.03076171875 MB
2020-01-02 02:20:32,492 Cached:1112.5 MB
2020-01-02 02:21:27,844 ==> Task[2]Epoch[21](200/401): Loss: 0.1334
2020-01-02 02:21:27,846 Allocated:33.03076171875 MB
2020-01-02 02:21:27,846 Cached:1112.5 MB
2020-01-02 02:22:16,629 ==> Task[2]Epoch[21](250/401): Loss: 0.1266
2020-01-02 02:22:16,631 Allocated:33.03076171875 MB
2020-01-02 02:22:16,631 Cached:1112.5 MB
2020-01-02 02:23:25,066 ==> Task[2]Epoch[21](350/401): Loss: 0.0874
2020-01-02 02:23:25,068 Allocated:33.03076171875 MB
2020-01-02 02:23:25,069 Cached:1112.5 MB
2020-01-02 02:23:51,740 ==> Task[2]Epoch[21](400/401): Loss: 0.1925
2020-01-02 02:23:51,742 Allocated:33.03076171875 MB
2020-01-02 02:23:51,742 Cached:1111.5 MB
2020-01-02 02:23:52,093 ===> Task 2 Epoch 21 Complete: Avg. Loss: 0.0489
2020-01-02 02:23:52,094 begin test:
2020-01-02 02:23:52,095 ====> Extracting Features
2020-01-02 02:25:14,032 ==> Batch (50/72)
2020-01-02 02:25:41,645 ====> Building faiss index
2020-01-02 02:25:41,649 ====> Calculating recall @ N
2020-01-02 02:25:42,412 ====> Recall@1: 0.5409
2020-01-02 02:25:42,413 ====> Recall@2: 0.5788
2020-01-02 02:25:42,413 ====> Recall@3: 0.5997
2020-01-02 02:25:42,414 ====> Recall@4: 0.6104
2020-01-02 02:25:42,414 ====> Recall@5: 0.6194
2020-01-02 02:25:42,414 ====> Recall@10: 0.6530
2020-01-02 02:25:42,414 ====> Recall@15: 0.6730
2020-01-02 02:25:42,414 ====> Recall@20: 0.6881
2020-01-02 02:25:42,415 ====> Recall@25: 0.6997
2020-01-02 02:25:42,475 ====> Building Cache
2020-01-02 02:25:42,475 h5feat cache at: /home/annora/NetVLAD/output/train_feat_cache.hdf5
2020-01-02 02:28:33,995 Allocated:31.03076171875 MB
2020-01-02 02:28:33,996 Cached:9902.625 MB
2020-01-02 02:29:25,335 ==> Task[2]Epoch[22](50/401): Loss: 0.0888
2020-01-02 02:29:25,340 Allocated:33.03076171875 MB
2020-01-02 02:29:25,341 Cached:1111.5 MB
2020-01-02 02:30:03,805 ==> Task[2]Epoch[22](100/401): Loss: 0.0262
2020-01-02 02:30:03,806 Allocated:33.03076171875 MB
2020-01-02 02:30:03,807 Cached:1112.5 MB
2020-01-02 02:30:55,845 ==> Task[2]Epoch[22](200/401): Loss: 0.1309
2020-01-02 02:30:55,847 Allocated:33.03076171875 MB
2020-01-02 02:30:55,847 Cached:1111.5 MB
2020-01-02 02:31:48,077 ==> Task[2]Epoch[22](250/401): Loss: 0.1655
2020-01-02 02:31:48,080 Allocated:33.03076171875 MB
2020-01-02 02:31:48,080 Cached:1112.5 MB
2020-01-02 02:32:21,919 ==> Task[2]Epoch[22](300/401): Loss: 0.0053
2020-01-02 02:32:21,921 Allocated:33.03076171875 MB
2020-01-02 02:32:21,921 Cached:1112.5 MB
2020-01-02 02:32:54,619 ==> Task[2]Epoch[22](350/401): Loss: 0.0762
2020-01-02 02:32:54,620 Allocated:33.03076171875 MB
2020-01-02 02:32:54,621 Cached:1111.5 MB
2020-01-02 02:33:22,294 ==> Task[2]Epoch[22](400/401): Loss: 0.1825
2020-01-02 02:33:22,296 Allocated:33.03076171875 MB
2020-01-02 02:33:22,296 Cached:1112.5 MB
2020-01-02 02:33:22,636 ===> Task 2 Epoch 22 Complete: Avg. Loss: 0.0469
2020-01-02 02:33:22,638 begin test:
2020-01-02 02:33:22,639 ====> Extracting Features
2020-01-02 02:34:40,068 ==> Batch (50/72)
2020-01-02 02:35:11,565 ====> Building faiss index
2020-01-02 02:35:11,568 ====> Calculating recall @ N
2020-01-02 02:35:12,414 ====> Recall@1: 0.5432
2020-01-02 02:35:12,415 ====> Recall@2: 0.5794
2020-01-02 02:35:12,417 ====> Recall@3: 0.5991
2020-01-02 02:35:12,419 ====> Recall@4: 0.6136
2020-01-02 02:35:12,420 ====> Recall@5: 0.6223
2020-01-02 02:35:12,421 ====> Recall@10: 0.6588
2020-01-02 02:35:12,422 ====> Recall@15: 0.6759
2020-01-02 02:35:12,423 ====> Recall@20: 0.6901
2020-01-02 02:35:12,423 ====> Recall@25: 0.6983
2020-01-02 02:35:12,506 ====> Building Cache
2020-01-02 02:35:12,508 h5feat cache at: /home/annora/NetVLAD/output/train_feat_cache.hdf5
2020-01-02 02:38:01,782 Allocated:31.03076171875 MB
2020-01-02 02:38:01,782 Cached:9902.625 MB
2020-01-02 02:38:49,373 ==> Task[2]Epoch[23](50/401): Loss: 0.0908
2020-01-02 02:38:49,375 Allocated:33.03076171875 MB
2020-01-02 02:38:49,375 Cached:1112.5 MB
2020-01-02 02:39:27,505 ==> Task[2]Epoch[23](100/401): Loss: 0.0288
2020-01-02 02:39:27,509 Allocated:33.03076171875 MB
2020-01-02 02:39:27,509 Cached:1112.5 MB
2020-01-02 02:40:23,271 ==> Task[2]Epoch[23](200/401): Loss: 0.1310
2020-01-02 02:40:23,273 Allocated:33.03076171875 MB
2020-01-02 02:40:23,273 Cached:1112.5 MB
2020-01-02 02:41:11,363 ==> Task[2]Epoch[23](250/401): Loss: 0.1666
2020-01-02 02:41:11,366 Allocated:33.03076171875 MB
2020-01-02 02:41:11,366 Cached:1112.5 MB
2020-01-02 02:42:19,454 ==> Task[2]Epoch[23](350/401): Loss: 0.0980
2020-01-02 02:42:19,456 Allocated:33.03076171875 MB
2020-01-02 02:42:19,456 Cached:1112.5 MB
2020-01-02 02:42:45,466 ==> Task[2]Epoch[23](400/401): Loss: 0.1450
2020-01-02 02:42:45,467 Allocated:33.03076171875 MB
2020-01-02 02:42:45,468 Cached:1113.5 MB
2020-01-02 02:42:45,910 ===> Task 2 Epoch 23 Complete: Avg. Loss: 0.0476
2020-01-02 02:42:45,911 begin test:
2020-01-02 02:42:45,912 ====> Extracting Features
2020-01-02 02:44:06,757 ==> Batch (50/72)
2020-01-02 02:44:35,426 ====> Building faiss index
2020-01-02 02:44:35,431 ====> Calculating recall @ N
2020-01-02 02:44:36,571 ====> Recall@1: 0.5319
2020-01-02 02:44:36,572 ====> Recall@2: 0.5725
2020-01-02 02:44:36,573 ====> Recall@3: 0.5954
2020-01-02 02:44:36,574 ====> Recall@4: 0.6075
2020-01-02 02:44:36,574 ====> Recall@5: 0.6168
2020-01-02 02:44:36,574 ====> Recall@10: 0.6458
2020-01-02 02:44:36,575 ====> Recall@15: 0.6646
2020-01-02 02:44:36,575 ====> Recall@20: 0.6797
2020-01-02 02:44:36,576 ====> Recall@25: 0.6899
2020-01-02 02:44:36,662 ====> Building Cache
2020-01-02 02:44:36,663 h5feat cache at: /home/annora/NetVLAD/output/train_feat_cache.hdf5
2020-01-02 02:47:27,357 Allocated:31.03076171875 MB
2020-01-02 02:47:27,357 Cached:9902.625 MB
2020-01-02 02:48:10,556 ==> Task[2]Epoch[24](50/401): Loss: 0.0844
2020-01-02 02:48:10,558 Allocated:33.03076171875 MB
2020-01-02 02:48:10,558 Cached:1111.5 MB
2020-01-02 02:48:48,434 ==> Task[2]Epoch[24](100/401): Loss: 0.0144
2020-01-02 02:48:48,438 Allocated:33.03076171875 MB
2020-01-02 02:48:48,438 Cached:1111.5 MB
2020-01-02 02:49:41,556 ==> Task[2]Epoch[24](200/401): Loss: 0.1303
2020-01-02 02:49:41,558 Allocated:33.03076171875 MB
2020-01-02 02:49:41,558 Cached:1112.5 MB
2020-01-02 02:50:30,866 ==> Task[2]Epoch[24](250/401): Loss: 0.1318
2020-01-02 02:50:30,868 Allocated:33.03076171875 MB
2020-01-02 02:50:30,869 Cached:1112.5 MB
2020-01-02 02:51:05,655 ==> Task[2]Epoch[24](300/401): Loss: 0.0000
2020-01-02 02:51:05,656 Allocated:33.03076171875 MB
2020-01-02 02:51:05,656 Cached:1112.5 MB
2020-01-02 02:51:37,765 ==> Task[2]Epoch[24](350/401): Loss: 0.0672
2020-01-02 02:51:37,767 Allocated:33.03076171875 MB
2020-01-02 02:51:37,767 Cached:1112.5 MB
2020-01-02 02:52:05,243 ==> Task[2]Epoch[24](400/401): Loss: 0.1798
2020-01-02 02:52:05,244 Allocated:33.03076171875 MB
2020-01-02 02:52:05,244 Cached:1111.5 MB
2020-01-02 02:52:05,628 ===> Task 2 Epoch 24 Complete: Avg. Loss: 0.0465
2020-01-02 02:52:05,630 begin test:
2020-01-02 02:52:05,631 ====> Extracting Features
2020-01-02 02:53:26,033 ==> Batch (50/72)
2020-01-02 02:53:56,105 ====> Building faiss index
2020-01-02 02:53:56,107 ====> Calculating recall @ N
2020-01-02 02:53:56,870 ====> Recall@1: 0.5374
2020-01-02 02:53:56,870 ====> Recall@2: 0.5777
2020-01-02 02:53:56,871 ====> Recall@3: 0.5930
2020-01-02 02:53:56,871 ====> Recall@4: 0.6084
2020-01-02 02:53:56,872 ====> Recall@5: 0.6206
2020-01-02 02:53:56,872 ====> Recall@10: 0.6533
2020-01-02 02:53:56,872 ====> Recall@15: 0.6713
2020-01-02 02:53:56,873 ====> Recall@20: 0.6843
2020-01-02 02:53:56,873 ====> Recall@25: 0.6954
2020-01-02 02:53:56,941 Performance did not improve for 10 epochs. Stopping.
2020-01-02 02:53:56,942 => Best Recall@5: 0.6275
2020-01-02 02:53:57,005 => Task 2 loaded checkpoint '/home/annora/NetVLAD/output/runs/2020-01-01-18-26-39_alexnet_max/checkpoints/model_best1.pth.tar' 
