2020-01-12 08:10:35,672 Namespace(arch='alexnet', batchSize=12, cacheBatchSize=96, cachePath='/home/annora/NetVLAD/output/', cacheRefreshRate=3000, ckpt='best', contilearn=False, dataPath='/home/annora/NetVLAD/output/data/', dataset='robotcar', evalEvery=1, fromscratch=True, fromtask='/home/annora/NetVLAD/output/runs/2020-01-11-19-45-30_alexnet_netvlad', lr=0.001, lrGamma=0.5, lrStep=5, margin=0.1, mode='train', momentum=0.9, nEpochs=30, nGPU=1, nocuda=False, num_clusters=64, optim='SGD', patience=10, pooling='netvlad', premodel='imagenet', resume='', runsPath='/home/annora/NetVLAD/output/runs/', savePath='checkpoints', seed=123, split='val', start_epoch=0, threads=8, vladv2=False, weightDecay=0.001)
2020-01-12 08:10:35,762 ===> Loading dataset(s)
2020-01-12 08:10:35,762 trainfile ------>>>>>> oxRobocar_doubleN_train.mat
2020-01-12 08:10:38,464 ====> Training set: oxRobocar_doubleN_train.mat, query set count: 6404
2020-01-12 08:10:38,571 ===> Evaluating on val set: oxRobocar_doubleN_val.mat, query count: 3450
2020-01-12 08:10:38,571 ===> Building model
2020-01-12 08:10:38,625 encoder moder:
AlexNet(
  (conv1): Sequential(
    (0): Conv2d(3, 64, kernel_size=(11, 11), stride=(4, 4), padding=(2, 2))
    (1): ReLU(inplace)
    (2): MaxPool2d(kernel_size=3, stride=2, padding=0, dilation=1, ceil_mode=False)
  )
  (conv2): Sequential(
    (0): Conv2d(64, 192, kernel_size=(5, 5), stride=(1, 1), padding=(2, 2))
    (1): ReLU(inplace)
    (2): MaxPool2d(kernel_size=3, stride=2, padding=0, dilation=1, ceil_mode=False)
  )
  (conv3): Sequential(
    (0): Conv2d(192, 384, kernel_size=(3, 3), stride=(1, 1), padding=(1, 1))
    (1): ReLU(inplace)
  )
  (conv4): Sequential(
    (0): Conv2d(384, 256, kernel_size=(3, 3), stride=(1, 1), padding=(1, 1))
    (1): ReLU(inplace)
  )
  (conv5): Sequential(
    (0): Conv2d(256, 256, kernel_size=(3, 3), stride=(1, 1), padding=(1, 1))
  )
)
2020-01-12 08:10:42,766 => loading checkpoint '/home/annora/NetVLAD/output/runs/2020-01-11-19-45-30_alexnet_netvlad/checkpoints/model_best.pth.tar'
2020-01-12 08:10:42,785 => loaded checkpoint '/home/annora/NetVLAD/output/runs/2020-01-11-19-45-30_alexnet_netvlad/checkpoints/model_best.pth.tar' 
2020-01-12 08:10:42,785 ===> Training model
2020-01-12 08:10:42,788 ===> Saving state to: /home/annora/NetVLAD/output/runs/2020-01-12-08-10-42_alexnet_netvlad
2020-01-12 08:10:42,788 ====> Building Cache
2020-01-12 08:10:42,788 feature cache--->>> /home/annora/NetVLAD/output/train_feat_cache3.hdf5
2020-01-12 08:12:18,326 Allocated:11.71826171875 MB
2020-01-12 08:12:18,326 Cached:2776.125 MB
2020-01-12 08:14:22,196 ==> Epoch[1](50/534): Loss: 0.0669
2020-01-12 08:14:22,201 Allocated:33.15576171875 MB
2020-01-12 08:14:22,201 Cached:6669.125 MB
2020-01-12 08:15:48,485 ==> Epoch[1](100/534): Loss: 0.0886
2020-01-12 08:15:48,487 Allocated:33.15576171875 MB
2020-01-12 08:15:48,487 Cached:6669.125 MB
2020-01-12 08:17:11,874 ==> Epoch[1](150/534): Loss: 0.0390
2020-01-12 08:17:11,876 Allocated:33.15576171875 MB
2020-01-12 08:17:11,877 Cached:6669.125 MB
2020-01-12 08:18:00,410 ====> Building Cache
2020-01-12 08:18:00,411 feature cache--->>> /home/annora/NetVLAD/output/train_feat_cache3.hdf5
2020-01-12 08:19:34,060 Allocated:33.1552734375 MB
2020-01-12 08:19:34,060 Cached:3384.375 MB
2020-01-12 08:20:50,827 ==> Epoch[1](200/534): Loss: 0.1215
2020-01-12 08:20:50,829 Allocated:33.15576171875 MB
2020-01-12 08:20:50,830 Cached:9745.125 MB
2020-01-12 08:22:22,795 ==> Epoch[1](250/534): Loss: 0.0477
2020-01-12 08:22:22,797 Allocated:33.15576171875 MB
2020-01-12 08:22:22,797 Cached:9745.125 MB
2020-01-12 08:23:54,016 ==> Epoch[1](300/534): Loss: 0.1446
2020-01-12 08:23:54,019 Allocated:33.15576171875 MB
2020-01-12 08:23:54,019 Cached:9745.125 MB
2020-01-12 08:25:36,927 ==> Epoch[1](350/534): Loss: 0.1284
2020-01-12 08:25:36,929 Allocated:33.15576171875 MB
2020-01-12 08:25:36,929 Cached:9745.125 MB
2020-01-12 08:25:39,735 ====> Building Cache
2020-01-12 08:25:39,737 feature cache--->>> /home/annora/NetVLAD/output/train_feat_cache3.hdf5
2020-01-12 08:27:06,993 Allocated:33.1552734375 MB
2020-01-12 08:27:06,994 Cached:3384.375 MB
2020-01-12 08:28:56,423 ==> Epoch[1](400/534): Loss: 0.0722
2020-01-12 08:28:56,425 Allocated:33.15576171875 MB
2020-01-12 08:28:56,425 Cached:6827.75 MB
2020-01-12 08:30:27,289 ==> Epoch[1](450/534): Loss: 0.0826
2020-01-12 08:30:27,291 Allocated:33.15576171875 MB
2020-01-12 08:30:27,291 Cached:6827.75 MB
2020-01-12 08:32:02,405 ==> Epoch[1](500/534): Loss: 0.0668
2020-01-12 08:32:02,407 Allocated:33.15576171875 MB
2020-01-12 08:32:02,407 Cached:6827.75 MB
2020-01-12 08:33:04,631 ===> Epoch 1 Complete: Avg. Loss: 0.0992
2020-01-12 08:33:04,633 ====> Extracting Features
2020-01-12 08:33:42,910 ==> Batch (50/108)
2020-01-12 08:34:06,684 ==> Batch (100/108)
2020-01-12 08:34:11,185 ====> Building faiss index
2020-01-12 08:34:11,543 ====> Calculating recall @ N
2020-01-12 08:34:13,762 ====> Recall@1: 0.5075
2020-01-12 08:34:13,762 ====> Recall@2: 0.5504
2020-01-12 08:34:13,763 ====> Recall@3: 0.5733
2020-01-12 08:34:13,764 ====> Recall@4: 0.5951
2020-01-12 08:34:13,764 ====> Recall@5: 0.6035
2020-01-12 08:34:13,764 ====> Recall@10: 0.6394
2020-01-12 08:34:13,764 ====> Recall@15: 0.6617
2020-01-12 08:34:13,764 ====> Recall@20: 0.6751
2020-01-12 08:34:13,765 ====> Recall@25: 0.6858
2020-01-12 08:34:13,877 ====> Building Cache
2020-01-12 08:34:13,878 feature cache--->>> /home/annora/NetVLAD/output/train_feat_cache3.hdf5
2020-01-12 08:35:41,910 Allocated:31.15576171875 MB
2020-01-12 08:35:41,910 Cached:4239.125 MB
2020-01-12 08:37:57,389 ==> Epoch[2](50/534): Loss: 0.0480
2020-01-12 08:37:57,391 Allocated:33.15576171875 MB
2020-01-12 08:37:57,392 Cached:4419.5 MB
2020-01-12 08:39:16,629 ==> Epoch[2](100/534): Loss: 0.0480
2020-01-12 08:39:16,630 Allocated:33.15576171875 MB
2020-01-12 08:39:16,631 Cached:4419.5 MB
2020-01-12 08:40:32,854 ==> Epoch[2](150/534): Loss: 0.0497
2020-01-12 08:40:32,856 Allocated:33.15576171875 MB
2020-01-12 08:40:32,856 Cached:4419.5 MB
2020-01-12 08:41:17,608 ====> Building Cache
2020-01-12 08:41:17,609 feature cache--->>> /home/annora/NetVLAD/output/train_feat_cache3.hdf5
2020-01-12 08:42:46,917 Allocated:33.1552734375 MB
2020-01-12 08:42:46,917 Cached:3384.375 MB
2020-01-12 08:44:04,239 ==> Epoch[2](200/534): Loss: 0.1414
2020-01-12 08:44:04,242 Allocated:33.15576171875 MB
2020-01-12 08:44:04,242 Cached:4869.625 MB
2020-01-12 08:45:24,624 ==> Epoch[2](250/534): Loss: 0.0830
2020-01-12 08:45:24,627 Allocated:33.15576171875 MB
2020-01-12 08:45:24,627 Cached:4870.625 MB
2020-01-12 08:46:52,307 ==> Epoch[2](300/534): Loss: 0.0197
2020-01-12 08:46:52,309 Allocated:33.15576171875 MB
2020-01-12 08:46:52,309 Cached:4870.625 MB
2020-01-12 08:48:20,825 ==> Epoch[2](350/534): Loss: 0.0973
2020-01-12 08:48:20,826 Allocated:33.15576171875 MB
2020-01-12 08:48:20,827 Cached:4870.625 MB
2020-01-12 08:48:34,041 ====> Building Cache
2020-01-12 08:48:34,041 feature cache--->>> /home/annora/NetVLAD/output/train_feat_cache3.hdf5
2020-01-12 08:50:15,780 Allocated:33.1552734375 MB
2020-01-12 08:50:15,781 Cached:3384.375 MB
2020-01-12 08:52:10,355 ==> Epoch[2](400/534): Loss: 0.0349
2020-01-12 08:52:10,357 Allocated:33.15576171875 MB
2020-01-12 08:52:10,357 Cached:5795.75 MB
2020-01-12 08:53:31,640 ==> Epoch[2](450/534): Loss: 0.0792
2020-01-12 08:53:31,641 Allocated:33.15576171875 MB
2020-01-12 08:53:31,642 Cached:4069.5 MB
2020-01-12 08:54:50,183 ==> Epoch[2](500/534): Loss: 0.0116
2020-01-12 08:54:50,185 Allocated:33.15576171875 MB
2020-01-12 08:54:50,185 Cached:4071.5 MB
2020-01-12 08:55:47,747 ===> Epoch 2 Complete: Avg. Loss: 0.0728
2020-01-12 08:55:47,749 ====> Extracting Features
2020-01-12 08:56:25,382 ==> Batch (50/108)
2020-01-12 08:56:48,347 ==> Batch (100/108)
2020-01-12 08:56:52,181 ====> Building faiss index
2020-01-12 08:56:52,534 ====> Calculating recall @ N
2020-01-12 08:56:54,943 ====> Recall@1: 0.4730
2020-01-12 08:56:54,944 ====> Recall@2: 0.5087
2020-01-12 08:56:54,944 ====> Recall@3: 0.5475
2020-01-12 08:56:54,944 ====> Recall@4: 0.5664
2020-01-12 08:56:54,945 ====> Recall@5: 0.5759
2020-01-12 08:56:54,945 ====> Recall@10: 0.6151
2020-01-12 08:56:54,945 ====> Recall@15: 0.6383
2020-01-12 08:56:54,945 ====> Recall@20: 0.6562
2020-01-12 08:56:54,945 ====> Recall@25: 0.6707
2020-01-12 08:56:55,067 ====> Building Cache
2020-01-12 08:56:55,067 feature cache--->>> /home/annora/NetVLAD/output/train_feat_cache3.hdf5
2020-01-12 08:58:25,594 Allocated:31.15576171875 MB
2020-01-12 08:58:25,595 Cached:4239.125 MB
2020-01-12 09:00:39,226 ==> Epoch[3](50/534): Loss: 0.0321
2020-01-12 09:00:39,228 Allocated:33.15576171875 MB
2020-01-12 09:00:39,229 Cached:3180.25 MB
2020-01-12 09:02:04,484 ==> Epoch[3](100/534): Loss: 0.0281
2020-01-12 09:02:04,486 Allocated:33.15576171875 MB
2020-01-12 09:02:04,486 Cached:3180.25 MB
2020-01-12 09:03:32,965 ==> Epoch[3](150/534): Loss: 0.0247
2020-01-12 09:03:32,967 Allocated:33.15576171875 MB
2020-01-12 09:03:32,967 Cached:3180.25 MB
2020-01-12 09:04:12,488 ====> Building Cache
2020-01-12 09:04:12,489 feature cache--->>> /home/annora/NetVLAD/output/train_feat_cache3.hdf5
2020-01-12 09:05:40,383 Allocated:33.1552734375 MB
2020-01-12 09:05:40,383 Cached:3384.375 MB
2020-01-12 09:06:58,598 ==> Epoch[3](200/534): Loss: 0.1560
2020-01-12 09:06:58,601 Allocated:33.15576171875 MB
2020-01-12 09:06:58,601 Cached:5727.875 MB
2020-01-12 09:08:29,458 ==> Epoch[3](250/534): Loss: 0.2149
2020-01-12 09:08:29,461 Allocated:33.15576171875 MB
2020-01-12 09:08:29,461 Cached:8135.875 MB
2020-01-12 09:10:06,384 ==> Epoch[3](300/534): Loss: 0.1251
2020-01-12 09:10:06,386 Allocated:33.15576171875 MB
2020-01-12 09:10:06,387 Cached:8135.875 MB
2020-01-12 09:11:40,474 ==> Epoch[3](350/534): Loss: 0.2450
2020-01-12 09:11:40,476 Allocated:33.15576171875 MB
2020-01-12 09:11:40,476 Cached:9363.25 MB
2020-01-12 09:11:45,884 ====> Building Cache
2020-01-12 09:11:45,885 feature cache--->>> /home/annora/NetVLAD/output/train_feat_cache3.hdf5
2020-01-12 09:13:14,099 Allocated:33.1552734375 MB
2020-01-12 09:13:14,100 Cached:3384.375 MB
2020-01-12 09:15:03,609 ==> Epoch[3](400/534): Loss: 0.0306
2020-01-12 09:15:03,612 Allocated:33.15576171875 MB
2020-01-12 09:15:03,612 Cached:8210.25 MB
2020-01-12 09:16:23,788 ==> Epoch[3](450/534): Loss: 0.0577
2020-01-12 09:16:23,790 Allocated:33.15576171875 MB
2020-01-12 09:16:23,790 Cached:4854.25 MB
2020-01-12 09:17:38,546 ==> Epoch[3](500/534): Loss: 0.0424
2020-01-12 09:17:38,547 Allocated:33.15576171875 MB
2020-01-12 09:17:38,547 Cached:4854.25 MB
2020-01-12 09:18:37,181 ===> Epoch 3 Complete: Avg. Loss: 0.0723
2020-01-12 09:18:37,183 ====> Extracting Features
2020-01-12 09:19:13,001 ==> Batch (50/108)
2020-01-12 09:19:35,564 ==> Batch (100/108)
2020-01-12 09:19:40,209 ====> Building faiss index
2020-01-12 09:19:40,562 ====> Calculating recall @ N
2020-01-12 09:19:42,758 ====> Recall@1: 0.5003
2020-01-12 09:19:42,758 ====> Recall@2: 0.5412
2020-01-12 09:19:42,759 ====> Recall@3: 0.5612
2020-01-12 09:19:42,759 ====> Recall@4: 0.5751
2020-01-12 09:19:42,760 ====> Recall@5: 0.5843
2020-01-12 09:19:42,760 ====> Recall@10: 0.6281
2020-01-12 09:19:42,760 ====> Recall@15: 0.6449
2020-01-12 09:19:42,760 ====> Recall@20: 0.6600
2020-01-12 09:19:42,760 ====> Recall@25: 0.6768
2020-01-12 09:19:42,876 ====> Building Cache
2020-01-12 09:19:42,877 feature cache--->>> /home/annora/NetVLAD/output/train_feat_cache3.hdf5
2020-01-12 09:21:11,857 Allocated:31.15576171875 MB
2020-01-12 09:21:11,857 Cached:4239.125 MB
2020-01-12 09:23:02,686 ==> Epoch[4](50/534): Loss: 0.0196
2020-01-12 09:23:02,690 Allocated:33.15576171875 MB
2020-01-12 09:23:02,690 Cached:8845.125 MB
2020-01-12 09:24:10,515 ==> Epoch[4](100/534): Loss: 0.0039
2020-01-12 09:24:10,517 Allocated:33.15576171875 MB
2020-01-12 09:24:10,517 Cached:10025.75 MB
2020-01-12 09:25:17,273 ==> Epoch[4](150/534): Loss: 0.0342
2020-01-12 09:25:17,275 Allocated:33.15576171875 MB
2020-01-12 09:25:17,275 Cached:10025.75 MB
2020-01-12 09:25:59,786 ====> Building Cache
2020-01-12 09:25:59,787 feature cache--->>> /home/annora/NetVLAD/output/train_feat_cache3.hdf5
2020-01-12 09:27:32,008 Allocated:33.1552734375 MB
2020-01-12 09:27:32,008 Cached:3384.375 MB
2020-01-12 09:28:38,960 ==> Epoch[4](200/534): Loss: 0.1180
2020-01-12 09:28:38,963 Allocated:33.15576171875 MB
2020-01-12 09:28:38,964 Cached:5750.125 MB
2020-01-12 09:29:51,821 ==> Epoch[4](250/534): Loss: 0.0906
2020-01-12 09:29:51,824 Allocated:33.15576171875 MB
2020-01-12 09:29:51,824 Cached:6939.25 MB
2020-01-12 09:31:10,944 ==> Epoch[4](300/534): Loss: 0.1180
2020-01-12 09:31:10,946 Allocated:33.15576171875 MB
2020-01-12 09:31:10,947 Cached:6939.25 MB
2020-01-12 09:32:22,482 ==> Epoch[4](350/534): Loss: 0.1286
2020-01-12 09:32:22,484 Allocated:33.15576171875 MB
2020-01-12 09:32:22,484 Cached:6939.25 MB
2020-01-12 09:32:32,860 ====> Building Cache
2020-01-12 09:32:32,861 feature cache--->>> /home/annora/NetVLAD/output/train_feat_cache3.hdf5
2020-01-12 09:34:03,641 Allocated:33.1552734375 MB
2020-01-12 09:34:03,642 Cached:3384.375 MB
2020-01-12 09:35:46,029 ==> Epoch[4](400/534): Loss: 0.0924
2020-01-12 09:35:46,033 Allocated:33.15576171875 MB
2020-01-12 09:35:46,034 Cached:4613.0 MB
2020-01-12 09:36:59,906 ==> Epoch[4](450/534): Loss: 0.0347
2020-01-12 09:36:59,909 Allocated:33.15576171875 MB
2020-01-12 09:36:59,910 Cached:4613.0 MB
2020-01-12 09:38:11,410 ==> Epoch[4](500/534): Loss: 0.0969
2020-01-12 09:38:11,413 Allocated:33.15576171875 MB
2020-01-12 09:38:11,413 Cached:4613.0 MB
2020-01-12 09:39:01,262 ===> Epoch 4 Complete: Avg. Loss: 0.0692
2020-01-12 09:39:01,264 ====> Extracting Features
2020-01-12 09:39:38,384 ==> Batch (50/108)
2020-01-12 09:40:01,836 ==> Batch (100/108)
2020-01-12 09:40:06,691 ====> Building faiss index
2020-01-12 09:40:07,055 ====> Calculating recall @ N
2020-01-12 09:40:09,509 ====> Recall@1: 0.5061
2020-01-12 09:40:09,510 ====> Recall@2: 0.5565
2020-01-12 09:40:09,510 ====> Recall@3: 0.5861
2020-01-12 09:40:09,511 ====> Recall@4: 0.6017
2020-01-12 09:40:09,511 ====> Recall@5: 0.6099
2020-01-12 09:40:09,511 ====> Recall@10: 0.6383
2020-01-12 09:40:09,511 ====> Recall@15: 0.6574
2020-01-12 09:40:09,512 ====> Recall@20: 0.6722
2020-01-12 09:40:09,512 ====> Recall@25: 0.6864
2020-01-12 09:40:09,711 ====> Building Cache
2020-01-12 09:40:09,712 feature cache--->>> /home/annora/NetVLAD/output/train_feat_cache3.hdf5
2020-01-12 09:41:38,687 Allocated:31.15576171875 MB
2020-01-12 09:41:38,688 Cached:4239.125 MB
2020-01-12 09:43:24,965 ==> Epoch[5](50/534): Loss: 0.0111
2020-01-12 09:43:24,968 Allocated:33.15576171875 MB
2020-01-12 09:43:24,968 Cached:6608.125 MB
2020-01-12 09:44:44,427 ==> Epoch[5](100/534): Loss: 0.0265
2020-01-12 09:44:44,429 Allocated:33.15576171875 MB
2020-01-12 09:44:44,429 Cached:6608.125 MB
2020-01-12 09:45:53,689 ==> Epoch[5](150/534): Loss: 0.0199
2020-01-12 09:45:53,692 Allocated:33.15576171875 MB
2020-01-12 09:45:53,692 Cached:6608.125 MB
2020-01-12 09:46:36,127 ====> Building Cache
2020-01-12 09:46:36,128 feature cache--->>> /home/annora/NetVLAD/output/train_feat_cache3.hdf5
2020-01-12 09:48:04,471 Allocated:33.1552734375 MB
2020-01-12 09:48:04,472 Cached:3384.375 MB
2020-01-12 09:49:05,352 ==> Epoch[5](200/534): Loss: 0.1626
2020-01-12 09:49:05,355 Allocated:33.15576171875 MB
2020-01-12 09:49:05,356 Cached:3394.375 MB
2020-01-12 09:50:07,847 ==> Epoch[5](250/534): Loss: 0.2957
2020-01-12 09:50:07,849 Allocated:33.15576171875 MB
2020-01-12 09:50:07,850 Cached:3394.375 MB
2020-01-12 09:51:17,361 ==> Epoch[5](300/534): Loss: 0.0985
2020-01-12 09:51:17,363 Allocated:33.15576171875 MB
2020-01-12 09:51:17,364 Cached:4536.75 MB
2020-01-12 09:52:21,211 ==> Epoch[5](350/534): Loss: 0.2228
2020-01-12 09:52:21,213 Allocated:33.15576171875 MB
2020-01-12 09:52:21,213 Cached:4536.75 MB
2020-01-12 09:52:32,200 ====> Building Cache
2020-01-12 09:52:32,201 feature cache--->>> /home/annora/NetVLAD/output/train_feat_cache3.hdf5
2020-01-12 09:54:01,219 Allocated:33.1552734375 MB
2020-01-12 09:54:01,220 Cached:3384.375 MB
2020-01-12 09:55:47,212 ==> Epoch[5](400/534): Loss: 0.0291
2020-01-12 09:55:47,215 Allocated:33.15576171875 MB
2020-01-12 09:55:47,216 Cached:9761.0 MB
2020-01-12 09:57:03,020 ==> Epoch[5](450/534): Loss: 0.0315
2020-01-12 09:57:03,024 Allocated:33.15576171875 MB
2020-01-12 09:57:03,024 Cached:9761.0 MB
2020-01-12 09:58:20,678 ==> Epoch[5](500/534): Loss: 0.0666
2020-01-12 09:58:20,680 Allocated:33.15576171875 MB
2020-01-12 09:58:20,681 Cached:9761.0 MB
2020-01-12 09:59:17,042 ===> Epoch 5 Complete: Avg. Loss: 0.0786
2020-01-12 09:59:17,044 ====> Extracting Features
2020-01-12 09:59:52,182 ==> Batch (50/108)
2020-01-12 10:00:13,960 ==> Batch (100/108)
2020-01-12 10:00:18,576 ====> Building faiss index
2020-01-12 10:00:18,926 ====> Calculating recall @ N
2020-01-12 10:00:21,156 ====> Recall@1: 0.5351
2020-01-12 10:00:21,157 ====> Recall@2: 0.5728
2020-01-12 10:00:21,158 ====> Recall@3: 0.5942
2020-01-12 10:00:21,158 ====> Recall@4: 0.6090
2020-01-12 10:00:21,158 ====> Recall@5: 0.6191
2020-01-12 10:00:21,158 ====> Recall@10: 0.6545
2020-01-12 10:00:21,159 ====> Recall@15: 0.6762
2020-01-12 10:00:21,159 ====> Recall@20: 0.6896
2020-01-12 10:00:21,159 ====> Recall@25: 0.7023
2020-01-12 10:00:21,343 ====> Building Cache
2020-01-12 10:00:21,343 feature cache--->>> /home/annora/NetVLAD/output/train_feat_cache3.hdf5
2020-01-12 10:01:48,215 Allocated:31.15576171875 MB
2020-01-12 10:01:48,216 Cached:4239.125 MB
2020-01-12 10:03:29,910 ==> Epoch[6](50/534): Loss: 0.0677
2020-01-12 10:03:29,913 Allocated:33.15576171875 MB
2020-01-12 10:03:29,913 Cached:4248.125 MB
2020-01-12 10:04:38,713 ==> Epoch[6](100/534): Loss: 0.0117
2020-01-12 10:04:38,716 Allocated:33.15576171875 MB
2020-01-12 10:04:38,717 Cached:5392.5 MB
2020-01-12 10:05:49,715 ==> Epoch[6](150/534): Loss: 0.0239
2020-01-12 10:05:49,717 Allocated:33.15576171875 MB
2020-01-12 10:05:49,717 Cached:5392.5 MB
2020-01-12 10:06:22,406 ====> Building Cache
2020-01-12 10:06:22,407 feature cache--->>> /home/annora/NetVLAD/output/train_feat_cache3.hdf5
2020-01-12 10:07:49,713 Allocated:33.1552734375 MB
2020-01-12 10:07:49,714 Cached:3384.375 MB
2020-01-12 10:08:53,081 ==> Epoch[6](200/534): Loss: 0.1198
2020-01-12 10:08:53,083 Allocated:33.15576171875 MB
2020-01-12 10:08:53,083 Cached:3394.375 MB
2020-01-12 10:10:01,640 ==> Epoch[6](250/534): Loss: 0.1961
2020-01-12 10:10:01,643 Allocated:33.15576171875 MB
2020-01-12 10:10:01,643 Cached:4533.5 MB
2020-01-12 10:11:25,750 ==> Epoch[6](300/534): Loss: 0.1237
2020-01-12 10:11:25,752 Allocated:33.15576171875 MB
2020-01-12 10:11:25,753 Cached:5701.375 MB
2020-01-12 10:12:29,739 ==> Epoch[6](350/534): Loss: 0.0527
2020-01-12 10:12:29,741 Allocated:33.15576171875 MB
2020-01-12 10:12:29,741 Cached:5701.375 MB
2020-01-12 10:12:38,178 ====> Building Cache
2020-01-12 10:12:38,179 feature cache--->>> /home/annora/NetVLAD/output/train_feat_cache3.hdf5
2020-01-12 10:14:04,508 Allocated:33.1552734375 MB
2020-01-12 10:14:04,509 Cached:3384.375 MB
2020-01-12 10:15:49,221 ==> Epoch[6](400/534): Loss: 0.0579
2020-01-12 10:15:49,223 Allocated:33.15576171875 MB
2020-01-12 10:15:49,223 Cached:8087.0 MB
2020-01-12 10:17:00,556 ==> Epoch[6](450/534): Loss: 0.0140
2020-01-12 10:17:00,558 Allocated:33.15576171875 MB
2020-01-12 10:17:00,558 Cached:9296.25 MB
2020-01-12 10:18:21,305 ==> Epoch[6](500/534): Loss: 0.0030
2020-01-12 10:18:21,308 Allocated:33.15576171875 MB
2020-01-12 10:18:21,308 Cached:9296.25 MB
2020-01-12 10:19:14,057 ===> Epoch 6 Complete: Avg. Loss: 0.0718
2020-01-12 10:19:14,059 ====> Extracting Features
2020-01-12 10:19:49,118 ==> Batch (50/108)
2020-01-12 10:20:10,649 ==> Batch (100/108)
2020-01-12 10:20:15,365 ====> Building faiss index
2020-01-12 10:20:15,714 ====> Calculating recall @ N
2020-01-12 10:20:18,094 ====> Recall@1: 0.5365
2020-01-12 10:20:18,095 ====> Recall@2: 0.5649
2020-01-12 10:20:18,095 ====> Recall@3: 0.5800
2020-01-12 10:20:18,095 ====> Recall@4: 0.5916
2020-01-12 10:20:18,096 ====> Recall@5: 0.6026
2020-01-12 10:20:18,096 ====> Recall@10: 0.6420
2020-01-12 10:20:18,096 ====> Recall@15: 0.6658
2020-01-12 10:20:18,096 ====> Recall@20: 0.6814
2020-01-12 10:20:18,096 ====> Recall@25: 0.6913
2020-01-12 10:20:18,219 ====> Building Cache
2020-01-12 10:20:18,220 feature cache--->>> /home/annora/NetVLAD/output/train_feat_cache3.hdf5
2020-01-12 10:21:45,642 Allocated:31.15576171875 MB
2020-01-12 10:21:45,642 Cached:4239.125 MB
2020-01-12 10:23:28,975 ==> Epoch[7](50/534): Loss: 0.0845
2020-01-12 10:23:28,978 Allocated:33.15576171875 MB
2020-01-12 10:23:28,978 Cached:5378.75 MB
2020-01-12 10:24:39,240 ==> Epoch[7](100/534): Loss: 0.0670
2020-01-12 10:24:39,242 Allocated:33.15576171875 MB
2020-01-12 10:24:39,242 Cached:5436.75 MB
2020-01-12 10:25:41,693 ==> Epoch[7](150/534): Loss: 0.0241
2020-01-12 10:25:41,695 Allocated:33.15576171875 MB
2020-01-12 10:25:41,695 Cached:5436.75 MB
2020-01-12 10:26:17,500 ====> Building Cache
2020-01-12 10:26:17,501 feature cache--->>> /home/annora/NetVLAD/output/train_feat_cache3.hdf5
2020-01-12 10:27:45,052 Allocated:33.1552734375 MB
2020-01-12 10:27:45,053 Cached:3384.375 MB
2020-01-12 10:28:46,473 ==> Epoch[7](200/534): Loss: 0.1256
2020-01-12 10:28:46,475 Allocated:33.15576171875 MB
2020-01-12 10:28:46,476 Cached:3393.375 MB
2020-01-12 10:29:51,100 ==> Epoch[7](250/534): Loss: 0.0187
2020-01-12 10:29:51,103 Allocated:33.15576171875 MB
2020-01-12 10:29:51,103 Cached:4563.25 MB
2020-01-12 10:31:12,233 ==> Epoch[7](300/534): Loss: 0.1906
2020-01-12 10:31:12,236 Allocated:33.15576171875 MB
2020-01-12 10:31:12,236 Cached:4563.25 MB
2020-01-12 10:32:15,156 ==> Epoch[7](350/534): Loss: 0.0730
2020-01-12 10:32:15,158 Allocated:33.15576171875 MB
2020-01-12 10:32:15,158 Cached:4563.25 MB
2020-01-12 10:32:25,152 ====> Building Cache
2020-01-12 10:32:25,153 feature cache--->>> /home/annora/NetVLAD/output/train_feat_cache3.hdf5
2020-01-12 10:33:55,160 Allocated:33.1552734375 MB
2020-01-12 10:33:55,160 Cached:3384.375 MB
2020-01-12 10:35:38,723 ==> Epoch[7](400/534): Loss: 0.0182
2020-01-12 10:35:38,726 Allocated:33.15576171875 MB
2020-01-12 10:35:38,726 Cached:5811.75 MB
2020-01-12 10:36:55,811 ==> Epoch[7](450/534): Loss: 0.0234
2020-01-12 10:36:55,813 Allocated:33.15576171875 MB
2020-01-12 10:36:55,814 Cached:5811.75 MB
2020-01-12 10:38:12,554 ==> Epoch[7](500/534): Loss: 0.0007
2020-01-12 10:38:12,556 Allocated:33.15576171875 MB
2020-01-12 10:38:12,557 Cached:7039.125 MB
2020-01-12 10:39:09,289 ===> Epoch 7 Complete: Avg. Loss: 0.0660
2020-01-12 10:39:09,290 ====> Extracting Features
2020-01-12 10:39:44,738 ==> Batch (50/108)
2020-01-12 10:40:06,754 ==> Batch (100/108)
2020-01-12 10:40:11,455 ====> Building faiss index
2020-01-12 10:40:11,822 ====> Calculating recall @ N
2020-01-12 10:40:13,987 ====> Recall@1: 0.5594
2020-01-12 10:40:13,987 ====> Recall@2: 0.5878
2020-01-12 10:40:13,988 ====> Recall@3: 0.6078
2020-01-12 10:40:13,988 ====> Recall@4: 0.6217
2020-01-12 10:40:13,988 ====> Recall@5: 0.6313
2020-01-12 10:40:13,988 ====> Recall@10: 0.6635
2020-01-12 10:40:13,989 ====> Recall@15: 0.6803
2020-01-12 10:40:13,989 ====> Recall@20: 0.6896
2020-01-12 10:40:13,989 ====> Recall@25: 0.6994
2020-01-12 10:40:14,170 ====> Building Cache
2020-01-12 10:40:14,171 feature cache--->>> /home/annora/NetVLAD/output/train_feat_cache3.hdf5
2020-01-12 10:41:41,029 Allocated:31.15576171875 MB
2020-01-12 10:41:41,030 Cached:4239.125 MB
2020-01-12 10:43:23,855 ==> Epoch[8](50/534): Loss: 0.0938
2020-01-12 10:43:23,858 Allocated:33.15576171875 MB
2020-01-12 10:43:23,858 Cached:4248.125 MB
2020-01-12 10:44:27,488 ==> Epoch[8](100/534): Loss: 0.0536
2020-01-12 10:44:27,491 Allocated:33.15576171875 MB
2020-01-12 10:44:27,491 Cached:4248.125 MB
2020-01-12 10:45:30,954 ==> Epoch[8](150/534): Loss: 0.0359
2020-01-12 10:45:30,956 Allocated:33.15576171875 MB
2020-01-12 10:45:30,957 Cached:4308.125 MB
2020-01-12 10:46:04,558 ====> Building Cache
2020-01-12 10:46:04,558 feature cache--->>> /home/annora/NetVLAD/output/train_feat_cache3.hdf5
2020-01-12 10:47:31,205 Allocated:33.1552734375 MB
2020-01-12 10:47:31,206 Cached:3384.375 MB
2020-01-12 10:48:34,665 ==> Epoch[8](200/534): Loss: 0.1928
2020-01-12 10:48:34,668 Allocated:33.15576171875 MB
2020-01-12 10:48:34,668 Cached:4530.375 MB
2020-01-12 10:49:43,550 ==> Epoch[8](250/534): Loss: 0.1341
2020-01-12 10:49:43,553 Allocated:33.15576171875 MB
2020-01-12 10:49:43,553 Cached:4530.375 MB
2020-01-12 10:51:01,354 ==> Epoch[8](300/534): Loss: 0.0774
2020-01-12 10:51:01,356 Allocated:33.15576171875 MB
2020-01-12 10:51:01,356 Cached:4530.375 MB
2020-01-12 10:52:05,949 ==> Epoch[8](350/534): Loss: 0.1193
2020-01-12 10:52:05,951 Allocated:33.15576171875 MB
2020-01-12 10:52:05,951 Cached:4530.375 MB
2020-01-12 10:52:14,675 ====> Building Cache
2020-01-12 10:52:14,675 feature cache--->>> /home/annora/NetVLAD/output/train_feat_cache3.hdf5
2020-01-12 10:53:45,321 Allocated:33.1552734375 MB
2020-01-12 10:53:45,322 Cached:3384.375 MB
2020-01-12 10:55:30,654 ==> Epoch[8](400/534): Loss: 0.0137
2020-01-12 10:55:30,657 Allocated:33.15576171875 MB
2020-01-12 10:55:30,657 Cached:5715.125 MB
2020-01-12 10:56:45,057 ==> Epoch[8](450/534): Loss: 0.0097
2020-01-12 10:56:45,060 Allocated:33.15576171875 MB
2020-01-12 10:56:45,060 Cached:6924.375 MB
2020-01-12 10:58:02,277 ==> Epoch[8](500/534): Loss: 0.0465
2020-01-12 10:58:02,279 Allocated:33.15576171875 MB
2020-01-12 10:58:02,279 Cached:6924.375 MB
2020-01-12 10:58:52,325 ===> Epoch 8 Complete: Avg. Loss: 0.0713
2020-01-12 10:58:52,328 ====> Extracting Features
2020-01-12 10:59:36,558 ==> Batch (50/108)
2020-01-12 11:00:05,361 ==> Batch (100/108)
2020-01-12 11:00:10,053 ====> Building faiss index
2020-01-12 11:00:10,443 ====> Calculating recall @ N
2020-01-12 11:00:12,789 ====> Recall@1: 0.5446
2020-01-12 11:00:12,790 ====> Recall@2: 0.5742
2020-01-12 11:00:12,790 ====> Recall@3: 0.5933
2020-01-12 11:00:12,791 ====> Recall@4: 0.6058
2020-01-12 11:00:12,791 ====> Recall@5: 0.6180
2020-01-12 11:00:12,791 ====> Recall@10: 0.6519
2020-01-12 11:00:12,791 ====> Recall@15: 0.6638
2020-01-12 11:00:12,791 ====> Recall@20: 0.6774
2020-01-12 11:00:12,792 ====> Recall@25: 0.6867
2020-01-12 11:00:12,934 ====> Building Cache
2020-01-12 11:00:12,934 feature cache--->>> /home/annora/NetVLAD/output/train_feat_cache3.hdf5
2020-01-12 11:01:46,005 Allocated:31.15576171875 MB
2020-01-12 11:01:46,005 Cached:4239.125 MB
2020-01-12 11:03:32,223 ==> Epoch[9](50/534): Loss: 0.0212
2020-01-12 11:03:32,225 Allocated:33.15576171875 MB
2020-01-12 11:03:32,225 Cached:4249.125 MB
2020-01-12 11:04:40,393 ==> Epoch[9](100/534): Loss: 0.0151
2020-01-12 11:04:40,395 Allocated:33.15576171875 MB
2020-01-12 11:04:40,395 Cached:4249.125 MB
2020-01-12 11:05:40,925 ==> Epoch[9](150/534): Loss: 0.0180
2020-01-12 11:05:40,928 Allocated:33.15576171875 MB
2020-01-12 11:05:40,928 Cached:4249.125 MB
2020-01-12 11:06:09,447 ====> Building Cache
2020-01-12 11:06:09,448 feature cache--->>> /home/annora/NetVLAD/output/train_feat_cache3.hdf5
2020-01-12 11:07:36,067 Allocated:33.1552734375 MB
2020-01-12 11:07:36,068 Cached:3384.375 MB
2020-01-12 11:08:45,064 ==> Epoch[9](200/534): Loss: 0.2345
2020-01-12 11:08:45,066 Allocated:33.15576171875 MB
2020-01-12 11:08:45,067 Cached:4580.125 MB
2020-01-12 11:10:00,705 ==> Epoch[9](250/534): Loss: 0.1070
2020-01-12 11:10:00,707 Allocated:33.15576171875 MB
2020-01-12 11:10:00,707 Cached:4580.125 MB
2020-01-12 11:11:13,386 ==> Epoch[9](300/534): Loss: 0.0124
2020-01-12 11:11:13,388 Allocated:33.15576171875 MB
2020-01-12 11:11:13,388 Cached:4580.125 MB
2020-01-12 11:12:19,849 ==> Epoch[9](350/534): Loss: 0.1391
2020-01-12 11:12:19,852 Allocated:33.15576171875 MB
2020-01-12 11:12:19,852 Cached:4580.125 MB
2020-01-12 11:12:31,608 ====> Building Cache
2020-01-12 11:12:31,608 feature cache--->>> /home/annora/NetVLAD/output/train_feat_cache3.hdf5
2020-01-12 11:14:06,796 Allocated:33.1552734375 MB
2020-01-12 11:14:06,797 Cached:3384.375 MB
2020-01-12 11:15:54,215 ==> Epoch[9](400/534): Loss: 0.0535
2020-01-12 11:15:54,218 Allocated:33.15576171875 MB
2020-01-12 11:15:54,218 Cached:4560.0 MB
2020-01-12 11:17:06,944 ==> Epoch[9](450/534): Loss: 0.1062
2020-01-12 11:17:06,946 Allocated:33.15576171875 MB
2020-01-12 11:17:06,947 Cached:5733.25 MB
2020-01-12 11:18:16,573 ==> Epoch[9](500/534): Loss: 0.0008
2020-01-12 11:18:16,575 Allocated:33.15576171875 MB
2020-01-12 11:18:16,576 Cached:6943.5 MB
2020-01-12 11:19:00,402 ===> Epoch 9 Complete: Avg. Loss: 0.0638
2020-01-12 11:19:00,404 ====> Extracting Features
2020-01-12 11:19:36,289 ==> Batch (50/108)
2020-01-12 11:19:58,365 ==> Batch (100/108)
2020-01-12 11:20:03,337 ====> Building faiss index
2020-01-12 11:20:03,681 ====> Calculating recall @ N
2020-01-12 11:20:05,862 ====> Recall@1: 0.5397
2020-01-12 11:20:05,863 ====> Recall@2: 0.5687
2020-01-12 11:20:05,863 ====> Recall@3: 0.5843
2020-01-12 11:20:05,864 ====> Recall@4: 0.5954
2020-01-12 11:20:05,864 ====> Recall@5: 0.6046
2020-01-12 11:20:05,864 ====> Recall@10: 0.6342
2020-01-12 11:20:05,864 ====> Recall@15: 0.6496
2020-01-12 11:20:05,865 ====> Recall@20: 0.6600
2020-01-12 11:20:05,865 ====> Recall@25: 0.6670
2020-01-12 11:20:05,980 ====> Building Cache
2020-01-12 11:20:05,980 feature cache--->>> /home/annora/NetVLAD/output/train_feat_cache3.hdf5
2020-01-12 11:21:46,542 Allocated:31.15576171875 MB
2020-01-12 11:21:46,542 Cached:4239.125 MB
2020-01-12 11:23:34,864 ==> Epoch[10](50/534): Loss: 0.0101
2020-01-12 11:23:34,867 Allocated:33.15576171875 MB
2020-01-12 11:23:34,868 Cached:4308.125 MB
2020-01-12 11:24:41,002 ==> Epoch[10](100/534): Loss: 0.0683
2020-01-12 11:24:41,004 Allocated:33.15576171875 MB
2020-01-12 11:24:41,005 Cached:4308.125 MB
2020-01-12 11:25:47,291 ==> Epoch[10](150/534): Loss: 0.0392
2020-01-12 11:25:47,293 Allocated:33.15576171875 MB
2020-01-12 11:25:47,293 Cached:4308.125 MB
2020-01-12 11:26:25,897 ====> Building Cache
2020-01-12 11:26:25,898 feature cache--->>> /home/annora/NetVLAD/output/train_feat_cache3.hdf5
2020-01-12 11:28:02,059 Allocated:33.1552734375 MB
2020-01-12 11:28:02,059 Cached:3384.375 MB
2020-01-12 11:29:11,971 ==> Epoch[10](200/534): Loss: 0.2443
2020-01-12 11:29:11,974 Allocated:33.15576171875 MB
2020-01-12 11:29:11,974 Cached:3391.375 MB
2020-01-12 11:30:19,231 ==> Epoch[10](250/534): Loss: 0.1958
2020-01-12 11:30:19,234 Allocated:33.15576171875 MB
2020-01-12 11:30:19,234 Cached:3392.375 MB
2020-01-12 11:31:34,360 ==> Epoch[10](300/534): Loss: 0.1755
2020-01-12 11:31:34,363 Allocated:33.15576171875 MB
2020-01-12 11:31:34,363 Cached:3394.375 MB
2020-01-12 11:32:49,619 ==> Epoch[10](350/534): Loss: 0.0947
2020-01-12 11:32:49,621 Allocated:33.15576171875 MB
2020-01-12 11:32:49,621 Cached:3394.375 MB
2020-01-12 11:33:00,878 ====> Building Cache
2020-01-12 11:33:00,879 feature cache--->>> /home/annora/NetVLAD/output/train_feat_cache3.hdf5
2020-01-12 11:34:38,786 Allocated:33.1552734375 MB
2020-01-12 11:34:38,787 Cached:3384.375 MB
2020-01-12 11:36:37,912 ==> Epoch[10](400/534): Loss: 0.0404
2020-01-12 11:36:37,914 Allocated:33.15576171875 MB
2020-01-12 11:36:37,915 Cached:4539.875 MB
2020-01-12 11:38:06,849 ==> Epoch[10](450/534): Loss: 0.0260
2020-01-12 11:38:06,851 Allocated:33.15576171875 MB
2020-01-12 11:38:06,852 Cached:6930.75 MB
2020-01-12 11:39:34,344 ==> Epoch[10](500/534): Loss: 0.0093
2020-01-12 11:39:34,347 Allocated:33.15576171875 MB
2020-01-12 11:39:34,347 Cached:6930.75 MB
2020-01-12 11:40:35,661 ===> Epoch 10 Complete: Avg. Loss: 0.0652
2020-01-12 11:40:35,663 ====> Extracting Features
2020-01-12 11:41:18,033 ==> Batch (50/108)
2020-01-12 11:41:46,643 ==> Batch (100/108)
2020-01-12 11:41:50,926 ====> Building faiss index
2020-01-12 11:41:51,294 ====> Calculating recall @ N
2020-01-12 11:41:53,570 ====> Recall@1: 0.5249
2020-01-12 11:41:53,570 ====> Recall@2: 0.5583
2020-01-12 11:41:53,571 ====> Recall@3: 0.5809
2020-01-12 11:41:53,571 ====> Recall@4: 0.5983
2020-01-12 11:41:53,572 ====> Recall@5: 0.6130
2020-01-12 11:41:53,572 ====> Recall@10: 0.6443
2020-01-12 11:41:53,572 ====> Recall@15: 0.6609
2020-01-12 11:41:53,572 ====> Recall@20: 0.6742
2020-01-12 11:41:53,572 ====> Recall@25: 0.6870
2020-01-12 11:41:53,709 ====> Building Cache
2020-01-12 11:41:53,710 feature cache--->>> /home/annora/NetVLAD/output/train_feat_cache3.hdf5
2020-01-12 11:43:35,868 Allocated:31.15576171875 MB
2020-01-12 11:43:35,868 Cached:4239.125 MB
2020-01-12 11:45:22,318 ==> Epoch[11](50/534): Loss: 0.0354
2020-01-12 11:45:22,320 Allocated:33.15576171875 MB
2020-01-12 11:45:22,321 Cached:4309.125 MB
2020-01-12 11:46:29,458 ==> Epoch[11](100/534): Loss: 0.0218
2020-01-12 11:46:29,461 Allocated:33.15576171875 MB
2020-01-12 11:46:29,461 Cached:4309.125 MB
2020-01-12 11:47:34,237 ==> Epoch[11](150/534): Loss: 0.0178
2020-01-12 11:47:34,239 Allocated:33.15576171875 MB
2020-01-12 11:47:34,246 Cached:4309.125 MB
2020-01-12 11:48:13,428 ====> Building Cache
2020-01-12 11:48:13,430 feature cache--->>> /home/annora/NetVLAD/output/train_feat_cache3.hdf5
2020-01-12 11:49:48,994 Allocated:33.1552734375 MB
2020-01-12 11:49:48,994 Cached:3384.375 MB
2020-01-12 11:50:58,436 ==> Epoch[11](200/534): Loss: 0.0233
2020-01-12 11:50:58,439 Allocated:33.15576171875 MB
2020-01-12 11:50:58,439 Cached:3453.375 MB
2020-01-12 11:52:02,531 ==> Epoch[11](250/534): Loss: 0.1736
2020-01-12 11:52:02,533 Allocated:33.15576171875 MB
2020-01-12 11:52:02,533 Cached:3453.375 MB
2020-01-12 11:53:13,252 ==> Epoch[11](300/534): Loss: 0.1594
2020-01-12 11:53:13,256 Allocated:33.15576171875 MB
2020-01-12 11:53:13,256 Cached:3453.375 MB
2020-01-12 11:54:38,088 ==> Epoch[11](350/534): Loss: 0.0000
2020-01-12 11:54:38,090 Allocated:33.15576171875 MB
2020-01-12 11:54:38,090 Cached:3453.375 MB
2020-01-12 11:54:48,986 ====> Building Cache
2020-01-12 11:54:48,989 feature cache--->>> /home/annora/NetVLAD/output/train_feat_cache3.hdf5
2020-01-12 11:56:26,934 Allocated:33.1552734375 MB
2020-01-12 11:56:26,935 Cached:3384.375 MB
2020-01-12 11:58:48,919 ==> Epoch[11](400/534): Loss: 0.0193
2020-01-12 11:58:48,940 Allocated:33.15576171875 MB
2020-01-12 11:58:48,941 Cached:4530.375 MB
2020-01-12 12:00:27,232 ==> Epoch[11](450/534): Loss: 0.0119
2020-01-12 12:00:27,245 Allocated:33.15576171875 MB
2020-01-12 12:00:27,245 Cached:5679.125 MB
2020-01-12 12:02:01,682 ==> Epoch[11](500/534): Loss: 0.0026
2020-01-12 12:02:01,686 Allocated:33.15576171875 MB
2020-01-12 12:02:01,687 Cached:8059.5 MB
2020-01-12 12:03:00,992 ===> Epoch 11 Complete: Avg. Loss: 0.0620
2020-01-12 12:03:00,994 ====> Extracting Features
2020-01-12 12:03:37,812 ==> Batch (50/108)
2020-01-12 12:04:00,303 ==> Batch (100/108)
2020-01-12 12:04:05,635 ====> Building faiss index
2020-01-12 12:04:06,021 ====> Calculating recall @ N
2020-01-12 12:04:08,379 ====> Recall@1: 0.5110
2020-01-12 12:04:08,380 ====> Recall@2: 0.5490
2020-01-12 12:04:08,381 ====> Recall@3: 0.5786
2020-01-12 12:04:08,381 ====> Recall@4: 0.5878
2020-01-12 12:04:08,381 ====> Recall@5: 0.5962
2020-01-12 12:04:08,382 ====> Recall@10: 0.6267
2020-01-12 12:04:08,382 ====> Recall@15: 0.6470
2020-01-12 12:04:08,382 ====> Recall@20: 0.6603
2020-01-12 12:04:08,382 ====> Recall@25: 0.6693
2020-01-12 12:04:08,541 ====> Building Cache
2020-01-12 12:04:08,542 feature cache--->>> /home/annora/NetVLAD/output/train_feat_cache3.hdf5
2020-01-12 12:05:54,742 Allocated:31.15576171875 MB
2020-01-12 12:05:54,742 Cached:4239.125 MB
2020-01-12 12:08:09,555 ==> Epoch[12](50/534): Loss: 0.0000
2020-01-12 12:08:09,558 Allocated:33.15576171875 MB
2020-01-12 12:08:09,559 Cached:4308.125 MB
2020-01-12 12:09:21,965 ==> Epoch[12](100/534): Loss: 0.0539
2020-01-12 12:09:21,967 Allocated:33.15576171875 MB
2020-01-12 12:09:21,968 Cached:4308.125 MB
2020-01-12 12:10:32,808 ==> Epoch[12](150/534): Loss: 0.0195
2020-01-12 12:10:32,811 Allocated:33.15576171875 MB
2020-01-12 12:10:32,812 Cached:4309.125 MB
2020-01-12 12:11:17,542 ====> Building Cache
2020-01-12 12:11:17,543 feature cache--->>> /home/annora/NetVLAD/output/train_feat_cache3.hdf5
2020-01-12 12:12:52,449 Allocated:33.1552734375 MB
2020-01-12 12:12:52,449 Cached:3384.375 MB
2020-01-12 12:14:03,732 ==> Epoch[12](200/534): Loss: 0.3746
2020-01-12 12:14:03,734 Allocated:33.15576171875 MB
2020-01-12 12:14:03,735 Cached:3392.375 MB
2020-01-12 12:15:11,968 ==> Epoch[12](250/534): Loss: 0.0245
2020-01-12 12:15:11,970 Allocated:33.15576171875 MB
2020-01-12 12:15:11,970 Cached:3453.375 MB
2020-01-12 12:16:23,460 ==> Epoch[12](300/534): Loss: 0.0305
2020-01-12 12:16:23,463 Allocated:33.15576171875 MB
2020-01-12 12:16:23,463 Cached:3453.375 MB
2020-01-12 12:17:55,264 ==> Epoch[12](350/534): Loss: 0.0000
2020-01-12 12:17:55,266 Allocated:33.15576171875 MB
2020-01-12 12:17:55,266 Cached:3453.375 MB
2020-01-12 12:18:04,114 ====> Building Cache
2020-01-12 12:18:04,115 feature cache--->>> /home/annora/NetVLAD/output/train_feat_cache3.hdf5
2020-01-12 12:19:45,874 Allocated:33.1552734375 MB
2020-01-12 12:19:45,874 Cached:3384.375 MB
2020-01-12 12:21:51,426 ==> Epoch[12](400/534): Loss: 0.0097
2020-01-12 12:21:51,446 Allocated:33.15576171875 MB
2020-01-12 12:21:51,446 Cached:4530.375 MB
2020-01-12 12:23:21,141 ==> Epoch[12](450/534): Loss: 0.0343
2020-01-12 12:23:21,146 Allocated:33.15576171875 MB
2020-01-12 12:23:21,147 Cached:4530.375 MB
2020-01-12 12:24:44,427 ==> Epoch[12](500/534): Loss: 0.0109
2020-01-12 12:24:44,432 Allocated:33.15576171875 MB
2020-01-12 12:24:44,433 Cached:4530.375 MB
2020-01-12 12:25:38,936 ===> Epoch 12 Complete: Avg. Loss: 0.0625
2020-01-12 12:25:38,938 ====> Extracting Features
2020-01-12 12:26:17,814 ==> Batch (50/108)
2020-01-12 12:26:45,665 ==> Batch (100/108)
2020-01-12 12:26:50,394 ====> Building faiss index
2020-01-12 12:26:50,765 ====> Calculating recall @ N
2020-01-12 12:26:53,046 ====> Recall@1: 0.5461
2020-01-12 12:26:53,047 ====> Recall@2: 0.5754
2020-01-12 12:26:53,047 ====> Recall@3: 0.5965
2020-01-12 12:26:53,048 ====> Recall@4: 0.6087
2020-01-12 12:26:53,048 ====> Recall@5: 0.6177
2020-01-12 12:26:53,048 ====> Recall@10: 0.6438
2020-01-12 12:26:53,048 ====> Recall@15: 0.6617
2020-01-12 12:26:53,049 ====> Recall@20: 0.6742
2020-01-12 12:26:53,049 ====> Recall@25: 0.6855
2020-01-12 12:26:53,183 ====> Building Cache
2020-01-12 12:26:53,184 feature cache--->>> /home/annora/NetVLAD/output/train_feat_cache3.hdf5
2020-01-12 12:28:43,280 Allocated:31.15576171875 MB
2020-01-12 12:28:43,281 Cached:4239.125 MB
2020-01-12 12:30:57,340 ==> Epoch[13](50/534): Loss: 0.0000
2020-01-12 12:30:57,344 Allocated:33.15576171875 MB
2020-01-12 12:30:57,345 Cached:4249.125 MB
2020-01-12 12:32:19,458 ==> Epoch[13](100/534): Loss: 0.0000
2020-01-12 12:32:19,462 Allocated:33.15576171875 MB
2020-01-12 12:32:19,463 Cached:4308.125 MB
2020-01-12 12:33:45,982 ==> Epoch[13](150/534): Loss: 0.1433
2020-01-12 12:33:45,986 Allocated:33.15576171875 MB
2020-01-12 12:33:45,986 Cached:4308.125 MB
2020-01-12 12:34:35,905 ====> Building Cache
2020-01-12 12:34:35,906 feature cache--->>> /home/annora/NetVLAD/output/train_feat_cache3.hdf5
2020-01-12 12:36:13,057 Allocated:33.1552734375 MB
2020-01-12 12:36:13,058 Cached:3384.375 MB
2020-01-12 12:37:16,303 ==> Epoch[13](200/534): Loss: 0.0434
2020-01-12 12:37:16,306 Allocated:33.15576171875 MB
2020-01-12 12:37:16,306 Cached:3394.375 MB
2020-01-12 12:38:36,417 ==> Epoch[13](250/534): Loss: 0.0463
2020-01-12 12:38:36,420 Allocated:33.15576171875 MB
2020-01-12 12:38:36,420 Cached:3394.375 MB
2020-01-12 12:40:37,092 ==> Epoch[13](300/534): Loss: 0.0100
2020-01-12 12:40:37,096 Allocated:33.15576171875 MB
2020-01-12 12:40:37,097 Cached:3394.375 MB
2020-01-12 12:42:07,314 ==> Epoch[13](350/534): Loss: 0.0024
2020-01-12 12:42:07,317 Allocated:33.15576171875 MB
2020-01-12 12:42:07,317 Cached:3394.375 MB
2020-01-12 12:42:16,882 ====> Building Cache
2020-01-12 12:42:16,883 feature cache--->>> /home/annora/NetVLAD/output/train_feat_cache3.hdf5
2020-01-12 12:43:53,642 Allocated:33.1552734375 MB
2020-01-12 12:43:53,643 Cached:3384.375 MB
2020-01-12 12:45:40,738 ==> Epoch[13](400/534): Loss: 0.1277
2020-01-12 12:45:40,753 Allocated:33.15576171875 MB
2020-01-12 12:45:40,753 Cached:3395.375 MB
2020-01-12 12:46:55,256 ==> Epoch[13](450/534): Loss: 0.0186
2020-01-12 12:46:55,258 Allocated:33.15576171875 MB
2020-01-12 12:46:55,258 Cached:3395.375 MB
2020-01-12 12:48:03,475 ==> Epoch[13](500/534): Loss: 0.0255
2020-01-12 12:48:03,477 Allocated:33.15576171875 MB
2020-01-12 12:48:03,478 Cached:3395.375 MB
2020-01-12 12:49:03,341 ===> Epoch 13 Complete: Avg. Loss: 0.0549
2020-01-12 12:49:03,343 ====> Extracting Features
2020-01-12 12:49:38,069 ==> Batch (50/108)
2020-01-12 12:50:07,925 ==> Batch (100/108)
2020-01-12 12:50:12,844 ====> Building faiss index
2020-01-12 12:50:13,308 ====> Calculating recall @ N
2020-01-12 12:50:15,729 ====> Recall@1: 0.5168
2020-01-12 12:50:15,730 ====> Recall@2: 0.5490
2020-01-12 12:50:15,730 ====> Recall@3: 0.5719
2020-01-12 12:50:15,731 ====> Recall@4: 0.5846
2020-01-12 12:50:15,731 ====> Recall@5: 0.5933
2020-01-12 12:50:15,731 ====> Recall@10: 0.6235
2020-01-12 12:50:15,732 ====> Recall@15: 0.6391
2020-01-12 12:50:15,732 ====> Recall@20: 0.6545
2020-01-12 12:50:15,732 ====> Recall@25: 0.6626
2020-01-12 12:50:15,877 ====> Building Cache
2020-01-12 12:50:15,877 feature cache--->>> /home/annora/NetVLAD/output/train_feat_cache3.hdf5
2020-01-12 12:51:56,050 Allocated:31.15576171875 MB
2020-01-12 12:51:56,051 Cached:4239.125 MB
2020-01-12 12:53:48,989 ==> Epoch[14](50/534): Loss: 0.0072
2020-01-12 12:53:48,992 Allocated:33.15576171875 MB
2020-01-12 12:53:48,993 Cached:4308.125 MB
2020-01-12 12:54:57,245 ==> Epoch[14](100/534): Loss: 0.1337
2020-01-12 12:54:57,248 Allocated:33.15576171875 MB
2020-01-12 12:54:57,248 Cached:4308.125 MB
2020-01-12 12:56:00,489 ==> Epoch[14](150/534): Loss: 0.0008
2020-01-12 12:56:00,508 Allocated:33.15576171875 MB
2020-01-12 12:56:00,508 Cached:4309.125 MB
2020-01-12 12:56:38,795 ====> Building Cache
2020-01-12 12:56:38,796 feature cache--->>> /home/annora/NetVLAD/output/train_feat_cache3.hdf5
2020-01-12 12:58:12,085 Allocated:33.1552734375 MB
2020-01-12 12:58:12,085 Cached:3384.375 MB
2020-01-12 12:59:23,295 ==> Epoch[14](200/534): Loss: 0.1163
2020-01-12 12:59:23,298 Allocated:33.15576171875 MB
2020-01-12 12:59:23,298 Cached:3394.375 MB
2020-01-12 13:00:37,283 ==> Epoch[14](250/534): Loss: 0.0717
2020-01-12 13:00:37,287 Allocated:33.15576171875 MB
2020-01-12 13:00:37,288 Cached:3453.375 MB
2020-01-12 13:02:17,689 ==> Epoch[14](300/534): Loss: 0.0987
2020-01-12 13:02:17,693 Allocated:33.15576171875 MB
2020-01-12 13:02:17,693 Cached:3453.375 MB
2020-01-12 13:03:22,610 ==> Epoch[14](350/534): Loss: 0.0999
2020-01-12 13:03:22,613 Allocated:33.15576171875 MB
2020-01-12 13:03:22,613 Cached:3453.375 MB
2020-01-12 13:03:33,334 ====> Building Cache
2020-01-12 13:03:33,335 feature cache--->>> /home/annora/NetVLAD/output/train_feat_cache3.hdf5
2020-01-12 13:05:07,406 Allocated:33.1552734375 MB
2020-01-12 13:05:07,407 Cached:3384.375 MB
2020-01-12 13:06:53,722 ==> Epoch[14](400/534): Loss: 0.0151
2020-01-12 13:06:53,724 Allocated:33.15576171875 MB
2020-01-12 13:06:53,725 Cached:4570.625 MB
2020-01-12 13:08:11,328 ==> Epoch[14](450/534): Loss: 0.0434
2020-01-12 13:08:11,330 Allocated:33.15576171875 MB
2020-01-12 13:08:11,331 Cached:4570.625 MB
2020-01-12 13:09:24,907 ==> Epoch[14](500/534): Loss: 0.0000
2020-01-12 13:09:24,909 Allocated:33.15576171875 MB
2020-01-12 13:09:24,910 Cached:4570.625 MB
2020-01-12 13:10:11,068 ===> Epoch 14 Complete: Avg. Loss: 0.0585
2020-01-12 13:10:11,070 ====> Extracting Features
2020-01-12 13:10:50,764 ==> Batch (50/108)
2020-01-12 13:11:15,996 ==> Batch (100/108)
2020-01-12 13:11:20,937 ====> Building faiss index
2020-01-12 13:11:21,299 ====> Calculating recall @ N
2020-01-12 13:11:23,573 ====> Recall@1: 0.5235
2020-01-12 13:11:23,573 ====> Recall@2: 0.5603
2020-01-12 13:11:23,574 ====> Recall@3: 0.5797
2020-01-12 13:11:23,574 ====> Recall@4: 0.5884
2020-01-12 13:11:23,574 ====> Recall@5: 0.5977
2020-01-12 13:11:23,574 ====> Recall@10: 0.6246
2020-01-12 13:11:23,574 ====> Recall@15: 0.6429
2020-01-12 13:11:23,575 ====> Recall@20: 0.6568
2020-01-12 13:11:23,575 ====> Recall@25: 0.6649
2020-01-12 13:11:23,703 ====> Building Cache
2020-01-12 13:11:23,703 feature cache--->>> /home/annora/NetVLAD/output/train_feat_cache3.hdf5
2020-01-12 13:13:10,869 Allocated:31.15576171875 MB
2020-01-12 13:13:10,869 Cached:4239.125 MB
2020-01-12 13:15:06,239 ==> Epoch[15](50/534): Loss: 0.0073
2020-01-12 13:15:06,243 Allocated:33.15576171875 MB
2020-01-12 13:15:06,244 Cached:4308.125 MB
2020-01-12 13:16:12,626 ==> Epoch[15](100/534): Loss: 0.0000
2020-01-12 13:16:12,629 Allocated:33.15576171875 MB
2020-01-12 13:16:12,630 Cached:4309.125 MB
2020-01-12 13:17:23,396 ==> Epoch[15](150/534): Loss: 0.0309
2020-01-12 13:17:23,399 Allocated:33.15576171875 MB
2020-01-12 13:17:23,400 Cached:4309.125 MB
2020-01-12 13:18:00,486 ====> Building Cache
2020-01-12 13:18:00,486 feature cache--->>> /home/annora/NetVLAD/output/train_feat_cache3.hdf5
2020-01-12 13:19:34,096 Allocated:33.1552734375 MB
2020-01-12 13:19:34,097 Cached:3384.375 MB
2020-01-12 13:20:43,219 ==> Epoch[15](200/534): Loss: 0.0545
2020-01-12 13:20:43,221 Allocated:33.15576171875 MB
2020-01-12 13:20:43,222 Cached:3393.375 MB
2020-01-12 13:21:52,924 ==> Epoch[15](250/534): Loss: 0.1127
2020-01-12 13:21:52,927 Allocated:33.15576171875 MB
2020-01-12 13:21:52,928 Cached:3394.375 MB
2020-01-12 13:23:10,680 ==> Epoch[15](300/534): Loss: 0.2026
2020-01-12 13:23:10,683 Allocated:33.15576171875 MB
2020-01-12 13:23:10,684 Cached:3394.375 MB
2020-01-12 13:24:24,393 ==> Epoch[15](350/534): Loss: 0.1525
2020-01-12 13:24:24,395 Allocated:33.15576171875 MB
2020-01-12 13:24:24,396 Cached:3453.375 MB
2020-01-12 13:24:35,147 ====> Building Cache
2020-01-12 13:24:35,148 feature cache--->>> /home/annora/NetVLAD/output/train_feat_cache3.hdf5
2020-01-12 13:26:12,408 Allocated:33.1552734375 MB
2020-01-12 13:26:12,408 Cached:3384.375 MB
2020-01-12 13:28:05,465 ==> Epoch[15](400/534): Loss: 0.0143
2020-01-12 13:28:05,474 Allocated:33.15576171875 MB
2020-01-12 13:28:05,474 Cached:4539.875 MB
2020-01-12 13:29:18,392 ==> Epoch[15](450/534): Loss: 0.0734
2020-01-12 13:29:18,394 Allocated:33.15576171875 MB
2020-01-12 13:29:18,394 Cached:4539.875 MB
2020-01-12 13:30:27,048 ==> Epoch[15](500/534): Loss: 0.0363
2020-01-12 13:30:27,050 Allocated:33.15576171875 MB
2020-01-12 13:30:27,051 Cached:4539.875 MB
2020-01-12 13:31:20,854 ===> Epoch 15 Complete: Avg. Loss: 0.0528
2020-01-12 13:31:20,856 ====> Extracting Features
2020-01-12 13:32:00,933 ==> Batch (50/108)
2020-01-12 13:32:26,351 ==> Batch (100/108)
2020-01-12 13:32:31,240 ====> Building faiss index
2020-01-12 13:32:31,607 ====> Calculating recall @ N
2020-01-12 13:32:33,855 ====> Recall@1: 0.5119
2020-01-12 13:32:33,855 ====> Recall@2: 0.5545
2020-01-12 13:32:33,856 ====> Recall@3: 0.5774
2020-01-12 13:32:33,856 ====> Recall@4: 0.5910
2020-01-12 13:32:33,856 ====> Recall@5: 0.6038
2020-01-12 13:32:33,856 ====> Recall@10: 0.6328
2020-01-12 13:32:33,857 ====> Recall@15: 0.6516
2020-01-12 13:32:33,857 ====> Recall@20: 0.6649
2020-01-12 13:32:33,857 ====> Recall@25: 0.6725
2020-01-12 13:32:33,978 ====> Building Cache
2020-01-12 13:32:33,979 feature cache--->>> /home/annora/NetVLAD/output/train_feat_cache3.hdf5
2020-01-12 13:34:17,806 Allocated:31.15576171875 MB
2020-01-12 13:34:17,806 Cached:4239.125 MB
2020-01-12 13:36:13,898 ==> Epoch[16](50/534): Loss: 0.0210
2020-01-12 13:36:13,902 Allocated:33.15576171875 MB
2020-01-12 13:36:13,902 Cached:4309.125 MB
2020-01-12 13:37:18,145 ==> Epoch[16](100/534): Loss: 0.0015
2020-01-12 13:37:18,147 Allocated:33.15576171875 MB
2020-01-12 13:37:18,148 Cached:4309.125 MB
2020-01-12 13:39:02,216 ====> Building Cache
2020-01-12 13:39:02,218 feature cache--->>> /home/annora/NetVLAD/output/train_feat_cache3.hdf5
2020-01-12 13:40:38,699 Allocated:33.1552734375 MB
2020-01-12 13:40:38,700 Cached:3384.375 MB
2020-01-12 13:41:46,056 ==> Epoch[16](200/534): Loss: 0.0876
2020-01-12 13:41:46,059 Allocated:33.15576171875 MB
2020-01-12 13:41:46,060 Cached:3393.375 MB
2020-01-12 13:42:53,145 ==> Epoch[16](250/534): Loss: 0.0772
2020-01-12 13:42:53,148 Allocated:33.15576171875 MB
2020-01-12 13:42:53,148 Cached:3394.375 MB
2020-01-12 13:44:17,506 ==> Epoch[16](300/534): Loss: 0.0702
2020-01-12 13:44:17,509 Allocated:33.15576171875 MB
2020-01-12 13:44:17,509 Cached:3394.375 MB
2020-01-12 13:45:33,698 ==> Epoch[16](350/534): Loss: 0.0000
2020-01-12 13:45:33,700 Allocated:33.15576171875 MB
2020-01-12 13:45:33,700 Cached:3394.375 MB
2020-01-12 13:45:43,673 ====> Building Cache
2020-01-12 13:45:43,674 feature cache--->>> /home/annora/NetVLAD/output/train_feat_cache3.hdf5
2020-01-12 13:47:24,476 Allocated:33.1552734375 MB
2020-01-12 13:47:24,477 Cached:3384.375 MB
2020-01-12 13:49:15,896 ==> Epoch[16](400/534): Loss: 0.0123
2020-01-12 13:49:15,899 Allocated:33.15576171875 MB
2020-01-12 13:49:15,899 Cached:3393.375 MB
2020-01-12 13:50:34,242 ==> Epoch[16](450/534): Loss: 0.0308
2020-01-12 13:50:34,246 Allocated:33.15576171875 MB
2020-01-12 13:50:34,247 Cached:3395.375 MB
2020-01-12 13:51:47,995 ==> Epoch[16](500/534): Loss: 0.0976
2020-01-12 13:51:47,998 Allocated:33.15576171875 MB
2020-01-12 13:51:47,998 Cached:3395.375 MB
2020-01-12 13:52:40,784 ===> Epoch 16 Complete: Avg. Loss: 0.0497
2020-01-12 13:52:40,786 ====> Extracting Features
2020-01-12 13:53:23,626 ==> Batch (50/108)
2020-01-12 13:53:48,801 ==> Batch (100/108)
2020-01-12 13:53:53,282 ====> Building faiss index
2020-01-12 13:53:53,646 ====> Calculating recall @ N
2020-01-12 13:53:56,154 ====> Recall@1: 0.5157
2020-01-12 13:53:56,155 ====> Recall@2: 0.5490
2020-01-12 13:53:56,156 ====> Recall@3: 0.5759
2020-01-12 13:53:56,156 ====> Recall@4: 0.5858
2020-01-12 13:53:56,156 ====> Recall@5: 0.5991
2020-01-12 13:53:56,156 ====> Recall@10: 0.6296
2020-01-12 13:53:56,156 ====> Recall@15: 0.6446
2020-01-12 13:53:56,156 ====> Recall@20: 0.6597
2020-01-12 13:53:56,157 ====> Recall@25: 0.6696
2020-01-12 13:53:56,298 ====> Building Cache
2020-01-12 13:53:56,298 feature cache--->>> /home/annora/NetVLAD/output/train_feat_cache3.hdf5
2020-01-12 13:55:41,363 Allocated:31.15576171875 MB
2020-01-12 13:55:41,364 Cached:4239.125 MB
2020-01-12 13:57:36,127 ==> Epoch[17](50/534): Loss: 0.0301
2020-01-12 13:57:36,130 Allocated:33.15576171875 MB
2020-01-12 13:57:36,131 Cached:4308.125 MB
2020-01-12 13:58:37,553 ==> Epoch[17](100/534): Loss: 0.0242
2020-01-12 13:58:37,555 Allocated:33.15576171875 MB
2020-01-12 13:58:37,555 Cached:4308.125 MB
2020-01-12 13:59:37,922 ==> Epoch[17](150/534): Loss: 0.0123
2020-01-12 13:59:37,924 Allocated:33.15576171875 MB
2020-01-12 13:59:37,924 Cached:4308.125 MB
2020-01-12 14:00:18,825 ====> Building Cache
2020-01-12 14:00:18,825 feature cache--->>> /home/annora/NetVLAD/output/train_feat_cache3.hdf5
2020-01-12 14:01:54,496 Allocated:33.1552734375 MB
2020-01-12 14:01:54,497 Cached:3384.375 MB
2020-01-12 14:03:05,479 ==> Epoch[17](200/534): Loss: 0.1763
2020-01-12 14:03:05,482 Allocated:33.15576171875 MB
2020-01-12 14:03:05,483 Cached:3394.375 MB
2020-01-12 14:04:10,756 ==> Epoch[17](250/534): Loss: 0.0760
2020-01-12 14:04:10,758 Allocated:33.15576171875 MB
2020-01-12 14:04:10,758 Cached:3453.375 MB
2020-01-12 14:05:23,965 ==> Epoch[17](300/534): Loss: 0.0797
2020-01-12 14:05:23,967 Allocated:33.15576171875 MB
2020-01-12 14:05:23,968 Cached:3453.375 MB
2020-01-12 14:06:55,870 ==> Epoch[17](350/534): Loss: 0.1011
2020-01-12 14:06:55,873 Allocated:33.15576171875 MB
2020-01-12 14:06:55,873 Cached:3453.375 MB
2020-01-12 14:06:57,383 ====> Building Cache
2020-01-12 14:06:57,384 feature cache--->>> /home/annora/NetVLAD/output/train_feat_cache3.hdf5
2020-01-12 14:08:32,279 Allocated:33.1552734375 MB
2020-01-12 14:08:32,280 Cached:3384.375 MB
2020-01-12 14:10:20,317 ==> Epoch[17](400/534): Loss: 0.0490
2020-01-12 14:10:20,320 Allocated:33.15576171875 MB
2020-01-12 14:10:20,320 Cached:4556.875 MB
2020-01-12 14:11:33,568 ==> Epoch[17](450/534): Loss: 0.0220
2020-01-12 14:11:33,571 Allocated:33.15576171875 MB
2020-01-12 14:11:33,572 Cached:4556.875 MB
2020-01-12 14:12:41,684 ==> Epoch[17](500/534): Loss: 0.0330
2020-01-12 14:12:41,686 Allocated:33.15576171875 MB
2020-01-12 14:12:41,687 Cached:4556.875 MB
2020-01-12 14:13:36,279 ===> Epoch 17 Complete: Avg. Loss: 0.0530
2020-01-12 14:13:36,281 ====> Extracting Features
2020-01-12 14:14:18,136 ==> Batch (50/108)
2020-01-12 14:14:43,245 ==> Batch (100/108)
2020-01-12 14:14:47,827 ====> Building faiss index
2020-01-12 14:14:48,169 ====> Calculating recall @ N
2020-01-12 14:14:50,430 ====> Recall@1: 0.5043
2020-01-12 14:14:50,431 ====> Recall@2: 0.5409
2020-01-12 14:14:50,431 ====> Recall@3: 0.5722
2020-01-12 14:14:50,431 ====> Recall@4: 0.5843
2020-01-12 14:14:50,432 ====> Recall@5: 0.5948
2020-01-12 14:14:50,432 ====> Recall@10: 0.6232
2020-01-12 14:14:50,432 ====> Recall@15: 0.6420
2020-01-12 14:14:50,432 ====> Recall@20: 0.6539
2020-01-12 14:14:50,432 ====> Recall@25: 0.6675
2020-01-12 14:14:50,558 ====> Building Cache
2020-01-12 14:14:50,558 feature cache--->>> /home/annora/NetVLAD/output/train_feat_cache3.hdf5
2020-01-12 14:16:36,462 Allocated:31.15576171875 MB
2020-01-12 14:16:36,462 Cached:4239.125 MB
2020-01-12 14:18:42,242 ==> Epoch[18](50/534): Loss: 0.0498
2020-01-12 14:18:42,246 Allocated:33.15576171875 MB
2020-01-12 14:18:42,246 Cached:4249.125 MB
2020-01-12 14:19:48,902 ==> Epoch[18](100/534): Loss: 0.0000
2020-01-12 14:19:48,906 Allocated:33.15576171875 MB
2020-01-12 14:19:48,906 Cached:4308.125 MB
2020-01-12 14:20:55,467 ==> Epoch[18](150/534): Loss: 0.0000
2020-01-12 14:20:55,469 Allocated:33.15576171875 MB
2020-01-12 14:20:55,470 Cached:4309.125 MB
2020-01-12 14:21:33,615 ====> Building Cache
2020-01-12 14:21:33,616 feature cache--->>> /home/annora/NetVLAD/output/train_feat_cache3.hdf5
2020-01-12 14:23:07,292 Allocated:33.1552734375 MB
2020-01-12 14:23:07,293 Cached:3384.375 MB
2020-01-12 14:24:31,808 ==> Epoch[18](200/534): Loss: 0.1107
2020-01-12 14:24:31,811 Allocated:33.15576171875 MB
2020-01-12 14:24:31,812 Cached:3392.375 MB
2020-01-12 14:25:47,111 ==> Epoch[18](250/534): Loss: 0.0166
2020-01-12 14:25:47,113 Allocated:33.15576171875 MB
2020-01-12 14:25:47,113 Cached:3453.375 MB
2020-01-12 14:27:09,700 ==> Epoch[18](300/534): Loss: 0.0925
2020-01-12 14:27:09,703 Allocated:33.15576171875 MB
2020-01-12 14:27:09,703 Cached:3453.375 MB
2020-01-12 14:28:35,574 ==> Epoch[18](350/534): Loss: 0.1111
2020-01-12 14:28:35,576 Allocated:33.15576171875 MB
2020-01-12 14:28:35,576 Cached:3453.375 MB
2020-01-12 14:28:36,780 ====> Building Cache
2020-01-12 14:28:36,781 feature cache--->>> /home/annora/NetVLAD/output/train_feat_cache3.hdf5
2020-01-12 14:30:10,816 Allocated:33.1552734375 MB
2020-01-12 14:30:10,817 Cached:3384.375 MB
2020-01-12 14:31:55,001 ==> Epoch[18](400/534): Loss: 0.0551
2020-01-12 14:31:55,004 Allocated:33.15576171875 MB
2020-01-12 14:31:55,004 Cached:3392.375 MB
2020-01-12 14:33:14,717 ==> Epoch[18](450/534): Loss: 0.0124
2020-01-12 14:33:14,719 Allocated:33.15576171875 MB
2020-01-12 14:33:14,719 Cached:3393.375 MB
2020-01-12 14:34:27,018 ==> Epoch[18](500/534): Loss: 0.0110
2020-01-12 14:34:27,020 Allocated:33.15576171875 MB
2020-01-12 14:34:27,021 Cached:3393.375 MB
2020-01-12 14:35:12,778 ===> Epoch 18 Complete: Avg. Loss: 0.0498
2020-01-12 14:35:12,780 ====> Extracting Features
2020-01-12 14:35:52,724 ==> Batch (50/108)
2020-01-12 14:36:16,347 ==> Batch (100/108)
2020-01-12 14:36:20,926 ====> Building faiss index
2020-01-12 14:36:21,286 ====> Calculating recall @ N
2020-01-12 14:36:23,693 ====> Recall@1: 0.5241
2020-01-12 14:36:23,694 ====> Recall@2: 0.5551
2020-01-12 14:36:23,695 ====> Recall@3: 0.5757
2020-01-12 14:36:23,695 ====> Recall@4: 0.5901
2020-01-12 14:36:23,696 ====> Recall@5: 0.5980
2020-01-12 14:36:23,696 ====> Recall@10: 0.6258
2020-01-12 14:36:23,696 ====> Recall@15: 0.6464
2020-01-12 14:36:23,697 ====> Recall@20: 0.6594
2020-01-12 14:36:23,697 ====> Recall@25: 0.6722
2020-01-12 14:36:23,890 Performance did not improve for 10 epochs. Stopping.
2020-01-12 14:36:23,890 => Best Recall@5: 0.6313
