2020-02-08 10:26:25,823 Namespace(arch='alexnet', batchSize=12, cacheBatchSize=96, cachePath='/home/annora/NetVLAD/output/', cacheRefreshRate=3000, ckpt='best', contilearn=True, dataPath='/home/annora/NetVLAD/output/data/', dataset='robotcar', evalEvery=1, fromscratch=False, fromtask='/home/annora/NetVLAD/output/runs/2020-02-05-12-04-10_alexnet_max', lr=0.001, lrGamma=0.5, lrStep=5, margin=0.1, mode='train', momentum=0.9, nEpochs=30, nGPU=1, nocuda=False, num_clusters=64, optim='SGD', patience=10, pooling='max', premodel='imagenet', resume='', runsPath='/home/annora/NetVLAD/output/runs/', savePath='checkpoints', seed=123, split='val', start_epoch=0, threads=8, vladv2=False, weightDecay=0.001)
2020-02-08 10:26:25,995 ===> Loading dataset(s)
2020-02-08 10:26:25,995 trainfile ------>>>>>> oxRobocar_single_train.mat
2020-02-08 10:26:28,794 ====> Training set: oxRobocar_single_train.mat, query set count: 6636
2020-02-08 10:26:28,898 ===> Evaluating on val set: oxRobocar_single_val.mat, query count: 3450
2020-02-08 10:26:28,898 ===> Building model
2020-02-08 10:26:28,949 encoder moder:
AlexNet(
  (conv1): Sequential(
    (0): Conv2d(3, 64, kernel_size=(11, 11), stride=(4, 4), padding=(2, 2))
    (1): ReLU(inplace)
    (2): MaxPool2d(kernel_size=3, stride=2, padding=0, dilation=1, ceil_mode=False)
  )
  (conv2): Sequential(
    (0): Conv2d(64, 192, kernel_size=(5, 5), stride=(1, 1), padding=(2, 2))
    (1): ReLU(inplace)
    (2): MaxPool2d(kernel_size=3, stride=2, padding=0, dilation=1, ceil_mode=False)
  )
  (conv3): Sequential(
    (0): Conv2d(192, 384, kernel_size=(3, 3), stride=(1, 1), padding=(1, 1))
    (1): ReLU(inplace)
  )
  (conv4): Sequential(
    (0): Conv2d(384, 256, kernel_size=(3, 3), stride=(1, 1), padding=(1, 1))
    (1): ReLU(inplace)
  )
  (conv5): Sequential(
    (0): Conv2d(256, 256, kernel_size=(3, 3), stride=(1, 1), padding=(1, 1))
  )
)
2020-02-08 10:26:34,450 => loading checkpoint '/home/annora/NetVLAD/output/runs/2020-02-05-12-04-10_alexnet_max/checkpoints/model_best.pth.tar'
2020-02-08 10:26:34,734 => loaded checkpoint '/home/annora/NetVLAD/output/runs/2020-02-05-12-04-10_alexnet_max/checkpoints/model_best.pth.tar' 
2020-02-08 10:26:34,734 ===> Training model
2020-02-08 10:26:34,737 ===> Saving state to: /home/annora/NetVLAD/output/runs/2020-02-08-10-26-34_alexnet_max
2020-02-08 10:26:34,737 ====> Building Cache
2020-02-08 10:26:34,737 feature cache--->>> /home/annora/NetVLAD/output/train_feat_cache2.hdf5
2020-02-08 10:27:54,104 Allocated:99.34619140625 MB
2020-02-08 10:27:54,105 Cached:2864.375 MB
2020-02-08 10:30:15,075 ==> Epoch[1](50/553): Loss: 0.0678
2020-02-08 10:30:15,077 Allocated:121.15869140625 MB
2020-02-08 10:30:15,077 Cached:6383.875 MB
2020-02-08 10:32:10,728 ==> Epoch[1](100/553): Loss: 0.0299
2020-02-08 10:32:10,731 Allocated:121.03369140625 MB
2020-02-08 10:32:10,731 Cached:7617.625 MB
2020-02-08 10:34:00,320 ==> Epoch[1](150/553): Loss: 0.0155
2020-02-08 10:34:00,321 Allocated:120.78369140625 MB
2020-02-08 10:34:00,321 Cached:7617.625 MB
2020-02-08 10:35:10,711 ====> Building Cache
2020-02-08 10:35:10,711 feature cache--->>> /home/annora/NetVLAD/output/train_feat_cache2.hdf5
2020-02-08 10:36:31,884 Allocated:120.658203125 MB
2020-02-08 10:36:31,884 Cached:3268.0 MB
2020-02-08 10:37:34,047 ==> Epoch[1](200/553): Loss: 0.0766
2020-02-08 10:37:34,048 Allocated:120.65869140625 MB
2020-02-08 10:37:34,048 Cached:3269.0 MB
2020-02-08 10:39:22,174 ==> Epoch[1](250/553): Loss: 0.2433
2020-02-08 10:39:22,176 Allocated:122.03369140625 MB
2020-02-08 10:39:22,176 Cached:4445.375 MB
2020-02-08 10:41:03,212 ==> Epoch[1](300/553): Loss: 0.2470
2020-02-08 10:41:03,214 Allocated:120.53369140625 MB
2020-02-08 10:41:03,214 Cached:4448.375 MB
2020-02-08 10:42:48,035 ==> Epoch[1](350/553): Loss: 0.2386
2020-02-08 10:42:48,036 Allocated:120.53369140625 MB
2020-02-08 10:42:48,036 Cached:4448.375 MB
2020-02-08 10:43:30,832 ====> Building Cache
2020-02-08 10:43:30,833 feature cache--->>> /home/annora/NetVLAD/output/train_feat_cache2.hdf5
2020-02-08 10:44:55,176 Allocated:121.408203125 MB
2020-02-08 10:44:55,177 Cached:3241.375 MB
2020-02-08 10:46:35,925 ==> Epoch[1](400/553): Loss: 0.0586
2020-02-08 10:46:35,927 Allocated:120.78369140625 MB
2020-02-08 10:46:35,927 Cached:1965.625 MB
2020-02-08 10:48:18,537 ==> Epoch[1](450/553): Loss: 0.0366
2020-02-08 10:48:18,538 Allocated:121.90869140625 MB
2020-02-08 10:48:18,539 Cached:5667.0 MB
2020-02-08 10:50:02,632 ==> Epoch[1](500/553): Loss: 0.0250
2020-02-08 10:50:02,634 Allocated:121.90869140625 MB
2020-02-08 10:50:02,634 Cached:5667.0 MB
2020-02-08 10:51:49,467 ==> Epoch[1](550/553): Loss: 0.0453
2020-02-08 10:51:49,469 Allocated:121.53369140625 MB
2020-02-08 10:51:49,469 Cached:5667.0 MB
2020-02-08 10:52:00,579 ===> Epoch 1 Complete: Avg. Loss: 0.1111
2020-02-08 10:52:00,581 ====> Extracting Features
2020-02-08 10:52:44,967 ==> Batch (50/108)
2020-02-08 10:53:10,259 ==> Batch (100/108)
2020-02-08 10:53:14,050 ====> Building faiss index
2020-02-08 10:53:14,052 ====> Calculating recall @ N
2020-02-08 10:53:14,524 ====> Recall@1: 0.7380
2020-02-08 10:53:14,525 ====> Recall@2: 0.7510
2020-02-08 10:53:14,525 ====> Recall@3: 0.7583
2020-02-08 10:53:14,525 ====> Recall@4: 0.7641
2020-02-08 10:53:14,525 ====> Recall@5: 0.7684
2020-02-08 10:53:14,526 ====> Recall@10: 0.7817
2020-02-08 10:53:14,526 ====> Recall@15: 0.7867
2020-02-08 10:53:14,526 ====> Recall@20: 0.7968
2020-02-08 10:53:14,526 ====> Recall@25: 0.8014
2020-02-08 10:53:14,785 ====> Building Cache
2020-02-08 10:53:14,785 feature cache--->>> /home/annora/NetVLAD/output/train_feat_cache2.hdf5
2020-02-08 10:54:35,244 Allocated:120.40869140625 MB
2020-02-08 10:54:35,244 Cached:4195.0 MB
2020-02-08 10:56:59,601 ==> Epoch[2](50/553): Loss: 0.0128
2020-02-08 10:56:59,603 Allocated:120.90869140625 MB
2020-02-08 10:56:59,604 Cached:4196.0 MB
2020-02-08 10:58:40,857 ==> Epoch[2](100/553): Loss: 0.2103
2020-02-08 10:58:40,859 Allocated:120.53369140625 MB
2020-02-08 10:58:40,860 Cached:4196.0 MB
2020-02-08 11:00:19,771 ==> Epoch[2](150/553): Loss: 0.0821
2020-02-08 11:00:19,772 Allocated:120.53369140625 MB
2020-02-08 11:00:19,773 Cached:4196.0 MB
2020-02-08 11:01:31,128 ====> Building Cache
2020-02-08 11:01:31,129 feature cache--->>> /home/annora/NetVLAD/output/train_feat_cache2.hdf5
2020-02-08 11:02:55,797 Allocated:121.158203125 MB
2020-02-08 11:02:55,797 Cached:3496.5 MB
2020-02-08 11:03:55,541 ==> Epoch[2](200/553): Loss: 0.0361
2020-02-08 11:03:55,542 Allocated:121.90869140625 MB
2020-02-08 11:03:55,543 Cached:3497.5 MB
2020-02-08 11:05:33,930 ==> Epoch[2](250/553): Loss: 0.2268
2020-02-08 11:05:33,932 Allocated:121.03369140625 MB
2020-02-08 11:05:33,932 Cached:3497.5 MB
2020-02-08 11:07:12,430 ==> Epoch[2](300/553): Loss: 0.1492
2020-02-08 11:07:12,431 Allocated:122.65869140625 MB
2020-02-08 11:07:12,432 Cached:3501.5 MB
2020-02-08 11:08:51,485 ==> Epoch[2](350/553): Loss: 0.0434
2020-02-08 11:08:51,486 Allocated:120.53369140625 MB
2020-02-08 11:08:51,486 Cached:4658.75 MB
2020-02-08 11:09:31,693 ====> Building Cache
2020-02-08 11:09:31,694 feature cache--->>> /home/annora/NetVLAD/output/train_feat_cache2.hdf5
2020-02-08 11:10:54,971 Allocated:120.533203125 MB
2020-02-08 11:10:54,972 Cached:3241.375 MB
2020-02-08 11:12:35,569 ==> Epoch[2](400/553): Loss: 0.0693
2020-02-08 11:12:35,571 Allocated:123.03369140625 MB
2020-02-08 11:12:35,571 Cached:5610.125 MB
2020-02-08 11:14:19,649 ==> Epoch[2](450/553): Loss: 0.0526
2020-02-08 11:14:19,651 Allocated:121.40869140625 MB
2020-02-08 11:14:19,651 Cached:6832.125 MB
2020-02-08 11:16:04,176 ==> Epoch[2](500/553): Loss: 0.0856
2020-02-08 11:16:04,177 Allocated:121.90869140625 MB
2020-02-08 11:16:04,178 Cached:9322.0 MB
2020-02-08 11:17:46,919 ==> Epoch[2](550/553): Loss: 0.1147
2020-02-08 11:17:46,921 Allocated:120.53369140625 MB
2020-02-08 11:17:46,921 Cached:9322.0 MB
2020-02-08 11:17:56,980 ===> Epoch 2 Complete: Avg. Loss: 0.1139
2020-02-08 11:17:56,981 ====> Extracting Features
2020-02-08 11:18:30,251 ==> Batch (50/108)
2020-02-08 11:18:52,734 ==> Batch (100/108)
2020-02-08 11:18:56,919 ====> Building faiss index
2020-02-08 11:18:56,927 ====> Calculating recall @ N
2020-02-08 11:18:57,358 ====> Recall@1: 0.7443
2020-02-08 11:18:57,359 ====> Recall@2: 0.7580
2020-02-08 11:18:57,359 ====> Recall@3: 0.7672
2020-02-08 11:18:57,360 ====> Recall@4: 0.7751
2020-02-08 11:18:57,360 ====> Recall@5: 0.7780
2020-02-08 11:18:57,360 ====> Recall@10: 0.7867
2020-02-08 11:18:57,360 ====> Recall@15: 0.7936
2020-02-08 11:18:57,360 ====> Recall@20: 0.7977
2020-02-08 11:18:57,360 ====> Recall@25: 0.8017
2020-02-08 11:18:58,140 ====> Building Cache
2020-02-08 11:18:58,141 feature cache--->>> /home/annora/NetVLAD/output/train_feat_cache2.hdf5
2020-02-08 11:20:26,876 Allocated:119.53369140625 MB
2020-02-08 11:20:26,876 Cached:4195.0 MB
2020-02-08 11:22:42,540 ==> Epoch[3](50/553): Loss: 0.0105
2020-02-08 11:22:42,543 Allocated:121.90869140625 MB
2020-02-08 11:22:42,543 Cached:4196.0 MB
2020-02-08 11:24:31,900 ==> Epoch[3](100/553): Loss: 0.0375
2020-02-08 11:24:31,901 Allocated:122.03369140625 MB
2020-02-08 11:24:31,902 Cached:5346.875 MB
2020-02-08 11:26:16,097 ==> Epoch[3](150/553): Loss: 0.0219
2020-02-08 11:26:16,099 Allocated:121.78369140625 MB
2020-02-08 11:26:16,099 Cached:5346.875 MB
2020-02-08 11:27:26,308 ====> Building Cache
2020-02-08 11:27:26,308 feature cache--->>> /home/annora/NetVLAD/output/train_feat_cache2.hdf5
2020-02-08 11:28:53,339 Allocated:120.533203125 MB
2020-02-08 11:28:53,340 Cached:3496.5 MB
2020-02-08 11:29:52,581 ==> Epoch[3](200/553): Loss: 0.1201
2020-02-08 11:29:52,583 Allocated:122.40869140625 MB
2020-02-08 11:29:52,584 Cached:3497.5 MB
2020-02-08 11:31:29,267 ==> Epoch[3](250/553): Loss: 0.1055
2020-02-08 11:31:29,270 Allocated:120.53369140625 MB
2020-02-08 11:31:29,271 Cached:4661.125 MB
2020-02-08 11:33:16,663 ==> Epoch[3](300/553): Loss: 0.0645
2020-02-08 11:33:16,664 Allocated:120.53369140625 MB
2020-02-08 11:33:16,664 Cached:4665.125 MB
2020-02-08 11:34:57,443 ==> Epoch[3](350/553): Loss: 0.2477
2020-02-08 11:34:57,444 Allocated:121.28369140625 MB
2020-02-08 11:34:57,445 Cached:4665.125 MB
2020-02-08 11:35:37,388 ====> Building Cache
2020-02-08 11:35:37,388 feature cache--->>> /home/annora/NetVLAD/output/train_feat_cache2.hdf5
2020-02-08 11:37:03,429 Allocated:121.033203125 MB
2020-02-08 11:37:03,430 Cached:3241.375 MB
2020-02-08 11:38:45,337 ==> Epoch[3](400/553): Loss: 0.0601
2020-02-08 11:38:45,338 Allocated:120.90869140625 MB
2020-02-08 11:38:45,339 Cached:6774.875 MB
2020-02-08 11:40:27,787 ==> Epoch[3](450/553): Loss: 0.0898
2020-02-08 11:40:27,789 Allocated:121.65869140625 MB
2020-02-08 11:40:27,789 Cached:6774.875 MB
2020-02-08 11:42:15,937 ==> Epoch[3](500/553): Loss: 0.0970
2020-02-08 11:42:15,938 Allocated:121.28369140625 MB
2020-02-08 11:42:15,939 Cached:8024.625 MB
2020-02-08 11:44:07,364 ==> Epoch[3](550/553): Loss: 0.0436
2020-02-08 11:44:07,366 Allocated:121.90869140625 MB
2020-02-08 11:44:07,366 Cached:8024.625 MB
2020-02-08 11:44:19,347 ===> Epoch 3 Complete: Avg. Loss: 0.1046
2020-02-08 11:44:19,350 ====> Extracting Features
2020-02-08 11:44:59,018 ==> Batch (50/108)
2020-02-08 11:45:24,293 ==> Batch (100/108)
2020-02-08 11:45:28,219 ====> Building faiss index
2020-02-08 11:45:28,221 ====> Calculating recall @ N
2020-02-08 11:45:28,655 ====> Recall@1: 0.7441
2020-02-08 11:45:28,655 ====> Recall@2: 0.7638
2020-02-08 11:45:28,656 ====> Recall@3: 0.7730
2020-02-08 11:45:28,656 ====> Recall@4: 0.7765
2020-02-08 11:45:28,656 ====> Recall@5: 0.7780
2020-02-08 11:45:28,657 ====> Recall@10: 0.7887
2020-02-08 11:45:28,657 ====> Recall@15: 0.7948
2020-02-08 11:45:28,657 ====> Recall@20: 0.8003
2020-02-08 11:45:28,657 ====> Recall@25: 0.8041
2020-02-08 11:45:29,014 ====> Building Cache
2020-02-08 11:45:29,015 feature cache--->>> /home/annora/NetVLAD/output/train_feat_cache2.hdf5
2020-02-08 11:46:55,470 Allocated:118.65869140625 MB
2020-02-08 11:46:55,471 Cached:4381.125 MB
2020-02-08 11:49:17,372 ==> Epoch[4](50/553): Loss: 0.0136
2020-02-08 11:49:17,375 Allocated:120.65869140625 MB
2020-02-08 11:49:17,375 Cached:4382.125 MB
2020-02-08 11:51:02,543 ==> Epoch[4](100/553): Loss: 0.0061
2020-02-08 11:51:02,545 Allocated:120.53369140625 MB
2020-02-08 11:51:02,545 Cached:4382.125 MB
2020-02-08 11:52:43,333 ==> Epoch[4](150/553): Loss: 0.0145
2020-02-08 11:52:43,335 Allocated:122.65869140625 MB
2020-02-08 11:52:43,335 Cached:4382.125 MB
2020-02-08 11:53:55,343 ====> Building Cache
2020-02-08 11:53:55,344 feature cache--->>> /home/annora/NetVLAD/output/train_feat_cache2.hdf5
2020-02-08 11:55:22,397 Allocated:121.533203125 MB
2020-02-08 11:55:22,398 Cached:3241.375 MB
2020-02-08 11:56:35,302 ==> Epoch[4](200/553): Loss: 0.1362
2020-02-08 11:56:35,304 Allocated:121.03369140625 MB
2020-02-08 11:56:35,304 Cached:3242.375 MB
2020-02-08 11:58:18,520 ==> Epoch[4](250/553): Loss: 0.1240
2020-02-08 11:58:18,521 Allocated:121.53369140625 MB
2020-02-08 11:58:18,522 Cached:3242.375 MB
2020-02-08 12:00:13,799 ==> Epoch[4](300/553): Loss: 0.2206
2020-02-08 12:00:13,800 Allocated:121.40869140625 MB
2020-02-08 12:00:13,801 Cached:3242.375 MB
2020-02-08 12:02:02,803 ==> Epoch[4](350/553): Loss: 0.2243
2020-02-08 12:02:02,805 Allocated:121.90869140625 MB
2020-02-08 12:02:02,805 Cached:5585.625 MB
2020-02-08 12:02:44,946 ====> Building Cache
2020-02-08 12:02:44,946 feature cache--->>> /home/annora/NetVLAD/output/train_feat_cache2.hdf5
2020-02-08 12:04:06,310 Allocated:121.908203125 MB
2020-02-08 12:04:06,311 Cached:3241.375 MB
2020-02-08 12:06:07,367 ==> Epoch[4](400/553): Loss: 0.1352
2020-02-08 12:06:07,369 Allocated:120.53369140625 MB
2020-02-08 12:06:07,369 Cached:7992.625 MB
2020-02-08 12:08:00,256 ==> Epoch[4](450/553): Loss: 0.0636
2020-02-08 12:08:00,258 Allocated:120.53369140625 MB
2020-02-08 12:08:00,258 Cached:7992.625 MB
2020-02-08 12:09:48,595 ==> Epoch[4](500/553): Loss: 0.0210
2020-02-08 12:09:48,597 Allocated:120.65869140625 MB
2020-02-08 12:09:48,597 Cached:7992.625 MB
2020-02-08 12:11:39,152 ==> Epoch[4](550/553): Loss: 0.0642
2020-02-08 12:11:39,153 Allocated:123.03369140625 MB
2020-02-08 12:11:39,154 Cached:9239.125 MB
2020-02-08 12:11:48,685 ===> Epoch 4 Complete: Avg. Loss: 0.1021
2020-02-08 12:11:48,687 ====> Extracting Features
2020-02-08 12:12:34,546 ==> Batch (50/108)
2020-02-08 12:13:06,876 ==> Batch (100/108)
2020-02-08 12:13:11,407 ====> Building faiss index
2020-02-08 12:13:11,410 ====> Calculating recall @ N
2020-02-08 12:13:11,845 ====> Recall@1: 0.7157
2020-02-08 12:13:11,845 ====> Recall@2: 0.7629
2020-02-08 12:13:11,846 ====> Recall@3: 0.7722
2020-02-08 12:13:11,846 ====> Recall@4: 0.7754
2020-02-08 12:13:11,846 ====> Recall@5: 0.7780
2020-02-08 12:13:11,846 ====> Recall@10: 0.7907
2020-02-08 12:13:11,847 ====> Recall@15: 0.7971
2020-02-08 12:13:11,847 ====> Recall@20: 0.8017
2020-02-08 12:13:11,847 ====> Recall@25: 0.8067
2020-02-08 12:13:12,198 ====> Building Cache
2020-02-08 12:13:12,198 feature cache--->>> /home/annora/NetVLAD/output/train_feat_cache2.hdf5
2020-02-08 12:14:49,467 Allocated:119.65869140625 MB
2020-02-08 12:14:49,467 Cached:4195.0 MB
2020-02-08 12:17:08,723 ==> Epoch[5](50/553): Loss: 0.1047
2020-02-08 12:17:08,729 Allocated:120.53369140625 MB
2020-02-08 12:17:08,729 Cached:4200.0 MB
2020-02-08 12:18:46,814 ==> Epoch[5](100/553): Loss: 0.0312
2020-02-08 12:18:46,815 Allocated:121.65869140625 MB
2020-02-08 12:18:46,816 Cached:4200.0 MB
2020-02-08 12:20:30,487 ==> Epoch[5](150/553): Loss: 0.1183
2020-02-08 12:20:30,488 Allocated:121.90869140625 MB
2020-02-08 12:20:30,488 Cached:4200.0 MB
2020-02-08 12:21:44,751 ====> Building Cache
2020-02-08 12:21:44,751 feature cache--->>> /home/annora/NetVLAD/output/train_feat_cache2.hdf5
2020-02-08 12:23:09,113 Allocated:120.533203125 MB
2020-02-08 12:23:09,114 Cached:3241.375 MB
2020-02-08 12:24:24,650 ==> Epoch[5](200/553): Loss: 0.3404
2020-02-08 12:24:24,652 Allocated:120.78369140625 MB
2020-02-08 12:24:24,652 Cached:3242.375 MB
2020-02-08 12:26:16,902 ==> Epoch[5](250/553): Loss: 0.2314
2020-02-08 12:26:16,904 Allocated:121.15869140625 MB
2020-02-08 12:26:16,904 Cached:3242.375 MB
2020-02-08 12:27:56,509 ==> Epoch[5](300/553): Loss: 0.3502
2020-02-08 12:27:56,510 Allocated:123.53369140625 MB
2020-02-08 12:27:56,510 Cached:3242.375 MB
2020-02-08 12:29:57,723 ==> Epoch[5](350/553): Loss: 0.3646
2020-02-08 12:29:57,725 Allocated:122.40869140625 MB
2020-02-08 12:29:57,725 Cached:3242.375 MB
2020-02-08 12:30:40,932 ====> Building Cache
2020-02-08 12:30:40,933 feature cache--->>> /home/annora/NetVLAD/output/train_feat_cache2.hdf5
2020-02-08 12:32:03,044 Allocated:121.908203125 MB
2020-02-08 12:32:03,045 Cached:3241.375 MB
2020-02-08 12:34:01,060 ==> Epoch[5](400/553): Loss: 0.0491
2020-02-08 12:34:01,062 Allocated:120.65869140625 MB
2020-02-08 12:34:01,062 Cached:6707.875 MB
2020-02-08 12:35:49,451 ==> Epoch[5](450/553): Loss: 0.0763
2020-02-08 12:35:49,452 Allocated:121.65869140625 MB
2020-02-08 12:35:49,452 Cached:6707.875 MB
2020-02-08 12:37:40,062 ==> Epoch[5](500/553): Loss: 0.0564
2020-02-08 12:37:40,064 Allocated:120.78369140625 MB
2020-02-08 12:37:40,064 Cached:7922.5 MB
2020-02-08 12:39:33,524 ==> Epoch[5](550/553): Loss: 0.0514
2020-02-08 12:39:33,525 Allocated:120.78369140625 MB
2020-02-08 12:39:33,525 Cached:7922.5 MB
2020-02-08 12:39:44,231 ===> Epoch 5 Complete: Avg. Loss: 0.1087
2020-02-08 12:39:44,233 ====> Extracting Features
2020-02-08 12:40:22,327 ==> Batch (50/108)
2020-02-08 12:40:45,666 ==> Batch (100/108)
2020-02-08 12:40:49,816 ====> Building faiss index
2020-02-08 12:40:49,817 ====> Calculating recall @ N
2020-02-08 12:40:50,235 ====> Recall@1: 0.7157
2020-02-08 12:40:50,236 ====> Recall@2: 0.7600
2020-02-08 12:40:50,237 ====> Recall@3: 0.7716
2020-02-08 12:40:50,237 ====> Recall@4: 0.7757
2020-02-08 12:40:50,237 ====> Recall@5: 0.7783
2020-02-08 12:40:50,237 ====> Recall@10: 0.7887
2020-02-08 12:40:50,237 ====> Recall@15: 0.7951
2020-02-08 12:40:50,237 ====> Recall@20: 0.7986
2020-02-08 12:40:50,238 ====> Recall@25: 0.8052
2020-02-08 12:40:50,942 ====> Building Cache
2020-02-08 12:40:50,943 feature cache--->>> /home/annora/NetVLAD/output/train_feat_cache2.hdf5
2020-02-08 12:42:24,950 Allocated:119.65869140625 MB
2020-02-08 12:42:24,950 Cached:4195.0 MB
2020-02-08 12:44:52,123 ==> Epoch[6](50/553): Loss: 0.0277
2020-02-08 12:44:52,125 Allocated:120.78369140625 MB
2020-02-08 12:44:52,125 Cached:4200.0 MB
2020-02-08 12:46:42,877 ==> Epoch[6](100/553): Loss: 0.1135
2020-02-08 12:46:42,879 Allocated:120.53369140625 MB
2020-02-08 12:46:42,879 Cached:4200.0 MB
2020-02-08 12:48:19,832 ==> Epoch[6](150/553): Loss: 0.1854
2020-02-08 12:48:19,834 Allocated:121.28369140625 MB
2020-02-08 12:48:19,835 Cached:4200.0 MB
2020-02-08 12:49:27,889 ====> Building Cache
2020-02-08 12:49:27,889 feature cache--->>> /home/annora/NetVLAD/output/train_feat_cache2.hdf5
2020-02-08 12:51:01,351 Allocated:120.658203125 MB
2020-02-08 12:51:01,351 Cached:3241.375 MB
2020-02-08 12:52:07,300 ==> Epoch[6](200/553): Loss: 0.2047
2020-02-08 12:52:07,302 Allocated:120.53369140625 MB
2020-02-08 12:52:07,302 Cached:3242.375 MB
2020-02-08 12:53:51,897 ==> Epoch[6](250/553): Loss: 0.1556
2020-02-08 12:53:51,898 Allocated:122.28369140625 MB
2020-02-08 12:53:51,899 Cached:3242.375 MB
2020-02-08 12:55:34,416 ==> Epoch[6](300/553): Loss: 0.1030
2020-02-08 12:55:34,417 Allocated:122.65869140625 MB
2020-02-08 12:55:34,417 Cached:3242.375 MB
2020-02-08 12:57:38,152 ==> Epoch[6](350/553): Loss: 0.1327
2020-02-08 12:57:38,153 Allocated:120.53369140625 MB
2020-02-08 12:57:38,153 Cached:3245.375 MB
2020-02-08 12:58:21,571 ====> Building Cache
2020-02-08 12:58:21,572 feature cache--->>> /home/annora/NetVLAD/output/train_feat_cache2.hdf5
2020-02-08 12:59:42,072 Allocated:121.533203125 MB
2020-02-08 12:59:42,072 Cached:3241.375 MB
2020-02-08 13:01:21,088 ==> Epoch[6](400/553): Loss: 0.0302
2020-02-08 13:01:21,090 Allocated:120.78369140625 MB
2020-02-08 13:01:21,090 Cached:7889.625 MB
2020-02-08 13:03:11,219 ==> Epoch[6](450/553): Loss: 0.0452
2020-02-08 13:03:11,221 Allocated:123.03369140625 MB
2020-02-08 13:03:11,221 Cached:4417.25 MB
2020-02-08 13:04:59,743 ==> Epoch[6](500/553): Loss: 0.0270
2020-02-08 13:04:59,745 Allocated:121.65869140625 MB
2020-02-08 13:04:59,745 Cached:4417.25 MB
2020-02-08 13:06:47,526 ==> Epoch[6](550/553): Loss: 0.0998
2020-02-08 13:06:47,527 Allocated:121.53369140625 MB
2020-02-08 13:06:47,527 Cached:4417.25 MB
2020-02-08 13:06:58,541 ===> Epoch 6 Complete: Avg. Loss: 0.0978
2020-02-08 13:06:58,542 ====> Extracting Features
2020-02-08 13:07:34,745 ==> Batch (50/108)
2020-02-08 13:07:57,047 ==> Batch (100/108)
2020-02-08 13:08:00,867 ====> Building faiss index
2020-02-08 13:08:00,869 ====> Calculating recall @ N
2020-02-08 13:08:01,260 ====> Recall@1: 0.7125
2020-02-08 13:08:01,261 ====> Recall@2: 0.7591
2020-02-08 13:08:01,261 ====> Recall@3: 0.7670
2020-02-08 13:08:01,262 ====> Recall@4: 0.7733
2020-02-08 13:08:01,262 ====> Recall@5: 0.7765
2020-02-08 13:08:01,262 ====> Recall@10: 0.7884
2020-02-08 13:08:01,262 ====> Recall@15: 0.7922
2020-02-08 13:08:01,262 ====> Recall@20: 0.7977
2020-02-08 13:08:01,263 ====> Recall@25: 0.8041
2020-02-08 13:08:01,635 ====> Building Cache
2020-02-08 13:08:01,636 feature cache--->>> /home/annora/NetVLAD/output/train_feat_cache2.hdf5
2020-02-08 13:09:21,631 Allocated:120.65869140625 MB
2020-02-08 13:09:21,632 Cached:4195.0 MB
2020-02-08 13:11:32,623 ==> Epoch[7](50/553): Loss: 0.0640
2020-02-08 13:11:32,625 Allocated:121.28369140625 MB
2020-02-08 13:11:32,625 Cached:4196.0 MB
2020-02-08 13:13:11,664 ==> Epoch[7](100/553): Loss: 0.1977
2020-02-08 13:13:11,666 Allocated:120.90869140625 MB
2020-02-08 13:13:11,666 Cached:4200.0 MB
2020-02-08 13:14:47,656 ==> Epoch[7](150/553): Loss: 0.0039
2020-02-08 13:14:47,657 Allocated:120.90869140625 MB
2020-02-08 13:14:47,657 Cached:4200.0 MB
2020-02-08 13:15:56,100 ====> Building Cache
2020-02-08 13:15:56,101 feature cache--->>> /home/annora/NetVLAD/output/train_feat_cache2.hdf5
2020-02-08 13:17:15,188 Allocated:121.783203125 MB
2020-02-08 13:17:15,188 Cached:3241.375 MB
2020-02-08 13:18:20,984 ==> Epoch[7](200/553): Loss: 0.2639
2020-02-08 13:18:20,985 Allocated:121.53369140625 MB
2020-02-08 13:18:20,986 Cached:3241.375 MB
2020-02-08 13:20:06,031 ==> Epoch[7](250/553): Loss: 0.1318
2020-02-08 13:20:06,032 Allocated:120.65869140625 MB
2020-02-08 13:20:06,033 Cached:3242.375 MB
2020-02-08 13:21:52,969 ==> Epoch[7](300/553): Loss: 0.0848
2020-02-08 13:21:52,970 Allocated:120.90869140625 MB
2020-02-08 13:21:52,970 Cached:3245.375 MB
2020-02-08 13:23:36,877 ==> Epoch[7](350/553): Loss: 0.1420
2020-02-08 13:23:36,878 Allocated:120.78369140625 MB
2020-02-08 13:23:36,878 Cached:3245.375 MB
2020-02-08 13:24:18,349 ====> Building Cache
2020-02-08 13:24:18,350 feature cache--->>> /home/annora/NetVLAD/output/train_feat_cache2.hdf5
2020-02-08 13:25:37,418 Allocated:122.158203125 MB
2020-02-08 13:25:37,419 Cached:3241.375 MB
2020-02-08 13:27:24,505 ==> Epoch[7](400/553): Loss: 0.1016
2020-02-08 13:27:24,507 Allocated:121.53369140625 MB
2020-02-08 13:27:24,507 Cached:4393.25 MB
2020-02-08 13:29:11,796 ==> Epoch[7](450/553): Loss: 0.0837
2020-02-08 13:29:11,797 Allocated:121.90869140625 MB
2020-02-08 13:29:11,797 Cached:4393.25 MB
2020-02-08 13:30:59,705 ==> Epoch[7](500/553): Loss: 0.0115
2020-02-08 13:30:59,706 Allocated:122.40869140625 MB
2020-02-08 13:30:59,707 Cached:5569.625 MB
2020-02-08 13:32:44,334 ==> Epoch[7](550/553): Loss: 0.0358
2020-02-08 13:32:44,335 Allocated:121.40869140625 MB
2020-02-08 13:32:44,336 Cached:6749.25 MB
2020-02-08 13:32:55,173 ===> Epoch 7 Complete: Avg. Loss: 0.1054
2020-02-08 13:32:55,175 ====> Extracting Features
2020-02-08 13:33:32,183 ==> Batch (50/108)
2020-02-08 13:33:55,198 ==> Batch (100/108)
2020-02-08 13:33:59,009 ====> Building faiss index
2020-02-08 13:33:59,011 ====> Calculating recall @ N
2020-02-08 13:33:59,460 ====> Recall@1: 0.7203
2020-02-08 13:33:59,460 ====> Recall@2: 0.7606
2020-02-08 13:33:59,461 ====> Recall@3: 0.7681
2020-02-08 13:33:59,461 ====> Recall@4: 0.7777
2020-02-08 13:33:59,461 ====> Recall@5: 0.7806
2020-02-08 13:33:59,462 ====> Recall@10: 0.7942
2020-02-08 13:33:59,462 ====> Recall@15: 0.8006
2020-02-08 13:33:59,462 ====> Recall@20: 0.8067
2020-02-08 13:33:59,462 ====> Recall@25: 0.8090
2020-02-08 13:34:00,154 ====> Building Cache
2020-02-08 13:34:00,155 feature cache--->>> /home/annora/NetVLAD/output/train_feat_cache2.hdf5
2020-02-08 13:35:19,080 Allocated:118.65869140625 MB
2020-02-08 13:35:19,080 Cached:4195.0 MB
2020-02-08 13:37:37,359 ==> Epoch[8](50/553): Loss: 0.0349
2020-02-08 13:37:37,360 Allocated:120.90869140625 MB
2020-02-08 13:37:37,361 Cached:4199.0 MB
2020-02-08 13:39:29,048 ==> Epoch[8](100/553): Loss: 0.3408
2020-02-08 13:39:29,050 Allocated:120.53369140625 MB
2020-02-08 13:39:29,050 Cached:4200.0 MB
2020-02-08 13:41:02,350 ==> Epoch[8](150/553): Loss: 0.1191
2020-02-08 13:41:02,352 Allocated:121.53369140625 MB
2020-02-08 13:41:02,352 Cached:4200.0 MB
2020-02-08 13:42:12,896 ====> Building Cache
2020-02-08 13:42:12,897 feature cache--->>> /home/annora/NetVLAD/output/train_feat_cache2.hdf5
2020-02-08 13:43:32,492 Allocated:122.033203125 MB
2020-02-08 13:43:32,492 Cached:3241.375 MB
2020-02-08 13:44:42,089 ==> Epoch[8](200/553): Loss: 0.3187
2020-02-08 13:44:42,091 Allocated:120.90869140625 MB
2020-02-08 13:44:42,091 Cached:3242.375 MB
2020-02-08 13:46:28,041 ==> Epoch[8](250/553): Loss: 0.1833
2020-02-08 13:46:28,043 Allocated:121.40869140625 MB
2020-02-08 13:46:28,043 Cached:3242.375 MB
2020-02-08 13:48:09,134 ==> Epoch[8](300/553): Loss: 0.2593
2020-02-08 13:48:09,136 Allocated:121.15869140625 MB
2020-02-08 13:48:09,137 Cached:3242.375 MB
2020-02-08 13:49:47,429 ==> Epoch[8](350/553): Loss: 0.3673
2020-02-08 13:49:47,431 Allocated:121.53369140625 MB
2020-02-08 13:49:47,431 Cached:3242.375 MB
2020-02-08 13:50:26,169 ====> Building Cache
2020-02-08 13:50:26,170 feature cache--->>> /home/annora/NetVLAD/output/train_feat_cache2.hdf5
2020-02-08 13:51:47,582 Allocated:120.533203125 MB
2020-02-08 13:51:47,583 Cached:3241.375 MB
2020-02-08 13:53:35,343 ==> Epoch[8](400/553): Loss: 0.0320
2020-02-08 13:53:35,345 Allocated:120.53369140625 MB
2020-02-08 13:53:35,345 Cached:3242.375 MB
2020-02-08 13:55:31,265 ==> Epoch[8](450/553): Loss: 0.0649
2020-02-08 13:55:31,267 Allocated:120.65869140625 MB
2020-02-08 13:55:31,267 Cached:4396.5 MB
2020-02-08 13:57:17,778 ==> Epoch[8](500/553): Loss: 0.0474
2020-02-08 13:57:17,780 Allocated:123.03369140625 MB
2020-02-08 13:57:17,781 Cached:5563.375 MB
2020-02-08 13:59:01,765 ==> Epoch[8](550/553): Loss: 0.0702
2020-02-08 13:59:01,766 Allocated:121.03369140625 MB
2020-02-08 13:59:01,767 Cached:5563.375 MB
2020-02-08 13:59:11,620 ===> Epoch 8 Complete: Avg. Loss: 0.1016
2020-02-08 13:59:11,621 ====> Extracting Features
2020-02-08 13:59:46,775 ==> Batch (50/108)
2020-02-08 14:00:08,899 ==> Batch (100/108)
2020-02-08 14:00:12,522 ====> Building faiss index
2020-02-08 14:00:12,524 ====> Calculating recall @ N
2020-02-08 14:00:12,901 ====> Recall@1: 0.7116
2020-02-08 14:00:12,901 ====> Recall@2: 0.7583
2020-02-08 14:00:12,902 ====> Recall@3: 0.7672
2020-02-08 14:00:12,902 ====> Recall@4: 0.7751
2020-02-08 14:00:12,902 ====> Recall@5: 0.7797
2020-02-08 14:00:12,902 ====> Recall@10: 0.7919
2020-02-08 14:00:12,902 ====> Recall@15: 0.8000
2020-02-08 14:00:12,902 ====> Recall@20: 0.8032
2020-02-08 14:00:12,902 ====> Recall@25: 0.8072
2020-02-08 14:00:13,244 ====> Building Cache
2020-02-08 14:00:13,244 feature cache--->>> /home/annora/NetVLAD/output/train_feat_cache2.hdf5
2020-02-08 14:01:35,294 Allocated:120.40869140625 MB
2020-02-08 14:01:35,295 Cached:4195.0 MB
2020-02-08 14:04:01,673 ==> Epoch[9](50/553): Loss: 0.0674
2020-02-08 14:04:01,674 Allocated:121.53369140625 MB
2020-02-08 14:04:01,675 Cached:4200.0 MB
2020-02-08 14:05:43,425 ==> Epoch[9](100/553): Loss: 0.0113
2020-02-08 14:05:43,426 Allocated:121.03369140625 MB
2020-02-08 14:05:43,427 Cached:4200.0 MB
2020-02-08 14:07:24,506 ==> Epoch[9](150/553): Loss: 0.0255
2020-02-08 14:07:24,508 Allocated:121.53369140625 MB
2020-02-08 14:07:24,508 Cached:4200.0 MB
2020-02-08 14:08:36,756 ====> Building Cache
2020-02-08 14:08:36,757 feature cache--->>> /home/annora/NetVLAD/output/train_feat_cache2.hdf5
2020-02-08 14:09:58,734 Allocated:120.533203125 MB
2020-02-08 14:09:58,734 Cached:3241.375 MB
2020-02-08 14:11:02,742 ==> Epoch[9](200/553): Loss: 0.1657
2020-02-08 14:11:02,744 Allocated:120.53369140625 MB
2020-02-08 14:11:02,744 Cached:3242.375 MB
2020-02-08 14:12:50,489 ==> Epoch[9](250/553): Loss: 0.2109
2020-02-08 14:12:50,490 Allocated:121.53369140625 MB
2020-02-08 14:12:50,490 Cached:3242.375 MB
2020-02-08 14:14:45,500 ==> Epoch[9](300/553): Loss: 0.2059
2020-02-08 14:14:45,502 Allocated:121.40869140625 MB
2020-02-08 14:14:45,502 Cached:3242.375 MB
2020-02-08 14:16:38,671 ==> Epoch[9](350/553): Loss: 0.0931
2020-02-08 14:16:38,672 Allocated:121.03369140625 MB
2020-02-08 14:16:38,673 Cached:3242.375 MB
2020-02-08 14:17:20,625 ====> Building Cache
2020-02-08 14:17:20,626 feature cache--->>> /home/annora/NetVLAD/output/train_feat_cache2.hdf5
2020-02-08 14:18:38,666 Allocated:121.533203125 MB
2020-02-08 14:18:38,666 Cached:3241.375 MB
2020-02-08 14:20:13,756 ==> Epoch[9](400/553): Loss: 0.0903
2020-02-08 14:20:13,758 Allocated:121.90869140625 MB
2020-02-08 14:20:13,758 Cached:4447.5 MB
2020-02-08 14:22:12,555 ==> Epoch[9](450/553): Loss: 0.0089
2020-02-08 14:22:12,557 Allocated:121.53369140625 MB
2020-02-08 14:22:12,557 Cached:4447.5 MB
2020-02-08 14:24:08,590 ==> Epoch[9](500/553): Loss: 0.0161
2020-02-08 14:24:08,591 Allocated:121.90869140625 MB
2020-02-08 14:24:08,592 Cached:5662.125 MB
2020-02-08 14:25:55,066 ==> Epoch[9](550/553): Loss: 0.0783
2020-02-08 14:25:55,067 Allocated:120.53369140625 MB
2020-02-08 14:25:55,067 Cached:5662.125 MB
2020-02-08 14:26:05,966 ===> Epoch 9 Complete: Avg. Loss: 0.0957
2020-02-08 14:26:05,968 ====> Extracting Features
2020-02-08 14:26:43,813 ==> Batch (50/108)
2020-02-08 14:27:05,869 ==> Batch (100/108)
2020-02-08 14:27:09,505 ====> Building faiss index
2020-02-08 14:27:09,507 ====> Calculating recall @ N
2020-02-08 14:27:09,930 ====> Recall@1: 0.7093
2020-02-08 14:27:09,930 ====> Recall@2: 0.7551
2020-02-08 14:27:09,931 ====> Recall@3: 0.7646
2020-02-08 14:27:09,931 ====> Recall@4: 0.7701
2020-02-08 14:27:09,931 ====> Recall@5: 0.7759
2020-02-08 14:27:09,931 ====> Recall@10: 0.7925
2020-02-08 14:27:09,932 ====> Recall@15: 0.7994
2020-02-08 14:27:09,932 ====> Recall@20: 0.8046
2020-02-08 14:27:09,932 ====> Recall@25: 0.8075
2020-02-08 14:27:10,274 ====> Building Cache
2020-02-08 14:27:10,274 feature cache--->>> /home/annora/NetVLAD/output/train_feat_cache2.hdf5
2020-02-08 14:28:30,678 Allocated:119.53369140625 MB
2020-02-08 14:28:30,679 Cached:4195.0 MB
2020-02-08 14:30:47,593 ==> Epoch[10](50/553): Loss: 0.0935
2020-02-08 14:30:47,594 Allocated:123.40869140625 MB
2020-02-08 14:30:47,594 Cached:4200.0 MB
2020-02-08 14:32:29,023 ==> Epoch[10](100/553): Loss: 0.0340
2020-02-08 14:32:29,024 Allocated:120.65869140625 MB
2020-02-08 14:32:29,025 Cached:4200.0 MB
2020-02-08 14:34:08,512 ==> Epoch[10](150/553): Loss: 0.0729
2020-02-08 14:34:08,514 Allocated:120.65869140625 MB
2020-02-08 14:34:08,514 Cached:4200.0 MB
2020-02-08 14:35:13,646 ====> Building Cache
2020-02-08 14:35:13,647 feature cache--->>> /home/annora/NetVLAD/output/train_feat_cache2.hdf5
2020-02-08 14:36:38,768 Allocated:121.033203125 MB
2020-02-08 14:36:38,769 Cached:3241.375 MB
2020-02-08 14:37:43,791 ==> Epoch[10](200/553): Loss: 0.2996
2020-02-08 14:37:43,793 Allocated:121.53369140625 MB
2020-02-08 14:37:43,793 Cached:3242.375 MB
2020-02-08 14:39:29,790 ==> Epoch[10](250/553): Loss: 0.0453
2020-02-08 14:39:29,792 Allocated:120.65869140625 MB
2020-02-08 14:39:29,793 Cached:3242.375 MB
2020-02-08 14:41:13,212 ==> Epoch[10](300/553): Loss: 0.0995
2020-02-08 14:41:13,214 Allocated:121.90869140625 MB
2020-02-08 14:41:13,214 Cached:3242.375 MB
2020-02-08 14:42:57,579 ==> Epoch[10](350/553): Loss: 0.0635
2020-02-08 14:42:57,581 Allocated:120.90869140625 MB
2020-02-08 14:42:57,581 Cached:3242.375 MB
2020-02-08 14:43:39,379 ====> Building Cache
2020-02-08 14:43:39,379 feature cache--->>> /home/annora/NetVLAD/output/train_feat_cache2.hdf5
2020-02-08 14:44:59,219 Allocated:121.783203125 MB
2020-02-08 14:44:59,219 Cached:3241.375 MB
2020-02-08 14:46:44,095 ==> Epoch[10](400/553): Loss: 0.0876
2020-02-08 14:46:44,096 Allocated:120.90869140625 MB
2020-02-08 14:46:44,096 Cached:3242.375 MB
2020-02-08 14:48:30,472 ==> Epoch[10](450/553): Loss: 0.0018
2020-02-08 14:48:30,473 Allocated:120.53369140625 MB
2020-02-08 14:48:30,474 Cached:4422.0 MB
2020-02-08 14:50:18,635 ==> Epoch[10](500/553): Loss: 0.1053
2020-02-08 14:50:18,638 Allocated:120.90869140625 MB
2020-02-08 14:50:18,638 Cached:4422.0 MB
2020-02-08 14:52:03,904 ==> Epoch[10](550/553): Loss: 0.1042
2020-02-08 14:52:03,905 Allocated:120.78369140625 MB
2020-02-08 14:52:03,905 Cached:4422.0 MB
2020-02-08 14:52:14,279 ===> Epoch 10 Complete: Avg. Loss: 0.0959
2020-02-08 14:52:14,280 ====> Extracting Features
2020-02-08 14:52:49,930 ==> Batch (50/108)
2020-02-08 14:53:11,440 ==> Batch (100/108)
2020-02-08 14:53:15,314 ====> Building faiss index
2020-02-08 14:53:15,316 ====> Calculating recall @ N
2020-02-08 14:53:15,771 ====> Recall@1: 0.7087
2020-02-08 14:53:15,771 ====> Recall@2: 0.7528
2020-02-08 14:53:15,772 ====> Recall@3: 0.7687
2020-02-08 14:53:15,772 ====> Recall@4: 0.7742
2020-02-08 14:53:15,772 ====> Recall@5: 0.7794
2020-02-08 14:53:15,772 ====> Recall@10: 0.7928
2020-02-08 14:53:15,773 ====> Recall@15: 0.7994
2020-02-08 14:53:15,773 ====> Recall@20: 0.8046
2020-02-08 14:53:15,773 ====> Recall@25: 0.8075
2020-02-08 14:53:16,118 ====> Building Cache
2020-02-08 14:53:16,119 feature cache--->>> /home/annora/NetVLAD/output/train_feat_cache2.hdf5
2020-02-08 14:54:36,498 Allocated:118.53369140625 MB
2020-02-08 14:54:36,498 Cached:4195.0 MB
2020-02-08 14:56:51,650 ==> Epoch[11](50/553): Loss: 0.0787
2020-02-08 14:56:51,652 Allocated:121.53369140625 MB
2020-02-08 14:56:51,653 Cached:4197.0 MB
2020-02-08 14:58:32,446 ==> Epoch[11](100/553): Loss: 0.0885
2020-02-08 14:58:32,447 Allocated:121.53369140625 MB
2020-02-08 14:58:32,447 Cached:4200.0 MB
2020-02-08 15:00:10,307 ==> Epoch[11](150/553): Loss: 0.0274
2020-02-08 15:00:10,309 Allocated:120.90869140625 MB
2020-02-08 15:00:10,309 Cached:4200.0 MB
2020-02-08 15:01:15,088 ====> Building Cache
2020-02-08 15:01:15,088 feature cache--->>> /home/annora/NetVLAD/output/train_feat_cache2.hdf5
2020-02-08 15:02:40,675 Allocated:121.533203125 MB
2020-02-08 15:02:40,676 Cached:3241.375 MB
2020-02-08 15:03:48,918 ==> Epoch[11](200/553): Loss: 0.2880
2020-02-08 15:03:48,919 Allocated:120.78369140625 MB
2020-02-08 15:03:48,920 Cached:3242.375 MB
2020-02-08 15:05:32,294 ==> Epoch[11](250/553): Loss: 0.2433
2020-02-08 15:05:32,295 Allocated:120.53369140625 MB
2020-02-08 15:05:32,296 Cached:3242.375 MB
2020-02-08 15:07:17,264 ==> Epoch[11](300/553): Loss: 0.1298
2020-02-08 15:07:17,265 Allocated:120.53369140625 MB
2020-02-08 15:07:17,265 Cached:3242.375 MB
2020-02-08 15:09:01,612 ==> Epoch[11](350/553): Loss: 0.0917
2020-02-08 15:09:01,613 Allocated:120.53369140625 MB
2020-02-08 15:09:01,613 Cached:4380.375 MB
2020-02-08 15:09:43,282 ====> Building Cache
2020-02-08 15:09:43,283 feature cache--->>> /home/annora/NetVLAD/output/train_feat_cache2.hdf5
2020-02-08 15:11:04,333 Allocated:122.658203125 MB
2020-02-08 15:11:04,334 Cached:3241.375 MB
2020-02-08 15:12:55,240 ==> Epoch[11](400/553): Loss: 0.0278
2020-02-08 15:12:55,242 Allocated:121.65869140625 MB
2020-02-08 15:12:55,242 Cached:4408.25 MB
2020-02-08 15:14:48,238 ==> Epoch[11](450/553): Loss: 0.0634
2020-02-08 15:14:48,239 Allocated:120.65869140625 MB
2020-02-08 15:14:48,239 Cached:5585.625 MB
2020-02-08 15:16:48,156 ==> Epoch[11](500/553): Loss: 0.0291
2020-02-08 15:16:48,158 Allocated:121.90869140625 MB
2020-02-08 15:16:48,158 Cached:6765.25 MB
2020-02-08 15:18:32,260 ==> Epoch[11](550/553): Loss: 0.0028
2020-02-08 15:18:32,264 Allocated:121.65869140625 MB
2020-02-08 15:18:32,264 Cached:6765.25 MB
2020-02-08 15:18:43,064 ===> Epoch 11 Complete: Avg. Loss: 0.0900
2020-02-08 15:18:43,067 ====> Extracting Features
2020-02-08 15:19:21,282 ==> Batch (50/108)
2020-02-08 15:19:42,983 ==> Batch (100/108)
2020-02-08 15:19:46,938 ====> Building faiss index
2020-02-08 15:19:46,940 ====> Calculating recall @ N
2020-02-08 15:19:47,332 ====> Recall@1: 0.7145
2020-02-08 15:19:47,333 ====> Recall@2: 0.7429
2020-02-08 15:19:47,333 ====> Recall@3: 0.7730
2020-02-08 15:19:47,334 ====> Recall@4: 0.7765
2020-02-08 15:19:47,334 ====> Recall@5: 0.7806
2020-02-08 15:19:47,334 ====> Recall@10: 0.7942
2020-02-08 15:19:47,334 ====> Recall@15: 0.8000
2020-02-08 15:19:47,334 ====> Recall@20: 0.8052
2020-02-08 15:19:47,335 ====> Recall@25: 0.8099
2020-02-08 15:19:47,679 ====> Building Cache
2020-02-08 15:19:47,680 feature cache--->>> /home/annora/NetVLAD/output/train_feat_cache2.hdf5
2020-02-08 15:21:09,791 Allocated:121.03369140625 MB
2020-02-08 15:21:09,791 Cached:4195.0 MB
2020-02-08 15:23:21,364 ==> Epoch[12](50/553): Loss: 0.0254
2020-02-08 15:23:21,366 Allocated:121.53369140625 MB
2020-02-08 15:23:21,366 Cached:4200.0 MB
2020-02-08 15:25:07,316 ==> Epoch[12](100/553): Loss: 0.0401
2020-02-08 15:25:07,317 Allocated:121.53369140625 MB
2020-02-08 15:25:07,317 Cached:4200.0 MB
2020-02-08 15:26:45,316 ==> Epoch[12](150/553): Loss: 0.0477
2020-02-08 15:26:45,317 Allocated:121.53369140625 MB
2020-02-08 15:26:45,317 Cached:4200.0 MB
2020-02-08 15:27:53,558 ====> Building Cache
2020-02-08 15:27:53,559 feature cache--->>> /home/annora/NetVLAD/output/train_feat_cache2.hdf5
2020-02-08 15:29:17,244 Allocated:120.908203125 MB
2020-02-08 15:29:17,245 Cached:3241.375 MB
2020-02-08 15:30:19,508 ==> Epoch[12](200/553): Loss: 0.2110
2020-02-08 15:30:19,509 Allocated:120.53369140625 MB
2020-02-08 15:30:19,510 Cached:3241.375 MB
2020-02-08 15:32:05,572 ==> Epoch[12](250/553): Loss: 0.2003
2020-02-08 15:32:05,573 Allocated:121.53369140625 MB
2020-02-08 15:32:05,573 Cached:3242.375 MB
2020-02-08 15:33:55,730 ==> Epoch[12](300/553): Loss: 0.0460
2020-02-08 15:33:55,732 Allocated:122.65869140625 MB
2020-02-08 15:33:55,732 Cached:3242.375 MB
2020-02-08 15:35:40,065 ==> Epoch[12](350/553): Loss: 0.3198
2020-02-08 15:35:40,066 Allocated:121.40869140625 MB
2020-02-08 15:35:40,066 Cached:3245.375 MB
2020-02-08 15:36:22,870 ====> Building Cache
2020-02-08 15:36:22,871 feature cache--->>> /home/annora/NetVLAD/output/train_feat_cache2.hdf5
2020-02-08 15:37:43,770 Allocated:122.408203125 MB
2020-02-08 15:37:43,771 Cached:3241.375 MB
2020-02-08 15:39:20,413 ==> Epoch[12](400/553): Loss: 0.0007
2020-02-08 15:39:20,416 Allocated:120.53369140625 MB
2020-02-08 15:39:20,416 Cached:4396.5 MB
2020-02-08 15:41:11,321 ==> Epoch[12](450/553): Loss: 0.0718
2020-02-08 15:41:11,322 Allocated:121.53369140625 MB
2020-02-08 15:41:11,322 Cached:5588.875 MB
2020-02-08 15:43:13,775 ==> Epoch[12](500/553): Loss: 0.1578
2020-02-08 15:43:13,777 Allocated:120.53369140625 MB
2020-02-08 15:43:13,777 Cached:5588.875 MB
2020-02-08 15:45:02,935 ==> Epoch[12](550/553): Loss: 0.0549
2020-02-08 15:45:02,937 Allocated:121.40869140625 MB
2020-02-08 15:45:02,937 Cached:5588.875 MB
2020-02-08 15:45:14,086 ===> Epoch 12 Complete: Avg. Loss: 0.0960
2020-02-08 15:45:14,088 ====> Extracting Features
2020-02-08 15:45:56,616 ==> Batch (50/108)
2020-02-08 15:46:24,577 ==> Batch (100/108)
2020-02-08 15:46:28,804 ====> Building faiss index
2020-02-08 15:46:28,807 ====> Calculating recall @ N
2020-02-08 15:46:29,196 ====> Recall@1: 0.7119
2020-02-08 15:46:29,196 ====> Recall@2: 0.7510
2020-02-08 15:46:29,197 ====> Recall@3: 0.7693
2020-02-08 15:46:29,198 ====> Recall@4: 0.7748
2020-02-08 15:46:29,198 ====> Recall@5: 0.7788
2020-02-08 15:46:29,198 ====> Recall@10: 0.7933
2020-02-08 15:46:29,199 ====> Recall@15: 0.8006
2020-02-08 15:46:29,199 ====> Recall@20: 0.8055
2020-02-08 15:46:29,199 ====> Recall@25: 0.8099
2020-02-08 15:46:29,554 ====> Building Cache
2020-02-08 15:46:29,554 feature cache--->>> /home/annora/NetVLAD/output/train_feat_cache2.hdf5
2020-02-08 15:47:51,839 Allocated:118.65869140625 MB
2020-02-08 15:47:51,840 Cached:4195.0 MB
2020-02-08 15:50:05,045 ==> Epoch[13](50/553): Loss: 0.0723
2020-02-08 15:50:05,047 Allocated:121.28369140625 MB
2020-02-08 15:50:05,047 Cached:4197.0 MB
2020-02-08 15:51:40,596 ==> Epoch[13](100/553): Loss: 0.1820
2020-02-08 15:51:40,597 Allocated:120.53369140625 MB
2020-02-08 15:51:40,598 Cached:4199.0 MB
2020-02-08 15:53:16,278 ==> Epoch[13](150/553): Loss: 0.0221
2020-02-08 15:53:16,279 Allocated:120.90869140625 MB
2020-02-08 15:53:16,280 Cached:4199.0 MB
2020-02-08 15:54:25,004 ====> Building Cache
2020-02-08 15:54:25,005 feature cache--->>> /home/annora/NetVLAD/output/train_feat_cache2.hdf5
2020-02-08 15:55:46,014 Allocated:120.533203125 MB
2020-02-08 15:55:46,015 Cached:3241.375 MB
2020-02-08 15:56:51,615 ==> Epoch[13](200/553): Loss: 0.2973
2020-02-08 15:56:51,617 Allocated:121.90869140625 MB
2020-02-08 15:56:51,618 Cached:3242.375 MB
2020-02-08 15:58:31,712 ==> Epoch[13](250/553): Loss: 0.2135
2020-02-08 15:58:31,714 Allocated:121.28369140625 MB
2020-02-08 15:58:31,714 Cached:3242.375 MB
2020-02-08 16:00:08,094 ==> Epoch[13](300/553): Loss: 0.1311
2020-02-08 16:00:08,096 Allocated:122.03369140625 MB
2020-02-08 16:00:08,097 Cached:3242.375 MB
2020-02-08 16:01:48,730 ==> Epoch[13](350/553): Loss: 0.0871
2020-02-08 16:01:48,732 Allocated:121.53369140625 MB
2020-02-08 16:01:48,732 Cached:3242.375 MB
2020-02-08 16:02:28,995 ====> Building Cache
2020-02-08 16:02:28,996 feature cache--->>> /home/annora/NetVLAD/output/train_feat_cache2.hdf5
2020-02-08 16:04:02,469 Allocated:121.283203125 MB
2020-02-08 16:04:02,470 Cached:3241.375 MB
2020-02-08 16:05:43,297 ==> Epoch[13](400/553): Loss: 0.1091
2020-02-08 16:05:43,299 Allocated:121.53369140625 MB
2020-02-08 16:05:43,299 Cached:3242.375 MB
2020-02-08 16:07:26,468 ==> Epoch[13](450/553): Loss: 0.0633
2020-02-08 16:07:26,470 Allocated:120.78369140625 MB
2020-02-08 16:07:26,470 Cached:3242.375 MB
2020-02-08 16:09:04,822 ==> Epoch[13](500/553): Loss: 0.0377
2020-02-08 16:09:04,823 Allocated:121.53369140625 MB
2020-02-08 16:09:04,823 Cached:4415.625 MB
2020-02-08 16:10:47,716 ==> Epoch[13](550/553): Loss: 0.0149
2020-02-08 16:10:47,717 Allocated:121.53369140625 MB
2020-02-08 16:10:47,718 Cached:4415.625 MB
2020-02-08 16:10:58,646 ===> Epoch 13 Complete: Avg. Loss: 0.0969
2020-02-08 16:10:58,648 ====> Extracting Features
2020-02-08 16:11:42,809 ==> Batch (50/108)
2020-02-08 16:12:08,491 ==> Batch (100/108)
2020-02-08 16:12:12,575 ====> Building faiss index
2020-02-08 16:12:12,578 ====> Calculating recall @ N
2020-02-08 16:12:12,960 ====> Recall@1: 0.7113
2020-02-08 16:12:12,960 ====> Recall@2: 0.7467
2020-02-08 16:12:12,961 ====> Recall@3: 0.7687
2020-02-08 16:12:12,961 ====> Recall@4: 0.7739
2020-02-08 16:12:12,961 ====> Recall@5: 0.7774
2020-02-08 16:12:12,961 ====> Recall@10: 0.7928
2020-02-08 16:12:12,962 ====> Recall@15: 0.7997
2020-02-08 16:12:12,962 ====> Recall@20: 0.8043
2020-02-08 16:12:12,962 ====> Recall@25: 0.8099
2020-02-08 16:12:13,307 ====> Building Cache
2020-02-08 16:12:13,308 feature cache--->>> /home/annora/NetVLAD/output/train_feat_cache2.hdf5
2020-02-08 16:13:34,948 Allocated:118.53369140625 MB
2020-02-08 16:13:34,949 Cached:4195.0 MB
2020-02-08 16:15:41,087 ==> Epoch[14](50/553): Loss: 0.1721
2020-02-08 16:15:41,088 Allocated:120.53369140625 MB
2020-02-08 16:15:41,088 Cached:4195.0 MB
2020-02-08 16:17:15,672 ==> Epoch[14](100/553): Loss: 0.0149
2020-02-08 16:17:15,674 Allocated:121.53369140625 MB
2020-02-08 16:17:15,674 Cached:4199.0 MB
2020-02-08 16:18:52,198 ==> Epoch[14](150/553): Loss: 0.0735
2020-02-08 16:18:52,200 Allocated:121.53369140625 MB
2020-02-08 16:18:52,200 Cached:4200.0 MB
2020-02-08 16:19:53,751 ====> Building Cache
2020-02-08 16:19:53,751 feature cache--->>> /home/annora/NetVLAD/output/train_feat_cache2.hdf5
2020-02-08 16:21:12,833 Allocated:121.533203125 MB
2020-02-08 16:21:12,834 Cached:3241.375 MB
2020-02-08 16:22:21,062 ==> Epoch[14](200/553): Loss: 0.2534
2020-02-08 16:22:21,065 Allocated:120.53369140625 MB
2020-02-08 16:22:21,065 Cached:3242.375 MB
2020-02-08 16:24:11,701 ==> Epoch[14](250/553): Loss: 0.0322
2020-02-08 16:24:11,703 Allocated:120.53369140625 MB
2020-02-08 16:24:11,703 Cached:3242.375 MB
2020-02-08 16:25:51,097 ==> Epoch[14](300/553): Loss: 0.2352
2020-02-08 16:25:51,099 Allocated:121.90869140625 MB
2020-02-08 16:25:51,099 Cached:3242.375 MB
2020-02-08 16:27:24,741 ==> Epoch[14](350/553): Loss: 0.1226
2020-02-08 16:27:24,742 Allocated:120.53369140625 MB
2020-02-08 16:27:24,742 Cached:3246.375 MB
2020-02-08 16:28:01,516 ====> Building Cache
2020-02-08 16:28:01,516 feature cache--->>> /home/annora/NetVLAD/output/train_feat_cache2.hdf5
2020-02-08 16:29:21,524 Allocated:121.408203125 MB
2020-02-08 16:29:21,525 Cached:3241.375 MB
2020-02-08 16:30:54,090 ==> Epoch[14](400/553): Loss: 0.0604
2020-02-08 16:30:54,092 Allocated:120.53369140625 MB
2020-02-08 16:30:54,092 Cached:3242.375 MB
2020-02-08 16:32:34,322 ==> Epoch[14](450/553): Loss: 0.0965
2020-02-08 16:32:34,324 Allocated:123.03369140625 MB
2020-02-08 16:32:34,324 Cached:5550.5 MB
2020-02-08 16:34:12,700 ==> Epoch[14](500/553): Loss: 0.1068
2020-02-08 16:34:12,701 Allocated:121.90869140625 MB
2020-02-08 16:34:12,702 Cached:5550.5 MB
2020-02-08 16:35:51,449 ==> Epoch[14](550/553): Loss: 0.0325
2020-02-08 16:35:51,450 Allocated:121.53369140625 MB
2020-02-08 16:35:51,450 Cached:5550.5 MB
2020-02-08 16:36:01,970 ===> Epoch 14 Complete: Avg. Loss: 0.1047
2020-02-08 16:36:01,971 ====> Extracting Features
2020-02-08 16:36:39,649 ==> Batch (50/108)
2020-02-08 16:37:03,120 ==> Batch (100/108)
2020-02-08 16:37:06,963 ====> Building faiss index
2020-02-08 16:37:06,965 ====> Calculating recall @ N
2020-02-08 16:37:07,413 ====> Recall@1: 0.7130
2020-02-08 16:37:07,413 ====> Recall@2: 0.7522
2020-02-08 16:37:07,414 ====> Recall@3: 0.7713
2020-02-08 16:37:07,414 ====> Recall@4: 0.7751
2020-02-08 16:37:07,414 ====> Recall@5: 0.7780
2020-02-08 16:37:07,414 ====> Recall@10: 0.7916
2020-02-08 16:37:07,414 ====> Recall@15: 0.7971
2020-02-08 16:37:07,415 ====> Recall@20: 0.8052
2020-02-08 16:37:07,415 ====> Recall@25: 0.8096
2020-02-08 16:37:07,749 ====> Building Cache
2020-02-08 16:37:07,750 feature cache--->>> /home/annora/NetVLAD/output/train_feat_cache2.hdf5
2020-02-08 16:38:28,522 Allocated:118.53369140625 MB
2020-02-08 16:38:28,522 Cached:4195.0 MB
2020-02-08 16:40:35,210 ==> Epoch[15](50/553): Loss: 0.0078
2020-02-08 16:40:35,212 Allocated:120.78369140625 MB
2020-02-08 16:40:35,213 Cached:4196.0 MB
2020-02-08 16:43:43,080 ==> Epoch[15](150/553): Loss: 0.0902
2020-02-08 16:43:43,081 Allocated:120.53369140625 MB
2020-02-08 16:43:43,082 Cached:4199.0 MB
2020-02-08 16:44:49,301 ====> Building Cache
2020-02-08 16:44:49,301 feature cache--->>> /home/annora/NetVLAD/output/train_feat_cache2.hdf5
2020-02-08 16:46:09,162 Allocated:121.533203125 MB
2020-02-08 16:46:09,163 Cached:3496.5 MB
2020-02-08 16:47:06,686 ==> Epoch[15](200/553): Loss: 0.1288
2020-02-08 16:47:06,687 Allocated:120.90869140625 MB
2020-02-08 16:47:06,688 Cached:3497.5 MB
2020-02-08 16:48:42,057 ==> Epoch[15](250/553): Loss: 0.1760
2020-02-08 16:48:42,059 Allocated:121.90869140625 MB
2020-02-08 16:48:42,060 Cached:3497.5 MB
2020-02-08 16:50:19,240 ==> Epoch[15](300/553): Loss: 0.0918
2020-02-08 16:50:19,242 Allocated:120.53369140625 MB
2020-02-08 16:50:19,242 Cached:3497.5 MB
2020-02-08 16:52:14,606 ==> Epoch[15](350/553): Loss: 0.1617
2020-02-08 16:52:14,607 Allocated:121.53369140625 MB
2020-02-08 16:52:14,607 Cached:3497.5 MB
2020-02-08 16:52:50,710 ====> Building Cache
2020-02-08 16:52:50,711 feature cache--->>> /home/annora/NetVLAD/output/train_feat_cache2.hdf5
2020-02-08 16:54:06,168 Allocated:121.533203125 MB
2020-02-08 16:54:06,168 Cached:3241.375 MB
2020-02-08 16:55:32,959 ==> Epoch[15](400/553): Loss: 0.0085
2020-02-08 16:55:32,961 Allocated:120.53369140625 MB
2020-02-08 16:55:32,961 Cached:4371.0 MB
2020-02-08 16:57:12,365 ==> Epoch[15](450/553): Loss: 0.0640
2020-02-08 16:57:12,366 Allocated:123.03369140625 MB
2020-02-08 16:57:12,367 Cached:4371.0 MB
2020-02-08 16:58:47,419 ==> Epoch[15](500/553): Loss: 0.0353
2020-02-08 16:58:47,419 Allocated:121.65869140625 MB
2020-02-08 16:58:47,420 Cached:4371.0 MB
2020-02-08 17:00:20,944 ==> Epoch[15](550/553): Loss: 0.0234
2020-02-08 17:00:20,945 Allocated:120.65869140625 MB
2020-02-08 17:00:20,945 Cached:4371.0 MB
2020-02-08 17:00:30,480 ===> Epoch 15 Complete: Avg. Loss: 0.0964
2020-02-08 17:00:30,482 ====> Extracting Features
2020-02-08 17:01:03,382 ==> Batch (50/108)
2020-02-08 17:01:23,597 ==> Batch (100/108)
2020-02-08 17:01:27,109 ====> Building faiss index
2020-02-08 17:01:27,117 ====> Calculating recall @ N
2020-02-08 17:01:27,490 ====> Recall@1: 0.7113
2020-02-08 17:01:27,491 ====> Recall@2: 0.7571
2020-02-08 17:01:27,491 ====> Recall@3: 0.7687
2020-02-08 17:01:27,492 ====> Recall@4: 0.7722
2020-02-08 17:01:27,492 ====> Recall@5: 0.7762
2020-02-08 17:01:27,492 ====> Recall@10: 0.7890
2020-02-08 17:01:27,492 ====> Recall@15: 0.7983
2020-02-08 17:01:27,493 ====> Recall@20: 0.8029
2020-02-08 17:01:27,493 ====> Recall@25: 0.8081
2020-02-08 17:01:27,836 ====> Building Cache
2020-02-08 17:01:27,837 feature cache--->>> /home/annora/NetVLAD/output/train_feat_cache2.hdf5
2020-02-08 17:02:42,965 Allocated:118.53369140625 MB
2020-02-08 17:02:42,966 Cached:4195.0 MB
2020-02-08 17:04:38,450 ==> Epoch[16](50/553): Loss: 0.0714
2020-02-08 17:04:38,451 Allocated:120.53369140625 MB
2020-02-08 17:04:38,452 Cached:4199.0 MB
