2020-02-09 23:55:24,658 Namespace(arch='alexnet', batchSize=12, cacheBatchSize=96, cachePath='/home/annora/NetVLAD/output/', cacheRefreshRate=3000, ckpt='best', contilearn=True, dataPath='/home/annora/NetVLAD/output/data/', dataset='robotcar', evalEvery=1, fromscratch=False, fromtask='/home/annora/NetVLAD/output/runs/2020-02-05-12-03-25_alexnet_netvlad', lr=0.01, lrGamma=0.5, lrStep=5.0, margin=0.1, mode='train', momentum=0.9, nEpochs=100, nGPU=1, nocuda=False, num_clusters=64, optim='SGD', patience=10, pooling='netvlad', premodel='imagenet', resume='', runsPath='/home/annora/NetVLAD/output/runs/', savePath='checkpoints', seed=123, split='val', start_epoch=0, threads=8, vladv2=False, weightDecay=0.001)
2020-02-09 23:55:24,690 ===> Loading dataset(s)
2020-02-09 23:55:24,691 trainfile ------>>>>>> oxRobocar_single_train.mat
2020-02-09 23:55:27,521 ====> Training set: oxRobocar_single_train.mat, query set count: 6636
2020-02-09 23:55:27,631 ===> Evaluating on val set: oxRobocar_single_val.mat, query count: 3450
2020-02-09 23:55:27,631 ===> Building model
2020-02-09 23:55:27,683 encoder moder:
AlexNet(
  (conv1): Sequential(
    (0): Conv2d(3, 64, kernel_size=(11, 11), stride=(4, 4), padding=(2, 2))
    (1): ReLU(inplace)
    (2): MaxPool2d(kernel_size=3, stride=2, padding=0, dilation=1, ceil_mode=False)
  )
  (conv2): Sequential(
    (0): Conv2d(64, 192, kernel_size=(5, 5), stride=(1, 1), padding=(2, 2))
    (1): ReLU(inplace)
    (2): MaxPool2d(kernel_size=3, stride=2, padding=0, dilation=1, ceil_mode=False)
  )
  (conv3): Sequential(
    (0): Conv2d(192, 384, kernel_size=(3, 3), stride=(1, 1), padding=(1, 1))
    (1): ReLU(inplace)
  )
  (conv4): Sequential(
    (0): Conv2d(384, 256, kernel_size=(3, 3), stride=(1, 1), padding=(1, 1))
    (1): ReLU(inplace)
  )
  (conv5): Sequential(
    (0): Conv2d(256, 256, kernel_size=(3, 3), stride=(1, 1), padding=(1, 1))
  )
)
2020-02-09 23:55:34,365 => loading checkpoint '/home/annora/NetVLAD/output/runs/2020-02-05-12-03-25_alexnet_netvlad/checkpoints/model_best.pth.tar'
2020-02-09 23:55:34,672 => loaded checkpoint '/home/annora/NetVLAD/output/runs/2020-02-05-12-03-25_alexnet_netvlad/checkpoints/model_best.pth.tar' 
2020-02-09 23:55:34,672 ===> Training model
2020-02-09 23:55:34,675 ===> Saving state to: /home/annora/NetVLAD/output/runs/2020-02-09-23-55-34_alexnet_netvlad
2020-02-09 23:55:34,676 ====> Building Cache
2020-02-09 23:55:34,676 feature cache--->>> /home/annora/NetVLAD/output/train_feat_cache3.hdf5
2020-02-09 23:57:02,117 Allocated:99.47119140625 MB
2020-02-09 23:57:02,118 Cached:2865.375 MB
2020-02-09 23:59:55,165 ==> Epoch[1](50/553): Loss: 0.0857
2020-02-09 23:59:55,169 Allocated:121.28369140625 MB
2020-02-09 23:59:55,169 Cached:6757.375 MB
2020-02-10 00:02:11,489 ==> Epoch[1](100/553): Loss: 0.0566
2020-02-10 00:02:11,492 Allocated:121.53369140625 MB
2020-02-10 00:02:11,492 Cached:6757.375 MB
2020-02-10 00:04:24,285 ==> Epoch[1](150/553): Loss: 0.0357
2020-02-10 00:04:24,288 Allocated:122.28369140625 MB
2020-02-10 00:04:24,289 Cached:6757.375 MB
2020-02-10 00:05:53,527 ====> Building Cache
2020-02-10 00:05:53,528 feature cache--->>> /home/annora/NetVLAD/output/train_feat_cache3.hdf5
2020-02-10 00:07:25,976 Allocated:121.158203125 MB
2020-02-10 00:07:25,977 Cached:2847.125 MB
2020-02-10 00:09:04,560 ==> Epoch[1](200/553): Loss: 0.2114
2020-02-10 00:09:04,564 Allocated:121.65869140625 MB
2020-02-10 00:09:04,564 Cached:3315.0 MB
2020-02-10 00:11:17,895 ==> Epoch[1](250/553): Loss: 0.1991
2020-02-10 00:11:17,898 Allocated:121.15869140625 MB
2020-02-10 00:11:17,898 Cached:6215.5 MB
2020-02-10 00:13:20,418 ==> Epoch[1](300/553): Loss: 0.1591
2020-02-10 00:13:20,421 Allocated:121.90869140625 MB
2020-02-10 00:13:20,421 Cached:6215.5 MB
2020-02-10 00:15:34,689 ==> Epoch[1](350/553): Loss: 0.2320
2020-02-10 00:15:34,692 Allocated:121.28369140625 MB
2020-02-10 00:15:34,692 Cached:6215.5 MB
2020-02-10 00:16:26,058 ====> Building Cache
2020-02-10 00:16:26,059 feature cache--->>> /home/annora/NetVLAD/output/train_feat_cache3.hdf5
2020-02-10 00:17:57,465 Allocated:121.158203125 MB
2020-02-10 00:17:57,465 Cached:2863.25 MB
2020-02-10 00:20:12,413 ==> Epoch[1](400/553): Loss: 0.3006
2020-02-10 00:20:12,416 Allocated:121.90869140625 MB
2020-02-10 00:20:12,416 Cached:6753.25 MB
2020-02-10 00:22:20,664 ==> Epoch[1](450/553): Loss: 0.2535
2020-02-10 00:22:20,666 Allocated:121.15869140625 MB
2020-02-10 00:22:20,667 Cached:6753.25 MB
2020-02-10 00:24:45,062 ==> Epoch[1](500/553): Loss: 0.1374
2020-02-10 00:24:45,064 Allocated:121.78369140625 MB
2020-02-10 00:24:45,064 Cached:6753.25 MB
2020-02-10 00:26:56,766 ==> Epoch[1](550/553): Loss: 0.1255
2020-02-10 00:26:56,767 Allocated:121.90869140625 MB
2020-02-10 00:26:56,767 Cached:6753.25 MB
2020-02-10 00:27:09,797 ===> Epoch 1 Complete: Avg. Loss: 0.1678
2020-02-10 00:27:09,799 ====> Extracting Features
2020-02-10 00:27:50,700 ==> Batch (50/108)
2020-02-10 00:28:13,758 ==> Batch (100/108)
2020-02-10 00:28:18,317 ====> Building faiss index
2020-02-10 00:28:18,683 ====> Calculating recall @ N
2020-02-10 00:28:21,174 ====> Recall@1: 0.3635
2020-02-10 00:28:21,175 ====> Recall@2: 0.4220
2020-02-10 00:28:21,175 ====> Recall@3: 0.4481
2020-02-10 00:28:21,175 ====> Recall@4: 0.4684
2020-02-10 00:28:21,176 ====> Recall@5: 0.4841
2020-02-10 00:28:21,176 ====> Recall@10: 0.5365
2020-02-10 00:28:21,176 ====> Recall@15: 0.5728
2020-02-10 00:28:21,176 ====> Recall@20: 0.6104
2020-02-10 00:28:21,176 ====> Recall@25: 0.6293
2020-02-10 00:28:21,487 ====> Building Cache
2020-02-10 00:28:21,487 feature cache--->>> /home/annora/NetVLAD/output/train_feat_cache3.hdf5
2020-02-10 00:29:51,916 Allocated:120.03369140625 MB
2020-02-10 00:29:51,916 Cached:3711.125 MB
2020-02-10 00:32:56,749 ==> Epoch[2](50/553): Loss: 0.1917
2020-02-10 00:32:56,751 Allocated:122.03369140625 MB
2020-02-10 00:32:56,751 Cached:7601.125 MB
2020-02-10 00:35:06,105 ==> Epoch[2](100/553): Loss: 0.1294
2020-02-10 00:35:06,110 Allocated:121.28369140625 MB
2020-02-10 00:35:06,110 Cached:7601.125 MB
2020-02-10 00:37:25,970 ==> Epoch[2](150/553): Loss: 0.0574
2020-02-10 00:37:25,973 Allocated:122.03369140625 MB
2020-02-10 00:37:25,973 Cached:7601.125 MB
2020-02-10 00:39:02,653 ====> Building Cache
2020-02-10 00:39:02,654 feature cache--->>> /home/annora/NetVLAD/output/train_feat_cache3.hdf5
2020-02-10 00:40:34,081 Allocated:121.908203125 MB
2020-02-10 00:40:34,082 Cached:3389.25 MB
2020-02-10 00:41:59,863 ==> Epoch[2](200/553): Loss: 0.1958
2020-02-10 00:41:59,865 Allocated:121.28369140625 MB
2020-02-10 00:41:59,865 Cached:8518.375 MB
2020-02-10 00:44:03,772 ==> Epoch[2](250/553): Loss: 0.1147
2020-02-10 00:44:03,773 Allocated:123.40869140625 MB
2020-02-10 00:44:03,774 Cached:8518.375 MB
2020-02-10 00:46:30,618 ==> Epoch[2](300/553): Loss: 0.2473
2020-02-10 00:46:30,621 Allocated:121.15869140625 MB
2020-02-10 00:46:30,621 Cached:8518.375 MB
2020-02-10 00:48:52,695 ==> Epoch[2](350/553): Loss: 0.1772
2020-02-10 00:48:52,697 Allocated:122.90869140625 MB
2020-02-10 00:48:52,697 Cached:8518.375 MB
2020-02-10 00:49:45,666 ====> Building Cache
2020-02-10 00:49:45,667 feature cache--->>> /home/annora/NetVLAD/output/train_feat_cache3.hdf5
2020-02-10 00:51:18,609 Allocated:121.283203125 MB
2020-02-10 00:51:18,609 Cached:3388.25 MB
2020-02-10 00:53:32,536 ==> Epoch[2](400/553): Loss: 0.2119
2020-02-10 00:53:32,540 Allocated:122.40869140625 MB
2020-02-10 00:53:32,540 Cached:7278.25 MB
2020-02-10 00:55:43,909 ==> Epoch[2](450/553): Loss: 0.2216
2020-02-10 00:55:43,911 Allocated:121.28369140625 MB
2020-02-10 00:55:43,911 Cached:7278.25 MB
2020-02-10 00:57:55,249 ==> Epoch[2](500/553): Loss: 0.1260
2020-02-10 00:57:55,254 Allocated:121.65869140625 MB
2020-02-10 00:57:55,255 Cached:7278.25 MB
2020-02-10 01:00:08,959 ==> Epoch[2](550/553): Loss: 0.0451
2020-02-10 01:00:08,964 Allocated:122.40869140625 MB
2020-02-10 01:00:08,965 Cached:7278.25 MB
2020-02-10 01:00:21,722 ===> Epoch 2 Complete: Avg. Loss: 0.1411
2020-02-10 01:00:21,724 ====> Extracting Features
2020-02-10 01:01:10,910 ==> Batch (50/108)
2020-02-10 01:01:35,069 ==> Batch (100/108)
2020-02-10 01:01:41,008 ====> Building faiss index
2020-02-10 01:01:41,404 ====> Calculating recall @ N
2020-02-10 01:01:43,920 ====> Recall@1: 0.3783
2020-02-10 01:01:43,921 ====> Recall@2: 0.4397
2020-02-10 01:01:43,922 ====> Recall@3: 0.4722
2020-02-10 01:01:43,922 ====> Recall@4: 0.4939
2020-02-10 01:01:43,922 ====> Recall@5: 0.5119
2020-02-10 01:01:43,923 ====> Recall@10: 0.5696
2020-02-10 01:01:43,923 ====> Recall@15: 0.6113
2020-02-10 01:01:43,923 ====> Recall@20: 0.6536
2020-02-10 01:01:43,923 ====> Recall@25: 0.6722
2020-02-10 01:01:44,775 ====> Building Cache
2020-02-10 01:01:44,776 feature cache--->>> /home/annora/NetVLAD/output/train_feat_cache3.hdf5
2020-02-10 01:03:12,044 Allocated:120.28369140625 MB
2020-02-10 01:03:12,045 Cached:4303.875 MB
2020-02-10 01:06:18,825 ==> Epoch[3](50/553): Loss: 0.1112
2020-02-10 01:06:18,828 Allocated:122.03369140625 MB
2020-02-10 01:06:18,828 Cached:6164.0 MB
2020-02-10 01:08:26,315 ==> Epoch[3](100/553): Loss: 0.0810
2020-02-10 01:08:26,318 Allocated:121.78369140625 MB
2020-02-10 01:08:26,318 Cached:6164.0 MB
2020-02-10 01:10:45,977 ==> Epoch[3](150/553): Loss: 0.1229
2020-02-10 01:10:45,980 Allocated:123.15869140625 MB
2020-02-10 01:10:45,980 Cached:6164.0 MB
2020-02-10 01:12:10,529 ====> Building Cache
2020-02-10 01:12:10,530 feature cache--->>> /home/annora/NetVLAD/output/train_feat_cache3.hdf5
2020-02-10 01:13:36,796 Allocated:121.283203125 MB
2020-02-10 01:13:36,797 Cached:3389.25 MB
2020-02-10 01:15:15,339 ==> Epoch[3](200/553): Loss: 0.3000
2020-02-10 01:15:15,343 Allocated:121.53369140625 MB
2020-02-10 01:15:15,343 Cached:8322.375 MB
2020-02-10 01:17:39,265 ==> Epoch[3](250/553): Loss: 0.1346
2020-02-10 01:17:39,273 Allocated:121.28369140625 MB
2020-02-10 01:17:39,274 Cached:9074.0 MB
2020-02-10 01:20:04,817 ==> Epoch[3](300/553): Loss: 0.1688
2020-02-10 01:20:04,820 Allocated:121.53369140625 MB
2020-02-10 01:20:04,820 Cached:9074.0 MB
2020-02-10 01:22:31,513 ==> Epoch[3](350/553): Loss: 0.1264
2020-02-10 01:22:31,516 Allocated:121.53369140625 MB
2020-02-10 01:22:31,516 Cached:9074.0 MB
2020-02-10 01:23:23,145 ====> Building Cache
2020-02-10 01:23:23,145 feature cache--->>> /home/annora/NetVLAD/output/train_feat_cache3.hdf5
2020-02-10 01:24:48,983 Allocated:122.533203125 MB
2020-02-10 01:24:48,984 Cached:3389.25 MB
2020-02-10 01:26:59,854 ==> Epoch[3](400/553): Loss: 0.1074
2020-02-10 01:26:59,856 Allocated:121.28369140625 MB
2020-02-10 01:26:59,856 Cached:9818.5 MB
2020-02-10 01:29:27,513 ==> Epoch[3](450/553): Loss: 0.0521
2020-02-10 01:29:27,529 Allocated:121.28369140625 MB
2020-02-10 01:29:27,529 Cached:9818.5 MB
2020-02-10 01:31:57,566 ==> Epoch[3](500/553): Loss: 0.1255
2020-02-10 01:31:57,567 Allocated:122.03369140625 MB
2020-02-10 01:31:57,567 Cached:9818.5 MB
2020-02-10 01:34:10,183 ==> Epoch[3](550/553): Loss: 0.1239
2020-02-10 01:34:10,185 Allocated:121.28369140625 MB
2020-02-10 01:34:10,185 Cached:9818.5 MB
2020-02-10 01:34:21,101 ===> Epoch 3 Complete: Avg. Loss: 0.1118
2020-02-10 01:34:21,103 ====> Extracting Features
2020-02-10 01:34:57,619 ==> Batch (50/108)
2020-02-10 01:35:32,118 ==> Batch (100/108)
2020-02-10 01:35:37,299 ====> Building faiss index
2020-02-10 01:35:37,692 ====> Calculating recall @ N
2020-02-10 01:35:40,570 ====> Recall@1: 0.2768
2020-02-10 01:35:40,570 ====> Recall@2: 0.3229
2020-02-10 01:35:40,571 ====> Recall@3: 0.3562
2020-02-10 01:35:40,571 ====> Recall@4: 0.3797
2020-02-10 01:35:40,571 ====> Recall@5: 0.4061
2020-02-10 01:35:40,572 ====> Recall@10: 0.5093
2020-02-10 01:35:40,572 ====> Recall@15: 0.5571
2020-02-10 01:35:40,572 ====> Recall@20: 0.5942
2020-02-10 01:35:40,572 ====> Recall@25: 0.6133
2020-02-10 01:35:41,075 ====> Building Cache
2020-02-10 01:35:41,075 feature cache--->>> /home/annora/NetVLAD/output/train_feat_cache3.hdf5
2020-02-10 01:37:11,555 Allocated:119.78369140625 MB
2020-02-10 01:37:11,555 Cached:4304.875 MB
2020-02-10 01:40:21,622 ==> Epoch[4](50/553): Loss: 0.0281
2020-02-10 01:40:21,624 Allocated:122.15869140625 MB
2020-02-10 01:40:21,624 Cached:6152.125 MB
2020-02-10 01:42:38,697 ==> Epoch[4](100/553): Loss: 0.0438
2020-02-10 01:42:38,700 Allocated:122.03369140625 MB
2020-02-10 01:42:38,700 Cached:6152.125 MB
2020-02-10 01:44:55,039 ==> Epoch[4](150/553): Loss: 0.0413
2020-02-10 01:44:55,050 Allocated:121.15869140625 MB
2020-02-10 01:44:55,050 Cached:6152.125 MB
2020-02-10 01:46:23,591 ====> Building Cache
2020-02-10 01:46:23,592 feature cache--->>> /home/annora/NetVLAD/output/train_feat_cache3.hdf5
2020-02-10 01:47:56,657 Allocated:121.658203125 MB
2020-02-10 01:47:56,658 Cached:3389.25 MB
2020-02-10 01:49:47,545 ==> Epoch[4](200/553): Loss: 0.2074
2020-02-10 01:49:47,548 Allocated:121.28369140625 MB
2020-02-10 01:49:47,548 Cached:4639.25 MB
2020-02-10 01:52:04,732 ==> Epoch[4](250/553): Loss: 0.2669
2020-02-10 01:52:04,736 Allocated:121.15869140625 MB
2020-02-10 01:52:04,736 Cached:7176.875 MB
2020-02-10 01:54:12,994 ==> Epoch[4](300/553): Loss: 0.1198
2020-02-10 01:54:12,997 Allocated:121.53369140625 MB
2020-02-10 01:54:12,997 Cached:8457.0 MB
2020-02-10 01:56:15,267 ==> Epoch[4](350/553): Loss: 0.1721
2020-02-10 01:56:15,269 Allocated:121.65869140625 MB
2020-02-10 01:56:15,269 Cached:8457.0 MB
2020-02-10 01:57:00,514 ====> Building Cache
2020-02-10 01:57:00,516 feature cache--->>> /home/annora/NetVLAD/output/train_feat_cache3.hdf5
2020-02-10 01:58:29,971 Allocated:121.533203125 MB
2020-02-10 01:58:29,972 Cached:3389.25 MB
2020-02-10 02:01:01,178 ==> Epoch[4](400/553): Loss: 0.1381
2020-02-10 02:01:01,181 Allocated:122.40869140625 MB
2020-02-10 02:01:01,182 Cached:7278.25 MB
2020-02-10 02:03:21,464 ==> Epoch[4](450/553): Loss: 0.0726
2020-02-10 02:03:21,466 Allocated:121.90869140625 MB
2020-02-10 02:03:21,467 Cached:7278.25 MB
2020-02-10 02:05:39,493 ==> Epoch[4](500/553): Loss: 0.0882
2020-02-10 02:05:39,497 Allocated:121.40869140625 MB
2020-02-10 02:05:39,497 Cached:7278.25 MB
2020-02-10 02:07:51,339 ==> Epoch[4](550/553): Loss: 0.1351
2020-02-10 02:07:51,343 Allocated:121.28369140625 MB
2020-02-10 02:07:51,343 Cached:7278.25 MB
2020-02-10 02:08:05,816 ===> Epoch 4 Complete: Avg. Loss: 0.1266
2020-02-10 02:08:05,818 ====> Extracting Features
2020-02-10 02:08:54,472 ==> Batch (50/108)
2020-02-10 02:09:22,756 ==> Batch (100/108)
2020-02-10 02:09:28,070 ====> Building faiss index
2020-02-10 02:09:28,465 ====> Calculating recall @ N
2020-02-10 02:09:31,113 ====> Recall@1: 0.2939
2020-02-10 02:09:31,114 ====> Recall@2: 0.3464
2020-02-10 02:09:31,114 ====> Recall@3: 0.3901
2020-02-10 02:09:31,115 ====> Recall@4: 0.4110
2020-02-10 02:09:31,115 ====> Recall@5: 0.4281
2020-02-10 02:09:31,115 ====> Recall@10: 0.5090
2020-02-10 02:09:31,115 ====> Recall@15: 0.5475
2020-02-10 02:09:31,116 ====> Recall@20: 0.5809
2020-02-10 02:09:31,116 ====> Recall@25: 0.5991
2020-02-10 02:09:31,601 ====> Building Cache
2020-02-10 02:09:31,602 feature cache--->>> /home/annora/NetVLAD/output/train_feat_cache3.hdf5
2020-02-10 02:10:59,277 Allocated:119.15869140625 MB
2020-02-10 02:10:59,278 Cached:4150.875 MB
2020-02-10 02:14:11,769 ==> Epoch[5](50/553): Loss: 0.0504
2020-02-10 02:14:11,772 Allocated:122.03369140625 MB
2020-02-10 02:14:11,772 Cached:6010.0 MB
2020-02-10 02:16:26,606 ==> Epoch[5](100/553): Loss: 0.0751
2020-02-10 02:16:26,609 Allocated:121.15869140625 MB
2020-02-10 02:16:26,610 Cached:6010.0 MB
2020-02-10 02:18:38,470 ==> Epoch[5](150/553): Loss: 0.0655
2020-02-10 02:18:38,472 Allocated:121.28369140625 MB
2020-02-10 02:18:38,472 Cached:6010.0 MB
2020-02-10 02:20:13,312 ====> Building Cache
2020-02-10 02:20:13,313 feature cache--->>> /home/annora/NetVLAD/output/train_feat_cache3.hdf5
2020-02-10 02:21:42,458 Allocated:123.283203125 MB
2020-02-10 02:21:42,459 Cached:3235.25 MB
2020-02-10 02:23:12,880 ==> Epoch[5](200/553): Loss: 0.1586
2020-02-10 02:23:12,882 Allocated:122.53369140625 MB
2020-02-10 02:23:12,882 Cached:6698.875 MB
2020-02-10 02:25:18,086 ==> Epoch[5](250/553): Loss: 0.2709
2020-02-10 02:25:18,089 Allocated:121.90869140625 MB
2020-02-10 02:25:18,089 Cached:7944.25 MB
2020-02-10 02:27:24,496 ==> Epoch[5](300/553): Loss: 0.1915
2020-02-10 02:27:24,498 Allocated:122.15869140625 MB
2020-02-10 02:27:24,498 Cached:7944.25 MB
2020-02-10 02:29:33,174 ==> Epoch[5](350/553): Loss: 0.1429
2020-02-10 02:29:33,176 Allocated:121.15869140625 MB
2020-02-10 02:29:33,176 Cached:9201.375 MB
2020-02-10 02:30:26,630 ====> Building Cache
2020-02-10 02:30:26,630 feature cache--->>> /home/annora/NetVLAD/output/train_feat_cache3.hdf5
2020-02-10 02:31:56,822 Allocated:122.033203125 MB
2020-02-10 02:31:56,823 Cached:2980.125 MB
2020-02-10 02:34:23,006 ==> Epoch[5](400/553): Loss: 0.0952
2020-02-10 02:34:23,009 Allocated:121.15869140625 MB
2020-02-10 02:34:23,009 Cached:6869.125 MB
2020-02-10 02:36:38,605 ==> Epoch[5](450/553): Loss: 0.0532
2020-02-10 02:36:38,608 Allocated:121.15869140625 MB
2020-02-10 02:36:38,609 Cached:6869.125 MB
2020-02-10 02:39:00,159 ==> Epoch[5](500/553): Loss: 0.1241
2020-02-10 02:39:00,162 Allocated:121.90869140625 MB
2020-02-10 02:39:00,162 Cached:6869.125 MB
2020-02-10 02:41:25,531 ==> Epoch[5](550/553): Loss: 0.0872
2020-02-10 02:41:25,534 Allocated:121.28369140625 MB
2020-02-10 02:41:25,534 Cached:6869.125 MB
2020-02-10 02:41:40,672 ===> Epoch 5 Complete: Avg. Loss: 0.1205
2020-02-10 02:41:40,673 ====> Extracting Features
2020-02-10 02:42:23,073 ==> Batch (50/108)
2020-02-10 02:42:46,008 ==> Batch (100/108)
2020-02-10 02:42:50,660 ====> Building faiss index
2020-02-10 02:42:51,025 ====> Calculating recall @ N
2020-02-10 02:42:53,531 ====> Recall@1: 0.3217
2020-02-10 02:42:53,531 ====> Recall@2: 0.3809
2020-02-10 02:42:53,532 ====> Recall@3: 0.4099
2020-02-10 02:42:53,532 ====> Recall@4: 0.4322
2020-02-10 02:42:53,532 ====> Recall@5: 0.4597
2020-02-10 02:42:53,533 ====> Recall@10: 0.5226
2020-02-10 02:42:53,533 ====> Recall@15: 0.5545
2020-02-10 02:42:53,533 ====> Recall@20: 0.5768
2020-02-10 02:42:53,533 ====> Recall@25: 0.5954
2020-02-10 02:42:53,976 ====> Building Cache
2020-02-10 02:42:53,977 feature cache--->>> /home/annora/NetVLAD/output/train_feat_cache3.hdf5
2020-02-10 02:44:24,805 Allocated:119.90869140625 MB
2020-02-10 02:44:24,805 Cached:4150.875 MB
2020-02-10 02:47:17,934 ==> Epoch[6](50/553): Loss: 0.1413
2020-02-10 02:47:17,936 Allocated:121.40869140625 MB
2020-02-10 02:47:17,937 Cached:7802.375 MB
2020-02-10 02:49:26,151 ==> Epoch[6](100/553): Loss: 0.2119
2020-02-10 02:49:26,153 Allocated:122.15869140625 MB
2020-02-10 02:49:26,153 Cached:7802.375 MB
2020-02-10 02:51:36,196 ==> Epoch[6](150/553): Loss: 0.0868
2020-02-10 02:51:36,215 Allocated:121.15869140625 MB
2020-02-10 02:51:36,216 Cached:7802.375 MB
2020-02-10 02:53:10,366 ====> Building Cache
2020-02-10 02:53:10,366 feature cache--->>> /home/annora/NetVLAD/output/train_feat_cache3.hdf5
2020-02-10 02:54:39,646 Allocated:121.408203125 MB
2020-02-10 02:54:39,647 Cached:3814.25 MB
2020-02-10 02:56:02,270 ==> Epoch[6](200/553): Loss: 0.0897
2020-02-10 02:56:02,274 Allocated:121.15869140625 MB
2020-02-10 02:56:02,275 Cached:7501.0 MB
2020-02-10 02:58:15,948 ==> Epoch[6](250/553): Loss: 0.1983
2020-02-10 02:58:15,952 Allocated:121.90869140625 MB
2020-02-10 02:58:15,952 Cached:8757.125 MB
2020-02-10 03:00:33,282 ==> Epoch[6](300/553): Loss: 0.0313
2020-02-10 03:00:33,285 Allocated:121.28369140625 MB
2020-02-10 03:00:33,286 Cached:4533.375 MB
2020-02-10 03:02:44,223 ==> Epoch[6](350/553): Loss: 0.0876
2020-02-10 03:02:44,225 Allocated:121.28369140625 MB
2020-02-10 03:02:44,226 Cached:4533.375 MB
2020-02-10 03:03:32,994 ====> Building Cache
2020-02-10 03:03:32,995 feature cache--->>> /home/annora/NetVLAD/output/train_feat_cache3.hdf5
2020-02-10 03:05:02,927 Allocated:121.283203125 MB
2020-02-10 03:05:02,928 Cached:3389.25 MB
2020-02-10 03:07:05,176 ==> Epoch[6](400/553): Loss: 0.1526
2020-02-10 03:07:05,179 Allocated:121.15869140625 MB
2020-02-10 03:07:05,179 Cached:9814.875 MB
2020-02-10 03:09:24,128 ==> Epoch[6](450/553): Loss: 0.0646
2020-02-10 03:09:24,131 Allocated:121.15869140625 MB
2020-02-10 03:09:24,131 Cached:9814.875 MB
2020-02-10 03:11:41,126 ==> Epoch[6](500/553): Loss: 0.1066
2020-02-10 03:11:41,129 Allocated:121.28369140625 MB
2020-02-10 03:11:41,129 Cached:9814.875 MB
2020-02-10 03:13:55,530 ==> Epoch[6](550/553): Loss: 0.0665
2020-02-10 03:13:55,532 Allocated:121.15869140625 MB
2020-02-10 03:13:55,533 Cached:9814.875 MB
2020-02-10 03:14:09,230 ===> Epoch 6 Complete: Avg. Loss: 0.0968
2020-02-10 03:14:09,232 ====> Extracting Features
2020-02-10 03:14:55,907 ==> Batch (50/108)
2020-02-10 03:15:23,035 ==> Batch (100/108)
2020-02-10 03:15:28,781 ====> Building faiss index
2020-02-10 03:15:29,152 ====> Calculating recall @ N
2020-02-10 03:15:31,658 ====> Recall@1: 0.3745
2020-02-10 03:15:31,659 ====> Recall@2: 0.4365
2020-02-10 03:15:31,659 ====> Recall@3: 0.4646
2020-02-10 03:15:31,660 ====> Recall@4: 0.4823
2020-02-10 03:15:31,660 ====> Recall@5: 0.4986
2020-02-10 03:15:31,660 ====> Recall@10: 0.5461
2020-02-10 03:15:31,660 ====> Recall@15: 0.5780
2020-02-10 03:15:31,660 ====> Recall@20: 0.5994
2020-02-10 03:15:31,661 ====> Recall@25: 0.6191
2020-02-10 03:15:32,125 ====> Building Cache
2020-02-10 03:15:32,125 feature cache--->>> /home/annora/NetVLAD/output/train_feat_cache3.hdf5
2020-02-10 03:17:00,998 Allocated:119.53369140625 MB
2020-02-10 03:17:01,000 Cached:4244.0 MB
2020-02-10 03:19:49,934 ==> Epoch[7](50/553): Loss: 0.0378
2020-02-10 03:19:49,936 Allocated:121.40869140625 MB
2020-02-10 03:19:49,936 Cached:5903.625 MB
2020-02-10 03:22:02,114 ==> Epoch[7](100/553): Loss: 0.0462
2020-02-10 03:22:02,121 Allocated:121.28369140625 MB
2020-02-10 03:22:02,121 Cached:9619.75 MB
2020-02-10 03:24:11,980 ==> Epoch[7](150/553): Loss: 0.0675
2020-02-10 03:24:11,982 Allocated:121.28369140625 MB
2020-02-10 03:24:11,982 Cached:9619.75 MB
2020-02-10 03:25:36,540 ====> Building Cache
2020-02-10 03:25:36,541 feature cache--->>> /home/annora/NetVLAD/output/train_feat_cache3.hdf5
2020-02-10 03:27:04,559 Allocated:121.283203125 MB
2020-02-10 03:27:04,560 Cached:2891.5 MB
2020-02-10 03:28:32,849 ==> Epoch[7](200/553): Loss: 0.0846
2020-02-10 03:28:32,852 Allocated:121.90869140625 MB
2020-02-10 03:28:32,852 Cached:4072.5 MB
2020-02-10 03:30:42,793 ==> Epoch[7](250/553): Loss: 0.1153
2020-02-10 03:30:42,796 Allocated:121.40869140625 MB
2020-02-10 03:30:42,797 Cached:6445.5 MB
2020-02-10 03:33:02,587 ==> Epoch[7](300/553): Loss: 0.2016
2020-02-10 03:33:02,589 Allocated:121.40869140625 MB
2020-02-10 03:33:02,589 Cached:8866.25 MB
2020-02-10 03:35:15,020 ==> Epoch[7](350/553): Loss: 0.2269
2020-02-10 03:35:15,023 Allocated:121.15869140625 MB
2020-02-10 03:35:15,024 Cached:8866.25 MB
2020-02-10 03:36:00,946 ====> Building Cache
2020-02-10 03:36:00,947 feature cache--->>> /home/annora/NetVLAD/output/train_feat_cache3.hdf5
2020-02-10 03:37:38,876 Allocated:121.658203125 MB
2020-02-10 03:37:38,876 Cached:2858.0 MB
2020-02-10 03:39:42,560 ==> Epoch[7](400/553): Loss: 0.2598
2020-02-10 03:39:42,564 Allocated:121.28369140625 MB
2020-02-10 03:39:42,564 Cached:6748.0 MB
2020-02-10 03:42:03,734 ==> Epoch[7](450/553): Loss: 0.0635
2020-02-10 03:42:03,737 Allocated:121.65869140625 MB
2020-02-10 03:42:03,737 Cached:6748.0 MB
2020-02-10 03:44:29,210 ==> Epoch[7](500/553): Loss: 0.0694
2020-02-10 03:44:29,219 Allocated:121.28369140625 MB
2020-02-10 03:44:29,220 Cached:6748.0 MB
2020-02-10 03:46:46,473 ==> Epoch[7](550/553): Loss: 0.0589
2020-02-10 03:46:46,477 Allocated:121.65869140625 MB
2020-02-10 03:46:46,477 Cached:6748.0 MB
2020-02-10 03:46:58,390 ===> Epoch 7 Complete: Avg. Loss: 0.1356
2020-02-10 03:46:58,393 ====> Extracting Features
2020-02-10 03:47:44,472 ==> Batch (50/108)
2020-02-10 03:48:10,501 ==> Batch (100/108)
2020-02-10 03:48:15,602 ====> Building faiss index
2020-02-10 03:48:15,981 ====> Calculating recall @ N
2020-02-10 03:48:18,545 ====> Recall@1: 0.3383
2020-02-10 03:48:18,546 ====> Recall@2: 0.3881
2020-02-10 03:48:18,546 ====> Recall@3: 0.4194
2020-02-10 03:48:18,546 ====> Recall@4: 0.4400
2020-02-10 03:48:18,546 ====> Recall@5: 0.4591
2020-02-10 03:48:18,547 ====> Recall@10: 0.5278
2020-02-10 03:48:18,547 ====> Recall@15: 0.5748
2020-02-10 03:48:18,547 ====> Recall@20: 0.6070
2020-02-10 03:48:18,547 ====> Recall@25: 0.6420
2020-02-10 03:48:19,035 ====> Building Cache
2020-02-10 03:48:19,036 feature cache--->>> /home/annora/NetVLAD/output/train_feat_cache3.hdf5
2020-02-10 03:49:49,399 Allocated:119.40869140625 MB
2020-02-10 03:49:49,399 Cached:4183.375 MB
2020-02-10 03:52:55,279 ==> Epoch[8](50/553): Loss: 0.0998
2020-02-10 03:52:55,282 Allocated:122.65869140625 MB
2020-02-10 03:52:55,282 Cached:9145.125 MB
2020-02-10 03:55:08,665 ==> Epoch[8](100/553): Loss: 0.0368
2020-02-10 03:55:08,668 Allocated:121.15869140625 MB
2020-02-10 03:55:08,668 Cached:9821.5 MB
2020-02-10 03:57:12,264 ==> Epoch[8](150/553): Loss: 0.0759
2020-02-10 03:57:12,266 Allocated:122.28369140625 MB
2020-02-10 03:57:12,266 Cached:9821.5 MB
2020-02-10 03:58:41,390 ====> Building Cache
2020-02-10 03:58:41,391 feature cache--->>> /home/annora/NetVLAD/output/train_feat_cache3.hdf5
2020-02-10 04:00:05,627 Allocated:122.783203125 MB
2020-02-10 04:00:05,628 Cached:2866.25 MB
2020-02-10 04:01:19,593 ==> Epoch[8](200/553): Loss: 0.1923
2020-02-10 04:01:19,596 Allocated:121.15869140625 MB
2020-02-10 04:01:19,596 Cached:6439.375 MB
2020-02-10 04:03:11,350 ==> Epoch[8](250/553): Loss: 0.1535
2020-02-10 04:03:11,351 Allocated:121.15869140625 MB
2020-02-10 04:03:11,352 Cached:7687.875 MB
2020-02-10 04:05:09,977 ==> Epoch[8](300/553): Loss: 0.1256
2020-02-10 04:05:09,979 Allocated:121.15869140625 MB
2020-02-10 04:05:09,979 Cached:8937.625 MB
2020-02-10 04:06:59,511 ==> Epoch[8](350/553): Loss: 0.1201
2020-02-10 04:06:59,513 Allocated:123.40869140625 MB
2020-02-10 04:06:59,513 Cached:8937.625 MB
2020-02-10 04:07:39,796 ====> Building Cache
2020-02-10 04:07:39,796 feature cache--->>> /home/annora/NetVLAD/output/train_feat_cache3.hdf5
2020-02-10 04:08:54,656 Allocated:122.033203125 MB
2020-02-10 04:08:54,656 Cached:3424.375 MB
2020-02-10 04:10:43,352 ==> Epoch[8](400/553): Loss: 0.1073
2020-02-10 04:10:43,355 Allocated:121.28369140625 MB
2020-02-10 04:10:43,355 Cached:9664.0 MB
2020-02-10 04:12:44,901 ==> Epoch[8](450/553): Loss: 0.1529
2020-02-10 04:12:44,903 Allocated:121.28369140625 MB
2020-02-10 04:12:44,903 Cached:9664.0 MB
2020-02-10 04:14:39,240 ==> Epoch[8](500/553): Loss: 0.1376
2020-02-10 04:14:39,243 Allocated:121.28369140625 MB
2020-02-10 04:14:39,243 Cached:9664.0 MB
2020-02-10 04:16:33,483 ==> Epoch[8](550/553): Loss: 0.0890
2020-02-10 04:16:33,485 Allocated:122.03369140625 MB
2020-02-10 04:16:33,485 Cached:9664.0 MB
2020-02-10 04:16:43,724 ===> Epoch 8 Complete: Avg. Loss: 0.0991
2020-02-10 04:16:43,724 ====> Extracting Features
2020-02-10 04:17:15,856 ==> Batch (50/108)
2020-02-10 04:17:35,591 ==> Batch (100/108)
2020-02-10 04:17:39,838 ====> Building faiss index
2020-02-10 04:17:40,168 ====> Calculating recall @ N
2020-02-10 04:17:42,637 ====> Recall@1: 0.3119
2020-02-10 04:17:42,638 ====> Recall@2: 0.3565
2020-02-10 04:17:42,638 ====> Recall@3: 0.3751
2020-02-10 04:17:42,638 ====> Recall@4: 0.3954
2020-02-10 04:17:42,638 ====> Recall@5: 0.4209
2020-02-10 04:17:42,638 ====> Recall@10: 0.4762
2020-02-10 04:17:42,639 ====> Recall@15: 0.5191
2020-02-10 04:17:42,639 ====> Recall@20: 0.5588
2020-02-10 04:17:42,639 ====> Recall@25: 0.5797
2020-02-10 04:17:43,065 ====> Building Cache
2020-02-10 04:17:43,066 feature cache--->>> /home/annora/NetVLAD/output/train_feat_cache3.hdf5
2020-02-10 04:19:02,015 Allocated:119.15869140625 MB
2020-02-10 04:19:02,015 Cached:4187.0 MB
2020-02-10 04:21:27,325 ==> Epoch[9](50/553): Loss: 0.0354
2020-02-10 04:21:27,327 Allocated:121.90869140625 MB
2020-02-10 04:21:27,327 Cached:7971.375 MB
2020-02-10 04:23:15,279 ==> Epoch[9](100/553): Loss: 0.1069
2020-02-10 04:23:15,282 Allocated:122.03369140625 MB
2020-02-10 04:23:15,282 Cached:7971.375 MB
2020-02-10 04:25:06,915 ==> Epoch[9](150/553): Loss: 0.0883
2020-02-10 04:25:06,917 Allocated:122.15869140625 MB
2020-02-10 04:25:06,917 Cached:7971.375 MB
2020-02-10 04:26:20,693 ====> Building Cache
2020-02-10 04:26:20,694 feature cache--->>> /home/annora/NetVLAD/output/train_feat_cache3.hdf5
2020-02-10 04:27:35,610 Allocated:121.283203125 MB
2020-02-10 04:27:35,611 Cached:3389.25 MB
2020-02-10 04:28:45,652 ==> Epoch[9](200/553): Loss: 0.1326
2020-02-10 04:28:45,654 Allocated:121.15869140625 MB
2020-02-10 04:28:45,655 Cached:8461.0 MB
2020-02-10 04:30:31,793 ==> Epoch[9](250/553): Loss: 0.1772
2020-02-10 04:30:31,795 Allocated:121.15869140625 MB
2020-02-10 04:30:31,796 Cached:8461.0 MB
2020-02-10 04:32:28,155 ==> Epoch[9](300/553): Loss: 0.0715
2020-02-10 04:32:28,157 Allocated:121.15869140625 MB
2020-02-10 04:32:28,157 Cached:8461.0 MB
2020-02-10 04:34:24,664 ==> Epoch[9](350/553): Loss: 0.0841
2020-02-10 04:34:24,665 Allocated:121.53369140625 MB
2020-02-10 04:34:24,666 Cached:8461.0 MB
2020-02-10 04:35:04,916 ====> Building Cache
2020-02-10 04:35:04,917 feature cache--->>> /home/annora/NetVLAD/output/train_feat_cache3.hdf5
2020-02-10 04:36:19,700 Allocated:121.158203125 MB
2020-02-10 04:36:19,701 Cached:3389.25 MB
2020-02-10 04:38:14,059 ==> Epoch[9](400/553): Loss: 0.0971
2020-02-10 04:38:14,061 Allocated:121.28369140625 MB
2020-02-10 04:38:14,061 Cached:9829.625 MB
2020-02-10 04:40:06,022 ==> Epoch[9](450/553): Loss: 0.1375
2020-02-10 04:40:06,025 Allocated:121.15869140625 MB
2020-02-10 04:40:06,025 Cached:9829.625 MB
2020-02-10 04:41:59,586 ==> Epoch[9](500/553): Loss: 0.0411
2020-02-10 04:41:59,588 Allocated:122.03369140625 MB
2020-02-10 04:41:59,588 Cached:9829.625 MB
2020-02-10 04:43:50,503 ==> Epoch[9](550/553): Loss: 0.0523
2020-02-10 04:43:50,505 Allocated:121.15869140625 MB
2020-02-10 04:43:50,506 Cached:9829.625 MB
2020-02-10 04:44:01,634 ===> Epoch 9 Complete: Avg. Loss: 0.1010
2020-02-10 04:44:01,636 ====> Extracting Features
2020-02-10 04:44:36,326 ==> Batch (50/108)
2020-02-10 04:44:57,196 ==> Batch (100/108)
2020-02-10 04:45:01,623 ====> Building faiss index
2020-02-10 04:45:01,950 ====> Calculating recall @ N
2020-02-10 04:45:04,320 ====> Recall@1: 0.3186
2020-02-10 04:45:04,321 ====> Recall@2: 0.3629
2020-02-10 04:45:04,321 ====> Recall@3: 0.4006
2020-02-10 04:45:04,321 ====> Recall@4: 0.4304
2020-02-10 04:45:04,322 ====> Recall@5: 0.4635
2020-02-10 04:45:04,322 ====> Recall@10: 0.5287
2020-02-10 04:45:04,322 ====> Recall@15: 0.5632
2020-02-10 04:45:04,322 ====> Recall@20: 0.5887
2020-02-10 04:45:04,322 ====> Recall@25: 0.6052
2020-02-10 04:45:04,733 ====> Building Cache
2020-02-10 04:45:04,733 feature cache--->>> /home/annora/NetVLAD/output/train_feat_cache3.hdf5
2020-02-10 04:46:19,395 Allocated:119.28369140625 MB
2020-02-10 04:46:19,396 Cached:4303.875 MB
2020-02-10 04:48:48,108 ==> Epoch[10](50/553): Loss: 0.1044
2020-02-10 04:48:48,110 Allocated:121.40869140625 MB
2020-02-10 04:48:48,111 Cached:8595.875 MB
2020-02-10 04:50:37,121 ==> Epoch[10](100/553): Loss: 0.0320
2020-02-10 04:50:37,123 Allocated:121.90869140625 MB
2020-02-10 04:50:37,123 Cached:8595.875 MB
2020-02-10 04:52:48,936 ==> Epoch[10](150/553): Loss: 0.0697
2020-02-10 04:52:48,938 Allocated:121.78369140625 MB
2020-02-10 04:52:48,939 Cached:8595.875 MB
2020-02-10 04:54:24,732 ====> Building Cache
2020-02-10 04:54:24,732 feature cache--->>> /home/annora/NetVLAD/output/train_feat_cache3.hdf5
2020-02-10 04:55:39,605 Allocated:121.158203125 MB
2020-02-10 04:55:39,605 Cached:3426.0 MB
2020-02-10 04:56:49,173 ==> Epoch[10](200/553): Loss: 0.0901
2020-02-10 04:56:49,176 Allocated:121.90869140625 MB
2020-02-10 04:56:49,176 Cached:8160.625 MB
2020-02-10 04:58:40,755 ==> Epoch[10](250/553): Loss: 0.0964
2020-02-10 04:58:40,757 Allocated:122.65869140625 MB
2020-02-10 04:58:40,757 Cached:3387.5 MB
2020-02-10 05:00:35,016 ==> Epoch[10](300/553): Loss: 0.1076
2020-02-10 05:00:35,018 Allocated:121.53369140625 MB
2020-02-10 05:00:35,018 Cached:3387.5 MB
2020-02-10 05:02:19,917 ==> Epoch[10](350/553): Loss: 0.2301
2020-02-10 05:02:19,919 Allocated:122.40869140625 MB
2020-02-10 05:02:19,919 Cached:3387.5 MB
2020-02-10 05:03:01,727 ====> Building Cache
2020-02-10 05:03:01,728 feature cache--->>> /home/annora/NetVLAD/output/train_feat_cache3.hdf5
2020-02-10 05:04:21,583 Allocated:121.408203125 MB
2020-02-10 05:04:21,583 Cached:3424.375 MB
2020-02-10 05:06:09,710 ==> Epoch[10](400/553): Loss: 0.1765
2020-02-10 05:06:09,712 Allocated:121.15869140625 MB
2020-02-10 05:06:09,712 Cached:8494.0 MB
2020-02-10 05:07:58,499 ==> Epoch[10](450/553): Loss: 0.2439
2020-02-10 05:07:58,501 Allocated:121.15869140625 MB
2020-02-10 05:07:58,501 Cached:8494.0 MB
2020-02-10 05:09:55,283 ==> Epoch[10](500/553): Loss: 0.1569
2020-02-10 05:09:55,286 Allocated:121.90869140625 MB
2020-02-10 05:09:55,286 Cached:8494.0 MB
2020-02-10 05:12:03,282 ==> Epoch[10](550/553): Loss: 0.0751
2020-02-10 05:12:03,284 Allocated:122.28369140625 MB
2020-02-10 05:12:03,284 Cached:8494.0 MB
2020-02-10 05:12:16,851 ===> Epoch 10 Complete: Avg. Loss: 0.0940
2020-02-10 05:12:16,852 ====> Extracting Features
2020-02-10 05:12:49,334 ==> Batch (50/108)
2020-02-10 05:13:09,364 ==> Batch (100/108)
2020-02-10 05:13:13,548 ====> Building faiss index
2020-02-10 05:13:13,870 ====> Calculating recall @ N
2020-02-10 05:13:16,363 ====> Recall@1: 0.3226
2020-02-10 05:13:16,364 ====> Recall@2: 0.3722
2020-02-10 05:13:16,364 ====> Recall@3: 0.4099
2020-02-10 05:13:16,365 ====> Recall@4: 0.4354
2020-02-10 05:13:16,365 ====> Recall@5: 0.4516
2020-02-10 05:13:16,365 ====> Recall@10: 0.5133
2020-02-10 05:13:16,365 ====> Recall@15: 0.5571
2020-02-10 05:13:16,365 ====> Recall@20: 0.5858
2020-02-10 05:13:16,366 ====> Recall@25: 0.6481
2020-02-10 05:13:16,784 ====> Building Cache
2020-02-10 05:13:16,785 feature cache--->>> /home/annora/NetVLAD/output/train_feat_cache3.hdf5
2020-02-10 05:14:31,179 Allocated:119.28369140625 MB
2020-02-10 05:14:31,179 Cached:4303.875 MB
2020-02-10 05:16:59,505 ==> Epoch[11](50/553): Loss: 0.0299
2020-02-10 05:16:59,507 Allocated:121.53369140625 MB
2020-02-10 05:16:59,507 Cached:6580.0 MB
2020-02-10 05:18:48,654 ==> Epoch[11](100/553): Loss: 0.1246
2020-02-10 05:18:48,656 Allocated:122.53369140625 MB
2020-02-10 05:18:48,656 Cached:6580.0 MB
2020-02-10 05:20:35,472 ==> Epoch[11](150/553): Loss: 0.0136
2020-02-10 05:20:35,474 Allocated:122.15869140625 MB
2020-02-10 05:20:35,475 Cached:6581.0 MB
2020-02-10 05:21:48,350 ====> Building Cache
2020-02-10 05:21:48,351 feature cache--->>> /home/annora/NetVLAD/output/train_feat_cache3.hdf5
2020-02-10 05:23:06,880 Allocated:121.783203125 MB
2020-02-10 05:23:06,881 Cached:3389.25 MB
2020-02-10 05:24:16,642 ==> Epoch[11](200/553): Loss: 0.2606
2020-02-10 05:24:16,644 Allocated:122.28369140625 MB
2020-02-10 05:24:16,644 Cached:5711.625 MB
2020-02-10 05:26:11,218 ==> Epoch[11](250/553): Loss: 0.2349
2020-02-10 05:26:11,222 Allocated:121.78369140625 MB
2020-02-10 05:26:11,222 Cached:5711.625 MB
2020-02-10 05:28:10,115 ==> Epoch[11](300/553): Loss: 0.1763
2020-02-10 05:28:10,117 Allocated:121.65869140625 MB
2020-02-10 05:28:10,117 Cached:5711.625 MB
2020-02-10 05:29:59,617 ==> Epoch[11](350/553): Loss: 0.2057
2020-02-10 05:29:59,619 Allocated:121.15869140625 MB
2020-02-10 05:29:59,619 Cached:5711.625 MB
2020-02-10 05:30:46,756 ====> Building Cache
2020-02-10 05:30:46,757 feature cache--->>> /home/annora/NetVLAD/output/train_feat_cache3.hdf5
2020-02-10 05:32:01,702 Allocated:121.283203125 MB
2020-02-10 05:32:01,703 Cached:3389.25 MB
2020-02-10 05:33:46,209 ==> Epoch[11](400/553): Loss: 0.2254
2020-02-10 05:33:46,211 Allocated:121.15869140625 MB
2020-02-10 05:33:46,211 Cached:7278.25 MB
2020-02-10 05:35:47,275 ==> Epoch[11](450/553): Loss: 0.1032
2020-02-10 05:35:47,277 Allocated:121.53369140625 MB
2020-02-10 05:35:47,277 Cached:7278.25 MB
2020-02-10 05:37:47,347 ==> Epoch[11](500/553): Loss: 0.0440
2020-02-10 05:37:47,348 Allocated:121.15869140625 MB
2020-02-10 05:37:47,349 Cached:7278.25 MB
2020-02-10 05:39:36,989 ==> Epoch[11](550/553): Loss: 0.1014
2020-02-10 05:39:36,991 Allocated:121.90869140625 MB
2020-02-10 05:39:36,991 Cached:7278.25 MB
2020-02-10 05:39:47,601 ===> Epoch 11 Complete: Avg. Loss: 0.1205
2020-02-10 05:39:47,603 ====> Extracting Features
2020-02-10 05:40:19,863 ==> Batch (50/108)
2020-02-10 05:40:39,548 ==> Batch (100/108)
2020-02-10 05:40:43,597 ====> Building faiss index
2020-02-10 05:40:43,919 ====> Calculating recall @ N
2020-02-10 05:40:46,221 ====> Recall@1: 0.4736
2020-02-10 05:40:46,222 ====> Recall@2: 0.5342
2020-02-10 05:40:46,222 ====> Recall@3: 0.5707
2020-02-10 05:40:46,222 ====> Recall@4: 0.5925
2020-02-10 05:40:46,222 ====> Recall@5: 0.6310
2020-02-10 05:40:46,223 ====> Recall@10: 0.6739
2020-02-10 05:40:46,223 ====> Recall@15: 0.7035
2020-02-10 05:40:46,223 ====> Recall@20: 0.7197
2020-02-10 05:40:46,223 ====> Recall@25: 0.7368
2020-02-10 05:40:46,963 ====> Building Cache
2020-02-10 05:40:46,964 feature cache--->>> /home/annora/NetVLAD/output/train_feat_cache3.hdf5
2020-02-10 05:42:02,932 Allocated:119.78369140625 MB
2020-02-10 05:42:02,933 Cached:4304.875 MB
2020-02-10 05:44:32,843 ==> Epoch[12](50/553): Loss: 0.0272
2020-02-10 05:44:32,846 Allocated:121.28369140625 MB
2020-02-10 05:44:32,846 Cached:7900.375 MB
2020-02-10 05:46:23,450 ==> Epoch[12](100/553): Loss: 0.0495
2020-02-10 05:46:23,452 Allocated:121.15869140625 MB
2020-02-10 05:46:23,452 Cached:7900.375 MB
2020-02-10 05:48:40,028 ==> Epoch[12](150/553): Loss: 0.0733
2020-02-10 05:48:40,030 Allocated:122.03369140625 MB
2020-02-10 05:48:40,030 Cached:9132.0 MB
2020-02-10 05:49:56,116 ====> Building Cache
2020-02-10 05:49:56,117 feature cache--->>> /home/annora/NetVLAD/output/train_feat_cache3.hdf5
2020-02-10 05:51:10,756 Allocated:122.658203125 MB
2020-02-10 05:51:10,757 Cached:3389.25 MB
2020-02-10 05:52:18,673 ==> Epoch[12](200/553): Loss: 0.1566
2020-02-10 05:52:18,675 Allocated:121.28369140625 MB
2020-02-10 05:52:18,676 Cached:5837.875 MB
2020-02-10 05:54:07,990 ==> Epoch[12](250/553): Loss: 0.2543
2020-02-10 05:54:07,993 Allocated:121.15869140625 MB
2020-02-10 05:54:07,993 Cached:5837.875 MB
2020-02-10 05:56:14,071 ==> Epoch[12](300/553): Loss: 0.0757
2020-02-10 05:56:14,073 Allocated:122.03369140625 MB
2020-02-10 05:56:14,073 Cached:5837.875 MB
2020-02-10 05:58:10,085 ==> Epoch[12](350/553): Loss: 0.2002
2020-02-10 05:58:10,087 Allocated:122.28369140625 MB
2020-02-10 05:58:10,088 Cached:5837.875 MB
2020-02-10 05:58:58,845 ====> Building Cache
2020-02-10 05:58:58,846 feature cache--->>> /home/annora/NetVLAD/output/train_feat_cache3.hdf5
2020-02-10 06:00:13,494 Allocated:121.283203125 MB
2020-02-10 06:00:13,495 Cached:3389.25 MB
2020-02-10 06:02:02,358 ==> Epoch[12](400/553): Loss: 0.1180
2020-02-10 06:02:02,361 Allocated:122.03369140625 MB
2020-02-10 06:02:02,362 Cached:7278.25 MB
2020-02-10 06:03:56,994 ==> Epoch[12](450/553): Loss: 0.0613
2020-02-10 06:03:56,998 Allocated:122.03369140625 MB
2020-02-10 06:03:56,998 Cached:7278.25 MB
2020-02-10 06:05:53,925 ==> Epoch[12](500/553): Loss: 0.0508
2020-02-10 06:05:53,927 Allocated:121.28369140625 MB
2020-02-10 06:05:53,928 Cached:7278.25 MB
2020-02-10 06:07:54,714 ==> Epoch[12](550/553): Loss: 0.0316
2020-02-10 06:07:54,717 Allocated:122.03369140625 MB
2020-02-10 06:07:54,717 Cached:7278.25 MB
2020-02-10 06:08:05,862 ===> Epoch 12 Complete: Avg. Loss: 0.1120
2020-02-10 06:08:05,864 ====> Extracting Features
2020-02-10 06:08:41,345 ==> Batch (50/108)
2020-02-10 06:09:01,496 ==> Batch (100/108)
2020-02-10 06:09:06,229 ====> Building faiss index
2020-02-10 06:09:06,564 ====> Calculating recall @ N
2020-02-10 06:09:08,962 ====> Recall@1: 0.3696
2020-02-10 06:09:08,963 ====> Recall@2: 0.4128
2020-02-10 06:09:08,964 ====> Recall@3: 0.4429
2020-02-10 06:09:08,964 ====> Recall@4: 0.4725
2020-02-10 06:09:08,964 ====> Recall@5: 0.4933
2020-02-10 06:09:08,965 ====> Recall@10: 0.5536
2020-02-10 06:09:08,965 ====> Recall@15: 0.5965
2020-02-10 06:09:08,965 ====> Recall@20: 0.6429
2020-02-10 06:09:08,965 ====> Recall@25: 0.6643
2020-02-10 06:09:09,419 ====> Building Cache
2020-02-10 06:09:09,420 feature cache--->>> /home/annora/NetVLAD/output/train_feat_cache3.hdf5
2020-02-10 06:10:23,993 Allocated:119.78369140625 MB
2020-02-10 06:10:23,994 Cached:4303.875 MB
2020-02-10 06:12:50,615 ==> Epoch[13](50/553): Loss: 0.0233
2020-02-10 06:12:50,618 Allocated:122.03369140625 MB
2020-02-10 06:12:50,618 Cached:9208.375 MB
2020-02-10 06:14:49,691 ==> Epoch[13](100/553): Loss: 0.0137
2020-02-10 06:14:49,693 Allocated:122.28369140625 MB
2020-02-10 06:14:49,694 Cached:4560.0 MB
2020-02-10 06:16:41,324 ==> Epoch[13](150/553): Loss: 0.0634
2020-02-10 06:16:41,326 Allocated:122.28369140625 MB
2020-02-10 06:16:41,326 Cached:4560.0 MB
2020-02-10 06:17:53,539 ====> Building Cache
2020-02-10 06:17:53,541 feature cache--->>> /home/annora/NetVLAD/output/train_feat_cache3.hdf5
2020-02-10 06:19:08,226 Allocated:121.908203125 MB
2020-02-10 06:19:08,226 Cached:2829.125 MB
2020-02-10 06:20:14,605 ==> Epoch[13](200/553): Loss: 0.2131
2020-02-10 06:20:14,608 Allocated:121.15869140625 MB
2020-02-10 06:20:14,608 Cached:3974.125 MB
2020-02-10 06:22:03,388 ==> Epoch[13](250/553): Loss: 0.1371
2020-02-10 06:22:03,391 Allocated:121.15869140625 MB
2020-02-10 06:22:03,391 Cached:5121.875 MB
2020-02-10 06:23:53,225 ==> Epoch[13](300/553): Loss: 0.1880
2020-02-10 06:23:53,227 Allocated:122.03369140625 MB
2020-02-10 06:23:53,228 Cached:6286.5 MB
2020-02-10 06:25:46,020 ==> Epoch[13](350/553): Loss: 0.1374
2020-02-10 06:25:46,022 Allocated:122.03369140625 MB
2020-02-10 06:25:46,022 Cached:8656.25 MB
2020-02-10 06:26:34,333 ====> Building Cache
2020-02-10 06:26:34,334 feature cache--->>> /home/annora/NetVLAD/output/train_feat_cache3.hdf5
2020-02-10 06:27:54,097 Allocated:121.158203125 MB
2020-02-10 06:27:54,097 Cached:3424.375 MB
2020-02-10 06:29:39,501 ==> Epoch[13](400/553): Loss: 0.0964
2020-02-10 06:29:39,503 Allocated:121.28369140625 MB
2020-02-10 06:29:39,504 Cached:9796.875 MB
2020-02-10 06:31:37,555 ==> Epoch[13](450/553): Loss: 0.0806
2020-02-10 06:31:37,556 Allocated:122.40869140625 MB
2020-02-10 06:31:37,557 Cached:9796.875 MB
2020-02-10 06:33:41,466 ==> Epoch[13](500/553): Loss: 0.0525
2020-02-10 06:33:41,469 Allocated:121.53369140625 MB
2020-02-10 06:33:41,469 Cached:9796.875 MB
2020-02-10 06:35:49,343 ==> Epoch[13](550/553): Loss: 0.0746
2020-02-10 06:35:49,345 Allocated:122.15869140625 MB
2020-02-10 06:35:49,345 Cached:9796.875 MB
2020-02-10 06:35:59,811 ===> Epoch 13 Complete: Avg. Loss: 0.1052
2020-02-10 06:35:59,813 ====> Extracting Features
2020-02-10 06:36:32,236 ==> Batch (50/108)
2020-02-10 06:36:51,736 ==> Batch (100/108)
2020-02-10 06:36:55,610 ====> Building faiss index
2020-02-10 06:36:55,944 ====> Calculating recall @ N
2020-02-10 06:36:58,225 ====> Recall@1: 0.4165
2020-02-10 06:36:58,226 ====> Recall@2: 0.4713
2020-02-10 06:36:58,226 ====> Recall@3: 0.5020
2020-02-10 06:36:58,227 ====> Recall@4: 0.5235
2020-02-10 06:36:58,227 ====> Recall@5: 0.5371
2020-02-10 06:36:58,227 ====> Recall@10: 0.6342
2020-02-10 06:36:58,227 ====> Recall@15: 0.6681
2020-02-10 06:36:58,227 ====> Recall@20: 0.6875
2020-02-10 06:36:58,228 ====> Recall@25: 0.7049
2020-02-10 06:36:58,665 ====> Building Cache
2020-02-10 06:36:58,666 feature cache--->>> /home/annora/NetVLAD/output/train_feat_cache3.hdf5
2020-02-10 06:38:13,392 Allocated:120.03369140625 MB
2020-02-10 06:38:13,392 Cached:4186.0 MB
2020-02-10 06:40:49,916 ==> Epoch[14](50/553): Loss: 0.0634
2020-02-10 06:40:49,918 Allocated:121.53369140625 MB
2020-02-10 06:40:49,919 Cached:9991.625 MB
2020-02-10 06:42:32,582 ==> Epoch[14](100/553): Loss: 0.0817
2020-02-10 06:42:32,584 Allocated:121.28369140625 MB
2020-02-10 06:42:32,585 Cached:9991.625 MB
2020-02-10 06:44:15,624 ==> Epoch[14](150/553): Loss: 0.1388
2020-02-10 06:44:15,626 Allocated:121.28369140625 MB
2020-02-10 06:44:15,626 Cached:9991.625 MB
2020-02-10 06:45:26,026 ====> Building Cache
2020-02-10 06:45:26,026 feature cache--->>> /home/annora/NetVLAD/output/train_feat_cache3.hdf5
2020-02-10 06:46:42,966 Allocated:121.158203125 MB
2020-02-10 06:46:42,966 Cached:3049.125 MB
2020-02-10 06:47:52,702 ==> Epoch[14](200/553): Loss: 0.1985
2020-02-10 06:47:52,705 Allocated:121.28369140625 MB
2020-02-10 06:47:52,705 Cached:5338.625 MB
2020-02-10 06:49:42,467 ==> Epoch[14](250/553): Loss: 0.2228
2020-02-10 06:49:42,469 Allocated:121.28369140625 MB
2020-02-10 06:49:42,469 Cached:6589.125 MB
2020-02-10 06:51:29,724 ==> Epoch[14](300/553): Loss: 0.2232
2020-02-10 06:51:29,726 Allocated:121.28369140625 MB
2020-02-10 06:51:29,726 Cached:6589.125 MB
2020-02-10 06:53:14,318 ==> Epoch[14](350/553): Loss: 0.1119
2020-02-10 06:53:14,320 Allocated:121.40869140625 MB
2020-02-10 06:53:14,320 Cached:6589.125 MB
2020-02-10 06:53:55,469 ====> Building Cache
2020-02-10 06:53:55,470 feature cache--->>> /home/annora/NetVLAD/output/train_feat_cache3.hdf5
2020-02-10 06:55:10,102 Allocated:122.283203125 MB
2020-02-10 06:55:10,103 Cached:3560.625 MB
2020-02-10 06:56:59,903 ==> Epoch[14](400/553): Loss: 0.0542
2020-02-10 06:56:59,906 Allocated:122.03369140625 MB
2020-02-10 06:56:59,906 Cached:7450.625 MB
2020-02-10 06:59:05,593 ==> Epoch[14](450/553): Loss: 0.0809
2020-02-10 06:59:05,595 Allocated:121.28369140625 MB
2020-02-10 06:59:05,596 Cached:7450.625 MB
2020-02-10 07:01:00,477 ==> Epoch[14](500/553): Loss: 0.0675
2020-02-10 07:01:00,480 Allocated:122.53369140625 MB
2020-02-10 07:01:00,480 Cached:7450.625 MB
2020-02-10 07:02:58,248 ==> Epoch[14](550/553): Loss: 0.0762
2020-02-10 07:02:58,250 Allocated:121.28369140625 MB
2020-02-10 07:02:58,250 Cached:7450.625 MB
2020-02-10 07:03:11,887 ===> Epoch 14 Complete: Avg. Loss: 0.1270
2020-02-10 07:03:11,889 ====> Extracting Features
2020-02-10 07:03:44,344 ==> Batch (50/108)
2020-02-10 07:04:03,675 ==> Batch (100/108)
2020-02-10 07:04:07,689 ====> Building faiss index
2020-02-10 07:04:08,019 ====> Calculating recall @ N
2020-02-10 07:04:10,307 ====> Recall@1: 0.4194
2020-02-10 07:04:10,307 ====> Recall@2: 0.4893
2020-02-10 07:04:10,308 ====> Recall@3: 0.5252
2020-02-10 07:04:10,308 ====> Recall@4: 0.5475
2020-02-10 07:04:10,308 ====> Recall@5: 0.5629
2020-02-10 07:04:10,309 ====> Recall@10: 0.6090
2020-02-10 07:04:10,309 ====> Recall@15: 0.6432
2020-02-10 07:04:10,309 ====> Recall@20: 0.6670
2020-02-10 07:04:10,309 ====> Recall@25: 0.6896
2020-02-10 07:04:10,719 ====> Building Cache
2020-02-10 07:04:10,720 feature cache--->>> /home/annora/NetVLAD/output/train_feat_cache3.hdf5
2020-02-10 07:05:25,109 Allocated:119.90869140625 MB
2020-02-10 07:05:25,109 Cached:4244.0 MB
2020-02-10 07:07:55,142 ==> Epoch[15](50/553): Loss: 0.1207
2020-02-10 07:07:55,144 Allocated:121.15869140625 MB
2020-02-10 07:07:55,144 Cached:4441.0 MB
2020-02-10 07:09:45,447 ==> Epoch[15](100/553): Loss: 0.0823
2020-02-10 07:09:45,449 Allocated:121.28369140625 MB
2020-02-10 07:09:45,450 Cached:4441.0 MB
2020-02-10 07:11:41,128 ==> Epoch[15](150/553): Loss: 0.0371
2020-02-10 07:11:41,130 Allocated:122.03369140625 MB
2020-02-10 07:11:41,130 Cached:4441.0 MB
2020-02-10 07:13:09,137 ====> Building Cache
2020-02-10 07:13:09,138 feature cache--->>> /home/annora/NetVLAD/output/train_feat_cache3.hdf5
2020-02-10 07:14:24,643 Allocated:121.533203125 MB
2020-02-10 07:14:24,644 Cached:3745.25 MB
2020-02-10 07:15:31,006 ==> Epoch[15](200/553): Loss: 0.0615
2020-02-10 07:15:31,009 Allocated:121.28369140625 MB
2020-02-10 07:15:31,009 Cached:3754.25 MB
2020-02-10 07:17:19,739 ==> Epoch[15](250/553): Loss: 0.2608
2020-02-10 07:17:19,742 Allocated:121.15869140625 MB
2020-02-10 07:17:19,742 Cached:6028.375 MB
2020-02-10 07:19:11,510 ==> Epoch[15](300/553): Loss: 0.1858
2020-02-10 07:19:11,512 Allocated:122.03369140625 MB
2020-02-10 07:19:11,512 Cached:9517.125 MB
2020-02-10 07:20:54,578 ==> Epoch[15](350/553): Loss: 0.0664
2020-02-10 07:20:54,580 Allocated:122.78369140625 MB
2020-02-10 07:20:54,580 Cached:3254.375 MB
2020-02-10 07:21:33,503 ====> Building Cache
2020-02-10 07:21:33,504 feature cache--->>> /home/annora/NetVLAD/output/train_feat_cache3.hdf5
2020-02-10 07:22:47,803 Allocated:122.033203125 MB
2020-02-10 07:22:47,804 Cached:2863.75 MB
2020-02-10 07:24:30,300 ==> Epoch[15](400/553): Loss: 0.1348
2020-02-10 07:24:30,302 Allocated:122.53369140625 MB
2020-02-10 07:24:30,302 Cached:5351.625 MB
2020-02-10 07:26:27,072 ==> Epoch[15](450/553): Loss: 0.0892
2020-02-10 07:26:27,074 Allocated:121.28369140625 MB
2020-02-10 07:26:27,074 Cached:9171.25 MB
2020-02-10 07:28:23,283 ==> Epoch[15](500/553): Loss: 0.0551
2020-02-10 07:28:23,285 Allocated:122.78369140625 MB
2020-02-10 07:28:23,286 Cached:4725.25 MB
2020-02-10 07:30:28,373 ==> Epoch[15](550/553): Loss: 0.0688
2020-02-10 07:30:28,374 Allocated:121.90869140625 MB
2020-02-10 07:30:28,374 Cached:6033.625 MB
2020-02-10 07:30:38,615 ===> Epoch 15 Complete: Avg. Loss: 0.0945
2020-02-10 07:30:38,616 ====> Extracting Features
2020-02-10 07:31:11,259 ==> Batch (50/108)
2020-02-10 07:31:30,808 ==> Batch (100/108)
2020-02-10 07:31:34,426 ====> Building faiss index
2020-02-10 07:31:34,772 ====> Calculating recall @ N
2020-02-10 07:31:37,139 ====> Recall@1: 0.4038
2020-02-10 07:31:37,140 ====> Recall@2: 0.4493
2020-02-10 07:31:37,140 ====> Recall@3: 0.4817
2020-02-10 07:31:37,140 ====> Recall@4: 0.5055
2020-02-10 07:31:37,140 ====> Recall@5: 0.5264
2020-02-10 07:31:37,141 ====> Recall@10: 0.5826
2020-02-10 07:31:37,141 ====> Recall@15: 0.6151
2020-02-10 07:31:37,141 ====> Recall@20: 0.6435
2020-02-10 07:31:37,141 ====> Recall@25: 0.6632
2020-02-10 07:31:37,568 ====> Building Cache
2020-02-10 07:31:37,569 feature cache--->>> /home/annora/NetVLAD/output/train_feat_cache3.hdf5
2020-02-10 07:32:56,727 Allocated:119.28369140625 MB
2020-02-10 07:32:56,727 Cached:2115.625 MB
2020-02-10 07:35:17,293 ==> Epoch[16](50/553): Loss: 0.0734
2020-02-10 07:35:17,295 Allocated:122.40869140625 MB
2020-02-10 07:35:17,295 Cached:3636.75 MB
2020-02-10 07:37:03,872 ==> Epoch[16](100/553): Loss: 0.1451
2020-02-10 07:37:03,875 Allocated:121.15869140625 MB
2020-02-10 07:37:03,875 Cached:3636.75 MB
2020-02-10 07:38:46,997 ==> Epoch[16](150/553): Loss: 0.1071
2020-02-10 07:38:46,999 Allocated:121.90869140625 MB
2020-02-10 07:38:46,999 Cached:3636.75 MB
2020-02-10 07:39:58,509 ====> Building Cache
2020-02-10 07:39:58,509 feature cache--->>> /home/annora/NetVLAD/output/train_feat_cache3.hdf5
2020-02-10 07:41:13,788 Allocated:123.033203125 MB
2020-02-10 07:41:13,789 Cached:3421.25 MB
2020-02-10 07:42:24,864 ==> Epoch[16](200/553): Loss: 0.0657
2020-02-10 07:42:24,867 Allocated:121.78369140625 MB
2020-02-10 07:42:24,868 Cached:7310.25 MB
2020-02-10 07:44:21,070 ==> Epoch[16](250/553): Loss: 0.0921
2020-02-10 07:44:21,076 Allocated:121.78369140625 MB
2020-02-10 07:44:21,076 Cached:7310.25 MB
2020-02-10 07:46:19,899 ==> Epoch[16](300/553): Loss: 0.0413
2020-02-10 07:46:19,902 Allocated:121.53369140625 MB
2020-02-10 07:46:19,902 Cached:7310.25 MB
2020-02-10 07:48:11,032 ==> Epoch[16](350/553): Loss: 0.0438
2020-02-10 07:48:11,035 Allocated:122.03369140625 MB
2020-02-10 07:48:11,035 Cached:7310.25 MB
2020-02-10 07:48:56,938 ====> Building Cache
2020-02-10 07:48:56,939 feature cache--->>> /home/annora/NetVLAD/output/train_feat_cache3.hdf5
2020-02-10 07:50:11,760 Allocated:122.533203125 MB
2020-02-10 07:50:11,761 Cached:3421.25 MB
2020-02-10 07:51:53,832 ==> Epoch[16](400/553): Loss: 0.1024
2020-02-10 07:51:53,835 Allocated:123.28369140625 MB
2020-02-10 07:51:53,835 Cached:5766.0 MB
2020-02-10 07:53:40,233 ==> Epoch[16](450/553): Loss: 0.0660
2020-02-10 07:53:40,235 Allocated:121.28369140625 MB
2020-02-10 07:53:40,235 Cached:8191.0 MB
2020-02-10 07:55:37,271 ==> Epoch[16](500/553): Loss: 0.1553
2020-02-10 07:55:37,273 Allocated:121.78369140625 MB
2020-02-10 07:55:37,273 Cached:8191.0 MB
2020-02-10 07:57:26,946 ==> Epoch[16](550/553): Loss: 0.0714
2020-02-10 07:57:26,948 Allocated:122.53369140625 MB
2020-02-10 07:57:26,948 Cached:8191.0 MB
2020-02-10 07:57:37,535 ===> Epoch 16 Complete: Avg. Loss: 0.0998
2020-02-10 07:57:37,537 ====> Extracting Features
2020-02-10 07:58:12,638 ==> Batch (50/108)
2020-02-10 07:58:34,321 ==> Batch (100/108)
2020-02-10 07:58:38,496 ====> Building faiss index
2020-02-10 07:58:38,824 ====> Calculating recall @ N
2020-02-10 07:58:41,188 ====> Recall@1: 0.3043
2020-02-10 07:58:41,189 ====> Recall@2: 0.3574
2020-02-10 07:58:41,189 ====> Recall@3: 0.3904
2020-02-10 07:58:41,189 ====> Recall@4: 0.4139
2020-02-10 07:58:41,190 ====> Recall@5: 0.4313
2020-02-10 07:58:41,190 ====> Recall@10: 0.4875
2020-02-10 07:58:41,190 ====> Recall@15: 0.5394
2020-02-10 07:58:41,190 ====> Recall@20: 0.5852
2020-02-10 07:58:41,191 ====> Recall@25: 0.6078
2020-02-10 07:58:41,623 ====> Building Cache
2020-02-10 07:58:41,623 feature cache--->>> /home/annora/NetVLAD/output/train_feat_cache3.hdf5
2020-02-10 07:59:56,349 Allocated:119.15869140625 MB
2020-02-10 07:59:56,350 Cached:4157.125 MB
2020-02-10 08:02:26,149 ==> Epoch[17](50/553): Loss: 0.0658
2020-02-10 08:02:26,151 Allocated:121.40869140625 MB
2020-02-10 08:02:26,152 Cached:4845.75 MB
2020-02-10 08:04:24,882 ==> Epoch[17](100/553): Loss: 0.0448
2020-02-10 08:04:24,885 Allocated:121.28369140625 MB
2020-02-10 08:04:24,885 Cached:6154.125 MB
2020-02-10 08:06:18,546 ==> Epoch[17](150/553): Loss: 0.0281
2020-02-10 08:06:18,549 Allocated:122.53369140625 MB
2020-02-10 08:06:18,549 Cached:6154.125 MB
2020-02-10 08:07:30,806 ====> Building Cache
2020-02-10 08:07:30,807 feature cache--->>> /home/annora/NetVLAD/output/train_feat_cache3.hdf5
2020-02-10 08:08:45,371 Allocated:121.408203125 MB
2020-02-10 08:08:45,372 Cached:2986.375 MB
2020-02-10 08:09:52,669 ==> Epoch[17](200/553): Loss: 0.0909
2020-02-10 08:09:52,671 Allocated:121.15869140625 MB
2020-02-10 08:09:52,671 Cached:6365.0 MB
2020-02-10 08:11:40,343 ==> Epoch[17](250/553): Loss: 0.0511
2020-02-10 08:11:40,345 Allocated:121.28369140625 MB
2020-02-10 08:11:40,345 Cached:6365.0 MB
2020-02-10 08:13:28,475 ==> Epoch[17](300/553): Loss: 0.2335
2020-02-10 08:13:28,477 Allocated:121.28369140625 MB
2020-02-10 08:13:28,477 Cached:7582.875 MB
2020-02-10 08:15:15,997 ==> Epoch[17](350/553): Loss: 0.1086
2020-02-10 08:15:15,999 Allocated:121.90869140625 MB
2020-02-10 08:15:15,999 Cached:7582.875 MB
2020-02-10 08:15:55,055 ====> Building Cache
2020-02-10 08:15:55,056 feature cache--->>> /home/annora/NetVLAD/output/train_feat_cache3.hdf5
2020-02-10 08:17:13,375 Allocated:122.408203125 MB
2020-02-10 08:17:13,375 Cached:2986.375 MB
2020-02-10 08:19:01,527 ==> Epoch[17](400/553): Loss: 0.0618
2020-02-10 08:19:01,529 Allocated:122.53369140625 MB
2020-02-10 08:19:01,529 Cached:8164.25 MB
2020-02-10 08:21:07,423 ==> Epoch[17](450/553): Loss: 0.1003
2020-02-10 08:21:07,425 Allocated:122.03369140625 MB
2020-02-10 08:21:07,425 Cached:8164.25 MB
2020-02-10 08:23:02,225 ==> Epoch[17](500/553): Loss: 0.0185
2020-02-10 08:23:02,227 Allocated:121.15869140625 MB
2020-02-10 08:23:02,227 Cached:8164.25 MB
2020-02-10 08:24:55,750 ==> Epoch[17](550/553): Loss: 0.0301
2020-02-10 08:24:55,753 Allocated:122.03369140625 MB
2020-02-10 08:24:55,753 Cached:8164.25 MB
2020-02-10 08:25:06,180 ===> Epoch 17 Complete: Avg. Loss: 0.0951
2020-02-10 08:25:06,181 ====> Extracting Features
2020-02-10 08:25:38,493 ==> Batch (50/108)
2020-02-10 08:25:58,043 ==> Batch (100/108)
2020-02-10 08:26:01,911 ====> Building faiss index
2020-02-10 08:26:02,244 ====> Calculating recall @ N
2020-02-10 08:26:04,577 ====> Recall@1: 0.3629
2020-02-10 08:26:04,577 ====> Recall@2: 0.4122
2020-02-10 08:26:04,578 ====> Recall@3: 0.4510
2020-02-10 08:26:04,578 ====> Recall@4: 0.4739
2020-02-10 08:26:04,578 ====> Recall@5: 0.4933
2020-02-10 08:26:04,578 ====> Recall@10: 0.5574
2020-02-10 08:26:04,578 ====> Recall@15: 0.6023
2020-02-10 08:26:04,578 ====> Recall@20: 0.6264
2020-02-10 08:26:04,579 ====> Recall@25: 0.6417
2020-02-10 08:26:05,022 ====> Building Cache
2020-02-10 08:26:05,023 feature cache--->>> /home/annora/NetVLAD/output/train_feat_cache3.hdf5
2020-02-10 08:27:20,235 Allocated:119.90869140625 MB
2020-02-10 08:27:20,236 Cached:4342.25 MB
2020-02-10 08:29:53,724 ==> Epoch[18](50/553): Loss: 0.0100
2020-02-10 08:29:53,726 Allocated:122.65869140625 MB
2020-02-10 08:29:53,726 Cached:6695.375 MB
2020-02-10 08:31:43,240 ==> Epoch[18](100/553): Loss: 0.1377
2020-02-10 08:31:43,242 Allocated:121.90869140625 MB
2020-02-10 08:31:43,242 Cached:6695.375 MB
2020-02-10 08:33:25,813 ==> Epoch[18](150/553): Loss: 0.0360
2020-02-10 08:33:25,815 Allocated:121.28369140625 MB
2020-02-10 08:33:25,815 Cached:6695.375 MB
2020-02-10 08:34:43,381 ====> Building Cache
2020-02-10 08:34:43,381 feature cache--->>> /home/annora/NetVLAD/output/train_feat_cache3.hdf5
2020-02-10 08:35:58,681 Allocated:121.533203125 MB
2020-02-10 08:35:58,681 Cached:2986.375 MB
2020-02-10 08:37:10,438 ==> Epoch[18](200/553): Loss: 0.1372
2020-02-10 08:37:10,441 Allocated:121.15869140625 MB
2020-02-10 08:37:10,441 Cached:5263.125 MB
2020-02-10 08:39:02,896 ==> Epoch[18](250/553): Loss: 0.1498
2020-02-10 08:39:02,899 Allocated:121.15869140625 MB
2020-02-10 08:39:02,899 Cached:6463.875 MB
2020-02-10 08:40:53,808 ==> Epoch[18](300/553): Loss: 0.1515
2020-02-10 08:40:53,811 Allocated:121.78369140625 MB
2020-02-10 08:40:53,811 Cached:6463.875 MB
2020-02-10 08:42:42,352 ==> Epoch[18](350/553): Loss: 0.0740
2020-02-10 08:42:42,358 Allocated:121.15869140625 MB
2020-02-10 08:42:42,358 Cached:7675.375 MB
2020-02-10 08:43:23,220 ====> Building Cache
2020-02-10 08:43:23,220 feature cache--->>> /home/annora/NetVLAD/output/train_feat_cache3.hdf5
2020-02-10 08:44:39,175 Allocated:122.283203125 MB
2020-02-10 08:44:39,176 Cached:3389.25 MB
2020-02-10 08:46:22,219 ==> Epoch[18](400/553): Loss: 0.1935
2020-02-10 08:46:22,222 Allocated:121.15869140625 MB
2020-02-10 08:46:22,222 Cached:8110.0 MB
2020-02-10 08:48:10,730 ==> Epoch[18](450/553): Loss: 0.0822
2020-02-10 08:48:10,732 Allocated:122.03369140625 MB
2020-02-10 08:48:10,732 Cached:9338.375 MB
2020-02-10 08:50:09,146 ==> Epoch[18](500/553): Loss: 0.1707
2020-02-10 08:50:09,148 Allocated:122.28369140625 MB
2020-02-10 08:50:09,148 Cached:9338.375 MB
2020-02-10 08:51:52,260 ==> Epoch[18](550/553): Loss: 0.1407
2020-02-10 08:51:52,261 Allocated:122.28369140625 MB
2020-02-10 08:51:52,262 Cached:9338.375 MB
2020-02-10 08:52:02,447 ===> Epoch 18 Complete: Avg. Loss: 0.1130
2020-02-10 08:52:02,448 ====> Extracting Features
2020-02-10 08:52:34,558 ==> Batch (50/108)
2020-02-10 08:52:55,217 ==> Batch (100/108)
2020-02-10 08:52:59,997 ====> Building faiss index
2020-02-10 08:53:00,324 ====> Calculating recall @ N
2020-02-10 08:53:02,579 ====> Recall@1: 0.4710
2020-02-10 08:53:02,579 ====> Recall@2: 0.5188
2020-02-10 08:53:02,580 ====> Recall@3: 0.5461
2020-02-10 08:53:02,580 ====> Recall@4: 0.5757
2020-02-10 08:53:02,580 ====> Recall@5: 0.5936
2020-02-10 08:53:02,581 ====> Recall@10: 0.6420
2020-02-10 08:53:02,581 ====> Recall@15: 0.6716
2020-02-10 08:53:02,581 ====> Recall@20: 0.6896
2020-02-10 08:53:02,581 ====> Recall@25: 0.7064
2020-02-10 08:53:03,021 ====> Building Cache
2020-02-10 08:53:03,022 feature cache--->>> /home/annora/NetVLAD/output/train_feat_cache3.hdf5
2020-02-10 08:54:17,377 Allocated:119.15869140625 MB
2020-02-10 08:54:17,378 Cached:4303.875 MB
2020-02-10 08:56:36,422 ==> Epoch[19](50/553): Loss: 0.1617
2020-02-10 08:56:36,424 Allocated:122.03369140625 MB
2020-02-10 08:56:36,424 Cached:7775.0 MB
2020-02-10 08:58:18,251 ==> Epoch[19](100/553): Loss: 0.1890
2020-02-10 08:58:18,253 Allocated:121.28369140625 MB
2020-02-10 08:58:18,253 Cached:7775.0 MB
2020-02-10 09:00:07,155 ==> Epoch[19](150/553): Loss: 0.1763
2020-02-10 09:00:07,158 Allocated:121.53369140625 MB
2020-02-10 09:00:07,158 Cached:7775.0 MB
2020-02-10 09:01:18,637 ====> Building Cache
2020-02-10 09:01:18,637 feature cache--->>> /home/annora/NetVLAD/output/train_feat_cache3.hdf5
2020-02-10 09:02:36,593 Allocated:121.158203125 MB
2020-02-10 09:02:36,594 Cached:3390.25 MB
2020-02-10 09:03:46,656 ==> Epoch[19](200/553): Loss: 0.0571
2020-02-10 09:03:46,658 Allocated:122.03369140625 MB
2020-02-10 09:03:46,658 Cached:7103.5 MB
2020-02-10 09:05:36,200 ==> Epoch[19](250/553): Loss: 0.1112
2020-02-10 09:05:36,202 Allocated:121.28369140625 MB
2020-02-10 09:05:36,202 Cached:5707.875 MB
2020-02-10 09:07:37,969 ==> Epoch[19](300/553): Loss: 0.1565
2020-02-10 09:07:37,970 Allocated:122.03369140625 MB
2020-02-10 09:07:37,971 Cached:5707.875 MB
2020-02-10 09:09:29,895 ==> Epoch[19](350/553): Loss: 0.1178
2020-02-10 09:09:29,897 Allocated:121.28369140625 MB
2020-02-10 09:09:29,897 Cached:5707.875 MB
2020-02-10 09:10:19,341 ====> Building Cache
2020-02-10 09:10:19,341 feature cache--->>> /home/annora/NetVLAD/output/train_feat_cache3.hdf5
2020-02-10 09:11:35,372 Allocated:121.533203125 MB
2020-02-10 09:11:35,372 Cached:3389.25 MB
2020-02-10 09:13:19,533 ==> Epoch[19](400/553): Loss: 0.1170
2020-02-10 09:13:19,535 Allocated:122.03369140625 MB
2020-02-10 09:13:19,536 Cached:8567.125 MB
2020-02-10 09:15:10,776 ==> Epoch[19](450/553): Loss: 0.0980
2020-02-10 09:15:10,778 Allocated:121.15869140625 MB
2020-02-10 09:15:10,778 Cached:8567.125 MB
2020-02-10 09:17:03,874 ==> Epoch[19](500/553): Loss: 0.0372
2020-02-10 09:17:03,876 Allocated:121.28369140625 MB
2020-02-10 09:17:03,876 Cached:8567.125 MB
2020-02-10 09:18:56,709 ==> Epoch[19](550/553): Loss: 0.0644
2020-02-10 09:18:56,713 Allocated:121.28369140625 MB
2020-02-10 09:18:56,713 Cached:8567.125 MB
2020-02-10 09:19:07,089 ===> Epoch 19 Complete: Avg. Loss: 0.1084
2020-02-10 09:19:07,090 ====> Extracting Features
2020-02-10 09:19:39,966 ==> Batch (50/108)
2020-02-10 09:19:59,748 ==> Batch (100/108)
2020-02-10 09:20:03,799 ====> Building faiss index
2020-02-10 09:20:04,128 ====> Calculating recall @ N
2020-02-10 09:20:06,689 ====> Recall@1: 0.3128
2020-02-10 09:20:06,690 ====> Recall@2: 0.3643
2020-02-10 09:20:06,691 ====> Recall@3: 0.4006
2020-02-10 09:20:06,691 ====> Recall@4: 0.4220
2020-02-10 09:20:06,691 ====> Recall@5: 0.4435
2020-02-10 09:20:06,691 ====> Recall@10: 0.5061
2020-02-10 09:20:06,692 ====> Recall@15: 0.5443
2020-02-10 09:20:06,692 ====> Recall@20: 0.5742
2020-02-10 09:20:06,692 ====> Recall@25: 0.6003
2020-02-10 09:20:07,101 ====> Building Cache
2020-02-10 09:20:07,102 feature cache--->>> /home/annora/NetVLAD/output/train_feat_cache3.hdf5
2020-02-10 09:21:23,318 Allocated:119.15869140625 MB
2020-02-10 09:21:23,318 Cached:4244.0 MB
2020-02-10 09:24:01,921 ==> Epoch[20](50/553): Loss: 0.0245
2020-02-10 09:24:01,923 Allocated:121.65869140625 MB
2020-02-10 09:24:01,924 Cached:8991.25 MB
2020-02-10 09:25:56,326 ==> Epoch[20](100/553): Loss: 0.1291
2020-02-10 09:25:56,328 Allocated:121.53369140625 MB
2020-02-10 09:25:56,328 Cached:6809.75 MB
2020-02-10 09:28:07,206 ==> Epoch[20](150/553): Loss: 0.0033
2020-02-10 09:28:07,208 Allocated:121.53369140625 MB
2020-02-10 09:28:07,208 Cached:6809.75 MB
2020-02-10 09:29:22,537 ====> Building Cache
2020-02-10 09:29:22,538 feature cache--->>> /home/annora/NetVLAD/output/train_feat_cache3.hdf5
2020-02-10 09:30:38,038 Allocated:122.033203125 MB
2020-02-10 09:30:38,039 Cached:2828.625 MB
2020-02-10 09:31:45,581 ==> Epoch[20](200/553): Loss: 0.2552
2020-02-10 09:31:45,582 Allocated:121.53369140625 MB
2020-02-10 09:31:45,583 Cached:3989.5 MB
2020-02-10 09:33:31,638 ==> Epoch[20](250/553): Loss: 0.1115
2020-02-10 09:33:31,640 Allocated:122.15869140625 MB
2020-02-10 09:33:31,640 Cached:7491.125 MB
2020-02-10 09:35:14,352 ==> Epoch[20](300/553): Loss: 0.3430
2020-02-10 09:35:14,354 Allocated:122.03369140625 MB
2020-02-10 09:35:14,355 Cached:7491.125 MB
2020-02-10 09:36:54,852 ==> Epoch[20](350/553): Loss: 0.1387
2020-02-10 09:36:54,854 Allocated:121.90869140625 MB
2020-02-10 09:36:54,854 Cached:7491.125 MB
2020-02-10 09:37:33,575 ====> Building Cache
2020-02-10 09:37:33,575 feature cache--->>> /home/annora/NetVLAD/output/train_feat_cache3.hdf5
2020-02-10 09:38:48,991 Allocated:121.533203125 MB
2020-02-10 09:38:48,992 Cached:3389.25 MB
2020-02-10 09:40:35,100 ==> Epoch[20](400/553): Loss: 0.0415
2020-02-10 09:40:35,103 Allocated:121.53369140625 MB
2020-02-10 09:40:35,103 Cached:9411.875 MB
2020-02-10 09:42:29,833 ==> Epoch[20](450/553): Loss: 0.0227
2020-02-10 09:42:29,835 Allocated:121.40869140625 MB
2020-02-10 09:42:29,836 Cached:5727.5 MB
2020-02-10 09:44:24,061 ==> Epoch[20](500/553): Loss: 0.0290
2020-02-10 09:44:24,063 Allocated:122.03369140625 MB
2020-02-10 09:44:24,063 Cached:9547.125 MB
2020-02-10 09:46:21,905 ==> Epoch[20](550/553): Loss: 0.0713
2020-02-10 09:46:21,907 Allocated:121.78369140625 MB
2020-02-10 09:46:21,907 Cached:9547.125 MB
2020-02-10 09:46:32,194 ===> Epoch 20 Complete: Avg. Loss: 0.0923
2020-02-10 09:46:32,196 ====> Extracting Features
2020-02-10 09:47:04,807 ==> Batch (50/108)
2020-02-10 09:47:26,641 ==> Batch (100/108)
2020-02-10 09:47:31,381 ====> Building faiss index
2020-02-10 09:47:31,722 ====> Calculating recall @ N
2020-02-10 09:47:34,153 ====> Recall@1: 0.4017
2020-02-10 09:47:34,154 ====> Recall@2: 0.4681
2020-02-10 09:47:34,154 ====> Recall@3: 0.5014
2020-02-10 09:47:34,155 ====> Recall@4: 0.5229
2020-02-10 09:47:34,155 ====> Recall@5: 0.5391
2020-02-10 09:47:34,155 ====> Recall@10: 0.5820
2020-02-10 09:47:34,155 ====> Recall@15: 0.6119
2020-02-10 09:47:34,155 ====> Recall@20: 0.6383
2020-02-10 09:47:34,155 ====> Recall@25: 0.6606
2020-02-10 09:47:34,575 ====> Building Cache
2020-02-10 09:47:34,576 feature cache--->>> /home/annora/NetVLAD/output/train_feat_cache3.hdf5
2020-02-10 09:48:51,452 Allocated:120.28369140625 MB
2020-02-10 09:48:51,453 Cached:4303.875 MB
2020-02-10 09:51:11,990 ==> Epoch[21](50/553): Loss: 0.0238
2020-02-10 09:51:11,992 Allocated:122.15869140625 MB
2020-02-10 09:51:11,993 Cached:5492.25 MB
2020-02-10 09:52:57,170 ==> Epoch[21](100/553): Loss: 0.1663
2020-02-10 09:52:57,171 Allocated:122.28369140625 MB
2020-02-10 09:52:57,172 Cached:5492.25 MB
2020-02-10 09:54:40,325 ==> Epoch[21](150/553): Loss: 0.2130
2020-02-10 09:54:40,326 Allocated:121.90869140625 MB
2020-02-10 09:54:40,327 Cached:5492.25 MB
2020-02-10 09:56:00,312 ====> Building Cache
2020-02-10 09:56:00,313 feature cache--->>> /home/annora/NetVLAD/output/train_feat_cache3.hdf5
2020-02-10 09:57:16,056 Allocated:121.158203125 MB
2020-02-10 09:57:16,056 Cached:3389.25 MB
2020-02-10 09:58:24,547 ==> Epoch[21](200/553): Loss: 0.0982
2020-02-10 09:58:24,550 Allocated:121.65869140625 MB
2020-02-10 09:58:24,550 Cached:4639.25 MB
2020-02-10 10:00:09,652 ==> Epoch[21](250/553): Loss: 0.1472
2020-02-10 10:00:09,654 Allocated:122.03369140625 MB
2020-02-10 10:00:09,654 Cached:4639.25 MB
