2020-02-02 13:27:54,388 Namespace(arch='alexnet', batchSize=12, cacheBatchSize=96, cachePath='/home/annora/NetVLAD/output/', cacheRefreshRate=3000, ckpt='best', contilearn=True, dataPath='/home/annora/NetVLAD/output/data/', dataset='robotcar', evalEvery=1, fromscratch=False, fromtask='', lr=0.1, lrGamma=0.5, lrStep=5, margin=0.1, mode='train', momentum=0.9, nEpochs=30, nGPU=1, nocuda=False, num_clusters=64, optim='SGD', patience=10, pooling='max', premodel='places', resume='', runsPath='/home/annora/NetVLAD/output/runs/', savePath='checkpoints', seed=123, split='val', start_epoch=0, threads=8, vladv2=False, weightDecay=0.001)
2020-02-02 13:27:54,453 ===> Loading dataset(s)
2020-02-02 13:27:54,453 trainfile ------>>>>>> oxRobocar_single_train.mat
2020-02-02 13:27:57,270 ====> Training set: oxRobocar_single_train.mat, query set count: 6636
2020-02-02 13:27:57,372 ===> Evaluating on val set: oxRobocar_single_val.mat, query count: 3450
2020-02-02 13:27:57,372 ===> Building model
2020-02-02 13:27:57,422 encoder moder:
AlexNet(
  (conv1): Sequential(
    (0): Conv2d(3, 64, kernel_size=(11, 11), stride=(4, 4), padding=(2, 2))
    (1): ReLU(inplace)
    (2): MaxPool2d(kernel_size=3, stride=2, padding=0, dilation=1, ceil_mode=False)
  )
  (conv2): Sequential(
    (0): Conv2d(64, 192, kernel_size=(5, 5), stride=(1, 1), padding=(2, 2))
    (1): ReLU(inplace)
    (2): MaxPool2d(kernel_size=3, stride=2, padding=0, dilation=1, ceil_mode=False)
  )
  (conv3): Sequential(
    (0): Conv2d(192, 384, kernel_size=(3, 3), stride=(1, 1), padding=(1, 1))
    (1): ReLU(inplace)
  )
  (conv4): Sequential(
    (0): Conv2d(384, 256, kernel_size=(3, 3), stride=(1, 1), padding=(1, 1))
    (1): ReLU(inplace)
  )
  (conv5): Sequential(
    (0): Conv2d(256, 256, kernel_size=(3, 3), stride=(1, 1), padding=(1, 1))
  )
)
2020-02-02 13:28:02,369 ===> Training model
2020-02-02 13:28:02,372 ===> Saving state to: /home/annora/NetVLAD/output/runs/2020-02-02-13-28-02_alexnet_max
2020-02-02 13:28:02,428 ====> Building Cache
2020-02-02 13:28:02,428 feature cache--->>> /home/annora/NetVLAD/output/train_feat_cache2.hdf5
2020-02-02 13:29:44,672 Allocated:99.34619140625 MB
2020-02-02 13:29:44,673 Cached:2864.375 MB
2020-02-02 13:32:32,937 ==> Epoch[1](50/553): Loss: 0.1211
2020-02-02 13:32:32,939 Allocated:121.28369140625 MB
2020-02-02 13:32:32,940 Cached:6741.375 MB
2020-02-02 13:34:27,270 ==> Epoch[1](100/553): Loss: 0.0961
2020-02-02 13:34:27,271 Allocated:120.53369140625 MB
2020-02-02 13:34:27,272 Cached:6741.375 MB
2020-02-02 13:36:27,781 ==> Epoch[1](150/553): Loss: 0.1033
2020-02-02 13:36:27,783 Allocated:121.53369140625 MB
2020-02-02 13:36:27,783 Cached:6741.375 MB
2020-02-02 13:37:50,997 ====> Building Cache
2020-02-02 13:37:50,998 feature cache--->>> /home/annora/NetVLAD/output/train_feat_cache2.hdf5
2020-02-02 13:39:27,614 Allocated:121.283203125 MB
2020-02-02 13:39:27,615 Cached:2919.5 MB
2020-02-02 13:40:50,058 ==> Epoch[1](200/553): Loss: 0.1911
2020-02-02 13:40:50,059 Allocated:121.28369140625 MB
2020-02-02 13:40:50,059 Cached:6794.5 MB
2020-02-02 13:42:46,082 ==> Epoch[1](250/553): Loss: 0.1741
2020-02-02 13:42:46,084 Allocated:120.53369140625 MB
2020-02-02 13:42:46,084 Cached:6794.5 MB
2020-02-02 13:44:46,029 ==> Epoch[1](300/553): Loss: 0.1987
2020-02-02 13:44:46,030 Allocated:121.53369140625 MB
2020-02-02 13:44:46,030 Cached:6794.5 MB
2020-02-02 13:46:41,543 ==> Epoch[1](350/553): Loss: 0.1541
2020-02-02 13:46:41,545 Allocated:121.28369140625 MB
2020-02-02 13:46:41,545 Cached:6794.5 MB
2020-02-02 13:47:28,740 ====> Building Cache
2020-02-02 13:47:28,742 feature cache--->>> /home/annora/NetVLAD/output/train_feat_cache2.hdf5
2020-02-02 13:49:14,364 Allocated:120.533203125 MB
2020-02-02 13:49:14,365 Cached:2919.5 MB
2020-02-02 13:51:02,603 ==> Epoch[1](400/553): Loss: 0.1858
2020-02-02 13:51:02,605 Allocated:120.53369140625 MB
2020-02-02 13:51:02,605 Cached:6793.5 MB
2020-02-02 13:53:04,608 ==> Epoch[1](450/553): Loss: 0.1459
2020-02-02 13:53:04,609 Allocated:121.53369140625 MB
2020-02-02 13:53:04,610 Cached:6793.5 MB
2020-02-02 13:54:56,004 ==> Epoch[1](500/553): Loss: 0.1278
2020-02-02 13:54:56,005 Allocated:121.28369140625 MB
2020-02-02 13:54:56,005 Cached:6793.5 MB
2020-02-02 13:56:54,425 ==> Epoch[1](550/553): Loss: 0.1038
2020-02-02 13:56:54,426 Allocated:120.53369140625 MB
2020-02-02 13:56:54,426 Cached:6793.5 MB
2020-02-02 13:57:07,022 ===> Epoch 1 Complete: Avg. Loss: 0.1508
2020-02-02 13:57:07,024 ====> Extracting Features
2020-02-02 13:57:50,287 ==> Batch (50/108)
2020-02-02 13:58:13,192 ==> Batch (100/108)
2020-02-02 13:58:17,685 ====> Building faiss index
2020-02-02 13:58:17,688 ====> Calculating recall @ N
2020-02-02 13:58:18,146 ====> Recall@1: 0.7217
2020-02-02 13:58:18,147 ====> Recall@2: 0.7429
2020-02-02 13:58:18,147 ====> Recall@3: 0.7522
2020-02-02 13:58:18,148 ====> Recall@4: 0.7603
2020-02-02 13:58:18,148 ====> Recall@5: 0.7652
2020-02-02 13:58:18,148 ====> Recall@10: 0.7806
2020-02-02 13:58:18,148 ====> Recall@15: 0.7881
2020-02-02 13:58:18,148 ====> Recall@20: 0.7965
2020-02-02 13:58:18,148 ====> Recall@25: 0.8020
2020-02-02 13:58:18,396 ====> Building Cache
2020-02-02 13:58:18,397 feature cache--->>> /home/annora/NetVLAD/output/train_feat_cache2.hdf5
2020-02-02 14:00:02,229 Allocated:119.53369140625 MB
2020-02-02 14:00:02,230 Cached:4192.625 MB
2020-02-02 14:02:41,284 ==> Epoch[2](50/553): Loss: 0.0230
2020-02-02 14:02:41,285 Allocated:122.65869140625 MB
2020-02-02 14:02:41,285 Cached:2657.0 MB
2020-02-02 14:04:35,488 ==> Epoch[2](100/553): Loss: 0.0955
2020-02-02 14:04:35,489 Allocated:121.53369140625 MB
2020-02-02 14:04:35,490 Cached:3937.125 MB
2020-02-02 14:06:32,616 ==> Epoch[2](150/553): Loss: 0.0472
2020-02-02 14:06:32,618 Allocated:121.53369140625 MB
2020-02-02 14:06:32,618 Cached:6532.75 MB
2020-02-02 14:07:49,713 ====> Building Cache
2020-02-02 14:07:49,714 feature cache--->>> /home/annora/NetVLAD/output/train_feat_cache2.hdf5
2020-02-02 14:09:28,710 Allocated:121.533203125 MB
2020-02-02 14:09:28,710 Cached:2919.5 MB
2020-02-02 14:10:43,815 ==> Epoch[2](200/553): Loss: 0.0124
2020-02-02 14:10:43,816 Allocated:120.65869140625 MB
2020-02-02 14:10:43,817 Cached:2920.5 MB
2020-02-02 14:12:34,180 ==> Epoch[2](250/553): Loss: 0.2121
2020-02-02 14:12:34,182 Allocated:121.78369140625 MB
2020-02-02 14:12:34,182 Cached:4052.25 MB
2020-02-02 14:14:22,514 ==> Epoch[2](300/553): Loss: 0.1146
2020-02-02 14:14:22,516 Allocated:121.15869140625 MB
2020-02-02 14:14:22,516 Cached:5222.25 MB
2020-02-02 14:16:09,637 ==> Epoch[2](350/553): Loss: 0.0233
2020-02-02 14:16:09,639 Allocated:120.53369140625 MB
2020-02-02 14:16:09,639 Cached:5222.25 MB
2020-02-02 14:16:48,471 ====> Building Cache
2020-02-02 14:16:48,472 feature cache--->>> /home/annora/NetVLAD/output/train_feat_cache2.hdf5
2020-02-02 14:18:26,938 Allocated:120.533203125 MB
2020-02-02 14:18:26,938 Cached:2950.75 MB
2020-02-02 14:20:18,663 ==> Epoch[2](400/553): Loss: 0.0428
2020-02-02 14:20:18,665 Allocated:121.03369140625 MB
2020-02-02 14:20:18,665 Cached:6449.0 MB
2020-02-02 14:22:13,030 ==> Epoch[2](450/553): Loss: 0.0537
2020-02-02 14:22:13,032 Allocated:122.03369140625 MB
2020-02-02 14:22:13,033 Cached:6449.0 MB
2020-02-02 14:24:08,953 ==> Epoch[2](500/553): Loss: 0.0288
2020-02-02 14:24:08,955 Allocated:121.53369140625 MB
2020-02-02 14:24:08,955 Cached:10064.25 MB
2020-02-02 14:25:55,830 ==> Epoch[2](550/553): Loss: 0.0497
2020-02-02 14:25:55,831 Allocated:121.53369140625 MB
2020-02-02 14:25:55,832 Cached:10064.25 MB
2020-02-02 14:26:06,325 ===> Epoch 2 Complete: Avg. Loss: 0.0687
2020-02-02 14:26:06,326 ====> Extracting Features
2020-02-02 14:26:51,550 ==> Batch (50/108)
2020-02-02 14:27:25,888 ==> Batch (100/108)
2020-02-02 14:27:30,063 ====> Building faiss index
2020-02-02 14:27:30,066 ====> Calculating recall @ N
2020-02-02 14:27:30,568 ====> Recall@1: 0.7397
2020-02-02 14:27:30,568 ====> Recall@2: 0.7522
2020-02-02 14:27:30,569 ====> Recall@3: 0.7588
2020-02-02 14:27:30,569 ====> Recall@4: 0.7626
2020-02-02 14:27:30,569 ====> Recall@5: 0.7655
2020-02-02 14:27:30,569 ====> Recall@10: 0.7736
2020-02-02 14:27:30,570 ====> Recall@15: 0.7832
2020-02-02 14:27:30,570 ====> Recall@20: 0.7991
2020-02-02 14:27:30,570 ====> Recall@25: 0.8041
2020-02-02 14:27:31,443 ====> Building Cache
2020-02-02 14:27:31,444 feature cache--->>> /home/annora/NetVLAD/output/train_feat_cache2.hdf5
2020-02-02 14:29:12,894 Allocated:119.53369140625 MB
2020-02-02 14:29:12,894 Cached:4277.0 MB
2020-02-02 14:31:43,856 ==> Epoch[3](50/553): Loss: 0.0074
2020-02-02 14:31:43,858 Allocated:121.53369140625 MB
2020-02-02 14:31:43,858 Cached:4278.0 MB
2020-02-02 14:33:44,260 ==> Epoch[3](100/553): Loss: 0.0609
2020-02-02 14:33:44,263 Allocated:120.65869140625 MB
2020-02-02 14:33:44,264 Cached:5417.125 MB
2020-02-02 14:35:39,707 ==> Epoch[3](150/553): Loss: 0.0220
2020-02-02 14:35:39,708 Allocated:120.53369140625 MB
2020-02-02 14:35:39,709 Cached:5417.125 MB
2020-02-02 14:36:55,191 ====> Building Cache
2020-02-02 14:36:55,192 feature cache--->>> /home/annora/NetVLAD/output/train_feat_cache2.hdf5
2020-02-02 14:38:25,053 Allocated:121.533203125 MB
2020-02-02 14:38:25,053 Cached:2919.5 MB
2020-02-02 14:39:34,631 ==> Epoch[3](200/553): Loss: 0.1688
2020-02-02 14:39:34,633 Allocated:120.65869140625 MB
2020-02-02 14:39:34,633 Cached:2920.5 MB
2020-02-02 14:41:22,663 ==> Epoch[3](250/553): Loss: 0.2022
2020-02-02 14:41:22,664 Allocated:120.53369140625 MB
2020-02-02 14:41:22,665 Cached:4052.25 MB
2020-02-02 14:43:12,194 ==> Epoch[3](300/553): Loss: 0.0186
2020-02-02 14:43:12,196 Allocated:120.78369140625 MB
2020-02-02 14:43:12,196 Cached:4052.25 MB
2020-02-02 14:45:06,106 ==> Epoch[3](350/553): Loss: 0.1678
2020-02-02 14:45:06,107 Allocated:121.15869140625 MB
2020-02-02 14:45:06,108 Cached:4052.25 MB
2020-02-02 14:45:50,236 ====> Building Cache
2020-02-02 14:45:50,237 feature cache--->>> /home/annora/NetVLAD/output/train_feat_cache2.hdf5
2020-02-02 14:47:18,394 Allocated:121.533203125 MB
2020-02-02 14:47:18,395 Cached:2919.5 MB
2020-02-02 14:49:15,033 ==> Epoch[3](400/553): Loss: 0.0305
2020-02-02 14:49:15,034 Allocated:121.53369140625 MB
2020-02-02 14:49:15,034 Cached:4291.5 MB
2020-02-02 14:51:15,387 ==> Epoch[3](450/553): Loss: 0.0200
2020-02-02 14:51:15,389 Allocated:121.28369140625 MB
2020-02-02 14:51:15,389 Cached:4291.5 MB
2020-02-02 14:53:21,776 ==> Epoch[3](500/553): Loss: 0.0357
2020-02-02 14:53:21,778 Allocated:121.53369140625 MB
2020-02-02 14:53:21,778 Cached:4291.5 MB
2020-02-02 14:55:30,048 ==> Epoch[3](550/553): Loss: 0.0264
2020-02-02 14:55:30,049 Allocated:120.78369140625 MB
2020-02-02 14:55:30,050 Cached:4291.5 MB
2020-02-02 14:55:41,915 ===> Epoch 3 Complete: Avg. Loss: 0.0771
2020-02-02 14:55:41,917 ====> Extracting Features
2020-02-02 14:56:32,077 ==> Batch (50/108)
2020-02-02 14:57:01,770 ==> Batch (100/108)
2020-02-02 14:57:05,727 ====> Building faiss index
2020-02-02 14:57:05,731 ====> Calculating recall @ N
2020-02-02 14:57:06,265 ====> Recall@1: 0.6380
2020-02-02 14:57:06,266 ====> Recall@2: 0.6901
2020-02-02 14:57:06,266 ====> Recall@3: 0.7096
2020-02-02 14:57:06,266 ====> Recall@4: 0.7200
2020-02-02 14:57:06,267 ====> Recall@5: 0.7267
2020-02-02 14:57:06,267 ====> Recall@10: 0.7452
2020-02-02 14:57:06,267 ====> Recall@15: 0.7522
2020-02-02 14:57:06,267 ====> Recall@20: 0.7577
2020-02-02 14:57:06,267 ====> Recall@25: 0.7612
2020-02-02 14:57:06,652 ====> Building Cache
2020-02-02 14:57:06,653 feature cache--->>> /home/annora/NetVLAD/output/train_feat_cache2.hdf5
2020-02-02 14:58:40,185 Allocated:119.15869140625 MB
2020-02-02 14:58:40,185 Cached:4192.625 MB
2020-02-02 15:01:14,929 ==> Epoch[4](50/553): Loss: 0.0379
2020-02-02 15:01:14,943 Allocated:120.53369140625 MB
2020-02-02 15:01:14,944 Cached:7778.0 MB
2020-02-02 15:03:16,392 ==> Epoch[4](100/553): Loss: 0.0198
2020-02-02 15:03:16,394 Allocated:120.53369140625 MB
2020-02-02 15:03:16,394 Cached:7778.0 MB
2020-02-02 15:05:15,667 ==> Epoch[4](150/553): Loss: 0.0046
2020-02-02 15:05:15,669 Allocated:121.15869140625 MB
2020-02-02 15:05:15,669 Cached:7778.0 MB
2020-02-02 15:06:39,833 ====> Building Cache
2020-02-02 15:06:39,834 feature cache--->>> /home/annora/NetVLAD/output/train_feat_cache2.hdf5
2020-02-02 15:08:14,661 Allocated:121.533203125 MB
2020-02-02 15:08:14,661 Cached:2919.5 MB
2020-02-02 15:09:26,432 ==> Epoch[4](200/553): Loss: 0.1317
2020-02-02 15:09:26,433 Allocated:120.53369140625 MB
2020-02-02 15:09:26,434 Cached:4291.5 MB
2020-02-02 15:11:27,219 ==> Epoch[4](250/553): Loss: 0.1033
2020-02-02 15:11:27,221 Allocated:122.03369140625 MB
2020-02-02 15:11:27,221 Cached:4291.5 MB
2020-02-02 15:13:34,837 ==> Epoch[4](300/553): Loss: 0.0645
2020-02-02 15:13:34,839 Allocated:121.90869140625 MB
2020-02-02 15:13:34,840 Cached:4291.5 MB
2020-02-02 15:15:40,411 ==> Epoch[4](350/553): Loss: 0.0469
2020-02-02 15:15:40,412 Allocated:121.03369140625 MB
2020-02-02 15:15:40,412 Cached:4291.5 MB
2020-02-02 15:16:28,144 ====> Building Cache
2020-02-02 15:16:28,145 feature cache--->>> /home/annora/NetVLAD/output/train_feat_cache2.hdf5
2020-02-02 15:18:08,833 Allocated:121.158203125 MB
2020-02-02 15:18:08,834 Cached:2919.5 MB
2020-02-02 15:20:00,056 ==> Epoch[4](400/553): Loss: 0.2305
2020-02-02 15:20:00,058 Allocated:121.15869140625 MB
2020-02-02 15:20:00,058 Cached:9334.75 MB
2020-02-02 15:22:05,442 ==> Epoch[4](450/553): Loss: 0.2833
2020-02-02 15:22:05,443 Allocated:121.90869140625 MB
2020-02-02 15:22:05,443 Cached:9334.75 MB
2020-02-02 15:24:15,088 ==> Epoch[4](500/553): Loss: 0.2564
2020-02-02 15:24:15,089 Allocated:121.03369140625 MB
2020-02-02 15:24:15,090 Cached:9334.75 MB
2020-02-02 15:26:18,303 ==> Epoch[4](550/553): Loss: 0.3095
2020-02-02 15:26:18,305 Allocated:120.53369140625 MB
2020-02-02 15:26:18,306 Cached:9334.75 MB
2020-02-02 15:26:31,869 ===> Epoch 4 Complete: Avg. Loss: 0.1208
2020-02-02 15:26:31,870 ====> Extracting Features
2020-02-02 15:27:19,530 ==> Batch (50/108)
2020-02-02 15:27:48,323 ==> Batch (100/108)
2020-02-02 15:27:52,301 ====> Building faiss index
2020-02-02 15:27:52,307 ====> Calculating recall @ N
2020-02-02 15:27:52,870 ====> Recall@1: 0.5432
2020-02-02 15:27:52,871 ====> Recall@2: 0.5730
2020-02-02 15:27:52,872 ====> Recall@3: 0.5864
2020-02-02 15:27:52,872 ====> Recall@4: 0.6014
2020-02-02 15:27:52,872 ====> Recall@5: 0.6087
2020-02-02 15:27:52,873 ====> Recall@10: 0.6339
2020-02-02 15:27:52,873 ====> Recall@15: 0.6441
2020-02-02 15:27:52,873 ====> Recall@20: 0.6542
2020-02-02 15:27:52,873 ====> Recall@25: 0.6620
2020-02-02 15:27:53,286 ====> Building Cache
2020-02-02 15:27:53,286 feature cache--->>> /home/annora/NetVLAD/output/train_feat_cache2.hdf5
2020-02-02 15:29:22,990 Allocated:119.53369140625 MB
2020-02-02 15:29:22,990 Cached:4193.625 MB
2020-02-02 15:32:04,363 ==> Epoch[5](50/553): Loss: 0.3110
2020-02-02 15:32:04,365 Allocated:121.28369140625 MB
2020-02-02 15:32:04,365 Cached:8067.625 MB
2020-02-02 15:34:08,112 ==> Epoch[5](100/553): Loss: 0.3107
2020-02-02 15:34:08,113 Allocated:120.53369140625 MB
2020-02-02 15:34:08,114 Cached:8067.625 MB
2020-02-02 15:36:23,111 ==> Epoch[5](150/553): Loss: 0.3111
2020-02-02 15:36:23,113 Allocated:121.53369140625 MB
2020-02-02 15:36:23,113 Cached:8067.625 MB
2020-02-02 15:37:50,438 ====> Building Cache
2020-02-02 15:37:50,438 feature cache--->>> /home/annora/NetVLAD/output/train_feat_cache2.hdf5
2020-02-02 15:39:36,685 Allocated:121.283203125 MB
2020-02-02 15:39:36,685 Cached:2919.5 MB
2020-02-02 15:40:49,415 ==> Epoch[5](200/553): Loss: 0.3124
2020-02-02 15:40:49,416 Allocated:121.28369140625 MB
2020-02-02 15:40:49,417 Cached:6793.5 MB
2020-02-02 15:42:45,617 ==> Epoch[5](250/553): Loss: 0.3118
2020-02-02 15:42:45,620 Allocated:120.53369140625 MB
2020-02-02 15:42:45,620 Cached:6793.5 MB
2020-02-02 15:44:54,606 ==> Epoch[5](300/553): Loss: 0.3129
2020-02-02 15:44:54,609 Allocated:121.53369140625 MB
2020-02-02 15:44:54,609 Cached:6793.5 MB
2020-02-02 15:46:59,423 ==> Epoch[5](350/553): Loss: 0.3128
2020-02-02 15:46:59,425 Allocated:121.28369140625 MB
2020-02-02 15:46:59,425 Cached:6793.5 MB
2020-02-02 15:47:53,379 ====> Building Cache
2020-02-02 15:47:53,381 feature cache--->>> /home/annora/NetVLAD/output/train_feat_cache2.hdf5
2020-02-02 15:49:37,773 Allocated:120.533203125 MB
2020-02-02 15:49:37,774 Cached:2919.5 MB
2020-02-02 15:51:22,541 ==> Epoch[5](400/553): Loss: 0.3122
2020-02-02 15:51:22,542 Allocated:120.53369140625 MB
2020-02-02 15:51:22,543 Cached:6793.5 MB
2020-02-02 15:53:27,802 ==> Epoch[5](450/553): Loss: 0.3130
2020-02-02 15:53:27,803 Allocated:121.53369140625 MB
2020-02-02 15:53:27,803 Cached:6793.5 MB
2020-02-02 15:55:31,671 ==> Epoch[5](500/553): Loss: 0.3126
2020-02-02 15:55:31,672 Allocated:121.28369140625 MB
2020-02-02 15:55:31,673 Cached:6793.5 MB
2020-02-02 15:57:43,390 ==> Epoch[5](550/553): Loss: 0.3124
2020-02-02 15:57:43,392 Allocated:120.53369140625 MB
2020-02-02 15:57:43,392 Cached:6793.5 MB
2020-02-02 15:57:55,845 ===> Epoch 5 Complete: Avg. Loss: 0.3130
2020-02-02 15:57:55,846 ====> Extracting Features
2020-02-02 15:58:39,919 ==> Batch (50/108)
2020-02-02 15:59:12,892 ==> Batch (100/108)
2020-02-02 15:59:16,845 ====> Building faiss index
2020-02-02 15:59:16,850 ====> Calculating recall @ N
2020-02-02 15:59:17,502 ====> Recall@1: 0.5104
2020-02-02 15:59:17,502 ====> Recall@2: 0.5458
2020-02-02 15:59:17,503 ====> Recall@3: 0.5641
2020-02-02 15:59:17,504 ====> Recall@4: 0.5751
2020-02-02 15:59:17,504 ====> Recall@5: 0.5872
2020-02-02 15:59:17,504 ====> Recall@10: 0.6142
2020-02-02 15:59:17,504 ====> Recall@15: 0.6325
2020-02-02 15:59:17,504 ====> Recall@20: 0.6406
2020-02-02 15:59:17,505 ====> Recall@25: 0.6467
2020-02-02 15:59:17,893 ====> Building Cache
2020-02-02 15:59:17,894 feature cache--->>> /home/annora/NetVLAD/output/train_feat_cache2.hdf5
2020-02-02 16:00:55,996 Allocated:119.53369140625 MB
2020-02-02 16:00:55,997 Cached:4192.625 MB
2020-02-02 16:03:52,353 ==> Epoch[6](50/553): Loss: 0.3124
2020-02-02 16:03:52,355 Allocated:121.28369140625 MB
2020-02-02 16:03:52,356 Cached:8067.625 MB
2020-02-02 16:06:03,305 ==> Epoch[6](100/553): Loss: 0.3126
2020-02-02 16:06:03,307 Allocated:120.53369140625 MB
2020-02-02 16:06:03,307 Cached:8067.625 MB
2020-02-02 16:08:13,870 ==> Epoch[6](150/553): Loss: 0.3120
2020-02-02 16:08:13,871 Allocated:121.53369140625 MB
2020-02-02 16:08:13,871 Cached:8067.625 MB
2020-02-02 16:09:46,558 ====> Building Cache
2020-02-02 16:09:46,558 feature cache--->>> /home/annora/NetVLAD/output/train_feat_cache2.hdf5
2020-02-02 16:11:22,178 Allocated:121.283203125 MB
2020-02-02 16:11:22,178 Cached:2919.5 MB
2020-02-02 16:12:38,290 ==> Epoch[6](200/553): Loss: 0.3016
2020-02-02 16:12:38,292 Allocated:121.28369140625 MB
2020-02-02 16:12:38,292 Cached:6794.5 MB
2020-02-02 16:14:40,375 ==> Epoch[6](250/553): Loss: 0.3156
2020-02-02 16:14:40,378 Allocated:120.53369140625 MB
2020-02-02 16:14:40,378 Cached:6794.5 MB
2020-02-02 16:16:41,352 ==> Epoch[6](300/553): Loss: 0.3156
2020-02-02 16:16:41,353 Allocated:121.53369140625 MB
2020-02-02 16:16:41,354 Cached:6794.5 MB
2020-02-02 16:18:50,929 ==> Epoch[6](350/553): Loss: 0.3157
2020-02-02 16:18:50,931 Allocated:121.28369140625 MB
2020-02-02 16:18:50,931 Cached:6794.5 MB
2020-02-02 16:19:42,450 ====> Building Cache
2020-02-02 16:19:42,451 feature cache--->>> /home/annora/NetVLAD/output/train_feat_cache2.hdf5
2020-02-02 16:21:11,583 Allocated:120.533203125 MB
2020-02-02 16:21:11,584 Cached:2919.5 MB
2020-02-02 16:23:10,425 ==> Epoch[6](400/553): Loss: 0.3158
2020-02-02 16:23:10,426 Allocated:120.53369140625 MB
2020-02-02 16:23:10,427 Cached:6793.5 MB
2020-02-02 16:25:17,538 ==> Epoch[6](450/553): Loss: 0.3157
2020-02-02 16:25:17,540 Allocated:121.53369140625 MB
2020-02-02 16:25:17,540 Cached:6793.5 MB
2020-02-02 16:27:21,960 ==> Epoch[6](500/553): Loss: 0.3158
2020-02-02 16:27:21,962 Allocated:121.28369140625 MB
2020-02-02 16:27:21,962 Cached:6793.5 MB
2020-02-02 16:29:27,326 ==> Epoch[6](550/553): Loss: 0.3159
2020-02-02 16:29:27,327 Allocated:120.53369140625 MB
2020-02-02 16:29:27,328 Cached:6793.5 MB
2020-02-02 16:29:39,634 ===> Epoch 6 Complete: Avg. Loss: 0.3150
2020-02-02 16:29:39,636 ====> Extracting Features
2020-02-02 16:30:24,234 ==> Batch (50/108)
2020-02-02 16:30:49,848 ==> Batch (100/108)
2020-02-02 16:30:53,997 ====> Building faiss index
2020-02-02 16:30:53,999 ====> Calculating recall @ N
2020-02-02 16:30:55,176 ====> Recall@1: 0.0139
2020-02-02 16:30:55,176 ====> Recall@2: 0.0177
2020-02-02 16:30:55,177 ====> Recall@3: 0.0212
2020-02-02 16:30:55,177 ====> Recall@4: 0.0246
2020-02-02 16:30:55,177 ====> Recall@5: 0.0267
2020-02-02 16:30:55,178 ====> Recall@10: 0.0386
2020-02-02 16:30:55,178 ====> Recall@15: 0.0438
2020-02-02 16:30:55,178 ====> Recall@20: 0.0490
2020-02-02 16:30:55,178 ====> Recall@25: 0.0539
2020-02-02 16:30:55,547 ====> Building Cache
2020-02-02 16:30:55,547 feature cache--->>> /home/annora/NetVLAD/output/train_feat_cache2.hdf5
2020-02-02 16:32:41,604 Allocated:119.53369140625 MB
2020-02-02 16:32:41,604 Cached:4193.625 MB
2020-02-02 16:35:28,483 ==> Epoch[7](50/553): Loss: 0.3159
2020-02-02 16:35:28,485 Allocated:121.28369140625 MB
2020-02-02 16:35:28,485 Cached:8067.625 MB
2020-02-02 16:37:29,101 ==> Epoch[7](100/553): Loss: 0.3159
2020-02-02 16:37:29,103 Allocated:120.53369140625 MB
2020-02-02 16:37:29,103 Cached:8067.625 MB
2020-02-02 16:39:36,267 ==> Epoch[7](150/553): Loss: 0.3158
2020-02-02 16:39:36,268 Allocated:121.53369140625 MB
2020-02-02 16:39:36,269 Cached:8067.625 MB
2020-02-02 16:41:09,737 ====> Building Cache
2020-02-02 16:41:09,738 feature cache--->>> /home/annora/NetVLAD/output/train_feat_cache2.hdf5
2020-02-02 16:42:40,453 Allocated:121.283203125 MB
2020-02-02 16:42:40,454 Cached:2919.5 MB
2020-02-02 16:43:59,902 ==> Epoch[7](200/553): Loss: 0.3160
2020-02-02 16:43:59,904 Allocated:121.28369140625 MB
2020-02-02 16:43:59,904 Cached:6793.5 MB
2020-02-02 16:46:03,728 ==> Epoch[7](250/553): Loss: 0.3159
2020-02-02 16:46:03,729 Allocated:120.53369140625 MB
2020-02-02 16:46:03,730 Cached:6793.5 MB
2020-02-02 16:48:07,199 ==> Epoch[7](300/553): Loss: 0.3159
2020-02-02 16:48:07,200 Allocated:121.53369140625 MB
2020-02-02 16:48:07,200 Cached:6793.5 MB
2020-02-02 16:50:20,969 ==> Epoch[7](350/553): Loss: 0.3161
2020-02-02 16:50:20,970 Allocated:121.28369140625 MB
2020-02-02 16:50:20,970 Cached:6793.5 MB
2020-02-02 16:51:09,775 ====> Building Cache
2020-02-02 16:51:09,776 feature cache--->>> /home/annora/NetVLAD/output/train_feat_cache2.hdf5
2020-02-02 16:52:48,062 Allocated:120.533203125 MB
2020-02-02 16:52:48,062 Cached:2919.5 MB
2020-02-02 16:54:40,242 ==> Epoch[7](400/553): Loss: 0.3160
2020-02-02 16:54:40,244 Allocated:120.53369140625 MB
2020-02-02 16:54:40,244 Cached:6793.5 MB
2020-02-02 16:56:45,919 ==> Epoch[7](450/553): Loss: 0.3160
2020-02-02 16:56:45,922 Allocated:121.53369140625 MB
2020-02-02 16:56:45,923 Cached:6793.5 MB
2020-02-02 16:58:44,573 ==> Epoch[7](500/553): Loss: 0.3160
2020-02-02 16:58:44,574 Allocated:121.28369140625 MB
2020-02-02 16:58:44,574 Cached:6793.5 MB
2020-02-02 17:00:46,081 ==> Epoch[7](550/553): Loss: 0.3161
2020-02-02 17:00:46,082 Allocated:120.53369140625 MB
2020-02-02 17:00:46,083 Cached:6793.5 MB
2020-02-02 17:00:58,011 ===> Epoch 7 Complete: Avg. Loss: 0.3171
2020-02-02 17:00:58,012 ====> Extracting Features
2020-02-02 17:01:32,931 ==> Batch (50/108)
2020-02-02 17:01:53,117 ==> Batch (100/108)
2020-02-02 17:01:56,518 ====> Building faiss index
2020-02-02 17:01:56,520 ====> Calculating recall @ N
2020-02-02 17:01:57,573 ====> Recall@1: 0.0249
2020-02-02 17:01:57,573 ====> Recall@2: 0.0252
2020-02-02 17:01:57,574 ====> Recall@3: 0.0252
2020-02-02 17:01:57,574 ====> Recall@4: 0.0252
2020-02-02 17:01:57,574 ====> Recall@5: 0.0252
2020-02-02 17:01:57,574 ====> Recall@10: 0.0252
2020-02-02 17:01:57,575 ====> Recall@15: 0.0252
2020-02-02 17:01:57,575 ====> Recall@20: 0.0252
2020-02-02 17:01:57,575 ====> Recall@25: 0.0252
2020-02-02 17:01:57,943 ====> Building Cache
2020-02-02 17:01:57,943 feature cache--->>> /home/annora/NetVLAD/output/train_feat_cache2.hdf5
2020-02-02 17:03:19,799 Allocated:119.53369140625 MB
2020-02-02 17:03:19,800 Cached:4192.625 MB
2020-02-02 17:05:46,993 ==> Epoch[8](50/553): Loss: 0.3161
2020-02-02 17:05:46,995 Allocated:121.28369140625 MB
2020-02-02 17:05:46,995 Cached:8067.625 MB
2020-02-02 17:07:44,348 ==> Epoch[8](100/553): Loss: 0.3161
2020-02-02 17:07:44,350 Allocated:120.53369140625 MB
2020-02-02 17:07:44,350 Cached:8067.625 MB
2020-02-02 17:09:39,165 ==> Epoch[8](150/553): Loss: 0.3161
2020-02-02 17:09:39,166 Allocated:121.53369140625 MB
2020-02-02 17:09:39,167 Cached:8067.625 MB
2020-02-02 17:10:55,883 ====> Building Cache
2020-02-02 17:10:55,884 feature cache--->>> /home/annora/NetVLAD/output/train_feat_cache2.hdf5
2020-02-02 17:12:15,382 Allocated:121.283203125 MB
2020-02-02 17:12:15,383 Cached:2919.5 MB
2020-02-02 17:13:26,507 ==> Epoch[8](200/553): Loss: 0.3162
2020-02-02 17:13:26,509 Allocated:121.28369140625 MB
2020-02-02 17:13:26,509 Cached:6794.5 MB
2020-02-02 17:15:19,543 ==> Epoch[8](250/553): Loss: 0.3161
2020-02-02 17:15:19,544 Allocated:120.53369140625 MB
2020-02-02 17:15:19,544 Cached:6794.5 MB
2020-02-02 17:17:18,747 ==> Epoch[8](300/553): Loss: 0.3161
2020-02-02 17:17:18,748 Allocated:121.53369140625 MB
2020-02-02 17:17:18,748 Cached:6794.5 MB
2020-02-02 17:19:09,680 ==> Epoch[8](350/553): Loss: 0.3162
2020-02-02 17:19:09,682 Allocated:121.28369140625 MB
2020-02-02 17:19:09,682 Cached:6794.5 MB
2020-02-02 17:19:53,452 ====> Building Cache
2020-02-02 17:19:53,453 feature cache--->>> /home/annora/NetVLAD/output/train_feat_cache2.hdf5
2020-02-02 17:21:16,540 Allocated:120.533203125 MB
2020-02-02 17:21:16,541 Cached:2919.5 MB
2020-02-02 17:23:01,039 ==> Epoch[8](400/553): Loss: 0.3162
2020-02-02 17:23:01,041 Allocated:120.53369140625 MB
2020-02-02 17:23:01,041 Cached:6793.5 MB
2020-02-02 17:25:00,949 ==> Epoch[8](450/553): Loss: 0.3162
2020-02-02 17:25:00,950 Allocated:121.53369140625 MB
2020-02-02 17:25:00,951 Cached:6793.5 MB
2020-02-02 17:26:52,563 ==> Epoch[8](500/553): Loss: 0.3162
2020-02-02 17:26:52,566 Allocated:121.28369140625 MB
2020-02-02 17:26:52,566 Cached:6793.5 MB
2020-02-02 17:28:54,396 ==> Epoch[8](550/553): Loss: 0.3162
2020-02-02 17:28:54,398 Allocated:120.53369140625 MB
2020-02-02 17:28:54,398 Cached:6793.5 MB
2020-02-02 17:29:05,548 ===> Epoch 8 Complete: Avg. Loss: 0.3173
2020-02-02 17:29:05,549 ====> Extracting Features
2020-02-02 17:29:40,524 ==> Batch (50/108)
2020-02-02 17:30:00,951 ==> Batch (100/108)
2020-02-02 17:30:04,231 ====> Building faiss index
2020-02-02 17:30:04,233 ====> Calculating recall @ N
2020-02-02 17:30:05,242 ====> Recall@1: 0.0249
2020-02-02 17:30:05,242 ====> Recall@2: 0.0252
2020-02-02 17:30:05,243 ====> Recall@3: 0.0252
2020-02-02 17:30:05,243 ====> Recall@4: 0.0252
2020-02-02 17:30:05,243 ====> Recall@5: 0.0252
2020-02-02 17:30:05,243 ====> Recall@10: 0.0252
2020-02-02 17:30:05,244 ====> Recall@15: 0.0252
2020-02-02 17:30:05,244 ====> Recall@20: 0.0252
2020-02-02 17:30:05,244 ====> Recall@25: 0.0252
2020-02-02 17:30:05,616 ====> Building Cache
2020-02-02 17:30:05,617 feature cache--->>> /home/annora/NetVLAD/output/train_feat_cache2.hdf5
2020-02-02 17:31:25,459 Allocated:119.53369140625 MB
2020-02-02 17:31:25,459 Cached:4193.625 MB
2020-02-02 17:33:53,875 ==> Epoch[9](50/553): Loss: 0.3162
2020-02-02 17:33:53,878 Allocated:121.28369140625 MB
2020-02-02 17:33:53,878 Cached:8067.625 MB
2020-02-02 17:35:52,935 ==> Epoch[9](100/553): Loss: 0.3162
2020-02-02 17:35:52,936 Allocated:120.53369140625 MB
2020-02-02 17:35:52,936 Cached:8067.625 MB
2020-02-02 17:37:51,094 ==> Epoch[9](150/553): Loss: 0.3162
2020-02-02 17:37:51,096 Allocated:121.53369140625 MB
2020-02-02 17:37:51,096 Cached:8067.625 MB
2020-02-02 17:39:15,336 ====> Building Cache
2020-02-02 17:39:15,336 feature cache--->>> /home/annora/NetVLAD/output/train_feat_cache2.hdf5
2020-02-02 17:40:37,064 Allocated:121.283203125 MB
2020-02-02 17:40:37,065 Cached:2919.5 MB
2020-02-02 17:41:45,000 ==> Epoch[9](200/553): Loss: 0.3162
2020-02-02 17:41:45,002 Allocated:121.28369140625 MB
2020-02-02 17:41:45,002 Cached:6793.5 MB
2020-02-02 17:43:40,942 ==> Epoch[9](250/553): Loss: 0.3162
2020-02-02 17:43:40,944 Allocated:120.53369140625 MB
2020-02-02 17:43:40,944 Cached:6793.5 MB
2020-02-02 17:45:48,580 ==> Epoch[9](300/553): Loss: 0.3162
2020-02-02 17:45:48,582 Allocated:121.53369140625 MB
2020-02-02 17:45:48,582 Cached:6793.5 MB
2020-02-02 17:47:49,352 ==> Epoch[9](350/553): Loss: 0.3162
2020-02-02 17:47:49,353 Allocated:121.28369140625 MB
2020-02-02 17:47:49,353 Cached:6793.5 MB
2020-02-02 17:48:37,228 ====> Building Cache
2020-02-02 17:48:37,229 feature cache--->>> /home/annora/NetVLAD/output/train_feat_cache2.hdf5
2020-02-02 17:49:55,620 Allocated:120.533203125 MB
2020-02-02 17:49:55,621 Cached:2919.5 MB
2020-02-02 17:51:40,803 ==> Epoch[9](400/553): Loss: 0.3162
2020-02-02 17:51:40,804 Allocated:120.53369140625 MB
2020-02-02 17:51:40,804 Cached:6793.5 MB
2020-02-02 17:53:37,736 ==> Epoch[9](450/553): Loss: 0.3162
2020-02-02 17:53:37,738 Allocated:121.53369140625 MB
2020-02-02 17:53:37,738 Cached:6793.5 MB
2020-02-02 17:55:29,703 ==> Epoch[9](500/553): Loss: 0.3162
2020-02-02 17:55:29,704 Allocated:121.28369140625 MB
2020-02-02 17:55:29,705 Cached:6793.5 MB
2020-02-02 17:57:27,887 ==> Epoch[9](550/553): Loss: 0.3162
2020-02-02 17:57:27,889 Allocated:120.53369140625 MB
2020-02-02 17:57:27,890 Cached:6793.5 MB
2020-02-02 17:57:40,860 ===> Epoch 9 Complete: Avg. Loss: 0.3173
2020-02-02 17:57:40,862 ====> Extracting Features
2020-02-02 17:58:19,026 ==> Batch (50/108)
2020-02-02 17:58:40,359 ==> Batch (100/108)
2020-02-02 17:58:43,952 ====> Building faiss index
2020-02-02 17:58:43,954 ====> Calculating recall @ N
2020-02-02 17:58:45,027 ====> Recall@1: 0.0249
2020-02-02 17:58:45,027 ====> Recall@2: 0.0252
2020-02-02 17:58:45,028 ====> Recall@3: 0.0252
2020-02-02 17:58:45,028 ====> Recall@4: 0.0252
2020-02-02 17:58:45,028 ====> Recall@5: 0.0252
2020-02-02 17:58:45,028 ====> Recall@10: 0.0252
2020-02-02 17:58:45,028 ====> Recall@15: 0.0252
2020-02-02 17:58:45,029 ====> Recall@20: 0.0252
2020-02-02 17:58:45,029 ====> Recall@25: 0.0252
2020-02-02 17:58:45,397 ====> Building Cache
2020-02-02 17:58:45,397 feature cache--->>> /home/annora/NetVLAD/output/train_feat_cache2.hdf5
2020-02-02 18:00:10,308 Allocated:119.53369140625 MB
2020-02-02 18:00:10,308 Cached:4192.625 MB
2020-02-02 18:02:32,835 ==> Epoch[10](50/553): Loss: 0.3162
2020-02-02 18:02:32,837 Allocated:121.28369140625 MB
2020-02-02 18:02:32,837 Cached:8067.625 MB
2020-02-02 18:04:22,894 ==> Epoch[10](100/553): Loss: 0.3162
2020-02-02 18:04:22,896 Allocated:120.53369140625 MB
2020-02-02 18:04:22,896 Cached:8067.625 MB
2020-02-02 18:06:37,002 ==> Epoch[10](150/553): Loss: 0.3162
2020-02-02 18:06:37,003 Allocated:121.53369140625 MB
2020-02-02 18:06:37,003 Cached:8067.625 MB
2020-02-02 18:07:59,162 ====> Building Cache
2020-02-02 18:07:59,163 feature cache--->>> /home/annora/NetVLAD/output/train_feat_cache2.hdf5
2020-02-02 18:09:16,483 Allocated:121.283203125 MB
2020-02-02 18:09:16,484 Cached:2919.5 MB
2020-02-02 18:10:19,890 ==> Epoch[10](200/553): Loss: 0.3162
2020-02-02 18:10:19,892 Allocated:121.28369140625 MB
2020-02-02 18:10:19,892 Cached:6794.5 MB
2020-02-02 18:12:13,759 ==> Epoch[10](250/553): Loss: 0.3162
2020-02-02 18:12:13,761 Allocated:120.53369140625 MB
2020-02-02 18:12:13,761 Cached:6794.5 MB
2020-02-02 18:14:21,698 ==> Epoch[10](300/553): Loss: 0.3162
2020-02-02 18:14:21,699 Allocated:121.53369140625 MB
2020-02-02 18:14:21,700 Cached:6794.5 MB
2020-02-02 18:16:20,843 ==> Epoch[10](350/553): Loss: 0.3162
2020-02-02 18:16:20,844 Allocated:121.28369140625 MB
2020-02-02 18:16:20,845 Cached:6794.5 MB
2020-02-02 18:17:01,576 ====> Building Cache
2020-02-02 18:17:01,577 feature cache--->>> /home/annora/NetVLAD/output/train_feat_cache2.hdf5
2020-02-02 18:18:17,012 Allocated:120.533203125 MB
2020-02-02 18:18:17,012 Cached:2919.5 MB
2020-02-02 18:19:55,207 ==> Epoch[10](400/553): Loss: 0.3162
2020-02-02 18:19:55,209 Allocated:120.53369140625 MB
2020-02-02 18:19:55,209 Cached:6793.5 MB
2020-02-02 18:21:43,984 ==> Epoch[10](450/553): Loss: 0.3162
2020-02-02 18:21:43,985 Allocated:121.53369140625 MB
2020-02-02 18:21:43,986 Cached:6793.5 MB
2020-02-02 18:23:43,550 ==> Epoch[10](500/553): Loss: 0.3162
2020-02-02 18:23:43,551 Allocated:121.28369140625 MB
2020-02-02 18:23:43,552 Cached:6793.5 MB
2020-02-02 18:25:39,202 ==> Epoch[10](550/553): Loss: 0.3162
2020-02-02 18:25:39,204 Allocated:120.53369140625 MB
2020-02-02 18:25:39,205 Cached:6793.5 MB
2020-02-02 18:25:50,267 ===> Epoch 10 Complete: Avg. Loss: 0.3174
2020-02-02 18:25:50,269 ====> Extracting Features
2020-02-02 18:26:23,989 ==> Batch (50/108)
2020-02-02 18:26:43,744 ==> Batch (100/108)
2020-02-02 18:26:46,689 ====> Building faiss index
2020-02-02 18:26:46,691 ====> Calculating recall @ N
2020-02-02 18:26:47,731 ====> Recall@1: 0.0243
2020-02-02 18:26:47,731 ====> Recall@2: 0.0252
2020-02-02 18:26:47,732 ====> Recall@3: 0.0255
2020-02-02 18:26:47,732 ====> Recall@4: 0.0258
2020-02-02 18:26:47,732 ====> Recall@5: 0.0258
2020-02-02 18:26:47,733 ====> Recall@10: 0.0267
2020-02-02 18:26:47,733 ====> Recall@15: 0.0270
2020-02-02 18:26:47,733 ====> Recall@20: 0.0270
2020-02-02 18:26:47,733 ====> Recall@25: 0.0272
2020-02-02 18:26:48,106 ====> Building Cache
2020-02-02 18:26:48,106 feature cache--->>> /home/annora/NetVLAD/output/train_feat_cache2.hdf5
2020-02-02 18:28:08,776 Allocated:119.53369140625 MB
2020-02-02 18:28:08,777 Cached:4193.625 MB
2020-02-02 18:30:30,182 ==> Epoch[11](50/553): Loss: 0.3162
2020-02-02 18:30:30,184 Allocated:121.28369140625 MB
2020-02-02 18:30:30,184 Cached:8067.625 MB
2020-02-02 18:32:22,096 ==> Epoch[11](100/553): Loss: 0.3162
2020-02-02 18:32:22,097 Allocated:120.53369140625 MB
2020-02-02 18:32:22,098 Cached:8067.625 MB
2020-02-02 18:34:26,418 ==> Epoch[11](150/553): Loss: 0.3162
2020-02-02 18:34:26,419 Allocated:121.53369140625 MB
2020-02-02 18:34:26,419 Cached:8067.625 MB
2020-02-02 18:35:44,776 ====> Building Cache
2020-02-02 18:35:44,776 feature cache--->>> /home/annora/NetVLAD/output/train_feat_cache2.hdf5
2020-02-02 18:37:02,182 Allocated:121.283203125 MB
2020-02-02 18:37:02,182 Cached:2919.5 MB
2020-02-02 18:38:11,424 ==> Epoch[11](200/553): Loss: 0.3162
2020-02-02 18:38:11,425 Allocated:121.28369140625 MB
2020-02-02 18:38:11,426 Cached:6793.5 MB
2020-02-02 18:40:29,666 ==> Epoch[11](250/553): Loss: 0.3162
2020-02-02 18:40:29,668 Allocated:120.53369140625 MB
2020-02-02 18:40:29,668 Cached:6793.5 MB
2020-02-02 18:42:30,088 ==> Epoch[11](300/553): Loss: 0.3162
2020-02-02 18:42:30,089 Allocated:121.53369140625 MB
2020-02-02 18:42:30,090 Cached:6793.5 MB
2020-02-02 18:44:34,571 ==> Epoch[11](350/553): Loss: 0.3162
2020-02-02 18:44:34,573 Allocated:121.28369140625 MB
2020-02-02 18:44:34,573 Cached:6793.5 MB
2020-02-02 18:45:27,348 ====> Building Cache
2020-02-02 18:45:27,349 feature cache--->>> /home/annora/NetVLAD/output/train_feat_cache2.hdf5
2020-02-02 18:46:50,239 Allocated:120.533203125 MB
2020-02-02 18:46:50,239 Cached:2919.5 MB
2020-02-02 18:48:32,428 ==> Epoch[11](400/553): Loss: 0.3162
2020-02-02 18:48:32,430 Allocated:120.53369140625 MB
2020-02-02 18:48:32,430 Cached:6793.5 MB
2020-02-02 18:50:24,528 ==> Epoch[11](450/553): Loss: 0.3162
2020-02-02 18:50:24,529 Allocated:121.53369140625 MB
2020-02-02 18:50:24,530 Cached:6793.5 MB
2020-02-02 18:52:37,505 ==> Epoch[11](500/553): Loss: 0.3162
2020-02-02 18:52:37,507 Allocated:121.28369140625 MB
2020-02-02 18:52:37,507 Cached:6793.5 MB
2020-02-02 18:54:28,562 ==> Epoch[11](550/553): Loss: 0.3162
2020-02-02 18:54:28,563 Allocated:120.53369140625 MB
2020-02-02 18:54:28,563 Cached:6793.5 MB
2020-02-02 18:54:39,136 ===> Epoch 11 Complete: Avg. Loss: 0.3174
2020-02-02 18:54:39,137 ====> Extracting Features
2020-02-02 18:55:14,617 ==> Batch (50/108)
2020-02-02 18:55:36,504 ==> Batch (100/108)
2020-02-02 18:55:39,993 ====> Building faiss index
2020-02-02 18:55:39,994 ====> Calculating recall @ N
2020-02-02 18:55:40,999 ====> Recall@1: 0.0249
2020-02-02 18:55:40,999 ====> Recall@2: 0.0252
2020-02-02 18:55:41,000 ====> Recall@3: 0.0252
2020-02-02 18:55:41,000 ====> Recall@4: 0.0252
2020-02-02 18:55:41,000 ====> Recall@5: 0.0252
2020-02-02 18:55:41,001 ====> Recall@10: 0.0252
2020-02-02 18:55:41,001 ====> Recall@15: 0.0252
2020-02-02 18:55:41,001 ====> Recall@20: 0.0252
2020-02-02 18:55:41,001 ====> Recall@25: 0.0252
2020-02-02 18:55:41,341 ====> Building Cache
2020-02-02 18:55:41,342 feature cache--->>> /home/annora/NetVLAD/output/train_feat_cache2.hdf5
2020-02-02 18:56:59,333 Allocated:119.53369140625 MB
2020-02-02 18:56:59,334 Cached:4192.625 MB
2020-02-02 18:59:29,118 ==> Epoch[12](50/553): Loss: 0.3162
2020-02-02 18:59:29,119 Allocated:121.28369140625 MB
2020-02-02 18:59:29,120 Cached:8067.625 MB
2020-02-02 19:01:20,814 ==> Epoch[12](100/553): Loss: 0.3162
2020-02-02 19:01:20,816 Allocated:120.53369140625 MB
2020-02-02 19:01:20,816 Cached:8067.625 MB
2020-02-02 19:03:20,444 ==> Epoch[12](150/553): Loss: 0.3162
2020-02-02 19:03:20,446 Allocated:121.53369140625 MB
2020-02-02 19:03:20,446 Cached:8067.625 MB
2020-02-02 19:04:49,244 ====> Building Cache
2020-02-02 19:04:49,244 feature cache--->>> /home/annora/NetVLAD/output/train_feat_cache2.hdf5
2020-02-02 19:06:08,353 Allocated:121.283203125 MB
2020-02-02 19:06:08,353 Cached:2919.5 MB
2020-02-02 19:07:13,388 ==> Epoch[12](200/553): Loss: 0.3162
2020-02-02 19:07:13,389 Allocated:121.28369140625 MB
2020-02-02 19:07:13,389 Cached:6794.5 MB
2020-02-02 19:09:11,528 ==> Epoch[12](250/553): Loss: 0.3162
2020-02-02 19:09:11,529 Allocated:120.53369140625 MB
2020-02-02 19:09:11,529 Cached:6794.5 MB
2020-02-02 19:11:08,221 ==> Epoch[12](300/553): Loss: 0.3162
2020-02-02 19:11:08,222 Allocated:121.53369140625 MB
2020-02-02 19:11:08,222 Cached:6794.5 MB
2020-02-02 19:12:57,820 ==> Epoch[12](350/553): Loss: 0.3162
2020-02-02 19:12:57,822 Allocated:121.28369140625 MB
2020-02-02 19:12:57,822 Cached:6794.5 MB
2020-02-02 19:13:42,314 ====> Building Cache
2020-02-02 19:13:42,314 feature cache--->>> /home/annora/NetVLAD/output/train_feat_cache2.hdf5
2020-02-02 19:15:02,721 Allocated:120.533203125 MB
2020-02-02 19:15:02,722 Cached:2919.5 MB
2020-02-02 19:16:46,569 ==> Epoch[12](400/553): Loss: 0.3162
2020-02-02 19:16:46,570 Allocated:120.53369140625 MB
2020-02-02 19:16:46,570 Cached:6793.5 MB
2020-02-02 19:18:43,261 ==> Epoch[12](450/553): Loss: 0.3162
2020-02-02 19:18:43,263 Allocated:121.53369140625 MB
2020-02-02 19:18:43,263 Cached:6793.5 MB
2020-02-02 19:20:40,210 ==> Epoch[12](500/553): Loss: 0.3162
2020-02-02 19:20:40,211 Allocated:121.28369140625 MB
2020-02-02 19:20:40,211 Cached:6793.5 MB
2020-02-02 19:22:42,694 ==> Epoch[12](550/553): Loss: 0.3162
2020-02-02 19:22:42,695 Allocated:120.53369140625 MB
2020-02-02 19:22:42,696 Cached:6793.5 MB
2020-02-02 19:22:54,732 ===> Epoch 12 Complete: Avg. Loss: 0.3174
2020-02-02 19:22:54,734 ====> Extracting Features
2020-02-02 19:23:32,643 ==> Batch (50/108)
2020-02-02 19:23:53,831 ==> Batch (100/108)
2020-02-02 19:23:57,278 ====> Building faiss index
2020-02-02 19:23:57,280 ====> Calculating recall @ N
2020-02-02 19:23:58,386 ====> Recall@1: 0.0249
2020-02-02 19:23:58,386 ====> Recall@2: 0.0255
2020-02-02 19:23:58,387 ====> Recall@3: 0.0255
2020-02-02 19:23:58,387 ====> Recall@4: 0.0255
2020-02-02 19:23:58,388 ====> Recall@5: 0.0255
2020-02-02 19:23:58,388 ====> Recall@10: 0.0261
2020-02-02 19:23:58,388 ====> Recall@15: 0.0261
2020-02-02 19:23:58,388 ====> Recall@20: 0.0261
2020-02-02 19:23:58,389 ====> Recall@25: 0.0264
2020-02-02 19:23:58,785 ====> Building Cache
2020-02-02 19:23:58,785 feature cache--->>> /home/annora/NetVLAD/output/train_feat_cache2.hdf5
2020-02-02 19:25:25,512 Allocated:119.53369140625 MB
2020-02-02 19:25:25,513 Cached:4193.625 MB
2020-02-02 19:27:58,703 ==> Epoch[13](50/553): Loss: 0.3162
2020-02-02 19:27:58,705 Allocated:121.28369140625 MB
2020-02-02 19:27:58,705 Cached:8067.625 MB
2020-02-02 19:30:02,360 ==> Epoch[13](100/553): Loss: 0.3162
2020-02-02 19:30:02,362 Allocated:120.53369140625 MB
2020-02-02 19:30:02,362 Cached:8067.625 MB
2020-02-02 19:32:02,223 ==> Epoch[13](150/553): Loss: 0.3162
2020-02-02 19:32:02,224 Allocated:121.53369140625 MB
2020-02-02 19:32:02,225 Cached:8067.625 MB
2020-02-02 19:33:23,763 ====> Building Cache
2020-02-02 19:33:23,764 feature cache--->>> /home/annora/NetVLAD/output/train_feat_cache2.hdf5
2020-02-02 19:34:44,310 Allocated:121.283203125 MB
2020-02-02 19:34:44,310 Cached:2919.5 MB
2020-02-02 19:35:55,701 ==> Epoch[13](200/553): Loss: 0.3162
2020-02-02 19:35:55,703 Allocated:121.28369140625 MB
2020-02-02 19:35:55,704 Cached:6793.5 MB
2020-02-02 19:37:59,164 ==> Epoch[13](250/553): Loss: 0.3162
2020-02-02 19:37:59,165 Allocated:120.53369140625 MB
2020-02-02 19:37:59,165 Cached:6793.5 MB
2020-02-02 19:39:58,409 ==> Epoch[13](300/553): Loss: 0.3162
2020-02-02 19:39:58,411 Allocated:121.53369140625 MB
2020-02-02 19:39:58,411 Cached:6793.5 MB
2020-02-02 19:41:56,894 ==> Epoch[13](350/553): Loss: 0.3162
2020-02-02 19:41:56,896 Allocated:121.28369140625 MB
2020-02-02 19:41:56,896 Cached:6793.5 MB
2020-02-02 19:42:40,451 ====> Building Cache
2020-02-02 19:42:40,451 feature cache--->>> /home/annora/NetVLAD/output/train_feat_cache2.hdf5
2020-02-02 19:44:09,295 Allocated:120.533203125 MB
2020-02-02 19:44:09,295 Cached:2919.5 MB
2020-02-02 19:45:54,199 ==> Epoch[13](400/553): Loss: 0.3162
2020-02-02 19:45:54,200 Allocated:120.53369140625 MB
2020-02-02 19:45:54,200 Cached:6793.5 MB
2020-02-02 19:47:53,920 ==> Epoch[13](450/553): Loss: 0.3162
2020-02-02 19:47:53,921 Allocated:121.53369140625 MB
2020-02-02 19:47:53,921 Cached:6793.5 MB
2020-02-02 19:49:55,118 ==> Epoch[13](500/553): Loss: 0.3162
2020-02-02 19:49:55,119 Allocated:121.28369140625 MB
2020-02-02 19:49:55,119 Cached:6793.5 MB
2020-02-02 19:51:53,721 ==> Epoch[13](550/553): Loss: 0.3162
2020-02-02 19:51:53,723 Allocated:120.53369140625 MB
2020-02-02 19:51:53,723 Cached:6793.5 MB
2020-02-02 19:52:05,593 ===> Epoch 13 Complete: Avg. Loss: 0.3174
2020-02-02 19:52:05,595 ====> Extracting Features
2020-02-02 19:52:43,031 ==> Batch (50/108)
2020-02-02 19:53:06,672 ==> Batch (100/108)
2020-02-02 19:53:10,405 ====> Building faiss index
2020-02-02 19:53:10,406 ====> Calculating recall @ N
2020-02-02 19:53:11,941 ====> Recall@1: 0.0249
2020-02-02 19:53:11,942 ====> Recall@2: 0.0255
2020-02-02 19:53:11,942 ====> Recall@3: 0.0255
2020-02-02 19:53:11,942 ====> Recall@4: 0.0264
2020-02-02 19:53:11,943 ====> Recall@5: 0.0264
2020-02-02 19:53:11,943 ====> Recall@10: 0.0278
2020-02-02 19:53:11,943 ====> Recall@15: 0.0281
2020-02-02 19:53:11,943 ====> Recall@20: 0.0284
2020-02-02 19:53:11,943 ====> Recall@25: 0.0290
2020-02-02 19:53:12,323 Performance did not improve for 10 epochs. Stopping.
2020-02-02 19:53:12,323 => Best Recall@5: 0.7655
