2020-02-08 10:42:21,418 Namespace(arch='alexnet', batchSize=12, cacheBatchSize=96, cachePath='/home/annora/NetVLAD/output/', cacheRefreshRate=3000, ckpt='best', contilearn=True, dataPath='/home/annora/NetVLAD/output/data/', dataset='pittsburgh', evalEvery=1, fromscratch=False, fromtask='/home/annora/NetVLAD/output/runs/2020-01-12-23-53-56_alexnet_max', lr=0.1, lrGamma=0.5, lrStep=5, margin=0.1, mode='train', momentum=0.9, nEpochs=30, nGPU=1, nocuda=False, num_clusters=64, optim='SGD', patience=10, pooling='max', premodel='imagenet', resume='', runsPath='/home/annora/NetVLAD/output/runs/', savePath='checkpoints', seed=123, split='val', start_epoch=0, threads=8, vladv2=False, weightDecay=0.001)
2020-02-08 10:42:22,275 ===> Loading dataset(s)
2020-02-08 10:42:22,275 trainfile ------>>>>>> pitts30k_train.mat
2020-02-08 10:42:25,082 ====> Training set: pitts30k_train.mat, query set count: 7320
2020-02-08 10:42:25,286 ===> Evaluating on val set: pitts30k_val.mat, query count: 7608
2020-02-08 10:42:25,287 ===> Building model
2020-02-08 10:42:25,354 encoder moder:
AlexNet(
  (conv1): Sequential(
    (0): Conv2d(3, 64, kernel_size=(11, 11), stride=(4, 4), padding=(2, 2))
    (1): ReLU(inplace)
    (2): MaxPool2d(kernel_size=3, stride=2, padding=0, dilation=1, ceil_mode=False)
  )
  (conv2): Sequential(
    (0): Conv2d(64, 192, kernel_size=(5, 5), stride=(1, 1), padding=(2, 2))
    (1): ReLU(inplace)
    (2): MaxPool2d(kernel_size=3, stride=2, padding=0, dilation=1, ceil_mode=False)
  )
  (conv3): Sequential(
    (0): Conv2d(192, 384, kernel_size=(3, 3), stride=(1, 1), padding=(1, 1))
    (1): ReLU(inplace)
  )
  (conv4): Sequential(
    (0): Conv2d(384, 256, kernel_size=(3, 3), stride=(1, 1), padding=(1, 1))
    (1): ReLU(inplace)
  )
  (conv5): Sequential(
    (0): Conv2d(256, 256, kernel_size=(3, 3), stride=(1, 1), padding=(1, 1))
  )
)
2020-02-08 10:42:30,829 => loading checkpoint '/home/annora/NetVLAD/output/runs/2020-01-12-23-53-56_alexnet_max/checkpoints/model_best.pth.tar'
2020-02-08 10:42:31,055 => loaded checkpoint '/home/annora/NetVLAD/output/runs/2020-01-12-23-53-56_alexnet_max/checkpoints/model_best.pth.tar' 
2020-02-08 10:42:31,055 ===> Training model
2020-02-08 10:42:31,057 ===> Saving state to: /home/annora/NetVLAD/output/runs/2020-02-08-10-42-31_alexnet_max
2020-02-08 10:42:31,058 ====> Building Cache
2020-02-08 10:42:31,058 feature cache--->>> /home/annora/NetVLAD/output/train_feat_cache0.hdf5
2020-02-08 10:43:10,116 Allocated:99.34619140625 MB
2020-02-08 10:43:10,117 Cached:2864.375 MB
2020-02-08 10:45:46,429 ==> Epoch[1](50/610): Loss: 0.3151
2020-02-08 10:45:46,431 Allocated:121.28369140625 MB
2020-02-08 10:45:46,431 Cached:6741.375 MB
2020-02-08 10:47:32,841 ==> Epoch[1](100/610): Loss: 0.3132
2020-02-08 10:47:32,843 Allocated:120.53369140625 MB
2020-02-08 10:47:32,843 Cached:6741.375 MB
2020-02-08 10:49:18,525 ==> Epoch[1](150/610): Loss: 0.3100
2020-02-08 10:49:18,526 Allocated:121.53369140625 MB
2020-02-08 10:49:18,526 Cached:6741.375 MB
2020-02-08 10:51:05,513 ==> Epoch[1](200/610): Loss: 0.3125
2020-02-08 10:51:05,514 Allocated:121.28369140625 MB
2020-02-08 10:51:05,515 Cached:6741.375 MB
2020-02-08 10:51:14,842 ====> Building Cache
2020-02-08 10:51:14,842 feature cache--->>> /home/annora/NetVLAD/output/train_feat_cache0.hdf5
2020-02-08 10:51:50,936 Allocated:122.533203125 MB
2020-02-08 10:51:50,937 Cached:2919.5 MB
2020-02-08 10:54:19,325 ==> Epoch[1](250/610): Loss: 0.3152
2020-02-08 10:54:19,327 Allocated:120.53369140625 MB
2020-02-08 10:54:19,327 Cached:6794.5 MB
2020-02-08 10:56:12,173 ==> Epoch[1](300/610): Loss: 0.3161
2020-02-08 10:56:12,176 Allocated:121.53369140625 MB
2020-02-08 10:56:12,176 Cached:6794.5 MB
2020-02-08 10:58:05,832 ==> Epoch[1](350/610): Loss: 0.3150
2020-02-08 10:58:05,833 Allocated:121.28369140625 MB
2020-02-08 10:58:05,834 Cached:6794.5 MB
2020-02-08 10:59:52,728 ==> Epoch[1](400/610): Loss: 0.3153
2020-02-08 10:59:52,729 Allocated:120.53369140625 MB
2020-02-08 10:59:52,730 Cached:6794.5 MB
2020-02-08 11:00:09,922 ====> Building Cache
2020-02-08 11:00:09,923 feature cache--->>> /home/annora/NetVLAD/output/train_feat_cache0.hdf5
2020-02-08 11:00:42,704 Allocated:122.033203125 MB
2020-02-08 11:00:42,705 Cached:2919.5 MB
2020-02-08 11:02:55,222 ==> Epoch[1](450/610): Loss: 0.3162
2020-02-08 11:02:55,224 Allocated:121.53369140625 MB
2020-02-08 11:02:55,224 Cached:6793.5 MB
2020-02-08 11:04:50,619 ==> Epoch[1](500/610): Loss: 0.3160
2020-02-08 11:04:50,621 Allocated:121.28369140625 MB
2020-02-08 11:04:50,621 Cached:6793.5 MB
2020-02-08 11:06:41,423 ==> Epoch[1](550/610): Loss: 0.3164
2020-02-08 11:06:41,424 Allocated:120.53369140625 MB
2020-02-08 11:06:41,425 Cached:6793.5 MB
2020-02-08 11:08:29,379 ==> Epoch[1](600/610): Loss: 0.3161
2020-02-08 11:08:29,381 Allocated:121.53369140625 MB
2020-02-08 11:08:29,381 Cached:6793.5 MB
2020-02-08 11:08:55,513 ===> Epoch 1 Complete: Avg. Loss: 0.3164
2020-02-08 11:08:55,516 ====> Extracting Features
2020-02-08 11:09:13,498 ==> Batch (50/184)
2020-02-08 11:09:20,574 ==> Batch (100/184)
2020-02-08 11:09:27,153 ==> Batch (150/184)
2020-02-08 11:09:31,767 ====> Building faiss index
2020-02-08 11:09:31,775 ====> Calculating recall @ N
2020-02-08 11:09:33,983 ====> Recall@1: 0.1216
2020-02-08 11:09:33,984 ====> Recall@2: 0.1627
2020-02-08 11:09:33,984 ====> Recall@3: 0.1962
2020-02-08 11:09:33,984 ====> Recall@4: 0.2250
2020-02-08 11:09:33,985 ====> Recall@5: 0.2476
2020-02-08 11:09:33,985 ====> Recall@10: 0.3329
2020-02-08 11:09:33,985 ====> Recall@15: 0.3933
2020-02-08 11:09:33,985 ====> Recall@20: 0.4416
2020-02-08 11:09:33,985 ====> Recall@25: 0.4805
2020-02-08 11:09:34,235 ====> Building Cache
2020-02-08 11:09:34,236 feature cache--->>> /home/annora/NetVLAD/output/train_feat_cache0.hdf5
2020-02-08 11:10:08,128 Allocated:119.65869140625 MB
2020-02-08 11:10:08,129 Cached:2918.5 MB
2020-02-08 11:12:39,845 ==> Epoch[2](50/610): Loss: 0.3164
2020-02-08 11:12:39,847 Allocated:120.53369140625 MB
2020-02-08 11:12:39,847 Cached:6794.5 MB
2020-02-08 11:14:35,073 ==> Epoch[2](100/610): Loss: 0.3162
2020-02-08 11:14:35,075 Allocated:121.53369140625 MB
2020-02-08 11:14:35,075 Cached:6794.5 MB
2020-02-08 11:16:39,233 ==> Epoch[2](150/610): Loss: 0.3163
2020-02-08 11:16:39,235 Allocated:121.65869140625 MB
2020-02-08 11:16:39,235 Cached:6794.5 MB
2020-02-08 11:18:32,617 ==> Epoch[2](200/610): Loss: 0.3162
2020-02-08 11:18:32,619 Allocated:120.53369140625 MB
2020-02-08 11:18:32,619 Cached:6794.5 MB
2020-02-08 11:18:42,607 ====> Building Cache
2020-02-08 11:18:42,609 feature cache--->>> /home/annora/NetVLAD/output/train_feat_cache0.hdf5
2020-02-08 11:19:23,527 Allocated:121.908203125 MB
2020-02-08 11:19:23,528 Cached:2919.5 MB
2020-02-08 11:21:38,483 ==> Epoch[2](250/610): Loss: 0.3161
2020-02-08 11:21:38,484 Allocated:121.53369140625 MB
2020-02-08 11:21:38,484 Cached:6793.5 MB
2020-02-08 11:23:36,920 ==> Epoch[2](300/610): Loss: 0.3160
2020-02-08 11:23:36,922 Allocated:121.65869140625 MB
2020-02-08 11:23:36,922 Cached:6793.5 MB
2020-02-08 11:25:27,822 ==> Epoch[2](350/610): Loss: 0.3160
2020-02-08 11:25:27,823 Allocated:120.53369140625 MB
2020-02-08 11:25:27,823 Cached:6793.5 MB
2020-02-08 11:27:15,735 ==> Epoch[2](400/610): Loss: 0.3162
2020-02-08 11:27:15,736 Allocated:121.53369140625 MB
2020-02-08 11:27:15,737 Cached:6793.5 MB
2020-02-08 11:27:33,271 ====> Building Cache
2020-02-08 11:27:33,272 feature cache--->>> /home/annora/NetVLAD/output/train_feat_cache0.hdf5
2020-02-08 11:28:11,575 Allocated:121.533203125 MB
2020-02-08 11:28:11,576 Cached:2919.5 MB
2020-02-08 11:30:17,397 ==> Epoch[2](450/610): Loss: 0.3162
2020-02-08 11:30:17,399 Allocated:121.65869140625 MB
2020-02-08 11:30:17,400 Cached:6793.5 MB
2020-02-08 11:32:16,260 ==> Epoch[2](500/610): Loss: 0.3163
2020-02-08 11:32:16,262 Allocated:120.53369140625 MB
2020-02-08 11:32:16,262 Cached:6793.5 MB
2020-02-08 11:34:09,586 ==> Epoch[2](550/610): Loss: 0.3162
2020-02-08 11:34:09,587 Allocated:121.53369140625 MB
2020-02-08 11:34:09,588 Cached:6793.5 MB
2020-02-08 11:36:00,312 ==> Epoch[2](600/610): Loss: 0.3162
2020-02-08 11:36:00,314 Allocated:121.65869140625 MB
2020-02-08 11:36:00,315 Cached:6793.5 MB
2020-02-08 11:36:27,284 ===> Epoch 2 Complete: Avg. Loss: 0.3172
2020-02-08 11:36:27,286 ====> Extracting Features
2020-02-08 11:36:47,794 ==> Batch (50/184)
2020-02-08 11:36:56,470 ==> Batch (100/184)
2020-02-08 11:37:04,341 ==> Batch (150/184)
2020-02-08 11:37:09,017 ====> Building faiss index
2020-02-08 11:37:09,024 ====> Calculating recall @ N
2020-02-08 11:37:11,631 ====> Recall@1: 0.0000
2020-02-08 11:37:11,632 ====> Recall@2: 0.0000
2020-02-08 11:37:11,632 ====> Recall@3: 0.0000
2020-02-08 11:37:11,633 ====> Recall@4: 0.0000
2020-02-08 11:37:11,633 ====> Recall@5: 0.0000
2020-02-08 11:37:11,633 ====> Recall@10: 0.0000
2020-02-08 11:37:11,633 ====> Recall@15: 0.0000
2020-02-08 11:37:11,634 ====> Recall@20: 0.0000
2020-02-08 11:37:11,634 ====> Recall@25: 0.0000
2020-02-08 11:37:12,016 ====> Building Cache
2020-02-08 11:37:12,016 feature cache--->>> /home/annora/NetVLAD/output/train_feat_cache0.hdf5
2020-02-08 11:37:48,304 Allocated:120.53369140625 MB
2020-02-08 11:37:48,305 Cached:2918.5 MB
2020-02-08 11:40:13,101 ==> Epoch[3](50/610): Loss: 0.3162
2020-02-08 11:40:13,102 Allocated:121.03369140625 MB
2020-02-08 11:40:13,103 Cached:6793.5 MB
2020-02-08 11:42:01,841 ==> Epoch[3](100/610): Loss: 0.3162
2020-02-08 11:42:01,842 Allocated:120.53369140625 MB
2020-02-08 11:42:01,842 Cached:6793.5 MB
2020-02-08 11:43:53,029 ==> Epoch[3](150/610): Loss: 0.3162
2020-02-08 11:43:53,031 Allocated:122.53369140625 MB
2020-02-08 11:43:53,031 Cached:6793.5 MB
2020-02-08 11:45:49,208 ==> Epoch[3](200/610): Loss: 0.3162
2020-02-08 11:45:49,209 Allocated:121.03369140625 MB
2020-02-08 11:45:49,209 Cached:6793.5 MB
2020-02-08 11:45:58,451 ====> Building Cache
2020-02-08 11:45:58,452 feature cache--->>> /home/annora/NetVLAD/output/train_feat_cache0.hdf5
2020-02-08 11:46:38,308 Allocated:122.033203125 MB
2020-02-08 11:46:38,308 Cached:2919.5 MB
2020-02-08 11:48:57,120 ==> Epoch[3](250/610): Loss: 0.3162
2020-02-08 11:48:57,122 Allocated:120.53369140625 MB
2020-02-08 11:48:57,123 Cached:6794.5 MB
2020-02-08 11:50:50,616 ==> Epoch[3](300/610): Loss: 0.3162
2020-02-08 11:50:50,618 Allocated:122.53369140625 MB
2020-02-08 11:50:50,618 Cached:6794.5 MB
2020-02-08 11:52:41,335 ==> Epoch[3](350/610): Loss: 0.3162
2020-02-08 11:52:41,340 Allocated:121.03369140625 MB
2020-02-08 11:52:41,340 Cached:6794.5 MB
2020-02-08 11:54:39,748 ==> Epoch[3](400/610): Loss: 0.3162
2020-02-08 11:54:39,751 Allocated:120.53369140625 MB
2020-02-08 11:54:39,751 Cached:6794.5 MB
2020-02-08 11:55:04,867 ====> Building Cache
2020-02-08 11:55:04,868 feature cache--->>> /home/annora/NetVLAD/output/train_feat_cache0.hdf5
2020-02-08 11:55:41,067 Allocated:121.658203125 MB
2020-02-08 11:55:41,068 Cached:2919.5 MB
2020-02-08 11:57:50,387 ==> Epoch[3](450/610): Loss: 0.3162
2020-02-08 11:57:50,390 Allocated:122.53369140625 MB
2020-02-08 11:57:50,390 Cached:6793.5 MB
2020-02-08 11:59:41,781 ==> Epoch[3](500/610): Loss: 0.3162
2020-02-08 11:59:41,789 Allocated:121.03369140625 MB
2020-02-08 11:59:41,790 Cached:6793.5 MB
2020-02-08 12:01:30,502 ==> Epoch[3](550/610): Loss: 0.3162
2020-02-08 12:01:30,504 Allocated:120.53369140625 MB
2020-02-08 12:01:30,504 Cached:6793.5 MB
2020-02-08 12:03:22,011 ==> Epoch[3](600/610): Loss: 0.3162
2020-02-08 12:03:22,012 Allocated:122.53369140625 MB
2020-02-08 12:03:22,013 Cached:6793.5 MB
2020-02-08 12:03:51,433 ===> Epoch 3 Complete: Avg. Loss: 0.3173
2020-02-08 12:03:51,435 ====> Extracting Features
2020-02-08 12:04:11,447 ==> Batch (50/184)
2020-02-08 12:04:17,882 ==> Batch (100/184)
2020-02-08 12:04:24,784 ==> Batch (150/184)
2020-02-08 12:04:29,697 ====> Building faiss index
2020-02-08 12:04:29,705 ====> Calculating recall @ N
2020-02-08 12:04:32,360 ====> Recall@1: 0.0000
2020-02-08 12:04:32,361 ====> Recall@2: 0.0000
2020-02-08 12:04:32,361 ====> Recall@3: 0.0000
2020-02-08 12:04:32,361 ====> Recall@4: 0.0000
2020-02-08 12:04:32,362 ====> Recall@5: 0.0000
2020-02-08 12:04:32,362 ====> Recall@10: 0.0000
2020-02-08 12:04:32,362 ====> Recall@15: 0.0000
2020-02-08 12:04:32,362 ====> Recall@20: 0.0000
2020-02-08 12:04:32,362 ====> Recall@25: 0.0000
2020-02-08 12:04:32,791 ====> Building Cache
2020-02-08 12:04:32,792 feature cache--->>> /home/annora/NetVLAD/output/train_feat_cache0.hdf5
2020-02-08 12:05:14,406 Allocated:119.90869140625 MB
2020-02-08 12:05:14,406 Cached:2919.5 MB
2020-02-08 12:07:50,172 ==> Epoch[4](50/610): Loss: 0.3162
2020-02-08 12:07:50,174 Allocated:121.03369140625 MB
2020-02-08 12:07:50,174 Cached:6793.5 MB
2020-02-08 12:09:39,544 ==> Epoch[4](100/610): Loss: 0.3162
2020-02-08 12:09:39,546 Allocated:121.15869140625 MB
2020-02-08 12:09:39,546 Cached:6793.5 MB
2020-02-08 12:11:30,681 ==> Epoch[4](150/610): Loss: 0.3162
2020-02-08 12:11:30,682 Allocated:121.90869140625 MB
2020-02-08 12:11:30,683 Cached:6793.5 MB
2020-02-08 12:13:40,486 ==> Epoch[4](200/610): Loss: 0.3162
2020-02-08 12:13:40,487 Allocated:121.03369140625 MB
2020-02-08 12:13:40,488 Cached:6793.5 MB
2020-02-08 12:13:50,555 ====> Building Cache
2020-02-08 12:13:50,556 feature cache--->>> /home/annora/NetVLAD/output/train_feat_cache0.hdf5
2020-02-08 12:14:39,958 Allocated:121.533203125 MB
2020-02-08 12:14:39,959 Cached:2919.5 MB
2020-02-08 12:16:59,354 ==> Epoch[4](250/610): Loss: 0.3162
2020-02-08 12:16:59,357 Allocated:121.15869140625 MB
2020-02-08 12:16:59,357 Cached:6794.5 MB
2020-02-08 12:18:46,657 ==> Epoch[4](300/610): Loss: 0.3162
2020-02-08 12:18:46,658 Allocated:121.90869140625 MB
2020-02-08 12:18:46,658 Cached:6794.5 MB
2020-02-08 12:20:40,845 ==> Epoch[4](350/610): Loss: 0.3162
2020-02-08 12:20:40,846 Allocated:121.03369140625 MB
2020-02-08 12:20:40,846 Cached:6794.5 MB
2020-02-08 12:22:39,234 ==> Epoch[4](400/610): Loss: 0.3162
2020-02-08 12:22:39,235 Allocated:121.15869140625 MB
2020-02-08 12:22:39,236 Cached:6794.5 MB
2020-02-08 12:22:59,064 ====> Building Cache
2020-02-08 12:22:59,065 feature cache--->>> /home/annora/NetVLAD/output/train_feat_cache0.hdf5
2020-02-08 12:23:34,293 Allocated:122.533203125 MB
2020-02-08 12:23:34,294 Cached:2919.5 MB
2020-02-08 12:25:48,605 ==> Epoch[4](450/610): Loss: 0.3162
2020-02-08 12:25:48,607 Allocated:121.90869140625 MB
2020-02-08 12:25:48,607 Cached:6793.5 MB
2020-02-08 12:27:37,312 ==> Epoch[4](500/610): Loss: 0.3162
2020-02-08 12:27:37,313 Allocated:121.03369140625 MB
2020-02-08 12:27:37,313 Cached:6793.5 MB
2020-02-08 12:29:28,916 ==> Epoch[4](550/610): Loss: 0.3162
2020-02-08 12:29:28,917 Allocated:121.15869140625 MB
2020-02-08 12:29:28,917 Cached:6793.5 MB
2020-02-08 12:31:16,957 ==> Epoch[4](600/610): Loss: 0.3162
2020-02-08 12:31:16,959 Allocated:121.90869140625 MB
2020-02-08 12:31:16,959 Cached:6793.5 MB
2020-02-08 12:31:43,595 ===> Epoch 4 Complete: Avg. Loss: 0.3173
2020-02-08 12:31:43,598 ====> Extracting Features
2020-02-08 12:32:06,767 ==> Batch (50/184)
2020-02-08 12:32:14,256 ==> Batch (100/184)
2020-02-08 12:32:21,834 ==> Batch (150/184)
2020-02-08 12:32:27,109 ====> Building faiss index
2020-02-08 12:32:27,120 ====> Calculating recall @ N
2020-02-08 12:32:29,808 ====> Recall@1: 0.0000
2020-02-08 12:32:29,809 ====> Recall@2: 0.0000
2020-02-08 12:32:29,809 ====> Recall@3: 0.0000
2020-02-08 12:32:29,810 ====> Recall@4: 0.0000
2020-02-08 12:32:29,810 ====> Recall@5: 0.0000
2020-02-08 12:32:29,810 ====> Recall@10: 0.0000
2020-02-08 12:32:29,810 ====> Recall@15: 0.0000
2020-02-08 12:32:29,810 ====> Recall@20: 0.0000
2020-02-08 12:32:29,810 ====> Recall@25: 0.0000
2020-02-08 12:32:30,245 ====> Building Cache
2020-02-08 12:32:30,246 feature cache--->>> /home/annora/NetVLAD/output/train_feat_cache0.hdf5
2020-02-08 12:33:12,982 Allocated:120.03369140625 MB
2020-02-08 12:33:12,983 Cached:2919.5 MB
2020-02-08 12:35:42,295 ==> Epoch[5](50/610): Loss: 0.3162
2020-02-08 12:35:42,297 Allocated:120.53369140625 MB
2020-02-08 12:35:42,297 Cached:6794.5 MB
2020-02-08 12:37:36,199 ==> Epoch[5](100/610): Loss: 0.3162
2020-02-08 12:37:36,201 Allocated:121.03369140625 MB
2020-02-08 12:37:36,201 Cached:6794.5 MB
2020-02-08 12:39:28,231 ==> Epoch[5](150/610): Loss: 0.3162
2020-02-08 12:39:28,232 Allocated:122.03369140625 MB
2020-02-08 12:39:28,232 Cached:6794.5 MB
2020-02-08 12:41:19,028 ==> Epoch[5](200/610): Loss: 0.3162
2020-02-08 12:41:19,029 Allocated:120.53369140625 MB
2020-02-08 12:41:19,030 Cached:6794.5 MB
2020-02-08 12:41:28,658 ====> Building Cache
2020-02-08 12:41:28,659 feature cache--->>> /home/annora/NetVLAD/output/train_feat_cache0.hdf5
2020-02-08 12:42:20,080 Allocated:121.658203125 MB
2020-02-08 12:42:20,080 Cached:2919.5 MB
2020-02-08 12:44:55,590 ==> Epoch[5](250/610): Loss: 0.3162
2020-02-08 12:44:55,592 Allocated:121.03369140625 MB
2020-02-08 12:44:55,592 Cached:6793.5 MB
2020-02-08 12:46:43,215 ==> Epoch[5](300/610): Loss: 0.3162
2020-02-08 12:46:43,216 Allocated:122.03369140625 MB
2020-02-08 12:46:43,217 Cached:6793.5 MB
2020-02-08 12:48:34,034 ==> Epoch[5](350/610): Loss: 0.3162
2020-02-08 12:48:34,036 Allocated:120.53369140625 MB
2020-02-08 12:48:34,036 Cached:6793.5 MB
2020-02-08 12:50:24,846 ==> Epoch[5](400/610): Loss: 0.3162
2020-02-08 12:50:24,848 Allocated:121.03369140625 MB
2020-02-08 12:50:24,849 Cached:6793.5 MB
2020-02-08 12:50:45,517 ====> Building Cache
2020-02-08 12:50:45,518 feature cache--->>> /home/annora/NetVLAD/output/train_feat_cache0.hdf5
2020-02-08 12:51:25,824 Allocated:121.908203125 MB
2020-02-08 12:51:25,825 Cached:2919.5 MB
2020-02-08 12:53:31,956 ==> Epoch[5](450/610): Loss: 0.3162
2020-02-08 12:53:31,958 Allocated:122.03369140625 MB
2020-02-08 12:53:31,958 Cached:6793.5 MB
2020-02-08 12:55:20,516 ==> Epoch[5](500/610): Loss: 0.3162
2020-02-08 12:55:20,517 Allocated:120.53369140625 MB
2020-02-08 12:55:20,518 Cached:6793.5 MB
2020-02-08 12:57:09,501 ==> Epoch[5](550/610): Loss: 0.3162
2020-02-08 12:57:09,503 Allocated:121.03369140625 MB
2020-02-08 12:57:09,503 Cached:6793.5 MB
2020-02-08 12:59:04,801 ==> Epoch[5](600/610): Loss: 0.3162
2020-02-08 12:59:04,803 Allocated:122.03369140625 MB
2020-02-08 12:59:04,803 Cached:6793.5 MB
2020-02-08 12:59:32,708 ===> Epoch 5 Complete: Avg. Loss: 0.3173
2020-02-08 12:59:32,710 ====> Extracting Features
2020-02-08 12:59:50,449 ==> Batch (50/184)
2020-02-08 12:59:56,622 ==> Batch (100/184)
2020-02-08 13:00:02,723 ==> Batch (150/184)
2020-02-08 13:00:06,796 ====> Building faiss index
2020-02-08 13:00:06,806 ====> Calculating recall @ N
2020-02-08 13:00:09,175 ====> Recall@1: 0.0109
2020-02-08 13:00:09,176 ====> Recall@2: 0.0193
2020-02-08 13:00:09,177 ====> Recall@3: 0.0279
2020-02-08 13:00:09,177 ====> Recall@4: 0.0354
2020-02-08 13:00:09,177 ====> Recall@5: 0.0452
2020-02-08 13:00:09,178 ====> Recall@10: 0.0900
2020-02-08 13:00:09,178 ====> Recall@15: 0.1253
2020-02-08 13:00:09,178 ====> Recall@20: 0.1491
2020-02-08 13:00:09,178 ====> Recall@25: 0.1689
2020-02-08 13:00:09,542 ====> Building Cache
2020-02-08 13:00:09,543 feature cache--->>> /home/annora/NetVLAD/output/train_feat_cache0.hdf5
2020-02-08 13:00:47,086 Allocated:119.53369140625 MB
2020-02-08 13:00:47,087 Cached:2918.5 MB
2020-02-08 13:03:09,330 ==> Epoch[6](50/610): Loss: 0.3162
2020-02-08 13:03:09,332 Allocated:121.28369140625 MB
2020-02-08 13:03:09,333 Cached:6793.5 MB
2020-02-08 13:04:59,225 ==> Epoch[6](100/610): Loss: 0.3162
2020-02-08 13:04:59,227 Allocated:120.53369140625 MB
2020-02-08 13:04:59,227 Cached:6793.5 MB
2020-02-08 13:06:59,583 ==> Epoch[6](150/610): Loss: 0.3162
2020-02-08 13:06:59,585 Allocated:121.53369140625 MB
2020-02-08 13:06:59,585 Cached:6793.5 MB
2020-02-08 13:08:54,519 ==> Epoch[6](200/610): Loss: 0.3162
2020-02-08 13:08:54,521 Allocated:121.28369140625 MB
2020-02-08 13:08:54,521 Cached:6793.5 MB
2020-02-08 13:09:03,445 ====> Building Cache
2020-02-08 13:09:03,446 feature cache--->>> /home/annora/NetVLAD/output/train_feat_cache0.hdf5
2020-02-08 13:09:34,701 Allocated:122.533203125 MB
2020-02-08 13:09:34,702 Cached:2919.5 MB
2020-02-08 13:11:42,240 ==> Epoch[6](250/610): Loss: 0.3162
2020-02-08 13:11:42,243 Allocated:120.53369140625 MB
2020-02-08 13:11:42,243 Cached:6794.5 MB
2020-02-08 13:13:30,242 ==> Epoch[6](300/610): Loss: 0.3162
2020-02-08 13:13:30,244 Allocated:121.53369140625 MB
2020-02-08 13:13:30,244 Cached:6794.5 MB
2020-02-08 13:15:20,221 ==> Epoch[6](350/610): Loss: 0.3162
2020-02-08 13:15:20,222 Allocated:121.28369140625 MB
2020-02-08 13:15:20,222 Cached:6794.5 MB
2020-02-08 13:17:14,728 ==> Epoch[6](400/610): Loss: 0.3162
2020-02-08 13:17:14,729 Allocated:120.53369140625 MB
2020-02-08 13:17:14,730 Cached:6794.5 MB
2020-02-08 13:17:32,433 ====> Building Cache
2020-02-08 13:17:32,434 feature cache--->>> /home/annora/NetVLAD/output/train_feat_cache0.hdf5
2020-02-08 13:18:08,957 Allocated:122.033203125 MB
2020-02-08 13:18:08,958 Cached:2919.5 MB
2020-02-08 13:20:11,751 ==> Epoch[6](450/610): Loss: 0.3162
2020-02-08 13:20:11,753 Allocated:121.53369140625 MB
2020-02-08 13:20:11,753 Cached:6793.5 MB
2020-02-08 13:21:56,232 ==> Epoch[6](500/610): Loss: 0.3162
2020-02-08 13:21:56,234 Allocated:121.28369140625 MB
2020-02-08 13:21:56,234 Cached:6793.5 MB
2020-02-08 13:23:45,041 ==> Epoch[6](550/610): Loss: 0.3162
2020-02-08 13:23:45,042 Allocated:120.53369140625 MB
2020-02-08 13:23:45,042 Cached:6793.5 MB
2020-02-08 13:25:34,954 ==> Epoch[6](600/610): Loss: 0.3162
2020-02-08 13:25:34,956 Allocated:121.53369140625 MB
2020-02-08 13:25:34,956 Cached:6793.5 MB
2020-02-08 13:26:00,717 ===> Epoch 6 Complete: Avg. Loss: 0.3173
2020-02-08 13:26:00,718 ====> Extracting Features
2020-02-08 13:26:20,662 ==> Batch (50/184)
2020-02-08 13:26:28,083 ==> Batch (100/184)
2020-02-08 13:26:36,019 ==> Batch (150/184)
2020-02-08 13:26:40,976 ====> Building faiss index
2020-02-08 13:26:40,983 ====> Calculating recall @ N
2020-02-08 13:26:43,586 ====> Recall@1: 0.0000
2020-02-08 13:26:43,586 ====> Recall@2: 0.0000
2020-02-08 13:26:43,587 ====> Recall@3: 0.0000
2020-02-08 13:26:43,588 ====> Recall@4: 0.0000
2020-02-08 13:26:43,588 ====> Recall@5: 0.0000
2020-02-08 13:26:43,588 ====> Recall@10: 0.0000
2020-02-08 13:26:43,588 ====> Recall@15: 0.0000
2020-02-08 13:26:43,589 ====> Recall@20: 0.0000
2020-02-08 13:26:43,589 ====> Recall@25: 0.0000
2020-02-08 13:26:43,985 ====> Building Cache
2020-02-08 13:26:43,985 feature cache--->>> /home/annora/NetVLAD/output/train_feat_cache0.hdf5
2020-02-08 13:27:19,397 Allocated:119.65869140625 MB
2020-02-08 13:27:19,398 Cached:2919.5 MB
2020-02-08 13:29:41,627 ==> Epoch[7](50/610): Loss: 0.3162
2020-02-08 13:29:41,629 Allocated:120.53369140625 MB
2020-02-08 13:29:41,629 Cached:6793.5 MB
2020-02-08 13:31:28,216 ==> Epoch[7](100/610): Loss: 0.3162
2020-02-08 13:31:28,217 Allocated:121.53369140625 MB
2020-02-08 13:31:28,218 Cached:6793.5 MB
2020-02-08 13:33:23,903 ==> Epoch[7](150/610): Loss: 0.3162
2020-02-08 13:33:23,905 Allocated:121.65869140625 MB
2020-02-08 13:33:23,906 Cached:6793.5 MB
2020-02-08 13:35:16,606 ==> Epoch[7](200/610): Loss: 0.3162
2020-02-08 13:35:16,608 Allocated:120.53369140625 MB
2020-02-08 13:35:16,608 Cached:6793.5 MB
2020-02-08 13:35:25,352 ====> Building Cache
2020-02-08 13:35:25,353 feature cache--->>> /home/annora/NetVLAD/output/train_feat_cache0.hdf5
2020-02-08 13:36:01,248 Allocated:121.908203125 MB
2020-02-08 13:36:01,249 Cached:2919.5 MB
2020-02-08 13:38:14,247 ==> Epoch[7](250/610): Loss: 0.3162
2020-02-08 13:38:14,248 Allocated:121.53369140625 MB
2020-02-08 13:38:14,248 Cached:6794.5 MB
2020-02-08 13:39:59,144 ==> Epoch[7](300/610): Loss: 0.3162
2020-02-08 13:39:59,145 Allocated:121.65869140625 MB
2020-02-08 13:39:59,145 Cached:6794.5 MB
2020-02-08 13:41:46,395 ==> Epoch[7](350/610): Loss: 0.3162
2020-02-08 13:41:46,397 Allocated:120.53369140625 MB
2020-02-08 13:41:46,397 Cached:6794.5 MB
2020-02-08 13:43:40,388 ==> Epoch[7](400/610): Loss: 0.3162
2020-02-08 13:43:40,390 Allocated:121.53369140625 MB
2020-02-08 13:43:40,390 Cached:6794.5 MB
2020-02-08 13:43:58,607 ====> Building Cache
2020-02-08 13:43:58,608 feature cache--->>> /home/annora/NetVLAD/output/train_feat_cache0.hdf5
2020-02-08 13:44:36,441 Allocated:121.533203125 MB
2020-02-08 13:44:36,442 Cached:2919.5 MB
2020-02-08 13:46:56,808 ==> Epoch[7](450/610): Loss: 0.3162
2020-02-08 13:46:56,810 Allocated:121.65869140625 MB
2020-02-08 13:46:56,810 Cached:6793.5 MB
2020-02-08 13:48:44,087 ==> Epoch[7](500/610): Loss: 0.3162
2020-02-08 13:48:44,090 Allocated:120.53369140625 MB
2020-02-08 13:48:44,090 Cached:6793.5 MB
2020-02-08 13:50:35,838 ==> Epoch[7](550/610): Loss: 0.3162
2020-02-08 13:50:35,839 Allocated:121.53369140625 MB
2020-02-08 13:50:35,840 Cached:6793.5 MB
2020-02-08 13:52:34,802 ==> Epoch[7](600/610): Loss: 0.3162
2020-02-08 13:52:34,803 Allocated:121.65869140625 MB
2020-02-08 13:52:34,804 Cached:6793.5 MB
2020-02-08 13:53:02,470 ===> Epoch 7 Complete: Avg. Loss: 0.3173
2020-02-08 13:53:02,472 ====> Extracting Features
2020-02-08 13:53:22,513 ==> Batch (50/184)
2020-02-08 13:53:30,540 ==> Batch (100/184)
2020-02-08 13:53:39,461 ==> Batch (150/184)
2020-02-08 13:53:44,876 ====> Building faiss index
2020-02-08 13:53:44,887 ====> Calculating recall @ N
2020-02-08 13:53:47,581 ====> Recall@1: 0.0081
2020-02-08 13:53:47,582 ====> Recall@2: 0.0162
2020-02-08 13:53:47,582 ====> Recall@3: 0.0217
2020-02-08 13:53:47,582 ====> Recall@4: 0.0256
2020-02-08 13:53:47,583 ====> Recall@5: 0.0309
2020-02-08 13:53:47,583 ====> Recall@10: 0.0422
2020-02-08 13:53:47,583 ====> Recall@15: 0.0557
2020-02-08 13:53:47,583 ====> Recall@20: 0.0630
2020-02-08 13:53:47,583 ====> Recall@25: 0.0689
2020-02-08 13:53:47,984 ====> Building Cache
2020-02-08 13:53:47,985 feature cache--->>> /home/annora/NetVLAD/output/train_feat_cache0.hdf5
2020-02-08 13:54:27,378 Allocated:120.53369140625 MB
2020-02-08 13:54:27,379 Cached:2919.5 MB
2020-02-08 13:56:55,518 ==> Epoch[8](50/610): Loss: 0.3162
2020-02-08 13:56:55,521 Allocated:121.03369140625 MB
2020-02-08 13:56:55,521 Cached:6794.5 MB
2020-02-08 13:58:44,222 ==> Epoch[8](100/610): Loss: 0.3162
2020-02-08 13:58:44,224 Allocated:120.53369140625 MB
2020-02-08 13:58:44,224 Cached:6794.5 MB
2020-02-08 14:00:35,067 ==> Epoch[8](150/610): Loss: 0.3162
2020-02-08 14:00:35,068 Allocated:122.53369140625 MB
2020-02-08 14:00:35,068 Cached:6794.5 MB
2020-02-08 14:02:30,617 ==> Epoch[8](200/610): Loss: 0.3162
2020-02-08 14:02:30,619 Allocated:121.03369140625 MB
2020-02-08 14:02:30,620 Cached:6794.5 MB
2020-02-08 14:02:39,670 ====> Building Cache
2020-02-08 14:02:39,670 feature cache--->>> /home/annora/NetVLAD/output/train_feat_cache0.hdf5
2020-02-08 14:03:15,705 Allocated:122.033203125 MB
2020-02-08 14:03:15,705 Cached:2919.5 MB
2020-02-08 14:05:34,830 ==> Epoch[8](250/610): Loss: 0.3162
2020-02-08 14:05:34,832 Allocated:120.53369140625 MB
2020-02-08 14:05:34,832 Cached:6793.5 MB
2020-02-08 14:07:23,724 ==> Epoch[8](300/610): Loss: 0.3162
2020-02-08 14:07:23,725 Allocated:122.53369140625 MB
2020-02-08 14:07:23,726 Cached:6793.5 MB
2020-02-08 14:09:16,563 ==> Epoch[8](350/610): Loss: 0.3162
2020-02-08 14:09:16,564 Allocated:121.03369140625 MB
2020-02-08 14:09:16,565 Cached:6793.5 MB
2020-02-08 14:11:07,621 ==> Epoch[8](400/610): Loss: 0.3162
2020-02-08 14:11:07,623 Allocated:120.53369140625 MB
2020-02-08 14:11:07,623 Cached:6793.5 MB
2020-02-08 14:11:25,560 ====> Building Cache
2020-02-08 14:11:25,561 feature cache--->>> /home/annora/NetVLAD/output/train_feat_cache0.hdf5
2020-02-08 14:12:03,546 Allocated:121.658203125 MB
2020-02-08 14:12:03,546 Cached:2919.5 MB
2020-02-08 14:14:09,809 ==> Epoch[8](450/610): Loss: 0.3162
2020-02-08 14:14:09,811 Allocated:122.53369140625 MB
2020-02-08 14:14:09,811 Cached:6793.5 MB
2020-02-08 14:16:02,958 ==> Epoch[8](500/610): Loss: 0.3162
2020-02-08 14:16:02,959 Allocated:121.03369140625 MB
2020-02-08 14:16:02,960 Cached:6793.5 MB
2020-02-08 14:17:51,910 ==> Epoch[8](550/610): Loss: 0.3162
2020-02-08 14:17:51,912 Allocated:120.53369140625 MB
2020-02-08 14:17:51,912 Cached:6793.5 MB
2020-02-08 14:19:40,620 ==> Epoch[8](600/610): Loss: 0.3162
2020-02-08 14:19:40,621 Allocated:122.53369140625 MB
2020-02-08 14:19:40,622 Cached:6793.5 MB
2020-02-08 14:20:06,277 ===> Epoch 8 Complete: Avg. Loss: 0.3173
2020-02-08 14:20:06,279 ====> Extracting Features
2020-02-08 14:20:24,916 ==> Batch (50/184)
2020-02-08 14:20:32,408 ==> Batch (100/184)
2020-02-08 14:20:40,025 ==> Batch (150/184)
2020-02-08 14:20:45,298 ====> Building faiss index
2020-02-08 14:20:45,306 ====> Calculating recall @ N
2020-02-08 14:20:47,889 ====> Recall@1: 0.0008
2020-02-08 14:20:47,890 ====> Recall@2: 0.0037
2020-02-08 14:20:47,891 ====> Recall@3: 0.0078
2020-02-08 14:20:47,891 ====> Recall@4: 0.0085
2020-02-08 14:20:47,891 ====> Recall@5: 0.0093
2020-02-08 14:20:47,891 ====> Recall@10: 0.0100
2020-02-08 14:20:47,892 ====> Recall@15: 0.0108
2020-02-08 14:20:47,892 ====> Recall@20: 0.0108
2020-02-08 14:20:47,892 ====> Recall@25: 0.0108
2020-02-08 14:20:48,289 ====> Building Cache
2020-02-08 14:20:48,289 feature cache--->>> /home/annora/NetVLAD/output/train_feat_cache0.hdf5
2020-02-08 14:21:19,193 Allocated:119.90869140625 MB
2020-02-08 14:21:19,194 Cached:2918.5 MB
2020-02-08 14:23:55,332 ==> Epoch[9](50/610): Loss: 0.3162
2020-02-08 14:23:55,334 Allocated:121.03369140625 MB
2020-02-08 14:23:55,334 Cached:6793.5 MB
2020-02-08 14:25:44,033 ==> Epoch[9](100/610): Loss: 0.3162
2020-02-08 14:25:44,035 Allocated:121.15869140625 MB
2020-02-08 14:25:44,035 Cached:6793.5 MB
2020-02-08 14:27:38,968 ==> Epoch[9](150/610): Loss: 0.3162
2020-02-08 14:27:38,969 Allocated:121.90869140625 MB
2020-02-08 14:27:38,970 Cached:6793.5 MB
2020-02-08 14:29:33,881 ==> Epoch[9](200/610): Loss: 0.3162
2020-02-08 14:29:33,883 Allocated:121.03369140625 MB
2020-02-08 14:29:33,883 Cached:6793.5 MB
2020-02-08 14:29:43,336 ====> Building Cache
2020-02-08 14:29:43,337 feature cache--->>> /home/annora/NetVLAD/output/train_feat_cache0.hdf5
2020-02-08 14:30:17,743 Allocated:121.533203125 MB
2020-02-08 14:30:17,744 Cached:2919.5 MB
2020-02-08 14:32:30,079 ==> Epoch[9](250/610): Loss: 0.3162
2020-02-08 14:32:30,080 Allocated:121.15869140625 MB
2020-02-08 14:32:30,081 Cached:6794.5 MB
2020-02-08 14:34:21,771 ==> Epoch[9](300/610): Loss: 0.3162
2020-02-08 14:34:21,772 Allocated:121.90869140625 MB
2020-02-08 14:34:21,772 Cached:6794.5 MB
2020-02-08 14:36:17,083 ==> Epoch[9](350/610): Loss: 0.3162
2020-02-08 14:36:17,084 Allocated:121.03369140625 MB
2020-02-08 14:36:17,085 Cached:6794.5 MB
2020-02-08 14:38:07,374 ==> Epoch[9](400/610): Loss: 0.3162
2020-02-08 14:38:07,376 Allocated:121.15869140625 MB
2020-02-08 14:38:07,376 Cached:6794.5 MB
2020-02-08 14:38:23,927 ====> Building Cache
2020-02-08 14:38:23,927 feature cache--->>> /home/annora/NetVLAD/output/train_feat_cache0.hdf5
2020-02-08 14:38:54,933 Allocated:122.533203125 MB
2020-02-08 14:38:54,934 Cached:2919.5 MB
2020-02-08 14:40:59,809 ==> Epoch[9](450/610): Loss: 0.3162
2020-02-08 14:40:59,810 Allocated:121.90869140625 MB
2020-02-08 14:40:59,811 Cached:6793.5 MB
2020-02-08 14:42:58,413 ==> Epoch[9](500/610): Loss: 0.3162
2020-02-08 14:42:58,415 Allocated:121.03369140625 MB
2020-02-08 14:42:58,415 Cached:6793.5 MB
2020-02-08 14:44:51,120 ==> Epoch[9](550/610): Loss: 0.3162
2020-02-08 14:44:51,122 Allocated:121.15869140625 MB
2020-02-08 14:44:51,122 Cached:6793.5 MB
2020-02-08 14:46:39,550 ==> Epoch[9](600/610): Loss: 0.3162
2020-02-08 14:46:39,551 Allocated:121.90869140625 MB
2020-02-08 14:46:39,551 Cached:6793.5 MB
2020-02-08 14:47:05,183 ===> Epoch 9 Complete: Avg. Loss: 0.3173
2020-02-08 14:47:05,184 ====> Extracting Features
2020-02-08 14:47:23,647 ==> Batch (50/184)
2020-02-08 14:47:30,281 ==> Batch (100/184)
2020-02-08 14:47:36,484 ==> Batch (150/184)
2020-02-08 14:47:40,780 ====> Building faiss index
2020-02-08 14:47:40,789 ====> Calculating recall @ N
2020-02-08 14:47:43,272 ====> Recall@1: 0.0000
2020-02-08 14:47:43,273 ====> Recall@2: 0.0000
2020-02-08 14:47:43,273 ====> Recall@3: 0.0000
2020-02-08 14:47:43,273 ====> Recall@4: 0.0000
2020-02-08 14:47:43,273 ====> Recall@5: 0.0000
2020-02-08 14:47:43,273 ====> Recall@10: 0.0000
2020-02-08 14:47:43,274 ====> Recall@15: 0.0000
2020-02-08 14:47:43,274 ====> Recall@20: 0.0000
2020-02-08 14:47:43,274 ====> Recall@25: 0.0000
2020-02-08 14:47:43,639 ====> Building Cache
2020-02-08 14:47:43,640 feature cache--->>> /home/annora/NetVLAD/output/train_feat_cache0.hdf5
2020-02-08 14:48:13,237 Allocated:120.03369140625 MB
2020-02-08 14:48:13,237 Cached:2919.5 MB
2020-02-08 14:50:40,595 ==> Epoch[10](50/610): Loss: 0.3162
2020-02-08 14:50:40,597 Allocated:120.53369140625 MB
2020-02-08 14:50:40,597 Cached:6793.5 MB
2020-02-08 14:52:31,751 ==> Epoch[10](100/610): Loss: 0.3162
2020-02-08 14:52:31,753 Allocated:121.03369140625 MB
2020-02-08 14:52:31,753 Cached:6793.5 MB
2020-02-08 14:54:25,715 ==> Epoch[10](150/610): Loss: 0.3162
2020-02-08 14:54:25,716 Allocated:122.03369140625 MB
2020-02-08 14:54:25,716 Cached:6793.5 MB
2020-02-08 14:56:19,196 ==> Epoch[10](200/610): Loss: 0.3162
2020-02-08 14:56:19,198 Allocated:120.53369140625 MB
2020-02-08 14:56:19,198 Cached:6793.5 MB
2020-02-08 14:56:28,302 ====> Building Cache
2020-02-08 14:56:28,303 feature cache--->>> /home/annora/NetVLAD/output/train_feat_cache0.hdf5
2020-02-08 14:57:00,386 Allocated:121.658203125 MB
2020-02-08 14:57:00,386 Cached:2919.5 MB
2020-02-08 14:59:08,579 ==> Epoch[10](250/610): Loss: 0.3162
2020-02-08 14:59:08,580 Allocated:121.03369140625 MB
2020-02-08 14:59:08,581 Cached:6794.5 MB
2020-02-08 15:00:55,164 ==> Epoch[10](300/610): Loss: 0.3162
2020-02-08 15:00:55,166 Allocated:122.03369140625 MB
2020-02-08 15:00:55,166 Cached:6794.5 MB
2020-02-08 15:02:52,461 ==> Epoch[10](350/610): Loss: 0.3162
2020-02-08 15:02:52,463 Allocated:120.53369140625 MB
2020-02-08 15:02:52,463 Cached:6794.5 MB
2020-02-08 15:04:43,353 ==> Epoch[10](400/610): Loss: 0.3162
2020-02-08 15:04:43,354 Allocated:121.03369140625 MB
2020-02-08 15:04:43,355 Cached:6794.5 MB
2020-02-08 15:05:01,725 ====> Building Cache
2020-02-08 15:05:01,726 feature cache--->>> /home/annora/NetVLAD/output/train_feat_cache0.hdf5
2020-02-08 15:05:36,077 Allocated:121.908203125 MB
2020-02-08 15:05:36,078 Cached:2919.5 MB
2020-02-08 15:07:40,754 ==> Epoch[10](450/610): Loss: 0.3162
2020-02-08 15:07:40,755 Allocated:122.03369140625 MB
2020-02-08 15:07:40,756 Cached:6793.5 MB
2020-02-08 15:09:34,006 ==> Epoch[10](500/610): Loss: 0.3162
2020-02-08 15:09:34,007 Allocated:120.53369140625 MB
2020-02-08 15:09:34,008 Cached:6793.5 MB
2020-02-08 15:11:30,795 ==> Epoch[10](550/610): Loss: 0.3162
2020-02-08 15:11:30,797 Allocated:121.03369140625 MB
2020-02-08 15:11:30,797 Cached:6793.5 MB
2020-02-08 15:13:22,612 ==> Epoch[10](600/610): Loss: 0.3162
2020-02-08 15:13:22,613 Allocated:122.03369140625 MB
2020-02-08 15:13:22,613 Cached:6793.5 MB
2020-02-08 15:13:49,171 ===> Epoch 10 Complete: Avg. Loss: 0.3173
2020-02-08 15:13:49,173 ====> Extracting Features
2020-02-08 15:14:08,780 ==> Batch (50/184)
2020-02-08 15:14:16,853 ==> Batch (100/184)
2020-02-08 15:14:25,492 ==> Batch (150/184)
2020-02-08 15:14:32,046 ====> Building faiss index
2020-02-08 15:14:32,055 ====> Calculating recall @ N
2020-02-08 15:14:34,730 ====> Recall@1: 0.0000
2020-02-08 15:14:34,731 ====> Recall@2: 0.0000
2020-02-08 15:14:34,731 ====> Recall@3: 0.0000
2020-02-08 15:14:34,732 ====> Recall@4: 0.0000
2020-02-08 15:14:34,732 ====> Recall@5: 0.0000
2020-02-08 15:14:34,732 ====> Recall@10: 0.0000
2020-02-08 15:14:34,732 ====> Recall@15: 0.0000
2020-02-08 15:14:34,732 ====> Recall@20: 0.0000
2020-02-08 15:14:34,733 ====> Recall@25: 0.0000
2020-02-08 15:14:35,124 ====> Building Cache
2020-02-08 15:14:35,125 feature cache--->>> /home/annora/NetVLAD/output/train_feat_cache0.hdf5
2020-02-08 15:15:13,688 Allocated:119.53369140625 MB
2020-02-08 15:15:13,688 Cached:2919.5 MB
2020-02-08 15:17:54,356 ==> Epoch[11](50/610): Loss: 0.3162
2020-02-08 15:17:54,357 Allocated:121.28369140625 MB
2020-02-08 15:17:54,358 Cached:6794.5 MB
2020-02-08 15:19:49,174 ==> Epoch[11](100/610): Loss: 0.3162
2020-02-08 15:19:49,176 Allocated:120.53369140625 MB
2020-02-08 15:19:49,176 Cached:6794.5 MB
2020-02-08 15:21:38,894 ==> Epoch[11](150/610): Loss: 0.3162
2020-02-08 15:21:38,896 Allocated:121.53369140625 MB
2020-02-08 15:21:38,896 Cached:6794.5 MB
2020-02-08 15:23:35,226 ==> Epoch[11](200/610): Loss: 0.3162
2020-02-08 15:23:35,228 Allocated:121.28369140625 MB
2020-02-08 15:23:35,228 Cached:6794.5 MB
2020-02-08 15:23:44,244 ====> Building Cache
2020-02-08 15:23:44,245 feature cache--->>> /home/annora/NetVLAD/output/train_feat_cache0.hdf5
2020-02-08 15:24:18,305 Allocated:122.533203125 MB
2020-02-08 15:24:18,306 Cached:2919.5 MB
2020-02-08 15:26:37,314 ==> Epoch[11](250/610): Loss: 0.3162
2020-02-08 15:26:37,316 Allocated:120.53369140625 MB
2020-02-08 15:26:37,317 Cached:6793.5 MB
2020-02-08 15:28:28,398 ==> Epoch[11](300/610): Loss: 0.3162
2020-02-08 15:28:28,400 Allocated:121.53369140625 MB
2020-02-08 15:28:28,401 Cached:6793.5 MB
2020-02-08 15:30:20,222 ==> Epoch[11](350/610): Loss: 0.3162
2020-02-08 15:30:20,223 Allocated:121.28369140625 MB
2020-02-08 15:30:20,224 Cached:6793.5 MB
2020-02-08 15:32:10,727 ==> Epoch[11](400/610): Loss: 0.3162
2020-02-08 15:32:10,729 Allocated:120.53369140625 MB
2020-02-08 15:32:10,729 Cached:6793.5 MB
2020-02-08 15:32:28,386 ====> Building Cache
2020-02-08 15:32:28,387 feature cache--->>> /home/annora/NetVLAD/output/train_feat_cache0.hdf5
2020-02-08 15:33:01,421 Allocated:122.033203125 MB
2020-02-08 15:33:01,421 Cached:2919.5 MB
2020-02-08 15:35:08,877 ==> Epoch[11](450/610): Loss: 0.3162
2020-02-08 15:35:08,878 Allocated:121.53369140625 MB
2020-02-08 15:35:08,878 Cached:6793.5 MB
2020-02-08 15:37:03,002 ==> Epoch[11](500/610): Loss: 0.3162
2020-02-08 15:37:03,003 Allocated:121.28369140625 MB
2020-02-08 15:37:03,003 Cached:6793.5 MB
2020-02-08 15:38:52,177 ==> Epoch[11](550/610): Loss: 0.3162
2020-02-08 15:38:52,178 Allocated:120.53369140625 MB
2020-02-08 15:38:52,178 Cached:6793.5 MB
2020-02-08 15:40:39,734 ==> Epoch[11](600/610): Loss: 0.3162
2020-02-08 15:40:39,736 Allocated:121.53369140625 MB
2020-02-08 15:40:39,736 Cached:6793.5 MB
2020-02-08 15:41:06,203 ===> Epoch 11 Complete: Avg. Loss: 0.3173
2020-02-08 15:41:06,205 ====> Extracting Features
2020-02-08 15:41:26,190 ==> Batch (50/184)
2020-02-08 15:41:33,981 ==> Batch (100/184)
2020-02-08 15:41:43,796 ==> Batch (150/184)
2020-02-08 15:41:49,568 ====> Building faiss index
2020-02-08 15:41:49,577 ====> Calculating recall @ N
2020-02-08 15:41:52,530 ====> Recall@1: 0.0000
2020-02-08 15:41:52,530 ====> Recall@2: 0.0000
2020-02-08 15:41:52,531 ====> Recall@3: 0.0000
2020-02-08 15:41:52,531 ====> Recall@4: 0.0000
2020-02-08 15:41:52,531 ====> Recall@5: 0.0000
2020-02-08 15:41:52,532 ====> Recall@10: 0.0000
2020-02-08 15:41:52,532 ====> Recall@15: 0.0000
2020-02-08 15:41:52,532 ====> Recall@20: 0.0000
2020-02-08 15:41:52,532 ====> Recall@25: 0.0000
2020-02-08 15:41:52,930 ====> Building Cache
2020-02-08 15:41:52,931 feature cache--->>> /home/annora/NetVLAD/output/train_feat_cache0.hdf5
2020-02-08 15:42:33,879 Allocated:119.65869140625 MB
2020-02-08 15:42:33,879 Cached:2918.5 MB
2020-02-08 15:45:02,063 ==> Epoch[12](50/610): Loss: 0.3162
2020-02-08 15:45:02,065 Allocated:120.53369140625 MB
2020-02-08 15:45:02,065 Cached:6793.5 MB
2020-02-08 15:47:01,089 ==> Epoch[12](100/610): Loss: 0.3162
2020-02-08 15:47:01,090 Allocated:121.53369140625 MB
2020-02-08 15:47:01,090 Cached:6793.5 MB
2020-02-08 15:48:51,432 ==> Epoch[12](150/610): Loss: 0.3162
2020-02-08 15:48:51,433 Allocated:121.65869140625 MB
2020-02-08 15:48:51,434 Cached:6793.5 MB
2020-02-08 15:50:45,089 ==> Epoch[12](200/610): Loss: 0.3162
2020-02-08 15:50:45,091 Allocated:120.53369140625 MB
2020-02-08 15:50:45,091 Cached:6793.5 MB
2020-02-08 15:50:56,197 ====> Building Cache
2020-02-08 15:50:56,198 feature cache--->>> /home/annora/NetVLAD/output/train_feat_cache0.hdf5
2020-02-08 15:51:31,428 Allocated:121.908203125 MB
2020-02-08 15:51:31,429 Cached:2919.5 MB
2020-02-08 15:53:53,195 ==> Epoch[12](250/610): Loss: 0.3162
2020-02-08 15:53:53,197 Allocated:121.53369140625 MB
2020-02-08 15:53:53,197 Cached:6794.5 MB
2020-02-08 15:55:45,935 ==> Epoch[12](300/610): Loss: 0.3162
2020-02-08 15:55:45,937 Allocated:121.65869140625 MB
2020-02-08 15:55:45,937 Cached:6794.5 MB
2020-02-08 15:57:39,426 ==> Epoch[12](350/610): Loss: 0.3162
2020-02-08 15:57:39,427 Allocated:120.53369140625 MB
2020-02-08 15:57:39,427 Cached:6794.5 MB
2020-02-08 15:59:29,177 ==> Epoch[12](400/610): Loss: 0.3162
2020-02-08 15:59:29,178 Allocated:121.53369140625 MB
2020-02-08 15:59:29,178 Cached:6794.5 MB
2020-02-08 15:59:46,869 ====> Building Cache
2020-02-08 15:59:46,869 feature cache--->>> /home/annora/NetVLAD/output/train_feat_cache0.hdf5
2020-02-08 16:00:19,741 Allocated:121.533203125 MB
2020-02-08 16:00:19,742 Cached:2919.5 MB
2020-02-08 16:02:32,795 ==> Epoch[12](450/610): Loss: 0.3162
2020-02-08 16:02:32,797 Allocated:121.65869140625 MB
2020-02-08 16:02:32,797 Cached:6793.5 MB
2020-02-08 16:04:38,824 ==> Epoch[12](500/610): Loss: 0.3162
2020-02-08 16:04:38,826 Allocated:120.53369140625 MB
2020-02-08 16:04:38,827 Cached:6793.5 MB
2020-02-08 16:06:30,521 ==> Epoch[12](550/610): Loss: 0.3162
2020-02-08 16:06:30,523 Allocated:121.53369140625 MB
2020-02-08 16:06:30,523 Cached:6793.5 MB
2020-02-08 16:08:19,538 ==> Epoch[12](600/610): Loss: 0.3162
2020-02-08 16:08:19,540 Allocated:121.65869140625 MB
2020-02-08 16:08:19,540 Cached:6793.5 MB
2020-02-08 16:08:45,506 ===> Epoch 12 Complete: Avg. Loss: 0.3173
2020-02-08 16:08:45,508 ====> Extracting Features
2020-02-08 16:09:05,330 ==> Batch (50/184)
2020-02-08 16:09:12,214 ==> Batch (100/184)
2020-02-08 16:09:19,205 ==> Batch (150/184)
2020-02-08 16:09:23,876 ====> Building faiss index
2020-02-08 16:09:23,884 ====> Calculating recall @ N
2020-02-08 16:09:26,779 ====> Recall@1: 0.0000
2020-02-08 16:09:26,780 ====> Recall@2: 0.0000
2020-02-08 16:09:26,780 ====> Recall@3: 0.0000
2020-02-08 16:09:26,781 ====> Recall@4: 0.0000
2020-02-08 16:09:26,781 ====> Recall@5: 0.0000
2020-02-08 16:09:26,781 ====> Recall@10: 0.0000
2020-02-08 16:09:26,781 ====> Recall@15: 0.0000
2020-02-08 16:09:26,782 ====> Recall@20: 0.0000
2020-02-08 16:09:26,782 ====> Recall@25: 0.0000
2020-02-08 16:09:27,165 Performance did not improve for 10 epochs. Stopping.
2020-02-08 16:09:27,165 => Best Recall@5: 0.2476
2020-02-08 16:14:27,204 Finished...
2020-02-08 16:19:27,303 Finished...
