2020-02-06 09:38:20,822 Namespace(arch='alexnet', batchSize=12, cacheBatchSize=96, cachePath='/home/annora/NetVLAD/output/', cacheRefreshRate=3000, ckpt='best', contilearn=False, dataPath='/home/annora/NetVLAD/output/data/', dataset='pittsburgh', evalEvery=1, fromscratch=False, fromtask='/home/annora/NetVLAD/output/runs/2020-01-30-12-06-42_alexnet_netvlad', lr=0.001, lrGamma=0.5, lrStep=5, margin=0.1, mode='train', momentum=0.9, nEpochs=30, nGPU=1, nocuda=False, num_clusters=64, optim='SGD', patience=10, pooling='netvlad', premodel='imagenet', resume='', runsPath='/home/annora/NetVLAD/output/runs/', savePath='checkpoints', seed=123, split='val', start_epoch=0, threads=8, vladv2=False, weightDecay=0.001)
2020-02-06 09:38:20,877 ===> Loading dataset(s)
2020-02-06 09:38:20,878 trainfile ------>>>>>> pitts30k_train.mat
2020-02-06 09:38:23,121 ====> Training set: pitts30k_train.mat, query set count: 7320
2020-02-06 09:38:23,279 ===> Evaluating on val set: pitts30k_val.mat, query count: 7608
2020-02-06 09:38:23,279 ===> Building model
2020-02-06 09:38:23,327 encoder moder:
AlexNet(
  (conv1): Sequential(
    (0): Conv2d(3, 64, kernel_size=(11, 11), stride=(4, 4), padding=(2, 2))
    (1): ReLU(inplace)
    (2): MaxPool2d(kernel_size=3, stride=2, padding=0, dilation=1, ceil_mode=False)
  )
  (conv2): Sequential(
    (0): Conv2d(64, 192, kernel_size=(5, 5), stride=(1, 1), padding=(2, 2))
    (1): ReLU(inplace)
    (2): MaxPool2d(kernel_size=3, stride=2, padding=0, dilation=1, ceil_mode=False)
  )
  (conv3): Sequential(
    (0): Conv2d(192, 384, kernel_size=(3, 3), stride=(1, 1), padding=(1, 1))
    (1): ReLU(inplace)
  )
  (conv4): Sequential(
    (0): Conv2d(384, 256, kernel_size=(3, 3), stride=(1, 1), padding=(1, 1))
    (1): ReLU(inplace)
  )
  (conv5): Sequential(
    (0): Conv2d(256, 256, kernel_size=(3, 3), stride=(1, 1), padding=(1, 1))
  )
)
2020-02-06 09:38:27,436 => loading checkpoint '/home/annora/NetVLAD/output/runs/2020-01-30-12-06-42_alexnet_netvlad/checkpoints/model_best.pth.tar'
2020-02-06 09:38:27,498 => loaded checkpoint '/home/annora/NetVLAD/output/runs/2020-01-30-12-06-42_alexnet_netvlad/checkpoints/model_best.pth.tar' 
2020-02-06 09:38:27,498 ===> Training model
2020-02-06 09:38:27,500 ===> Saving state to: /home/annora/NetVLAD/output/runs/2020-02-06-09-38-27_alexnet_netvlad
2020-02-06 09:38:27,501 ====> Building Cache
2020-02-06 09:38:27,501 feature cache--->>> /home/annora/NetVLAD/output/train_feat_cache0.hdf5
2020-02-06 09:38:58,561 Allocated:11.71826171875 MB
2020-02-06 09:38:58,562 Cached:2776.125 MB
2020-02-06 09:40:34,922 ==> Epoch[1](50/610): Loss: 0.2032
2020-02-06 09:40:34,927 Allocated:33.15576171875 MB
2020-02-06 09:40:34,927 Cached:6669.125 MB
2020-02-06 09:41:37,588 ==> Epoch[1](100/610): Loss: 0.2299
2020-02-06 09:41:37,590 Allocated:33.15576171875 MB
2020-02-06 09:41:37,591 Cached:6669.125 MB
2020-02-06 09:42:39,544 ==> Epoch[1](150/610): Loss: 0.2230
2020-02-06 09:42:39,546 Allocated:33.15576171875 MB
2020-02-06 09:42:39,546 Cached:6669.125 MB
2020-02-06 09:43:48,432 ==> Epoch[1](200/610): Loss: 0.1852
2020-02-06 09:43:48,435 Allocated:33.15576171875 MB
2020-02-06 09:43:48,435 Cached:6669.125 MB
2020-02-06 09:43:55,609 ====> Building Cache
2020-02-06 09:43:55,610 feature cache--->>> /home/annora/NetVLAD/output/train_feat_cache0.hdf5
2020-02-06 09:44:24,382 Allocated:33.1552734375 MB
2020-02-06 09:44:24,383 Cached:3384.375 MB
2020-02-06 09:45:51,595 ==> Epoch[1](250/610): Loss: 0.2417
2020-02-06 09:45:51,597 Allocated:33.15576171875 MB
2020-02-06 09:45:51,598 Cached:8476.25 MB
2020-02-06 09:46:52,394 ==> Epoch[1](300/610): Loss: 0.2140
2020-02-06 09:46:52,396 Allocated:33.15576171875 MB
2020-02-06 09:46:52,397 Cached:8476.25 MB
2020-02-06 09:47:50,508 ==> Epoch[1](350/610): Loss: 0.1252
2020-02-06 09:47:50,511 Allocated:33.15576171875 MB
2020-02-06 09:47:50,512 Cached:8476.25 MB
2020-02-06 09:48:56,612 ==> Epoch[1](400/610): Loss: 0.1766
2020-02-06 09:48:56,614 Allocated:33.15576171875 MB
2020-02-06 09:48:56,614 Cached:8476.25 MB
2020-02-06 09:49:05,224 ====> Building Cache
2020-02-06 09:49:05,225 feature cache--->>> /home/annora/NetVLAD/output/train_feat_cache0.hdf5
2020-02-06 09:49:34,869 Allocated:33.1552734375 MB
2020-02-06 09:49:34,870 Cached:3384.375 MB
2020-02-06 09:51:05,141 ==> Epoch[1](450/610): Loss: 0.2193
2020-02-06 09:51:05,143 Allocated:33.15576171875 MB
2020-02-06 09:51:05,144 Cached:9761.0 MB
2020-02-06 09:52:10,698 ==> Epoch[1](500/610): Loss: 0.2341
2020-02-06 09:52:10,700 Allocated:33.15576171875 MB
2020-02-06 09:52:10,700 Cached:9761.0 MB
2020-02-06 09:53:25,705 ==> Epoch[1](550/610): Loss: 0.1700
2020-02-06 09:53:25,708 Allocated:33.15576171875 MB
2020-02-06 09:53:25,708 Cached:9761.0 MB
2020-02-06 09:54:39,708 ==> Epoch[1](600/610): Loss: 0.2185
2020-02-06 09:54:39,712 Allocated:33.15576171875 MB
2020-02-06 09:54:39,712 Cached:9761.0 MB
2020-02-06 09:55:01,504 ===> Epoch 1 Complete: Avg. Loss: 0.2145
2020-02-06 09:55:01,507 ====> Extracting Features
2020-02-06 09:55:18,433 ==> Batch (50/184)
2020-02-06 09:55:26,425 ==> Batch (100/184)
2020-02-06 09:55:34,725 ==> Batch (150/184)
2020-02-06 09:55:43,513 ====> Building faiss index
2020-02-06 09:55:44,264 ====> Calculating recall @ N
2020-02-06 09:55:51,469 ====> Recall@1: 0.5339
2020-02-06 09:55:51,470 ====> Recall@2: 0.6250
2020-02-06 09:55:51,470 ====> Recall@3: 0.6703
2020-02-06 09:55:51,471 ====> Recall@4: 0.7004
2020-02-06 09:55:51,471 ====> Recall@5: 0.7223
2020-02-06 09:55:51,472 ====> Recall@10: 0.7893
2020-02-06 09:55:51,472 ====> Recall@15: 0.8261
2020-02-06 09:55:51,472 ====> Recall@20: 0.8494
2020-02-06 09:55:51,472 ====> Recall@25: 0.8676
2020-02-06 09:55:51,655 ====> Building Cache
2020-02-06 09:55:51,656 feature cache--->>> /home/annora/NetVLAD/output/train_feat_cache0.hdf5
2020-02-06 09:56:24,590 Allocated:31.15576171875 MB
2020-02-06 09:56:24,590 Cached:3383.375 MB
2020-02-06 09:58:17,105 ==> Epoch[2](50/610): Loss: 0.1658
2020-02-06 09:58:17,107 Allocated:33.15576171875 MB
2020-02-06 09:58:17,107 Cached:7274.375 MB
2020-02-06 09:59:27,262 ==> Epoch[2](100/610): Loss: 0.1806
2020-02-06 09:59:27,264 Allocated:33.15576171875 MB
2020-02-06 09:59:27,265 Cached:7274.375 MB
2020-02-06 10:00:48,292 ==> Epoch[2](150/610): Loss: 0.1427
2020-02-06 10:00:48,294 Allocated:33.15576171875 MB
2020-02-06 10:00:48,294 Cached:7274.375 MB
2020-02-06 10:01:59,286 ==> Epoch[2](200/610): Loss: 0.2086
2020-02-06 10:01:59,288 Allocated:33.15576171875 MB
2020-02-06 10:01:59,288 Cached:7274.375 MB
2020-02-06 10:02:05,075 ====> Building Cache
2020-02-06 10:02:05,076 feature cache--->>> /home/annora/NetVLAD/output/train_feat_cache0.hdf5
2020-02-06 10:02:45,344 Allocated:33.1552734375 MB
2020-02-06 10:02:45,345 Cached:3384.375 MB
2020-02-06 10:04:25,028 ==> Epoch[2](250/610): Loss: 0.1926
2020-02-06 10:04:25,032 Allocated:33.15576171875 MB
2020-02-06 10:04:25,032 Cached:7274.375 MB
2020-02-06 10:05:36,336 ==> Epoch[2](300/610): Loss: 0.1752
2020-02-06 10:05:36,341 Allocated:33.15576171875 MB
2020-02-06 10:05:36,341 Cached:7274.375 MB
2020-02-06 10:06:48,524 ==> Epoch[2](350/610): Loss: 0.1268
2020-02-06 10:06:48,527 Allocated:33.15576171875 MB
2020-02-06 10:06:48,527 Cached:7274.375 MB
2020-02-06 10:08:17,467 ==> Epoch[2](400/610): Loss: 0.1458
2020-02-06 10:08:17,470 Allocated:33.15576171875 MB
2020-02-06 10:08:17,471 Cached:7274.375 MB
2020-02-06 10:08:29,417 ====> Building Cache
2020-02-06 10:08:29,418 feature cache--->>> /home/annora/NetVLAD/output/train_feat_cache0.hdf5
2020-02-06 10:09:04,948 Allocated:33.1552734375 MB
2020-02-06 10:09:04,948 Cached:3384.375 MB
2020-02-06 10:10:52,295 ==> Epoch[2](450/610): Loss: 0.2095
2020-02-06 10:10:52,298 Allocated:33.15576171875 MB
2020-02-06 10:10:52,299 Cached:7274.375 MB
2020-02-06 10:12:02,557 ==> Epoch[2](500/610): Loss: 0.2181
2020-02-06 10:12:02,559 Allocated:33.15576171875 MB
2020-02-06 10:12:02,559 Cached:7274.375 MB
2020-02-06 10:13:19,191 ==> Epoch[2](550/610): Loss: 0.1564
2020-02-06 10:13:19,193 Allocated:33.15576171875 MB
2020-02-06 10:13:19,194 Cached:7274.375 MB
2020-02-06 10:14:29,640 ==> Epoch[2](600/610): Loss: 0.1815
2020-02-06 10:14:29,643 Allocated:33.15576171875 MB
2020-02-06 10:14:29,643 Cached:7274.375 MB
2020-02-06 10:14:50,656 ===> Epoch 2 Complete: Avg. Loss: 0.1799
2020-02-06 10:14:50,660 ====> Extracting Features
2020-02-06 10:15:15,316 ==> Batch (50/184)
2020-02-06 10:15:23,735 ==> Batch (100/184)
2020-02-06 10:15:33,454 ==> Batch (150/184)
2020-02-06 10:15:40,573 ====> Building faiss index
2020-02-06 10:15:41,159 ====> Calculating recall @ N
2020-02-06 10:15:49,433 ====> Recall@1: 0.6487
2020-02-06 10:15:49,434 ====> Recall@2: 0.7269
2020-02-06 10:15:49,435 ====> Recall@3: 0.7656
2020-02-06 10:15:49,435 ====> Recall@4: 0.7914
2020-02-06 10:15:49,436 ====> Recall@5: 0.8101
2020-02-06 10:15:49,436 ====> Recall@10: 0.8611
2020-02-06 10:15:49,436 ====> Recall@15: 0.8881
2020-02-06 10:15:49,437 ====> Recall@20: 0.9054
2020-02-06 10:15:49,437 ====> Recall@25: 0.9185
2020-02-06 10:15:49,681 ====> Building Cache
2020-02-06 10:15:49,681 feature cache--->>> /home/annora/NetVLAD/output/train_feat_cache0.hdf5
2020-02-06 10:16:31,629 Allocated:31.15576171875 MB
2020-02-06 10:16:31,630 Cached:3384.375 MB
2020-02-06 10:18:27,832 ==> Epoch[3](50/610): Loss: 0.2052
2020-02-06 10:18:27,836 Allocated:33.15576171875 MB
2020-02-06 10:18:27,836 Cached:7274.375 MB
2020-02-06 10:19:36,536 ==> Epoch[3](100/610): Loss: 0.1340
2020-02-06 10:19:36,538 Allocated:33.15576171875 MB
2020-02-06 10:19:36,539 Cached:7274.375 MB
2020-02-06 10:20:56,086 ==> Epoch[3](150/610): Loss: 0.1842
2020-02-06 10:20:56,091 Allocated:33.15576171875 MB
2020-02-06 10:20:56,092 Cached:7274.375 MB
2020-02-06 10:22:07,816 ==> Epoch[3](200/610): Loss: 0.1288
2020-02-06 10:22:07,818 Allocated:33.15576171875 MB
2020-02-06 10:22:07,819 Cached:7274.375 MB
2020-02-06 10:22:16,618 ====> Building Cache
2020-02-06 10:22:16,619 feature cache--->>> /home/annora/NetVLAD/output/train_feat_cache0.hdf5
2020-02-06 10:23:02,028 Allocated:33.1552734375 MB
2020-02-06 10:23:02,029 Cached:3384.375 MB
2020-02-06 10:24:53,300 ==> Epoch[3](250/610): Loss: 0.1674
2020-02-06 10:24:53,303 Allocated:33.15576171875 MB
2020-02-06 10:24:53,303 Cached:3582.375 MB
2020-02-06 10:26:06,114 ==> Epoch[3](300/610): Loss: 0.1759
2020-02-06 10:26:06,117 Allocated:33.15576171875 MB
2020-02-06 10:26:06,117 Cached:3582.375 MB
2020-02-06 10:27:22,836 ==> Epoch[3](350/610): Loss: 0.1885
2020-02-06 10:27:22,838 Allocated:33.15576171875 MB
2020-02-06 10:27:22,838 Cached:3582.375 MB
2020-02-06 10:28:36,499 ==> Epoch[3](400/610): Loss: 0.1567
2020-02-06 10:28:36,501 Allocated:33.15576171875 MB
2020-02-06 10:28:36,501 Cached:3582.375 MB
2020-02-06 10:28:48,032 ====> Building Cache
2020-02-06 10:28:48,033 feature cache--->>> /home/annora/NetVLAD/output/train_feat_cache0.hdf5
2020-02-06 10:29:27,131 Allocated:33.1552734375 MB
2020-02-06 10:29:27,136 Cached:3384.375 MB
2020-02-06 10:31:15,740 ==> Epoch[3](450/610): Loss: 0.1576
2020-02-06 10:31:15,742 Allocated:33.15576171875 MB
2020-02-06 10:31:15,742 Cached:8476.25 MB
2020-02-06 10:32:29,076 ==> Epoch[3](500/610): Loss: 0.1731
2020-02-06 10:32:29,078 Allocated:33.15576171875 MB
2020-02-06 10:32:29,078 Cached:8476.25 MB
2020-02-06 10:33:39,059 ==> Epoch[3](550/610): Loss: 0.1880
2020-02-06 10:33:39,061 Allocated:33.15576171875 MB
2020-02-06 10:33:39,061 Cached:8476.25 MB
2020-02-06 10:34:54,285 ==> Epoch[3](600/610): Loss: 0.1405
2020-02-06 10:34:54,287 Allocated:33.15576171875 MB
2020-02-06 10:34:54,287 Cached:8476.25 MB
2020-02-06 10:35:11,386 ===> Epoch 3 Complete: Avg. Loss: 0.1612
2020-02-06 10:35:11,389 ====> Extracting Features
2020-02-06 10:35:30,307 ==> Batch (50/184)
2020-02-06 10:35:38,506 ==> Batch (100/184)
2020-02-06 10:35:45,579 ==> Batch (150/184)
2020-02-06 10:35:51,812 ====> Building faiss index
2020-02-06 10:35:52,366 ====> Calculating recall @ N
2020-02-06 10:35:59,535 ====> Recall@1: 0.6305
2020-02-06 10:35:59,536 ====> Recall@2: 0.7169
2020-02-06 10:35:59,537 ====> Recall@3: 0.7547
2020-02-06 10:35:59,537 ====> Recall@4: 0.7852
2020-02-06 10:35:59,537 ====> Recall@5: 0.8068
2020-02-06 10:35:59,537 ====> Recall@10: 0.8624
2020-02-06 10:35:59,538 ====> Recall@15: 0.8945
2020-02-06 10:35:59,538 ====> Recall@20: 0.9132
2020-02-06 10:35:59,538 ====> Recall@25: 0.9244
2020-02-06 10:35:59,714 ====> Building Cache
2020-02-06 10:35:59,714 feature cache--->>> /home/annora/NetVLAD/output/train_feat_cache0.hdf5
2020-02-06 10:36:35,037 Allocated:31.15576171875 MB
2020-02-06 10:36:35,037 Cached:3384.375 MB
2020-02-06 10:38:41,719 ==> Epoch[4](50/610): Loss: 0.1796
2020-02-06 10:38:41,721 Allocated:33.15576171875 MB
2020-02-06 10:38:41,722 Cached:5379.875 MB
2020-02-06 10:39:56,267 ==> Epoch[4](100/610): Loss: 0.1834
2020-02-06 10:39:56,269 Allocated:33.15576171875 MB
2020-02-06 10:39:56,270 Cached:5379.875 MB
2020-02-06 10:41:01,930 ==> Epoch[4](150/610): Loss: 0.1487
2020-02-06 10:41:01,933 Allocated:33.15576171875 MB
2020-02-06 10:41:01,933 Cached:5379.875 MB
2020-02-06 10:42:14,384 ==> Epoch[4](200/610): Loss: 0.1649
2020-02-06 10:42:14,386 Allocated:33.15576171875 MB
2020-02-06 10:42:14,386 Cached:5380.875 MB
2020-02-06 10:42:23,116 ====> Building Cache
2020-02-06 10:42:23,117 feature cache--->>> /home/annora/NetVLAD/output/train_feat_cache0.hdf5
2020-02-06 10:42:57,150 Allocated:33.1552734375 MB
2020-02-06 10:42:57,151 Cached:3384.375 MB
2020-02-06 10:44:40,636 ==> Epoch[4](250/610): Loss: 0.1397
2020-02-06 10:44:40,639 Allocated:33.15576171875 MB
2020-02-06 10:44:40,639 Cached:7274.375 MB
2020-02-06 10:46:03,413 ==> Epoch[4](300/610): Loss: 0.1555
2020-02-06 10:46:03,416 Allocated:33.15576171875 MB
2020-02-06 10:46:03,416 Cached:7274.375 MB
2020-02-06 10:47:29,792 ==> Epoch[4](350/610): Loss: 0.1411
2020-02-06 10:47:29,795 Allocated:33.15576171875 MB
2020-02-06 10:47:29,795 Cached:7274.375 MB
2020-02-06 10:48:41,625 ==> Epoch[4](400/610): Loss: 0.1299
2020-02-06 10:48:41,627 Allocated:33.15576171875 MB
2020-02-06 10:48:41,628 Cached:7274.375 MB
2020-02-06 10:48:48,923 ====> Building Cache
2020-02-06 10:48:48,923 feature cache--->>> /home/annora/NetVLAD/output/train_feat_cache0.hdf5
2020-02-06 10:49:25,384 Allocated:33.1552734375 MB
2020-02-06 10:49:25,385 Cached:3384.375 MB
2020-02-06 10:51:04,975 ==> Epoch[4](450/610): Loss: 0.2073
2020-02-06 10:51:04,977 Allocated:33.15576171875 MB
2020-02-06 10:51:04,977 Cached:9785.0 MB
2020-02-06 10:52:15,498 ==> Epoch[4](500/610): Loss: 0.1236
2020-02-06 10:52:15,500 Allocated:33.15576171875 MB
2020-02-06 10:52:15,500 Cached:9785.0 MB
2020-02-06 10:53:28,648 ==> Epoch[4](550/610): Loss: 0.1608
2020-02-06 10:53:28,650 Allocated:33.15576171875 MB
2020-02-06 10:53:28,650 Cached:9785.0 MB
2020-02-06 10:54:50,037 ==> Epoch[4](600/610): Loss: 0.1384
2020-02-06 10:54:50,040 Allocated:33.15576171875 MB
2020-02-06 10:54:50,040 Cached:9786.0 MB
2020-02-06 10:55:06,161 ===> Epoch 4 Complete: Avg. Loss: 0.1503
2020-02-06 10:55:06,162 ====> Extracting Features
2020-02-06 10:55:24,084 ==> Batch (50/184)
2020-02-06 10:55:30,127 ==> Batch (100/184)
2020-02-06 10:55:37,107 ==> Batch (150/184)
2020-02-06 10:55:43,872 ====> Building faiss index
2020-02-06 10:55:44,454 ====> Calculating recall @ N
2020-02-06 10:55:51,594 ====> Recall@1: 0.6367
2020-02-06 10:55:51,595 ====> Recall@2: 0.7192
2020-02-06 10:55:51,596 ====> Recall@3: 0.7601
2020-02-06 10:55:51,596 ====> Recall@4: 0.7865
2020-02-06 10:55:51,596 ====> Recall@5: 0.8076
2020-02-06 10:55:51,596 ====> Recall@10: 0.8605
2020-02-06 10:55:51,597 ====> Recall@15: 0.8921
2020-02-06 10:55:51,597 ====> Recall@20: 0.9097
2020-02-06 10:55:51,597 ====> Recall@25: 0.9231
2020-02-06 10:55:51,783 ====> Building Cache
2020-02-06 10:55:51,783 feature cache--->>> /home/annora/NetVLAD/output/train_feat_cache0.hdf5
2020-02-06 10:56:31,482 Allocated:31.15576171875 MB
2020-02-06 10:56:31,483 Cached:3384.375 MB
2020-02-06 10:58:24,716 ==> Epoch[5](50/610): Loss: 0.1931
2020-02-06 10:58:24,719 Allocated:33.15576171875 MB
2020-02-06 10:58:24,719 Cached:8520.875 MB
2020-02-06 10:59:42,808 ==> Epoch[5](100/610): Loss: 0.1325
2020-02-06 10:59:42,810 Allocated:33.15576171875 MB
2020-02-06 10:59:42,810 Cached:8520.875 MB
2020-02-06 11:01:00,818 ==> Epoch[5](150/610): Loss: 0.1449
2020-02-06 11:01:00,825 Allocated:33.15576171875 MB
2020-02-06 11:01:00,825 Cached:8520.875 MB
2020-02-06 11:02:18,430 ==> Epoch[5](200/610): Loss: 0.1448
2020-02-06 11:02:18,432 Allocated:33.15576171875 MB
2020-02-06 11:02:18,433 Cached:8520.875 MB
2020-02-06 11:02:28,038 ====> Building Cache
2020-02-06 11:02:28,039 feature cache--->>> /home/annora/NetVLAD/output/train_feat_cache0.hdf5
2020-02-06 11:02:57,556 Allocated:33.1552734375 MB
2020-02-06 11:02:57,557 Cached:3384.375 MB
2020-02-06 11:04:46,482 ==> Epoch[5](250/610): Loss: 0.1223
2020-02-06 11:04:46,486 Allocated:33.15576171875 MB
2020-02-06 11:04:46,486 Cached:9777.0 MB
2020-02-06 11:06:03,979 ==> Epoch[5](300/610): Loss: 0.1747
2020-02-06 11:06:03,982 Allocated:33.15576171875 MB
2020-02-06 11:06:03,983 Cached:9777.0 MB
2020-02-06 11:07:13,376 ==> Epoch[5](350/610): Loss: 0.0963
2020-02-06 11:07:13,380 Allocated:33.15576171875 MB
2020-02-06 11:07:13,380 Cached:9778.0 MB
2020-02-06 11:08:30,865 ==> Epoch[5](400/610): Loss: 0.1364
2020-02-06 11:08:30,867 Allocated:33.15576171875 MB
2020-02-06 11:08:30,868 Cached:9778.0 MB
2020-02-06 11:08:40,966 ====> Building Cache
2020-02-06 11:08:40,966 feature cache--->>> /home/annora/NetVLAD/output/train_feat_cache0.hdf5
2020-02-06 11:09:24,550 Allocated:33.1552734375 MB
2020-02-06 11:09:24,550 Cached:3384.375 MB
2020-02-06 11:11:02,689 ==> Epoch[5](450/610): Loss: 0.1224
2020-02-06 11:11:02,691 Allocated:33.15576171875 MB
2020-02-06 11:11:02,692 Cached:3581.375 MB
2020-02-06 11:12:19,131 ==> Epoch[5](500/610): Loss: 0.1843
2020-02-06 11:12:19,133 Allocated:33.15576171875 MB
2020-02-06 11:12:19,134 Cached:3582.375 MB
2020-02-06 11:13:26,446 ==> Epoch[5](550/610): Loss: 0.1660
2020-02-06 11:13:26,448 Allocated:33.15576171875 MB
2020-02-06 11:13:26,448 Cached:3582.375 MB
2020-02-06 11:14:34,975 ==> Epoch[5](600/610): Loss: 0.1530
2020-02-06 11:14:34,977 Allocated:33.15576171875 MB
2020-02-06 11:14:34,977 Cached:3582.375 MB
2020-02-06 11:14:50,132 ===> Epoch 5 Complete: Avg. Loss: 0.1366
2020-02-06 11:14:50,134 ====> Extracting Features
2020-02-06 11:15:13,287 ==> Batch (50/184)
2020-02-06 11:15:22,179 ==> Batch (100/184)
2020-02-06 11:15:29,320 ==> Batch (150/184)
2020-02-06 11:15:36,726 ====> Building faiss index
2020-02-06 11:15:37,299 ====> Calculating recall @ N
2020-02-06 11:15:46,883 ====> Recall@1: 0.6418
2020-02-06 11:15:46,884 ====> Recall@2: 0.7240
2020-02-06 11:15:46,885 ====> Recall@3: 0.7674
2020-02-06 11:15:46,885 ====> Recall@4: 0.7936
2020-02-06 11:15:46,885 ====> Recall@5: 0.8127
2020-02-06 11:15:46,885 ====> Recall@10: 0.8724
2020-02-06 11:15:46,886 ====> Recall@15: 0.8989
2020-02-06 11:15:46,886 ====> Recall@20: 0.9193
2020-02-06 11:15:46,886 ====> Recall@25: 0.9330
2020-02-06 11:15:47,116 ====> Building Cache
2020-02-06 11:15:47,116 feature cache--->>> /home/annora/NetVLAD/output/train_feat_cache0.hdf5
2020-02-06 11:16:28,225 Allocated:31.15576171875 MB
2020-02-06 11:16:28,225 Cached:3384.375 MB
2020-02-06 11:18:20,673 ==> Epoch[6](50/610): Loss: 0.1218
2020-02-06 11:18:20,678 Allocated:33.15576171875 MB
2020-02-06 11:18:20,678 Cached:4880.625 MB
2020-02-06 11:19:37,905 ==> Epoch[6](100/610): Loss: 0.1185
2020-02-06 11:19:37,907 Allocated:33.15576171875 MB
2020-02-06 11:19:37,908 Cached:4880.625 MB
2020-02-06 11:20:48,350 ==> Epoch[6](150/610): Loss: 0.1531
2020-02-06 11:20:48,353 Allocated:33.15576171875 MB
2020-02-06 11:20:48,354 Cached:4880.625 MB
2020-02-06 11:21:59,795 ==> Epoch[6](200/610): Loss: 0.1364
2020-02-06 11:21:59,797 Allocated:33.15576171875 MB
2020-02-06 11:21:59,797 Cached:4881.625 MB
2020-02-06 11:22:07,775 ====> Building Cache
2020-02-06 11:22:07,776 feature cache--->>> /home/annora/NetVLAD/output/train_feat_cache0.hdf5
2020-02-06 11:22:44,948 Allocated:33.1552734375 MB
2020-02-06 11:22:44,948 Cached:3384.375 MB
2020-02-06 11:24:27,647 ==> Epoch[6](250/610): Loss: 0.1603
2020-02-06 11:24:27,650 Allocated:33.15576171875 MB
2020-02-06 11:24:27,650 Cached:6425.75 MB
2020-02-06 11:25:41,243 ==> Epoch[6](300/610): Loss: 0.1074
2020-02-06 11:25:41,247 Allocated:33.15576171875 MB
2020-02-06 11:25:41,248 Cached:6425.75 MB
2020-02-06 11:27:00,129 ==> Epoch[6](350/610): Loss: 0.1025
2020-02-06 11:27:00,131 Allocated:33.15576171875 MB
2020-02-06 11:27:00,132 Cached:6425.75 MB
2020-02-06 11:28:08,748 ==> Epoch[6](400/610): Loss: 0.0790
2020-02-06 11:28:08,750 Allocated:33.15576171875 MB
2020-02-06 11:28:08,750 Cached:6425.75 MB
2020-02-06 11:28:19,325 ====> Building Cache
2020-02-06 11:28:19,326 feature cache--->>> /home/annora/NetVLAD/output/train_feat_cache0.hdf5
2020-02-06 11:28:55,675 Allocated:33.1552734375 MB
2020-02-06 11:28:55,675 Cached:3384.375 MB
2020-02-06 11:30:39,262 ==> Epoch[6](450/610): Loss: 0.1336
2020-02-06 11:30:39,265 Allocated:33.15576171875 MB
2020-02-06 11:30:39,265 Cached:3572.25 MB
2020-02-06 11:32:04,794 ==> Epoch[6](500/610): Loss: 0.1256
2020-02-06 11:32:04,797 Allocated:33.15576171875 MB
2020-02-06 11:32:04,798 Cached:4880.625 MB
2020-02-06 11:33:11,141 ==> Epoch[6](550/610): Loss: 0.1193
2020-02-06 11:33:11,143 Allocated:33.15576171875 MB
2020-02-06 11:33:11,143 Cached:4880.625 MB
2020-02-06 11:34:21,589 ==> Epoch[6](600/610): Loss: 0.1489
2020-02-06 11:34:21,592 Allocated:33.15576171875 MB
2020-02-06 11:34:21,593 Cached:4880.625 MB
2020-02-06 11:34:37,969 ===> Epoch 6 Complete: Avg. Loss: 0.1386
2020-02-06 11:34:37,970 ====> Extracting Features
2020-02-06 11:34:55,891 ==> Batch (50/184)
2020-02-06 11:35:02,420 ==> Batch (100/184)
2020-02-06 11:35:09,317 ==> Batch (150/184)
2020-02-06 11:35:15,125 ====> Building faiss index
2020-02-06 11:35:15,636 ====> Calculating recall @ N
2020-02-06 11:35:22,494 ====> Recall@1: 0.6523
2020-02-06 11:35:22,495 ====> Recall@2: 0.7328
2020-02-06 11:35:22,495 ====> Recall@3: 0.7733
2020-02-06 11:35:22,496 ====> Recall@4: 0.8032
2020-02-06 11:35:22,496 ====> Recall@5: 0.8215
2020-02-06 11:35:22,496 ====> Recall@10: 0.8782
2020-02-06 11:35:22,496 ====> Recall@15: 0.9030
2020-02-06 11:35:22,497 ====> Recall@20: 0.9211
2020-02-06 11:35:22,497 ====> Recall@25: 0.9322
2020-02-06 11:35:22,739 ====> Building Cache
2020-02-06 11:35:22,739 feature cache--->>> /home/annora/NetVLAD/output/train_feat_cache0.hdf5
2020-02-06 11:35:59,999 Allocated:31.15576171875 MB
2020-02-06 11:35:59,999 Cached:3384.375 MB
2020-02-06 11:37:57,295 ==> Epoch[7](50/610): Loss: 0.1104
2020-02-06 11:37:57,297 Allocated:33.15576171875 MB
2020-02-06 11:37:57,298 Cached:8485.875 MB
2020-02-06 11:39:17,680 ==> Epoch[7](100/610): Loss: 0.1406
2020-02-06 11:39:17,703 Allocated:33.15576171875 MB
2020-02-06 11:39:17,704 Cached:8485.875 MB
2020-02-06 11:40:28,841 ==> Epoch[7](150/610): Loss: 0.1250
2020-02-06 11:40:28,843 Allocated:33.15576171875 MB
2020-02-06 11:40:28,844 Cached:8485.875 MB
2020-02-06 11:41:41,468 ==> Epoch[7](200/610): Loss: 0.1452
2020-02-06 11:41:41,469 Allocated:33.15576171875 MB
2020-02-06 11:41:41,470 Cached:8485.875 MB
2020-02-06 11:41:48,633 ====> Building Cache
2020-02-06 11:41:48,633 feature cache--->>> /home/annora/NetVLAD/output/train_feat_cache0.hdf5
2020-02-06 11:42:22,820 Allocated:33.1552734375 MB
2020-02-06 11:42:22,820 Cached:3384.375 MB
2020-02-06 11:44:03,144 ==> Epoch[7](250/610): Loss: 0.1238
2020-02-06 11:44:03,147 Allocated:33.15576171875 MB
2020-02-06 11:44:03,147 Cached:5981.375 MB
2020-02-06 11:45:14,822 ==> Epoch[7](300/610): Loss: 0.1470
2020-02-06 11:45:14,824 Allocated:33.15576171875 MB
2020-02-06 11:45:14,825 Cached:5981.375 MB
2020-02-06 11:46:37,390 ==> Epoch[7](350/610): Loss: 0.1140
2020-02-06 11:46:37,392 Allocated:33.15576171875 MB
2020-02-06 11:46:37,392 Cached:5981.375 MB
2020-02-06 11:47:48,456 ==> Epoch[7](400/610): Loss: 0.1191
2020-02-06 11:47:48,459 Allocated:33.15576171875 MB
2020-02-06 11:47:48,459 Cached:5981.375 MB
2020-02-06 11:47:58,686 ====> Building Cache
2020-02-06 11:47:58,687 feature cache--->>> /home/annora/NetVLAD/output/train_feat_cache0.hdf5
2020-02-06 11:48:33,240 Allocated:33.1552734375 MB
2020-02-06 11:48:33,240 Cached:3384.375 MB
2020-02-06 11:50:14,440 ==> Epoch[7](450/610): Loss: 0.1552
2020-02-06 11:50:14,443 Allocated:33.15576171875 MB
2020-02-06 11:50:14,444 Cached:3582.375 MB
2020-02-06 11:51:22,485 ==> Epoch[7](500/610): Loss: 0.1066
2020-02-06 11:51:22,487 Allocated:33.15576171875 MB
2020-02-06 11:51:22,487 Cached:3582.375 MB
2020-02-06 11:52:34,163 ==> Epoch[7](550/610): Loss: 0.0884
2020-02-06 11:52:34,165 Allocated:33.15576171875 MB
2020-02-06 11:52:34,165 Cached:3582.375 MB
2020-02-06 11:53:53,914 ==> Epoch[7](600/610): Loss: 0.0864
2020-02-06 11:53:53,921 Allocated:33.15576171875 MB
2020-02-06 11:53:53,921 Cached:3582.375 MB
2020-02-06 11:54:13,308 ===> Epoch 7 Complete: Avg. Loss: 0.1299
2020-02-06 11:54:13,311 ====> Extracting Features
2020-02-06 11:54:31,738 ==> Batch (50/184)
2020-02-06 11:54:39,695 ==> Batch (100/184)
2020-02-06 11:54:47,384 ==> Batch (150/184)
2020-02-06 11:54:54,087 ====> Building faiss index
2020-02-06 11:54:54,620 ====> Calculating recall @ N
2020-02-06 11:55:02,048 ====> Recall@1: 0.6451
2020-02-06 11:55:02,049 ====> Recall@2: 0.7308
2020-02-06 11:55:02,050 ====> Recall@3: 0.7697
2020-02-06 11:55:02,050 ====> Recall@4: 0.7985
2020-02-06 11:55:02,051 ====> Recall@5: 0.8151
2020-02-06 11:55:02,051 ====> Recall@10: 0.8688
2020-02-06 11:55:02,051 ====> Recall@15: 0.8989
2020-02-06 11:55:02,052 ====> Recall@20: 0.9147
2020-02-06 11:55:02,052 ====> Recall@25: 0.9274
2020-02-06 11:55:02,250 ====> Building Cache
2020-02-06 11:55:02,251 feature cache--->>> /home/annora/NetVLAD/output/train_feat_cache0.hdf5
2020-02-06 11:55:37,504 Allocated:31.15576171875 MB
2020-02-06 11:55:37,505 Cached:3384.375 MB
2020-02-06 11:57:33,331 ==> Epoch[8](50/610): Loss: 0.1226
2020-02-06 11:57:33,333 Allocated:33.15576171875 MB
2020-02-06 11:57:33,334 Cached:7197.75 MB
2020-02-06 11:58:38,925 ==> Epoch[8](100/610): Loss: 0.1200
2020-02-06 11:58:38,927 Allocated:33.15576171875 MB
2020-02-06 11:58:38,927 Cached:8505.125 MB
2020-02-06 11:59:51,023 ==> Epoch[8](150/610): Loss: 0.1127
2020-02-06 11:59:51,025 Allocated:33.15576171875 MB
2020-02-06 11:59:51,025 Cached:8505.125 MB
2020-02-06 12:01:09,119 ==> Epoch[8](200/610): Loss: 0.1163
2020-02-06 12:01:09,121 Allocated:33.15576171875 MB
2020-02-06 12:01:09,121 Cached:8505.125 MB
2020-02-06 12:01:16,672 ====> Building Cache
2020-02-06 12:01:16,673 feature cache--->>> /home/annora/NetVLAD/output/train_feat_cache0.hdf5
2020-02-06 12:01:55,328 Allocated:33.1552734375 MB
2020-02-06 12:01:55,328 Cached:3384.375 MB
2020-02-06 12:03:36,158 ==> Epoch[8](250/610): Loss: 0.1642
2020-02-06 12:03:36,161 Allocated:33.15576171875 MB
2020-02-06 12:03:36,161 Cached:3102.75 MB
2020-02-06 12:04:46,071 ==> Epoch[8](300/610): Loss: 0.0734
2020-02-06 12:04:46,073 Allocated:33.15576171875 MB
2020-02-06 12:04:46,073 Cached:5588.0 MB
2020-02-06 12:06:01,173 ==> Epoch[8](350/610): Loss: 0.1590
2020-02-06 12:06:01,175 Allocated:33.15576171875 MB
2020-02-06 12:06:01,176 Cached:5588.0 MB
2020-02-06 12:07:07,100 ==> Epoch[8](400/610): Loss: 0.1535
2020-02-06 12:07:07,102 Allocated:33.15576171875 MB
2020-02-06 12:07:07,102 Cached:5588.0 MB
2020-02-06 12:07:15,354 ====> Building Cache
2020-02-06 12:07:15,355 feature cache--->>> /home/annora/NetVLAD/output/train_feat_cache0.hdf5
2020-02-06 12:07:51,438 Allocated:33.1552734375 MB
2020-02-06 12:07:51,439 Cached:3384.375 MB
2020-02-06 12:09:37,625 ==> Epoch[8](450/610): Loss: 0.1677
2020-02-06 12:09:37,627 Allocated:33.15576171875 MB
2020-02-06 12:09:37,628 Cached:5379.875 MB
2020-02-06 12:10:50,587 ==> Epoch[8](500/610): Loss: 0.1126
2020-02-06 12:10:50,590 Allocated:33.15576171875 MB
2020-02-06 12:10:50,590 Cached:5379.875 MB
2020-02-06 12:12:03,580 ==> Epoch[8](550/610): Loss: 0.1464
2020-02-06 12:12:03,583 Allocated:33.15576171875 MB
2020-02-06 12:12:03,584 Cached:5379.875 MB
2020-02-06 12:13:08,369 ==> Epoch[8](600/610): Loss: 0.1573
2020-02-06 12:13:08,371 Allocated:33.15576171875 MB
2020-02-06 12:13:08,371 Cached:5379.875 MB
2020-02-06 12:13:22,673 ===> Epoch 8 Complete: Avg. Loss: 0.1279
2020-02-06 12:13:22,675 ====> Extracting Features
2020-02-06 12:13:43,890 ==> Batch (50/184)
2020-02-06 12:13:50,979 ==> Batch (100/184)
2020-02-06 12:13:58,786 ==> Batch (150/184)
2020-02-06 12:14:05,703 ====> Building faiss index
2020-02-06 12:14:06,268 ====> Calculating recall @ N
2020-02-06 12:14:13,364 ====> Recall@1: 0.6452
2020-02-06 12:14:13,366 ====> Recall@2: 0.7217
2020-02-06 12:14:13,366 ====> Recall@3: 0.7674
2020-02-06 12:14:13,367 ====> Recall@4: 0.7961
2020-02-06 12:14:13,367 ====> Recall@5: 0.8156
2020-02-06 12:14:13,367 ====> Recall@10: 0.8728
2020-02-06 12:14:13,368 ====> Recall@15: 0.9029
2020-02-06 12:14:13,368 ====> Recall@20: 0.9215
2020-02-06 12:14:13,368 ====> Recall@25: 0.9339
2020-02-06 12:14:13,564 ====> Building Cache
2020-02-06 12:14:13,565 feature cache--->>> /home/annora/NetVLAD/output/train_feat_cache0.hdf5
2020-02-06 12:14:50,850 Allocated:31.15576171875 MB
2020-02-06 12:14:50,851 Cached:3384.375 MB
2020-02-06 12:16:48,718 ==> Epoch[9](50/610): Loss: 0.0909
2020-02-06 12:16:48,733 Allocated:33.15576171875 MB
2020-02-06 12:16:48,734 Cached:8473.125 MB
2020-02-06 12:17:59,356 ==> Epoch[9](100/610): Loss: 0.1505
2020-02-06 12:17:59,360 Allocated:33.15576171875 MB
2020-02-06 12:17:59,361 Cached:8473.125 MB
2020-02-06 12:19:07,796 ==> Epoch[9](150/610): Loss: 0.1468
2020-02-06 12:19:07,798 Allocated:33.15576171875 MB
2020-02-06 12:19:07,799 Cached:8473.125 MB
2020-02-06 12:20:17,151 ==> Epoch[9](200/610): Loss: 0.1555
2020-02-06 12:20:17,153 Allocated:33.15576171875 MB
2020-02-06 12:20:17,153 Cached:8473.125 MB
2020-02-06 12:20:24,342 ====> Building Cache
2020-02-06 12:20:24,343 feature cache--->>> /home/annora/NetVLAD/output/train_feat_cache0.hdf5
2020-02-06 12:21:01,685 Allocated:33.1552734375 MB
2020-02-06 12:21:01,686 Cached:3384.375 MB
2020-02-06 12:22:41,358 ==> Epoch[9](250/610): Loss: 0.1345
2020-02-06 12:22:41,361 Allocated:33.15576171875 MB
2020-02-06 12:22:41,361 Cached:3580.375 MB
2020-02-06 12:23:56,118 ==> Epoch[9](300/610): Loss: 0.0998
2020-02-06 12:23:56,121 Allocated:33.15576171875 MB
2020-02-06 12:23:56,122 Cached:3582.375 MB
2020-02-06 12:25:14,385 ==> Epoch[9](350/610): Loss: 0.1607
2020-02-06 12:25:14,387 Allocated:33.15576171875 MB
2020-02-06 12:25:14,387 Cached:3582.375 MB
2020-02-06 12:26:25,906 ==> Epoch[9](400/610): Loss: 0.1225
2020-02-06 12:26:25,909 Allocated:33.15576171875 MB
2020-02-06 12:26:25,909 Cached:3582.375 MB
2020-02-06 12:26:34,244 ====> Building Cache
2020-02-06 12:26:34,244 feature cache--->>> /home/annora/NetVLAD/output/train_feat_cache0.hdf5
2020-02-06 12:27:10,755 Allocated:33.1552734375 MB
2020-02-06 12:27:10,756 Cached:3384.375 MB
2020-02-06 12:28:47,606 ==> Epoch[9](450/610): Loss: 0.1143
2020-02-06 12:28:47,609 Allocated:33.15576171875 MB
2020-02-06 12:28:47,609 Cached:8498.625 MB
2020-02-06 12:29:59,009 ==> Epoch[9](500/610): Loss: 0.0763
2020-02-06 12:29:59,011 Allocated:33.15576171875 MB
2020-02-06 12:29:59,012 Cached:8498.625 MB
2020-02-06 12:31:11,309 ==> Epoch[9](550/610): Loss: 0.0686
2020-02-06 12:31:11,313 Allocated:33.15576171875 MB
2020-02-06 12:31:11,313 Cached:8498.625 MB
2020-02-06 12:32:31,648 ==> Epoch[9](600/610): Loss: 0.0966
2020-02-06 12:32:31,650 Allocated:33.15576171875 MB
2020-02-06 12:32:31,651 Cached:8498.625 MB
2020-02-06 12:32:44,393 ===> Epoch 9 Complete: Avg. Loss: 0.1235
2020-02-06 12:32:44,395 ====> Extracting Features
2020-02-06 12:33:04,372 ==> Batch (50/184)
2020-02-06 12:33:12,231 ==> Batch (100/184)
2020-02-06 12:33:20,436 ==> Batch (150/184)
2020-02-06 12:33:27,216 ====> Building faiss index
2020-02-06 12:33:27,812 ====> Calculating recall @ N
2020-02-06 12:33:34,856 ====> Recall@1: 0.6439
2020-02-06 12:33:34,857 ====> Recall@2: 0.7250
2020-02-06 12:33:34,858 ====> Recall@3: 0.7676
2020-02-06 12:33:34,858 ====> Recall@4: 0.7934
2020-02-06 12:33:34,859 ====> Recall@5: 0.8135
2020-02-06 12:33:34,859 ====> Recall@10: 0.8695
2020-02-06 12:33:34,859 ====> Recall@15: 0.9002
2020-02-06 12:33:34,859 ====> Recall@20: 0.9194
2020-02-06 12:33:34,860 ====> Recall@25: 0.9317
2020-02-06 12:33:35,031 ====> Building Cache
2020-02-06 12:33:35,032 feature cache--->>> /home/annora/NetVLAD/output/train_feat_cache0.hdf5
2020-02-06 12:34:10,694 Allocated:31.15576171875 MB
2020-02-06 12:34:10,694 Cached:3384.375 MB
2020-02-06 12:36:03,671 ==> Epoch[10](50/610): Loss: 0.1500
2020-02-06 12:36:03,675 Allocated:33.15576171875 MB
2020-02-06 12:36:03,684 Cached:9630.375 MB
2020-02-06 12:37:17,013 ==> Epoch[10](100/610): Loss: 0.0952
2020-02-06 12:37:17,015 Allocated:33.15576171875 MB
2020-02-06 12:37:17,016 Cached:9630.375 MB
2020-02-06 12:38:24,464 ==> Epoch[10](150/610): Loss: 0.1192
2020-02-06 12:38:24,467 Allocated:33.15576171875 MB
2020-02-06 12:38:24,467 Cached:9630.375 MB
2020-02-06 12:39:43,130 ==> Epoch[10](200/610): Loss: 0.1257
2020-02-06 12:39:43,132 Allocated:33.15576171875 MB
2020-02-06 12:39:43,132 Cached:9630.375 MB
2020-02-06 12:39:50,470 ====> Building Cache
2020-02-06 12:39:50,471 feature cache--->>> /home/annora/NetVLAD/output/train_feat_cache0.hdf5
2020-02-06 12:40:25,550 Allocated:33.1552734375 MB
2020-02-06 12:40:25,551 Cached:3384.375 MB
2020-02-06 12:42:05,963 ==> Epoch[10](250/610): Loss: 0.1703
2020-02-06 12:42:05,965 Allocated:33.15576171875 MB
2020-02-06 12:42:05,965 Cached:9464.125 MB
2020-02-06 12:43:17,885 ==> Epoch[10](300/610): Loss: 0.0947
2020-02-06 12:43:17,887 Allocated:33.15576171875 MB
2020-02-06 12:43:17,887 Cached:9464.125 MB
2020-02-06 12:44:36,824 ==> Epoch[10](350/610): Loss: 0.1367
2020-02-06 12:44:36,827 Allocated:33.15576171875 MB
2020-02-06 12:44:36,827 Cached:9464.125 MB
2020-02-06 12:45:42,573 ==> Epoch[10](400/610): Loss: 0.0489
2020-02-06 12:45:42,575 Allocated:33.15576171875 MB
2020-02-06 12:45:42,575 Cached:7166.5 MB
2020-02-06 12:45:53,804 ====> Building Cache
2020-02-06 12:45:53,805 feature cache--->>> /home/annora/NetVLAD/output/train_feat_cache0.hdf5
2020-02-06 12:46:35,021 Allocated:33.1552734375 MB
2020-02-06 12:46:35,022 Cached:3384.375 MB
2020-02-06 12:48:16,753 ==> Epoch[10](450/610): Loss: 0.0964
2020-02-06 12:48:16,755 Allocated:33.15576171875 MB
2020-02-06 12:48:16,756 Cached:9708.25 MB
2020-02-06 12:49:22,596 ==> Epoch[10](500/610): Loss: 0.1183
2020-02-06 12:49:22,598 Allocated:33.15576171875 MB
2020-02-06 12:49:22,599 Cached:9708.25 MB
2020-02-06 12:50:31,835 ==> Epoch[10](550/610): Loss: 0.1363
2020-02-06 12:50:31,837 Allocated:33.15576171875 MB
2020-02-06 12:50:31,838 Cached:3581.375 MB
2020-02-06 12:51:43,415 ==> Epoch[10](600/610): Loss: 0.1271
2020-02-06 12:51:43,418 Allocated:33.15576171875 MB
2020-02-06 12:51:43,418 Cached:3582.375 MB
2020-02-06 12:52:00,569 ===> Epoch 10 Complete: Avg. Loss: 0.1204
2020-02-06 12:52:00,571 ====> Extracting Features
2020-02-06 12:52:21,124 ==> Batch (50/184)
2020-02-06 12:52:28,646 ==> Batch (100/184)
2020-02-06 12:52:36,746 ==> Batch (150/184)
2020-02-06 12:52:43,784 ====> Building faiss index
2020-02-06 12:52:44,360 ====> Calculating recall @ N
2020-02-06 12:52:51,286 ====> Recall@1: 0.6505
2020-02-06 12:52:51,287 ====> Recall@2: 0.7321
2020-02-06 12:52:51,288 ====> Recall@3: 0.7720
2020-02-06 12:52:51,288 ====> Recall@4: 0.7993
2020-02-06 12:52:51,288 ====> Recall@5: 0.8202
2020-02-06 12:52:51,288 ====> Recall@10: 0.8759
2020-02-06 12:52:51,289 ====> Recall@15: 0.9047
2020-02-06 12:52:51,289 ====> Recall@20: 0.9201
2020-02-06 12:52:51,289 ====> Recall@25: 0.9314
2020-02-06 12:52:51,483 ====> Building Cache
2020-02-06 12:52:51,483 feature cache--->>> /home/annora/NetVLAD/output/train_feat_cache0.hdf5
2020-02-06 12:53:30,718 Allocated:31.15576171875 MB
2020-02-06 12:53:30,719 Cached:3384.375 MB
2020-02-06 12:55:30,348 ==> Epoch[11](50/610): Loss: 0.1436
2020-02-06 12:55:30,351 Allocated:33.15576171875 MB
2020-02-06 12:55:30,351 Cached:9813.0 MB
2020-02-06 12:56:40,076 ==> Epoch[11](100/610): Loss: 0.1679
2020-02-06 12:56:40,079 Allocated:33.15576171875 MB
2020-02-06 12:56:40,079 Cached:9813.0 MB
2020-02-06 12:57:49,233 ==> Epoch[11](150/610): Loss: 0.1093
2020-02-06 12:57:49,238 Allocated:33.15576171875 MB
2020-02-06 12:57:49,239 Cached:9813.0 MB
2020-02-06 12:58:59,816 ==> Epoch[11](200/610): Loss: 0.1646
2020-02-06 12:58:59,818 Allocated:33.15576171875 MB
2020-02-06 12:58:59,818 Cached:9813.0 MB
2020-02-06 12:59:07,463 ====> Building Cache
2020-02-06 12:59:07,464 feature cache--->>> /home/annora/NetVLAD/output/train_feat_cache0.hdf5
2020-02-06 12:59:39,027 Allocated:33.1552734375 MB
2020-02-06 12:59:39,028 Cached:3384.375 MB
2020-02-06 13:01:27,840 ==> Epoch[11](250/610): Loss: 0.1163
2020-02-06 13:01:27,844 Allocated:33.15576171875 MB
2020-02-06 13:01:27,844 Cached:9606.875 MB
2020-02-06 13:02:45,471 ==> Epoch[11](300/610): Loss: 0.1335
2020-02-06 13:02:45,473 Allocated:33.15576171875 MB
2020-02-06 13:02:45,474 Cached:9606.875 MB
2020-02-06 13:04:01,681 ==> Epoch[11](350/610): Loss: 0.0457
2020-02-06 13:04:01,684 Allocated:33.15576171875 MB
2020-02-06 13:04:01,685 Cached:9606.875 MB
2020-02-06 13:05:08,611 ==> Epoch[11](400/610): Loss: 0.0402
2020-02-06 13:05:08,613 Allocated:33.15576171875 MB
2020-02-06 13:05:08,613 Cached:9606.875 MB
2020-02-06 13:05:19,252 ====> Building Cache
2020-02-06 13:05:19,252 feature cache--->>> /home/annora/NetVLAD/output/train_feat_cache0.hdf5
2020-02-06 13:05:56,103 Allocated:33.1552734375 MB
2020-02-06 13:05:56,104 Cached:3384.375 MB
2020-02-06 13:07:34,591 ==> Epoch[11](450/610): Loss: 0.1192
2020-02-06 13:07:34,593 Allocated:33.15576171875 MB
2020-02-06 13:07:34,594 Cached:8372.75 MB
2020-02-06 13:08:49,198 ==> Epoch[11](500/610): Loss: 0.1011
2020-02-06 13:08:49,200 Allocated:33.15576171875 MB
2020-02-06 13:08:49,201 Cached:8372.75 MB
2020-02-06 13:10:06,969 ==> Epoch[11](550/610): Loss: 0.1889
2020-02-06 13:10:06,972 Allocated:33.15576171875 MB
2020-02-06 13:10:06,972 Cached:8372.75 MB
2020-02-06 13:11:08,401 ==> Epoch[11](600/610): Loss: 0.1338
2020-02-06 13:11:08,403 Allocated:33.15576171875 MB
2020-02-06 13:11:08,404 Cached:8372.75 MB
2020-02-06 13:11:21,451 ===> Epoch 11 Complete: Avg. Loss: 0.1190
2020-02-06 13:11:21,453 ====> Extracting Features
2020-02-06 13:11:41,475 ==> Batch (50/184)
2020-02-06 13:11:47,193 ==> Batch (100/184)
2020-02-06 13:11:53,249 ==> Batch (150/184)
2020-02-06 13:12:00,314 ====> Building faiss index
2020-02-06 13:12:00,825 ====> Calculating recall @ N
2020-02-06 13:12:07,476 ====> Recall@1: 0.6494
2020-02-06 13:12:07,478 ====> Recall@2: 0.7315
2020-02-06 13:12:07,478 ====> Recall@3: 0.7717
2020-02-06 13:12:07,478 ====> Recall@4: 0.7978
2020-02-06 13:12:07,479 ====> Recall@5: 0.8178
2020-02-06 13:12:07,479 ====> Recall@10: 0.8728
2020-02-06 13:12:07,479 ====> Recall@15: 0.9030
2020-02-06 13:12:07,479 ====> Recall@20: 0.9210
2020-02-06 13:12:07,479 ====> Recall@25: 0.9309
2020-02-06 13:12:07,737 ====> Building Cache
2020-02-06 13:12:07,737 feature cache--->>> /home/annora/NetVLAD/output/train_feat_cache0.hdf5
2020-02-06 13:12:46,439 Allocated:31.15576171875 MB
2020-02-06 13:12:46,439 Cached:3384.375 MB
2020-02-06 13:14:36,725 ==> Epoch[12](50/610): Loss: 0.1392
2020-02-06 13:14:36,728 Allocated:33.15576171875 MB
2020-02-06 13:14:36,728 Cached:3581.375 MB
2020-02-06 13:15:45,260 ==> Epoch[12](100/610): Loss: 0.1255
2020-02-06 13:15:45,263 Allocated:33.15576171875 MB
2020-02-06 13:15:45,264 Cached:3582.375 MB
2020-02-06 13:17:07,191 ==> Epoch[12](150/610): Loss: 0.1431
2020-02-06 13:17:07,195 Allocated:33.15576171875 MB
2020-02-06 13:17:07,196 Cached:3583.375 MB
2020-02-06 13:18:15,741 ==> Epoch[12](200/610): Loss: 0.0924
2020-02-06 13:18:15,743 Allocated:33.15576171875 MB
2020-02-06 13:18:15,744 Cached:3583.375 MB
2020-02-06 13:18:24,628 ====> Building Cache
2020-02-06 13:18:24,629 feature cache--->>> /home/annora/NetVLAD/output/train_feat_cache0.hdf5
2020-02-06 13:19:00,208 Allocated:33.1552734375 MB
2020-02-06 13:19:00,209 Cached:3384.375 MB
2020-02-06 13:20:36,820 ==> Epoch[12](250/610): Loss: 0.0872
2020-02-06 13:20:36,822 Allocated:33.15576171875 MB
2020-02-06 13:20:36,823 Cached:5899.5 MB
2020-02-06 13:21:43,541 ==> Epoch[12](300/610): Loss: 0.1050
2020-02-06 13:21:43,543 Allocated:33.15576171875 MB
2020-02-06 13:21:43,544 Cached:7206.875 MB
2020-02-06 13:22:53,930 ==> Epoch[12](350/610): Loss: 0.1619
2020-02-06 13:22:53,933 Allocated:33.15576171875 MB
2020-02-06 13:22:53,933 Cached:7206.875 MB
2020-02-06 13:24:10,668 ==> Epoch[12](400/610): Loss: 0.1060
2020-02-06 13:24:10,670 Allocated:33.15576171875 MB
2020-02-06 13:24:10,671 Cached:7206.875 MB
2020-02-06 13:24:22,326 ====> Building Cache
2020-02-06 13:24:22,327 feature cache--->>> /home/annora/NetVLAD/output/train_feat_cache0.hdf5
2020-02-06 13:24:56,921 Allocated:33.1552734375 MB
2020-02-06 13:24:56,922 Cached:3384.375 MB
2020-02-06 13:26:33,537 ==> Epoch[12](450/610): Loss: 0.1281
2020-02-06 13:26:33,541 Allocated:33.15576171875 MB
2020-02-06 13:26:33,541 Cached:5803.125 MB
2020-02-06 13:27:37,073 ==> Epoch[12](500/610): Loss: 0.1170
2020-02-06 13:27:37,076 Allocated:33.15576171875 MB
2020-02-06 13:27:37,077 Cached:5803.125 MB
2020-02-06 13:28:46,395 ==> Epoch[12](550/610): Loss: 0.1406
2020-02-06 13:28:46,401 Allocated:33.15576171875 MB
2020-02-06 13:28:46,401 Cached:5803.125 MB
2020-02-06 13:29:52,735 ==> Epoch[12](600/610): Loss: 0.1249
2020-02-06 13:29:52,738 Allocated:33.15576171875 MB
2020-02-06 13:29:52,738 Cached:5803.125 MB
2020-02-06 13:30:07,046 ===> Epoch 12 Complete: Avg. Loss: 0.1163
2020-02-06 13:30:07,049 ====> Extracting Features
2020-02-06 13:30:28,208 ==> Batch (50/184)
2020-02-06 13:30:35,912 ==> Batch (100/184)
2020-02-06 13:30:42,936 ==> Batch (150/184)
2020-02-06 13:30:49,113 ====> Building faiss index
2020-02-06 13:30:49,657 ====> Calculating recall @ N
2020-02-06 13:30:58,017 ====> Recall@1: 0.6512
2020-02-06 13:30:58,018 ====> Recall@2: 0.7325
2020-02-06 13:30:58,019 ====> Recall@3: 0.7746
2020-02-06 13:30:58,019 ====> Recall@4: 0.8002
2020-02-06 13:30:58,019 ====> Recall@5: 0.8198
2020-02-06 13:30:58,020 ====> Recall@10: 0.8758
2020-02-06 13:30:58,020 ====> Recall@15: 0.9025
2020-02-06 13:30:58,020 ====> Recall@20: 0.9198
2020-02-06 13:30:58,020 ====> Recall@25: 0.9314
2020-02-06 13:30:58,226 ====> Building Cache
2020-02-06 13:30:58,226 feature cache--->>> /home/annora/NetVLAD/output/train_feat_cache0.hdf5
2020-02-06 13:31:32,903 Allocated:31.15576171875 MB
2020-02-06 13:31:32,903 Cached:3384.375 MB
2020-02-06 13:33:22,646 ==> Epoch[13](50/610): Loss: 0.2110
2020-02-06 13:33:22,648 Allocated:33.15576171875 MB
2020-02-06 13:33:22,648 Cached:4056.125 MB
2020-02-06 13:34:24,665 ==> Epoch[13](100/610): Loss: 0.1225
2020-02-06 13:34:24,667 Allocated:33.15576171875 MB
2020-02-06 13:34:24,668 Cached:6652.75 MB
2020-02-06 13:35:24,734 ==> Epoch[13](150/610): Loss: 0.0785
2020-02-06 13:35:24,735 Allocated:33.15576171875 MB
2020-02-06 13:35:24,736 Cached:6652.75 MB
2020-02-06 13:36:23,356 ==> Epoch[13](200/610): Loss: 0.1326
2020-02-06 13:36:23,358 Allocated:33.15576171875 MB
2020-02-06 13:36:23,359 Cached:6652.75 MB
2020-02-06 13:36:31,731 ====> Building Cache
2020-02-06 13:36:31,733 feature cache--->>> /home/annora/NetVLAD/output/train_feat_cache0.hdf5
2020-02-06 13:37:02,585 Allocated:33.1552734375 MB
2020-02-06 13:37:02,586 Cached:3384.375 MB
2020-02-06 13:38:35,176 ==> Epoch[13](250/610): Loss: 0.0779
2020-02-06 13:38:35,179 Allocated:33.15576171875 MB
2020-02-06 13:38:35,180 Cached:9635.5 MB
2020-02-06 13:39:37,784 ==> Epoch[13](300/610): Loss: 0.0870
2020-02-06 13:39:37,786 Allocated:33.15576171875 MB
2020-02-06 13:39:37,787 Cached:9635.5 MB
2020-02-06 13:40:47,352 ==> Epoch[13](350/610): Loss: 0.0938
2020-02-06 13:40:47,354 Allocated:33.15576171875 MB
2020-02-06 13:40:47,355 Cached:9635.5 MB
2020-02-06 13:41:46,089 ==> Epoch[13](400/610): Loss: 0.0430
2020-02-06 13:41:46,090 Allocated:33.15576171875 MB
2020-02-06 13:41:46,091 Cached:9635.5 MB
2020-02-06 13:41:54,492 ====> Building Cache
2020-02-06 13:41:54,493 feature cache--->>> /home/annora/NetVLAD/output/train_feat_cache0.hdf5
2020-02-06 13:42:24,985 Allocated:33.1552734375 MB
2020-02-06 13:42:24,986 Cached:3384.375 MB
2020-02-06 13:43:50,579 ==> Epoch[13](450/610): Loss: 0.0896
2020-02-06 13:43:50,582 Allocated:33.15576171875 MB
2020-02-06 13:43:50,582 Cached:8398.125 MB
2020-02-06 13:44:55,224 ==> Epoch[13](500/610): Loss: 0.0981
2020-02-06 13:44:55,227 Allocated:33.15576171875 MB
2020-02-06 13:44:55,227 Cached:8398.125 MB
2020-02-06 13:46:02,348 ==> Epoch[13](550/610): Loss: 0.1322
2020-02-06 13:46:02,351 Allocated:33.15576171875 MB
2020-02-06 13:46:02,351 Cached:4870.625 MB
2020-02-06 13:47:04,757 ==> Epoch[13](600/610): Loss: 0.1363
2020-02-06 13:47:04,759 Allocated:33.15576171875 MB
2020-02-06 13:47:04,759 Cached:4870.625 MB
2020-02-06 13:47:21,987 ===> Epoch 13 Complete: Avg. Loss: 0.1150
2020-02-06 13:47:21,989 ====> Extracting Features
2020-02-06 13:47:39,828 ==> Batch (50/184)
2020-02-06 13:47:45,725 ==> Batch (100/184)
2020-02-06 13:47:51,982 ==> Batch (150/184)
2020-02-06 13:47:58,091 ====> Building faiss index
2020-02-06 13:47:58,842 ====> Calculating recall @ N
2020-02-06 13:48:05,838 ====> Recall@1: 0.6505
2020-02-06 13:48:05,839 ====> Recall@2: 0.7320
2020-02-06 13:48:05,840 ====> Recall@3: 0.7760
2020-02-06 13:48:05,841 ====> Recall@4: 0.8003
2020-02-06 13:48:05,841 ====> Recall@5: 0.8177
2020-02-06 13:48:05,841 ====> Recall@10: 0.8699
2020-02-06 13:48:05,841 ====> Recall@15: 0.8991
2020-02-06 13:48:05,841 ====> Recall@20: 0.9172
2020-02-06 13:48:05,841 ====> Recall@25: 0.9284
2020-02-06 13:48:06,016 ====> Building Cache
2020-02-06 13:48:06,016 feature cache--->>> /home/annora/NetVLAD/output/train_feat_cache0.hdf5
2020-02-06 13:48:37,345 Allocated:31.15576171875 MB
2020-02-06 13:48:37,346 Cached:3384.375 MB
2020-02-06 13:50:15,638 ==> Epoch[14](50/610): Loss: 0.1271
2020-02-06 13:50:15,641 Allocated:33.15576171875 MB
2020-02-06 13:50:15,641 Cached:4056.125 MB
2020-02-06 13:51:15,731 ==> Epoch[14](100/610): Loss: 0.1442
2020-02-06 13:51:15,733 Allocated:33.15576171875 MB
2020-02-06 13:51:15,733 Cached:4057.125 MB
2020-02-06 13:52:17,697 ==> Epoch[14](150/610): Loss: 0.0546
2020-02-06 13:52:17,700 Allocated:33.15576171875 MB
2020-02-06 13:52:17,700 Cached:4057.125 MB
2020-02-06 13:53:20,031 ==> Epoch[14](200/610): Loss: 0.1560
2020-02-06 13:53:20,033 Allocated:33.15576171875 MB
2020-02-06 13:53:20,033 Cached:6652.75 MB
2020-02-06 13:53:28,240 ====> Building Cache
2020-02-06 13:53:28,241 feature cache--->>> /home/annora/NetVLAD/output/train_feat_cache0.hdf5
2020-02-06 13:53:59,905 Allocated:33.1552734375 MB
2020-02-06 13:53:59,906 Cached:3384.375 MB
2020-02-06 13:55:27,524 ==> Epoch[14](250/610): Loss: 0.1183
2020-02-06 13:55:27,527 Allocated:33.15576171875 MB
2020-02-06 13:55:27,527 Cached:7040.125 MB
2020-02-06 13:56:25,304 ==> Epoch[14](300/610): Loss: 0.1112
2020-02-06 13:56:25,307 Allocated:33.15576171875 MB
2020-02-06 13:56:25,307 Cached:7040.125 MB
2020-02-06 13:57:29,534 ==> Epoch[14](350/610): Loss: 0.0361
2020-02-06 13:57:29,537 Allocated:33.15576171875 MB
2020-02-06 13:57:29,538 Cached:3580.375 MB
2020-02-06 13:58:28,470 ==> Epoch[14](400/610): Loss: 0.1114
2020-02-06 13:58:28,472 Allocated:33.15576171875 MB
2020-02-06 13:58:28,472 Cached:3582.375 MB
2020-02-06 13:58:37,818 ====> Building Cache
2020-02-06 13:58:37,818 feature cache--->>> /home/annora/NetVLAD/output/train_feat_cache0.hdf5
2020-02-06 13:59:11,838 Allocated:33.1552734375 MB
2020-02-06 13:59:11,838 Cached:3384.375 MB
2020-02-06 14:00:46,278 ==> Epoch[14](450/610): Loss: 0.1280
2020-02-06 14:00:46,280 Allocated:33.15576171875 MB
2020-02-06 14:00:46,281 Cached:8283.5 MB
2020-02-06 14:01:52,477 ==> Epoch[14](500/610): Loss: 0.1322
2020-02-06 14:01:52,479 Allocated:33.15576171875 MB
2020-02-06 14:01:52,480 Cached:8283.5 MB
2020-02-06 14:02:51,823 ==> Epoch[14](550/610): Loss: 0.1210
2020-02-06 14:02:51,825 Allocated:33.15576171875 MB
2020-02-06 14:02:51,825 Cached:9523.625 MB
2020-02-06 14:04:11,937 ==> Epoch[14](600/610): Loss: 0.0902
2020-02-06 14:04:11,939 Allocated:33.15576171875 MB
2020-02-06 14:04:11,939 Cached:4540.0 MB
2020-02-06 14:04:27,115 ===> Epoch 14 Complete: Avg. Loss: 0.1165
2020-02-06 14:04:27,117 ====> Extracting Features
2020-02-06 14:04:44,896 ==> Batch (50/184)
2020-02-06 14:04:51,099 ==> Batch (100/184)
2020-02-06 14:04:59,101 ==> Batch (150/184)
2020-02-06 14:05:06,033 ====> Building faiss index
2020-02-06 14:05:06,887 ====> Calculating recall @ N
2020-02-06 14:05:13,583 ====> Recall@1: 0.6502
2020-02-06 14:05:13,583 ====> Recall@2: 0.7326
2020-02-06 14:05:13,584 ====> Recall@3: 0.7734
2020-02-06 14:05:13,584 ====> Recall@4: 0.7976
2020-02-06 14:05:13,585 ====> Recall@5: 0.8173
2020-02-06 14:05:13,585 ====> Recall@10: 0.8688
2020-02-06 14:05:13,585 ====> Recall@15: 0.9006
2020-02-06 14:05:13,585 ====> Recall@20: 0.9210
2020-02-06 14:05:13,586 ====> Recall@25: 0.9324
2020-02-06 14:05:13,757 ====> Building Cache
2020-02-06 14:05:13,757 feature cache--->>> /home/annora/NetVLAD/output/train_feat_cache0.hdf5
2020-02-06 14:05:56,620 Allocated:31.15576171875 MB
2020-02-06 14:05:56,620 Cached:3384.375 MB
2020-02-06 14:07:38,093 ==> Epoch[15](50/610): Loss: 0.0800
2020-02-06 14:07:38,096 Allocated:33.15576171875 MB
2020-02-06 14:07:38,096 Cached:3667.375 MB
2020-02-06 14:08:38,663 ==> Epoch[15](100/610): Loss: 0.1195
2020-02-06 14:08:38,665 Allocated:33.15576171875 MB
2020-02-06 14:08:38,665 Cached:7972.875 MB
2020-02-06 14:09:38,766 ==> Epoch[15](150/610): Loss: 0.1257
2020-02-06 14:09:38,768 Allocated:33.15576171875 MB
2020-02-06 14:09:38,768 Cached:7972.875 MB
2020-02-06 14:10:39,088 ==> Epoch[15](200/610): Loss: 0.1365
2020-02-06 14:10:39,090 Allocated:33.15576171875 MB
2020-02-06 14:10:39,090 Cached:7972.875 MB
2020-02-06 14:10:46,023 ====> Building Cache
2020-02-06 14:10:46,024 feature cache--->>> /home/annora/NetVLAD/output/train_feat_cache0.hdf5
2020-02-06 14:11:17,220 Allocated:33.1552734375 MB
2020-02-06 14:11:17,220 Cached:3384.375 MB
2020-02-06 14:12:42,838 ==> Epoch[15](250/610): Loss: 0.1410
2020-02-06 14:12:42,840 Allocated:33.15576171875 MB
2020-02-06 14:12:42,840 Cached:8232.375 MB
2020-02-06 14:13:49,522 ==> Epoch[15](300/610): Loss: 0.1051
2020-02-06 14:13:49,525 Allocated:33.15576171875 MB
2020-02-06 14:13:49,526 Cached:8232.375 MB
2020-02-06 14:14:51,968 ==> Epoch[15](350/610): Loss: 0.1302
2020-02-06 14:14:51,971 Allocated:33.15576171875 MB
2020-02-06 14:14:51,972 Cached:9495.875 MB
2020-02-06 14:15:59,899 ==> Epoch[15](400/610): Loss: 0.0548
2020-02-06 14:15:59,901 Allocated:33.15576171875 MB
2020-02-06 14:15:59,901 Cached:5877.25 MB
2020-02-06 14:16:09,025 ====> Building Cache
2020-02-06 14:16:09,026 feature cache--->>> /home/annora/NetVLAD/output/train_feat_cache0.hdf5
2020-02-06 14:16:40,182 Allocated:33.1552734375 MB
2020-02-06 14:16:40,183 Cached:3384.375 MB
2020-02-06 14:18:06,546 ==> Epoch[15](450/610): Loss: 0.0744
2020-02-06 14:18:06,549 Allocated:33.15576171875 MB
2020-02-06 14:18:06,549 Cached:9472.625 MB
2020-02-06 14:19:07,163 ==> Epoch[15](500/610): Loss: 0.1354
2020-02-06 14:19:07,166 Allocated:33.15576171875 MB
2020-02-06 14:19:07,166 Cached:9472.625 MB
2020-02-06 14:20:11,574 ==> Epoch[15](550/610): Loss: 0.0717
2020-02-06 14:20:11,576 Allocated:33.15576171875 MB
2020-02-06 14:20:11,576 Cached:5899.5 MB
2020-02-06 14:21:11,704 ==> Epoch[15](600/610): Loss: 0.1209
2020-02-06 14:21:11,706 Allocated:33.15576171875 MB
2020-02-06 14:21:11,706 Cached:5899.5 MB
2020-02-06 14:21:26,200 ===> Epoch 15 Complete: Avg. Loss: 0.1135
2020-02-06 14:21:26,202 ====> Extracting Features
2020-02-06 14:21:43,451 ==> Batch (50/184)
2020-02-06 14:21:49,783 ==> Batch (100/184)
2020-02-06 14:21:55,715 ==> Batch (150/184)
2020-02-06 14:22:01,159 ====> Building faiss index
2020-02-06 14:22:01,653 ====> Calculating recall @ N
2020-02-06 14:22:08,301 ====> Recall@1: 0.6513
2020-02-06 14:22:08,302 ====> Recall@2: 0.7337
2020-02-06 14:22:08,302 ====> Recall@3: 0.7772
2020-02-06 14:22:08,302 ====> Recall@4: 0.7996
2020-02-06 14:22:08,302 ====> Recall@5: 0.8210
2020-02-06 14:22:08,303 ====> Recall@10: 0.8732
2020-02-06 14:22:08,303 ====> Recall@15: 0.9019
2020-02-06 14:22:08,303 ====> Recall@20: 0.9205
2020-02-06 14:22:08,303 ====> Recall@25: 0.9313
2020-02-06 14:22:08,465 ====> Building Cache
2020-02-06 14:22:08,465 feature cache--->>> /home/annora/NetVLAD/output/train_feat_cache0.hdf5
2020-02-06 14:22:40,307 Allocated:31.15576171875 MB
2020-02-06 14:22:40,308 Cached:3384.375 MB
2020-02-06 14:24:16,652 ==> Epoch[16](50/610): Loss: 0.1582
2020-02-06 14:24:16,656 Allocated:33.15576171875 MB
2020-02-06 14:24:16,656 Cached:4870.625 MB
2020-02-06 14:25:16,248 ==> Epoch[16](100/610): Loss: 0.0832
2020-02-06 14:25:16,251 Allocated:33.15576171875 MB
2020-02-06 14:25:16,252 Cached:4870.625 MB
2020-02-06 14:26:17,504 ==> Epoch[16](150/610): Loss: 0.0919
2020-02-06 14:26:17,507 Allocated:33.15576171875 MB
2020-02-06 14:26:17,507 Cached:4870.625 MB
2020-02-06 14:27:22,082 ==> Epoch[16](200/610): Loss: 0.1840
2020-02-06 14:27:22,084 Allocated:33.15576171875 MB
2020-02-06 14:27:22,084 Cached:4870.625 MB
2020-02-06 14:27:28,803 ====> Building Cache
2020-02-06 14:27:28,803 feature cache--->>> /home/annora/NetVLAD/output/train_feat_cache0.hdf5
2020-02-06 14:28:00,316 Allocated:33.1552734375 MB
2020-02-06 14:28:00,317 Cached:3384.375 MB
2020-02-06 14:29:25,635 ==> Epoch[16](250/610): Loss: 0.0571
2020-02-06 14:29:25,638 Allocated:33.15576171875 MB
2020-02-06 14:29:25,638 Cached:7059.25 MB
2020-02-06 14:30:24,370 ==> Epoch[16](300/610): Loss: 0.0766
2020-02-06 14:30:24,373 Allocated:33.15576171875 MB
2020-02-06 14:30:24,373 Cached:8299.375 MB
2020-02-06 14:31:27,797 ==> Epoch[16](350/610): Loss: 0.0546
2020-02-06 14:31:27,800 Allocated:33.15576171875 MB
2020-02-06 14:31:27,800 Cached:8299.375 MB
2020-02-06 14:32:28,985 ==> Epoch[16](400/610): Loss: 0.0945
2020-02-06 14:32:28,987 Allocated:33.15576171875 MB
2020-02-06 14:32:28,987 Cached:8299.375 MB
2020-02-06 14:32:37,417 ====> Building Cache
2020-02-06 14:32:37,418 feature cache--->>> /home/annora/NetVLAD/output/train_feat_cache0.hdf5
2020-02-06 14:33:11,564 Allocated:33.1552734375 MB
2020-02-06 14:33:11,565 Cached:3384.375 MB
2020-02-06 14:34:43,806 ==> Epoch[16](450/610): Loss: 0.1323
2020-02-06 14:34:43,809 Allocated:33.15576171875 MB
2020-02-06 14:34:43,809 Cached:5866.875 MB
2020-02-06 14:35:43,916 ==> Epoch[16](500/610): Loss: 0.1185
2020-02-06 14:35:43,919 Allocated:33.15576171875 MB
2020-02-06 14:35:43,919 Cached:5866.875 MB
2020-02-06 14:36:44,012 ==> Epoch[16](550/610): Loss: 0.1047
2020-02-06 14:36:44,015 Allocated:33.15576171875 MB
2020-02-06 14:36:44,015 Cached:5866.875 MB
2020-02-06 14:37:45,008 ==> Epoch[16](600/610): Loss: 0.1298
2020-02-06 14:37:45,011 Allocated:33.15576171875 MB
2020-02-06 14:37:45,011 Cached:9686.5 MB
2020-02-06 14:37:59,742 ===> Epoch 16 Complete: Avg. Loss: 0.1129
2020-02-06 14:37:59,744 ====> Extracting Features
2020-02-06 14:38:17,157 ==> Batch (50/184)
2020-02-06 14:38:23,246 ==> Batch (100/184)
2020-02-06 14:38:29,405 ==> Batch (150/184)
2020-02-06 14:38:35,541 ====> Building faiss index
2020-02-06 14:38:36,280 ====> Calculating recall @ N
2020-02-06 14:38:42,740 ====> Recall@1: 0.6527
2020-02-06 14:38:42,741 ====> Recall@2: 0.7319
2020-02-06 14:38:42,741 ====> Recall@3: 0.7792
2020-02-06 14:38:42,742 ====> Recall@4: 0.8001
2020-02-06 14:38:42,742 ====> Recall@5: 0.8185
2020-02-06 14:38:42,742 ====> Recall@10: 0.8734
2020-02-06 14:38:42,742 ====> Recall@15: 0.9016
2020-02-06 14:38:42,742 ====> Recall@20: 0.9205
2020-02-06 14:38:42,742 ====> Recall@25: 0.9322
2020-02-06 14:38:42,909 ====> Building Cache
2020-02-06 14:38:42,909 feature cache--->>> /home/annora/NetVLAD/output/train_feat_cache0.hdf5
2020-02-06 14:39:13,498 Allocated:31.15576171875 MB
2020-02-06 14:39:13,498 Cached:3384.375 MB
2020-02-06 14:40:54,365 ==> Epoch[17](50/610): Loss: 0.1458
2020-02-06 14:40:54,367 Allocated:33.15576171875 MB
2020-02-06 14:40:54,367 Cached:9594.125 MB
2020-02-06 14:41:52,542 ==> Epoch[17](100/610): Loss: 0.1209
2020-02-06 14:41:52,544 Allocated:33.15576171875 MB
2020-02-06 14:41:52,544 Cached:4864.5 MB
2020-02-06 14:42:51,779 ==> Epoch[17](150/610): Loss: 0.1432
2020-02-06 14:42:51,781 Allocated:33.15576171875 MB
2020-02-06 14:42:51,782 Cached:4864.5 MB
2020-02-06 14:43:56,745 ==> Epoch[17](200/610): Loss: 0.0978
2020-02-06 14:43:56,747 Allocated:33.15576171875 MB
2020-02-06 14:43:56,748 Cached:4864.5 MB
2020-02-06 14:43:58,442 ====> Building Cache
2020-02-06 14:43:58,443 feature cache--->>> /home/annora/NetVLAD/output/train_feat_cache0.hdf5
2020-02-06 14:44:29,899 Allocated:33.1552734375 MB
2020-02-06 14:44:29,900 Cached:3384.375 MB
2020-02-06 14:45:57,609 ==> Epoch[17](250/610): Loss: 0.1270
2020-02-06 14:45:57,612 Allocated:33.15576171875 MB
2020-02-06 14:45:57,612 Cached:4639.5 MB
2020-02-06 14:46:59,394 ==> Epoch[17](300/610): Loss: 0.0802
2020-02-06 14:46:59,397 Allocated:33.15576171875 MB
2020-02-06 14:46:59,398 Cached:4639.5 MB
2020-02-06 14:48:05,692 ==> Epoch[17](350/610): Loss: 0.1391
2020-02-06 14:48:05,694 Allocated:33.15576171875 MB
2020-02-06 14:48:05,695 Cached:5892.375 MB
2020-02-06 14:49:11,873 ==> Epoch[17](400/610): Loss: 0.1282
2020-02-06 14:49:11,876 Allocated:33.15576171875 MB
2020-02-06 14:49:11,876 Cached:5892.375 MB
2020-02-06 14:49:15,150 ====> Building Cache
2020-02-06 14:49:15,151 feature cache--->>> /home/annora/NetVLAD/output/train_feat_cache0.hdf5
2020-02-06 14:49:46,863 Allocated:33.1552734375 MB
2020-02-06 14:49:46,863 Cached:3384.375 MB
2020-02-06 14:51:09,514 ==> Epoch[17](450/610): Loss: 0.1669
2020-02-06 14:51:09,517 Allocated:33.15576171875 MB
2020-02-06 14:51:09,517 Cached:8194.125 MB
2020-02-06 14:52:09,220 ==> Epoch[17](500/610): Loss: 0.1265
2020-02-06 14:52:09,222 Allocated:33.15576171875 MB
2020-02-06 14:52:09,222 Cached:9443.875 MB
2020-02-06 14:53:09,807 ==> Epoch[17](550/610): Loss: 0.1608
2020-02-06 14:53:09,811 Allocated:33.15576171875 MB
2020-02-06 14:53:09,811 Cached:9443.875 MB
2020-02-06 14:54:12,023 ==> Epoch[17](600/610): Loss: 0.0580
2020-02-06 14:54:12,025 Allocated:33.15576171875 MB
2020-02-06 14:54:12,025 Cached:4482.625 MB
2020-02-06 14:54:29,771 ===> Epoch 17 Complete: Avg. Loss: 0.1107
2020-02-06 14:54:29,773 ====> Extracting Features
2020-02-06 14:54:47,702 ==> Batch (50/184)
2020-02-06 14:54:53,903 ==> Batch (100/184)
2020-02-06 14:54:59,828 ==> Batch (150/184)
2020-02-06 14:55:05,557 ====> Building faiss index
2020-02-06 14:55:06,052 ====> Calculating recall @ N
2020-02-06 14:55:12,985 ====> Recall@1: 0.6487
2020-02-06 14:55:12,987 ====> Recall@2: 0.7284
2020-02-06 14:55:12,987 ====> Recall@3: 0.7746
2020-02-06 14:55:12,987 ====> Recall@4: 0.7968
2020-02-06 14:55:12,988 ====> Recall@5: 0.8155
2020-02-06 14:55:12,988 ====> Recall@10: 0.8720
2020-02-06 14:55:12,988 ====> Recall@15: 0.9006
2020-02-06 14:55:12,988 ====> Recall@20: 0.9192
2020-02-06 14:55:12,988 ====> Recall@25: 0.9317
2020-02-06 14:55:13,146 Performance did not improve for 10 epochs. Stopping.
2020-02-06 14:55:13,147 => Best Recall@5: 0.8215
2020-02-06 15:00:13,247 Finished...
