2020-01-31 10:45:52,171 Namespace(arch='alexnet', batchSize=12, cacheBatchSize=96, cachePath='/home/annora/NetVLAD/output/', cacheRefreshRate=3000, ckpt='best', contilearn=True, dataPath='/home/annora/NetVLAD/output/data/', dataset='robotcar', evalEvery=1, fromscratch=False, fromtask='/home/annora/NetVLAD/output/runs/2020-01-26-22-34-00_alexnet_netvlad', lr=0.001, lrGamma=0.5, lrStep=5, margin=0.1, mode='train', momentum=0.9, nEpochs=30, nGPU=1, nocuda=False, num_clusters=64, optim='SGD', patience=10, pooling='netvlad', premodel='imagenet', resume='', runsPath='/home/annora/NetVLAD/output/runs/', savePath='checkpoints', seed=123, split='val', start_epoch=0, threads=8, vladv2=False, weightDecay=0.001)
2020-01-31 10:45:52,242 ===> Loading dataset(s)
2020-01-31 10:45:52,242 trainfile ------>>>>>> oxRobocar_doubleN_train.mat
2020-01-31 10:45:54,719 ====> Training set: oxRobocar_doubleN_train.mat, query set count: 6404
2020-01-31 10:45:54,812 ===> Evaluating on val set: oxRobocar_doubleN_val.mat, query count: 3450
2020-01-31 10:45:54,812 ===> Building model
2020-01-31 10:45:54,860 encoder moder:
AlexNet(
  (conv1): Sequential(
    (0): Conv2d(3, 64, kernel_size=(11, 11), stride=(4, 4), padding=(2, 2))
    (1): ReLU(inplace)
    (2): MaxPool2d(kernel_size=3, stride=2, padding=0, dilation=1, ceil_mode=False)
  )
  (conv2): Sequential(
    (0): Conv2d(64, 192, kernel_size=(5, 5), stride=(1, 1), padding=(2, 2))
    (1): ReLU(inplace)
    (2): MaxPool2d(kernel_size=3, stride=2, padding=0, dilation=1, ceil_mode=False)
  )
  (conv3): Sequential(
    (0): Conv2d(192, 384, kernel_size=(3, 3), stride=(1, 1), padding=(1, 1))
    (1): ReLU(inplace)
  )
  (conv4): Sequential(
    (0): Conv2d(384, 256, kernel_size=(3, 3), stride=(1, 1), padding=(1, 1))
    (1): ReLU(inplace)
  )
  (conv5): Sequential(
    (0): Conv2d(256, 256, kernel_size=(3, 3), stride=(1, 1), padding=(1, 1))
  )
)
2020-01-31 10:46:00,951 => loading checkpoint '/home/annora/NetVLAD/output/runs/2020-01-26-22-34-00_alexnet_netvlad/checkpoints/model_best.pth.tar'
2020-01-31 10:46:01,228 => loaded checkpoint '/home/annora/NetVLAD/output/runs/2020-01-26-22-34-00_alexnet_netvlad/checkpoints/model_best.pth.tar' 
2020-01-31 10:46:01,229 ===> Training model
2020-01-31 10:46:01,231 ===> Saving state to: /home/annora/NetVLAD/output/runs/2020-01-31-10-46-01_alexnet_netvlad
2020-01-31 10:46:01,231 ====> Building Cache
2020-01-31 10:46:01,231 feature cache--->>> /home/annora/NetVLAD/output/train_feat_cache1.hdf5
2020-01-31 10:47:24,632 Allocated:99.47119140625 MB
2020-01-31 10:47:24,633 Cached:2864.375 MB
2020-01-31 10:49:52,826 ==> Epoch[1](50/534): Loss: 0.0161
2020-01-31 10:49:52,828 Allocated:122.28369140625 MB
2020-01-31 10:49:52,828 Cached:5302.125 MB
2020-01-31 10:51:35,456 ==> Epoch[1](100/534): Loss: 0.0145
2020-01-31 10:51:35,457 Allocated:122.90869140625 MB
2020-01-31 10:51:35,457 Cached:5302.125 MB
2020-01-31 10:53:33,530 ==> Epoch[1](150/534): Loss: 0.0473
2020-01-31 10:53:33,531 Allocated:123.40869140625 MB
2020-01-31 10:53:33,531 Cached:5302.125 MB
2020-01-31 10:54:49,398 ====> Building Cache
2020-01-31 10:54:49,399 feature cache--->>> /home/annora/NetVLAD/output/train_feat_cache1.hdf5
2020-01-31 10:56:18,538 Allocated:122.283203125 MB
2020-01-31 10:56:18,539 Cached:3435.0 MB
2020-01-31 10:57:56,340 ==> Epoch[1](200/534): Loss: 0.1191
2020-01-31 10:57:56,342 Allocated:122.28369140625 MB
2020-01-31 10:57:56,342 Cached:4588.375 MB
2020-01-31 10:59:50,271 ==> Epoch[1](250/534): Loss: 0.0354
2020-01-31 10:59:50,273 Allocated:122.40869140625 MB
2020-01-31 10:59:50,273 Cached:6912.5 MB
2020-01-31 11:01:55,717 ==> Epoch[1](300/534): Loss: 0.1858
2020-01-31 11:01:55,718 Allocated:122.28369140625 MB
2020-01-31 11:01:55,719 Cached:6912.5 MB
2020-01-31 11:03:53,285 ==> Epoch[1](350/534): Loss: 0.1265
2020-01-31 11:03:53,287 Allocated:122.28369140625 MB
2020-01-31 11:03:53,287 Cached:6912.5 MB
2020-01-31 11:04:06,277 ====> Building Cache
2020-01-31 11:04:06,278 feature cache--->>> /home/annora/NetVLAD/output/train_feat_cache1.hdf5
2020-01-31 11:05:34,229 Allocated:122.408203125 MB
2020-01-31 11:05:34,229 Cached:3867.875 MB
2020-01-31 11:08:12,983 ==> Epoch[1](400/534): Loss: 0.0565
2020-01-31 11:08:12,985 Allocated:123.15869140625 MB
2020-01-31 11:08:12,985 Cached:8334.125 MB
2020-01-31 11:10:15,757 ==> Epoch[1](450/534): Loss: 0.0322
2020-01-31 11:10:15,758 Allocated:122.53369140625 MB
2020-01-31 11:10:15,759 Cached:8334.125 MB
2020-01-31 11:12:15,695 ==> Epoch[1](500/534): Loss: 0.0367
2020-01-31 11:12:15,697 Allocated:122.90869140625 MB
2020-01-31 11:12:15,697 Cached:8334.125 MB
2020-01-31 11:13:35,202 ===> Epoch 1 Complete: Avg. Loss: 0.0815
2020-01-31 11:13:35,203 ====> Extracting Features
2020-01-31 11:14:07,769 ==> Batch (50/108)
2020-01-31 11:14:30,455 ==> Batch (100/108)
2020-01-31 11:14:35,558 ====> Building faiss index
2020-01-31 11:14:35,917 ====> Calculating recall @ N
2020-01-31 11:14:38,300 ====> Recall@1: 0.3614
2020-01-31 11:14:38,301 ====> Recall@2: 0.4235
2020-01-31 11:14:38,302 ====> Recall@3: 0.4597
2020-01-31 11:14:38,302 ====> Recall@4: 0.4904
2020-01-31 11:14:38,302 ====> Recall@5: 0.5133
2020-01-31 11:14:38,302 ====> Recall@10: 0.5693
2020-01-31 11:14:38,303 ====> Recall@15: 0.6188
2020-01-31 11:14:38,303 ====> Recall@20: 0.6530
2020-01-31 11:14:38,303 ====> Recall@25: 0.6812
2020-01-31 11:14:38,618 ====> Building Cache
2020-01-31 11:14:38,619 feature cache--->>> /home/annora/NetVLAD/output/train_feat_cache1.hdf5
2020-01-31 11:16:06,482 Allocated:120.65869140625 MB
2020-01-31 11:16:06,482 Cached:4295.5 MB
2020-01-31 11:18:50,750 ==> Epoch[2](50/534): Loss: 0.0575
2020-01-31 11:18:50,751 Allocated:122.28369140625 MB
2020-01-31 11:18:50,752 Cached:4305.5 MB
2020-01-31 11:20:46,804 ==> Epoch[2](100/534): Loss: 0.0823
2020-01-31 11:20:46,807 Allocated:123.15869140625 MB
2020-01-31 11:20:46,807 Cached:5475.375 MB
2020-01-31 11:22:41,235 ==> Epoch[2](150/534): Loss: 0.1004
2020-01-31 11:22:41,238 Allocated:122.28369140625 MB
2020-01-31 11:22:41,238 Cached:5475.375 MB
2020-01-31 11:23:40,946 ====> Building Cache
2020-01-31 11:23:40,947 feature cache--->>> /home/annora/NetVLAD/output/train_feat_cache1.hdf5
2020-01-31 11:25:11,684 Allocated:122.283203125 MB
2020-01-31 11:25:11,685 Cached:3527.75 MB
2020-01-31 11:26:39,086 ==> Epoch[2](200/534): Loss: 0.1075
2020-01-31 11:26:39,089 Allocated:123.28369140625 MB
2020-01-31 11:26:39,089 Cached:6993.5 MB
2020-01-31 11:28:36,485 ==> Epoch[2](250/534): Loss: 0.1353
2020-01-31 11:28:36,487 Allocated:122.53369140625 MB
2020-01-31 11:28:36,488 Cached:6993.5 MB
2020-01-31 11:30:32,304 ==> Epoch[2](300/534): Loss: 0.0295
2020-01-31 11:30:32,307 Allocated:123.40869140625 MB
2020-01-31 11:30:32,307 Cached:8193.25 MB
2020-01-31 11:32:25,794 ==> Epoch[2](350/534): Loss: 0.2475
2020-01-31 11:32:25,796 Allocated:122.40869140625 MB
2020-01-31 11:32:25,797 Cached:8193.25 MB
2020-01-31 11:32:38,759 ====> Building Cache
2020-01-31 11:32:38,760 feature cache--->>> /home/annora/NetVLAD/output/train_feat_cache1.hdf5
2020-01-31 11:34:05,906 Allocated:122.283203125 MB
2020-01-31 11:34:05,907 Cached:3272.625 MB
2020-01-31 11:36:24,564 ==> Epoch[2](400/534): Loss: 0.0617
2020-01-31 11:36:24,568 Allocated:122.90869140625 MB
2020-01-31 11:36:24,568 Cached:9130.5 MB
2020-01-31 11:38:23,164 ==> Epoch[2](450/534): Loss: 0.0565
2020-01-31 11:38:23,166 Allocated:122.28369140625 MB
2020-01-31 11:38:23,166 Cached:9130.5 MB
2020-01-31 11:40:19,013 ==> Epoch[2](500/534): Loss: 0.0251
2020-01-31 11:40:19,015 Allocated:122.65869140625 MB
2020-01-31 11:40:19,016 Cached:9130.5 MB
2020-01-31 11:41:36,108 ===> Epoch 2 Complete: Avg. Loss: 0.0853
2020-01-31 11:41:36,111 ====> Extracting Features
2020-01-31 11:42:13,019 ==> Batch (50/108)
2020-01-31 11:42:35,941 ==> Batch (100/108)
2020-01-31 11:42:40,988 ====> Building faiss index
2020-01-31 11:42:41,332 ====> Calculating recall @ N
2020-01-31 11:42:43,889 ====> Recall@1: 0.3643
2020-01-31 11:42:43,890 ====> Recall@2: 0.4365
2020-01-31 11:42:43,891 ====> Recall@3: 0.4852
2020-01-31 11:42:43,891 ====> Recall@4: 0.5226
2020-01-31 11:42:43,891 ====> Recall@5: 0.5412
2020-01-31 11:42:43,892 ====> Recall@10: 0.5925
2020-01-31 11:42:43,892 ====> Recall@15: 0.6223
2020-01-31 11:42:43,892 ====> Recall@20: 0.6443
2020-01-31 11:42:43,892 ====> Recall@25: 0.6597
2020-01-31 11:42:44,703 ====> Building Cache
2020-01-31 11:42:44,704 feature cache--->>> /home/annora/NetVLAD/output/train_feat_cache1.hdf5
2020-01-31 11:44:11,745 Allocated:121.28369140625 MB
2020-01-31 11:44:11,745 Cached:4295.5 MB
2020-01-31 11:46:39,905 ==> Epoch[3](50/534): Loss: 0.0473
2020-01-31 11:46:39,907 Allocated:122.53369140625 MB
2020-01-31 11:46:39,907 Cached:7760.25 MB
2020-01-31 11:48:45,167 ==> Epoch[3](100/534): Loss: 0.0802
2020-01-31 11:48:45,169 Allocated:122.28369140625 MB
2020-01-31 11:48:45,170 Cached:7760.25 MB
2020-01-31 11:50:40,632 ==> Epoch[3](150/534): Loss: 0.1097
2020-01-31 11:50:40,634 Allocated:123.53369140625 MB
2020-01-31 11:50:40,634 Cached:7760.25 MB
2020-01-31 11:51:45,340 ====> Building Cache
2020-01-31 11:51:45,341 feature cache--->>> /home/annora/NetVLAD/output/train_feat_cache1.hdf5
2020-01-31 11:53:12,270 Allocated:122.283203125 MB
2020-01-31 11:53:12,271 Cached:3561.875 MB
2020-01-31 11:54:43,130 ==> Epoch[3](200/534): Loss: 0.1357
2020-01-31 11:54:43,132 Allocated:122.65869140625 MB
2020-01-31 11:54:43,132 Cached:5960.625 MB
2020-01-31 11:56:37,478 ==> Epoch[3](250/534): Loss: 0.1590
2020-01-31 11:56:37,481 Allocated:122.28369140625 MB
2020-01-31 11:56:37,482 Cached:7198.625 MB
2020-01-31 11:58:42,545 ==> Epoch[3](300/534): Loss: 0.1494
2020-01-31 11:58:42,548 Allocated:124.28369140625 MB
2020-01-31 11:58:42,549 Cached:7198.625 MB
2020-01-31 12:00:42,458 ==> Epoch[3](350/534): Loss: 0.1078
2020-01-31 12:00:42,460 Allocated:122.78369140625 MB
2020-01-31 12:00:42,461 Cached:7198.625 MB
2020-01-31 12:00:55,683 ====> Building Cache
2020-01-31 12:00:55,684 feature cache--->>> /home/annora/NetVLAD/output/train_feat_cache1.hdf5
2020-01-31 12:02:23,948 Allocated:122.283203125 MB
2020-01-31 12:02:23,948 Cached:3867.875 MB
2020-01-31 12:04:43,255 ==> Epoch[3](400/534): Loss: 0.0643
2020-01-31 12:04:43,257 Allocated:122.28369140625 MB
2020-01-31 12:04:43,257 Cached:5066.875 MB
2020-01-31 12:06:37,390 ==> Epoch[3](450/534): Loss: 0.1422
2020-01-31 12:06:37,392 Allocated:123.28369140625 MB
2020-01-31 12:06:37,392 Cached:6269.75 MB
2020-01-31 12:08:37,661 ==> Epoch[3](500/534): Loss: 0.0891
2020-01-31 12:08:37,664 Allocated:122.53369140625 MB
2020-01-31 12:08:37,664 Cached:6269.75 MB
2020-01-31 12:09:53,572 ===> Epoch 3 Complete: Avg. Loss: 0.0749
2020-01-31 12:09:53,573 ====> Extracting Features
2020-01-31 12:10:28,334 ==> Batch (50/108)
2020-01-31 12:10:51,009 ==> Batch (100/108)
2020-01-31 12:10:55,591 ====> Building faiss index
2020-01-31 12:10:55,941 ====> Calculating recall @ N
2020-01-31 12:10:58,181 ====> Recall@1: 0.4446
2020-01-31 12:10:58,182 ====> Recall@2: 0.5052
2020-01-31 12:10:58,182 ====> Recall@3: 0.5310
2020-01-31 12:10:58,183 ====> Recall@4: 0.5510
2020-01-31 12:10:58,183 ====> Recall@5: 0.5614
2020-01-31 12:10:58,183 ====> Recall@10: 0.6067
2020-01-31 12:10:58,183 ====> Recall@15: 0.6330
2020-01-31 12:10:58,183 ====> Recall@20: 0.6655
2020-01-31 12:10:58,184 ====> Recall@25: 0.6823
2020-01-31 12:10:58,976 ====> Building Cache
2020-01-31 12:10:58,976 feature cache--->>> /home/annora/NetVLAD/output/train_feat_cache1.hdf5
2020-01-31 12:12:26,176 Allocated:120.28369140625 MB
2020-01-31 12:12:26,177 Cached:4189.25 MB
2020-01-31 12:15:01,174 ==> Epoch[4](50/534): Loss: 0.0303
2020-01-31 12:15:01,176 Allocated:122.90869140625 MB
2020-01-31 12:15:01,176 Cached:6545.5 MB
2020-01-31 12:16:59,999 ==> Epoch[4](100/534): Loss: 0.0204
2020-01-31 12:17:00,001 Allocated:122.28369140625 MB
2020-01-31 12:17:00,001 Cached:7750.625 MB
2020-01-31 12:18:59,163 ==> Epoch[4](150/534): Loss: 0.0577
2020-01-31 12:18:59,166 Allocated:122.28369140625 MB
2020-01-31 12:18:59,166 Cached:7750.625 MB
2020-01-31 12:20:03,815 ====> Building Cache
2020-01-31 12:20:03,815 feature cache--->>> /home/annora/NetVLAD/output/train_feat_cache1.hdf5
2020-01-31 12:21:31,303 Allocated:122.283203125 MB
2020-01-31 12:21:31,304 Cached:3272.625 MB
2020-01-31 12:23:04,764 ==> Epoch[4](200/534): Loss: 0.1464
2020-01-31 12:23:04,766 Allocated:122.28369140625 MB
2020-01-31 12:23:04,766 Cached:3282.625 MB
2020-01-31 12:24:51,370 ==> Epoch[4](250/534): Loss: 0.1046
2020-01-31 12:24:51,372 Allocated:122.78369140625 MB
2020-01-31 12:24:51,372 Cached:5612.875 MB
2020-01-31 12:26:49,939 ==> Epoch[4](300/534): Loss: 0.2233
2020-01-31 12:26:49,941 Allocated:122.28369140625 MB
2020-01-31 12:26:49,941 Cached:5612.875 MB
2020-01-31 12:28:48,348 ==> Epoch[4](350/534): Loss: 0.2330
2020-01-31 12:28:48,351 Allocated:122.28369140625 MB
2020-01-31 12:28:48,351 Cached:5612.875 MB
2020-01-31 12:29:02,710 ====> Building Cache
2020-01-31 12:29:02,710 feature cache--->>> /home/annora/NetVLAD/output/train_feat_cache1.hdf5
2020-01-31 12:30:43,588 Allocated:123.033203125 MB
2020-01-31 12:30:43,589 Cached:3272.625 MB
2020-01-31 12:33:34,676 ==> Epoch[4](400/534): Loss: 0.0697
2020-01-31 12:33:34,679 Allocated:122.90869140625 MB
2020-01-31 12:33:34,679 Cached:7088.25 MB
2020-01-31 12:35:45,712 ==> Epoch[4](450/534): Loss: 0.0256
2020-01-31 12:35:45,714 Allocated:122.78369140625 MB
2020-01-31 12:35:45,714 Cached:7088.25 MB
2020-01-31 12:38:01,215 ==> Epoch[4](500/534): Loss: 0.0394
2020-01-31 12:38:01,217 Allocated:122.28369140625 MB
2020-01-31 12:38:01,217 Cached:7088.25 MB
2020-01-31 12:39:40,375 ===> Epoch 4 Complete: Avg. Loss: 0.0786
2020-01-31 12:39:40,377 ====> Extracting Features
2020-01-31 12:40:23,228 ==> Batch (50/108)
2020-01-31 12:40:54,071 ==> Batch (100/108)
2020-01-31 12:40:59,279 ====> Building faiss index
2020-01-31 12:40:59,657 ====> Calculating recall @ N
2020-01-31 12:41:02,273 ====> Recall@1: 0.3777
2020-01-31 12:41:02,274 ====> Recall@2: 0.4510
2020-01-31 12:41:02,274 ====> Recall@3: 0.4887
2020-01-31 12:41:02,275 ====> Recall@4: 0.5261
2020-01-31 12:41:02,275 ====> Recall@5: 0.5501
2020-01-31 12:41:02,276 ====> Recall@10: 0.6249
2020-01-31 12:41:02,276 ====> Recall@15: 0.6617
2020-01-31 12:41:02,276 ====> Recall@20: 0.6893
2020-01-31 12:41:02,276 ====> Recall@25: 0.7043
2020-01-31 12:41:02,750 ====> Building Cache
2020-01-31 12:41:02,751 feature cache--->>> /home/annora/NetVLAD/output/train_feat_cache1.hdf5
2020-01-31 12:42:38,345 Allocated:120.28369140625 MB
2020-01-31 12:42:38,346 Cached:4189.25 MB
2020-01-31 12:45:23,367 ==> Epoch[5](50/534): Loss: 0.1278
2020-01-31 12:45:23,370 Allocated:123.28369140625 MB
2020-01-31 12:45:23,370 Cached:4197.25 MB
2020-01-31 12:47:20,861 ==> Epoch[5](100/534): Loss: 0.0394
2020-01-31 12:47:20,864 Allocated:122.28369140625 MB
2020-01-31 12:47:20,864 Cached:5374.5 MB
2020-01-31 12:49:36,270 ==> Epoch[5](150/534): Loss: 0.0569
2020-01-31 12:49:36,274 Allocated:122.28369140625 MB
2020-01-31 12:49:36,274 Cached:5374.5 MB
2020-01-31 12:50:47,062 ====> Building Cache
2020-01-31 12:50:47,063 feature cache--->>> /home/annora/NetVLAD/output/train_feat_cache1.hdf5
2020-01-31 12:52:26,156 Allocated:122.283203125 MB
2020-01-31 12:52:26,157 Cached:3272.625 MB
2020-01-31 12:54:13,727 ==> Epoch[5](200/534): Loss: 0.0314
2020-01-31 12:54:13,729 Allocated:123.03369140625 MB
2020-01-31 12:54:13,729 Cached:9265.25 MB
2020-01-31 12:56:21,727 ==> Epoch[5](250/534): Loss: 0.1872
2020-01-31 12:56:21,729 Allocated:122.40869140625 MB
2020-01-31 12:56:21,729 Cached:3277.625 MB
2020-01-31 12:58:35,739 ==> Epoch[5](300/534): Loss: 0.0098
2020-01-31 12:58:35,741 Allocated:122.28369140625 MB
2020-01-31 12:58:35,742 Cached:5483.375 MB
2020-01-31 13:00:49,388 ==> Epoch[5](350/534): Loss: 0.0618
2020-01-31 13:00:49,390 Allocated:122.53369140625 MB
2020-01-31 13:00:49,391 Cached:4949.125 MB
2020-01-31 13:01:03,035 ====> Building Cache
2020-01-31 13:01:03,036 feature cache--->>> /home/annora/NetVLAD/output/train_feat_cache1.hdf5
2020-01-31 13:02:40,273 Allocated:122.283203125 MB
2020-01-31 13:02:40,274 Cached:3307.75 MB
2020-01-31 13:05:05,873 ==> Epoch[5](400/534): Loss: 0.0405
2020-01-31 13:05:05,876 Allocated:122.28369140625 MB
2020-01-31 13:05:05,877 Cached:4461.125 MB
2020-01-31 13:07:06,047 ==> Epoch[5](450/534): Loss: 0.1220
2020-01-31 13:07:06,051 Allocated:122.28369140625 MB
2020-01-31 13:07:06,051 Cached:5638.5 MB
2020-01-31 13:09:08,827 ==> Epoch[5](500/534): Loss: 0.0842
2020-01-31 13:09:08,829 Allocated:122.28369140625 MB
2020-01-31 13:09:08,829 Cached:5638.5 MB
2020-01-31 13:10:26,470 ===> Epoch 5 Complete: Avg. Loss: 0.0727
2020-01-31 13:10:26,472 ====> Extracting Features
2020-01-31 13:11:11,660 ==> Batch (50/108)
2020-01-31 13:11:40,975 ==> Batch (100/108)
2020-01-31 13:11:46,397 ====> Building faiss index
2020-01-31 13:11:46,763 ====> Calculating recall @ N
2020-01-31 13:11:49,329 ====> Recall@1: 0.4339
2020-01-31 13:11:49,330 ====> Recall@2: 0.4861
2020-01-31 13:11:49,331 ====> Recall@3: 0.5145
2020-01-31 13:11:49,331 ====> Recall@4: 0.5316
2020-01-31 13:11:49,332 ====> Recall@5: 0.5519
2020-01-31 13:11:49,332 ====> Recall@10: 0.6061
2020-01-31 13:11:49,332 ====> Recall@15: 0.6386
2020-01-31 13:11:49,332 ====> Recall@20: 0.6638
2020-01-31 13:11:49,332 ====> Recall@25: 0.6794
2020-01-31 13:11:49,828 ====> Building Cache
2020-01-31 13:11:49,829 feature cache--->>> /home/annora/NetVLAD/output/train_feat_cache1.hdf5
2020-01-31 13:13:28,038 Allocated:120.40869140625 MB
2020-01-31 13:13:28,039 Cached:4262.375 MB
2020-01-31 13:16:26,643 ==> Epoch[6](50/534): Loss: 0.0982
2020-01-31 13:16:26,649 Allocated:123.53369140625 MB
2020-01-31 13:16:26,650 Cached:7707.0 MB
2020-01-31 13:18:20,740 ==> Epoch[6](100/534): Loss: 0.0617
2020-01-31 13:18:20,743 Allocated:122.40869140625 MB
2020-01-31 13:18:20,743 Cached:7707.0 MB
2020-01-31 13:20:24,224 ==> Epoch[6](150/534): Loss: 0.0596
2020-01-31 13:20:24,227 Allocated:122.28369140625 MB
2020-01-31 13:20:24,227 Cached:10035.375 MB
2020-01-31 13:21:31,703 ====> Building Cache
2020-01-31 13:21:31,704 feature cache--->>> /home/annora/NetVLAD/output/train_feat_cache1.hdf5
2020-01-31 13:23:08,500 Allocated:122.408203125 MB
2020-01-31 13:23:08,500 Cached:3685.875 MB
2020-01-31 13:24:56,393 ==> Epoch[6](200/534): Loss: 0.1329
2020-01-31 13:24:56,397 Allocated:122.28369140625 MB
2020-01-31 13:24:56,397 Cached:3695.875 MB
2020-01-31 13:27:01,328 ==> Epoch[6](250/534): Loss: 0.1103
2020-01-31 13:27:01,330 Allocated:122.90869140625 MB
2020-01-31 13:27:01,331 Cached:4828.625 MB
2020-01-31 13:28:53,857 ==> Epoch[6](300/534): Loss: 0.1817
2020-01-31 13:28:53,859 Allocated:123.15869140625 MB
2020-01-31 13:28:53,859 Cached:5986.875 MB
2020-01-31 13:30:55,576 ==> Epoch[6](350/534): Loss: 0.0913
2020-01-31 13:30:55,578 Allocated:122.28369140625 MB
2020-01-31 13:30:55,578 Cached:5986.875 MB
2020-01-31 13:31:08,831 ====> Building Cache
2020-01-31 13:31:08,833 feature cache--->>> /home/annora/NetVLAD/output/train_feat_cache1.hdf5
2020-01-31 13:32:45,350 Allocated:123.033203125 MB
2020-01-31 13:32:45,351 Cached:3307.75 MB
2020-01-31 13:35:30,184 ==> Epoch[6](400/534): Loss: 0.0971
2020-01-31 13:35:30,187 Allocated:122.28369140625 MB
2020-01-31 13:35:30,187 Cached:4526.875 MB
2020-01-31 13:37:38,387 ==> Epoch[6](450/534): Loss: 0.0589
2020-01-31 13:37:38,391 Allocated:122.28369140625 MB
2020-01-31 13:37:38,392 Cached:4526.875 MB
2020-01-31 13:39:39,843 ==> Epoch[6](500/534): Loss: 0.0523
2020-01-31 13:39:39,846 Allocated:122.40869140625 MB
2020-01-31 13:39:39,846 Cached:5738.375 MB
2020-01-31 13:41:03,018 ===> Epoch 6 Complete: Avg. Loss: 0.0831
2020-01-31 13:41:03,020 ====> Extracting Features
2020-01-31 13:41:44,242 ==> Batch (50/108)
2020-01-31 13:42:18,738 ==> Batch (100/108)
2020-01-31 13:42:24,171 ====> Building faiss index
2020-01-31 13:42:24,543 ====> Calculating recall @ N
2020-01-31 13:42:26,929 ====> Recall@1: 0.4014
2020-01-31 13:42:26,930 ====> Recall@2: 0.4519
2020-01-31 13:42:26,931 ====> Recall@3: 0.4899
2020-01-31 13:42:26,931 ====> Recall@4: 0.5186
2020-01-31 13:42:26,931 ====> Recall@5: 0.5328
2020-01-31 13:42:26,931 ====> Recall@10: 0.6110
2020-01-31 13:42:26,931 ====> Recall@15: 0.6490
2020-01-31 13:42:26,932 ====> Recall@20: 0.6757
2020-01-31 13:42:26,932 ====> Recall@25: 0.6936
2020-01-31 13:42:27,424 ====> Building Cache
2020-01-31 13:42:27,424 feature cache--->>> /home/annora/NetVLAD/output/train_feat_cache1.hdf5
2020-01-31 13:44:03,893 Allocated:120.28369140625 MB
2020-01-31 13:44:03,893 Cached:4262.375 MB
2020-01-31 13:46:50,070 ==> Epoch[7](50/534): Loss: 0.0988
2020-01-31 13:46:50,074 Allocated:122.28369140625 MB
2020-01-31 13:46:50,074 Cached:4271.375 MB
2020-01-31 13:48:50,882 ==> Epoch[7](100/534): Loss: 0.1497
2020-01-31 13:48:50,884 Allocated:122.28369140625 MB
2020-01-31 13:48:50,885 Cached:4271.375 MB
2020-01-31 13:50:44,835 ==> Epoch[7](150/534): Loss: 0.0832
2020-01-31 13:50:44,837 Allocated:123.65869140625 MB
2020-01-31 13:50:44,838 Cached:4271.375 MB
2020-01-31 13:51:46,390 ====> Building Cache
2020-01-31 13:51:46,391 feature cache--->>> /home/annora/NetVLAD/output/train_feat_cache1.hdf5
2020-01-31 13:53:27,344 Allocated:122.283203125 MB
2020-01-31 13:53:27,345 Cached:3272.625 MB
2020-01-31 13:55:18,327 ==> Epoch[7](200/534): Loss: 0.0594
2020-01-31 13:55:18,329 Allocated:123.15869140625 MB
2020-01-31 13:55:18,329 Cached:5642.625 MB
2020-01-31 13:57:24,452 ==> Epoch[7](250/534): Loss: 0.0250
2020-01-31 13:57:24,454 Allocated:122.53369140625 MB
2020-01-31 13:57:24,454 Cached:5642.625 MB
2020-01-31 13:59:26,315 ==> Epoch[7](300/534): Loss: 0.0800
2020-01-31 13:59:26,318 Allocated:122.28369140625 MB
2020-01-31 13:59:26,318 Cached:6835.0 MB
2020-01-31 14:01:37,429 ==> Epoch[7](350/534): Loss: 0.0455
2020-01-31 14:01:37,431 Allocated:122.28369140625 MB
2020-01-31 14:01:37,431 Cached:8046.5 MB
2020-01-31 14:01:51,075 ====> Building Cache
2020-01-31 14:01:51,076 feature cache--->>> /home/annora/NetVLAD/output/train_feat_cache1.hdf5
2020-01-31 14:03:31,388 Allocated:122.283203125 MB
2020-01-31 14:03:31,389 Cached:3272.625 MB
2020-01-31 14:06:16,293 ==> Epoch[7](400/534): Loss: 0.0353
2020-01-31 14:06:16,295 Allocated:122.28369140625 MB
2020-01-31 14:06:16,295 Cached:7885.125 MB
2020-01-31 14:08:15,947 ==> Epoch[7](450/534): Loss: 0.0254
2020-01-31 14:08:15,950 Allocated:123.65869140625 MB
2020-01-31 14:08:15,950 Cached:9082.625 MB
2020-01-31 14:10:21,768 ==> Epoch[7](500/534): Loss: 0.0274
2020-01-31 14:10:21,771 Allocated:122.28369140625 MB
2020-01-31 14:10:21,771 Cached:3893.25 MB
2020-01-31 14:11:40,735 ===> Epoch 7 Complete: Avg. Loss: 0.0746
2020-01-31 14:11:40,736 ====> Extracting Features
2020-01-31 14:12:26,567 ==> Batch (50/108)
2020-01-31 14:12:52,736 ==> Batch (100/108)
2020-01-31 14:12:57,631 ====> Building faiss index
2020-01-31 14:12:57,986 ====> Calculating recall @ N
2020-01-31 14:13:00,300 ====> Recall@1: 0.3635
2020-01-31 14:13:00,301 ====> Recall@2: 0.4159
2020-01-31 14:13:00,301 ====> Recall@3: 0.4539
2020-01-31 14:13:00,301 ====> Recall@4: 0.4803
2020-01-31 14:13:00,302 ====> Recall@5: 0.5052
2020-01-31 14:13:00,302 ====> Recall@10: 0.5670
2020-01-31 14:13:00,302 ====> Recall@15: 0.6078
2020-01-31 14:13:00,302 ====> Recall@20: 0.6328
2020-01-31 14:13:00,302 ====> Recall@25: 0.6557
2020-01-31 14:13:00,754 ====> Building Cache
2020-01-31 14:13:00,755 feature cache--->>> /home/annora/NetVLAD/output/train_feat_cache1.hdf5
2020-01-31 14:14:48,227 Allocated:120.28369140625 MB
2020-01-31 14:14:48,228 Cached:4361.625 MB
2020-01-31 14:17:42,885 ==> Epoch[8](50/534): Loss: 0.0935
2020-01-31 14:17:42,889 Allocated:123.15869140625 MB
2020-01-31 14:17:42,890 Cached:5500.25 MB
2020-01-31 14:19:36,449 ==> Epoch[8](100/534): Loss: 0.0851
2020-01-31 14:19:36,451 Allocated:123.15869140625 MB
2020-01-31 14:19:36,451 Cached:5500.25 MB
2020-01-31 14:21:36,466 ==> Epoch[8](150/534): Loss: 0.0857
2020-01-31 14:21:36,468 Allocated:123.78369140625 MB
2020-01-31 14:21:36,468 Cached:6658.5 MB
2020-01-31 14:22:40,243 ====> Building Cache
2020-01-31 14:22:40,244 feature cache--->>> /home/annora/NetVLAD/output/train_feat_cache1.hdf5
2020-01-31 14:24:17,721 Allocated:122.783203125 MB
2020-01-31 14:24:17,722 Cached:3442.5 MB
2020-01-31 14:26:14,015 ==> Epoch[8](200/534): Loss: 0.1301
2020-01-31 14:26:14,019 Allocated:122.28369140625 MB
2020-01-31 14:26:14,019 Cached:5773.25 MB
2020-01-31 14:28:13,271 ==> Epoch[8](250/534): Loss: 0.1210
2020-01-31 14:28:13,273 Allocated:122.28369140625 MB
2020-01-31 14:28:13,273 Cached:5773.25 MB
2020-01-31 14:30:09,856 ==> Epoch[8](300/534): Loss: 0.1609
2020-01-31 14:30:09,860 Allocated:122.78369140625 MB
2020-01-31 14:30:09,861 Cached:6976.125 MB
2020-01-31 14:32:13,475 ==> Epoch[8](350/534): Loss: 0.1017
2020-01-31 14:32:13,479 Allocated:122.28369140625 MB
2020-01-31 14:32:13,479 Cached:8181.25 MB
2020-01-31 14:32:31,392 ====> Building Cache
2020-01-31 14:32:31,394 feature cache--->>> /home/annora/NetVLAD/output/train_feat_cache1.hdf5
2020-01-31 14:34:16,349 Allocated:122.283203125 MB
2020-01-31 14:34:16,349 Cached:3272.625 MB
2020-01-31 14:37:11,594 ==> Epoch[8](400/534): Loss: 0.0262
2020-01-31 14:37:11,598 Allocated:122.28369140625 MB
2020-01-31 14:37:11,598 Cached:5722.25 MB
2020-01-31 14:39:17,299 ==> Epoch[8](450/534): Loss: 0.0154
2020-01-31 14:39:17,303 Allocated:122.28369140625 MB
2020-01-31 14:39:17,303 Cached:6977.125 MB
2020-01-31 14:41:26,136 ==> Epoch[8](500/534): Loss: 0.0441
2020-01-31 14:41:26,138 Allocated:122.28369140625 MB
2020-01-31 14:41:26,139 Cached:3806.25 MB
2020-01-31 14:42:48,196 ===> Epoch 8 Complete: Avg. Loss: 0.0736
2020-01-31 14:42:48,198 ====> Extracting Features
2020-01-31 14:43:35,048 ==> Batch (50/108)
2020-01-31 14:44:02,918 ==> Batch (100/108)
2020-01-31 14:44:07,832 ====> Building faiss index
2020-01-31 14:44:08,206 ====> Calculating recall @ N
2020-01-31 14:44:10,708 ====> Recall@1: 0.3852
2020-01-31 14:44:10,710 ====> Recall@2: 0.4493
2020-01-31 14:44:10,710 ====> Recall@3: 0.4867
2020-01-31 14:44:10,711 ====> Recall@4: 0.5148
2020-01-31 14:44:10,711 ====> Recall@5: 0.5435
2020-01-31 14:44:10,711 ====> Recall@10: 0.6075
2020-01-31 14:44:10,711 ====> Recall@15: 0.6481
2020-01-31 14:44:10,711 ====> Recall@20: 0.6730
2020-01-31 14:44:10,712 ====> Recall@25: 0.6945
2020-01-31 14:44:11,572 ====> Building Cache
2020-01-31 14:44:11,573 feature cache--->>> /home/annora/NetVLAD/output/train_feat_cache1.hdf5
2020-01-31 14:45:55,460 Allocated:121.40869140625 MB
2020-01-31 14:45:55,462 Cached:4227.25 MB
2020-01-31 14:48:57,646 ==> Epoch[9](50/534): Loss: 0.0987
2020-01-31 14:48:57,650 Allocated:122.28369140625 MB
2020-01-31 14:48:57,650 Cached:4237.25 MB
2020-01-31 14:50:57,628 ==> Epoch[9](100/534): Loss: 0.0896
2020-01-31 14:50:57,631 Allocated:122.28369140625 MB
2020-01-31 14:50:57,632 Cached:4237.25 MB
2020-01-31 14:53:07,559 ==> Epoch[9](150/534): Loss: 0.0999
2020-01-31 14:53:07,563 Allocated:123.53369140625 MB
2020-01-31 14:53:07,563 Cached:4237.25 MB
2020-01-31 14:54:11,619 ====> Building Cache
2020-01-31 14:54:11,620 feature cache--->>> /home/annora/NetVLAD/output/train_feat_cache1.hdf5
2020-01-31 14:55:49,167 Allocated:123.283203125 MB
2020-01-31 14:55:49,168 Cached:3650.75 MB
2020-01-31 14:57:50,445 ==> Epoch[9](200/534): Loss: 0.2531
2020-01-31 14:57:50,450 Allocated:122.40869140625 MB
2020-01-31 14:57:50,450 Cached:6000.625 MB
2020-01-31 15:00:00,131 ==> Epoch[9](250/534): Loss: 0.0752
2020-01-31 15:00:00,134 Allocated:122.65869140625 MB
2020-01-31 15:00:00,134 Cached:7223.625 MB
2020-01-31 15:02:03,600 ==> Epoch[9](300/534): Loss: 0.0350
2020-01-31 15:02:03,603 Allocated:123.28369140625 MB
2020-01-31 15:02:03,604 Cached:7223.625 MB
2020-01-31 15:04:03,136 ==> Epoch[9](350/534): Loss: 0.1652
2020-01-31 15:04:03,139 Allocated:123.03369140625 MB
2020-01-31 15:04:03,140 Cached:7223.625 MB
2020-01-31 15:04:16,766 ====> Building Cache
2020-01-31 15:04:16,768 feature cache--->>> /home/annora/NetVLAD/output/train_feat_cache1.hdf5
2020-01-31 15:06:01,890 Allocated:123.283203125 MB
2020-01-31 15:06:01,891 Cached:3650.75 MB
2020-01-31 15:08:34,228 ==> Epoch[9](400/534): Loss: 0.0972
2020-01-31 15:08:34,231 Allocated:122.28369140625 MB
2020-01-31 15:08:34,231 Cached:6013.375 MB
2020-01-31 15:10:35,176 ==> Epoch[9](450/534): Loss: 0.0908
2020-01-31 15:10:35,180 Allocated:123.03369140625 MB
2020-01-31 15:10:35,181 Cached:6013.375 MB
2020-01-31 15:12:40,654 ==> Epoch[9](500/534): Loss: 0.0282
2020-01-31 15:12:40,657 Allocated:122.40869140625 MB
2020-01-31 15:12:40,658 Cached:6013.375 MB
2020-01-31 15:14:01,830 ===> Epoch 9 Complete: Avg. Loss: 0.0907
2020-01-31 15:14:01,833 ====> Extracting Features
2020-01-31 15:14:44,578 ==> Batch (50/108)
2020-01-31 15:15:10,569 ==> Batch (100/108)
2020-01-31 15:15:15,468 ====> Building faiss index
2020-01-31 15:15:15,823 ====> Calculating recall @ N
2020-01-31 15:15:18,303 ====> Recall@1: 0.3994
2020-01-31 15:15:18,304 ====> Recall@2: 0.4530
2020-01-31 15:15:18,305 ====> Recall@3: 0.4820
2020-01-31 15:15:18,305 ====> Recall@4: 0.5136
2020-01-31 15:15:18,305 ====> Recall@5: 0.5319
2020-01-31 15:15:18,305 ====> Recall@10: 0.6029
2020-01-31 15:15:18,306 ====> Recall@15: 0.6461
2020-01-31 15:15:18,306 ====> Recall@20: 0.6687
2020-01-31 15:15:18,306 ====> Recall@25: 0.6855
2020-01-31 15:15:18,772 ====> Building Cache
2020-01-31 15:15:18,773 feature cache--->>> /home/annora/NetVLAD/output/train_feat_cache1.hdf5
2020-01-31 15:17:06,901 Allocated:121.40869140625 MB
2020-01-31 15:17:06,902 Cached:4227.25 MB
2020-01-31 15:19:53,049 ==> Epoch[10](50/534): Loss: 0.0578
2020-01-31 15:19:53,052 Allocated:122.28369140625 MB
2020-01-31 15:19:53,052 Cached:4236.25 MB
2020-01-31 15:21:58,611 ==> Epoch[10](100/534): Loss: 0.0656
2020-01-31 15:21:58,616 Allocated:122.65869140625 MB
2020-01-31 15:21:58,616 Cached:5376.375 MB
2020-01-31 15:24:04,396 ==> Epoch[10](150/534): Loss: 0.0424
2020-01-31 15:24:04,399 Allocated:122.28369140625 MB
2020-01-31 15:24:04,400 Cached:5376.375 MB
2020-01-31 15:25:09,409 ====> Building Cache
2020-01-31 15:25:09,410 feature cache--->>> /home/annora/NetVLAD/output/train_feat_cache1.hdf5
2020-01-31 15:26:47,551 Allocated:122.283203125 MB
2020-01-31 15:26:47,551 Cached:3650.75 MB
2020-01-31 15:28:23,969 ==> Epoch[10](200/534): Loss: 0.3159
2020-01-31 15:28:23,973 Allocated:123.28369140625 MB
2020-01-31 15:28:23,973 Cached:3659.75 MB
2020-01-31 15:30:23,431 ==> Epoch[10](250/534): Loss: 0.1675
2020-01-31 15:30:23,434 Allocated:123.03369140625 MB
2020-01-31 15:30:23,434 Cached:4833.75 MB
2020-01-31 15:32:13,264 ==> Epoch[10](300/534): Loss: 0.2020
2020-01-31 15:32:13,266 Allocated:122.28369140625 MB
2020-01-31 15:32:13,266 Cached:4833.75 MB
2020-01-31 15:34:10,462 ==> Epoch[10](350/534): Loss: 0.1451
2020-01-31 15:34:10,464 Allocated:122.78369140625 MB
2020-01-31 15:34:10,464 Cached:4833.75 MB
2020-01-31 15:34:24,605 ====> Building Cache
2020-01-31 15:34:24,606 feature cache--->>> /home/annora/NetVLAD/output/train_feat_cache1.hdf5
2020-01-31 15:36:02,024 Allocated:122.783203125 MB
2020-01-31 15:36:02,025 Cached:3272.625 MB
2020-01-31 15:38:39,634 ==> Epoch[10](400/534): Loss: 0.0239
2020-01-31 15:38:39,636 Allocated:122.28369140625 MB
2020-01-31 15:38:39,637 Cached:4485.375 MB
2020-01-31 15:40:44,514 ==> Epoch[10](450/534): Loss: 0.0999
2020-01-31 15:40:44,517 Allocated:122.28369140625 MB
2020-01-31 15:40:44,518 Cached:4485.375 MB
2020-01-31 15:42:56,843 ==> Epoch[10](500/534): Loss: 0.0090
2020-01-31 15:42:56,846 Allocated:122.53369140625 MB
2020-01-31 15:42:56,846 Cached:4485.375 MB
2020-01-31 15:44:20,254 ===> Epoch 10 Complete: Avg. Loss: 0.0887
2020-01-31 15:44:20,256 ====> Extracting Features
2020-01-31 15:45:06,676 ==> Batch (50/108)
2020-01-31 15:45:37,870 ==> Batch (100/108)
2020-01-31 15:45:43,377 ====> Building faiss index
2020-01-31 15:45:43,735 ====> Calculating recall @ N
2020-01-31 15:45:46,094 ====> Recall@1: 0.3988
2020-01-31 15:45:46,095 ====> Recall@2: 0.4571
2020-01-31 15:45:46,096 ====> Recall@3: 0.5000
2020-01-31 15:45:46,096 ====> Recall@4: 0.5296
2020-01-31 15:45:46,096 ====> Recall@5: 0.5617
2020-01-31 15:45:46,096 ====> Recall@10: 0.6368
2020-01-31 15:45:46,096 ====> Recall@15: 0.6681
2020-01-31 15:45:46,097 ====> Recall@20: 0.6904
2020-01-31 15:45:46,097 ====> Recall@25: 0.7061
2020-01-31 15:45:46,938 ====> Building Cache
2020-01-31 15:45:46,938 feature cache--->>> /home/annora/NetVLAD/output/train_feat_cache1.hdf5
2020-01-31 15:47:28,347 Allocated:120.28369140625 MB
2020-01-31 15:47:28,348 Cached:4413.375 MB
2020-01-31 15:50:05,915 ==> Epoch[11](50/534): Loss: 0.0387
2020-01-31 15:50:05,918 Allocated:123.40869140625 MB
2020-01-31 15:50:05,918 Cached:4422.375 MB
2020-01-31 15:52:10,643 ==> Epoch[11](100/534): Loss: 0.0551
2020-01-31 15:52:10,646 Allocated:122.78369140625 MB
2020-01-31 15:52:10,647 Cached:4422.375 MB
2020-01-31 15:54:14,670 ==> Epoch[11](150/534): Loss: 0.1128
2020-01-31 15:54:14,673 Allocated:122.40869140625 MB
2020-01-31 15:54:14,673 Cached:5568.875 MB
2020-01-31 15:55:17,682 ====> Building Cache
2020-01-31 15:55:17,683 feature cache--->>> /home/annora/NetVLAD/output/train_feat_cache1.hdf5
2020-01-31 15:56:54,315 Allocated:122.908203125 MB
2020-01-31 15:56:54,315 Cached:3713.875 MB
2020-01-31 15:58:36,811 ==> Epoch[11](200/534): Loss: 0.0622
2020-01-31 15:58:36,814 Allocated:122.78369140625 MB
2020-01-31 15:58:36,814 Cached:3724.875 MB
2020-01-31 16:00:37,624 ==> Epoch[11](250/534): Loss: 0.2555
2020-01-31 16:00:37,627 Allocated:122.40869140625 MB
2020-01-31 16:00:37,627 Cached:4853.5 MB
2020-01-31 16:02:47,280 ==> Epoch[11](300/534): Loss: 0.0710
2020-01-31 16:02:47,282 Allocated:122.28369140625 MB
2020-01-31 16:02:47,283 Cached:7159.5 MB
2020-01-31 16:04:49,989 ==> Epoch[11](350/534): Loss: 0.0561
2020-01-31 16:04:49,991 Allocated:122.40869140625 MB
2020-01-31 16:04:49,992 Cached:7160.5 MB
2020-01-31 16:05:04,364 ====> Building Cache
2020-01-31 16:05:04,365 feature cache--->>> /home/annora/NetVLAD/output/train_feat_cache1.hdf5
2020-01-31 16:06:47,902 Allocated:123.408203125 MB
2020-01-31 16:06:47,903 Cached:3458.75 MB
2020-01-31 16:09:34,230 ==> Epoch[11](400/534): Loss: 0.0565
2020-01-31 16:09:34,232 Allocated:122.78369140625 MB
2020-01-31 16:09:34,232 Cached:5750.25 MB
2020-01-31 16:11:30,698 ==> Epoch[11](450/534): Loss: 0.0598
2020-01-31 16:11:30,700 Allocated:123.15869140625 MB
2020-01-31 16:11:30,700 Cached:5750.25 MB
2020-01-31 16:13:34,047 ==> Epoch[11](500/534): Loss: 0.0542
2020-01-31 16:13:34,051 Allocated:123.15869140625 MB
2020-01-31 16:13:34,051 Cached:8147.5 MB
2020-01-31 16:14:55,821 ===> Epoch 11 Complete: Avg. Loss: 0.0883
2020-01-31 16:14:55,824 ====> Extracting Features
2020-01-31 16:15:41,122 ==> Batch (50/108)
2020-01-31 16:16:05,756 ==> Batch (100/108)
2020-01-31 16:16:11,232 ====> Building faiss index
2020-01-31 16:16:11,629 ====> Calculating recall @ N
2020-01-31 16:16:14,476 ====> Recall@1: 0.3980
2020-01-31 16:16:14,476 ====> Recall@2: 0.4812
2020-01-31 16:16:14,477 ====> Recall@3: 0.5110
2020-01-31 16:16:14,477 ====> Recall@4: 0.5316
2020-01-31 16:16:14,478 ====> Recall@5: 0.5484
2020-01-31 16:16:14,478 ====> Recall@10: 0.6017
2020-01-31 16:16:14,478 ====> Recall@15: 0.6354
2020-01-31 16:16:14,479 ====> Recall@20: 0.6554
2020-01-31 16:16:14,479 ====> Recall@25: 0.6719
2020-01-31 16:16:15,004 ====> Building Cache
2020-01-31 16:16:15,004 feature cache--->>> /home/annora/NetVLAD/output/train_feat_cache1.hdf5
2020-01-31 16:18:06,076 Allocated:121.03369140625 MB
2020-01-31 16:18:06,076 Cached:4189.25 MB
2020-01-31 16:21:06,558 ==> Epoch[12](50/534): Loss: 0.0483
2020-01-31 16:21:06,560 Allocated:123.28369140625 MB
2020-01-31 16:21:06,560 Cached:4198.25 MB
2020-01-31 16:22:58,182 ==> Epoch[12](100/534): Loss: 0.0683
2020-01-31 16:22:58,184 Allocated:122.53369140625 MB
2020-01-31 16:22:58,184 Cached:4198.25 MB
2020-01-31 16:25:06,002 ==> Epoch[12](150/534): Loss: 0.0254
2020-01-31 16:25:06,006 Allocated:123.53369140625 MB
2020-01-31 16:25:06,006 Cached:5351.125 MB
2020-01-31 16:26:21,734 ====> Building Cache
2020-01-31 16:26:21,737 feature cache--->>> /home/annora/NetVLAD/output/train_feat_cache1.hdf5
2020-01-31 16:28:04,472 Allocated:123.033203125 MB
2020-01-31 16:28:04,473 Cached:3867.875 MB
2020-01-31 16:30:01,109 ==> Epoch[12](200/534): Loss: 0.2343
2020-01-31 16:30:01,113 Allocated:122.28369140625 MB
2020-01-31 16:30:01,114 Cached:3877.875 MB
2020-01-31 16:32:05,134 ==> Epoch[12](250/534): Loss: 0.1553
2020-01-31 16:32:05,138 Allocated:123.15869140625 MB
2020-01-31 16:32:05,138 Cached:3878.875 MB
2020-01-31 16:34:02,332 ==> Epoch[12](300/534): Loss: 0.0801
2020-01-31 16:34:02,334 Allocated:122.28369140625 MB
2020-01-31 16:34:02,335 Cached:5007.5 MB
2020-01-31 16:36:03,489 ==> Epoch[12](350/534): Loss: 0.0139
2020-01-31 16:36:03,494 Allocated:122.40869140625 MB
2020-01-31 16:36:03,495 Cached:5007.5 MB
2020-01-31 16:36:17,865 ====> Building Cache
2020-01-31 16:36:17,866 feature cache--->>> /home/annora/NetVLAD/output/train_feat_cache1.hdf5
2020-01-31 16:38:11,076 Allocated:122.408203125 MB
2020-01-31 16:38:11,077 Cached:3867.875 MB
2020-01-31 16:40:58,992 ==> Epoch[12](400/534): Loss: 0.0117
2020-01-31 16:40:58,995 Allocated:122.53369140625 MB
2020-01-31 16:40:58,995 Cached:6195.5 MB
2020-01-31 16:42:55,633 ==> Epoch[12](450/534): Loss: 0.0238
2020-01-31 16:42:55,635 Allocated:122.28369140625 MB
2020-01-31 16:42:55,635 Cached:6195.5 MB
2020-01-31 16:44:51,799 ==> Epoch[12](500/534): Loss: 0.0465
2020-01-31 16:44:51,801 Allocated:122.78369140625 MB
2020-01-31 16:44:51,802 Cached:7395.25 MB
2020-01-31 16:46:19,666 ===> Epoch 12 Complete: Avg. Loss: 0.0873
2020-01-31 16:46:19,669 ====> Extracting Features
2020-01-31 16:47:04,308 ==> Batch (50/108)
2020-01-31 16:47:37,101 ==> Batch (100/108)
2020-01-31 16:47:41,340 ====> Building faiss index
2020-01-31 16:47:41,710 ====> Calculating recall @ N
2020-01-31 16:47:44,042 ====> Recall@1: 0.4388
2020-01-31 16:47:44,042 ====> Recall@2: 0.4977
2020-01-31 16:47:44,043 ====> Recall@3: 0.5339
2020-01-31 16:47:44,044 ====> Recall@4: 0.5580
2020-01-31 16:47:44,044 ====> Recall@5: 0.5759
2020-01-31 16:47:44,044 ====> Recall@10: 0.6241
2020-01-31 16:47:44,044 ====> Recall@15: 0.6542
2020-01-31 16:47:44,044 ====> Recall@20: 0.6771
2020-01-31 16:47:44,044 ====> Recall@25: 0.6954
2020-01-31 16:47:44,860 ====> Building Cache
2020-01-31 16:47:44,861 feature cache--->>> /home/annora/NetVLAD/output/train_feat_cache1.hdf5
2020-01-31 16:49:36,430 Allocated:120.90869140625 MB
2020-01-31 16:49:36,431 Cached:4189.25 MB
2020-01-31 16:52:44,237 ==> Epoch[13](50/534): Loss: 0.0402
2020-01-31 16:52:44,242 Allocated:123.03369140625 MB
2020-01-31 16:52:44,243 Cached:4198.25 MB
2020-01-31 16:54:41,788 ==> Epoch[13](100/534): Loss: 0.0386
2020-01-31 16:54:41,791 Allocated:122.28369140625 MB
2020-01-31 16:54:41,791 Cached:4199.25 MB
2020-01-31 16:56:45,508 ==> Epoch[13](150/534): Loss: 0.0855
2020-01-31 16:56:45,512 Allocated:122.90869140625 MB
2020-01-31 16:56:45,512 Cached:5397.75 MB
2020-01-31 16:57:50,964 ====> Building Cache
2020-01-31 16:57:50,965 feature cache--->>> /home/annora/NetVLAD/output/train_feat_cache1.hdf5
2020-01-31 16:59:27,236 Allocated:122.408203125 MB
2020-01-31 16:59:27,240 Cached:3272.625 MB
2020-01-31 17:01:11,314 ==> Epoch[13](200/534): Loss: 0.0583
2020-01-31 17:01:11,317 Allocated:122.28369140625 MB
2020-01-31 17:01:11,317 Cached:4462.0 MB
2020-01-31 17:03:12,357 ==> Epoch[13](250/534): Loss: 0.0779
2020-01-31 17:03:12,359 Allocated:122.28369140625 MB
2020-01-31 17:03:12,360 Cached:4462.0 MB
2020-01-31 17:05:13,758 ==> Epoch[13](300/534): Loss: 0.0530
2020-01-31 17:05:13,761 Allocated:123.28369140625 MB
2020-01-31 17:05:13,762 Cached:4462.0 MB
2020-01-31 17:07:14,124 ==> Epoch[13](350/534): Loss: 0.0209
2020-01-31 17:07:14,126 Allocated:122.28369140625 MB
2020-01-31 17:07:14,126 Cached:4462.0 MB
2020-01-31 17:07:27,033 ====> Building Cache
2020-01-31 17:07:27,034 feature cache--->>> /home/annora/NetVLAD/output/train_feat_cache1.hdf5
2020-01-31 17:09:29,936 Allocated:123.158203125 MB
2020-01-31 17:09:29,937 Cached:3867.875 MB
2020-01-31 17:12:32,293 ==> Epoch[13](400/534): Loss: 0.0998
2020-01-31 17:12:32,297 Allocated:122.65869140625 MB
2020-01-31 17:12:32,298 Cached:5040.375 MB
2020-01-31 17:14:56,649 ==> Epoch[13](450/534): Loss: 0.0744
2020-01-31 17:14:56,652 Allocated:123.03369140625 MB
2020-01-31 17:14:56,653 Cached:6204.0 MB
2020-01-31 17:16:57,139 ==> Epoch[13](500/534): Loss: 0.0436
2020-01-31 17:16:57,144 Allocated:123.15869140625 MB
2020-01-31 17:16:57,144 Cached:7398.375 MB
2020-01-31 17:18:21,258 ===> Epoch 13 Complete: Avg. Loss: 0.0813
2020-01-31 17:18:21,261 ====> Extracting Features
2020-01-31 17:19:11,668 ==> Batch (50/108)
2020-01-31 17:19:37,921 ==> Batch (100/108)
2020-01-31 17:19:43,723 ====> Building faiss index
2020-01-31 17:19:44,108 ====> Calculating recall @ N
2020-01-31 17:19:46,758 ====> Recall@1: 0.4362
2020-01-31 17:19:46,759 ====> Recall@2: 0.4994
2020-01-31 17:19:46,760 ====> Recall@3: 0.5301
2020-01-31 17:19:46,760 ====> Recall@4: 0.5562
2020-01-31 17:19:46,760 ====> Recall@5: 0.5788
2020-01-31 17:19:46,761 ====> Recall@10: 0.6354
2020-01-31 17:19:46,761 ====> Recall@15: 0.6620
2020-01-31 17:19:46,761 ====> Recall@20: 0.6786
2020-01-31 17:19:46,761 ====> Recall@25: 0.6951
2020-01-31 17:19:47,597 ====> Building Cache
2020-01-31 17:19:47,598 feature cache--->>> /home/annora/NetVLAD/output/train_feat_cache1.hdf5
2020-01-31 17:21:48,251 Allocated:121.28369140625 MB
2020-01-31 17:21:48,252 Cached:4227.25 MB
2020-01-31 17:24:49,787 ==> Epoch[14](50/534): Loss: 0.0584
2020-01-31 17:24:49,805 Allocated:122.28369140625 MB
2020-01-31 17:24:49,806 Cached:4237.25 MB
2020-01-31 17:26:48,789 ==> Epoch[14](100/534): Loss: 0.0488
2020-01-31 17:26:48,791 Allocated:123.03369140625 MB
2020-01-31 17:26:48,792 Cached:4237.25 MB
2020-01-31 17:28:52,737 ==> Epoch[14](150/534): Loss: 0.0439
2020-01-31 17:28:52,740 Allocated:123.15869140625 MB
2020-01-31 17:28:52,740 Cached:5369.0 MB
2020-01-31 17:30:02,782 ====> Building Cache
2020-01-31 17:30:02,783 feature cache--->>> /home/annora/NetVLAD/output/train_feat_cache1.hdf5
2020-01-31 17:31:49,910 Allocated:122.283203125 MB
2020-01-31 17:31:49,911 Cached:3272.625 MB
2020-01-31 17:33:33,097 ==> Epoch[14](200/534): Loss: 0.2166
2020-01-31 17:33:33,099 Allocated:122.28369140625 MB
2020-01-31 17:33:33,100 Cached:3282.625 MB
2020-01-31 17:35:35,014 ==> Epoch[14](250/534): Loss: 0.1563
2020-01-31 17:35:35,017 Allocated:123.15869140625 MB
2020-01-31 17:35:35,017 Cached:4302.75 MB
2020-01-31 17:37:38,282 ==> Epoch[14](300/534): Loss: 0.1207
2020-01-31 17:37:38,285 Allocated:123.03369140625 MB
2020-01-31 17:37:38,287 Cached:6644.75 MB
2020-01-31 17:39:34,116 ==> Epoch[14](350/534): Loss: 0.0735
2020-01-31 17:39:34,118 Allocated:122.78369140625 MB
2020-01-31 17:39:34,119 Cached:6644.75 MB
2020-01-31 17:39:46,417 ====> Building Cache
2020-01-31 17:39:46,418 feature cache--->>> /home/annora/NetVLAD/output/train_feat_cache1.hdf5
2020-01-31 17:41:15,900 Allocated:123.158203125 MB
2020-01-31 17:41:15,901 Cached:3272.625 MB
2020-01-31 17:43:33,318 ==> Epoch[14](400/534): Loss: 0.0428
2020-01-31 17:43:33,320 Allocated:123.28369140625 MB
2020-01-31 17:43:33,320 Cached:5592.75 MB
2020-01-31 17:45:27,923 ==> Epoch[14](450/534): Loss: 0.0784
2020-01-31 17:45:27,926 Allocated:123.03369140625 MB
2020-01-31 17:45:27,926 Cached:5592.75 MB
2020-01-31 17:47:30,821 ==> Epoch[14](500/534): Loss: 0.0471
2020-01-31 17:47:30,823 Allocated:122.28369140625 MB
2020-01-31 17:47:30,823 Cached:5592.75 MB
2020-01-31 17:48:47,343 ===> Epoch 14 Complete: Avg. Loss: 0.0877
2020-01-31 17:48:47,344 ====> Extracting Features
2020-01-31 17:49:23,618 ==> Batch (50/108)
2020-01-31 17:49:45,700 ==> Batch (100/108)
2020-01-31 17:49:50,278 ====> Building faiss index
2020-01-31 17:49:50,629 ====> Calculating recall @ N
2020-01-31 17:49:52,871 ====> Recall@1: 0.4058
2020-01-31 17:49:52,872 ====> Recall@2: 0.4588
2020-01-31 17:49:52,872 ====> Recall@3: 0.4936
2020-01-31 17:49:52,873 ====> Recall@4: 0.5255
2020-01-31 17:49:52,873 ====> Recall@5: 0.5583
2020-01-31 17:49:52,873 ====> Recall@10: 0.6328
2020-01-31 17:49:52,873 ====> Recall@15: 0.6614
2020-01-31 17:49:52,873 ====> Recall@20: 0.6846
2020-01-31 17:49:52,873 ====> Recall@25: 0.6974
2020-01-31 17:49:53,315 ====> Building Cache
2020-01-31 17:49:53,316 feature cache--->>> /home/annora/NetVLAD/output/train_feat_cache1.hdf5
2020-01-31 17:51:24,006 Allocated:121.40869140625 MB
2020-01-31 17:51:24,006 Cached:4227.25 MB
2020-01-31 17:53:54,937 ==> Epoch[15](50/534): Loss: 0.0218
2020-01-31 17:53:54,939 Allocated:122.28369140625 MB
2020-01-31 17:53:54,940 Cached:4237.25 MB
2020-01-31 17:55:41,433 ==> Epoch[15](100/534): Loss: 0.0761
2020-01-31 17:55:41,435 Allocated:122.28369140625 MB
2020-01-31 17:55:41,435 Cached:4237.25 MB
2020-01-31 17:57:35,298 ==> Epoch[15](150/534): Loss: 0.0656
2020-01-31 17:57:35,302 Allocated:122.28369140625 MB
2020-01-31 17:57:35,302 Cached:4237.25 MB
2020-01-31 17:58:34,102 ====> Building Cache
2020-01-31 17:58:34,103 feature cache--->>> /home/annora/NetVLAD/output/train_feat_cache1.hdf5
2020-01-31 18:00:03,966 Allocated:123.158203125 MB
2020-01-31 18:00:03,966 Cached:3527.75 MB
2020-01-31 18:01:36,848 ==> Epoch[15](200/534): Loss: 0.0986
2020-01-31 18:01:36,851 Allocated:123.03369140625 MB
2020-01-31 18:01:36,852 Cached:3537.75 MB
2020-01-31 18:03:22,189 ==> Epoch[15](250/534): Loss: 0.1196
2020-01-31 18:03:22,191 Allocated:123.65869140625 MB
2020-01-31 18:03:22,191 Cached:3538.75 MB
2020-01-31 18:05:19,885 ==> Epoch[15](300/534): Loss: 0.2323
2020-01-31 18:05:19,887 Allocated:122.28369140625 MB
2020-01-31 18:05:19,887 Cached:3538.75 MB
2020-01-31 18:07:09,893 ==> Epoch[15](350/534): Loss: 0.1178
2020-01-31 18:07:09,896 Allocated:122.53369140625 MB
2020-01-31 18:07:09,896 Cached:4756.375 MB
2020-01-31 18:07:22,820 ====> Building Cache
2020-01-31 18:07:22,822 feature cache--->>> /home/annora/NetVLAD/output/train_feat_cache1.hdf5
2020-01-31 18:08:55,272 Allocated:123.658203125 MB
2020-01-31 18:08:55,272 Cached:3867.875 MB
2020-01-31 18:11:19,670 ==> Epoch[15](400/534): Loss: 0.0062
2020-01-31 18:11:19,672 Allocated:123.15869140625 MB
2020-01-31 18:11:19,673 Cached:5054.125 MB
2020-01-31 18:13:09,885 ==> Epoch[15](450/534): Loss: 0.0522
2020-01-31 18:13:09,888 Allocated:122.90869140625 MB
2020-01-31 18:13:09,888 Cached:6236.875 MB
2020-01-31 18:15:06,126 ==> Epoch[15](500/534): Loss: 0.0955
2020-01-31 18:15:06,128 Allocated:123.90869140625 MB
2020-01-31 18:15:06,128 Cached:6236.875 MB
2020-01-31 18:16:21,920 ===> Epoch 15 Complete: Avg. Loss: 0.0834
2020-01-31 18:16:21,922 ====> Extracting Features
2020-01-31 18:16:59,701 ==> Batch (50/108)
2020-01-31 18:17:23,962 ==> Batch (100/108)
2020-01-31 18:17:29,136 ====> Building faiss index
2020-01-31 18:17:29,502 ====> Calculating recall @ N
2020-01-31 18:17:31,953 ====> Recall@1: 0.3803
2020-01-31 18:17:31,953 ====> Recall@2: 0.4391
2020-01-31 18:17:31,954 ====> Recall@3: 0.4757
2020-01-31 18:17:31,954 ====> Recall@4: 0.4994
2020-01-31 18:17:31,954 ====> Recall@5: 0.5197
2020-01-31 18:17:31,954 ====> Recall@10: 0.5887
2020-01-31 18:17:31,955 ====> Recall@15: 0.6322
2020-01-31 18:17:31,955 ====> Recall@20: 0.6583
2020-01-31 18:17:31,955 ====> Recall@25: 0.6777
2020-01-31 18:17:32,390 ====> Building Cache
2020-01-31 18:17:32,390 feature cache--->>> /home/annora/NetVLAD/output/train_feat_cache1.hdf5
2020-01-31 18:19:02,407 Allocated:120.28369140625 MB
2020-01-31 18:19:02,408 Cached:4227.25 MB
2020-01-31 18:21:31,870 ==> Epoch[16](50/534): Loss: 0.0574
2020-01-31 18:21:31,872 Allocated:122.28369140625 MB
2020-01-31 18:21:31,872 Cached:4235.25 MB
2020-01-31 18:23:21,589 ==> Epoch[16](100/534): Loss: 0.0589
2020-01-31 18:23:21,591 Allocated:122.53369140625 MB
2020-01-31 18:23:21,591 Cached:4235.25 MB
2020-01-31 18:25:06,281 ==> Epoch[16](150/534): Loss: 0.0211
2020-01-31 18:25:06,282 Allocated:122.28369140625 MB
2020-01-31 18:25:06,283 Cached:4236.25 MB
2020-01-31 18:26:05,313 ====> Building Cache
2020-01-31 18:26:05,314 feature cache--->>> /home/annora/NetVLAD/output/train_feat_cache1.hdf5
2020-01-31 18:27:38,426 Allocated:122.658203125 MB
2020-01-31 18:27:38,427 Cached:3527.75 MB
2020-01-31 18:29:10,310 ==> Epoch[16](200/534): Loss: 0.1106
2020-01-31 18:29:10,313 Allocated:122.28369140625 MB
2020-01-31 18:29:10,313 Cached:5855.25 MB
2020-01-31 18:31:01,711 ==> Epoch[16](250/534): Loss: 0.2102
2020-01-31 18:31:01,713 Allocated:123.40869140625 MB
2020-01-31 18:31:01,713 Cached:5855.25 MB
2020-01-31 18:32:50,138 ==> Epoch[16](300/534): Loss: 0.1199
2020-01-31 18:32:50,140 Allocated:123.28369140625 MB
2020-01-31 18:32:50,141 Cached:5855.25 MB
2020-01-31 18:34:38,725 ==> Epoch[16](350/534): Loss: 0.0228
2020-01-31 18:34:38,727 Allocated:122.28369140625 MB
2020-01-31 18:34:38,727 Cached:7022.125 MB
2020-01-31 18:34:51,571 ====> Building Cache
2020-01-31 18:34:51,572 feature cache--->>> /home/annora/NetVLAD/output/train_feat_cache1.hdf5
2020-01-31 18:36:25,661 Allocated:123.408203125 MB
2020-01-31 18:36:25,662 Cached:3527.75 MB
2020-01-31 18:38:47,752 ==> Epoch[16](400/534): Loss: 0.0794
2020-01-31 18:38:47,754 Allocated:122.90869140625 MB
2020-01-31 18:38:47,754 Cached:3536.75 MB
2020-01-31 18:40:40,168 ==> Epoch[16](450/534): Loss: 0.1558
2020-01-31 18:40:40,170 Allocated:122.28369140625 MB
2020-01-31 18:40:40,170 Cached:3538.75 MB
2020-01-31 18:42:29,129 ==> Epoch[16](500/534): Loss: 0.0874
2020-01-31 18:42:29,131 Allocated:122.40869140625 MB
2020-01-31 18:42:29,132 Cached:5897.75 MB
2020-01-31 18:43:41,076 ===> Epoch 16 Complete: Avg. Loss: 0.0865
2020-01-31 18:43:41,078 ====> Extracting Features
2020-01-31 18:44:19,846 ==> Batch (50/108)
2020-01-31 18:44:42,975 ==> Batch (100/108)
2020-01-31 18:44:47,771 ====> Building faiss index
2020-01-31 18:44:48,110 ====> Calculating recall @ N
2020-01-31 18:44:50,467 ====> Recall@1: 0.4328
2020-01-31 18:44:50,469 ====> Recall@2: 0.4846
2020-01-31 18:44:50,469 ====> Recall@3: 0.5206
2020-01-31 18:44:50,469 ====> Recall@4: 0.5475
2020-01-31 18:44:50,470 ====> Recall@5: 0.5681
2020-01-31 18:44:50,470 ====> Recall@10: 0.6241
2020-01-31 18:44:50,470 ====> Recall@15: 0.6551
2020-01-31 18:44:50,470 ====> Recall@20: 0.6759
2020-01-31 18:44:50,470 ====> Recall@25: 0.6928
2020-01-31 18:44:50,927 ====> Building Cache
2020-01-31 18:44:50,928 feature cache--->>> /home/annora/NetVLAD/output/train_feat_cache1.hdf5
2020-01-31 18:46:19,983 Allocated:120.28369140625 MB
2020-01-31 18:46:19,984 Cached:4227.25 MB
2020-01-31 18:48:54,416 ==> Epoch[17](50/534): Loss: 0.1513
2020-01-31 18:48:54,418 Allocated:122.40869140625 MB
2020-01-31 18:48:54,418 Cached:4235.25 MB
2020-01-31 18:50:40,896 ==> Epoch[17](100/534): Loss: 0.0818
2020-01-31 18:50:40,899 Allocated:122.28369140625 MB
2020-01-31 18:50:40,899 Cached:4236.25 MB
2020-01-31 18:52:30,724 ==> Epoch[17](150/534): Loss: 0.0655
2020-01-31 18:52:30,726 Allocated:122.78369140625 MB
2020-01-31 18:52:30,726 Cached:4236.25 MB
2020-01-31 18:53:28,595 ====> Building Cache
2020-01-31 18:53:28,596 feature cache--->>> /home/annora/NetVLAD/output/train_feat_cache1.hdf5
2020-01-31 18:54:58,056 Allocated:123.158203125 MB
2020-01-31 18:54:58,056 Cached:3905.875 MB
2020-01-31 18:56:26,803 ==> Epoch[17](200/534): Loss: 0.1372
2020-01-31 18:56:26,805 Allocated:122.90869140625 MB
2020-01-31 18:56:26,806 Cached:5045.5 MB
2020-01-31 18:58:13,483 ==> Epoch[17](250/534): Loss: 0.1892
2020-01-31 18:58:13,486 Allocated:122.28369140625 MB
2020-01-31 18:58:13,486 Cached:5045.5 MB
2020-01-31 19:00:01,171 ==> Epoch[17](300/534): Loss: 0.1100
2020-01-31 19:00:01,173 Allocated:122.78369140625 MB
2020-01-31 19:00:01,173 Cached:5045.5 MB
2020-01-31 19:01:48,960 ==> Epoch[17](350/534): Loss: 0.1950
2020-01-31 19:01:48,962 Allocated:123.28369140625 MB
2020-01-31 19:01:48,962 Cached:5045.5 MB
2020-01-31 19:02:02,352 ====> Building Cache
2020-01-31 19:02:02,353 feature cache--->>> /home/annora/NetVLAD/output/train_feat_cache1.hdf5
2020-01-31 19:03:30,848 Allocated:124.158203125 MB
2020-01-31 19:03:30,849 Cached:3905.875 MB
2020-01-31 19:05:55,648 ==> Epoch[17](400/534): Loss: 0.0642
2020-01-31 19:05:55,651 Allocated:122.53369140625 MB
2020-01-31 19:05:55,652 Cached:7348.25 MB
2020-01-31 19:07:49,131 ==> Epoch[17](450/534): Loss: 0.0378
2020-01-31 19:07:49,133 Allocated:122.90869140625 MB
2020-01-31 19:07:49,133 Cached:8508.75 MB
2020-01-31 19:09:41,555 ==> Epoch[17](500/534): Loss: 0.0539
2020-01-31 19:09:41,557 Allocated:122.28369140625 MB
2020-01-31 19:09:41,557 Cached:9683.0 MB
2020-01-31 19:10:58,946 ===> Epoch 17 Complete: Avg. Loss: 0.0886
2020-01-31 19:10:58,948 ====> Extracting Features
2020-01-31 19:11:34,743 ==> Batch (50/108)
2020-01-31 19:11:56,209 ==> Batch (100/108)
2020-01-31 19:12:00,818 ====> Building faiss index
2020-01-31 19:12:01,152 ====> Calculating recall @ N
2020-01-31 19:12:03,414 ====> Recall@1: 0.3870
2020-01-31 19:12:03,414 ====> Recall@2: 0.4409
2020-01-31 19:12:03,415 ====> Recall@3: 0.4786
2020-01-31 19:12:03,415 ====> Recall@4: 0.5061
2020-01-31 19:12:03,415 ====> Recall@5: 0.5287
2020-01-31 19:12:03,415 ====> Recall@10: 0.5997
2020-01-31 19:12:03,416 ====> Recall@15: 0.6342
2020-01-31 19:12:03,416 ====> Recall@20: 0.6614
2020-01-31 19:12:03,416 ====> Recall@25: 0.6786
2020-01-31 19:12:03,850 ====> Building Cache
2020-01-31 19:12:03,851 feature cache--->>> /home/annora/NetVLAD/output/train_feat_cache1.hdf5
2020-01-31 19:13:33,425 Allocated:120.40869140625 MB
2020-01-31 19:13:33,426 Cached:4287.0 MB
2020-01-31 19:16:05,632 ==> Epoch[18](50/534): Loss: 0.0498
2020-01-31 19:16:05,635 Allocated:122.28369140625 MB
2020-01-31 19:16:05,635 Cached:4295.0 MB
2020-01-31 19:17:52,546 ==> Epoch[18](100/534): Loss: 0.0264
2020-01-31 19:17:52,548 Allocated:123.78369140625 MB
2020-01-31 19:17:52,548 Cached:4295.0 MB
2020-01-31 19:19:43,318 ==> Epoch[18](150/534): Loss: 0.1187
2020-01-31 19:19:43,320 Allocated:122.28369140625 MB
2020-01-31 19:19:43,321 Cached:4356.0 MB
2020-01-31 19:20:44,298 ====> Building Cache
2020-01-31 19:20:44,299 feature cache--->>> /home/annora/NetVLAD/output/train_feat_cache1.hdf5
2020-01-31 19:22:11,890 Allocated:123.283203125 MB
2020-01-31 19:22:11,891 Cached:3302.5 MB
2020-01-31 19:23:46,586 ==> Epoch[18](200/534): Loss: 0.1227
2020-01-31 19:23:46,592 Allocated:124.03369140625 MB
2020-01-31 19:23:46,593 Cached:3313.5 MB
2020-01-31 19:25:38,049 ==> Epoch[18](250/534): Loss: 0.1320
2020-01-31 19:25:38,052 Allocated:122.65869140625 MB
2020-01-31 19:25:38,052 Cached:4452.625 MB
2020-01-31 19:27:30,882 ==> Epoch[18](300/534): Loss: 0.0866
2020-01-31 19:27:30,884 Allocated:123.03369140625 MB
2020-01-31 19:27:30,885 Cached:4452.625 MB
2020-01-31 19:29:23,522 ==> Epoch[18](350/534): Loss: 0.2418
2020-01-31 19:29:23,523 Allocated:122.53369140625 MB
2020-01-31 19:29:23,524 Cached:4452.625 MB
2020-01-31 19:29:35,557 ====> Building Cache
2020-01-31 19:29:35,558 feature cache--->>> /home/annora/NetVLAD/output/train_feat_cache1.hdf5
2020-01-31 19:31:04,868 Allocated:122.283203125 MB
2020-01-31 19:31:04,869 Cached:3867.875 MB
2020-01-31 19:33:31,610 ==> Epoch[18](400/534): Loss: 0.0782
2020-01-31 19:33:31,613 Allocated:122.28369140625 MB
2020-01-31 19:33:31,613 Cached:3877.875 MB
2020-01-31 19:35:20,806 ==> Epoch[18](450/534): Loss: 0.0252
2020-01-31 19:35:20,808 Allocated:123.40869140625 MB
2020-01-31 19:35:20,809 Cached:5017.0 MB
2020-01-31 19:37:17,224 ==> Epoch[18](500/534): Loss: 0.0462
2020-01-31 19:37:17,226 Allocated:123.78369140625 MB
2020-01-31 19:37:17,226 Cached:5018.0 MB
2020-01-31 19:38:29,809 ===> Epoch 18 Complete: Avg. Loss: 0.0869
2020-01-31 19:38:29,810 ====> Extracting Features
2020-01-31 19:39:03,316 ==> Batch (50/108)
2020-01-31 19:39:25,563 ==> Batch (100/108)
2020-01-31 19:39:30,354 ====> Building faiss index
2020-01-31 19:39:30,711 ====> Calculating recall @ N
2020-01-31 19:39:33,122 ====> Recall@1: 0.3670
2020-01-31 19:39:33,122 ====> Recall@2: 0.4206
2020-01-31 19:39:33,123 ====> Recall@3: 0.4545
2020-01-31 19:39:33,123 ====> Recall@4: 0.4948
2020-01-31 19:39:33,123 ====> Recall@5: 0.5249
2020-01-31 19:39:33,123 ====> Recall@10: 0.6142
2020-01-31 19:39:33,123 ====> Recall@15: 0.6530
2020-01-31 19:39:33,124 ====> Recall@20: 0.6757
2020-01-31 19:39:33,124 ====> Recall@25: 0.6942
2020-01-31 19:39:33,557 ====> Building Cache
2020-01-31 19:39:33,557 feature cache--->>> /home/annora/NetVLAD/output/train_feat_cache1.hdf5
2020-01-31 19:41:04,078 Allocated:120.53369140625 MB
2020-01-31 19:41:04,079 Cached:4189.25 MB
2020-01-31 19:43:34,060 ==> Epoch[19](50/534): Loss: 0.0586
2020-01-31 19:43:34,063 Allocated:122.40869140625 MB
2020-01-31 19:43:34,063 Cached:4198.25 MB
2020-01-31 19:45:25,213 ==> Epoch[19](100/534): Loss: 0.1081
2020-01-31 19:45:25,215 Allocated:122.28369140625 MB
2020-01-31 19:45:25,216 Cached:4198.25 MB
2020-01-31 19:47:20,494 ==> Epoch[19](150/534): Loss: 0.0970
2020-01-31 19:47:20,496 Allocated:122.28369140625 MB
2020-01-31 19:47:20,497 Cached:4198.25 MB
2020-01-31 19:48:18,074 ====> Building Cache
2020-01-31 19:48:18,074 feature cache--->>> /home/annora/NetVLAD/output/train_feat_cache1.hdf5
2020-01-31 19:49:48,259 Allocated:122.283203125 MB
2020-01-31 19:49:48,259 Cached:3272.625 MB
2020-01-31 19:51:18,173 ==> Epoch[19](200/534): Loss: 0.1967
2020-01-31 19:51:18,175 Allocated:122.28369140625 MB
2020-01-31 19:51:18,176 Cached:3283.625 MB
2020-01-31 19:53:07,477 ==> Epoch[19](250/534): Loss: 0.0693
2020-01-31 19:53:07,480 Allocated:122.28369140625 MB
2020-01-31 19:53:07,480 Cached:4471.625 MB
2020-01-31 19:55:00,317 ==> Epoch[19](300/534): Loss: 0.0677
2020-01-31 19:55:00,319 Allocated:122.28369140625 MB
2020-01-31 19:55:00,320 Cached:4471.625 MB
2020-01-31 19:56:50,988 ==> Epoch[19](350/534): Loss: 0.0367
2020-01-31 19:56:50,991 Allocated:122.53369140625 MB
2020-01-31 19:56:50,991 Cached:4471.625 MB
2020-01-31 19:57:03,697 ====> Building Cache
2020-01-31 19:57:03,698 feature cache--->>> /home/annora/NetVLAD/output/train_feat_cache1.hdf5
2020-01-31 19:58:33,205 Allocated:122.783203125 MB
2020-01-31 19:58:33,205 Cached:3272.625 MB
2020-01-31 20:00:51,058 ==> Epoch[19](400/534): Loss: 0.0322
2020-01-31 20:00:51,060 Allocated:123.03369140625 MB
2020-01-31 20:00:51,060 Cached:3282.625 MB
2020-01-31 20:02:41,933 ==> Epoch[19](450/534): Loss: 0.0448
2020-01-31 20:02:41,936 Allocated:122.28369140625 MB
2020-01-31 20:02:41,936 Cached:3283.625 MB
2020-01-31 20:04:32,199 ==> Epoch[19](500/534): Loss: 0.0969
2020-01-31 20:04:32,201 Allocated:122.28369140625 MB
2020-01-31 20:04:32,202 Cached:4452.5 MB
2020-01-31 20:05:52,231 ===> Epoch 19 Complete: Avg. Loss: 0.0851
2020-01-31 20:05:52,234 ====> Extracting Features
2020-01-31 20:06:28,943 ==> Batch (50/108)
2020-01-31 20:06:51,790 ==> Batch (100/108)
2020-01-31 20:06:56,557 ====> Building faiss index
2020-01-31 20:06:56,925 ====> Calculating recall @ N
2020-01-31 20:06:59,215 ====> Recall@1: 0.4191
2020-01-31 20:06:59,216 ====> Recall@2: 0.4728
2020-01-31 20:06:59,216 ====> Recall@3: 0.5043
2020-01-31 20:06:59,216 ====> Recall@4: 0.5342
2020-01-31 20:06:59,217 ====> Recall@5: 0.5536
2020-01-31 20:06:59,217 ====> Recall@10: 0.6246
2020-01-31 20:06:59,217 ====> Recall@15: 0.6580
2020-01-31 20:06:59,217 ====> Recall@20: 0.6791
2020-01-31 20:06:59,217 ====> Recall@25: 0.6951
2020-01-31 20:06:59,873 ====> Building Cache
2020-01-31 20:06:59,874 feature cache--->>> /home/annora/NetVLAD/output/train_feat_cache1.hdf5
2020-01-31 20:08:33,790 Allocated:120.28369140625 MB
2020-01-31 20:08:33,790 Cached:4189.25 MB
2020-01-31 20:10:58,001 ==> Epoch[20](50/534): Loss: 0.0521
2020-01-31 20:10:58,004 Allocated:122.28369140625 MB
2020-01-31 20:10:58,004 Cached:4198.25 MB
2020-01-31 20:12:48,931 ==> Epoch[20](100/534): Loss: 0.0267
2020-01-31 20:12:48,933 Allocated:122.65869140625 MB
2020-01-31 20:12:48,934 Cached:4198.25 MB
2020-01-31 20:14:37,069 ==> Epoch[20](150/534): Loss: 0.0419
2020-01-31 20:14:37,071 Allocated:122.28369140625 MB
2020-01-31 20:14:37,071 Cached:4199.25 MB
2020-01-31 20:15:35,117 ====> Building Cache
2020-01-31 20:15:35,118 feature cache--->>> /home/annora/NetVLAD/output/train_feat_cache1.hdf5
2020-01-31 20:17:07,529 Allocated:122.408203125 MB
2020-01-31 20:17:07,529 Cached:3272.625 MB
2020-01-31 20:18:37,495 ==> Epoch[20](200/534): Loss: 0.3032
2020-01-31 20:18:37,499 Allocated:123.90869140625 MB
2020-01-31 20:18:37,499 Cached:3281.625 MB
2020-01-31 20:20:25,157 ==> Epoch[20](250/534): Loss: 0.1540
2020-01-31 20:20:25,160 Allocated:123.03369140625 MB
2020-01-31 20:20:25,160 Cached:3283.625 MB
2020-01-31 20:22:15,422 ==> Epoch[20](300/534): Loss: 0.1729
2020-01-31 20:22:15,425 Allocated:123.03369140625 MB
2020-01-31 20:22:15,425 Cached:3283.625 MB
2020-01-31 20:24:00,286 ==> Epoch[20](350/534): Loss: 0.0427
2020-01-31 20:24:00,287 Allocated:122.28369140625 MB
2020-01-31 20:24:00,288 Cached:4458.875 MB
2020-01-31 20:24:12,825 ====> Building Cache
2020-01-31 20:24:12,826 feature cache--->>> /home/annora/NetVLAD/output/train_feat_cache1.hdf5
2020-01-31 20:25:45,412 Allocated:124.158203125 MB
2020-01-31 20:25:45,412 Cached:3272.625 MB
2020-01-31 20:28:03,155 ==> Epoch[20](400/534): Loss: 0.0606
2020-01-31 20:28:03,158 Allocated:122.28369140625 MB
2020-01-31 20:28:03,159 Cached:4418.625 MB
2020-01-31 20:29:51,703 ==> Epoch[20](450/534): Loss: 0.0265
2020-01-31 20:29:51,706 Allocated:122.28369140625 MB
2020-01-31 20:29:51,706 Cached:5560.0 MB
2020-01-31 20:31:38,616 ==> Epoch[20](500/534): Loss: 0.1373
2020-01-31 20:31:38,618 Allocated:123.03369140625 MB
2020-01-31 20:31:38,618 Cached:5560.0 MB
2020-01-31 20:32:50,238 ===> Epoch 20 Complete: Avg. Loss: 0.0955
2020-01-31 20:32:50,239 ====> Extracting Features
2020-01-31 20:33:28,223 ==> Batch (50/108)
2020-01-31 20:33:52,821 ==> Batch (100/108)
2020-01-31 20:33:57,168 ====> Building faiss index
2020-01-31 20:33:57,527 ====> Calculating recall @ N
2020-01-31 20:33:59,894 ====> Recall@1: 0.4014
2020-01-31 20:33:59,895 ====> Recall@2: 0.4591
2020-01-31 20:33:59,895 ====> Recall@3: 0.4945
2020-01-31 20:33:59,895 ====> Recall@4: 0.5255
2020-01-31 20:33:59,896 ====> Recall@5: 0.5499
2020-01-31 20:33:59,896 ====> Recall@10: 0.6174
2020-01-31 20:33:59,896 ====> Recall@15: 0.6551
2020-01-31 20:33:59,896 ====> Recall@20: 0.6794
2020-01-31 20:33:59,896 ====> Recall@25: 0.7000
2020-01-31 20:34:00,335 ====> Building Cache
2020-01-31 20:34:00,336 feature cache--->>> /home/annora/NetVLAD/output/train_feat_cache1.hdf5
2020-01-31 20:35:29,036 Allocated:120.40869140625 MB
2020-01-31 20:35:29,037 Cached:4189.25 MB
2020-01-31 20:37:51,455 ==> Epoch[21](50/534): Loss: 0.0159
2020-01-31 20:37:51,457 Allocated:122.28369140625 MB
2020-01-31 20:37:51,457 Cached:4197.25 MB
2020-01-31 20:39:38,052 ==> Epoch[21](100/534): Loss: 0.0865
2020-01-31 20:39:38,055 Allocated:122.53369140625 MB
2020-01-31 20:39:38,055 Cached:4197.25 MB
2020-01-31 20:41:22,071 ==> Epoch[21](150/534): Loss: 0.0805
2020-01-31 20:41:22,073 Allocated:122.28369140625 MB
2020-01-31 20:41:22,074 Cached:4197.25 MB
2020-01-31 20:42:22,199 ====> Building Cache
2020-01-31 20:42:22,200 feature cache--->>> /home/annora/NetVLAD/output/train_feat_cache1.hdf5
2020-01-31 20:43:54,888 Allocated:122.283203125 MB
2020-01-31 20:43:54,889 Cached:3272.625 MB
2020-01-31 20:45:22,374 ==> Epoch[21](200/534): Loss: 0.0621
2020-01-31 20:45:22,376 Allocated:122.28369140625 MB
2020-01-31 20:45:22,376 Cached:4426.0 MB
2020-01-31 20:47:11,328 ==> Epoch[21](250/534): Loss: 0.2296
2020-01-31 20:47:11,330 Allocated:123.53369140625 MB
2020-01-31 20:47:11,330 Cached:4426.0 MB
2020-01-31 20:48:57,246 ==> Epoch[21](300/534): Loss: 0.1199
2020-01-31 20:48:57,247 Allocated:123.15869140625 MB
2020-01-31 20:48:57,248 Cached:4426.0 MB
2020-01-31 20:50:44,173 ==> Epoch[21](350/534): Loss: 0.1743
2020-01-31 20:50:44,175 Allocated:122.90869140625 MB
2020-01-31 20:50:44,175 Cached:4426.0 MB
2020-01-31 20:51:00,153 ====> Building Cache
2020-01-31 20:51:00,154 feature cache--->>> /home/annora/NetVLAD/output/train_feat_cache1.hdf5
2020-01-31 20:52:32,644 Allocated:122.283203125 MB
2020-01-31 20:52:32,644 Cached:3867.875 MB
2020-01-31 20:54:51,670 ==> Epoch[21](400/534): Loss: 0.0668
2020-01-31 20:54:51,672 Allocated:123.53369140625 MB
2020-01-31 20:54:51,672 Cached:8488.75 MB
2020-01-31 20:56:41,596 ==> Epoch[21](450/534): Loss: 0.0118
2020-01-31 20:56:41,598 Allocated:123.03369140625 MB
2020-01-31 20:56:41,598 Cached:8488.75 MB
2020-01-31 20:58:27,761 ==> Epoch[21](500/534): Loss: 0.0496
2020-01-31 20:58:27,763 Allocated:122.28369140625 MB
2020-01-31 20:58:27,763 Cached:8488.75 MB
2020-01-31 20:59:41,779 ===> Epoch 21 Complete: Avg. Loss: 0.0934
2020-01-31 20:59:41,781 ====> Extracting Features
2020-01-31 21:00:19,349 ==> Batch (50/108)
2020-01-31 21:00:46,455 ==> Batch (100/108)
2020-01-31 21:00:51,281 ====> Building faiss index
2020-01-31 21:00:51,655 ====> Calculating recall @ N
2020-01-31 21:00:53,902 ====> Recall@1: 0.3814
2020-01-31 21:00:53,903 ====> Recall@2: 0.4449
2020-01-31 21:00:53,904 ====> Recall@3: 0.4762
2020-01-31 21:00:53,904 ====> Recall@4: 0.5064
2020-01-31 21:00:53,904 ====> Recall@5: 0.5359
2020-01-31 21:00:53,904 ====> Recall@10: 0.6052
2020-01-31 21:00:53,904 ====> Recall@15: 0.6423
2020-01-31 21:00:53,904 ====> Recall@20: 0.6646
2020-01-31 21:00:53,905 ====> Recall@25: 0.6843
2020-01-31 21:00:54,341 ====> Building Cache
2020-01-31 21:00:54,341 feature cache--->>> /home/annora/NetVLAD/output/train_feat_cache1.hdf5
2020-01-31 21:02:23,457 Allocated:120.28369140625 MB
2020-01-31 21:02:23,458 Cached:4189.25 MB
2020-01-31 21:04:53,624 ==> Epoch[22](50/534): Loss: 0.0504
2020-01-31 21:04:53,626 Allocated:122.28369140625 MB
2020-01-31 21:04:53,626 Cached:4197.25 MB
2020-01-31 21:06:37,388 ==> Epoch[22](100/534): Loss: 0.0431
2020-01-31 21:06:37,390 Allocated:123.15869140625 MB
2020-01-31 21:06:37,390 Cached:4197.25 MB
2020-01-31 21:08:23,423 ==> Epoch[22](150/534): Loss: 0.1608
2020-01-31 21:08:23,426 Allocated:123.03369140625 MB
2020-01-31 21:08:23,426 Cached:4258.25 MB
2020-01-31 21:09:24,005 ====> Building Cache
2020-01-31 21:09:24,006 feature cache--->>> /home/annora/NetVLAD/output/train_feat_cache1.hdf5
2020-01-31 21:10:52,538 Allocated:123.783203125 MB
2020-01-31 21:10:52,539 Cached:3867.875 MB
2020-01-31 21:12:25,317 ==> Epoch[22](200/534): Loss: 0.1132
2020-01-31 21:12:25,322 Allocated:122.28369140625 MB
2020-01-31 21:12:25,322 Cached:5017.0 MB
2020-01-31 21:14:22,629 ==> Epoch[22](250/534): Loss: 0.1083
2020-01-31 21:14:22,631 Allocated:122.28369140625 MB
2020-01-31 21:14:22,631 Cached:5017.0 MB
2020-01-31 21:16:11,244 ==> Epoch[22](300/534): Loss: 0.1099
2020-01-31 21:16:11,245 Allocated:122.28369140625 MB
2020-01-31 21:16:11,246 Cached:5017.0 MB
2020-01-31 21:17:57,808 ==> Epoch[22](350/534): Loss: 0.1586
2020-01-31 21:17:57,810 Allocated:122.90869140625 MB
2020-01-31 21:17:57,810 Cached:5017.0 MB
2020-01-31 21:18:10,802 ====> Building Cache
2020-01-31 21:18:10,803 feature cache--->>> /home/annora/NetVLAD/output/train_feat_cache1.hdf5
2020-01-31 21:19:41,331 Allocated:122.908203125 MB
2020-01-31 21:19:41,331 Cached:3272.625 MB
2020-01-31 21:21:55,812 ==> Epoch[22](400/534): Loss: 0.1178
2020-01-31 21:21:55,814 Allocated:122.78369140625 MB
2020-01-31 21:21:55,814 Cached:4435.5 MB
2020-01-31 21:23:43,575 ==> Epoch[22](450/534): Loss: 0.0357
2020-01-31 21:23:43,577 Allocated:122.28369140625 MB
2020-01-31 21:23:43,577 Cached:5609.75 MB
2020-01-31 21:25:28,558 ==> Epoch[22](500/534): Loss: 0.0332
2020-01-31 21:25:28,560 Allocated:122.28369140625 MB
2020-01-31 21:25:28,560 Cached:5609.75 MB
2020-01-31 21:26:45,096 ===> Epoch 22 Complete: Avg. Loss: 0.0959
2020-01-31 21:26:45,098 ====> Extracting Features
2020-01-31 21:27:22,120 ==> Batch (50/108)
2020-01-31 21:27:45,577 ==> Batch (100/108)
2020-01-31 21:27:50,844 ====> Building faiss index
2020-01-31 21:27:51,197 ====> Calculating recall @ N
2020-01-31 21:27:53,465 ====> Recall@1: 0.3899
2020-01-31 21:27:53,466 ====> Recall@2: 0.4574
2020-01-31 21:27:53,466 ====> Recall@3: 0.4948
2020-01-31 21:27:53,466 ====> Recall@4: 0.5232
2020-01-31 21:27:53,466 ====> Recall@5: 0.5470
2020-01-31 21:27:53,467 ====> Recall@10: 0.6104
2020-01-31 21:27:53,467 ====> Recall@15: 0.6475
2020-01-31 21:27:53,467 ====> Recall@20: 0.6722
2020-01-31 21:27:53,467 ====> Recall@25: 0.6896
2020-01-31 21:27:53,887 ====> Building Cache
2020-01-31 21:27:53,887 feature cache--->>> /home/annora/NetVLAD/output/train_feat_cache1.hdf5
2020-01-31 21:29:22,738 Allocated:120.40869140625 MB
2020-01-31 21:29:22,738 Cached:4189.25 MB
2020-01-31 21:31:49,765 ==> Epoch[23](50/534): Loss: 0.0227
2020-01-31 21:31:49,767 Allocated:122.28369140625 MB
2020-01-31 21:31:49,767 Cached:4197.25 MB
2020-01-31 21:33:33,492 ==> Epoch[23](100/534): Loss: 0.0985
2020-01-31 21:33:33,494 Allocated:122.78369140625 MB
2020-01-31 21:33:33,495 Cached:4197.25 MB
2020-01-31 21:35:17,322 ==> Epoch[23](150/534): Loss: 0.0518
2020-01-31 21:35:17,324 Allocated:122.65869140625 MB
2020-01-31 21:35:17,324 Cached:4197.25 MB
2020-01-31 21:36:13,896 ====> Building Cache
2020-01-31 21:36:13,897 feature cache--->>> /home/annora/NetVLAD/output/train_feat_cache1.hdf5
2020-01-31 21:37:42,900 Allocated:122.283203125 MB
2020-01-31 21:37:42,901 Cached:3272.625 MB
2020-01-31 21:39:13,060 ==> Epoch[23](200/534): Loss: 0.2759
2020-01-31 21:39:13,063 Allocated:122.78369140625 MB
2020-01-31 21:39:13,063 Cached:3281.625 MB
2020-01-31 21:41:02,798 ==> Epoch[23](250/534): Loss: 0.0994
2020-01-31 21:41:02,800 Allocated:122.90869140625 MB
2020-01-31 21:41:02,800 Cached:4412.25 MB
2020-01-31 21:42:51,881 ==> Epoch[23](300/534): Loss: 0.0660
2020-01-31 21:42:51,883 Allocated:123.15869140625 MB
2020-01-31 21:42:51,883 Cached:4412.25 MB
2020-01-31 21:44:48,627 ==> Epoch[23](350/534): Loss: 0.0995
2020-01-31 21:44:48,629 Allocated:122.78369140625 MB
2020-01-31 21:44:48,629 Cached:5561.0 MB
2020-01-31 21:45:01,346 ====> Building Cache
2020-01-31 21:45:01,347 feature cache--->>> /home/annora/NetVLAD/output/train_feat_cache1.hdf5
2020-01-31 21:46:30,307 Allocated:122.658203125 MB
2020-01-31 21:46:30,308 Cached:3867.875 MB
2020-01-31 21:48:50,262 ==> Epoch[23](400/534): Loss: 0.0570
2020-01-31 21:48:50,264 Allocated:123.53369140625 MB
2020-01-31 21:48:50,264 Cached:3878.875 MB
2020-01-31 21:50:37,456 ==> Epoch[23](450/534): Loss: 0.0418
2020-01-31 21:50:37,458 Allocated:122.40869140625 MB
2020-01-31 21:50:37,458 Cached:5007.5 MB
2020-01-31 21:52:26,126 ==> Epoch[23](500/534): Loss: 0.0042
2020-01-31 21:52:26,128 Allocated:122.65869140625 MB
2020-01-31 21:52:26,128 Cached:6159.375 MB
2020-01-31 21:53:38,628 ===> Epoch 23 Complete: Avg. Loss: 0.0903
2020-01-31 21:53:38,629 ====> Extracting Features
2020-01-31 21:54:14,675 ==> Batch (50/108)
2020-01-31 21:54:37,437 ==> Batch (100/108)
2020-01-31 21:54:41,741 ====> Building faiss index
2020-01-31 21:54:42,090 ====> Calculating recall @ N
2020-01-31 21:54:44,356 ====> Recall@1: 0.3652
2020-01-31 21:54:44,356 ====> Recall@2: 0.4290
2020-01-31 21:54:44,357 ====> Recall@3: 0.4661
2020-01-31 21:54:44,357 ====> Recall@4: 0.5043
2020-01-31 21:54:44,357 ====> Recall@5: 0.5307
2020-01-31 21:54:44,357 ====> Recall@10: 0.6061
2020-01-31 21:54:44,358 ====> Recall@15: 0.6365
2020-01-31 21:54:44,358 ====> Recall@20: 0.6623
2020-01-31 21:54:44,358 ====> Recall@25: 0.6800
2020-01-31 21:54:44,787 ====> Building Cache
2020-01-31 21:54:44,788 feature cache--->>> /home/annora/NetVLAD/output/train_feat_cache1.hdf5
2020-01-31 21:56:12,694 Allocated:120.28369140625 MB
2020-01-31 21:56:12,695 Cached:4189.25 MB
2020-01-31 21:58:43,952 ==> Epoch[24](50/534): Loss: 0.0232
2020-01-31 21:58:43,953 Allocated:122.78369140625 MB
2020-01-31 21:58:43,954 Cached:4199.25 MB
2020-01-31 22:00:29,253 ==> Epoch[24](100/534): Loss: 0.0268
2020-01-31 22:00:29,255 Allocated:122.53369140625 MB
2020-01-31 22:00:29,255 Cached:4199.25 MB
2020-01-31 22:02:16,789 ==> Epoch[24](150/534): Loss: 0.0309
2020-01-31 22:02:16,790 Allocated:122.53369140625 MB
2020-01-31 22:02:16,790 Cached:4258.25 MB
2020-01-31 22:03:11,829 ====> Building Cache
2020-01-31 22:03:11,830 feature cache--->>> /home/annora/NetVLAD/output/train_feat_cache1.hdf5
2020-01-31 22:04:40,587 Allocated:122.783203125 MB
2020-01-31 22:04:40,588 Cached:3272.625 MB
2020-01-31 22:06:09,466 ==> Epoch[24](200/534): Loss: 0.2787
2020-01-31 22:06:09,468 Allocated:123.28369140625 MB
2020-01-31 22:06:09,469 Cached:3282.625 MB
2020-01-31 22:07:56,503 ==> Epoch[24](250/534): Loss: 0.0772
2020-01-31 22:07:56,504 Allocated:123.90869140625 MB
2020-01-31 22:07:56,505 Cached:3282.625 MB
2020-01-31 22:09:42,611 ==> Epoch[24](300/534): Loss: 0.1441
2020-01-31 22:09:42,613 Allocated:123.28369140625 MB
2020-01-31 22:09:42,614 Cached:3282.625 MB
2020-01-31 22:11:29,998 ==> Epoch[24](350/534): Loss: 0.1775
2020-01-31 22:11:30,000 Allocated:122.90869140625 MB
2020-01-31 22:11:30,000 Cached:3282.625 MB
2020-01-31 22:11:42,189 ====> Building Cache
2020-01-31 22:11:42,191 feature cache--->>> /home/annora/NetVLAD/output/train_feat_cache1.hdf5
2020-01-31 22:13:13,187 Allocated:122.283203125 MB
2020-01-31 22:13:13,188 Cached:3867.875 MB
2020-01-31 22:15:30,153 ==> Epoch[24](400/534): Loss: 0.0327
2020-01-31 22:15:30,156 Allocated:122.78369140625 MB
2020-01-31 22:15:30,156 Cached:5007.5 MB
2020-01-31 22:17:17,516 ==> Epoch[24](450/534): Loss: 0.0649
2020-01-31 22:17:17,518 Allocated:123.15869140625 MB
2020-01-31 22:17:17,519 Cached:5007.5 MB
2020-01-31 22:19:06,447 ==> Epoch[24](500/534): Loss: 0.0793
2020-01-31 22:19:06,449 Allocated:122.78369140625 MB
2020-01-31 22:19:06,449 Cached:5007.5 MB
2020-01-31 22:20:19,175 ===> Epoch 24 Complete: Avg. Loss: 0.0964
2020-01-31 22:20:19,176 ====> Extracting Features
2020-01-31 22:20:55,001 ==> Batch (50/108)
2020-01-31 22:21:17,085 ==> Batch (100/108)
2020-01-31 22:21:21,645 ====> Building faiss index
2020-01-31 22:21:21,973 ====> Calculating recall @ N
2020-01-31 22:21:24,125 ====> Recall@1: 0.4232
2020-01-31 22:21:24,126 ====> Recall@2: 0.4820
2020-01-31 22:21:24,126 ====> Recall@3: 0.5130
2020-01-31 22:21:24,127 ====> Recall@4: 0.5380
2020-01-31 22:21:24,127 ====> Recall@5: 0.5597
2020-01-31 22:21:24,127 ====> Recall@10: 0.6223
2020-01-31 22:21:24,127 ====> Recall@15: 0.6591
2020-01-31 22:21:24,127 ====> Recall@20: 0.6835
2020-01-31 22:21:24,127 ====> Recall@25: 0.7020
2020-01-31 22:21:24,536 Performance did not improve for 10 epochs. Stopping.
2020-01-31 22:21:24,537 => Best Recall@5: 0.5788
