2020-02-14 14:49:13,456 Namespace(arch='alexnet', batchSize=12, cacheBatchSize=96, cachePath='/home/annora/NetVLAD/output/', cacheRefreshRate=3000, ckpt='best', contilearn=True, dataPath='/home/annora/NetVLAD/output/data/', dataset='robotcar', evalEvery=1, fromscratch=False, fromtask='/home/annora/NetVLAD/output/runs/2020-02-12-12-35-56_alexnet_max', lr=0.01, lrGamma=0.5, lrStep=5, margin=0.1, mode='train', momentum=0.9, nEpochs=30, nGPU=1, nocuda=False, num_clusters=64, optim='SGD', patience=10, pooling='max', premodel='imagenet', resume='', runsPath='/home/annora/NetVLAD/output/runs/', savePath='checkpoints', seed=123, split='val', start_epoch=0, threads=8, vladv2=False, weightDecay=0.001)
2020-02-14 14:49:13,487 ===> Loading dataset(s)
2020-02-14 14:49:13,487 trainfile ------>>>>>> oxRobocar_single_train.mat
2020-02-14 14:49:16,237 ====> Training set: oxRobocar_single_train.mat, query set count: 6636
2020-02-14 14:49:16,343 ===> Evaluating on val set: oxRobocar_single_val.mat, query count: 3450
2020-02-14 14:49:16,343 ===> Building model
2020-02-14 14:49:16,393 encoder moder:
AlexNet(
  (conv1): Sequential(
    (0): Conv2d(3, 64, kernel_size=(11, 11), stride=(4, 4), padding=(2, 2))
    (1): ReLU(inplace)
    (2): MaxPool2d(kernel_size=3, stride=2, padding=0, dilation=1, ceil_mode=False)
  )
  (conv2): Sequential(
    (0): Conv2d(64, 192, kernel_size=(5, 5), stride=(1, 1), padding=(2, 2))
    (1): ReLU(inplace)
    (2): MaxPool2d(kernel_size=3, stride=2, padding=0, dilation=1, ceil_mode=False)
  )
  (conv3): Sequential(
    (0): Conv2d(192, 384, kernel_size=(3, 3), stride=(1, 1), padding=(1, 1))
    (1): ReLU(inplace)
  )
  (conv4): Sequential(
    (0): Conv2d(384, 256, kernel_size=(3, 3), stride=(1, 1), padding=(1, 1))
    (1): ReLU(inplace)
  )
  (conv5): Sequential(
    (0): Conv2d(256, 256, kernel_size=(3, 3), stride=(1, 1), padding=(1, 1))
  )
)
2020-02-14 14:49:20,624 => loading checkpoint '/home/annora/NetVLAD/output/runs/2020-02-12-12-35-56_alexnet_max/checkpoints/model_best.pth.tar'
2020-02-14 14:49:20,718 => loaded checkpoint '/home/annora/NetVLAD/output/runs/2020-02-12-12-35-56_alexnet_max/checkpoints/model_best.pth.tar' 
2020-02-14 14:49:20,718 ===> Training model
2020-02-14 14:49:20,720 ===> Saving state to: /home/annora/NetVLAD/output/runs/2020-02-14-14-49-20_alexnet_max
2020-02-14 14:49:20,720 ====> Building Cache
2020-02-14 14:49:20,720 feature cache--->>> /home/annora/NetVLAD/output/train_feat_cache2.hdf5
2020-02-14 14:50:41,907 Allocated:99.34619140625 MB
2020-02-14 14:50:41,907 Cached:2864.375 MB
2020-02-14 14:53:18,253 ==> Epoch[1](50/553): Loss: 0.0707
2020-02-14 14:53:18,256 Allocated:121.28369140625 MB
2020-02-14 14:53:18,256 Cached:6741.375 MB
2020-02-14 14:55:13,912 ==> Epoch[1](100/553): Loss: 0.0690
2020-02-14 14:55:13,914 Allocated:120.53369140625 MB
2020-02-14 14:55:13,914 Cached:6741.375 MB
2020-02-14 14:57:11,399 ==> Epoch[1](150/553): Loss: 0.0356
2020-02-14 14:57:11,401 Allocated:121.53369140625 MB
2020-02-14 14:57:11,401 Cached:6741.375 MB
2020-02-14 14:58:36,381 ====> Building Cache
2020-02-14 14:58:36,382 feature cache--->>> /home/annora/NetVLAD/output/train_feat_cache2.hdf5
2020-02-14 15:00:03,488 Allocated:121.283203125 MB
2020-02-14 15:00:03,489 Cached:2919.5 MB
2020-02-14 15:01:08,631 ==> Epoch[1](200/553): Loss: 0.0999
2020-02-14 15:01:08,632 Allocated:120.65869140625 MB
2020-02-14 15:01:08,633 Cached:9151.125 MB
2020-02-14 15:03:03,102 ==> Epoch[1](250/553): Loss: 0.1272
2020-02-14 15:03:03,104 Allocated:121.03369140625 MB
2020-02-14 15:03:03,104 Cached:9151.125 MB
2020-02-14 15:04:58,681 ==> Epoch[1](300/553): Loss: 0.1802
2020-02-14 15:04:58,683 Allocated:120.53369140625 MB
2020-02-14 15:04:58,683 Cached:9151.125 MB
2020-02-14 15:06:44,403 ==> Epoch[1](350/553): Loss: 0.1134
2020-02-14 15:06:44,405 Allocated:120.53369140625 MB
2020-02-14 15:06:44,405 Cached:9151.125 MB
2020-02-14 15:07:25,980 ====> Building Cache
2020-02-14 15:07:25,980 feature cache--->>> /home/annora/NetVLAD/output/train_feat_cache2.hdf5
2020-02-14 15:08:46,257 Allocated:120.533203125 MB
2020-02-14 15:08:46,257 Cached:2944.375 MB
2020-02-14 15:10:34,084 ==> Epoch[1](400/553): Loss: 0.0606
2020-02-14 15:10:34,087 Allocated:121.53369140625 MB
2020-02-14 15:10:34,088 Cached:8068.125 MB
2020-02-14 15:12:31,955 ==> Epoch[1](450/553): Loss: 0.0687
2020-02-14 15:12:31,956 Allocated:121.53369140625 MB
2020-02-14 15:12:31,956 Cached:8069.125 MB
2020-02-14 15:14:24,449 ==> Epoch[1](500/553): Loss: 0.0520
2020-02-14 15:14:24,450 Allocated:122.03369140625 MB
2020-02-14 15:14:24,450 Cached:8069.125 MB
2020-02-14 15:16:17,888 ==> Epoch[1](550/553): Loss: 0.0357
2020-02-14 15:16:17,889 Allocated:122.03369140625 MB
2020-02-14 15:16:17,890 Cached:8069.125 MB
2020-02-14 15:16:28,603 ===> Epoch 1 Complete: Avg. Loss: 0.0996
2020-02-14 15:16:28,604 ====> Extracting Features
2020-02-14 15:17:05,579 ==> Batch (50/108)
2020-02-14 15:17:31,155 ==> Batch (100/108)
2020-02-14 15:17:35,230 ====> Building faiss index
2020-02-14 15:17:35,232 ====> Calculating recall @ N
2020-02-14 15:17:36,022 ====> Recall@1: 0.5290
2020-02-14 15:17:36,023 ====> Recall@2: 0.5667
2020-02-14 15:17:36,023 ====> Recall@3: 0.5858
2020-02-14 15:17:36,023 ====> Recall@4: 0.6006
2020-02-14 15:17:36,023 ====> Recall@5: 0.6133
2020-02-14 15:17:36,023 ====> Recall@10: 0.6710
2020-02-14 15:17:36,024 ====> Recall@15: 0.7032
2020-02-14 15:17:36,024 ====> Recall@20: 0.7238
2020-02-14 15:17:36,024 ====> Recall@25: 0.7359
2020-02-14 15:17:36,281 ====> Building Cache
2020-02-14 15:17:36,281 feature cache--->>> /home/annora/NetVLAD/output/train_feat_cache2.hdf5
2020-02-14 15:19:02,273 Allocated:118.53369140625 MB
2020-02-14 15:19:02,273 Cached:4192.625 MB
2020-02-14 15:21:27,212 ==> Epoch[2](50/553): Loss: 0.0471
2020-02-14 15:21:27,213 Allocated:120.53369140625 MB
2020-02-14 15:21:27,213 Cached:6530.0 MB
2020-02-14 15:23:15,003 ==> Epoch[2](100/553): Loss: 0.1282
2020-02-14 15:23:15,004 Allocated:121.53369140625 MB
2020-02-14 15:23:15,005 Cached:6531.0 MB
2020-02-14 15:25:07,632 ==> Epoch[2](150/553): Loss: 0.0307
2020-02-14 15:25:07,634 Allocated:121.15869140625 MB
2020-02-14 15:25:07,634 Cached:6531.0 MB
2020-02-14 15:26:21,622 ====> Building Cache
2020-02-14 15:26:21,623 feature cache--->>> /home/annora/NetVLAD/output/train_feat_cache2.hdf5
2020-02-14 15:27:40,992 Allocated:121.533203125 MB
2020-02-14 15:27:40,993 Cached:2919.5 MB
2020-02-14 15:28:46,960 ==> Epoch[2](200/553): Loss: 0.0809
2020-02-14 15:28:46,961 Allocated:121.03369140625 MB
2020-02-14 15:28:46,962 Cached:6327.625 MB
2020-02-14 15:30:32,170 ==> Epoch[2](250/553): Loss: 0.1480
2020-02-14 15:30:32,172 Allocated:121.15869140625 MB
2020-02-14 15:30:32,172 Cached:3428.125 MB
2020-02-14 15:32:24,440 ==> Epoch[2](300/553): Loss: 0.2026
2020-02-14 15:32:24,442 Allocated:121.53369140625 MB
2020-02-14 15:32:24,442 Cached:3428.125 MB
2020-02-14 15:34:09,958 ==> Epoch[2](350/553): Loss: 0.1299
2020-02-14 15:34:09,959 Allocated:120.78369140625 MB
2020-02-14 15:34:09,960 Cached:4655.5 MB
2020-02-14 15:34:49,563 ====> Building Cache
2020-02-14 15:34:49,564 feature cache--->>> /home/annora/NetVLAD/output/train_feat_cache2.hdf5
2020-02-14 15:36:08,771 Allocated:121.158203125 MB
2020-02-14 15:36:08,772 Cached:2919.5 MB
2020-02-14 15:37:55,812 ==> Epoch[2](400/553): Loss: 0.0582
2020-02-14 15:37:55,813 Allocated:120.53369140625 MB
2020-02-14 15:37:55,813 Cached:8046.375 MB
2020-02-14 15:39:54,188 ==> Epoch[2](450/553): Loss: 0.0446
2020-02-14 15:39:54,189 Allocated:122.53369140625 MB
2020-02-14 15:39:54,190 Cached:8046.375 MB
2020-02-14 15:41:46,376 ==> Epoch[2](500/553): Loss: 0.0843
2020-02-14 15:41:46,378 Allocated:121.03369140625 MB
2020-02-14 15:41:46,378 Cached:8046.375 MB
2020-02-14 15:43:39,376 ==> Epoch[2](550/553): Loss: 0.0434
2020-02-14 15:43:39,377 Allocated:120.53369140625 MB
2020-02-14 15:43:39,377 Cached:8046.375 MB
2020-02-14 15:43:50,579 ===> Epoch 2 Complete: Avg. Loss: 0.0991
2020-02-14 15:43:50,580 ====> Extracting Features
2020-02-14 15:44:31,324 ==> Batch (50/108)
2020-02-14 15:44:53,353 ==> Batch (100/108)
2020-02-14 15:44:57,096 ====> Building faiss index
2020-02-14 15:44:57,098 ====> Calculating recall @ N
2020-02-14 15:44:57,705 ====> Recall@1: 0.5449
2020-02-14 15:44:57,706 ====> Recall@2: 0.5751
2020-02-14 15:44:57,706 ====> Recall@3: 0.5959
2020-02-14 15:44:57,706 ====> Recall@4: 0.6087
2020-02-14 15:44:57,706 ====> Recall@5: 0.6159
2020-02-14 15:44:57,707 ====> Recall@10: 0.6496
2020-02-14 15:44:57,707 ====> Recall@15: 0.6838
2020-02-14 15:44:57,707 ====> Recall@20: 0.7020
2020-02-14 15:44:57,707 ====> Recall@25: 0.7197
2020-02-14 15:44:58,456 ====> Building Cache
2020-02-14 15:44:58,457 feature cache--->>> /home/annora/NetVLAD/output/train_feat_cache2.hdf5
2020-02-14 15:46:18,066 Allocated:120.53369140625 MB
2020-02-14 15:46:18,067 Cached:4193.625 MB
2020-02-14 15:48:36,094 ==> Epoch[3](50/553): Loss: 0.0406
2020-02-14 15:48:36,095 Allocated:121.90869140625 MB
2020-02-14 15:48:36,095 Cached:8843.0 MB
2020-02-14 15:50:18,054 ==> Epoch[3](100/553): Loss: 0.0586
2020-02-14 15:50:18,055 Allocated:121.53369140625 MB
2020-02-14 15:50:18,056 Cached:10051.25 MB
2020-02-14 15:52:05,524 ==> Epoch[3](150/553): Loss: 0.0783
2020-02-14 15:52:05,525 Allocated:120.53369140625 MB
2020-02-14 15:52:05,525 Cached:10051.25 MB
2020-02-14 15:53:18,401 ====> Building Cache
2020-02-14 15:53:18,401 feature cache--->>> /home/annora/NetVLAD/output/train_feat_cache2.hdf5
2020-02-14 15:54:44,904 Allocated:121.158203125 MB
2020-02-14 15:54:44,904 Cached:2919.5 MB
2020-02-14 15:55:45,739 ==> Epoch[3](200/553): Loss: 0.1218
2020-02-14 15:55:45,740 Allocated:120.53369140625 MB
2020-02-14 15:55:45,741 Cached:2920.5 MB
2020-02-14 15:57:27,333 ==> Epoch[3](250/553): Loss: 0.1886
2020-02-14 15:57:27,334 Allocated:121.03369140625 MB
2020-02-14 15:57:27,334 Cached:5254.25 MB
2020-02-14 15:59:11,557 ==> Epoch[3](300/553): Loss: 0.0613
2020-02-14 15:59:11,558 Allocated:121.28369140625 MB
2020-02-14 15:59:11,558 Cached:5254.25 MB
2020-02-14 16:00:53,347 ==> Epoch[3](350/553): Loss: 0.1928
2020-02-14 16:00:53,349 Allocated:120.53369140625 MB
2020-02-14 16:00:53,349 Cached:6459.375 MB
2020-02-14 16:01:37,295 ====> Building Cache
2020-02-14 16:01:37,296 feature cache--->>> /home/annora/NetVLAD/output/train_feat_cache2.hdf5
2020-02-14 16:02:59,564 Allocated:121.533203125 MB
2020-02-14 16:02:59,564 Cached:2919.5 MB
2020-02-14 16:04:38,753 ==> Epoch[3](400/553): Loss: 0.0644
2020-02-14 16:04:38,755 Allocated:121.53369140625 MB
2020-02-14 16:04:38,755 Cached:6793.5 MB
2020-02-14 16:06:29,908 ==> Epoch[3](450/553): Loss: 0.0896
2020-02-14 16:06:29,909 Allocated:121.28369140625 MB
2020-02-14 16:06:29,910 Cached:6793.5 MB
2020-02-14 16:08:21,954 ==> Epoch[3](500/553): Loss: 0.0810
2020-02-14 16:08:21,956 Allocated:120.53369140625 MB
2020-02-14 16:08:21,956 Cached:6794.5 MB
2020-02-14 16:10:19,989 ==> Epoch[3](550/553): Loss: 0.0251
2020-02-14 16:10:19,990 Allocated:121.53369140625 MB
2020-02-14 16:10:19,991 Cached:6794.5 MB
2020-02-14 16:10:31,160 ===> Epoch 3 Complete: Avg. Loss: 0.1031
2020-02-14 16:10:31,162 ====> Extracting Features
2020-02-14 16:11:11,529 ==> Batch (50/108)
2020-02-14 16:11:37,718 ==> Batch (100/108)
2020-02-14 16:11:41,372 ====> Building faiss index
2020-02-14 16:11:41,374 ====> Calculating recall @ N
2020-02-14 16:11:41,997 ====> Recall@1: 0.5565
2020-02-14 16:11:41,998 ====> Recall@2: 0.5933
2020-02-14 16:11:41,998 ====> Recall@3: 0.6104
2020-02-14 16:11:41,998 ====> Recall@4: 0.6388
2020-02-14 16:11:41,999 ====> Recall@5: 0.6580
2020-02-14 16:11:41,999 ====> Recall@10: 0.6919
2020-02-14 16:11:41,999 ====> Recall@15: 0.7090
2020-02-14 16:11:41,999 ====> Recall@20: 0.7200
2020-02-14 16:11:42,000 ====> Recall@25: 0.7281
2020-02-14 16:11:42,714 ====> Building Cache
2020-02-14 16:11:42,715 feature cache--->>> /home/annora/NetVLAD/output/train_feat_cache2.hdf5
2020-02-14 16:13:02,585 Allocated:119.28369140625 MB
2020-02-14 16:13:02,586 Cached:4192.625 MB
2020-02-14 16:15:24,898 ==> Epoch[4](50/553): Loss: 0.0284
2020-02-14 16:15:24,900 Allocated:121.53369140625 MB
2020-02-14 16:15:24,900 Cached:7612.25 MB
2020-02-14 16:17:10,580 ==> Epoch[4](100/553): Loss: 0.0991
2020-02-14 16:17:10,582 Allocated:120.53369140625 MB
2020-02-14 16:17:10,582 Cached:10025.625 MB
2020-02-14 16:18:56,490 ==> Epoch[4](150/553): Loss: 0.0179
2020-02-14 16:18:56,491 Allocated:120.53369140625 MB
2020-02-14 16:18:56,491 Cached:10025.625 MB
2020-02-14 16:20:05,804 ====> Building Cache
2020-02-14 16:20:05,804 feature cache--->>> /home/annora/NetVLAD/output/train_feat_cache2.hdf5
2020-02-14 16:21:25,511 Allocated:121.158203125 MB
2020-02-14 16:21:25,512 Cached:2919.5 MB
2020-02-14 16:22:34,283 ==> Epoch[4](200/553): Loss: 0.1287
2020-02-14 16:22:34,285 Allocated:121.28369140625 MB
2020-02-14 16:22:34,285 Cached:4068.25 MB
2020-02-14 16:24:22,520 ==> Epoch[4](250/553): Loss: 0.2684
2020-02-14 16:24:22,522 Allocated:121.53369140625 MB
2020-02-14 16:24:22,522 Cached:5228.75 MB
2020-02-14 16:26:08,306 ==> Epoch[4](300/553): Loss: 0.1632
2020-02-14 16:26:08,308 Allocated:121.53369140625 MB
2020-02-14 16:26:08,309 Cached:5228.75 MB
2020-02-14 16:28:01,626 ==> Epoch[4](350/553): Loss: 0.1192
2020-02-14 16:28:01,628 Allocated:121.53369140625 MB
2020-02-14 16:28:01,628 Cached:6392.375 MB
2020-02-14 16:28:47,825 ====> Building Cache
2020-02-14 16:28:47,825 feature cache--->>> /home/annora/NetVLAD/output/train_feat_cache2.hdf5
2020-02-14 16:30:08,789 Allocated:121.533203125 MB
2020-02-14 16:30:08,789 Cached:2919.5 MB
2020-02-14 16:31:56,369 ==> Epoch[4](400/553): Loss: 0.1792
2020-02-14 16:31:56,371 Allocated:120.53369140625 MB
2020-02-14 16:31:56,371 Cached:9209.25 MB
2020-02-14 16:33:42,373 ==> Epoch[4](450/553): Loss: 0.0793
2020-02-14 16:33:42,374 Allocated:121.15869140625 MB
2020-02-14 16:33:42,374 Cached:9209.25 MB
2020-02-14 16:35:29,911 ==> Epoch[4](500/553): Loss: 0.0370
2020-02-14 16:35:29,913 Allocated:120.65869140625 MB
2020-02-14 16:35:29,913 Cached:9209.25 MB
2020-02-14 16:37:21,795 ==> Epoch[4](550/553): Loss: 0.0771
2020-02-14 16:37:21,796 Allocated:122.03369140625 MB
2020-02-14 16:37:21,797 Cached:9209.25 MB
2020-02-14 16:37:33,557 ===> Epoch 4 Complete: Avg. Loss: 0.1118
2020-02-14 16:37:33,559 ====> Extracting Features
2020-02-14 16:38:14,318 ==> Batch (50/108)
2020-02-14 16:38:36,786 ==> Batch (100/108)
2020-02-14 16:38:40,511 ====> Building faiss index
2020-02-14 16:38:40,512 ====> Calculating recall @ N
2020-02-14 16:38:41,080 ====> Recall@1: 0.5701
2020-02-14 16:38:41,081 ====> Recall@2: 0.6177
2020-02-14 16:38:41,081 ====> Recall@3: 0.6383
2020-02-14 16:38:41,081 ====> Recall@4: 0.6522
2020-02-14 16:38:41,082 ====> Recall@5: 0.6609
2020-02-14 16:38:41,082 ====> Recall@10: 0.6916
2020-02-14 16:38:41,082 ====> Recall@15: 0.7072
2020-02-14 16:38:41,082 ====> Recall@20: 0.7194
2020-02-14 16:38:41,082 ====> Recall@25: 0.7264
2020-02-14 16:38:41,857 ====> Building Cache
2020-02-14 16:38:41,858 feature cache--->>> /home/annora/NetVLAD/output/train_feat_cache2.hdf5
2020-02-14 16:40:01,523 Allocated:119.53369140625 MB
2020-02-14 16:40:01,523 Cached:4193.625 MB
2020-02-14 16:42:16,512 ==> Epoch[5](50/553): Loss: 0.0579
2020-02-14 16:42:16,514 Allocated:121.40869140625 MB
2020-02-14 16:42:16,514 Cached:5332.75 MB
2020-02-14 16:43:55,860 ==> Epoch[5](100/553): Loss: 0.0976
2020-02-14 16:43:55,861 Allocated:121.15869140625 MB
2020-02-14 16:43:55,862 Cached:5336.75 MB
2020-02-14 16:45:40,709 ==> Epoch[5](150/553): Loss: 0.0454
2020-02-14 16:45:40,710 Allocated:120.53369140625 MB
2020-02-14 16:45:40,710 Cached:5336.75 MB
2020-02-14 16:46:48,741 ====> Building Cache
2020-02-14 16:46:48,741 feature cache--->>> /home/annora/NetVLAD/output/train_feat_cache2.hdf5
2020-02-14 16:48:07,510 Allocated:122.658203125 MB
2020-02-14 16:48:07,510 Cached:2919.5 MB
2020-02-14 16:49:07,958 ==> Epoch[5](200/553): Loss: 0.3348
2020-02-14 16:49:07,959 Allocated:120.53369140625 MB
2020-02-14 16:49:07,960 Cached:2920.5 MB
2020-02-14 16:50:51,392 ==> Epoch[5](250/553): Loss: 0.2235
2020-02-14 16:50:51,394 Allocated:120.53369140625 MB
2020-02-14 16:50:51,394 Cached:2920.5 MB
2020-02-14 16:52:34,746 ==> Epoch[5](300/553): Loss: 0.2308
2020-02-14 16:52:34,747 Allocated:121.03369140625 MB
2020-02-14 16:52:34,748 Cached:4061.875 MB
2020-02-14 16:54:15,058 ==> Epoch[5](350/553): Loss: 0.2375
2020-02-14 16:54:15,059 Allocated:121.53369140625 MB
2020-02-14 16:54:15,059 Cached:4061.875 MB
2020-02-14 16:54:54,727 ====> Building Cache
2020-02-14 16:54:54,728 feature cache--->>> /home/annora/NetVLAD/output/train_feat_cache2.hdf5
2020-02-14 16:56:13,679 Allocated:120.783203125 MB
2020-02-14 16:56:13,680 Cached:2919.5 MB
2020-02-14 16:57:53,197 ==> Epoch[5](400/553): Loss: 0.0081
2020-02-14 16:57:53,198 Allocated:121.03369140625 MB
2020-02-14 16:57:53,199 Cached:6794.5 MB
2020-02-14 16:59:45,031 ==> Epoch[5](450/553): Loss: 0.0422
2020-02-14 16:59:45,033 Allocated:120.53369140625 MB
2020-02-14 16:59:45,033 Cached:6794.5 MB
2020-02-14 17:01:50,388 ==> Epoch[5](500/553): Loss: 0.0194
2020-02-14 17:01:50,389 Allocated:122.53369140625 MB
2020-02-14 17:01:50,390 Cached:6794.5 MB
2020-02-14 17:03:40,230 ==> Epoch[5](550/553): Loss: 0.0434
2020-02-14 17:03:40,232 Allocated:121.03369140625 MB
2020-02-14 17:03:40,232 Cached:6794.5 MB
2020-02-14 17:03:52,109 ===> Epoch 5 Complete: Avg. Loss: 0.1083
2020-02-14 17:03:52,110 ====> Extracting Features
2020-02-14 17:04:32,221 ==> Batch (50/108)
2020-02-14 17:04:55,766 ==> Batch (100/108)
2020-02-14 17:04:59,506 ====> Building faiss index
2020-02-14 17:04:59,508 ====> Calculating recall @ N
2020-02-14 17:05:00,187 ====> Recall@1: 0.5499
2020-02-14 17:05:00,187 ====> Recall@2: 0.6038
2020-02-14 17:05:00,188 ====> Recall@3: 0.6307
2020-02-14 17:05:00,188 ====> Recall@4: 0.6475
2020-02-14 17:05:00,189 ====> Recall@5: 0.6600
2020-02-14 17:05:00,189 ====> Recall@10: 0.6939
2020-02-14 17:05:00,189 ====> Recall@15: 0.7075
2020-02-14 17:05:00,189 ====> Recall@20: 0.7177
2020-02-14 17:05:00,190 ====> Recall@25: 0.7284
2020-02-14 17:05:00,553 ====> Building Cache
2020-02-14 17:05:00,554 feature cache--->>> /home/annora/NetVLAD/output/train_feat_cache2.hdf5
2020-02-14 17:06:19,411 Allocated:120.03369140625 MB
2020-02-14 17:06:19,412 Cached:4192.625 MB
2020-02-14 17:08:29,109 ==> Epoch[6](50/553): Loss: 0.0862
2020-02-14 17:08:29,111 Allocated:120.53369140625 MB
2020-02-14 17:08:29,111 Cached:4195.625 MB
2020-02-14 17:10:17,527 ==> Epoch[6](100/553): Loss: 0.2451
2020-02-14 17:10:17,528 Allocated:121.53369140625 MB
2020-02-14 17:10:17,529 Cached:4197.625 MB
2020-02-14 17:11:55,128 ==> Epoch[6](150/553): Loss: 0.0816
2020-02-14 17:11:55,129 Allocated:122.53369140625 MB
2020-02-14 17:11:55,130 Cached:4197.625 MB
2020-02-14 17:13:03,371 ====> Building Cache
2020-02-14 17:13:03,372 feature cache--->>> /home/annora/NetVLAD/output/train_feat_cache2.hdf5
2020-02-14 17:14:25,033 Allocated:121.533203125 MB
2020-02-14 17:14:25,033 Cached:2919.5 MB
2020-02-14 17:15:32,872 ==> Epoch[6](200/553): Loss: 0.0597
2020-02-14 17:15:32,874 Allocated:121.03369140625 MB
2020-02-14 17:15:32,874 Cached:2984.125 MB
2020-02-14 17:17:20,215 ==> Epoch[6](250/553): Loss: 0.0780
2020-02-14 17:17:20,216 Allocated:121.15869140625 MB
2020-02-14 17:17:20,217 Cached:4291.5 MB
2020-02-14 17:19:08,176 ==> Epoch[6](300/553): Loss: 0.0212
2020-02-14 17:19:08,177 Allocated:121.03369140625 MB
2020-02-14 17:19:08,177 Cached:4291.5 MB
2020-02-14 17:20:56,238 ==> Epoch[6](350/553): Loss: 0.0717
2020-02-14 17:20:56,240 Allocated:120.65869140625 MB
2020-02-14 17:20:56,240 Cached:4291.5 MB
2020-02-14 17:21:38,043 ====> Building Cache
2020-02-14 17:21:38,044 feature cache--->>> /home/annora/NetVLAD/output/train_feat_cache2.hdf5
2020-02-14 17:23:02,929 Allocated:120.533203125 MB
2020-02-14 17:23:02,930 Cached:2919.5 MB
2020-02-14 17:24:39,040 ==> Epoch[6](400/553): Loss: 0.0751
2020-02-14 17:24:39,042 Allocated:120.53369140625 MB
2020-02-14 17:24:39,042 Cached:7800.375 MB
2020-02-14 17:26:29,748 ==> Epoch[6](450/553): Loss: 0.0951
2020-02-14 17:26:29,749 Allocated:121.53369140625 MB
2020-02-14 17:26:29,749 Cached:7801.375 MB
2020-02-14 17:28:13,221 ==> Epoch[6](500/553): Loss: 0.0354
2020-02-14 17:28:13,223 Allocated:121.28369140625 MB
2020-02-14 17:28:13,223 Cached:7801.375 MB
2020-02-14 17:29:56,862 ==> Epoch[6](550/553): Loss: 0.0960
2020-02-14 17:29:56,863 Allocated:121.03369140625 MB
2020-02-14 17:29:56,863 Cached:7801.375 MB
2020-02-14 17:30:07,109 ===> Epoch 6 Complete: Avg. Loss: 0.0840
2020-02-14 17:30:07,110 ====> Extracting Features
2020-02-14 17:30:45,184 ==> Batch (50/108)
2020-02-14 17:31:10,359 ==> Batch (100/108)
2020-02-14 17:31:14,047 ====> Building faiss index
2020-02-14 17:31:14,049 ====> Calculating recall @ N
2020-02-14 17:31:14,642 ====> Recall@1: 0.5542
2020-02-14 17:31:14,642 ====> Recall@2: 0.6130
2020-02-14 17:31:14,643 ====> Recall@3: 0.6377
2020-02-14 17:31:14,643 ====> Recall@4: 0.6487
2020-02-14 17:31:14,643 ====> Recall@5: 0.6594
2020-02-14 17:31:14,643 ====> Recall@10: 0.6896
2020-02-14 17:31:14,644 ====> Recall@15: 0.7093
2020-02-14 17:31:14,644 ====> Recall@20: 0.7241
2020-02-14 17:31:14,644 ====> Recall@25: 0.7345
2020-02-14 17:31:15,015 ====> Building Cache
2020-02-14 17:31:15,016 feature cache--->>> /home/annora/NetVLAD/output/train_feat_cache2.hdf5
2020-02-14 17:32:34,040 Allocated:119.15869140625 MB
2020-02-14 17:32:34,040 Cached:4193.625 MB
2020-02-14 17:34:46,584 ==> Epoch[7](50/553): Loss: 0.0789
2020-02-14 17:34:46,585 Allocated:121.53369140625 MB
2020-02-14 17:34:46,586 Cached:4194.625 MB
2020-02-14 17:36:33,208 ==> Epoch[7](100/553): Loss: 0.2299
2020-02-14 17:36:33,209 Allocated:120.53369140625 MB
2020-02-14 17:36:33,209 Cached:4194.625 MB
2020-02-14 17:38:16,850 ==> Epoch[7](150/553): Loss: 0.0091
2020-02-14 17:38:16,852 Allocated:121.53369140625 MB
2020-02-14 17:38:16,852 Cached:4194.625 MB
2020-02-14 17:39:30,297 ====> Building Cache
2020-02-14 17:39:30,298 feature cache--->>> /home/annora/NetVLAD/output/train_feat_cache2.hdf5
2020-02-14 17:40:49,556 Allocated:121.158203125 MB
2020-02-14 17:40:49,557 Cached:2919.5 MB
2020-02-14 17:41:52,108 ==> Epoch[7](200/553): Loss: 0.1184
2020-02-14 17:41:52,110 Allocated:121.03369140625 MB
2020-02-14 17:41:52,110 Cached:4135.125 MB
2020-02-14 17:43:36,951 ==> Epoch[7](250/553): Loss: 0.1048
2020-02-14 17:43:36,952 Allocated:120.53369140625 MB
2020-02-14 17:43:36,952 Cached:4135.125 MB
2020-02-14 17:45:27,307 ==> Epoch[7](300/553): Loss: 0.0404
2020-02-14 17:45:27,308 Allocated:121.28369140625 MB
2020-02-14 17:45:27,308 Cached:4135.125 MB
2020-02-14 17:47:10,384 ==> Epoch[7](350/553): Loss: 0.2331
2020-02-14 17:47:10,387 Allocated:121.53369140625 MB
2020-02-14 17:47:10,387 Cached:7892.75 MB
2020-02-14 17:47:52,876 ====> Building Cache
2020-02-14 17:47:52,877 feature cache--->>> /home/annora/NetVLAD/output/train_feat_cache2.hdf5
2020-02-14 17:49:12,151 Allocated:120.533203125 MB
2020-02-14 17:49:12,152 Cached:2919.5 MB
2020-02-14 17:50:46,778 ==> Epoch[7](400/553): Loss: 0.1432
2020-02-14 17:50:46,781 Allocated:121.15869140625 MB
2020-02-14 17:50:46,781 Cached:4087.375 MB
2020-02-14 17:52:29,074 ==> Epoch[7](450/553): Loss: 0.1356
2020-02-14 17:52:29,076 Allocated:121.28369140625 MB
2020-02-14 17:52:29,076 Cached:5295.625 MB
2020-02-14 17:54:08,445 ==> Epoch[7](500/553): Loss: 0.0806
2020-02-14 17:54:08,446 Allocated:121.53369140625 MB
2020-02-14 17:54:08,446 Cached:5295.625 MB
2020-02-14 17:55:44,783 ==> Epoch[7](550/553): Loss: 0.1571
2020-02-14 17:55:44,785 Allocated:121.53369140625 MB
2020-02-14 17:55:44,785 Cached:5295.625 MB
2020-02-14 17:55:54,718 ===> Epoch 7 Complete: Avg. Loss: 0.1032
2020-02-14 17:55:54,720 ====> Extracting Features
2020-02-14 17:56:32,414 ==> Batch (50/108)
2020-02-14 17:56:55,747 ==> Batch (100/108)
2020-02-14 17:56:59,980 ====> Building faiss index
2020-02-14 17:56:59,982 ====> Calculating recall @ N
2020-02-14 17:57:00,733 ====> Recall@1: 0.5994
2020-02-14 17:57:00,733 ====> Recall@2: 0.6313
2020-02-14 17:57:00,734 ====> Recall@3: 0.6467
2020-02-14 17:57:00,734 ====> Recall@4: 0.6632
2020-02-14 17:57:00,735 ====> Recall@5: 0.6710
2020-02-14 17:57:00,735 ====> Recall@10: 0.6980
2020-02-14 17:57:00,735 ====> Recall@15: 0.7148
2020-02-14 17:57:00,735 ====> Recall@20: 0.7281
2020-02-14 17:57:00,736 ====> Recall@25: 0.7362
2020-02-14 17:57:01,506 ====> Building Cache
2020-02-14 17:57:01,506 feature cache--->>> /home/annora/NetVLAD/output/train_feat_cache2.hdf5
2020-02-14 17:58:25,483 Allocated:119.53369140625 MB
2020-02-14 17:58:25,483 Cached:4277.0 MB
2020-02-14 18:00:41,981 ==> Epoch[8](50/553): Loss: 0.0328
2020-02-14 18:00:41,982 Allocated:120.78369140625 MB
2020-02-14 18:00:41,983 Cached:6638.125 MB
2020-02-14 18:02:23,126 ==> Epoch[8](100/553): Loss: 0.1370
2020-02-14 18:02:23,127 Allocated:120.53369140625 MB
2020-02-14 18:02:23,128 Cached:6638.125 MB
2020-02-14 18:04:05,693 ==> Epoch[8](150/553): Loss: 0.0547
2020-02-14 18:04:05,696 Allocated:121.40869140625 MB
2020-02-14 18:04:05,696 Cached:6638.125 MB
2020-02-14 18:05:20,044 ====> Building Cache
2020-02-14 18:05:20,045 feature cache--->>> /home/annora/NetVLAD/output/train_feat_cache2.hdf5
2020-02-14 18:06:45,771 Allocated:120.533203125 MB
2020-02-14 18:06:45,772 Cached:2919.5 MB
2020-02-14 18:07:50,468 ==> Epoch[8](200/553): Loss: 0.2506
2020-02-14 18:07:50,470 Allocated:121.03369140625 MB
2020-02-14 18:07:50,470 Cached:4064.0 MB
2020-02-14 18:09:34,831 ==> Epoch[8](250/553): Loss: 0.1231
2020-02-14 18:09:34,833 Allocated:121.53369140625 MB
2020-02-14 18:09:34,833 Cached:6448.625 MB
2020-02-14 18:11:18,842 ==> Epoch[8](300/553): Loss: 0.1112
2020-02-14 18:11:18,843 Allocated:121.03369140625 MB
2020-02-14 18:11:18,844 Cached:6449.625 MB
2020-02-14 18:12:58,884 ==> Epoch[8](350/553): Loss: 0.1146
2020-02-14 18:12:58,885 Allocated:122.03369140625 MB
2020-02-14 18:12:58,886 Cached:10128.625 MB
2020-02-14 18:13:38,721 ====> Building Cache
2020-02-14 18:13:38,721 feature cache--->>> /home/annora/NetVLAD/output/train_feat_cache2.hdf5
2020-02-14 18:15:00,161 Allocated:121.533203125 MB
2020-02-14 18:15:00,162 Cached:2919.5 MB
2020-02-14 18:16:38,035 ==> Epoch[8](400/553): Loss: 0.0363
2020-02-14 18:16:38,036 Allocated:120.53369140625 MB
2020-02-14 18:16:38,036 Cached:8083.375 MB
2020-02-14 18:18:23,885 ==> Epoch[8](450/553): Loss: 0.0241
2020-02-14 18:18:23,887 Allocated:120.53369140625 MB
2020-02-14 18:18:23,887 Cached:8083.375 MB
2020-02-14 18:20:09,506 ==> Epoch[8](500/553): Loss: 0.0770
2020-02-14 18:20:09,507 Allocated:121.53369140625 MB
2020-02-14 18:20:09,508 Cached:8083.375 MB
2020-02-14 18:22:00,083 ==> Epoch[8](550/553): Loss: 0.0045
2020-02-14 18:22:00,085 Allocated:121.28369140625 MB
2020-02-14 18:22:00,085 Cached:8083.375 MB
2020-02-14 18:22:12,783 ===> Epoch 8 Complete: Avg. Loss: 0.0763
2020-02-14 18:22:12,784 ====> Extracting Features
2020-02-14 18:22:51,090 ==> Batch (50/108)
2020-02-14 18:23:15,840 ==> Batch (100/108)
2020-02-14 18:23:19,552 ====> Building faiss index
2020-02-14 18:23:19,554 ====> Calculating recall @ N
2020-02-14 18:23:20,049 ====> Recall@1: 0.5745
2020-02-14 18:23:20,050 ====> Recall@2: 0.6246
2020-02-14 18:23:20,050 ====> Recall@3: 0.6420
2020-02-14 18:23:20,050 ====> Recall@4: 0.6568
2020-02-14 18:23:20,050 ====> Recall@5: 0.6635
2020-02-14 18:23:20,050 ====> Recall@10: 0.6925
2020-02-14 18:23:20,051 ====> Recall@15: 0.7125
2020-02-14 18:23:20,051 ====> Recall@20: 0.7246
2020-02-14 18:23:20,051 ====> Recall@25: 0.7328
2020-02-14 18:23:20,431 ====> Building Cache
2020-02-14 18:23:20,432 feature cache--->>> /home/annora/NetVLAD/output/train_feat_cache2.hdf5
2020-02-14 18:24:38,362 Allocated:118.53369140625 MB
2020-02-14 18:24:38,363 Cached:4193.625 MB
2020-02-14 18:26:41,295 ==> Epoch[9](50/553): Loss: 0.1587
2020-02-14 18:26:41,296 Allocated:121.15869140625 MB
2020-02-14 18:26:41,297 Cached:4193.625 MB
2020-02-14 18:28:16,391 ==> Epoch[9](100/553): Loss: 0.0890
2020-02-14 18:28:16,392 Allocated:121.53369140625 MB
2020-02-14 18:28:16,392 Cached:4197.625 MB
2020-02-14 18:29:51,948 ==> Epoch[9](150/553): Loss: 0.0255
2020-02-14 18:29:51,950 Allocated:120.53369140625 MB
2020-02-14 18:29:51,950 Cached:4197.625 MB
2020-02-14 18:30:57,278 ====> Building Cache
2020-02-14 18:30:57,278 feature cache--->>> /home/annora/NetVLAD/output/train_feat_cache2.hdf5
2020-02-14 18:32:15,810 Allocated:120.658203125 MB
2020-02-14 18:32:15,811 Cached:2919.5 MB
2020-02-14 18:33:15,205 ==> Epoch[9](200/553): Loss: 0.1251
2020-02-14 18:33:15,206 Allocated:120.78369140625 MB
2020-02-14 18:33:15,207 Cached:4081.0 MB
2020-02-14 18:34:54,604 ==> Epoch[9](250/553): Loss: 0.1354
2020-02-14 18:34:54,605 Allocated:121.15869140625 MB
2020-02-14 18:34:54,606 Cached:8831.25 MB
2020-02-14 18:36:44,797 ==> Epoch[9](300/553): Loss: 0.1961
2020-02-14 18:36:44,798 Allocated:122.65869140625 MB
2020-02-14 18:36:44,798 Cached:10055.5 MB
2020-02-14 18:38:28,219 ==> Epoch[9](350/553): Loss: 0.1010
2020-02-14 18:38:28,220 Allocated:120.53369140625 MB
2020-02-14 18:38:28,221 Cached:2264.5 MB
2020-02-14 18:39:07,915 ====> Building Cache
2020-02-14 18:39:07,916 feature cache--->>> /home/annora/NetVLAD/output/train_feat_cache2.hdf5
2020-02-14 18:40:26,555 Allocated:121.158203125 MB
2020-02-14 18:40:26,555 Cached:2919.5 MB
2020-02-14 18:42:02,169 ==> Epoch[9](400/553): Loss: 0.0799
2020-02-14 18:42:02,171 Allocated:120.53369140625 MB
2020-02-14 18:42:02,171 Cached:7607.0 MB
2020-02-14 18:43:50,362 ==> Epoch[9](450/553): Loss: 0.0337
2020-02-14 18:43:50,363 Allocated:122.03369140625 MB
2020-02-14 18:43:50,364 Cached:10020.375 MB
2020-02-14 18:45:36,862 ==> Epoch[9](500/553): Loss: 0.0197
2020-02-14 18:45:36,864 Allocated:121.53369140625 MB
2020-02-14 18:45:36,865 Cached:2251.75 MB
2020-02-14 18:47:20,358 ==> Epoch[9](550/553): Loss: 0.0938
2020-02-14 18:47:20,359 Allocated:122.03369140625 MB
2020-02-14 18:47:20,360 Cached:2251.75 MB
2020-02-14 18:47:30,354 ===> Epoch 9 Complete: Avg. Loss: 0.1171
2020-02-14 18:47:30,355 ====> Extracting Features
2020-02-14 18:48:03,709 ==> Batch (50/108)
2020-02-14 18:48:25,957 ==> Batch (100/108)
2020-02-14 18:48:28,915 ====> Building faiss index
2020-02-14 18:48:28,918 ====> Calculating recall @ N
2020-02-14 18:48:29,701 ====> Recall@1: 0.5713
2020-02-14 18:48:29,702 ====> Recall@2: 0.6130
2020-02-14 18:48:29,702 ====> Recall@3: 0.6342
2020-02-14 18:48:29,702 ====> Recall@4: 0.6487
2020-02-14 18:48:29,702 ====> Recall@5: 0.6603
2020-02-14 18:48:29,703 ====> Recall@10: 0.6936
2020-02-14 18:48:29,703 ====> Recall@15: 0.7096
2020-02-14 18:48:29,703 ====> Recall@20: 0.7226
2020-02-14 18:48:29,703 ====> Recall@25: 0.7412
2020-02-14 18:48:30,084 ====> Building Cache
2020-02-14 18:48:30,084 feature cache--->>> /home/annora/NetVLAD/output/train_feat_cache2.hdf5
2020-02-14 18:49:55,388 Allocated:119.03369140625 MB
2020-02-14 18:49:55,389 Cached:4192.625 MB
2020-02-14 18:52:07,387 ==> Epoch[10](50/553): Loss: 0.0713
2020-02-14 18:52:07,388 Allocated:120.53369140625 MB
2020-02-14 18:52:07,389 Cached:6467.75 MB
2020-02-14 18:53:48,783 ==> Epoch[10](100/553): Loss: 0.0168
2020-02-14 18:53:48,785 Allocated:121.90869140625 MB
2020-02-14 18:53:48,785 Cached:9981.0 MB
2020-02-14 18:55:32,779 ==> Epoch[10](150/553): Loss: 0.0166
2020-02-14 18:55:32,781 Allocated:122.15869140625 MB
2020-02-14 18:55:32,781 Cached:9981.0 MB
2020-02-14 18:56:44,384 ====> Building Cache
2020-02-14 18:56:44,384 feature cache--->>> /home/annora/NetVLAD/output/train_feat_cache2.hdf5
2020-02-14 18:58:08,064 Allocated:120.658203125 MB
2020-02-14 18:58:08,065 Cached:2919.5 MB
2020-02-14 18:59:09,737 ==> Epoch[10](200/553): Loss: 0.2881
2020-02-14 18:59:09,739 Allocated:120.53369140625 MB
2020-02-14 18:59:09,740 Cached:2920.5 MB
2020-02-14 19:00:48,769 ==> Epoch[10](250/553): Loss: 0.1628
2020-02-14 19:00:48,771 Allocated:121.15869140625 MB
2020-02-14 19:00:48,771 Cached:2920.5 MB
2020-02-14 19:02:31,388 ==> Epoch[10](300/553): Loss: 0.1720
2020-02-14 19:02:31,389 Allocated:120.53369140625 MB
2020-02-14 19:02:31,390 Cached:2920.5 MB
2020-02-14 19:04:04,955 ==> Epoch[10](350/553): Loss: 0.1483
2020-02-14 19:04:04,956 Allocated:120.53369140625 MB
2020-02-14 19:04:04,957 Cached:2920.5 MB
2020-02-14 19:04:50,502 ====> Building Cache
2020-02-14 19:04:50,503 feature cache--->>> /home/annora/NetVLAD/output/train_feat_cache2.hdf5
2020-02-14 19:06:07,845 Allocated:121.408203125 MB
2020-02-14 19:06:07,846 Cached:2919.5 MB
2020-02-14 19:07:37,280 ==> Epoch[10](400/553): Loss: 0.0629
2020-02-14 19:07:37,281 Allocated:120.65869140625 MB
2020-02-14 19:07:37,282 Cached:4900.5 MB
2020-02-14 19:09:22,709 ==> Epoch[10](450/553): Loss: 0.0119
2020-02-14 19:09:22,711 Allocated:121.53369140625 MB
2020-02-14 19:09:22,711 Cached:4901.5 MB
2020-02-14 19:11:13,523 ==> Epoch[10](500/553): Loss: 0.0610
2020-02-14 19:11:13,525 Allocated:121.78369140625 MB
2020-02-14 19:11:13,525 Cached:4901.5 MB
2020-02-14 19:13:06,442 ==> Epoch[10](550/553): Loss: 0.0724
2020-02-14 19:13:06,443 Allocated:120.53369140625 MB
2020-02-14 19:13:06,443 Cached:4901.5 MB
2020-02-14 19:13:19,371 ===> Epoch 10 Complete: Avg. Loss: 0.0966
2020-02-14 19:13:19,372 ====> Extracting Features
2020-02-14 19:13:52,311 ==> Batch (50/108)
2020-02-14 19:14:12,504 ==> Batch (100/108)
2020-02-14 19:14:15,891 ====> Building faiss index
2020-02-14 19:14:15,893 ====> Calculating recall @ N
2020-02-14 19:14:16,437 ====> Recall@1: 0.5890
2020-02-14 19:14:16,438 ====> Recall@2: 0.6296
2020-02-14 19:14:16,438 ====> Recall@3: 0.6513
2020-02-14 19:14:16,438 ====> Recall@4: 0.6649
2020-02-14 19:14:16,439 ====> Recall@5: 0.6730
2020-02-14 19:14:16,439 ====> Recall@10: 0.6986
2020-02-14 19:14:16,439 ====> Recall@15: 0.7139
2020-02-14 19:14:16,439 ====> Recall@20: 0.7267
2020-02-14 19:14:16,440 ====> Recall@25: 0.7351
2020-02-14 19:14:17,157 ====> Building Cache
2020-02-14 19:14:17,158 feature cache--->>> /home/annora/NetVLAD/output/train_feat_cache2.hdf5
2020-02-14 19:15:36,206 Allocated:118.53369140625 MB
2020-02-14 19:15:36,206 Cached:4208.75 MB
2020-02-14 19:17:43,324 ==> Epoch[11](50/553): Loss: 0.0841
2020-02-14 19:17:43,326 Allocated:121.53369140625 MB
2020-02-14 19:17:43,326 Cached:4209.75 MB
2020-02-14 19:19:22,827 ==> Epoch[11](100/553): Loss: 0.0270
2020-02-14 19:19:22,828 Allocated:121.15869140625 MB
2020-02-14 19:19:22,829 Cached:4209.75 MB
2020-02-14 19:21:02,240 ==> Epoch[11](150/553): Loss: 0.0330
2020-02-14 19:21:02,241 Allocated:120.65869140625 MB
2020-02-14 19:21:02,242 Cached:4209.75 MB
2020-02-14 19:22:09,120 ====> Building Cache
2020-02-14 19:22:09,120 feature cache--->>> /home/annora/NetVLAD/output/train_feat_cache2.hdf5
2020-02-14 19:23:27,699 Allocated:120.533203125 MB
2020-02-14 19:23:27,700 Cached:2919.5 MB
2020-02-14 19:24:25,849 ==> Epoch[11](200/553): Loss: 0.3828
2020-02-14 19:24:25,850 Allocated:120.53369140625 MB
2020-02-14 19:24:25,850 Cached:2919.5 MB
2020-02-14 19:25:59,897 ==> Epoch[11](250/553): Loss: 0.3035
2020-02-14 19:25:59,898 Allocated:120.53369140625 MB
2020-02-14 19:25:59,898 Cached:2919.5 MB
2020-02-14 19:27:31,185 ==> Epoch[11](300/553): Loss: 0.2747
2020-02-14 19:27:31,186 Allocated:121.53369140625 MB
2020-02-14 19:27:31,187 Cached:4066.0 MB
2020-02-14 19:29:09,381 ==> Epoch[11](350/553): Loss: 0.1895
2020-02-14 19:29:09,382 Allocated:121.15869140625 MB
2020-02-14 19:29:09,382 Cached:5213.75 MB
2020-02-14 19:29:45,325 ====> Building Cache
2020-02-14 19:29:45,326 feature cache--->>> /home/annora/NetVLAD/output/train_feat_cache2.hdf5
2020-02-14 19:31:02,044 Allocated:120.658203125 MB
2020-02-14 19:31:02,044 Cached:2919.5 MB
2020-02-14 19:32:40,951 ==> Epoch[11](400/553): Loss: 0.0126
2020-02-14 19:32:40,953 Allocated:121.03369140625 MB
2020-02-14 19:32:40,953 Cached:6794.5 MB
2020-02-14 19:34:32,042 ==> Epoch[11](450/553): Loss: 0.0289
2020-02-14 19:34:32,043 Allocated:122.03369140625 MB
2020-02-14 19:34:32,044 Cached:6794.5 MB
2020-02-14 19:36:35,462 ==> Epoch[11](500/553): Loss: 0.0360
2020-02-14 19:36:35,463 Allocated:120.53369140625 MB
2020-02-14 19:36:35,464 Cached:6794.5 MB
2020-02-14 19:38:25,970 ==> Epoch[11](550/553): Loss: 0.0322
2020-02-14 19:38:25,972 Allocated:121.03369140625 MB
2020-02-14 19:38:25,973 Cached:6794.5 MB
2020-02-14 19:38:38,952 ===> Epoch 11 Complete: Avg. Loss: 0.1447
2020-02-14 19:38:38,953 ====> Extracting Features
2020-02-14 19:39:11,677 ==> Batch (50/108)
2020-02-14 19:39:31,459 ==> Batch (100/108)
2020-02-14 19:39:34,256 ====> Building faiss index
2020-02-14 19:39:34,258 ====> Calculating recall @ N
2020-02-14 19:39:34,739 ====> Recall@1: 0.5704
2020-02-14 19:39:34,740 ====> Recall@2: 0.6307
2020-02-14 19:39:34,740 ====> Recall@3: 0.6470
2020-02-14 19:39:34,741 ====> Recall@4: 0.6574
2020-02-14 19:39:34,741 ====> Recall@5: 0.6687
2020-02-14 19:39:34,741 ====> Recall@10: 0.7032
2020-02-14 19:39:34,741 ====> Recall@15: 0.7180
2020-02-14 19:39:34,742 ====> Recall@20: 0.7284
2020-02-14 19:39:34,742 ====> Recall@25: 0.7359
2020-02-14 19:39:35,102 ====> Building Cache
2020-02-14 19:39:35,103 feature cache--->>> /home/annora/NetVLAD/output/train_feat_cache2.hdf5
2020-02-14 19:40:53,260 Allocated:120.03369140625 MB
2020-02-14 19:40:53,261 Cached:4193.625 MB
2020-02-14 19:42:51,965 ==> Epoch[12](50/553): Loss: 0.1336
2020-02-14 19:42:51,967 Allocated:122.03369140625 MB
2020-02-14 19:42:51,967 Cached:4193.625 MB
2020-02-14 19:44:48,350 ==> Epoch[12](100/553): Loss: 0.1433
2020-02-14 19:44:48,351 Allocated:120.53369140625 MB
2020-02-14 19:44:48,351 Cached:4193.625 MB
2020-02-14 19:46:39,256 ==> Epoch[12](150/553): Loss: 0.1331
2020-02-14 19:46:39,257 Allocated:121.15869140625 MB
2020-02-14 19:46:39,257 Cached:4194.625 MB
2020-02-14 19:47:42,387 ====> Building Cache
2020-02-14 19:47:42,388 feature cache--->>> /home/annora/NetVLAD/output/train_feat_cache2.hdf5
2020-02-14 19:48:57,705 Allocated:120.658203125 MB
2020-02-14 19:48:57,706 Cached:2919.5 MB
2020-02-14 19:50:00,051 ==> Epoch[12](200/553): Loss: 0.1640
2020-02-14 19:50:00,052 Allocated:122.03369140625 MB
2020-02-14 19:50:00,053 Cached:6793.5 MB
2020-02-14 19:51:45,452 ==> Epoch[12](250/553): Loss: 0.0353
2020-02-14 19:51:45,453 Allocated:120.53369140625 MB
2020-02-14 19:51:45,453 Cached:6793.5 MB
2020-02-14 19:53:28,000 ==> Epoch[12](300/553): Loss: 0.0281
2020-02-14 19:53:28,001 Allocated:121.03369140625 MB
2020-02-14 19:53:28,002 Cached:6793.5 MB
2020-02-14 19:55:15,350 ==> Epoch[12](350/553): Loss: 0.1217
2020-02-14 19:55:15,351 Allocated:122.03369140625 MB
2020-02-14 19:55:15,351 Cached:6793.5 MB
2020-02-14 19:56:06,950 ====> Building Cache
2020-02-14 19:56:06,950 feature cache--->>> /home/annora/NetVLAD/output/train_feat_cache2.hdf5
2020-02-14 19:57:21,536 Allocated:121.158203125 MB
2020-02-14 19:57:21,536 Cached:2919.5 MB
2020-02-14 19:58:54,686 ==> Epoch[12](400/553): Loss: 0.0492
2020-02-14 19:58:54,688 Allocated:122.03369140625 MB
2020-02-14 19:58:54,688 Cached:2920.5 MB
2020-02-14 20:00:39,785 ==> Epoch[12](450/553): Loss: 0.0799
2020-02-14 20:00:39,787 Allocated:120.65869140625 MB
2020-02-14 20:00:39,787 Cached:4106.5 MB
2020-02-14 20:02:15,916 ==> Epoch[12](500/553): Loss: 0.2006
2020-02-14 20:02:15,917 Allocated:120.53369140625 MB
2020-02-14 20:02:15,918 Cached:4106.5 MB
2020-02-14 20:03:46,401 ==> Epoch[12](550/553): Loss: 0.0980
2020-02-14 20:03:46,402 Allocated:121.03369140625 MB
2020-02-14 20:03:46,403 Cached:4106.5 MB
2020-02-14 20:03:55,572 ===> Epoch 12 Complete: Avg. Loss: 0.0904
2020-02-14 20:03:55,573 ====> Extracting Features
2020-02-14 20:04:28,162 ==> Batch (50/108)
2020-02-14 20:04:50,086 ==> Batch (100/108)
2020-02-14 20:04:53,530 ====> Building faiss index
2020-02-14 20:04:53,531 ====> Calculating recall @ N
2020-02-14 20:04:54,158 ====> Recall@1: 0.5846
2020-02-14 20:04:54,158 ====> Recall@2: 0.6319
2020-02-14 20:04:54,158 ====> Recall@3: 0.6501
2020-02-14 20:04:54,159 ====> Recall@4: 0.6626
2020-02-14 20:04:54,159 ====> Recall@5: 0.6736
2020-02-14 20:04:54,159 ====> Recall@10: 0.7087
2020-02-14 20:04:54,159 ====> Recall@15: 0.7243
2020-02-14 20:04:54,160 ====> Recall@20: 0.7362
2020-02-14 20:04:54,160 ====> Recall@25: 0.7449
2020-02-14 20:04:54,904 ====> Building Cache
2020-02-14 20:04:54,904 feature cache--->>> /home/annora/NetVLAD/output/train_feat_cache2.hdf5
2020-02-14 20:06:12,905 Allocated:118.53369140625 MB
2020-02-14 20:06:12,906 Cached:4192.625 MB
2020-02-14 20:08:30,682 ==> Epoch[13](50/553): Loss: 0.0383
2020-02-14 20:08:30,683 Allocated:121.03369140625 MB
2020-02-14 20:08:30,684 Cached:8976.75 MB
2020-02-14 20:10:08,470 ==> Epoch[13](100/553): Loss: 0.0791
2020-02-14 20:10:08,471 Allocated:122.28369140625 MB
2020-02-14 20:10:08,471 Cached:8976.75 MB
2020-02-14 20:11:45,939 ==> Epoch[13](150/553): Loss: 0.0607
2020-02-14 20:11:45,940 Allocated:121.53369140625 MB
2020-02-14 20:11:45,941 Cached:3471.375 MB
2020-02-14 20:12:51,690 ====> Building Cache
2020-02-14 20:12:51,691 feature cache--->>> /home/annora/NetVLAD/output/train_feat_cache2.hdf5
2020-02-14 20:14:06,279 Allocated:121.533203125 MB
2020-02-14 20:14:06,280 Cached:2919.5 MB
2020-02-14 20:15:02,410 ==> Epoch[13](200/553): Loss: 0.2601
2020-02-14 20:15:02,412 Allocated:121.53369140625 MB
2020-02-14 20:15:02,412 Cached:2920.5 MB
2020-02-14 20:16:42,475 ==> Epoch[13](250/553): Loss: 0.2684
2020-02-14 20:16:42,476 Allocated:121.53369140625 MB
2020-02-14 20:16:42,476 Cached:4061.875 MB
2020-02-14 20:18:17,823 ==> Epoch[13](300/553): Loss: 0.1893
2020-02-14 20:18:17,824 Allocated:120.53369140625 MB
2020-02-14 20:18:17,825 Cached:5212.75 MB
2020-02-14 20:19:49,349 ==> Epoch[13](350/553): Loss: 0.1974
2020-02-14 20:19:49,350 Allocated:121.53369140625 MB
2020-02-14 20:19:49,350 Cached:5212.75 MB
2020-02-14 20:20:25,243 ====> Building Cache
2020-02-14 20:20:25,243 feature cache--->>> /home/annora/NetVLAD/output/train_feat_cache2.hdf5
2020-02-14 20:21:39,890 Allocated:121.533203125 MB
2020-02-14 20:21:39,890 Cached:2919.5 MB
2020-02-14 20:23:06,868 ==> Epoch[13](400/553): Loss: 0.1155
2020-02-14 20:23:06,870 Allocated:121.28369140625 MB
2020-02-14 20:23:06,870 Cached:7587.875 MB
2020-02-14 20:24:47,609 ==> Epoch[13](450/553): Loss: 0.1567
2020-02-14 20:24:47,610 Allocated:120.53369140625 MB
2020-02-14 20:24:47,611 Cached:7587.875 MB
2020-02-14 20:26:26,549 ==> Epoch[13](500/553): Loss: 0.1032
2020-02-14 20:26:26,550 Allocated:121.65869140625 MB
2020-02-14 20:26:26,551 Cached:7587.875 MB
2020-02-14 20:28:18,996 ==> Epoch[13](550/553): Loss: 0.0318
2020-02-14 20:28:18,998 Allocated:121.28369140625 MB
2020-02-14 20:28:18,998 Cached:7587.875 MB
2020-02-14 20:28:31,417 ===> Epoch 13 Complete: Avg. Loss: 0.0921
2020-02-14 20:28:31,418 ====> Extracting Features
2020-02-14 20:29:04,342 ==> Batch (50/108)
2020-02-14 20:29:25,920 ==> Batch (100/108)
2020-02-14 20:29:29,712 ====> Building faiss index
2020-02-14 20:29:29,714 ====> Calculating recall @ N
2020-02-14 20:29:30,274 ====> Recall@1: 0.5742
2020-02-14 20:29:30,274 ====> Recall@2: 0.6278
2020-02-14 20:29:30,275 ====> Recall@3: 0.6522
2020-02-14 20:29:30,275 ====> Recall@4: 0.6704
2020-02-14 20:29:30,276 ====> Recall@5: 0.6800
2020-02-14 20:29:30,276 ====> Recall@10: 0.7084
2020-02-14 20:29:30,276 ====> Recall@15: 0.7223
2020-02-14 20:29:30,276 ====> Recall@20: 0.7304
2020-02-14 20:29:30,276 ====> Recall@25: 0.7388
2020-02-14 20:29:30,976 ====> Building Cache
2020-02-14 20:29:30,976 feature cache--->>> /home/annora/NetVLAD/output/train_feat_cache2.hdf5
2020-02-14 20:30:48,452 Allocated:120.65869140625 MB
2020-02-14 20:30:48,453 Cached:4193.625 MB
2020-02-14 20:32:48,509 ==> Epoch[14](50/553): Loss: 0.0048
2020-02-14 20:32:48,510 Allocated:122.03369140625 MB
2020-02-14 20:32:48,510 Cached:5345.5 MB
2020-02-14 20:34:51,564 ==> Epoch[14](100/553): Loss: 0.0489
2020-02-14 20:34:51,565 Allocated:121.15869140625 MB
2020-02-14 20:34:51,565 Cached:6506.0 MB
2020-02-14 20:36:30,863 ==> Epoch[14](150/553): Loss: 0.0525
2020-02-14 20:36:30,864 Allocated:121.15869140625 MB
2020-02-14 20:36:30,864 Cached:6506.0 MB
2020-02-14 20:37:35,152 ====> Building Cache
2020-02-14 20:37:35,152 feature cache--->>> /home/annora/NetVLAD/output/train_feat_cache2.hdf5
2020-02-14 20:38:50,316 Allocated:121.408203125 MB
2020-02-14 20:38:50,316 Cached:2919.5 MB
2020-02-14 20:39:46,481 ==> Epoch[14](200/553): Loss: 0.1886
2020-02-14 20:39:46,483 Allocated:121.65869140625 MB
2020-02-14 20:39:46,483 Cached:2920.5 MB
2020-02-14 20:41:17,215 ==> Epoch[14](250/553): Loss: 0.1761
2020-02-14 20:41:17,217 Allocated:122.28369140625 MB
2020-02-14 20:41:17,217 Cached:4055.5 MB
2020-02-14 20:42:51,880 ==> Epoch[14](300/553): Loss: 0.2344
2020-02-14 20:42:51,881 Allocated:120.53369140625 MB
2020-02-14 20:42:51,882 Cached:5193.625 MB
2020-02-14 20:44:28,508 ==> Epoch[14](350/553): Loss: 0.2564
2020-02-14 20:44:28,509 Allocated:122.03369140625 MB
2020-02-14 20:44:28,509 Cached:5193.625 MB
2020-02-14 20:45:04,716 ====> Building Cache
2020-02-14 20:45:04,716 feature cache--->>> /home/annora/NetVLAD/output/train_feat_cache2.hdf5
2020-02-14 20:46:19,870 Allocated:120.533203125 MB
2020-02-14 20:46:19,871 Cached:2920.5 MB
2020-02-14 20:48:02,798 ==> Epoch[14](400/553): Loss: 0.0299
2020-02-14 20:48:02,799 Allocated:121.03369140625 MB
2020-02-14 20:48:02,800 Cached:9291.375 MB
2020-02-14 20:49:55,651 ==> Epoch[14](450/553): Loss: 0.0598
2020-02-14 20:49:55,652 Allocated:121.28369140625 MB
2020-02-14 20:49:55,653 Cached:9291.375 MB
2020-02-14 20:51:38,201 ==> Epoch[14](500/553): Loss: 0.0538
2020-02-14 20:51:38,203 Allocated:121.28369140625 MB
2020-02-14 20:51:38,203 Cached:9291.375 MB
2020-02-14 20:53:16,339 ==> Epoch[14](550/553): Loss: 0.0131
2020-02-14 20:53:16,340 Allocated:121.53369140625 MB
2020-02-14 20:53:16,341 Cached:9291.375 MB
2020-02-14 20:53:25,740 ===> Epoch 14 Complete: Avg. Loss: 0.0987
2020-02-14 20:53:25,741 ====> Extracting Features
2020-02-14 20:53:58,955 ==> Batch (50/108)
2020-02-14 20:54:21,473 ==> Batch (100/108)
2020-02-14 20:54:24,581 ====> Building faiss index
2020-02-14 20:54:24,582 ====> Calculating recall @ N
2020-02-14 20:54:25,136 ====> Recall@1: 0.5832
2020-02-14 20:54:25,136 ====> Recall@2: 0.6252
2020-02-14 20:54:25,137 ====> Recall@3: 0.6455
2020-02-14 20:54:25,137 ====> Recall@4: 0.6574
2020-02-14 20:54:25,137 ====> Recall@5: 0.6678
2020-02-14 20:54:25,137 ====> Recall@10: 0.6980
2020-02-14 20:54:25,137 ====> Recall@15: 0.7139
2020-02-14 20:54:25,138 ====> Recall@20: 0.7249
2020-02-14 20:54:25,138 ====> Recall@25: 0.7351
2020-02-14 20:54:25,495 ====> Building Cache
2020-02-14 20:54:25,495 feature cache--->>> /home/annora/NetVLAD/output/train_feat_cache2.hdf5
2020-02-14 20:55:42,005 Allocated:118.53369140625 MB
2020-02-14 20:55:42,005 Cached:4208.75 MB
2020-02-14 20:57:41,766 ==> Epoch[15](50/553): Loss: 0.0026
2020-02-14 20:57:41,767 Allocated:121.15869140625 MB
2020-02-14 20:57:41,768 Cached:5354.25 MB
2020-02-14 20:59:11,027 ==> Epoch[15](100/553): Loss: 0.0121
2020-02-14 20:59:11,028 Allocated:121.03369140625 MB
2020-02-14 20:59:11,028 Cached:5354.25 MB
2020-02-14 21:00:59,785 ==> Epoch[15](150/553): Loss: 0.0109
2020-02-14 21:00:59,786 Allocated:121.28369140625 MB
2020-02-14 21:00:59,787 Cached:5355.25 MB
2020-02-14 21:02:12,701 ====> Building Cache
2020-02-14 21:02:12,701 feature cache--->>> /home/annora/NetVLAD/output/train_feat_cache2.hdf5
2020-02-14 21:03:30,279 Allocated:121.158203125 MB
2020-02-14 21:03:30,280 Cached:2919.5 MB
2020-02-14 21:04:24,415 ==> Epoch[15](200/553): Loss: 0.2810
2020-02-14 21:04:24,417 Allocated:121.53369140625 MB
2020-02-14 21:04:24,417 Cached:2924.5 MB
2020-02-14 21:05:52,653 ==> Epoch[15](250/553): Loss: 0.1974
2020-02-14 21:05:52,655 Allocated:121.65869140625 MB
2020-02-14 21:05:52,655 Cached:2924.5 MB
2020-02-14 21:07:28,564 ==> Epoch[15](300/553): Loss: 0.2412
2020-02-14 21:07:28,566 Allocated:121.53369140625 MB
2020-02-14 21:07:28,566 Cached:2924.5 MB
2020-02-14 21:09:03,070 ==> Epoch[15](350/553): Loss: 0.2833
2020-02-14 21:09:03,072 Allocated:121.15869140625 MB
2020-02-14 21:09:03,072 Cached:2924.5 MB
2020-02-14 21:09:39,320 ====> Building Cache
2020-02-14 21:09:39,321 feature cache--->>> /home/annora/NetVLAD/output/train_feat_cache2.hdf5
2020-02-14 21:10:56,282 Allocated:120.908203125 MB
2020-02-14 21:10:56,283 Cached:2950.75 MB
2020-02-14 21:12:35,030 ==> Epoch[15](400/553): Loss: 0.0085
2020-02-14 21:12:35,032 Allocated:122.53369140625 MB
2020-02-14 21:12:35,032 Cached:6824.75 MB
2020-02-14 21:14:23,494 ==> Epoch[15](450/553): Loss: 0.0206
2020-02-14 21:14:23,496 Allocated:121.03369140625 MB
2020-02-14 21:14:23,496 Cached:6824.75 MB
2020-02-14 21:16:10,251 ==> Epoch[15](500/553): Loss: 0.0124
2020-02-14 21:16:10,253 Allocated:120.53369140625 MB
2020-02-14 21:16:10,253 Cached:6824.75 MB
2020-02-14 21:17:58,711 ==> Epoch[15](550/553): Loss: 0.0037
2020-02-14 21:17:58,713 Allocated:122.53369140625 MB
2020-02-14 21:17:58,713 Cached:6824.75 MB
2020-02-14 21:18:09,317 ===> Epoch 15 Complete: Avg. Loss: 0.1123
2020-02-14 21:18:09,318 ====> Extracting Features
2020-02-14 21:18:44,223 ==> Batch (50/108)
2020-02-14 21:19:08,130 ==> Batch (100/108)
2020-02-14 21:19:12,172 ====> Building faiss index
2020-02-14 21:19:12,175 ====> Calculating recall @ N
2020-02-14 21:19:12,806 ====> Recall@1: 0.5606
2020-02-14 21:19:12,807 ====> Recall@2: 0.6243
2020-02-14 21:19:12,807 ====> Recall@3: 0.6426
2020-02-14 21:19:12,808 ====> Recall@4: 0.6551
2020-02-14 21:19:12,808 ====> Recall@5: 0.6661
2020-02-14 21:19:12,808 ====> Recall@10: 0.7023
2020-02-14 21:19:12,808 ====> Recall@15: 0.7191
2020-02-14 21:19:12,808 ====> Recall@20: 0.7339
2020-02-14 21:19:12,809 ====> Recall@25: 0.7432
2020-02-14 21:19:13,183 ====> Building Cache
2020-02-14 21:19:13,183 feature cache--->>> /home/annora/NetVLAD/output/train_feat_cache2.hdf5
2020-02-14 21:20:33,785 Allocated:119.03369140625 MB
2020-02-14 21:20:33,786 Cached:4277.0 MB
2020-02-14 21:22:37,868 ==> Epoch[16](50/553): Loss: 0.1351
2020-02-14 21:22:37,870 Allocated:121.53369140625 MB
2020-02-14 21:22:37,870 Cached:4283.0 MB
2020-02-14 21:24:24,210 ==> Epoch[16](100/553): Loss: 0.0428
2020-02-14 21:24:24,212 Allocated:121.28369140625 MB
2020-02-14 21:24:24,212 Cached:4283.0 MB
2020-02-14 21:26:02,936 ==> Epoch[16](150/553): Loss: 0.0290
2020-02-14 21:26:02,938 Allocated:121.53369140625 MB
2020-02-14 21:26:02,938 Cached:4283.0 MB
2020-02-14 21:27:05,899 ====> Building Cache
2020-02-14 21:27:05,900 feature cache--->>> /home/annora/NetVLAD/output/train_feat_cache2.hdf5
2020-02-14 21:28:22,740 Allocated:122.033203125 MB
2020-02-14 21:28:22,740 Cached:2919.5 MB
2020-02-14 21:29:21,099 ==> Epoch[16](200/553): Loss: 0.1485
2020-02-14 21:29:21,101 Allocated:122.03369140625 MB
2020-02-14 21:29:21,101 Cached:2919.5 MB
2020-02-14 21:30:52,884 ==> Epoch[16](250/553): Loss: 0.2858
2020-02-14 21:30:52,886 Allocated:122.53369140625 MB
2020-02-14 21:30:52,886 Cached:2921.5 MB
2020-02-14 21:32:24,828 ==> Epoch[16](300/553): Loss: 0.2670
2020-02-14 21:32:24,830 Allocated:121.90869140625 MB
2020-02-14 21:32:24,830 Cached:2921.5 MB
2020-02-14 21:34:22,108 ==> Epoch[16](350/553): Loss: 0.2806
2020-02-14 21:34:22,109 Allocated:120.53369140625 MB
2020-02-14 21:34:22,109 Cached:2921.5 MB
2020-02-14 21:34:58,852 ====> Building Cache
2020-02-14 21:34:58,853 feature cache--->>> /home/annora/NetVLAD/output/train_feat_cache2.hdf5
2020-02-14 21:36:14,145 Allocated:120.533203125 MB
2020-02-14 21:36:14,145 Cached:2919.5 MB
2020-02-14 21:37:53,516 ==> Epoch[16](400/553): Loss: 0.0329
2020-02-14 21:37:53,517 Allocated:120.53369140625 MB
2020-02-14 21:37:53,518 Cached:6794.5 MB
2020-02-14 21:39:37,843 ==> Epoch[16](450/553): Loss: 0.0342
2020-02-14 21:39:37,845 Allocated:121.53369140625 MB
2020-02-14 21:39:37,845 Cached:6794.5 MB
2020-02-14 21:41:27,281 ==> Epoch[16](500/553): Loss: 0.0132
2020-02-14 21:41:27,282 Allocated:121.65869140625 MB
2020-02-14 21:41:27,282 Cached:6794.5 MB
2020-02-14 21:43:15,956 ==> Epoch[16](550/553): Loss: 0.0073
2020-02-14 21:43:15,958 Allocated:120.53369140625 MB
2020-02-14 21:43:15,958 Cached:6794.5 MB
2020-02-14 21:43:26,102 ===> Epoch 16 Complete: Avg. Loss: 0.1243
2020-02-14 21:43:26,104 ====> Extracting Features
2020-02-14 21:44:01,481 ==> Batch (50/108)
2020-02-14 21:44:24,513 ==> Batch (100/108)
2020-02-14 21:44:28,172 ====> Building faiss index
2020-02-14 21:44:28,174 ====> Calculating recall @ N
2020-02-14 21:44:28,713 ====> Recall@1: 0.5922
2020-02-14 21:44:28,714 ====> Recall@2: 0.6278
2020-02-14 21:44:28,714 ====> Recall@3: 0.6472
2020-02-14 21:44:28,715 ====> Recall@4: 0.6583
2020-02-14 21:44:28,715 ====> Recall@5: 0.6658
2020-02-14 21:44:28,715 ====> Recall@10: 0.6945
2020-02-14 21:44:28,715 ====> Recall@15: 0.7154
2020-02-14 21:44:28,716 ====> Recall@20: 0.7261
2020-02-14 21:44:28,716 ====> Recall@25: 0.7345
2020-02-14 21:44:29,073 ====> Building Cache
2020-02-14 21:44:29,073 feature cache--->>> /home/annora/NetVLAD/output/train_feat_cache2.hdf5
2020-02-14 21:45:45,767 Allocated:119.53369140625 MB
2020-02-14 21:45:45,767 Cached:4193.625 MB
2020-02-14 21:47:59,698 ==> Epoch[17](50/553): Loss: 0.3285
2020-02-14 21:47:59,699 Allocated:120.53369140625 MB
2020-02-14 21:47:59,699 Cached:4197.625 MB
2020-02-14 21:49:51,563 ==> Epoch[17](100/553): Loss: 0.2475
2020-02-14 21:49:51,564 Allocated:122.65869140625 MB
2020-02-14 21:49:51,565 Cached:4197.625 MB
2020-02-14 21:51:20,285 ==> Epoch[17](150/553): Loss: 0.2452
2020-02-14 21:51:20,287 Allocated:121.03369140625 MB
2020-02-14 21:51:20,287 Cached:4197.625 MB
2020-02-14 21:52:25,223 ====> Building Cache
2020-02-14 21:52:25,224 feature cache--->>> /home/annora/NetVLAD/output/train_feat_cache2.hdf5
2020-02-14 21:53:40,714 Allocated:120.908203125 MB
2020-02-14 21:53:40,714 Cached:2919.5 MB
2020-02-14 21:54:39,990 ==> Epoch[17](200/553): Loss: 0.2536
2020-02-14 21:54:39,991 Allocated:121.03369140625 MB
2020-02-14 21:54:39,992 Cached:2919.5 MB
2020-02-14 21:56:20,970 ==> Epoch[17](250/553): Loss: 0.1223
2020-02-14 21:56:20,971 Allocated:120.53369140625 MB
2020-02-14 21:56:20,971 Cached:5266.875 MB
2020-02-14 21:57:55,101 ==> Epoch[17](300/553): Loss: 0.0906
2020-02-14 21:57:55,102 Allocated:121.15869140625 MB
2020-02-14 21:57:55,103 Cached:5266.875 MB
2020-02-14 21:59:42,002 ==> Epoch[17](350/553): Loss: 0.1519
2020-02-14 21:59:42,003 Allocated:120.53369140625 MB
2020-02-14 21:59:42,004 Cached:5266.875 MB
2020-02-14 22:00:20,539 ====> Building Cache
2020-02-14 22:00:20,540 feature cache--->>> /home/annora/NetVLAD/output/train_feat_cache2.hdf5
2020-02-14 22:01:43,616 Allocated:121.908203125 MB
2020-02-14 22:01:43,617 Cached:2919.5 MB
2020-02-14 22:03:08,464 ==> Epoch[17](400/553): Loss: 0.1146
2020-02-14 22:03:08,465 Allocated:121.03369140625 MB
2020-02-14 22:03:08,466 Cached:2920.5 MB
2020-02-14 22:04:48,007 ==> Epoch[17](450/553): Loss: 0.0124
2020-02-14 22:04:48,008 Allocated:121.53369140625 MB
2020-02-14 22:04:48,008 Cached:2920.5 MB
2020-02-14 22:06:18,547 ==> Epoch[17](500/553): Loss: 0.1404
2020-02-14 22:06:18,549 Allocated:121.53369140625 MB
2020-02-14 22:06:18,549 Cached:2920.5 MB
2020-02-14 22:08:11,264 ==> Epoch[17](550/553): Loss: 0.1819
2020-02-14 22:08:11,265 Allocated:120.53369140625 MB
2020-02-14 22:08:11,266 Cached:2920.5 MB
2020-02-14 22:08:21,694 ===> Epoch 17 Complete: Avg. Loss: 0.1517
2020-02-14 22:08:21,696 ====> Extracting Features
2020-02-14 22:08:57,925 ==> Batch (50/108)
2020-02-14 22:09:20,697 ==> Batch (100/108)
2020-02-14 22:09:24,593 ====> Building faiss index
2020-02-14 22:09:24,594 ====> Calculating recall @ N
2020-02-14 22:09:25,158 ====> Recall@1: 0.5710
2020-02-14 22:09:25,159 ====> Recall@2: 0.6278
2020-02-14 22:09:25,159 ====> Recall@3: 0.6472
2020-02-14 22:09:25,160 ====> Recall@4: 0.6565
2020-02-14 22:09:25,160 ====> Recall@5: 0.6652
2020-02-14 22:09:25,160 ====> Recall@10: 0.6980
2020-02-14 22:09:25,160 ====> Recall@15: 0.7171
2020-02-14 22:09:25,160 ====> Recall@20: 0.7252
2020-02-14 22:09:25,161 ====> Recall@25: 0.7333
2020-02-14 22:09:25,502 ====> Building Cache
2020-02-14 22:09:25,502 feature cache--->>> /home/annora/NetVLAD/output/train_feat_cache2.hdf5
2020-02-14 22:10:42,940 Allocated:119.90869140625 MB
2020-02-14 22:10:42,940 Cached:4245.75 MB
2020-02-14 22:12:47,522 ==> Epoch[18](50/553): Loss: 0.1240
2020-02-14 22:12:47,523 Allocated:121.03369140625 MB
2020-02-14 22:12:47,523 Cached:5385.875 MB
2020-02-14 22:14:39,632 ==> Epoch[18](100/553): Loss: 0.0512
2020-02-14 22:14:39,633 Allocated:122.03369140625 MB
2020-02-14 22:14:39,633 Cached:5385.875 MB
2020-02-14 22:16:16,350 ==> Epoch[18](150/553): Loss: 0.0531
2020-02-14 22:16:16,352 Allocated:121.53369140625 MB
2020-02-14 22:16:16,352 Cached:5385.875 MB
2020-02-14 22:17:22,958 ====> Building Cache
2020-02-14 22:17:22,959 feature cache--->>> /home/annora/NetVLAD/output/train_feat_cache2.hdf5
2020-02-14 22:18:38,046 Allocated:121.533203125 MB
2020-02-14 22:18:38,046 Cached:2972.625 MB
2020-02-14 22:19:33,625 ==> Epoch[18](200/553): Loss: 0.1360
2020-02-14 22:19:33,626 Allocated:120.78369140625 MB
2020-02-14 22:19:33,626 Cached:2972.625 MB
2020-02-14 22:21:11,527 ==> Epoch[18](250/553): Loss: 0.1048
2020-02-14 22:21:11,529 Allocated:120.90869140625 MB
2020-02-14 22:21:11,529 Cached:5310.5 MB
2020-02-14 22:22:50,536 ==> Epoch[18](300/553): Loss: 0.1339
2020-02-14 22:22:50,537 Allocated:121.53369140625 MB
2020-02-14 22:22:50,538 Cached:5310.5 MB
2020-02-14 22:24:32,353 ==> Epoch[18](350/553): Loss: 0.1716
2020-02-14 22:24:32,354 Allocated:120.90869140625 MB
2020-02-14 22:24:32,355 Cached:5310.5 MB
2020-02-14 22:25:12,399 ====> Building Cache
2020-02-14 22:25:12,400 feature cache--->>> /home/annora/NetVLAD/output/train_feat_cache2.hdf5
2020-02-14 22:26:30,113 Allocated:121.533203125 MB
2020-02-14 22:26:30,114 Cached:2919.5 MB
2020-02-14 22:28:03,016 ==> Epoch[18](400/553): Loss: 0.0127
2020-02-14 22:28:03,019 Allocated:121.53369140625 MB
2020-02-14 22:28:03,019 Cached:4282.5 MB
2020-02-14 22:29:58,412 ==> Epoch[18](450/553): Loss: 0.0504
2020-02-14 22:29:58,413 Allocated:120.53369140625 MB
2020-02-14 22:29:58,413 Cached:4282.5 MB
2020-02-14 22:31:49,563 ==> Epoch[18](500/553): Loss: 0.0288
2020-02-14 22:31:49,565 Allocated:120.53369140625 MB
2020-02-14 22:31:49,565 Cached:4282.5 MB
2020-02-14 22:33:34,852 ==> Epoch[18](550/553): Loss: 0.0183
2020-02-14 22:33:34,854 Allocated:121.53369140625 MB
2020-02-14 22:33:34,854 Cached:4282.5 MB
2020-02-14 22:33:45,973 ===> Epoch 18 Complete: Avg. Loss: 0.0864
2020-02-14 22:33:45,975 ====> Extracting Features
2020-02-14 22:34:19,931 ==> Batch (50/108)
2020-02-14 22:34:39,994 ==> Batch (100/108)
2020-02-14 22:34:43,222 ====> Building faiss index
2020-02-14 22:34:43,224 ====> Calculating recall @ N
2020-02-14 22:34:43,798 ====> Recall@1: 0.5652
2020-02-14 22:34:43,799 ====> Recall@2: 0.6229
2020-02-14 22:34:43,800 ====> Recall@3: 0.6417
2020-02-14 22:34:43,800 ====> Recall@4: 0.6528
2020-02-14 22:34:43,801 ====> Recall@5: 0.6629
2020-02-14 22:34:43,801 ====> Recall@10: 0.6962
2020-02-14 22:34:43,801 ====> Recall@15: 0.7128
2020-02-14 22:34:43,801 ====> Recall@20: 0.7261
2020-02-14 22:34:43,802 ====> Recall@25: 0.7403
2020-02-14 22:34:44,414 ====> Building Cache
2020-02-14 22:34:44,415 feature cache--->>> /home/annora/NetVLAD/output/train_feat_cache2.hdf5
2020-02-14 22:36:05,199 Allocated:119.65869140625 MB
2020-02-14 22:36:05,199 Cached:4192.625 MB
2020-02-14 22:37:59,323 ==> Epoch[19](50/553): Loss: 0.2000
2020-02-14 22:37:59,325 Allocated:121.53369140625 MB
2020-02-14 22:37:59,325 Cached:4197.625 MB
2020-02-14 22:39:22,066 ==> Epoch[19](100/553): Loss: 0.1209
2020-02-14 22:39:22,068 Allocated:121.03369140625 MB
2020-02-14 22:39:22,068 Cached:4198.625 MB
2020-02-14 22:40:51,140 ==> Epoch[19](150/553): Loss: 0.1903
2020-02-14 22:40:51,141 Allocated:121.53369140625 MB
2020-02-14 22:40:51,141 Cached:4198.625 MB
2020-02-14 22:41:53,896 ====> Building Cache
2020-02-14 22:41:53,896 feature cache--->>> /home/annora/NetVLAD/output/train_feat_cache2.hdf5
2020-02-14 22:43:09,890 Allocated:120.533203125 MB
2020-02-14 22:43:09,891 Cached:2919.5 MB
2020-02-14 22:44:15,496 ==> Epoch[19](200/553): Loss: 0.2700
2020-02-14 22:44:15,498 Allocated:121.53369140625 MB
2020-02-14 22:44:15,498 Cached:6794.5 MB
2020-02-14 22:46:34,432 ==> Epoch[19](250/553): Loss: 0.0295
2020-02-14 22:46:34,434 Allocated:121.65869140625 MB
2020-02-14 22:46:34,434 Cached:6794.5 MB
2020-02-14 22:48:41,170 ==> Epoch[19](300/553): Loss: 0.0526
2020-02-14 22:48:41,172 Allocated:120.53369140625 MB
2020-02-14 22:48:41,172 Cached:6794.5 MB
2020-02-14 22:50:32,847 ==> Epoch[19](350/553): Loss: 0.1238
2020-02-14 22:50:32,849 Allocated:121.53369140625 MB
2020-02-14 22:50:32,849 Cached:6794.5 MB
2020-02-14 22:51:12,058 ====> Building Cache
2020-02-14 22:51:12,059 feature cache--->>> /home/annora/NetVLAD/output/train_feat_cache2.hdf5
2020-02-14 22:52:32,405 Allocated:121.658203125 MB
2020-02-14 22:52:32,405 Cached:2919.5 MB
2020-02-14 22:54:08,567 ==> Epoch[19](400/553): Loss: 0.0392
2020-02-14 22:54:08,568 Allocated:121.03369140625 MB
2020-02-14 22:54:08,569 Cached:2920.5 MB
2020-02-14 22:55:45,201 ==> Epoch[19](450/553): Loss: 0.2119
2020-02-14 22:55:45,202 Allocated:121.15869140625 MB
2020-02-14 22:55:45,202 Cached:4074.625 MB
2020-02-14 22:57:41,783 ==> Epoch[19](500/553): Loss: 0.0743
2020-02-14 22:57:41,785 Allocated:121.03369140625 MB
2020-02-14 22:57:41,785 Cached:4074.625 MB
2020-02-14 22:59:13,824 ==> Epoch[19](550/553): Loss: 0.1920
2020-02-14 22:59:13,825 Allocated:120.65869140625 MB
2020-02-14 22:59:13,825 Cached:5231.875 MB
2020-02-14 22:59:23,757 ===> Epoch 19 Complete: Avg. Loss: 0.1327
2020-02-14 22:59:23,758 ====> Extracting Features
2020-02-14 22:59:58,417 ==> Batch (50/108)
2020-02-14 23:00:22,418 ==> Batch (100/108)
2020-02-14 23:00:23,578 ====> Building faiss index
2020-02-14 23:00:23,583 ====> Calculating recall @ N
2020-02-14 23:00:24,129 ====> Recall@1: 0.5693
2020-02-14 23:00:24,129 ====> Recall@2: 0.6290
2020-02-14 23:00:24,130 ====> Recall@3: 0.6467
2020-02-14 23:00:24,130 ====> Recall@4: 0.6583
2020-02-14 23:00:24,130 ====> Recall@5: 0.6684
2020-02-14 23:00:24,130 ====> Recall@10: 0.6988
2020-02-14 23:00:24,131 ====> Recall@15: 0.7133
2020-02-14 23:00:24,131 ====> Recall@20: 0.7275
2020-02-14 23:00:24,131 ====> Recall@25: 0.7362
2020-02-14 23:00:24,478 ====> Building Cache
2020-02-14 23:00:24,479 feature cache--->>> /home/annora/NetVLAD/output/train_feat_cache2.hdf5
2020-02-14 23:01:41,980 Allocated:119.65869140625 MB
2020-02-14 23:01:41,980 Cached:4246.75 MB
2020-02-14 23:03:46,314 ==> Epoch[20](50/553): Loss: 0.0621
2020-02-14 23:03:46,315 Allocated:121.53369140625 MB
2020-02-14 23:03:46,315 Cached:7735.5 MB
2020-02-14 23:05:19,456 ==> Epoch[20](100/553): Loss: 0.0385
2020-02-14 23:05:19,457 Allocated:121.28369140625 MB
2020-02-14 23:05:19,457 Cached:8947.0 MB
2020-02-14 23:06:59,704 ==> Epoch[20](150/553): Loss: 0.1534
2020-02-14 23:06:59,705 Allocated:120.53369140625 MB
2020-02-14 23:06:59,705 Cached:8947.0 MB
2020-02-14 23:08:21,221 ====> Building Cache
2020-02-14 23:08:21,222 feature cache--->>> /home/annora/NetVLAD/output/train_feat_cache2.hdf5
2020-02-14 23:09:36,464 Allocated:121.158203125 MB
2020-02-14 23:09:36,465 Cached:2919.5 MB
2020-02-14 23:10:31,285 ==> Epoch[20](200/553): Loss: 0.2263
2020-02-14 23:10:31,287 Allocated:121.28369140625 MB
2020-02-14 23:10:31,287 Cached:2919.5 MB
2020-02-14 23:12:07,990 ==> Epoch[20](250/553): Loss: 0.1896
2020-02-14 23:12:07,991 Allocated:121.90869140625 MB
2020-02-14 23:12:07,992 Cached:2920.5 MB
2020-02-14 23:13:51,717 ==> Epoch[20](300/553): Loss: 0.2673
2020-02-14 23:13:51,718 Allocated:121.90869140625 MB
2020-02-14 23:13:51,718 Cached:4068.25 MB
2020-02-14 23:15:29,099 ==> Epoch[20](350/553): Loss: 0.2394
2020-02-14 23:15:29,101 Allocated:121.15869140625 MB
2020-02-14 23:15:29,101 Cached:4071.25 MB
2020-02-14 23:16:05,194 ====> Building Cache
2020-02-14 23:16:05,194 feature cache--->>> /home/annora/NetVLAD/output/train_feat_cache2.hdf5
2020-02-14 23:17:20,483 Allocated:120.783203125 MB
2020-02-14 23:17:20,484 Cached:2919.5 MB
2020-02-14 23:18:55,090 ==> Epoch[20](400/553): Loss: 0.0002
2020-02-14 23:18:55,091 Allocated:120.53369140625 MB
2020-02-14 23:18:55,092 Cached:6793.5 MB
2020-02-14 23:20:48,156 ==> Epoch[20](450/553): Loss: 0.0362
2020-02-14 23:20:48,157 Allocated:121.53369140625 MB
2020-02-14 23:20:48,158 Cached:6793.5 MB
2020-02-14 23:22:34,758 ==> Epoch[20](500/553): Loss: 0.0299
2020-02-14 23:22:34,760 Allocated:121.65869140625 MB
2020-02-14 23:22:34,760 Cached:6793.5 MB
2020-02-14 23:24:26,224 ==> Epoch[20](550/553): Loss: 0.0325
2020-02-14 23:24:26,225 Allocated:120.53369140625 MB
2020-02-14 23:24:26,226 Cached:6793.5 MB
2020-02-14 23:24:39,256 ===> Epoch 20 Complete: Avg. Loss: 0.1100
2020-02-14 23:24:39,257 ====> Extracting Features
2020-02-14 23:25:12,199 ==> Batch (50/108)
2020-02-14 23:25:31,769 ==> Batch (100/108)
2020-02-14 23:25:34,948 ====> Building faiss index
2020-02-14 23:25:34,950 ====> Calculating recall @ N
2020-02-14 23:25:35,472 ====> Recall@1: 0.5954
2020-02-14 23:25:35,473 ====> Recall@2: 0.6270
2020-02-14 23:25:35,473 ====> Recall@3: 0.6438
2020-02-14 23:25:35,473 ====> Recall@4: 0.6539
2020-02-14 23:25:35,474 ====> Recall@5: 0.6643
2020-02-14 23:25:35,474 ====> Recall@10: 0.7012
2020-02-14 23:25:35,474 ====> Recall@15: 0.7159
2020-02-14 23:25:35,474 ====> Recall@20: 0.7293
2020-02-14 23:25:35,474 ====> Recall@25: 0.7388
2020-02-14 23:25:35,855 ====> Building Cache
2020-02-14 23:25:35,855 feature cache--->>> /home/annora/NetVLAD/output/train_feat_cache2.hdf5
2020-02-14 23:27:01,245 Allocated:119.53369140625 MB
2020-02-14 23:27:01,246 Cached:4192.625 MB
2020-02-14 23:28:58,047 ==> Epoch[21](50/553): Loss: 0.0906
2020-02-14 23:28:58,048 Allocated:121.53369140625 MB
2020-02-14 23:28:58,049 Cached:4193.625 MB
2020-02-14 23:30:28,547 ==> Epoch[21](100/553): Loss: 0.1657
2020-02-14 23:30:28,549 Allocated:120.53369140625 MB
2020-02-14 23:30:28,549 Cached:4193.625 MB
2020-02-14 23:31:57,411 ==> Epoch[21](150/553): Loss: 0.0473
2020-02-14 23:31:57,412 Allocated:120.90869140625 MB
2020-02-14 23:31:57,413 Cached:4193.625 MB
2020-02-14 23:33:11,191 ====> Building Cache
2020-02-14 23:33:11,192 feature cache--->>> /home/annora/NetVLAD/output/train_feat_cache2.hdf5
2020-02-14 23:34:32,233 Allocated:120.783203125 MB
2020-02-14 23:34:32,233 Cached:2928.25 MB
2020-02-14 23:35:38,858 ==> Epoch[21](200/553): Loss: 0.1195
2020-02-14 23:35:38,860 Allocated:121.03369140625 MB
2020-02-14 23:35:38,860 Cached:6803.25 MB
2020-02-14 23:37:39,766 ==> Epoch[21](250/553): Loss: 0.0747
2020-02-14 23:37:39,768 Allocated:120.53369140625 MB
2020-02-14 23:37:39,768 Cached:6803.25 MB
2020-02-14 23:39:26,368 ==> Epoch[21](300/553): Loss: 0.0696
2020-02-14 23:39:26,370 Allocated:122.53369140625 MB
2020-02-14 23:39:26,370 Cached:6803.25 MB
2020-02-14 23:41:20,739 ==> Epoch[21](350/553): Loss: 0.0846
2020-02-14 23:41:20,740 Allocated:121.03369140625 MB
2020-02-14 23:41:20,740 Cached:6803.25 MB
2020-02-14 23:42:06,689 ====> Building Cache
2020-02-14 23:42:06,690 feature cache--->>> /home/annora/NetVLAD/output/train_feat_cache2.hdf5
2020-02-14 23:43:21,654 Allocated:120.533203125 MB
2020-02-14 23:43:21,654 Cached:2919.5 MB
2020-02-14 23:44:41,840 ==> Epoch[21](400/553): Loss: 0.1582
2020-02-14 23:44:41,842 Allocated:121.15869140625 MB
2020-02-14 23:44:41,842 Cached:2924.5 MB
2020-02-14 23:46:21,457 ==> Epoch[21](450/553): Loss: 0.1549
2020-02-14 23:46:21,458 Allocated:123.28369140625 MB
2020-02-14 23:46:21,458 Cached:2924.5 MB
2020-02-14 23:47:48,426 ==> Epoch[21](500/553): Loss: 0.3098
2020-02-14 23:47:48,427 Allocated:120.90869140625 MB
2020-02-14 23:47:48,427 Cached:2924.5 MB
2020-02-14 23:49:20,148 ==> Epoch[21](550/553): Loss: 0.1534
2020-02-14 23:49:20,150 Allocated:121.28369140625 MB
2020-02-14 23:49:20,151 Cached:2924.5 MB
2020-02-14 23:49:29,601 ===> Epoch 21 Complete: Avg. Loss: 0.1031
2020-02-14 23:49:29,602 ====> Extracting Features
2020-02-14 23:50:03,897 ==> Batch (50/108)
2020-02-14 23:50:24,619 ==> Batch (100/108)
2020-02-14 23:50:27,606 ====> Building faiss index
2020-02-14 23:50:27,608 ====> Calculating recall @ N
2020-02-14 23:50:28,131 ====> Recall@1: 0.5936
2020-02-14 23:50:28,132 ====> Recall@2: 0.6278
2020-02-14 23:50:28,132 ====> Recall@3: 0.6484
2020-02-14 23:50:28,133 ====> Recall@4: 0.6603
2020-02-14 23:50:28,133 ====> Recall@5: 0.6693
2020-02-14 23:50:28,133 ====> Recall@10: 0.7000
2020-02-14 23:50:28,133 ====> Recall@15: 0.7136
2020-02-14 23:50:28,134 ====> Recall@20: 0.7249
2020-02-14 23:50:28,134 ====> Recall@25: 0.7336
2020-02-14 23:50:28,464 ====> Building Cache
2020-02-14 23:50:28,464 feature cache--->>> /home/annora/NetVLAD/output/train_feat_cache2.hdf5
2020-02-14 23:51:46,537 Allocated:119.03369140625 MB
2020-02-14 23:51:46,537 Cached:4192.625 MB
2020-02-14 23:53:49,425 ==> Epoch[22](50/553): Loss: 0.0246
2020-02-14 23:53:49,426 Allocated:122.65869140625 MB
2020-02-14 23:53:49,427 Cached:4193.625 MB
2020-02-14 23:55:43,227 ==> Epoch[22](100/553): Loss: 0.0586
2020-02-14 23:55:43,227 Allocated:122.03369140625 MB
2020-02-14 23:55:43,228 Cached:4194.625 MB
2020-02-14 23:57:26,695 ==> Epoch[22](150/553): Loss: 0.0868
2020-02-14 23:57:26,696 Allocated:120.53369140625 MB
2020-02-14 23:57:26,696 Cached:4194.625 MB
2020-02-14 23:58:33,121 ====> Building Cache
2020-02-14 23:58:33,121 feature cache--->>> /home/annora/NetVLAD/output/train_feat_cache2.hdf5
2020-02-14 23:59:47,844 Allocated:121.658203125 MB
2020-02-14 23:59:47,844 Cached:2919.5 MB
2020-02-15 00:00:43,600 ==> Epoch[22](200/553): Loss: 0.0342
2020-02-15 00:00:43,601 Allocated:121.15869140625 MB
2020-02-15 00:00:43,601 Cached:2920.5 MB
2020-02-15 00:02:22,629 ==> Epoch[22](250/553): Loss: 0.1451
2020-02-15 00:02:22,630 Allocated:121.53369140625 MB
2020-02-15 00:02:22,630 Cached:2920.5 MB
2020-02-15 00:03:53,712 ==> Epoch[22](300/553): Loss: 0.1468
2020-02-15 00:03:53,714 Allocated:121.90869140625 MB
2020-02-15 00:03:53,714 Cached:2920.5 MB
2020-02-15 00:05:30,229 ==> Epoch[22](350/553): Loss: 0.1003
2020-02-15 00:05:30,230 Allocated:122.03369140625 MB
2020-02-15 00:05:30,230 Cached:5184.125 MB
2020-02-15 00:06:05,169 ====> Building Cache
2020-02-15 00:06:05,170 feature cache--->>> /home/annora/NetVLAD/output/train_feat_cache2.hdf5
2020-02-15 00:07:19,935 Allocated:121.533203125 MB
2020-02-15 00:07:19,935 Cached:2919.5 MB
2020-02-15 00:08:59,335 ==> Epoch[22](400/553): Loss: 0.0167
2020-02-15 00:08:59,336 Allocated:121.53369140625 MB
2020-02-15 00:08:59,337 Cached:6793.5 MB
2020-02-15 00:10:55,794 ==> Epoch[22](450/553): Loss: 0.0132
2020-02-15 00:10:55,796 Allocated:120.53369140625 MB
2020-02-15 00:10:55,796 Cached:6793.5 MB
2020-02-15 00:12:46,820 ==> Epoch[22](500/553): Loss: 0.0080
2020-02-15 00:12:46,822 Allocated:121.03369140625 MB
2020-02-15 00:12:46,822 Cached:6793.5 MB
2020-02-15 00:14:39,189 ==> Epoch[22](550/553): Loss: 0.0333
2020-02-15 00:14:39,191 Allocated:120.53369140625 MB
2020-02-15 00:14:39,191 Cached:6793.5 MB
2020-02-15 00:14:52,177 ===> Epoch 22 Complete: Avg. Loss: 0.0879
2020-02-15 00:14:52,178 ====> Extracting Features
2020-02-15 00:15:24,700 ==> Batch (50/108)
2020-02-15 00:15:44,522 ==> Batch (100/108)
2020-02-15 00:15:48,053 ====> Building faiss index
2020-02-15 00:15:48,063 ====> Calculating recall @ N
2020-02-15 00:15:48,556 ====> Recall@1: 0.5945
2020-02-15 00:15:48,557 ====> Recall@2: 0.6272
2020-02-15 00:15:48,557 ====> Recall@3: 0.6475
2020-02-15 00:15:48,558 ====> Recall@4: 0.6617
2020-02-15 00:15:48,558 ====> Recall@5: 0.6710
2020-02-15 00:15:48,558 ====> Recall@10: 0.6994
2020-02-15 00:15:48,558 ====> Recall@15: 0.7162
2020-02-15 00:15:48,559 ====> Recall@20: 0.7278
2020-02-15 00:15:48,559 ====> Recall@25: 0.7342
2020-02-15 00:15:49,140 ====> Building Cache
2020-02-15 00:15:49,140 feature cache--->>> /home/annora/NetVLAD/output/train_feat_cache2.hdf5
2020-02-15 00:17:12,246 Allocated:120.53369140625 MB
2020-02-15 00:17:12,247 Cached:4193.625 MB
2020-02-15 00:19:05,293 ==> Epoch[23](50/553): Loss: 0.3357
2020-02-15 00:19:05,295 Allocated:121.28369140625 MB
2020-02-15 00:19:05,295 Cached:4197.625 MB
2020-02-15 00:20:31,262 ==> Epoch[23](100/553): Loss: 0.0927
2020-02-15 00:20:31,263 Allocated:120.90869140625 MB
2020-02-15 00:20:31,264 Cached:4197.625 MB
2020-02-15 00:22:44,677 ====> Building Cache
2020-02-15 00:22:44,678 feature cache--->>> /home/annora/NetVLAD/output/train_feat_cache2.hdf5
2020-02-15 00:24:06,987 Allocated:120.908203125 MB
2020-02-15 00:24:06,988 Cached:2919.5 MB
2020-02-15 00:25:16,104 ==> Epoch[23](200/553): Loss: 0.1029
2020-02-15 00:25:16,105 Allocated:120.90869140625 MB
2020-02-15 00:25:16,105 Cached:6793.5 MB
2020-02-15 00:27:27,907 ==> Epoch[23](250/553): Loss: 0.0512
2020-02-15 00:27:27,908 Allocated:121.78369140625 MB
2020-02-15 00:27:27,908 Cached:6793.5 MB
2020-02-15 00:29:15,798 ==> Epoch[23](300/553): Loss: 0.0634
2020-02-15 00:29:15,799 Allocated:122.03369140625 MB
2020-02-15 00:29:15,800 Cached:6793.5 MB
2020-02-15 00:30:57,638 ==> Epoch[23](350/553): Loss: 0.0357
2020-02-15 00:30:57,640 Allocated:120.90869140625 MB
2020-02-15 00:30:57,640 Cached:6793.5 MB
2020-02-15 00:31:48,450 ====> Building Cache
2020-02-15 00:31:48,450 feature cache--->>> /home/annora/NetVLAD/output/train_feat_cache2.hdf5
2020-02-15 00:33:05,825 Allocated:121.783203125 MB
2020-02-15 00:33:05,826 Cached:2919.5 MB
2020-02-15 00:34:26,468 ==> Epoch[23](400/553): Loss: 0.0067
2020-02-15 00:34:26,470 Allocated:121.15869140625 MB
2020-02-15 00:34:26,470 Cached:4048.125 MB
2020-02-15 00:36:09,309 ==> Epoch[23](450/553): Loss: 0.1031
2020-02-15 00:36:09,311 Allocated:121.15869140625 MB
2020-02-15 00:36:09,311 Cached:4049.125 MB
2020-02-15 00:37:43,733 ==> Epoch[23](500/553): Loss: 0.1540
2020-02-15 00:37:43,734 Allocated:120.53369140625 MB
2020-02-15 00:37:43,734 Cached:4049.125 MB
2020-02-15 00:39:20,241 ==> Epoch[23](550/553): Loss: 0.0761
2020-02-15 00:39:20,243 Allocated:121.90869140625 MB
2020-02-15 00:39:20,243 Cached:4049.125 MB
2020-02-15 00:39:29,739 ===> Epoch 23 Complete: Avg. Loss: 0.1233
2020-02-15 00:39:29,741 ====> Extracting Features
2020-02-15 00:40:05,127 ==> Batch (50/108)
2020-02-15 00:40:25,463 ==> Batch (100/108)
2020-02-15 00:40:28,782 ====> Building faiss index
2020-02-15 00:40:28,783 ====> Calculating recall @ N
2020-02-15 00:40:29,273 ====> Recall@1: 0.5919
2020-02-15 00:40:29,274 ====> Recall@2: 0.6267
2020-02-15 00:40:29,274 ====> Recall@3: 0.6504
2020-02-15 00:40:29,274 ====> Recall@4: 0.6597
2020-02-15 00:40:29,275 ====> Recall@5: 0.6707
2020-02-15 00:40:29,275 ====> Recall@10: 0.7000
2020-02-15 00:40:29,275 ====> Recall@15: 0.7183
2020-02-15 00:40:29,275 ====> Recall@20: 0.7275
2020-02-15 00:40:29,276 ====> Recall@25: 0.7359
2020-02-15 00:40:29,622 ====> Building Cache
2020-02-15 00:40:29,622 feature cache--->>> /home/annora/NetVLAD/output/train_feat_cache2.hdf5
2020-02-15 00:41:44,705 Allocated:119.03369140625 MB
2020-02-15 00:41:44,706 Cached:4192.625 MB
2020-02-15 00:43:58,121 ==> Epoch[24](50/553): Loss: 0.0692
2020-02-15 00:43:58,122 Allocated:121.15869140625 MB
2020-02-15 00:43:58,123 Cached:4194.625 MB
2020-02-15 00:45:29,761 ==> Epoch[24](100/553): Loss: 0.0268
2020-02-15 00:45:29,762 Allocated:121.03369140625 MB
2020-02-15 00:45:29,763 Cached:4194.625 MB
2020-02-15 00:46:59,181 ==> Epoch[24](150/553): Loss: 0.0948
2020-02-15 00:46:59,182 Allocated:120.53369140625 MB
2020-02-15 00:46:59,182 Cached:4194.625 MB
2020-02-15 00:48:03,149 ====> Building Cache
2020-02-15 00:48:03,150 feature cache--->>> /home/annora/NetVLAD/output/train_feat_cache2.hdf5
2020-02-15 00:49:23,034 Allocated:121.158203125 MB
2020-02-15 00:49:23,034 Cached:2919.5 MB
2020-02-15 00:50:16,507 ==> Epoch[24](200/553): Loss: 0.1897
2020-02-15 00:50:16,508 Allocated:122.15869140625 MB
2020-02-15 00:50:16,509 Cached:2919.5 MB
2020-02-15 00:51:48,953 ==> Epoch[24](250/553): Loss: 0.2535
2020-02-15 00:51:48,955 Allocated:121.28369140625 MB
2020-02-15 00:51:48,955 Cached:2920.5 MB
2020-02-15 00:53:29,513 ==> Epoch[24](300/553): Loss: 0.1911
2020-02-15 00:53:29,514 Allocated:121.53369140625 MB
2020-02-15 00:53:29,514 Cached:2920.5 MB
2020-02-15 00:55:26,812 ==> Epoch[24](350/553): Loss: 0.1374
2020-02-15 00:55:26,813 Allocated:121.03369140625 MB
2020-02-15 00:55:26,813 Cached:2920.5 MB
2020-02-15 00:56:09,705 ====> Building Cache
2020-02-15 00:56:09,706 feature cache--->>> /home/annora/NetVLAD/output/train_feat_cache2.hdf5
2020-02-15 00:57:24,542 Allocated:120.658203125 MB
2020-02-15 00:57:24,543 Cached:2972.625 MB
2020-02-15 00:58:55,026 ==> Epoch[24](400/553): Loss: 0.0450
2020-02-15 00:58:55,028 Allocated:122.28369140625 MB
2020-02-15 00:58:55,028 Cached:4188.25 MB
2020-02-15 01:00:51,066 ==> Epoch[24](450/553): Loss: 0.0483
2020-02-15 01:00:51,067 Allocated:121.28369140625 MB
2020-02-15 01:00:51,067 Cached:4188.25 MB
2020-02-15 01:02:38,856 ==> Epoch[24](500/553): Loss: 0.0668
2020-02-15 01:02:38,857 Allocated:122.53369140625 MB
2020-02-15 01:02:38,857 Cached:4188.25 MB
2020-02-15 01:04:13,060 ==> Epoch[24](550/553): Loss: 0.0494
2020-02-15 01:04:13,062 Allocated:122.65869140625 MB
2020-02-15 01:04:13,062 Cached:4188.25 MB
2020-02-15 01:04:22,261 ===> Epoch 24 Complete: Avg. Loss: 0.1189
2020-02-15 01:04:22,262 ====> Extracting Features
2020-02-15 01:04:54,454 ==> Batch (50/108)
2020-02-15 01:05:14,816 ==> Batch (100/108)
2020-02-15 01:05:18,272 ====> Building faiss index
2020-02-15 01:05:18,274 ====> Calculating recall @ N
2020-02-15 01:05:18,756 ====> Recall@1: 0.5942
2020-02-15 01:05:18,757 ====> Recall@2: 0.6258
2020-02-15 01:05:18,757 ====> Recall@3: 0.6432
2020-02-15 01:05:18,758 ====> Recall@4: 0.6562
2020-02-15 01:05:18,758 ====> Recall@5: 0.6635
2020-02-15 01:05:18,758 ====> Recall@10: 0.6977
2020-02-15 01:05:18,758 ====> Recall@15: 0.7151
2020-02-15 01:05:18,758 ====> Recall@20: 0.7264
2020-02-15 01:05:18,759 ====> Recall@25: 0.7354
2020-02-15 01:05:19,106 Performance did not improve for 10 epochs. Stopping.
2020-02-15 01:05:19,106 => Best Recall@5: 0.6800
2020-02-15 01:10:19,207 Finished...