2020-01-28 12:59:46,730 Namespace(arch='alexnet', batchSize=12, cacheBatchSize=96, cachePath='/home/annora/NetVLAD/output/', cacheRefreshRate=3000, ckpt='best', contilearn=True, dataPath='/home/annora/NetVLAD/output/data/', dataset='robotcar', evalEvery=1, fromscratch=True, fromtask='', lr=0.001, lrGamma=0.5, lrStep=5, margin=0.1, mode='train', momentum=0.9, nEpochs=30, nGPU=1, nocuda=False, num_clusters=64, optim='SGD', patience=10, pooling='netvlad', premodel='imagenet', resume='', runsPath='/home/annora/NetVLAD/output/runs/', savePath='checkpoints', seed=123, split='val', start_epoch=0, threads=8, vladv2=False, weightDecay=0.001)
2020-01-28 12:59:46,767 ===> Loading dataset(s)
2020-01-28 12:59:46,767 trainfile ------>>>>>> oxRobocar_doubleN_train.mat
2020-01-28 12:59:49,701 ====> Training set: oxRobocar_doubleN_train.mat, query set count: 6404
2020-01-28 12:59:49,825 ===> Evaluating on val set: oxRobocar_doubleN_val.mat, query count: 3450
2020-01-28 12:59:49,825 ===> Building model
2020-01-28 12:59:49,882 encoder moder:
AlexNet(
  (conv1): Sequential(
    (0): Conv2d(3, 64, kernel_size=(11, 11), stride=(4, 4), padding=(2, 2))
    (1): ReLU(inplace)
    (2): MaxPool2d(kernel_size=3, stride=2, padding=0, dilation=1, ceil_mode=False)
  )
  (conv2): Sequential(
    (0): Conv2d(64, 192, kernel_size=(5, 5), stride=(1, 1), padding=(2, 2))
    (1): ReLU(inplace)
    (2): MaxPool2d(kernel_size=3, stride=2, padding=0, dilation=1, ceil_mode=False)
  )
  (conv3): Sequential(
    (0): Conv2d(192, 384, kernel_size=(3, 3), stride=(1, 1), padding=(1, 1))
    (1): ReLU(inplace)
  )
  (conv4): Sequential(
    (0): Conv2d(384, 256, kernel_size=(3, 3), stride=(1, 1), padding=(1, 1))
    (1): ReLU(inplace)
  )
  (conv5): Sequential(
    (0): Conv2d(256, 256, kernel_size=(3, 3), stride=(1, 1), padding=(1, 1))
  )
)
2020-01-28 12:59:54,473 ===> Training model
2020-01-28 12:59:54,476 ===> Saving state to: /home/annora/NetVLAD/output/runs/2020-01-28-12-59-54_alexnet_netvlad
2020-01-28 12:59:54,512 ====> Building Cache
2020-01-28 12:59:54,513 feature cache--->>> /home/annora/NetVLAD/output/train_feat_cache0.hdf5
2020-01-28 13:01:25,563 Allocated:99.47119140625 MB
2020-01-28 13:01:25,564 Cached:2864.375 MB
2020-01-28 13:04:30,551 ==> Epoch[1](50/534): Loss: 0.2865
2020-01-28 13:04:30,554 Allocated:121.28369140625 MB
2020-01-28 13:04:30,555 Cached:6757.375 MB
2020-01-28 13:06:51,581 ==> Epoch[1](100/534): Loss: 0.2561
2020-01-28 13:06:51,582 Allocated:121.53369140625 MB
2020-01-28 13:06:51,583 Cached:6757.375 MB
2020-01-28 13:09:14,310 ==> Epoch[1](150/534): Loss: 0.1633
2020-01-28 13:09:14,311 Allocated:122.28369140625 MB
2020-01-28 13:09:14,311 Cached:6757.375 MB
2020-01-28 13:10:30,621 ====> Building Cache
2020-01-28 13:10:30,622 feature cache--->>> /home/annora/NetVLAD/output/train_feat_cache0.hdf5
2020-01-28 13:11:59,561 Allocated:121.283203125 MB
2020-01-28 13:11:59,561 Cached:3387.25 MB
2020-01-28 13:13:44,325 ==> Epoch[1](200/534): Loss: 0.2550
2020-01-28 13:13:44,327 Allocated:121.53369140625 MB
2020-01-28 13:13:44,327 Cached:7278.25 MB
2020-01-28 13:16:00,076 ==> Epoch[1](250/534): Loss: 0.1698
2020-01-28 13:16:00,078 Allocated:121.53369140625 MB
2020-01-28 13:16:00,078 Cached:7278.25 MB
2020-01-28 13:18:15,715 ==> Epoch[1](300/534): Loss: 0.1848
2020-01-28 13:18:15,717 Allocated:121.53369140625 MB
2020-01-28 13:18:15,718 Cached:7278.25 MB
2020-01-28 13:20:32,928 ==> Epoch[1](350/534): Loss: 0.2101
2020-01-28 13:20:32,930 Allocated:121.53369140625 MB
2020-01-28 13:20:32,930 Cached:7278.25 MB
2020-01-28 13:20:48,227 ====> Building Cache
2020-01-28 13:20:48,228 feature cache--->>> /home/annora/NetVLAD/output/train_feat_cache0.hdf5
2020-01-28 13:22:22,967 Allocated:121.283203125 MB
2020-01-28 13:22:22,967 Cached:3387.25 MB
2020-01-28 13:25:20,593 ==> Epoch[1](400/534): Loss: 0.1780
2020-01-28 13:25:20,597 Allocated:122.03369140625 MB
2020-01-28 13:25:20,599 Cached:7278.25 MB
2020-01-28 13:27:39,963 ==> Epoch[1](450/534): Loss: 0.1677
2020-01-28 13:27:39,966 Allocated:121.28369140625 MB
2020-01-28 13:27:39,966 Cached:7278.25 MB
2020-01-28 13:29:55,715 ==> Epoch[1](500/534): Loss: 0.0811
2020-01-28 13:29:55,717 Allocated:122.03369140625 MB
2020-01-28 13:29:55,717 Cached:7278.25 MB
2020-01-28 13:31:28,230 ===> Epoch 1 Complete: Avg. Loss: 0.2105
2020-01-28 13:31:28,232 ====> Extracting Features
2020-01-28 13:32:11,654 ==> Batch (50/108)
2020-01-28 13:32:38,227 ==> Batch (100/108)
2020-01-28 13:32:42,355 ====> Building faiss index
2020-01-28 13:32:42,718 ====> Calculating recall @ N
2020-01-28 13:32:45,492 ====> Recall@1: 0.3519
2020-01-28 13:32:45,492 ====> Recall@2: 0.4116
2020-01-28 13:32:45,493 ====> Recall@3: 0.4493
2020-01-28 13:32:45,493 ====> Recall@4: 0.4742
2020-01-28 13:32:45,493 ====> Recall@5: 0.4962
2020-01-28 13:32:45,494 ====> Recall@10: 0.5609
2020-01-28 13:32:45,494 ====> Recall@15: 0.5980
2020-01-28 13:32:45,494 ====> Recall@20: 0.6220
2020-01-28 13:32:45,494 ====> Recall@25: 0.6371
2020-01-28 13:32:45,837 ====> Building Cache
2020-01-28 13:32:45,838 feature cache--->>> /home/annora/NetVLAD/output/train_feat_cache0.hdf5
2020-01-28 13:34:18,122 Allocated:119.28369140625 MB
2020-01-28 13:34:18,123 Cached:4477.25 MB
2020-01-28 13:39:21,033 ==> Epoch[2](50/534): Loss: 0.1126
2020-01-28 13:39:21,035 Allocated:121.15869140625 MB
2020-01-28 13:39:21,035 Cached:8366.25 MB
2020-01-28 13:42:35,630 ==> Epoch[2](100/534): Loss: 0.1856
2020-01-28 13:42:35,633 Allocated:121.15869140625 MB
2020-01-28 13:42:35,633 Cached:8366.25 MB
2020-01-28 13:46:32,852 ==> Epoch[2](150/534): Loss: 0.1342
2020-01-28 13:46:32,859 Allocated:122.28369140625 MB
2020-01-28 13:46:32,863 Cached:8366.25 MB
2020-01-28 13:48:32,645 ====> Building Cache
2020-01-28 13:48:32,649 feature cache--->>> /home/annora/NetVLAD/output/train_feat_cache0.hdf5
2020-01-28 13:50:12,769 Allocated:121.658203125 MB
2020-01-28 13:50:12,771 Cached:3559.625 MB
2020-01-28 13:52:54,268 ==> Epoch[2](200/534): Loss: 0.1837
2020-01-28 13:52:54,270 Allocated:122.03369140625 MB
2020-01-28 13:52:54,271 Cached:8739.5 MB
2020-01-28 13:57:01,050 ==> Epoch[2](250/534): Loss: 0.1311
2020-01-28 13:57:01,052 Allocated:121.28369140625 MB
2020-01-28 13:57:01,052 Cached:8739.5 MB
2020-01-28 14:00:42,092 ==> Epoch[2](300/534): Loss: 0.1069
2020-01-28 14:00:42,094 Allocated:121.28369140625 MB
2020-01-28 14:00:42,095 Cached:8739.5 MB
2020-01-28 14:03:52,134 ==> Epoch[2](350/534): Loss: 0.1529
2020-01-28 14:03:52,136 Allocated:122.03369140625 MB
2020-01-28 14:03:52,137 Cached:8739.5 MB
2020-01-28 14:04:13,052 ====> Building Cache
2020-01-28 14:04:13,054 feature cache--->>> /home/annora/NetVLAD/output/train_feat_cache0.hdf5
2020-01-28 14:05:44,743 Allocated:122.033203125 MB
2020-01-28 14:05:44,744 Cached:3559.625 MB
2020-01-28 14:09:42,168 ==> Epoch[2](400/534): Loss: 0.1916
2020-01-28 14:09:42,173 Allocated:121.53369140625 MB
2020-01-28 14:09:42,179 Cached:9959.625 MB
2020-01-28 14:14:25,816 ==> Epoch[2](450/534): Loss: 0.1312
2020-01-28 14:14:25,818 Allocated:121.90869140625 MB
2020-01-28 14:14:25,818 Cached:9959.625 MB
2020-01-28 14:19:04,060 ==> Epoch[2](500/534): Loss: 0.1076
2020-01-28 14:19:04,062 Allocated:121.90869140625 MB
2020-01-28 14:19:04,063 Cached:9959.625 MB
2020-01-28 14:22:16,211 ===> Epoch 2 Complete: Avg. Loss: 0.1417
2020-01-28 14:22:16,219 ====> Extracting Features
2020-01-28 14:23:04,134 ==> Batch (50/108)
2020-01-28 14:23:27,482 ==> Batch (100/108)
2020-01-28 14:23:32,243 ====> Building faiss index
2020-01-28 14:23:32,811 ====> Calculating recall @ N
2020-01-28 14:23:35,553 ====> Recall@1: 0.3438
2020-01-28 14:23:35,554 ====> Recall@2: 0.3942
2020-01-28 14:23:35,555 ====> Recall@3: 0.4270
2020-01-28 14:23:35,555 ====> Recall@4: 0.4455
2020-01-28 14:23:35,555 ====> Recall@5: 0.4600
2020-01-28 14:23:35,556 ====> Recall@10: 0.5145
2020-01-28 14:23:35,556 ====> Recall@15: 0.5417
2020-01-28 14:23:35,556 ====> Recall@20: 0.5612
2020-01-28 14:23:35,556 ====> Recall@25: 0.5765
2020-01-28 14:23:35,976 ====> Building Cache
2020-01-28 14:23:35,976 feature cache--->>> /home/annora/NetVLAD/output/train_feat_cache0.hdf5
2020-01-28 14:25:20,626 Allocated:120.15869140625 MB
2020-01-28 14:25:20,627 Cached:4477.25 MB
2020-01-28 14:30:54,213 ==> Epoch[3](50/534): Loss: 0.0702
2020-01-28 14:30:54,215 Allocated:122.28369140625 MB
2020-01-28 14:30:54,216 Cached:6113.875 MB
2020-01-28 14:35:08,790 ==> Epoch[3](100/534): Loss: 0.0917
2020-01-28 14:35:08,792 Allocated:121.28369140625 MB
2020-01-28 14:35:08,792 Cached:6113.875 MB
2020-01-28 14:39:27,305 ==> Epoch[3](150/534): Loss: 0.1182
2020-01-28 14:39:27,308 Allocated:121.90869140625 MB
2020-01-28 14:39:27,308 Cached:6113.875 MB
2020-01-28 14:41:38,988 ====> Building Cache
2020-01-28 14:41:38,992 feature cache--->>> /home/annora/NetVLAD/output/train_feat_cache0.hdf5
2020-01-28 14:43:15,257 Allocated:121.283203125 MB
2020-01-28 14:43:15,257 Cached:3424.75 MB
2020-01-28 14:45:50,062 ==> Epoch[3](200/534): Loss: 0.2166
2020-01-28 14:45:50,073 Allocated:122.03369140625 MB
2020-01-28 14:45:50,074 Cached:8586.25 MB
2020-01-28 14:49:37,405 ==> Epoch[3](250/534): Loss: 0.2154
2020-01-28 14:49:37,407 Allocated:122.03369140625 MB
2020-01-28 14:49:37,407 Cached:8586.25 MB
2020-01-28 14:53:26,128 ==> Epoch[3](300/534): Loss: 0.1857
2020-01-28 14:53:26,133 Allocated:121.65869140625 MB
2020-01-28 14:53:26,134 Cached:8586.25 MB
2020-01-28 14:56:23,385 ==> Epoch[3](350/534): Loss: 0.1559
2020-01-28 14:56:23,387 Allocated:121.15869140625 MB
2020-01-28 14:56:23,387 Cached:8586.25 MB
2020-01-28 14:56:50,971 ====> Building Cache
2020-01-28 14:56:50,971 feature cache--->>> /home/annora/NetVLAD/output/train_feat_cache0.hdf5
2020-01-28 14:58:27,757 Allocated:121.158203125 MB
2020-01-28 14:58:27,758 Cached:3387.25 MB
2020-01-28 15:02:09,287 ==> Epoch[3](400/534): Loss: 0.0882
2020-01-28 15:02:09,290 Allocated:121.65869140625 MB
2020-01-28 15:02:09,291 Cached:7136.5 MB
2020-01-28 15:05:08,897 ==> Epoch[3](450/534): Loss: 0.1065
2020-01-28 15:05:08,899 Allocated:121.28369140625 MB
2020-01-28 15:05:08,899 Cached:9673.125 MB
2020-01-28 15:08:33,021 ==> Epoch[3](500/534): Loss: 0.0966
2020-01-28 15:08:33,023 Allocated:121.53369140625 MB
2020-01-28 15:08:33,024 Cached:9673.125 MB
2020-01-28 15:10:24,360 ===> Epoch 3 Complete: Avg. Loss: 0.1180
2020-01-28 15:10:24,363 ====> Extracting Features
2020-01-28 15:11:07,986 ==> Batch (50/108)
2020-01-28 15:11:38,847 ==> Batch (100/108)
2020-01-28 15:11:49,697 ====> Building faiss index
2020-01-28 15:11:50,290 ====> Calculating recall @ N
2020-01-28 15:11:53,434 ====> Recall@1: 0.2803
2020-01-28 15:11:53,434 ====> Recall@2: 0.3557
2020-01-28 15:11:53,435 ====> Recall@3: 0.3928
2020-01-28 15:11:53,435 ====> Recall@4: 0.4209
2020-01-28 15:11:53,435 ====> Recall@5: 0.4452
2020-01-28 15:11:53,436 ====> Recall@10: 0.5194
2020-01-28 15:11:53,436 ====> Recall@15: 0.5603
2020-01-28 15:11:53,436 ====> Recall@20: 0.5843
2020-01-28 15:11:53,436 ====> Recall@25: 0.6012
2020-01-28 15:11:53,939 ====> Building Cache
2020-01-28 15:11:53,942 feature cache--->>> /home/annora/NetVLAD/output/train_feat_cache0.hdf5
2020-01-28 15:13:30,145 Allocated:119.53369140625 MB
2020-01-28 15:13:30,146 Cached:5072.5 MB
2020-01-28 15:17:49,176 ==> Epoch[4](50/534): Loss: 0.0692
2020-01-28 15:17:49,194 Allocated:121.40869140625 MB
2020-01-28 15:17:49,198 Cached:6115.75 MB
2020-01-28 15:21:11,797 ==> Epoch[4](100/534): Loss: 0.0371
2020-01-28 15:21:11,799 Allocated:121.15869140625 MB
2020-01-28 15:21:11,799 Cached:6115.75 MB
2020-01-28 15:24:07,067 ==> Epoch[4](150/534): Loss: 0.0829
2020-01-28 15:24:07,085 Allocated:121.90869140625 MB
2020-01-28 15:24:07,086 Cached:6115.75 MB
2020-01-28 15:26:20,201 ====> Building Cache
2020-01-28 15:26:20,202 feature cache--->>> /home/annora/NetVLAD/output/train_feat_cache0.hdf5
2020-01-28 15:28:03,703 Allocated:121.783203125 MB
2020-01-28 15:28:03,704 Cached:2838.5 MB
2020-01-28 15:30:13,095 ==> Epoch[4](200/534): Loss: 0.1234
2020-01-28 15:30:13,099 Allocated:121.90869140625 MB
2020-01-28 15:30:13,100 Cached:5391.125 MB
2020-01-28 15:33:11,474 ==> Epoch[4](250/534): Loss: 0.1159
2020-01-28 15:33:11,476 Allocated:121.15869140625 MB
2020-01-28 15:33:11,476 Cached:9266.125 MB
2020-01-28 15:36:07,584 ==> Epoch[4](300/534): Loss: 0.1359
2020-01-28 15:36:07,586 Allocated:121.53369140625 MB
2020-01-28 15:36:07,586 Cached:9266.125 MB
2020-01-28 15:39:38,250 ==> Epoch[4](350/534): Loss: 0.1024
2020-01-28 15:39:38,252 Allocated:122.03369140625 MB
2020-01-28 15:39:38,253 Cached:9266.125 MB
2020-01-28 15:40:00,292 ====> Building Cache
2020-01-28 15:40:00,293 feature cache--->>> /home/annora/NetVLAD/output/train_feat_cache0.hdf5
2020-01-28 15:41:31,484 Allocated:122.033203125 MB
2020-01-28 15:41:31,485 Cached:3396.25 MB
2020-01-28 15:44:57,715 ==> Epoch[4](400/534): Loss: 0.1815
2020-01-28 15:44:57,720 Allocated:122.03369140625 MB
2020-01-28 15:44:57,721 Cached:4311.625 MB
2020-01-28 15:47:53,637 ==> Epoch[4](450/534): Loss: 0.1148
2020-01-28 15:47:53,645 Allocated:121.28369140625 MB
2020-01-28 15:47:53,646 Cached:4311.625 MB
2020-01-28 15:50:55,346 ==> Epoch[4](500/534): Loss: 0.0911
2020-01-28 15:50:55,348 Allocated:121.15869140625 MB
2020-01-28 15:50:55,348 Cached:4311.625 MB
2020-01-28 15:53:03,286 ===> Epoch 4 Complete: Avg. Loss: 0.1098
2020-01-28 15:53:03,288 ====> Extracting Features
2020-01-28 15:53:40,299 ==> Batch (50/108)
2020-01-28 15:54:05,552 ==> Batch (100/108)
2020-01-28 15:54:10,383 ====> Building faiss index
2020-01-28 15:54:11,319 ====> Calculating recall @ N
2020-01-28 15:54:15,384 ====> Recall@1: 0.2986
2020-01-28 15:54:15,384 ====> Recall@2: 0.3490
2020-01-28 15:54:15,385 ====> Recall@3: 0.3901
2020-01-28 15:54:15,385 ====> Recall@4: 0.4171
2020-01-28 15:54:15,386 ====> Recall@5: 0.4368
2020-01-28 15:54:15,387 ====> Recall@10: 0.4875
2020-01-28 15:54:15,388 ====> Recall@15: 0.5232
2020-01-28 15:54:15,388 ====> Recall@20: 0.5557
2020-01-28 15:54:15,390 ====> Recall@25: 0.5791
2020-01-28 15:54:15,926 ====> Building Cache
2020-01-28 15:54:15,927 feature cache--->>> /home/annora/NetVLAD/output/train_feat_cache0.hdf5
2020-01-28 15:55:45,999 Allocated:121.28369140625 MB
2020-01-28 15:55:46,001 Cached:4167.75 MB
2020-01-28 15:59:45,302 ==> Epoch[5](50/534): Loss: 0.1386
2020-01-28 15:59:45,305 Allocated:122.03369140625 MB
2020-01-28 15:59:45,305 Cached:9053.125 MB
2020-01-28 16:03:24,291 ==> Epoch[5](100/534): Loss: 0.1140
2020-01-28 16:03:24,296 Allocated:121.15869140625 MB
2020-01-28 16:03:24,297 Cached:9053.125 MB
2020-01-28 16:07:01,620 ==> Epoch[5](150/534): Loss: 0.0632
2020-01-28 16:07:01,622 Allocated:121.53369140625 MB
2020-01-28 16:07:01,623 Cached:6110.625 MB
2020-01-28 16:09:07,260 ====> Building Cache
2020-01-28 16:09:07,262 feature cache--->>> /home/annora/NetVLAD/output/train_feat_cache0.hdf5
2020-01-28 16:10:38,283 Allocated:121.283203125 MB
2020-01-28 16:10:38,284 Cached:2837.375 MB
2020-01-28 16:14:53,224 ==> Epoch[5](200/534): Loss: 0.1583
2020-01-28 16:14:53,227 Allocated:122.03369140625 MB
2020-01-28 16:14:53,227 Cached:5201.0 MB
2020-01-28 16:19:44,872 ==> Epoch[5](250/534): Loss: 0.2697
2020-01-28 16:19:44,874 Allocated:121.90869140625 MB
2020-01-28 16:19:44,874 Cached:7666.375 MB
2020-01-28 16:23:31,261 ==> Epoch[5](300/534): Loss: 0.0466
2020-01-28 16:23:31,263 Allocated:121.53369140625 MB
2020-01-28 16:23:31,263 Cached:7666.375 MB
2020-01-28 16:26:19,282 ==> Epoch[5](350/534): Loss: 0.1163
2020-01-28 16:26:19,285 Allocated:121.15869140625 MB
2020-01-28 16:26:19,289 Cached:10170.0 MB
2020-01-28 16:26:46,609 ====> Building Cache
2020-01-28 16:26:46,609 feature cache--->>> /home/annora/NetVLAD/output/train_feat_cache0.hdf5
2020-01-28 16:28:53,856 Allocated:121.658203125 MB
2020-01-28 16:28:53,857 Cached:3157.625 MB
2020-01-28 16:33:09,415 ==> Epoch[5](400/534): Loss: 0.1072
2020-01-28 16:33:09,419 Allocated:121.28369140625 MB
2020-01-28 16:33:09,419 Cached:6859.0 MB
2020-01-28 16:37:10,662 ==> Epoch[5](450/534): Loss: 0.1270
2020-01-28 16:37:10,665 Allocated:121.53369140625 MB
2020-01-28 16:37:10,665 Cached:6859.0 MB
2020-01-28 16:40:44,307 ==> Epoch[5](500/534): Loss: 0.0925
2020-01-28 16:40:44,319 Allocated:122.78369140625 MB
2020-01-28 16:40:44,325 Cached:6859.0 MB
2020-01-28 16:43:11,251 ===> Epoch 5 Complete: Avg. Loss: 0.1219
2020-01-28 16:43:11,253 ====> Extracting Features
2020-01-28 16:44:07,192 ==> Batch (50/108)
2020-01-28 16:45:13,296 ==> Batch (100/108)
2020-01-28 16:45:35,272 ====> Building faiss index
2020-01-28 16:45:36,114 ====> Calculating recall @ N
2020-01-28 16:45:39,913 ====> Recall@1: 0.2872
2020-01-28 16:45:39,914 ====> Recall@2: 0.3446
2020-01-28 16:45:39,917 ====> Recall@3: 0.3800
2020-01-28 16:45:39,918 ====> Recall@4: 0.4107
2020-01-28 16:45:39,918 ====> Recall@5: 0.4322
2020-01-28 16:45:39,919 ====> Recall@10: 0.4971
2020-01-28 16:45:39,919 ====> Recall@15: 0.5293
2020-01-28 16:45:39,919 ====> Recall@20: 0.5478
2020-01-28 16:45:39,920 ====> Recall@25: 0.5678
2020-01-28 16:45:40,412 ====> Building Cache
2020-01-28 16:45:40,414 feature cache--->>> /home/annora/NetVLAD/output/train_feat_cache0.hdf5
2020-01-28 16:47:42,337 Allocated:119.90869140625 MB
2020-01-28 16:47:42,338 Cached:4158.75 MB
2020-01-28 16:51:47,295 ==> Epoch[6](50/534): Loss: 0.1455
2020-01-28 16:51:47,309 Allocated:122.53369140625 MB
2020-01-28 16:51:47,321 Cached:6610.625 MB
2020-01-28 16:55:28,931 ==> Epoch[6](100/534): Loss: 0.1854
2020-01-28 16:55:28,937 Allocated:122.90869140625 MB
2020-01-28 16:55:28,939 Cached:7864.5 MB
2020-01-28 16:59:10,793 ==> Epoch[6](150/534): Loss: 0.1212
2020-01-28 16:59:10,794 Allocated:122.03369140625 MB
2020-01-28 16:59:10,795 Cached:7864.5 MB
2020-01-28 17:01:05,162 ====> Building Cache
2020-01-28 17:01:05,164 feature cache--->>> /home/annora/NetVLAD/output/train_feat_cache0.hdf5
2020-01-28 17:02:42,303 Allocated:122.033203125 MB
2020-01-28 17:02:42,304 Cached:3055.0 MB
2020-01-28 17:05:09,827 ==> Epoch[6](200/534): Loss: 0.1182
2020-01-28 17:05:09,832 Allocated:121.53369140625 MB
2020-01-28 17:05:09,834 Cached:7881.75 MB
2020-01-28 17:08:23,714 ==> Epoch[6](250/534): Loss: 0.1692
2020-01-28 17:08:23,716 Allocated:122.03369140625 MB
2020-01-28 17:08:23,717 Cached:7881.75 MB
2020-01-28 17:11:36,463 ==> Epoch[6](300/534): Loss: 0.1735
2020-01-28 17:11:36,468 Allocated:121.90869140625 MB
2020-01-28 17:11:36,468 Cached:7881.75 MB
2020-01-28 17:14:39,704 ==> Epoch[6](350/534): Loss: 0.0696
2020-01-28 17:14:39,707 Allocated:121.90869140625 MB
2020-01-28 17:14:39,707 Cached:9137.875 MB
2020-01-28 17:14:58,335 ====> Building Cache
2020-01-28 17:14:58,336 feature cache--->>> /home/annora/NetVLAD/output/train_feat_cache0.hdf5
2020-01-28 17:16:42,801 Allocated:121.908203125 MB
2020-01-28 17:16:42,802 Cached:3395.125 MB
2020-01-28 17:20:20,607 ==> Epoch[6](400/534): Loss: 0.0837
2020-01-28 17:20:20,611 Allocated:122.03369140625 MB
2020-01-28 17:20:20,611 Cached:9237.0 MB
2020-01-28 17:23:55,823 ==> Epoch[6](450/534): Loss: 0.0985
2020-01-28 17:23:55,827 Allocated:122.90869140625 MB
2020-01-28 17:23:55,827 Cached:9237.0 MB
2020-01-28 17:27:20,631 ==> Epoch[6](500/534): Loss: 0.0692
2020-01-28 17:27:20,637 Allocated:121.78369140625 MB
2020-01-28 17:27:20,637 Cached:4255.75 MB
2020-01-28 17:29:33,627 ===> Epoch 6 Complete: Avg. Loss: 0.1152
2020-01-28 17:29:33,630 ====> Extracting Features
2020-01-28 17:30:30,025 ==> Batch (50/108)
2020-01-28 17:31:07,437 ==> Batch (100/108)
2020-01-28 17:31:22,914 ====> Building faiss index
2020-01-28 17:31:23,273 ====> Calculating recall @ N
2020-01-28 17:31:28,566 ====> Recall@1: 0.3067
2020-01-28 17:31:28,567 ====> Recall@2: 0.3684
2020-01-28 17:31:28,568 ====> Recall@3: 0.4096
2020-01-28 17:31:28,568 ====> Recall@4: 0.4307
2020-01-28 17:31:28,569 ====> Recall@5: 0.4481
2020-01-28 17:31:28,569 ====> Recall@10: 0.5035
2020-01-28 17:31:28,570 ====> Recall@15: 0.5452
2020-01-28 17:31:28,570 ====> Recall@20: 0.5690
2020-01-28 17:31:28,570 ====> Recall@25: 0.5930
2020-01-28 17:31:29,132 ====> Building Cache
2020-01-28 17:31:29,132 feature cache--->>> /home/annora/NetVLAD/output/train_feat_cache0.hdf5
2020-01-28 17:33:37,029 Allocated:119.53369140625 MB
2020-01-28 17:33:37,030 Cached:4191.0 MB
2020-01-28 17:37:24,077 ==> Epoch[7](50/534): Loss: 0.1391
2020-01-28 17:37:24,080 Allocated:121.40869140625 MB
2020-01-28 17:37:24,080 Cached:6643.875 MB
2020-01-28 17:40:01,836 ==> Epoch[7](100/534): Loss: 0.1362
2020-01-28 17:40:01,838 Allocated:121.90869140625 MB
2020-01-28 17:40:01,838 Cached:7900.0 MB
2020-01-28 17:42:36,844 ==> Epoch[7](150/534): Loss: 0.0586
2020-01-28 17:42:36,846 Allocated:122.03369140625 MB
2020-01-28 17:42:36,848 Cached:9162.5 MB
2020-01-28 17:44:34,633 ====> Building Cache
2020-01-28 17:44:34,634 feature cache--->>> /home/annora/NetVLAD/output/train_feat_cache0.hdf5
2020-01-28 17:46:27,989 Allocated:122.033203125 MB
2020-01-28 17:46:27,989 Cached:3395.125 MB
2020-01-28 17:49:18,709 ==> Epoch[7](200/534): Loss: 0.1309
2020-01-28 17:49:18,711 Allocated:121.28369140625 MB
2020-01-28 17:49:18,712 Cached:5864.875 MB
2020-01-28 17:52:10,203 ==> Epoch[7](250/534): Loss: 0.0689
2020-01-28 17:52:10,209 Allocated:122.03369140625 MB
2020-01-28 17:52:10,213 Cached:5864.875 MB
2020-01-28 17:54:49,627 ==> Epoch[7](300/534): Loss: 0.1608
2020-01-28 17:54:49,629 Allocated:121.90869140625 MB
2020-01-28 17:54:49,629 Cached:5864.875 MB
2020-01-28 17:58:17,414 ==> Epoch[7](350/534): Loss: 0.1414
2020-01-28 17:58:17,416 Allocated:121.78369140625 MB
2020-01-28 17:58:17,417 Cached:7109.25 MB
2020-01-28 17:58:36,636 ====> Building Cache
2020-01-28 17:58:36,637 feature cache--->>> /home/annora/NetVLAD/output/train_feat_cache0.hdf5
2020-01-28 18:00:09,302 Allocated:121.283203125 MB
2020-01-28 18:00:09,303 Cached:3395.125 MB
2020-01-28 18:04:47,512 ==> Epoch[7](400/534): Loss: 0.0722
2020-01-28 18:04:47,522 Allocated:122.65869140625 MB
2020-01-28 18:04:47,523 Cached:8044.625 MB
2020-01-28 18:08:03,220 ==> Epoch[7](450/534): Loss: 0.1107
2020-01-28 18:08:03,229 Allocated:122.03369140625 MB
2020-01-28 18:08:03,235 Cached:8044.625 MB
2020-01-28 18:11:33,160 ==> Epoch[7](500/534): Loss: 0.1219
2020-01-28 18:11:33,162 Allocated:121.90869140625 MB
2020-01-28 18:11:33,162 Cached:9243.375 MB
2020-01-28 18:13:42,689 ===> Epoch 7 Complete: Avg. Loss: 0.1157
2020-01-28 18:13:42,691 ====> Extracting Features
2020-01-28 18:14:19,840 ==> Batch (50/108)
2020-01-28 18:14:44,009 ==> Batch (100/108)
2020-01-28 18:14:57,946 ====> Building faiss index
2020-01-28 18:14:59,092 ====> Calculating recall @ N
2020-01-28 18:15:02,528 ====> Recall@1: 0.3032
2020-01-28 18:15:02,530 ====> Recall@2: 0.3641
2020-01-28 18:15:02,531 ====> Recall@3: 0.4009
2020-01-28 18:15:02,531 ====> Recall@4: 0.4272
2020-01-28 18:15:02,532 ====> Recall@5: 0.4475
2020-01-28 18:15:02,532 ====> Recall@10: 0.5099
2020-01-28 18:15:02,532 ====> Recall@15: 0.5371
2020-01-28 18:15:02,533 ====> Recall@20: 0.5617
2020-01-28 18:15:02,533 ====> Recall@25: 0.5745
2020-01-28 18:15:03,030 ====> Building Cache
2020-01-28 18:15:03,031 feature cache--->>> /home/annora/NetVLAD/output/train_feat_cache0.hdf5
2020-01-28 18:16:36,691 Allocated:120.15869140625 MB
2020-01-28 18:16:36,691 Cached:4310.5 MB
2020-01-28 18:20:06,482 ==> Epoch[8](50/534): Loss: 0.0466
2020-01-28 18:20:06,485 Allocated:121.90869140625 MB
2020-01-28 18:20:06,485 Cached:4291.5 MB
2020-01-28 18:23:39,331 ==> Epoch[8](100/534): Loss: 0.0987
2020-01-28 18:23:39,337 Allocated:121.15869140625 MB
2020-01-28 18:23:39,341 Cached:5532.625 MB
2020-01-28 18:26:38,314 ==> Epoch[8](150/534): Loss: 0.1280
2020-01-28 18:26:38,317 Allocated:121.78369140625 MB
2020-01-28 18:26:38,318 Cached:5532.625 MB
2020-01-28 18:28:04,860 ====> Building Cache
2020-01-28 18:28:04,863 feature cache--->>> /home/annora/NetVLAD/output/train_feat_cache0.hdf5
2020-01-28 18:29:35,074 Allocated:121.158203125 MB
2020-01-28 18:29:35,075 Cached:2857.0 MB
2020-01-28 18:31:57,893 ==> Epoch[8](200/534): Loss: 0.2353
2020-01-28 18:31:57,895 Allocated:122.90869140625 MB
2020-01-28 18:31:57,896 Cached:5233.375 MB
2020-01-28 18:36:46,516 ==> Epoch[8](250/534): Loss: 0.1349
2020-01-28 18:36:46,517 Allocated:121.90869140625 MB
2020-01-28 18:36:46,518 Cached:5233.375 MB
2020-01-28 18:41:06,107 ==> Epoch[8](300/534): Loss: 0.1307
2020-01-28 18:41:06,109 Allocated:121.15869140625 MB
2020-01-28 18:41:06,109 Cached:5233.375 MB
2020-01-28 18:44:20,182 ==> Epoch[8](350/534): Loss: 0.1400
2020-01-28 18:44:20,184 Allocated:122.28369140625 MB
2020-01-28 18:44:20,184 Cached:7715.625 MB
2020-01-28 18:44:43,950 ====> Building Cache
2020-01-28 18:44:43,951 feature cache--->>> /home/annora/NetVLAD/output/train_feat_cache0.hdf5
2020-01-28 18:46:16,407 Allocated:121.783203125 MB
2020-01-28 18:46:16,407 Cached:3387.25 MB
2020-01-28 18:50:31,748 ==> Epoch[8](400/534): Loss: 0.0910
2020-01-28 18:50:31,752 Allocated:121.90869140625 MB
2020-01-28 18:50:31,753 Cached:6968.75 MB
2020-01-28 18:55:31,032 ==> Epoch[8](450/534): Loss: 0.1529
2020-01-28 18:55:31,034 Allocated:121.15869140625 MB
2020-01-28 18:55:31,035 Cached:8170.625 MB
2020-01-28 18:58:31,077 ==> Epoch[8](500/534): Loss: 0.0670
2020-01-28 18:58:31,079 Allocated:121.28369140625 MB
2020-01-28 18:58:31,079 Cached:9375.75 MB
2020-01-28 19:00:27,639 ===> Epoch 8 Complete: Avg. Loss: 0.1168
2020-01-28 19:00:27,640 ====> Extracting Features
2020-01-28 19:01:07,237 ==> Batch (50/108)
2020-01-28 19:01:31,770 ==> Batch (100/108)
2020-01-28 19:01:37,305 ====> Building faiss index
2020-01-28 19:01:37,660 ====> Calculating recall @ N
2020-01-28 19:01:40,449 ====> Recall@1: 0.3145
2020-01-28 19:01:40,450 ====> Recall@2: 0.3826
2020-01-28 19:01:40,451 ====> Recall@3: 0.4203
2020-01-28 19:01:40,451 ====> Recall@4: 0.4443
2020-01-28 19:01:40,452 ====> Recall@5: 0.4658
2020-01-28 19:01:40,452 ====> Recall@10: 0.5243
2020-01-28 19:01:40,452 ====> Recall@15: 0.5568
2020-01-28 19:01:40,453 ====> Recall@20: 0.5757
2020-01-28 19:01:40,453 ====> Recall@25: 0.5910
2020-01-28 19:01:41,139 ====> Building Cache
2020-01-28 19:01:41,140 feature cache--->>> /home/annora/NetVLAD/output/train_feat_cache0.hdf5
2020-01-28 19:03:12,858 Allocated:119.15869140625 MB
2020-01-28 19:03:12,859 Cached:4150.875 MB
2020-01-28 19:07:52,010 ==> Epoch[9](50/534): Loss: 0.1030
2020-01-28 19:07:52,012 Allocated:121.15869140625 MB
2020-01-28 19:07:52,013 Cached:7734.625 MB
2020-01-28 19:11:23,601 ==> Epoch[9](100/534): Loss: 0.0456
2020-01-28 19:11:23,609 Allocated:121.15869140625 MB
2020-01-28 19:11:23,612 Cached:7734.625 MB
2020-01-28 19:14:46,091 ==> Epoch[9](150/534): Loss: 0.0865
2020-01-28 19:14:46,099 Allocated:121.65869140625 MB
2020-01-28 19:14:46,105 Cached:7734.625 MB
2020-01-28 19:16:29,671 ====> Building Cache
2020-01-28 19:16:29,671 feature cache--->>> /home/annora/NetVLAD/output/train_feat_cache0.hdf5
2020-01-28 19:18:01,379 Allocated:121.908203125 MB
2020-01-28 19:18:01,380 Cached:3047.125 MB
2020-01-28 19:20:41,158 ==> Epoch[9](200/534): Loss: 0.3491
2020-01-28 19:20:41,162 Allocated:122.15869140625 MB
2020-01-28 19:20:41,163 Cached:6575.375 MB
2020-01-28 19:27:29,430 ==> Epoch[9](250/534): Loss: 0.1481
2020-01-28 19:27:29,435 Allocated:122.15869140625 MB
2020-01-28 19:27:29,441 Cached:6575.375 MB
2020-01-28 19:31:03,955 ==> Epoch[9](300/534): Loss: 0.0970
2020-01-28 19:31:03,958 Allocated:121.90869140625 MB
2020-01-28 19:31:03,958 Cached:6575.375 MB
2020-01-28 19:34:12,955 ==> Epoch[9](350/534): Loss: 0.2075
2020-01-28 19:34:12,957 Allocated:121.15869140625 MB
2020-01-28 19:34:12,958 Cached:6575.375 MB
2020-01-28 19:34:34,744 ====> Building Cache
2020-01-28 19:34:34,745 feature cache--->>> /home/annora/NetVLAD/output/train_feat_cache0.hdf5
2020-01-28 19:36:38,547 Allocated:121.158203125 MB
2020-01-28 19:36:38,548 Cached:3387.25 MB
2020-01-28 19:40:07,272 ==> Epoch[9](400/534): Loss: 0.2189
2020-01-28 19:40:07,275 Allocated:121.15869140625 MB
2020-01-28 19:40:07,276 Cached:6906.0 MB
2020-01-28 19:43:38,557 ==> Epoch[9](450/534): Loss: 0.1312
2020-01-28 19:43:38,565 Allocated:122.28369140625 MB
2020-01-28 19:43:38,568 Cached:6906.0 MB
2020-01-28 19:47:48,312 ==> Epoch[9](500/534): Loss: 0.0482
2020-01-28 19:47:48,316 Allocated:122.03369140625 MB
2020-01-28 19:47:48,317 Cached:6906.0 MB
2020-01-28 19:50:38,106 ===> Epoch 9 Complete: Avg. Loss: 0.1187
2020-01-28 19:50:38,109 ====> Extracting Features
2020-01-28 19:51:15,109 ==> Batch (50/108)
2020-01-28 19:51:45,141 ==> Batch (100/108)
2020-01-28 19:51:48,492 ====> Building faiss index
2020-01-28 19:51:48,972 ====> Calculating recall @ N
2020-01-28 19:51:51,670 ====> Recall@1: 0.2846
2020-01-28 19:51:51,671 ====> Recall@2: 0.3412
2020-01-28 19:51:51,672 ====> Recall@3: 0.3736
2020-01-28 19:51:51,672 ====> Recall@4: 0.4017
2020-01-28 19:51:51,672 ====> Recall@5: 0.4217
2020-01-28 19:51:51,672 ====> Recall@10: 0.4864
2020-01-28 19:51:51,672 ====> Recall@15: 0.5226
2020-01-28 19:51:51,673 ====> Recall@20: 0.5458
2020-01-28 19:51:51,673 ====> Recall@25: 0.5641
2020-01-28 19:51:52,151 ====> Building Cache
2020-01-28 19:51:52,152 feature cache--->>> /home/annora/NetVLAD/output/train_feat_cache0.hdf5
2020-01-28 19:53:53,936 Allocated:120.15869140625 MB
2020-01-28 19:53:53,939 Cached:4303.875 MB
2020-01-28 19:57:03,061 ==> Epoch[10](50/534): Loss: 0.1335
2020-01-28 19:57:03,065 Allocated:121.40869140625 MB
2020-01-28 19:57:03,065 Cached:8001.0 MB
2020-01-28 20:00:04,068 ==> Epoch[10](100/534): Loss: 0.0675
2020-01-28 20:00:04,072 Allocated:121.28369140625 MB
2020-01-28 20:00:04,073 Cached:8001.0 MB
2020-01-28 20:03:08,578 ==> Epoch[10](150/534): Loss: 0.0898
2020-01-28 20:03:08,581 Allocated:122.90869140625 MB
2020-01-28 20:03:08,582 Cached:8001.0 MB
2020-01-28 20:05:12,785 ====> Building Cache
2020-01-28 20:05:12,787 feature cache--->>> /home/annora/NetVLAD/output/train_feat_cache0.hdf5
2020-01-28 20:06:45,856 Allocated:121.908203125 MB
2020-01-28 20:06:45,857 Cached:3387.25 MB
2020-01-28 20:08:51,111 ==> Epoch[10](200/534): Loss: 0.2263
2020-01-28 20:08:51,114 Allocated:121.90869140625 MB
2020-01-28 20:08:51,114 Cached:5736.125 MB
2020-01-28 20:11:59,964 ==> Epoch[10](250/534): Loss: 0.1719
2020-01-28 20:11:59,967 Allocated:121.15869140625 MB
2020-01-28 20:11:59,968 Cached:8197.125 MB
2020-01-28 20:15:05,552 ==> Epoch[10](300/534): Loss: 0.1535
2020-01-28 20:15:05,565 Allocated:121.15869140625 MB
2020-01-28 20:15:05,566 Cached:8197.125 MB
2020-01-28 20:18:00,236 ==> Epoch[10](350/534): Loss: 0.1542
2020-01-28 20:18:00,240 Allocated:121.78369140625 MB
2020-01-28 20:18:00,241 Cached:8197.125 MB
2020-01-28 20:18:42,355 ====> Building Cache
2020-01-28 20:18:42,356 feature cache--->>> /home/annora/NetVLAD/output/train_feat_cache0.hdf5
2020-01-28 20:20:15,721 Allocated:121.158203125 MB
2020-01-28 20:20:15,722 Cached:3387.25 MB
2020-01-28 20:24:03,103 ==> Epoch[10](400/534): Loss: 0.1080
2020-01-28 20:24:03,107 Allocated:122.03369140625 MB
2020-01-28 20:24:03,108 Cached:6891.25 MB
2020-01-28 20:27:15,006 ==> Epoch[10](450/534): Loss: 0.1721
2020-01-28 20:27:15,011 Allocated:122.15869140625 MB
2020-01-28 20:27:15,011 Cached:6891.25 MB
2020-01-28 20:30:25,857 ==> Epoch[10](500/534): Loss: 0.0349
2020-01-28 20:30:25,860 Allocated:121.90869140625 MB
2020-01-28 20:30:25,860 Cached:9299.25 MB
2020-01-28 20:32:18,154 ===> Epoch 10 Complete: Avg. Loss: 0.1224
2020-01-28 20:32:18,157 ====> Extracting Features
2020-01-28 20:32:55,864 ==> Batch (50/108)
2020-01-28 20:33:37,377 ==> Batch (100/108)
2020-01-28 20:33:41,086 ====> Building faiss index
2020-01-28 20:33:41,586 ====> Calculating recall @ N
2020-01-28 20:33:45,146 ====> Recall@1: 0.3194
2020-01-28 20:33:45,147 ====> Recall@2: 0.3928
2020-01-28 20:33:45,148 ====> Recall@3: 0.4278
2020-01-28 20:33:45,148 ====> Recall@4: 0.4490
2020-01-28 20:33:45,149 ====> Recall@5: 0.4641
2020-01-28 20:33:45,149 ====> Recall@10: 0.5168
2020-01-28 20:33:45,149 ====> Recall@15: 0.5484
2020-01-28 20:33:45,149 ====> Recall@20: 0.5701
2020-01-28 20:33:45,149 ====> Recall@25: 0.5870
2020-01-28 20:33:45,653 ====> Building Cache
2020-01-28 20:33:45,653 feature cache--->>> /home/annora/NetVLAD/output/train_feat_cache0.hdf5
2020-01-28 20:35:35,470 Allocated:119.53369140625 MB
2020-01-28 20:35:35,472 Cached:4150.875 MB
2020-01-28 20:39:51,996 ==> Epoch[11](50/534): Loss: 0.1415
2020-01-28 20:39:51,999 Allocated:121.28369140625 MB
2020-01-28 20:39:52,001 Cached:4549.75 MB
2020-01-28 20:42:43,329 ==> Epoch[11](100/534): Loss: 0.0581
2020-01-28 20:42:43,335 Allocated:121.28369140625 MB
2020-01-28 20:42:43,335 Cached:4549.75 MB
2020-01-28 20:45:57,438 ==> Epoch[11](150/534): Loss: 0.1271
2020-01-28 20:45:57,440 Allocated:121.15869140625 MB
2020-01-28 20:45:57,441 Cached:5806.875 MB
2020-01-28 20:47:50,315 ====> Building Cache
2020-01-28 20:47:50,316 feature cache--->>> /home/annora/NetVLAD/output/train_feat_cache0.hdf5
2020-01-28 20:49:22,668 Allocated:121.533203125 MB
2020-01-28 20:49:22,670 Cached:2978.125 MB
2020-01-28 20:51:33,993 ==> Epoch[11](200/534): Loss: 0.0696
2020-01-28 20:51:33,995 Allocated:122.03369140625 MB
2020-01-28 20:51:33,995 Cached:7553.25 MB
2020-01-28 20:55:31,105 ==> Epoch[11](250/534): Loss: 0.2230
2020-01-28 20:55:31,113 Allocated:122.03369140625 MB
2020-01-28 20:55:31,115 Cached:7553.25 MB
2020-01-28 20:59:28,180 ==> Epoch[11](300/534): Loss: 0.1093
2020-01-28 20:59:28,186 Allocated:121.15869140625 MB
2020-01-28 20:59:28,186 Cached:8794.375 MB
2020-01-28 21:03:33,447 ==> Epoch[11](350/534): Loss: 0.1006
2020-01-28 21:03:33,449 Allocated:121.15869140625 MB
2020-01-28 21:03:33,449 Cached:8794.375 MB
2020-01-28 21:03:56,546 ====> Building Cache
2020-01-28 21:03:56,556 feature cache--->>> /home/annora/NetVLAD/output/train_feat_cache0.hdf5
2020-01-28 21:05:27,078 Allocated:121.158203125 MB
2020-01-28 21:05:27,078 Cached:3559.625 MB
2020-01-28 21:08:58,071 ==> Epoch[11](400/534): Loss: 0.1602
2020-01-28 21:08:58,073 Allocated:121.15869140625 MB
2020-01-28 21:08:58,074 Cached:4716.125 MB
2020-01-28 21:12:04,767 ==> Epoch[11](450/534): Loss: 0.0882
2020-01-28 21:12:04,770 Allocated:122.03369140625 MB
2020-01-28 21:12:04,771 Cached:7060.375 MB
2020-01-28 21:15:03,896 ==> Epoch[11](500/534): Loss: 0.0538
2020-01-28 21:15:03,899 Allocated:121.15869140625 MB
2020-01-28 21:15:03,899 Cached:8302.5 MB
2020-01-28 21:17:08,266 ===> Epoch 11 Complete: Avg. Loss: 0.1222
2020-01-28 21:17:08,269 ====> Extracting Features
2020-01-28 21:17:46,746 ==> Batch (50/108)
2020-01-28 21:18:09,216 ==> Batch (100/108)
2020-01-28 21:18:15,304 ====> Building faiss index
2020-01-28 21:18:15,766 ====> Calculating recall @ N
2020-01-28 21:18:19,429 ====> Recall@1: 0.3029
2020-01-28 21:18:19,431 ====> Recall@2: 0.3649
2020-01-28 21:18:19,435 ====> Recall@3: 0.4070
2020-01-28 21:18:19,436 ====> Recall@4: 0.4342
2020-01-28 21:18:19,436 ====> Recall@5: 0.4516
2020-01-28 21:18:19,437 ====> Recall@10: 0.5116
2020-01-28 21:18:19,438 ====> Recall@15: 0.5487
2020-01-28 21:18:19,439 ====> Recall@20: 0.5652
2020-01-28 21:18:19,439 ====> Recall@25: 0.5852
2020-01-28 21:18:19,986 ====> Building Cache
2020-01-28 21:18:19,987 feature cache--->>> /home/annora/NetVLAD/output/train_feat_cache0.hdf5
2020-01-28 21:19:56,124 Allocated:119.90869140625 MB
2020-01-28 21:19:56,126 Cached:4476.25 MB
2020-01-28 21:24:06,773 ==> Epoch[12](50/534): Loss: 0.0610
2020-01-28 21:24:06,775 Allocated:122.28369140625 MB
2020-01-28 21:24:06,776 Cached:6795.5 MB
2020-01-28 21:27:23,979 ==> Epoch[12](100/534): Loss: 0.0916
2020-01-28 21:27:23,981 Allocated:122.15869140625 MB
2020-01-28 21:27:23,981 Cached:9181.125 MB
2020-01-28 21:30:20,492 ==> Epoch[12](150/534): Loss: 0.0711
2020-01-28 21:30:20,494 Allocated:122.03369140625 MB
2020-01-28 21:30:20,495 Cached:9181.125 MB
2020-01-28 21:31:55,168 ====> Building Cache
2020-01-28 21:31:55,169 feature cache--->>> /home/annora/NetVLAD/output/train_feat_cache0.hdf5
2020-01-28 21:33:24,590 Allocated:123.158203125 MB
2020-01-28 21:33:24,591 Cached:3557.125 MB
2020-01-28 21:35:27,545 ==> Epoch[12](200/534): Loss: 0.2340
2020-01-28 21:35:27,547 Allocated:122.03369140625 MB
2020-01-28 21:35:27,548 Cached:5922.875 MB
2020-01-28 21:38:31,767 ==> Epoch[12](250/534): Loss: 0.1589
2020-01-28 21:38:31,770 Allocated:122.03369140625 MB
2020-01-28 21:38:31,770 Cached:7141.75 MB
2020-01-28 21:41:18,733 ==> Epoch[12](300/534): Loss: 0.0703
2020-01-28 21:41:18,734 Allocated:122.03369140625 MB
2020-01-28 21:41:18,735 Cached:7141.75 MB
2020-01-28 21:44:42,709 ==> Epoch[12](350/534): Loss: 0.0528
2020-01-28 21:44:42,726 Allocated:122.65869140625 MB
2020-01-28 21:44:42,733 Cached:7141.75 MB
2020-01-28 21:45:07,564 ====> Building Cache
2020-01-28 21:45:07,566 feature cache--->>> /home/annora/NetVLAD/output/train_feat_cache0.hdf5
2020-01-28 21:46:38,127 Allocated:121.158203125 MB
2020-01-28 21:46:38,128 Cached:3387.25 MB
2020-01-28 21:50:07,905 ==> Epoch[12](400/534): Loss: 0.1399
2020-01-28 21:50:07,907 Allocated:122.40869140625 MB
2020-01-28 21:50:07,907 Cached:5730.75 MB
2020-01-28 21:53:27,865 ==> Epoch[12](450/534): Loss: 0.0360
2020-01-28 21:53:27,872 Allocated:121.90869140625 MB
2020-01-28 21:53:27,873 Cached:6923.125 MB
2020-01-28 21:57:00,740 ==> Epoch[12](500/534): Loss: 0.1170
2020-01-28 21:57:00,742 Allocated:121.15869140625 MB
2020-01-28 21:57:00,743 Cached:8126.0 MB
2020-01-28 21:59:15,608 ===> Epoch 12 Complete: Avg. Loss: 0.1244
2020-01-28 21:59:15,610 ====> Extracting Features
2020-01-28 21:59:54,075 ==> Batch (50/108)
2020-01-28 22:00:27,873 ==> Batch (100/108)
2020-01-28 22:00:32,640 ====> Building faiss index
2020-01-28 22:00:33,292 ====> Calculating recall @ N
2020-01-28 22:00:38,752 ====> Recall@1: 0.3191
2020-01-28 22:00:38,754 ====> Recall@2: 0.3829
2020-01-28 22:00:38,754 ====> Recall@3: 0.4183
2020-01-28 22:00:38,755 ====> Recall@4: 0.4525
2020-01-28 22:00:38,758 ====> Recall@5: 0.4722
2020-01-28 22:00:38,759 ====> Recall@10: 0.5539
2020-01-28 22:00:38,759 ====> Recall@15: 0.5846
2020-01-28 22:00:38,760 ====> Recall@20: 0.6052
2020-01-28 22:00:38,762 ====> Recall@25: 0.6177
2020-01-28 22:00:39,383 Performance did not improve for 10 epochs. Stopping.
2020-01-28 22:00:39,383 => Best Recall@5: 0.4962
