2020-02-05 09:34:18,879 Namespace(arch='alexnet', batchSize=12, cacheBatchSize=96, cachePath='/home/annora/NetVLAD/output/', cacheRefreshRate=3000, ckpt='best', contilearn=True, dataPath='/home/annora/NetVLAD/output/data/', dataset='pittsburgh', evalEvery=1, fromscratch=False, fromtask='/home/annora/NetVLAD/output/runs/2020-02-01-12-18-20_alexnet_netvlad', lr=0.001, lrGamma=0.5, lrStep=5, margin=0.1, mode='train', momentum=0.9, nEpochs=30, nGPU=1, nocuda=False, num_clusters=64, optim='SGD', patience=10, pooling='netvlad', premodel='imagenet', resume='', runsPath='/home/annora/NetVLAD/output/runs/', savePath='checkpoints', seed=123, split='val', start_epoch=0, threads=8, vladv2=False, weightDecay=0.001)
2020-02-05 09:34:18,912 ===> Loading dataset(s)
2020-02-05 09:34:18,912 trainfile ------>>>>>> pitts30k_train.mat
2020-02-05 09:34:21,178 ====> Training set: pitts30k_train.mat, query set count: 7320
2020-02-05 09:34:21,332 ===> Evaluating on val set: pitts30k_val.mat, query count: 7608
2020-02-05 09:34:21,332 ===> Building model
2020-02-05 09:34:21,381 encoder moder:
AlexNet(
  (conv1): Sequential(
    (0): Conv2d(3, 64, kernel_size=(11, 11), stride=(4, 4), padding=(2, 2))
    (1): ReLU(inplace)
    (2): MaxPool2d(kernel_size=3, stride=2, padding=0, dilation=1, ceil_mode=False)
  )
  (conv2): Sequential(
    (0): Conv2d(64, 192, kernel_size=(5, 5), stride=(1, 1), padding=(2, 2))
    (1): ReLU(inplace)
    (2): MaxPool2d(kernel_size=3, stride=2, padding=0, dilation=1, ceil_mode=False)
  )
  (conv3): Sequential(
    (0): Conv2d(192, 384, kernel_size=(3, 3), stride=(1, 1), padding=(1, 1))
    (1): ReLU(inplace)
  )
  (conv4): Sequential(
    (0): Conv2d(384, 256, kernel_size=(3, 3), stride=(1, 1), padding=(1, 1))
    (1): ReLU(inplace)
  )
  (conv5): Sequential(
    (0): Conv2d(256, 256, kernel_size=(3, 3), stride=(1, 1), padding=(1, 1))
  )
)
2020-02-05 09:34:25,604 => loading checkpoint '/home/annora/NetVLAD/output/runs/2020-02-01-12-18-20_alexnet_netvlad/checkpoints/model_best.pth.tar'
2020-02-05 09:34:25,704 => loaded checkpoint '/home/annora/NetVLAD/output/runs/2020-02-01-12-18-20_alexnet_netvlad/checkpoints/model_best.pth.tar' 
2020-02-05 09:34:25,705 ===> Training model
2020-02-05 09:34:25,707 ===> Saving state to: /home/annora/NetVLAD/output/runs/2020-02-05-09-34-25_alexnet_netvlad
2020-02-05 09:34:25,707 ====> Building Cache
2020-02-05 09:34:25,707 feature cache--->>> /home/annora/NetVLAD/output/train_feat_cache2.hdf5
2020-02-05 09:34:55,596 Allocated:99.47119140625 MB
2020-02-05 09:34:55,597 Cached:2864.375 MB
2020-02-05 09:37:26,724 ==> Epoch[1](50/610): Loss: 0.2674
2020-02-05 09:37:26,727 Allocated:121.28369140625 MB
2020-02-05 09:37:26,727 Cached:6757.375 MB
2020-02-05 09:39:41,734 ==> Epoch[1](100/610): Loss: 0.2967
2020-02-05 09:39:41,736 Allocated:121.53369140625 MB
2020-02-05 09:39:41,737 Cached:6757.375 MB
2020-02-05 09:41:38,971 ==> Epoch[1](150/610): Loss: 0.3286
2020-02-05 09:41:38,972 Allocated:122.28369140625 MB
2020-02-05 09:41:38,973 Cached:6757.375 MB
2020-02-05 09:43:34,655 ==> Epoch[1](200/610): Loss: 0.3229
2020-02-05 09:43:34,657 Allocated:121.28369140625 MB
2020-02-05 09:43:34,657 Cached:6757.375 MB
2020-02-05 09:43:45,745 ====> Building Cache
2020-02-05 09:43:45,746 feature cache--->>> /home/annora/NetVLAD/output/train_feat_cache2.hdf5
2020-02-05 09:44:17,403 Allocated:121.283203125 MB
2020-02-05 09:44:17,404 Cached:2901.25 MB
2020-02-05 09:46:38,801 ==> Epoch[1](250/610): Loss: 0.3456
2020-02-05 09:46:38,802 Allocated:121.90869140625 MB
2020-02-05 09:46:38,803 Cached:7994.125 MB
2020-02-05 09:48:38,510 ==> Epoch[1](300/610): Loss: 0.2515
2020-02-05 09:48:38,512 Allocated:121.15869140625 MB
2020-02-05 09:48:38,512 Cached:7994.125 MB
2020-02-05 09:50:34,123 ==> Epoch[1](350/610): Loss: 0.2433
2020-02-05 09:50:34,125 Allocated:121.15869140625 MB
2020-02-05 09:50:34,125 Cached:7994.125 MB
2020-02-05 09:52:30,107 ==> Epoch[1](400/610): Loss: 0.3429
2020-02-05 09:52:30,109 Allocated:121.28369140625 MB
2020-02-05 09:52:30,109 Cached:7994.125 MB
2020-02-05 09:52:51,129 ====> Building Cache
2020-02-05 09:52:51,130 feature cache--->>> /home/annora/NetVLAD/output/train_feat_cache2.hdf5
2020-02-05 09:53:20,493 Allocated:122.158203125 MB
2020-02-05 09:53:20,493 Cached:3387.25 MB
2020-02-05 09:55:39,773 ==> Epoch[1](450/610): Loss: 0.3079
2020-02-05 09:55:39,775 Allocated:122.03369140625 MB
2020-02-05 09:55:39,776 Cached:8528.0 MB
2020-02-05 09:57:38,624 ==> Epoch[1](500/610): Loss: 0.3214
2020-02-05 09:57:38,625 Allocated:121.28369140625 MB
2020-02-05 09:57:38,626 Cached:8528.0 MB
2020-02-05 09:59:32,865 ==> Epoch[1](550/610): Loss: 0.3174
2020-02-05 09:59:32,866 Allocated:121.78369140625 MB
2020-02-05 09:59:32,867 Cached:8528.0 MB
2020-02-05 10:01:26,064 ==> Epoch[1](600/610): Loss: 0.3498
2020-02-05 10:01:26,066 Allocated:122.15869140625 MB
2020-02-05 10:01:26,066 Cached:8528.0 MB
2020-02-05 10:01:51,438 ===> Epoch 1 Complete: Avg. Loss: 0.3068
2020-02-05 10:01:51,441 ====> Extracting Features
2020-02-05 10:02:05,804 ==> Batch (50/184)
2020-02-05 10:02:11,516 ==> Batch (100/184)
2020-02-05 10:02:17,153 ==> Batch (150/184)
2020-02-05 10:02:22,799 ====> Building faiss index
2020-02-05 10:02:23,288 ====> Calculating recall @ N
2020-02-05 10:02:31,165 ====> Recall@1: 0.0953
2020-02-05 10:02:31,166 ====> Recall@2: 0.1293
2020-02-05 10:02:31,167 ====> Recall@3: 0.1558
2020-02-05 10:02:31,167 ====> Recall@4: 0.1795
2020-02-05 10:02:31,167 ====> Recall@5: 0.2032
2020-02-05 10:02:31,167 ====> Recall@10: 0.2817
2020-02-05 10:02:31,168 ====> Recall@15: 0.3432
2020-02-05 10:02:31,168 ====> Recall@20: 0.3876
2020-02-05 10:02:31,168 ====> Recall@25: 0.4251
2020-02-05 10:02:31,519 ====> Building Cache
2020-02-05 10:02:31,520 feature cache--->>> /home/annora/NetVLAD/output/train_feat_cache2.hdf5
2020-02-05 10:03:02,979 Allocated:119.78369140625 MB
2020-02-05 10:03:02,980 Cached:3387.25 MB
2020-02-05 10:05:39,775 ==> Epoch[2](50/610): Loss: 0.3436
2020-02-05 10:05:39,777 Allocated:121.53369140625 MB
2020-02-05 10:05:39,778 Cached:7278.25 MB
2020-02-05 10:07:34,282 ==> Epoch[2](100/610): Loss: 0.3806
2020-02-05 10:07:34,284 Allocated:121.53369140625 MB
2020-02-05 10:07:34,285 Cached:7278.25 MB
2020-02-05 10:09:31,706 ==> Epoch[2](150/610): Loss: 0.3053
2020-02-05 10:09:31,708 Allocated:121.53369140625 MB
2020-02-05 10:09:31,708 Cached:7278.25 MB
2020-02-05 10:11:26,932 ==> Epoch[2](200/610): Loss: 0.3289
2020-02-05 10:11:26,933 Allocated:121.53369140625 MB
2020-02-05 10:11:26,934 Cached:7278.25 MB
2020-02-05 10:11:35,698 ====> Building Cache
2020-02-05 10:11:35,699 feature cache--->>> /home/annora/NetVLAD/output/train_feat_cache2.hdf5
2020-02-05 10:12:05,169 Allocated:121.783203125 MB
2020-02-05 10:12:05,169 Cached:3387.25 MB
2020-02-05 10:14:29,899 ==> Epoch[2](250/610): Loss: 0.3045
2020-02-05 10:14:29,901 Allocated:121.15869140625 MB
2020-02-05 10:14:29,901 Cached:7278.25 MB
2020-02-05 10:16:26,288 ==> Epoch[2](300/610): Loss: 0.3166
2020-02-05 10:16:26,289 Allocated:122.03369140625 MB
2020-02-05 10:16:26,290 Cached:7278.25 MB
2020-02-05 10:18:22,066 ==> Epoch[2](350/610): Loss: 0.2986
2020-02-05 10:18:22,068 Allocated:121.15869140625 MB
2020-02-05 10:18:22,068 Cached:7278.25 MB
2020-02-05 10:20:17,820 ==> Epoch[2](400/610): Loss: 0.2599
2020-02-05 10:20:17,822 Allocated:122.03369140625 MB
2020-02-05 10:20:17,822 Cached:7278.25 MB
2020-02-05 10:20:35,384 ====> Building Cache
2020-02-05 10:20:35,385 feature cache--->>> /home/annora/NetVLAD/output/train_feat_cache2.hdf5
2020-02-05 10:21:04,963 Allocated:121.283203125 MB
2020-02-05 10:21:04,964 Cached:3387.25 MB
2020-02-05 10:23:26,893 ==> Epoch[2](450/610): Loss: 0.3297
2020-02-05 10:23:26,896 Allocated:121.28369140625 MB
2020-02-05 10:23:26,897 Cached:7278.25 MB
2020-02-05 10:25:33,063 ==> Epoch[2](500/610): Loss: 0.3270
2020-02-05 10:25:33,065 Allocated:121.28369140625 MB
2020-02-05 10:25:33,065 Cached:7278.25 MB
2020-02-05 10:27:37,502 ==> Epoch[2](550/610): Loss: 0.2978
2020-02-05 10:27:37,503 Allocated:121.28369140625 MB
2020-02-05 10:27:37,504 Cached:7278.25 MB
2020-02-05 10:29:35,953 ==> Epoch[2](600/610): Loss: 0.3003
2020-02-05 10:29:35,955 Allocated:121.65869140625 MB
2020-02-05 10:29:35,955 Cached:7278.25 MB
2020-02-05 10:30:01,398 ===> Epoch 2 Complete: Avg. Loss: 0.3079
2020-02-05 10:30:01,400 ====> Extracting Features
2020-02-05 10:30:17,258 ==> Batch (50/184)
2020-02-05 10:30:23,130 ==> Batch (100/184)
2020-02-05 10:30:29,575 ==> Batch (150/184)
2020-02-05 10:30:35,679 ====> Building faiss index
2020-02-05 10:30:36,205 ====> Calculating recall @ N
2020-02-05 10:30:44,594 ====> Recall@1: 0.1229
2020-02-05 10:30:44,595 ====> Recall@2: 0.1702
2020-02-05 10:30:44,596 ====> Recall@3: 0.2043
2020-02-05 10:30:44,596 ====> Recall@4: 0.2302
2020-02-05 10:30:44,597 ====> Recall@5: 0.2522
2020-02-05 10:30:44,597 ====> Recall@10: 0.3385
2020-02-05 10:30:44,597 ====> Recall@15: 0.3954
2020-02-05 10:30:44,597 ====> Recall@20: 0.4482
2020-02-05 10:30:44,598 ====> Recall@25: 0.4897
2020-02-05 10:30:45,455 ====> Building Cache
2020-02-05 10:30:45,455 feature cache--->>> /home/annora/NetVLAD/output/train_feat_cache2.hdf5
2020-02-05 10:31:17,613 Allocated:119.65869140625 MB
2020-02-05 10:31:17,614 Cached:3386.25 MB
2020-02-05 10:33:51,523 ==> Epoch[3](50/610): Loss: 0.2889
2020-02-05 10:33:51,525 Allocated:121.40869140625 MB
2020-02-05 10:33:51,526 Cached:7278.25 MB
2020-02-05 10:35:52,413 ==> Epoch[3](100/610): Loss: 0.3197
2020-02-05 10:35:52,416 Allocated:121.40869140625 MB
2020-02-05 10:35:52,417 Cached:7278.25 MB
2020-02-05 10:37:55,482 ==> Epoch[3](150/610): Loss: 0.2922
2020-02-05 10:37:55,484 Allocated:121.40869140625 MB
2020-02-05 10:37:55,485 Cached:7278.25 MB
2020-02-05 10:39:52,970 ==> Epoch[3](200/610): Loss: 0.2989
2020-02-05 10:39:52,972 Allocated:121.40869140625 MB
2020-02-05 10:39:52,973 Cached:7278.25 MB
2020-02-05 10:40:02,130 ====> Building Cache
2020-02-05 10:40:02,131 feature cache--->>> /home/annora/NetVLAD/output/train_feat_cache2.hdf5
2020-02-05 10:40:32,050 Allocated:122.658203125 MB
2020-02-05 10:40:32,051 Cached:3387.25 MB
2020-02-05 10:43:01,155 ==> Epoch[3](250/610): Loss: 0.3379
2020-02-05 10:43:01,157 Allocated:121.15869140625 MB
2020-02-05 10:43:01,158 Cached:7278.25 MB
2020-02-05 10:45:01,318 ==> Epoch[3](300/610): Loss: 0.2923
2020-02-05 10:45:01,320 Allocated:121.15869140625 MB
2020-02-05 10:45:01,320 Cached:7278.25 MB
2020-02-05 10:47:11,581 ==> Epoch[3](350/610): Loss: 0.3254
2020-02-05 10:47:11,583 Allocated:121.28369140625 MB
2020-02-05 10:47:11,583 Cached:7278.25 MB
2020-02-05 10:49:14,374 ==> Epoch[3](400/610): Loss: 0.2286
2020-02-05 10:49:14,377 Allocated:121.90869140625 MB
2020-02-05 10:49:14,377 Cached:7278.25 MB
2020-02-05 10:49:31,684 ====> Building Cache
2020-02-05 10:49:31,685 feature cache--->>> /home/annora/NetVLAD/output/train_feat_cache2.hdf5
2020-02-05 10:50:00,843 Allocated:121.783203125 MB
2020-02-05 10:50:00,844 Cached:3387.25 MB
2020-02-05 10:52:20,907 ==> Epoch[3](450/610): Loss: 0.3132
2020-02-05 10:52:20,910 Allocated:121.28369140625 MB
2020-02-05 10:52:20,910 Cached:7278.25 MB
2020-02-05 10:54:21,508 ==> Epoch[3](500/610): Loss: 0.2394
2020-02-05 10:54:21,511 Allocated:121.65869140625 MB
2020-02-05 10:54:21,511 Cached:7278.25 MB
2020-02-05 10:56:25,423 ==> Epoch[3](550/610): Loss: 0.2709
2020-02-05 10:56:25,426 Allocated:122.03369140625 MB
2020-02-05 10:56:25,426 Cached:7278.25 MB
2020-02-05 10:58:27,280 ==> Epoch[3](600/610): Loss: 0.2612
2020-02-05 10:58:27,282 Allocated:121.28369140625 MB
2020-02-05 10:58:27,282 Cached:7278.25 MB
2020-02-05 10:58:52,698 ===> Epoch 3 Complete: Avg. Loss: 0.3000
2020-02-05 10:58:52,700 ====> Extracting Features
2020-02-05 10:59:08,382 ==> Batch (50/184)
2020-02-05 10:59:13,731 ==> Batch (100/184)
2020-02-05 10:59:19,257 ==> Batch (150/184)
2020-02-05 10:59:24,586 ====> Building faiss index
2020-02-05 10:59:25,079 ====> Calculating recall @ N
2020-02-05 10:59:32,888 ====> Recall@1: 0.1405
2020-02-05 10:59:32,889 ====> Recall@2: 0.1822
2020-02-05 10:59:32,890 ====> Recall@3: 0.2121
2020-02-05 10:59:32,890 ====> Recall@4: 0.2358
2020-02-05 10:59:32,890 ====> Recall@5: 0.2559
2020-02-05 10:59:32,890 ====> Recall@10: 0.3339
2020-02-05 10:59:32,891 ====> Recall@15: 0.3912
2020-02-05 10:59:32,891 ====> Recall@20: 0.4423
2020-02-05 10:59:32,891 ====> Recall@25: 0.4826
2020-02-05 10:59:33,728 ====> Building Cache
2020-02-05 10:59:33,729 feature cache--->>> /home/annora/NetVLAD/output/train_feat_cache2.hdf5
2020-02-05 11:00:04,172 Allocated:119.65869140625 MB
2020-02-05 11:00:04,173 Cached:3558.625 MB
2020-02-05 11:02:38,259 ==> Epoch[4](50/610): Loss: 0.2926
2020-02-05 11:02:38,260 Allocated:121.28369140625 MB
2020-02-05 11:02:38,261 Cached:7450.625 MB
2020-02-05 11:04:33,078 ==> Epoch[4](100/610): Loss: 0.2993
2020-02-05 11:04:33,080 Allocated:122.03369140625 MB
2020-02-05 11:04:33,081 Cached:7450.625 MB
2020-02-05 11:06:28,749 ==> Epoch[4](150/610): Loss: 0.2562
2020-02-05 11:06:28,751 Allocated:122.03369140625 MB
2020-02-05 11:06:28,751 Cached:7450.625 MB
2020-02-05 11:08:21,633 ==> Epoch[4](200/610): Loss: 0.2898
2020-02-05 11:08:21,634 Allocated:121.28369140625 MB
2020-02-05 11:08:21,635 Cached:7450.625 MB
2020-02-05 11:08:30,294 ====> Building Cache
2020-02-05 11:08:30,295 feature cache--->>> /home/annora/NetVLAD/output/train_feat_cache2.hdf5
2020-02-05 11:08:59,134 Allocated:122.033203125 MB
2020-02-05 11:08:59,134 Cached:3387.25 MB
2020-02-05 11:11:31,710 ==> Epoch[4](250/610): Loss: 0.3336
2020-02-05 11:11:31,712 Allocated:122.15869140625 MB
2020-02-05 11:11:31,712 Cached:7278.25 MB
2020-02-05 11:13:30,737 ==> Epoch[4](300/610): Loss: 0.2405
2020-02-05 11:13:30,739 Allocated:121.28369140625 MB
2020-02-05 11:13:30,739 Cached:7278.25 MB
2020-02-05 11:15:28,671 ==> Epoch[4](350/610): Loss: 0.2845
2020-02-05 11:15:28,673 Allocated:122.78369140625 MB
2020-02-05 11:15:28,673 Cached:7278.25 MB
2020-02-05 11:17:19,668 ==> Epoch[4](400/610): Loss: 0.3272
2020-02-05 11:17:19,670 Allocated:121.90869140625 MB
2020-02-05 11:17:19,670 Cached:7278.25 MB
2020-02-05 11:17:36,591 ====> Building Cache
2020-02-05 11:17:36,592 feature cache--->>> /home/annora/NetVLAD/output/train_feat_cache2.hdf5
2020-02-05 11:18:05,535 Allocated:122.408203125 MB
2020-02-05 11:18:05,536 Cached:4154.875 MB
2020-02-05 11:20:18,553 ==> Epoch[4](450/610): Loss: 0.2784
2020-02-05 11:20:18,555 Allocated:121.15869140625 MB
2020-02-05 11:20:18,555 Cached:4353.875 MB
2020-02-05 11:22:22,011 ==> Epoch[4](500/610): Loss: 0.3415
2020-02-05 11:22:22,012 Allocated:121.90869140625 MB
2020-02-05 11:22:22,013 Cached:7987.875 MB
2020-02-05 11:24:17,649 ==> Epoch[4](550/610): Loss: 0.3139
2020-02-05 11:24:17,651 Allocated:122.28369140625 MB
2020-02-05 11:24:17,651 Cached:7987.875 MB
2020-02-05 11:26:17,048 ==> Epoch[4](600/610): Loss: 0.2693
2020-02-05 11:26:17,049 Allocated:122.03369140625 MB
2020-02-05 11:26:17,050 Cached:7987.875 MB
2020-02-05 11:26:42,656 ===> Epoch 4 Complete: Avg. Loss: 0.2951
2020-02-05 11:26:42,658 ====> Extracting Features
2020-02-05 11:26:58,548 ==> Batch (50/184)
2020-02-05 11:27:04,304 ==> Batch (100/184)
2020-02-05 11:27:09,900 ==> Batch (150/184)
2020-02-05 11:27:15,283 ====> Building faiss index
2020-02-05 11:27:15,764 ====> Calculating recall @ N
2020-02-05 11:27:23,261 ====> Recall@1: 0.1065
2020-02-05 11:27:23,262 ====> Recall@2: 0.1463
2020-02-05 11:27:23,263 ====> Recall@3: 0.1760
2020-02-05 11:27:23,263 ====> Recall@4: 0.2052
2020-02-05 11:27:23,263 ====> Recall@5: 0.2274
2020-02-05 11:27:23,263 ====> Recall@10: 0.3123
2020-02-05 11:27:23,264 ====> Recall@15: 0.3800
2020-02-05 11:27:23,264 ====> Recall@20: 0.4348
2020-02-05 11:27:23,264 ====> Recall@25: 0.4816
2020-02-05 11:27:23,760 ====> Building Cache
2020-02-05 11:27:23,760 feature cache--->>> /home/annora/NetVLAD/output/train_feat_cache2.hdf5
2020-02-05 11:27:52,233 Allocated:120.03369140625 MB
2020-02-05 11:27:52,234 Cached:3386.25 MB
2020-02-05 11:30:21,424 ==> Epoch[5](50/610): Loss: 0.2950
2020-02-05 11:30:21,426 Allocated:122.03369140625 MB
2020-02-05 11:30:21,426 Cached:7278.25 MB
2020-02-05 11:32:19,162 ==> Epoch[5](100/610): Loss: 0.3061
2020-02-05 11:32:19,164 Allocated:122.03369140625 MB
2020-02-05 11:32:19,164 Cached:7278.25 MB
2020-02-05 11:34:24,033 ==> Epoch[5](150/610): Loss: 0.3175
2020-02-05 11:34:24,034 Allocated:121.28369140625 MB
2020-02-05 11:34:24,035 Cached:7278.25 MB
2020-02-05 11:36:15,331 ==> Epoch[5](200/610): Loss: 0.2768
2020-02-05 11:36:15,332 Allocated:122.03369140625 MB
2020-02-05 11:36:15,332 Cached:7278.25 MB
2020-02-05 11:36:23,957 ====> Building Cache
2020-02-05 11:36:23,958 feature cache--->>> /home/annora/NetVLAD/output/train_feat_cache2.hdf5
2020-02-05 11:36:53,008 Allocated:121.908203125 MB
2020-02-05 11:36:53,008 Cached:3387.25 MB
2020-02-05 11:39:19,559 ==> Epoch[5](250/610): Loss: 0.3225
2020-02-05 11:39:19,562 Allocated:121.90869140625 MB
2020-02-05 11:39:19,563 Cached:7278.25 MB
2020-02-05 11:41:13,210 ==> Epoch[5](300/610): Loss: 0.2960
2020-02-05 11:41:13,212 Allocated:121.90869140625 MB
2020-02-05 11:41:13,212 Cached:7278.25 MB
2020-02-05 11:43:05,660 ==> Epoch[5](350/610): Loss: 0.2792
2020-02-05 11:43:05,663 Allocated:121.15869140625 MB
2020-02-05 11:43:05,663 Cached:7278.25 MB
2020-02-05 11:45:00,879 ==> Epoch[5](400/610): Loss: 0.2621
2020-02-05 11:45:00,880 Allocated:122.03369140625 MB
2020-02-05 11:45:00,880 Cached:7278.25 MB
2020-02-05 11:45:18,165 ====> Building Cache
2020-02-05 11:45:18,166 feature cache--->>> /home/annora/NetVLAD/output/train_feat_cache2.hdf5
2020-02-05 11:45:47,369 Allocated:121.283203125 MB
2020-02-05 11:45:47,370 Cached:3387.25 MB
