2020-01-02 13:36:39,289 Namespace(arch='alexnet', batchSize=16, cacheBatchSize=144, cachePath='/home/annora/NetVLAD/output/', cacheRefreshRate=0, ckpt='best', ckpt_diy='model_best0.pth.tar', contilearn=True, dataPath='/home/annora/NetVLAD/output/data/', dataset='pittsburgh', debug_file='', evalEvery=1, fromscratch=True, lr=0.01, lrGamma=0.5, lrStep=5, margin=0.1, mode='train', momentum=0.9, nEpochs=30, nGPU=1, nocuda=False, num_clusters=64, optim='SGD', patience=10, pooling='max', resume='', runsPath='/home/annora/NetVLAD/output/runs/', savePath='checkpoints', seed=123, split='val', start_epoch=0, threads=4, vladv2=False, weightDecay=0.001)
2020-01-02 13:36:39,348 ===> Loading dataset(s)
2020-01-02 13:36:39,348 ===> Building model
2020-01-02 13:36:39,412 encoder moder:
AlexNet(
  (conv1): Sequential(
    (0): Conv2d(3, 64, kernel_size=(11, 11), stride=(4, 4), padding=(2, 2))
    (1): ReLU(inplace)
    (2): MaxPool2d(kernel_size=3, stride=2, padding=0, dilation=1, ceil_mode=False)
  )
  (conv2): Sequential(
    (0): Conv2d(64, 192, kernel_size=(5, 5), stride=(1, 1), padding=(2, 2))
    (1): ReLU(inplace)
    (2): MaxPool2d(kernel_size=3, stride=2, padding=0, dilation=1, ceil_mode=False)
  )
  (conv3): Sequential(
    (0): Conv2d(192, 384, kernel_size=(3, 3), stride=(1, 1), padding=(1, 1))
    (1): ReLU(inplace)
  )
  (conv4): Sequential(
    (0): Conv2d(384, 256, kernel_size=(3, 3), stride=(1, 1), padding=(1, 1))
    (1): ReLU(inplace)
  )
  (conv5): Sequential(
    (0): Conv2d(256, 256, kernel_size=(3, 3), stride=(1, 1), padding=(1, 1))
  )
)
2020-01-02 13:36:43,475 ---->>>> trainfiles: ['oxRobocar_single_train.mat', 'oxRobocar_doubleN_train.mat']
2020-01-02 13:36:43,476 ===> Saving state to: /home/annora/NetVLAD/output/runs/2020-01-02-13-36-43_alexnet_max
2020-01-02 13:36:46,599 ====> Training query set:6636
2020-01-02 13:36:46,744 ===> Evaluating on val set, query count:3450
2020-01-02 13:36:46,744 ---->>>> testfile: oxRobocar_single_val.mat
2020-01-02 13:36:46,745 ===> Training model
2020-01-02 13:36:46,745 ====> Building Cache
2020-01-02 13:36:46,746 h5feat cache at: /home/annora/NetVLAD/output/train_feat_cache.hdf5
2020-01-02 13:39:08,025 Allocated:99.34619140625 MB
2020-01-02 13:39:08,026 Cached:2683.375 MB
2020-01-02 13:41:31,050 ==> Task[1]Epoch[1](50/415): Loss: 0.2688
2020-01-02 13:41:31,052 Allocated:120.78369140625 MB
2020-01-02 13:41:31,052 Cached:1035.875 MB
2020-01-02 13:43:25,251 ==> Task[1]Epoch[1](100/415): Loss: 0.2930
2020-01-02 13:43:25,252 Allocated:121.03369140625 MB
2020-01-02 13:43:25,252 Cached:1035.875 MB
2020-01-02 13:45:20,552 ==> Task[1]Epoch[1](150/415): Loss: 0.1327
2020-01-02 13:45:20,553 Allocated:121.65869140625 MB
2020-01-02 13:45:20,553 Cached:1034.875 MB
2020-01-02 13:47:19,472 ==> Task[1]Epoch[1](200/415): Loss: 0.2111
2020-01-02 13:47:19,473 Allocated:122.15869140625 MB
2020-01-02 13:47:19,473 Cached:1035.875 MB
2020-01-02 13:49:22,257 ==> Task[1]Epoch[1](250/415): Loss: 0.0986
2020-01-02 13:49:22,258 Allocated:120.78369140625 MB
2020-01-02 13:49:22,258 Cached:1035.875 MB
2020-01-02 13:51:27,007 ==> Task[1]Epoch[1](300/415): Loss: 0.1989
2020-01-02 13:51:27,009 Allocated:122.15869140625 MB
2020-01-02 13:51:27,009 Cached:1034.875 MB
2020-01-02 13:53:25,703 ==> Task[1]Epoch[1](350/415): Loss: 0.1539
2020-01-02 13:53:25,704 Allocated:121.65869140625 MB
2020-01-02 13:53:25,705 Cached:1035.875 MB
2020-01-02 13:55:28,241 ==> Task[1]Epoch[1](400/415): Loss: 0.1528
2020-01-02 13:55:28,242 Allocated:121.65869140625 MB
2020-01-02 13:55:28,242 Cached:1035.875 MB
2020-01-02 13:56:03,083 ===> Task 1 Epoch 1 Complete: Avg. Loss: 0.2206
2020-01-02 13:56:03,085 begin test:
2020-01-02 13:56:03,086 ====> Extracting Features
2020-01-02 13:57:18,242 ==> Batch (50/72)
2020-01-02 13:57:45,698 ====> Building faiss index
2020-01-02 13:57:45,700 ====> Calculating recall @ N
2020-01-02 13:57:46,297 ====> Recall@1: 0.4878
2020-01-02 13:57:46,297 ====> Recall@2: 0.5568
2020-01-02 13:57:46,298 ====> Recall@3: 0.5899
2020-01-02 13:57:46,298 ====> Recall@4: 0.6075
2020-01-02 13:57:46,298 ====> Recall@5: 0.6168
2020-01-02 13:57:46,298 ====> Recall@10: 0.6470
2020-01-02 13:57:46,298 ====> Recall@15: 0.6687
2020-01-02 13:57:46,298 ====> Recall@20: 0.6861
2020-01-02 13:57:46,299 ====> Recall@25: 0.6986
2020-01-02 13:57:46,339 ====> Building Cache
2020-01-02 13:57:46,339 h5feat cache at: /home/annora/NetVLAD/output/train_feat_cache.hdf5
2020-01-02 14:00:12,810 Allocated:119.03369140625 MB
2020-01-02 14:00:12,811 Cached:10183.125 MB
2020-01-02 14:02:37,748 ==> Task[1]Epoch[2](50/415): Loss: 0.1827
2020-01-02 14:02:37,749 Allocated:121.65869140625 MB
2020-01-02 14:02:37,750 Cached:1036.875 MB
2020-01-02 14:04:42,407 ==> Task[1]Epoch[2](100/415): Loss: 0.2072
2020-01-02 14:04:42,408 Allocated:122.15869140625 MB
2020-01-02 14:04:42,409 Cached:1036.875 MB
2020-01-02 14:07:05,783 ==> Task[1]Epoch[2](150/415): Loss: 0.0053
2020-01-02 14:07:05,784 Allocated:120.78369140625 MB
2020-01-02 14:07:05,784 Cached:1036.875 MB
2020-01-02 14:09:04,248 ==> Task[1]Epoch[2](200/415): Loss: 0.0041
2020-01-02 14:09:04,249 Allocated:122.15869140625 MB
2020-01-02 14:09:04,250 Cached:1036.875 MB
2020-01-02 14:11:08,160 ==> Task[1]Epoch[2](250/415): Loss: 0.0344
2020-01-02 14:11:08,164 Allocated:121.65869140625 MB
2020-01-02 14:11:08,165 Cached:1036.875 MB
2020-01-02 14:13:20,260 ==> Task[1]Epoch[2](300/415): Loss: 0.1291
2020-01-02 14:13:20,262 Allocated:121.65869140625 MB
2020-01-02 14:13:20,262 Cached:1036.875 MB
2020-01-02 14:15:25,350 ==> Task[1]Epoch[2](350/415): Loss: 0.0501
2020-01-02 14:15:25,352 Allocated:121.65869140625 MB
2020-01-02 14:15:25,352 Cached:1036.875 MB
2020-01-02 14:17:30,050 ==> Task[1]Epoch[2](400/415): Loss: 0.0198
2020-01-02 14:17:30,051 Allocated:121.03369140625 MB
2020-01-02 14:17:30,051 Cached:1036.875 MB
2020-01-02 14:18:08,977 ===> Task 1 Epoch 2 Complete: Avg. Loss: 0.1103
2020-01-02 14:18:08,978 begin test:
2020-01-02 14:18:08,979 ====> Extracting Features
2020-01-02 14:19:21,691 ==> Batch (50/72)
2020-01-02 14:19:48,142 ====> Building faiss index
2020-01-02 14:19:48,144 ====> Calculating recall @ N
2020-01-02 14:19:48,753 ====> Recall@1: 0.5154
2020-01-02 14:19:48,753 ====> Recall@2: 0.5519
2020-01-02 14:19:48,753 ====> Recall@3: 0.5672
2020-01-02 14:19:48,754 ====> Recall@4: 0.5780
2020-01-02 14:19:48,754 ====> Recall@5: 0.5867
2020-01-02 14:19:48,754 ====> Recall@10: 0.6165
2020-01-02 14:19:48,754 ====> Recall@15: 0.6359
2020-01-02 14:19:48,754 ====> Recall@20: 0.6562
2020-01-02 14:19:48,754 ====> Recall@25: 0.6759
2020-01-02 14:19:48,814 ====> Building Cache
2020-01-02 14:19:48,814 h5feat cache at: /home/annora/NetVLAD/output/train_feat_cache.hdf5
2020-01-02 14:22:14,786 Allocated:120.15869140625 MB
2020-01-02 14:22:14,786 Cached:10183.125 MB
2020-01-02 14:24:19,151 ==> Task[1]Epoch[3](50/415): Loss: 0.0456
2020-01-02 14:24:19,153 Allocated:122.15869140625 MB
2020-01-02 14:24:19,153 Cached:1035.875 MB
2020-01-02 14:26:09,608 ==> Task[1]Epoch[3](100/415): Loss: 0.1490
2020-01-02 14:26:09,609 Allocated:120.65869140625 MB
2020-01-02 14:26:09,609 Cached:1036.875 MB
2020-01-02 14:27:59,026 ==> Task[1]Epoch[3](150/415): Loss: 0.0008
2020-01-02 14:27:59,027 Allocated:121.28369140625 MB
2020-01-02 14:27:59,028 Cached:1035.875 MB
2020-01-02 14:29:53,942 ==> Task[1]Epoch[3](200/415): Loss: 0.0000
2020-01-02 14:29:53,944 Allocated:120.65869140625 MB
2020-01-02 14:29:53,944 Cached:1034.875 MB
2020-01-02 14:31:18,538 ==> Task[1]Epoch[3](250/415): Loss: 0.0117
2020-01-02 14:31:18,539 Allocated:120.65869140625 MB
2020-01-02 14:31:18,540 Cached:1631.125 MB
2020-01-02 14:33:13,141 ==> Task[1]Epoch[3](300/415): Loss: 0.1310
2020-01-02 14:33:13,142 Allocated:121.65869140625 MB
2020-01-02 14:33:13,142 Cached:1035.875 MB
2020-01-02 14:34:55,884 ==> Task[1]Epoch[3](350/415): Loss: 0.0846
2020-01-02 14:34:55,886 Allocated:120.65869140625 MB
2020-01-02 14:34:55,886 Cached:1035.875 MB
2020-01-02 14:36:58,970 ==> Task[1]Epoch[3](400/415): Loss: 0.0442
2020-01-02 14:36:58,971 Allocated:120.65869140625 MB
2020-01-02 14:36:58,971 Cached:1035.875 MB
2020-01-02 14:37:32,192 ===> Task 1 Epoch 3 Complete: Avg. Loss: 0.0720
2020-01-02 14:37:32,194 begin test:
2020-01-02 14:37:32,195 ====> Extracting Features
2020-01-02 14:38:44,656 ==> Batch (50/72)
2020-01-02 14:39:10,688 ====> Building faiss index
2020-01-02 14:39:10,689 ====> Calculating recall @ N
2020-01-02 14:39:11,283 ====> Recall@1: 0.5429
2020-01-02 14:39:11,284 ====> Recall@2: 0.5742
2020-01-02 14:39:11,284 ====> Recall@3: 0.5936
2020-01-02 14:39:11,285 ====> Recall@4: 0.6075
2020-01-02 14:39:11,285 ====> Recall@5: 0.6139
2020-01-02 14:39:11,285 ====> Recall@10: 0.6565
2020-01-02 14:39:11,285 ====> Recall@15: 0.6928
2020-01-02 14:39:11,285 ====> Recall@20: 0.7064
2020-01-02 14:39:11,285 ====> Recall@25: 0.7148
2020-01-02 14:39:11,347 ====> Building Cache
2020-01-02 14:39:11,348 h5feat cache at: /home/annora/NetVLAD/output/train_feat_cache.hdf5
2020-01-02 14:41:35,203 Allocated:118.65869140625 MB
2020-01-02 14:41:35,204 Cached:10183.125 MB
2020-01-02 14:43:28,879 ==> Task[1]Epoch[4](50/415): Loss: 0.0135
2020-01-02 14:43:28,880 Allocated:122.15869140625 MB
2020-01-02 14:43:28,881 Cached:1035.875 MB
2020-01-02 14:45:10,448 ==> Task[1]Epoch[4](100/415): Loss: 0.1593
2020-01-02 14:45:10,451 Allocated:121.15869140625 MB
2020-01-02 14:45:10,451 Cached:1035.875 MB
2020-01-02 14:46:51,367 ==> Task[1]Epoch[4](150/415): Loss: 0.0001
2020-01-02 14:46:51,371 Allocated:121.53369140625 MB
2020-01-02 14:46:51,371 Cached:1034.875 MB
2020-01-02 14:49:30,924 ==> Task[1]Epoch[4](250/415): Loss: 0.0397
2020-01-02 14:49:30,926 Allocated:122.78369140625 MB
2020-01-02 14:49:30,926 Cached:1034.875 MB
2020-01-02 14:50:55,468 ==> Task[1]Epoch[4](300/415): Loss: 0.1745
2020-01-02 14:50:55,470 Allocated:120.65869140625 MB
2020-01-02 14:50:55,470 Cached:1035.875 MB
2020-01-02 14:52:08,144 ==> Task[1]Epoch[4](350/415): Loss: 0.0439
2020-01-02 14:52:08,145 Allocated:122.03369140625 MB
2020-01-02 14:52:08,146 Cached:1035.875 MB
2020-01-02 14:53:55,218 ==> Task[1]Epoch[4](400/415): Loss: 0.0170
2020-01-02 14:53:55,219 Allocated:122.28369140625 MB
2020-01-02 14:53:55,219 Cached:1034.875 MB
2020-01-02 14:54:27,442 ===> Task 1 Epoch 4 Complete: Avg. Loss: 0.0688
2020-01-02 14:54:27,443 begin test:
2020-01-02 14:54:27,443 ====> Extracting Features
2020-01-02 14:55:39,650 ==> Batch (50/72)
2020-01-02 14:56:07,004 ====> Building faiss index
2020-01-02 14:56:07,006 ====> Calculating recall @ N
2020-01-02 14:56:07,615 ====> Recall@1: 0.5525
2020-01-02 14:56:07,616 ====> Recall@2: 0.5890
2020-01-02 14:56:07,616 ====> Recall@3: 0.6084
2020-01-02 14:56:07,617 ====> Recall@4: 0.6180
2020-01-02 14:56:07,617 ====> Recall@5: 0.6267
2020-01-02 14:56:07,617 ====> Recall@10: 0.6583
2020-01-02 14:56:07,617 ====> Recall@15: 0.6762
2020-01-02 14:56:07,617 ====> Recall@20: 0.6945
2020-01-02 14:56:07,618 ====> Recall@25: 0.7043
2020-01-02 14:56:07,742 ====> Building Cache
2020-01-02 14:56:07,742 h5feat cache at: /home/annora/NetVLAD/output/train_feat_cache.hdf5
2020-01-02 14:58:35,667 Allocated:119.65869140625 MB
2020-01-02 14:58:35,667 Cached:6913.5 MB
2020-01-02 15:00:31,364 ==> Task[1]Epoch[5](50/415): Loss: 0.0332
2020-01-02 15:00:31,366 Allocated:122.15869140625 MB
2020-01-02 15:00:31,366 Cached:1035.875 MB
2020-01-02 15:02:06,707 ==> Task[1]Epoch[5](100/415): Loss: 0.1173
2020-01-02 15:02:06,708 Allocated:120.65869140625 MB
2020-01-02 15:02:06,708 Cached:1863.125 MB
2020-01-02 15:03:54,031 ==> Task[1]Epoch[5](150/415): Loss: 0.0037
2020-01-02 15:03:54,032 Allocated:121.03369140625 MB
2020-01-02 15:03:54,032 Cached:1862.125 MB
2020-01-02 15:05:44,240 ==> Task[1]Epoch[5](200/415): Loss: 0.0000
2020-01-02 15:05:44,241 Allocated:122.15869140625 MB
2020-01-02 15:05:44,241 Cached:1862.125 MB
2020-01-02 15:06:43,622 ==> Task[1]Epoch[5](250/415): Loss: 0.0042
2020-01-02 15:06:43,624 Allocated:121.15869140625 MB
2020-01-02 15:06:43,624 Cached:1034.875 MB
2020-01-02 15:08:06,119 ==> Task[1]Epoch[5](300/415): Loss: 0.0934
2020-01-02 15:08:06,120 Allocated:120.78369140625 MB
2020-01-02 15:08:06,120 Cached:1035.875 MB
2020-01-02 15:09:33,330 ==> Task[1]Epoch[5](350/415): Loss: 0.0669
2020-01-02 15:09:33,331 Allocated:121.65869140625 MB
2020-01-02 15:09:33,332 Cached:1035.875 MB
2020-01-02 15:11:29,914 ==> Task[1]Epoch[5](400/415): Loss: 0.0064
2020-01-02 15:11:29,915 Allocated:121.65869140625 MB
2020-01-02 15:11:29,915 Cached:1035.875 MB
2020-01-02 15:11:55,107 ===> Task 1 Epoch 5 Complete: Avg. Loss: 0.0425
2020-01-02 15:11:55,110 begin test:
2020-01-02 15:11:55,111 ====> Extracting Features
2020-01-02 15:13:10,408 ==> Batch (50/72)
2020-01-02 15:13:38,167 ====> Building faiss index
2020-01-02 15:13:38,169 ====> Calculating recall @ N
2020-01-02 15:13:38,690 ====> Recall@1: 0.5571
2020-01-02 15:13:38,690 ====> Recall@2: 0.5913
2020-01-02 15:13:38,691 ====> Recall@3: 0.6072
2020-01-02 15:13:38,691 ====> Recall@4: 0.6162
2020-01-02 15:13:38,691 ====> Recall@5: 0.6241
2020-01-02 15:13:38,691 ====> Recall@10: 0.6536
2020-01-02 15:13:38,691 ====> Recall@15: 0.6759
2020-01-02 15:13:38,692 ====> Recall@20: 0.6968
2020-01-02 15:13:38,692 ====> Recall@25: 0.7148
2020-01-02 15:13:38,756 ====> Building Cache
2020-01-02 15:13:38,756 h5feat cache at: /home/annora/NetVLAD/output/train_feat_cache.hdf5
2020-01-02 15:16:03,550 Allocated:119.03369140625 MB
2020-01-02 15:16:03,551 Cached:6913.5 MB
2020-01-02 15:17:33,758 ==> Task[1]Epoch[6](50/415): Loss: 0.0111
2020-01-02 15:17:33,760 Allocated:121.65869140625 MB
2020-01-02 15:17:33,760 Cached:1393.0 MB
2020-01-02 15:18:58,352 ==> Task[1]Epoch[6](100/415): Loss: 0.1609
2020-01-02 15:18:58,353 Allocated:122.15869140625 MB
2020-01-02 15:18:58,354 Cached:1035.875 MB
2020-01-02 15:20:14,819 ==> Task[1]Epoch[6](150/415): Loss: 0.0264
2020-01-02 15:20:14,821 Allocated:121.03369140625 MB
2020-01-02 15:20:14,822 Cached:1035.875 MB
2020-01-02 15:22:36,661 ==> Task[1]Epoch[6](250/415): Loss: 0.0062
2020-01-02 15:22:36,662 Allocated:121.15869140625 MB
2020-01-02 15:22:36,662 Cached:1034.875 MB
2020-01-02 15:23:53,592 ==> Task[1]Epoch[6](300/415): Loss: 0.1520
2020-01-02 15:23:53,593 Allocated:120.65869140625 MB
2020-01-02 15:23:53,594 Cached:1036.875 MB
2020-01-02 15:24:50,082 ==> Task[1]Epoch[6](350/415): Loss: 0.0449
2020-01-02 15:24:50,084 Allocated:122.15869140625 MB
2020-01-02 15:24:50,084 Cached:1035.875 MB
2020-01-02 15:26:29,643 ==> Task[1]Epoch[6](400/415): Loss: 0.0102
2020-01-02 15:26:29,644 Allocated:121.28369140625 MB
2020-01-02 15:26:29,645 Cached:1035.875 MB
2020-01-02 15:26:48,879 ===> Task 1 Epoch 6 Complete: Avg. Loss: 0.0547
2020-01-02 15:26:48,881 begin test:
2020-01-02 15:26:48,882 ====> Extracting Features
2020-01-02 15:27:59,058 ==> Batch (50/72)
2020-01-02 15:28:25,113 ====> Building faiss index
2020-01-02 15:28:25,117 ====> Calculating recall @ N
2020-01-02 15:28:26,062 ====> Recall@1: 0.5667
2020-01-02 15:28:26,062 ====> Recall@2: 0.5997
2020-01-02 15:28:26,063 ====> Recall@3: 0.6133
2020-01-02 15:28:26,063 ====> Recall@4: 0.6252
2020-01-02 15:28:26,063 ====> Recall@5: 0.6339
2020-01-02 15:28:26,064 ====> Recall@10: 0.6571
2020-01-02 15:28:26,064 ====> Recall@15: 0.6774
2020-01-02 15:28:26,064 ====> Recall@20: 0.6977
2020-01-02 15:28:26,065 ====> Recall@25: 0.7168
2020-01-02 15:28:26,221 ====> Building Cache
2020-01-02 15:28:26,222 h5feat cache at: /home/annora/NetVLAD/output/train_feat_cache.hdf5
2020-01-02 15:30:46,423 Allocated:119.40869140625 MB
2020-01-02 15:30:46,423 Cached:6913.5 MB
2020-01-02 15:34:02,562 ==> Task[1]Epoch[7](100/415): Loss: 0.1591
2020-01-02 15:34:02,564 Allocated:120.90869140625 MB
2020-01-02 15:34:02,564 Cached:1035.875 MB
2020-01-02 15:35:27,818 ==> Task[1]Epoch[7](150/415): Loss: 0.0000
2020-01-02 15:35:27,819 Allocated:120.65869140625 MB
2020-01-02 15:35:27,819 Cached:1035.875 MB
2020-01-02 15:39:03,116 ==> Task[1]Epoch[7](250/415): Loss: 0.0139
2020-01-02 15:39:03,118 Allocated:121.40869140625 MB
2020-01-02 15:39:03,118 Cached:1789.125 MB
2020-01-02 15:40:45,714 ==> Task[1]Epoch[7](300/415): Loss: 0.1227
2020-01-02 15:40:45,715 Allocated:120.65869140625 MB
2020-01-02 15:40:45,716 Cached:1036.875 MB
2020-01-02 15:42:06,854 ==> Task[1]Epoch[7](350/415): Loss: 0.0668
2020-01-02 15:42:06,860 Allocated:120.65869140625 MB
2020-01-02 15:42:06,861 Cached:1035.875 MB
2020-01-02 15:44:18,108 ==> Task[1]Epoch[7](400/415): Loss: 0.0432
2020-01-02 15:44:18,110 Allocated:121.53369140625 MB
2020-01-02 15:44:18,110 Cached:1035.875 MB
2020-01-02 15:44:51,033 ===> Task 1 Epoch 7 Complete: Avg. Loss: 0.0489
2020-01-02 15:44:51,036 begin test:
2020-01-02 15:44:51,037 ====> Extracting Features
2020-01-02 15:46:02,445 ==> Batch (50/72)
2020-01-02 15:46:28,176 ====> Building faiss index
2020-01-02 15:46:28,178 ====> Calculating recall @ N
2020-01-02 15:46:28,752 ====> Recall@1: 0.5652
2020-01-02 15:46:28,753 ====> Recall@2: 0.5951
2020-01-02 15:46:28,753 ====> Recall@3: 0.6116
2020-01-02 15:46:28,754 ====> Recall@4: 0.6261
2020-01-02 15:46:28,754 ====> Recall@5: 0.6383
2020-01-02 15:46:28,754 ====> Recall@10: 0.6690
2020-01-02 15:46:28,754 ====> Recall@15: 0.6968
2020-01-02 15:46:28,755 ====> Recall@20: 0.7281
2020-01-02 15:46:28,755 ====> Recall@25: 0.7365
2020-01-02 15:46:28,881 ====> Building Cache
2020-01-02 15:46:28,882 h5feat cache at: /home/annora/NetVLAD/output/train_feat_cache.hdf5
2020-01-02 15:48:50,399 Allocated:119.28369140625 MB
2020-01-02 15:48:50,400 Cached:6913.5 MB
2020-01-02 15:52:15,928 ==> Task[1]Epoch[8](100/415): Loss: 0.1489
2020-01-02 15:52:15,931 Allocated:121.65869140625 MB
2020-01-02 15:52:15,932 Cached:1036.875 MB
2020-01-02 15:53:50,092 ==> Task[1]Epoch[8](150/415): Loss: 0.0000
2020-01-02 15:53:50,093 Allocated:121.15869140625 MB
2020-01-02 15:53:50,093 Cached:1036.875 MB
2020-01-02 15:56:47,801 ==> Task[1]Epoch[8](250/415): Loss: 0.0352
2020-01-02 15:56:47,803 Allocated:120.65869140625 MB
2020-01-02 15:56:47,803 Cached:1036.875 MB
2020-01-02 15:58:20,611 ==> Task[1]Epoch[8](300/415): Loss: 0.1328
2020-01-02 15:58:20,613 Allocated:122.15869140625 MB
2020-01-02 15:58:20,613 Cached:1035.875 MB
2020-01-02 15:59:33,129 ==> Task[1]Epoch[8](350/415): Loss: 0.0521
2020-01-02 15:59:33,130 Allocated:120.78369140625 MB
2020-01-02 15:59:33,131 Cached:1036.875 MB
2020-01-02 16:01:37,348 ==> Task[1]Epoch[8](400/415): Loss: 0.0254
2020-01-02 16:01:37,349 Allocated:121.03369140625 MB
2020-01-02 16:01:37,349 Cached:1735.875 MB
2020-01-02 16:02:03,049 ===> Task 1 Epoch 8 Complete: Avg. Loss: 0.0441
2020-01-02 16:02:03,052 begin test:
2020-01-02 16:02:03,053 ====> Extracting Features
2020-01-02 16:03:14,230 ==> Batch (50/72)
2020-01-02 16:03:41,302 ====> Building faiss index
2020-01-02 16:03:41,305 ====> Calculating recall @ N
2020-01-02 16:03:42,204 ====> Recall@1: 0.5699
2020-01-02 16:03:42,205 ====> Recall@2: 0.6000
2020-01-02 16:03:42,206 ====> Recall@3: 0.6130
2020-01-02 16:03:42,206 ====> Recall@4: 0.6249
2020-01-02 16:03:42,206 ====> Recall@5: 0.6345
2020-01-02 16:03:42,207 ====> Recall@10: 0.6594
2020-01-02 16:03:42,207 ====> Recall@15: 0.7072
2020-01-02 16:03:42,207 ====> Recall@20: 0.7241
2020-01-02 16:03:42,208 ====> Recall@25: 0.7325
2020-01-02 16:03:42,277 ====> Building Cache
2020-01-02 16:03:42,277 h5feat cache at: /home/annora/NetVLAD/output/train_feat_cache.hdf5
2020-01-02 16:06:04,672 Allocated:118.65869140625 MB
2020-01-02 16:06:04,673 Cached:6913.5 MB
2020-01-02 16:07:51,560 ==> Task[1]Epoch[9](50/415): Loss: 0.0300
2020-01-02 16:07:51,561 Allocated:120.65869140625 MB
2020-01-02 16:07:51,562 Cached:1035.875 MB
2020-01-02 16:09:10,210 ==> Task[1]Epoch[9](100/415): Loss: 0.1555
2020-01-02 16:09:10,211 Allocated:122.03369140625 MB
2020-01-02 16:09:10,211 Cached:1860.25 MB
2020-01-02 16:13:54,714 ==> Task[1]Epoch[9](250/415): Loss: 0.0433
2020-01-02 16:13:54,717 Allocated:121.03369140625 MB
2020-01-02 16:13:54,717 Cached:1036.875 MB
2020-01-02 16:15:39,689 ==> Task[1]Epoch[9](300/415): Loss: 0.1057
2020-01-02 16:15:39,690 Allocated:121.65869140625 MB
2020-01-02 16:15:39,690 Cached:1036.875 MB
2020-01-02 16:16:49,504 ==> Task[1]Epoch[9](350/415): Loss: 0.0979
2020-01-02 16:16:49,505 Allocated:122.03369140625 MB
2020-01-02 16:16:49,506 Cached:1036.875 MB
2020-01-02 16:18:47,912 ==> Task[1]Epoch[9](400/415): Loss: 0.0777
2020-01-02 16:18:47,913 Allocated:120.65869140625 MB
2020-01-02 16:18:47,914 Cached:1036.875 MB
2020-01-02 16:19:08,283 ===> Task 1 Epoch 9 Complete: Avg. Loss: 0.0450
2020-01-02 16:19:08,284 begin test:
2020-01-02 16:19:08,285 ====> Extracting Features
2020-01-02 16:20:20,190 ==> Batch (50/72)
2020-01-02 16:20:48,078 ====> Building faiss index
2020-01-02 16:20:48,082 ====> Calculating recall @ N
2020-01-02 16:20:48,947 ====> Recall@1: 0.5643
2020-01-02 16:20:48,948 ====> Recall@2: 0.6014
2020-01-02 16:20:48,950 ====> Recall@3: 0.6174
2020-01-02 16:20:48,954 ====> Recall@4: 0.6270
2020-01-02 16:20:48,958 ====> Recall@5: 0.6470
2020-01-02 16:20:48,960 ====> Recall@10: 0.6988
2020-01-02 16:20:48,961 ====> Recall@15: 0.7188
2020-01-02 16:20:48,962 ====> Recall@20: 0.7293
2020-01-02 16:20:48,963 ====> Recall@25: 0.7371
2020-01-02 16:20:49,132 ====> Building Cache
2020-01-02 16:20:49,133 h5feat cache at: /home/annora/NetVLAD/output/train_feat_cache.hdf5
2020-01-02 16:23:14,683 Allocated:119.15869140625 MB
2020-01-02 16:23:14,684 Cached:6913.5 MB
2020-01-02 16:24:37,803 ==> Task[1]Epoch[10](50/415): Loss: 0.0430
2020-01-02 16:24:37,804 Allocated:121.65869140625 MB
2020-01-02 16:24:37,805 Cached:1394.0 MB
2020-01-02 16:25:52,305 ==> Task[1]Epoch[10](100/415): Loss: 0.1451
2020-01-02 16:25:52,307 Allocated:121.65869140625 MB
2020-01-02 16:25:52,307 Cached:1035.875 MB
2020-01-02 16:29:27,492 ==> Task[1]Epoch[10](250/415): Loss: 0.0248
2020-01-02 16:29:27,494 Allocated:120.78369140625 MB
2020-01-02 16:29:27,494 Cached:1036.875 MB
2020-01-02 16:30:49,488 ==> Task[1]Epoch[10](300/415): Loss: 0.0841
2020-01-02 16:30:49,490 Allocated:122.15869140625 MB
2020-01-02 16:30:49,490 Cached:1035.875 MB
2020-01-02 16:31:42,772 ==> Task[1]Epoch[10](350/415): Loss: 0.0403
2020-01-02 16:31:42,773 Allocated:121.65869140625 MB
2020-01-02 16:31:42,773 Cached:1036.875 MB
2020-01-02 16:33:14,879 ==> Task[1]Epoch[10](400/415): Loss: 0.0260
2020-01-02 16:33:14,881 Allocated:122.15869140625 MB
2020-01-02 16:33:14,881 Cached:1035.875 MB
2020-01-02 16:33:39,586 ===> Task 1 Epoch 10 Complete: Avg. Loss: 0.0369
2020-01-02 16:33:39,588 begin test:
2020-01-02 16:33:39,589 ====> Extracting Features
2020-01-02 16:34:50,677 ==> Batch (50/72)
2020-01-02 16:35:16,517 ====> Building faiss index
2020-01-02 16:35:16,519 ====> Calculating recall @ N
2020-01-02 16:35:17,039 ====> Recall@1: 0.5690
2020-01-02 16:35:17,039 ====> Recall@2: 0.6029
2020-01-02 16:35:17,040 ====> Recall@3: 0.6162
2020-01-02 16:35:17,040 ====> Recall@4: 0.6261
2020-01-02 16:35:17,040 ====> Recall@5: 0.6342
2020-01-02 16:35:17,040 ====> Recall@10: 0.6632
2020-01-02 16:35:17,041 ====> Recall@15: 0.6959
2020-01-02 16:35:17,041 ====> Recall@20: 0.7249
2020-01-02 16:35:17,041 ====> Recall@25: 0.7330
2020-01-02 16:35:17,099 ====> Building Cache
2020-01-02 16:35:17,100 h5feat cache at: /home/annora/NetVLAD/output/train_feat_cache.hdf5
2020-01-02 16:37:43,106 Allocated:119.15869140625 MB
2020-01-02 16:37:43,106 Cached:6913.5 MB
2020-01-02 16:38:58,822 ==> Task[1]Epoch[11](50/415): Loss: 0.0000
2020-01-02 16:38:58,824 Allocated:121.03369140625 MB
2020-01-02 16:38:58,824 Cached:1393.0 MB
2020-01-02 16:40:13,602 ==> Task[1]Epoch[11](100/415): Loss: 0.1967
2020-01-02 16:40:13,603 Allocated:120.65869140625 MB
2020-01-02 16:40:13,604 Cached:1035.875 MB
2020-01-02 16:44:38,392 ==> Task[1]Epoch[11](300/415): Loss: 0.1209
2020-01-02 16:44:38,393 Allocated:121.28369140625 MB
2020-01-02 16:44:38,394 Cached:1035.875 MB
2020-01-02 16:45:30,677 ==> Task[1]Epoch[11](350/415): Loss: 0.0710
2020-01-02 16:45:30,678 Allocated:120.65869140625 MB
2020-01-02 16:45:30,679 Cached:1765.25 MB
2020-01-02 16:46:56,116 ==> Task[1]Epoch[11](400/415): Loss: 0.0000
2020-01-02 16:46:56,117 Allocated:120.65869140625 MB
2020-01-02 16:46:56,118 Cached:1035.875 MB
2020-01-02 16:47:15,335 ===> Task 1 Epoch 11 Complete: Avg. Loss: 0.0457
2020-01-02 16:47:15,337 begin test:
2020-01-02 16:47:15,338 ====> Extracting Features
2020-01-02 16:48:30,126 ==> Batch (50/72)
2020-01-02 16:48:58,025 ====> Building faiss index
2020-01-02 16:48:58,027 ====> Calculating recall @ N
2020-01-02 16:48:58,569 ====> Recall@1: 0.5586
2020-01-02 16:48:58,569 ====> Recall@2: 0.5983
2020-01-02 16:48:58,570 ====> Recall@3: 0.6157
2020-01-02 16:48:58,570 ====> Recall@4: 0.6293
2020-01-02 16:48:58,570 ====> Recall@5: 0.6365
2020-01-02 16:48:58,571 ====> Recall@10: 0.6617
2020-01-02 16:48:58,571 ====> Recall@15: 0.6916
2020-01-02 16:48:58,571 ====> Recall@20: 0.7281
2020-01-02 16:48:58,571 ====> Recall@25: 0.7377
2020-01-02 16:48:58,639 ====> Building Cache
2020-01-02 16:48:58,640 h5feat cache at: /home/annora/NetVLAD/output/train_feat_cache.hdf5
2020-01-02 16:51:23,583 Allocated:119.15869140625 MB
2020-01-02 16:51:23,584 Cached:6913.5 MB
2020-01-02 16:53:00,972 ==> Task[1]Epoch[12](50/415): Loss: 0.0000
2020-01-02 16:53:00,973 Allocated:120.78369140625 MB
2020-01-02 16:53:00,974 Cached:1036.875 MB
2020-01-02 16:54:28,881 ==> Task[1]Epoch[12](100/415): Loss: 0.0639
2020-01-02 16:54:28,883 Allocated:120.65869140625 MB
2020-01-02 16:54:28,883 Cached:1863.125 MB
2020-01-02 16:58:26,689 ==> Task[1]Epoch[12](250/415): Loss: 0.0017
2020-01-02 16:58:26,691 Allocated:121.40869140625 MB
2020-01-02 16:58:26,691 Cached:1035.875 MB
2020-01-02 16:59:51,211 ==> Task[1]Epoch[12](300/415): Loss: 0.0914
2020-01-02 16:59:51,214 Allocated:122.03369140625 MB
2020-01-02 16:59:51,214 Cached:1035.875 MB
2020-01-02 17:01:04,141 ==> Task[1]Epoch[12](350/415): Loss: 0.0154
2020-01-02 17:01:04,142 Allocated:121.65869140625 MB
2020-01-02 17:01:04,142 Cached:1036.875 MB
2020-01-02 17:03:00,422 ==> Task[1]Epoch[12](400/415): Loss: 0.0012
2020-01-02 17:03:00,424 Allocated:121.53369140625 MB
2020-01-02 17:03:00,424 Cached:1036.875 MB
2020-01-02 17:03:26,911 ===> Task 1 Epoch 12 Complete: Avg. Loss: 0.0302
2020-01-02 17:03:26,912 begin test:
2020-01-02 17:03:26,913 ====> Extracting Features
2020-01-02 17:04:39,294 ==> Batch (50/72)
2020-01-02 17:05:05,283 ====> Building faiss index
2020-01-02 17:05:05,286 ====> Calculating recall @ N
2020-01-02 17:05:05,970 ====> Recall@1: 0.5641
2020-01-02 17:05:05,971 ====> Recall@2: 0.5991
2020-01-02 17:05:05,971 ====> Recall@3: 0.6130
2020-01-02 17:05:05,971 ====> Recall@4: 0.6235
2020-01-02 17:05:05,972 ====> Recall@5: 0.6319
2020-01-02 17:05:05,972 ====> Recall@10: 0.6557
2020-01-02 17:05:05,972 ====> Recall@15: 0.6745
2020-01-02 17:05:05,972 ====> Recall@20: 0.7168
2020-01-02 17:05:05,972 ====> Recall@25: 0.7281
2020-01-02 17:05:06,039 ====> Building Cache
2020-01-02 17:05:06,039 h5feat cache at: /home/annora/NetVLAD/output/train_feat_cache.hdf5
2020-01-02 17:07:24,387 Allocated:118.65869140625 MB
2020-01-02 17:07:24,387 Cached:9910.75 MB
2020-01-02 17:09:55,202 ==> Task[1]Epoch[13](100/415): Loss: 0.2011
2020-01-02 17:09:55,205 Allocated:120.65869140625 MB
2020-01-02 17:09:55,205 Cached:1035.875 MB
2020-01-02 17:14:36,062 ==> Task[1]Epoch[13](300/415): Loss: 0.1332
2020-01-02 17:14:36,063 Allocated:120.78369140625 MB
2020-01-02 17:14:36,063 Cached:1035.875 MB
2020-01-02 17:15:34,035 ==> Task[1]Epoch[13](350/415): Loss: 0.0581
2020-01-02 17:15:34,037 Allocated:121.03369140625 MB
2020-01-02 17:15:34,037 Cached:1755.625 MB
2020-01-02 17:17:19,267 ==> Task[1]Epoch[13](400/415): Loss: 0.0699
2020-01-02 17:17:19,268 Allocated:121.15869140625 MB
2020-01-02 17:17:19,268 Cached:1034.875 MB
2020-01-02 17:17:42,187 ===> Task 1 Epoch 13 Complete: Avg. Loss: 0.0444
2020-01-02 17:17:42,189 begin test:
2020-01-02 17:17:42,190 ====> Extracting Features
2020-01-02 17:18:55,067 ==> Batch (50/72)
2020-01-02 17:19:22,270 ====> Building faiss index
2020-01-02 17:19:22,272 ====> Calculating recall @ N
2020-01-02 17:19:23,099 ====> Recall@1: 0.5655
2020-01-02 17:19:23,101 ====> Recall@2: 0.5951
2020-01-02 17:19:23,102 ====> Recall@3: 0.6090
2020-01-02 17:19:23,103 ====> Recall@4: 0.6214
2020-01-02 17:19:23,105 ====> Recall@5: 0.6287
2020-01-02 17:19:23,106 ====> Recall@10: 0.6574
2020-01-02 17:19:23,107 ====> Recall@15: 0.6803
2020-01-02 17:19:23,109 ====> Recall@20: 0.7072
2020-01-02 17:19:23,111 ====> Recall@25: 0.7301
2020-01-02 17:19:23,199 ====> Building Cache
2020-01-02 17:19:23,202 h5feat cache at: /home/annora/NetVLAD/output/train_feat_cache.hdf5
2020-01-02 17:21:47,057 Allocated:119.15869140625 MB
2020-01-02 17:21:47,058 Cached:6914.5 MB
2020-01-02 17:23:18,891 ==> Task[1]Epoch[14](50/415): Loss: 0.0031
2020-01-02 17:23:18,893 Allocated:120.78369140625 MB
2020-01-02 17:23:18,893 Cached:1034.875 MB
2020-01-02 17:25:03,212 ==> Task[1]Epoch[14](100/415): Loss: 0.1494
2020-01-02 17:25:03,213 Allocated:120.65869140625 MB
2020-01-02 17:25:03,214 Cached:1035.875 MB
2020-01-02 17:30:01,671 ==> Task[1]Epoch[14](250/415): Loss: 0.0327
2020-01-02 17:30:01,673 Allocated:120.65869140625 MB
2020-01-02 17:30:01,673 Cached:1034.875 MB
2020-01-02 17:31:30,777 ==> Task[1]Epoch[14](300/415): Loss: 0.0879
2020-01-02 17:31:30,779 Allocated:121.65869140625 MB
2020-01-02 17:31:30,779 Cached:1034.875 MB
2020-01-02 17:32:35,633 ==> Task[1]Epoch[14](350/415): Loss: 0.0477
2020-01-02 17:32:35,634 Allocated:120.65869140625 MB
2020-01-02 17:32:35,635 Cached:1035.875 MB
2020-01-02 17:34:25,143 ==> Task[1]Epoch[14](400/415): Loss: 0.0000
2020-01-02 17:34:25,145 Allocated:121.15869140625 MB
2020-01-02 17:34:25,146 Cached:1035.875 MB
2020-01-02 17:34:51,807 ===> Task 1 Epoch 14 Complete: Avg. Loss: 0.0399
2020-01-02 17:34:51,809 begin test:
2020-01-02 17:34:51,809 ====> Extracting Features
2020-01-02 17:36:02,007 ==> Batch (50/72)
2020-01-02 17:36:26,358 ====> Building faiss index
2020-01-02 17:36:26,360 ====> Calculating recall @ N
2020-01-02 17:36:26,954 ====> Recall@1: 0.5716
2020-01-02 17:36:26,954 ====> Recall@2: 0.6052
2020-01-02 17:36:26,955 ====> Recall@3: 0.6220
2020-01-02 17:36:26,955 ====> Recall@4: 0.6316
2020-01-02 17:36:26,955 ====> Recall@5: 0.6409
2020-01-02 17:36:26,956 ====> Recall@10: 0.6814
2020-01-02 17:36:26,956 ====> Recall@15: 0.7200
2020-01-02 17:36:26,956 ====> Recall@20: 0.7316
2020-01-02 17:36:26,956 ====> Recall@25: 0.7409
2020-01-02 17:36:27,024 ====> Building Cache
2020-01-02 17:36:27,024 h5feat cache at: /home/annora/NetVLAD/output/train_feat_cache.hdf5
2020-01-02 17:38:46,419 Allocated:118.65869140625 MB
2020-01-02 17:38:46,420 Cached:6913.5 MB
2020-01-02 17:40:23,447 ==> Task[1]Epoch[15](50/415): Loss: 0.0280
2020-01-02 17:40:23,449 Allocated:121.28369140625 MB
2020-01-02 17:40:23,449 Cached:1037.875 MB
2020-01-02 17:41:59,988 ==> Task[1]Epoch[15](100/415): Loss: 0.1730
2020-01-02 17:41:59,991 Allocated:120.65869140625 MB
2020-01-02 17:41:59,991 Cached:1034.875 MB
2020-01-02 17:46:13,968 ==> Task[1]Epoch[15](250/415): Loss: 0.0194
2020-01-02 17:46:13,970 Allocated:120.65869140625 MB
2020-01-02 17:46:13,970 Cached:1037.875 MB
2020-01-02 17:47:30,061 ==> Task[1]Epoch[15](300/415): Loss: 0.0790
2020-01-02 17:47:30,063 Allocated:121.40869140625 MB
2020-01-02 17:47:30,063 Cached:1035.875 MB
2020-01-02 17:48:39,366 ==> Task[1]Epoch[15](350/415): Loss: 0.0766
2020-01-02 17:48:39,368 Allocated:121.15869140625 MB
2020-01-02 17:48:39,368 Cached:1036.875 MB
2020-01-02 17:50:31,265 ==> Task[1]Epoch[15](400/415): Loss: 0.0025
2020-01-02 17:50:31,267 Allocated:122.03369140625 MB
2020-01-02 17:50:31,267 Cached:1864.125 MB
2020-01-02 17:51:00,932 ===> Task 1 Epoch 15 Complete: Avg. Loss: 0.0376
2020-01-02 17:51:00,934 begin test:
2020-01-02 17:51:00,935 ====> Extracting Features
2020-01-02 17:52:12,508 ==> Batch (50/72)
2020-01-02 17:52:37,744 ====> Building faiss index
2020-01-02 17:52:37,746 ====> Calculating recall @ N
2020-01-02 17:52:38,362 ====> Recall@1: 0.5638
2020-01-02 17:52:38,362 ====> Recall@2: 0.5971
2020-01-02 17:52:38,363 ====> Recall@3: 0.6148
2020-01-02 17:52:38,363 ====> Recall@4: 0.6261
2020-01-02 17:52:38,364 ====> Recall@5: 0.6345
2020-01-02 17:52:38,364 ====> Recall@10: 0.6670
2020-01-02 17:52:38,364 ====> Recall@15: 0.7032
2020-01-02 17:52:38,365 ====> Recall@20: 0.7301
2020-01-02 17:52:38,365 ====> Recall@25: 0.7386
2020-01-02 17:52:38,428 ====> Building Cache
2020-01-02 17:52:38,428 h5feat cache at: /home/annora/NetVLAD/output/train_feat_cache.hdf5
2020-01-02 17:54:57,473 Allocated:118.65869140625 MB
2020-01-02 17:54:57,474 Cached:10086.125 MB
2020-01-02 17:57:44,855 ==> Task[1]Epoch[16](100/415): Loss: 0.1526
2020-01-02 17:57:44,857 Allocated:121.65869140625 MB
2020-01-02 17:57:44,857 Cached:1035.875 MB
2020-01-02 18:01:51,809 ==> Task[1]Epoch[16](250/415): Loss: 0.0000
2020-01-02 18:01:51,810 Allocated:121.65869140625 MB
2020-01-02 18:01:51,811 Cached:1035.875 MB
2020-01-02 18:03:48,943 ==> Task[1]Epoch[16](300/415): Loss: 0.0934
2020-01-02 18:03:48,945 Allocated:120.65869140625 MB
2020-01-02 18:03:48,945 Cached:1035.875 MB
2020-01-02 18:04:41,106 ==> Task[1]Epoch[16](350/415): Loss: 0.0400
2020-01-02 18:04:41,107 Allocated:120.65869140625 MB
2020-01-02 18:04:41,108 Cached:1741.25 MB
2020-01-02 18:06:08,637 ==> Task[1]Epoch[16](400/415): Loss: 0.0876
2020-01-02 18:06:08,639 Allocated:121.90869140625 MB
2020-01-02 18:06:08,639 Cached:1035.875 MB
2020-01-02 18:06:27,153 ===> Task 1 Epoch 16 Complete: Avg. Loss: 0.0371
2020-01-02 18:06:27,154 begin test:
2020-01-02 18:06:27,154 ====> Extracting Features
2020-01-02 18:07:40,430 ==> Batch (50/72)
2020-01-02 18:08:07,405 ====> Building faiss index
2020-01-02 18:08:07,407 ====> Calculating recall @ N
2020-01-02 18:08:07,957 ====> Recall@1: 0.5675
2020-01-02 18:08:07,957 ====> Recall@2: 0.6006
2020-01-02 18:08:07,958 ====> Recall@3: 0.6188
2020-01-02 18:08:07,958 ====> Recall@4: 0.6284
2020-01-02 18:08:07,958 ====> Recall@5: 0.6354
2020-01-02 18:08:07,958 ====> Recall@10: 0.6661
2020-01-02 18:08:07,959 ====> Recall@15: 0.7157
2020-01-02 18:08:07,959 ====> Recall@20: 0.7296
2020-01-02 18:08:07,959 ====> Recall@25: 0.7391
2020-01-02 18:08:08,020 ====> Building Cache
2020-01-02 18:08:08,020 h5feat cache at: /home/annora/NetVLAD/output/train_feat_cache.hdf5
2020-01-02 18:10:26,069 Allocated:120.03369140625 MB
2020-01-02 18:10:26,070 Cached:6913.5 MB
2020-01-02 18:11:47,249 ==> Task[1]Epoch[17](50/415): Loss: 0.0080
2020-01-02 18:11:47,250 Allocated:121.65869140625 MB
2020-01-02 18:11:47,250 Cached:1393.0 MB
2020-01-02 18:13:18,355 ==> Task[1]Epoch[17](100/415): Loss: 0.1915
2020-01-02 18:13:18,357 Allocated:122.28369140625 MB
2020-01-02 18:13:18,357 Cached:1036.875 MB
2020-01-02 18:17:24,549 ==> Task[1]Epoch[17](250/415): Loss: 0.0348
2020-01-02 18:17:24,551 Allocated:120.65869140625 MB
2020-01-02 18:17:24,552 Cached:1036.875 MB
2020-01-02 18:18:51,725 ==> Task[1]Epoch[17](300/415): Loss: 0.0718
2020-01-02 18:18:51,726 Allocated:121.65869140625 MB
2020-01-02 18:18:51,727 Cached:1035.875 MB
2020-01-02 18:19:48,926 ==> Task[1]Epoch[17](350/415): Loss: 0.0776
2020-01-02 18:19:48,927 Allocated:121.65869140625 MB
2020-01-02 18:19:48,928 Cached:1747.625 MB
2020-01-02 18:21:26,752 ==> Task[1]Epoch[17](400/415): Loss: 0.0001
2020-01-02 18:21:26,753 Allocated:120.65869140625 MB
2020-01-02 18:21:26,753 Cached:1748.625 MB
2020-01-02 18:21:48,200 ===> Task 1 Epoch 17 Complete: Avg. Loss: 0.0411
2020-01-02 18:21:48,202 begin test:
2020-01-02 18:21:48,202 ====> Extracting Features
2020-01-02 18:23:02,913 ==> Batch (50/72)
2020-01-02 18:23:28,194 ====> Building faiss index
2020-01-02 18:23:28,196 ====> Calculating recall @ N
2020-01-02 18:23:28,777 ====> Recall@1: 0.5614
2020-01-02 18:23:28,778 ====> Recall@2: 0.5936
2020-01-02 18:23:28,779 ====> Recall@3: 0.6122
2020-01-02 18:23:28,780 ====> Recall@4: 0.6232
2020-01-02 18:23:28,780 ====> Recall@5: 0.6307
2020-01-02 18:23:28,780 ====> Recall@10: 0.6617
2020-01-02 18:23:28,781 ====> Recall@15: 0.7104
2020-01-02 18:23:28,781 ====> Recall@20: 0.7238
2020-01-02 18:23:28,781 ====> Recall@25: 0.7319
2020-01-02 18:23:28,844 ====> Building Cache
2020-01-02 18:23:28,845 h5feat cache at: /home/annora/NetVLAD/output/train_feat_cache.hdf5
2020-01-02 18:25:46,318 Allocated:118.65869140625 MB
2020-01-02 18:25:46,319 Cached:6914.5 MB
2020-01-02 18:27:20,467 ==> Task[1]Epoch[18](50/415): Loss: 0.0000
2020-01-02 18:27:20,468 Allocated:120.65869140625 MB
2020-01-02 18:27:20,469 Cached:1035.875 MB
2020-01-02 18:29:09,122 ==> Task[1]Epoch[18](100/415): Loss: 0.1269
2020-01-02 18:29:09,123 Allocated:120.65869140625 MB
2020-01-02 18:29:09,124 Cached:1035.875 MB
2020-01-02 18:33:41,341 ==> Task[1]Epoch[18](250/415): Loss: 0.0119
2020-01-02 18:33:41,343 Allocated:121.65869140625 MB
2020-01-02 18:33:41,343 Cached:1035.875 MB
2020-01-02 18:35:12,623 ==> Task[1]Epoch[18](300/415): Loss: 0.1079
2020-01-02 18:35:12,624 Allocated:120.65869140625 MB
2020-01-02 18:35:12,625 Cached:1035.875 MB
2020-01-02 18:36:04,196 ==> Task[1]Epoch[18](350/415): Loss: 0.0208
2020-01-02 18:36:04,197 Allocated:121.03369140625 MB
2020-01-02 18:36:04,197 Cached:1035.875 MB
2020-01-02 18:37:44,934 ==> Task[1]Epoch[18](400/415): Loss: 0.0034
2020-01-02 18:37:44,936 Allocated:121.15869140625 MB
2020-01-02 18:37:44,936 Cached:1036.875 MB
2020-01-02 18:38:14,145 ===> Task 1 Epoch 18 Complete: Avg. Loss: 0.0325
2020-01-02 18:38:14,147 begin test:
2020-01-02 18:38:14,147 ====> Extracting Features
2020-01-02 18:39:27,385 ==> Batch (50/72)
2020-01-02 18:39:54,102 ====> Building faiss index
2020-01-02 18:39:54,105 ====> Calculating recall @ N
2020-01-02 18:39:54,840 ====> Recall@1: 0.5684
2020-01-02 18:39:54,841 ====> Recall@2: 0.6012
2020-01-02 18:39:54,842 ====> Recall@3: 0.6165
2020-01-02 18:39:54,842 ====> Recall@4: 0.6458
2020-01-02 18:39:54,842 ====> Recall@5: 0.6664
2020-01-02 18:39:54,843 ====> Recall@10: 0.6968
2020-01-02 18:39:54,843 ====> Recall@15: 0.7148
2020-01-02 18:39:54,843 ====> Recall@20: 0.7264
2020-01-02 18:39:54,843 ====> Recall@25: 0.7345
2020-01-02 18:39:55,004 ====> Building Cache
2020-01-02 18:39:55,005 h5feat cache at: /home/annora/NetVLAD/output/train_feat_cache.hdf5
2020-01-02 18:42:14,417 Allocated:119.15869140625 MB
2020-01-02 18:42:14,418 Cached:6913.5 MB
2020-01-02 18:43:33,628 ==> Task[1]Epoch[19](50/415): Loss: 0.0160
2020-01-02 18:43:33,629 Allocated:120.65869140625 MB
2020-01-02 18:43:33,629 Cached:1035.875 MB
2020-01-02 18:44:51,352 ==> Task[1]Epoch[19](100/415): Loss: 0.2172
2020-01-02 18:44:51,353 Allocated:121.65869140625 MB
2020-01-02 18:44:51,353 Cached:1859.0 MB
2020-01-02 18:49:22,923 ==> Task[1]Epoch[19](300/415): Loss: 0.0942
2020-01-02 18:49:22,925 Allocated:120.78369140625 MB
2020-01-02 18:49:22,925 Cached:1035.875 MB
2020-01-02 18:50:19,775 ==> Task[1]Epoch[19](350/415): Loss: 0.0907
2020-01-02 18:50:19,777 Allocated:120.65869140625 MB
2020-01-02 18:50:19,777 Cached:1034.875 MB
2020-01-02 18:52:05,098 ==> Task[1]Epoch[19](400/415): Loss: 0.0429
2020-01-02 18:52:05,101 Allocated:120.65869140625 MB
2020-01-02 18:52:05,102 Cached:1036.875 MB
2020-01-02 18:52:25,756 ===> Task 1 Epoch 19 Complete: Avg. Loss: 0.0426
2020-01-02 18:52:25,758 begin test:
2020-01-02 18:52:25,758 ====> Extracting Features
2020-01-02 18:53:38,519 ==> Batch (50/72)
2020-01-02 18:54:04,707 ====> Building faiss index
2020-01-02 18:54:04,708 ====> Calculating recall @ N
2020-01-02 18:54:05,237 ====> Recall@1: 0.5670
2020-01-02 18:54:05,238 ====> Recall@2: 0.5986
2020-01-02 18:54:05,238 ====> Recall@3: 0.6125
2020-01-02 18:54:05,238 ====> Recall@4: 0.6226
2020-01-02 18:54:05,239 ====> Recall@5: 0.6307
2020-01-02 18:54:05,239 ====> Recall@10: 0.6600
2020-01-02 18:54:05,239 ====> Recall@15: 0.7052
2020-01-02 18:54:05,239 ====> Recall@20: 0.7217
2020-01-02 18:54:05,240 ====> Recall@25: 0.7345
2020-01-02 18:54:05,302 ====> Building Cache
2020-01-02 18:54:05,303 h5feat cache at: /home/annora/NetVLAD/output/train_feat_cache.hdf5
2020-01-02 18:56:26,553 Allocated:119.65869140625 MB
2020-01-02 18:56:26,554 Cached:9973.875 MB
2020-01-02 18:58:05,147 ==> Task[1]Epoch[20](50/415): Loss: 0.0000
2020-01-02 18:58:05,149 Allocated:121.15869140625 MB
2020-01-02 18:58:05,149 Cached:1750.875 MB
2020-01-02 18:59:39,990 ==> Task[1]Epoch[20](100/415): Loss: 0.1104
2020-01-02 18:59:39,991 Allocated:122.03369140625 MB
2020-01-02 18:59:39,992 Cached:1749.875 MB
2020-01-02 19:03:59,856 ==> Task[1]Epoch[20](250/415): Loss: 0.0028
2020-01-02 19:03:59,858 Allocated:121.15869140625 MB
2020-01-02 19:03:59,858 Cached:1034.875 MB
2020-01-02 19:05:41,080 ==> Task[1]Epoch[20](300/415): Loss: 0.0665
2020-01-02 19:05:41,082 Allocated:120.65869140625 MB
2020-01-02 19:05:41,083 Cached:1035.875 MB
2020-01-02 19:06:43,725 ==> Task[1]Epoch[20](350/415): Loss: 0.0120
2020-01-02 19:06:43,727 Allocated:120.65869140625 MB
2020-01-02 19:06:43,727 Cached:1035.875 MB
2020-01-02 19:08:36,752 ==> Task[1]Epoch[20](400/415): Loss: 0.0413
2020-01-02 19:08:36,754 Allocated:121.28369140625 MB
2020-01-02 19:08:36,754 Cached:1763.625 MB
2020-01-02 19:09:05,171 ===> Task 1 Epoch 20 Complete: Avg. Loss: 0.0310
2020-01-02 19:09:05,173 begin test:
2020-01-02 19:09:05,174 ====> Extracting Features
2020-01-02 19:10:16,319 ==> Batch (50/72)
2020-01-02 19:10:42,225 ====> Building faiss index
2020-01-02 19:10:42,227 ====> Calculating recall @ N
2020-01-02 19:10:42,838 ====> Recall@1: 0.5638
2020-01-02 19:10:42,839 ====> Recall@2: 0.6009
2020-01-02 19:10:42,839 ====> Recall@3: 0.6168
2020-01-02 19:10:42,840 ====> Recall@4: 0.6290
2020-01-02 19:10:42,840 ====> Recall@5: 0.6368
2020-01-02 19:10:42,840 ====> Recall@10: 0.6655
2020-01-02 19:10:42,840 ====> Recall@15: 0.7113
2020-01-02 19:10:42,841 ====> Recall@20: 0.7270
2020-01-02 19:10:42,841 ====> Recall@25: 0.7354
2020-01-02 19:10:42,908 ====> Building Cache
2020-01-02 19:10:42,909 h5feat cache at: /home/annora/NetVLAD/output/train_feat_cache.hdf5
2020-01-02 19:13:01,797 Allocated:118.65869140625 MB
2020-01-02 19:13:01,798 Cached:9986.625 MB
2020-01-02 19:14:22,785 ==> Task[1]Epoch[21](50/415): Loss: 0.0113
2020-01-02 19:14:22,786 Allocated:120.65869140625 MB
2020-01-02 19:14:22,787 Cached:1037.875 MB
2020-01-02 19:15:50,454 ==> Task[1]Epoch[21](100/415): Loss: 0.1778
2020-01-02 19:15:50,455 Allocated:120.65869140625 MB
2020-01-02 19:15:50,456 Cached:1035.875 MB
2020-01-02 19:21:01,284 ==> Task[1]Epoch[21](300/415): Loss: 0.0634
2020-01-02 19:21:01,285 Allocated:121.28369140625 MB
2020-01-02 19:21:01,285 Cached:1035.875 MB
2020-01-02 19:21:52,789 ==> Task[1]Epoch[21](350/415): Loss: 0.0785
2020-01-02 19:21:52,790 Allocated:120.65869140625 MB
2020-01-02 19:21:52,790 Cached:1035.875 MB
2020-01-02 19:23:24,006 ==> Task[1]Epoch[21](400/415): Loss: 0.0323
2020-01-02 19:23:24,007 Allocated:121.78369140625 MB
2020-01-02 19:23:24,007 Cached:1859.0 MB
2020-01-02 19:23:41,410 ===> Task 1 Epoch 21 Complete: Avg. Loss: 0.0416
2020-01-02 19:23:41,411 begin test:
2020-01-02 19:23:41,414 ====> Extracting Features
2020-01-02 19:24:53,109 ==> Batch (50/72)
2020-01-02 19:25:18,784 ====> Building faiss index
2020-01-02 19:25:18,786 ====> Calculating recall @ N
2020-01-02 19:25:19,322 ====> Recall@1: 0.5626
2020-01-02 19:25:19,323 ====> Recall@2: 0.5994
2020-01-02 19:25:19,324 ====> Recall@3: 0.6157
2020-01-02 19:25:19,324 ====> Recall@4: 0.6252
2020-01-02 19:25:19,324 ====> Recall@5: 0.6330
2020-01-02 19:25:19,324 ====> Recall@10: 0.6742
2020-01-02 19:25:19,325 ====> Recall@15: 0.7067
2020-01-02 19:25:19,325 ====> Recall@20: 0.7200
2020-01-02 19:25:19,325 ====> Recall@25: 0.7287
2020-01-02 19:25:19,388 ====> Building Cache
2020-01-02 19:25:19,388 h5feat cache at: /home/annora/NetVLAD/output/train_feat_cache.hdf5
2020-01-02 19:27:38,769 Allocated:118.65869140625 MB
2020-01-02 19:27:38,770 Cached:6913.5 MB
2020-01-02 19:28:59,411 ==> Task[1]Epoch[22](50/415): Loss: 0.0141
2020-01-02 19:28:59,412 Allocated:120.65869140625 MB
2020-01-02 19:28:59,412 Cached:1392.0 MB
2020-01-02 19:30:26,364 ==> Task[1]Epoch[22](100/415): Loss: 0.1676
2020-01-02 19:30:26,365 Allocated:120.78369140625 MB
2020-01-02 19:30:26,366 Cached:1034.875 MB
2020-01-02 19:34:22,102 ==> Task[1]Epoch[22](250/415): Loss: 0.0133
2020-01-02 19:34:22,103 Allocated:121.15869140625 MB
2020-01-02 19:34:22,103 Cached:1035.875 MB
2020-01-02 19:35:56,520 ==> Task[1]Epoch[22](300/415): Loss: 0.0450
2020-01-02 19:35:56,521 Allocated:121.65869140625 MB
2020-01-02 19:35:56,522 Cached:1035.875 MB
2020-01-02 19:37:05,892 ==> Task[1]Epoch[22](350/415): Loss: 0.0425
2020-01-02 19:37:05,893 Allocated:120.65869140625 MB
2020-01-02 19:37:05,894 Cached:1036.875 MB
2020-01-02 19:38:56,989 ==> Task[1]Epoch[22](400/415): Loss: 0.0957
2020-01-02 19:38:56,990 Allocated:120.65869140625 MB
2020-01-02 19:38:56,991 Cached:1035.875 MB
2020-01-02 19:39:20,779 ===> Task 1 Epoch 22 Complete: Avg. Loss: 0.0379
2020-01-02 19:39:20,781 begin test:
2020-01-02 19:39:20,782 ====> Extracting Features
2020-01-02 19:40:31,594 ==> Batch (50/72)
2020-01-02 19:40:59,354 ====> Building faiss index
2020-01-02 19:40:59,355 ====> Calculating recall @ N
2020-01-02 19:40:59,975 ====> Recall@1: 0.5696
2020-01-02 19:40:59,975 ====> Recall@2: 0.6032
2020-01-02 19:40:59,976 ====> Recall@3: 0.6171
2020-01-02 19:40:59,976 ====> Recall@4: 0.6301
2020-01-02 19:40:59,976 ====> Recall@5: 0.6397
2020-01-02 19:40:59,976 ====> Recall@10: 0.6725
2020-01-02 19:40:59,976 ====> Recall@15: 0.7168
2020-01-02 19:40:59,977 ====> Recall@20: 0.7290
2020-01-02 19:40:59,977 ====> Recall@25: 0.7371
2020-01-02 19:41:00,038 ====> Building Cache
2020-01-02 19:41:00,039 h5feat cache at: /home/annora/NetVLAD/output/train_feat_cache.hdf5
2020-01-02 19:43:25,706 Allocated:118.65869140625 MB
2020-01-02 19:43:25,706 Cached:6913.5 MB
2020-01-02 19:44:36,708 ==> Task[1]Epoch[23](50/415): Loss: 0.0123
2020-01-02 19:44:36,710 Allocated:120.78369140625 MB
2020-01-02 19:44:36,710 Cached:1394.0 MB
2020-01-02 19:45:54,815 ==> Task[1]Epoch[23](100/415): Loss: 0.1688
2020-01-02 19:45:54,816 Allocated:120.78369140625 MB
2020-01-02 19:45:54,816 Cached:1036.875 MB
2020-01-02 19:49:18,657 ==> Task[1]Epoch[23](250/415): Loss: 0.0000
2020-01-02 19:49:18,658 Allocated:120.65869140625 MB
2020-01-02 19:49:18,660 Cached:1035.875 MB
2020-01-02 19:50:44,606 ==> Task[1]Epoch[23](300/415): Loss: 0.0649
2020-01-02 19:50:44,607 Allocated:120.65869140625 MB
2020-01-02 19:50:44,607 Cached:1036.875 MB
2020-01-02 19:51:47,752 ==> Task[1]Epoch[23](350/415): Loss: 0.1006
2020-01-02 19:51:47,753 Allocated:121.65869140625 MB
2020-01-02 19:51:47,753 Cached:1036.875 MB
2020-01-02 19:53:29,989 ==> Task[1]Epoch[23](400/415): Loss: 0.0217
2020-01-02 19:53:29,990 Allocated:120.65869140625 MB
2020-01-02 19:53:29,990 Cached:1035.875 MB
2020-01-02 19:53:49,630 ===> Task 1 Epoch 23 Complete: Avg. Loss: 0.0414
2020-01-02 19:53:49,632 begin test:
2020-01-02 19:53:49,632 ====> Extracting Features
2020-01-02 19:55:00,103 ==> Batch (50/72)
2020-01-02 19:55:25,243 ====> Building faiss index
2020-01-02 19:55:25,244 ====> Calculating recall @ N
2020-01-02 19:55:25,798 ====> Recall@1: 0.5635
2020-01-02 19:55:25,799 ====> Recall@2: 0.5991
2020-01-02 19:55:25,799 ====> Recall@3: 0.6125
2020-01-02 19:55:25,800 ====> Recall@4: 0.6220
2020-01-02 19:55:25,800 ====> Recall@5: 0.6330
2020-01-02 19:55:25,800 ====> Recall@10: 0.6701
2020-01-02 19:55:25,800 ====> Recall@15: 0.7116
2020-01-02 19:55:25,800 ====> Recall@20: 0.7186
2020-01-02 19:55:25,801 ====> Recall@25: 0.7293
2020-01-02 19:55:25,863 ====> Building Cache
2020-01-02 19:55:25,864 h5feat cache at: /home/annora/NetVLAD/output/train_feat_cache.hdf5
2020-01-02 19:57:46,725 Allocated:118.65869140625 MB
2020-01-02 19:57:46,727 Cached:6913.5 MB
2020-01-02 19:59:00,365 ==> Task[1]Epoch[24](50/415): Loss: 0.0265
2020-01-02 19:59:00,367 Allocated:121.65869140625 MB
2020-01-02 19:59:00,367 Cached:1035.875 MB
2020-01-02 20:00:11,364 ==> Task[1]Epoch[24](100/415): Loss: 0.1748
2020-01-02 20:00:11,365 Allocated:120.78369140625 MB
2020-01-02 20:00:11,365 Cached:1865.125 MB
2020-01-02 20:03:13,228 ==> Task[1]Epoch[24](250/415): Loss: 0.0475
2020-01-02 20:03:13,229 Allocated:120.65869140625 MB
2020-01-02 20:03:13,229 Cached:1035.875 MB
2020-01-02 20:04:23,615 ==> Task[1]Epoch[24](300/415): Loss: 0.0720
2020-01-02 20:04:23,616 Allocated:120.65869140625 MB
2020-01-02 20:04:23,616 Cached:1036.875 MB
2020-01-02 20:05:13,809 ==> Task[1]Epoch[24](350/415): Loss: 0.0638
2020-01-02 20:05:13,810 Allocated:121.03369140625 MB
2020-01-02 20:05:13,810 Cached:1036.875 MB
2020-01-02 20:06:34,933 ==> Task[1]Epoch[24](400/415): Loss: 0.0446
2020-01-02 20:06:34,934 Allocated:121.65869140625 MB
2020-01-02 20:06:34,934 Cached:1859.75 MB
2020-01-02 20:06:53,436 ===> Task 1 Epoch 24 Complete: Avg. Loss: 0.0407
2020-01-02 20:06:53,437 begin test:
2020-01-02 20:06:53,438 ====> Extracting Features
2020-01-02 20:08:05,340 ==> Batch (50/72)
2020-01-02 20:08:31,572 ====> Building faiss index
2020-01-02 20:08:31,576 ====> Calculating recall @ N
2020-01-02 20:08:32,251 ====> Recall@1: 0.5635
2020-01-02 20:08:32,252 ====> Recall@2: 0.6003
2020-01-02 20:08:32,253 ====> Recall@3: 0.6142
2020-01-02 20:08:32,253 ====> Recall@4: 0.6249
2020-01-02 20:08:32,253 ====> Recall@5: 0.6357
2020-01-02 20:08:32,253 ====> Recall@10: 0.6739
2020-01-02 20:08:32,254 ====> Recall@15: 0.7148
2020-01-02 20:08:32,254 ====> Recall@20: 0.7290
2020-01-02 20:08:32,254 ====> Recall@25: 0.7357
2020-01-02 20:08:32,329 ====> Building Cache
2020-01-02 20:08:32,329 h5feat cache at: /home/annora/NetVLAD/output/train_feat_cache.hdf5
2020-01-02 20:10:56,318 Allocated:119.03369140625 MB
2020-01-02 20:10:56,320 Cached:6913.5 MB
2020-01-02 20:13:54,459 ==> Task[1]Epoch[25](100/415): Loss: 0.1960
2020-01-02 20:13:54,461 Allocated:120.65869140625 MB
2020-01-02 20:13:54,462 Cached:1035.875 MB
2020-01-02 20:17:54,561 ==> Task[1]Epoch[25](250/415): Loss: 0.0182
2020-01-02 20:17:54,563 Allocated:120.65869140625 MB
2020-01-02 20:17:54,563 Cached:1035.875 MB
2020-01-02 20:19:26,466 ==> Task[1]Epoch[25](300/415): Loss: 0.0467
2020-01-02 20:19:26,468 Allocated:122.15869140625 MB
2020-01-02 20:19:26,468 Cached:1035.875 MB
2020-01-02 20:20:30,796 ==> Task[1]Epoch[25](350/415): Loss: 0.0770
2020-01-02 20:20:30,797 Allocated:121.15869140625 MB
2020-01-02 20:20:30,797 Cached:1734.875 MB
2020-01-02 20:22:11,380 ==> Task[1]Epoch[25](400/415): Loss: 0.0262
2020-01-02 20:22:11,381 Allocated:120.65869140625 MB
2020-01-02 20:22:11,382 Cached:1034.875 MB
2020-01-02 20:22:32,678 ===> Task 1 Epoch 25 Complete: Avg. Loss: 0.0396
2020-01-02 20:22:32,679 begin test:
2020-01-02 20:22:32,680 ====> Extracting Features
2020-01-02 20:23:41,953 ==> Batch (50/72)
2020-01-02 20:24:08,510 ====> Building faiss index
2020-01-02 20:24:08,512 ====> Calculating recall @ N
2020-01-02 20:24:09,295 ====> Recall@1: 0.5638
2020-01-02 20:24:09,296 ====> Recall@2: 0.6023
2020-01-02 20:24:09,297 ====> Recall@3: 0.6162
2020-01-02 20:24:09,297 ====> Recall@4: 0.6267
2020-01-02 20:24:09,297 ====> Recall@5: 0.6319
2020-01-02 20:24:09,297 ====> Recall@10: 0.6678
2020-01-02 20:24:09,298 ====> Recall@15: 0.7104
2020-01-02 20:24:09,298 ====> Recall@20: 0.7220
2020-01-02 20:24:09,298 ====> Recall@25: 0.7304
2020-01-02 20:24:09,369 ====> Building Cache
2020-01-02 20:24:09,370 h5feat cache at: /home/annora/NetVLAD/output/train_feat_cache.hdf5
2020-01-02 20:26:29,648 Allocated:119.65869140625 MB
2020-01-02 20:26:29,649 Cached:6913.5 MB
2020-01-02 20:27:37,834 ==> Task[1]Epoch[26](50/415): Loss: 0.0063
2020-01-02 20:27:37,836 Allocated:120.65869140625 MB
2020-01-02 20:27:37,836 Cached:1035.875 MB
2020-01-02 20:29:04,421 ==> Task[1]Epoch[26](100/415): Loss: 0.1782
2020-01-02 20:29:04,423 Allocated:120.65869140625 MB
2020-01-02 20:29:04,423 Cached:1035.875 MB
2020-01-02 20:34:01,269 ==> Task[1]Epoch[26](300/415): Loss: 0.0415
2020-01-02 20:34:01,270 Allocated:121.65869140625 MB
2020-01-02 20:34:01,270 Cached:1035.875 MB
2020-01-02 20:34:55,127 ==> Task[1]Epoch[26](350/415): Loss: 0.0514
2020-01-02 20:34:55,128 Allocated:120.65869140625 MB
2020-01-02 20:34:55,128 Cached:1035.875 MB
2020-01-02 20:36:19,815 ==> Task[1]Epoch[26](400/415): Loss: 0.0203
2020-01-02 20:36:19,816 Allocated:120.65869140625 MB
2020-01-02 20:36:19,817 Cached:1035.875 MB
2020-01-02 20:36:40,067 ===> Task 1 Epoch 26 Complete: Avg. Loss: 0.0408
2020-01-02 20:36:40,069 begin test:
2020-01-02 20:36:40,069 ====> Extracting Features
2020-01-02 20:37:51,447 ==> Batch (50/72)
2020-01-02 20:38:16,679 ====> Building faiss index
2020-01-02 20:38:16,681 ====> Calculating recall @ N
2020-01-02 20:38:17,257 ====> Recall@1: 0.5681
2020-01-02 20:38:17,258 ====> Recall@2: 0.6049
2020-01-02 20:38:17,258 ====> Recall@3: 0.6174
2020-01-02 20:38:17,258 ====> Recall@4: 0.6278
2020-01-02 20:38:17,259 ====> Recall@5: 0.6359
2020-01-02 20:38:17,259 ====> Recall@10: 0.6771
2020-01-02 20:38:17,259 ====> Recall@15: 0.7139
2020-01-02 20:38:17,260 ====> Recall@20: 0.7290
2020-01-02 20:38:17,260 ====> Recall@25: 0.7357
2020-01-02 20:38:17,322 ====> Building Cache
2020-01-02 20:38:17,323 h5feat cache at: /home/annora/NetVLAD/output/train_feat_cache.hdf5
2020-01-02 20:40:39,054 Allocated:120.15869140625 MB
2020-01-02 20:40:39,054 Cached:6913.5 MB
2020-01-02 20:41:45,882 ==> Task[1]Epoch[27](50/415): Loss: 0.0402
2020-01-02 20:41:45,883 Allocated:121.03369140625 MB
2020-01-02 20:41:45,883 Cached:1036.875 MB
2020-01-02 20:43:16,072 ==> Task[1]Epoch[27](100/415): Loss: 0.1747
2020-01-02 20:43:16,073 Allocated:121.15869140625 MB
2020-01-02 20:43:16,073 Cached:1034.875 MB
2020-01-02 20:46:35,906 ==> Task[1]Epoch[27](250/415): Loss: 0.0222
2020-01-02 20:46:35,907 Allocated:121.65869140625 MB
2020-01-02 20:46:35,907 Cached:1035.875 MB
2020-01-02 20:47:53,223 ==> Task[1]Epoch[27](300/415): Loss: 0.0391
2020-01-02 20:47:53,225 Allocated:120.65869140625 MB
2020-01-02 20:47:53,225 Cached:1035.875 MB
2020-01-02 20:48:49,318 ==> Task[1]Epoch[27](350/415): Loss: 0.0967
2020-01-02 20:48:49,319 Allocated:120.65869140625 MB
2020-01-02 20:48:49,319 Cached:1035.875 MB
2020-01-02 20:50:05,132 ==> Task[1]Epoch[27](400/415): Loss: 0.0219
2020-01-02 20:50:05,133 Allocated:121.28369140625 MB
2020-01-02 20:50:05,133 Cached:1857.75 MB
2020-01-02 20:50:23,428 ===> Task 1 Epoch 27 Complete: Avg. Loss: 0.0407
2020-01-02 20:50:23,430 begin test:
2020-01-02 20:50:23,430 ====> Extracting Features
2020-01-02 20:51:34,424 ==> Batch (50/72)
2020-01-02 20:52:01,431 ====> Building faiss index
2020-01-02 20:52:01,433 ====> Calculating recall @ N
2020-01-02 20:52:01,987 ====> Recall@1: 0.5655
2020-01-02 20:52:01,988 ====> Recall@2: 0.6000
2020-01-02 20:52:01,988 ====> Recall@3: 0.6145
2020-01-02 20:52:01,988 ====> Recall@4: 0.6243
2020-01-02 20:52:01,988 ====> Recall@5: 0.6328
2020-01-02 20:52:01,989 ====> Recall@10: 0.6864
2020-01-02 20:52:01,989 ====> Recall@15: 0.7096
2020-01-02 20:52:01,989 ====> Recall@20: 0.7209
2020-01-02 20:52:01,989 ====> Recall@25: 0.7316
2020-01-02 20:52:02,054 ====> Building Cache
2020-01-02 20:52:02,055 h5feat cache at: /home/annora/NetVLAD/output/train_feat_cache.hdf5
2020-01-02 20:54:23,126 Allocated:119.15869140625 MB
2020-01-02 20:54:23,128 Cached:6913.5 MB
2020-01-02 20:56:58,396 ==> Task[1]Epoch[28](100/415): Loss: 0.1834
2020-01-02 20:56:58,399 Allocated:120.65869140625 MB
2020-01-02 20:56:58,399 Cached:1392.0 MB
2020-01-02 21:00:31,742 ==> Task[1]Epoch[28](250/415): Loss: 0.0000
2020-01-02 21:00:31,743 Allocated:121.03369140625 MB
2020-01-02 21:00:31,743 Cached:1035.875 MB
2020-01-02 21:01:58,776 ==> Task[1]Epoch[28](300/415): Loss: 0.0545
2020-01-02 21:01:58,777 Allocated:120.65869140625 MB
2020-01-02 21:01:58,777 Cached:1035.875 MB
2020-01-02 21:03:00,449 ==> Task[1]Epoch[28](350/415): Loss: 0.1033
2020-01-02 21:03:00,452 Allocated:122.03369140625 MB
2020-01-02 21:03:00,453 Cached:1035.875 MB
2020-01-02 21:04:40,670 ==> Task[1]Epoch[28](400/415): Loss: 0.0652
2020-01-02 21:04:40,671 Allocated:121.53369140625 MB
2020-01-02 21:04:40,672 Cached:1859.5 MB
2020-01-02 21:05:00,586 ===> Task 1 Epoch 28 Complete: Avg. Loss: 0.0391
2020-01-02 21:05:00,588 begin test:
2020-01-02 21:05:00,589 ====> Extracting Features
2020-01-02 21:06:11,329 ==> Batch (50/72)
2020-01-02 21:06:39,661 ====> Building faiss index
2020-01-02 21:06:39,663 ====> Calculating recall @ N
2020-01-02 21:06:40,210 ====> Recall@1: 0.5693
2020-01-02 21:06:40,211 ====> Recall@2: 0.6032
2020-01-02 21:06:40,211 ====> Recall@3: 0.6191
2020-01-02 21:06:40,212 ====> Recall@4: 0.6336
2020-01-02 21:06:40,212 ====> Recall@5: 0.6423
2020-01-02 21:06:40,212 ====> Recall@10: 0.6986
2020-01-02 21:06:40,212 ====> Recall@15: 0.7180
2020-01-02 21:06:40,212 ====> Recall@20: 0.7287
2020-01-02 21:06:40,213 ====> Recall@25: 0.7368
2020-01-02 21:06:40,273 ====> Building Cache
2020-01-02 21:06:40,274 h5feat cache at: /home/annora/NetVLAD/output/train_feat_cache.hdf5
2020-01-02 21:09:01,194 Allocated:119.40869140625 MB
2020-01-02 21:09:01,195 Cached:6913.5 MB
2020-01-02 21:10:23,494 ==> Task[1]Epoch[29](50/415): Loss: 0.0409
2020-01-02 21:10:23,497 Allocated:120.65869140625 MB
2020-01-02 21:10:23,498 Cached:1035.875 MB
2020-01-02 21:11:33,958 ==> Task[1]Epoch[29](100/415): Loss: 0.1988
2020-01-02 21:11:33,959 Allocated:121.65869140625 MB
2020-01-02 21:11:33,959 Cached:1035.875 MB
2020-01-02 21:16:09,435 ==> Task[1]Epoch[29](300/415): Loss: 0.0372
2020-01-02 21:16:09,436 Allocated:121.15869140625 MB
2020-01-02 21:16:09,436 Cached:1035.875 MB
2020-01-02 21:17:08,000 ==> Task[1]Epoch[29](350/415): Loss: 0.0906
2020-01-02 21:17:08,002 Allocated:122.15869140625 MB
2020-01-02 21:17:08,002 Cached:1036.875 MB
2020-01-02 21:18:45,485 ==> Task[1]Epoch[29](400/415): Loss: 0.0027
2020-01-02 21:18:45,486 Allocated:121.40869140625 MB
2020-01-02 21:18:45,486 Cached:1655.875 MB
2020-01-02 21:19:05,788 ===> Task 1 Epoch 29 Complete: Avg. Loss: 0.0392
2020-01-02 21:19:05,790 begin test:
2020-01-02 21:19:05,790 ====> Extracting Features
2020-01-02 21:20:16,509 ==> Batch (50/72)
2020-01-02 21:20:43,855 ====> Building faiss index
2020-01-02 21:20:43,857 ====> Calculating recall @ N
2020-01-02 21:20:44,407 ====> Recall@1: 0.5635
2020-01-02 21:20:44,408 ====> Recall@2: 0.6003
2020-01-02 21:20:44,408 ====> Recall@3: 0.6133
2020-01-02 21:20:44,409 ====> Recall@4: 0.6235
2020-01-02 21:20:44,409 ====> Recall@5: 0.6333
2020-01-02 21:20:44,409 ====> Recall@10: 0.6812
2020-01-02 21:20:44,409 ====> Recall@15: 0.7096
2020-01-02 21:20:44,409 ====> Recall@20: 0.7217
2020-01-02 21:20:44,410 ====> Recall@25: 0.7319
2020-01-02 21:20:44,469 Performance did not improve for 10 epochs. Stopping.
2020-01-02 21:20:44,470 => Best Recall@5: 0.6664
2020-01-02 21:20:44,482 => Task 1 loaded checkpoint '/home/annora/NetVLAD/output/runs/2020-01-02-13-36-43_alexnet_max/checkpoints/model_best0.pth.tar' 
2020-01-02 21:20:47,374 ====> Training query set:6404
2020-01-02 21:20:47,492 ===> Evaluating on val set, query count:3450
2020-01-02 21:20:47,492 ---->>>> testfile: oxRobocar_doubleN_val.mat
2020-01-02 21:20:47,493 ===> Training model
2020-01-02 21:20:47,493 ====> Building Cache
2020-01-02 21:20:47,494 h5feat cache at: /home/annora/NetVLAD/output/train_feat_cache.hdf5
2020-01-02 21:23:39,027 Allocated:109.43994140625 MB
2020-01-02 21:23:39,028 Cached:9878.875 MB
2020-01-02 21:26:04,366 ==> Task[2]Epoch[1](50/401): Loss: 0.4105
2020-01-02 21:26:04,368 Allocated:121.90869140625 MB
2020-01-02 21:26:04,368 Cached:764.625 MB
2020-01-02 21:28:12,539 ==> Task[2]Epoch[1](100/401): Loss: 0.3136
2020-01-02 21:28:12,541 Allocated:122.65869140625 MB
2020-01-02 21:28:12,541 Cached:764.625 MB
2020-01-02 21:30:19,974 ==> Task[2]Epoch[1](150/401): Loss: 0.3395
2020-01-02 21:30:19,975 Allocated:122.65869140625 MB
2020-01-02 21:30:19,976 Cached:764.625 MB
2020-01-02 21:32:24,523 ==> Task[2]Epoch[1](200/401): Loss: 0.2064
2020-01-02 21:32:24,524 Allocated:121.90869140625 MB
2020-01-02 21:32:24,524 Cached:764.625 MB
2020-01-02 21:34:25,373 ==> Task[2]Epoch[1](250/401): Loss: 0.3383
2020-01-02 21:34:25,375 Allocated:122.65869140625 MB
2020-01-02 21:34:25,375 Cached:764.625 MB
2020-01-02 21:36:50,993 ==> Task[2]Epoch[1](300/401): Loss: 0.0091
2020-01-02 21:36:50,995 Allocated:122.65869140625 MB
2020-01-02 21:36:50,995 Cached:764.625 MB
2020-01-02 21:38:50,609 ==> Task[2]Epoch[1](350/401): Loss: 0.0924
2020-01-02 21:38:50,610 Allocated:122.65869140625 MB
2020-01-02 21:38:50,610 Cached:763.625 MB
2020-01-02 21:41:14,803 ==> Task[2]Epoch[1](400/401): Loss: 0.4690
2020-01-02 21:41:14,806 Allocated:122.65869140625 MB
2020-01-02 21:41:14,807 Cached:764.625 MB
2020-01-02 21:41:19,115 ===> Task 2 Epoch 1 Complete: Avg. Loss: 0.1739
2020-01-02 21:41:19,117 begin test:
2020-01-02 21:41:19,118 ====> Extracting Features
2020-01-02 21:42:34,899 ==> Batch (50/72)
2020-01-02 21:43:03,603 ====> Building faiss index
2020-01-02 21:43:03,605 ====> Calculating recall @ N
2020-01-02 21:43:04,124 ====> Recall@1: 0.4600
2020-01-02 21:43:04,124 ====> Recall@2: 0.5206
2020-01-02 21:43:04,125 ====> Recall@3: 0.5472
2020-01-02 21:43:04,125 ====> Recall@4: 0.5710
2020-01-02 21:43:04,126 ====> Recall@5: 0.5890
2020-01-02 21:43:04,126 ====> Recall@10: 0.6325
2020-01-02 21:43:04,126 ====> Recall@15: 0.6603
2020-01-02 21:43:04,126 ====> Recall@20: 0.6783
2020-01-02 21:43:04,127 ====> Recall@25: 0.6919
2020-01-02 21:43:04,213 ====> Building Cache
2020-01-02 21:43:04,214 h5feat cache at: /home/annora/NetVLAD/output/train_feat_cache.hdf5
2020-01-02 21:45:41,199 Allocated:120.65869140625 MB
2020-01-02 21:45:41,200 Cached:6920.375 MB
2020-01-02 21:48:39,609 ==> Task[2]Epoch[2](50/401): Loss: 0.2076
2020-01-02 21:48:39,612 Allocated:122.65869140625 MB
2020-01-02 21:48:39,613 Cached:764.625 MB
2020-01-02 21:51:19,245 ==> Task[2]Epoch[2](100/401): Loss: 0.2297
2020-01-02 21:51:19,247 Allocated:121.90869140625 MB
2020-01-02 21:51:19,247 Cached:764.625 MB
2020-01-02 21:54:08,645 ==> Task[2]Epoch[2](150/401): Loss: 0.2164
2020-01-02 21:54:08,647 Allocated:122.65869140625 MB
2020-01-02 21:54:08,647 Cached:764.625 MB
2020-01-02 21:56:41,712 ==> Task[2]Epoch[2](200/401): Loss: 0.1840
2020-01-02 21:56:41,714 Allocated:122.65869140625 MB
2020-01-02 21:56:41,714 Cached:764.625 MB
2020-01-02 21:59:27,309 ==> Task[2]Epoch[2](250/401): Loss: 0.3320
2020-01-02 21:59:27,311 Allocated:121.90869140625 MB
2020-01-02 21:59:27,311 Cached:764.625 MB
2020-01-02 22:02:06,674 ==> Task[2]Epoch[2](300/401): Loss: 0.0504
2020-01-02 22:02:06,676 Allocated:122.65869140625 MB
2020-01-02 22:02:06,677 Cached:764.625 MB
2020-01-02 22:04:47,079 ==> Task[2]Epoch[2](350/401): Loss: 0.0321
2020-01-02 22:04:47,081 Allocated:122.65869140625 MB
2020-01-02 22:04:47,081 Cached:764.625 MB
2020-01-02 22:07:28,136 ==> Task[2]Epoch[2](400/401): Loss: 0.3777
2020-01-02 22:07:28,138 Allocated:121.90869140625 MB
2020-01-02 22:07:28,138 Cached:764.625 MB
2020-01-02 22:07:30,691 ===> Task 2 Epoch 2 Complete: Avg. Loss: 0.1504
2020-01-02 22:07:30,692 begin test:
2020-01-02 22:07:30,693 ====> Extracting Features
2020-01-02 22:08:45,115 ==> Batch (50/72)
2020-01-02 22:09:12,968 ====> Building faiss index
2020-01-02 22:09:12,975 ====> Calculating recall @ N
2020-01-02 22:09:13,545 ====> Recall@1: 0.4806
2020-01-02 22:09:13,545 ====> Recall@2: 0.5409
2020-01-02 22:09:13,546 ====> Recall@3: 0.5696
2020-01-02 22:09:13,546 ====> Recall@4: 0.5893
2020-01-02 22:09:13,546 ====> Recall@5: 0.6017
2020-01-02 22:09:13,546 ====> Recall@10: 0.6406
2020-01-02 22:09:13,546 ====> Recall@15: 0.6672
2020-01-02 22:09:13,547 ====> Recall@20: 0.6855
2020-01-02 22:09:13,547 ====> Recall@25: 0.7003
2020-01-02 22:09:13,694 ====> Building Cache
2020-01-02 22:09:13,695 h5feat cache at: /home/annora/NetVLAD/output/train_feat_cache.hdf5
2020-01-02 22:11:50,360 Allocated:120.65869140625 MB
2020-01-02 22:11:50,361 Cached:6921.375 MB
2020-01-02 22:14:27,599 ==> Task[2]Epoch[3](50/401): Loss: 0.3031
2020-01-02 22:14:27,601 Allocated:121.90869140625 MB
2020-01-02 22:14:27,601 Cached:764.625 MB
2020-01-02 22:16:26,115 ==> Task[2]Epoch[3](100/401): Loss: 0.3187
2020-01-02 22:16:26,117 Allocated:122.65869140625 MB
2020-01-02 22:16:26,118 Cached:764.625 MB
2020-01-02 22:18:44,963 ==> Task[2]Epoch[3](150/401): Loss: 0.2517
2020-01-02 22:18:44,965 Allocated:122.65869140625 MB
2020-01-02 22:18:44,965 Cached:764.625 MB
2020-01-02 22:20:50,395 ==> Task[2]Epoch[3](200/401): Loss: 0.2163
2020-01-02 22:20:50,396 Allocated:121.65869140625 MB
2020-01-02 22:20:50,397 Cached:764.625 MB
2020-01-02 22:22:57,862 ==> Task[2]Epoch[3](250/401): Loss: 0.3320
2020-01-02 22:22:57,865 Allocated:122.65869140625 MB
2020-01-02 22:22:57,865 Cached:764.625 MB
2020-01-02 22:25:05,297 ==> Task[2]Epoch[3](300/401): Loss: 0.0436
2020-01-02 22:25:05,298 Allocated:122.65869140625 MB
2020-01-02 22:25:05,298 Cached:764.625 MB
2020-01-02 22:27:13,824 ==> Task[2]Epoch[3](350/401): Loss: 0.0458
2020-01-02 22:27:13,826 Allocated:122.65869140625 MB
2020-01-02 22:27:13,826 Cached:764.625 MB
2020-01-02 22:29:22,149 ==> Task[2]Epoch[3](400/401): Loss: 0.4072
2020-01-02 22:29:22,151 Allocated:122.65869140625 MB
2020-01-02 22:29:22,151 Cached:764.625 MB
2020-01-02 22:29:25,237 ===> Task 2 Epoch 3 Complete: Avg. Loss: 0.1412
2020-01-02 22:29:25,238 begin test:
2020-01-02 22:29:25,239 ====> Extracting Features
2020-01-02 22:30:41,604 ==> Batch (50/72)
2020-01-02 22:31:10,374 ====> Building faiss index
2020-01-02 22:31:10,384 ====> Calculating recall @ N
2020-01-02 22:31:11,062 ====> Recall@1: 0.4916
2020-01-02 22:31:11,063 ====> Recall@2: 0.5368
2020-01-02 22:31:11,064 ====> Recall@3: 0.5658
2020-01-02 22:31:11,064 ====> Recall@4: 0.5846
2020-01-02 22:31:11,064 ====> Recall@5: 0.5994
2020-01-02 22:31:11,065 ====> Recall@10: 0.6446
2020-01-02 22:31:11,065 ====> Recall@15: 0.6684
2020-01-02 22:31:11,065 ====> Recall@20: 0.6826
2020-01-02 22:31:11,065 ====> Recall@25: 0.6965
2020-01-02 22:31:11,127 ====> Building Cache
2020-01-02 22:31:11,127 h5feat cache at: /home/annora/NetVLAD/output/train_feat_cache.hdf5
2020-01-02 22:33:55,769 Allocated:120.65869140625 MB
2020-01-02 22:33:55,769 Cached:6921.375 MB
2020-01-02 22:36:29,635 ==> Task[2]Epoch[4](50/401): Loss: 0.2494
2020-01-02 22:36:29,637 Allocated:122.65869140625 MB
2020-01-02 22:36:29,637 Cached:764.625 MB
2020-01-02 22:38:39,161 ==> Task[2]Epoch[4](100/401): Loss: 0.2752
2020-01-02 22:38:39,162 Allocated:121.90869140625 MB
2020-01-02 22:38:39,162 Cached:764.625 MB
2020-01-02 22:40:49,952 ==> Task[2]Epoch[4](150/401): Loss: 0.1954
2020-01-02 22:40:49,954 Allocated:122.65869140625 MB
2020-01-02 22:40:49,954 Cached:764.625 MB
2020-01-02 22:43:13,697 ==> Task[2]Epoch[4](200/401): Loss: 0.1911
2020-01-02 22:43:13,698 Allocated:122.65869140625 MB
2020-01-02 22:43:13,699 Cached:764.625 MB
2020-01-02 22:45:20,091 ==> Task[2]Epoch[4](250/401): Loss: 0.3451
2020-01-02 22:45:20,092 Allocated:121.90869140625 MB
2020-01-02 22:45:20,092 Cached:764.625 MB
2020-01-02 22:47:22,947 ==> Task[2]Epoch[4](300/401): Loss: 0.2269
2020-01-02 22:47:22,949 Allocated:122.65869140625 MB
2020-01-02 22:47:22,949 Cached:764.625 MB
2020-01-02 22:49:31,710 ==> Task[2]Epoch[4](350/401): Loss: 0.0222
2020-01-02 22:49:31,712 Allocated:122.65869140625 MB
2020-01-02 22:49:31,712 Cached:764.625 MB
2020-01-02 22:51:37,158 ==> Task[2]Epoch[4](400/401): Loss: 0.3832
2020-01-02 22:51:37,159 Allocated:121.90869140625 MB
2020-01-02 22:51:37,160 Cached:764.625 MB
2020-01-02 22:51:39,579 ===> Task 2 Epoch 4 Complete: Avg. Loss: 0.1377
2020-01-02 22:51:39,581 begin test:
2020-01-02 22:51:39,581 ====> Extracting Features
2020-01-02 22:52:56,924 ==> Batch (50/72)
2020-01-02 22:53:24,615 ====> Building faiss index
2020-01-02 22:53:24,617 ====> Calculating recall @ N
2020-01-02 22:53:25,168 ====> Recall@1: 0.4800
2020-01-02 22:53:25,169 ====> Recall@2: 0.5284
2020-01-02 22:53:25,171 ====> Recall@3: 0.5606
2020-01-02 22:53:25,171 ====> Recall@4: 0.5835
2020-01-02 22:53:25,171 ====> Recall@5: 0.6023
2020-01-02 22:53:25,171 ====> Recall@10: 0.6522
2020-01-02 22:53:25,171 ====> Recall@15: 0.6800
2020-01-02 22:53:25,172 ====> Recall@20: 0.7026
2020-01-02 22:53:25,172 ====> Recall@25: 0.7261
2020-01-02 22:53:25,291 ====> Building Cache
2020-01-02 22:53:25,291 h5feat cache at: /home/annora/NetVLAD/output/train_feat_cache.hdf5
2020-01-02 22:56:11,734 Allocated:120.65869140625 MB
2020-01-02 22:56:11,735 Cached:6921.375 MB
2020-01-02 22:58:36,053 ==> Task[2]Epoch[5](50/401): Loss: 0.2434
2020-01-02 22:58:36,055 Allocated:121.90869140625 MB
2020-01-02 22:58:36,055 Cached:764.625 MB
2020-01-02 23:00:38,044 ==> Task[2]Epoch[5](100/401): Loss: 0.3047
2020-01-02 23:00:38,046 Allocated:122.65869140625 MB
2020-01-02 23:00:38,046 Cached:764.625 MB
2020-01-02 23:02:40,365 ==> Task[2]Epoch[5](150/401): Loss: 0.0424
2020-01-02 23:02:40,366 Allocated:122.65869140625 MB
2020-01-02 23:02:40,367 Cached:764.625 MB
2020-01-02 23:04:49,237 ==> Task[2]Epoch[5](200/401): Loss: 0.1740
2020-01-02 23:04:49,238 Allocated:121.90869140625 MB
2020-01-02 23:04:49,238 Cached:764.625 MB
2020-01-02 23:06:52,056 ==> Task[2]Epoch[5](250/401): Loss: 0.3441
2020-01-02 23:06:52,058 Allocated:122.65869140625 MB
2020-01-02 23:06:52,059 Cached:764.625 MB
2020-01-02 23:08:53,955 ==> Task[2]Epoch[5](300/401): Loss: 0.0392
2020-01-02 23:08:53,957 Allocated:122.65869140625 MB
2020-01-02 23:08:53,957 Cached:764.625 MB
2020-01-02 23:11:02,703 ==> Task[2]Epoch[5](350/401): Loss: 0.0314
2020-01-02 23:11:02,704 Allocated:122.65869140625 MB
2020-01-02 23:11:02,705 Cached:764.625 MB
2020-01-02 23:13:03,372 ==> Task[2]Epoch[5](400/401): Loss: 0.3221
2020-01-02 23:13:03,373 Allocated:121.28369140625 MB
2020-01-02 23:13:03,373 Cached:764.625 MB
2020-01-02 23:13:05,613 ===> Task 2 Epoch 5 Complete: Avg. Loss: 0.1125
2020-01-02 23:13:05,615 begin test:
2020-01-02 23:13:05,615 ====> Extracting Features
2020-01-02 23:14:23,542 ==> Batch (50/72)
2020-01-02 23:14:54,034 ====> Building faiss index
2020-01-02 23:14:54,036 ====> Calculating recall @ N
2020-01-02 23:14:54,655 ====> Recall@1: 0.4600
2020-01-02 23:14:54,655 ====> Recall@2: 0.5061
2020-01-02 23:14:54,656 ====> Recall@3: 0.5374
2020-01-02 23:14:54,656 ====> Recall@4: 0.5571
2020-01-02 23:14:54,656 ====> Recall@5: 0.5748
2020-01-02 23:14:54,656 ====> Recall@10: 0.6162
2020-01-02 23:14:54,656 ====> Recall@15: 0.6507
2020-01-02 23:14:54,657 ====> Recall@20: 0.6814
2020-01-02 23:14:54,657 ====> Recall@25: 0.6994
2020-01-02 23:14:54,721 ====> Building Cache
2020-01-02 23:14:54,721 h5feat cache at: /home/annora/NetVLAD/output/train_feat_cache.hdf5
2020-01-02 23:17:40,475 Allocated:120.15869140625 MB
2020-01-02 23:17:40,476 Cached:6921.375 MB
2020-01-02 23:19:59,235 ==> Task[2]Epoch[6](50/401): Loss: 0.2105
2020-01-02 23:19:59,237 Allocated:122.65869140625 MB
2020-01-02 23:19:59,237 Cached:764.625 MB
2020-01-02 23:21:56,133 ==> Task[2]Epoch[6](100/401): Loss: 0.1713
2020-01-02 23:21:56,134 Allocated:122.65869140625 MB
2020-01-02 23:21:56,134 Cached:764.625 MB
2020-01-02 23:24:10,308 ==> Task[2]Epoch[6](150/401): Loss: 0.0413
2020-01-02 23:24:10,309 Allocated:122.65869140625 MB
2020-01-02 23:24:10,309 Cached:764.625 MB
2020-01-02 23:26:04,973 ==> Task[2]Epoch[6](200/401): Loss: 0.1031
2020-01-02 23:26:04,975 Allocated:121.90869140625 MB
2020-01-02 23:26:04,975 Cached:764.625 MB
2020-01-02 23:28:04,290 ==> Task[2]Epoch[6](250/401): Loss: 0.3488
2020-01-02 23:28:04,291 Allocated:122.65869140625 MB
2020-01-02 23:28:04,291 Cached:764.625 MB
2020-01-02 23:30:08,360 ==> Task[2]Epoch[6](300/401): Loss: 0.0269
2020-01-02 23:30:08,361 Allocated:121.90869140625 MB
2020-01-02 23:30:08,362 Cached:764.625 MB
2020-01-02 23:31:58,956 ==> Task[2]Epoch[6](350/401): Loss: 0.0226
2020-01-02 23:31:58,957 Allocated:121.90869140625 MB
2020-01-02 23:31:58,957 Cached:765.625 MB
2020-01-02 23:34:09,392 ==> Task[2]Epoch[6](400/401): Loss: 0.3656
2020-01-02 23:34:09,394 Allocated:122.65869140625 MB
2020-01-02 23:34:09,394 Cached:764.625 MB
2020-01-02 23:34:11,655 ===> Task 2 Epoch 6 Complete: Avg. Loss: 0.1034
2020-01-02 23:34:11,656 begin test:
2020-01-02 23:34:11,657 ====> Extracting Features
2020-01-02 23:35:29,686 ==> Batch (50/72)
2020-01-02 23:35:58,719 ====> Building faiss index
2020-01-02 23:35:58,721 ====> Calculating recall @ N
2020-01-02 23:35:59,277 ====> Recall@1: 0.4484
2020-01-02 23:35:59,278 ====> Recall@2: 0.5035
2020-01-02 23:35:59,278 ====> Recall@3: 0.5301
2020-01-02 23:35:59,278 ====> Recall@4: 0.5501
2020-01-02 23:35:59,278 ====> Recall@5: 0.5693
2020-01-02 23:35:59,279 ====> Recall@10: 0.6197
2020-01-02 23:35:59,279 ====> Recall@15: 0.6510
2020-01-02 23:35:59,279 ====> Recall@20: 0.6788
2020-01-02 23:35:59,279 ====> Recall@25: 0.6919
2020-01-02 23:35:59,383 ====> Building Cache
2020-01-02 23:35:59,383 h5feat cache at: /home/annora/NetVLAD/output/train_feat_cache.hdf5
2020-01-02 23:38:44,584 Allocated:119.90869140625 MB
2020-01-02 23:38:44,585 Cached:6921.375 MB
2020-01-02 23:40:57,438 ==> Task[2]Epoch[7](50/401): Loss: 0.2605
2020-01-02 23:40:57,439 Allocated:122.65869140625 MB
2020-01-02 23:40:57,439 Cached:764.625 MB
2020-01-02 23:42:56,230 ==> Task[2]Epoch[7](100/401): Loss: 0.3674
2020-01-02 23:42:56,231 Allocated:122.65869140625 MB
2020-01-02 23:42:56,231 Cached:764.625 MB
2020-01-02 23:45:09,536 ==> Task[2]Epoch[7](150/401): Loss: 0.1817
2020-01-02 23:45:09,537 Allocated:121.90869140625 MB
2020-01-02 23:45:09,537 Cached:764.625 MB
2020-01-02 23:47:07,755 ==> Task[2]Epoch[7](200/401): Loss: 0.1824
2020-01-02 23:47:07,756 Allocated:122.65869140625 MB
2020-01-02 23:47:07,756 Cached:764.625 MB
2020-01-02 23:49:05,190 ==> Task[2]Epoch[7](250/401): Loss: 0.3457
2020-01-02 23:49:05,191 Allocated:122.65869140625 MB
2020-01-02 23:49:05,191 Cached:764.625 MB
2020-01-02 23:51:08,123 ==> Task[2]Epoch[7](300/401): Loss: 0.1043
2020-01-02 23:51:08,124 Allocated:121.90869140625 MB
2020-01-02 23:51:08,125 Cached:764.625 MB
2020-01-02 23:53:02,401 ==> Task[2]Epoch[7](350/401): Loss: 0.0546
2020-01-02 23:53:02,402 Allocated:121.28369140625 MB
2020-01-02 23:53:02,402 Cached:764.625 MB
2020-01-02 23:55:00,338 ==> Task[2]Epoch[7](400/401): Loss: 0.3384
2020-01-02 23:55:00,339 Allocated:121.90869140625 MB
2020-01-02 23:55:00,340 Cached:764.625 MB
2020-01-02 23:55:03,296 ===> Task 2 Epoch 7 Complete: Avg. Loss: 0.1251
2020-01-02 23:55:03,297 begin test:
2020-01-02 23:55:03,298 ====> Extracting Features
2020-01-02 23:56:17,096 ==> Batch (50/72)
2020-01-02 23:56:47,257 ====> Building faiss index
2020-01-02 23:56:47,261 ====> Calculating recall @ N
2020-01-02 23:56:48,076 ====> Recall@1: 0.4646
2020-01-02 23:56:48,077 ====> Recall@2: 0.5133
2020-01-02 23:56:48,078 ====> Recall@3: 0.5461
2020-01-02 23:56:48,078 ====> Recall@4: 0.5701
2020-01-02 23:56:48,078 ====> Recall@5: 0.5852
2020-01-02 23:56:48,079 ====> Recall@10: 0.6325
2020-01-02 23:56:48,079 ====> Recall@15: 0.6672
2020-01-02 23:56:48,079 ====> Recall@20: 0.6875
2020-01-02 23:56:48,079 ====> Recall@25: 0.7061
2020-01-02 23:56:48,156 ====> Building Cache
2020-01-02 23:56:48,157 h5feat cache at: /home/annora/NetVLAD/output/train_feat_cache.hdf5
2020-01-02 23:59:32,433 Allocated:120.65869140625 MB
2020-01-02 23:59:32,433 Cached:6921.375 MB
2020-01-03 00:01:48,180 ==> Task[2]Epoch[8](50/401): Loss: 0.2178
2020-01-03 00:01:48,183 Allocated:121.90869140625 MB
2020-01-03 00:01:48,183 Cached:764.625 MB
2020-01-03 00:03:53,415 ==> Task[2]Epoch[8](100/401): Loss: 0.1652
2020-01-03 00:03:53,416 Allocated:122.65869140625 MB
2020-01-03 00:03:53,417 Cached:764.625 MB
2020-01-03 00:05:54,686 ==> Task[2]Epoch[8](150/401): Loss: 0.0520
2020-01-03 00:05:54,689 Allocated:122.65869140625 MB
2020-01-03 00:05:54,691 Cached:764.625 MB
2020-01-03 00:08:03,804 ==> Task[2]Epoch[8](200/401): Loss: 0.1334
2020-01-03 00:08:03,805 Allocated:121.90869140625 MB
2020-01-03 00:08:03,805 Cached:764.625 MB
2020-01-03 00:09:57,233 ==> Task[2]Epoch[8](250/401): Loss: 0.3358
2020-01-03 00:09:57,234 Allocated:122.65869140625 MB
2020-01-03 00:09:57,235 Cached:764.625 MB
2020-01-03 00:11:55,535 ==> Task[2]Epoch[8](300/401): Loss: 0.0084
2020-01-03 00:11:55,536 Allocated:122.65869140625 MB
2020-01-03 00:11:55,536 Cached:764.625 MB
2020-01-03 00:14:13,163 ==> Task[2]Epoch[8](350/401): Loss: 0.0231
2020-01-03 00:14:13,164 Allocated:121.90869140625 MB
2020-01-03 00:14:13,165 Cached:764.625 MB
2020-01-03 00:16:08,600 ==> Task[2]Epoch[8](400/401): Loss: 0.3012
2020-01-03 00:16:08,601 Allocated:121.40869140625 MB
2020-01-03 00:16:08,601 Cached:923.75 MB
2020-01-03 00:16:11,020 ===> Task 2 Epoch 8 Complete: Avg. Loss: 0.1024
2020-01-03 00:16:11,021 begin test:
2020-01-03 00:16:11,021 ====> Extracting Features
2020-01-03 00:17:25,672 ==> Batch (50/72)
2020-01-03 00:17:57,209 ====> Building faiss index
2020-01-03 00:17:57,212 ====> Calculating recall @ N
2020-01-03 00:17:57,788 ====> Recall@1: 0.4646
2020-01-03 00:17:57,789 ====> Recall@2: 0.5232
2020-01-03 00:17:57,789 ====> Recall@3: 0.5501
2020-01-03 00:17:57,790 ====> Recall@4: 0.5710
2020-01-03 00:17:57,790 ====> Recall@5: 0.5849
2020-01-03 00:17:57,791 ====> Recall@10: 0.6377
2020-01-03 00:17:57,791 ====> Recall@15: 0.6748
2020-01-03 00:17:57,791 ====> Recall@20: 0.6988
2020-01-03 00:17:57,791 ====> Recall@25: 0.7130
2020-01-03 00:17:57,857 ====> Building Cache
2020-01-03 00:17:57,857 h5feat cache at: /home/annora/NetVLAD/output/train_feat_cache.hdf5
2020-01-03 00:20:40,396 Allocated:119.28369140625 MB
2020-01-03 00:20:40,396 Cached:6921.375 MB
2020-01-03 00:23:01,329 ==> Task[2]Epoch[9](50/401): Loss: 0.2699
2020-01-03 00:23:01,331 Allocated:122.65869140625 MB
2020-01-03 00:23:01,331 Cached:764.625 MB
2020-01-03 00:24:53,155 ==> Task[2]Epoch[9](100/401): Loss: 0.3045
2020-01-03 00:24:53,156 Allocated:121.90869140625 MB
2020-01-03 00:24:53,157 Cached:764.625 MB
2020-01-03 00:26:45,370 ==> Task[2]Epoch[9](150/401): Loss: 0.1538
2020-01-03 00:26:45,371 Allocated:122.65869140625 MB
2020-01-03 00:26:45,372 Cached:763.625 MB
2020-01-03 00:28:37,559 ==> Task[2]Epoch[9](200/401): Loss: 0.1770
2020-01-03 00:28:37,560 Allocated:122.15869140625 MB
2020-01-03 00:28:37,560 Cached:764.625 MB
2020-01-03 00:30:34,483 ==> Task[2]Epoch[9](250/401): Loss: 0.3358
2020-01-03 00:30:34,484 Allocated:122.65869140625 MB
2020-01-03 00:30:34,484 Cached:764.625 MB
2020-01-03 00:32:33,401 ==> Task[2]Epoch[9](300/401): Loss: 0.1793
2020-01-03 00:32:33,403 Allocated:121.90869140625 MB
2020-01-03 00:32:33,403 Cached:764.625 MB
2020-01-03 00:34:33,697 ==> Task[2]Epoch[9](350/401): Loss: 0.0235
2020-01-03 00:34:33,699 Allocated:122.65869140625 MB
2020-01-03 00:34:33,699 Cached:923.75 MB
2020-01-03 00:36:42,212 ==> Task[2]Epoch[9](400/401): Loss: 0.3420
2020-01-03 00:36:42,214 Allocated:121.90869140625 MB
2020-01-03 00:36:42,214 Cached:764.625 MB
2020-01-03 00:36:45,192 ===> Task 2 Epoch 9 Complete: Avg. Loss: 0.1207
2020-01-03 00:36:45,193 begin test:
2020-01-03 00:36:45,194 ====> Extracting Features
2020-01-03 00:38:06,484 ==> Batch (50/72)
2020-01-03 00:38:36,262 ====> Building faiss index
2020-01-03 00:38:36,273 ====> Calculating recall @ N
2020-01-03 00:38:36,960 ====> Recall@1: 0.4783
2020-01-03 00:38:36,961 ====> Recall@2: 0.5252
2020-01-03 00:38:36,962 ====> Recall@3: 0.5600
2020-01-03 00:38:36,962 ====> Recall@4: 0.5777
2020-01-03 00:38:36,962 ====> Recall@5: 0.5936
2020-01-03 00:38:36,963 ====> Recall@10: 0.6528
2020-01-03 00:38:36,963 ====> Recall@15: 0.6794
2020-01-03 00:38:36,963 ====> Recall@20: 0.7012
2020-01-03 00:38:36,963 ====> Recall@25: 0.7171
2020-01-03 00:38:37,031 ====> Building Cache
2020-01-03 00:38:37,031 h5feat cache at: /home/annora/NetVLAD/output/train_feat_cache.hdf5
2020-01-03 00:41:22,654 Allocated:120.65869140625 MB
2020-01-03 00:41:22,654 Cached:6921.375 MB
2020-01-03 00:43:37,506 ==> Task[2]Epoch[10](50/401): Loss: 0.1830
2020-01-03 00:43:37,507 Allocated:121.90869140625 MB
2020-01-03 00:43:37,507 Cached:764.625 MB
2020-01-03 00:45:36,237 ==> Task[2]Epoch[10](100/401): Loss: 0.1789
2020-01-03 00:45:36,239 Allocated:122.65869140625 MB
2020-01-03 00:45:36,239 Cached:764.625 MB
2020-01-03 00:47:28,207 ==> Task[2]Epoch[10](150/401): Loss: 0.0379
2020-01-03 00:47:28,209 Allocated:122.65869140625 MB
2020-01-03 00:47:28,209 Cached:764.625 MB
2020-01-03 00:49:29,708 ==> Task[2]Epoch[10](200/401): Loss: 0.1454
2020-01-03 00:49:29,709 Allocated:121.90869140625 MB
2020-01-03 00:49:29,709 Cached:764.625 MB
2020-01-03 00:51:27,940 ==> Task[2]Epoch[10](250/401): Loss: 0.3643
2020-01-03 00:51:27,941 Allocated:122.65869140625 MB
2020-01-03 00:51:27,942 Cached:764.625 MB
2020-01-03 00:53:21,045 ==> Task[2]Epoch[10](300/401): Loss: 0.0079
2020-01-03 00:53:21,046 Allocated:122.65869140625 MB
2020-01-03 00:53:21,047 Cached:764.625 MB
2020-01-03 00:55:15,371 ==> Task[2]Epoch[10](350/401): Loss: 0.0264
2020-01-03 00:55:15,372 Allocated:121.90869140625 MB
2020-01-03 00:55:15,373 Cached:764.625 MB
2020-01-03 00:57:04,524 ==> Task[2]Epoch[10](400/401): Loss: 0.3202
2020-01-03 00:57:04,525 Allocated:122.65869140625 MB
2020-01-03 00:57:04,525 Cached:764.625 MB
2020-01-03 00:57:06,780 ===> Task 2 Epoch 10 Complete: Avg. Loss: 0.0979
2020-01-03 00:57:06,781 begin test:
2020-01-03 00:57:06,782 ====> Extracting Features
2020-01-03 00:58:28,369 ==> Batch (50/72)
2020-01-03 00:58:58,199 ====> Building faiss index
2020-01-03 00:58:58,201 ====> Calculating recall @ N
2020-01-03 00:58:58,865 ====> Recall@1: 0.4641
2020-01-03 00:58:58,866 ====> Recall@2: 0.5125
2020-01-03 00:58:58,867 ====> Recall@3: 0.5461
2020-01-03 00:58:58,868 ====> Recall@4: 0.5664
2020-01-03 00:58:58,868 ====> Recall@5: 0.5846
2020-01-03 00:58:58,868 ====> Recall@10: 0.6403
2020-01-03 00:58:58,869 ====> Recall@15: 0.6780
2020-01-03 00:58:58,869 ====> Recall@20: 0.6971
2020-01-03 00:58:58,869 ====> Recall@25: 0.7087
2020-01-03 00:58:58,939 ====> Building Cache
2020-01-03 00:58:58,940 h5feat cache at: /home/annora/NetVLAD/output/train_feat_cache.hdf5
2020-01-03 01:01:43,059 Allocated:119.90869140625 MB
2020-01-03 01:01:43,059 Cached:6921.375 MB
2020-01-03 01:04:01,056 ==> Task[2]Epoch[11](50/401): Loss: 0.1819
2020-01-03 01:04:01,057 Allocated:122.65869140625 MB
2020-01-03 01:04:01,057 Cached:764.625 MB
2020-01-03 01:05:55,039 ==> Task[2]Epoch[11](100/401): Loss: 0.2758
2020-01-03 01:05:55,040 Allocated:122.65869140625 MB
2020-01-03 01:05:55,041 Cached:764.625 MB
2020-01-03 01:07:56,106 ==> Task[2]Epoch[11](150/401): Loss: 0.0233
2020-01-03 01:07:56,108 Allocated:122.65869140625 MB
2020-01-03 01:07:56,108 Cached:764.625 MB
2020-01-03 01:09:54,626 ==> Task[2]Epoch[11](200/401): Loss: 0.1259
2020-01-03 01:09:54,627 Allocated:121.90869140625 MB
2020-01-03 01:09:54,627 Cached:764.625 MB
2020-01-03 01:11:55,795 ==> Task[2]Epoch[11](250/401): Loss: 0.3577
2020-01-03 01:11:55,797 Allocated:122.65869140625 MB
2020-01-03 01:11:55,797 Cached:764.625 MB
2020-01-03 01:14:01,918 ==> Task[2]Epoch[11](300/401): Loss: 0.0128
2020-01-03 01:14:01,919 Allocated:122.65869140625 MB
2020-01-03 01:14:01,919 Cached:763.625 MB
2020-01-03 01:15:58,609 ==> Task[2]Epoch[11](350/401): Loss: 0.0298
2020-01-03 01:15:58,610 Allocated:121.90869140625 MB
2020-01-03 01:15:58,610 Cached:764.625 MB
2020-01-03 01:17:56,976 ==> Task[2]Epoch[11](400/401): Loss: 0.4288
2020-01-03 01:17:56,977 Allocated:122.65869140625 MB
2020-01-03 01:17:56,977 Cached:764.625 MB
2020-01-03 01:17:59,273 ===> Task 2 Epoch 11 Complete: Avg. Loss: 0.0969
2020-01-03 01:17:59,275 begin test:
2020-01-03 01:17:59,275 ====> Extracting Features
2020-01-03 01:19:15,840 ==> Batch (50/72)
2020-01-03 01:19:43,676 ====> Building faiss index
2020-01-03 01:19:43,682 ====> Calculating recall @ N
2020-01-03 01:19:44,246 ====> Recall@1: 0.4588
2020-01-03 01:19:44,247 ====> Recall@2: 0.5194
2020-01-03 01:19:44,247 ====> Recall@3: 0.5499
2020-01-03 01:19:44,247 ====> Recall@4: 0.5675
2020-01-03 01:19:44,247 ====> Recall@5: 0.5841
2020-01-03 01:19:44,248 ====> Recall@10: 0.6461
2020-01-03 01:19:44,248 ====> Recall@15: 0.6768
2020-01-03 01:19:44,248 ====> Recall@20: 0.6959
2020-01-03 01:19:44,248 ====> Recall@25: 0.7052
2020-01-03 01:19:44,309 ====> Building Cache
2020-01-03 01:19:44,309 h5feat cache at: /home/annora/NetVLAD/output/train_feat_cache.hdf5
2020-01-03 01:22:28,330 Allocated:119.90869140625 MB
2020-01-03 01:22:28,330 Cached:6921.375 MB
2020-01-03 01:24:45,027 ==> Task[2]Epoch[12](50/401): Loss: 0.1806
2020-01-03 01:24:45,029 Allocated:122.65869140625 MB
2020-01-03 01:24:45,029 Cached:764.625 MB
2020-01-03 01:26:53,051 ==> Task[2]Epoch[12](100/401): Loss: 0.3298
2020-01-03 01:26:53,053 Allocated:122.65869140625 MB
2020-01-03 01:26:53,053 Cached:764.625 MB
2020-01-03 01:28:56,079 ==> Task[2]Epoch[12](150/401): Loss: 0.1061
2020-01-03 01:28:56,081 Allocated:121.90869140625 MB
2020-01-03 01:28:56,081 Cached:764.625 MB
2020-01-03 01:30:50,505 ==> Task[2]Epoch[12](200/401): Loss: 0.1925
2020-01-03 01:30:50,506 Allocated:122.65869140625 MB
2020-01-03 01:30:50,506 Cached:764.625 MB
2020-01-03 01:32:50,450 ==> Task[2]Epoch[12](250/401): Loss: 0.3618
2020-01-03 01:32:50,451 Allocated:121.90869140625 MB
2020-01-03 01:32:50,451 Cached:764.625 MB
2020-01-03 01:34:44,982 ==> Task[2]Epoch[12](300/401): Loss: 0.0087
2020-01-03 01:34:44,983 Allocated:122.65869140625 MB
2020-01-03 01:34:44,983 Cached:764.625 MB
2020-01-03 01:36:46,183 ==> Task[2]Epoch[12](350/401): Loss: 0.0488
2020-01-03 01:36:46,185 Allocated:122.65869140625 MB
2020-01-03 01:36:46,186 Cached:764.625 MB
2020-01-03 01:38:34,403 ==> Task[2]Epoch[12](400/401): Loss: 0.3188
2020-01-03 01:38:34,404 Allocated:121.90869140625 MB
2020-01-03 01:38:34,405 Cached:764.625 MB
2020-01-03 01:38:37,233 ===> Task 2 Epoch 12 Complete: Avg. Loss: 0.1095
2020-01-03 01:38:37,235 begin test:
2020-01-03 01:38:37,236 ====> Extracting Features
2020-01-03 01:39:56,932 ==> Batch (50/72)
2020-01-03 01:40:26,184 ====> Building faiss index
2020-01-03 01:40:26,187 ====> Calculating recall @ N
2020-01-03 01:40:26,933 ====> Recall@1: 0.4681
2020-01-03 01:40:26,933 ====> Recall@2: 0.5174
2020-01-03 01:40:26,934 ====> Recall@3: 0.5490
2020-01-03 01:40:26,934 ====> Recall@4: 0.5667
2020-01-03 01:40:26,934 ====> Recall@5: 0.5806
2020-01-03 01:40:26,934 ====> Recall@10: 0.6441
2020-01-03 01:40:26,935 ====> Recall@15: 0.6809
2020-01-03 01:40:26,935 ====> Recall@20: 0.6991
2020-01-03 01:40:26,935 ====> Recall@25: 0.7136
2020-01-03 01:40:26,998 ====> Building Cache
2020-01-03 01:40:26,998 h5feat cache at: /home/annora/NetVLAD/output/train_feat_cache.hdf5
2020-01-03 01:43:12,767 Allocated:120.65869140625 MB
2020-01-03 01:43:12,768 Cached:6921.375 MB
2020-01-03 01:45:31,234 ==> Task[2]Epoch[13](50/401): Loss: 0.1576
2020-01-03 01:45:31,237 Allocated:121.90869140625 MB
2020-01-03 01:45:31,237 Cached:764.625 MB
2020-01-03 01:47:32,973 ==> Task[2]Epoch[13](100/401): Loss: 0.1463
2020-01-03 01:47:32,975 Allocated:122.65869140625 MB
2020-01-03 01:47:32,975 Cached:764.625 MB
2020-01-03 01:49:26,623 ==> Task[2]Epoch[13](150/401): Loss: 0.0188
2020-01-03 01:49:26,624 Allocated:122.65869140625 MB
2020-01-03 01:49:26,625 Cached:764.625 MB
2020-01-03 01:52:22,964 ==> Task[2]Epoch[13](200/401): Loss: 0.1358
2020-01-03 01:52:22,966 Allocated:121.90869140625 MB
2020-01-03 01:52:22,967 Cached:764.625 MB
2020-01-03 01:54:46,359 ==> Task[2]Epoch[13](250/401): Loss: 0.3561
2020-01-03 01:54:46,360 Allocated:122.65869140625 MB
2020-01-03 01:54:46,360 Cached:764.625 MB
2020-01-03 01:56:43,144 ==> Task[2]Epoch[13](300/401): Loss: 0.0342
2020-01-03 01:56:43,146 Allocated:122.65869140625 MB
2020-01-03 01:56:43,146 Cached:764.625 MB
2020-01-03 01:58:40,860 ==> Task[2]Epoch[13](350/401): Loss: 0.0185
2020-01-03 01:58:40,861 Allocated:122.65869140625 MB
2020-01-03 01:58:40,861 Cached:764.625 MB
2020-01-03 02:00:41,417 ==> Task[2]Epoch[13](400/401): Loss: 0.3024
2020-01-03 02:00:41,419 Allocated:121.90869140625 MB
2020-01-03 02:00:41,419 Cached:764.625 MB
2020-01-03 02:00:44,723 ===> Task 2 Epoch 13 Complete: Avg. Loss: 0.0897
2020-01-03 02:00:44,725 begin test:
2020-01-03 02:00:44,726 ====> Extracting Features
2020-01-03 02:02:02,149 ==> Batch (50/72)
2020-01-03 02:02:29,731 ====> Building faiss index
2020-01-03 02:02:29,733 ====> Calculating recall @ N
2020-01-03 02:02:30,288 ====> Recall@1: 0.4661
2020-01-03 02:02:30,288 ====> Recall@2: 0.5104
2020-01-03 02:02:30,288 ====> Recall@3: 0.5432
2020-01-03 02:02:30,289 ====> Recall@4: 0.5617
2020-01-03 02:02:30,289 ====> Recall@5: 0.5832
2020-01-03 02:02:30,289 ====> Recall@10: 0.6412
2020-01-03 02:02:30,289 ====> Recall@15: 0.6757
2020-01-03 02:02:30,289 ====> Recall@20: 0.6968
2020-01-03 02:02:30,289 ====> Recall@25: 0.7084
2020-01-03 02:02:30,352 ====> Building Cache
2020-01-03 02:02:30,352 h5feat cache at: /home/annora/NetVLAD/output/train_feat_cache.hdf5
2020-01-03 02:05:16,081 Allocated:120.65869140625 MB
2020-01-03 02:05:16,082 Cached:6921.375 MB
2020-01-03 02:07:30,859 ==> Task[2]Epoch[14](50/401): Loss: 0.1804
2020-01-03 02:07:30,861 Allocated:121.90869140625 MB
2020-01-03 02:07:30,861 Cached:764.625 MB
2020-01-03 02:09:36,355 ==> Task[2]Epoch[14](100/401): Loss: 0.2001
2020-01-03 02:09:36,357 Allocated:122.65869140625 MB
2020-01-03 02:09:36,357 Cached:764.625 MB
2020-01-03 02:11:38,207 ==> Task[2]Epoch[14](150/401): Loss: 0.0664
2020-01-03 02:11:38,209 Allocated:122.65869140625 MB
2020-01-03 02:11:38,209 Cached:764.625 MB
2020-01-03 02:13:34,051 ==> Task[2]Epoch[14](200/401): Loss: 0.1126
2020-01-03 02:13:34,052 Allocated:121.90869140625 MB
2020-01-03 02:13:34,052 Cached:764.625 MB
2020-01-03 02:15:38,625 ==> Task[2]Epoch[14](250/401): Loss: 0.3509
2020-01-03 02:15:38,626 Allocated:122.65869140625 MB
2020-01-03 02:15:38,626 Cached:763.625 MB
2020-01-03 02:17:38,170 ==> Task[2]Epoch[14](300/401): Loss: 0.0107
2020-01-03 02:17:38,171 Allocated:122.65869140625 MB
2020-01-03 02:17:38,172 Cached:763.625 MB
2020-01-03 02:19:37,279 ==> Task[2]Epoch[14](350/401): Loss: 0.0281
2020-01-03 02:19:37,280 Allocated:120.90869140625 MB
2020-01-03 02:19:37,280 Cached:764.625 MB
2020-01-03 02:21:56,755 ==> Task[2]Epoch[14](400/401): Loss: 0.3495
2020-01-03 02:21:56,756 Allocated:122.65869140625 MB
2020-01-03 02:21:56,756 Cached:764.625 MB
2020-01-03 02:21:59,250 ===> Task 2 Epoch 14 Complete: Avg. Loss: 0.0975
2020-01-03 02:21:59,252 begin test:
2020-01-03 02:21:59,253 ====> Extracting Features
2020-01-03 02:23:17,091 ==> Batch (50/72)
2020-01-03 02:23:44,664 ====> Building faiss index
2020-01-03 02:23:44,666 ====> Calculating recall @ N
2020-01-03 02:23:45,225 ====> Recall@1: 0.4687
2020-01-03 02:23:45,226 ====> Recall@2: 0.5217
2020-01-03 02:23:45,226 ====> Recall@3: 0.5461
2020-01-03 02:23:45,226 ====> Recall@4: 0.5661
2020-01-03 02:23:45,227 ====> Recall@5: 0.5849
2020-01-03 02:23:45,227 ====> Recall@10: 0.6467
2020-01-03 02:23:45,227 ====> Recall@15: 0.6751
2020-01-03 02:23:45,227 ====> Recall@20: 0.6922
2020-01-03 02:23:45,227 ====> Recall@25: 0.7058
2020-01-03 02:23:45,288 ====> Building Cache
2020-01-03 02:23:45,288 h5feat cache at: /home/annora/NetVLAD/output/train_feat_cache.hdf5
2020-01-03 02:26:31,443 Allocated:119.90869140625 MB
2020-01-03 02:26:31,444 Cached:6921.375 MB
2020-01-03 02:28:56,281 ==> Task[2]Epoch[15](50/401): Loss: 0.1691
2020-01-03 02:28:56,282 Allocated:122.65869140625 MB
2020-01-03 02:28:56,282 Cached:764.625 MB
2020-01-03 02:30:51,851 ==> Task[2]Epoch[15](100/401): Loss: 0.2400
2020-01-03 02:30:51,852 Allocated:122.65869140625 MB
2020-01-03 02:30:51,853 Cached:764.625 MB
2020-01-03 02:32:58,591 ==> Task[2]Epoch[15](150/401): Loss: 0.0292
2020-01-03 02:32:58,592 Allocated:122.65869140625 MB
2020-01-03 02:32:58,592 Cached:765.625 MB
2020-01-03 02:34:50,572 ==> Task[2]Epoch[15](200/401): Loss: 0.1321
2020-01-03 02:34:50,573 Allocated:121.90869140625 MB
2020-01-03 02:34:50,574 Cached:764.625 MB
2020-01-03 02:36:50,895 ==> Task[2]Epoch[15](250/401): Loss: 0.3700
2020-01-03 02:36:50,896 Allocated:122.65869140625 MB
2020-01-03 02:36:50,896 Cached:764.625 MB
2020-01-03 02:39:00,873 ==> Task[2]Epoch[15](300/401): Loss: 0.0076
2020-01-03 02:39:00,874 Allocated:121.90869140625 MB
2020-01-03 02:39:00,874 Cached:764.625 MB
2020-01-03 02:40:53,859 ==> Task[2]Epoch[15](350/401): Loss: 0.0342
2020-01-03 02:40:53,860 Allocated:122.03369140625 MB
2020-01-03 02:40:53,860 Cached:764.625 MB
2020-01-03 02:42:50,430 ==> Task[2]Epoch[15](400/401): Loss: 0.2946
2020-01-03 02:42:50,431 Allocated:121.15869140625 MB
2020-01-03 02:42:50,431 Cached:908.0 MB
2020-01-03 02:42:52,875 ===> Task 2 Epoch 15 Complete: Avg. Loss: 0.0888
2020-01-03 02:42:52,876 begin test:
2020-01-03 02:42:52,877 ====> Extracting Features
2020-01-03 02:44:09,980 ==> Batch (50/72)
2020-01-03 02:44:38,887 ====> Building faiss index
2020-01-03 02:44:38,893 ====> Calculating recall @ N
2020-01-03 02:44:39,502 ====> Recall@1: 0.4606
2020-01-03 02:44:39,503 ====> Recall@2: 0.5133
2020-01-03 02:44:39,504 ====> Recall@3: 0.5406
2020-01-03 02:44:39,504 ====> Recall@4: 0.5617
2020-01-03 02:44:39,504 ====> Recall@5: 0.5838
2020-01-03 02:44:39,504 ====> Recall@10: 0.6426
2020-01-03 02:44:39,505 ====> Recall@15: 0.6774
2020-01-03 02:44:39,505 ====> Recall@20: 0.7020
2020-01-03 02:44:39,505 ====> Recall@25: 0.7128
2020-01-03 02:44:39,566 Performance did not improve for 10 epochs. Stopping.
2020-01-03 02:44:39,567 => Best Recall@5: 0.6023
2020-01-03 02:44:39,632 => Task 2 loaded checkpoint '/home/annora/NetVLAD/output/runs/2020-01-02-13-36-43_alexnet_max/checkpoints/model_best1.pth.tar' 
