2020-02-04 21:46:44,483 Namespace(arch='alexnet', batchSize=12, cacheBatchSize=96, cachePath='/home/annora/NetVLAD/output/', cacheRefreshRate=3000, ckpt='best', contilearn=True, dataPath='/home/annora/NetVLAD/output/data/', dataset='pittsburgh', evalEvery=1, fromscratch=False, fromtask='/home/annora/NetVLAD/output/runs/2020-02-01-12-18-20_alexnet_netvlad', lr=0.001, lrGamma=0.5, lrStep=5, margin=0.1, mode='train', momentum=0.9, nEpochs=30, nGPU=1, nocuda=False, num_clusters=64, optim='SGD', patience=10, pooling='netvlad', premodel='imagenet', resume='', runsPath='/home/annora/NetVLAD/output/runs/', savePath='checkpoints', seed=123, split='val', start_epoch=0, threads=8, vladv2=False, weightDecay=0.001)
2020-02-04 21:46:44,520 ===> Loading dataset(s)
2020-02-04 21:46:44,520 trainfile ------>>>>>> pitts30k_train.mat
2020-02-04 21:46:46,830 ====> Training set: pitts30k_train.mat, query set count: 7320
2020-02-04 21:46:46,998 ===> Evaluating on val set: pitts30k_val.mat, query count: 7608
2020-02-04 21:46:46,998 ===> Building model
2020-02-04 21:46:47,054 encoder moder:
AlexNet(
  (conv1): Sequential(
    (0): Conv2d(3, 64, kernel_size=(11, 11), stride=(4, 4), padding=(2, 2))
    (1): ReLU(inplace)
    (2): MaxPool2d(kernel_size=3, stride=2, padding=0, dilation=1, ceil_mode=False)
  )
  (conv2): Sequential(
    (0): Conv2d(64, 192, kernel_size=(5, 5), stride=(1, 1), padding=(2, 2))
    (1): ReLU(inplace)
    (2): MaxPool2d(kernel_size=3, stride=2, padding=0, dilation=1, ceil_mode=False)
  )
  (conv3): Sequential(
    (0): Conv2d(192, 384, kernel_size=(3, 3), stride=(1, 1), padding=(1, 1))
    (1): ReLU(inplace)
  )
  (conv4): Sequential(
    (0): Conv2d(384, 256, kernel_size=(3, 3), stride=(1, 1), padding=(1, 1))
    (1): ReLU(inplace)
  )
  (conv5): Sequential(
    (0): Conv2d(256, 256, kernel_size=(3, 3), stride=(1, 1), padding=(1, 1))
  )
)
2020-02-04 21:46:51,737 => loading checkpoint '/home/annora/NetVLAD/output/runs/2020-02-01-12-18-20_alexnet_netvlad/checkpoints/model_best.pth.tar'
2020-02-04 21:46:51,844 => loaded checkpoint '/home/annora/NetVLAD/output/runs/2020-02-01-12-18-20_alexnet_netvlad/checkpoints/model_best.pth.tar' 
2020-02-04 21:46:51,844 ===> Training model
2020-02-04 21:46:51,847 ===> Saving state to: /home/annora/NetVLAD/output/runs/2020-02-04-21-46-51_alexnet_netvlad
2020-02-04 21:46:51,848 ====> Building Cache
2020-02-04 21:46:51,848 feature cache--->>> /home/annora/NetVLAD/output/train_feat_cache0.hdf5
2020-02-04 21:47:21,444 Allocated:99.47119140625 MB
2020-02-04 21:47:21,445 Cached:1501.5 MB
