2020-01-11 20:04:53,723 Namespace(arch='alexnet', batchSize=12, cacheBatchSize=96, cachePath='/home/annora/NetVLAD/output/', cacheRefreshRate=3000, ckpt='best', contilearn=True, dataPath='/home/annora/NetVLAD/output/data/', dataset='pittsburgh', evalEvery=1, fromscratch=False, fromtask='/home/annora/NetVLAD/output/runs/2020-01-10-19-23-49_alexnet_max', lr=0.01, lrGamma=0.5, lrStep=5, margin=0.1, mode='train', momentum=0.9, nEpochs=30, nGPU=1, nocuda=False, num_clusters=64, optim='SGD', patience=10, pooling='max', premodel='places', resume='', runsPath='/home/annora/NetVLAD/output/runs/', savePath='checkpoints', seed=123, split='val', start_epoch=0, threads=8, vladv2=False, weightDecay=0.001)
2020-01-11 20:04:53,787 ===> Loading dataset(s)
2020-01-11 20:04:53,787 trainfile ------>>>>>> pitts30k_train.mat
2020-01-11 20:04:56,275 ====> Training set: pitts30k_train.mat, query set count: 7320
2020-01-11 20:04:56,456 ===> Evaluating on val set: pitts30k_val.mat, query count: 7608
2020-01-11 20:04:56,457 ===> Building model
2020-01-11 20:04:56,514 encoder moder:
AlexNet(
  (conv1): Sequential(
    (0): Conv2d(3, 64, kernel_size=(11, 11), stride=(4, 4), padding=(2, 2))
    (1): ReLU(inplace)
    (2): MaxPool2d(kernel_size=3, stride=2, padding=0, dilation=1, ceil_mode=False)
  )
  (conv2): Sequential(
    (0): Conv2d(64, 192, kernel_size=(5, 5), stride=(1, 1), padding=(2, 2))
    (1): ReLU(inplace)
    (2): MaxPool2d(kernel_size=3, stride=2, padding=0, dilation=1, ceil_mode=False)
  )
  (conv3): Sequential(
    (0): Conv2d(192, 384, kernel_size=(3, 3), stride=(1, 1), padding=(1, 1))
    (1): ReLU(inplace)
  )
  (conv4): Sequential(
    (0): Conv2d(384, 256, kernel_size=(3, 3), stride=(1, 1), padding=(1, 1))
    (1): ReLU(inplace)
  )
  (conv5): Sequential(
    (0): Conv2d(256, 256, kernel_size=(3, 3), stride=(1, 1), padding=(1, 1))
  )
)
2020-01-11 20:05:01,823 => loading checkpoint '/home/annora/NetVLAD/output/runs/2020-01-10-19-23-49_alexnet_max/checkpoints/model_best.pth.tar'
2020-01-11 20:05:02,104 => loaded checkpoint '/home/annora/NetVLAD/output/runs/2020-01-10-19-23-49_alexnet_max/checkpoints/model_best.pth.tar' 
2020-01-11 20:05:02,104 ===> Training model
2020-01-11 20:05:02,106 ===> Saving state to: /home/annora/NetVLAD/output/runs/2020-01-11-20-05-02_alexnet_max
2020-01-11 20:05:02,107 ====> Building Cache
2020-01-11 20:05:02,107 feature cache--->>> /home/annora/NetVLAD/output/train_feat_cache2.hdf5
2020-01-11 20:05:38,172 Allocated:99.34619140625 MB
2020-01-11 20:05:38,173 Cached:2864.375 MB
2020-01-11 20:08:17,034 ==> Epoch[1](50/610): Loss: 0.2760
2020-01-11 20:08:17,039 Allocated:121.28369140625 MB
2020-01-11 20:08:17,039 Cached:6741.375 MB
2020-01-11 20:10:10,888 ==> Epoch[1](100/610): Loss: 0.2767
2020-01-11 20:10:10,890 Allocated:120.53369140625 MB
2020-01-11 20:10:10,890 Cached:6741.375 MB
2020-01-11 20:12:12,571 ==> Epoch[1](150/610): Loss: 0.2910
2020-01-11 20:12:12,573 Allocated:121.53369140625 MB
2020-01-11 20:12:12,573 Cached:6741.375 MB
2020-01-11 20:14:17,704 ==> Epoch[1](200/610): Loss: 0.2817
2020-01-11 20:14:17,706 Allocated:121.28369140625 MB
2020-01-11 20:14:17,706 Cached:6741.375 MB
2020-01-11 20:14:28,559 ====> Building Cache
2020-01-11 20:14:28,560 feature cache--->>> /home/annora/NetVLAD/output/train_feat_cache2.hdf5
2020-01-11 20:15:10,283 Allocated:122.533203125 MB
2020-01-11 20:15:10,283 Cached:2919.5 MB
2020-01-11 20:17:34,412 ==> Epoch[1](250/610): Loss: 0.2641
2020-01-11 20:17:34,414 Allocated:120.53369140625 MB
2020-01-11 20:17:34,414 Cached:9236.5 MB
2020-01-11 20:19:44,295 ==> Epoch[1](300/610): Loss: 0.2863
2020-01-11 20:19:44,296 Allocated:121.15869140625 MB
2020-01-11 20:19:44,296 Cached:9236.5 MB
2020-01-11 20:21:49,688 ==> Epoch[1](350/610): Loss: 0.2894
2020-01-11 20:21:49,690 Allocated:121.15869140625 MB
2020-01-11 20:21:49,690 Cached:9236.5 MB
2020-01-11 20:23:45,669 ==> Epoch[1](400/610): Loss: 0.2721
2020-01-11 20:23:45,670 Allocated:121.53369140625 MB
2020-01-11 20:23:45,670 Cached:9236.5 MB
2020-01-11 20:24:04,302 ====> Building Cache
2020-01-11 20:24:04,303 feature cache--->>> /home/annora/NetVLAD/output/train_feat_cache2.hdf5
2020-01-11 20:24:35,938 Allocated:121.533203125 MB
2020-01-11 20:24:35,939 Cached:2919.5 MB
2020-01-11 20:26:56,099 ==> Epoch[1](450/610): Loss: 0.2527
2020-01-11 20:26:56,101 Allocated:121.65869140625 MB
2020-01-11 20:26:56,101 Cached:6794.5 MB
2020-01-11 20:29:01,264 ==> Epoch[1](500/610): Loss: 0.2775
2020-01-11 20:29:01,265 Allocated:121.03369140625 MB
2020-01-11 20:29:01,266 Cached:6794.5 MB
2020-01-11 20:30:59,703 ==> Epoch[1](550/610): Loss: 0.2830
2020-01-11 20:30:59,704 Allocated:121.28369140625 MB
2020-01-11 20:30:59,704 Cached:6794.5 MB
2020-01-11 20:33:00,158 ==> Epoch[1](600/610): Loss: 0.2590
2020-01-11 20:33:00,160 Allocated:121.15869140625 MB
2020-01-11 20:33:00,161 Cached:6794.5 MB
2020-01-11 20:33:30,530 ===> Epoch 1 Complete: Avg. Loss: 0.2737
2020-01-11 20:33:30,532 ====> Extracting Features
2020-01-11 20:33:53,436 ==> Batch (50/184)
2020-01-11 20:34:03,255 ==> Batch (100/184)
2020-01-11 20:34:12,499 ==> Batch (150/184)
2020-01-11 20:34:18,177 ====> Building faiss index
2020-01-11 20:34:18,187 ====> Calculating recall @ N
2020-01-11 20:34:19,763 ====> Recall@1: 0.4196
2020-01-11 20:34:19,764 ====> Recall@2: 0.5158
2020-01-11 20:34:19,765 ====> Recall@3: 0.5706
2020-01-11 20:34:19,765 ====> Recall@4: 0.6055
2020-01-11 20:34:19,765 ====> Recall@5: 0.6359
2020-01-11 20:34:19,766 ====> Recall@10: 0.7261
2020-01-11 20:34:19,766 ====> Recall@15: 0.7772
2020-01-11 20:34:19,766 ====> Recall@20: 0.8113
2020-01-11 20:34:19,766 ====> Recall@25: 0.8319
2020-01-11 20:34:20,037 ====> Building Cache
2020-01-11 20:34:20,037 feature cache--->>> /home/annora/NetVLAD/output/train_feat_cache2.hdf5
2020-01-11 20:34:55,042 Allocated:119.03369140625 MB
2020-01-11 20:34:55,043 Cached:2918.5 MB
2020-01-11 20:37:34,965 ==> Epoch[2](50/610): Loss: 0.2865
2020-01-11 20:37:34,967 Allocated:122.03369140625 MB
2020-01-11 20:37:34,967 Cached:6794.5 MB
2020-01-11 20:39:32,176 ==> Epoch[2](100/610): Loss: 0.2735
2020-01-11 20:39:32,177 Allocated:120.53369140625 MB
2020-01-11 20:39:32,178 Cached:6794.5 MB
2020-01-11 20:41:37,688 ==> Epoch[2](150/610): Loss: 0.2765
2020-01-11 20:41:37,689 Allocated:121.03369140625 MB
2020-01-11 20:41:37,689 Cached:6794.5 MB
2020-01-11 20:43:36,098 ==> Epoch[2](200/610): Loss: 0.2959
2020-01-11 20:43:36,100 Allocated:122.03369140625 MB
2020-01-11 20:43:36,100 Cached:6794.5 MB
2020-01-11 20:43:45,723 ====> Building Cache
2020-01-11 20:43:45,724 feature cache--->>> /home/annora/NetVLAD/output/train_feat_cache2.hdf5
2020-01-11 20:44:21,428 Allocated:121.533203125 MB
2020-01-11 20:44:21,429 Cached:2919.5 MB
2020-01-11 20:46:46,135 ==> Epoch[2](250/610): Loss: 0.2949
2020-01-11 20:46:46,137 Allocated:121.53369140625 MB
2020-01-11 20:46:46,138 Cached:6794.5 MB
2020-01-11 20:48:53,142 ==> Epoch[2](300/610): Loss: 0.2164
2020-01-11 20:48:53,143 Allocated:121.15869140625 MB
2020-01-11 20:48:53,143 Cached:6794.5 MB
2020-01-11 20:50:56,860 ==> Epoch[2](350/610): Loss: 0.2164
2020-01-11 20:50:56,862 Allocated:120.53369140625 MB
2020-01-11 20:50:56,862 Cached:6794.5 MB
2020-01-11 20:52:55,825 ==> Epoch[2](400/610): Loss: 0.2548
2020-01-11 20:52:55,826 Allocated:121.15869140625 MB
2020-01-11 20:52:55,826 Cached:6794.5 MB
2020-01-11 20:53:16,485 ====> Building Cache
2020-01-11 20:53:16,486 feature cache--->>> /home/annora/NetVLAD/output/train_feat_cache2.hdf5
2020-01-11 20:53:54,322 Allocated:121.033203125 MB
2020-01-11 20:53:54,322 Cached:2919.5 MB
2020-01-11 20:56:02,298 ==> Epoch[2](450/610): Loss: 0.2578
2020-01-11 20:56:02,300 Allocated:122.53369140625 MB
2020-01-11 20:56:02,300 Cached:6794.5 MB
2020-01-11 20:58:09,801 ==> Epoch[2](500/610): Loss: 0.2818
2020-01-11 20:58:09,803 Allocated:120.53369140625 MB
2020-01-11 20:58:09,803 Cached:6794.5 MB
2020-01-11 21:00:10,322 ==> Epoch[2](550/610): Loss: 0.2691
2020-01-11 21:00:10,324 Allocated:121.53369140625 MB
2020-01-11 21:00:10,324 Cached:6794.5 MB
2020-01-11 21:02:06,919 ==> Epoch[2](600/610): Loss: 0.2608
2020-01-11 21:02:06,921 Allocated:121.03369140625 MB
2020-01-11 21:02:06,922 Cached:6794.5 MB
2020-01-11 21:02:39,797 ===> Epoch 2 Complete: Avg. Loss: 0.2711
2020-01-11 21:02:39,800 ====> Extracting Features
2020-01-11 21:03:00,563 ==> Batch (50/184)
2020-01-11 21:03:08,636 ==> Batch (100/184)
2020-01-11 21:03:17,475 ==> Batch (150/184)
2020-01-11 21:03:23,277 ====> Building faiss index
2020-01-11 21:03:23,290 ====> Calculating recall @ N
2020-01-11 21:03:24,628 ====> Recall@1: 0.4226
2020-01-11 21:03:24,628 ====> Recall@2: 0.5201
2020-01-11 21:03:24,629 ====> Recall@3: 0.5770
2020-01-11 21:03:24,629 ====> Recall@4: 0.6133
2020-01-11 21:03:24,630 ====> Recall@5: 0.6417
2020-01-11 21:03:24,630 ====> Recall@10: 0.7307
2020-01-11 21:03:24,630 ====> Recall@15: 0.7826
2020-01-11 21:03:24,630 ====> Recall@20: 0.8143
2020-01-11 21:03:24,630 ====> Recall@25: 0.8389
2020-01-11 21:03:25,410 ====> Building Cache
2020-01-11 21:03:25,410 feature cache--->>> /home/annora/NetVLAD/output/train_feat_cache2.hdf5
2020-01-11 21:04:09,502 Allocated:119.53369140625 MB
2020-01-11 21:04:09,502 Cached:2917.5 MB
2020-01-11 21:06:49,167 ==> Epoch[3](50/610): Loss: 0.2397
2020-01-11 21:06:49,169 Allocated:121.28369140625 MB
2020-01-11 21:06:49,169 Cached:6794.5 MB
2020-01-11 21:08:42,085 ==> Epoch[3](100/610): Loss: 0.2676
2020-01-11 21:08:42,088 Allocated:120.53369140625 MB
2020-01-11 21:08:42,088 Cached:6794.5 MB
2020-01-11 21:10:41,746 ==> Epoch[3](150/610): Loss: 0.2620
2020-01-11 21:10:41,748 Allocated:121.53369140625 MB
2020-01-11 21:10:41,749 Cached:6794.5 MB
2020-01-11 21:12:46,648 ==> Epoch[3](200/610): Loss: 0.2601
2020-01-11 21:12:46,649 Allocated:121.28369140625 MB
2020-01-11 21:12:46,650 Cached:6794.5 MB
2020-01-11 21:12:56,037 ====> Building Cache
2020-01-11 21:12:56,038 feature cache--->>> /home/annora/NetVLAD/output/train_feat_cache2.hdf5
2020-01-11 21:13:34,769 Allocated:122.533203125 MB
2020-01-11 21:13:34,769 Cached:2919.5 MB
2020-01-11 21:15:51,959 ==> Epoch[3](250/610): Loss: 0.2637
2020-01-11 21:15:51,961 Allocated:121.78369140625 MB
2020-01-11 21:15:51,961 Cached:6794.5 MB
2020-01-11 21:17:55,430 ==> Epoch[3](300/610): Loss: 0.2972
2020-01-11 21:17:55,431 Allocated:121.03369140625 MB
2020-01-11 21:17:55,432 Cached:6794.5 MB
2020-01-11 21:20:01,274 ==> Epoch[3](350/610): Loss: 0.2534
2020-01-11 21:20:01,276 Allocated:120.53369140625 MB
2020-01-11 21:20:01,276 Cached:6794.5 MB
2020-01-11 21:21:55,171 ==> Epoch[3](400/610): Loss: 0.2910
2020-01-11 21:21:55,172 Allocated:121.03369140625 MB
2020-01-11 21:21:55,173 Cached:6794.5 MB
2020-01-11 21:22:13,821 ====> Building Cache
2020-01-11 21:22:13,822 feature cache--->>> /home/annora/NetVLAD/output/train_feat_cache2.hdf5
2020-01-11 21:22:48,164 Allocated:121.158203125 MB
2020-01-11 21:22:48,165 Cached:2919.5 MB
2020-01-11 21:25:14,591 ==> Epoch[3](450/610): Loss: 0.2696
2020-01-11 21:25:14,593 Allocated:120.53369140625 MB
2020-01-11 21:25:14,593 Cached:6794.5 MB
2020-01-11 21:27:16,592 ==> Epoch[3](500/610): Loss: 0.2944
2020-01-11 21:27:16,593 Allocated:120.53369140625 MB
2020-01-11 21:27:16,593 Cached:6794.5 MB
2020-01-11 21:29:08,225 ==> Epoch[3](550/610): Loss: 0.2630
2020-01-11 21:29:08,226 Allocated:121.28369140625 MB
2020-01-11 21:29:08,226 Cached:6794.5 MB
2020-01-11 21:31:12,340 ==> Epoch[3](600/610): Loss: 0.3220
2020-01-11 21:31:12,341 Allocated:120.53369140625 MB
2020-01-11 21:31:12,341 Cached:6794.5 MB
2020-01-11 21:31:43,052 ===> Epoch 3 Complete: Avg. Loss: 0.2677
2020-01-11 21:31:43,054 ====> Extracting Features
2020-01-11 21:32:05,790 ==> Batch (50/184)
2020-01-11 21:32:16,377 ==> Batch (100/184)
2020-01-11 21:32:26,674 ==> Batch (150/184)
2020-01-11 21:32:34,227 ====> Building faiss index
2020-01-11 21:32:34,239 ====> Calculating recall @ N
2020-01-11 21:32:35,657 ====> Recall@1: 0.4303
2020-01-11 21:32:35,657 ====> Recall@2: 0.5266
2020-01-11 21:32:35,658 ====> Recall@3: 0.5850
2020-01-11 21:32:35,658 ====> Recall@4: 0.6224
2020-01-11 21:32:35,659 ====> Recall@5: 0.6493
2020-01-11 21:32:35,659 ====> Recall@10: 0.7366
2020-01-11 21:32:35,659 ====> Recall@15: 0.7826
2020-01-11 21:32:35,659 ====> Recall@20: 0.8160
2020-01-11 21:32:35,659 ====> Recall@25: 0.8394
2020-01-11 21:32:36,479 ====> Building Cache
2020-01-11 21:32:36,479 feature cache--->>> /home/annora/NetVLAD/output/train_feat_cache2.hdf5
2020-01-11 21:33:21,495 Allocated:119.15869140625 MB
2020-01-11 21:33:21,496 Cached:2917.5 MB
2020-01-11 21:36:00,999 ==> Epoch[4](50/610): Loss: 0.2968
2020-01-11 21:36:01,001 Allocated:121.90869140625 MB
2020-01-11 21:36:01,001 Cached:6794.5 MB
2020-01-11 21:37:55,033 ==> Epoch[4](100/610): Loss: 0.2746
2020-01-11 21:37:55,035 Allocated:121.03369140625 MB
2020-01-11 21:37:55,035 Cached:6794.5 MB
2020-01-11 21:39:52,451 ==> Epoch[4](150/610): Loss: 0.2591
2020-01-11 21:39:52,453 Allocated:121.15869140625 MB
2020-01-11 21:39:52,453 Cached:6794.5 MB
2020-01-11 21:41:50,554 ==> Epoch[4](200/610): Loss: 0.2867
2020-01-11 21:41:50,555 Allocated:121.90869140625 MB
2020-01-11 21:41:50,556 Cached:6794.5 MB
2020-01-11 21:42:00,200 ====> Building Cache
2020-01-11 21:42:00,201 feature cache--->>> /home/annora/NetVLAD/output/train_feat_cache2.hdf5
2020-01-11 21:42:31,887 Allocated:120.533203125 MB
2020-01-11 21:42:31,887 Cached:2919.5 MB
2020-01-11 21:44:53,249 ==> Epoch[4](250/610): Loss: 0.2749
2020-01-11 21:44:53,251 Allocated:121.53369140625 MB
2020-01-11 21:44:53,251 Cached:9323.5 MB
2020-01-11 21:46:54,335 ==> Epoch[4](300/610): Loss: 0.2413
2020-01-11 21:46:54,336 Allocated:120.53369140625 MB
2020-01-11 21:46:54,336 Cached:9323.5 MB
2020-01-11 21:48:52,201 ==> Epoch[4](350/610): Loss: 0.2329
2020-01-11 21:48:52,202 Allocated:120.53369140625 MB
2020-01-11 21:48:52,203 Cached:9323.5 MB
2020-01-11 21:50:51,363 ==> Epoch[4](400/610): Loss: 0.3065
2020-01-11 21:50:51,364 Allocated:121.28369140625 MB
2020-01-11 21:50:51,365 Cached:9323.5 MB
2020-01-11 21:51:15,528 ====> Building Cache
2020-01-11 21:51:15,529 feature cache--->>> /home/annora/NetVLAD/output/train_feat_cache2.hdf5
2020-01-11 21:51:53,305 Allocated:121.158203125 MB
2020-01-11 21:51:53,305 Cached:2919.5 MB
2020-01-11 21:54:03,743 ==> Epoch[4](450/610): Loss: 0.2776
2020-01-11 21:54:03,745 Allocated:121.53369140625 MB
2020-01-11 21:54:03,745 Cached:9290.75 MB
2020-01-11 21:56:04,214 ==> Epoch[4](500/610): Loss: 0.2671
2020-01-11 21:56:04,216 Allocated:122.53369140625 MB
2020-01-11 21:56:04,216 Cached:9290.75 MB
2020-01-11 21:58:03,349 ==> Epoch[4](550/610): Loss: 0.2713
2020-01-11 21:58:03,350 Allocated:121.15869140625 MB
2020-01-11 21:58:03,350 Cached:9290.75 MB
2020-01-11 22:00:04,249 ==> Epoch[4](600/610): Loss: 0.2497
2020-01-11 22:00:04,250 Allocated:121.53369140625 MB
2020-01-11 22:00:04,250 Cached:9290.75 MB
2020-01-11 22:00:32,583 ===> Epoch 4 Complete: Avg. Loss: 0.2621
2020-01-11 22:00:32,585 ====> Extracting Features
2020-01-11 22:00:52,120 ==> Batch (50/184)
2020-01-11 22:01:00,100 ==> Batch (100/184)
2020-01-11 22:01:07,037 ==> Batch (150/184)
2020-01-11 22:01:12,519 ====> Building faiss index
2020-01-11 22:01:12,527 ====> Calculating recall @ N
2020-01-11 22:01:13,807 ====> Recall@1: 0.4482
2020-01-11 22:01:13,808 ====> Recall@2: 0.5459
2020-01-11 22:01:13,808 ====> Recall@3: 0.5977
2020-01-11 22:01:13,809 ====> Recall@4: 0.6349
2020-01-11 22:01:13,809 ====> Recall@5: 0.6627
2020-01-11 22:01:13,809 ====> Recall@10: 0.7470
2020-01-11 22:01:13,809 ====> Recall@15: 0.7951
2020-01-11 22:01:13,810 ====> Recall@20: 0.8226
2020-01-11 22:01:13,810 ====> Recall@25: 0.8458
2020-01-11 22:01:14,536 ====> Building Cache
2020-01-11 22:01:14,536 feature cache--->>> /home/annora/NetVLAD/output/train_feat_cache2.hdf5
2020-01-11 22:01:47,644 Allocated:118.53369140625 MB
2020-01-11 22:01:47,645 Cached:2918.5 MB
2020-01-11 22:04:26,006 ==> Epoch[5](50/610): Loss: 0.2658
2020-01-11 22:04:26,008 Allocated:121.53369140625 MB
2020-01-11 22:04:26,009 Cached:8047.375 MB
2020-01-11 22:06:25,025 ==> Epoch[5](100/610): Loss: 0.2341
2020-01-11 22:06:25,027 Allocated:121.28369140625 MB
2020-01-11 22:06:25,027 Cached:8047.375 MB
2020-01-11 22:08:26,993 ==> Epoch[5](150/610): Loss: 0.2731
2020-01-11 22:08:26,995 Allocated:120.53369140625 MB
2020-01-11 22:08:26,995 Cached:8047.375 MB
2020-01-11 22:10:27,522 ==> Epoch[5](200/610): Loss: 0.2572
2020-01-11 22:10:27,523 Allocated:121.53369140625 MB
2020-01-11 22:10:27,523 Cached:8047.375 MB
2020-01-11 22:10:38,985 ====> Building Cache
2020-01-11 22:10:38,986 feature cache--->>> /home/annora/NetVLAD/output/train_feat_cache2.hdf5
2020-01-11 22:11:09,752 Allocated:120.533203125 MB
2020-01-11 22:11:09,753 Cached:2919.5 MB
2020-01-11 22:13:29,374 ==> Epoch[5](250/610): Loss: 0.2408
2020-01-11 22:13:29,376 Allocated:120.90869140625 MB
2020-01-11 22:13:29,376 Cached:4901.5 MB
2020-01-11 22:15:31,080 ==> Epoch[5](300/610): Loss: 0.2274
2020-01-11 22:15:31,081 Allocated:122.15869140625 MB
2020-01-11 22:15:31,082 Cached:4901.5 MB
2020-01-11 22:17:33,281 ==> Epoch[5](350/610): Loss: 0.2626
2020-01-11 22:17:33,282 Allocated:120.53369140625 MB
2020-01-11 22:17:33,282 Cached:4901.5 MB
2020-01-11 22:19:30,229 ==> Epoch[5](400/610): Loss: 0.2593
2020-01-11 22:19:30,231 Allocated:121.03369140625 MB
2020-01-11 22:19:30,231 Cached:4901.5 MB
2020-01-11 22:19:49,836 ====> Building Cache
2020-01-11 22:19:49,836 feature cache--->>> /home/annora/NetVLAD/output/train_feat_cache2.hdf5
2020-01-11 22:20:26,480 Allocated:120.533203125 MB
2020-01-11 22:20:26,481 Cached:2919.5 MB
2020-01-11 22:22:42,257 ==> Epoch[5](450/610): Loss: 0.2417
2020-01-11 22:22:42,259 Allocated:120.65869140625 MB
2020-01-11 22:22:42,259 Cached:6794.5 MB
2020-01-11 22:24:43,975 ==> Epoch[5](500/610): Loss: 0.2705
2020-01-11 22:24:43,976 Allocated:120.65869140625 MB
2020-01-11 22:24:43,976 Cached:6794.5 MB
2020-01-11 22:26:58,427 ==> Epoch[5](550/610): Loss: 0.1727
2020-01-11 22:26:58,429 Allocated:120.78369140625 MB
2020-01-11 22:26:58,429 Cached:6794.5 MB
2020-01-11 22:29:16,581 ==> Epoch[5](600/610): Loss: 0.2687
2020-01-11 22:29:16,582 Allocated:121.15869140625 MB
2020-01-11 22:29:16,583 Cached:6794.5 MB
2020-01-11 22:29:50,258 ===> Epoch 5 Complete: Avg. Loss: 0.2541
2020-01-11 22:29:50,260 ====> Extracting Features
2020-01-11 22:30:09,189 ==> Batch (50/184)
2020-01-11 22:30:16,879 ==> Batch (100/184)
2020-01-11 22:30:24,718 ==> Batch (150/184)
2020-01-11 22:30:29,572 ====> Building faiss index
2020-01-11 22:30:29,580 ====> Calculating recall @ N
2020-01-11 22:30:30,977 ====> Recall@1: 0.4654
2020-01-11 22:30:30,978 ====> Recall@2: 0.5632
2020-01-11 22:30:30,978 ====> Recall@3: 0.6172
2020-01-11 22:30:30,978 ====> Recall@4: 0.6538
2020-01-11 22:30:30,978 ====> Recall@5: 0.6822
2020-01-11 22:30:30,979 ====> Recall@10: 0.7654
2020-01-11 22:30:30,979 ====> Recall@15: 0.8107
2020-01-11 22:30:30,979 ====> Recall@20: 0.8375
2020-01-11 22:30:30,979 ====> Recall@25: 0.8588
2020-01-11 22:30:31,715 ====> Building Cache
2020-01-11 22:30:31,715 feature cache--->>> /home/annora/NetVLAD/output/train_feat_cache2.hdf5
2020-01-11 22:31:06,044 Allocated:119.03369140625 MB
2020-01-11 22:31:06,044 Cached:2918.5 MB
2020-01-11 22:33:39,210 ==> Epoch[6](50/610): Loss: 0.2430
2020-01-11 22:33:39,212 Allocated:121.15869140625 MB
2020-01-11 22:33:39,212 Cached:6794.5 MB
2020-01-11 22:35:48,009 ==> Epoch[6](100/610): Loss: 0.2531
2020-01-11 22:35:48,010 Allocated:121.90869140625 MB
2020-01-11 22:35:48,010 Cached:6794.5 MB
2020-01-11 22:37:45,533 ==> Epoch[6](150/610): Loss: 0.2500
2020-01-11 22:37:45,534 Allocated:121.03369140625 MB
2020-01-11 22:37:45,534 Cached:6794.5 MB
2020-01-11 22:39:39,345 ==> Epoch[6](200/610): Loss: 0.2041
2020-01-11 22:39:39,346 Allocated:121.15869140625 MB
2020-01-11 22:39:39,347 Cached:6794.5 MB
2020-01-11 22:39:49,334 ====> Building Cache
2020-01-11 22:39:49,335 feature cache--->>> /home/annora/NetVLAD/output/train_feat_cache2.hdf5
2020-01-11 22:40:26,459 Allocated:121.283203125 MB
2020-01-11 22:40:26,459 Cached:2919.5 MB
2020-01-11 22:42:59,397 ==> Epoch[6](250/610): Loss: 0.1951
2020-01-11 22:42:59,399 Allocated:121.40869140625 MB
2020-01-11 22:42:59,400 Cached:6794.5 MB
2020-01-11 22:44:57,858 ==> Epoch[6](300/610): Loss: 0.2809
2020-01-11 22:44:57,859 Allocated:122.15869140625 MB
2020-01-11 22:44:57,859 Cached:6794.5 MB
2020-01-11 22:46:55,764 ==> Epoch[6](350/610): Loss: 0.2356
2020-01-11 22:46:55,765 Allocated:121.90869140625 MB
2020-01-11 22:46:55,766 Cached:6794.5 MB
2020-01-11 22:49:04,276 ==> Epoch[6](400/610): Loss: 0.1852
2020-01-11 22:49:04,277 Allocated:121.53369140625 MB
2020-01-11 22:49:04,278 Cached:6794.5 MB
2020-01-11 22:49:25,499 ====> Building Cache
2020-01-11 22:49:25,500 feature cache--->>> /home/annora/NetVLAD/output/train_feat_cache2.hdf5
2020-01-11 22:49:59,785 Allocated:120.533203125 MB
2020-01-11 22:49:59,786 Cached:2919.5 MB
2020-01-11 22:52:04,852 ==> Epoch[6](450/610): Loss: 0.2259
2020-01-11 22:52:04,853 Allocated:121.53369140625 MB
2020-01-11 22:52:04,853 Cached:2992.25 MB
2020-01-11 22:54:02,342 ==> Epoch[6](500/610): Loss: 0.2300
2020-01-11 22:54:02,343 Allocated:120.53369140625 MB
2020-01-11 22:54:02,343 Cached:2992.25 MB
2020-01-11 22:56:20,628 ==> Epoch[6](550/610): Loss: 0.2203
2020-01-11 22:56:20,629 Allocated:121.03369140625 MB
2020-01-11 22:56:20,630 Cached:2992.25 MB
2020-01-11 22:58:15,102 ==> Epoch[6](600/610): Loss: 0.2417
2020-01-11 22:58:15,103 Allocated:120.53369140625 MB
2020-01-11 22:58:15,103 Cached:2993.25 MB
2020-01-11 22:58:41,986 ===> Epoch 6 Complete: Avg. Loss: 0.2436
2020-01-11 22:58:41,987 ====> Extracting Features
2020-01-11 22:59:02,716 ==> Batch (50/184)
2020-01-11 22:59:09,526 ==> Batch (100/184)
2020-01-11 22:59:15,688 ==> Batch (150/184)
2020-01-11 22:59:19,973 ====> Building faiss index
2020-01-11 22:59:19,980 ====> Calculating recall @ N
2020-01-11 22:59:21,110 ====> Recall@1: 0.4932
2020-01-11 22:59:21,110 ====> Recall@2: 0.5960
2020-01-11 22:59:21,111 ====> Recall@3: 0.6526
2020-01-11 22:59:21,111 ====> Recall@4: 0.6894
2020-01-11 22:59:21,111 ====> Recall@5: 0.7177
2020-01-11 22:59:21,111 ====> Recall@10: 0.7984
2020-01-11 22:59:21,111 ====> Recall@15: 0.8360
2020-01-11 22:59:21,112 ====> Recall@20: 0.8617
2020-01-11 22:59:21,112 ====> Recall@25: 0.8810
2020-01-11 22:59:21,814 ====> Building Cache
2020-01-11 22:59:21,814 feature cache--->>> /home/annora/NetVLAD/output/train_feat_cache2.hdf5
2020-01-11 23:00:00,151 Allocated:119.65869140625 MB
2020-01-11 23:00:00,151 Cached:2918.5 MB
2020-01-11 23:02:42,704 ==> Epoch[7](50/610): Loss: 0.2140
2020-01-11 23:02:42,706 Allocated:120.53369140625 MB
2020-01-11 23:02:42,706 Cached:6794.5 MB
2020-01-11 23:04:42,467 ==> Epoch[7](100/610): Loss: 0.2412
2020-01-11 23:04:42,469 Allocated:121.53369140625 MB
2020-01-11 23:04:42,470 Cached:6794.5 MB
2020-01-11 23:06:40,956 ==> Epoch[7](150/610): Loss: 0.2456
2020-01-11 23:06:40,960 Allocated:120.53369140625 MB
2020-01-11 23:06:40,960 Cached:6794.5 MB
2020-01-11 23:08:51,230 ==> Epoch[7](200/610): Loss: 0.2421
2020-01-11 23:08:51,232 Allocated:121.53369140625 MB
2020-01-11 23:08:51,232 Cached:6794.5 MB
2020-01-11 23:09:01,143 ====> Building Cache
2020-01-11 23:09:01,144 feature cache--->>> /home/annora/NetVLAD/output/train_feat_cache2.hdf5
2020-01-11 23:09:39,292 Allocated:120.783203125 MB
2020-01-11 23:09:39,293 Cached:2950.75 MB
2020-01-11 23:11:50,603 ==> Epoch[7](250/610): Loss: 0.1846
2020-01-11 23:11:50,604 Allocated:121.15869140625 MB
2020-01-11 23:11:50,604 Cached:4312.75 MB
2020-01-11 23:13:50,237 ==> Epoch[7](300/610): Loss: 0.2550
2020-01-11 23:13:50,238 Allocated:121.15869140625 MB
2020-01-11 23:13:50,238 Cached:4312.75 MB
2020-01-11 23:15:49,591 ==> Epoch[7](350/610): Loss: 0.1727
2020-01-11 23:15:49,592 Allocated:121.53369140625 MB
2020-01-11 23:15:49,593 Cached:4312.75 MB
2020-01-11 23:17:45,610 ==> Epoch[7](400/610): Loss: 0.2645
2020-01-11 23:17:45,612 Allocated:121.03369140625 MB
2020-01-11 23:17:45,612 Cached:4312.75 MB
2020-01-11 23:18:04,047 ====> Building Cache
2020-01-11 23:18:04,048 feature cache--->>> /home/annora/NetVLAD/output/train_feat_cache2.hdf5
2020-01-11 23:18:40,057 Allocated:121.908203125 MB
2020-01-11 23:18:40,058 Cached:2950.75 MB
2020-01-11 23:20:53,416 ==> Epoch[7](450/610): Loss: 0.2300
2020-01-11 23:20:53,418 Allocated:121.40869140625 MB
2020-01-11 23:20:53,418 Cached:8096.25 MB
2020-01-11 23:22:53,397 ==> Epoch[7](500/610): Loss: 0.2152
2020-01-11 23:22:53,398 Allocated:121.28369140625 MB
2020-01-11 23:22:53,399 Cached:8096.25 MB
2020-01-11 23:24:49,110 ==> Epoch[7](550/610): Loss: 0.1988
2020-01-11 23:24:49,111 Allocated:120.53369140625 MB
2020-01-11 23:24:49,112 Cached:8096.25 MB
2020-01-11 23:26:47,618 ==> Epoch[7](600/610): Loss: 0.2328
2020-01-11 23:26:47,620 Allocated:121.28369140625 MB
2020-01-11 23:26:47,620 Cached:8096.25 MB
2020-01-11 23:27:18,206 ===> Epoch 7 Complete: Avg. Loss: 0.2298
2020-01-11 23:27:18,207 ====> Extracting Features
2020-01-11 23:27:38,639 ==> Batch (50/184)
2020-01-11 23:27:46,290 ==> Batch (100/184)
2020-01-11 23:27:53,824 ==> Batch (150/184)
2020-01-11 23:27:59,041 ====> Building faiss index
2020-01-11 23:27:59,048 ====> Calculating recall @ N
2020-01-11 23:28:00,149 ====> Recall@1: 0.5279
2020-01-11 23:28:00,150 ====> Recall@2: 0.6264
2020-01-11 23:28:00,151 ====> Recall@3: 0.6843
2020-01-11 23:28:00,151 ====> Recall@4: 0.7256
2020-01-11 23:28:00,151 ====> Recall@5: 0.7507
2020-01-11 23:28:00,151 ====> Recall@10: 0.8266
2020-01-11 23:28:00,151 ====> Recall@15: 0.8598
2020-01-11 23:28:00,152 ====> Recall@20: 0.8817
2020-01-11 23:28:00,152 ====> Recall@25: 0.9009
2020-01-11 23:28:00,897 ====> Building Cache
2020-01-11 23:28:00,898 feature cache--->>> /home/annora/NetVLAD/output/train_feat_cache2.hdf5
2020-01-11 23:28:37,604 Allocated:120.53369140625 MB
2020-01-11 23:28:37,604 Cached:2949.75 MB
2020-01-11 23:31:11,943 ==> Epoch[8](50/610): Loss: 0.2596
2020-01-11 23:31:11,945 Allocated:121.90869140625 MB
2020-01-11 23:31:11,945 Cached:6825.75 MB
2020-01-11 23:33:12,266 ==> Epoch[8](100/610): Loss: 0.2639
2020-01-11 23:33:12,268 Allocated:121.03369140625 MB
2020-01-11 23:33:12,268 Cached:6825.75 MB
2020-01-11 23:35:21,394 ==> Epoch[8](150/610): Loss: 0.2221
2020-01-11 23:35:21,396 Allocated:122.53369140625 MB
2020-01-11 23:35:21,396 Cached:6825.75 MB
2020-01-11 23:37:19,798 ==> Epoch[8](200/610): Loss: 0.1965
2020-01-11 23:37:19,799 Allocated:121.53369140625 MB
2020-01-11 23:37:19,800 Cached:6825.75 MB
2020-01-11 23:37:29,290 ====> Building Cache
2020-01-11 23:37:29,291 feature cache--->>> /home/annora/NetVLAD/output/train_feat_cache2.hdf5
2020-01-11 23:38:06,251 Allocated:120.533203125 MB
2020-01-11 23:38:06,252 Cached:2919.5 MB
2020-01-11 23:40:26,902 ==> Epoch[8](250/610): Loss: 0.2666
2020-01-11 23:40:26,903 Allocated:120.78369140625 MB
2020-01-11 23:40:26,903 Cached:9185.5 MB
2020-01-11 23:42:29,073 ==> Epoch[8](300/610): Loss: 0.2348
2020-01-11 23:42:29,075 Allocated:121.53369140625 MB
2020-01-11 23:42:29,075 Cached:9185.5 MB
2020-01-11 23:44:26,954 ==> Epoch[8](350/610): Loss: 0.1595
2020-01-11 23:44:26,956 Allocated:121.15869140625 MB
2020-01-11 23:44:26,956 Cached:9185.5 MB
2020-01-11 23:46:25,796 ==> Epoch[8](400/610): Loss: 0.1907
2020-01-11 23:46:25,798 Allocated:120.53369140625 MB
2020-01-11 23:46:25,798 Cached:9185.5 MB
2020-01-11 23:46:45,345 ====> Building Cache
2020-01-11 23:46:45,346 feature cache--->>> /home/annora/NetVLAD/output/train_feat_cache2.hdf5
2020-01-11 23:47:23,448 Allocated:121.533203125 MB
2020-01-11 23:47:23,448 Cached:2919.5 MB
2020-01-11 23:49:43,390 ==> Epoch[8](450/610): Loss: 0.1900
2020-01-11 23:49:43,392 Allocated:121.28369140625 MB
2020-01-11 23:49:43,392 Cached:6794.5 MB
2020-01-11 23:51:39,511 ==> Epoch[8](500/610): Loss: 0.2368
2020-01-11 23:51:39,512 Allocated:121.15869140625 MB
2020-01-11 23:51:39,512 Cached:6794.5 MB
2020-01-11 23:53:42,411 ==> Epoch[8](550/610): Loss: 0.2462
2020-01-11 23:53:42,413 Allocated:121.65869140625 MB
2020-01-11 23:53:42,413 Cached:6794.5 MB
2020-01-11 23:55:39,625 ==> Epoch[8](600/610): Loss: 0.2143
2020-01-11 23:55:39,626 Allocated:121.53369140625 MB
2020-01-11 23:55:39,627 Cached:6794.5 MB
2020-01-11 23:56:08,304 ===> Epoch 8 Complete: Avg. Loss: 0.2180
2020-01-11 23:56:08,306 ====> Extracting Features
2020-01-11 23:56:27,856 ==> Batch (50/184)
2020-01-11 23:56:36,668 ==> Batch (100/184)
2020-01-11 23:56:43,846 ==> Batch (150/184)
2020-01-11 23:56:48,909 ====> Building faiss index
2020-01-11 23:56:48,917 ====> Calculating recall @ N
2020-01-11 23:56:49,996 ====> Recall@1: 0.5428
2020-01-11 23:56:49,996 ====> Recall@2: 0.6445
2020-01-11 23:56:49,997 ====> Recall@3: 0.7022
2020-01-11 23:56:49,997 ====> Recall@4: 0.7384
2020-01-11 23:56:49,998 ====> Recall@5: 0.7659
2020-01-11 23:56:49,998 ====> Recall@10: 0.8394
2020-01-11 23:56:49,998 ====> Recall@15: 0.8704
2020-01-11 23:56:49,998 ====> Recall@20: 0.8914
2020-01-11 23:56:49,998 ====> Recall@25: 0.9058
2020-01-11 23:56:50,733 ====> Building Cache
2020-01-11 23:56:50,733 feature cache--->>> /home/annora/NetVLAD/output/train_feat_cache2.hdf5
2020-01-11 23:57:25,627 Allocated:118.53369140625 MB
2020-01-11 23:57:25,628 Cached:2917.5 MB
2020-01-11 23:59:53,758 ==> Epoch[9](50/610): Loss: 0.1661
2020-01-11 23:59:53,759 Allocated:121.03369140625 MB
2020-01-11 23:59:53,760 Cached:6794.5 MB
2020-01-12 00:01:54,418 ==> Epoch[9](100/610): Loss: 0.2246
2020-01-12 00:01:54,420 Allocated:122.03369140625 MB
2020-01-12 00:01:54,420 Cached:6794.5 MB
2020-01-12 00:03:55,695 ==> Epoch[9](150/610): Loss: 0.1906
2020-01-12 00:03:55,697 Allocated:121.03369140625 MB
2020-01-12 00:03:55,698 Cached:6794.5 MB
2020-01-12 00:05:56,823 ==> Epoch[9](200/610): Loss: 0.2424
2020-01-12 00:05:56,824 Allocated:121.15869140625 MB
2020-01-12 00:05:56,825 Cached:6794.5 MB
2020-01-12 00:06:05,209 ====> Building Cache
2020-01-12 00:06:05,210 feature cache--->>> /home/annora/NetVLAD/output/train_feat_cache2.hdf5
2020-01-12 00:06:45,460 Allocated:121.283203125 MB
2020-01-12 00:06:45,461 Cached:2919.5 MB
2020-01-12 00:09:05,809 ==> Epoch[9](250/610): Loss: 0.2431
2020-01-12 00:09:05,811 Allocated:122.03369140625 MB
2020-01-12 00:09:05,811 Cached:7999.625 MB
2020-01-12 00:11:09,408 ==> Epoch[9](300/610): Loss: 0.2003
2020-01-12 00:11:09,409 Allocated:121.53369140625 MB
2020-01-12 00:11:09,410 Cached:7999.625 MB
2020-01-12 00:13:03,230 ==> Epoch[9](350/610): Loss: 0.1671
2020-01-12 00:13:03,231 Allocated:120.65869140625 MB
2020-01-12 00:13:03,231 Cached:7999.625 MB
2020-01-12 00:15:01,917 ==> Epoch[9](400/610): Loss: 0.1777
2020-01-12 00:15:01,919 Allocated:121.90869140625 MB
2020-01-12 00:15:01,919 Cached:7999.625 MB
2020-01-12 00:15:19,587 ====> Building Cache
2020-01-12 00:15:19,588 feature cache--->>> /home/annora/NetVLAD/output/train_feat_cache2.hdf5
2020-01-12 00:16:00,828 Allocated:121.533203125 MB
2020-01-12 00:16:00,829 Cached:2919.5 MB
2020-01-12 00:18:11,767 ==> Epoch[9](450/610): Loss: 0.2209
2020-01-12 00:18:11,768 Allocated:121.53369140625 MB
2020-01-12 00:18:11,768 Cached:6794.5 MB
2020-01-12 00:20:03,536 ==> Epoch[9](500/610): Loss: 0.1150
2020-01-12 00:20:03,538 Allocated:121.28369140625 MB
2020-01-12 00:20:03,538 Cached:6794.5 MB
2020-01-12 00:21:59,024 ==> Epoch[9](550/610): Loss: 0.2170
2020-01-12 00:21:59,026 Allocated:121.40869140625 MB
2020-01-12 00:21:59,026 Cached:6794.5 MB
2020-01-12 00:24:00,197 ==> Epoch[9](600/610): Loss: 0.1963
2020-01-12 00:24:00,199 Allocated:121.53369140625 MB
2020-01-12 00:24:00,199 Cached:6794.5 MB
2020-01-12 00:24:34,410 ===> Epoch 9 Complete: Avg. Loss: 0.2107
2020-01-12 00:24:34,412 ====> Extracting Features
2020-01-12 00:24:55,864 ==> Batch (50/184)
2020-01-12 00:25:03,785 ==> Batch (100/184)
2020-01-12 00:25:12,323 ==> Batch (150/184)
2020-01-12 00:25:17,528 ====> Building faiss index
2020-01-12 00:25:17,535 ====> Calculating recall @ N
2020-01-12 00:25:18,513 ====> Recall@1: 0.5628
2020-01-12 00:25:18,514 ====> Recall@2: 0.6602
2020-01-12 00:25:18,514 ====> Recall@3: 0.7178
2020-01-12 00:25:18,514 ====> Recall@4: 0.7541
2020-01-12 00:25:18,514 ====> Recall@5: 0.7772
2020-01-12 00:25:18,515 ====> Recall@10: 0.8523
2020-01-12 00:25:18,515 ====> Recall@15: 0.8816
2020-01-12 00:25:18,515 ====> Recall@20: 0.9030
2020-01-12 00:25:18,515 ====> Recall@25: 0.9152
2020-01-12 00:25:19,213 ====> Building Cache
2020-01-12 00:25:19,213 feature cache--->>> /home/annora/NetVLAD/output/train_feat_cache2.hdf5
2020-01-12 00:25:50,749 Allocated:120.53369140625 MB
2020-01-12 00:25:50,749 Cached:2918.5 MB
2020-01-12 00:28:27,451 ==> Epoch[10](50/610): Loss: 0.1927
2020-01-12 00:28:27,453 Allocated:120.53369140625 MB
2020-01-12 00:28:27,454 Cached:6794.5 MB
2020-01-12 00:30:25,861 ==> Epoch[10](100/610): Loss: 0.2165
2020-01-12 00:30:25,863 Allocated:120.53369140625 MB
2020-01-12 00:30:25,863 Cached:6794.5 MB
2020-01-12 00:32:22,291 ==> Epoch[10](150/610): Loss: 0.2112
2020-01-12 00:32:22,293 Allocated:121.15869140625 MB
2020-01-12 00:32:22,293 Cached:6794.5 MB
2020-01-12 00:34:38,538 ==> Epoch[10](200/610): Loss: 0.2550
2020-01-12 00:34:38,540 Allocated:120.53369140625 MB
2020-01-12 00:34:38,540 Cached:6794.5 MB
2020-01-12 00:34:47,650 ====> Building Cache
2020-01-12 00:34:47,651 feature cache--->>> /home/annora/NetVLAD/output/train_feat_cache2.hdf5
2020-01-12 00:35:26,535 Allocated:121.533203125 MB
2020-01-12 00:35:26,536 Cached:2919.5 MB
2020-01-12 00:37:47,938 ==> Epoch[10](250/610): Loss: 0.2219
2020-01-12 00:37:47,940 Allocated:122.65869140625 MB
2020-01-12 00:37:47,940 Cached:7996.375 MB
2020-01-12 00:39:41,581 ==> Epoch[10](300/610): Loss: 0.2332
2020-01-12 00:39:41,583 Allocated:120.90869140625 MB
2020-01-12 00:39:41,583 Cached:7996.375 MB
2020-01-12 00:41:37,690 ==> Epoch[10](350/610): Loss: 0.2255
2020-01-12 00:41:37,692 Allocated:122.03369140625 MB
2020-01-12 00:41:37,692 Cached:7996.375 MB
2020-01-12 00:43:41,004 ==> Epoch[10](400/610): Loss: 0.1795
2020-01-12 00:43:41,006 Allocated:122.15869140625 MB
2020-01-12 00:43:41,006 Cached:7996.375 MB
2020-01-12 00:44:00,114 ====> Building Cache
2020-01-12 00:44:00,115 feature cache--->>> /home/annora/NetVLAD/output/train_feat_cache2.hdf5
2020-01-12 00:44:37,501 Allocated:121.533203125 MB
2020-01-12 00:44:37,502 Cached:2919.5 MB
2020-01-12 00:46:45,583 ==> Epoch[10](450/610): Loss: 0.2166
2020-01-12 00:46:45,586 Allocated:120.53369140625 MB
2020-01-12 00:46:45,586 Cached:6794.5 MB
2020-01-12 00:48:48,033 ==> Epoch[10](500/610): Loss: 0.2336
2020-01-12 00:48:48,034 Allocated:120.53369140625 MB
2020-01-12 00:48:48,034 Cached:6794.5 MB
2020-01-12 00:50:51,124 ==> Epoch[10](550/610): Loss: 0.2012
2020-01-12 00:50:51,126 Allocated:121.53369140625 MB
2020-01-12 00:50:51,126 Cached:6794.5 MB
2020-01-12 00:52:43,139 ==> Epoch[10](600/610): Loss: 0.2027
2020-01-12 00:52:43,141 Allocated:121.53369140625 MB
2020-01-12 00:52:43,141 Cached:6794.5 MB
2020-01-12 00:53:10,112 ===> Epoch 10 Complete: Avg. Loss: 0.2082
2020-01-12 00:53:10,114 ====> Extracting Features
2020-01-12 00:53:30,013 ==> Batch (50/184)
2020-01-12 00:53:37,826 ==> Batch (100/184)
2020-01-12 00:53:48,144 ==> Batch (150/184)
2020-01-12 00:53:55,071 ====> Building faiss index
2020-01-12 00:53:55,080 ====> Calculating recall @ N
2020-01-12 00:53:56,196 ====> Recall@1: 0.5701
2020-01-12 00:53:56,196 ====> Recall@2: 0.6680
2020-01-12 00:53:56,197 ====> Recall@3: 0.7228
2020-01-12 00:53:56,197 ====> Recall@4: 0.7584
2020-01-12 00:53:56,197 ====> Recall@5: 0.7833
2020-01-12 00:53:56,198 ====> Recall@10: 0.8571
2020-01-12 00:53:56,198 ====> Recall@15: 0.8847
2020-01-12 00:53:56,198 ====> Recall@20: 0.9048
2020-01-12 00:53:56,198 ====> Recall@25: 0.9180
2020-01-12 00:53:57,002 ====> Building Cache
2020-01-12 00:53:57,003 feature cache--->>> /home/annora/NetVLAD/output/train_feat_cache2.hdf5
2020-01-12 00:54:39,909 Allocated:118.53369140625 MB
2020-01-12 00:54:39,909 Cached:2943.375 MB
2020-01-12 00:57:11,327 ==> Epoch[11](50/610): Loss: 0.1814
2020-01-12 00:57:11,329 Allocated:121.53369140625 MB
2020-01-12 00:57:11,329 Cached:6819.375 MB
2020-01-12 00:59:02,432 ==> Epoch[11](100/610): Loss: 0.2329
2020-01-12 00:59:02,433 Allocated:121.28369140625 MB
2020-01-12 00:59:02,433 Cached:6819.375 MB
2020-01-12 01:00:56,767 ==> Epoch[11](150/610): Loss: 0.2028
2020-01-12 01:00:56,769 Allocated:121.28369140625 MB
2020-01-12 01:00:56,769 Cached:6819.375 MB
2020-01-12 01:03:07,106 ==> Epoch[11](200/610): Loss: 0.1691
2020-01-12 01:03:07,107 Allocated:121.90869140625 MB
2020-01-12 01:03:07,108 Cached:6819.375 MB
2020-01-12 01:03:16,707 ====> Building Cache
2020-01-12 01:03:16,708 feature cache--->>> /home/annora/NetVLAD/output/train_feat_cache2.hdf5
2020-01-12 01:03:52,804 Allocated:120.533203125 MB
2020-01-12 01:03:52,805 Cached:2919.5 MB
2020-01-12 01:06:04,732 ==> Epoch[11](250/610): Loss: 0.2010
2020-01-12 01:06:04,733 Allocated:121.15869140625 MB
2020-01-12 01:06:04,733 Cached:8015.5 MB
2020-01-12 01:08:09,817 ==> Epoch[11](300/610): Loss: 0.1771
2020-01-12 01:08:09,818 Allocated:121.15869140625 MB
2020-01-12 01:08:09,818 Cached:8015.5 MB
2020-01-12 01:10:09,118 ==> Epoch[11](350/610): Loss: 0.1735
2020-01-12 01:10:09,119 Allocated:121.03369140625 MB
2020-01-12 01:10:09,120 Cached:8015.5 MB
2020-01-12 01:11:58,103 ==> Epoch[11](400/610): Loss: 0.1875
2020-01-12 01:11:58,105 Allocated:120.65869140625 MB
2020-01-12 01:11:58,105 Cached:8015.5 MB
2020-01-12 01:12:16,778 ====> Building Cache
2020-01-12 01:12:16,779 feature cache--->>> /home/annora/NetVLAD/output/train_feat_cache2.hdf5
2020-01-12 01:12:55,895 Allocated:120.533203125 MB
2020-01-12 01:12:55,895 Cached:2919.5 MB
2020-01-12 01:15:09,032 ==> Epoch[11](450/610): Loss: 0.1792
2020-01-12 01:15:09,033 Allocated:121.15869140625 MB
2020-01-12 01:15:09,033 Cached:8018.75 MB
2020-01-12 01:17:02,689 ==> Epoch[11](500/610): Loss: 0.1793
2020-01-12 01:17:02,691 Allocated:121.15869140625 MB
2020-01-12 01:17:02,691 Cached:8018.75 MB
2020-01-12 01:18:55,335 ==> Epoch[11](550/610): Loss: 0.1861
2020-01-12 01:18:55,337 Allocated:121.65869140625 MB
2020-01-12 01:18:55,338 Cached:8018.75 MB
2020-01-12 01:20:50,725 ==> Epoch[11](600/610): Loss: 0.1972
2020-01-12 01:20:50,727 Allocated:120.53369140625 MB
2020-01-12 01:20:50,727 Cached:8018.75 MB
2020-01-12 01:21:21,845 ===> Epoch 11 Complete: Avg. Loss: 0.2036
2020-01-12 01:21:21,847 ====> Extracting Features
2020-01-12 01:21:45,002 ==> Batch (50/184)
2020-01-12 01:21:53,297 ==> Batch (100/184)
2020-01-12 01:22:01,480 ==> Batch (150/184)
2020-01-12 01:22:06,359 ====> Building faiss index
2020-01-12 01:22:06,367 ====> Calculating recall @ N
2020-01-12 01:22:07,398 ====> Recall@1: 0.5652
2020-01-12 01:22:07,399 ====> Recall@2: 0.6590
2020-01-12 01:22:07,399 ====> Recall@3: 0.7161
2020-01-12 01:22:07,400 ====> Recall@4: 0.7517
2020-01-12 01:22:07,400 ====> Recall@5: 0.7763
2020-01-12 01:22:07,400 ====> Recall@10: 0.8502
2020-01-12 01:22:07,400 ====> Recall@15: 0.8809
2020-01-12 01:22:07,400 ====> Recall@20: 0.9004
2020-01-12 01:22:07,400 ====> Recall@25: 0.9148
2020-01-12 01:22:07,765 ====> Building Cache
2020-01-12 01:22:07,766 feature cache--->>> /home/annora/NetVLAD/output/train_feat_cache2.hdf5
2020-01-12 01:22:46,124 Allocated:118.78369140625 MB
2020-01-12 01:22:46,124 Cached:2917.5 MB
2020-01-12 01:25:11,542 ==> Epoch[12](50/610): Loss: 0.2634
2020-01-12 01:25:11,544 Allocated:120.53369140625 MB
2020-01-12 01:25:11,544 Cached:9334.75 MB
2020-01-12 01:27:06,752 ==> Epoch[12](100/610): Loss: 0.1996
2020-01-12 01:27:06,753 Allocated:122.53369140625 MB
2020-01-12 01:27:06,754 Cached:9334.75 MB
2020-01-12 01:29:09,300 ==> Epoch[12](150/610): Loss: 0.2199
2020-01-12 01:29:09,302 Allocated:121.03369140625 MB
2020-01-12 01:29:09,302 Cached:9334.75 MB
2020-01-12 01:31:09,131 ==> Epoch[12](200/610): Loss: 0.2065
2020-01-12 01:31:09,133 Allocated:121.03369140625 MB
2020-01-12 01:31:09,133 Cached:9334.75 MB
2020-01-12 01:31:18,123 ====> Building Cache
2020-01-12 01:31:18,124 feature cache--->>> /home/annora/NetVLAD/output/train_feat_cache2.hdf5
2020-01-12 01:32:01,044 Allocated:120.533203125 MB
2020-01-12 01:32:01,045 Cached:2919.5 MB
2020-01-12 01:34:31,949 ==> Epoch[12](250/610): Loss: 0.2039
2020-01-12 01:34:31,951 Allocated:122.15869140625 MB
2020-01-12 01:34:31,951 Cached:9176.0 MB
2020-01-12 01:36:28,332 ==> Epoch[12](300/610): Loss: 0.2110
2020-01-12 01:36:28,334 Allocated:121.15869140625 MB
2020-01-12 01:36:28,334 Cached:9176.0 MB
2020-01-12 01:38:22,179 ==> Epoch[12](350/610): Loss: 0.1587
2020-01-12 01:38:22,181 Allocated:120.65869140625 MB
2020-01-12 01:38:22,181 Cached:9176.0 MB
2020-01-12 01:40:21,014 ==> Epoch[12](400/610): Loss: 0.2195
2020-01-12 01:40:21,016 Allocated:120.90869140625 MB
2020-01-12 01:40:21,016 Cached:9176.0 MB
2020-01-12 01:40:41,628 ====> Building Cache
2020-01-12 01:40:41,629 feature cache--->>> /home/annora/NetVLAD/output/train_feat_cache2.hdf5
2020-01-12 01:41:26,302 Allocated:122.533203125 MB
2020-01-12 01:41:26,303 Cached:2919.5 MB
2020-01-12 01:43:40,198 ==> Epoch[12](450/610): Loss: 0.1902
2020-01-12 01:43:40,200 Allocated:121.03369140625 MB
2020-01-12 01:43:40,200 Cached:8044.25 MB
2020-01-12 01:45:36,544 ==> Epoch[12](500/610): Loss: 0.1745
2020-01-12 01:45:36,546 Allocated:121.90869140625 MB
2020-01-12 01:45:36,546 Cached:8044.25 MB
2020-01-12 01:47:41,454 ==> Epoch[12](550/610): Loss: 0.2660
2020-01-12 01:47:41,455 Allocated:121.28369140625 MB
2020-01-12 01:47:41,456 Cached:8044.25 MB
2020-01-12 01:49:49,189 ==> Epoch[12](600/610): Loss: 0.1997
2020-01-12 01:49:49,190 Allocated:121.28369140625 MB
2020-01-12 01:49:49,190 Cached:8044.25 MB
2020-01-12 01:50:16,151 ===> Epoch 12 Complete: Avg. Loss: 0.1999
2020-01-12 01:50:16,153 ====> Extracting Features
2020-01-12 01:50:35,310 ==> Batch (50/184)
2020-01-12 01:50:42,520 ==> Batch (100/184)
2020-01-12 01:50:48,839 ==> Batch (150/184)
2020-01-12 01:50:53,245 ====> Building faiss index
2020-01-12 01:50:53,252 ====> Calculating recall @ N
2020-01-12 01:50:54,185 ====> Recall@1: 0.5844
2020-01-12 01:50:54,186 ====> Recall@2: 0.6790
2020-01-12 01:50:54,186 ====> Recall@3: 0.7361
2020-01-12 01:50:54,187 ====> Recall@4: 0.7695
2020-01-12 01:50:54,187 ====> Recall@5: 0.7926
2020-01-12 01:50:54,187 ====> Recall@10: 0.8596
2020-01-12 01:50:54,187 ====> Recall@15: 0.8902
2020-01-12 01:50:54,188 ====> Recall@20: 0.9096
2020-01-12 01:50:54,188 ====> Recall@25: 0.9243
2020-01-12 01:50:54,891 ====> Building Cache
2020-01-12 01:50:54,892 feature cache--->>> /home/annora/NetVLAD/output/train_feat_cache2.hdf5
2020-01-12 01:51:38,321 Allocated:118.53369140625 MB
2020-01-12 01:51:38,322 Cached:2919.5 MB
2020-01-12 01:54:16,889 ==> Epoch[13](50/610): Loss: 0.1847
2020-01-12 01:54:16,891 Allocated:120.53369140625 MB
2020-01-12 01:54:16,891 Cached:8053.75 MB
2020-01-12 01:56:13,441 ==> Epoch[13](100/610): Loss: 0.1804
2020-01-12 01:56:13,442 Allocated:121.03369140625 MB
2020-01-12 01:56:13,443 Cached:8053.75 MB
2020-01-12 01:58:07,613 ==> Epoch[13](150/610): Loss: 0.1591
2020-01-12 01:58:07,614 Allocated:121.15869140625 MB
2020-01-12 01:58:07,615 Cached:8053.75 MB
2020-01-12 02:00:12,550 ==> Epoch[13](200/610): Loss: 0.2006
2020-01-12 02:00:12,552 Allocated:121.15869140625 MB
2020-01-12 02:00:12,552 Cached:8053.75 MB
2020-01-12 02:00:22,178 ====> Building Cache
2020-01-12 02:00:22,178 feature cache--->>> /home/annora/NetVLAD/output/train_feat_cache2.hdf5
2020-01-12 02:01:06,634 Allocated:121.283203125 MB
2020-01-12 02:01:06,635 Cached:2919.5 MB
2020-01-12 02:03:27,826 ==> Epoch[13](250/610): Loss: 0.1904
2020-01-12 02:03:27,827 Allocated:122.03369140625 MB
2020-01-12 02:03:27,828 Cached:7983.625 MB
2020-01-12 02:05:17,667 ==> Epoch[13](300/610): Loss: 0.2028
2020-01-12 02:05:17,669 Allocated:121.15869140625 MB
2020-01-12 02:05:17,669 Cached:7983.625 MB
2020-01-12 02:07:17,357 ==> Epoch[13](350/610): Loss: 0.1443
2020-01-12 02:07:17,358 Allocated:121.53369140625 MB
2020-01-12 02:07:17,358 Cached:7983.625 MB
2020-01-12 02:09:09,168 ==> Epoch[13](400/610): Loss: 0.1719
2020-01-12 02:09:09,169 Allocated:121.15869140625 MB
2020-01-12 02:09:09,170 Cached:7983.625 MB
2020-01-12 02:09:27,603 ====> Building Cache
2020-01-12 02:09:27,604 feature cache--->>> /home/annora/NetVLAD/output/train_feat_cache2.hdf5
2020-01-12 02:10:10,289 Allocated:121.533203125 MB
2020-01-12 02:10:10,289 Cached:2919.5 MB
2020-01-12 02:12:17,853 ==> Epoch[13](450/610): Loss: 0.2011
2020-01-12 02:12:17,854 Allocated:121.40869140625 MB
2020-01-12 02:12:17,854 Cached:6793.5 MB
2020-01-12 02:14:18,703 ==> Epoch[13](500/610): Loss: 0.2078
2020-01-12 02:14:18,705 Allocated:120.53369140625 MB
2020-01-12 02:14:18,705 Cached:6794.5 MB
2020-01-12 02:16:12,997 ==> Epoch[13](550/610): Loss: 0.1731
2020-01-12 02:16:12,998 Allocated:121.28369140625 MB
2020-01-12 02:16:12,999 Cached:6794.5 MB
2020-01-12 02:18:03,514 ==> Epoch[13](600/610): Loss: 0.1574
2020-01-12 02:18:03,517 Allocated:120.53369140625 MB
2020-01-12 02:18:03,518 Cached:6794.5 MB
2020-01-12 02:18:36,817 ===> Epoch 13 Complete: Avg. Loss: 0.1930
2020-01-12 02:18:36,820 ====> Extracting Features
2020-01-12 02:19:01,259 ==> Batch (50/184)
2020-01-12 02:19:11,167 ==> Batch (100/184)
2020-01-12 02:19:21,068 ==> Batch (150/184)
2020-01-12 02:19:27,125 ====> Building faiss index
2020-01-12 02:19:27,135 ====> Calculating recall @ N
2020-01-12 02:19:28,450 ====> Recall@1: 0.5594
2020-01-12 02:19:28,451 ====> Recall@2: 0.6504
2020-01-12 02:19:28,452 ====> Recall@3: 0.7043
2020-01-12 02:19:28,452 ====> Recall@4: 0.7365
2020-01-12 02:19:28,453 ====> Recall@5: 0.7588
2020-01-12 02:19:28,453 ====> Recall@10: 0.8323
2020-01-12 02:19:28,453 ====> Recall@15: 0.8675
2020-01-12 02:19:28,453 ====> Recall@20: 0.8895
2020-01-12 02:19:28,454 ====> Recall@25: 0.9034
2020-01-12 02:19:28,901 ====> Building Cache
2020-01-12 02:19:28,902 feature cache--->>> /home/annora/NetVLAD/output/train_feat_cache2.hdf5
2020-01-12 02:20:09,082 Allocated:119.28369140625 MB
2020-01-12 02:20:09,083 Cached:2918.5 MB
2020-01-12 02:22:46,051 ==> Epoch[14](50/610): Loss: 0.1683
2020-01-12 02:22:46,053 Allocated:121.03369140625 MB
2020-01-12 02:22:46,054 Cached:6794.5 MB
2020-01-12 02:24:47,971 ==> Epoch[14](100/610): Loss: 0.1934
2020-01-12 02:24:47,973 Allocated:120.53369140625 MB
2020-01-12 02:24:47,973 Cached:6794.5 MB
2020-01-12 02:26:52,689 ==> Epoch[14](150/610): Loss: 0.2034
2020-01-12 02:26:52,691 Allocated:121.65869140625 MB
2020-01-12 02:26:52,691 Cached:6794.5 MB
2020-01-12 02:28:51,782 ==> Epoch[14](200/610): Loss: 0.1719
2020-01-12 02:28:51,783 Allocated:120.53369140625 MB
2020-01-12 02:28:51,783 Cached:6794.5 MB
2020-01-12 02:29:01,172 ====> Building Cache
2020-01-12 02:29:01,172 feature cache--->>> /home/annora/NetVLAD/output/train_feat_cache2.hdf5
2020-01-12 02:29:44,017 Allocated:121.908203125 MB
2020-01-12 02:29:44,018 Cached:2919.5 MB
2020-01-12 02:32:03,123 ==> Epoch[14](250/610): Loss: 0.1749
2020-01-12 02:32:03,126 Allocated:120.53369140625 MB
2020-01-12 02:32:03,126 Cached:9195.125 MB
2020-01-12 02:34:00,954 ==> Epoch[14](300/610): Loss: 0.1944
2020-01-12 02:34:00,955 Allocated:121.53369140625 MB
2020-01-12 02:34:00,955 Cached:9195.125 MB
2020-01-12 02:35:53,710 ==> Epoch[14](350/610): Loss: 0.1972
2020-01-12 02:35:53,712 Allocated:121.53369140625 MB
2020-01-12 02:35:53,712 Cached:9195.125 MB
2020-01-12 02:37:46,904 ==> Epoch[14](400/610): Loss: 0.1685
2020-01-12 02:37:46,906 Allocated:120.65869140625 MB
2020-01-12 02:37:46,906 Cached:9195.125 MB
2020-01-12 02:38:02,994 ====> Building Cache
2020-01-12 02:38:02,995 feature cache--->>> /home/annora/NetVLAD/output/train_feat_cache2.hdf5
2020-01-12 02:38:48,342 Allocated:121.283203125 MB
2020-01-12 02:38:48,342 Cached:2919.5 MB
2020-01-12 02:40:58,964 ==> Epoch[14](450/610): Loss: 0.1794
2020-01-12 02:40:58,966 Allocated:120.78369140625 MB
2020-01-12 02:40:58,966 Cached:8015.5 MB
2020-01-12 02:42:48,368 ==> Epoch[14](500/610): Loss: 0.1701
2020-01-12 02:42:48,369 Allocated:121.15869140625 MB
2020-01-12 02:42:48,369 Cached:8015.5 MB
2020-01-12 02:44:40,988 ==> Epoch[14](550/610): Loss: 0.1911
2020-01-12 02:44:40,990 Allocated:120.53369140625 MB
2020-01-12 02:44:40,990 Cached:8015.5 MB
2020-01-12 02:46:33,269 ==> Epoch[14](600/610): Loss: 0.1327
2020-01-12 02:46:33,271 Allocated:120.53369140625 MB
2020-01-12 02:46:33,271 Cached:8015.5 MB
2020-01-12 02:46:59,468 ===> Epoch 14 Complete: Avg. Loss: 0.1893
2020-01-12 02:46:59,469 ====> Extracting Features
2020-01-12 02:47:18,424 ==> Batch (50/184)
2020-01-12 02:47:25,228 ==> Batch (100/184)
2020-01-12 02:47:31,869 ==> Batch (150/184)
2020-01-12 02:47:36,789 ====> Building faiss index
2020-01-12 02:47:36,796 ====> Calculating recall @ N
2020-01-12 02:47:37,841 ====> Recall@1: 0.5931
2020-01-12 02:47:37,841 ====> Recall@2: 0.6895
2020-01-12 02:47:37,842 ====> Recall@3: 0.7471
2020-01-12 02:47:37,842 ====> Recall@4: 0.7787
2020-01-12 02:47:37,842 ====> Recall@5: 0.8006
2020-01-12 02:47:37,843 ====> Recall@10: 0.8646
2020-01-12 02:47:37,843 ====> Recall@15: 0.8934
2020-01-12 02:47:37,843 ====> Recall@20: 0.9135
2020-01-12 02:47:37,843 ====> Recall@25: 0.9271
2020-01-12 02:47:38,587 ====> Building Cache
2020-01-12 02:47:38,588 feature cache--->>> /home/annora/NetVLAD/output/train_feat_cache2.hdf5
2020-01-12 02:48:22,106 Allocated:119.28369140625 MB
2020-01-12 02:48:22,107 Cached:2944.375 MB
2020-01-12 02:50:49,558 ==> Epoch[15](50/610): Loss: 0.2368
2020-01-12 02:50:49,560 Allocated:121.53369140625 MB
2020-01-12 02:50:49,560 Cached:8050.0 MB
2020-01-12 02:52:43,921 ==> Epoch[15](100/610): Loss: 0.1539
2020-01-12 02:52:43,922 Allocated:121.40869140625 MB
2020-01-12 02:52:43,922 Cached:8050.0 MB
2020-01-12 02:54:40,857 ==> Epoch[15](150/610): Loss: 0.1821
2020-01-12 02:54:40,859 Allocated:121.53369140625 MB
2020-01-12 02:54:40,859 Cached:8050.0 MB
2020-01-12 02:56:34,345 ==> Epoch[15](200/610): Loss: 0.2262
2020-01-12 02:56:34,347 Allocated:121.65869140625 MB
2020-01-12 02:56:34,347 Cached:8050.0 MB
2020-01-12 02:56:43,126 ====> Building Cache
2020-01-12 02:56:43,127 feature cache--->>> /home/annora/NetVLAD/output/train_feat_cache2.hdf5
2020-01-12 02:57:16,049 Allocated:121.533203125 MB
2020-01-12 02:57:16,049 Cached:2944.375 MB
2020-01-12 02:59:33,819 ==> Epoch[15](250/610): Loss: 0.1834
2020-01-12 02:59:33,821 Allocated:121.53369140625 MB
2020-01-12 02:59:33,821 Cached:3127.375 MB
2020-01-12 03:01:28,130 ==> Epoch[15](300/610): Loss: 0.1663
2020-01-12 03:01:28,131 Allocated:121.53369140625 MB
2020-01-12 03:01:28,131 Cached:3127.375 MB
2020-01-12 03:03:19,923 ==> Epoch[15](350/610): Loss: 0.1498
2020-01-12 03:03:19,925 Allocated:121.40869140625 MB
2020-01-12 03:03:19,925 Cached:3127.375 MB
2020-01-12 03:05:08,602 ==> Epoch[15](400/610): Loss: 0.1663
2020-01-12 03:05:08,604 Allocated:122.53369140625 MB
2020-01-12 03:05:08,604 Cached:3127.375 MB
2020-01-12 03:05:26,263 ====> Building Cache
2020-01-12 03:05:26,264 feature cache--->>> /home/annora/NetVLAD/output/train_feat_cache2.hdf5
2020-01-12 03:06:04,695 Allocated:121.533203125 MB
2020-01-12 03:06:04,695 Cached:2919.5 MB
2020-01-12 03:08:25,764 ==> Epoch[15](450/610): Loss: 0.1791
2020-01-12 03:08:25,765 Allocated:120.53369140625 MB
2020-01-12 03:08:25,765 Cached:6793.5 MB
2020-01-12 03:10:16,928 ==> Epoch[15](500/610): Loss: 0.1930
2020-01-12 03:10:16,930 Allocated:120.53369140625 MB
2020-01-12 03:10:16,930 Cached:6793.5 MB
2020-01-12 03:12:08,157 ==> Epoch[15](550/610): Loss: 0.1577
2020-01-12 03:12:08,159 Allocated:121.03369140625 MB
2020-01-12 03:12:08,159 Cached:6794.5 MB
2020-01-12 03:13:58,256 ==> Epoch[15](600/610): Loss: 0.1835
2020-01-12 03:13:58,258 Allocated:121.03369140625 MB
2020-01-12 03:13:58,258 Cached:6794.5 MB
2020-01-12 03:14:25,083 ===> Epoch 15 Complete: Avg. Loss: 0.1971
2020-01-12 03:14:25,085 ====> Extracting Features
2020-01-12 03:14:47,706 ==> Batch (50/184)
2020-01-12 03:14:55,015 ==> Batch (100/184)
2020-01-12 03:15:01,720 ==> Batch (150/184)
2020-01-12 03:15:06,449 ====> Building faiss index
2020-01-12 03:15:06,457 ====> Calculating recall @ N
2020-01-12 03:15:07,754 ====> Recall@1: 0.5819
2020-01-12 03:15:07,755 ====> Recall@2: 0.6718
2020-01-12 03:15:07,755 ====> Recall@3: 0.7245
2020-01-12 03:15:07,756 ====> Recall@4: 0.7583
2020-01-12 03:15:07,756 ====> Recall@5: 0.7826
2020-01-12 03:15:07,756 ====> Recall@10: 0.8517
2020-01-12 03:15:07,756 ====> Recall@15: 0.8866
2020-01-12 03:15:07,756 ====> Recall@20: 0.9060
2020-01-12 03:15:07,756 ====> Recall@25: 0.9188
2020-01-12 03:15:08,160 ====> Building Cache
2020-01-12 03:15:08,161 feature cache--->>> /home/annora/NetVLAD/output/train_feat_cache2.hdf5
2020-01-12 03:15:50,350 Allocated:119.15869140625 MB
2020-01-12 03:15:50,350 Cached:2919.5 MB
2020-01-12 03:18:13,027 ==> Epoch[16](50/610): Loss: 0.2201
2020-01-12 03:18:13,029 Allocated:121.53369140625 MB
2020-01-12 03:18:13,029 Cached:9220.625 MB
2020-01-12 03:20:15,440 ==> Epoch[16](100/610): Loss: 0.1864
2020-01-12 03:20:15,443 Allocated:121.40869140625 MB
2020-01-12 03:20:15,443 Cached:9220.625 MB
2020-01-12 03:22:17,383 ==> Epoch[16](150/610): Loss: 0.1761
2020-01-12 03:22:17,385 Allocated:121.53369140625 MB
2020-01-12 03:22:17,386 Cached:9220.625 MB
2020-01-12 03:24:10,716 ==> Epoch[16](200/610): Loss: 0.1880
2020-01-12 03:24:10,718 Allocated:121.28369140625 MB
2020-01-12 03:24:10,718 Cached:9220.625 MB
2020-01-12 03:24:20,332 ====> Building Cache
2020-01-12 03:24:20,333 feature cache--->>> /home/annora/NetVLAD/output/train_feat_cache2.hdf5
2020-01-12 03:24:59,085 Allocated:122.533203125 MB
2020-01-12 03:24:59,085 Cached:2919.5 MB
2020-01-12 03:27:31,624 ==> Epoch[16](250/610): Loss: 0.2208
2020-01-12 03:27:31,626 Allocated:120.53369140625 MB
2020-01-12 03:27:31,626 Cached:9214.25 MB
2020-01-12 03:29:28,493 ==> Epoch[16](300/610): Loss: 0.1831
2020-01-12 03:29:28,495 Allocated:120.90869140625 MB
2020-01-12 03:29:28,496 Cached:9214.25 MB
2020-01-12 03:31:16,425 ==> Epoch[16](350/610): Loss: 0.1454
2020-01-12 03:31:16,427 Allocated:121.53369140625 MB
2020-01-12 03:31:16,427 Cached:9214.25 MB
2020-01-12 03:33:04,769 ==> Epoch[16](400/610): Loss: 0.1968
2020-01-12 03:33:04,770 Allocated:121.53369140625 MB
2020-01-12 03:33:04,770 Cached:9214.25 MB
2020-01-12 03:33:21,921 ====> Building Cache
2020-01-12 03:33:21,922 feature cache--->>> /home/annora/NetVLAD/output/train_feat_cache2.hdf5
2020-01-12 03:33:55,715 Allocated:121.533203125 MB
2020-01-12 03:33:55,715 Cached:2919.5 MB
2020-01-12 03:35:58,393 ==> Epoch[16](450/610): Loss: 0.1443
2020-01-12 03:35:58,395 Allocated:121.40869140625 MB
2020-01-12 03:35:58,395 Cached:2993.25 MB
2020-01-12 03:37:44,297 ==> Epoch[16](500/610): Loss: 0.2025
2020-01-12 03:37:44,299 Allocated:120.53369140625 MB
2020-01-12 03:37:44,299 Cached:2993.25 MB
2020-01-12 03:39:31,879 ==> Epoch[16](550/610): Loss: 0.2204
2020-01-12 03:39:31,880 Allocated:121.03369140625 MB
2020-01-12 03:39:31,881 Cached:2993.25 MB
2020-01-12 03:41:20,665 ==> Epoch[16](600/610): Loss: 0.1928
2020-01-12 03:41:20,666 Allocated:121.15869140625 MB
2020-01-12 03:41:20,666 Cached:2993.25 MB
2020-01-12 03:41:45,766 ===> Epoch 16 Complete: Avg. Loss: 0.1989
2020-01-12 03:41:45,768 ====> Extracting Features
2020-01-12 03:42:03,200 ==> Batch (50/184)
2020-01-12 03:42:09,699 ==> Batch (100/184)
2020-01-12 03:42:16,299 ==> Batch (150/184)
2020-01-12 03:42:21,124 ====> Building faiss index
2020-01-12 03:42:21,132 ====> Calculating recall @ N
2020-01-12 03:42:22,073 ====> Recall@1: 0.5965
2020-01-12 03:42:22,073 ====> Recall@2: 0.6893
2020-01-12 03:42:22,074 ====> Recall@3: 0.7426
2020-01-12 03:42:22,074 ====> Recall@4: 0.7785
2020-01-12 03:42:22,074 ====> Recall@5: 0.8014
2020-01-12 03:42:22,075 ====> Recall@10: 0.8670
2020-01-12 03:42:22,075 ====> Recall@15: 0.8941
2020-01-12 03:42:22,075 ====> Recall@20: 0.9143
2020-01-12 03:42:22,075 ====> Recall@25: 0.9268
2020-01-12 03:42:22,802 ====> Building Cache
2020-01-12 03:42:22,802 feature cache--->>> /home/annora/NetVLAD/output/train_feat_cache2.hdf5
2020-01-12 03:42:52,399 Allocated:119.15869140625 MB
2020-01-12 03:42:52,399 Cached:2919.5 MB
2020-01-12 03:45:10,890 ==> Epoch[17](50/610): Loss: 0.1947
2020-01-12 03:45:10,892 Allocated:121.53369140625 MB
2020-01-12 03:45:10,892 Cached:6794.5 MB
2020-01-12 03:47:02,661 ==> Epoch[17](100/610): Loss: 0.2613
2020-01-12 03:47:02,663 Allocated:120.53369140625 MB
2020-01-12 03:47:02,663 Cached:6794.5 MB
2020-01-12 03:48:49,886 ==> Epoch[17](150/610): Loss: 0.1916
2020-01-12 03:48:49,888 Allocated:121.03369140625 MB
2020-01-12 03:48:49,888 Cached:6794.5 MB
2020-01-12 03:50:36,915 ==> Epoch[17](200/610): Loss: 0.1510
2020-01-12 03:50:36,917 Allocated:120.53369140625 MB
2020-01-12 03:50:36,917 Cached:6794.5 MB
2020-01-12 03:50:45,708 ====> Building Cache
2020-01-12 03:50:45,708 feature cache--->>> /home/annora/NetVLAD/output/train_feat_cache2.hdf5
2020-01-12 03:51:17,921 Allocated:121.158203125 MB
2020-01-12 03:51:17,921 Cached:2919.5 MB
2020-01-12 03:53:29,776 ==> Epoch[17](250/610): Loss: 0.1897
2020-01-12 03:53:29,778 Allocated:121.28369140625 MB
2020-01-12 03:53:29,778 Cached:2993.25 MB
2020-01-12 03:55:13,237 ==> Epoch[17](300/610): Loss: 0.1485
2020-01-12 03:55:13,238 Allocated:121.15869140625 MB
2020-01-12 03:55:13,239 Cached:2993.25 MB
2020-01-12 03:56:57,574 ==> Epoch[17](350/610): Loss: 0.1725
2020-01-12 03:56:57,575 Allocated:120.53369140625 MB
2020-01-12 03:56:57,576 Cached:2993.25 MB
2020-01-12 03:58:45,916 ==> Epoch[17](400/610): Loss: 0.1675
2020-01-12 03:58:45,918 Allocated:121.15869140625 MB
2020-01-12 03:58:45,918 Cached:2993.25 MB
2020-01-12 03:59:03,822 ====> Building Cache
2020-01-12 03:59:03,823 feature cache--->>> /home/annora/NetVLAD/output/train_feat_cache2.hdf5
2020-01-12 03:59:39,590 Allocated:121.158203125 MB
2020-01-12 03:59:39,590 Cached:2919.5 MB
2020-01-12 04:01:36,052 ==> Epoch[17](450/610): Loss: 0.1702
2020-01-12 04:01:36,054 Allocated:121.15869140625 MB
2020-01-12 04:01:36,054 Cached:9331.125 MB
2020-01-12 04:03:23,522 ==> Epoch[17](500/610): Loss: 0.2116
2020-01-12 04:03:23,523 Allocated:121.53369140625 MB
2020-01-12 04:03:23,523 Cached:9331.125 MB
2020-01-12 04:05:13,384 ==> Epoch[17](550/610): Loss: 0.1730
2020-01-12 04:05:13,385 Allocated:121.15869140625 MB
2020-01-12 04:05:13,386 Cached:9331.125 MB
2020-01-12 04:07:00,994 ==> Epoch[17](600/610): Loss: 0.2214
2020-01-12 04:07:00,996 Allocated:121.15869140625 MB
2020-01-12 04:07:00,996 Cached:9331.125 MB
2020-01-12 04:07:26,198 ===> Epoch 17 Complete: Avg. Loss: 0.1968
2020-01-12 04:07:26,200 ====> Extracting Features
2020-01-12 04:07:44,583 ==> Batch (50/184)
2020-01-12 04:07:51,026 ==> Batch (100/184)
2020-01-12 04:07:57,326 ==> Batch (150/184)
2020-01-12 04:08:01,810 ====> Building faiss index
2020-01-12 04:08:01,819 ====> Calculating recall @ N
2020-01-12 04:08:02,813 ====> Recall@1: 0.5877
2020-01-12 04:08:02,814 ====> Recall@2: 0.6739
2020-01-12 04:08:02,815 ====> Recall@3: 0.7280
2020-01-12 04:08:02,815 ====> Recall@4: 0.7616
2020-01-12 04:08:02,815 ====> Recall@5: 0.7859
2020-01-12 04:08:02,816 ====> Recall@10: 0.8513
2020-01-12 04:08:02,816 ====> Recall@15: 0.8864
2020-01-12 04:08:02,816 ====> Recall@20: 0.9065
2020-01-12 04:08:02,816 ====> Recall@25: 0.9185
2020-01-12 04:08:03,232 ====> Building Cache
2020-01-12 04:08:03,233 feature cache--->>> /home/annora/NetVLAD/output/train_feat_cache2.hdf5
2020-01-12 04:08:36,109 Allocated:118.53369140625 MB
2020-01-12 04:08:36,110 Cached:2919.5 MB
2020-01-12 04:10:55,793 ==> Epoch[18](50/610): Loss: 0.1418
2020-01-12 04:10:55,795 Allocated:122.03369140625 MB
2020-01-12 04:10:55,796 Cached:8050.625 MB
2020-01-12 04:12:56,155 ==> Epoch[18](100/610): Loss: 0.2111
2020-01-12 04:12:56,156 Allocated:120.53369140625 MB
2020-01-12 04:12:56,156 Cached:8050.625 MB
2020-01-12 04:14:52,185 ==> Epoch[18](150/610): Loss: 0.1736
2020-01-12 04:14:52,186 Allocated:120.78369140625 MB
2020-01-12 04:14:52,187 Cached:8050.625 MB
2020-01-12 04:16:41,602 ==> Epoch[18](200/610): Loss: 0.1782
2020-01-12 04:16:41,603 Allocated:121.90869140625 MB
2020-01-12 04:16:41,604 Cached:8050.625 MB
2020-01-12 04:16:50,338 ====> Building Cache
2020-01-12 04:16:50,339 feature cache--->>> /home/annora/NetVLAD/output/train_feat_cache2.hdf5
2020-01-12 04:17:23,281 Allocated:120.533203125 MB
2020-01-12 04:17:23,281 Cached:2919.5 MB
2020-01-12 04:19:33,255 ==> Epoch[18](250/610): Loss: 0.1552
2020-01-12 04:19:33,256 Allocated:121.53369140625 MB
2020-01-12 04:19:33,257 Cached:4390.75 MB
2020-01-12 04:21:20,915 ==> Epoch[18](300/610): Loss: 0.1705
2020-01-12 04:21:20,916 Allocated:120.53369140625 MB
2020-01-12 04:21:20,916 Cached:4390.75 MB
2020-01-12 04:23:07,240 ==> Epoch[18](350/610): Loss: 0.2374
2020-01-12 04:23:07,241 Allocated:121.28369140625 MB
2020-01-12 04:23:07,242 Cached:4390.75 MB
2020-01-12 04:24:57,109 ==> Epoch[18](400/610): Loss: 0.1867
2020-01-12 04:24:57,110 Allocated:121.90869140625 MB
2020-01-12 04:24:57,110 Cached:4390.75 MB
2020-01-12 04:25:13,057 ====> Building Cache
2020-01-12 04:25:13,058 feature cache--->>> /home/annora/NetVLAD/output/train_feat_cache2.hdf5
2020-01-12 04:25:44,095 Allocated:121.533203125 MB
2020-01-12 04:25:44,096 Cached:2944.375 MB
2020-01-12 04:27:44,434 ==> Epoch[18](450/610): Loss: 0.1744
2020-01-12 04:27:44,436 Allocated:121.28369140625 MB
2020-01-12 04:27:44,436 Cached:6819.375 MB
2020-01-12 04:29:32,995 ==> Epoch[18](500/610): Loss: 0.2253
2020-01-12 04:29:32,997 Allocated:122.15869140625 MB
2020-01-12 04:29:32,997 Cached:6819.375 MB
2020-01-12 04:31:22,867 ==> Epoch[18](550/610): Loss: 0.2001
2020-01-12 04:31:22,869 Allocated:122.65869140625 MB
2020-01-12 04:31:22,869 Cached:6819.375 MB
2020-01-12 04:33:07,672 ==> Epoch[18](600/610): Loss: 0.1309
2020-01-12 04:33:07,673 Allocated:120.53369140625 MB
2020-01-12 04:33:07,674 Cached:6819.375 MB
2020-01-12 04:33:33,690 ===> Epoch 18 Complete: Avg. Loss: 0.1960
2020-01-12 04:33:33,691 ====> Extracting Features
2020-01-12 04:33:52,364 ==> Batch (50/184)
2020-01-12 04:33:58,713 ==> Batch (100/184)
2020-01-12 04:34:04,965 ==> Batch (150/184)
2020-01-12 04:34:09,408 ====> Building faiss index
2020-01-12 04:34:09,415 ====> Calculating recall @ N
2020-01-12 04:34:10,417 ====> Recall@1: 0.6000
2020-01-12 04:34:10,418 ====> Recall@2: 0.6941
2020-01-12 04:34:10,418 ====> Recall@3: 0.7500
2020-01-12 04:34:10,419 ====> Recall@4: 0.7826
2020-01-12 04:34:10,419 ====> Recall@5: 0.8068
2020-01-12 04:34:10,419 ====> Recall@10: 0.8696
2020-01-12 04:34:10,419 ====> Recall@15: 0.8984
2020-01-12 04:34:10,420 ====> Recall@20: 0.9132
2020-01-12 04:34:10,420 ====> Recall@25: 0.9265
2020-01-12 04:34:11,201 ====> Building Cache
2020-01-12 04:34:11,202 feature cache--->>> /home/annora/NetVLAD/output/train_feat_cache2.hdf5
2020-01-12 04:34:44,217 Allocated:119.90869140625 MB
2020-01-12 04:34:44,217 Cached:2919.5 MB
2020-01-12 04:37:07,337 ==> Epoch[19](50/610): Loss: 0.1954
2020-01-12 04:37:07,339 Allocated:120.53369140625 MB
2020-01-12 04:37:07,339 Cached:6794.5 MB
2020-01-12 04:38:53,554 ==> Epoch[19](100/610): Loss: 0.1887
2020-01-12 04:38:53,555 Allocated:121.15869140625 MB
2020-01-12 04:38:53,555 Cached:6794.5 MB
2020-01-12 04:40:42,795 ==> Epoch[19](150/610): Loss: 0.1715
2020-01-12 04:40:42,796 Allocated:120.53369140625 MB
2020-01-12 04:40:42,797 Cached:6794.5 MB
2020-01-12 04:42:32,486 ==> Epoch[19](200/610): Loss: 0.2083
2020-01-12 04:42:32,487 Allocated:121.28369140625 MB
2020-01-12 04:42:32,487 Cached:6794.5 MB
2020-01-12 04:42:41,395 ====> Building Cache
2020-01-12 04:42:41,396 feature cache--->>> /home/annora/NetVLAD/output/train_feat_cache2.hdf5
2020-01-12 04:43:16,538 Allocated:122.533203125 MB
2020-01-12 04:43:16,539 Cached:2919.5 MB
2020-01-12 04:45:22,397 ==> Epoch[19](250/610): Loss: 0.2497
2020-01-12 04:45:22,398 Allocated:121.53369140625 MB
2020-01-12 04:45:22,399 Cached:2993.25 MB
2020-01-12 04:47:10,428 ==> Epoch[19](300/610): Loss: 0.2346
2020-01-12 04:47:10,430 Allocated:122.15869140625 MB
2020-01-12 04:47:10,430 Cached:2993.25 MB
2020-01-12 04:48:57,880 ==> Epoch[19](350/610): Loss: 0.1573
2020-01-12 04:48:57,881 Allocated:121.03369140625 MB
2020-01-12 04:48:57,882 Cached:2993.25 MB
2020-01-12 04:50:43,384 ==> Epoch[19](400/610): Loss: 0.1477
2020-01-12 04:50:43,385 Allocated:121.15869140625 MB
2020-01-12 04:50:43,385 Cached:2993.25 MB
2020-01-12 04:51:00,431 ====> Building Cache
2020-01-12 04:51:00,431 feature cache--->>> /home/annora/NetVLAD/output/train_feat_cache2.hdf5
2020-01-12 04:51:32,855 Allocated:121.158203125 MB
2020-01-12 04:51:32,855 Cached:2919.5 MB
2020-01-12 04:53:34,225 ==> Epoch[19](450/610): Loss: 0.1915
2020-01-12 04:53:34,227 Allocated:121.53369140625 MB
2020-01-12 04:53:34,227 Cached:6794.5 MB
2020-01-12 04:55:23,837 ==> Epoch[19](500/610): Loss: 0.1826
2020-01-12 04:55:23,838 Allocated:121.53369140625 MB
2020-01-12 04:55:23,838 Cached:6794.5 MB
2020-01-12 04:57:10,882 ==> Epoch[19](550/610): Loss: 0.1789
2020-01-12 04:57:10,884 Allocated:120.53369140625 MB
2020-01-12 04:57:10,884 Cached:6794.5 MB
2020-01-12 04:58:58,997 ==> Epoch[19](600/610): Loss: 0.1365
2020-01-12 04:58:58,998 Allocated:122.65869140625 MB
2020-01-12 04:58:58,998 Cached:6794.5 MB
2020-01-12 04:59:24,709 ===> Epoch 19 Complete: Avg. Loss: 0.1918
2020-01-12 04:59:24,710 ====> Extracting Features
2020-01-12 04:59:43,094 ==> Batch (50/184)
2020-01-12 04:59:49,464 ==> Batch (100/184)
2020-01-12 04:59:55,846 ==> Batch (150/184)
2020-01-12 05:00:00,371 ====> Building faiss index
2020-01-12 05:00:00,379 ====> Calculating recall @ N
2020-01-12 05:00:01,442 ====> Recall@1: 0.5798
2020-01-12 05:00:01,443 ====> Recall@2: 0.6684
2020-01-12 05:00:01,443 ====> Recall@3: 0.7203
2020-01-12 05:00:01,444 ====> Recall@4: 0.7545
2020-01-12 05:00:01,444 ====> Recall@5: 0.7780
2020-01-12 05:00:01,444 ====> Recall@10: 0.8456
2020-01-12 05:00:01,444 ====> Recall@15: 0.8766
2020-01-12 05:00:01,444 ====> Recall@20: 0.8979
2020-01-12 05:00:01,445 ====> Recall@25: 0.9122
2020-01-12 05:00:01,831 ====> Building Cache
2020-01-12 05:00:01,832 feature cache--->>> /home/annora/NetVLAD/output/train_feat_cache2.hdf5
2020-01-12 05:00:32,091 Allocated:118.53369140625 MB
2020-01-12 05:00:32,092 Cached:2917.5 MB
2020-01-12 05:03:00,458 ==> Epoch[20](50/610): Loss: 0.2074
2020-01-12 05:03:00,459 Allocated:120.53369140625 MB
2020-01-12 05:03:00,460 Cached:8028.25 MB
2020-01-12 05:04:49,404 ==> Epoch[20](100/610): Loss: 0.2215
2020-01-12 05:04:49,405 Allocated:122.03369140625 MB
2020-01-12 05:04:49,406 Cached:8028.25 MB
2020-01-12 05:06:35,851 ==> Epoch[20](150/610): Loss: 0.1640
2020-01-12 05:06:35,852 Allocated:121.28369140625 MB
2020-01-12 05:06:35,853 Cached:8028.25 MB
2020-01-12 05:08:26,884 ==> Epoch[20](200/610): Loss: 0.1843
2020-01-12 05:08:26,885 Allocated:120.53369140625 MB
2020-01-12 05:08:26,886 Cached:8028.25 MB
2020-01-12 05:08:35,539 ====> Building Cache
2020-01-12 05:08:35,540 feature cache--->>> /home/annora/NetVLAD/output/train_feat_cache2.hdf5
2020-01-12 05:09:04,607 Allocated:121.533203125 MB
2020-01-12 05:09:04,608 Cached:2919.5 MB
2020-01-12 05:11:13,057 ==> Epoch[20](250/610): Loss: 0.1761
2020-01-12 05:11:13,058 Allocated:121.53369140625 MB
2020-01-12 05:11:13,059 Cached:2992.25 MB
2020-01-12 05:12:59,467 ==> Epoch[20](300/610): Loss: 0.2235
2020-01-12 05:12:59,468 Allocated:121.40869140625 MB
2020-01-12 05:12:59,468 Cached:2993.25 MB
2020-01-12 05:14:46,305 ==> Epoch[20](350/610): Loss: 0.1751
2020-01-12 05:14:46,307 Allocated:121.28369140625 MB
2020-01-12 05:14:46,307 Cached:2993.25 MB
2020-01-12 05:16:33,069 ==> Epoch[20](400/610): Loss: 0.2265
2020-01-12 05:16:33,071 Allocated:121.15869140625 MB
2020-01-12 05:16:33,071 Cached:2993.25 MB
2020-01-12 05:16:50,117 ====> Building Cache
2020-01-12 05:16:50,118 feature cache--->>> /home/annora/NetVLAD/output/train_feat_cache2.hdf5
2020-01-12 05:17:22,812 Allocated:122.033203125 MB
2020-01-12 05:17:22,812 Cached:2919.5 MB
2020-01-12 05:19:25,616 ==> Epoch[20](450/610): Loss: 0.2117
2020-01-12 05:19:25,618 Allocated:121.28369140625 MB
2020-01-12 05:19:25,618 Cached:2993.25 MB
2020-01-12 05:21:14,591 ==> Epoch[20](500/610): Loss: 0.1772
2020-01-12 05:21:14,593 Allocated:120.53369140625 MB
2020-01-12 05:21:14,593 Cached:2993.25 MB
2020-01-12 05:23:01,358 ==> Epoch[20](550/610): Loss: 0.1988
2020-01-12 05:23:01,359 Allocated:121.03369140625 MB
2020-01-12 05:23:01,359 Cached:2993.25 MB
2020-01-12 05:24:47,375 ==> Epoch[20](600/610): Loss: 0.2119
2020-01-12 05:24:47,377 Allocated:121.53369140625 MB
2020-01-12 05:24:47,377 Cached:2993.25 MB
2020-01-12 05:25:13,044 ===> Epoch 20 Complete: Avg. Loss: 0.1982
2020-01-12 05:25:13,045 ====> Extracting Features
2020-01-12 05:25:30,464 ==> Batch (50/184)
2020-01-12 05:25:37,356 ==> Batch (100/184)
2020-01-12 05:25:43,188 ==> Batch (150/184)
2020-01-12 05:25:48,117 ====> Building faiss index
2020-01-12 05:25:48,126 ====> Calculating recall @ N
2020-01-12 05:25:49,425 ====> Recall@1: 0.5994
2020-01-12 05:25:49,425 ====> Recall@2: 0.6885
2020-01-12 05:25:49,426 ====> Recall@3: 0.7447
2020-01-12 05:25:49,426 ====> Recall@4: 0.7776
2020-01-12 05:25:49,426 ====> Recall@5: 0.8003
2020-01-12 05:25:49,426 ====> Recall@10: 0.8645
2020-01-12 05:25:49,427 ====> Recall@15: 0.8947
2020-01-12 05:25:49,427 ====> Recall@20: 0.9138
2020-01-12 05:25:49,427 ====> Recall@25: 0.9285
2020-01-12 05:25:49,804 ====> Building Cache
2020-01-12 05:25:49,805 feature cache--->>> /home/annora/NetVLAD/output/train_feat_cache2.hdf5
2020-01-12 05:26:24,552 Allocated:119.65869140625 MB
2020-01-12 05:26:24,553 Cached:2918.5 MB
2020-01-12 05:28:42,630 ==> Epoch[21](50/610): Loss: 0.2434
2020-01-12 05:28:42,632 Allocated:120.53369140625 MB
2020-01-12 05:28:42,632 Cached:6794.5 MB
2020-01-12 05:30:31,478 ==> Epoch[21](100/610): Loss: 0.2334
2020-01-12 05:30:31,479 Allocated:120.53369140625 MB
2020-01-12 05:30:31,479 Cached:6794.5 MB
2020-01-12 05:32:19,992 ==> Epoch[21](150/610): Loss: 0.2443
2020-01-12 05:32:19,993 Allocated:120.53369140625 MB
2020-01-12 05:32:19,993 Cached:6794.5 MB
2020-01-12 05:34:08,883 ==> Epoch[21](200/610): Loss: 0.1744
2020-01-12 05:34:08,884 Allocated:121.40869140625 MB
2020-01-12 05:34:08,885 Cached:6794.5 MB
2020-01-12 05:34:17,798 ====> Building Cache
2020-01-12 05:34:17,798 feature cache--->>> /home/annora/NetVLAD/output/train_feat_cache2.hdf5
2020-01-12 05:34:50,510 Allocated:121.533203125 MB
2020-01-12 05:34:50,511 Cached:2919.5 MB
2020-01-12 05:37:00,169 ==> Epoch[21](250/610): Loss: 0.1924
2020-01-12 05:37:00,171 Allocated:120.53369140625 MB
2020-01-12 05:37:00,171 Cached:4390.75 MB
2020-01-12 05:38:44,781 ==> Epoch[21](300/610): Loss: 0.2108
2020-01-12 05:38:44,782 Allocated:120.90869140625 MB
2020-01-12 05:38:44,782 Cached:4390.75 MB
2020-01-12 05:40:32,363 ==> Epoch[21](350/610): Loss: 0.1353
2020-01-12 05:40:32,365 Allocated:120.90869140625 MB
2020-01-12 05:40:32,365 Cached:4390.75 MB
2020-01-12 05:42:18,622 ==> Epoch[21](400/610): Loss: 0.1787
2020-01-12 05:42:18,624 Allocated:121.15869140625 MB
2020-01-12 05:42:18,624 Cached:4390.75 MB
2020-01-12 05:42:35,624 ====> Building Cache
2020-01-12 05:42:35,625 feature cache--->>> /home/annora/NetVLAD/output/train_feat_cache2.hdf5
2020-01-12 05:43:06,200 Allocated:121.158203125 MB
2020-01-12 05:43:06,201 Cached:2919.5 MB
2020-01-12 05:45:14,273 ==> Epoch[21](450/610): Loss: 0.2260
2020-01-12 05:45:14,275 Allocated:122.65869140625 MB
2020-01-12 05:45:14,275 Cached:9236.5 MB
2020-01-12 05:46:59,226 ==> Epoch[21](500/610): Loss: 0.2227
2020-01-12 05:46:59,228 Allocated:121.53369140625 MB
2020-01-12 05:46:59,228 Cached:9236.5 MB
2020-01-12 05:48:41,904 ==> Epoch[21](550/610): Loss: 0.1892
2020-01-12 05:48:41,906 Allocated:121.53369140625 MB
2020-01-12 05:48:41,906 Cached:9236.5 MB
2020-01-12 05:50:24,514 ==> Epoch[21](600/610): Loss: 0.2009
2020-01-12 05:50:24,516 Allocated:121.53369140625 MB
2020-01-12 05:50:24,516 Cached:9236.5 MB
2020-01-12 05:50:51,166 ===> Epoch 21 Complete: Avg. Loss: 0.1992
2020-01-12 05:50:51,167 ====> Extracting Features
2020-01-12 05:51:07,638 ==> Batch (50/184)
2020-01-12 05:51:13,561 ==> Batch (100/184)
2020-01-12 05:51:19,360 ==> Batch (150/184)
2020-01-12 05:51:23,881 ====> Building faiss index
2020-01-12 05:51:23,889 ====> Calculating recall @ N
2020-01-12 05:51:24,784 ====> Recall@1: 0.5979
2020-01-12 05:51:24,785 ====> Recall@2: 0.6860
2020-01-12 05:51:24,786 ====> Recall@3: 0.7373
2020-01-12 05:51:24,786 ====> Recall@4: 0.7748
2020-01-12 05:51:24,787 ====> Recall@5: 0.7986
2020-01-12 05:51:24,787 ====> Recall@10: 0.8609
2020-01-12 05:51:24,787 ====> Recall@15: 0.8926
2020-01-12 05:51:24,787 ====> Recall@20: 0.9129
2020-01-12 05:51:24,788 ====> Recall@25: 0.9257
2020-01-12 05:51:25,147 ====> Building Cache
2020-01-12 05:51:25,148 feature cache--->>> /home/annora/NetVLAD/output/train_feat_cache2.hdf5
2020-01-12 05:51:53,990 Allocated:118.65869140625 MB
2020-01-12 05:51:53,990 Cached:2919.5 MB
2020-01-12 05:54:03,380 ==> Epoch[22](50/610): Loss: 0.1980
2020-01-12 05:54:03,381 Allocated:121.53369140625 MB
2020-01-12 05:54:03,382 Cached:3102.5 MB
2020-01-12 05:55:44,860 ==> Epoch[22](100/610): Loss: 0.2231
2020-01-12 05:55:44,862 Allocated:121.28369140625 MB
2020-01-12 05:55:44,862 Cached:3102.5 MB
2020-01-12 05:57:30,536 ==> Epoch[22](150/610): Loss: 0.2256
2020-01-12 05:57:30,537 Allocated:122.65869140625 MB
2020-01-12 05:57:30,537 Cached:3102.5 MB
2020-01-12 05:59:11,917 ==> Epoch[22](200/610): Loss: 0.1795
2020-01-12 05:59:11,918 Allocated:121.28369140625 MB
2020-01-12 05:59:11,919 Cached:3102.5 MB
2020-01-12 05:59:20,102 ====> Building Cache
2020-01-12 05:59:20,103 feature cache--->>> /home/annora/NetVLAD/output/train_feat_cache2.hdf5
2020-01-12 05:59:49,188 Allocated:120.658203125 MB
2020-01-12 05:59:49,188 Cached:2919.5 MB
2020-01-12 06:01:46,811 ==> Epoch[22](250/610): Loss: 0.2260
2020-01-12 06:01:46,812 Allocated:121.15869140625 MB
2020-01-12 06:01:46,812 Cached:4901.5 MB
2020-01-12 06:03:31,096 ==> Epoch[22](300/610): Loss: 0.1770
2020-01-12 06:03:31,097 Allocated:120.53369140625 MB
2020-01-12 06:03:31,097 Cached:4901.5 MB
2020-01-12 06:05:11,670 ==> Epoch[22](350/610): Loss: 0.1993
2020-01-12 06:05:11,671 Allocated:121.15869140625 MB
2020-01-12 06:05:11,671 Cached:4901.5 MB
2020-01-12 06:06:52,377 ==> Epoch[22](400/610): Loss: 0.1861
2020-01-12 06:06:52,378 Allocated:121.15869140625 MB
2020-01-12 06:06:52,378 Cached:4901.5 MB
2020-01-12 06:07:08,378 ====> Building Cache
2020-01-12 06:07:08,379 feature cache--->>> /home/annora/NetVLAD/output/train_feat_cache2.hdf5
2020-01-12 06:07:37,286 Allocated:121.533203125 MB
2020-01-12 06:07:37,287 Cached:2944.375 MB
2020-01-12 06:09:41,582 ==> Epoch[22](450/610): Loss: 0.2130
2020-01-12 06:09:41,583 Allocated:121.53369140625 MB
2020-01-12 06:09:41,584 Cached:9328.375 MB
2020-01-12 06:11:21,076 ==> Epoch[22](500/610): Loss: 0.1542
2020-01-12 06:11:21,077 Allocated:121.15869140625 MB
2020-01-12 06:11:21,077 Cached:9328.375 MB
2020-01-12 06:13:01,391 ==> Epoch[22](550/610): Loss: 0.1688
2020-01-12 06:13:01,392 Allocated:121.15869140625 MB
2020-01-12 06:13:01,392 Cached:9328.375 MB
2020-01-12 06:14:42,195 ==> Epoch[22](600/610): Loss: 0.2135
2020-01-12 06:14:42,196 Allocated:121.28369140625 MB
2020-01-12 06:14:42,197 Cached:9328.375 MB
2020-01-12 06:15:07,237 ===> Epoch 22 Complete: Avg. Loss: 0.1991
2020-01-12 06:15:07,238 ====> Extracting Features
2020-01-12 06:15:23,798 ==> Batch (50/184)
2020-01-12 06:15:30,087 ==> Batch (100/184)
2020-01-12 06:15:36,548 ==> Batch (150/184)
2020-01-12 06:15:40,659 ====> Building faiss index
2020-01-12 06:15:40,668 ====> Calculating recall @ N
2020-01-12 06:15:41,686 ====> Recall@1: 0.6020
2020-01-12 06:15:41,686 ====> Recall@2: 0.6897
2020-01-12 06:15:41,687 ====> Recall@3: 0.7432
2020-01-12 06:15:41,687 ====> Recall@4: 0.7771
2020-01-12 06:15:41,687 ====> Recall@5: 0.8009
2020-01-12 06:15:41,688 ====> Recall@10: 0.8649
2020-01-12 06:15:41,688 ====> Recall@15: 0.8951
2020-01-12 06:15:41,688 ====> Recall@20: 0.9146
2020-01-12 06:15:41,688 ====> Recall@25: 0.9273
2020-01-12 06:15:42,056 ====> Building Cache
2020-01-12 06:15:42,057 feature cache--->>> /home/annora/NetVLAD/output/train_feat_cache2.hdf5
2020-01-12 06:16:10,816 Allocated:118.53369140625 MB
2020-01-12 06:16:10,817 Cached:2919.5 MB
2020-01-12 06:18:21,132 ==> Epoch[23](50/610): Loss: 0.1701
2020-01-12 06:18:21,133 Allocated:120.65869140625 MB
2020-01-12 06:18:21,134 Cached:8065.0 MB
2020-01-12 06:20:03,338 ==> Epoch[23](100/610): Loss: 0.2133
2020-01-12 06:20:03,340 Allocated:121.15869140625 MB
2020-01-12 06:20:03,340 Cached:8065.0 MB
2020-01-12 06:21:52,460 ==> Epoch[23](150/610): Loss: 0.1882
2020-01-12 06:21:52,462 Allocated:122.65869140625 MB
2020-01-12 06:21:52,462 Cached:8065.0 MB
2020-01-12 06:24:03,702 ==> Epoch[23](200/610): Loss: 0.2749
2020-01-12 06:24:03,703 Allocated:121.65869140625 MB
2020-01-12 06:24:03,704 Cached:8065.0 MB
2020-01-12 06:24:14,161 ====> Building Cache
2020-01-12 06:24:14,162 feature cache--->>> /home/annora/NetVLAD/output/train_feat_cache2.hdf5
2020-01-12 06:24:42,158 Allocated:121.158203125 MB
2020-01-12 06:24:42,159 Cached:2919.5 MB
2020-01-12 06:26:40,408 ==> Epoch[23](250/610): Loss: 0.1806
2020-01-12 06:26:40,410 Allocated:120.53369140625 MB
2020-01-12 06:26:40,410 Cached:2993.25 MB
2020-01-12 06:28:23,895 ==> Epoch[23](300/610): Loss: 0.2050
2020-01-12 06:28:23,896 Allocated:121.53369140625 MB
2020-01-12 06:28:23,897 Cached:2993.25 MB
2020-01-12 06:30:04,911 ==> Epoch[23](350/610): Loss: 0.1557
2020-01-12 06:30:04,912 Allocated:120.65869140625 MB
2020-01-12 06:30:04,913 Cached:2993.25 MB
2020-01-12 06:31:45,466 ==> Epoch[23](400/610): Loss: 0.2331
2020-01-12 06:31:45,467 Allocated:120.53369140625 MB
2020-01-12 06:31:45,467 Cached:2993.25 MB
2020-01-12 06:32:01,539 ====> Building Cache
2020-01-12 06:32:01,539 feature cache--->>> /home/annora/NetVLAD/output/train_feat_cache2.hdf5
2020-01-12 06:32:29,982 Allocated:121.908203125 MB
2020-01-12 06:32:29,982 Cached:2919.5 MB
2020-01-12 06:34:28,328 ==> Epoch[23](450/610): Loss: 0.2053
2020-01-12 06:34:28,330 Allocated:121.53369140625 MB
2020-01-12 06:34:28,330 Cached:7996.375 MB
2020-01-12 06:36:10,661 ==> Epoch[23](500/610): Loss: 0.1472
2020-01-12 06:36:10,662 Allocated:120.53369140625 MB
2020-01-12 06:36:10,662 Cached:7996.375 MB
2020-01-12 06:37:51,966 ==> Epoch[23](550/610): Loss: 0.2630
2020-01-12 06:37:51,967 Allocated:120.53369140625 MB
2020-01-12 06:37:51,967 Cached:7996.375 MB
2020-01-12 06:39:33,173 ==> Epoch[23](600/610): Loss: 0.2431
2020-01-12 06:39:33,174 Allocated:121.28369140625 MB
2020-01-12 06:39:33,175 Cached:7996.375 MB
2020-01-12 06:39:59,368 ===> Epoch 23 Complete: Avg. Loss: 0.1989
2020-01-12 06:39:59,369 ====> Extracting Features
2020-01-12 06:40:16,315 ==> Batch (50/184)
2020-01-12 06:40:22,308 ==> Batch (100/184)
2020-01-12 06:40:27,750 ==> Batch (150/184)
2020-01-12 06:40:31,565 ====> Building faiss index
2020-01-12 06:40:31,572 ====> Calculating recall @ N
2020-01-12 06:40:32,538 ====> Recall@1: 0.6016
2020-01-12 06:40:32,538 ====> Recall@2: 0.6885
2020-01-12 06:40:32,539 ====> Recall@3: 0.7409
2020-01-12 06:40:32,539 ====> Recall@4: 0.7763
2020-01-12 06:40:32,539 ====> Recall@5: 0.7994
2020-01-12 06:40:32,540 ====> Recall@10: 0.8620
2020-01-12 06:40:32,540 ====> Recall@15: 0.8935
2020-01-12 06:40:32,540 ====> Recall@20: 0.9143
2020-01-12 06:40:32,540 ====> Recall@25: 0.9253
2020-01-12 06:40:32,917 ====> Building Cache
2020-01-12 06:40:32,917 feature cache--->>> /home/annora/NetVLAD/output/train_feat_cache2.hdf5
2020-01-12 06:41:01,663 Allocated:119.53369140625 MB
2020-01-12 06:41:01,664 Cached:2918.5 MB
2020-01-12 06:43:10,300 ==> Epoch[24](50/610): Loss: 0.2217
2020-01-12 06:43:10,302 Allocated:120.53369140625 MB
2020-01-12 06:43:10,302 Cached:8044.25 MB
2020-01-12 06:44:52,196 ==> Epoch[24](100/610): Loss: 0.2292
2020-01-12 06:44:52,198 Allocated:120.53369140625 MB
2020-01-12 06:44:52,198 Cached:8044.25 MB
2020-01-12 06:46:37,930 ==> Epoch[24](150/610): Loss: 0.1960
2020-01-12 06:46:37,932 Allocated:121.65869140625 MB
2020-01-12 06:46:37,932 Cached:8044.25 MB
2020-01-12 06:48:19,069 ==> Epoch[24](200/610): Loss: 0.2241
2020-01-12 06:48:19,071 Allocated:121.90869140625 MB
2020-01-12 06:48:19,071 Cached:8044.25 MB
2020-01-12 06:48:27,357 ====> Building Cache
2020-01-12 06:48:27,358 feature cache--->>> /home/annora/NetVLAD/output/train_feat_cache2.hdf5
2020-01-12 06:48:56,112 Allocated:120.533203125 MB
2020-01-12 06:48:56,112 Cached:2919.5 MB
2020-01-12 06:50:55,893 ==> Epoch[24](250/610): Loss: 0.2295
2020-01-12 06:50:55,895 Allocated:120.53369140625 MB
2020-01-12 06:50:55,895 Cached:9271.625 MB
2020-01-12 06:52:45,218 ==> Epoch[24](300/610): Loss: 0.1698
2020-01-12 06:52:45,219 Allocated:121.53369140625 MB
2020-01-12 06:52:45,220 Cached:9271.625 MB
2020-01-12 06:54:36,700 ==> Epoch[24](350/610): Loss: 0.1977
2020-01-12 06:54:36,701 Allocated:121.53369140625 MB
2020-01-12 06:54:36,701 Cached:9271.625 MB
2020-01-12 06:56:20,759 ==> Epoch[24](400/610): Loss: 0.1556
2020-01-12 06:56:20,760 Allocated:121.53369140625 MB
2020-01-12 06:56:20,760 Cached:9271.625 MB
2020-01-12 06:56:36,842 ====> Building Cache
2020-01-12 06:56:36,843 feature cache--->>> /home/annora/NetVLAD/output/train_feat_cache2.hdf5
2020-01-12 06:57:05,477 Allocated:121.158203125 MB
2020-01-12 06:57:05,478 Cached:2919.5 MB
2020-01-12 06:59:05,084 ==> Epoch[24](450/610): Loss: 0.1933
2020-01-12 06:59:05,085 Allocated:120.53369140625 MB
2020-01-12 06:59:05,085 Cached:2993.25 MB
2020-01-12 07:01:19,097 ==> Epoch[24](500/610): Loss: 0.2181
2020-01-12 07:01:19,098 Allocated:120.53369140625 MB
2020-01-12 07:01:19,098 Cached:2993.25 MB
2020-01-12 07:03:31,034 ==> Epoch[24](550/610): Loss: 0.1921
2020-01-12 07:03:31,036 Allocated:121.65869140625 MB
2020-01-12 07:03:31,036 Cached:2993.25 MB
2020-01-12 07:05:15,638 ==> Epoch[24](600/610): Loss: 0.2298
2020-01-12 07:05:15,639 Allocated:120.53369140625 MB
2020-01-12 07:05:15,640 Cached:2993.25 MB
2020-01-12 07:05:39,876 ===> Epoch 24 Complete: Avg. Loss: 0.1989
2020-01-12 07:05:39,877 ====> Extracting Features
2020-01-12 07:05:55,377 ==> Batch (50/184)
2020-01-12 07:06:00,850 ==> Batch (100/184)
2020-01-12 07:06:06,619 ==> Batch (150/184)
2020-01-12 07:06:10,575 ====> Building faiss index
2020-01-12 07:06:10,582 ====> Calculating recall @ N
2020-01-12 07:06:11,517 ====> Recall@1: 0.6012
2020-01-12 07:06:11,517 ====> Recall@2: 0.6891
2020-01-12 07:06:11,518 ====> Recall@3: 0.7426
2020-01-12 07:06:11,518 ====> Recall@4: 0.7776
2020-01-12 07:06:11,518 ====> Recall@5: 0.8011
2020-01-12 07:06:11,518 ====> Recall@10: 0.8645
2020-01-12 07:06:11,519 ====> Recall@15: 0.8942
2020-01-12 07:06:11,519 ====> Recall@20: 0.9143
2020-01-12 07:06:11,519 ====> Recall@25: 0.9257
2020-01-12 07:06:11,873 ====> Building Cache
2020-01-12 07:06:11,874 feature cache--->>> /home/annora/NetVLAD/output/train_feat_cache2.hdf5
2020-01-12 07:06:40,359 Allocated:119.03369140625 MB
2020-01-12 07:06:40,360 Cached:2918.5 MB
2020-01-12 07:08:46,191 ==> Epoch[25](50/610): Loss: 0.2450
2020-01-12 07:08:46,192 Allocated:121.53369140625 MB
2020-01-12 07:08:46,193 Cached:6794.5 MB
2020-01-12 07:10:30,034 ==> Epoch[25](100/610): Loss: 0.1701
2020-01-12 07:10:30,035 Allocated:121.15869140625 MB
2020-01-12 07:10:30,035 Cached:6794.5 MB
2020-01-12 07:12:11,249 ==> Epoch[25](150/610): Loss: 0.2538
2020-01-12 07:12:11,250 Allocated:121.28369140625 MB
2020-01-12 07:12:11,251 Cached:6794.5 MB
2020-01-12 07:13:51,565 ==> Epoch[25](200/610): Loss: 0.1810
2020-01-12 07:13:51,566 Allocated:121.15869140625 MB
2020-01-12 07:13:51,566 Cached:6794.5 MB
2020-01-12 07:13:59,741 ====> Building Cache
2020-01-12 07:13:59,742 feature cache--->>> /home/annora/NetVLAD/output/train_feat_cache2.hdf5
2020-01-12 07:14:28,495 Allocated:121.283203125 MB
2020-01-12 07:14:28,496 Cached:2919.5 MB
2020-01-12 07:16:36,339 ==> Epoch[25](250/610): Loss: 0.1630
2020-01-12 07:16:36,340 Allocated:120.53369140625 MB
2020-01-12 07:16:36,340 Cached:2993.25 MB
2020-01-12 07:18:22,275 ==> Epoch[25](300/610): Loss: 0.2079
2020-01-12 07:18:22,276 Allocated:121.90869140625 MB
2020-01-12 07:18:22,276 Cached:2993.25 MB
2020-01-12 07:20:02,434 ==> Epoch[25](350/610): Loss: 0.2011
2020-01-12 07:20:02,436 Allocated:122.15869140625 MB
2020-01-12 07:20:02,436 Cached:2993.25 MB
2020-01-12 07:21:43,625 ==> Epoch[25](400/610): Loss: 0.1982
2020-01-12 07:21:43,627 Allocated:121.03369140625 MB
2020-01-12 07:21:43,627 Cached:2993.25 MB
2020-01-12 07:21:59,650 ====> Building Cache
2020-01-12 07:21:59,650 feature cache--->>> /home/annora/NetVLAD/output/train_feat_cache2.hdf5
2020-01-12 07:22:30,706 Allocated:120.533203125 MB
2020-01-12 07:22:30,707 Cached:2919.5 MB
2020-01-12 07:24:24,615 ==> Epoch[25](450/610): Loss: 0.2003
2020-01-12 07:24:24,617 Allocated:121.53369140625 MB
2020-01-12 07:24:24,617 Cached:4282.5 MB
2020-01-12 07:26:06,136 ==> Epoch[25](500/610): Loss: 0.2702
2020-01-12 07:26:06,138 Allocated:121.28369140625 MB
2020-01-12 07:26:06,138 Cached:4282.5 MB
2020-01-12 07:27:47,959 ==> Epoch[25](550/610): Loss: 0.2124
2020-01-12 07:27:47,960 Allocated:121.53369140625 MB
2020-01-12 07:27:47,960 Cached:4282.5 MB
2020-01-12 07:29:32,344 ==> Epoch[25](600/610): Loss: 0.1799
2020-01-12 07:29:32,346 Allocated:121.53369140625 MB
2020-01-12 07:29:32,346 Cached:4282.5 MB
2020-01-12 07:29:56,507 ===> Epoch 25 Complete: Avg. Loss: 0.1997
2020-01-12 07:29:56,508 ====> Extracting Features
2020-01-12 07:30:12,034 ==> Batch (50/184)
2020-01-12 07:30:17,652 ==> Batch (100/184)
2020-01-12 07:30:23,223 ==> Batch (150/184)
2020-01-12 07:30:27,175 ====> Building faiss index
2020-01-12 07:30:27,183 ====> Calculating recall @ N
2020-01-12 07:30:28,078 ====> Recall@1: 0.6008
2020-01-12 07:30:28,078 ====> Recall@2: 0.6872
2020-01-12 07:30:28,079 ====> Recall@3: 0.7394
2020-01-12 07:30:28,079 ====> Recall@4: 0.7741
2020-01-12 07:30:28,079 ====> Recall@5: 0.7989
2020-01-12 07:30:28,079 ====> Recall@10: 0.8603
2020-01-12 07:30:28,080 ====> Recall@15: 0.8926
2020-01-12 07:30:28,080 ====> Recall@20: 0.9131
2020-01-12 07:30:28,080 ====> Recall@25: 0.9255
2020-01-12 07:30:28,437 ====> Building Cache
2020-01-12 07:30:28,438 feature cache--->>> /home/annora/NetVLAD/output/train_feat_cache2.hdf5
2020-01-12 07:30:57,174 Allocated:118.53369140625 MB
2020-01-12 07:30:57,175 Cached:2917.5 MB
2020-01-12 07:33:12,401 ==> Epoch[26](50/610): Loss: 0.2636
2020-01-12 07:33:12,402 Allocated:121.28369140625 MB
2020-01-12 07:33:12,403 Cached:8015.5 MB
2020-01-12 07:35:03,546 ==> Epoch[26](100/610): Loss: 0.1971
2020-01-12 07:35:03,548 Allocated:121.90869140625 MB
2020-01-12 07:35:03,548 Cached:8015.5 MB
2020-01-12 07:36:45,665 ==> Epoch[26](150/610): Loss: 0.1728
2020-01-12 07:36:45,667 Allocated:120.53369140625 MB
2020-01-12 07:36:45,667 Cached:8015.5 MB
2020-01-12 07:38:27,656 ==> Epoch[26](200/610): Loss: 0.1402
2020-01-12 07:38:27,657 Allocated:121.15869140625 MB
2020-01-12 07:38:27,657 Cached:8015.5 MB
2020-01-12 07:38:35,937 ====> Building Cache
2020-01-12 07:38:35,937 feature cache--->>> /home/annora/NetVLAD/output/train_feat_cache2.hdf5
2020-01-12 07:39:04,566 Allocated:120.783203125 MB
2020-01-12 07:39:04,567 Cached:2919.5 MB
2020-01-12 07:41:05,943 ==> Epoch[26](250/610): Loss: 0.2389
2020-01-12 07:41:05,944 Allocated:121.53369140625 MB
2020-01-12 07:41:05,945 Cached:4375.375 MB
2020-01-12 07:42:47,527 ==> Epoch[26](300/610): Loss: 0.1921
2020-01-12 07:42:47,528 Allocated:121.28369140625 MB
2020-01-12 07:42:47,529 Cached:5682.75 MB
2020-01-12 07:44:28,518 ==> Epoch[26](350/610): Loss: 0.2369
2020-01-12 07:44:28,519 Allocated:121.15869140625 MB
2020-01-12 07:44:28,519 Cached:5682.75 MB
2020-01-12 07:46:08,722 ==> Epoch[26](400/610): Loss: 0.1733
2020-01-12 07:46:08,723 Allocated:120.53369140625 MB
2020-01-12 07:46:08,723 Cached:5682.75 MB
2020-01-12 07:46:24,919 ====> Building Cache
2020-01-12 07:46:24,919 feature cache--->>> /home/annora/NetVLAD/output/train_feat_cache2.hdf5
2020-01-12 07:46:56,078 Allocated:120.533203125 MB
2020-01-12 07:46:56,079 Cached:2919.5 MB
2020-01-12 07:49:01,559 ==> Epoch[26](450/610): Loss: 0.1631
2020-01-12 07:49:01,560 Allocated:121.53369140625 MB
2020-01-12 07:49:01,560 Cached:9334.75 MB
2020-01-12 07:50:42,695 ==> Epoch[26](500/610): Loss: 0.2194
2020-01-12 07:50:42,696 Allocated:121.15869140625 MB
2020-01-12 07:50:42,697 Cached:9334.75 MB
2020-01-12 07:52:23,896 ==> Epoch[26](550/610): Loss: 0.1789
2020-01-12 07:52:23,897 Allocated:121.53369140625 MB
2020-01-12 07:52:23,897 Cached:9334.75 MB
2020-01-12 07:54:08,584 ==> Epoch[26](600/610): Loss: 0.1658
2020-01-12 07:54:08,585 Allocated:121.15869140625 MB
2020-01-12 07:54:08,585 Cached:9334.75 MB
2020-01-12 07:54:32,202 ===> Epoch 26 Complete: Avg. Loss: 0.1997
2020-01-12 07:54:32,203 ====> Extracting Features
2020-01-12 07:54:47,364 ==> Batch (50/184)
2020-01-12 07:54:52,870 ==> Batch (100/184)
2020-01-12 07:54:58,256 ==> Batch (150/184)
2020-01-12 07:55:02,232 ====> Building faiss index
2020-01-12 07:55:02,239 ====> Calculating recall @ N
2020-01-12 07:55:03,179 ====> Recall@1: 0.6009
2020-01-12 07:55:03,180 ====> Recall@2: 0.6873
2020-01-12 07:55:03,180 ====> Recall@3: 0.7399
2020-01-12 07:55:03,180 ====> Recall@4: 0.7731
2020-01-12 07:55:03,180 ====> Recall@5: 0.7986
2020-01-12 07:55:03,181 ====> Recall@10: 0.8613
2020-01-12 07:55:03,181 ====> Recall@15: 0.8921
2020-01-12 07:55:03,181 ====> Recall@20: 0.9130
2020-01-12 07:55:03,182 ====> Recall@25: 0.9244
2020-01-12 07:55:03,536 ====> Building Cache
2020-01-12 07:55:03,536 feature cache--->>> /home/annora/NetVLAD/output/train_feat_cache2.hdf5
2020-01-12 07:55:31,543 Allocated:119.40869140625 MB
2020-01-12 07:55:31,543 Cached:2919.5 MB
2020-01-12 07:57:38,105 ==> Epoch[27](50/610): Loss: 0.2557
2020-01-12 07:57:38,106 Allocated:121.90869140625 MB
2020-01-12 07:57:38,106 Cached:8021.875 MB
2020-01-12 07:59:22,060 ==> Epoch[27](100/610): Loss: 0.2295
2020-01-12 07:59:22,061 Allocated:120.53369140625 MB
2020-01-12 07:59:22,062 Cached:8021.875 MB
2020-01-12 08:01:15,722 ==> Epoch[27](150/610): Loss: 0.2104
2020-01-12 08:01:15,723 Allocated:120.53369140625 MB
2020-01-12 08:01:15,723 Cached:8021.875 MB
2020-01-12 08:02:56,140 ==> Epoch[27](200/610): Loss: 0.2176
2020-01-12 08:02:56,142 Allocated:121.15869140625 MB
2020-01-12 08:02:56,142 Cached:8021.875 MB
2020-01-12 08:03:04,309 ====> Building Cache
2020-01-12 08:03:04,310 feature cache--->>> /home/annora/NetVLAD/output/train_feat_cache2.hdf5
2020-01-12 08:03:34,458 Allocated:120.533203125 MB
2020-01-12 08:03:34,458 Cached:2919.5 MB
2020-01-12 08:05:37,476 ==> Epoch[27](250/610): Loss: 0.1984
2020-01-12 08:05:37,478 Allocated:121.15869140625 MB
2020-01-12 08:05:37,478 Cached:4234.625 MB
2020-01-12 08:07:15,060 ==> Epoch[27](300/610): Loss: 0.1618
2020-01-12 08:07:15,061 Allocated:121.15869140625 MB
2020-01-12 08:07:15,062 Cached:6831.25 MB
2020-01-12 08:08:58,415 ==> Epoch[27](350/610): Loss: 0.2049
2020-01-12 08:08:58,416 Allocated:122.53369140625 MB
2020-01-12 08:08:58,416 Cached:6831.25 MB
2020-01-12 08:10:48,381 ==> Epoch[27](400/610): Loss: 0.1912
2020-01-12 08:10:48,382 Allocated:120.53369140625 MB
2020-01-12 08:10:48,383 Cached:6831.25 MB
2020-01-12 08:11:06,778 ====> Building Cache
2020-01-12 08:11:06,779 feature cache--->>> /home/annora/NetVLAD/output/train_feat_cache2.hdf5
2020-01-12 08:11:45,280 Allocated:120.783203125 MB
2020-01-12 08:11:45,281 Cached:2950.75 MB
2020-01-12 08:13:53,466 ==> Epoch[27](450/610): Loss: 0.2079
2020-01-12 08:13:53,468 Allocated:121.65869140625 MB
2020-01-12 08:13:53,468 Cached:3133.75 MB
2020-01-12 08:15:53,713 ==> Epoch[27](500/610): Loss: 0.2112
2020-01-12 08:15:53,714 Allocated:121.53369140625 MB
2020-01-12 08:15:53,714 Cached:3133.75 MB
2020-01-12 08:17:52,077 ==> Epoch[27](550/610): Loss: 0.2107
2020-01-12 08:17:52,078 Allocated:121.53369140625 MB
2020-01-12 08:17:52,079 Cached:3133.75 MB
2020-01-12 08:19:49,908 ==> Epoch[27](600/610): Loss: 0.2150
2020-01-12 08:19:49,909 Allocated:121.15869140625 MB
2020-01-12 08:19:49,910 Cached:3133.75 MB
2020-01-12 08:20:17,404 ===> Epoch 27 Complete: Avg. Loss: 0.1995
2020-01-12 08:20:17,406 ====> Extracting Features
2020-01-12 08:20:38,353 ==> Batch (50/184)
2020-01-12 08:20:45,540 ==> Batch (100/184)
2020-01-12 08:20:53,106 ==> Batch (150/184)
2020-01-12 08:20:58,620 ====> Building faiss index
2020-01-12 08:20:58,628 ====> Calculating recall @ N
2020-01-12 08:20:59,610 ====> Recall@1: 0.6025
2020-01-12 08:20:59,611 ====> Recall@2: 0.6876
2020-01-12 08:20:59,611 ====> Recall@3: 0.7415
2020-01-12 08:20:59,611 ====> Recall@4: 0.7741
2020-01-12 08:20:59,611 ====> Recall@5: 0.7996
2020-01-12 08:20:59,612 ====> Recall@10: 0.8613
2020-01-12 08:20:59,612 ====> Recall@15: 0.8925
2020-01-12 08:20:59,612 ====> Recall@20: 0.9142
2020-01-12 08:20:59,612 ====> Recall@25: 0.9259
2020-01-12 08:20:59,976 ====> Building Cache
2020-01-12 08:20:59,976 feature cache--->>> /home/annora/NetVLAD/output/train_feat_cache2.hdf5
2020-01-12 08:21:38,156 Allocated:119.28369140625 MB
2020-01-12 08:21:38,157 Cached:2949.75 MB
2020-01-12 08:24:18,935 ==> Epoch[28](50/610): Loss: 0.1757
2020-01-12 08:24:18,937 Allocated:121.28369140625 MB
2020-01-12 08:24:18,937 Cached:8114.625 MB
2020-01-12 08:26:19,929 ==> Epoch[28](100/610): Loss: 0.1698
2020-01-12 08:26:19,930 Allocated:120.90869140625 MB
2020-01-12 08:26:19,931 Cached:8114.625 MB
2020-01-12 08:28:18,729 ==> Epoch[28](150/610): Loss: 0.1739
2020-01-12 08:28:18,731 Allocated:121.28369140625 MB
2020-01-12 08:28:18,731 Cached:8114.625 MB
2020-01-12 08:30:27,523 ==> Epoch[28](200/610): Loss: 0.1823
2020-01-12 08:30:27,524 Allocated:121.03369140625 MB
2020-01-12 08:30:27,525 Cached:8114.625 MB
2020-01-12 08:30:38,028 ====> Building Cache
2020-01-12 08:30:38,029 feature cache--->>> /home/annora/NetVLAD/output/train_feat_cache2.hdf5
2020-01-12 08:31:20,359 Allocated:122.033203125 MB
2020-01-12 08:31:20,360 Cached:2950.75 MB
2020-01-12 08:33:39,490 ==> Epoch[28](250/610): Loss: 0.1368
2020-01-12 08:33:39,492 Allocated:120.53369140625 MB
2020-01-12 08:33:39,492 Cached:9236.0 MB
2020-01-12 08:35:33,926 ==> Epoch[28](300/610): Loss: 0.1569
2020-01-12 08:35:33,927 Allocated:121.15869140625 MB
2020-01-12 08:35:33,928 Cached:9236.0 MB
2020-01-12 08:37:35,587 ==> Epoch[28](350/610): Loss: 0.1763
2020-01-12 08:37:35,590 Allocated:120.78369140625 MB
2020-01-12 08:37:35,590 Cached:9236.0 MB
2020-01-12 08:39:32,150 ==> Epoch[28](400/610): Loss: 0.1566
2020-01-12 08:39:32,151 Allocated:120.53369140625 MB
2020-01-12 08:39:32,151 Cached:9236.0 MB
2020-01-12 08:39:49,613 ====> Building Cache
2020-01-12 08:39:49,614 feature cache--->>> /home/annora/NetVLAD/output/train_feat_cache2.hdf5
2020-01-12 08:40:29,356 Allocated:121.908203125 MB
2020-01-12 08:40:29,357 Cached:2919.5 MB
2020-01-12 08:42:40,108 ==> Epoch[28](450/610): Loss: 0.2059
2020-01-12 08:42:40,110 Allocated:121.53369140625 MB
2020-01-12 08:42:40,110 Cached:8034.625 MB
2020-01-12 08:44:46,724 ==> Epoch[28](500/610): Loss: 0.1855
2020-01-12 08:44:46,725 Allocated:121.53369140625 MB
2020-01-12 08:44:46,726 Cached:8034.625 MB
2020-01-12 08:46:46,860 ==> Epoch[28](550/610): Loss: 0.2098
2020-01-12 08:46:46,861 Allocated:121.15869140625 MB
2020-01-12 08:46:46,861 Cached:8034.625 MB
2020-01-12 08:48:40,690 ==> Epoch[28](600/610): Loss: 0.1432
2020-01-12 08:48:40,692 Allocated:121.53369140625 MB
2020-01-12 08:48:40,692 Cached:8034.625 MB
2020-01-12 08:49:06,832 ===> Epoch 28 Complete: Avg. Loss: 0.1990
2020-01-12 08:49:06,834 ====> Extracting Features
2020-01-12 08:49:31,225 ==> Batch (50/184)
2020-01-12 08:49:41,445 ==> Batch (100/184)
2020-01-12 08:49:50,663 ==> Batch (150/184)
2020-01-12 08:49:56,709 ====> Building faiss index
2020-01-12 08:49:56,717 ====> Calculating recall @ N
2020-01-12 08:49:57,878 ====> Recall@1: 0.6013
2020-01-12 08:49:57,879 ====> Recall@2: 0.6873
2020-01-12 08:49:57,879 ====> Recall@3: 0.7409
2020-01-12 08:49:57,880 ====> Recall@4: 0.7746
2020-01-12 08:49:57,880 ====> Recall@5: 0.8002
2020-01-12 08:49:57,880 ====> Recall@10: 0.8621
2020-01-12 08:49:57,880 ====> Recall@15: 0.8933
2020-01-12 08:49:57,881 ====> Recall@20: 0.9136
2020-01-12 08:49:57,881 ====> Recall@25: 0.9251
2020-01-12 08:49:58,248 ====> Building Cache
2020-01-12 08:49:58,249 feature cache--->>> /home/annora/NetVLAD/output/train_feat_cache2.hdf5
2020-01-12 08:50:33,307 Allocated:118.53369140625 MB
2020-01-12 08:50:33,307 Cached:2918.5 MB
2020-01-12 08:53:03,295 ==> Epoch[29](50/610): Loss: 0.2059
2020-01-12 08:53:03,297 Allocated:120.53369140625 MB
2020-01-12 08:53:03,297 Cached:6794.5 MB
2020-01-12 08:55:03,375 ==> Epoch[29](100/610): Loss: 0.1871
2020-01-12 08:55:03,377 Allocated:121.28369140625 MB
2020-01-12 08:55:03,377 Cached:6794.5 MB
2020-01-12 08:57:04,779 ==> Epoch[29](150/610): Loss: 0.1895
2020-01-12 08:57:04,780 Allocated:121.15869140625 MB
2020-01-12 08:57:04,781 Cached:6794.5 MB
2020-01-12 08:59:05,798 ==> Epoch[29](200/610): Loss: 0.2313
2020-01-12 08:59:05,799 Allocated:122.03369140625 MB
2020-01-12 08:59:05,800 Cached:6794.5 MB
2020-01-12 08:59:16,006 ====> Building Cache
2020-01-12 08:59:16,007 feature cache--->>> /home/annora/NetVLAD/output/train_feat_cache2.hdf5
2020-01-12 08:59:55,799 Allocated:121.283203125 MB
2020-01-12 08:59:55,799 Cached:2919.5 MB
2020-01-12 09:02:25,156 ==> Epoch[29](250/610): Loss: 0.1666
2020-01-12 09:02:25,157 Allocated:121.03369140625 MB
2020-01-12 09:02:25,158 Cached:8034.625 MB
2020-01-12 09:04:22,592 ==> Epoch[29](300/610): Loss: 0.2447
2020-01-12 09:04:22,593 Allocated:121.53369140625 MB
2020-01-12 09:04:22,594 Cached:8034.625 MB
2020-01-12 09:06:12,360 ==> Epoch[29](350/610): Loss: 0.1782
2020-01-12 09:06:12,362 Allocated:121.28369140625 MB
2020-01-12 09:06:12,362 Cached:8034.625 MB
2020-01-12 09:08:11,588 ==> Epoch[29](400/610): Loss: 0.2281
2020-01-12 09:08:11,590 Allocated:120.53369140625 MB
2020-01-12 09:08:11,590 Cached:8034.625 MB
2020-01-12 09:08:34,337 ====> Building Cache
2020-01-12 09:08:34,338 feature cache--->>> /home/annora/NetVLAD/output/train_feat_cache2.hdf5
2020-01-12 09:09:20,814 Allocated:121.158203125 MB
2020-01-12 09:09:20,814 Cached:2919.5 MB
2020-01-12 09:11:35,016 ==> Epoch[29](450/610): Loss: 0.1718
2020-01-12 09:11:35,018 Allocated:121.53369140625 MB
2020-01-12 09:11:35,018 Cached:6794.5 MB
2020-01-12 09:13:24,472 ==> Epoch[29](500/610): Loss: 0.2004
2020-01-12 09:13:24,473 Allocated:120.53369140625 MB
2020-01-12 09:13:24,474 Cached:6794.5 MB
2020-01-12 09:15:28,078 ==> Epoch[29](550/610): Loss: 0.1575
2020-01-12 09:15:28,080 Allocated:121.15869140625 MB
2020-01-12 09:15:28,080 Cached:6794.5 MB
2020-01-12 09:17:32,474 ==> Epoch[29](600/610): Loss: 0.2344
2020-01-12 09:17:32,476 Allocated:121.53369140625 MB
2020-01-12 09:17:32,476 Cached:6794.5 MB
2020-01-12 09:18:06,509 ===> Epoch 29 Complete: Avg. Loss: 0.1994
2020-01-12 09:18:06,511 ====> Extracting Features
2020-01-12 09:18:29,153 ==> Batch (50/184)
2020-01-12 09:18:36,123 ==> Batch (100/184)
2020-01-12 09:18:43,058 ==> Batch (150/184)
2020-01-12 09:18:47,472 ====> Building faiss index
2020-01-12 09:18:47,482 ====> Calculating recall @ N
2020-01-12 09:18:48,463 ====> Recall@1: 0.6007
2020-01-12 09:18:48,464 ====> Recall@2: 0.6877
2020-01-12 09:18:48,465 ====> Recall@3: 0.7416
2020-01-12 09:18:48,465 ====> Recall@4: 0.7754
2020-01-12 09:18:48,465 ====> Recall@5: 0.7994
2020-01-12 09:18:48,465 ====> Recall@10: 0.8615
2020-01-12 09:18:48,466 ====> Recall@15: 0.8930
2020-01-12 09:18:48,466 ====> Recall@20: 0.9130
2020-01-12 09:18:48,466 ====> Recall@25: 0.9249
2020-01-12 09:18:48,833 Performance did not improve for 10 epochs. Stopping.
2020-01-12 09:18:48,834 => Best Recall@5: 0.8068
