2020-01-07 20:27:32,979 Namespace(arch='alexnet', batchSize=16, cacheBatchSize=144, cachePath='/home/annora/NetVLAD/output/', cacheRefreshRate=0, ckpt='best', ckpt_diy='model_best0.pth.tar', contilearn=False, dataPath='/home/annora/NetVLAD/output/data/', dataset='pittsburgh', debug_file='', evalEvery=1, fromscratch=False, lr=0.0001, lrGamma=0.5, lrStep=5, margin=0.1, mode='train', momentum=0.9, nEpochs=30, nGPU=1, nocuda=False, num_clusters=64, optim='SGD', patience=10, pooling='max', premodel='imagenet', resume='', runsPath='/home/annora/NetVLAD/output/runs/', savePath='checkpoints', seed=123, split='val', start_epoch=0, threads=4, vladv2=False, weightDecay=0.001)
2020-01-07 20:27:33,032 ===> Loading dataset(s)
2020-01-07 20:27:33,032 ===> Building model
2020-01-07 20:27:33,079 encoder moder:
AlexNet(
  (conv1): Sequential(
    (0): Conv2d(3, 64, kernel_size=(11, 11), stride=(4, 4), padding=(2, 2))
    (1): ReLU(inplace)
    (2): MaxPool2d(kernel_size=3, stride=2, padding=0, dilation=1, ceil_mode=False)
  )
  (conv2): Sequential(
    (0): Conv2d(64, 192, kernel_size=(5, 5), stride=(1, 1), padding=(2, 2))
    (1): ReLU(inplace)
    (2): MaxPool2d(kernel_size=3, stride=2, padding=0, dilation=1, ceil_mode=False)
  )
  (conv3): Sequential(
    (0): Conv2d(192, 384, kernel_size=(3, 3), stride=(1, 1), padding=(1, 1))
    (1): ReLU(inplace)
  )
  (conv4): Sequential(
    (0): Conv2d(384, 256, kernel_size=(3, 3), stride=(1, 1), padding=(1, 1))
    (1): ReLU(inplace)
  )
  (conv5): Sequential(
    (0): Conv2d(256, 256, kernel_size=(3, 3), stride=(1, 1), padding=(1, 1))
  )
)
2020-01-07 20:27:37,233 ---->>>> trainfiles: ['pitts30k_train.mat']
2020-01-07 20:27:37,235 ===> Saving state to: /home/annora/NetVLAD/output/runs/2020-01-07-20-27-37_alexnet_max
2020-01-07 20:27:39,490 ====> Training query set:7320
2020-01-07 20:27:39,646 ===> Evaluating on val set, query count:7608
2020-01-07 20:27:39,646 ---->>>> testfile: pitts30k_val.mat
2020-01-07 20:27:39,646 ===> Training model
2020-01-07 20:27:39,646 ====> Building Cache
2020-01-07 20:27:39,647 h5feat cache at: /home/annora/NetVLAD/output/train_feat_cache1.hdf5
2020-01-07 20:28:23,262 Allocated:11.59326171875 MB
2020-01-07 20:28:23,262 Cached:2595.125 MB
2020-01-07 20:29:14,058 ==> Task[1]Epoch[1](50/458): Loss: 0.3143
2020-01-07 20:29:14,061 Allocated:33.03076171875 MB
2020-01-07 20:29:14,061 Cached:1112.5 MB
2020-01-07 20:29:48,931 ==> Task[1]Epoch[1](100/458): Loss: 0.2849
2020-01-07 20:29:48,932 Allocated:33.03076171875 MB
2020-01-07 20:29:48,932 Cached:1112.5 MB
2020-01-07 20:30:25,480 ==> Task[1]Epoch[1](150/458): Loss: 0.2686
2020-01-07 20:30:25,482 Allocated:33.03076171875 MB
2020-01-07 20:30:25,482 Cached:1112.5 MB
2020-01-07 20:31:00,373 ==> Task[1]Epoch[1](200/458): Loss: 0.3246
2020-01-07 20:31:00,374 Allocated:33.03076171875 MB
2020-01-07 20:31:00,374 Cached:1112.5 MB
2020-01-07 20:31:33,190 ==> Task[1]Epoch[1](250/458): Loss: 0.0510
2020-01-07 20:31:33,192 Allocated:33.03076171875 MB
2020-01-07 20:31:33,192 Cached:1112.5 MB
2020-01-07 20:32:09,516 ==> Task[1]Epoch[1](300/458): Loss: 0.2266
2020-01-07 20:32:09,517 Allocated:33.03076171875 MB
2020-01-07 20:32:09,518 Cached:1112.5 MB
2020-01-07 20:32:47,505 ==> Task[1]Epoch[1](350/458): Loss: 0.3161
2020-01-07 20:32:47,506 Allocated:33.03076171875 MB
2020-01-07 20:32:47,507 Cached:1112.5 MB
2020-01-07 20:33:23,903 ==> Task[1]Epoch[1](400/458): Loss: 0.2854
2020-01-07 20:33:23,905 Allocated:33.03076171875 MB
2020-01-07 20:33:23,905 Cached:1112.5 MB
2020-01-07 20:33:58,778 ==> Task[1]Epoch[1](450/458): Loss: 0.2891
2020-01-07 20:33:58,780 Allocated:33.03076171875 MB
2020-01-07 20:33:58,780 Cached:1112.5 MB
2020-01-07 20:34:04,579 ===> Task 1 Epoch 1 Complete: Avg. Loss: 0.2742
2020-01-07 20:34:04,580 begin test:
2020-01-07 20:34:04,580 ====> Extracting Features
2020-01-07 20:34:25,818 ==> Batch (50/123)
2020-01-07 20:34:41,440 ==> Batch (100/123)
2020-01-07 20:34:49,332 ====> Building faiss index
2020-01-07 20:34:49,340 ====> Calculating recall @ N
2020-01-07 20:34:50,798 ====> Recall@1: 0.3343
2020-01-07 20:34:50,799 ====> Recall@2: 0.4286
2020-01-07 20:34:50,800 ====> Recall@3: 0.4886
2020-01-07 20:34:50,800 ====> Recall@4: 0.5315
2020-01-07 20:34:50,800 ====> Recall@5: 0.5665
2020-01-07 20:34:50,800 ====> Recall@10: 0.6717
2020-01-07 20:34:50,800 ====> Recall@15: 0.7325
2020-01-07 20:34:50,801 ====> Recall@20: 0.7746
2020-01-07 20:34:50,801 ====> Recall@25: 0.8036
2020-01-07 20:34:50,840 ====> Building Cache
2020-01-07 20:34:50,840 h5feat cache at: /home/annora/NetVLAD/output/train_feat_cache1.hdf5
2020-01-07 20:35:35,108 Allocated:31.03076171875 MB
2020-01-07 20:35:35,109 Cached:3283.125 MB
2020-01-07 20:36:25,600 ==> Task[1]Epoch[2](50/458): Loss: 0.3106
2020-01-07 20:36:25,601 Allocated:33.03076171875 MB
2020-01-07 20:36:25,601 Cached:1112.5 MB
2020-01-07 20:37:00,997 ==> Task[1]Epoch[2](100/458): Loss: 0.2792
2020-01-07 20:37:00,999 Allocated:33.03076171875 MB
2020-01-07 20:37:00,999 Cached:1112.5 MB
2020-01-07 20:37:37,895 ==> Task[1]Epoch[2](150/458): Loss: 0.2542
2020-01-07 20:37:37,897 Allocated:33.03076171875 MB
2020-01-07 20:37:37,897 Cached:1112.5 MB
2020-01-07 20:38:15,442 ==> Task[1]Epoch[2](200/458): Loss: 0.3256
2020-01-07 20:38:15,443 Allocated:33.03076171875 MB
2020-01-07 20:38:15,444 Cached:1112.5 MB
2020-01-07 20:38:50,771 ==> Task[1]Epoch[2](250/458): Loss: 0.0484
2020-01-07 20:38:50,773 Allocated:33.03076171875 MB
2020-01-07 20:38:50,773 Cached:1111.5 MB
2020-01-07 20:39:26,609 ==> Task[1]Epoch[2](300/458): Loss: 0.2224
2020-01-07 20:39:26,615 Allocated:33.03076171875 MB
2020-01-07 20:39:26,615 Cached:1111.5 MB
2020-01-07 20:40:01,274 ==> Task[1]Epoch[2](350/458): Loss: 0.3164
2020-01-07 20:40:01,276 Allocated:33.03076171875 MB
2020-01-07 20:40:01,276 Cached:1111.5 MB
2020-01-07 20:40:36,043 ==> Task[1]Epoch[2](400/458): Loss: 0.2686
2020-01-07 20:40:36,045 Allocated:33.03076171875 MB
2020-01-07 20:40:36,045 Cached:1111.5 MB
2020-01-07 20:41:10,863 ==> Task[1]Epoch[2](450/458): Loss: 0.2855
2020-01-07 20:41:10,865 Allocated:33.03076171875 MB
2020-01-07 20:41:10,865 Cached:1111.5 MB
2020-01-07 20:41:16,506 ===> Task 1 Epoch 2 Complete: Avg. Loss: 0.2673
2020-01-07 20:41:16,507 begin test:
2020-01-07 20:41:16,508 ====> Extracting Features
2020-01-07 20:41:38,340 ==> Batch (50/123)
2020-01-07 20:41:54,326 ==> Batch (100/123)
2020-01-07 20:42:01,890 ====> Building faiss index
2020-01-07 20:42:01,899 ====> Calculating recall @ N
2020-01-07 20:42:03,256 ====> Recall@1: 0.3607
2020-01-07 20:42:03,257 ====> Recall@2: 0.4581
2020-01-07 20:42:03,258 ====> Recall@3: 0.5168
2020-01-07 20:42:03,258 ====> Recall@4: 0.5593
2020-01-07 20:42:03,258 ====> Recall@5: 0.5906
2020-01-07 20:42:03,258 ====> Recall@10: 0.6968
2020-01-07 20:42:03,258 ====> Recall@15: 0.7560
2020-01-07 20:42:03,259 ====> Recall@20: 0.7921
2020-01-07 20:42:03,259 ====> Recall@25: 0.8177
2020-01-07 20:42:03,379 ====> Building Cache
2020-01-07 20:42:03,379 h5feat cache at: /home/annora/NetVLAD/output/train_feat_cache1.hdf5
2020-01-07 20:42:47,672 Allocated:31.03076171875 MB
2020-01-07 20:42:47,673 Cached:3282.125 MB
2020-01-07 20:43:38,461 ==> Task[1]Epoch[3](50/458): Loss: 0.3000
2020-01-07 20:43:38,462 Allocated:33.03076171875 MB
2020-01-07 20:43:38,463 Cached:1112.5 MB
2020-01-07 20:44:15,542 ==> Task[1]Epoch[3](100/458): Loss: 0.2764
2020-01-07 20:44:15,545 Allocated:33.03076171875 MB
2020-01-07 20:44:15,545 Cached:1112.5 MB
2020-01-07 20:44:55,983 ==> Task[1]Epoch[3](150/458): Loss: 0.2447
2020-01-07 20:44:55,984 Allocated:33.03076171875 MB
2020-01-07 20:44:55,985 Cached:1112.5 MB
2020-01-07 20:45:31,589 ==> Task[1]Epoch[3](200/458): Loss: 0.3207
2020-01-07 20:45:31,590 Allocated:33.03076171875 MB
2020-01-07 20:45:31,590 Cached:1112.5 MB
2020-01-07 20:46:05,306 ==> Task[1]Epoch[3](250/458): Loss: 0.0354
2020-01-07 20:46:05,308 Allocated:33.03076171875 MB
2020-01-07 20:46:05,308 Cached:1111.5 MB
2020-01-07 20:46:39,746 ==> Task[1]Epoch[3](300/458): Loss: 0.2150
2020-01-07 20:46:39,748 Allocated:33.03076171875 MB
2020-01-07 20:46:39,748 Cached:1111.5 MB
2020-01-07 20:47:14,537 ==> Task[1]Epoch[3](350/458): Loss: 0.3153
2020-01-07 20:47:14,539 Allocated:33.03076171875 MB
2020-01-07 20:47:14,539 Cached:1111.5 MB
2020-01-07 20:47:48,426 ==> Task[1]Epoch[3](400/458): Loss: 0.2623
2020-01-07 20:47:48,428 Allocated:33.03076171875 MB
2020-01-07 20:47:48,428 Cached:1111.5 MB
2020-01-07 20:48:22,924 ==> Task[1]Epoch[3](450/458): Loss: 0.2818
2020-01-07 20:48:22,926 Allocated:33.03076171875 MB
2020-01-07 20:48:22,926 Cached:1112.5 MB
2020-01-07 20:48:28,599 ===> Task 1 Epoch 3 Complete: Avg. Loss: 0.2604
2020-01-07 20:48:28,601 begin test:
2020-01-07 20:48:28,602 ====> Extracting Features
2020-01-07 20:48:50,492 ==> Batch (50/123)
2020-01-07 20:49:06,434 ==> Batch (100/123)
2020-01-07 20:49:14,560 ====> Building faiss index
2020-01-07 20:49:14,568 ====> Calculating recall @ N
2020-01-07 20:49:15,901 ====> Recall@1: 0.3767
2020-01-07 20:49:15,901 ====> Recall@2: 0.4692
2020-01-07 20:49:15,902 ====> Recall@3: 0.5226
2020-01-07 20:49:15,902 ====> Recall@4: 0.5653
2020-01-07 20:49:15,902 ====> Recall@5: 0.5987
2020-01-07 20:49:15,902 ====> Recall@10: 0.7025
2020-01-07 20:49:15,903 ====> Recall@15: 0.7645
2020-01-07 20:49:15,903 ====> Recall@20: 0.8003
2020-01-07 20:49:15,903 ====> Recall@25: 0.8293
2020-01-07 20:49:16,015 ====> Building Cache
2020-01-07 20:49:16,016 h5feat cache at: /home/annora/NetVLAD/output/train_feat_cache1.hdf5
2020-01-07 20:50:01,156 Allocated:31.03076171875 MB
2020-01-07 20:50:01,156 Cached:3283.125 MB
2020-01-07 20:50:56,916 ==> Task[1]Epoch[4](50/458): Loss: 0.3046
2020-01-07 20:50:56,918 Allocated:33.03076171875 MB
2020-01-07 20:50:56,918 Cached:1112.5 MB
2020-01-07 20:51:32,537 ==> Task[1]Epoch[4](100/458): Loss: 0.2554
2020-01-07 20:51:32,538 Allocated:33.03076171875 MB
2020-01-07 20:51:32,539 Cached:1112.5 MB
2020-01-07 20:52:08,573 ==> Task[1]Epoch[4](150/458): Loss: 0.2366
2020-01-07 20:52:08,574 Allocated:33.03076171875 MB
2020-01-07 20:52:08,575 Cached:1112.5 MB
2020-01-07 20:52:45,224 ==> Task[1]Epoch[4](200/458): Loss: 0.3238
2020-01-07 20:52:45,225 Allocated:33.03076171875 MB
2020-01-07 20:52:45,225 Cached:1112.5 MB
2020-01-07 20:53:19,521 ==> Task[1]Epoch[4](250/458): Loss: 0.0365
2020-01-07 20:53:19,523 Allocated:33.03076171875 MB
2020-01-07 20:53:19,523 Cached:1111.5 MB
2020-01-07 20:53:55,668 ==> Task[1]Epoch[4](300/458): Loss: 0.2157
2020-01-07 20:53:55,669 Allocated:33.03076171875 MB
2020-01-07 20:53:55,669 Cached:1111.5 MB
2020-01-07 20:54:30,709 ==> Task[1]Epoch[4](350/458): Loss: 0.3100
2020-01-07 20:54:30,710 Allocated:33.03076171875 MB
2020-01-07 20:54:30,711 Cached:1112.5 MB
2020-01-07 20:55:05,234 ==> Task[1]Epoch[4](400/458): Loss: 0.2499
2020-01-07 20:55:05,236 Allocated:33.03076171875 MB
2020-01-07 20:55:05,236 Cached:1111.5 MB
2020-01-07 20:55:41,247 ==> Task[1]Epoch[4](450/458): Loss: 0.2783
2020-01-07 20:55:41,248 Allocated:33.03076171875 MB
2020-01-07 20:55:41,249 Cached:1111.5 MB
2020-01-07 20:55:47,051 ===> Task 1 Epoch 4 Complete: Avg. Loss: 0.2552
2020-01-07 20:55:47,052 begin test:
2020-01-07 20:55:47,053 ====> Extracting Features
2020-01-07 20:56:10,103 ==> Batch (50/123)
2020-01-07 20:56:28,078 ==> Batch (100/123)
2020-01-07 20:56:35,819 ====> Building faiss index
2020-01-07 20:56:35,827 ====> Calculating recall @ N
2020-01-07 20:56:37,469 ====> Recall@1: 0.3918
2020-01-07 20:56:37,469 ====> Recall@2: 0.4959
2020-01-07 20:56:37,470 ====> Recall@3: 0.5513
2020-01-07 20:56:37,470 ====> Recall@4: 0.5925
2020-01-07 20:56:37,470 ====> Recall@5: 0.6245
2020-01-07 20:56:37,471 ====> Recall@10: 0.7275
2020-01-07 20:56:37,471 ====> Recall@15: 0.7826
2020-01-07 20:56:37,471 ====> Recall@20: 0.8169
2020-01-07 20:56:37,471 ====> Recall@25: 0.8444
2020-01-07 20:56:37,591 ====> Building Cache
2020-01-07 20:56:37,592 h5feat cache at: /home/annora/NetVLAD/output/train_feat_cache1.hdf5
2020-01-07 20:57:22,166 Allocated:31.03076171875 MB
2020-01-07 20:57:22,167 Cached:3282.125 MB
2020-01-07 20:58:13,013 ==> Task[1]Epoch[5](50/458): Loss: 0.2955
2020-01-07 20:58:13,015 Allocated:33.03076171875 MB
2020-01-07 20:58:13,015 Cached:1112.5 MB
2020-01-07 20:58:47,565 ==> Task[1]Epoch[5](100/458): Loss: 0.2708
2020-01-07 20:58:47,567 Allocated:33.03076171875 MB
2020-01-07 20:58:47,567 Cached:1111.5 MB
2020-01-07 20:59:23,763 ==> Task[1]Epoch[5](150/458): Loss: 0.2276
2020-01-07 20:59:23,764 Allocated:33.03076171875 MB
2020-01-07 20:59:23,764 Cached:1111.5 MB
2020-01-07 20:59:58,486 ==> Task[1]Epoch[5](200/458): Loss: 0.3181
2020-01-07 20:59:58,487 Allocated:33.03076171875 MB
2020-01-07 20:59:58,488 Cached:1111.5 MB
2020-01-07 21:00:31,694 ==> Task[1]Epoch[5](250/458): Loss: 0.0310
2020-01-07 21:00:31,695 Allocated:33.03076171875 MB
2020-01-07 21:00:31,695 Cached:1111.5 MB
2020-01-07 21:01:06,071 ==> Task[1]Epoch[5](300/458): Loss: 0.2029
2020-01-07 21:01:06,072 Allocated:33.03076171875 MB
2020-01-07 21:01:06,073 Cached:1111.5 MB
2020-01-07 21:01:40,330 ==> Task[1]Epoch[5](350/458): Loss: 0.3057
2020-01-07 21:01:40,332 Allocated:33.03076171875 MB
2020-01-07 21:01:40,332 Cached:1112.5 MB
2020-01-07 21:02:15,315 ==> Task[1]Epoch[5](400/458): Loss: 0.2471
2020-01-07 21:02:15,317 Allocated:33.03076171875 MB
2020-01-07 21:02:15,317 Cached:1111.5 MB
2020-01-07 21:02:51,090 ==> Task[1]Epoch[5](450/458): Loss: 0.2702
2020-01-07 21:02:51,092 Allocated:33.03076171875 MB
2020-01-07 21:02:51,092 Cached:1111.5 MB
2020-01-07 21:02:56,996 ===> Task 1 Epoch 5 Complete: Avg. Loss: 0.2511
2020-01-07 21:02:56,997 begin test:
2020-01-07 21:02:56,998 ====> Extracting Features
2020-01-07 21:03:20,404 ==> Batch (50/123)
2020-01-07 21:03:36,955 ==> Batch (100/123)
2020-01-07 21:03:44,280 ====> Building faiss index
2020-01-07 21:03:44,289 ====> Calculating recall @ N
2020-01-07 21:03:45,572 ====> Recall@1: 0.4035
2020-01-07 21:03:45,573 ====> Recall@2: 0.5009
2020-01-07 21:03:45,574 ====> Recall@3: 0.5611
2020-01-07 21:03:45,574 ====> Recall@4: 0.6007
2020-01-07 21:03:45,574 ====> Recall@5: 0.6354
2020-01-07 21:03:45,574 ====> Recall@10: 0.7324
2020-01-07 21:03:45,574 ====> Recall@15: 0.7863
2020-01-07 21:03:45,575 ====> Recall@20: 0.8201
2020-01-07 21:03:45,575 ====> Recall@25: 0.8462
2020-01-07 21:03:45,699 ====> Building Cache
2020-01-07 21:03:45,699 h5feat cache at: /home/annora/NetVLAD/output/train_feat_cache1.hdf5
2020-01-07 21:04:31,222 Allocated:31.03076171875 MB
2020-01-07 21:04:31,222 Cached:3282.125 MB
2020-01-07 21:05:24,839 ==> Task[1]Epoch[6](50/458): Loss: 0.2951
2020-01-07 21:05:24,842 Allocated:33.03076171875 MB
2020-01-07 21:05:24,842 Cached:1112.5 MB
2020-01-07 21:06:00,456 ==> Task[1]Epoch[6](100/458): Loss: 0.2657
2020-01-07 21:06:00,458 Allocated:33.03076171875 MB
2020-01-07 21:06:00,458 Cached:1112.5 MB
2020-01-07 21:06:37,326 ==> Task[1]Epoch[6](150/458): Loss: 0.2305
2020-01-07 21:06:37,328 Allocated:33.03076171875 MB
2020-01-07 21:06:37,328 Cached:1112.5 MB
2020-01-07 21:07:12,061 ==> Task[1]Epoch[6](200/458): Loss: 0.3080
2020-01-07 21:07:12,063 Allocated:33.03076171875 MB
2020-01-07 21:07:12,063 Cached:1112.5 MB
2020-01-07 21:07:43,790 ==> Task[1]Epoch[6](250/458): Loss: 0.0305
2020-01-07 21:07:43,792 Allocated:33.03076171875 MB
2020-01-07 21:07:43,792 Cached:1111.5 MB
2020-01-07 21:08:17,879 ==> Task[1]Epoch[6](300/458): Loss: 0.2091
2020-01-07 21:08:17,880 Allocated:33.03076171875 MB
2020-01-07 21:08:17,880 Cached:1111.5 MB
2020-01-07 21:08:52,948 ==> Task[1]Epoch[6](350/458): Loss: 0.2979
2020-01-07 21:08:52,950 Allocated:33.03076171875 MB
2020-01-07 21:08:52,950 Cached:1112.5 MB
2020-01-07 21:09:26,136 ==> Task[1]Epoch[6](400/458): Loss: 0.2456
2020-01-07 21:09:26,137 Allocated:33.03076171875 MB
2020-01-07 21:09:26,137 Cached:1111.5 MB
2020-01-07 21:10:00,716 ==> Task[1]Epoch[6](450/458): Loss: 0.2717
2020-01-07 21:10:00,717 Allocated:33.03076171875 MB
2020-01-07 21:10:00,718 Cached:1111.5 MB
2020-01-07 21:10:06,388 ===> Task 1 Epoch 6 Complete: Avg. Loss: 0.2496
2020-01-07 21:10:06,389 begin test:
2020-01-07 21:10:06,390 ====> Extracting Features
2020-01-07 21:10:28,160 ==> Batch (50/123)
2020-01-07 21:10:44,550 ==> Batch (100/123)
2020-01-07 21:10:51,552 ====> Building faiss index
2020-01-07 21:10:51,560 ====> Calculating recall @ N
2020-01-07 21:10:52,801 ====> Recall@1: 0.4201
2020-01-07 21:10:52,802 ====> Recall@2: 0.5197
2020-01-07 21:10:52,802 ====> Recall@3: 0.5757
2020-01-07 21:10:52,803 ====> Recall@4: 0.6179
2020-01-07 21:10:52,803 ====> Recall@5: 0.6481
2020-01-07 21:10:52,803 ====> Recall@10: 0.7483
2020-01-07 21:10:52,803 ====> Recall@15: 0.8009
2020-01-07 21:10:52,803 ====> Recall@20: 0.8310
2020-01-07 21:10:52,804 ====> Recall@25: 0.8537
2020-01-07 21:10:52,919 ====> Building Cache
2020-01-07 21:10:52,920 h5feat cache at: /home/annora/NetVLAD/output/train_feat_cache1.hdf5
2020-01-07 21:11:41,404 Allocated:31.03076171875 MB
2020-01-07 21:11:41,405 Cached:3282.125 MB
2020-01-07 21:12:36,007 ==> Task[1]Epoch[7](50/458): Loss: 0.2953
2020-01-07 21:12:36,009 Allocated:33.03076171875 MB
2020-01-07 21:12:36,009 Cached:1112.5 MB
2020-01-07 21:13:10,699 ==> Task[1]Epoch[7](100/458): Loss: 0.2609
2020-01-07 21:13:10,701 Allocated:33.03076171875 MB
2020-01-07 21:13:10,701 Cached:1111.5 MB
2020-01-07 21:13:47,606 ==> Task[1]Epoch[7](150/458): Loss: 0.2209
2020-01-07 21:13:47,607 Allocated:33.03076171875 MB
2020-01-07 21:13:47,607 Cached:1111.5 MB
2020-01-07 21:14:23,241 ==> Task[1]Epoch[7](200/458): Loss: 0.3077
2020-01-07 21:14:23,242 Allocated:33.03076171875 MB
2020-01-07 21:14:23,242 Cached:1111.5 MB
2020-01-07 21:14:57,542 ==> Task[1]Epoch[7](250/458): Loss: 0.0345
2020-01-07 21:14:57,543 Allocated:33.03076171875 MB
2020-01-07 21:14:57,544 Cached:1111.5 MB
2020-01-07 21:15:32,515 ==> Task[1]Epoch[7](300/458): Loss: 0.2053
2020-01-07 21:15:32,516 Allocated:33.03076171875 MB
2020-01-07 21:15:32,517 Cached:1111.5 MB
2020-01-07 21:16:07,751 ==> Task[1]Epoch[7](350/458): Loss: 0.2963
2020-01-07 21:16:07,752 Allocated:33.03076171875 MB
2020-01-07 21:16:07,753 Cached:1112.5 MB
2020-01-07 21:16:41,662 ==> Task[1]Epoch[7](400/458): Loss: 0.2404
2020-01-07 21:16:41,663 Allocated:33.03076171875 MB
2020-01-07 21:16:41,663 Cached:1112.5 MB
2020-01-07 21:17:17,004 ==> Task[1]Epoch[7](450/458): Loss: 0.2719
2020-01-07 21:17:17,005 Allocated:33.03076171875 MB
2020-01-07 21:17:17,005 Cached:1112.5 MB
2020-01-07 21:17:22,568 ===> Task 1 Epoch 7 Complete: Avg. Loss: 0.2467
2020-01-07 21:17:22,568 begin test:
2020-01-07 21:17:22,569 ====> Extracting Features
2020-01-07 21:17:45,786 ==> Batch (50/123)
2020-01-07 21:18:03,205 ==> Batch (100/123)
2020-01-07 21:18:11,017 ====> Building faiss index
2020-01-07 21:18:11,026 ====> Calculating recall @ N
2020-01-07 21:18:12,348 ====> Recall@1: 0.4206
2020-01-07 21:18:12,349 ====> Recall@2: 0.5189
2020-01-07 21:18:12,350 ====> Recall@3: 0.5793
2020-01-07 21:18:12,350 ====> Recall@4: 0.6211
2020-01-07 21:18:12,350 ====> Recall@5: 0.6554
2020-01-07 21:18:12,350 ====> Recall@10: 0.7466
2020-01-07 21:18:12,350 ====> Recall@15: 0.7975
2020-01-07 21:18:12,351 ====> Recall@20: 0.8315
2020-01-07 21:18:12,351 ====> Recall@25: 0.8549
2020-01-07 21:18:12,464 ====> Building Cache
2020-01-07 21:18:12,465 h5feat cache at: /home/annora/NetVLAD/output/train_feat_cache1.hdf5
2020-01-07 21:18:58,928 Allocated:31.03076171875 MB
2020-01-07 21:18:58,929 Cached:3283.125 MB
2020-01-07 21:19:49,370 ==> Task[1]Epoch[8](50/458): Loss: 0.2901
2020-01-07 21:19:49,372 Allocated:33.03076171875 MB
2020-01-07 21:19:49,372 Cached:1112.5 MB
2020-01-07 21:20:23,840 ==> Task[1]Epoch[8](100/458): Loss: 0.2662
2020-01-07 21:20:23,842 Allocated:33.03076171875 MB
2020-01-07 21:20:23,842 Cached:1112.5 MB
2020-01-07 21:21:00,459 ==> Task[1]Epoch[8](150/458): Loss: 0.2184
2020-01-07 21:21:00,460 Allocated:33.03076171875 MB
2020-01-07 21:21:00,461 Cached:1112.5 MB
2020-01-07 21:21:35,497 ==> Task[1]Epoch[8](200/458): Loss: 0.3058
2020-01-07 21:21:35,499 Allocated:33.03076171875 MB
2020-01-07 21:21:35,499 Cached:1112.5 MB
2020-01-07 21:22:06,688 ==> Task[1]Epoch[8](250/458): Loss: 0.0306
2020-01-07 21:22:06,689 Allocated:33.03076171875 MB
2020-01-07 21:22:06,689 Cached:1111.5 MB
2020-01-07 21:22:41,145 ==> Task[1]Epoch[8](300/458): Loss: 0.2087
2020-01-07 21:22:41,147 Allocated:33.03076171875 MB
2020-01-07 21:22:41,147 Cached:1111.5 MB
2020-01-07 21:23:15,623 ==> Task[1]Epoch[8](350/458): Loss: 0.2961
2020-01-07 21:23:15,625 Allocated:33.03076171875 MB
2020-01-07 21:23:15,625 Cached:1111.5 MB
2020-01-07 21:23:50,436 ==> Task[1]Epoch[8](400/458): Loss: 0.2416
2020-01-07 21:23:50,438 Allocated:33.03076171875 MB
2020-01-07 21:23:50,438 Cached:1112.5 MB
2020-01-07 21:24:29,375 ==> Task[1]Epoch[8](450/458): Loss: 0.2696
2020-01-07 21:24:29,377 Allocated:33.03076171875 MB
2020-01-07 21:24:29,377 Cached:1112.5 MB
2020-01-07 21:24:33,752 ===> Task 1 Epoch 8 Complete: Avg. Loss: 0.2443
2020-01-07 21:24:33,753 begin test:
2020-01-07 21:24:33,753 ====> Extracting Features
2020-01-07 21:24:55,694 ==> Batch (50/123)
2020-01-07 21:25:12,306 ==> Batch (100/123)
2020-01-07 21:25:19,212 ====> Building faiss index
2020-01-07 21:25:19,221 ====> Calculating recall @ N
2020-01-07 21:25:20,411 ====> Recall@1: 0.4341
2020-01-07 21:25:20,411 ====> Recall@2: 0.5308
2020-01-07 21:25:20,412 ====> Recall@3: 0.5885
2020-01-07 21:25:20,412 ====> Recall@4: 0.6299
2020-01-07 21:25:20,412 ====> Recall@5: 0.6618
2020-01-07 21:25:20,412 ====> Recall@10: 0.7570
2020-01-07 21:25:20,413 ====> Recall@15: 0.8069
2020-01-07 21:25:20,413 ====> Recall@20: 0.8385
2020-01-07 21:25:20,413 ====> Recall@25: 0.8626
2020-01-07 21:25:20,525 ====> Building Cache
2020-01-07 21:25:20,525 h5feat cache at: /home/annora/NetVLAD/output/train_feat_cache1.hdf5
2020-01-07 21:26:04,899 Allocated:31.03076171875 MB
2020-01-07 21:26:04,900 Cached:3283.125 MB
2020-01-07 21:26:54,673 ==> Task[1]Epoch[9](50/458): Loss: 0.2905
2020-01-07 21:26:54,674 Allocated:33.03076171875 MB
2020-01-07 21:26:54,675 Cached:1112.5 MB
2020-01-07 21:27:28,587 ==> Task[1]Epoch[9](100/458): Loss: 0.2629
2020-01-07 21:27:28,589 Allocated:33.03076171875 MB
2020-01-07 21:27:28,589 Cached:1111.5 MB
2020-01-07 21:28:05,333 ==> Task[1]Epoch[9](150/458): Loss: 0.2141
2020-01-07 21:28:05,335 Allocated:33.03076171875 MB
2020-01-07 21:28:05,335 Cached:1111.5 MB
2020-01-07 21:28:40,260 ==> Task[1]Epoch[9](200/458): Loss: 0.3007
2020-01-07 21:28:40,262 Allocated:33.03076171875 MB
2020-01-07 21:28:40,263 Cached:1111.5 MB
2020-01-07 21:29:13,302 ==> Task[1]Epoch[9](250/458): Loss: 0.0203
2020-01-07 21:29:13,303 Allocated:33.03076171875 MB
2020-01-07 21:29:13,303 Cached:1112.5 MB
2020-01-07 21:29:50,555 ==> Task[1]Epoch[9](300/458): Loss: 0.1968
2020-01-07 21:29:50,556 Allocated:33.03076171875 MB
2020-01-07 21:29:50,556 Cached:1111.5 MB
2020-01-07 21:30:27,517 ==> Task[1]Epoch[9](350/458): Loss: 0.2929
2020-01-07 21:30:27,519 Allocated:33.03076171875 MB
2020-01-07 21:30:27,519 Cached:1111.5 MB
2020-01-07 21:31:01,441 ==> Task[1]Epoch[9](400/458): Loss: 0.2328
2020-01-07 21:31:01,442 Allocated:33.03076171875 MB
2020-01-07 21:31:01,443 Cached:1111.5 MB
2020-01-07 21:31:36,623 ==> Task[1]Epoch[9](450/458): Loss: 0.2629
2020-01-07 21:31:36,625 Allocated:33.03076171875 MB
2020-01-07 21:31:36,625 Cached:1111.5 MB
2020-01-07 21:31:42,502 ===> Task 1 Epoch 9 Complete: Avg. Loss: 0.2414
2020-01-07 21:31:42,502 begin test:
2020-01-07 21:31:42,503 ====> Extracting Features
2020-01-07 21:32:04,742 ==> Batch (50/123)
2020-01-07 21:32:20,710 ==> Batch (100/123)
2020-01-07 21:32:28,625 ====> Building faiss index
2020-01-07 21:32:28,634 ====> Calculating recall @ N
2020-01-07 21:32:29,811 ====> Recall@1: 0.4327
2020-01-07 21:32:29,811 ====> Recall@2: 0.5342
2020-01-07 21:32:29,812 ====> Recall@3: 0.5932
2020-01-07 21:32:29,812 ====> Recall@4: 0.6337
2020-01-07 21:32:29,812 ====> Recall@5: 0.6682
2020-01-07 21:32:29,812 ====> Recall@10: 0.7543
2020-01-07 21:32:29,812 ====> Recall@15: 0.8035
2020-01-07 21:32:29,813 ====> Recall@20: 0.8366
2020-01-07 21:32:29,813 ====> Recall@25: 0.8607
2020-01-07 21:32:29,923 ====> Building Cache
2020-01-07 21:32:29,924 h5feat cache at: /home/annora/NetVLAD/output/train_feat_cache1.hdf5
2020-01-07 21:33:14,486 Allocated:31.03076171875 MB
2020-01-07 21:33:14,487 Cached:3282.125 MB
2020-01-07 21:34:05,324 ==> Task[1]Epoch[10](50/458): Loss: 0.2902
2020-01-07 21:34:05,325 Allocated:33.03076171875 MB
2020-01-07 21:34:05,326 Cached:1112.5 MB
2020-01-07 21:34:39,973 ==> Task[1]Epoch[10](100/458): Loss: 0.2593
2020-01-07 21:34:39,974 Allocated:33.03076171875 MB
2020-01-07 21:34:39,975 Cached:1112.5 MB
2020-01-07 21:35:19,549 ==> Task[1]Epoch[10](150/458): Loss: 0.2166
2020-01-07 21:35:19,551 Allocated:33.03076171875 MB
2020-01-07 21:35:19,551 Cached:1112.5 MB
2020-01-07 21:35:58,302 ==> Task[1]Epoch[10](200/458): Loss: 0.2991
2020-01-07 21:35:58,303 Allocated:33.03076171875 MB
2020-01-07 21:35:58,303 Cached:1112.5 MB
2020-01-07 21:36:30,771 ==> Task[1]Epoch[10](250/458): Loss: 0.0241
2020-01-07 21:36:30,773 Allocated:33.03076171875 MB
2020-01-07 21:36:30,773 Cached:1111.5 MB
2020-01-07 21:37:04,870 ==> Task[1]Epoch[10](300/458): Loss: 0.2016
2020-01-07 21:37:04,872 Allocated:33.03076171875 MB
2020-01-07 21:37:04,872 Cached:1111.5 MB
2020-01-07 21:37:39,759 ==> Task[1]Epoch[10](350/458): Loss: 0.2915
2020-01-07 21:37:39,761 Allocated:33.03076171875 MB
2020-01-07 21:37:39,761 Cached:1112.5 MB
2020-01-07 21:38:13,222 ==> Task[1]Epoch[10](400/458): Loss: 0.2407
2020-01-07 21:38:13,224 Allocated:33.03076171875 MB
2020-01-07 21:38:13,224 Cached:1112.5 MB
2020-01-07 21:38:48,217 ==> Task[1]Epoch[10](450/458): Loss: 0.2620
2020-01-07 21:38:48,218 Allocated:33.03076171875 MB
2020-01-07 21:38:48,219 Cached:1112.5 MB
2020-01-07 21:38:53,835 ===> Task 1 Epoch 10 Complete: Avg. Loss: 0.2394
2020-01-07 21:38:53,836 begin test:
2020-01-07 21:38:53,837 ====> Extracting Features
2020-01-07 21:39:15,921 ==> Batch (50/123)
2020-01-07 21:39:31,605 ==> Batch (100/123)
2020-01-07 21:39:39,593 ====> Building faiss index
2020-01-07 21:39:39,601 ====> Calculating recall @ N
2020-01-07 21:39:40,772 ====> Recall@1: 0.4407
2020-01-07 21:39:40,772 ====> Recall@2: 0.5419
2020-01-07 21:39:40,773 ====> Recall@3: 0.5992
2020-01-07 21:39:40,773 ====> Recall@4: 0.6389
2020-01-07 21:39:40,773 ====> Recall@5: 0.6689
2020-01-07 21:39:40,774 ====> Recall@10: 0.7605
2020-01-07 21:39:40,774 ====> Recall@15: 0.8101
2020-01-07 21:39:40,774 ====> Recall@20: 0.8398
2020-01-07 21:39:40,774 ====> Recall@25: 0.8658
2020-01-07 21:39:40,887 ====> Building Cache
2020-01-07 21:39:40,887 h5feat cache at: /home/annora/NetVLAD/output/train_feat_cache1.hdf5
2020-01-07 21:40:24,998 Allocated:31.03076171875 MB
2020-01-07 21:40:24,999 Cached:3283.125 MB
2020-01-07 21:41:19,542 ==> Task[1]Epoch[11](50/458): Loss: 0.2861
2020-01-07 21:41:19,543 Allocated:33.03076171875 MB
2020-01-07 21:41:19,544 Cached:1112.5 MB
2020-01-07 21:41:55,494 ==> Task[1]Epoch[11](100/458): Loss: 0.2592
2020-01-07 21:41:55,496 Allocated:33.03076171875 MB
2020-01-07 21:41:55,496 Cached:1112.5 MB
2020-01-07 21:42:31,134 ==> Task[1]Epoch[11](150/458): Loss: 0.2136
2020-01-07 21:42:31,135 Allocated:33.03076171875 MB
2020-01-07 21:42:31,136 Cached:1112.5 MB
2020-01-07 21:43:07,055 ==> Task[1]Epoch[11](200/458): Loss: 0.2946
2020-01-07 21:43:07,057 Allocated:33.03076171875 MB
2020-01-07 21:43:07,057 Cached:1112.5 MB
2020-01-07 21:43:39,762 ==> Task[1]Epoch[11](250/458): Loss: 0.0306
2020-01-07 21:43:39,763 Allocated:33.03076171875 MB
2020-01-07 21:43:39,763 Cached:1111.5 MB
2020-01-07 21:44:15,690 ==> Task[1]Epoch[11](300/458): Loss: 0.2023
2020-01-07 21:44:15,692 Allocated:33.03076171875 MB
2020-01-07 21:44:15,692 Cached:1111.5 MB
2020-01-07 21:44:50,536 ==> Task[1]Epoch[11](350/458): Loss: 0.2901
2020-01-07 21:44:50,538 Allocated:33.03076171875 MB
2020-01-07 21:44:50,538 Cached:1111.5 MB
2020-01-07 21:45:23,601 ==> Task[1]Epoch[11](400/458): Loss: 0.2359
2020-01-07 21:45:23,602 Allocated:33.03076171875 MB
2020-01-07 21:45:23,603 Cached:1111.5 MB
2020-01-07 21:45:57,837 ==> Task[1]Epoch[11](450/458): Loss: 0.2653
2020-01-07 21:45:57,839 Allocated:33.03076171875 MB
2020-01-07 21:45:57,839 Cached:1111.5 MB
2020-01-07 21:46:03,334 ===> Task 1 Epoch 11 Complete: Avg. Loss: 0.2381
2020-01-07 21:46:03,335 begin test:
2020-01-07 21:46:03,336 ====> Extracting Features
2020-01-07 21:46:26,850 ==> Batch (50/123)
2020-01-07 21:46:44,349 ==> Batch (100/123)
2020-01-07 21:46:53,088 ====> Building faiss index
2020-01-07 21:46:53,097 ====> Calculating recall @ N
2020-01-07 21:46:54,578 ====> Recall@1: 0.4414
2020-01-07 21:46:54,579 ====> Recall@2: 0.5426
2020-01-07 21:46:54,579 ====> Recall@3: 0.6003
2020-01-07 21:46:54,579 ====> Recall@4: 0.6417
2020-01-07 21:46:54,580 ====> Recall@5: 0.6742
2020-01-07 21:46:54,580 ====> Recall@10: 0.7609
2020-01-07 21:46:54,580 ====> Recall@15: 0.8099
2020-01-07 21:46:54,580 ====> Recall@20: 0.8402
2020-01-07 21:46:54,580 ====> Recall@25: 0.8658
2020-01-07 21:46:54,696 ====> Building Cache
2020-01-07 21:46:54,696 h5feat cache at: /home/annora/NetVLAD/output/train_feat_cache1.hdf5
2020-01-07 21:47:40,921 Allocated:31.03076171875 MB
2020-01-07 21:47:40,921 Cached:3282.125 MB
2020-01-07 21:48:31,625 ==> Task[1]Epoch[12](50/458): Loss: 0.2898
2020-01-07 21:48:31,627 Allocated:33.03076171875 MB
2020-01-07 21:48:31,627 Cached:1112.5 MB
2020-01-07 21:49:05,516 ==> Task[1]Epoch[12](100/458): Loss: 0.2546
2020-01-07 21:49:05,517 Allocated:33.03076171875 MB
2020-01-07 21:49:05,517 Cached:1111.5 MB
2020-01-07 21:49:41,952 ==> Task[1]Epoch[12](150/458): Loss: 0.2060
2020-01-07 21:49:41,953 Allocated:33.03076171875 MB
2020-01-07 21:49:41,954 Cached:1111.5 MB
2020-01-07 21:50:16,920 ==> Task[1]Epoch[12](200/458): Loss: 0.2949
2020-01-07 21:50:16,921 Allocated:33.03076171875 MB
2020-01-07 21:50:16,921 Cached:1112.5 MB
2020-01-07 21:50:48,698 ==> Task[1]Epoch[12](250/458): Loss: 0.0186
2020-01-07 21:50:48,700 Allocated:33.03076171875 MB
2020-01-07 21:50:48,700 Cached:1111.5 MB
2020-01-07 21:51:22,449 ==> Task[1]Epoch[12](300/458): Loss: 0.1940
2020-01-07 21:51:22,451 Allocated:33.03076171875 MB
2020-01-07 21:51:22,452 Cached:1111.5 MB
2020-01-07 21:51:57,162 ==> Task[1]Epoch[12](350/458): Loss: 0.2826
2020-01-07 21:51:57,163 Allocated:33.03076171875 MB
2020-01-07 21:51:57,163 Cached:1112.5 MB
2020-01-07 21:52:32,505 ==> Task[1]Epoch[12](400/458): Loss: 0.2322
2020-01-07 21:52:32,506 Allocated:33.03076171875 MB
2020-01-07 21:52:32,507 Cached:1112.5 MB
2020-01-07 21:53:08,920 ==> Task[1]Epoch[12](450/458): Loss: 0.2627
2020-01-07 21:53:08,921 Allocated:33.03076171875 MB
2020-01-07 21:53:08,921 Cached:1112.5 MB
2020-01-07 21:53:14,400 ===> Task 1 Epoch 12 Complete: Avg. Loss: 0.2367
2020-01-07 21:53:14,400 begin test:
2020-01-07 21:53:14,401 ====> Extracting Features
2020-01-07 21:53:36,740 ==> Batch (50/123)
2020-01-07 21:53:52,549 ==> Batch (100/123)
2020-01-07 21:54:00,402 ====> Building faiss index
2020-01-07 21:54:00,410 ====> Calculating recall @ N
2020-01-07 21:54:01,708 ====> Recall@1: 0.4435
2020-01-07 21:54:01,709 ====> Recall@2: 0.5453
2020-01-07 21:54:01,709 ====> Recall@3: 0.6023
2020-01-07 21:54:01,709 ====> Recall@4: 0.6441
2020-01-07 21:54:01,710 ====> Recall@5: 0.6767
2020-01-07 21:54:01,710 ====> Recall@10: 0.7633
2020-01-07 21:54:01,710 ====> Recall@15: 0.8110
2020-01-07 21:54:01,710 ====> Recall@20: 0.8435
2020-01-07 21:54:01,711 ====> Recall@25: 0.8666
2020-01-07 21:54:01,824 ====> Building Cache
2020-01-07 21:54:01,824 h5feat cache at: /home/annora/NetVLAD/output/train_feat_cache1.hdf5
2020-01-07 21:54:45,863 Allocated:31.03076171875 MB
2020-01-07 21:54:45,863 Cached:3283.125 MB
2020-01-07 21:55:37,647 ==> Task[1]Epoch[13](50/458): Loss: 0.2846
2020-01-07 21:55:37,649 Allocated:33.03076171875 MB
2020-01-07 21:55:37,649 Cached:1112.5 MB
2020-01-07 21:56:11,920 ==> Task[1]Epoch[13](100/458): Loss: 0.2465
2020-01-07 21:56:11,922 Allocated:33.03076171875 MB
2020-01-07 21:56:11,922 Cached:1111.5 MB
2020-01-07 21:56:48,769 ==> Task[1]Epoch[13](150/458): Loss: 0.2059
2020-01-07 21:56:48,771 Allocated:33.03076171875 MB
2020-01-07 21:56:48,771 Cached:1111.5 MB
2020-01-07 21:57:23,828 ==> Task[1]Epoch[13](200/458): Loss: 0.2970
2020-01-07 21:57:23,829 Allocated:33.03076171875 MB
2020-01-07 21:57:23,830 Cached:1111.5 MB
2020-01-07 21:57:57,078 ==> Task[1]Epoch[13](250/458): Loss: 0.0215
2020-01-07 21:57:57,079 Allocated:33.03076171875 MB
2020-01-07 21:57:57,079 Cached:1111.5 MB
2020-01-07 21:58:33,635 ==> Task[1]Epoch[13](300/458): Loss: 0.1997
2020-01-07 21:58:33,637 Allocated:33.03076171875 MB
2020-01-07 21:58:33,637 Cached:1112.5 MB
2020-01-07 21:59:08,742 ==> Task[1]Epoch[13](350/458): Loss: 0.2841
2020-01-07 21:59:08,744 Allocated:33.03076171875 MB
2020-01-07 21:59:08,744 Cached:1111.5 MB
2020-01-07 21:59:41,262 ==> Task[1]Epoch[13](400/458): Loss: 0.2294
2020-01-07 21:59:41,264 Allocated:33.03076171875 MB
2020-01-07 21:59:41,264 Cached:1111.5 MB
2020-01-07 22:00:15,870 ==> Task[1]Epoch[13](450/458): Loss: 0.2593
2020-01-07 22:00:15,872 Allocated:33.03076171875 MB
2020-01-07 22:00:15,872 Cached:1111.5 MB
2020-01-07 22:00:21,415 ===> Task 1 Epoch 13 Complete: Avg. Loss: 0.2352
2020-01-07 22:00:21,416 begin test:
2020-01-07 22:00:21,417 ====> Extracting Features
2020-01-07 22:00:43,952 ==> Batch (50/123)
2020-01-07 22:00:59,738 ==> Batch (100/123)
2020-01-07 22:01:07,641 ====> Building faiss index
2020-01-07 22:01:07,648 ====> Calculating recall @ N
2020-01-07 22:01:08,802 ====> Recall@1: 0.4474
2020-01-07 22:01:08,803 ====> Recall@2: 0.5486
2020-01-07 22:01:08,803 ====> Recall@3: 0.6049
2020-01-07 22:01:08,804 ====> Recall@4: 0.6476
2020-01-07 22:01:08,804 ====> Recall@5: 0.6774
2020-01-07 22:01:08,804 ====> Recall@10: 0.7643
2020-01-07 22:01:08,804 ====> Recall@15: 0.8130
2020-01-07 22:01:08,804 ====> Recall@20: 0.8460
2020-01-07 22:01:08,805 ====> Recall@25: 0.8672
2020-01-07 22:01:08,917 ====> Building Cache
2020-01-07 22:01:08,918 h5feat cache at: /home/annora/NetVLAD/output/train_feat_cache1.hdf5
2020-01-07 22:01:53,169 Allocated:31.03076171875 MB
2020-01-07 22:01:53,169 Cached:3282.125 MB
2020-01-07 22:02:44,244 ==> Task[1]Epoch[14](50/458): Loss: 0.2831
2020-01-07 22:02:44,246 Allocated:33.03076171875 MB
2020-01-07 22:02:44,246 Cached:1112.5 MB
2020-01-07 22:03:18,928 ==> Task[1]Epoch[14](100/458): Loss: 0.2516
2020-01-07 22:03:18,930 Allocated:33.03076171875 MB
2020-01-07 22:03:18,930 Cached:1111.5 MB
2020-01-07 22:03:57,388 ==> Task[1]Epoch[14](150/458): Loss: 0.2052
2020-01-07 22:03:57,390 Allocated:33.03076171875 MB
2020-01-07 22:03:57,390 Cached:1111.5 MB
2020-01-07 22:04:36,206 ==> Task[1]Epoch[14](200/458): Loss: 0.2927
2020-01-07 22:04:36,208 Allocated:33.03076171875 MB
2020-01-07 22:04:36,208 Cached:1111.5 MB
2020-01-07 22:05:08,190 ==> Task[1]Epoch[14](250/458): Loss: 0.0259
2020-01-07 22:05:08,191 Allocated:33.03076171875 MB
2020-01-07 22:05:08,191 Cached:1111.5 MB
2020-01-07 22:05:42,691 ==> Task[1]Epoch[14](300/458): Loss: 0.1887
2020-01-07 22:05:42,692 Allocated:33.03076171875 MB
2020-01-07 22:05:42,693 Cached:1111.5 MB
2020-01-07 22:06:17,325 ==> Task[1]Epoch[14](350/458): Loss: 0.2846
2020-01-07 22:06:17,326 Allocated:33.03076171875 MB
2020-01-07 22:06:17,327 Cached:1111.5 MB
2020-01-07 22:06:50,201 ==> Task[1]Epoch[14](400/458): Loss: 0.2300
2020-01-07 22:06:50,203 Allocated:33.03076171875 MB
2020-01-07 22:06:50,203 Cached:1111.5 MB
2020-01-07 22:07:24,667 ==> Task[1]Epoch[14](450/458): Loss: 0.2585
2020-01-07 22:07:24,669 Allocated:33.03076171875 MB
2020-01-07 22:07:24,669 Cached:1111.5 MB
2020-01-07 22:07:30,249 ===> Task 1 Epoch 14 Complete: Avg. Loss: 0.2341
2020-01-07 22:07:30,251 begin test:
2020-01-07 22:07:30,251 ====> Extracting Features
2020-01-07 22:07:52,679 ==> Batch (50/123)
2020-01-07 22:08:08,811 ==> Batch (100/123)
2020-01-07 22:08:16,371 ====> Building faiss index
2020-01-07 22:08:16,379 ====> Calculating recall @ N
2020-01-07 22:08:17,561 ====> Recall@1: 0.4495
2020-01-07 22:08:17,561 ====> Recall@2: 0.5502
2020-01-07 22:08:17,562 ====> Recall@3: 0.6084
2020-01-07 22:08:17,562 ====> Recall@4: 0.6481
2020-01-07 22:08:17,562 ====> Recall@5: 0.6771
2020-01-07 22:08:17,562 ====> Recall@10: 0.7668
2020-01-07 22:08:17,562 ====> Recall@15: 0.8137
2020-01-07 22:08:17,563 ====> Recall@20: 0.8469
2020-01-07 22:08:17,563 ====> Recall@25: 0.8682
2020-01-07 22:08:17,619 ====> Building Cache
2020-01-07 22:08:17,619 h5feat cache at: /home/annora/NetVLAD/output/train_feat_cache1.hdf5
2020-01-07 22:09:02,764 Allocated:31.03076171875 MB
2020-01-07 22:09:02,765 Cached:3282.125 MB
2020-01-07 22:09:59,375 ==> Task[1]Epoch[15](50/458): Loss: 0.2808
2020-01-07 22:09:59,377 Allocated:33.03076171875 MB
2020-01-07 22:09:59,377 Cached:1112.5 MB
2020-01-07 22:10:33,880 ==> Task[1]Epoch[15](100/458): Loss: 0.2488
2020-01-07 22:10:33,882 Allocated:33.03076171875 MB
2020-01-07 22:10:33,882 Cached:1112.5 MB
2020-01-07 22:11:10,567 ==> Task[1]Epoch[15](150/458): Loss: 0.1971
2020-01-07 22:11:10,568 Allocated:33.03076171875 MB
2020-01-07 22:11:10,568 Cached:1112.5 MB
2020-01-07 22:11:45,767 ==> Task[1]Epoch[15](200/458): Loss: 0.2971
2020-01-07 22:11:45,769 Allocated:33.03076171875 MB
2020-01-07 22:11:45,769 Cached:1112.5 MB
2020-01-07 22:12:18,001 ==> Task[1]Epoch[15](250/458): Loss: 0.0229
2020-01-07 22:12:18,002 Allocated:33.03076171875 MB
2020-01-07 22:12:18,003 Cached:1111.5 MB
2020-01-07 22:12:53,062 ==> Task[1]Epoch[15](300/458): Loss: 0.1874
2020-01-07 22:12:53,063 Allocated:33.03076171875 MB
2020-01-07 22:12:53,063 Cached:1111.5 MB
2020-01-07 22:13:27,358 ==> Task[1]Epoch[15](350/458): Loss: 0.2848
2020-01-07 22:13:27,360 Allocated:33.03076171875 MB
2020-01-07 22:13:27,360 Cached:1112.5 MB
2020-01-07 22:13:59,883 ==> Task[1]Epoch[15](400/458): Loss: 0.2308
2020-01-07 22:13:59,884 Allocated:33.03076171875 MB
2020-01-07 22:13:59,884 Cached:1112.5 MB
2020-01-07 22:14:34,643 ==> Task[1]Epoch[15](450/458): Loss: 0.2589
2020-01-07 22:14:34,645 Allocated:33.03076171875 MB
2020-01-07 22:14:34,645 Cached:1112.5 MB
2020-01-07 22:14:40,435 ===> Task 1 Epoch 15 Complete: Avg. Loss: 0.2329
2020-01-07 22:14:40,436 begin test:
2020-01-07 22:14:40,436 ====> Extracting Features
2020-01-07 22:15:04,878 ==> Batch (50/123)
2020-01-07 22:15:22,135 ==> Batch (100/123)
2020-01-07 22:15:30,973 ====> Building faiss index
2020-01-07 22:15:30,982 ====> Calculating recall @ N
2020-01-07 22:15:32,539 ====> Recall@1: 0.4515
2020-01-07 22:15:32,540 ====> Recall@2: 0.5485
2020-01-07 22:15:32,540 ====> Recall@3: 0.6079
2020-01-07 22:15:32,541 ====> Recall@4: 0.6483
2020-01-07 22:15:32,541 ====> Recall@5: 0.6784
2020-01-07 22:15:32,541 ====> Recall@10: 0.7668
2020-01-07 22:15:32,541 ====> Recall@15: 0.8153
2020-01-07 22:15:32,541 ====> Recall@20: 0.8470
2020-01-07 22:15:32,542 ====> Recall@25: 0.8680
2020-01-07 22:15:32,653 ====> Building Cache
2020-01-07 22:15:32,653 h5feat cache at: /home/annora/NetVLAD/output/train_feat_cache1.hdf5
2020-01-07 22:16:18,571 Allocated:31.03076171875 MB
2020-01-07 22:16:18,571 Cached:3283.125 MB
2020-01-07 22:17:09,635 ==> Task[1]Epoch[16](50/458): Loss: 0.2824
2020-01-07 22:17:09,637 Allocated:33.03076171875 MB
2020-01-07 22:17:09,637 Cached:1112.5 MB
2020-01-07 22:17:43,880 ==> Task[1]Epoch[16](100/458): Loss: 0.2536
2020-01-07 22:17:43,882 Allocated:33.03076171875 MB
2020-01-07 22:17:43,882 Cached:1111.5 MB
2020-01-07 22:18:19,731 ==> Task[1]Epoch[16](150/458): Loss: 0.1944
2020-01-07 22:18:19,733 Allocated:33.03076171875 MB
2020-01-07 22:18:19,733 Cached:1111.5 MB
2020-01-07 22:18:55,737 ==> Task[1]Epoch[16](200/458): Loss: 0.2915
2020-01-07 22:18:55,739 Allocated:33.03076171875 MB
2020-01-07 22:18:55,739 Cached:1112.5 MB
2020-01-07 22:19:27,940 ==> Task[1]Epoch[16](250/458): Loss: 0.0243
2020-01-07 22:19:27,941 Allocated:33.03076171875 MB
2020-01-07 22:19:27,941 Cached:1111.5 MB
2020-01-07 22:20:02,932 ==> Task[1]Epoch[16](300/458): Loss: 0.1929
2020-01-07 22:20:02,934 Allocated:33.03076171875 MB
2020-01-07 22:20:02,934 Cached:1111.5 MB
2020-01-07 22:20:39,169 ==> Task[1]Epoch[16](350/458): Loss: 0.2854
2020-01-07 22:20:39,171 Allocated:33.03076171875 MB
2020-01-07 22:20:39,171 Cached:1111.5 MB
2020-01-07 22:21:13,713 ==> Task[1]Epoch[16](400/458): Loss: 0.2264
2020-01-07 22:21:13,714 Allocated:33.03076171875 MB
2020-01-07 22:21:13,715 Cached:1111.5 MB
2020-01-07 22:21:49,767 ==> Task[1]Epoch[16](450/458): Loss: 0.2561
2020-01-07 22:21:49,768 Allocated:33.03076171875 MB
2020-01-07 22:21:49,769 Cached:1111.5 MB
2020-01-07 22:21:55,347 ===> Task 1 Epoch 16 Complete: Avg. Loss: 0.2324
2020-01-07 22:21:55,348 begin test:
2020-01-07 22:21:55,349 ====> Extracting Features
2020-01-07 22:22:17,606 ==> Batch (50/123)
2020-01-07 22:22:33,305 ==> Batch (100/123)
2020-01-07 22:22:41,172 ====> Building faiss index
2020-01-07 22:22:41,180 ====> Calculating recall @ N
2020-01-07 22:22:42,340 ====> Recall@1: 0.4531
2020-01-07 22:22:42,341 ====> Recall@2: 0.5496
2020-01-07 22:22:42,341 ====> Recall@3: 0.6098
2020-01-07 22:22:42,341 ====> Recall@4: 0.6505
2020-01-07 22:22:42,342 ====> Recall@5: 0.6797
2020-01-07 22:22:42,342 ====> Recall@10: 0.7672
2020-01-07 22:22:42,342 ====> Recall@15: 0.8162
2020-01-07 22:22:42,342 ====> Recall@20: 0.8462
2020-01-07 22:22:42,342 ====> Recall@25: 0.8693
2020-01-07 22:22:42,461 ====> Building Cache
2020-01-07 22:22:42,462 h5feat cache at: /home/annora/NetVLAD/output/train_feat_cache1.hdf5
2020-01-07 22:23:26,259 Allocated:31.03076171875 MB
2020-01-07 22:23:26,260 Cached:3282.125 MB
2020-01-07 22:24:17,299 ==> Task[1]Epoch[17](50/458): Loss: 0.2827
2020-01-07 22:24:17,301 Allocated:33.03076171875 MB
2020-01-07 22:24:17,301 Cached:1112.5 MB
2020-01-07 22:24:51,873 ==> Task[1]Epoch[17](100/458): Loss: 0.2508
2020-01-07 22:24:51,875 Allocated:33.03076171875 MB
2020-01-07 22:24:51,876 Cached:1112.5 MB
2020-01-07 22:25:28,991 ==> Task[1]Epoch[17](150/458): Loss: 0.1919
2020-01-07 22:25:28,993 Allocated:33.03076171875 MB
2020-01-07 22:25:28,993 Cached:1112.5 MB
2020-01-07 22:26:04,897 ==> Task[1]Epoch[17](200/458): Loss: 0.2902
2020-01-07 22:26:04,898 Allocated:33.03076171875 MB
2020-01-07 22:26:04,899 Cached:1112.5 MB
2020-01-07 22:26:38,440 ==> Task[1]Epoch[17](250/458): Loss: 0.0511
2020-01-07 22:26:38,442 Allocated:33.03076171875 MB
2020-01-07 22:26:38,442 Cached:1111.5 MB
2020-01-07 22:27:14,560 ==> Task[1]Epoch[17](300/458): Loss: 0.1956
2020-01-07 22:27:14,562 Allocated:33.03076171875 MB
2020-01-07 22:27:14,562 Cached:1112.5 MB
2020-01-07 22:27:50,233 ==> Task[1]Epoch[17](350/458): Loss: 0.2826
2020-01-07 22:27:50,235 Allocated:33.03076171875 MB
2020-01-07 22:27:50,235 Cached:1112.5 MB
2020-01-07 22:28:21,402 ==> Task[1]Epoch[17](400/458): Loss: 0.2333
2020-01-07 22:28:21,404 Allocated:33.03076171875 MB
2020-01-07 22:28:21,404 Cached:1112.5 MB
2020-01-07 22:28:58,505 ==> Task[1]Epoch[17](450/458): Loss: 0.2585
2020-01-07 22:28:58,507 Allocated:33.03076171875 MB
2020-01-07 22:28:58,507 Cached:1111.5 MB
2020-01-07 22:29:04,696 ===> Task 1 Epoch 17 Complete: Avg. Loss: 0.2319
2020-01-07 22:29:04,697 begin test:
2020-01-07 22:29:04,698 ====> Extracting Features
2020-01-07 22:29:26,986 ==> Batch (50/123)
2020-01-07 22:29:42,944 ==> Batch (100/123)
2020-01-07 22:29:50,623 ====> Building faiss index
2020-01-07 22:29:50,631 ====> Calculating recall @ N
2020-01-07 22:29:51,802 ====> Recall@1: 0.4527
2020-01-07 22:29:51,802 ====> Recall@2: 0.5517
2020-01-07 22:29:51,803 ====> Recall@3: 0.6095
2020-01-07 22:29:51,803 ====> Recall@4: 0.6514
2020-01-07 22:29:51,803 ====> Recall@5: 0.6815
2020-01-07 22:29:51,803 ====> Recall@10: 0.7677
2020-01-07 22:29:51,803 ====> Recall@15: 0.8166
2020-01-07 22:29:51,804 ====> Recall@20: 0.8477
2020-01-07 22:29:51,804 ====> Recall@25: 0.8691
2020-01-07 22:29:51,917 ====> Building Cache
2020-01-07 22:29:51,917 h5feat cache at: /home/annora/NetVLAD/output/train_feat_cache1.hdf5
2020-01-07 22:30:36,296 Allocated:31.03076171875 MB
2020-01-07 22:30:36,297 Cached:3282.125 MB
2020-01-07 22:31:27,768 ==> Task[1]Epoch[18](50/458): Loss: 0.2831
2020-01-07 22:31:27,770 Allocated:33.03076171875 MB
2020-01-07 22:31:27,770 Cached:1112.5 MB
2020-01-07 22:32:04,263 ==> Task[1]Epoch[18](100/458): Loss: 0.2441
2020-01-07 22:32:04,264 Allocated:33.03076171875 MB
2020-01-07 22:32:04,264 Cached:1112.5 MB
2020-01-07 22:32:44,948 ==> Task[1]Epoch[18](150/458): Loss: 0.1958
2020-01-07 22:32:44,950 Allocated:33.03076171875 MB
2020-01-07 22:32:44,950 Cached:1112.5 MB
2020-01-07 22:33:21,513 ==> Task[1]Epoch[18](200/458): Loss: 0.2871
2020-01-07 22:33:21,514 Allocated:33.03076171875 MB
2020-01-07 22:33:21,514 Cached:1111.5 MB
2020-01-07 22:33:52,348 ==> Task[1]Epoch[18](250/458): Loss: 0.0250
2020-01-07 22:33:52,349 Allocated:33.03076171875 MB
2020-01-07 22:33:52,349 Cached:1111.5 MB
2020-01-07 22:34:26,694 ==> Task[1]Epoch[18](300/458): Loss: 0.1976
2020-01-07 22:34:26,695 Allocated:33.03076171875 MB
2020-01-07 22:34:26,696 Cached:1111.5 MB
2020-01-07 22:35:01,139 ==> Task[1]Epoch[18](350/458): Loss: 0.2825
2020-01-07 22:35:01,140 Allocated:33.03076171875 MB
2020-01-07 22:35:01,141 Cached:1112.5 MB
2020-01-07 22:35:33,178 ==> Task[1]Epoch[18](400/458): Loss: 0.2203
2020-01-07 22:35:33,181 Allocated:33.03076171875 MB
2020-01-07 22:35:33,181 Cached:1112.5 MB
2020-01-07 22:36:07,751 ==> Task[1]Epoch[18](450/458): Loss: 0.2541
2020-01-07 22:36:07,753 Allocated:33.03076171875 MB
2020-01-07 22:36:07,753 Cached:1112.5 MB
2020-01-07 22:36:13,523 ===> Task 1 Epoch 18 Complete: Avg. Loss: 0.2312
2020-01-07 22:36:13,525 begin test:
2020-01-07 22:36:13,526 ====> Extracting Features
2020-01-07 22:36:35,680 ==> Batch (50/123)
2020-01-07 22:36:51,648 ==> Batch (100/123)
2020-01-07 22:36:59,662 ====> Building faiss index
2020-01-07 22:36:59,670 ====> Calculating recall @ N
2020-01-07 22:37:00,821 ====> Recall@1: 0.4540
2020-01-07 22:37:00,822 ====> Recall@2: 0.5507
2020-01-07 22:37:00,822 ====> Recall@3: 0.6103
2020-01-07 22:37:00,823 ====> Recall@4: 0.6521
2020-01-07 22:37:00,823 ====> Recall@5: 0.6831
2020-01-07 22:37:00,823 ====> Recall@10: 0.7687
2020-01-07 22:37:00,823 ====> Recall@15: 0.8177
2020-01-07 22:37:00,824 ====> Recall@20: 0.8490
2020-01-07 22:37:00,824 ====> Recall@25: 0.8693
2020-01-07 22:37:00,934 ====> Building Cache
2020-01-07 22:37:00,935 h5feat cache at: /home/annora/NetVLAD/output/train_feat_cache1.hdf5
2020-01-07 22:37:46,632 Allocated:31.03076171875 MB
2020-01-07 22:37:46,632 Cached:3283.125 MB
2020-01-07 22:38:42,885 ==> Task[1]Epoch[19](50/458): Loss: 0.2804
2020-01-07 22:38:42,887 Allocated:33.03076171875 MB
2020-01-07 22:38:42,887 Cached:1112.5 MB
2020-01-07 22:39:17,620 ==> Task[1]Epoch[19](100/458): Loss: 0.2481
2020-01-07 22:39:17,622 Allocated:33.03076171875 MB
2020-01-07 22:39:17,622 Cached:1112.5 MB
2020-01-07 22:39:54,234 ==> Task[1]Epoch[19](150/458): Loss: 0.1889
2020-01-07 22:39:54,236 Allocated:33.03076171875 MB
2020-01-07 22:39:54,236 Cached:1112.5 MB
2020-01-07 22:40:29,229 ==> Task[1]Epoch[19](200/458): Loss: 0.2899
2020-01-07 22:40:29,231 Allocated:33.03076171875 MB
2020-01-07 22:40:29,231 Cached:1112.5 MB
2020-01-07 22:40:59,934 ==> Task[1]Epoch[19](250/458): Loss: 0.0227
2020-01-07 22:40:59,935 Allocated:33.03076171875 MB
2020-01-07 22:40:59,935 Cached:1111.5 MB
2020-01-07 22:41:34,271 ==> Task[1]Epoch[19](300/458): Loss: 0.1929
2020-01-07 22:41:34,272 Allocated:33.03076171875 MB
2020-01-07 22:41:34,273 Cached:1111.5 MB
2020-01-07 22:42:09,134 ==> Task[1]Epoch[19](350/458): Loss: 0.2815
2020-01-07 22:42:09,136 Allocated:33.03076171875 MB
2020-01-07 22:42:09,136 Cached:1112.5 MB
2020-01-07 22:42:41,976 ==> Task[1]Epoch[19](400/458): Loss: 0.2217
2020-01-07 22:42:41,977 Allocated:33.03076171875 MB
2020-01-07 22:42:41,977 Cached:1112.5 MB
2020-01-07 22:43:17,578 ==> Task[1]Epoch[19](450/458): Loss: 0.2582
2020-01-07 22:43:17,579 Allocated:33.03076171875 MB
2020-01-07 22:43:17,579 Cached:1112.5 MB
2020-01-07 22:43:23,928 ===> Task 1 Epoch 19 Complete: Avg. Loss: 0.2301
2020-01-07 22:43:23,930 begin test:
2020-01-07 22:43:23,931 ====> Extracting Features
2020-01-07 22:43:48,175 ==> Batch (50/123)
2020-01-07 22:44:05,350 ==> Batch (100/123)
2020-01-07 22:44:14,027 ====> Building faiss index
2020-01-07 22:44:14,035 ====> Calculating recall @ N
2020-01-07 22:44:15,285 ====> Recall@1: 0.4548
2020-01-07 22:44:15,286 ====> Recall@2: 0.5522
2020-01-07 22:44:15,286 ====> Recall@3: 0.6124
2020-01-07 22:44:15,286 ====> Recall@4: 0.6506
2020-01-07 22:44:15,286 ====> Recall@5: 0.6832
2020-01-07 22:44:15,287 ====> Recall@10: 0.7685
2020-01-07 22:44:15,287 ====> Recall@15: 0.8176
2020-01-07 22:44:15,287 ====> Recall@20: 0.8494
2020-01-07 22:44:15,287 ====> Recall@25: 0.8691
2020-01-07 22:44:15,402 ====> Building Cache
2020-01-07 22:44:15,402 h5feat cache at: /home/annora/NetVLAD/output/train_feat_cache1.hdf5
2020-01-07 22:45:00,723 Allocated:31.03076171875 MB
2020-01-07 22:45:00,723 Cached:3283.125 MB
2020-01-07 22:45:50,578 ==> Task[1]Epoch[20](50/458): Loss: 0.2830
2020-01-07 22:45:50,580 Allocated:33.03076171875 MB
2020-01-07 22:45:50,580 Cached:1112.5 MB
2020-01-07 22:46:26,462 ==> Task[1]Epoch[20](100/458): Loss: 0.2535
2020-01-07 22:46:26,464 Allocated:33.03076171875 MB
2020-01-07 22:46:26,465 Cached:1111.5 MB
2020-01-07 22:47:01,579 ==> Task[1]Epoch[20](150/458): Loss: 0.1875
2020-01-07 22:47:01,581 Allocated:33.03076171875 MB
2020-01-07 22:47:01,581 Cached:1111.5 MB
2020-01-07 22:47:38,414 ==> Task[1]Epoch[20](200/458): Loss: 0.2891
2020-01-07 22:47:38,415 Allocated:33.03076171875 MB
2020-01-07 22:47:38,416 Cached:1111.5 MB
2020-01-07 22:48:10,309 ==> Task[1]Epoch[20](250/458): Loss: 0.0296
2020-01-07 22:48:10,311 Allocated:33.03076171875 MB
2020-01-07 22:48:10,311 Cached:1111.5 MB
2020-01-07 22:48:44,812 ==> Task[1]Epoch[20](300/458): Loss: 0.1907
2020-01-07 22:48:44,814 Allocated:33.03076171875 MB
2020-01-07 22:48:44,814 Cached:1111.5 MB
2020-01-07 22:49:21,523 ==> Task[1]Epoch[20](350/458): Loss: 0.2841
2020-01-07 22:49:21,525 Allocated:33.03076171875 MB
2020-01-07 22:49:21,525 Cached:1111.5 MB
2020-01-07 22:49:55,868 ==> Task[1]Epoch[20](400/458): Loss: 0.2291
2020-01-07 22:49:55,870 Allocated:33.03076171875 MB
2020-01-07 22:49:55,870 Cached:1111.5 MB
2020-01-07 22:50:32,049 ==> Task[1]Epoch[20](450/458): Loss: 0.2585
2020-01-07 22:50:32,051 Allocated:33.03076171875 MB
2020-01-07 22:50:32,051 Cached:1111.5 MB
2020-01-07 22:50:37,601 ===> Task 1 Epoch 20 Complete: Avg. Loss: 0.2300
2020-01-07 22:50:37,602 begin test:
2020-01-07 22:50:37,602 ====> Extracting Features
2020-01-07 22:50:59,473 ==> Batch (50/123)
2020-01-07 22:51:15,788 ==> Batch (100/123)
2020-01-07 22:51:23,235 ====> Building faiss index
2020-01-07 22:51:23,243 ====> Calculating recall @ N
2020-01-07 22:51:24,415 ====> Recall@1: 0.4547
2020-01-07 22:51:24,416 ====> Recall@2: 0.5536
2020-01-07 22:51:24,416 ====> Recall@3: 0.6123
2020-01-07 22:51:24,417 ====> Recall@4: 0.6522
2020-01-07 22:51:24,417 ====> Recall@5: 0.6828
2020-01-07 22:51:24,417 ====> Recall@10: 0.7696
2020-01-07 22:51:24,417 ====> Recall@15: 0.8182
2020-01-07 22:51:24,417 ====> Recall@20: 0.8491
2020-01-07 22:51:24,417 ====> Recall@25: 0.8699
2020-01-07 22:51:24,474 ====> Building Cache
2020-01-07 22:51:24,475 h5feat cache at: /home/annora/NetVLAD/output/train_feat_cache1.hdf5
2020-01-07 22:52:08,605 Allocated:31.03076171875 MB
2020-01-07 22:52:08,605 Cached:3282.125 MB
2020-01-07 22:52:59,316 ==> Task[1]Epoch[21](50/458): Loss: 0.2825
2020-01-07 22:52:59,319 Allocated:33.03076171875 MB
2020-01-07 22:52:59,319 Cached:1112.5 MB
2020-01-07 22:53:32,949 ==> Task[1]Epoch[21](100/458): Loss: 0.2480
2020-01-07 22:53:32,951 Allocated:33.03076171875 MB
2020-01-07 22:53:32,951 Cached:1111.5 MB
2020-01-07 22:54:09,893 ==> Task[1]Epoch[21](150/458): Loss: 0.1889
2020-01-07 22:54:09,894 Allocated:33.03076171875 MB
2020-01-07 22:54:09,894 Cached:1111.5 MB
2020-01-07 22:54:45,911 ==> Task[1]Epoch[21](200/458): Loss: 0.2935
2020-01-07 22:54:45,914 Allocated:33.03076171875 MB
2020-01-07 22:54:45,914 Cached:1111.5 MB
2020-01-07 22:55:19,996 ==> Task[1]Epoch[21](250/458): Loss: 0.0077
2020-01-07 22:55:19,998 Allocated:33.03076171875 MB
2020-01-07 22:55:19,998 Cached:1111.5 MB
2020-01-07 22:55:56,349 ==> Task[1]Epoch[21](300/458): Loss: 0.1899
2020-01-07 22:55:56,351 Allocated:33.03076171875 MB
2020-01-07 22:55:56,352 Cached:1111.5 MB
2020-01-07 22:56:30,901 ==> Task[1]Epoch[21](350/458): Loss: 0.2846
2020-01-07 22:56:30,902 Allocated:33.03076171875 MB
2020-01-07 22:56:30,902 Cached:1112.5 MB
2020-01-07 22:57:04,976 ==> Task[1]Epoch[21](400/458): Loss: 0.2236
2020-01-07 22:57:04,977 Allocated:33.03076171875 MB
2020-01-07 22:57:04,977 Cached:1112.5 MB
2020-01-07 22:57:40,521 ==> Task[1]Epoch[21](450/458): Loss: 0.2523
2020-01-07 22:57:40,522 Allocated:33.03076171875 MB
2020-01-07 22:57:40,522 Cached:1112.5 MB
2020-01-07 22:57:46,151 ===> Task 1 Epoch 21 Complete: Avg. Loss: 0.2297
2020-01-07 22:57:46,152 begin test:
2020-01-07 22:57:46,152 ====> Extracting Features
2020-01-07 22:58:08,272 ==> Batch (50/123)
2020-01-07 22:58:24,528 ==> Batch (100/123)
2020-01-07 22:58:32,136 ====> Building faiss index
2020-01-07 22:58:32,144 ====> Calculating recall @ N
2020-01-07 22:58:33,307 ====> Recall@1: 0.4553
2020-01-07 22:58:33,307 ====> Recall@2: 0.5543
2020-01-07 22:58:33,308 ====> Recall@3: 0.6130
2020-01-07 22:58:33,308 ====> Recall@4: 0.6529
2020-01-07 22:58:33,308 ====> Recall@5: 0.6832
2020-01-07 22:58:33,309 ====> Recall@10: 0.7698
2020-01-07 22:58:33,309 ====> Recall@15: 0.8187
2020-01-07 22:58:33,309 ====> Recall@20: 0.8498
2020-01-07 22:58:33,309 ====> Recall@25: 0.8696
2020-01-07 22:58:33,367 ====> Building Cache
2020-01-07 22:58:33,367 h5feat cache at: /home/annora/NetVLAD/output/train_feat_cache1.hdf5
2020-01-07 22:59:18,062 Allocated:31.03076171875 MB
2020-01-07 22:59:18,063 Cached:3283.125 MB
2020-01-07 23:00:08,831 ==> Task[1]Epoch[22](50/458): Loss: 0.2842
2020-01-07 23:00:08,832 Allocated:33.03076171875 MB
2020-01-07 23:00:08,833 Cached:1112.5 MB
2020-01-07 23:00:45,085 ==> Task[1]Epoch[22](100/458): Loss: 0.2432
2020-01-07 23:00:45,087 Allocated:33.03076171875 MB
2020-01-07 23:00:45,087 Cached:1111.5 MB
2020-01-07 23:01:25,287 ==> Task[1]Epoch[22](150/458): Loss: 0.1902
2020-01-07 23:01:25,289 Allocated:33.03076171875 MB
2020-01-07 23:01:25,289 Cached:1111.5 MB
2020-01-07 23:02:01,851 ==> Task[1]Epoch[22](200/458): Loss: 0.2887
2020-01-07 23:02:01,853 Allocated:33.03076171875 MB
2020-01-07 23:02:01,853 Cached:1112.5 MB
2020-01-07 23:02:32,436 ==> Task[1]Epoch[22](250/458): Loss: 0.0158
2020-01-07 23:02:32,437 Allocated:33.03076171875 MB
2020-01-07 23:02:32,437 Cached:1111.5 MB
2020-01-07 23:03:07,123 ==> Task[1]Epoch[22](300/458): Loss: 0.1875
2020-01-07 23:03:07,125 Allocated:33.03076171875 MB
2020-01-07 23:03:07,125 Cached:1111.5 MB
2020-01-07 23:03:41,904 ==> Task[1]Epoch[22](350/458): Loss: 0.2768
2020-01-07 23:03:41,905 Allocated:33.03076171875 MB
2020-01-07 23:03:41,905 Cached:1112.5 MB
2020-01-07 23:04:14,077 ==> Task[1]Epoch[22](400/458): Loss: 0.2244
2020-01-07 23:04:14,079 Allocated:33.03076171875 MB
2020-01-07 23:04:14,079 Cached:1112.5 MB
2020-01-07 23:04:50,198 ==> Task[1]Epoch[22](450/458): Loss: 0.2541
2020-01-07 23:04:50,200 Allocated:33.03076171875 MB
2020-01-07 23:04:50,200 Cached:1112.5 MB
2020-01-07 23:04:56,497 ===> Task 1 Epoch 22 Complete: Avg. Loss: 0.2294
2020-01-07 23:04:56,498 begin test:
2020-01-07 23:04:56,499 ====> Extracting Features
2020-01-07 23:05:20,550 ==> Batch (50/123)
2020-01-07 23:05:38,824 ==> Batch (100/123)
2020-01-07 23:05:46,607 ====> Building faiss index
2020-01-07 23:05:46,614 ====> Calculating recall @ N
2020-01-07 23:05:47,776 ====> Recall@1: 0.4565
2020-01-07 23:05:47,776 ====> Recall@2: 0.5547
2020-01-07 23:05:47,777 ====> Recall@3: 0.6138
2020-01-07 23:05:47,777 ====> Recall@4: 0.6527
2020-01-07 23:05:47,777 ====> Recall@5: 0.6834
2020-01-07 23:05:47,778 ====> Recall@10: 0.7701
2020-01-07 23:05:47,778 ====> Recall@15: 0.8185
2020-01-07 23:05:47,778 ====> Recall@20: 0.8496
2020-01-07 23:05:47,778 ====> Recall@25: 0.8699
2020-01-07 23:05:47,891 ====> Building Cache
2020-01-07 23:05:47,892 h5feat cache at: /home/annora/NetVLAD/output/train_feat_cache1.hdf5
2020-01-07 23:06:35,411 Allocated:31.03076171875 MB
2020-01-07 23:06:35,412 Cached:3283.125 MB
2020-01-07 23:07:33,609 ==> Task[1]Epoch[23](50/458): Loss: 0.2800
2020-01-07 23:07:33,611 Allocated:33.03076171875 MB
2020-01-07 23:07:33,611 Cached:1112.5 MB
2020-01-07 23:08:09,958 ==> Task[1]Epoch[23](100/458): Loss: 0.2477
2020-01-07 23:08:09,960 Allocated:33.03076171875 MB
2020-01-07 23:08:09,960 Cached:1112.5 MB
2020-01-07 23:08:49,700 ==> Task[1]Epoch[23](150/458): Loss: 0.1941
2020-01-07 23:08:49,701 Allocated:33.03076171875 MB
2020-01-07 23:08:49,702 Cached:1112.5 MB
2020-01-07 23:09:29,017 ==> Task[1]Epoch[23](200/458): Loss: 0.2919
2020-01-07 23:09:29,018 Allocated:33.03076171875 MB
2020-01-07 23:09:29,023 Cached:1112.5 MB
2020-01-07 23:10:03,414 ==> Task[1]Epoch[23](250/458): Loss: 0.0065
2020-01-07 23:10:03,416 Allocated:33.03076171875 MB
2020-01-07 23:10:03,416 Cached:1111.5 MB
2020-01-07 23:10:40,573 ==> Task[1]Epoch[23](300/458): Loss: 0.1907
2020-01-07 23:10:40,574 Allocated:33.03076171875 MB
2020-01-07 23:10:40,574 Cached:1111.5 MB
2020-01-07 23:11:14,704 ==> Task[1]Epoch[23](350/458): Loss: 0.2791
2020-01-07 23:11:14,705 Allocated:33.03076171875 MB
2020-01-07 23:11:14,706 Cached:1112.5 MB
2020-01-07 23:11:47,902 ==> Task[1]Epoch[23](400/458): Loss: 0.2194
2020-01-07 23:11:47,903 Allocated:33.03076171875 MB
2020-01-07 23:11:47,903 Cached:1112.5 MB
2020-01-07 23:12:28,041 ==> Task[1]Epoch[23](450/458): Loss: 0.2554
2020-01-07 23:12:28,042 Allocated:33.03076171875 MB
2020-01-07 23:12:28,042 Cached:1112.5 MB
2020-01-07 23:12:35,004 ===> Task 1 Epoch 23 Complete: Avg. Loss: 0.2288
2020-01-07 23:12:35,006 begin test:
2020-01-07 23:12:35,006 ====> Extracting Features
2020-01-07 23:13:01,329 ==> Batch (50/123)
2020-01-07 23:13:19,743 ==> Batch (100/123)
2020-01-07 23:13:28,501 ====> Building faiss index
2020-01-07 23:13:28,510 ====> Calculating recall @ N
2020-01-07 23:13:29,768 ====> Recall@1: 0.4562
2020-01-07 23:13:29,769 ====> Recall@2: 0.5540
2020-01-07 23:13:29,770 ====> Recall@3: 0.6146
2020-01-07 23:13:29,770 ====> Recall@4: 0.6522
2020-01-07 23:13:29,770 ====> Recall@5: 0.6834
2020-01-07 23:13:29,770 ====> Recall@10: 0.7712
2020-01-07 23:13:29,770 ====> Recall@15: 0.8186
2020-01-07 23:13:29,771 ====> Recall@20: 0.8488
2020-01-07 23:13:29,771 ====> Recall@25: 0.8695
2020-01-07 23:13:29,829 ====> Building Cache
2020-01-07 23:13:29,829 h5feat cache at: /home/annora/NetVLAD/output/train_feat_cache1.hdf5
2020-01-07 23:14:21,019 Allocated:31.03076171875 MB
2020-01-07 23:14:21,019 Cached:3283.125 MB
2020-01-07 23:15:18,030 ==> Task[1]Epoch[24](50/458): Loss: 0.2811
2020-01-07 23:15:18,032 Allocated:33.03076171875 MB
2020-01-07 23:15:18,032 Cached:1112.5 MB
2020-01-07 23:15:53,723 ==> Task[1]Epoch[24](100/458): Loss: 0.2484
2020-01-07 23:15:53,724 Allocated:33.03076171875 MB
2020-01-07 23:15:53,724 Cached:1112.5 MB
2020-01-07 23:16:33,189 ==> Task[1]Epoch[24](150/458): Loss: 0.1900
2020-01-07 23:16:33,190 Allocated:33.03076171875 MB
2020-01-07 23:16:33,190 Cached:1111.5 MB
2020-01-07 23:17:10,681 ==> Task[1]Epoch[24](200/458): Loss: 0.2890
2020-01-07 23:17:10,682 Allocated:33.03076171875 MB
2020-01-07 23:17:10,682 Cached:1111.5 MB
2020-01-07 23:17:42,788 ==> Task[1]Epoch[24](250/458): Loss: 0.0579
2020-01-07 23:17:42,790 Allocated:33.03076171875 MB
2020-01-07 23:17:42,790 Cached:1111.5 MB
2020-01-07 23:18:21,955 ==> Task[1]Epoch[24](300/458): Loss: 0.1838
2020-01-07 23:18:21,957 Allocated:33.03076171875 MB
2020-01-07 23:18:21,957 Cached:1111.5 MB
2020-01-07 23:19:03,860 ==> Task[1]Epoch[24](350/458): Loss: 0.2793
2020-01-07 23:19:03,861 Allocated:33.03076171875 MB
2020-01-07 23:19:03,861 Cached:1111.5 MB
2020-01-07 23:19:40,721 ==> Task[1]Epoch[24](400/458): Loss: 0.2225
2020-01-07 23:19:40,723 Allocated:33.03076171875 MB
2020-01-07 23:19:40,723 Cached:1111.5 MB
2020-01-07 23:20:19,215 ==> Task[1]Epoch[24](450/458): Loss: 0.2562
2020-01-07 23:20:19,217 Allocated:33.03076171875 MB
2020-01-07 23:20:19,218 Cached:1111.5 MB
2020-01-07 23:20:24,016 ===> Task 1 Epoch 24 Complete: Avg. Loss: 0.2287
2020-01-07 23:20:24,017 begin test:
2020-01-07 23:20:24,018 ====> Extracting Features
2020-01-07 23:20:48,519 ==> Batch (50/123)
2020-01-07 23:21:05,788 ==> Batch (100/123)
2020-01-07 23:21:14,370 ====> Building faiss index
2020-01-07 23:21:14,378 ====> Calculating recall @ N
2020-01-07 23:21:15,610 ====> Recall@1: 0.4577
2020-01-07 23:21:15,611 ====> Recall@2: 0.5551
2020-01-07 23:21:15,611 ====> Recall@3: 0.6147
2020-01-07 23:21:15,611 ====> Recall@4: 0.6521
2020-01-07 23:21:15,612 ====> Recall@5: 0.6841
2020-01-07 23:21:15,612 ====> Recall@10: 0.7725
2020-01-07 23:21:15,612 ====> Recall@15: 0.8187
2020-01-07 23:21:15,612 ====> Recall@20: 0.8486
2020-01-07 23:21:15,613 ====> Recall@25: 0.8701
2020-01-07 23:21:15,736 ====> Building Cache
2020-01-07 23:21:15,736 h5feat cache at: /home/annora/NetVLAD/output/train_feat_cache1.hdf5
2020-01-07 23:22:03,294 Allocated:31.03076171875 MB
2020-01-07 23:22:03,295 Cached:3282.125 MB
2020-01-07 23:23:01,619 ==> Task[1]Epoch[25](50/458): Loss: 0.2789
2020-01-07 23:23:01,622 Allocated:33.03076171875 MB
2020-01-07 23:23:01,622 Cached:1112.5 MB
2020-01-07 23:23:40,587 ==> Task[1]Epoch[25](100/458): Loss: 0.2491
2020-01-07 23:23:40,590 Allocated:33.03076171875 MB
2020-01-07 23:23:40,590 Cached:1111.5 MB
2020-01-07 23:24:20,181 ==> Task[1]Epoch[25](150/458): Loss: 0.1856
2020-01-07 23:24:20,182 Allocated:33.03076171875 MB
2020-01-07 23:24:20,186 Cached:1111.5 MB
2020-01-07 23:25:02,418 ==> Task[1]Epoch[25](200/458): Loss: 0.2914
2020-01-07 23:25:02,420 Allocated:33.03076171875 MB
2020-01-07 23:25:02,420 Cached:1112.5 MB
2020-01-07 23:25:38,726 ==> Task[1]Epoch[25](250/458): Loss: 0.0287
2020-01-07 23:25:38,727 Allocated:33.03076171875 MB
2020-01-07 23:25:38,728 Cached:1111.5 MB
2020-01-07 23:26:13,835 ==> Task[1]Epoch[25](300/458): Loss: 0.1882
2020-01-07 23:26:13,837 Allocated:33.03076171875 MB
2020-01-07 23:26:13,837 Cached:1111.5 MB
2020-01-07 23:26:53,018 ==> Task[1]Epoch[25](350/458): Loss: 0.2801
2020-01-07 23:26:53,020 Allocated:33.03076171875 MB
2020-01-07 23:26:53,020 Cached:1112.5 MB
2020-01-07 23:27:30,077 ==> Task[1]Epoch[25](400/458): Loss: 0.2315
2020-01-07 23:27:30,079 Allocated:33.03076171875 MB
2020-01-07 23:27:30,079 Cached:1112.5 MB
2020-01-07 23:28:09,274 ==> Task[1]Epoch[25](450/458): Loss: 0.2515
2020-01-07 23:28:09,276 Allocated:33.03076171875 MB
2020-01-07 23:28:09,276 Cached:1112.5 MB
2020-01-07 23:28:15,719 ===> Task 1 Epoch 25 Complete: Avg. Loss: 0.2283
2020-01-07 23:28:15,720 begin test:
2020-01-07 23:28:15,721 ====> Extracting Features
2020-01-07 23:28:39,939 ==> Batch (50/123)
2020-01-07 23:28:56,114 ==> Batch (100/123)
2020-01-07 23:29:04,912 ====> Building faiss index
2020-01-07 23:29:04,922 ====> Calculating recall @ N
2020-01-07 23:29:06,185 ====> Recall@1: 0.4582
2020-01-07 23:29:06,186 ====> Recall@2: 0.5559
2020-01-07 23:29:06,187 ====> Recall@3: 0.6147
2020-01-07 23:29:06,187 ====> Recall@4: 0.6518
2020-01-07 23:29:06,187 ====> Recall@5: 0.6840
2020-01-07 23:29:06,188 ====> Recall@10: 0.7721
2020-01-07 23:29:06,188 ====> Recall@15: 0.8193
2020-01-07 23:29:06,188 ====> Recall@20: 0.8483
2020-01-07 23:29:06,188 ====> Recall@25: 0.8701
2020-01-07 23:29:06,255 ====> Building Cache
2020-01-07 23:29:06,257 h5feat cache at: /home/annora/NetVLAD/output/train_feat_cache1.hdf5
2020-01-07 23:29:54,532 Allocated:31.03076171875 MB
2020-01-07 23:29:54,532 Cached:3283.125 MB
2020-01-07 23:30:54,254 ==> Task[1]Epoch[26](50/458): Loss: 0.2780
2020-01-07 23:30:54,257 Allocated:33.03076171875 MB
2020-01-07 23:30:54,258 Cached:1112.5 MB
2020-01-07 23:31:34,428 ==> Task[1]Epoch[26](100/458): Loss: 0.2438
2020-01-07 23:31:34,430 Allocated:33.03076171875 MB
2020-01-07 23:31:34,431 Cached:1112.5 MB
2020-01-07 23:32:16,432 ==> Task[1]Epoch[26](150/458): Loss: 0.1881
2020-01-07 23:32:16,434 Allocated:33.03076171875 MB
2020-01-07 23:32:16,434 Cached:1111.5 MB
2020-01-07 23:32:55,758 ==> Task[1]Epoch[26](200/458): Loss: 0.2949
2020-01-07 23:32:55,760 Allocated:33.03076171875 MB
2020-01-07 23:32:55,760 Cached:1111.5 MB
2020-01-07 23:33:29,027 ==> Task[1]Epoch[26](250/458): Loss: 0.0118
2020-01-07 23:33:29,028 Allocated:33.03076171875 MB
2020-01-07 23:33:29,028 Cached:1111.5 MB
2020-01-07 23:34:06,270 ==> Task[1]Epoch[26](300/458): Loss: 0.1889
2020-01-07 23:34:06,272 Allocated:33.03076171875 MB
2020-01-07 23:34:06,272 Cached:1111.5 MB
2020-01-07 23:34:42,412 ==> Task[1]Epoch[26](350/458): Loss: 0.2758
2020-01-07 23:34:42,414 Allocated:33.03076171875 MB
2020-01-07 23:34:42,414 Cached:1111.5 MB
2020-01-07 23:35:17,136 ==> Task[1]Epoch[26](400/458): Loss: 0.2209
2020-01-07 23:35:17,138 Allocated:33.03076171875 MB
2020-01-07 23:35:17,138 Cached:1111.5 MB
2020-01-07 23:35:55,906 ==> Task[1]Epoch[26](450/458): Loss: 0.2540
2020-01-07 23:35:55,908 Allocated:33.03076171875 MB
2020-01-07 23:35:55,908 Cached:1111.5 MB
2020-01-07 23:36:02,727 ===> Task 1 Epoch 26 Complete: Avg. Loss: 0.2280
2020-01-07 23:36:02,728 begin test:
2020-01-07 23:36:02,729 ====> Extracting Features
2020-01-07 23:36:31,080 ==> Batch (50/123)
2020-01-07 23:36:50,391 ==> Batch (100/123)
2020-01-07 23:36:59,987 ====> Building faiss index
2020-01-07 23:36:59,997 ====> Calculating recall @ N
2020-01-07 23:37:01,629 ====> Recall@1: 0.4585
2020-01-07 23:37:01,630 ====> Recall@2: 0.5561
2020-01-07 23:37:01,631 ====> Recall@3: 0.6145
2020-01-07 23:37:01,631 ====> Recall@4: 0.6509
2020-01-07 23:37:01,632 ====> Recall@5: 0.6841
2020-01-07 23:37:01,632 ====> Recall@10: 0.7730
2020-01-07 23:37:01,632 ====> Recall@15: 0.8191
2020-01-07 23:37:01,632 ====> Recall@20: 0.8488
2020-01-07 23:37:01,633 ====> Recall@25: 0.8703
2020-01-07 23:37:01,697 ====> Building Cache
2020-01-07 23:37:01,698 h5feat cache at: /home/annora/NetVLAD/output/train_feat_cache1.hdf5
2020-01-07 23:37:49,266 Allocated:31.03076171875 MB
2020-01-07 23:37:49,267 Cached:3282.125 MB
2020-01-07 23:38:44,105 ==> Task[1]Epoch[27](50/458): Loss: 0.2802
2020-01-07 23:38:44,107 Allocated:33.03076171875 MB
2020-01-07 23:38:44,107 Cached:1112.5 MB
2020-01-07 23:39:19,536 ==> Task[1]Epoch[27](100/458): Loss: 0.2453
2020-01-07 23:39:19,539 Allocated:33.03076171875 MB
2020-01-07 23:39:19,539 Cached:1112.5 MB
2020-01-07 23:39:59,841 ==> Task[1]Epoch[27](150/458): Loss: 0.1890
2020-01-07 23:39:59,842 Allocated:33.03076171875 MB
2020-01-07 23:39:59,842 Cached:1112.5 MB
2020-01-07 23:40:39,393 ==> Task[1]Epoch[27](200/458): Loss: 0.2878
2020-01-07 23:40:39,396 Allocated:33.03076171875 MB
2020-01-07 23:40:39,397 Cached:1112.5 MB
2020-01-07 23:41:14,115 ==> Task[1]Epoch[27](250/458): Loss: 0.0116
2020-01-07 23:41:14,117 Allocated:33.03076171875 MB
2020-01-07 23:41:14,117 Cached:1111.5 MB
2020-01-07 23:41:50,870 ==> Task[1]Epoch[27](300/458): Loss: 0.1775
2020-01-07 23:41:50,872 Allocated:33.03076171875 MB
2020-01-07 23:41:50,873 Cached:1111.5 MB
2020-01-07 23:42:29,360 ==> Task[1]Epoch[27](350/458): Loss: 0.2788
2020-01-07 23:42:29,361 Allocated:33.03076171875 MB
2020-01-07 23:42:29,362 Cached:1111.5 MB
2020-01-07 23:43:05,624 ==> Task[1]Epoch[27](400/458): Loss: 0.2282
2020-01-07 23:43:05,626 Allocated:33.03076171875 MB
2020-01-07 23:43:05,626 Cached:1112.5 MB
2020-01-07 23:43:40,577 ==> Task[1]Epoch[27](450/458): Loss: 0.2540
2020-01-07 23:43:40,579 Allocated:33.03076171875 MB
2020-01-07 23:43:40,579 Cached:1111.5 MB
2020-01-07 23:43:46,370 ===> Task 1 Epoch 27 Complete: Avg. Loss: 0.2281
2020-01-07 23:43:46,371 begin test:
2020-01-07 23:43:46,372 ====> Extracting Features
2020-01-07 23:44:08,804 ==> Batch (50/123)
2020-01-07 23:44:24,569 ==> Batch (100/123)
2020-01-07 23:44:32,663 ====> Building faiss index
2020-01-07 23:44:32,672 ====> Calculating recall @ N
2020-01-07 23:44:33,831 ====> Recall@1: 0.4589
2020-01-07 23:44:33,832 ====> Recall@2: 0.5564
2020-01-07 23:44:33,833 ====> Recall@3: 0.6142
2020-01-07 23:44:33,833 ====> Recall@4: 0.6519
2020-01-07 23:44:33,833 ====> Recall@5: 0.6843
2020-01-07 23:44:33,833 ====> Recall@10: 0.7738
2020-01-07 23:44:33,834 ====> Recall@15: 0.8190
2020-01-07 23:44:33,834 ====> Recall@20: 0.8487
2020-01-07 23:44:33,834 ====> Recall@25: 0.8703
2020-01-07 23:44:33,958 ====> Building Cache
2020-01-07 23:44:33,959 h5feat cache at: /home/annora/NetVLAD/output/train_feat_cache1.hdf5
2020-01-07 23:45:18,079 Allocated:31.03076171875 MB
2020-01-07 23:45:18,080 Cached:3282.125 MB
2020-01-07 23:46:09,435 ==> Task[1]Epoch[28](50/458): Loss: 0.2814
2020-01-07 23:46:09,437 Allocated:33.03076171875 MB
2020-01-07 23:46:09,437 Cached:1112.5 MB
2020-01-07 23:46:43,026 ==> Task[1]Epoch[28](100/458): Loss: 0.2491
2020-01-07 23:46:43,028 Allocated:33.03076171875 MB
2020-01-07 23:46:43,028 Cached:1111.5 MB
2020-01-07 23:47:19,787 ==> Task[1]Epoch[28](150/458): Loss: 0.1869
2020-01-07 23:47:19,788 Allocated:33.03076171875 MB
2020-01-07 23:47:19,788 Cached:1111.5 MB
2020-01-07 23:47:55,671 ==> Task[1]Epoch[28](200/458): Loss: 0.2906
2020-01-07 23:47:55,672 Allocated:33.03076171875 MB
2020-01-07 23:47:55,673 Cached:1111.5 MB
2020-01-07 23:48:29,347 ==> Task[1]Epoch[28](250/458): Loss: 0.0390
2020-01-07 23:48:29,349 Allocated:33.03076171875 MB
2020-01-07 23:48:29,349 Cached:1111.5 MB
2020-01-07 23:49:04,556 ==> Task[1]Epoch[28](300/458): Loss: 0.1942
2020-01-07 23:49:04,558 Allocated:33.03076171875 MB
2020-01-07 23:49:04,558 Cached:1111.5 MB
2020-01-07 23:49:38,729 ==> Task[1]Epoch[28](350/458): Loss: 0.2804
2020-01-07 23:49:38,730 Allocated:33.03076171875 MB
2020-01-07 23:49:38,731 Cached:1112.5 MB
2020-01-07 23:50:10,764 ==> Task[1]Epoch[28](400/458): Loss: 0.2283
2020-01-07 23:50:10,766 Allocated:33.03076171875 MB
2020-01-07 23:50:10,766 Cached:1112.5 MB
2020-01-07 23:50:45,575 ==> Task[1]Epoch[28](450/458): Loss: 0.2491
2020-01-07 23:50:45,577 Allocated:33.03076171875 MB
2020-01-07 23:50:45,577 Cached:1112.5 MB
2020-01-07 23:50:51,131 ===> Task 1 Epoch 28 Complete: Avg. Loss: 0.2281
2020-01-07 23:50:51,132 begin test:
2020-01-07 23:50:51,133 ====> Extracting Features
2020-01-07 23:51:13,184 ==> Batch (50/123)
2020-01-07 23:51:29,166 ==> Batch (100/123)
2020-01-07 23:51:37,119 ====> Building faiss index
2020-01-07 23:51:37,127 ====> Calculating recall @ N
2020-01-07 23:51:38,279 ====> Recall@1: 0.4587
2020-01-07 23:51:38,280 ====> Recall@2: 0.5573
2020-01-07 23:51:38,280 ====> Recall@3: 0.6145
2020-01-07 23:51:38,280 ====> Recall@4: 0.6512
2020-01-07 23:51:38,280 ====> Recall@5: 0.6845
2020-01-07 23:51:38,281 ====> Recall@10: 0.7743
2020-01-07 23:51:38,281 ====> Recall@15: 0.8190
2020-01-07 23:51:38,281 ====> Recall@20: 0.8486
2020-01-07 23:51:38,281 ====> Recall@25: 0.8707
2020-01-07 23:51:38,403 ====> Building Cache
2020-01-07 23:51:38,404 h5feat cache at: /home/annora/NetVLAD/output/train_feat_cache1.hdf5
2020-01-07 23:52:23,009 Allocated:31.03076171875 MB
2020-01-07 23:52:23,009 Cached:3283.125 MB
2020-01-07 23:53:14,029 ==> Task[1]Epoch[29](50/458): Loss: 0.2811
2020-01-07 23:53:14,031 Allocated:33.03076171875 MB
2020-01-07 23:53:14,031 Cached:1112.5 MB
2020-01-07 23:53:49,763 ==> Task[1]Epoch[29](100/458): Loss: 0.2435
2020-01-07 23:53:49,765 Allocated:33.03076171875 MB
2020-01-07 23:53:49,765 Cached:1112.5 MB
2020-01-07 23:54:28,203 ==> Task[1]Epoch[29](150/458): Loss: 0.1797
2020-01-07 23:54:28,204 Allocated:33.03076171875 MB
2020-01-07 23:54:28,204 Cached:1112.5 MB
2020-01-07 23:55:04,708 ==> Task[1]Epoch[29](200/458): Loss: 0.2883
2020-01-07 23:55:04,710 Allocated:33.03076171875 MB
2020-01-07 23:55:04,710 Cached:1112.5 MB
2020-01-07 23:55:36,739 ==> Task[1]Epoch[29](250/458): Loss: 0.0070
2020-01-07 23:55:36,741 Allocated:33.03076171875 MB
2020-01-07 23:55:36,741 Cached:1111.5 MB
2020-01-07 23:56:11,029 ==> Task[1]Epoch[29](300/458): Loss: 0.1789
2020-01-07 23:56:11,030 Allocated:33.03076171875 MB
2020-01-07 23:56:11,030 Cached:1111.5 MB
2020-01-07 23:56:45,587 ==> Task[1]Epoch[29](350/458): Loss: 0.2781
2020-01-07 23:56:45,589 Allocated:33.03076171875 MB
2020-01-07 23:56:45,589 Cached:1111.5 MB
2020-01-07 23:57:17,330 ==> Task[1]Epoch[29](400/458): Loss: 0.2287
2020-01-07 23:57:17,332 Allocated:33.03076171875 MB
2020-01-07 23:57:17,332 Cached:1111.5 MB
2020-01-07 23:57:52,304 ==> Task[1]Epoch[29](450/458): Loss: 0.2512
2020-01-07 23:57:52,305 Allocated:33.03076171875 MB
2020-01-07 23:57:52,305 Cached:1111.5 MB
2020-01-07 23:57:57,955 ===> Task 1 Epoch 29 Complete: Avg. Loss: 0.2276
2020-01-07 23:57:57,956 begin test:
2020-01-07 23:57:57,957 ====> Extracting Features
2020-01-07 23:58:20,683 ==> Batch (50/123)
2020-01-07 23:58:37,037 ==> Batch (100/123)
2020-01-07 23:58:45,194 ====> Building faiss index
2020-01-07 23:58:45,202 ====> Calculating recall @ N
2020-01-07 23:58:46,372 ====> Recall@1: 0.4593
2020-01-07 23:58:46,373 ====> Recall@2: 0.5578
2020-01-07 23:58:46,373 ====> Recall@3: 0.6146
2020-01-07 23:58:46,374 ====> Recall@4: 0.6518
2020-01-07 23:58:46,374 ====> Recall@5: 0.6849
2020-01-07 23:58:46,374 ====> Recall@10: 0.7750
2020-01-07 23:58:46,374 ====> Recall@15: 0.8190
2020-01-07 23:58:46,374 ====> Recall@20: 0.8482
2020-01-07 23:58:46,375 ====> Recall@25: 0.8707
2020-01-07 23:58:46,487 ====> Building Cache
2020-01-07 23:58:46,487 h5feat cache at: /home/annora/NetVLAD/output/train_feat_cache1.hdf5
2020-01-07 23:59:33,545 Allocated:31.03076171875 MB
2020-01-07 23:59:33,546 Cached:3282.125 MB
2020-01-08 00:00:28,198 ==> Task[1]Epoch[30](50/458): Loss: 0.2825
2020-01-08 00:00:28,199 Allocated:33.03076171875 MB
2020-01-08 00:00:28,200 Cached:1112.5 MB
2020-01-08 00:01:01,790 ==> Task[1]Epoch[30](100/458): Loss: 0.2492
2020-01-08 00:01:01,792 Allocated:33.03076171875 MB
2020-01-08 00:01:01,792 Cached:1112.5 MB
2020-01-08 00:01:38,737 ==> Task[1]Epoch[30](150/458): Loss: 0.1899
2020-01-08 00:01:38,739 Allocated:33.03076171875 MB
2020-01-08 00:01:38,739 Cached:1112.5 MB
2020-01-08 00:02:14,099 ==> Task[1]Epoch[30](200/458): Loss: 0.2916
2020-01-08 00:02:14,100 Allocated:33.03076171875 MB
2020-01-08 00:02:14,101 Cached:1111.5 MB
2020-01-08 00:02:45,646 ==> Task[1]Epoch[30](250/458): Loss: 0.0704
2020-01-08 00:02:45,648 Allocated:33.03076171875 MB
2020-01-08 00:02:45,648 Cached:1112.5 MB
2020-01-08 00:03:19,222 ==> Task[1]Epoch[30](300/458): Loss: 0.1896
2020-01-08 00:03:19,223 Allocated:33.03076171875 MB
2020-01-08 00:03:19,224 Cached:1111.5 MB
2020-01-08 00:03:53,880 ==> Task[1]Epoch[30](350/458): Loss: 0.2818
2020-01-08 00:03:53,882 Allocated:33.03076171875 MB
2020-01-08 00:03:53,883 Cached:1111.5 MB
2020-01-08 00:04:25,811 ==> Task[1]Epoch[30](400/458): Loss: 0.2204
2020-01-08 00:04:25,813 Allocated:33.03076171875 MB
2020-01-08 00:04:25,813 Cached:1112.5 MB
2020-01-08 00:05:01,358 ==> Task[1]Epoch[30](450/458): Loss: 0.2544
2020-01-08 00:05:01,359 Allocated:33.03076171875 MB
2020-01-08 00:05:01,360 Cached:1111.5 MB
2020-01-08 00:05:07,580 ===> Task 1 Epoch 30 Complete: Avg. Loss: 0.2276
2020-01-08 00:05:07,581 begin test:
2020-01-08 00:05:07,582 ====> Extracting Features
2020-01-08 00:05:31,596 ==> Batch (50/123)
2020-01-08 00:05:49,317 ==> Batch (100/123)
2020-01-08 00:05:58,166 ====> Building faiss index
2020-01-08 00:05:58,174 ====> Calculating recall @ N
2020-01-08 00:05:59,434 ====> Recall@1: 0.4594
2020-01-08 00:05:59,434 ====> Recall@2: 0.5584
2020-01-08 00:05:59,435 ====> Recall@3: 0.6144
2020-01-08 00:05:59,435 ====> Recall@4: 0.6518
2020-01-08 00:05:59,435 ====> Recall@5: 0.6847
2020-01-08 00:05:59,435 ====> Recall@10: 0.7752
2020-01-08 00:05:59,435 ====> Recall@15: 0.8189
2020-01-08 00:05:59,436 ====> Recall@20: 0.8482
2020-01-08 00:05:59,436 ====> Recall@25: 0.8704
2020-01-08 00:05:59,492 => Best Recall@5: 0.6849
