2020-01-11 17:07:20,639 Namespace(arch='alexnet', batchSize=12, cacheBatchSize=96, cachePath='/home/annora/NetVLAD/output/', cacheRefreshRate=3000, ckpt='best', contilearn=True, dataPath='/home/annora/NetVLAD/output/data/', dataset='robotcar', evalEvery=1, fromscratch=False, fromtask='/home/annora/NetVLAD/output/runs/2020-01-10-17-07-00_alexnet_max', lr=0.001, lrGamma=0.5, lrStep=5, margin=0.1, mode='train', momentum=0.9, nEpochs=30, nGPU=1, nocuda=False, num_clusters=64, optim='SGD', patience=10, pooling='max', premodel='places', resume='', runsPath='/home/annora/NetVLAD/output/runs/', savePath='checkpoints', seed=123, split='val', start_epoch=0, threads=8, vladv2=False, weightDecay=0.001)
2020-01-11 17:07:20,697 ===> Loading dataset(s)
2020-01-11 17:07:20,697 trainfile ------>>>>>> oxRobocar_doubleN_train.mat
2020-01-11 17:07:23,330 ====> Training set: oxRobocar_doubleN_train.mat, query set count: 6404
2020-01-11 17:07:23,429 ===> Evaluating on val set: oxRobocar_doubleN_val.mat, query count: 3450
2020-01-11 17:07:23,429 ===> Building model
2020-01-11 17:07:23,481 encoder moder:
AlexNet(
  (conv1): Sequential(
    (0): Conv2d(3, 64, kernel_size=(11, 11), stride=(4, 4), padding=(2, 2))
    (1): ReLU(inplace)
    (2): MaxPool2d(kernel_size=3, stride=2, padding=0, dilation=1, ceil_mode=False)
  )
  (conv2): Sequential(
    (0): Conv2d(64, 192, kernel_size=(5, 5), stride=(1, 1), padding=(2, 2))
    (1): ReLU(inplace)
    (2): MaxPool2d(kernel_size=3, stride=2, padding=0, dilation=1, ceil_mode=False)
  )
  (conv3): Sequential(
    (0): Conv2d(192, 384, kernel_size=(3, 3), stride=(1, 1), padding=(1, 1))
    (1): ReLU(inplace)
  )
  (conv4): Sequential(
    (0): Conv2d(384, 256, kernel_size=(3, 3), stride=(1, 1), padding=(1, 1))
    (1): ReLU(inplace)
  )
  (conv5): Sequential(
    (0): Conv2d(256, 256, kernel_size=(3, 3), stride=(1, 1), padding=(1, 1))
  )
)
2020-01-11 17:07:27,637 => loading checkpoint '/home/annora/NetVLAD/output/runs/2020-01-10-17-07-00_alexnet_max/checkpoints/model_best.pth.tar'
2020-01-11 17:07:27,933 => loaded checkpoint '/home/annora/NetVLAD/output/runs/2020-01-10-17-07-00_alexnet_max/checkpoints/model_best.pth.tar' 
2020-01-11 17:07:27,933 ===> Training model
2020-01-11 17:07:27,935 ===> Saving state to: /home/annora/NetVLAD/output/runs/2020-01-11-17-07-27_alexnet_max
2020-01-11 17:07:27,936 ====> Building Cache
2020-01-11 17:07:27,936 feature cache--->>> /home/annora/NetVLAD/output/train_feat_cache1.hdf5
2020-01-11 17:09:03,553 Allocated:99.34619140625 MB
2020-01-11 17:09:03,553 Cached:2864.375 MB
2020-01-11 17:11:38,776 ==> Epoch[1](50/534): Loss: 0.2540
2020-01-11 17:11:38,778 Allocated:121.28369140625 MB
2020-01-11 17:11:38,779 Cached:6741.375 MB
2020-01-11 17:13:37,574 ==> Epoch[1](100/534): Loss: 0.2368
2020-01-11 17:13:37,575 Allocated:120.53369140625 MB
2020-01-11 17:13:37,575 Cached:6741.375 MB
2020-01-11 17:15:38,150 ==> Epoch[1](150/534): Loss: 0.2493
2020-01-11 17:15:38,152 Allocated:121.53369140625 MB
2020-01-11 17:15:38,153 Cached:6741.375 MB
2020-01-11 17:16:45,922 ====> Building Cache
2020-01-11 17:16:45,923 feature cache--->>> /home/annora/NetVLAD/output/train_feat_cache1.hdf5
2020-01-11 17:18:20,839 Allocated:121.033203125 MB
2020-01-11 17:18:20,839 Cached:2919.5 MB
2020-01-11 17:19:58,593 ==> Epoch[1](200/534): Loss: 0.2811
2020-01-11 17:19:58,595 Allocated:121.28369140625 MB
2020-01-11 17:19:58,595 Cached:6794.5 MB
2020-01-11 17:22:04,254 ==> Epoch[1](250/534): Loss: 0.2634
2020-01-11 17:22:04,255 Allocated:120.53369140625 MB
2020-01-11 17:22:04,256 Cached:6794.5 MB
2020-01-11 17:24:18,893 ==> Epoch[1](300/534): Loss: 0.2544
2020-01-11 17:24:18,894 Allocated:121.53369140625 MB
2020-01-11 17:24:18,895 Cached:6794.5 MB
2020-01-11 17:26:22,428 ==> Epoch[1](350/534): Loss: 0.2812
2020-01-11 17:26:22,430 Allocated:121.28369140625 MB
2020-01-11 17:26:22,430 Cached:6794.5 MB
2020-01-11 17:26:40,320 ====> Building Cache
2020-01-11 17:26:40,321 feature cache--->>> /home/annora/NetVLAD/output/train_feat_cache1.hdf5
2020-01-11 17:28:17,740 Allocated:121.033203125 MB
2020-01-11 17:28:17,741 Cached:2919.5 MB
2020-01-11 17:30:46,176 ==> Epoch[1](400/534): Loss: 0.2482
2020-01-11 17:30:46,178 Allocated:120.53369140625 MB
2020-01-11 17:30:46,178 Cached:6793.5 MB
2020-01-11 17:32:59,685 ==> Epoch[1](450/534): Loss: 0.2356
2020-01-11 17:32:59,687 Allocated:121.53369140625 MB
2020-01-11 17:32:59,687 Cached:6793.5 MB
2020-01-11 17:35:02,838 ==> Epoch[1](500/534): Loss: 0.2468
2020-01-11 17:35:02,839 Allocated:121.28369140625 MB
2020-01-11 17:35:02,839 Cached:6793.5 MB
2020-01-11 17:36:22,560 ===> Epoch 1 Complete: Avg. Loss: 0.2555
2020-01-11 17:36:22,561 ====> Extracting Features
2020-01-11 17:36:59,066 ==> Batch (50/108)
2020-01-11 17:37:26,570 ==> Batch (100/108)
2020-01-11 17:37:31,182 ====> Building faiss index
2020-01-11 17:37:31,185 ====> Calculating recall @ N
2020-01-11 17:37:31,791 ====> Recall@1: 0.5310
2020-01-11 17:37:31,792 ====> Recall@2: 0.5783
2020-01-11 17:37:31,793 ====> Recall@3: 0.6017
2020-01-11 17:37:31,793 ====> Recall@4: 0.6209
2020-01-11 17:37:31,793 ====> Recall@5: 0.6330
2020-01-11 17:37:31,793 ====> Recall@10: 0.6675
2020-01-11 17:37:31,794 ====> Recall@15: 0.6887
2020-01-11 17:37:31,794 ====> Recall@20: 0.7058
2020-01-11 17:37:31,794 ====> Recall@25: 0.7214
2020-01-11 17:37:32,086 ====> Building Cache
2020-01-11 17:37:32,087 feature cache--->>> /home/annora/NetVLAD/output/train_feat_cache1.hdf5
2020-01-11 17:39:14,237 Allocated:119.53369140625 MB
2020-01-11 17:39:14,237 Cached:4209.75 MB
2020-01-11 17:41:54,833 ==> Epoch[2](50/534): Loss: 0.2355
2020-01-11 17:41:54,834 Allocated:121.90869140625 MB
2020-01-11 17:41:54,835 Cached:8083.75 MB
2020-01-11 17:43:51,429 ==> Epoch[2](100/534): Loss: 0.2425
2020-01-11 17:43:51,431 Allocated:121.03369140625 MB
2020-01-11 17:43:51,431 Cached:8083.75 MB
2020-01-11 17:45:50,112 ==> Epoch[2](150/534): Loss: 0.2653
2020-01-11 17:45:50,113 Allocated:121.15869140625 MB
2020-01-11 17:45:50,113 Cached:8083.75 MB
2020-01-11 17:46:54,574 ====> Building Cache
2020-01-11 17:46:54,576 feature cache--->>> /home/annora/NetVLAD/output/train_feat_cache1.hdf5
2020-01-11 17:48:30,921 Allocated:121.033203125 MB
2020-01-11 17:48:30,922 Cached:2919.5 MB
2020-01-11 17:50:11,375 ==> Epoch[2](200/534): Loss: 0.2984
2020-01-11 17:50:11,377 Allocated:121.90869140625 MB
2020-01-11 17:50:11,377 Cached:6794.5 MB
2020-01-11 17:52:13,703 ==> Epoch[2](250/534): Loss: 0.2765
2020-01-11 17:52:13,704 Allocated:121.03369140625 MB
2020-01-11 17:52:13,704 Cached:6794.5 MB
2020-01-11 17:54:13,225 ==> Epoch[2](300/534): Loss: 0.2679
2020-01-11 17:54:13,237 Allocated:121.15869140625 MB
2020-01-11 17:54:13,238 Cached:6794.5 MB
2020-01-11 17:56:23,227 ==> Epoch[2](350/534): Loss: 0.2726
2020-01-11 17:56:23,229 Allocated:121.90869140625 MB
2020-01-11 17:56:23,230 Cached:6794.5 MB
2020-01-11 17:56:38,866 ====> Building Cache
2020-01-11 17:56:38,867 feature cache--->>> /home/annora/NetVLAD/output/train_feat_cache1.hdf5
2020-01-11 17:58:15,327 Allocated:121.658203125 MB
2020-01-11 17:58:15,327 Cached:2919.5 MB
2020-01-11 18:00:44,282 ==> Epoch[2](400/534): Loss: 0.2368
2020-01-11 18:00:44,284 Allocated:121.03369140625 MB
2020-01-11 18:00:44,285 Cached:6793.5 MB
2020-01-11 18:02:46,739 ==> Epoch[2](450/534): Loss: 0.2060
2020-01-11 18:02:46,740 Allocated:121.15869140625 MB
2020-01-11 18:02:46,741 Cached:6793.5 MB
2020-01-11 18:04:48,116 ==> Epoch[2](500/534): Loss: 0.2266
2020-01-11 18:04:48,117 Allocated:121.90869140625 MB
2020-01-11 18:04:48,117 Cached:6793.5 MB
2020-01-11 18:06:07,202 ===> Epoch 2 Complete: Avg. Loss: 0.2553
2020-01-11 18:06:07,204 ====> Extracting Features
2020-01-11 18:06:48,772 ==> Batch (50/108)
2020-01-11 18:07:13,640 ==> Batch (100/108)
2020-01-11 18:07:17,654 ====> Building faiss index
2020-01-11 18:07:17,657 ====> Calculating recall @ N
2020-01-11 18:07:18,118 ====> Recall@1: 0.5322
2020-01-11 18:07:18,119 ====> Recall@2: 0.5788
2020-01-11 18:07:18,120 ====> Recall@3: 0.6023
2020-01-11 18:07:18,120 ====> Recall@4: 0.6206
2020-01-11 18:07:18,121 ====> Recall@5: 0.6336
2020-01-11 18:07:18,121 ====> Recall@10: 0.6675
2020-01-11 18:07:18,121 ====> Recall@15: 0.6890
2020-01-11 18:07:18,121 ====> Recall@20: 0.7061
2020-01-11 18:07:18,122 ====> Recall@25: 0.7214
2020-01-11 18:07:18,874 ====> Building Cache
2020-01-11 18:07:18,875 feature cache--->>> /home/annora/NetVLAD/output/train_feat_cache1.hdf5
2020-01-11 18:09:02,454 Allocated:118.53369140625 MB
2020-01-11 18:09:02,455 Cached:4209.75 MB
2020-01-11 18:11:47,733 ==> Epoch[3](50/534): Loss: 0.2481
2020-01-11 18:11:47,734 Allocated:121.15869140625 MB
2020-01-11 18:11:47,734 Cached:8083.75 MB
2020-01-11 18:13:48,589 ==> Epoch[3](100/534): Loss: 0.2631
2020-01-11 18:13:48,591 Allocated:121.90869140625 MB
2020-01-11 18:13:48,591 Cached:8083.75 MB
2020-01-11 18:15:53,537 ==> Epoch[3](150/534): Loss: 0.2417
2020-01-11 18:15:53,538 Allocated:121.03369140625 MB
2020-01-11 18:15:53,538 Cached:8083.75 MB
2020-01-11 18:16:59,077 ====> Building Cache
2020-01-11 18:16:59,078 feature cache--->>> /home/annora/NetVLAD/output/train_feat_cache1.hdf5
2020-01-11 18:18:35,585 Allocated:122.533203125 MB
2020-01-11 18:18:35,586 Cached:2919.5 MB
2020-01-11 18:20:09,336 ==> Epoch[3](200/534): Loss: 0.2882
2020-01-11 18:20:09,338 Allocated:121.15869140625 MB
2020-01-11 18:20:09,339 Cached:6794.5 MB
2020-01-11 18:22:14,137 ==> Epoch[3](250/534): Loss: 0.2720
2020-01-11 18:22:14,139 Allocated:121.90869140625 MB
2020-01-11 18:22:14,139 Cached:6794.5 MB
2020-01-11 18:24:10,018 ==> Epoch[3](300/534): Loss: 0.2976
2020-01-11 18:24:10,021 Allocated:121.03369140625 MB
2020-01-11 18:24:10,021 Cached:6794.5 MB
2020-01-11 18:26:05,973 ==> Epoch[3](350/534): Loss: 0.2851
2020-01-11 18:26:05,974 Allocated:121.15869140625 MB
2020-01-11 18:26:05,974 Cached:6794.5 MB
2020-01-11 18:26:20,388 ====> Building Cache
2020-01-11 18:26:20,389 feature cache--->>> /home/annora/NetVLAD/output/train_feat_cache1.hdf5
2020-01-11 18:28:04,399 Allocated:121.533203125 MB
2020-01-11 18:28:04,400 Cached:2919.5 MB
2020-01-11 18:30:29,717 ==> Epoch[3](400/534): Loss: 0.2495
2020-01-11 18:30:29,719 Allocated:121.90869140625 MB
2020-01-11 18:30:29,719 Cached:6793.5 MB
2020-01-11 18:32:27,663 ==> Epoch[3](450/534): Loss: 0.2232
2020-01-11 18:32:27,665 Allocated:121.03369140625 MB
2020-01-11 18:32:27,666 Cached:6793.5 MB
2020-01-11 18:34:27,088 ==> Epoch[3](500/534): Loss: 0.2301
2020-01-11 18:34:27,090 Allocated:121.15869140625 MB
2020-01-11 18:34:27,090 Cached:6793.5 MB
2020-01-11 18:35:44,996 ===> Epoch 3 Complete: Avg. Loss: 0.2553
2020-01-11 18:35:44,998 ====> Extracting Features
2020-01-11 18:36:25,905 ==> Batch (50/108)
2020-01-11 18:37:05,086 ==> Batch (100/108)
2020-01-11 18:37:10,837 ====> Building faiss index
2020-01-11 18:37:10,842 ====> Calculating recall @ N
2020-01-11 18:37:11,404 ====> Recall@1: 0.5316
2020-01-11 18:37:11,408 ====> Recall@2: 0.5794
2020-01-11 18:37:11,409 ====> Recall@3: 0.6020
2020-01-11 18:37:11,409 ====> Recall@4: 0.6203
2020-01-11 18:37:11,410 ====> Recall@5: 0.6339
2020-01-11 18:37:11,410 ====> Recall@10: 0.6675
2020-01-11 18:37:11,410 ====> Recall@15: 0.6893
2020-01-11 18:37:11,410 ====> Recall@20: 0.7052
2020-01-11 18:37:11,410 ====> Recall@25: 0.7209
2020-01-11 18:37:12,210 ====> Building Cache
2020-01-11 18:37:12,211 feature cache--->>> /home/annora/NetVLAD/output/train_feat_cache1.hdf5
2020-01-11 18:38:59,650 Allocated:119.28369140625 MB
2020-01-11 18:38:59,650 Cached:4209.75 MB
2020-01-11 18:41:56,784 ==> Epoch[4](50/534): Loss: 0.2461
2020-01-11 18:41:56,785 Allocated:120.53369140625 MB
2020-01-11 18:41:56,786 Cached:8083.75 MB
2020-01-11 18:43:53,086 ==> Epoch[4](100/534): Loss: 0.2394
2020-01-11 18:43:53,087 Allocated:121.53369140625 MB
2020-01-11 18:43:53,088 Cached:8083.75 MB
2020-01-11 18:45:59,252 ==> Epoch[4](150/534): Loss: 0.2341
2020-01-11 18:45:59,254 Allocated:121.65869140625 MB
2020-01-11 18:45:59,254 Cached:8083.75 MB
2020-01-11 18:47:17,439 ====> Building Cache
2020-01-11 18:47:17,440 feature cache--->>> /home/annora/NetVLAD/output/train_feat_cache1.hdf5
2020-01-11 18:48:59,510 Allocated:120.533203125 MB
2020-01-11 18:48:59,511 Cached:2919.5 MB
2020-01-11 18:50:30,545 ==> Epoch[4](200/534): Loss: 0.2765
2020-01-11 18:50:30,548 Allocated:120.53369140625 MB
2020-01-11 18:50:30,548 Cached:6794.5 MB
2020-01-11 18:52:33,913 ==> Epoch[4](250/534): Loss: 0.2668
2020-01-11 18:52:33,915 Allocated:121.53369140625 MB
2020-01-11 18:52:33,915 Cached:6794.5 MB
2020-01-11 18:54:25,189 ==> Epoch[4](300/534): Loss: 0.2978
2020-01-11 18:54:25,191 Allocated:121.65869140625 MB
2020-01-11 18:54:25,191 Cached:6794.5 MB
2020-01-11 18:56:20,582 ==> Epoch[4](350/534): Loss: 0.2485
2020-01-11 18:56:20,583 Allocated:120.53369140625 MB
2020-01-11 18:56:20,584 Cached:6794.5 MB
2020-01-11 18:56:33,916 ====> Building Cache
2020-01-11 18:56:33,916 feature cache--->>> /home/annora/NetVLAD/output/train_feat_cache1.hdf5
2020-01-11 18:58:01,670 Allocated:120.533203125 MB
2020-01-11 18:58:01,670 Cached:2919.5 MB
2020-01-11 19:00:18,058 ==> Epoch[4](400/534): Loss: 0.2333
2020-01-11 19:00:18,060 Allocated:121.53369140625 MB
2020-01-11 19:00:18,060 Cached:6793.5 MB
2020-01-11 19:02:06,955 ==> Epoch[4](450/534): Loss: 0.2387
2020-01-11 19:02:06,957 Allocated:121.65869140625 MB
2020-01-11 19:02:06,957 Cached:6793.5 MB
2020-01-11 19:03:57,172 ==> Epoch[4](500/534): Loss: 0.2581
2020-01-11 19:03:57,174 Allocated:120.53369140625 MB
2020-01-11 19:03:57,174 Cached:6793.5 MB
2020-01-11 19:05:13,867 ===> Epoch 4 Complete: Avg. Loss: 0.2553
2020-01-11 19:05:13,869 ====> Extracting Features
2020-01-11 19:05:52,213 ==> Batch (50/108)
2020-01-11 19:06:15,767 ==> Batch (100/108)
2020-01-11 19:06:19,453 ====> Building faiss index
2020-01-11 19:06:19,455 ====> Calculating recall @ N
2020-01-11 19:06:19,917 ====> Recall@1: 0.5313
2020-01-11 19:06:19,918 ====> Recall@2: 0.5809
2020-01-11 19:06:19,918 ====> Recall@3: 0.6026
2020-01-11 19:06:19,918 ====> Recall@4: 0.6197
2020-01-11 19:06:19,918 ====> Recall@5: 0.6342
2020-01-11 19:06:19,919 ====> Recall@10: 0.6675
2020-01-11 19:06:19,919 ====> Recall@15: 0.6890
2020-01-11 19:06:19,919 ====> Recall@20: 0.7055
2020-01-11 19:06:19,919 ====> Recall@25: 0.7209
2020-01-11 19:06:20,643 ====> Building Cache
2020-01-11 19:06:20,643 feature cache--->>> /home/annora/NetVLAD/output/train_feat_cache1.hdf5
2020-01-11 19:07:49,056 Allocated:119.90869140625 MB
2020-01-11 19:07:49,056 Cached:4209.75 MB
2020-01-11 19:10:20,849 ==> Epoch[5](50/534): Loss: 0.2338
2020-01-11 19:10:20,851 Allocated:121.53369140625 MB
2020-01-11 19:10:20,851 Cached:8083.75 MB
2020-01-11 19:12:23,311 ==> Epoch[5](100/534): Loss: 0.2259
2020-01-11 19:12:23,312 Allocated:121.28369140625 MB
2020-01-11 19:12:23,312 Cached:8083.75 MB
2020-01-11 19:14:17,473 ==> Epoch[5](150/534): Loss: 0.2321
2020-01-11 19:14:17,474 Allocated:120.53369140625 MB
2020-01-11 19:14:17,474 Cached:8083.75 MB
2020-01-11 19:15:17,170 ====> Building Cache
2020-01-11 19:15:17,171 feature cache--->>> /home/annora/NetVLAD/output/train_feat_cache1.hdf5
2020-01-11 19:16:44,712 Allocated:120.533203125 MB
2020-01-11 19:16:44,713 Cached:2919.5 MB
2020-01-11 19:18:06,862 ==> Epoch[5](200/534): Loss: 0.2811
2020-01-11 19:18:06,864 Allocated:121.53369140625 MB
2020-01-11 19:18:06,864 Cached:6794.5 MB
2020-01-11 19:19:56,318 ==> Epoch[5](250/534): Loss: 0.2871
2020-01-11 19:19:56,319 Allocated:121.28369140625 MB
2020-01-11 19:19:56,319 Cached:6794.5 MB
2020-01-11 19:21:49,436 ==> Epoch[5](300/534): Loss: 0.2604
2020-01-11 19:21:49,438 Allocated:120.53369140625 MB
2020-01-11 19:21:49,438 Cached:6794.5 MB
2020-01-11 19:23:42,989 ==> Epoch[5](350/534): Loss: 0.2677
2020-01-11 19:23:42,990 Allocated:121.53369140625 MB
2020-01-11 19:23:42,990 Cached:6794.5 MB
2020-01-11 19:23:57,259 ====> Building Cache
2020-01-11 19:23:57,260 feature cache--->>> /home/annora/NetVLAD/output/train_feat_cache1.hdf5
2020-01-11 19:25:27,878 Allocated:121.908203125 MB
2020-01-11 19:25:27,878 Cached:2919.5 MB
2020-01-11 19:27:36,805 ==> Epoch[5](400/534): Loss: 0.2370
2020-01-11 19:27:36,806 Allocated:121.28369140625 MB
2020-01-11 19:27:36,807 Cached:6793.5 MB
2020-01-11 19:29:33,570 ==> Epoch[5](450/534): Loss: 0.2534
2020-01-11 19:29:33,571 Allocated:120.53369140625 MB
2020-01-11 19:29:33,572 Cached:6793.5 MB
2020-01-11 19:31:32,104 ==> Epoch[5](500/534): Loss: 0.2588
2020-01-11 19:31:32,105 Allocated:121.53369140625 MB
2020-01-11 19:31:32,105 Cached:6793.5 MB
2020-01-11 19:32:54,399 ===> Epoch 5 Complete: Avg. Loss: 0.2552
2020-01-11 19:32:54,400 ====> Extracting Features
2020-01-11 19:33:29,160 ==> Batch (50/108)
2020-01-11 19:33:52,085 ==> Batch (100/108)
2020-01-11 19:33:55,987 ====> Building faiss index
2020-01-11 19:33:55,988 ====> Calculating recall @ N
2020-01-11 19:33:56,450 ====> Recall@1: 0.5330
2020-01-11 19:33:56,451 ====> Recall@2: 0.5809
2020-01-11 19:33:56,451 ====> Recall@3: 0.6026
2020-01-11 19:33:56,451 ====> Recall@4: 0.6203
2020-01-11 19:33:56,452 ====> Recall@5: 0.6330
2020-01-11 19:33:56,452 ====> Recall@10: 0.6678
2020-01-11 19:33:56,452 ====> Recall@15: 0.6893
2020-01-11 19:33:56,452 ====> Recall@20: 0.7052
2020-01-11 19:33:56,453 ====> Recall@25: 0.7212
2020-01-11 19:33:56,821 ====> Building Cache
2020-01-11 19:33:56,821 feature cache--->>> /home/annora/NetVLAD/output/train_feat_cache1.hdf5
2020-01-11 19:35:23,556 Allocated:118.53369140625 MB
2020-01-11 19:35:23,557 Cached:4209.75 MB
2020-01-11 19:37:58,795 ==> Epoch[6](50/534): Loss: 0.2353
2020-01-11 19:37:58,796 Allocated:121.90869140625 MB
2020-01-11 19:37:58,797 Cached:8083.75 MB
2020-01-11 19:39:51,338 ==> Epoch[6](100/534): Loss: 0.2391
2020-01-11 19:39:51,340 Allocated:121.03369140625 MB
2020-01-11 19:39:51,340 Cached:8083.75 MB
2020-01-11 19:41:39,390 ==> Epoch[6](150/534): Loss: 0.2231
2020-01-11 19:41:39,392 Allocated:121.15869140625 MB
2020-01-11 19:41:39,392 Cached:8083.75 MB
2020-01-11 19:42:40,013 ====> Building Cache
2020-01-11 19:42:40,015 feature cache--->>> /home/annora/NetVLAD/output/train_feat_cache1.hdf5
2020-01-11 19:44:08,914 Allocated:121.033203125 MB
2020-01-11 19:44:08,914 Cached:2919.5 MB
2020-01-11 19:45:28,129 ==> Epoch[6](200/534): Loss: 0.2708
2020-01-11 19:45:28,132 Allocated:121.90869140625 MB
2020-01-11 19:45:28,132 Cached:6794.5 MB
2020-01-11 19:47:31,061 ==> Epoch[6](250/534): Loss: 0.2501
2020-01-11 19:47:31,062 Allocated:121.03369140625 MB
2020-01-11 19:47:31,063 Cached:6794.5 MB
2020-01-11 19:49:34,428 ==> Epoch[6](300/534): Loss: 0.2827
2020-01-11 19:49:34,429 Allocated:121.15869140625 MB
2020-01-11 19:49:34,429 Cached:6794.5 MB
2020-01-11 19:51:32,665 ==> Epoch[6](350/534): Loss: 0.2770
2020-01-11 19:51:32,667 Allocated:121.90869140625 MB
2020-01-11 19:51:32,668 Cached:6794.5 MB
2020-01-11 19:51:46,939 ====> Building Cache
2020-01-11 19:51:46,941 feature cache--->>> /home/annora/NetVLAD/output/train_feat_cache1.hdf5
2020-01-11 19:53:22,458 Allocated:121.658203125 MB
2020-01-11 19:53:22,458 Cached:2919.5 MB
2020-01-11 19:55:47,298 ==> Epoch[6](400/534): Loss: 0.2448
2020-01-11 19:55:47,300 Allocated:121.03369140625 MB
2020-01-11 19:55:47,300 Cached:6793.5 MB
2020-01-11 19:57:48,256 ==> Epoch[6](450/534): Loss: 0.2480
2020-01-11 19:57:48,258 Allocated:121.15869140625 MB
2020-01-11 19:57:48,258 Cached:6793.5 MB
2020-01-11 19:59:51,970 ==> Epoch[6](500/534): Loss: 0.2324
2020-01-11 19:59:51,971 Allocated:121.90869140625 MB
2020-01-11 19:59:51,971 Cached:6793.5 MB
2020-01-11 20:01:09,319 ===> Epoch 6 Complete: Avg. Loss: 0.2553
2020-01-11 20:01:09,321 ====> Extracting Features
2020-01-11 20:01:49,418 ==> Batch (50/108)
2020-01-11 20:02:20,895 ==> Batch (100/108)
2020-01-11 20:02:25,208 ====> Building faiss index
2020-01-11 20:02:25,210 ====> Calculating recall @ N
2020-01-11 20:02:25,627 ====> Recall@1: 0.5336
2020-01-11 20:02:25,628 ====> Recall@2: 0.5812
2020-01-11 20:02:25,628 ====> Recall@3: 0.6026
2020-01-11 20:02:25,628 ====> Recall@4: 0.6197
2020-01-11 20:02:25,629 ====> Recall@5: 0.6330
2020-01-11 20:02:25,629 ====> Recall@10: 0.6681
2020-01-11 20:02:25,629 ====> Recall@15: 0.6890
2020-01-11 20:02:25,629 ====> Recall@20: 0.7052
2020-01-11 20:02:25,630 ====> Recall@25: 0.7214
2020-01-11 20:02:26,007 ====> Building Cache
2020-01-11 20:02:26,007 feature cache--->>> /home/annora/NetVLAD/output/train_feat_cache1.hdf5
2020-01-11 20:04:02,474 Allocated:118.53369140625 MB
2020-01-11 20:04:02,474 Cached:4209.75 MB
2020-01-11 20:06:50,547 ==> Epoch[7](50/534): Loss: 0.2533
2020-01-11 20:06:50,549 Allocated:121.15869140625 MB
2020-01-11 20:06:50,549 Cached:8083.75 MB
2020-01-11 20:08:53,209 ==> Epoch[7](100/534): Loss: 0.2572
2020-01-11 20:08:53,211 Allocated:121.90869140625 MB
2020-01-11 20:08:53,211 Cached:8083.75 MB
2020-01-11 20:10:49,051 ==> Epoch[7](150/534): Loss: 0.2508
2020-01-11 20:10:49,053 Allocated:121.03369140625 MB
2020-01-11 20:10:49,053 Cached:8083.75 MB
2020-01-11 20:11:57,917 ====> Building Cache
2020-01-11 20:11:57,917 feature cache--->>> /home/annora/NetVLAD/output/train_feat_cache1.hdf5
2020-01-11 20:13:32,949 Allocated:122.533203125 MB
2020-01-11 20:13:32,950 Cached:2919.5 MB
2020-01-11 20:15:14,412 ==> Epoch[7](200/534): Loss: 0.2918
2020-01-11 20:15:14,414 Allocated:121.15869140625 MB
2020-01-11 20:15:14,414 Cached:6794.5 MB
2020-01-11 20:17:14,834 ==> Epoch[7](250/534): Loss: 0.2660
2020-01-11 20:17:14,836 Allocated:121.90869140625 MB
2020-01-11 20:17:14,836 Cached:6794.5 MB
2020-01-11 20:19:22,171 ==> Epoch[7](300/534): Loss: 0.2726
2020-01-11 20:19:22,173 Allocated:121.03369140625 MB
2020-01-11 20:19:22,174 Cached:6794.5 MB
2020-01-11 20:21:31,344 ==> Epoch[7](350/534): Loss: 0.2675
2020-01-11 20:21:31,346 Allocated:121.15869140625 MB
2020-01-11 20:21:31,346 Cached:6794.5 MB
2020-01-11 20:21:46,402 ====> Building Cache
2020-01-11 20:21:46,403 feature cache--->>> /home/annora/NetVLAD/output/train_feat_cache1.hdf5
2020-01-11 20:23:23,219 Allocated:121.533203125 MB
2020-01-11 20:23:23,219 Cached:2919.5 MB
2020-01-11 20:25:44,136 ==> Epoch[7](400/534): Loss: 0.2425
2020-01-11 20:25:44,139 Allocated:121.90869140625 MB
2020-01-11 20:25:44,139 Cached:6793.5 MB
2020-01-11 20:27:55,835 ==> Epoch[7](450/534): Loss: 0.2517
2020-01-11 20:27:55,837 Allocated:121.03369140625 MB
2020-01-11 20:27:55,837 Cached:6793.5 MB
2020-01-11 20:30:02,469 ==> Epoch[7](500/534): Loss: 0.2266
2020-01-11 20:30:02,470 Allocated:121.15869140625 MB
2020-01-11 20:30:02,470 Cached:6793.5 MB
2020-01-11 20:31:19,938 ===> Epoch 7 Complete: Avg. Loss: 0.2552
2020-01-11 20:31:19,939 ====> Extracting Features
2020-01-11 20:31:59,179 ==> Batch (50/108)
2020-01-11 20:32:24,159 ==> Batch (100/108)
2020-01-11 20:32:27,265 ====> Building faiss index
2020-01-11 20:32:27,267 ====> Calculating recall @ N
2020-01-11 20:32:27,820 ====> Recall@1: 0.5336
2020-01-11 20:32:27,821 ====> Recall@2: 0.5814
2020-01-11 20:32:27,821 ====> Recall@3: 0.6029
2020-01-11 20:32:27,821 ====> Recall@4: 0.6188
2020-01-11 20:32:27,822 ====> Recall@5: 0.6336
2020-01-11 20:32:27,822 ====> Recall@10: 0.6681
2020-01-11 20:32:27,822 ====> Recall@15: 0.6893
2020-01-11 20:32:27,822 ====> Recall@20: 0.7049
2020-01-11 20:32:27,822 ====> Recall@25: 0.7206
2020-01-11 20:32:28,216 ====> Building Cache
2020-01-11 20:32:28,217 feature cache--->>> /home/annora/NetVLAD/output/train_feat_cache1.hdf5
2020-01-11 20:34:16,284 Allocated:119.28369140625 MB
2020-01-11 20:34:16,285 Cached:4209.75 MB
2020-01-11 20:37:06,041 ==> Epoch[8](50/534): Loss: 0.2232
2020-01-11 20:37:06,043 Allocated:120.53369140625 MB
2020-01-11 20:37:06,044 Cached:8083.75 MB
2020-01-11 20:39:05,395 ==> Epoch[8](100/534): Loss: 0.2628
2020-01-11 20:39:05,397 Allocated:121.53369140625 MB
2020-01-11 20:39:05,397 Cached:8083.75 MB
2020-01-11 20:41:10,077 ==> Epoch[8](150/534): Loss: 0.2469
2020-01-11 20:41:10,079 Allocated:121.65869140625 MB
2020-01-11 20:41:10,079 Cached:8083.75 MB
2020-01-11 20:42:21,149 ====> Building Cache
2020-01-11 20:42:21,150 feature cache--->>> /home/annora/NetVLAD/output/train_feat_cache1.hdf5
2020-01-11 20:43:59,378 Allocated:120.533203125 MB
2020-01-11 20:43:59,378 Cached:2919.5 MB
2020-01-11 20:45:31,328 ==> Epoch[8](200/534): Loss: 0.2821
2020-01-11 20:45:31,330 Allocated:120.53369140625 MB
2020-01-11 20:45:31,330 Cached:6794.5 MB
2020-01-11 20:47:34,099 ==> Epoch[8](250/534): Loss: 0.2749
2020-01-11 20:47:34,100 Allocated:121.53369140625 MB
2020-01-11 20:47:34,100 Cached:6794.5 MB
2020-01-11 20:49:38,358 ==> Epoch[8](300/534): Loss: 0.2929
2020-01-11 20:49:38,360 Allocated:121.65869140625 MB
2020-01-11 20:49:38,361 Cached:6794.5 MB
2020-01-11 20:51:41,543 ==> Epoch[8](350/534): Loss: 0.2656
2020-01-11 20:51:41,544 Allocated:120.53369140625 MB
2020-01-11 20:51:41,544 Cached:6794.5 MB
2020-01-11 20:52:00,172 ====> Building Cache
2020-01-11 20:52:00,173 feature cache--->>> /home/annora/NetVLAD/output/train_feat_cache1.hdf5
2020-01-11 20:53:44,084 Allocated:120.533203125 MB
2020-01-11 20:53:44,085 Cached:2919.5 MB
2020-01-11 20:56:06,690 ==> Epoch[8](400/534): Loss: 0.2381
2020-01-11 20:56:06,692 Allocated:121.53369140625 MB
2020-01-11 20:56:06,692 Cached:6793.5 MB
2020-01-11 20:58:09,818 ==> Epoch[8](450/534): Loss: 0.2383
2020-01-11 20:58:09,820 Allocated:121.65869140625 MB
2020-01-11 20:58:09,821 Cached:6793.5 MB
2020-01-11 21:00:21,393 ==> Epoch[8](500/534): Loss: 0.2445
2020-01-11 21:00:21,394 Allocated:120.53369140625 MB
2020-01-11 21:00:21,394 Cached:6793.5 MB
2020-01-11 21:01:40,664 ===> Epoch 8 Complete: Avg. Loss: 0.2552
2020-01-11 21:01:40,666 ====> Extracting Features
2020-01-11 21:02:23,086 ==> Batch (50/108)
2020-01-11 21:02:47,586 ==> Batch (100/108)
2020-01-11 21:02:51,668 ====> Building faiss index
2020-01-11 21:02:51,670 ====> Calculating recall @ N
2020-01-11 21:02:52,142 ====> Recall@1: 0.5339
2020-01-11 21:02:52,143 ====> Recall@2: 0.5809
2020-01-11 21:02:52,143 ====> Recall@3: 0.6032
2020-01-11 21:02:52,143 ====> Recall@4: 0.6191
2020-01-11 21:02:52,144 ====> Recall@5: 0.6339
2020-01-11 21:02:52,144 ====> Recall@10: 0.6675
2020-01-11 21:02:52,144 ====> Recall@15: 0.6896
2020-01-11 21:02:52,144 ====> Recall@20: 0.7046
2020-01-11 21:02:52,144 ====> Recall@25: 0.7206
2020-01-11 21:02:52,556 ====> Building Cache
2020-01-11 21:02:52,557 feature cache--->>> /home/annora/NetVLAD/output/train_feat_cache1.hdf5
2020-01-11 21:04:41,253 Allocated:119.90869140625 MB
2020-01-11 21:04:41,253 Cached:4209.75 MB
2020-01-11 21:07:24,039 ==> Epoch[9](50/534): Loss: 0.2338
2020-01-11 21:07:24,040 Allocated:121.53369140625 MB
2020-01-11 21:07:24,041 Cached:8083.75 MB
2020-01-11 21:09:18,786 ==> Epoch[9](100/534): Loss: 0.2526
2020-01-11 21:09:18,788 Allocated:121.28369140625 MB
2020-01-11 21:09:18,788 Cached:8083.75 MB
2020-01-11 21:11:20,550 ==> Epoch[9](150/534): Loss: 0.2483
2020-01-11 21:11:20,552 Allocated:120.53369140625 MB
2020-01-11 21:11:20,552 Cached:8083.75 MB
2020-01-11 21:12:32,514 ====> Building Cache
2020-01-11 21:12:32,516 feature cache--->>> /home/annora/NetVLAD/output/train_feat_cache1.hdf5
2020-01-11 21:14:11,349 Allocated:120.533203125 MB
2020-01-11 21:14:11,349 Cached:2919.5 MB
2020-01-11 21:15:38,629 ==> Epoch[9](200/534): Loss: 0.2736
2020-01-11 21:15:38,630 Allocated:121.53369140625 MB
2020-01-11 21:15:38,631 Cached:6794.5 MB
2020-01-11 21:17:36,859 ==> Epoch[9](250/534): Loss: 0.2788
2020-01-11 21:17:36,860 Allocated:121.28369140625 MB
2020-01-11 21:17:36,860 Cached:6794.5 MB
2020-01-11 21:19:44,631 ==> Epoch[9](300/534): Loss: 0.2819
2020-01-11 21:19:44,633 Allocated:120.53369140625 MB
2020-01-11 21:19:44,633 Cached:6794.5 MB
2020-01-11 21:21:42,494 ==> Epoch[9](350/534): Loss: 0.2677
2020-01-11 21:21:42,496 Allocated:121.53369140625 MB
2020-01-11 21:21:42,496 Cached:6794.5 MB
2020-01-11 21:21:56,212 ====> Building Cache
2020-01-11 21:21:56,212 feature cache--->>> /home/annora/NetVLAD/output/train_feat_cache1.hdf5
2020-01-11 21:23:33,672 Allocated:121.908203125 MB
2020-01-11 21:23:33,673 Cached:2919.5 MB
2020-01-11 21:26:06,084 ==> Epoch[9](400/534): Loss: 0.2439
2020-01-11 21:26:06,086 Allocated:121.28369140625 MB
2020-01-11 21:26:06,086 Cached:6793.5 MB
2020-01-11 21:28:06,131 ==> Epoch[9](450/534): Loss: 0.2404
2020-01-11 21:28:06,132 Allocated:120.53369140625 MB
2020-01-11 21:28:06,132 Cached:6793.5 MB
2020-01-11 21:30:11,521 ==> Epoch[9](500/534): Loss: 0.2426
2020-01-11 21:30:11,522 Allocated:121.53369140625 MB
2020-01-11 21:30:11,523 Cached:6793.5 MB
2020-01-11 21:31:42,255 ===> Epoch 9 Complete: Avg. Loss: 0.2552
2020-01-11 21:31:42,257 ====> Extracting Features
2020-01-11 21:32:34,155 ==> Batch (50/108)
2020-01-11 21:33:03,538 ==> Batch (100/108)
2020-01-11 21:33:09,423 ====> Building faiss index
2020-01-11 21:33:09,426 ====> Calculating recall @ N
2020-01-11 21:33:10,073 ====> Recall@1: 0.5348
2020-01-11 21:33:10,073 ====> Recall@2: 0.5812
2020-01-11 21:33:10,074 ====> Recall@3: 0.6035
2020-01-11 21:33:10,074 ====> Recall@4: 0.6186
2020-01-11 21:33:10,074 ====> Recall@5: 0.6345
2020-01-11 21:33:10,074 ====> Recall@10: 0.6672
2020-01-11 21:33:10,075 ====> Recall@15: 0.6890
2020-01-11 21:33:10,075 ====> Recall@20: 0.7052
2020-01-11 21:33:10,075 ====> Recall@25: 0.7197
2020-01-11 21:33:10,884 ====> Building Cache
2020-01-11 21:33:10,884 feature cache--->>> /home/annora/NetVLAD/output/train_feat_cache1.hdf5
2020-01-11 21:34:53,142 Allocated:118.53369140625 MB
2020-01-11 21:34:53,142 Cached:4209.75 MB
2020-01-11 21:37:33,637 ==> Epoch[10](50/534): Loss: 0.2329
2020-01-11 21:37:33,639 Allocated:121.90869140625 MB
2020-01-11 21:37:33,639 Cached:8083.75 MB
2020-01-11 21:39:35,951 ==> Epoch[10](100/534): Loss: 0.2451
2020-01-11 21:39:35,952 Allocated:121.03369140625 MB
2020-01-11 21:39:35,952 Cached:8083.75 MB
2020-01-11 21:41:38,081 ==> Epoch[10](150/534): Loss: 0.2491
2020-01-11 21:41:38,083 Allocated:121.15869140625 MB
2020-01-11 21:41:38,083 Cached:8083.75 MB
2020-01-11 21:42:43,073 ====> Building Cache
2020-01-11 21:42:43,073 feature cache--->>> /home/annora/NetVLAD/output/train_feat_cache1.hdf5
2020-01-11 21:44:26,351 Allocated:121.033203125 MB
2020-01-11 21:44:26,351 Cached:2919.5 MB
2020-01-11 21:46:03,603 ==> Epoch[10](200/534): Loss: 0.2770
2020-01-11 21:46:03,605 Allocated:121.90869140625 MB
2020-01-11 21:46:03,605 Cached:6794.5 MB
2020-01-11 21:48:08,563 ==> Epoch[10](250/534): Loss: 0.2840
2020-01-11 21:48:08,564 Allocated:121.03369140625 MB
2020-01-11 21:48:08,564 Cached:6794.5 MB
2020-01-11 21:50:10,244 ==> Epoch[10](300/534): Loss: 0.2718
2020-01-11 21:50:10,246 Allocated:121.15869140625 MB
2020-01-11 21:50:10,246 Cached:6794.5 MB
2020-01-11 21:52:11,963 ==> Epoch[10](350/534): Loss: 0.2757
2020-01-11 21:52:11,965 Allocated:121.90869140625 MB
2020-01-11 21:52:11,965 Cached:6794.5 MB
2020-01-11 21:52:26,336 ====> Building Cache
2020-01-11 21:52:26,336 feature cache--->>> /home/annora/NetVLAD/output/train_feat_cache1.hdf5
2020-01-11 21:54:03,574 Allocated:121.658203125 MB
2020-01-11 21:54:03,575 Cached:2919.5 MB
2020-01-11 21:56:34,965 ==> Epoch[10](400/534): Loss: 0.2510
2020-01-11 21:56:34,966 Allocated:121.03369140625 MB
2020-01-11 21:56:34,967 Cached:6793.5 MB
2020-01-11 21:58:34,387 ==> Epoch[10](450/534): Loss: 0.2334
2020-01-11 21:58:34,389 Allocated:121.15869140625 MB
2020-01-11 21:58:34,389 Cached:6793.5 MB
2020-01-11 22:00:36,251 ==> Epoch[10](500/534): Loss: 0.2352
2020-01-11 22:00:36,252 Allocated:121.90869140625 MB
2020-01-11 22:00:36,253 Cached:6793.5 MB
2020-01-11 22:01:57,421 ===> Epoch 10 Complete: Avg. Loss: 0.2552
2020-01-11 22:01:57,423 ====> Extracting Features
2020-01-11 22:02:40,602 ==> Batch (50/108)
2020-01-11 22:03:07,619 ==> Batch (100/108)
2020-01-11 22:03:11,438 ====> Building faiss index
2020-01-11 22:03:11,440 ====> Calculating recall @ N
2020-01-11 22:03:11,961 ====> Recall@1: 0.5351
2020-01-11 22:03:11,961 ====> Recall@2: 0.5812
2020-01-11 22:03:11,962 ====> Recall@3: 0.6043
2020-01-11 22:03:11,962 ====> Recall@4: 0.6186
2020-01-11 22:03:11,962 ====> Recall@5: 0.6351
2020-01-11 22:03:11,962 ====> Recall@10: 0.6672
2020-01-11 22:03:11,962 ====> Recall@15: 0.6887
2020-01-11 22:03:11,963 ====> Recall@20: 0.7046
2020-01-11 22:03:11,963 ====> Recall@25: 0.7200
2020-01-11 22:03:12,675 ====> Building Cache
2020-01-11 22:03:12,676 feature cache--->>> /home/annora/NetVLAD/output/train_feat_cache1.hdf5
2020-01-11 22:04:50,630 Allocated:118.53369140625 MB
2020-01-11 22:04:50,630 Cached:4209.75 MB
2020-01-11 22:07:33,387 ==> Epoch[11](50/534): Loss: 0.2156
2020-01-11 22:07:33,388 Allocated:121.15869140625 MB
2020-01-11 22:07:33,388 Cached:8083.75 MB
2020-01-11 22:09:39,003 ==> Epoch[11](100/534): Loss: 0.2599
2020-01-11 22:09:39,005 Allocated:121.90869140625 MB
2020-01-11 22:09:39,005 Cached:8083.75 MB
2020-01-11 22:11:37,079 ==> Epoch[11](150/534): Loss: 0.2548
2020-01-11 22:11:37,080 Allocated:121.03369140625 MB
2020-01-11 22:11:37,080 Cached:8083.75 MB
2020-01-11 22:12:45,936 ====> Building Cache
2020-01-11 22:12:45,938 feature cache--->>> /home/annora/NetVLAD/output/train_feat_cache1.hdf5
2020-01-11 22:14:20,945 Allocated:122.533203125 MB
2020-01-11 22:14:20,945 Cached:2919.5 MB
2020-01-11 22:15:55,460 ==> Epoch[11](200/534): Loss: 0.2830
2020-01-11 22:15:55,462 Allocated:121.15869140625 MB
2020-01-11 22:15:55,462 Cached:6794.5 MB
2020-01-11 22:17:59,724 ==> Epoch[11](250/534): Loss: 0.2636
2020-01-11 22:17:59,725 Allocated:121.90869140625 MB
2020-01-11 22:17:59,726 Cached:6794.5 MB
2020-01-11 22:19:58,559 ==> Epoch[11](300/534): Loss: 0.2624
2020-01-11 22:19:58,561 Allocated:121.03369140625 MB
2020-01-11 22:19:58,561 Cached:6794.5 MB
2020-01-11 22:22:01,803 ==> Epoch[11](350/534): Loss: 0.2795
2020-01-11 22:22:01,804 Allocated:121.15869140625 MB
2020-01-11 22:22:01,805 Cached:6794.5 MB
2020-01-11 22:22:17,409 ====> Building Cache
2020-01-11 22:22:17,410 feature cache--->>> /home/annora/NetVLAD/output/train_feat_cache1.hdf5
2020-01-11 22:23:57,429 Allocated:121.533203125 MB
2020-01-11 22:23:57,430 Cached:2919.5 MB
2020-01-11 22:26:19,012 ==> Epoch[11](400/534): Loss: 0.2383
2020-01-11 22:26:19,014 Allocated:121.90869140625 MB
2020-01-11 22:26:19,014 Cached:6793.5 MB
2020-01-11 22:28:30,509 ==> Epoch[11](450/534): Loss: 0.2356
2020-01-11 22:28:30,511 Allocated:121.03369140625 MB
2020-01-11 22:28:30,511 Cached:6793.5 MB
2020-01-11 22:30:34,204 ==> Epoch[11](500/534): Loss: 0.2291
2020-01-11 22:30:34,205 Allocated:121.15869140625 MB
2020-01-11 22:30:34,206 Cached:6793.5 MB
2020-01-11 22:31:59,253 ===> Epoch 11 Complete: Avg. Loss: 0.2551
2020-01-11 22:31:59,256 ====> Extracting Features
2020-01-11 22:32:40,080 ==> Batch (50/108)
2020-01-11 22:33:06,709 ==> Batch (100/108)
2020-01-11 22:33:10,752 ====> Building faiss index
2020-01-11 22:33:10,754 ====> Calculating recall @ N
2020-01-11 22:33:11,242 ====> Recall@1: 0.5351
2020-01-11 22:33:11,242 ====> Recall@2: 0.5806
2020-01-11 22:33:11,243 ====> Recall@3: 0.6046
2020-01-11 22:33:11,243 ====> Recall@4: 0.6191
2020-01-11 22:33:11,243 ====> Recall@5: 0.6342
2020-01-11 22:33:11,244 ====> Recall@10: 0.6672
2020-01-11 22:33:11,244 ====> Recall@15: 0.6884
2020-01-11 22:33:11,244 ====> Recall@20: 0.7052
2020-01-11 22:33:11,244 ====> Recall@25: 0.7203
2020-01-11 22:33:11,611 ====> Building Cache
2020-01-11 22:33:11,612 feature cache--->>> /home/annora/NetVLAD/output/train_feat_cache1.hdf5
2020-01-11 22:34:50,512 Allocated:119.28369140625 MB
2020-01-11 22:34:50,512 Cached:4209.75 MB
2020-01-11 22:37:34,942 ==> Epoch[12](50/534): Loss: 0.2723
2020-01-11 22:37:34,944 Allocated:120.53369140625 MB
2020-01-11 22:37:34,944 Cached:8083.75 MB
2020-01-11 22:39:33,538 ==> Epoch[12](100/534): Loss: 0.2391
2020-01-11 22:39:33,539 Allocated:121.53369140625 MB
2020-01-11 22:39:33,539 Cached:8083.75 MB
2020-01-11 22:41:49,482 ==> Epoch[12](150/534): Loss: 0.2287
2020-01-11 22:41:49,484 Allocated:121.65869140625 MB
2020-01-11 22:41:49,484 Cached:8083.75 MB
2020-01-11 22:43:15,037 ====> Building Cache
2020-01-11 22:43:15,038 feature cache--->>> /home/annora/NetVLAD/output/train_feat_cache1.hdf5
2020-01-11 22:44:49,742 Allocated:120.533203125 MB
2020-01-11 22:44:49,742 Cached:2919.5 MB
2020-01-11 22:46:19,038 ==> Epoch[12](200/534): Loss: 0.2542
2020-01-11 22:46:19,040 Allocated:120.53369140625 MB
2020-01-11 22:46:19,040 Cached:6794.5 MB
2020-01-11 22:48:26,916 ==> Epoch[12](250/534): Loss: 0.2775
2020-01-11 22:48:26,917 Allocated:121.53369140625 MB
2020-01-11 22:48:26,917 Cached:6794.5 MB
2020-01-11 22:50:30,982 ==> Epoch[12](300/534): Loss: 0.2740
2020-01-11 22:50:30,984 Allocated:121.65869140625 MB
2020-01-11 22:50:30,985 Cached:6794.5 MB
2020-01-11 22:52:27,152 ==> Epoch[12](350/534): Loss: 0.2733
2020-01-11 22:52:27,154 Allocated:120.53369140625 MB
2020-01-11 22:52:27,154 Cached:6794.5 MB
2020-01-11 22:52:42,292 ====> Building Cache
2020-01-11 22:52:42,293 feature cache--->>> /home/annora/NetVLAD/output/train_feat_cache1.hdf5
2020-01-11 22:54:19,620 Allocated:120.533203125 MB
2020-01-11 22:54:19,621 Cached:2919.5 MB
2020-01-11 22:56:55,075 ==> Epoch[12](400/534): Loss: 0.2311
2020-01-11 22:56:55,077 Allocated:121.53369140625 MB
2020-01-11 22:56:55,077 Cached:6793.5 MB
2020-01-11 22:58:52,363 ==> Epoch[12](450/534): Loss: 0.2246
2020-01-11 22:58:52,364 Allocated:121.65869140625 MB
2020-01-11 22:58:52,364 Cached:6793.5 MB
2020-01-11 23:01:01,667 ==> Epoch[12](500/534): Loss: 0.2361
2020-01-11 23:01:01,668 Allocated:120.53369140625 MB
2020-01-11 23:01:01,668 Cached:6793.5 MB
2020-01-11 23:02:32,289 ===> Epoch 12 Complete: Avg. Loss: 0.2550
2020-01-11 23:02:32,292 ====> Extracting Features
2020-01-11 23:03:12,734 ==> Batch (50/108)
2020-01-11 23:03:38,695 ==> Batch (100/108)
2020-01-11 23:03:42,979 ====> Building faiss index
2020-01-11 23:03:42,981 ====> Calculating recall @ N
2020-01-11 23:03:43,486 ====> Recall@1: 0.5351
2020-01-11 23:03:43,486 ====> Recall@2: 0.5806
2020-01-11 23:03:43,487 ====> Recall@3: 0.6055
2020-01-11 23:03:43,487 ====> Recall@4: 0.6188
2020-01-11 23:03:43,487 ====> Recall@5: 0.6345
2020-01-11 23:03:43,488 ====> Recall@10: 0.6675
2020-01-11 23:03:43,488 ====> Recall@15: 0.6878
2020-01-11 23:03:43,488 ====> Recall@20: 0.7046
2020-01-11 23:03:43,488 ====> Recall@25: 0.7200
2020-01-11 23:03:43,893 ====> Building Cache
2020-01-11 23:03:43,893 feature cache--->>> /home/annora/NetVLAD/output/train_feat_cache1.hdf5
2020-01-11 23:05:18,347 Allocated:119.90869140625 MB
2020-01-11 23:05:18,347 Cached:4209.75 MB
2020-01-11 23:08:06,481 ==> Epoch[13](50/534): Loss: 0.2456
2020-01-11 23:08:06,482 Allocated:121.53369140625 MB
2020-01-11 23:08:06,483 Cached:8083.75 MB
2020-01-11 23:10:17,037 ==> Epoch[13](100/534): Loss: 0.2460
2020-01-11 23:10:17,040 Allocated:121.28369140625 MB
2020-01-11 23:10:17,040 Cached:8083.75 MB
2020-01-11 23:12:07,692 ==> Epoch[13](150/534): Loss: 0.2623
2020-01-11 23:12:07,695 Allocated:120.53369140625 MB
2020-01-11 23:12:07,695 Cached:8083.75 MB
2020-01-11 23:13:23,579 ====> Building Cache
2020-01-11 23:13:23,580 feature cache--->>> /home/annora/NetVLAD/output/train_feat_cache1.hdf5
2020-01-11 23:15:07,235 Allocated:120.533203125 MB
2020-01-11 23:15:07,236 Cached:2919.5 MB
2020-01-11 23:16:45,336 ==> Epoch[13](200/534): Loss: 0.2851
2020-01-11 23:16:45,337 Allocated:121.53369140625 MB
2020-01-11 23:16:45,337 Cached:6794.5 MB
2020-01-11 23:18:43,481 ==> Epoch[13](250/534): Loss: 0.2818
2020-01-11 23:18:43,483 Allocated:121.28369140625 MB
2020-01-11 23:18:43,483 Cached:6794.5 MB
2020-01-11 23:20:43,281 ==> Epoch[13](300/534): Loss: 0.2896
2020-01-11 23:20:43,282 Allocated:120.53369140625 MB
2020-01-11 23:20:43,283 Cached:6794.5 MB
2020-01-11 23:22:51,585 ==> Epoch[13](350/534): Loss: 0.2875
2020-01-11 23:22:51,587 Allocated:121.53369140625 MB
2020-01-11 23:22:51,587 Cached:6794.5 MB
2020-01-11 23:23:06,750 ====> Building Cache
2020-01-11 23:23:06,751 feature cache--->>> /home/annora/NetVLAD/output/train_feat_cache1.hdf5
2020-01-11 23:24:41,033 Allocated:121.908203125 MB
2020-01-11 23:24:41,034 Cached:2919.5 MB
2020-01-11 23:27:06,663 ==> Epoch[13](400/534): Loss: 0.2329
2020-01-11 23:27:06,665 Allocated:121.28369140625 MB
2020-01-11 23:27:06,665 Cached:6793.5 MB
2020-01-11 23:29:09,771 ==> Epoch[13](450/534): Loss: 0.2472
2020-01-11 23:29:09,773 Allocated:120.53369140625 MB
2020-01-11 23:29:09,773 Cached:6793.5 MB
2020-01-11 23:31:19,905 ==> Epoch[13](500/534): Loss: 0.2498
2020-01-11 23:31:19,906 Allocated:121.53369140625 MB
2020-01-11 23:31:19,907 Cached:6793.5 MB
2020-01-11 23:32:39,170 ===> Epoch 13 Complete: Avg. Loss: 0.2551
2020-01-11 23:32:39,172 ====> Extracting Features
2020-01-11 23:33:27,856 ==> Batch (50/108)
2020-01-11 23:33:54,096 ==> Batch (100/108)
2020-01-11 23:33:58,241 ====> Building faiss index
2020-01-11 23:33:58,243 ====> Calculating recall @ N
2020-01-11 23:33:58,713 ====> Recall@1: 0.5354
2020-01-11 23:33:58,713 ====> Recall@2: 0.5803
2020-01-11 23:33:58,714 ====> Recall@3: 0.6058
2020-01-11 23:33:58,714 ====> Recall@4: 0.6183
2020-01-11 23:33:58,714 ====> Recall@5: 0.6345
2020-01-11 23:33:58,714 ====> Recall@10: 0.6672
2020-01-11 23:33:58,714 ====> Recall@15: 0.6881
2020-01-11 23:33:58,715 ====> Recall@20: 0.7043
2020-01-11 23:33:58,715 ====> Recall@25: 0.7200
2020-01-11 23:33:59,081 ====> Building Cache
2020-01-11 23:33:59,081 feature cache--->>> /home/annora/NetVLAD/output/train_feat_cache1.hdf5
2020-01-11 23:35:35,520 Allocated:118.53369140625 MB
2020-01-11 23:35:35,520 Cached:4209.75 MB
2020-01-11 23:38:24,230 ==> Epoch[14](50/534): Loss: 0.2578
2020-01-11 23:38:24,232 Allocated:121.90869140625 MB
2020-01-11 23:38:24,232 Cached:8083.75 MB
2020-01-11 23:40:30,580 ==> Epoch[14](100/534): Loss: 0.2524
2020-01-11 23:40:30,582 Allocated:121.03369140625 MB
2020-01-11 23:40:30,582 Cached:8083.75 MB
2020-01-11 23:42:35,733 ==> Epoch[14](150/534): Loss: 0.2474
2020-01-11 23:42:35,734 Allocated:121.15869140625 MB
2020-01-11 23:42:35,734 Cached:8083.75 MB
2020-01-11 23:43:45,115 ====> Building Cache
2020-01-11 23:43:45,116 feature cache--->>> /home/annora/NetVLAD/output/train_feat_cache1.hdf5
2020-01-11 23:45:23,529 Allocated:121.033203125 MB
2020-01-11 23:45:23,530 Cached:2919.5 MB
2020-01-11 23:46:57,778 ==> Epoch[14](200/534): Loss: 0.2663
2020-01-11 23:46:57,780 Allocated:121.90869140625 MB
2020-01-11 23:46:57,781 Cached:6794.5 MB
2020-01-11 23:49:06,225 ==> Epoch[14](250/534): Loss: 0.2755
2020-01-11 23:49:06,226 Allocated:121.03369140625 MB
2020-01-11 23:49:06,227 Cached:6794.5 MB
2020-01-11 23:51:09,434 ==> Epoch[14](300/534): Loss: 0.2794
2020-01-11 23:51:09,435 Allocated:121.15869140625 MB
2020-01-11 23:51:09,435 Cached:6794.5 MB
2020-01-11 23:53:11,763 ==> Epoch[14](350/534): Loss: 0.2793
2020-01-11 23:53:11,765 Allocated:121.90869140625 MB
2020-01-11 23:53:11,765 Cached:6794.5 MB
2020-01-11 23:53:27,036 ====> Building Cache
2020-01-11 23:53:27,037 feature cache--->>> /home/annora/NetVLAD/output/train_feat_cache1.hdf5
2020-01-11 23:55:04,183 Allocated:121.658203125 MB
2020-01-11 23:55:04,184 Cached:2919.5 MB
2020-01-11 23:57:32,663 ==> Epoch[14](400/534): Loss: 0.2281
2020-01-11 23:57:32,665 Allocated:121.03369140625 MB
2020-01-11 23:57:32,665 Cached:6793.5 MB
2020-01-11 23:59:32,998 ==> Epoch[14](450/534): Loss: 0.2290
2020-01-11 23:59:33,000 Allocated:121.15869140625 MB
2020-01-11 23:59:33,000 Cached:6793.5 MB
2020-01-12 00:01:31,119 ==> Epoch[14](500/534): Loss: 0.2305
2020-01-12 00:01:31,121 Allocated:121.90869140625 MB
2020-01-12 00:01:31,121 Cached:6793.5 MB
2020-01-12 00:02:56,706 ===> Epoch 14 Complete: Avg. Loss: 0.2551
2020-01-12 00:02:56,708 ====> Extracting Features
2020-01-12 00:03:38,052 ==> Batch (50/108)
2020-01-12 00:04:04,055 ==> Batch (100/108)
2020-01-12 00:04:07,679 ====> Building faiss index
2020-01-12 00:04:07,682 ====> Calculating recall @ N
2020-01-12 00:04:08,148 ====> Recall@1: 0.5354
2020-01-12 00:04:08,148 ====> Recall@2: 0.5809
2020-01-12 00:04:08,149 ====> Recall@3: 0.6061
2020-01-12 00:04:08,149 ====> Recall@4: 0.6186
2020-01-12 00:04:08,149 ====> Recall@5: 0.6342
2020-01-12 00:04:08,149 ====> Recall@10: 0.6670
2020-01-12 00:04:08,150 ====> Recall@15: 0.6884
2020-01-12 00:04:08,150 ====> Recall@20: 0.7043
2020-01-12 00:04:08,150 ====> Recall@25: 0.7200
2020-01-12 00:04:08,518 ====> Building Cache
2020-01-12 00:04:08,519 feature cache--->>> /home/annora/NetVLAD/output/train_feat_cache1.hdf5
2020-01-12 00:05:50,203 Allocated:118.53369140625 MB
2020-01-12 00:05:50,203 Cached:4209.75 MB
2020-01-12 00:08:29,245 ==> Epoch[15](50/534): Loss: 0.2492
2020-01-12 00:08:29,248 Allocated:121.15869140625 MB
2020-01-12 00:08:29,249 Cached:8083.75 MB
2020-01-12 00:10:23,524 ==> Epoch[15](100/534): Loss: 0.2629
2020-01-12 00:10:23,526 Allocated:121.90869140625 MB
2020-01-12 00:10:23,526 Cached:8083.75 MB
2020-01-12 00:12:17,742 ==> Epoch[15](150/534): Loss: 0.2618
2020-01-12 00:12:17,744 Allocated:121.03369140625 MB
2020-01-12 00:12:17,744 Cached:8083.75 MB
2020-01-12 00:13:22,941 ====> Building Cache
2020-01-12 00:13:22,942 feature cache--->>> /home/annora/NetVLAD/output/train_feat_cache1.hdf5
2020-01-12 00:14:57,866 Allocated:122.533203125 MB
2020-01-12 00:14:57,867 Cached:2919.5 MB
2020-01-12 00:16:33,110 ==> Epoch[15](200/534): Loss: 0.2668
2020-01-12 00:16:33,111 Allocated:121.15869140625 MB
2020-01-12 00:16:33,112 Cached:6794.5 MB
2020-01-12 00:18:28,371 ==> Epoch[15](250/534): Loss: 0.2841
2020-01-12 00:18:28,373 Allocated:121.90869140625 MB
2020-01-12 00:18:28,373 Cached:6794.5 MB
2020-01-12 00:20:25,836 ==> Epoch[15](300/534): Loss: 0.2917
2020-01-12 00:20:25,837 Allocated:121.03369140625 MB
2020-01-12 00:20:25,837 Cached:6794.5 MB
2020-01-12 00:22:17,288 ==> Epoch[15](350/534): Loss: 0.2666
2020-01-12 00:22:17,290 Allocated:121.15869140625 MB
2020-01-12 00:22:17,290 Cached:6794.5 MB
2020-01-12 00:22:31,108 ====> Building Cache
2020-01-12 00:22:31,109 feature cache--->>> /home/annora/NetVLAD/output/train_feat_cache1.hdf5
2020-01-12 00:24:11,104 Allocated:121.533203125 MB
2020-01-12 00:24:11,105 Cached:2919.5 MB
2020-01-12 00:26:34,038 ==> Epoch[15](400/534): Loss: 0.2208
2020-01-12 00:26:34,039 Allocated:121.90869140625 MB
2020-01-12 00:26:34,039 Cached:6793.5 MB
2020-01-12 00:28:25,803 ==> Epoch[15](450/534): Loss: 0.2316
2020-01-12 00:28:25,804 Allocated:121.03369140625 MB
2020-01-12 00:28:25,804 Cached:6793.5 MB
2020-01-12 00:30:20,805 ==> Epoch[15](500/534): Loss: 0.2676
2020-01-12 00:30:20,806 Allocated:121.15869140625 MB
2020-01-12 00:30:20,806 Cached:6793.5 MB
2020-01-12 00:31:34,936 ===> Epoch 15 Complete: Avg. Loss: 0.2552
2020-01-12 00:31:34,938 ====> Extracting Features
2020-01-12 00:32:12,977 ==> Batch (50/108)
2020-01-12 00:32:39,924 ==> Batch (100/108)
2020-01-12 00:32:43,620 ====> Building faiss index
2020-01-12 00:32:43,622 ====> Calculating recall @ N
2020-01-12 00:32:44,080 ====> Recall@1: 0.5354
2020-01-12 00:32:44,081 ====> Recall@2: 0.5814
2020-01-12 00:32:44,082 ====> Recall@3: 0.6061
2020-01-12 00:32:44,082 ====> Recall@4: 0.6186
2020-01-12 00:32:44,082 ====> Recall@5: 0.6345
2020-01-12 00:32:44,083 ====> Recall@10: 0.6672
2020-01-12 00:32:44,083 ====> Recall@15: 0.6884
2020-01-12 00:32:44,083 ====> Recall@20: 0.7046
2020-01-12 00:32:44,083 ====> Recall@25: 0.7191
2020-01-12 00:32:44,479 ====> Building Cache
2020-01-12 00:32:44,480 feature cache--->>> /home/annora/NetVLAD/output/train_feat_cache1.hdf5
2020-01-12 00:34:21,101 Allocated:119.28369140625 MB
2020-01-12 00:34:21,101 Cached:4209.75 MB
2020-01-12 00:37:06,910 ==> Epoch[16](50/534): Loss: 0.2284
2020-01-12 00:37:06,911 Allocated:120.53369140625 MB
2020-01-12 00:37:06,911 Cached:8083.75 MB
2020-01-12 00:38:59,354 ==> Epoch[16](100/534): Loss: 0.2710
2020-01-12 00:38:59,356 Allocated:121.53369140625 MB
2020-01-12 00:38:59,356 Cached:8083.75 MB
2020-01-12 00:40:51,227 ==> Epoch[16](150/534): Loss: 0.2409
2020-01-12 00:40:51,228 Allocated:121.65869140625 MB
2020-01-12 00:40:51,229 Cached:8083.75 MB
2020-01-12 00:41:55,064 ====> Building Cache
2020-01-12 00:41:55,065 feature cache--->>> /home/annora/NetVLAD/output/train_feat_cache1.hdf5
2020-01-12 00:43:34,368 Allocated:120.533203125 MB
2020-01-12 00:43:34,369 Cached:2919.5 MB
2020-01-12 00:45:02,540 ==> Epoch[16](200/534): Loss: 0.2765
2020-01-12 00:45:02,542 Allocated:120.53369140625 MB
2020-01-12 00:45:02,542 Cached:6794.5 MB
2020-01-12 00:47:05,442 ==> Epoch[16](250/534): Loss: 0.2858
2020-01-12 00:47:05,444 Allocated:121.53369140625 MB
2020-01-12 00:47:05,445 Cached:6794.5 MB
2020-01-12 00:49:14,882 ==> Epoch[16](300/534): Loss: 0.2676
2020-01-12 00:49:14,885 Allocated:121.65869140625 MB
2020-01-12 00:49:14,885 Cached:6794.5 MB
2020-01-12 00:51:18,631 ==> Epoch[16](350/534): Loss: 0.2698
2020-01-12 00:51:18,633 Allocated:120.53369140625 MB
2020-01-12 00:51:18,633 Cached:6794.5 MB
2020-01-12 00:51:31,163 ====> Building Cache
2020-01-12 00:51:31,164 feature cache--->>> /home/annora/NetVLAD/output/train_feat_cache1.hdf5
2020-01-12 00:53:02,819 Allocated:120.533203125 MB
2020-01-12 00:53:02,820 Cached:2919.5 MB
2020-01-12 00:55:37,337 ==> Epoch[16](400/534): Loss: 0.2326
2020-01-12 00:55:37,340 Allocated:121.53369140625 MB
2020-01-12 00:55:37,340 Cached:6793.5 MB
2020-01-12 00:57:31,625 ==> Epoch[16](450/534): Loss: 0.2447
2020-01-12 00:57:31,626 Allocated:121.65869140625 MB
2020-01-12 00:57:31,626 Cached:6793.5 MB
2020-01-12 00:59:22,154 ==> Epoch[16](500/534): Loss: 0.2309
2020-01-12 00:59:22,155 Allocated:120.53369140625 MB
2020-01-12 00:59:22,156 Cached:6793.5 MB
2020-01-12 01:00:37,676 ===> Epoch 16 Complete: Avg. Loss: 0.2550
2020-01-12 01:00:37,678 ====> Extracting Features
2020-01-12 01:01:19,820 ==> Batch (50/108)
2020-01-12 01:01:46,618 ==> Batch (100/108)
2020-01-12 01:01:50,607 ====> Building faiss index
2020-01-12 01:01:50,609 ====> Calculating recall @ N
2020-01-12 01:01:51,181 ====> Recall@1: 0.5351
2020-01-12 01:01:51,182 ====> Recall@2: 0.5820
2020-01-12 01:01:51,182 ====> Recall@3: 0.6058
2020-01-12 01:01:51,182 ====> Recall@4: 0.6183
2020-01-12 01:01:51,182 ====> Recall@5: 0.6345
2020-01-12 01:01:51,183 ====> Recall@10: 0.6670
2020-01-12 01:01:51,183 ====> Recall@15: 0.6881
2020-01-12 01:01:51,183 ====> Recall@20: 0.7046
2020-01-12 01:01:51,183 ====> Recall@25: 0.7186
2020-01-12 01:01:51,584 ====> Building Cache
2020-01-12 01:01:51,585 feature cache--->>> /home/annora/NetVLAD/output/train_feat_cache1.hdf5
2020-01-12 01:03:33,757 Allocated:119.90869140625 MB
2020-01-12 01:03:33,757 Cached:4209.75 MB
2020-01-12 01:06:12,781 ==> Epoch[17](50/534): Loss: 0.2640
2020-01-12 01:06:12,785 Allocated:121.53369140625 MB
2020-01-12 01:06:12,785 Cached:8083.75 MB
2020-01-12 01:08:08,851 ==> Epoch[17](100/534): Loss: 0.2660
2020-01-12 01:08:08,853 Allocated:121.28369140625 MB
2020-01-12 01:08:08,853 Cached:8083.75 MB
2020-01-12 01:10:04,416 ==> Epoch[17](150/534): Loss: 0.2312
2020-01-12 01:10:04,417 Allocated:120.53369140625 MB
2020-01-12 01:10:04,417 Cached:8083.75 MB
2020-01-12 01:11:05,924 ====> Building Cache
2020-01-12 01:11:05,926 feature cache--->>> /home/annora/NetVLAD/output/train_feat_cache1.hdf5
2020-01-12 01:12:40,162 Allocated:120.533203125 MB
2020-01-12 01:12:40,162 Cached:2919.5 MB
2020-01-12 01:14:11,023 ==> Epoch[17](200/534): Loss: 0.2908
2020-01-12 01:14:11,025 Allocated:121.53369140625 MB
2020-01-12 01:14:11,025 Cached:6794.5 MB
2020-01-12 01:16:08,881 ==> Epoch[17](250/534): Loss: 0.3057
2020-01-12 01:16:08,882 Allocated:121.28369140625 MB
2020-01-12 01:16:08,882 Cached:6794.5 MB
2020-01-12 01:18:04,774 ==> Epoch[17](300/534): Loss: 0.2787
2020-01-12 01:18:04,775 Allocated:120.53369140625 MB
2020-01-12 01:18:04,776 Cached:6794.5 MB
2020-01-12 01:19:55,648 ==> Epoch[17](350/534): Loss: 0.2905
2020-01-12 01:19:55,651 Allocated:121.53369140625 MB
2020-01-12 01:19:55,651 Cached:6794.5 MB
2020-01-12 01:20:10,151 ====> Building Cache
2020-01-12 01:20:10,153 feature cache--->>> /home/annora/NetVLAD/output/train_feat_cache1.hdf5
2020-01-12 01:21:53,995 Allocated:121.908203125 MB
2020-01-12 01:21:53,995 Cached:2919.5 MB
2020-01-12 01:24:15,834 ==> Epoch[17](400/534): Loss: 0.2414
2020-01-12 01:24:15,836 Allocated:121.28369140625 MB
2020-01-12 01:24:15,836 Cached:6793.5 MB
2020-01-12 01:26:07,134 ==> Epoch[17](450/534): Loss: 0.2210
2020-01-12 01:26:07,136 Allocated:120.53369140625 MB
2020-01-12 01:26:07,136 Cached:6793.5 MB
2020-01-12 01:28:06,680 ==> Epoch[17](500/534): Loss: 0.2184
2020-01-12 01:28:06,681 Allocated:121.53369140625 MB
2020-01-12 01:28:06,682 Cached:6793.5 MB
2020-01-12 01:29:23,311 ===> Epoch 17 Complete: Avg. Loss: 0.2550
2020-01-12 01:29:23,313 ====> Extracting Features
2020-01-12 01:30:00,649 ==> Batch (50/108)
2020-01-12 01:30:25,447 ==> Batch (100/108)
2020-01-12 01:30:29,313 ====> Building faiss index
2020-01-12 01:30:29,314 ====> Calculating recall @ N
2020-01-12 01:30:29,794 ====> Recall@1: 0.5345
2020-01-12 01:30:29,794 ====> Recall@2: 0.5823
2020-01-12 01:30:29,795 ====> Recall@3: 0.6061
2020-01-12 01:30:29,795 ====> Recall@4: 0.6186
2020-01-12 01:30:29,795 ====> Recall@5: 0.6336
2020-01-12 01:30:29,796 ====> Recall@10: 0.6672
2020-01-12 01:30:29,796 ====> Recall@15: 0.6881
2020-01-12 01:30:29,796 ====> Recall@20: 0.7049
2020-01-12 01:30:29,796 ====> Recall@25: 0.7191
2020-01-12 01:30:30,177 ====> Building Cache
2020-01-12 01:30:30,182 feature cache--->>> /home/annora/NetVLAD/output/train_feat_cache1.hdf5
2020-01-12 01:32:08,145 Allocated:118.53369140625 MB
2020-01-12 01:32:08,146 Cached:4209.75 MB
2020-01-12 01:34:49,796 ==> Epoch[18](50/534): Loss: 0.2275
2020-01-12 01:34:49,798 Allocated:121.90869140625 MB
2020-01-12 01:34:49,799 Cached:8083.75 MB
2020-01-12 01:36:42,793 ==> Epoch[18](100/534): Loss: 0.2626
2020-01-12 01:36:42,795 Allocated:121.03369140625 MB
2020-01-12 01:36:42,795 Cached:8083.75 MB
2020-01-12 01:38:36,366 ==> Epoch[18](150/534): Loss: 0.2465
2020-01-12 01:38:36,368 Allocated:121.15869140625 MB
2020-01-12 01:38:36,368 Cached:8083.75 MB
2020-01-12 01:39:43,328 ====> Building Cache
2020-01-12 01:39:43,330 feature cache--->>> /home/annora/NetVLAD/output/train_feat_cache1.hdf5
2020-01-12 01:41:28,090 Allocated:121.033203125 MB
2020-01-12 01:41:28,091 Cached:2919.5 MB
2020-01-12 01:43:08,616 ==> Epoch[18](200/534): Loss: 0.2744
2020-01-12 01:43:08,617 Allocated:121.90869140625 MB
2020-01-12 01:43:08,618 Cached:6794.5 MB
2020-01-12 01:44:57,986 ==> Epoch[18](250/534): Loss: 0.2524
2020-01-12 01:44:57,987 Allocated:121.03369140625 MB
2020-01-12 01:44:57,988 Cached:6794.5 MB
2020-01-12 01:47:01,816 ==> Epoch[18](300/534): Loss: 0.2734
2020-01-12 01:47:01,818 Allocated:121.15869140625 MB
2020-01-12 01:47:01,819 Cached:6794.5 MB
2020-01-12 01:48:56,004 ==> Epoch[18](350/534): Loss: 0.2605
2020-01-12 01:48:56,005 Allocated:121.90869140625 MB
2020-01-12 01:48:56,005 Cached:6794.5 MB
2020-01-12 01:49:10,041 ====> Building Cache
2020-01-12 01:49:10,042 feature cache--->>> /home/annora/NetVLAD/output/train_feat_cache1.hdf5
2020-01-12 01:50:42,974 Allocated:121.658203125 MB
2020-01-12 01:50:42,974 Cached:2919.5 MB
2020-01-12 01:53:23,845 ==> Epoch[18](400/534): Loss: 0.2417
2020-01-12 01:53:23,847 Allocated:121.03369140625 MB
2020-01-12 01:53:23,847 Cached:6793.5 MB
2020-01-12 01:55:31,051 ==> Epoch[18](450/534): Loss: 0.2260
2020-01-12 01:55:31,053 Allocated:121.15869140625 MB
2020-01-12 01:55:31,054 Cached:6793.5 MB
2020-01-12 01:57:26,210 ==> Epoch[18](500/534): Loss: 0.2391
2020-01-12 01:57:26,212 Allocated:121.90869140625 MB
2020-01-12 01:57:26,212 Cached:6793.5 MB
2020-01-12 01:58:40,314 ===> Epoch 18 Complete: Avg. Loss: 0.2550
2020-01-12 01:58:40,316 ====> Extracting Features
2020-01-12 01:59:24,919 ==> Batch (50/108)
2020-01-12 01:59:52,634 ==> Batch (100/108)
2020-01-12 01:59:56,564 ====> Building faiss index
2020-01-12 01:59:56,567 ====> Calculating recall @ N
2020-01-12 01:59:57,007 ====> Recall@1: 0.5339
2020-01-12 01:59:57,008 ====> Recall@2: 0.5826
2020-01-12 01:59:57,008 ====> Recall@3: 0.6061
2020-01-12 01:59:57,009 ====> Recall@4: 0.6183
2020-01-12 01:59:57,009 ====> Recall@5: 0.6333
2020-01-12 01:59:57,009 ====> Recall@10: 0.6675
2020-01-12 01:59:57,009 ====> Recall@15: 0.6884
2020-01-12 01:59:57,010 ====> Recall@20: 0.7049
2020-01-12 01:59:57,010 ====> Recall@25: 0.7191
2020-01-12 01:59:57,393 ====> Building Cache
2020-01-12 01:59:57,394 feature cache--->>> /home/annora/NetVLAD/output/train_feat_cache1.hdf5
2020-01-12 02:01:39,094 Allocated:118.53369140625 MB
2020-01-12 02:01:39,094 Cached:4209.75 MB
2020-01-12 02:04:10,993 ==> Epoch[19](50/534): Loss: 0.2657
2020-01-12 02:04:10,995 Allocated:121.15869140625 MB
2020-01-12 02:04:10,995 Cached:8083.75 MB
2020-01-12 02:06:10,343 ==> Epoch[19](100/534): Loss: 0.2412
2020-01-12 02:06:10,345 Allocated:121.90869140625 MB
2020-01-12 02:06:10,345 Cached:8083.75 MB
2020-01-12 02:08:09,575 ==> Epoch[19](150/534): Loss: 0.2654
2020-01-12 02:08:09,576 Allocated:121.03369140625 MB
2020-01-12 02:08:09,577 Cached:8083.75 MB
2020-01-12 02:09:11,798 ====> Building Cache
2020-01-12 02:09:11,800 feature cache--->>> /home/annora/NetVLAD/output/train_feat_cache1.hdf5
2020-01-12 02:10:50,619 Allocated:122.533203125 MB
2020-01-12 02:10:50,619 Cached:2919.5 MB
2020-01-12 02:12:21,101 ==> Epoch[19](200/534): Loss: 0.2945
2020-01-12 02:12:21,103 Allocated:121.15869140625 MB
2020-01-12 02:12:21,103 Cached:6794.5 MB
2020-01-12 02:14:15,007 ==> Epoch[19](250/534): Loss: 0.2867
2020-01-12 02:14:15,008 Allocated:121.90869140625 MB
2020-01-12 02:14:15,009 Cached:6794.5 MB
2020-01-12 02:16:07,491 ==> Epoch[19](300/534): Loss: 0.2687
2020-01-12 02:16:07,492 Allocated:121.03369140625 MB
2020-01-12 02:16:07,492 Cached:6794.5 MB
2020-01-12 02:17:59,161 ==> Epoch[19](350/534): Loss: 0.2809
2020-01-12 02:17:59,162 Allocated:121.15869140625 MB
2020-01-12 02:17:59,163 Cached:6794.5 MB
2020-01-12 02:18:12,665 ====> Building Cache
2020-01-12 02:18:12,666 feature cache--->>> /home/annora/NetVLAD/output/train_feat_cache1.hdf5
2020-01-12 02:19:56,637 Allocated:121.533203125 MB
2020-01-12 02:19:56,638 Cached:2919.5 MB
2020-01-12 02:22:17,287 ==> Epoch[19](400/534): Loss: 0.2201
2020-01-12 02:22:17,289 Allocated:121.90869140625 MB
2020-01-12 02:22:17,289 Cached:6793.5 MB
2020-01-12 02:24:09,504 ==> Epoch[19](450/534): Loss: 0.2351
2020-01-12 02:24:09,505 Allocated:121.03369140625 MB
2020-01-12 02:24:09,506 Cached:6793.5 MB
2020-01-12 02:26:14,222 ==> Epoch[19](500/534): Loss: 0.2457
2020-01-12 02:26:14,223 Allocated:121.15869140625 MB
2020-01-12 02:26:14,223 Cached:6793.5 MB
2020-01-12 02:27:37,720 ===> Epoch 19 Complete: Avg. Loss: 0.2551
2020-01-12 02:27:37,723 ====> Extracting Features
2020-01-12 02:28:18,746 ==> Batch (50/108)
2020-01-12 02:28:42,571 ==> Batch (100/108)
2020-01-12 02:28:46,310 ====> Building faiss index
2020-01-12 02:28:46,312 ====> Calculating recall @ N
2020-01-12 02:28:46,779 ====> Recall@1: 0.5351
2020-01-12 02:28:46,780 ====> Recall@2: 0.5832
2020-01-12 02:28:46,780 ====> Recall@3: 0.6061
2020-01-12 02:28:46,781 ====> Recall@4: 0.6186
2020-01-12 02:28:46,781 ====> Recall@5: 0.6328
2020-01-12 02:28:46,781 ====> Recall@10: 0.6675
2020-01-12 02:28:46,781 ====> Recall@15: 0.6890
2020-01-12 02:28:46,781 ====> Recall@20: 0.7049
2020-01-12 02:28:46,782 ====> Recall@25: 0.7194
2020-01-12 02:28:47,147 ====> Building Cache
2020-01-12 02:28:47,148 feature cache--->>> /home/annora/NetVLAD/output/train_feat_cache1.hdf5
2020-01-12 02:30:26,385 Allocated:119.28369140625 MB
2020-01-12 02:30:26,385 Cached:4209.75 MB
2020-01-12 02:33:04,575 ==> Epoch[20](50/534): Loss: 0.2253
2020-01-12 02:33:04,578 Allocated:120.53369140625 MB
2020-01-12 02:33:04,578 Cached:8083.75 MB
2020-01-12 02:34:59,235 ==> Epoch[20](100/534): Loss: 0.2559
2020-01-12 02:34:59,237 Allocated:121.53369140625 MB
2020-01-12 02:34:59,237 Cached:8083.75 MB
2020-01-12 02:36:51,503 ==> Epoch[20](150/534): Loss: 0.2593
2020-01-12 02:36:51,505 Allocated:121.65869140625 MB
2020-01-12 02:36:51,505 Cached:8083.75 MB
2020-01-12 02:37:56,470 ====> Building Cache
2020-01-12 02:37:56,471 feature cache--->>> /home/annora/NetVLAD/output/train_feat_cache1.hdf5
2020-01-12 02:39:36,432 Allocated:120.533203125 MB
2020-01-12 02:39:36,432 Cached:2919.5 MB
2020-01-12 02:41:11,025 ==> Epoch[20](200/534): Loss: 0.2484
2020-01-12 02:41:11,027 Allocated:120.53369140625 MB
2020-01-12 02:41:11,027 Cached:6794.5 MB
2020-01-12 02:43:03,939 ==> Epoch[20](250/534): Loss: 0.2832
2020-01-12 02:43:03,940 Allocated:121.53369140625 MB
2020-01-12 02:43:03,940 Cached:6794.5 MB
2020-01-12 02:45:09,825 ==> Epoch[20](300/534): Loss: 0.2729
2020-01-12 02:45:09,828 Allocated:121.65869140625 MB
2020-01-12 02:45:09,828 Cached:6794.5 MB
2020-01-12 02:47:17,847 ==> Epoch[20](350/534): Loss: 0.2874
2020-01-12 02:47:17,848 Allocated:120.53369140625 MB
2020-01-12 02:47:17,849 Cached:6794.5 MB
2020-01-12 02:47:33,622 ====> Building Cache
2020-01-12 02:47:33,623 feature cache--->>> /home/annora/NetVLAD/output/train_feat_cache1.hdf5
2020-01-12 02:49:14,544 Allocated:120.533203125 MB
2020-01-12 02:49:14,545 Cached:2919.5 MB
2020-01-12 02:51:39,087 ==> Epoch[20](400/534): Loss: 0.2458
2020-01-12 02:51:39,089 Allocated:121.53369140625 MB
2020-01-12 02:51:39,090 Cached:6793.5 MB
2020-01-12 02:53:39,944 ==> Epoch[20](450/534): Loss: 0.2535
2020-01-12 02:53:39,945 Allocated:121.65869140625 MB
2020-01-12 02:53:39,945 Cached:6793.5 MB
2020-01-12 02:55:45,669 ==> Epoch[20](500/534): Loss: 0.2541
2020-01-12 02:55:45,670 Allocated:120.53369140625 MB
2020-01-12 02:55:45,671 Cached:6793.5 MB
2020-01-12 02:57:11,083 ===> Epoch 20 Complete: Avg. Loss: 0.2550
2020-01-12 02:57:11,085 ====> Extracting Features
2020-01-12 02:57:51,289 ==> Batch (50/108)
2020-01-12 02:58:14,284 ==> Batch (100/108)
2020-01-12 02:58:18,379 ====> Building faiss index
2020-01-12 02:58:18,381 ====> Calculating recall @ N
2020-01-12 02:58:18,827 ====> Recall@1: 0.5351
2020-01-12 02:58:18,828 ====> Recall@2: 0.5832
2020-01-12 02:58:18,828 ====> Recall@3: 0.6064
2020-01-12 02:58:18,829 ====> Recall@4: 0.6186
2020-01-12 02:58:18,829 ====> Recall@5: 0.6328
2020-01-12 02:58:18,829 ====> Recall@10: 0.6675
2020-01-12 02:58:18,829 ====> Recall@15: 0.6890
2020-01-12 02:58:18,829 ====> Recall@20: 0.7043
2020-01-12 02:58:18,830 ====> Recall@25: 0.7191
2020-01-12 02:58:19,203 ====> Building Cache
2020-01-12 02:58:19,203 feature cache--->>> /home/annora/NetVLAD/output/train_feat_cache1.hdf5
2020-01-12 02:59:56,921 Allocated:119.90869140625 MB
2020-01-12 02:59:56,922 Cached:4209.75 MB
2020-01-12 03:02:35,735 ==> Epoch[21](50/534): Loss: 0.2263
2020-01-12 03:02:35,737 Allocated:121.53369140625 MB
2020-01-12 03:02:35,737 Cached:8083.75 MB
2020-01-12 03:04:30,399 ==> Epoch[21](100/534): Loss: 0.2657
2020-01-12 03:04:30,400 Allocated:121.28369140625 MB
2020-01-12 03:04:30,401 Cached:8083.75 MB
2020-01-12 03:06:30,716 ==> Epoch[21](150/534): Loss: 0.2417
2020-01-12 03:06:30,718 Allocated:120.53369140625 MB
2020-01-12 03:06:30,718 Cached:8083.75 MB
2020-01-12 03:07:39,843 ====> Building Cache
2020-01-12 03:07:39,844 feature cache--->>> /home/annora/NetVLAD/output/train_feat_cache1.hdf5
2020-01-12 03:09:22,451 Allocated:120.533203125 MB
2020-01-12 03:09:22,451 Cached:2919.5 MB
2020-01-12 03:10:48,025 ==> Epoch[21](200/534): Loss: 0.2827
2020-01-12 03:10:48,027 Allocated:121.53369140625 MB
2020-01-12 03:10:48,027 Cached:6794.5 MB
2020-01-12 03:12:48,441 ==> Epoch[21](250/534): Loss: 0.2529
2020-01-12 03:12:48,443 Allocated:121.28369140625 MB
2020-01-12 03:12:48,444 Cached:6794.5 MB
2020-01-12 03:14:49,684 ==> Epoch[21](300/534): Loss: 0.2849
2020-01-12 03:14:49,685 Allocated:120.53369140625 MB
2020-01-12 03:14:49,686 Cached:6794.5 MB
2020-01-12 03:16:51,580 ==> Epoch[21](350/534): Loss: 0.2890
2020-01-12 03:16:51,581 Allocated:121.53369140625 MB
2020-01-12 03:16:51,582 Cached:6794.5 MB
2020-01-12 03:17:04,663 ====> Building Cache
2020-01-12 03:17:04,664 feature cache--->>> /home/annora/NetVLAD/output/train_feat_cache1.hdf5
2020-01-12 03:18:37,204 Allocated:121.908203125 MB
2020-01-12 03:18:37,205 Cached:2919.5 MB
2020-01-12 03:21:04,041 ==> Epoch[21](400/534): Loss: 0.2522
2020-01-12 03:21:04,043 Allocated:121.28369140625 MB
2020-01-12 03:21:04,043 Cached:6793.5 MB
2020-01-12 03:23:00,578 ==> Epoch[21](450/534): Loss: 0.2562
2020-01-12 03:23:00,580 Allocated:120.53369140625 MB
2020-01-12 03:23:00,580 Cached:6793.5 MB
2020-01-12 03:24:59,832 ==> Epoch[21](500/534): Loss: 0.2542
2020-01-12 03:24:59,834 Allocated:121.53369140625 MB
2020-01-12 03:24:59,834 Cached:6793.5 MB
2020-01-12 03:26:25,568 ===> Epoch 21 Complete: Avg. Loss: 0.2550
2020-01-12 03:26:25,570 ====> Extracting Features
2020-01-12 03:27:11,270 ==> Batch (50/108)
2020-01-12 03:27:42,703 ==> Batch (100/108)
2020-01-12 03:27:47,345 ====> Building faiss index
2020-01-12 03:27:47,347 ====> Calculating recall @ N
2020-01-12 03:27:48,025 ====> Recall@1: 0.5351
2020-01-12 03:27:48,025 ====> Recall@2: 0.5829
2020-01-12 03:27:48,026 ====> Recall@3: 0.6064
2020-01-12 03:27:48,026 ====> Recall@4: 0.6186
2020-01-12 03:27:48,026 ====> Recall@5: 0.6328
2020-01-12 03:27:48,026 ====> Recall@10: 0.6675
2020-01-12 03:27:48,027 ====> Recall@15: 0.6893
2020-01-12 03:27:48,027 ====> Recall@20: 0.7041
2020-01-12 03:27:48,027 ====> Recall@25: 0.7191
2020-01-12 03:27:48,401 Performance did not improve for 10 epochs. Stopping.
2020-01-12 03:27:48,401 => Best Recall@5: 0.6351
