2020-01-08 09:53:50,513 Namespace(arch='vgg16', batchSize=4, cacheBatchSize=24, cachePath='/home/annora/NetVLAD/output/', cacheRefreshRate=1000, ckpt='best', contilearn=False, dataPath='/home/annora/NetVLAD/output/data/', dataset='pittsburgh', evalEvery=1, fromscratch=False, lr=0.0001, lrGamma=0.5, lrStep=5, margin=0.1, mode='train', momentum=0.9, nEpochs=30, nGPU=1, nocuda=False, num_clusters=64, optim='SGD', patience=10, pooling='netvlad', premodel='imagenet', resume='', runsPath='/home/annora/NetVLAD/output/runs/', savePath='checkpoints', seed=123, split='val', start_epoch=0, threads=8, vladv2=True, weightDecay=0.001)
2020-01-08 09:53:50,644 ===> Loading dataset(s)
2020-01-08 09:53:52,965 ====> Training query set: 7320
2020-01-08 09:53:53,128 ===> Evaluating on val set, query count: 7608
2020-01-08 09:53:53,128 ===> Building model
2020-01-08 09:53:53,396 encoder moder:
VGG16(
  (conv1): Sequential(
    (0): Conv2d(3, 64, kernel_size=(3, 3), stride=(1, 1), padding=(1, 1))
    (1): ReLU(inplace)
  )
  (conv2): Sequential(
    (0): Conv2d(64, 64, kernel_size=(3, 3), stride=(1, 1), padding=(1, 1))
    (1): ReLU(inplace)
    (2): MaxPool2d(kernel_size=2, stride=2, padding=0, dilation=1, ceil_mode=False)
  )
  (conv3): Sequential(
    (0): Conv2d(64, 128, kernel_size=(3, 3), stride=(1, 1), padding=(1, 1))
    (1): ReLU(inplace)
  )
  (conv4): Sequential(
    (0): Conv2d(128, 128, kernel_size=(3, 3), stride=(1, 1), padding=(1, 1))
    (1): ReLU(inplace)
    (2): MaxPool2d(kernel_size=2, stride=2, padding=0, dilation=1, ceil_mode=False)
  )
  (conv5): Sequential(
    (0): Conv2d(128, 256, kernel_size=(3, 3), stride=(1, 1), padding=(1, 1))
    (1): ReLU(inplace)
  )
  (conv6): Sequential(
    (0): Conv2d(256, 256, kernel_size=(3, 3), stride=(1, 1), padding=(1, 1))
    (1): ReLU(inplace)
  )
  (conv7): Sequential(
    (0): Conv2d(256, 256, kernel_size=(3, 3), stride=(1, 1), padding=(1, 1))
    (1): ReLU(inplace)
    (2): MaxPool2d(kernel_size=2, stride=2, padding=0, dilation=1, ceil_mode=False)
  )
  (conv8): Sequential(
    (0): Conv2d(256, 512, kernel_size=(3, 3), stride=(1, 1), padding=(1, 1))
    (1): ReLU(inplace)
  )
  (conv9): Sequential(
    (0): Conv2d(512, 512, kernel_size=(3, 3), stride=(1, 1), padding=(1, 1))
    (1): ReLU(inplace)
  )
  (conv10): Sequential(
    (0): Conv2d(512, 512, kernel_size=(3, 3), stride=(1, 1), padding=(1, 1))
    (1): ReLU(inplace)
    (2): MaxPool2d(kernel_size=2, stride=2, padding=0, dilation=1, ceil_mode=False)
  )
  (conv11): Sequential(
    (0): Conv2d(512, 512, kernel_size=(3, 3), stride=(1, 1), padding=(1, 1))
    (1): ReLU(inplace)
  )
  (conv12): Sequential(
    (0): Conv2d(512, 512, kernel_size=(3, 3), stride=(1, 1), padding=(1, 1))
    (1): ReLU(inplace)
  )
  (conv13): Sequential(
    (0): Conv2d(512, 512, kernel_size=(3, 3), stride=(1, 1), padding=(1, 1))
  )
  (conv13_relu_maxpool): Sequential(
    (0): ReLU(inplace)
    (1): MaxPool2d(kernel_size=2, stride=2, padding=0, dilation=1, ceil_mode=False)
  )
)
2020-01-08 09:54:00,850 ===> Training model
2020-01-08 09:54:00,853 ===> Saving state to: /home/annora/NetVLAD/output/runs/Jan08_09-54-00_vgg16_netvlad
2020-01-08 09:54:00,853 ====> Building Cache
2020-01-08 09:54:00,853 feature cache--->>> /home/annora/NetVLAD/output/train_feat_cache.hdf5
2020-01-08 09:55:21,891 Allocated:110.64501953125 MB
2020-01-08 09:55:21,892 Cached:1904.0 MB
2020-01-08 09:56:34,540 ==> Epoch[1](50/1830): Loss: 0.3162
2020-01-08 09:56:34,543 Allocated:277.673828125 MB
2020-01-08 09:56:34,543 Cached:10028.625 MB
2020-01-08 09:57:14,155 ==> Epoch[1](100/1830): Loss: 0.3162
2020-01-08 09:57:14,157 Allocated:277.673828125 MB
2020-01-08 09:57:14,157 Cached:10028.625 MB
2020-01-08 09:57:51,958 ==> Epoch[1](150/1830): Loss: 0.3159
2020-01-08 09:57:51,960 Allocated:277.673828125 MB
2020-01-08 09:57:51,960 Cached:10028.625 MB
2020-01-08 09:58:29,714 ==> Epoch[1](200/1830): Loss: 0.3160
2020-01-08 09:58:29,717 Allocated:277.673828125 MB
2020-01-08 09:58:29,717 Cached:10028.625 MB
2020-01-08 09:58:52,252 ====> Building Cache
2020-01-08 09:58:52,253 feature cache--->>> /home/annora/NetVLAD/output/train_feat_cache.hdf5
2020-01-08 10:00:12,604 Allocated:279.04833984375 MB
2020-01-08 10:00:12,604 Cached:1748.625 MB
2020-01-08 10:00:59,559 ==> Epoch[1](250/1830): Loss: 0.3158
2020-01-08 10:00:59,561 Allocated:278.923828125 MB
2020-01-08 10:00:59,561 Cached:7959.375 MB
2020-01-08 10:01:37,736 ==> Epoch[1](300/1830): Loss: 0.3159
2020-01-08 10:01:37,738 Allocated:278.923828125 MB
2020-01-08 10:01:37,738 Cached:7959.375 MB
2020-01-08 10:02:17,056 ==> Epoch[1](350/1830): Loss: 0.3159
2020-01-08 10:02:17,059 Allocated:278.923828125 MB
2020-01-08 10:02:17,059 Cached:7959.375 MB
2020-01-08 10:02:56,077 ==> Epoch[1](400/1830): Loss: 0.3161
2020-01-08 10:02:56,079 Allocated:278.923828125 MB
2020-01-08 10:02:56,080 Cached:7959.375 MB
2020-01-08 10:03:34,680 ==> Epoch[1](450/1830): Loss: 0.3160
2020-01-08 10:03:34,682 Allocated:278.923828125 MB
2020-01-08 10:03:34,682 Cached:7959.375 MB
2020-01-08 10:03:41,179 ====> Building Cache
2020-01-08 10:03:41,180 feature cache--->>> /home/annora/NetVLAD/output/train_feat_cache.hdf5
2020-01-08 10:05:01,225 Allocated:276.92333984375 MB
2020-01-08 10:05:01,226 Cached:1900.0 MB
2020-01-08 10:06:03,901 ==> Epoch[1](500/1830): Loss: 0.3161
2020-01-08 10:06:03,903 Allocated:277.423828125 MB
2020-01-08 10:06:03,904 Cached:9776.5 MB
2020-01-08 10:06:41,818 ==> Epoch[1](550/1830): Loss: 0.3159
2020-01-08 10:06:41,820 Allocated:277.423828125 MB
2020-01-08 10:06:41,820 Cached:9776.5 MB
2020-01-08 10:07:18,619 ==> Epoch[1](600/1830): Loss: 0.3161
2020-01-08 10:07:18,621 Allocated:277.423828125 MB
2020-01-08 10:07:18,621 Cached:9776.5 MB
2020-01-08 10:07:55,599 ==> Epoch[1](650/1830): Loss: 0.3157
2020-01-08 10:07:55,600 Allocated:277.423828125 MB
2020-01-08 10:07:55,601 Cached:9776.5 MB
2020-01-08 10:08:23,654 ====> Building Cache
2020-01-08 10:08:23,655 feature cache--->>> /home/annora/NetVLAD/output/train_feat_cache.hdf5
2020-01-08 10:09:44,597 Allocated:277.79833984375 MB
2020-01-08 10:09:44,598 Cached:2300.125 MB
2020-01-08 10:10:24,434 ==> Epoch[1](700/1830): Loss: 0.3160
2020-01-08 10:10:24,436 Allocated:276.798828125 MB
2020-01-08 10:10:24,436 Cached:9894.0 MB
2020-01-08 10:11:03,812 ==> Epoch[1](750/1830): Loss: 0.3161
2020-01-08 10:11:03,813 Allocated:276.798828125 MB
2020-01-08 10:11:03,814 Cached:9894.0 MB
2020-01-08 10:11:41,340 ==> Epoch[1](800/1830): Loss: 0.3161
2020-01-08 10:11:41,342 Allocated:276.798828125 MB
2020-01-08 10:11:41,343 Cached:9894.0 MB
2020-01-08 10:12:18,772 ==> Epoch[1](850/1830): Loss: 0.3161
2020-01-08 10:12:18,774 Allocated:276.798828125 MB
2020-01-08 10:12:18,774 Cached:9894.0 MB
2020-01-08 10:12:55,943 ==> Epoch[1](900/1830): Loss: 0.3162
2020-01-08 10:12:55,945 Allocated:276.798828125 MB
2020-01-08 10:12:55,945 Cached:9894.0 MB
2020-01-08 10:13:08,433 ====> Building Cache
2020-01-08 10:13:08,434 feature cache--->>> /home/annora/NetVLAD/output/train_feat_cache.hdf5
2020-01-08 10:14:29,154 Allocated:277.29833984375 MB
2020-01-08 10:14:29,155 Cached:3150.25 MB
2020-01-08 10:15:24,894 ==> Epoch[1](950/1830): Loss: 0.3158
2020-01-08 10:15:24,896 Allocated:279.423828125 MB
2020-01-08 10:15:24,896 Cached:9956.625 MB
2020-01-08 10:16:01,963 ==> Epoch[1](1000/1830): Loss: 0.3162
2020-01-08 10:16:01,964 Allocated:279.423828125 MB
2020-01-08 10:16:01,965 Cached:9956.625 MB
2020-01-08 10:16:39,109 ==> Epoch[1](1050/1830): Loss: 0.3157
2020-01-08 10:16:39,111 Allocated:279.423828125 MB
2020-01-08 10:16:39,111 Cached:9956.625 MB
2020-01-08 10:17:16,159 ==> Epoch[1](1100/1830): Loss: 0.3156
2020-01-08 10:17:16,161 Allocated:279.423828125 MB
2020-01-08 10:17:16,161 Cached:9956.625 MB
2020-01-08 10:17:50,218 ====> Building Cache
2020-01-08 10:17:50,219 feature cache--->>> /home/annora/NetVLAD/output/train_feat_cache.hdf5
2020-01-08 10:19:10,507 Allocated:277.04833984375 MB
2020-01-08 10:19:10,508 Cached:3150.25 MB
2020-01-08 10:19:46,746 ==> Epoch[1](1150/1830): Loss: 0.3158
2020-01-08 10:19:46,748 Allocated:278.423828125 MB
2020-01-08 10:19:46,749 Cached:9956.625 MB
2020-01-08 10:20:26,189 ==> Epoch[1](1200/1830): Loss: 0.3161
2020-01-08 10:20:26,191 Allocated:278.423828125 MB
2020-01-08 10:20:26,191 Cached:9956.625 MB
2020-01-08 10:21:05,775 ==> Epoch[1](1250/1830): Loss: 0.3161
2020-01-08 10:21:05,777 Allocated:278.423828125 MB
2020-01-08 10:21:05,777 Cached:9956.625 MB
2020-01-08 10:21:43,631 ==> Epoch[1](1300/1830): Loss: 0.3159
2020-01-08 10:21:43,633 Allocated:278.423828125 MB
2020-01-08 10:21:43,634 Cached:9956.625 MB
2020-01-08 10:22:21,277 ==> Epoch[1](1350/1830): Loss: 0.3160
2020-01-08 10:22:21,279 Allocated:278.423828125 MB
2020-01-08 10:22:21,279 Cached:9956.625 MB
2020-01-08 10:22:39,739 ====> Building Cache
2020-01-08 10:22:39,740 feature cache--->>> /home/annora/NetVLAD/output/train_feat_cache.hdf5
2020-01-08 10:23:59,762 Allocated:278.42333984375 MB
2020-01-08 10:23:59,762 Cached:2130.0 MB
2020-01-08 10:24:50,909 ==> Epoch[1](1400/1830): Loss: 0.3155
2020-01-08 10:24:50,912 Allocated:277.548828125 MB
2020-01-08 10:24:50,912 Cached:9836.375 MB
2020-01-08 10:25:32,429 ==> Epoch[1](1450/1830): Loss: 0.3158
2020-01-08 10:25:32,431 Allocated:277.548828125 MB
2020-01-08 10:25:32,431 Cached:9836.375 MB
2020-01-08 10:26:12,144 ==> Epoch[1](1500/1830): Loss: 0.3158
2020-01-08 10:26:12,146 Allocated:277.548828125 MB
2020-01-08 10:26:12,146 Cached:9836.375 MB
2020-01-08 10:26:49,565 ==> Epoch[1](1550/1830): Loss: 0.3159
2020-01-08 10:26:49,566 Allocated:277.548828125 MB
2020-01-08 10:26:49,567 Cached:9836.375 MB
2020-01-08 10:27:26,569 ==> Epoch[1](1600/1830): Loss: 0.3160
2020-01-08 10:27:26,570 Allocated:277.548828125 MB
2020-01-08 10:27:26,570 Cached:9836.375 MB
2020-01-08 10:27:29,520 ====> Building Cache
2020-01-08 10:27:29,521 feature cache--->>> /home/annora/NetVLAD/output/train_feat_cache.hdf5
2020-01-08 10:28:49,710 Allocated:277.17333984375 MB
2020-01-08 10:28:49,710 Cached:2980.125 MB
2020-01-08 10:29:56,629 ==> Epoch[1](1650/1830): Loss: 0.3161
2020-01-08 10:29:56,634 Allocated:277.548828125 MB
2020-01-08 10:29:56,634 Cached:9899.0 MB
2020-01-08 10:30:35,606 ==> Epoch[1](1700/1830): Loss: 0.3161
2020-01-08 10:30:35,612 Allocated:277.548828125 MB
2020-01-08 10:30:35,612 Cached:9899.0 MB
2020-01-08 10:31:14,561 ==> Epoch[1](1750/1830): Loss: 0.3161
2020-01-08 10:31:14,563 Allocated:277.548828125 MB
2020-01-08 10:31:14,563 Cached:9899.0 MB
2020-01-08 10:31:55,132 ==> Epoch[1](1800/1830): Loss: 0.3162
2020-01-08 10:31:55,136 Allocated:277.548828125 MB
2020-01-08 10:31:55,136 Cached:9899.0 MB
2020-01-08 10:32:20,297 ===> Epoch 1 Complete: Avg. Loss: 0.3163
2020-01-08 10:32:20,300 ====> Extracting Features
2020-01-08 10:32:33,651 ==> Batch (50/734)
2020-01-08 10:32:38,650 ==> Batch (100/734)
2020-01-08 10:32:43,649 ==> Batch (150/734)
2020-01-08 10:32:48,667 ==> Batch (200/734)
2020-01-08 10:32:53,678 ==> Batch (250/734)
2020-01-08 10:32:58,693 ==> Batch (300/734)
2020-01-08 10:33:03,711 ==> Batch (350/734)
2020-01-08 10:33:08,736 ==> Batch (400/734)
2020-01-08 10:33:13,757 ==> Batch (450/734)
2020-01-08 10:33:18,788 ==> Batch (500/734)
2020-01-08 10:33:23,812 ==> Batch (550/734)
2020-01-08 10:33:28,842 ==> Batch (600/734)
2020-01-08 10:33:33,866 ==> Batch (650/734)
2020-01-08 10:33:38,891 ==> Batch (700/734)
2020-01-08 10:33:44,873 ====> Building faiss index
2020-01-08 10:33:45,857 ====> Calculating recall @ N
2020-01-08 10:33:58,957 ====> Recall@1: 0.1527
2020-01-08 10:33:58,957 ====> Recall@5: 0.3774
2020-01-08 10:33:58,958 ====> Recall@10: 0.5124
2020-01-08 10:33:58,958 ====> Recall@20: 0.6395
2020-01-08 10:33:59,375 ====> Building Cache
2020-01-08 10:33:59,376 feature cache--->>> /home/annora/NetVLAD/output/train_feat_cache.hdf5
2020-01-08 10:35:19,378 Allocated:223.41162109375 MB
2020-01-08 10:35:19,379 Cached:2127.0 MB
