2020-02-02 19:13:49,559 Namespace(arch='alexnet', batchSize=12, cacheBatchSize=96, cachePath='/home/annora/NetVLAD/output/', cacheRefreshRate=3000, ckpt='best', contilearn=True, dataPath='/home/annora/NetVLAD/output/data/', dataset='robotcar', evalEvery=1, fromscratch=False, fromtask='/home/annora/NetVLAD/output/runs/2020-01-13-16-28-39_alexnet_netvlad', lr=0.05, lrGamma=0.5, lrStep=5, margin=0.1, mode='train', momentum=0.9, nEpochs=30, nGPU=1, nocuda=False, num_clusters=64, optim='SGD', patience=10, pooling='netvlad', premodel='imagenet', resume='', runsPath='/home/annora/NetVLAD/output/runs/', savePath='checkpoints', seed=123, split='val', start_epoch=0, threads=8, vladv2=False, weightDecay=0.001)
2020-02-02 19:13:49,589 ===> Loading dataset(s)
2020-02-02 19:13:49,589 trainfile ------>>>>>> oxRobocar_doubleN_train.mat
2020-02-02 19:13:52,340 ====> Training set: oxRobocar_doubleN_train.mat, query set count: 6404
2020-02-02 19:13:52,444 ===> Evaluating on val set: oxRobocar_doubleN_val.mat, query count: 3450
2020-02-02 19:13:52,444 ===> Building model
2020-02-02 19:13:52,500 encoder moder:
AlexNet(
  (conv1): Sequential(
    (0): Conv2d(3, 64, kernel_size=(11, 11), stride=(4, 4), padding=(2, 2))
    (1): ReLU(inplace)
    (2): MaxPool2d(kernel_size=3, stride=2, padding=0, dilation=1, ceil_mode=False)
  )
  (conv2): Sequential(
    (0): Conv2d(64, 192, kernel_size=(5, 5), stride=(1, 1), padding=(2, 2))
    (1): ReLU(inplace)
    (2): MaxPool2d(kernel_size=3, stride=2, padding=0, dilation=1, ceil_mode=False)
  )
  (conv3): Sequential(
    (0): Conv2d(192, 384, kernel_size=(3, 3), stride=(1, 1), padding=(1, 1))
    (1): ReLU(inplace)
  )
  (conv4): Sequential(
    (0): Conv2d(384, 256, kernel_size=(3, 3), stride=(1, 1), padding=(1, 1))
    (1): ReLU(inplace)
  )
  (conv5): Sequential(
    (0): Conv2d(256, 256, kernel_size=(3, 3), stride=(1, 1), padding=(1, 1))
  )
)
2020-02-02 19:13:57,480 => loading checkpoint '/home/annora/NetVLAD/output/runs/2020-01-13-16-28-39_alexnet_netvlad/checkpoints/model_best.pth.tar'
2020-02-02 19:13:57,581 => loaded checkpoint '/home/annora/NetVLAD/output/runs/2020-01-13-16-28-39_alexnet_netvlad/checkpoints/model_best.pth.tar' 
2020-02-02 19:13:57,581 ===> Training model
2020-02-02 19:13:57,584 ===> Saving state to: /home/annora/NetVLAD/output/runs/2020-02-02-19-13-57_alexnet_netvlad
2020-02-02 19:13:57,584 ====> Building Cache
2020-02-02 19:13:57,585 feature cache--->>> /home/annora/NetVLAD/output/train_feat_cache1.hdf5
2020-02-02 19:15:33,956 Allocated:99.47119140625 MB
2020-02-02 19:15:33,957 Cached:2864.375 MB
2020-02-02 19:18:19,512 ==> Epoch[1](50/534): Loss: 0.0621
2020-02-02 19:18:19,515 Allocated:122.90869140625 MB
2020-02-02 19:18:19,515 Cached:9757.625 MB
2020-02-02 19:20:18,719 ==> Epoch[1](100/534): Loss: 0.1002
2020-02-02 19:20:18,721 Allocated:122.78369140625 MB
2020-02-02 19:20:18,721 Cached:9757.625 MB
2020-02-02 19:22:28,208 ==> Epoch[1](150/534): Loss: 0.1161
2020-02-02 19:22:28,211 Allocated:122.15869140625 MB
2020-02-02 19:22:28,211 Cached:9757.625 MB
2020-02-02 19:23:42,009 ====> Building Cache
2020-02-02 19:23:42,011 feature cache--->>> /home/annora/NetVLAD/output/train_feat_cache1.hdf5
2020-02-02 19:25:19,183 Allocated:122.533203125 MB
2020-02-02 19:25:19,183 Cached:3426.375 MB
2020-02-02 19:26:57,580 ==> Epoch[1](200/534): Loss: 0.1100
2020-02-02 19:26:57,583 Allocated:122.15869140625 MB
2020-02-02 19:26:57,583 Cached:7317.375 MB
2020-02-02 19:29:05,594 ==> Epoch[1](250/534): Loss: 0.1307
2020-02-02 19:29:05,596 Allocated:122.78369140625 MB
2020-02-02 19:29:05,596 Cached:7317.375 MB
2020-02-02 19:31:09,853 ==> Epoch[1](300/534): Loss: 0.1327
2020-02-02 19:31:09,854 Allocated:122.15869140625 MB
2020-02-02 19:31:09,855 Cached:7317.375 MB
2020-02-02 19:33:15,363 ==> Epoch[1](350/534): Loss: 0.0873
2020-02-02 19:33:15,364 Allocated:123.28369140625 MB
2020-02-02 19:33:15,365 Cached:7317.375 MB
2020-02-02 19:33:29,208 ====> Building Cache
2020-02-02 19:33:29,210 feature cache--->>> /home/annora/NetVLAD/output/train_feat_cache1.hdf5
2020-02-02 19:35:00,098 Allocated:122.158203125 MB
2020-02-02 19:35:00,098 Cached:3554.25 MB
2020-02-02 19:37:36,383 ==> Epoch[1](400/534): Loss: 0.0799
2020-02-02 19:37:36,387 Allocated:122.03369140625 MB
2020-02-02 19:37:36,387 Cached:6868.375 MB
2020-02-02 19:39:31,673 ==> Epoch[1](450/534): Loss: 0.0705
2020-02-02 19:39:31,675 Allocated:122.53369140625 MB
2020-02-02 19:39:31,676 Cached:4109.625 MB
2020-02-02 19:41:32,704 ==> Epoch[1](500/534): Loss: 0.0653
2020-02-02 19:41:32,706 Allocated:123.03369140625 MB
2020-02-02 19:41:32,706 Cached:7833.625 MB
2020-02-02 19:42:50,242 ===> Epoch 1 Complete: Avg. Loss: 0.1085
2020-02-02 19:42:50,244 ====> Extracting Features
2020-02-02 19:43:32,457 ==> Batch (50/108)
2020-02-02 19:43:58,430 ==> Batch (100/108)
2020-02-02 19:44:03,511 ====> Building faiss index
2020-02-02 19:44:03,873 ====> Calculating recall @ N
2020-02-02 19:44:06,217 ====> Recall@1: 0.6922
2020-02-02 19:44:06,217 ====> Recall@2: 0.7087
2020-02-02 19:44:06,218 ====> Recall@3: 0.7212
2020-02-02 19:44:06,218 ====> Recall@4: 0.7299
2020-02-02 19:44:06,218 ====> Recall@5: 0.7333
2020-02-02 19:44:06,218 ====> Recall@10: 0.7542
2020-02-02 19:44:06,219 ====> Recall@15: 0.7675
2020-02-02 19:44:06,219 ====> Recall@20: 0.7759
2020-02-02 19:44:06,219 ====> Recall@25: 0.7823
2020-02-02 19:44:06,529 ====> Building Cache
2020-02-02 19:44:06,530 feature cache--->>> /home/annora/NetVLAD/output/train_feat_cache1.hdf5
2020-02-02 19:45:39,622 Allocated:121.15869140625 MB
2020-02-02 19:45:39,623 Cached:4337.5 MB
2020-02-02 19:48:23,554 ==> Epoch[2](50/534): Loss: 0.0933
2020-02-02 19:48:23,557 Allocated:122.03369140625 MB
2020-02-02 19:48:23,557 Cached:9094.25 MB
2020-02-02 19:50:32,602 ==> Epoch[2](100/534): Loss: 0.1154
2020-02-02 19:50:32,604 Allocated:122.65869140625 MB
2020-02-02 19:50:32,605 Cached:3209.25 MB
2020-02-02 19:52:31,593 ==> Epoch[2](150/534): Loss: 0.0953
2020-02-02 19:52:31,596 Allocated:123.03369140625 MB
2020-02-02 19:52:31,596 Cached:4466.375 MB
2020-02-02 19:53:38,368 ====> Building Cache
2020-02-02 19:53:38,369 feature cache--->>> /home/annora/NetVLAD/output/train_feat_cache1.hdf5
2020-02-02 19:55:04,905 Allocated:122.408203125 MB
2020-02-02 19:55:04,905 Cached:3448.75 MB
2020-02-02 19:56:39,004 ==> Epoch[2](200/534): Loss: 0.1476
2020-02-02 19:56:39,007 Allocated:123.28369140625 MB
2020-02-02 19:56:39,007 Cached:8389.0 MB
2020-02-02 19:58:36,612 ==> Epoch[2](250/534): Loss: 0.0843
2020-02-02 19:58:36,614 Allocated:122.28369140625 MB
2020-02-02 19:58:36,615 Cached:8389.0 MB
2020-02-02 20:00:37,392 ==> Epoch[2](300/534): Loss: 0.0918
2020-02-02 20:00:37,394 Allocated:122.40869140625 MB
2020-02-02 20:00:37,394 Cached:8389.0 MB
2020-02-02 20:02:33,709 ==> Epoch[2](350/534): Loss: 0.1147
2020-02-02 20:02:33,710 Allocated:122.90869140625 MB
2020-02-02 20:02:33,710 Cached:8389.0 MB
2020-02-02 20:02:46,730 ====> Building Cache
2020-02-02 20:02:46,730 feature cache--->>> /home/annora/NetVLAD/output/train_feat_cache1.hdf5
2020-02-02 20:04:16,821 Allocated:123.033203125 MB
2020-02-02 20:04:16,821 Cached:3417.0 MB
2020-02-02 20:06:41,562 ==> Epoch[2](400/534): Loss: 0.0851
2020-02-02 20:06:41,564 Allocated:122.40869140625 MB
2020-02-02 20:06:41,565 Cached:9326.75 MB
2020-02-02 20:08:35,639 ==> Epoch[2](450/534): Loss: 0.0606
2020-02-02 20:08:35,640 Allocated:122.65869140625 MB
2020-02-02 20:08:35,641 Cached:3316.625 MB
2020-02-02 20:10:47,037 ==> Epoch[2](500/534): Loss: 0.0352
2020-02-02 20:10:47,039 Allocated:122.03369140625 MB
2020-02-02 20:10:47,039 Cached:7154.75 MB
2020-02-02 20:12:01,859 ===> Epoch 2 Complete: Avg. Loss: 0.0919
2020-02-02 20:12:01,861 ====> Extracting Features
2020-02-02 20:12:39,422 ==> Batch (50/108)
2020-02-02 20:13:03,464 ==> Batch (100/108)
2020-02-02 20:13:07,597 ====> Building faiss index
2020-02-02 20:13:07,948 ====> Calculating recall @ N
2020-02-02 20:13:10,026 ====> Recall@1: 0.7038
2020-02-02 20:13:10,026 ====> Recall@2: 0.7235
2020-02-02 20:13:10,027 ====> Recall@3: 0.7386
2020-02-02 20:13:10,027 ====> Recall@4: 0.7484
2020-02-02 20:13:10,027 ====> Recall@5: 0.7542
2020-02-02 20:13:10,027 ====> Recall@10: 0.7690
2020-02-02 20:13:10,028 ====> Recall@15: 0.7820
2020-02-02 20:13:10,028 ====> Recall@20: 0.7925
2020-02-02 20:13:10,028 ====> Recall@25: 0.7983
2020-02-02 20:13:10,787 ====> Building Cache
2020-02-02 20:13:10,787 feature cache--->>> /home/annora/NetVLAD/output/train_feat_cache1.hdf5
2020-02-02 20:14:37,614 Allocated:120.65869140625 MB
2020-02-02 20:14:37,614 Cached:4407.75 MB
2020-02-02 20:17:11,131 ==> Epoch[3](50/534): Loss: 0.1221
2020-02-02 20:17:11,134 Allocated:122.03369140625 MB
2020-02-02 20:17:11,135 Cached:6866.0 MB
2020-02-02 20:18:55,650 ==> Epoch[3](100/534): Loss: 0.0872
2020-02-02 20:18:55,652 Allocated:122.03369140625 MB
2020-02-02 20:18:55,652 Cached:6866.0 MB
2020-02-02 20:20:52,134 ==> Epoch[3](150/534): Loss: 0.0604
2020-02-02 20:20:52,137 Allocated:122.03369140625 MB
2020-02-02 20:20:52,137 Cached:6866.0 MB
2020-02-02 20:21:51,914 ====> Building Cache
2020-02-02 20:21:51,915 feature cache--->>> /home/annora/NetVLAD/output/train_feat_cache1.hdf5
2020-02-02 20:23:18,912 Allocated:122.908203125 MB
2020-02-02 20:23:18,913 Cached:3417.0 MB
2020-02-02 20:24:54,586 ==> Epoch[3](200/534): Loss: 0.1260
2020-02-02 20:24:54,588 Allocated:123.03369140625 MB
2020-02-02 20:24:54,589 Cached:4673.125 MB
2020-02-02 20:27:05,389 ==> Epoch[3](250/534): Loss: 0.1845
2020-02-02 20:27:05,391 Allocated:123.40869140625 MB
2020-02-02 20:27:05,391 Cached:4673.125 MB
2020-02-02 20:29:02,591 ==> Epoch[3](300/534): Loss: 0.1012
2020-02-02 20:29:02,593 Allocated:122.03369140625 MB
2020-02-02 20:29:02,593 Cached:4673.125 MB
2020-02-02 20:30:52,377 ==> Epoch[3](350/534): Loss: 0.1372
2020-02-02 20:30:52,379 Allocated:123.03369140625 MB
2020-02-02 20:30:52,379 Cached:8548.125 MB
2020-02-02 20:31:05,141 ====> Building Cache
2020-02-02 20:31:05,142 feature cache--->>> /home/annora/NetVLAD/output/train_feat_cache1.hdf5
2020-02-02 20:32:38,901 Allocated:122.033203125 MB
2020-02-02 20:32:38,902 Cached:3381.875 MB
2020-02-02 20:34:52,948 ==> Epoch[3](400/534): Loss: 0.0439
2020-02-02 20:34:52,950 Allocated:122.90869140625 MB
2020-02-02 20:34:52,950 Cached:6844.375 MB
2020-02-02 20:36:47,207 ==> Epoch[3](450/534): Loss: 0.0509
2020-02-02 20:36:47,209 Allocated:123.15869140625 MB
2020-02-02 20:36:47,209 Cached:8033.5 MB
2020-02-02 20:38:49,918 ==> Epoch[3](500/534): Loss: 0.0486
2020-02-02 20:38:49,920 Allocated:122.53369140625 MB
2020-02-02 20:38:49,920 Cached:9226.875 MB
2020-02-02 20:40:04,709 ===> Epoch 3 Complete: Avg. Loss: 0.0841
2020-02-02 20:40:04,711 ====> Extracting Features
2020-02-02 20:40:43,596 ==> Batch (50/108)
2020-02-02 20:41:06,516 ==> Batch (100/108)
2020-02-02 20:41:10,908 ====> Building faiss index
2020-02-02 20:41:11,242 ====> Calculating recall @ N
2020-02-02 20:41:13,470 ====> Recall@1: 0.7191
2020-02-02 20:41:13,471 ====> Recall@2: 0.7325
2020-02-02 20:41:13,471 ====> Recall@3: 0.7643
2020-02-02 20:41:13,472 ====> Recall@4: 0.7733
2020-02-02 20:41:13,472 ====> Recall@5: 0.7783
2020-02-02 20:41:13,472 ====> Recall@10: 0.7910
2020-02-02 20:41:13,472 ====> Recall@15: 0.7957
2020-02-02 20:41:13,472 ====> Recall@20: 0.7991
2020-02-02 20:41:13,473 ====> Recall@25: 0.8000
2020-02-02 20:41:14,234 ====> Building Cache
2020-02-02 20:41:14,234 feature cache--->>> /home/annora/NetVLAD/output/train_feat_cache1.hdf5
2020-02-02 20:42:40,335 Allocated:120.90869140625 MB
2020-02-02 20:42:40,336 Cached:4337.5 MB
2020-02-02 20:45:12,889 ==> Epoch[4](50/534): Loss: 0.0338
2020-02-02 20:45:12,892 Allocated:122.78369140625 MB
2020-02-02 20:45:12,892 Cached:6639.75 MB
2020-02-02 20:47:02,205 ==> Epoch[4](100/534): Loss: 0.0531
2020-02-02 20:47:02,208 Allocated:122.40869140625 MB
2020-02-02 20:47:02,208 Cached:7804.375 MB
2020-02-02 20:49:00,608 ==> Epoch[4](150/534): Loss: 0.0814
2020-02-02 20:49:00,611 Allocated:123.40869140625 MB
2020-02-02 20:49:00,611 Cached:7804.375 MB
2020-02-02 20:50:02,282 ====> Building Cache
2020-02-02 20:50:02,282 feature cache--->>> /home/annora/NetVLAD/output/train_feat_cache1.hdf5
2020-02-02 20:51:30,536 Allocated:122.658203125 MB
2020-02-02 20:51:30,536 Cached:3381.875 MB
2020-02-02 20:53:03,788 ==> Epoch[4](200/534): Loss: 0.0988
2020-02-02 20:53:03,790 Allocated:122.65869140625 MB
2020-02-02 20:53:03,790 Cached:5755.0 MB
2020-02-02 20:55:07,713 ==> Epoch[4](250/534): Loss: 0.1211
2020-02-02 20:55:07,716 Allocated:122.03369140625 MB
2020-02-02 20:55:07,716 Cached:9464.75 MB
2020-02-02 20:57:10,127 ==> Epoch[4](300/534): Loss: 0.0987
2020-02-02 20:57:10,129 Allocated:122.03369140625 MB
2020-02-02 20:57:10,129 Cached:9464.75 MB
2020-02-02 20:59:06,616 ==> Epoch[4](350/534): Loss: 0.0867
2020-02-02 20:59:06,619 Allocated:123.40869140625 MB
2020-02-02 20:59:06,619 Cached:9464.75 MB
2020-02-02 20:59:19,901 ====> Building Cache
2020-02-02 20:59:19,901 feature cache--->>> /home/annora/NetVLAD/output/train_feat_cache1.hdf5
2020-02-02 21:00:52,786 Allocated:122.658203125 MB
2020-02-02 21:00:52,786 Cached:3977.125 MB
2020-02-02 21:03:07,341 ==> Epoch[4](400/534): Loss: 0.1162
2020-02-02 21:03:07,344 Allocated:122.53369140625 MB
2020-02-02 21:03:07,345 Cached:5140.0 MB
2020-02-02 21:05:03,179 ==> Epoch[4](450/534): Loss: 0.0378
2020-02-02 21:05:03,182 Allocated:123.53369140625 MB
2020-02-02 21:05:03,182 Cached:5140.0 MB
2020-02-02 21:06:59,013 ==> Epoch[4](500/534): Loss: 0.0951
2020-02-02 21:06:59,015 Allocated:123.03369140625 MB
2020-02-02 21:06:59,015 Cached:6297.25 MB
2020-02-02 21:08:11,198 ===> Epoch 4 Complete: Avg. Loss: 0.0721
2020-02-02 21:08:11,200 ====> Extracting Features
2020-02-02 21:08:45,671 ==> Batch (50/108)
2020-02-02 21:09:06,749 ==> Batch (100/108)
2020-02-02 21:09:10,617 ====> Building faiss index
2020-02-02 21:09:10,952 ====> Calculating recall @ N
2020-02-02 21:09:13,112 ====> Recall@1: 0.7116
2020-02-02 21:09:13,113 ====> Recall@2: 0.7281
2020-02-02 21:09:13,113 ====> Recall@3: 0.7632
2020-02-02 21:09:13,113 ====> Recall@4: 0.7742
2020-02-02 21:09:13,114 ====> Recall@5: 0.7861
2020-02-02 21:09:13,114 ====> Recall@10: 0.7962
2020-02-02 21:09:13,114 ====> Recall@15: 0.8014
2020-02-02 21:09:13,114 ====> Recall@20: 0.8046
2020-02-02 21:09:13,114 ====> Recall@25: 0.8072
2020-02-02 21:09:13,860 ====> Building Cache
2020-02-02 21:09:13,860 feature cache--->>> /home/annora/NetVLAD/output/train_feat_cache1.hdf5
2020-02-02 21:10:40,301 Allocated:120.28369140625 MB
2020-02-02 21:10:40,302 Cached:4337.5 MB
2020-02-02 21:13:09,893 ==> Epoch[5](50/534): Loss: 0.0700
2020-02-02 21:13:09,895 Allocated:122.03369140625 MB
2020-02-02 21:13:09,895 Cached:5492.0 MB
2020-02-02 21:14:53,910 ==> Epoch[5](100/534): Loss: 0.0141
2020-02-02 21:14:53,912 Allocated:122.53369140625 MB
2020-02-02 21:14:53,912 Cached:6646.125 MB
2020-02-02 21:16:41,427 ==> Epoch[5](150/534): Loss: 0.0197
2020-02-02 21:16:41,429 Allocated:122.53369140625 MB
2020-02-02 21:16:41,429 Cached:6646.125 MB
2020-02-02 21:17:38,554 ====> Building Cache
2020-02-02 21:17:38,555 feature cache--->>> /home/annora/NetVLAD/output/train_feat_cache1.hdf5
2020-02-02 21:19:05,190 Allocated:122.533203125 MB
2020-02-02 21:19:05,191 Cached:3551.75 MB
2020-02-02 21:20:35,472 ==> Epoch[5](200/534): Loss: 0.2442
2020-02-02 21:20:35,474 Allocated:122.78369140625 MB
2020-02-02 21:20:35,474 Cached:5948.25 MB
2020-02-02 21:22:24,278 ==> Epoch[5](250/534): Loss: 0.1859
2020-02-02 21:22:24,281 Allocated:122.15869140625 MB
2020-02-02 21:22:24,281 Cached:5948.25 MB
2020-02-02 21:24:16,208 ==> Epoch[5](300/534): Loss: 0.0276
2020-02-02 21:24:16,209 Allocated:122.03369140625 MB
2020-02-02 21:24:16,210 Cached:5948.25 MB
2020-02-02 21:26:06,251 ==> Epoch[5](350/534): Loss: 0.0502
2020-02-02 21:26:06,252 Allocated:122.65869140625 MB
2020-02-02 21:26:06,253 Cached:5948.25 MB
2020-02-02 21:26:19,668 ====> Building Cache
2020-02-02 21:26:19,669 feature cache--->>> /home/annora/NetVLAD/output/train_feat_cache1.hdf5
2020-02-02 21:27:50,946 Allocated:122.158203125 MB
2020-02-02 21:27:50,946 Cached:3551.75 MB
2020-02-02 21:30:02,042 ==> Epoch[5](400/534): Loss: 0.0449
2020-02-02 21:30:02,045 Allocated:122.15869140625 MB
2020-02-02 21:30:02,045 Cached:3562.75 MB
2020-02-02 21:31:59,898 ==> Epoch[5](450/534): Loss: 0.0685
2020-02-02 21:31:59,900 Allocated:122.03369140625 MB
2020-02-02 21:31:59,900 Cached:5875.125 MB
2020-02-02 21:33:44,235 ==> Epoch[5](500/534): Loss: 0.0317
2020-02-02 21:33:44,238 Allocated:123.03369140625 MB
2020-02-02 21:33:44,238 Cached:5875.125 MB
2020-02-02 21:34:56,689 ===> Epoch 5 Complete: Avg. Loss: 0.0785
2020-02-02 21:34:56,691 ====> Extracting Features
2020-02-02 21:35:33,156 ==> Batch (50/108)
2020-02-02 21:35:55,558 ==> Batch (100/108)
2020-02-02 21:35:59,451 ====> Building faiss index
2020-02-02 21:35:59,787 ====> Calculating recall @ N
2020-02-02 21:36:01,792 ====> Recall@1: 0.7383
2020-02-02 21:36:01,793 ====> Recall@2: 0.7600
2020-02-02 21:36:01,793 ====> Recall@3: 0.7690
2020-02-02 21:36:01,794 ====> Recall@4: 0.7762
2020-02-02 21:36:01,794 ====> Recall@5: 0.7786
2020-02-02 21:36:01,794 ====> Recall@10: 0.7904
2020-02-02 21:36:01,794 ====> Recall@15: 0.7962
2020-02-02 21:36:01,794 ====> Recall@20: 0.8020
2020-02-02 21:36:01,794 ====> Recall@25: 0.8055
2020-02-02 21:36:02,234 ====> Building Cache
2020-02-02 21:36:02,235 feature cache--->>> /home/annora/NetVLAD/output/train_feat_cache1.hdf5
2020-02-02 21:37:28,625 Allocated:120.03369140625 MB
2020-02-02 21:37:28,626 Cached:4337.5 MB
2020-02-02 21:40:01,906 ==> Epoch[6](50/534): Loss: 0.0555
2020-02-02 21:40:01,909 Allocated:122.03369140625 MB
2020-02-02 21:40:01,910 Cached:6724.625 MB
2020-02-02 21:41:52,959 ==> Epoch[6](100/534): Loss: 0.0281
2020-02-02 21:41:52,961 Allocated:122.90869140625 MB
2020-02-02 21:41:52,962 Cached:7962.625 MB
2020-02-02 21:43:55,999 ==> Epoch[6](150/534): Loss: 0.0372
2020-02-02 21:43:56,001 Allocated:122.53369140625 MB
2020-02-02 21:43:56,002 Cached:7962.625 MB
2020-02-02 21:44:54,444 ====> Building Cache
2020-02-02 21:44:54,445 feature cache--->>> /home/annora/NetVLAD/output/train_feat_cache1.hdf5
2020-02-02 21:46:27,058 Allocated:123.283203125 MB
2020-02-02 21:46:27,059 Cached:4015.125 MB
2020-02-02 21:48:02,984 ==> Epoch[6](200/534): Loss: 0.2096
2020-02-02 21:48:02,987 Allocated:122.53369140625 MB
2020-02-02 21:48:02,987 Cached:5191.75 MB
2020-02-02 21:50:01,181 ==> Epoch[6](250/534): Loss: 0.1603
2020-02-02 21:50:01,182 Allocated:124.40869140625 MB
2020-02-02 21:50:01,183 Cached:6433.875 MB
2020-02-02 21:52:03,693 ==> Epoch[6](300/534): Loss: 0.2036
2020-02-02 21:52:03,694 Allocated:123.28369140625 MB
2020-02-02 21:52:03,695 Cached:6433.875 MB
2020-02-02 21:53:58,241 ==> Epoch[6](350/534): Loss: 0.0465
2020-02-02 21:53:58,244 Allocated:122.40869140625 MB
2020-02-02 21:53:58,244 Cached:7687.75 MB
2020-02-02 21:54:11,835 ====> Building Cache
2020-02-02 21:54:11,836 feature cache--->>> /home/annora/NetVLAD/output/train_feat_cache1.hdf5
2020-02-02 21:55:47,446 Allocated:123.283203125 MB
2020-02-02 21:55:47,446 Cached:4355.25 MB
2020-02-02 21:58:27,020 ==> Epoch[6](400/534): Loss: 0.0385
2020-02-02 21:58:27,022 Allocated:122.65869140625 MB
2020-02-02 21:58:27,023 Cached:3866.0 MB
2020-02-02 22:00:29,089 ==> Epoch[6](450/534): Loss: 0.0213
2020-02-02 22:00:29,092 Allocated:122.78369140625 MB
2020-02-02 22:00:29,092 Cached:3867.0 MB
2020-02-02 22:02:26,335 ==> Epoch[6](500/534): Loss: 0.0084
2020-02-02 22:02:26,338 Allocated:122.15869140625 MB
2020-02-02 22:02:26,338 Cached:3868.0 MB
2020-02-02 22:03:47,255 ===> Epoch 6 Complete: Avg. Loss: 0.0700
2020-02-02 22:03:47,258 ====> Extracting Features
2020-02-02 22:04:23,473 ==> Batch (50/108)
2020-02-02 22:04:48,184 ==> Batch (100/108)
2020-02-02 22:04:53,517 ====> Building faiss index
2020-02-02 22:04:53,877 ====> Calculating recall @ N
2020-02-02 22:04:56,216 ====> Recall@1: 0.7394
2020-02-02 22:04:56,217 ====> Recall@2: 0.7571
2020-02-02 22:04:56,218 ====> Recall@3: 0.7632
2020-02-02 22:04:56,218 ====> Recall@4: 0.7704
2020-02-02 22:04:56,218 ====> Recall@5: 0.7762
2020-02-02 22:04:56,218 ====> Recall@10: 0.7904
2020-02-02 22:04:56,218 ====> Recall@15: 0.7986
2020-02-02 22:04:56,218 ====> Recall@20: 0.8032
2020-02-02 22:04:56,219 ====> Recall@25: 0.8046
2020-02-02 22:04:56,666 ====> Building Cache
2020-02-02 22:04:56,667 feature cache--->>> /home/annora/NetVLAD/output/train_feat_cache1.hdf5
2020-02-02 22:06:29,464 Allocated:120.03369140625 MB
2020-02-02 22:06:29,465 Cached:4523.625 MB
2020-02-02 22:08:58,130 ==> Epoch[7](50/534): Loss: 0.0453
2020-02-02 22:08:58,133 Allocated:122.90869140625 MB
2020-02-02 22:08:58,133 Cached:6858.75 MB
2020-02-02 22:10:44,916 ==> Epoch[7](100/534): Loss: 0.0587
2020-02-02 22:10:44,918 Allocated:122.65869140625 MB
2020-02-02 22:10:44,919 Cached:6858.75 MB
2020-02-02 22:12:34,063 ==> Epoch[7](150/534): Loss: 0.0439
2020-02-02 22:12:34,065 Allocated:122.03369140625 MB
2020-02-02 22:12:34,065 Cached:6858.75 MB
2020-02-02 22:13:33,650 ====> Building Cache
2020-02-02 22:13:33,652 feature cache--->>> /home/annora/NetVLAD/output/train_feat_cache1.hdf5
2020-02-02 22:15:07,721 Allocated:123.033203125 MB
2020-02-02 22:15:07,721 Cached:3381.875 MB
2020-02-02 22:16:41,321 ==> Epoch[7](200/534): Loss: 0.0667
2020-02-02 22:16:41,323 Allocated:123.40869140625 MB
2020-02-02 22:16:41,323 Cached:5794.25 MB
2020-02-02 22:18:39,869 ==> Epoch[7](250/534): Loss: 0.0542
2020-02-02 22:18:39,871 Allocated:123.03369140625 MB
2020-02-02 22:18:39,871 Cached:5794.25 MB
2020-02-02 22:20:44,409 ==> Epoch[7](300/534): Loss: 0.1004
2020-02-02 22:20:44,412 Allocated:123.40869140625 MB
2020-02-02 22:20:44,412 Cached:5794.25 MB
2020-02-02 22:22:43,911 ==> Epoch[7](350/534): Loss: 0.1149
2020-02-02 22:22:43,914 Allocated:122.03369140625 MB
2020-02-02 22:22:43,914 Cached:8307.375 MB
2020-02-02 22:22:57,057 ====> Building Cache
2020-02-02 22:22:57,058 feature cache--->>> /home/annora/NetVLAD/output/train_feat_cache1.hdf5
2020-02-02 22:24:31,387 Allocated:123.033203125 MB
2020-02-02 22:24:31,388 Cached:3977.125 MB
2020-02-02 22:26:50,543 ==> Epoch[7](400/534): Loss: 0.0349
2020-02-02 22:26:50,546 Allocated:122.28369140625 MB
2020-02-02 22:26:50,546 Cached:9853.125 MB
2020-02-02 22:28:43,769 ==> Epoch[7](450/534): Loss: 0.0386
2020-02-02 22:28:43,771 Allocated:124.53369140625 MB
2020-02-02 22:28:43,772 Cached:5144.875 MB
2020-02-02 22:30:40,378 ==> Epoch[7](500/534): Loss: 0.0307
2020-02-02 22:30:40,382 Allocated:122.15869140625 MB
2020-02-02 22:30:40,382 Cached:9021.875 MB
2020-02-02 22:31:59,073 ===> Epoch 7 Complete: Avg. Loss: 0.0770
2020-02-02 22:31:59,076 ====> Extracting Features
2020-02-02 22:32:37,474 ==> Batch (50/108)
2020-02-02 22:33:00,035 ==> Batch (100/108)
2020-02-02 22:33:04,512 ====> Building faiss index
2020-02-02 22:33:04,856 ====> Calculating recall @ N
2020-02-02 22:33:06,874 ====> Recall@1: 0.7012
2020-02-02 22:33:06,875 ====> Recall@2: 0.7328
2020-02-02 22:33:06,875 ====> Recall@3: 0.7490
2020-02-02 22:33:06,875 ====> Recall@4: 0.7568
2020-02-02 22:33:06,875 ====> Recall@5: 0.7620
2020-02-02 22:33:06,876 ====> Recall@10: 0.7748
2020-02-02 22:33:06,876 ====> Recall@15: 0.7817
2020-02-02 22:33:06,876 ====> Recall@20: 0.7875
2020-02-02 22:33:06,876 ====> Recall@25: 0.7910
2020-02-02 22:33:07,308 ====> Building Cache
2020-02-02 22:33:07,309 feature cache--->>> /home/annora/NetVLAD/output/train_feat_cache1.hdf5
2020-02-02 22:34:37,712 Allocated:121.03369140625 MB
2020-02-02 22:34:37,713 Cached:4399.0 MB
2020-02-02 22:37:06,473 ==> Epoch[8](50/534): Loss: 0.1150
2020-02-02 22:37:06,476 Allocated:122.65869140625 MB
2020-02-02 22:37:06,476 Cached:6811.625 MB
2020-02-02 22:38:58,038 ==> Epoch[8](100/534): Loss: 0.0729
2020-02-02 22:38:58,040 Allocated:122.90869140625 MB
2020-02-02 22:38:58,040 Cached:9316.25 MB
2020-02-02 22:40:49,045 ==> Epoch[8](150/534): Loss: 0.1646
2020-02-02 22:40:49,047 Allocated:122.03369140625 MB
2020-02-02 22:40:49,047 Cached:9316.25 MB
2020-02-02 22:41:51,932 ====> Building Cache
2020-02-02 22:41:51,933 feature cache--->>> /home/annora/NetVLAD/output/train_feat_cache1.hdf5
2020-02-02 22:43:25,321 Allocated:123.158203125 MB
2020-02-02 22:43:25,322 Cached:3412.625 MB
2020-02-02 22:45:02,782 ==> Epoch[8](200/534): Loss: 0.1709
2020-02-02 22:45:02,785 Allocated:122.90869140625 MB
2020-02-02 22:45:02,786 Cached:9812.625 MB
2020-02-02 22:47:05,730 ==> Epoch[8](250/534): Loss: 0.1635
2020-02-02 22:47:05,733 Allocated:122.15869140625 MB
2020-02-02 22:47:05,733 Cached:9812.625 MB
2020-02-02 22:49:10,157 ==> Epoch[8](300/534): Loss: 0.1231
2020-02-02 22:49:10,159 Allocated:122.15869140625 MB
2020-02-02 22:49:10,160 Cached:9812.625 MB
2020-02-02 22:51:09,125 ==> Epoch[8](350/534): Loss: 0.1198
2020-02-02 22:51:09,127 Allocated:122.03369140625 MB
2020-02-02 22:51:09,127 Cached:9812.625 MB
2020-02-02 22:51:22,279 ====> Building Cache
2020-02-02 22:51:22,279 feature cache--->>> /home/annora/NetVLAD/output/train_feat_cache1.hdf5
2020-02-02 22:52:53,582 Allocated:122.533203125 MB
2020-02-02 22:52:53,583 Cached:3554.25 MB
2020-02-02 22:55:22,502 ==> Epoch[8](400/534): Loss: 0.0353
2020-02-02 22:55:22,504 Allocated:122.03369140625 MB
2020-02-02 22:55:22,504 Cached:8695.0 MB
2020-02-02 22:57:23,527 ==> Epoch[8](450/534): Loss: 0.0339
2020-02-02 22:57:23,531 Allocated:122.28369140625 MB
2020-02-02 22:57:23,532 Cached:8695.0 MB
2020-02-02 22:59:23,445 ==> Epoch[8](500/534): Loss: 0.0672
2020-02-02 22:59:23,447 Allocated:122.28369140625 MB
2020-02-02 22:59:23,448 Cached:8695.0 MB
2020-02-02 23:00:44,378 ===> Epoch 8 Complete: Avg. Loss: 0.0945
2020-02-02 23:00:44,380 ====> Extracting Features
2020-02-02 23:01:20,237 ==> Batch (50/108)
2020-02-02 23:01:41,739 ==> Batch (100/108)
2020-02-02 23:01:46,145 ====> Building faiss index
2020-02-02 23:01:46,483 ====> Calculating recall @ N
2020-02-02 23:01:48,640 ====> Recall@1: 0.6736
2020-02-02 23:01:48,641 ====> Recall@2: 0.7055
2020-02-02 23:01:48,642 ====> Recall@3: 0.7220
2020-02-02 23:01:48,642 ====> Recall@4: 0.7342
2020-02-02 23:01:48,642 ====> Recall@5: 0.7443
2020-02-02 23:01:48,643 ====> Recall@10: 0.7632
2020-02-02 23:01:48,643 ====> Recall@15: 0.7765
2020-02-02 23:01:48,643 ====> Recall@20: 0.7852
2020-02-02 23:01:48,643 ====> Recall@25: 0.7939
2020-02-02 23:01:49,112 ====> Building Cache
2020-02-02 23:01:49,112 feature cache--->>> /home/annora/NetVLAD/output/train_feat_cache1.hdf5
2020-02-02 23:03:19,514 Allocated:121.03369140625 MB
2020-02-02 23:03:19,514 Cached:4337.5 MB
2020-02-02 23:06:00,278 ==> Epoch[9](50/534): Loss: 0.1441
2020-02-02 23:06:00,281 Allocated:122.03369140625 MB
2020-02-02 23:06:00,281 Cached:6501.5 MB
2020-02-02 23:07:58,544 ==> Epoch[9](100/534): Loss: 0.0577
2020-02-02 23:07:58,546 Allocated:122.03369140625 MB
2020-02-02 23:07:58,547 Cached:6501.5 MB
2020-02-02 23:09:55,615 ==> Epoch[9](150/534): Loss: 0.1303
2020-02-02 23:09:55,618 Allocated:122.03369140625 MB
2020-02-02 23:09:55,618 Cached:3034.125 MB
2020-02-02 23:11:04,778 ====> Building Cache
2020-02-02 23:11:04,779 feature cache--->>> /home/annora/NetVLAD/output/train_feat_cache1.hdf5
2020-02-02 23:12:35,384 Allocated:122.408203125 MB
2020-02-02 23:12:35,385 Cached:3674.0 MB
2020-02-02 23:14:17,491 ==> Epoch[9](200/534): Loss: 0.2604
2020-02-02 23:14:17,493 Allocated:123.28369140625 MB
2020-02-02 23:14:17,493 Cached:8835.5 MB
2020-02-02 23:16:23,695 ==> Epoch[9](250/534): Loss: 0.1589
2020-02-02 23:16:23,698 Allocated:123.03369140625 MB
2020-02-02 23:16:23,698 Cached:8835.5 MB
2020-02-02 23:18:24,724 ==> Epoch[9](300/534): Loss: 0.1499
2020-02-02 23:18:24,727 Allocated:122.03369140625 MB
2020-02-02 23:18:24,727 Cached:8835.5 MB
2020-02-02 23:20:29,682 ==> Epoch[9](350/534): Loss: 0.2010
2020-02-02 23:20:29,684 Allocated:123.53369140625 MB
2020-02-02 23:20:29,685 Cached:8835.5 MB
2020-02-02 23:20:44,212 ====> Building Cache
2020-02-02 23:20:44,214 feature cache--->>> /home/annora/NetVLAD/output/train_feat_cache1.hdf5
2020-02-02 23:22:14,967 Allocated:123.908203125 MB
2020-02-02 23:22:14,968 Cached:3554.25 MB
2020-02-02 23:24:53,186 ==> Epoch[9](400/534): Loss: 0.0925
2020-02-02 23:24:53,189 Allocated:122.28369140625 MB
2020-02-02 23:24:53,189 Cached:8704.5 MB
2020-02-02 23:26:54,231 ==> Epoch[9](450/534): Loss: 0.0829
2020-02-02 23:26:54,234 Allocated:122.78369140625 MB
2020-02-02 23:26:54,234 Cached:8704.5 MB
2020-02-02 23:29:05,340 ==> Epoch[9](500/534): Loss: 0.1374
2020-02-02 23:29:05,343 Allocated:123.40869140625 MB
2020-02-02 23:29:05,343 Cached:8704.5 MB
2020-02-02 23:30:36,984 ===> Epoch 9 Complete: Avg. Loss: 0.1183
2020-02-02 23:30:36,986 ====> Extracting Features
2020-02-02 23:31:11,711 ==> Batch (50/108)
2020-02-02 23:31:34,500 ==> Batch (100/108)
2020-02-02 23:31:39,196 ====> Building faiss index
2020-02-02 23:31:39,564 ====> Calculating recall @ N
2020-02-02 23:31:41,797 ====> Recall@1: 0.6246
2020-02-02 23:31:41,798 ====> Recall@2: 0.6493
2020-02-02 23:31:41,799 ====> Recall@3: 0.6664
2020-02-02 23:31:41,799 ====> Recall@4: 0.6846
2020-02-02 23:31:41,799 ====> Recall@5: 0.6959
2020-02-02 23:31:41,799 ====> Recall@10: 0.7380
2020-02-02 23:31:41,800 ====> Recall@15: 0.7597
2020-02-02 23:31:41,800 ====> Recall@20: 0.7722
2020-02-02 23:31:41,800 ====> Recall@25: 0.7803
2020-02-02 23:31:42,246 ====> Building Cache
2020-02-02 23:31:42,246 feature cache--->>> /home/annora/NetVLAD/output/train_feat_cache1.hdf5
2020-02-02 23:33:13,093 Allocated:120.15869140625 MB
2020-02-02 23:33:13,094 Cached:4474.375 MB
2020-02-02 23:35:59,413 ==> Epoch[10](50/534): Loss: 0.1059
2020-02-02 23:35:59,416 Allocated:123.15869140625 MB
2020-02-02 23:35:59,416 Cached:9622.625 MB
2020-02-02 23:38:10,677 ==> Epoch[10](100/534): Loss: 0.1069
2020-02-02 23:38:10,679 Allocated:122.03369140625 MB
2020-02-02 23:38:10,679 Cached:9622.625 MB
2020-02-02 23:40:13,070 ==> Epoch[10](150/534): Loss: 0.0688
2020-02-02 23:40:13,072 Allocated:122.03369140625 MB
2020-02-02 23:40:13,072 Cached:9622.625 MB
2020-02-02 23:41:20,712 ====> Building Cache
2020-02-02 23:41:20,713 feature cache--->>> /home/annora/NetVLAD/output/train_feat_cache1.hdf5
2020-02-02 23:42:49,672 Allocated:123.533203125 MB
2020-02-02 23:42:49,673 Cached:3381.875 MB
2020-02-02 23:44:27,456 ==> Epoch[10](200/534): Loss: 0.1614
2020-02-02 23:44:27,458 Allocated:122.03369140625 MB
2020-02-02 23:44:27,458 Cached:7272.875 MB
2020-02-02 23:46:31,018 ==> Epoch[10](250/534): Loss: 0.1823
2020-02-02 23:46:31,020 Allocated:122.03369140625 MB
2020-02-02 23:46:31,020 Cached:7272.875 MB
2020-02-02 23:48:43,823 ==> Epoch[10](300/534): Loss: 0.1343
2020-02-02 23:48:43,825 Allocated:122.40869140625 MB
2020-02-02 23:48:43,825 Cached:7272.875 MB
2020-02-02 23:50:44,350 ==> Epoch[10](350/534): Loss: 0.0725
2020-02-02 23:50:44,353 Allocated:122.90869140625 MB
2020-02-02 23:50:44,353 Cached:7272.875 MB
2020-02-02 23:50:57,720 ====> Building Cache
2020-02-02 23:50:57,720 feature cache--->>> /home/annora/NetVLAD/output/train_feat_cache1.hdf5
2020-02-02 23:52:27,222 Allocated:122.283203125 MB
2020-02-02 23:52:27,222 Cached:3977.125 MB
2020-02-02 23:54:59,992 ==> Epoch[10](400/534): Loss: 0.0881
2020-02-02 23:54:59,994 Allocated:122.03369140625 MB
2020-02-02 23:54:59,995 Cached:7868.125 MB
2020-02-02 23:57:05,885 ==> Epoch[10](450/534): Loss: 0.1019
2020-02-02 23:57:05,887 Allocated:123.40869140625 MB
2020-02-02 23:57:05,887 Cached:7868.125 MB
2020-02-02 23:59:10,956 ==> Epoch[10](500/534): Loss: 0.0740
2020-02-02 23:59:10,957 Allocated:122.15869140625 MB
2020-02-02 23:59:10,957 Cached:7868.125 MB
2020-02-03 00:00:36,490 ===> Epoch 10 Complete: Avg. Loss: 0.1106
2020-02-03 00:00:36,492 ====> Extracting Features
2020-02-03 00:01:13,838 ==> Batch (50/108)
2020-02-03 00:01:39,078 ==> Batch (100/108)
2020-02-03 00:01:44,616 ====> Building faiss index
2020-02-03 00:01:44,999 ====> Calculating recall @ N
2020-02-03 00:01:47,703 ====> Recall@1: 0.5968
2020-02-03 00:01:47,704 ====> Recall@2: 0.6290
2020-02-03 00:01:47,704 ====> Recall@3: 0.6504
2020-02-03 00:01:47,705 ====> Recall@4: 0.6617
2020-02-03 00:01:47,705 ====> Recall@5: 0.6716
2020-02-03 00:01:47,705 ====> Recall@10: 0.6994
2020-02-03 00:01:47,705 ====> Recall@15: 0.7174
2020-02-03 00:01:47,705 ====> Recall@20: 0.7272
2020-02-03 00:01:47,705 ====> Recall@25: 0.7391
2020-02-03 00:01:48,159 ====> Building Cache
2020-02-03 00:01:48,160 feature cache--->>> /home/annora/NetVLAD/output/train_feat_cache1.hdf5
2020-02-03 00:03:23,833 Allocated:122.03369140625 MB
2020-02-03 00:03:23,833 Cached:5067.125 MB
2020-02-03 00:06:07,534 ==> Epoch[11](50/534): Loss: 0.1214
2020-02-03 00:06:07,537 Allocated:122.65869140625 MB
2020-02-03 00:06:07,537 Cached:8428.75 MB
2020-02-03 00:08:05,019 ==> Epoch[11](100/534): Loss: 0.1430
2020-02-03 00:08:05,022 Allocated:123.40869140625 MB
2020-02-03 00:08:05,022 Cached:8428.75 MB
2020-02-03 00:10:06,082 ==> Epoch[11](150/534): Loss: 0.1645
2020-02-03 00:10:06,084 Allocated:123.03369140625 MB
2020-02-03 00:10:06,085 Cached:8428.75 MB
2020-02-03 00:11:10,772 ====> Building Cache
2020-02-03 00:11:10,773 feature cache--->>> /home/annora/NetVLAD/output/train_feat_cache1.hdf5
2020-02-03 00:12:42,864 Allocated:123.283203125 MB
2020-02-03 00:12:42,864 Cached:3452.625 MB
2020-02-03 00:14:30,405 ==> Epoch[11](200/534): Loss: 0.1127
2020-02-03 00:14:30,407 Allocated:123.65869140625 MB
2020-02-03 00:14:30,408 Cached:7343.625 MB
2020-02-03 00:16:34,161 ==> Epoch[11](250/534): Loss: 0.2087
2020-02-03 00:16:34,163 Allocated:123.28369140625 MB
2020-02-03 00:16:34,163 Cached:7343.625 MB
2020-02-03 00:18:40,629 ==> Epoch[11](300/534): Loss: 0.2666
2020-02-03 00:18:40,631 Allocated:124.03369140625 MB
2020-02-03 00:18:40,631 Cached:7343.625 MB
2020-02-03 00:20:42,172 ==> Epoch[11](350/534): Loss: 0.1319
2020-02-03 00:20:42,174 Allocated:122.15869140625 MB
2020-02-03 00:20:42,174 Cached:7343.625 MB
2020-02-03 00:20:56,789 ====> Building Cache
2020-02-03 00:20:56,790 feature cache--->>> /home/annora/NetVLAD/output/train_feat_cache1.hdf5
2020-02-03 00:22:27,618 Allocated:122.033203125 MB
2020-02-03 00:22:27,618 Cached:3381.875 MB
2020-02-03 00:25:01,871 ==> Epoch[11](400/534): Loss: 0.1275
2020-02-03 00:25:01,874 Allocated:122.65869140625 MB
2020-02-03 00:25:01,874 Cached:7272.875 MB
2020-02-03 00:27:06,992 ==> Epoch[11](450/534): Loss: 0.1369
2020-02-03 00:27:06,994 Allocated:122.03369140625 MB
2020-02-03 00:27:06,994 Cached:7272.875 MB
2020-02-03 00:29:09,728 ==> Epoch[11](500/534): Loss: 0.0952
2020-02-03 00:29:09,731 Allocated:122.03369140625 MB
2020-02-03 00:29:09,731 Cached:7272.875 MB
2020-02-03 00:30:34,426 ===> Epoch 11 Complete: Avg. Loss: 0.1570
2020-02-03 00:30:34,428 ====> Extracting Features
2020-02-03 00:31:13,133 ==> Batch (50/108)
2020-02-03 00:31:35,463 ==> Batch (100/108)
2020-02-03 00:31:40,236 ====> Building faiss index
2020-02-03 00:31:40,596 ====> Calculating recall @ N
2020-02-03 00:31:42,862 ====> Recall@1: 0.5110
2020-02-03 00:31:42,863 ====> Recall@2: 0.5530
2020-02-03 00:31:42,864 ====> Recall@3: 0.5733
2020-02-03 00:31:42,864 ====> Recall@4: 0.5890
2020-02-03 00:31:42,864 ====> Recall@5: 0.6029
2020-02-03 00:31:42,864 ====> Recall@10: 0.6438
2020-02-03 00:31:42,865 ====> Recall@15: 0.6667
2020-02-03 00:31:42,865 ====> Recall@20: 0.6820
2020-02-03 00:31:42,865 ====> Recall@25: 0.6951
2020-02-03 00:31:43,308 ====> Building Cache
2020-02-03 00:31:43,309 feature cache--->>> /home/annora/NetVLAD/output/train_feat_cache1.hdf5
2020-02-03 00:33:10,125 Allocated:120.15869140625 MB
2020-02-03 00:33:10,126 Cached:4337.5 MB
2020-02-03 00:35:55,134 ==> Epoch[12](50/534): Loss: 0.0864
2020-02-03 00:35:55,136 Allocated:123.28369140625 MB
2020-02-03 00:35:55,137 Cached:9515.375 MB
2020-02-03 00:38:06,335 ==> Epoch[12](100/534): Loss: 0.1412
2020-02-03 00:38:06,338 Allocated:123.15869140625 MB
2020-02-03 00:38:06,338 Cached:9515.375 MB
2020-02-03 00:40:12,068 ==> Epoch[12](150/534): Loss: 0.1427
2020-02-03 00:40:12,071 Allocated:123.03369140625 MB
2020-02-03 00:40:12,071 Cached:9515.375 MB
2020-02-03 00:41:16,123 ====> Building Cache
2020-02-03 00:41:16,123 feature cache--->>> /home/annora/NetVLAD/output/train_feat_cache1.hdf5
2020-02-03 00:42:48,589 Allocated:124.033203125 MB
2020-02-03 00:42:48,590 Cached:3381.875 MB
2020-02-03 00:44:27,907 ==> Epoch[12](200/534): Loss: 0.3117
2020-02-03 00:44:27,910 Allocated:123.03369140625 MB
2020-02-03 00:44:27,910 Cached:7272.875 MB
2020-02-03 00:46:34,644 ==> Epoch[12](250/534): Loss: 0.1946
2020-02-03 00:46:34,646 Allocated:123.03369140625 MB
2020-02-03 00:46:34,646 Cached:7272.875 MB
2020-02-03 00:48:42,451 ==> Epoch[12](300/534): Loss: 0.1356
2020-02-03 00:48:42,454 Allocated:122.03369140625 MB
2020-02-03 00:48:42,454 Cached:7272.875 MB
2020-02-03 00:50:46,199 ==> Epoch[12](350/534): Loss: 0.2522
2020-02-03 00:50:46,201 Allocated:122.15869140625 MB
2020-02-03 00:50:46,201 Cached:7272.875 MB
2020-02-03 00:51:00,615 ====> Building Cache
2020-02-03 00:51:00,616 feature cache--->>> /home/annora/NetVLAD/output/train_feat_cache1.hdf5
2020-02-03 00:52:30,567 Allocated:123.408203125 MB
2020-02-03 00:52:30,568 Cached:3977.125 MB
2020-02-03 00:55:07,692 ==> Epoch[12](400/534): Loss: 0.0764
2020-02-03 00:55:07,694 Allocated:122.40869140625 MB
2020-02-03 00:55:07,695 Cached:7868.125 MB
2020-02-03 00:57:10,759 ==> Epoch[12](450/534): Loss: 0.1393
2020-02-03 00:57:10,761 Allocated:122.40869140625 MB
2020-02-03 00:57:10,762 Cached:7868.125 MB
2020-02-03 00:59:25,554 ==> Epoch[12](500/534): Loss: 0.1737
2020-02-03 00:59:25,557 Allocated:122.40869140625 MB
2020-02-03 00:59:25,557 Cached:7868.125 MB
2020-02-03 01:00:46,843 ===> Epoch 12 Complete: Avg. Loss: 0.1673
2020-02-03 01:00:46,844 ====> Extracting Features
2020-02-03 01:01:21,328 ==> Batch (50/108)
2020-02-03 01:01:42,636 ==> Batch (100/108)
2020-02-03 01:01:47,007 ====> Building faiss index
2020-02-03 01:01:47,354 ====> Calculating recall @ N
2020-02-03 01:01:49,689 ====> Recall@1: 0.5904
2020-02-03 01:01:49,690 ====> Recall@2: 0.6232
2020-02-03 01:01:49,690 ====> Recall@3: 0.6409
2020-02-03 01:01:49,690 ====> Recall@4: 0.6542
2020-02-03 01:01:49,690 ====> Recall@5: 0.6629
2020-02-03 01:01:49,691 ====> Recall@10: 0.6919
2020-02-03 01:01:49,691 ====> Recall@15: 0.7099
2020-02-03 01:01:49,691 ====> Recall@20: 0.7238
2020-02-03 01:01:49,691 ====> Recall@25: 0.7319
2020-02-03 01:01:50,129 ====> Building Cache
2020-02-03 01:01:50,129 feature cache--->>> /home/annora/NetVLAD/output/train_feat_cache1.hdf5
2020-02-03 01:03:23,195 Allocated:120.65869140625 MB
2020-02-03 01:03:23,196 Cached:4471.875 MB
2020-02-03 01:06:08,055 ==> Epoch[13](50/534): Loss: 0.1610
2020-02-03 01:06:08,058 Allocated:122.53369140625 MB
2020-02-03 01:06:08,058 Cached:8360.875 MB
2020-02-03 01:08:19,170 ==> Epoch[13](100/534): Loss: 0.0872
2020-02-03 01:08:19,177 Allocated:122.28369140625 MB
2020-02-03 01:08:19,178 Cached:8360.875 MB
2020-02-03 01:10:20,784 ==> Epoch[13](150/534): Loss: 0.1280
2020-02-03 01:10:20,786 Allocated:122.40869140625 MB
2020-02-03 01:10:20,786 Cached:8360.875 MB
2020-02-03 01:11:35,836 ====> Building Cache
2020-02-03 01:11:35,837 feature cache--->>> /home/annora/NetVLAD/output/train_feat_cache1.hdf5
2020-02-03 01:13:06,796 Allocated:123.658203125 MB
2020-02-03 01:13:06,797 Cached:3381.875 MB
2020-02-03 01:14:46,840 ==> Epoch[13](200/534): Loss: 0.3014
2020-02-03 01:14:46,843 Allocated:123.40869140625 MB
2020-02-03 01:14:46,843 Cached:7272.875 MB
2020-02-03 01:16:49,133 ==> Epoch[13](250/534): Loss: 0.2346
2020-02-03 01:16:49,136 Allocated:123.40869140625 MB
2020-02-03 01:16:49,136 Cached:7272.875 MB
2020-02-03 01:18:50,358 ==> Epoch[13](300/534): Loss: 0.2086
2020-02-03 01:18:50,361 Allocated:123.40869140625 MB
2020-02-03 01:18:50,361 Cached:7272.875 MB
2020-02-03 01:20:49,595 ==> Epoch[13](350/534): Loss: 0.2104
2020-02-03 01:20:49,597 Allocated:123.40869140625 MB
2020-02-03 01:20:49,597 Cached:7272.875 MB
2020-02-03 01:21:03,984 ====> Building Cache
2020-02-03 01:21:03,986 feature cache--->>> /home/annora/NetVLAD/output/train_feat_cache1.hdf5
2020-02-03 01:22:36,472 Allocated:122.033203125 MB
2020-02-03 01:22:36,472 Cached:3381.875 MB
2020-02-03 01:25:15,942 ==> Epoch[13](400/534): Loss: 0.2170
2020-02-03 01:25:15,945 Allocated:123.40869140625 MB
2020-02-03 01:25:15,946 Cached:7272.875 MB
2020-02-03 01:27:26,767 ==> Epoch[13](450/534): Loss: 0.1478
2020-02-03 01:27:26,772 Allocated:123.40869140625 MB
2020-02-03 01:27:26,772 Cached:7272.875 MB
2020-02-03 01:29:33,414 ==> Epoch[13](500/534): Loss: 0.1439
2020-02-03 01:29:33,417 Allocated:123.40869140625 MB
2020-02-03 01:29:33,417 Cached:7272.875 MB
2020-02-03 01:31:01,310 ===> Epoch 13 Complete: Avg. Loss: 0.2004
2020-02-03 01:31:01,312 ====> Extracting Features
2020-02-03 01:31:38,491 ==> Batch (50/108)
2020-02-03 01:32:01,569 ==> Batch (100/108)
2020-02-03 01:32:06,360 ====> Building faiss index
2020-02-03 01:32:06,703 ====> Calculating recall @ N
2020-02-03 01:32:09,223 ====> Recall@1: 0.2881
2020-02-03 01:32:09,223 ====> Recall@2: 0.3220
2020-02-03 01:32:09,224 ====> Recall@3: 0.3417
2020-02-03 01:32:09,224 ====> Recall@4: 0.3583
2020-02-03 01:32:09,225 ====> Recall@5: 0.3768
2020-02-03 01:32:09,225 ====> Recall@10: 0.4371
2020-02-03 01:32:09,225 ====> Recall@15: 0.4759
2020-02-03 01:32:09,226 ====> Recall@20: 0.5043
2020-02-03 01:32:09,226 ====> Recall@25: 0.5232
2020-02-03 01:32:09,657 ====> Building Cache
2020-02-03 01:32:09,657 feature cache--->>> /home/annora/NetVLAD/output/train_feat_cache1.hdf5
2020-02-03 01:33:38,488 Allocated:120.15869140625 MB
2020-02-03 01:33:38,489 Cached:3706.75 MB
2020-02-03 01:36:30,169 ==> Epoch[14](50/534): Loss: 0.2495
2020-02-03 01:36:30,172 Allocated:122.15869140625 MB
2020-02-03 01:36:30,172 Cached:7595.75 MB
2020-02-03 01:38:36,091 ==> Epoch[14](100/534): Loss: 0.1664
2020-02-03 01:38:36,094 Allocated:122.15869140625 MB
2020-02-03 01:38:36,094 Cached:7595.75 MB
2020-02-03 01:40:46,034 ==> Epoch[14](150/534): Loss: 0.2864
2020-02-03 01:40:46,037 Allocated:122.15869140625 MB
2020-02-03 01:40:46,037 Cached:7595.75 MB
2020-02-03 01:41:52,211 ====> Building Cache
2020-02-03 01:41:52,211 feature cache--->>> /home/annora/NetVLAD/output/train_feat_cache1.hdf5
2020-02-03 01:43:21,843 Allocated:122.158203125 MB
2020-02-03 01:43:21,843 Cached:3554.25 MB
2020-02-03 01:45:00,327 ==> Epoch[14](200/534): Loss: 0.2348
2020-02-03 01:45:00,329 Allocated:122.53369140625 MB
2020-02-03 01:45:00,329 Cached:7445.25 MB
2020-02-03 01:47:10,891 ==> Epoch[14](250/534): Loss: 0.3077
2020-02-03 01:47:10,902 Allocated:122.53369140625 MB
2020-02-03 01:47:10,902 Cached:7445.25 MB
2020-02-03 01:49:16,466 ==> Epoch[14](300/534): Loss: 0.3127
2020-02-03 01:49:16,468 Allocated:122.53369140625 MB
2020-02-03 01:49:16,468 Cached:7445.25 MB
2020-02-03 01:51:18,431 ==> Epoch[14](350/534): Loss: 0.3143
2020-02-03 01:51:18,433 Allocated:122.53369140625 MB
2020-02-03 01:51:18,433 Cached:7445.25 MB
2020-02-03 01:51:32,801 ====> Building Cache
2020-02-03 01:51:32,802 feature cache--->>> /home/annora/NetVLAD/output/train_feat_cache1.hdf5
2020-02-03 01:53:03,282 Allocated:122.158203125 MB
2020-02-03 01:53:03,283 Cached:3554.25 MB
2020-02-03 01:55:33,762 ==> Epoch[14](400/534): Loss: 0.3147
2020-02-03 01:55:33,764 Allocated:122.53369140625 MB
2020-02-03 01:55:33,765 Cached:7445.25 MB
2020-02-03 01:57:38,549 ==> Epoch[14](450/534): Loss: 0.3146
2020-02-03 01:57:38,550 Allocated:122.53369140625 MB
2020-02-03 01:57:38,551 Cached:7445.25 MB
2020-02-03 01:59:40,992 ==> Epoch[14](500/534): Loss: 0.3147
2020-02-03 01:59:40,995 Allocated:122.53369140625 MB
2020-02-03 01:59:40,995 Cached:7445.25 MB
2020-02-03 02:01:04,015 ===> Epoch 14 Complete: Avg. Loss: 0.2783
2020-02-03 02:01:04,017 ====> Extracting Features
2020-02-03 02:01:40,325 ==> Batch (50/108)
2020-02-03 02:02:01,928 ==> Batch (100/108)
2020-02-03 02:02:05,834 ====> Building faiss index
2020-02-03 02:02:06,169 ====> Calculating recall @ N
2020-02-03 02:02:08,604 ====> Recall@1: 0.1904
2020-02-03 02:02:08,605 ====> Recall@2: 0.2443
2020-02-03 02:02:08,605 ====> Recall@3: 0.2722
2020-02-03 02:02:08,605 ====> Recall@4: 0.2942
2020-02-03 02:02:08,606 ====> Recall@5: 0.3165
2020-02-03 02:02:08,606 ====> Recall@10: 0.3675
2020-02-03 02:02:08,606 ====> Recall@15: 0.4006
2020-02-03 02:02:08,606 ====> Recall@20: 0.4217
2020-02-03 02:02:08,606 ====> Recall@25: 0.4374
2020-02-03 02:02:09,030 ====> Building Cache
2020-02-03 02:02:09,031 feature cache--->>> /home/annora/NetVLAD/output/train_feat_cache1.hdf5
2020-02-03 02:03:38,829 Allocated:120.15869140625 MB
2020-02-03 02:03:38,830 Cached:4474.375 MB
2020-02-03 02:06:31,345 ==> Epoch[15](50/534): Loss: 0.3152
2020-02-03 02:06:31,349 Allocated:122.03369140625 MB
2020-02-03 02:06:31,349 Cached:8363.375 MB
2020-02-03 02:08:35,824 ==> Epoch[15](100/534): Loss: 0.3149
2020-02-03 02:08:35,827 Allocated:122.03369140625 MB
2020-02-03 02:08:35,827 Cached:8363.375 MB
2020-02-03 02:10:40,923 ==> Epoch[15](150/534): Loss: 0.3146
2020-02-03 02:10:40,926 Allocated:122.03369140625 MB
2020-02-03 02:10:40,926 Cached:8363.375 MB
2020-02-03 02:11:55,017 ====> Building Cache
2020-02-03 02:11:55,018 feature cache--->>> /home/annora/NetVLAD/output/train_feat_cache1.hdf5
2020-02-03 02:13:29,015 Allocated:122.533203125 MB
2020-02-03 02:13:29,015 Cached:3554.25 MB
2020-02-03 02:15:07,062 ==> Epoch[15](200/534): Loss: 0.3152
2020-02-03 02:15:07,065 Allocated:122.40869140625 MB
2020-02-03 02:15:07,065 Cached:7445.25 MB
2020-02-03 02:17:13,362 ==> Epoch[15](250/534): Loss: 0.3161
2020-02-03 02:17:13,365 Allocated:122.40869140625 MB
2020-02-03 02:17:13,365 Cached:7445.25 MB
2020-02-03 02:19:20,204 ==> Epoch[15](300/534): Loss: 0.3168
2020-02-03 02:19:20,206 Allocated:122.40869140625 MB
2020-02-03 02:19:20,207 Cached:7445.25 MB
2020-02-03 02:21:23,305 ==> Epoch[15](350/534): Loss: 0.3154
2020-02-03 02:21:23,307 Allocated:122.40869140625 MB
2020-02-03 02:21:23,307 Cached:7445.25 MB
2020-02-03 02:21:40,141 ====> Building Cache
2020-02-03 02:21:40,143 feature cache--->>> /home/annora/NetVLAD/output/train_feat_cache1.hdf5
2020-02-03 02:23:08,956 Allocated:122.033203125 MB
2020-02-03 02:23:08,956 Cached:3554.25 MB
2020-02-03 02:25:49,922 ==> Epoch[15](400/534): Loss: 0.3138
2020-02-03 02:25:49,924 Allocated:122.03369140625 MB
2020-02-03 02:25:49,924 Cached:7445.25 MB
2020-02-03 02:27:55,674 ==> Epoch[15](450/534): Loss: 0.3107
2020-02-03 02:27:55,676 Allocated:122.03369140625 MB
2020-02-03 02:27:55,676 Cached:7445.25 MB
2020-02-03 02:30:07,811 ==> Epoch[15](500/534): Loss: 0.2761
2020-02-03 02:30:07,813 Allocated:122.03369140625 MB
2020-02-03 02:30:07,813 Cached:7445.25 MB
2020-02-03 02:31:32,072 ===> Epoch 15 Complete: Avg. Loss: 0.3058
2020-02-03 02:31:32,074 ====> Extracting Features
2020-02-03 02:32:11,986 ==> Batch (50/108)
2020-02-03 02:32:36,798 ==> Batch (100/108)
2020-02-03 02:32:41,594 ====> Building faiss index
2020-02-03 02:32:41,927 ====> Calculating recall @ N
2020-02-03 02:32:44,229 ====> Recall@1: 0.3397
2020-02-03 02:32:44,230 ====> Recall@2: 0.4023
2020-02-03 02:32:44,230 ====> Recall@3: 0.4290
2020-02-03 02:32:44,231 ====> Recall@4: 0.4603
2020-02-03 02:32:44,231 ====> Recall@5: 0.4806
2020-02-03 02:32:44,231 ====> Recall@10: 0.5409
2020-02-03 02:32:44,231 ====> Recall@15: 0.5817
2020-02-03 02:32:44,231 ====> Recall@20: 0.6049
2020-02-03 02:32:44,232 ====> Recall@25: 0.6261
2020-02-03 02:32:44,672 Performance did not improve for 10 epochs. Stopping.
2020-02-03 02:32:44,672 => Best Recall@5: 0.7861
