2020-01-10 09:14:03,928 Namespace(arch='alexnet', batchSize=12, cacheBatchSize=96, cachePath='/home/annora/NetVLAD/output/', cacheRefreshRate=3000, ckpt='best', contilearn=True, dataPath='/home/annora/NetVLAD/output/data/', dataset='robotcar', evalEvery=1, fromscratch=False, fromtask='', lr=0.001, lrGamma=0.5, lrStep=5, margin=0.1, mode='train', momentum=0.9, nEpochs=50, nGPU=1, nocuda=False, num_clusters=64, optim='SGD', patience=10, pooling='max', premodel='places', resume='', runsPath='/home/annora/NetVLAD/output/runs/', savePath='checkpoints', seed=123, split='val', start_epoch=0, threads=8, vladv2=False, weightDecay=0.001)
2020-01-10 09:14:04,027 trainfile ------>>>>>> oxRobocar_doubleN_train.mat
2020-01-10 09:14:04,027 ===> Loading dataset(s)
2020-01-10 09:14:06,708 ====> Training set: oxRobocar_doubleN_train.mat, query set count: 6404
2020-01-10 09:14:06,805 ===> Evaluating on val set: oxRobocar_doubleN_val.mat, query count: 3450
2020-01-10 09:14:06,805 ===> Building model
2020-01-10 09:14:06,855 encoder moder:
AlexNet(
  (conv1): Sequential(
    (0): Conv2d(3, 64, kernel_size=(11, 11), stride=(4, 4), padding=(2, 2))
    (1): ReLU(inplace)
    (2): MaxPool2d(kernel_size=3, stride=2, padding=0, dilation=1, ceil_mode=False)
  )
  (conv2): Sequential(
    (0): Conv2d(64, 192, kernel_size=(5, 5), stride=(1, 1), padding=(2, 2))
    (1): ReLU(inplace)
    (2): MaxPool2d(kernel_size=3, stride=2, padding=0, dilation=1, ceil_mode=False)
  )
  (conv3): Sequential(
    (0): Conv2d(192, 384, kernel_size=(3, 3), stride=(1, 1), padding=(1, 1))
    (1): ReLU(inplace)
  )
  (conv4): Sequential(
    (0): Conv2d(384, 256, kernel_size=(3, 3), stride=(1, 1), padding=(1, 1))
    (1): ReLU(inplace)
  )
  (conv5): Sequential(
    (0): Conv2d(256, 256, kernel_size=(3, 3), stride=(1, 1), padding=(1, 1))
  )
)
2020-01-10 09:14:13,862 ===> Training model
2020-01-10 09:14:13,865 ===> Saving state to: /home/annora/NetVLAD/output/runs/2020-01-10-09-14-13_alexnet_max
2020-01-10 09:14:13,921 ====> Building Cache
2020-01-10 09:14:13,922 feature cache--->>> /home/annora/NetVLAD/output/train_feat_cache2.hdf5
2020-01-10 09:15:43,692 Allocated:99.34619140625 MB
2020-01-10 09:15:43,692 Cached:2864.375 MB
2020-01-10 09:18:11,232 ==> Epoch[1](50/534): Loss: 0.2503
2020-01-10 09:18:11,233 Allocated:121.28369140625 MB
2020-01-10 09:18:11,234 Cached:6741.375 MB
2020-01-10 09:20:00,695 ==> Epoch[1](100/534): Loss: 0.2341
2020-01-10 09:20:00,697 Allocated:120.53369140625 MB
2020-01-10 09:20:00,697 Cached:6741.375 MB
2020-01-10 09:21:59,596 ==> Epoch[1](150/534): Loss: 0.2410
2020-01-10 09:21:59,598 Allocated:121.53369140625 MB
2020-01-10 09:21:59,598 Cached:6741.375 MB
2020-01-10 09:23:03,310 ====> Building Cache
2020-01-10 09:23:03,311 feature cache--->>> /home/annora/NetVLAD/output/train_feat_cache2.hdf5
2020-01-10 09:24:49,265 Allocated:121.033203125 MB
2020-01-10 09:24:49,266 Cached:2919.5 MB
2020-01-10 09:26:19,037 ==> Epoch[1](200/534): Loss: 0.2822
2020-01-10 09:26:19,039 Allocated:121.28369140625 MB
2020-01-10 09:26:19,039 Cached:6794.5 MB
2020-01-10 09:28:12,383 ==> Epoch[1](250/534): Loss: 0.2651
2020-01-10 09:28:12,385 Allocated:120.53369140625 MB
2020-01-10 09:28:12,385 Cached:6794.5 MB
2020-01-10 09:30:06,424 ==> Epoch[1](300/534): Loss: 0.2528
2020-01-10 09:30:06,426 Allocated:121.53369140625 MB
2020-01-10 09:30:06,426 Cached:6794.5 MB
2020-01-10 09:32:08,635 ==> Epoch[1](350/534): Loss: 0.2790
2020-01-10 09:32:08,636 Allocated:121.28369140625 MB
2020-01-10 09:32:08,636 Cached:6794.5 MB
2020-01-10 09:32:22,012 ====> Building Cache
2020-01-10 09:32:22,013 feature cache--->>> /home/annora/NetVLAD/output/train_feat_cache2.hdf5
2020-01-10 09:34:02,365 Allocated:121.033203125 MB
2020-01-10 09:34:02,365 Cached:2919.5 MB
2020-01-10 09:36:20,421 ==> Epoch[1](400/534): Loss: 0.2484
2020-01-10 09:36:20,422 Allocated:120.53369140625 MB
2020-01-10 09:36:20,422 Cached:6793.5 MB
2020-01-10 09:38:10,939 ==> Epoch[1](450/534): Loss: 0.2341
2020-01-10 09:38:10,940 Allocated:121.53369140625 MB
2020-01-10 09:38:10,940 Cached:6793.5 MB
2020-01-10 09:40:05,497 ==> Epoch[1](500/534): Loss: 0.2423
2020-01-10 09:40:05,498 Allocated:121.28369140625 MB
2020-01-10 09:40:05,499 Cached:6793.5 MB
2020-01-10 09:41:23,861 ===> Epoch 1 Complete: Avg. Loss: 0.2542
2020-01-10 09:41:23,864 ====> Extracting Features
2020-01-10 09:42:04,609 ==> Batch (50/108)
2020-01-10 09:42:28,699 ==> Batch (100/108)
2020-01-10 09:42:32,861 ====> Building faiss index
2020-01-10 09:42:32,863 ====> Calculating recall @ N
2020-01-10 09:42:33,379 ====> Recall@1: 0.5116
2020-01-10 09:42:33,379 ====> Recall@2: 0.5586
2020-01-10 09:42:33,380 ====> Recall@3: 0.5817
2020-01-10 09:42:33,380 ====> Recall@4: 0.6032
2020-01-10 09:42:33,380 ====> Recall@5: 0.6165
2020-01-10 09:42:33,380 ====> Recall@10: 0.6603
2020-01-10 09:42:33,381 ====> Recall@15: 0.6783
2020-01-10 09:42:33,381 ====> Recall@20: 0.6971
2020-01-10 09:42:33,381 ====> Recall@25: 0.7096
2020-01-10 09:42:33,629 ====> Building Cache
2020-01-10 09:42:33,629 feature cache--->>> /home/annora/NetVLAD/output/train_feat_cache2.hdf5
2020-01-10 09:44:14,189 Allocated:119.53369140625 MB
2020-01-10 09:44:14,189 Cached:4209.75 MB
2020-01-10 09:46:47,023 ==> Epoch[2](50/534): Loss: 0.2365
2020-01-10 09:46:47,025 Allocated:121.90869140625 MB
2020-01-10 09:46:47,025 Cached:8083.75 MB
2020-01-10 09:48:41,887 ==> Epoch[2](100/534): Loss: 0.2388
2020-01-10 09:48:41,889 Allocated:121.03369140625 MB
2020-01-10 09:48:41,889 Cached:8083.75 MB
2020-01-10 09:50:42,890 ==> Epoch[2](150/534): Loss: 0.2655
2020-01-10 09:50:42,892 Allocated:121.15869140625 MB
2020-01-10 09:50:42,892 Cached:8083.75 MB
2020-01-10 09:51:48,255 ====> Building Cache
2020-01-10 09:51:48,256 feature cache--->>> /home/annora/NetVLAD/output/train_feat_cache2.hdf5
2020-01-10 09:53:27,844 Allocated:121.033203125 MB
2020-01-10 09:53:27,845 Cached:2919.5 MB
2020-01-10 09:55:01,429 ==> Epoch[2](200/534): Loss: 0.2950
2020-01-10 09:55:01,432 Allocated:121.90869140625 MB
2020-01-10 09:55:01,432 Cached:6794.5 MB
2020-01-10 09:56:58,302 ==> Epoch[2](250/534): Loss: 0.2733
2020-01-10 09:56:58,304 Allocated:121.03369140625 MB
2020-01-10 09:56:58,304 Cached:6794.5 MB
2020-01-10 09:58:57,060 ==> Epoch[2](300/534): Loss: 0.2656
2020-01-10 09:58:57,062 Allocated:121.15869140625 MB
2020-01-10 09:58:57,062 Cached:6794.5 MB
2020-01-10 10:00:57,702 ==> Epoch[2](350/534): Loss: 0.2738
2020-01-10 10:00:57,703 Allocated:121.90869140625 MB
2020-01-10 10:00:57,704 Cached:6794.5 MB
2020-01-10 10:01:11,048 ====> Building Cache
2020-01-10 10:01:11,049 feature cache--->>> /home/annora/NetVLAD/output/train_feat_cache2.hdf5
2020-01-10 10:02:56,621 Allocated:121.658203125 MB
2020-01-10 10:02:56,622 Cached:2919.5 MB
2020-01-10 10:05:18,460 ==> Epoch[2](400/534): Loss: 0.2352
2020-01-10 10:05:18,462 Allocated:121.03369140625 MB
2020-01-10 10:05:18,462 Cached:6793.5 MB
2020-01-10 10:07:11,582 ==> Epoch[2](450/534): Loss: 0.2049
2020-01-10 10:07:11,583 Allocated:121.15869140625 MB
2020-01-10 10:07:11,583 Cached:6793.5 MB
2020-01-10 10:09:08,087 ==> Epoch[2](500/534): Loss: 0.2302
2020-01-10 10:09:08,089 Allocated:121.90869140625 MB
2020-01-10 10:09:08,089 Cached:6793.5 MB
2020-01-10 10:10:35,138 ===> Epoch 2 Complete: Avg. Loss: 0.2538
2020-01-10 10:10:35,141 ====> Extracting Features
2020-01-10 10:11:27,409 ==> Batch (50/108)
2020-01-10 10:11:49,646 ==> Batch (100/108)
2020-01-10 10:11:53,520 ====> Building faiss index
2020-01-10 10:11:53,522 ====> Calculating recall @ N
2020-01-10 10:11:54,126 ====> Recall@1: 0.5130
2020-01-10 10:11:54,127 ====> Recall@2: 0.5600
2020-01-10 10:11:54,127 ====> Recall@3: 0.5829
2020-01-10 10:11:54,128 ====> Recall@4: 0.6032
2020-01-10 10:11:54,128 ====> Recall@5: 0.6188
2020-01-10 10:11:54,128 ====> Recall@10: 0.6606
2020-01-10 10:11:54,128 ====> Recall@15: 0.6774
2020-01-10 10:11:54,129 ====> Recall@20: 0.6959
2020-01-10 10:11:54,129 ====> Recall@25: 0.7093
2020-01-10 10:11:54,802 ====> Building Cache
2020-01-10 10:11:54,802 feature cache--->>> /home/annora/NetVLAD/output/train_feat_cache2.hdf5
2020-01-10 10:13:36,571 Allocated:118.53369140625 MB
2020-01-10 10:13:36,572 Cached:4209.75 MB
2020-01-10 10:16:08,589 ==> Epoch[3](50/534): Loss: 0.2434
2020-01-10 10:16:08,591 Allocated:121.15869140625 MB
2020-01-10 10:16:08,592 Cached:8083.75 MB
2020-01-10 10:18:02,844 ==> Epoch[3](100/534): Loss: 0.2597
2020-01-10 10:18:02,846 Allocated:121.90869140625 MB
2020-01-10 10:18:02,846 Cached:8083.75 MB
2020-01-10 10:20:01,036 ==> Epoch[3](150/534): Loss: 0.2396
2020-01-10 10:20:01,037 Allocated:121.03369140625 MB
2020-01-10 10:20:01,037 Cached:8083.75 MB
2020-01-10 10:21:09,294 ====> Building Cache
2020-01-10 10:21:09,296 feature cache--->>> /home/annora/NetVLAD/output/train_feat_cache2.hdf5
2020-01-10 10:22:50,676 Allocated:122.533203125 MB
2020-01-10 10:22:50,676 Cached:2919.5 MB
2020-01-10 10:24:18,813 ==> Epoch[3](200/534): Loss: 0.2873
2020-01-10 10:24:18,815 Allocated:121.15869140625 MB
2020-01-10 10:24:18,815 Cached:6794.5 MB
2020-01-10 10:26:17,096 ==> Epoch[3](250/534): Loss: 0.2673
2020-01-10 10:26:17,097 Allocated:121.90869140625 MB
2020-01-10 10:26:17,097 Cached:6794.5 MB
2020-01-10 10:28:13,261 ==> Epoch[3](300/534): Loss: 0.2971
2020-01-10 10:28:13,262 Allocated:121.03369140625 MB
2020-01-10 10:28:13,262 Cached:6794.5 MB
2020-01-10 10:30:12,531 ==> Epoch[3](350/534): Loss: 0.2816
2020-01-10 10:30:12,533 Allocated:121.15869140625 MB
2020-01-10 10:30:12,533 Cached:6794.5 MB
2020-01-10 10:30:27,134 ====> Building Cache
2020-01-10 10:30:27,135 feature cache--->>> /home/annora/NetVLAD/output/train_feat_cache2.hdf5
2020-01-10 10:32:04,051 Allocated:121.533203125 MB
2020-01-10 10:32:04,051 Cached:2919.5 MB
2020-01-10 10:34:23,818 ==> Epoch[3](400/534): Loss: 0.2459
2020-01-10 10:34:23,820 Allocated:121.90869140625 MB
2020-01-10 10:34:23,820 Cached:6793.5 MB
2020-01-10 10:36:20,456 ==> Epoch[3](450/534): Loss: 0.2220
2020-01-10 10:36:20,457 Allocated:121.03369140625 MB
2020-01-10 10:36:20,458 Cached:6793.5 MB
2020-01-10 10:38:16,441 ==> Epoch[3](500/534): Loss: 0.2345
2020-01-10 10:38:16,442 Allocated:121.15869140625 MB
2020-01-10 10:38:16,443 Cached:6793.5 MB
2020-01-10 10:39:41,061 ===> Epoch 3 Complete: Avg. Loss: 0.2536
2020-01-10 10:39:41,062 ====> Extracting Features
2020-01-10 10:40:30,418 ==> Batch (50/108)
2020-01-10 10:40:56,796 ==> Batch (100/108)
2020-01-10 10:41:01,434 ====> Building faiss index
2020-01-10 10:41:01,436 ====> Calculating recall @ N
2020-01-10 10:41:02,024 ====> Recall@1: 0.5145
2020-01-10 10:41:02,025 ====> Recall@2: 0.5588
2020-01-10 10:41:02,025 ====> Recall@3: 0.5826
2020-01-10 10:41:02,026 ====> Recall@4: 0.6041
2020-01-10 10:41:02,026 ====> Recall@5: 0.6197
2020-01-10 10:41:02,026 ====> Recall@10: 0.6583
2020-01-10 10:41:02,026 ====> Recall@15: 0.6786
2020-01-10 10:41:02,027 ====> Recall@20: 0.6945
2020-01-10 10:41:02,027 ====> Recall@25: 0.7078
2020-01-10 10:41:02,802 ====> Building Cache
2020-01-10 10:41:02,802 feature cache--->>> /home/annora/NetVLAD/output/train_feat_cache2.hdf5
2020-01-10 10:42:40,756 Allocated:119.28369140625 MB
2020-01-10 10:42:40,756 Cached:4209.75 MB
2020-01-10 10:45:16,614 ==> Epoch[4](50/534): Loss: 0.2419
2020-01-10 10:45:16,616 Allocated:120.53369140625 MB
2020-01-10 10:45:16,617 Cached:8083.75 MB
2020-01-10 10:47:21,390 ==> Epoch[4](100/534): Loss: 0.2412
2020-01-10 10:47:21,392 Allocated:121.53369140625 MB
2020-01-10 10:47:21,393 Cached:8083.75 MB
2020-01-10 10:49:17,805 ==> Epoch[4](150/534): Loss: 0.2365
2020-01-10 10:49:17,806 Allocated:121.65869140625 MB
2020-01-10 10:49:17,807 Cached:8083.75 MB
2020-01-10 10:50:25,618 ====> Building Cache
2020-01-10 10:50:25,619 feature cache--->>> /home/annora/NetVLAD/output/train_feat_cache2.hdf5
2020-01-10 10:52:03,545 Allocated:120.533203125 MB
2020-01-10 10:52:03,546 Cached:2919.5 MB
2020-01-10 10:53:32,512 ==> Epoch[4](200/534): Loss: 0.2730
2020-01-10 10:53:32,513 Allocated:120.53369140625 MB
2020-01-10 10:53:32,514 Cached:6794.5 MB
2020-01-10 10:55:29,535 ==> Epoch[4](250/534): Loss: 0.2625
2020-01-10 10:55:29,537 Allocated:121.53369140625 MB
2020-01-10 10:55:29,537 Cached:6794.5 MB
2020-01-10 10:57:25,243 ==> Epoch[4](300/534): Loss: 0.2931
2020-01-10 10:57:25,244 Allocated:121.65869140625 MB
2020-01-10 10:57:25,244 Cached:6794.5 MB
2020-01-10 10:59:23,337 ==> Epoch[4](350/534): Loss: 0.2494
2020-01-10 10:59:23,339 Allocated:120.53369140625 MB
2020-01-10 10:59:23,339 Cached:6794.5 MB
2020-01-10 10:59:37,339 ====> Building Cache
2020-01-10 10:59:37,340 feature cache--->>> /home/annora/NetVLAD/output/train_feat_cache2.hdf5
2020-01-10 11:01:14,961 Allocated:120.533203125 MB
2020-01-10 11:01:14,961 Cached:2919.5 MB
2020-01-10 11:03:34,712 ==> Epoch[4](400/534): Loss: 0.2277
2020-01-10 11:03:34,713 Allocated:121.53369140625 MB
2020-01-10 11:03:34,714 Cached:6793.5 MB
2020-01-10 11:05:29,534 ==> Epoch[4](450/534): Loss: 0.2362
2020-01-10 11:05:29,535 Allocated:121.65869140625 MB
2020-01-10 11:05:29,535 Cached:6793.5 MB
2020-01-10 11:07:28,485 ==> Epoch[4](500/534): Loss: 0.2530
2020-01-10 11:07:28,486 Allocated:120.53369140625 MB
2020-01-10 11:07:28,487 Cached:6793.5 MB
2020-01-10 11:08:51,634 ===> Epoch 4 Complete: Avg. Loss: 0.2536
2020-01-10 11:08:51,636 ====> Extracting Features
2020-01-10 11:09:39,976 ==> Batch (50/108)
2020-01-10 11:10:06,617 ==> Batch (100/108)
2020-01-10 11:10:11,244 ====> Building faiss index
2020-01-10 11:10:11,246 ====> Calculating recall @ N
2020-01-10 11:10:11,747 ====> Recall@1: 0.5154
2020-01-10 11:10:11,748 ====> Recall@2: 0.5600
2020-01-10 11:10:11,748 ====> Recall@3: 0.5838
2020-01-10 11:10:11,749 ====> Recall@4: 0.6049
2020-01-10 11:10:11,749 ====> Recall@5: 0.6203
2020-01-10 11:10:11,749 ====> Recall@10: 0.6580
2020-01-10 11:10:11,749 ====> Recall@15: 0.6774
2020-01-10 11:10:11,750 ====> Recall@20: 0.6945
2020-01-10 11:10:11,750 ====> Recall@25: 0.7078
2020-01-10 11:10:12,530 ====> Building Cache
2020-01-10 11:10:12,531 feature cache--->>> /home/annora/NetVLAD/output/train_feat_cache2.hdf5
2020-01-10 11:11:48,397 Allocated:119.90869140625 MB
2020-01-10 11:11:48,397 Cached:4209.75 MB
2020-01-10 11:14:25,265 ==> Epoch[5](50/534): Loss: 0.2310
2020-01-10 11:14:25,267 Allocated:121.53369140625 MB
2020-01-10 11:14:25,267 Cached:8083.75 MB
2020-01-10 11:16:22,883 ==> Epoch[5](100/534): Loss: 0.2270
2020-01-10 11:16:22,885 Allocated:121.28369140625 MB
2020-01-10 11:16:22,885 Cached:8083.75 MB
2020-01-10 11:18:18,943 ==> Epoch[5](150/534): Loss: 0.2361
2020-01-10 11:18:18,944 Allocated:120.53369140625 MB
2020-01-10 11:18:18,945 Cached:8083.75 MB
2020-01-10 11:19:27,914 ====> Building Cache
2020-01-10 11:19:27,915 feature cache--->>> /home/annora/NetVLAD/output/train_feat_cache2.hdf5
2020-01-10 11:21:04,606 Allocated:120.533203125 MB
2020-01-10 11:21:04,607 Cached:2919.5 MB
2020-01-10 11:22:32,269 ==> Epoch[5](200/534): Loss: 0.2806
2020-01-10 11:22:32,271 Allocated:121.53369140625 MB
2020-01-10 11:22:32,271 Cached:6794.5 MB
2020-01-10 11:24:28,501 ==> Epoch[5](250/534): Loss: 0.2820
2020-01-10 11:24:28,502 Allocated:121.28369140625 MB
2020-01-10 11:24:28,503 Cached:6794.5 MB
2020-01-10 11:26:30,304 ==> Epoch[5](300/534): Loss: 0.2575
2020-01-10 11:26:30,305 Allocated:120.53369140625 MB
2020-01-10 11:26:30,305 Cached:6794.5 MB
2020-01-10 11:28:27,982 ==> Epoch[5](350/534): Loss: 0.2696
2020-01-10 11:28:27,984 Allocated:121.53369140625 MB
2020-01-10 11:28:27,985 Cached:6794.5 MB
2020-01-10 11:28:42,151 ====> Building Cache
2020-01-10 11:28:42,152 feature cache--->>> /home/annora/NetVLAD/output/train_feat_cache2.hdf5
2020-01-10 11:30:17,721 Allocated:121.908203125 MB
2020-01-10 11:30:17,722 Cached:2919.5 MB
2020-01-10 11:32:43,079 ==> Epoch[5](400/534): Loss: 0.2400
2020-01-10 11:32:43,081 Allocated:121.28369140625 MB
2020-01-10 11:32:43,081 Cached:6793.5 MB
2020-01-10 11:34:41,419 ==> Epoch[5](450/534): Loss: 0.2513
2020-01-10 11:34:41,421 Allocated:120.53369140625 MB
2020-01-10 11:34:41,422 Cached:6793.5 MB
2020-01-10 11:36:38,580 ==> Epoch[5](500/534): Loss: 0.2594
2020-01-10 11:36:38,582 Allocated:121.53369140625 MB
2020-01-10 11:36:38,582 Cached:6793.5 MB
2020-01-10 11:38:01,139 ===> Epoch 5 Complete: Avg. Loss: 0.2535
2020-01-10 11:38:01,140 ====> Extracting Features
2020-01-10 11:38:47,340 ==> Batch (50/108)
2020-01-10 11:39:17,438 ==> Batch (100/108)
2020-01-10 11:39:21,575 ====> Building faiss index
2020-01-10 11:39:21,578 ====> Calculating recall @ N
2020-01-10 11:39:22,147 ====> Recall@1: 0.5151
2020-01-10 11:39:22,147 ====> Recall@2: 0.5609
2020-01-10 11:39:22,148 ====> Recall@3: 0.5841
2020-01-10 11:39:22,149 ====> Recall@4: 0.6049
2020-01-10 11:39:22,149 ====> Recall@5: 0.6212
2020-01-10 11:39:22,149 ====> Recall@10: 0.6577
2020-01-10 11:39:22,150 ====> Recall@15: 0.6777
2020-01-10 11:39:22,150 ====> Recall@20: 0.6945
2020-01-10 11:39:22,150 ====> Recall@25: 0.7078
2020-01-10 11:39:22,926 ====> Building Cache
2020-01-10 11:39:22,926 feature cache--->>> /home/annora/NetVLAD/output/train_feat_cache2.hdf5
2020-01-10 11:41:00,225 Allocated:118.53369140625 MB
2020-01-10 11:41:00,226 Cached:4209.75 MB
2020-01-10 11:43:43,271 ==> Epoch[6](50/534): Loss: 0.2344
2020-01-10 11:43:43,273 Allocated:121.90869140625 MB
2020-01-10 11:43:43,273 Cached:8083.75 MB
2020-01-10 11:45:38,901 ==> Epoch[6](100/534): Loss: 0.2390
2020-01-10 11:45:38,902 Allocated:121.03369140625 MB
2020-01-10 11:45:38,902 Cached:8083.75 MB
2020-01-10 11:47:35,462 ==> Epoch[6](150/534): Loss: 0.2232
2020-01-10 11:47:35,463 Allocated:121.15869140625 MB
2020-01-10 11:47:35,463 Cached:8083.75 MB
2020-01-10 11:48:42,816 ====> Building Cache
2020-01-10 11:48:42,817 feature cache--->>> /home/annora/NetVLAD/output/train_feat_cache2.hdf5
2020-01-10 11:50:33,847 Allocated:121.033203125 MB
2020-01-10 11:50:33,847 Cached:2919.5 MB
2020-01-10 11:52:00,892 ==> Epoch[6](200/534): Loss: 0.2722
2020-01-10 11:52:00,894 Allocated:121.90869140625 MB
2020-01-10 11:52:00,894 Cached:6794.5 MB
2020-01-10 11:53:56,798 ==> Epoch[6](250/534): Loss: 0.2491
2020-01-10 11:53:56,800 Allocated:121.03369140625 MB
2020-01-10 11:53:56,800 Cached:6794.5 MB
2020-01-10 11:55:52,669 ==> Epoch[6](300/534): Loss: 0.2844
2020-01-10 11:55:52,670 Allocated:121.15869140625 MB
2020-01-10 11:55:52,670 Cached:6794.5 MB
2020-01-10 11:57:53,217 ==> Epoch[6](350/534): Loss: 0.2732
2020-01-10 11:57:53,218 Allocated:121.90869140625 MB
2020-01-10 11:57:53,219 Cached:6794.5 MB
2020-01-10 11:58:07,978 ====> Building Cache
2020-01-10 11:58:07,979 feature cache--->>> /home/annora/NetVLAD/output/train_feat_cache2.hdf5
2020-01-10 11:59:45,690 Allocated:121.658203125 MB
2020-01-10 11:59:45,691 Cached:2919.5 MB
2020-01-10 12:02:04,279 ==> Epoch[6](400/534): Loss: 0.2410
2020-01-10 12:02:04,281 Allocated:121.03369140625 MB
2020-01-10 12:02:04,281 Cached:6793.5 MB
2020-01-10 12:04:02,743 ==> Epoch[6](450/534): Loss: 0.2499
2020-01-10 12:04:02,744 Allocated:121.15869140625 MB
2020-01-10 12:04:02,744 Cached:6793.5 MB
2020-01-10 12:05:56,232 ==> Epoch[6](500/534): Loss: 0.2337
2020-01-10 12:05:56,233 Allocated:121.90869140625 MB
2020-01-10 12:05:56,233 Cached:6793.5 MB
2020-01-10 12:07:19,517 ===> Epoch 6 Complete: Avg. Loss: 0.2535
2020-01-10 12:07:19,519 ====> Extracting Features
2020-01-10 12:08:01,053 ==> Batch (50/108)
2020-01-10 12:08:31,307 ==> Batch (100/108)
2020-01-10 12:08:35,746 ====> Building faiss index
2020-01-10 12:08:35,748 ====> Calculating recall @ N
2020-01-10 12:08:36,286 ====> Recall@1: 0.5145
2020-01-10 12:08:36,287 ====> Recall@2: 0.5617
2020-01-10 12:08:36,287 ====> Recall@3: 0.5846
2020-01-10 12:08:36,288 ====> Recall@4: 0.6043
2020-01-10 12:08:36,288 ====> Recall@5: 0.6214
2020-01-10 12:08:36,288 ====> Recall@10: 0.6580
2020-01-10 12:08:36,289 ====> Recall@15: 0.6780
2020-01-10 12:08:36,289 ====> Recall@20: 0.6957
2020-01-10 12:08:36,289 ====> Recall@25: 0.7084
2020-01-10 12:08:37,106 ====> Building Cache
2020-01-10 12:08:37,106 feature cache--->>> /home/annora/NetVLAD/output/train_feat_cache2.hdf5
2020-01-10 12:10:15,571 Allocated:118.53369140625 MB
2020-01-10 12:10:15,571 Cached:4209.75 MB
2020-01-10 12:12:53,524 ==> Epoch[7](50/534): Loss: 0.2491
2020-01-10 12:12:53,525 Allocated:121.15869140625 MB
2020-01-10 12:12:53,526 Cached:8083.75 MB
2020-01-10 12:14:49,495 ==> Epoch[7](100/534): Loss: 0.2566
2020-01-10 12:14:49,497 Allocated:121.90869140625 MB
2020-01-10 12:14:49,497 Cached:8083.75 MB
2020-01-10 12:16:45,021 ==> Epoch[7](150/534): Loss: 0.2515
2020-01-10 12:16:45,023 Allocated:121.03369140625 MB
2020-01-10 12:16:45,023 Cached:8083.75 MB
2020-01-10 12:17:53,013 ====> Building Cache
2020-01-10 12:17:53,014 feature cache--->>> /home/annora/NetVLAD/output/train_feat_cache2.hdf5
2020-01-10 12:19:32,457 Allocated:122.533203125 MB
2020-01-10 12:19:32,457 Cached:2919.5 MB
2020-01-10 12:21:07,670 ==> Epoch[7](200/534): Loss: 0.2902
2020-01-10 12:21:07,671 Allocated:121.15869140625 MB
2020-01-10 12:21:07,672 Cached:6794.5 MB
2020-01-10 12:23:03,125 ==> Epoch[7](250/534): Loss: 0.2605
2020-01-10 12:23:03,126 Allocated:121.90869140625 MB
2020-01-10 12:23:03,126 Cached:6794.5 MB
2020-01-10 12:24:59,984 ==> Epoch[7](300/534): Loss: 0.2701
2020-01-10 12:24:59,985 Allocated:121.03369140625 MB
2020-01-10 12:24:59,986 Cached:6794.5 MB
2020-01-10 12:27:00,598 ==> Epoch[7](350/534): Loss: 0.2687
2020-01-10 12:27:00,599 Allocated:121.15869140625 MB
2020-01-10 12:27:00,600 Cached:6794.5 MB
2020-01-10 12:27:16,926 ====> Building Cache
2020-01-10 12:27:16,927 feature cache--->>> /home/annora/NetVLAD/output/train_feat_cache2.hdf5
2020-01-10 12:28:54,893 Allocated:121.533203125 MB
2020-01-10 12:28:54,893 Cached:2919.5 MB
2020-01-10 12:31:15,214 ==> Epoch[7](400/534): Loss: 0.2441
2020-01-10 12:31:15,216 Allocated:121.90869140625 MB
2020-01-10 12:31:15,216 Cached:6793.5 MB
2020-01-10 12:33:12,464 ==> Epoch[7](450/534): Loss: 0.2530
2020-01-10 12:33:12,465 Allocated:121.03369140625 MB
2020-01-10 12:33:12,465 Cached:6793.5 MB
2020-01-10 12:35:11,016 ==> Epoch[7](500/534): Loss: 0.2261
2020-01-10 12:35:11,017 Allocated:121.15869140625 MB
2020-01-10 12:35:11,018 Cached:6793.5 MB
2020-01-10 12:36:31,604 ===> Epoch 7 Complete: Avg. Loss: 0.2535
2020-01-10 12:36:31,607 ====> Extracting Features
2020-01-10 12:37:17,447 ==> Batch (50/108)
2020-01-10 12:37:48,555 ==> Batch (100/108)
2020-01-10 12:37:52,879 ====> Building faiss index
2020-01-10 12:37:52,881 ====> Calculating recall @ N
2020-01-10 12:37:53,371 ====> Recall@1: 0.5142
2020-01-10 12:37:53,371 ====> Recall@2: 0.5626
2020-01-10 12:37:53,372 ====> Recall@3: 0.5846
2020-01-10 12:37:53,372 ====> Recall@4: 0.6055
2020-01-10 12:37:53,373 ====> Recall@5: 0.6203
2020-01-10 12:37:53,373 ====> Recall@10: 0.6594
2020-01-10 12:37:53,373 ====> Recall@15: 0.6786
2020-01-10 12:37:53,374 ====> Recall@20: 0.6948
2020-01-10 12:37:53,374 ====> Recall@25: 0.7087
2020-01-10 12:37:53,774 ====> Building Cache
2020-01-10 12:37:53,774 feature cache--->>> /home/annora/NetVLAD/output/train_feat_cache2.hdf5
2020-01-10 12:39:34,793 Allocated:119.28369140625 MB
2020-01-10 12:39:34,793 Cached:4209.75 MB
2020-01-10 12:42:13,794 ==> Epoch[8](50/534): Loss: 0.2195
2020-01-10 12:42:13,796 Allocated:120.53369140625 MB
2020-01-10 12:42:13,796 Cached:8083.75 MB
2020-01-10 12:44:10,305 ==> Epoch[8](100/534): Loss: 0.2556
2020-01-10 12:44:10,306 Allocated:121.53369140625 MB
2020-01-10 12:44:10,306 Cached:8083.75 MB
2020-01-10 12:46:07,459 ==> Epoch[8](150/534): Loss: 0.2383
2020-01-10 12:46:07,460 Allocated:121.65869140625 MB
2020-01-10 12:46:07,460 Cached:8083.75 MB
2020-01-10 12:47:16,622 ====> Building Cache
2020-01-10 12:47:16,623 feature cache--->>> /home/annora/NetVLAD/output/train_feat_cache2.hdf5
2020-01-10 12:48:53,676 Allocated:120.533203125 MB
2020-01-10 12:48:53,677 Cached:2919.5 MB
2020-01-10 12:50:28,081 ==> Epoch[8](200/534): Loss: 0.2805
2020-01-10 12:50:28,082 Allocated:120.53369140625 MB
2020-01-10 12:50:28,083 Cached:6794.5 MB
2020-01-10 12:52:24,039 ==> Epoch[8](250/534): Loss: 0.2776
2020-01-10 12:52:24,040 Allocated:121.53369140625 MB
2020-01-10 12:52:24,040 Cached:6794.5 MB
2020-01-10 12:54:20,611 ==> Epoch[8](300/534): Loss: 0.2985
2020-01-10 12:54:20,612 Allocated:121.65869140625 MB
2020-01-10 12:54:20,612 Cached:6794.5 MB
2020-01-10 12:56:16,950 ==> Epoch[8](350/534): Loss: 0.2620
2020-01-10 12:56:16,963 Allocated:120.53369140625 MB
2020-01-10 12:56:16,963 Cached:6794.5 MB
2020-01-10 12:56:31,935 ====> Building Cache
2020-01-10 12:56:31,940 feature cache--->>> /home/annora/NetVLAD/output/train_feat_cache2.hdf5
2020-01-10 12:58:19,846 Allocated:120.533203125 MB
2020-01-10 12:58:19,847 Cached:2919.5 MB
2020-01-10 13:00:54,400 ==> Epoch[8](400/534): Loss: 0.2385
2020-01-10 13:00:54,401 Allocated:121.53369140625 MB
2020-01-10 13:00:54,401 Cached:6793.5 MB
2020-01-10 13:02:54,213 ==> Epoch[8](450/534): Loss: 0.2383
2020-01-10 13:02:54,214 Allocated:121.65869140625 MB
2020-01-10 13:02:54,215 Cached:6793.5 MB
2020-01-10 13:04:54,581 ==> Epoch[8](500/534): Loss: 0.2416
2020-01-10 13:04:54,582 Allocated:120.53369140625 MB
2020-01-10 13:04:54,583 Cached:6793.5 MB
2020-01-10 13:06:16,412 ===> Epoch 8 Complete: Avg. Loss: 0.2534
2020-01-10 13:06:16,414 ====> Extracting Features
2020-01-10 13:06:59,000 ==> Batch (50/108)
2020-01-10 13:07:25,867 ==> Batch (100/108)
2020-01-10 13:07:30,122 ====> Building faiss index
2020-01-10 13:07:30,124 ====> Calculating recall @ N
2020-01-10 13:07:30,630 ====> Recall@1: 0.5154
2020-01-10 13:07:30,630 ====> Recall@2: 0.5629
2020-01-10 13:07:30,631 ====> Recall@3: 0.5846
2020-01-10 13:07:30,631 ====> Recall@4: 0.6061
2020-01-10 13:07:30,631 ====> Recall@5: 0.6217
2020-01-10 13:07:30,632 ====> Recall@10: 0.6597
2020-01-10 13:07:30,632 ====> Recall@15: 0.6794
2020-01-10 13:07:30,632 ====> Recall@20: 0.6945
2020-01-10 13:07:30,632 ====> Recall@25: 0.7084
2020-01-10 13:07:31,410 ====> Building Cache
2020-01-10 13:07:31,410 feature cache--->>> /home/annora/NetVLAD/output/train_feat_cache2.hdf5
2020-01-10 13:09:13,390 Allocated:119.90869140625 MB
2020-01-10 13:09:13,391 Cached:4209.75 MB
2020-01-10 13:11:53,862 ==> Epoch[9](50/534): Loss: 0.2309
2020-01-10 13:11:53,864 Allocated:121.53369140625 MB
2020-01-10 13:11:53,864 Cached:8083.75 MB
2020-01-10 13:13:51,145 ==> Epoch[9](100/534): Loss: 0.2476
2020-01-10 13:13:51,147 Allocated:121.28369140625 MB
2020-01-10 13:13:51,147 Cached:8083.75 MB
2020-01-10 13:15:49,268 ==> Epoch[9](150/534): Loss: 0.2450
2020-01-10 13:15:49,269 Allocated:120.53369140625 MB
2020-01-10 13:15:49,269 Cached:8083.75 MB
2020-01-10 13:16:54,659 ====> Building Cache
2020-01-10 13:16:54,660 feature cache--->>> /home/annora/NetVLAD/output/train_feat_cache2.hdf5
2020-01-10 13:18:46,413 Allocated:120.533203125 MB
2020-01-10 13:18:46,414 Cached:2919.5 MB
2020-01-10 13:20:19,202 ==> Epoch[9](200/534): Loss: 0.2684
2020-01-10 13:20:19,203 Allocated:121.53369140625 MB
2020-01-10 13:20:19,204 Cached:6794.5 MB
2020-01-10 13:22:20,341 ==> Epoch[9](250/534): Loss: 0.2786
2020-01-10 13:22:20,342 Allocated:121.28369140625 MB
2020-01-10 13:22:20,343 Cached:6794.5 MB
2020-01-10 13:24:20,980 ==> Epoch[9](300/534): Loss: 0.2786
2020-01-10 13:24:20,982 Allocated:120.53369140625 MB
2020-01-10 13:24:20,982 Cached:6794.5 MB
2020-01-10 13:26:23,900 ==> Epoch[9](350/534): Loss: 0.2672
2020-01-10 13:26:23,901 Allocated:121.53369140625 MB
2020-01-10 13:26:23,902 Cached:6794.5 MB
2020-01-10 13:26:38,336 ====> Building Cache
2020-01-10 13:26:38,337 feature cache--->>> /home/annora/NetVLAD/output/train_feat_cache2.hdf5
2020-01-10 13:28:20,160 Allocated:121.908203125 MB
2020-01-10 13:28:20,161 Cached:2919.5 MB
2020-01-10 13:30:42,577 ==> Epoch[9](400/534): Loss: 0.2382
2020-01-10 13:30:42,579 Allocated:121.28369140625 MB
2020-01-10 13:30:42,579 Cached:6793.5 MB
2020-01-10 13:32:44,204 ==> Epoch[9](450/534): Loss: 0.2386
2020-01-10 13:32:44,205 Allocated:120.53369140625 MB
2020-01-10 13:32:44,205 Cached:6793.5 MB
2020-01-10 13:34:44,354 ==> Epoch[9](500/534): Loss: 0.2430
2020-01-10 13:34:44,355 Allocated:121.53369140625 MB
2020-01-10 13:34:44,355 Cached:6793.5 MB
2020-01-10 13:36:05,300 ===> Epoch 9 Complete: Avg. Loss: 0.2534
2020-01-10 13:36:05,302 ====> Extracting Features
2020-01-10 13:36:53,588 ==> Batch (50/108)
2020-01-10 13:37:19,270 ==> Batch (100/108)
2020-01-10 13:37:23,500 ====> Building faiss index
2020-01-10 13:37:23,502 ====> Calculating recall @ N
2020-01-10 13:37:24,109 ====> Recall@1: 0.5148
2020-01-10 13:37:24,110 ====> Recall@2: 0.5635
2020-01-10 13:37:24,110 ====> Recall@3: 0.5852
2020-01-10 13:37:24,111 ====> Recall@4: 0.6067
2020-01-10 13:37:24,111 ====> Recall@5: 0.6232
2020-01-10 13:37:24,111 ====> Recall@10: 0.6600
2020-01-10 13:37:24,112 ====> Recall@15: 0.6794
2020-01-10 13:37:24,112 ====> Recall@20: 0.6948
2020-01-10 13:37:24,112 ====> Recall@25: 0.7084
2020-01-10 13:37:24,898 ====> Building Cache
2020-01-10 13:37:24,898 feature cache--->>> /home/annora/NetVLAD/output/train_feat_cache2.hdf5
2020-01-10 13:39:14,295 Allocated:118.53369140625 MB
2020-01-10 13:39:14,296 Cached:4209.75 MB
2020-01-10 13:41:55,635 ==> Epoch[10](50/534): Loss: 0.2275
2020-01-10 13:41:55,636 Allocated:121.90869140625 MB
2020-01-10 13:41:55,637 Cached:8083.75 MB
2020-01-10 13:43:52,237 ==> Epoch[10](100/534): Loss: 0.2472
2020-01-10 13:43:52,238 Allocated:121.03369140625 MB
2020-01-10 13:43:52,239 Cached:8083.75 MB
2020-01-10 13:45:53,811 ==> Epoch[10](150/534): Loss: 0.2432
2020-01-10 13:45:53,814 Allocated:121.15869140625 MB
2020-01-10 13:45:53,814 Cached:8083.75 MB
2020-01-10 13:46:59,339 ====> Building Cache
2020-01-10 13:46:59,341 feature cache--->>> /home/annora/NetVLAD/output/train_feat_cache2.hdf5
2020-01-10 13:48:38,893 Allocated:121.033203125 MB
2020-01-10 13:48:38,894 Cached:2919.5 MB
2020-01-10 13:50:10,163 ==> Epoch[10](200/534): Loss: 0.2758
2020-01-10 13:50:10,165 Allocated:121.90869140625 MB
2020-01-10 13:50:10,165 Cached:6794.5 MB
2020-01-10 13:52:13,721 ==> Epoch[10](250/534): Loss: 0.2790
2020-01-10 13:52:13,723 Allocated:121.03369140625 MB
2020-01-10 13:52:13,723 Cached:6794.5 MB
2020-01-10 13:54:13,763 ==> Epoch[10](300/534): Loss: 0.2702
2020-01-10 13:54:13,765 Allocated:121.15869140625 MB
2020-01-10 13:54:13,765 Cached:6794.5 MB
2020-01-10 13:56:10,521 ==> Epoch[10](350/534): Loss: 0.2725
2020-01-10 13:56:10,523 Allocated:121.90869140625 MB
2020-01-10 13:56:10,523 Cached:6794.5 MB
2020-01-10 13:56:24,147 ====> Building Cache
2020-01-10 13:56:24,148 feature cache--->>> /home/annora/NetVLAD/output/train_feat_cache2.hdf5
2020-01-10 13:58:05,697 Allocated:121.658203125 MB
2020-01-10 13:58:05,698 Cached:2919.5 MB
2020-01-10 14:00:28,771 ==> Epoch[10](400/534): Loss: 0.2530
2020-01-10 14:00:28,773 Allocated:121.03369140625 MB
2020-01-10 14:00:28,773 Cached:6793.5 MB
2020-01-10 14:02:25,903 ==> Epoch[10](450/534): Loss: 0.2333
2020-01-10 14:02:25,905 Allocated:121.15869140625 MB
2020-01-10 14:02:25,905 Cached:6793.5 MB
2020-01-10 14:04:22,547 ==> Epoch[10](500/534): Loss: 0.2346
2020-01-10 14:04:22,548 Allocated:121.90869140625 MB
2020-01-10 14:04:22,548 Cached:6793.5 MB
2020-01-10 14:05:45,195 ===> Epoch 10 Complete: Avg. Loss: 0.2533
2020-01-10 14:05:45,196 ====> Extracting Features
2020-01-10 14:06:32,434 ==> Batch (50/108)
2020-01-10 14:07:03,205 ==> Batch (100/108)
2020-01-10 14:07:07,295 ====> Building faiss index
2020-01-10 14:07:07,298 ====> Calculating recall @ N
2020-01-10 14:07:07,870 ====> Recall@1: 0.5151
2020-01-10 14:07:07,871 ====> Recall@2: 0.5638
2020-01-10 14:07:07,871 ====> Recall@3: 0.5855
2020-01-10 14:07:07,871 ====> Recall@4: 0.6064
2020-01-10 14:07:07,872 ====> Recall@5: 0.6232
2020-01-10 14:07:07,872 ====> Recall@10: 0.6606
2020-01-10 14:07:07,872 ====> Recall@15: 0.6788
2020-01-10 14:07:07,872 ====> Recall@20: 0.6951
2020-01-10 14:07:07,873 ====> Recall@25: 0.7087
2020-01-10 14:07:08,254 ====> Building Cache
2020-01-10 14:07:08,254 feature cache--->>> /home/annora/NetVLAD/output/train_feat_cache2.hdf5
2020-01-10 14:08:51,196 Allocated:118.53369140625 MB
2020-01-10 14:08:51,197 Cached:4209.75 MB
2020-01-10 14:11:32,685 ==> Epoch[11](50/534): Loss: 0.2165
2020-01-10 14:11:32,686 Allocated:121.15869140625 MB
2020-01-10 14:11:32,686 Cached:8083.75 MB
2020-01-10 14:13:32,556 ==> Epoch[11](100/534): Loss: 0.2580
2020-01-10 14:13:32,557 Allocated:121.90869140625 MB
2020-01-10 14:13:32,557 Cached:8083.75 MB
2020-01-10 14:15:28,194 ==> Epoch[11](150/534): Loss: 0.2524
2020-01-10 14:15:28,196 Allocated:121.03369140625 MB
2020-01-10 14:15:28,196 Cached:8083.75 MB
2020-01-10 14:16:33,100 ====> Building Cache
2020-01-10 14:16:33,101 feature cache--->>> /home/annora/NetVLAD/output/train_feat_cache2.hdf5
2020-01-10 14:18:16,273 Allocated:122.533203125 MB
2020-01-10 14:18:16,274 Cached:2919.5 MB
2020-01-10 14:19:45,649 ==> Epoch[11](200/534): Loss: 0.2857
2020-01-10 14:19:45,651 Allocated:121.15869140625 MB
2020-01-10 14:19:45,651 Cached:6794.5 MB
2020-01-10 14:21:41,851 ==> Epoch[11](250/534): Loss: 0.2598
2020-01-10 14:21:41,852 Allocated:121.90869140625 MB
2020-01-10 14:21:41,852 Cached:6794.5 MB
2020-01-10 14:23:38,834 ==> Epoch[11](300/534): Loss: 0.2627
2020-01-10 14:23:38,836 Allocated:121.03369140625 MB
2020-01-10 14:23:38,836 Cached:6794.5 MB
2020-01-10 14:25:36,705 ==> Epoch[11](350/534): Loss: 0.2795
2020-01-10 14:25:36,707 Allocated:121.15869140625 MB
2020-01-10 14:25:36,707 Cached:6794.5 MB
2020-01-10 14:25:50,448 ====> Building Cache
2020-01-10 14:25:50,449 feature cache--->>> /home/annora/NetVLAD/output/train_feat_cache2.hdf5
2020-01-10 14:27:34,728 Allocated:121.533203125 MB
2020-01-10 14:27:34,728 Cached:2919.5 MB
2020-01-10 14:30:05,305 ==> Epoch[11](400/534): Loss: 0.2349
2020-01-10 14:30:05,307 Allocated:121.90869140625 MB
2020-01-10 14:30:05,307 Cached:6793.5 MB
2020-01-10 14:32:09,387 ==> Epoch[11](450/534): Loss: 0.2323
2020-01-10 14:32:09,388 Allocated:121.03369140625 MB
2020-01-10 14:32:09,389 Cached:6793.5 MB
2020-01-10 14:34:09,093 ==> Epoch[11](500/534): Loss: 0.2290
2020-01-10 14:34:09,094 Allocated:121.15869140625 MB
2020-01-10 14:34:09,095 Cached:6793.5 MB
2020-01-10 14:35:27,106 ===> Epoch 11 Complete: Avg. Loss: 0.2533
2020-01-10 14:35:27,107 ====> Extracting Features
2020-01-10 14:36:07,052 ==> Batch (50/108)
2020-01-10 14:36:45,751 ==> Batch (100/108)
2020-01-10 14:36:51,002 ====> Building faiss index
2020-01-10 14:36:51,004 ====> Calculating recall @ N
2020-01-10 14:36:51,523 ====> Recall@1: 0.5157
2020-01-10 14:36:51,523 ====> Recall@2: 0.5638
2020-01-10 14:36:51,524 ====> Recall@3: 0.5849
2020-01-10 14:36:51,524 ====> Recall@4: 0.6064
2020-01-10 14:36:51,524 ====> Recall@5: 0.6226
2020-01-10 14:36:51,525 ====> Recall@10: 0.6606
2020-01-10 14:36:51,525 ====> Recall@15: 0.6791
2020-01-10 14:36:51,525 ====> Recall@20: 0.6959
2020-01-10 14:36:51,525 ====> Recall@25: 0.7075
2020-01-10 14:36:51,937 ====> Building Cache
2020-01-10 14:36:51,938 feature cache--->>> /home/annora/NetVLAD/output/train_feat_cache2.hdf5
2020-01-10 14:38:34,667 Allocated:119.28369140625 MB
2020-01-10 14:38:34,668 Cached:4209.75 MB
2020-01-10 14:41:13,622 ==> Epoch[12](50/534): Loss: 0.2653
2020-01-10 14:41:13,624 Allocated:120.53369140625 MB
2020-01-10 14:41:13,624 Cached:8083.75 MB
2020-01-10 14:43:08,778 ==> Epoch[12](100/534): Loss: 0.2398
2020-01-10 14:43:08,779 Allocated:121.53369140625 MB
2020-01-10 14:43:08,779 Cached:8083.75 MB
2020-01-10 14:45:06,927 ==> Epoch[12](150/534): Loss: 0.2264
2020-01-10 14:45:06,928 Allocated:121.65869140625 MB
2020-01-10 14:45:06,928 Cached:8083.75 MB
2020-01-10 14:46:14,527 ====> Building Cache
2020-01-10 14:46:14,528 feature cache--->>> /home/annora/NetVLAD/output/train_feat_cache2.hdf5
2020-01-10 14:47:56,589 Allocated:120.533203125 MB
2020-01-10 14:47:56,589 Cached:2919.5 MB
2020-01-10 14:49:23,998 ==> Epoch[12](200/534): Loss: 0.2552
2020-01-10 14:49:24,000 Allocated:120.53369140625 MB
2020-01-10 14:49:24,000 Cached:6794.5 MB
2020-01-10 14:51:20,958 ==> Epoch[12](250/534): Loss: 0.2790
2020-01-10 14:51:20,959 Allocated:121.53369140625 MB
2020-01-10 14:51:20,959 Cached:6794.5 MB
2020-01-10 14:53:16,673 ==> Epoch[12](300/534): Loss: 0.2690
2020-01-10 14:53:16,674 Allocated:121.65869140625 MB
2020-01-10 14:53:16,674 Cached:6794.5 MB
2020-01-10 14:55:11,661 ==> Epoch[12](350/534): Loss: 0.2703
2020-01-10 14:55:11,662 Allocated:120.53369140625 MB
2020-01-10 14:55:11,662 Cached:6794.5 MB
2020-01-10 14:55:25,922 ====> Building Cache
2020-01-10 14:55:25,923 feature cache--->>> /home/annora/NetVLAD/output/train_feat_cache2.hdf5
2020-01-10 14:57:11,100 Allocated:120.533203125 MB
2020-01-10 14:57:11,100 Cached:2919.5 MB
2020-01-10 14:59:32,820 ==> Epoch[12](400/534): Loss: 0.2303
2020-01-10 14:59:32,822 Allocated:121.53369140625 MB
2020-01-10 14:59:32,822 Cached:6793.5 MB
2020-01-10 15:01:31,740 ==> Epoch[12](450/534): Loss: 0.2219
2020-01-10 15:01:31,741 Allocated:121.65869140625 MB
2020-01-10 15:01:31,741 Cached:6793.5 MB
2020-01-10 15:03:22,393 ==> Epoch[12](500/534): Loss: 0.2378
2020-01-10 15:03:22,394 Allocated:120.53369140625 MB
2020-01-10 15:03:22,394 Cached:6793.5 MB
2020-01-10 15:04:41,261 ===> Epoch 12 Complete: Avg. Loss: 0.2534
2020-01-10 15:04:41,268 ====> Extracting Features
2020-01-10 15:05:17,625 ==> Batch (50/108)
2020-01-10 15:05:42,256 ==> Batch (100/108)
2020-01-10 15:05:46,527 ====> Building faiss index
2020-01-10 15:05:46,529 ====> Calculating recall @ N
2020-01-10 15:05:47,025 ====> Recall@1: 0.5162
2020-01-10 15:05:47,026 ====> Recall@2: 0.5641
2020-01-10 15:05:47,026 ====> Recall@3: 0.5852
2020-01-10 15:05:47,027 ====> Recall@4: 0.6064
2020-01-10 15:05:47,027 ====> Recall@5: 0.6223
2020-01-10 15:05:47,027 ====> Recall@10: 0.6609
2020-01-10 15:05:47,028 ====> Recall@15: 0.6791
2020-01-10 15:05:47,028 ====> Recall@20: 0.6959
2020-01-10 15:05:47,028 ====> Recall@25: 0.7081
2020-01-10 15:05:47,430 ====> Building Cache
2020-01-10 15:05:47,430 feature cache--->>> /home/annora/NetVLAD/output/train_feat_cache2.hdf5
2020-01-10 15:07:19,100 Allocated:119.90869140625 MB
2020-01-10 15:07:19,101 Cached:4209.75 MB
2020-01-10 15:09:42,283 ==> Epoch[13](50/534): Loss: 0.2434
2020-01-10 15:09:42,285 Allocated:121.53369140625 MB
2020-01-10 15:09:42,286 Cached:8083.75 MB
2020-01-10 15:11:37,921 ==> Epoch[13](100/534): Loss: 0.2418
2020-01-10 15:11:37,922 Allocated:121.28369140625 MB
2020-01-10 15:11:37,922 Cached:8083.75 MB
2020-01-10 15:13:29,278 ==> Epoch[13](150/534): Loss: 0.2550
2020-01-10 15:13:29,280 Allocated:120.53369140625 MB
2020-01-10 15:13:29,280 Cached:8083.75 MB
2020-01-10 15:14:31,332 ====> Building Cache
2020-01-10 15:14:31,333 feature cache--->>> /home/annora/NetVLAD/output/train_feat_cache2.hdf5
2020-01-10 15:15:59,470 Allocated:120.533203125 MB
2020-01-10 15:15:59,471 Cached:2919.5 MB
2020-01-10 15:17:22,670 ==> Epoch[13](200/534): Loss: 0.2822
2020-01-10 15:17:22,672 Allocated:121.53369140625 MB
2020-01-10 15:17:22,672 Cached:6794.5 MB
2020-01-10 15:19:13,940 ==> Epoch[13](250/534): Loss: 0.2809
2020-01-10 15:19:13,941 Allocated:121.28369140625 MB
2020-01-10 15:19:13,942 Cached:6794.5 MB
2020-01-10 15:21:02,373 ==> Epoch[13](300/534): Loss: 0.2865
2020-01-10 15:21:02,375 Allocated:120.53369140625 MB
2020-01-10 15:21:02,375 Cached:6794.5 MB
2020-01-10 15:22:52,079 ==> Epoch[13](350/534): Loss: 0.2829
2020-01-10 15:22:52,080 Allocated:121.53369140625 MB
2020-01-10 15:22:52,081 Cached:6794.5 MB
2020-01-10 15:23:05,277 ====> Building Cache
2020-01-10 15:23:05,278 feature cache--->>> /home/annora/NetVLAD/output/train_feat_cache2.hdf5
2020-01-10 15:24:36,151 Allocated:121.908203125 MB
2020-01-10 15:24:36,151 Cached:2919.5 MB
2020-01-10 15:26:59,632 ==> Epoch[13](400/534): Loss: 0.2320
2020-01-10 15:26:59,634 Allocated:121.28369140625 MB
2020-01-10 15:26:59,634 Cached:6793.5 MB
2020-01-10 15:28:54,876 ==> Epoch[13](450/534): Loss: 0.2490
2020-01-10 15:28:54,877 Allocated:120.53369140625 MB
2020-01-10 15:28:54,877 Cached:6793.5 MB
2020-01-10 15:30:47,048 ==> Epoch[13](500/534): Loss: 0.2512
2020-01-10 15:30:47,049 Allocated:121.53369140625 MB
2020-01-10 15:30:47,050 Cached:6793.5 MB
2020-01-10 15:32:06,776 ===> Epoch 13 Complete: Avg. Loss: 0.2533
2020-01-10 15:32:06,778 ====> Extracting Features
2020-01-10 15:32:41,680 ==> Batch (50/108)
2020-01-10 15:33:03,246 ==> Batch (100/108)
2020-01-10 15:33:07,016 ====> Building faiss index
2020-01-10 15:33:07,018 ====> Calculating recall @ N
2020-01-10 15:33:07,502 ====> Recall@1: 0.5159
2020-01-10 15:33:07,502 ====> Recall@2: 0.5643
2020-01-10 15:33:07,503 ====> Recall@3: 0.5855
2020-01-10 15:33:07,503 ====> Recall@4: 0.6061
2020-01-10 15:33:07,504 ====> Recall@5: 0.6214
2020-01-10 15:33:07,504 ====> Recall@10: 0.6612
2020-01-10 15:33:07,504 ====> Recall@15: 0.6791
2020-01-10 15:33:07,504 ====> Recall@20: 0.6954
2020-01-10 15:33:07,505 ====> Recall@25: 0.7072
2020-01-10 15:33:07,911 ====> Building Cache
2020-01-10 15:33:07,912 feature cache--->>> /home/annora/NetVLAD/output/train_feat_cache2.hdf5
2020-01-10 15:34:38,861 Allocated:118.53369140625 MB
2020-01-10 15:34:38,861 Cached:4209.75 MB
2020-01-10 15:37:04,412 ==> Epoch[14](50/534): Loss: 0.2513
2020-01-10 15:37:04,414 Allocated:121.90869140625 MB
2020-01-10 15:37:04,414 Cached:8083.75 MB
2020-01-10 15:38:57,465 ==> Epoch[14](100/534): Loss: 0.2511
2020-01-10 15:38:57,467 Allocated:121.03369140625 MB
2020-01-10 15:38:57,467 Cached:8083.75 MB
2020-01-10 15:40:47,058 ==> Epoch[14](150/534): Loss: 0.2429
2020-01-10 15:40:47,059 Allocated:121.15869140625 MB
2020-01-10 15:40:47,059 Cached:8083.75 MB
2020-01-10 15:41:47,867 ====> Building Cache
2020-01-10 15:41:47,868 feature cache--->>> /home/annora/NetVLAD/output/train_feat_cache2.hdf5
2020-01-10 15:43:19,633 Allocated:121.033203125 MB
2020-01-10 15:43:19,634 Cached:2919.5 MB
2020-01-10 15:44:56,993 ==> Epoch[14](200/534): Loss: 0.2643
2020-01-10 15:44:56,994 Allocated:121.90869140625 MB
2020-01-10 15:44:56,994 Cached:6794.5 MB
2020-01-10 15:46:57,005 ==> Epoch[14](250/534): Loss: 0.2720
2020-01-10 15:46:57,007 Allocated:121.03369140625 MB
2020-01-10 15:46:57,007 Cached:6794.5 MB
2020-01-10 15:48:55,919 ==> Epoch[14](300/534): Loss: 0.2769
2020-01-10 15:48:55,921 Allocated:121.15869140625 MB
2020-01-10 15:48:55,921 Cached:6794.5 MB
2020-01-10 15:50:52,144 ==> Epoch[14](350/534): Loss: 0.2799
2020-01-10 15:50:52,147 Allocated:121.90869140625 MB
2020-01-10 15:50:52,147 Cached:6794.5 MB
2020-01-10 15:51:06,781 ====> Building Cache
2020-01-10 15:51:06,782 feature cache--->>> /home/annora/NetVLAD/output/train_feat_cache2.hdf5
2020-01-10 15:52:45,744 Allocated:121.658203125 MB
2020-01-10 15:52:45,745 Cached:2919.5 MB
2020-01-10 15:55:08,321 ==> Epoch[14](400/534): Loss: 0.2234
2020-01-10 15:55:08,323 Allocated:121.03369140625 MB
2020-01-10 15:55:08,324 Cached:6793.5 MB
2020-01-10 15:57:05,132 ==> Epoch[14](450/534): Loss: 0.2274
2020-01-10 15:57:05,134 Allocated:121.15869140625 MB
2020-01-10 15:57:05,135 Cached:6793.5 MB
2020-01-10 15:59:04,646 ==> Epoch[14](500/534): Loss: 0.2315
2020-01-10 15:59:04,648 Allocated:121.90869140625 MB
2020-01-10 15:59:04,649 Cached:6793.5 MB
2020-01-10 16:00:22,905 ===> Epoch 14 Complete: Avg. Loss: 0.2533
2020-01-10 16:00:22,908 ====> Extracting Features
2020-01-10 16:01:00,515 ==> Batch (50/108)
2020-01-10 16:01:22,520 ==> Batch (100/108)
2020-01-10 16:01:26,401 ====> Building faiss index
2020-01-10 16:01:26,403 ====> Calculating recall @ N
2020-01-10 16:01:26,872 ====> Recall@1: 0.5157
2020-01-10 16:01:26,873 ====> Recall@2: 0.5649
2020-01-10 16:01:26,873 ====> Recall@3: 0.5849
2020-01-10 16:01:26,874 ====> Recall@4: 0.6064
2020-01-10 16:01:26,874 ====> Recall@5: 0.6212
2020-01-10 16:01:26,874 ====> Recall@10: 0.6614
2020-01-10 16:01:26,875 ====> Recall@15: 0.6797
2020-01-10 16:01:26,875 ====> Recall@20: 0.6954
2020-01-10 16:01:26,875 ====> Recall@25: 0.7070
2020-01-10 16:01:27,268 ====> Building Cache
2020-01-10 16:01:27,268 feature cache--->>> /home/annora/NetVLAD/output/train_feat_cache2.hdf5
2020-01-10 16:03:09,059 Allocated:118.53369140625 MB
2020-01-10 16:03:09,060 Cached:4209.75 MB
2020-01-10 16:05:50,365 ==> Epoch[15](50/534): Loss: 0.2495
2020-01-10 16:05:50,368 Allocated:121.15869140625 MB
2020-01-10 16:05:50,368 Cached:8083.75 MB
2020-01-10 16:07:45,450 ==> Epoch[15](100/534): Loss: 0.2558
2020-01-10 16:07:45,451 Allocated:121.90869140625 MB
2020-01-10 16:07:45,452 Cached:8083.75 MB
2020-01-10 16:09:42,837 ==> Epoch[15](150/534): Loss: 0.2611
2020-01-10 16:09:42,839 Allocated:121.03369140625 MB
2020-01-10 16:09:42,839 Cached:8083.75 MB
2020-01-10 16:10:47,003 ====> Building Cache
2020-01-10 16:10:47,004 feature cache--->>> /home/annora/NetVLAD/output/train_feat_cache2.hdf5
2020-01-10 16:12:34,121 Allocated:122.533203125 MB
2020-01-10 16:12:34,122 Cached:2919.5 MB
2020-01-10 16:14:09,490 ==> Epoch[15](200/534): Loss: 0.2623
2020-01-10 16:14:09,492 Allocated:121.15869140625 MB
2020-01-10 16:14:09,492 Cached:6794.5 MB
2020-01-10 16:16:02,412 ==> Epoch[15](250/534): Loss: 0.2805
2020-01-10 16:16:02,414 Allocated:121.90869140625 MB
2020-01-10 16:16:02,414 Cached:6794.5 MB
2020-01-10 16:18:09,601 ==> Epoch[15](300/534): Loss: 0.2886
2020-01-10 16:18:09,602 Allocated:121.03369140625 MB
2020-01-10 16:18:09,602 Cached:6794.5 MB
2020-01-10 16:20:04,458 ==> Epoch[15](350/534): Loss: 0.2666
2020-01-10 16:20:04,460 Allocated:121.15869140625 MB
2020-01-10 16:20:04,460 Cached:6794.5 MB
2020-01-10 16:20:18,795 ====> Building Cache
2020-01-10 16:20:18,795 feature cache--->>> /home/annora/NetVLAD/output/train_feat_cache2.hdf5
2020-01-10 16:21:51,325 Allocated:121.533203125 MB
2020-01-10 16:21:51,326 Cached:2919.5 MB
2020-01-10 16:24:16,870 ==> Epoch[15](400/534): Loss: 0.2258
2020-01-10 16:24:16,872 Allocated:121.90869140625 MB
2020-01-10 16:24:16,872 Cached:6793.5 MB
2020-01-10 16:26:22,557 ==> Epoch[15](450/534): Loss: 0.2357
2020-01-10 16:26:22,559 Allocated:121.03369140625 MB
2020-01-10 16:26:22,559 Cached:6793.5 MB
2020-01-10 16:28:14,023 ==> Epoch[15](500/534): Loss: 0.2666
2020-01-10 16:28:14,024 Allocated:121.15869140625 MB
2020-01-10 16:28:14,024 Cached:6793.5 MB
2020-01-10 16:29:29,196 ===> Epoch 15 Complete: Avg. Loss: 0.2532
2020-01-10 16:29:29,198 ====> Extracting Features
2020-01-10 16:30:11,726 ==> Batch (50/108)
2020-01-10 16:30:37,510 ==> Batch (100/108)
2020-01-10 16:30:41,248 ====> Building faiss index
2020-01-10 16:30:41,250 ====> Calculating recall @ N
2020-01-10 16:30:41,687 ====> Recall@1: 0.5159
2020-01-10 16:30:41,688 ====> Recall@2: 0.5652
2020-01-10 16:30:41,688 ====> Recall@3: 0.5849
2020-01-10 16:30:41,688 ====> Recall@4: 0.6064
2020-01-10 16:30:41,689 ====> Recall@5: 0.6214
2020-01-10 16:30:41,689 ====> Recall@10: 0.6620
2020-01-10 16:30:41,689 ====> Recall@15: 0.6794
2020-01-10 16:30:41,689 ====> Recall@20: 0.6957
2020-01-10 16:30:41,689 ====> Recall@25: 0.7070
2020-01-10 16:30:42,056 ====> Building Cache
2020-01-10 16:30:42,056 feature cache--->>> /home/annora/NetVLAD/output/train_feat_cache2.hdf5
2020-01-10 16:32:32,168 Allocated:119.28369140625 MB
2020-01-10 16:32:32,169 Cached:4209.75 MB
2020-01-10 16:35:09,951 ==> Epoch[16](50/534): Loss: 0.2237
2020-01-10 16:35:09,954 Allocated:120.53369140625 MB
2020-01-10 16:35:09,954 Cached:8083.75 MB
2020-01-10 16:37:04,911 ==> Epoch[16](100/534): Loss: 0.2677
2020-01-10 16:37:04,912 Allocated:121.53369140625 MB
2020-01-10 16:37:04,913 Cached:8083.75 MB
2020-01-10 16:39:05,989 ==> Epoch[16](150/534): Loss: 0.2395
2020-01-10 16:39:05,990 Allocated:121.65869140625 MB
2020-01-10 16:39:05,991 Cached:8083.75 MB
2020-01-10 16:40:12,356 ====> Building Cache
2020-01-10 16:40:12,357 feature cache--->>> /home/annora/NetVLAD/output/train_feat_cache2.hdf5
2020-01-10 16:41:49,724 Allocated:120.533203125 MB
2020-01-10 16:41:49,724 Cached:2919.5 MB
2020-01-10 16:43:17,533 ==> Epoch[16](200/534): Loss: 0.2729
2020-01-10 16:43:17,534 Allocated:120.53369140625 MB
2020-01-10 16:43:17,534 Cached:6794.5 MB
2020-01-10 16:45:10,330 ==> Epoch[16](250/534): Loss: 0.2849
2020-01-10 16:45:10,331 Allocated:121.53369140625 MB
2020-01-10 16:45:10,331 Cached:6794.5 MB
2020-01-10 16:47:05,819 ==> Epoch[16](300/534): Loss: 0.2652
2020-01-10 16:47:05,820 Allocated:121.65869140625 MB
2020-01-10 16:47:05,820 Cached:6794.5 MB
2020-01-10 16:48:57,535 ==> Epoch[16](350/534): Loss: 0.2664
2020-01-10 16:48:57,536 Allocated:120.53369140625 MB
2020-01-10 16:48:57,536 Cached:6794.5 MB
2020-01-10 16:49:10,968 ====> Building Cache
2020-01-10 16:49:10,969 feature cache--->>> /home/annora/NetVLAD/output/train_feat_cache2.hdf5
2020-01-10 16:50:42,811 Allocated:120.533203125 MB
2020-01-10 16:50:42,812 Cached:2919.5 MB
2020-01-10 16:53:01,819 ==> Epoch[16](400/534): Loss: 0.2300
2020-01-10 16:53:01,821 Allocated:121.53369140625 MB
2020-01-10 16:53:01,822 Cached:6793.5 MB
2020-01-10 16:54:52,325 ==> Epoch[16](450/534): Loss: 0.2428
2020-01-10 16:54:52,326 Allocated:121.65869140625 MB
2020-01-10 16:54:52,327 Cached:6793.5 MB
2020-01-10 16:56:45,218 ==> Epoch[16](500/534): Loss: 0.2331
2020-01-10 16:56:45,219 Allocated:120.53369140625 MB
2020-01-10 16:56:45,220 Cached:6793.5 MB
2020-01-10 16:58:06,418 ===> Epoch 16 Complete: Avg. Loss: 0.2533
2020-01-10 16:58:06,420 ====> Extracting Features
2020-01-10 16:58:49,267 ==> Batch (50/108)
2020-01-10 16:59:22,328 ==> Batch (100/108)
2020-01-10 16:59:26,506 ====> Building faiss index
2020-01-10 16:59:26,508 ====> Calculating recall @ N
2020-01-10 16:59:27,025 ====> Recall@1: 0.5162
2020-01-10 16:59:27,025 ====> Recall@2: 0.5649
2020-01-10 16:59:27,026 ====> Recall@3: 0.5852
2020-01-10 16:59:27,026 ====> Recall@4: 0.6067
2020-01-10 16:59:27,026 ====> Recall@5: 0.6214
2020-01-10 16:59:27,026 ====> Recall@10: 0.6620
2020-01-10 16:59:27,027 ====> Recall@15: 0.6794
2020-01-10 16:59:27,027 ====> Recall@20: 0.6954
2020-01-10 16:59:27,027 ====> Recall@25: 0.7070
2020-01-10 16:59:27,397 ====> Building Cache
2020-01-10 16:59:27,397 feature cache--->>> /home/annora/NetVLAD/output/train_feat_cache2.hdf5
2020-01-10 17:01:11,393 Allocated:119.90869140625 MB
2020-01-10 17:01:11,394 Cached:4209.75 MB
2020-01-10 17:03:42,857 ==> Epoch[17](50/534): Loss: 0.2616
2020-01-10 17:03:42,859 Allocated:121.53369140625 MB
2020-01-10 17:03:42,859 Cached:8083.75 MB
2020-01-10 17:05:34,558 ==> Epoch[17](100/534): Loss: 0.2627
2020-01-10 17:05:34,559 Allocated:121.28369140625 MB
2020-01-10 17:05:34,560 Cached:8083.75 MB
2020-01-10 17:07:29,979 ==> Epoch[17](150/534): Loss: 0.2290
2020-01-10 17:07:29,981 Allocated:120.53369140625 MB
2020-01-10 17:07:29,981 Cached:8083.75 MB
2020-01-10 17:08:39,334 ====> Building Cache
2020-01-10 17:08:39,335 feature cache--->>> /home/annora/NetVLAD/output/train_feat_cache2.hdf5
2020-01-10 17:10:14,919 Allocated:120.533203125 MB
2020-01-10 17:10:14,920 Cached:2919.5 MB
2020-01-10 17:11:46,272 ==> Epoch[17](200/534): Loss: 0.2841
2020-01-10 17:11:46,273 Allocated:121.53369140625 MB
2020-01-10 17:11:46,274 Cached:6794.5 MB
2020-01-10 17:13:39,426 ==> Epoch[17](250/534): Loss: 0.3009
2020-01-10 17:13:39,427 Allocated:121.28369140625 MB
2020-01-10 17:13:39,428 Cached:6794.5 MB
2020-01-10 17:15:34,214 ==> Epoch[17](300/534): Loss: 0.2828
2020-01-10 17:15:34,215 Allocated:120.53369140625 MB
2020-01-10 17:15:34,216 Cached:6794.5 MB
2020-01-10 17:17:34,056 ==> Epoch[17](350/534): Loss: 0.2930
2020-01-10 17:17:34,059 Allocated:121.53369140625 MB
2020-01-10 17:17:34,059 Cached:6794.5 MB
2020-01-10 17:17:48,797 ====> Building Cache
2020-01-10 17:17:48,798 feature cache--->>> /home/annora/NetVLAD/output/train_feat_cache2.hdf5
2020-01-10 17:19:24,685 Allocated:121.908203125 MB
2020-01-10 17:19:24,685 Cached:2919.5 MB
2020-01-10 17:21:51,965 ==> Epoch[17](400/534): Loss: 0.2375
2020-01-10 17:21:51,967 Allocated:121.28369140625 MB
2020-01-10 17:21:51,968 Cached:6793.5 MB
2020-01-10 17:23:45,076 ==> Epoch[17](450/534): Loss: 0.2203
2020-01-10 17:23:45,078 Allocated:120.53369140625 MB
2020-01-10 17:23:45,078 Cached:6793.5 MB
2020-01-10 17:25:44,778 ==> Epoch[17](500/534): Loss: 0.2207
2020-01-10 17:25:44,781 Allocated:121.53369140625 MB
2020-01-10 17:25:44,781 Cached:6793.5 MB
2020-01-10 17:27:10,965 ===> Epoch 17 Complete: Avg. Loss: 0.2534
2020-01-10 17:27:10,966 ====> Extracting Features
2020-01-10 17:27:49,024 ==> Batch (50/108)
2020-01-10 17:28:20,323 ==> Batch (100/108)
2020-01-10 17:28:23,298 ====> Building faiss index
2020-01-10 17:28:23,300 ====> Calculating recall @ N
2020-01-10 17:28:23,791 ====> Recall@1: 0.5162
2020-01-10 17:28:23,791 ====> Recall@2: 0.5649
2020-01-10 17:28:23,792 ====> Recall@3: 0.5846
2020-01-10 17:28:23,792 ====> Recall@4: 0.6070
2020-01-10 17:28:23,792 ====> Recall@5: 0.6220
2020-01-10 17:28:23,792 ====> Recall@10: 0.6620
2020-01-10 17:28:23,793 ====> Recall@15: 0.6800
2020-01-10 17:28:23,793 ====> Recall@20: 0.6954
2020-01-10 17:28:23,793 ====> Recall@25: 0.7072
2020-01-10 17:28:24,166 ====> Building Cache
2020-01-10 17:28:24,166 feature cache--->>> /home/annora/NetVLAD/output/train_feat_cache2.hdf5
2020-01-10 17:29:58,582 Allocated:118.53369140625 MB
2020-01-10 17:29:58,583 Cached:4209.75 MB
2020-01-10 17:32:33,555 ==> Epoch[18](50/534): Loss: 0.2223
2020-01-10 17:32:33,557 Allocated:121.90869140625 MB
2020-01-10 17:32:33,558 Cached:8083.75 MB
2020-01-10 17:34:28,658 ==> Epoch[18](100/534): Loss: 0.2626
2020-01-10 17:34:28,659 Allocated:121.03369140625 MB
2020-01-10 17:34:28,660 Cached:8083.75 MB
2020-01-10 17:36:32,384 ==> Epoch[18](150/534): Loss: 0.2411
2020-01-10 17:36:32,385 Allocated:121.15869140625 MB
2020-01-10 17:36:32,386 Cached:8083.75 MB
2020-01-10 17:37:35,404 ====> Building Cache
2020-01-10 17:37:35,405 feature cache--->>> /home/annora/NetVLAD/output/train_feat_cache2.hdf5
2020-01-10 17:39:12,839 Allocated:121.033203125 MB
2020-01-10 17:39:12,840 Cached:2919.5 MB
2020-01-10 17:40:42,960 ==> Epoch[18](200/534): Loss: 0.2783
2020-01-10 17:40:42,963 Allocated:121.90869140625 MB
2020-01-10 17:40:42,963 Cached:6794.5 MB
2020-01-10 17:42:41,339 ==> Epoch[18](250/534): Loss: 0.2495
2020-01-10 17:42:41,340 Allocated:121.03369140625 MB
2020-01-10 17:42:41,341 Cached:6794.5 MB
2020-01-10 17:44:37,725 ==> Epoch[18](300/534): Loss: 0.2730
2020-01-10 17:44:37,726 Allocated:121.15869140625 MB
2020-01-10 17:44:37,726 Cached:6794.5 MB
2020-01-10 17:46:36,349 ==> Epoch[18](350/534): Loss: 0.2595
2020-01-10 17:46:36,351 Allocated:121.90869140625 MB
2020-01-10 17:46:36,351 Cached:6794.5 MB
2020-01-10 17:46:51,526 ====> Building Cache
2020-01-10 17:46:51,528 feature cache--->>> /home/annora/NetVLAD/output/train_feat_cache2.hdf5
2020-01-10 17:48:32,119 Allocated:121.658203125 MB
2020-01-10 17:48:32,120 Cached:2919.5 MB
2020-01-10 17:50:44,368 ==> Epoch[18](400/534): Loss: 0.2406
2020-01-10 17:50:44,370 Allocated:121.03369140625 MB
2020-01-10 17:50:44,370 Cached:6793.5 MB
2020-01-10 17:52:41,175 ==> Epoch[18](450/534): Loss: 0.2224
2020-01-10 17:52:41,176 Allocated:121.15869140625 MB
2020-01-10 17:52:41,177 Cached:6793.5 MB
2020-01-10 17:54:36,550 ==> Epoch[18](500/534): Loss: 0.2412
2020-01-10 17:54:36,551 Allocated:121.90869140625 MB
2020-01-10 17:54:36,552 Cached:6793.5 MB
2020-01-10 17:55:54,764 ===> Epoch 18 Complete: Avg. Loss: 0.2533
2020-01-10 17:55:54,766 ====> Extracting Features
2020-01-10 17:56:33,006 ==> Batch (50/108)
2020-01-10 17:57:02,434 ==> Batch (100/108)
2020-01-10 17:57:06,197 ====> Building faiss index
2020-01-10 17:57:06,200 ====> Calculating recall @ N
2020-01-10 17:57:06,703 ====> Recall@1: 0.5165
2020-01-10 17:57:06,704 ====> Recall@2: 0.5655
2020-01-10 17:57:06,704 ====> Recall@3: 0.5849
2020-01-10 17:57:06,705 ====> Recall@4: 0.6067
2020-01-10 17:57:06,705 ====> Recall@5: 0.6209
2020-01-10 17:57:06,705 ====> Recall@10: 0.6620
2020-01-10 17:57:06,705 ====> Recall@15: 0.6803
2020-01-10 17:57:06,705 ====> Recall@20: 0.6959
2020-01-10 17:57:06,706 ====> Recall@25: 0.7072
2020-01-10 17:57:07,059 ====> Building Cache
2020-01-10 17:57:07,059 feature cache--->>> /home/annora/NetVLAD/output/train_feat_cache2.hdf5
2020-01-10 17:58:42,930 Allocated:118.53369140625 MB
2020-01-10 17:58:42,931 Cached:4209.75 MB
2020-01-10 18:01:23,453 ==> Epoch[19](50/534): Loss: 0.2611
2020-01-10 18:01:23,455 Allocated:121.15869140625 MB
2020-01-10 18:01:23,455 Cached:8083.75 MB
2020-01-10 18:03:14,994 ==> Epoch[19](100/534): Loss: 0.2427
2020-01-10 18:03:14,995 Allocated:121.90869140625 MB
2020-01-10 18:03:14,995 Cached:8083.75 MB
2020-01-10 18:05:15,644 ==> Epoch[19](150/534): Loss: 0.2597
2020-01-10 18:05:15,645 Allocated:121.03369140625 MB
2020-01-10 18:05:15,646 Cached:8083.75 MB
2020-01-10 18:06:24,463 ====> Building Cache
2020-01-10 18:06:24,463 feature cache--->>> /home/annora/NetVLAD/output/train_feat_cache2.hdf5
2020-01-10 18:08:12,907 Allocated:122.533203125 MB
2020-01-10 18:08:12,908 Cached:2919.5 MB
2020-01-10 18:09:36,593 ==> Epoch[19](200/534): Loss: 0.2889
2020-01-10 18:09:36,595 Allocated:121.15869140625 MB
2020-01-10 18:09:36,595 Cached:6794.5 MB
2020-01-10 18:11:28,826 ==> Epoch[19](250/534): Loss: 0.2855
2020-01-10 18:11:28,828 Allocated:121.90869140625 MB
2020-01-10 18:11:28,828 Cached:6794.5 MB
2020-01-10 18:13:26,437 ==> Epoch[19](300/534): Loss: 0.2654
2020-01-10 18:13:26,438 Allocated:121.03369140625 MB
2020-01-10 18:13:26,438 Cached:6794.5 MB
2020-01-10 18:15:23,391 ==> Epoch[19](350/534): Loss: 0.2810
2020-01-10 18:15:23,392 Allocated:121.15869140625 MB
2020-01-10 18:15:23,392 Cached:6794.5 MB
2020-01-10 18:15:40,494 ====> Building Cache
2020-01-10 18:15:40,495 feature cache--->>> /home/annora/NetVLAD/output/train_feat_cache2.hdf5
2020-01-10 18:17:12,849 Allocated:121.533203125 MB
2020-01-10 18:17:12,850 Cached:2919.5 MB
2020-01-10 18:19:32,054 ==> Epoch[19](400/534): Loss: 0.2212
2020-01-10 18:19:32,056 Allocated:121.90869140625 MB
2020-01-10 18:19:32,056 Cached:6793.5 MB
2020-01-10 18:21:27,287 ==> Epoch[19](450/534): Loss: 0.2420
2020-01-10 18:21:27,289 Allocated:121.03369140625 MB
2020-01-10 18:21:27,289 Cached:6793.5 MB
2020-01-10 18:23:18,633 ==> Epoch[19](500/534): Loss: 0.2429
2020-01-10 18:23:18,634 Allocated:121.15869140625 MB
2020-01-10 18:23:18,634 Cached:6793.5 MB
2020-01-10 18:24:35,053 ===> Epoch 19 Complete: Avg. Loss: 0.2533
2020-01-10 18:24:35,055 ====> Extracting Features
2020-01-10 18:25:18,498 ==> Batch (50/108)
2020-01-10 18:25:41,983 ==> Batch (100/108)
2020-01-10 18:25:45,947 ====> Building faiss index
2020-01-10 18:25:45,949 ====> Calculating recall @ N
2020-01-10 18:25:46,499 ====> Recall@1: 0.5168
2020-01-10 18:25:46,500 ====> Recall@2: 0.5658
2020-01-10 18:25:46,501 ====> Recall@3: 0.5849
2020-01-10 18:25:46,501 ====> Recall@4: 0.6067
2020-01-10 18:25:46,502 ====> Recall@5: 0.6209
2020-01-10 18:25:46,502 ====> Recall@10: 0.6623
2020-01-10 18:25:46,502 ====> Recall@15: 0.6806
2020-01-10 18:25:46,503 ====> Recall@20: 0.6959
2020-01-10 18:25:46,503 ====> Recall@25: 0.7075
2020-01-10 18:25:46,875 ====> Building Cache
2020-01-10 18:25:46,876 feature cache--->>> /home/annora/NetVLAD/output/train_feat_cache2.hdf5
2020-01-10 18:27:24,739 Allocated:119.28369140625 MB
2020-01-10 18:27:24,739 Cached:4209.75 MB
2020-01-10 18:29:54,589 ==> Epoch[20](50/534): Loss: 0.2242
2020-01-10 18:29:54,591 Allocated:120.53369140625 MB
2020-01-10 18:29:54,591 Cached:8083.75 MB
2020-01-10 18:31:51,804 ==> Epoch[20](100/534): Loss: 0.2587
2020-01-10 18:31:51,806 Allocated:121.53369140625 MB
2020-01-10 18:31:51,806 Cached:8083.75 MB
2020-01-10 18:33:49,221 ==> Epoch[20](150/534): Loss: 0.2590
2020-01-10 18:33:49,222 Allocated:121.65869140625 MB
2020-01-10 18:33:49,223 Cached:8083.75 MB
2020-01-10 18:34:55,359 ====> Building Cache
2020-01-10 18:34:55,360 feature cache--->>> /home/annora/NetVLAD/output/train_feat_cache2.hdf5
2020-01-10 18:36:30,637 Allocated:120.533203125 MB
2020-01-10 18:36:30,638 Cached:2919.5 MB
2020-01-10 18:38:01,156 ==> Epoch[20](200/534): Loss: 0.2464
2020-01-10 18:38:01,158 Allocated:120.53369140625 MB
2020-01-10 18:38:01,159 Cached:6794.5 MB
2020-01-10 18:39:56,043 ==> Epoch[20](250/534): Loss: 0.2783
2020-01-10 18:39:56,045 Allocated:121.53369140625 MB
2020-01-10 18:39:56,045 Cached:6794.5 MB
2020-01-10 18:41:51,056 ==> Epoch[20](300/534): Loss: 0.2721
2020-01-10 18:41:51,057 Allocated:121.65869140625 MB
2020-01-10 18:41:51,058 Cached:6794.5 MB
2020-01-10 18:43:41,732 ==> Epoch[20](350/534): Loss: 0.2854
2020-01-10 18:43:41,734 Allocated:120.53369140625 MB
2020-01-10 18:43:41,734 Cached:6794.5 MB
2020-01-10 18:43:55,213 ====> Building Cache
2020-01-10 18:43:55,214 feature cache--->>> /home/annora/NetVLAD/output/train_feat_cache2.hdf5
2020-01-10 18:45:30,853 Allocated:120.533203125 MB
2020-01-10 18:45:30,854 Cached:2919.5 MB
2020-01-10 18:47:51,756 ==> Epoch[20](400/534): Loss: 0.2423
2020-01-10 18:47:51,758 Allocated:121.53369140625 MB
2020-01-10 18:47:51,758 Cached:6793.5 MB
2020-01-10 18:49:52,422 ==> Epoch[20](450/534): Loss: 0.2534
2020-01-10 18:49:52,423 Allocated:121.65869140625 MB
2020-01-10 18:49:52,423 Cached:6793.5 MB
2020-01-10 18:51:48,367 ==> Epoch[20](500/534): Loss: 0.2533
2020-01-10 18:51:48,368 Allocated:120.53369140625 MB
2020-01-10 18:51:48,369 Cached:6793.5 MB
2020-01-10 18:53:04,445 ===> Epoch 20 Complete: Avg. Loss: 0.2533
2020-01-10 18:53:04,448 ====> Extracting Features
2020-01-10 18:53:49,865 ==> Batch (50/108)
2020-01-10 18:54:14,220 ==> Batch (100/108)
2020-01-10 18:54:18,233 ====> Building faiss index
2020-01-10 18:54:18,236 ====> Calculating recall @ N
2020-01-10 18:54:18,797 ====> Recall@1: 0.5168
2020-01-10 18:54:18,797 ====> Recall@2: 0.5655
2020-01-10 18:54:18,798 ====> Recall@3: 0.5852
2020-01-10 18:54:18,798 ====> Recall@4: 0.6070
2020-01-10 18:54:18,799 ====> Recall@5: 0.6209
2020-01-10 18:54:18,799 ====> Recall@10: 0.6623
2020-01-10 18:54:18,799 ====> Recall@15: 0.6806
2020-01-10 18:54:18,800 ====> Recall@20: 0.6959
2020-01-10 18:54:18,800 ====> Recall@25: 0.7072
2020-01-10 18:54:19,169 Performance did not improve for 10 epochs. Stopping.
2020-01-10 18:54:19,169 => Best Recall@5: 0.6232
