2020-01-06 23:56:17,867 Namespace(arch='alexnet', batchSize=16, cacheBatchSize=144, cachePath='/home/annora/NetVLAD/output/', cacheRefreshRate=0, ckpt='best', ckpt_diy='model_best0.pth.tar', contilearn=True, dataPath='/home/annora/NetVLAD/output/data/', dataset='pittsburgh', debug_file='', evalEvery=1, fromscratch=True, lr=0.01, lrGamma=0.5, lrStep=5, margin=0.1, mode='train', momentum=0.9, nEpochs=30, nGPU=1, nocuda=False, num_clusters=64, optim='SGD', patience=10, pooling='max', resume='', runsPath='/home/annora/NetVLAD/output/runs/', savePath='checkpoints', seed=123, split='val', start_epoch=0, threads=4, vladv2=False, weightDecay=0.001)
2020-01-06 23:56:17,921 ===> Loading dataset(s)
2020-01-06 23:56:17,921 ===> Building model
2020-01-06 23:56:17,970 encoder moder:
AlexNet(
  (conv1): Sequential(
    (0): Conv2d(3, 64, kernel_size=(11, 11), stride=(4, 4), padding=(2, 2))
    (1): ReLU(inplace)
    (2): MaxPool2d(kernel_size=3, stride=2, padding=0, dilation=1, ceil_mode=False)
  )
  (conv2): Sequential(
    (0): Conv2d(64, 192, kernel_size=(5, 5), stride=(1, 1), padding=(2, 2))
    (1): ReLU(inplace)
    (2): MaxPool2d(kernel_size=3, stride=2, padding=0, dilation=1, ceil_mode=False)
  )
  (conv3): Sequential(
    (0): Conv2d(192, 384, kernel_size=(3, 3), stride=(1, 1), padding=(1, 1))
    (1): ReLU(inplace)
  )
  (conv4): Sequential(
    (0): Conv2d(384, 256, kernel_size=(3, 3), stride=(1, 1), padding=(1, 1))
    (1): ReLU(inplace)
  )
  (conv5): Sequential(
    (0): Conv2d(256, 256, kernel_size=(3, 3), stride=(1, 1), padding=(1, 1))
  )
)
2020-01-06 23:56:21,778 ---->>>> trainfiles: ['oxRobocar_single_train.mat']
2020-01-06 23:56:21,781 ===> Saving state to: /home/annora/NetVLAD/output/runs/2020-01-06-23-56-21_alexnet_max
2020-01-06 23:56:24,563 ====> Training query set:6636
2020-01-06 23:56:24,660 ===> Evaluating on val set, query count:3450
2020-01-06 23:56:24,660 ---->>>> testfile: oxRobocar_single_val.mat
2020-01-06 23:56:24,660 ===> Training model
2020-01-06 23:56:24,660 ====> Building Cache
2020-01-06 23:56:24,660 h5feat cache at: /home/annora/NetVLAD/output/train_feat_cache.hdf5
2020-01-06 23:58:49,424 Allocated:99.34619140625 MB
2020-01-06 23:58:49,424 Cached:2683.375 MB
2020-01-07 00:01:20,858 ==> Task[1]Epoch[1](50/415): Loss: 0.2666
2020-01-07 00:01:20,860 Allocated:120.78369140625 MB
2020-01-07 00:01:20,860 Cached:1035.875 MB
2020-01-07 00:03:19,536 ==> Task[1]Epoch[1](100/415): Loss: 0.2933
2020-01-07 00:03:19,537 Allocated:121.03369140625 MB
2020-01-07 00:03:19,537 Cached:1035.875 MB
2020-01-07 00:05:15,638 ==> Task[1]Epoch[1](150/415): Loss: 0.1476
2020-01-07 00:05:15,638 Allocated:121.65869140625 MB
2020-01-07 00:05:15,639 Cached:1034.875 MB
2020-01-07 00:07:10,094 ==> Task[1]Epoch[1](200/415): Loss: 0.2070
2020-01-07 00:07:10,095 Allocated:122.15869140625 MB
2020-01-07 00:07:10,096 Cached:1035.875 MB
2020-01-07 00:09:08,675 ==> Task[1]Epoch[1](250/415): Loss: 0.1141
2020-01-07 00:09:08,676 Allocated:120.78369140625 MB
2020-01-07 00:09:08,677 Cached:1035.875 MB
2020-01-07 00:11:08,905 ==> Task[1]Epoch[1](300/415): Loss: 0.2037
2020-01-07 00:11:08,907 Allocated:122.15869140625 MB
2020-01-07 00:11:08,907 Cached:1034.875 MB
2020-01-07 00:13:17,704 ==> Task[1]Epoch[1](350/415): Loss: 0.1936
2020-01-07 00:13:17,705 Allocated:121.65869140625 MB
2020-01-07 00:13:17,705 Cached:1035.875 MB
2020-01-07 00:15:21,946 ==> Task[1]Epoch[1](400/415): Loss: 0.1447
2020-01-07 00:15:21,948 Allocated:121.65869140625 MB
2020-01-07 00:15:21,948 Cached:1035.875 MB
2020-01-07 00:15:56,092 ===> Task 1 Epoch 1 Complete: Avg. Loss: 0.2203
2020-01-07 00:15:56,093 begin test:
2020-01-07 00:15:56,094 ====> Extracting Features
2020-01-07 00:17:10,760 ==> Batch (50/72)
2020-01-07 00:17:39,528 ====> Building faiss index
2020-01-07 00:17:39,530 ====> Calculating recall @ N
2020-01-07 00:17:40,129 ====> Recall@1: 0.4991
2020-01-07 00:17:40,130 ====> Recall@2: 0.5597
2020-01-07 00:17:40,130 ====> Recall@3: 0.5928
2020-01-07 00:17:40,130 ====> Recall@4: 0.6072
2020-01-07 00:17:40,131 ====> Recall@5: 0.6171
2020-01-07 00:17:40,131 ====> Recall@10: 0.6533
2020-01-07 00:17:40,131 ====> Recall@15: 0.6722
2020-01-07 00:17:40,131 ====> Recall@20: 0.6867
2020-01-07 00:17:40,131 ====> Recall@25: 0.7003
2020-01-07 00:17:40,376 ====> Building Cache
2020-01-07 00:17:40,376 h5feat cache at: /home/annora/NetVLAD/output/train_feat_cache.hdf5
2020-01-07 00:20:00,956 Allocated:119.03369140625 MB
2020-01-07 00:20:00,958 Cached:10183.125 MB
2020-01-07 00:23:41,846 ==> Task[1]Epoch[2](50/415): Loss: 0.1866
2020-01-07 00:23:41,849 Allocated:121.65869140625 MB
2020-01-07 00:23:41,849 Cached:1036.875 MB
2020-01-07 00:27:04,604 ==> Task[1]Epoch[2](100/415): Loss: 0.2262
2020-01-07 00:27:04,609 Allocated:122.15869140625 MB
2020-01-07 00:27:04,611 Cached:1036.875 MB
2020-01-07 00:29:19,347 ==> Task[1]Epoch[2](150/415): Loss: 0.0064
2020-01-07 00:29:19,349 Allocated:120.78369140625 MB
2020-01-07 00:29:19,349 Cached:1036.875 MB
2020-01-07 00:31:56,244 ==> Task[1]Epoch[2](200/415): Loss: 0.0028
2020-01-07 00:31:56,245 Allocated:122.15869140625 MB
2020-01-07 00:31:56,246 Cached:1036.875 MB
2020-01-07 00:35:10,282 ==> Task[1]Epoch[2](250/415): Loss: 0.0348
2020-01-07 00:35:10,283 Allocated:121.65869140625 MB
2020-01-07 00:35:10,283 Cached:1036.875 MB
2020-01-07 00:37:42,498 ==> Task[1]Epoch[2](300/415): Loss: 0.1780
2020-01-07 00:37:42,499 Allocated:121.65869140625 MB
2020-01-07 00:37:42,500 Cached:1036.875 MB
2020-01-07 00:39:38,437 ==> Task[1]Epoch[2](350/415): Loss: 0.0522
2020-01-07 00:39:38,438 Allocated:121.65869140625 MB
2020-01-07 00:39:38,438 Cached:1036.875 MB
2020-01-07 00:41:35,102 ==> Task[1]Epoch[2](400/415): Loss: 0.0327
2020-01-07 00:41:35,104 Allocated:121.03369140625 MB
2020-01-07 00:41:35,104 Cached:1036.875 MB
2020-01-07 00:42:14,007 ===> Task 1 Epoch 2 Complete: Avg. Loss: 0.1109
2020-01-07 00:42:14,008 begin test:
2020-01-07 00:42:14,009 ====> Extracting Features
2020-01-07 00:43:27,717 ==> Batch (50/72)
2020-01-07 00:43:54,908 ====> Building faiss index
2020-01-07 00:43:54,911 ====> Calculating recall @ N
2020-01-07 00:43:55,955 ====> Recall@1: 0.5200
2020-01-07 00:43:55,956 ====> Recall@2: 0.5490
2020-01-07 00:43:55,956 ====> Recall@3: 0.5641
2020-01-07 00:43:55,956 ====> Recall@4: 0.5794
2020-01-07 00:43:55,956 ====> Recall@5: 0.5872
2020-01-07 00:43:55,962 ====> Recall@10: 0.6177
2020-01-07 00:43:55,962 ====> Recall@15: 0.6472
2020-01-07 00:43:55,963 ====> Recall@20: 0.6632
2020-01-07 00:43:55,964 ====> Recall@25: 0.6817
2020-01-07 00:43:56,372 ====> Building Cache
2020-01-07 00:43:56,373 h5feat cache at: /home/annora/NetVLAD/output/train_feat_cache.hdf5
2020-01-07 00:46:16,637 Allocated:120.15869140625 MB
2020-01-07 00:46:16,638 Cached:10183.125 MB
2020-01-07 00:48:17,141 ==> Task[1]Epoch[3](50/415): Loss: 0.0358
2020-01-07 00:48:17,143 Allocated:121.40869140625 MB
2020-01-07 00:48:17,143 Cached:1035.875 MB
2020-01-07 00:50:23,130 ==> Task[1]Epoch[3](100/415): Loss: 0.1736
2020-01-07 00:50:23,131 Allocated:122.03369140625 MB
2020-01-07 00:50:23,132 Cached:1035.875 MB
2020-01-07 00:52:06,144 ==> Task[1]Epoch[3](150/415): Loss: 0.0090
2020-01-07 00:52:06,145 Allocated:122.03369140625 MB
2020-01-07 00:52:06,146 Cached:1035.875 MB
2020-01-07 00:54:25,687 ==> Task[1]Epoch[3](200/415): Loss: 0.0000
2020-01-07 00:54:25,689 Allocated:121.40869140625 MB
2020-01-07 00:54:25,689 Cached:1035.875 MB
2020-01-07 00:56:01,621 ==> Task[1]Epoch[3](250/415): Loss: 0.0107
2020-01-07 00:56:01,622 Allocated:120.78369140625 MB
2020-01-07 00:56:01,622 Cached:1859.5 MB
2020-01-07 00:57:44,848 ==> Task[1]Epoch[3](300/415): Loss: 0.1038
2020-01-07 00:57:44,850 Allocated:121.65869140625 MB
2020-01-07 00:57:44,850 Cached:1034.875 MB
2020-01-07 00:59:05,790 ==> Task[1]Epoch[3](350/415): Loss: 0.0628
2020-01-07 00:59:05,792 Allocated:120.65869140625 MB
2020-01-07 00:59:05,792 Cached:1035.875 MB
2020-01-07 01:01:06,703 ==> Task[1]Epoch[3](400/415): Loss: 0.0227
2020-01-07 01:01:06,705 Allocated:121.40869140625 MB
2020-01-07 01:01:06,705 Cached:1035.875 MB
2020-01-07 01:01:49,811 ===> Task 1 Epoch 3 Complete: Avg. Loss: 0.0669
2020-01-07 01:01:49,814 begin test:
2020-01-07 01:01:49,814 ====> Extracting Features
2020-01-07 01:03:01,219 ==> Batch (50/72)
2020-01-07 01:03:26,936 ====> Building faiss index
2020-01-07 01:03:26,938 ====> Calculating recall @ N
2020-01-07 01:03:27,485 ====> Recall@1: 0.5443
2020-01-07 01:03:27,486 ====> Recall@2: 0.5829
2020-01-07 01:03:27,486 ====> Recall@3: 0.5965
2020-01-07 01:03:27,487 ====> Recall@4: 0.6096
2020-01-07 01:03:27,487 ====> Recall@5: 0.6200
2020-01-07 01:03:27,487 ====> Recall@10: 0.6823
2020-01-07 01:03:27,487 ====> Recall@15: 0.6983
2020-01-07 01:03:27,488 ====> Recall@20: 0.7099
2020-01-07 01:03:27,488 ====> Recall@25: 0.7154
2020-01-07 01:03:28,249 ====> Building Cache
2020-01-07 01:03:28,249 h5feat cache at: /home/annora/NetVLAD/output/train_feat_cache.hdf5
2020-01-07 01:05:47,211 Allocated:118.90869140625 MB
2020-01-07 01:05:47,212 Cached:10183.125 MB
2020-01-07 01:08:03,522 ==> Task[1]Epoch[4](50/415): Loss: 0.0310
2020-01-07 01:08:03,523 Allocated:121.53369140625 MB
2020-01-07 01:08:03,523 Cached:1035.875 MB
2020-01-07 01:09:34,204 ==> Task[1]Epoch[4](100/415): Loss: 0.1599
2020-01-07 01:09:34,206 Allocated:120.65869140625 MB
2020-01-07 01:09:34,206 Cached:1861.25 MB
2020-01-07 01:11:04,288 ==> Task[1]Epoch[4](150/415): Loss: 0.0001
2020-01-07 01:11:04,289 Allocated:121.03369140625 MB
2020-01-07 01:11:04,289 Cached:1035.875 MB
2020-01-07 01:13:44,183 ==> Task[1]Epoch[4](250/415): Loss: 0.0260
2020-01-07 01:13:44,185 Allocated:122.15869140625 MB
2020-01-07 01:13:44,185 Cached:1035.875 MB
2020-01-07 01:15:08,631 ==> Task[1]Epoch[4](300/415): Loss: 0.1762
2020-01-07 01:15:08,632 Allocated:120.65869140625 MB
2020-01-07 01:15:08,633 Cached:1036.875 MB
2020-01-07 01:16:21,477 ==> Task[1]Epoch[4](350/415): Loss: 0.0596
2020-01-07 01:16:21,478 Allocated:122.15869140625 MB
2020-01-07 01:16:21,478 Cached:1036.875 MB
2020-01-07 01:18:02,993 ==> Task[1]Epoch[4](400/415): Loss: 0.0436
2020-01-07 01:18:02,994 Allocated:120.65869140625 MB
2020-01-07 01:18:02,994 Cached:1036.875 MB
2020-01-07 01:18:40,036 ===> Task 1 Epoch 4 Complete: Avg. Loss: 0.0657
2020-01-07 01:18:40,039 begin test:
2020-01-07 01:18:40,042 ====> Extracting Features
2020-01-07 01:19:51,883 ==> Batch (50/72)
2020-01-07 01:20:20,743 ====> Building faiss index
2020-01-07 01:20:20,747 ====> Calculating recall @ N
2020-01-07 01:20:21,707 ====> Recall@1: 0.5528
2020-01-07 01:20:21,707 ====> Recall@2: 0.5820
2020-01-07 01:20:21,708 ====> Recall@3: 0.5983
2020-01-07 01:20:21,711 ====> Recall@4: 0.6183
2020-01-07 01:20:21,713 ====> Recall@5: 0.6296
2020-01-07 01:20:21,714 ====> Recall@10: 0.6620
2020-01-07 01:20:21,715 ====> Recall@15: 0.7119
2020-01-07 01:20:21,715 ====> Recall@20: 0.7223
2020-01-07 01:20:21,716 ====> Recall@25: 0.7281
2020-01-07 01:20:22,477 ====> Building Cache
2020-01-07 01:20:22,479 h5feat cache at: /home/annora/NetVLAD/output/train_feat_cache.hdf5
2020-01-07 01:22:44,861 Allocated:119.65869140625 MB
2020-01-07 01:22:44,862 Cached:10183.125 MB
2020-01-07 01:24:33,031 ==> Task[1]Epoch[5](50/415): Loss: 0.0000
2020-01-07 01:24:33,033 Allocated:121.03369140625 MB
2020-01-07 01:24:33,033 Cached:1035.875 MB
2020-01-07 01:26:12,396 ==> Task[1]Epoch[5](100/415): Loss: 0.1138
2020-01-07 01:26:12,397 Allocated:120.65869140625 MB
2020-01-07 01:26:12,397 Cached:1035.875 MB
2020-01-07 01:27:44,030 ==> Task[1]Epoch[5](150/415): Loss: 0.0021
2020-01-07 01:27:44,032 Allocated:120.65869140625 MB
2020-01-07 01:27:44,032 Cached:1035.875 MB
2020-01-07 01:30:29,239 ==> Task[1]Epoch[5](250/415): Loss: 0.0103
2020-01-07 01:30:29,240 Allocated:122.03369140625 MB
2020-01-07 01:30:29,240 Cached:1035.875 MB
2020-01-07 01:31:43,046 ==> Task[1]Epoch[5](300/415): Loss: 0.0605
2020-01-07 01:31:43,047 Allocated:121.28369140625 MB
2020-01-07 01:31:43,047 Cached:1034.875 MB
2020-01-07 01:33:12,615 ==> Task[1]Epoch[5](350/415): Loss: 0.0531
2020-01-07 01:33:12,617 Allocated:120.90869140625 MB
2020-01-07 01:33:12,617 Cached:1035.875 MB
2020-01-07 01:34:47,228 ==> Task[1]Epoch[5](400/415): Loss: 0.0172
2020-01-07 01:34:47,230 Allocated:121.65869140625 MB
2020-01-07 01:34:47,230 Cached:1779.5 MB
2020-01-07 01:35:11,080 ===> Task 1 Epoch 5 Complete: Avg. Loss: 0.0431
2020-01-07 01:35:11,081 begin test:
2020-01-07 01:35:11,082 ====> Extracting Features
2020-01-07 01:36:19,667 ==> Batch (50/72)
2020-01-07 01:36:44,560 ====> Building faiss index
2020-01-07 01:36:44,561 ====> Calculating recall @ N
2020-01-07 01:36:45,076 ====> Recall@1: 0.5583
2020-01-07 01:36:45,077 ====> Recall@2: 0.5893
2020-01-07 01:36:45,077 ====> Recall@3: 0.6151
2020-01-07 01:36:45,077 ====> Recall@4: 0.6362
2020-01-07 01:36:45,078 ====> Recall@5: 0.6612
2020-01-07 01:36:45,078 ====> Recall@10: 0.6858
2020-01-07 01:36:45,078 ====> Recall@15: 0.7003
2020-01-07 01:36:45,078 ====> Recall@20: 0.7122
2020-01-07 01:36:45,078 ====> Recall@25: 0.7223
2020-01-07 01:36:45,787 ====> Building Cache
2020-01-07 01:36:45,787 h5feat cache at: /home/annora/NetVLAD/output/train_feat_cache.hdf5
2020-01-07 01:39:04,991 Allocated:118.65869140625 MB
2020-01-07 01:39:04,992 Cached:6913.5 MB
2020-01-07 01:40:33,954 ==> Task[1]Epoch[6](50/415): Loss: 0.0107
2020-01-07 01:40:33,955 Allocated:121.28369140625 MB
2020-01-07 01:40:33,955 Cached:1036.875 MB
2020-01-07 01:42:23,522 ==> Task[1]Epoch[6](100/415): Loss: 0.1733
2020-01-07 01:42:23,523 Allocated:120.65869140625 MB
2020-01-07 01:42:23,523 Cached:1034.875 MB
2020-01-07 01:44:19,006 ==> Task[1]Epoch[6](150/415): Loss: 0.0362
2020-01-07 01:44:19,007 Allocated:121.15869140625 MB
2020-01-07 01:44:19,008 Cached:1035.875 MB
2020-01-07 01:46:54,409 ==> Task[1]Epoch[6](250/415): Loss: 0.0259
2020-01-07 01:46:54,411 Allocated:121.03369140625 MB
2020-01-07 01:46:54,411 Cached:1035.875 MB
2020-01-07 01:48:08,365 ==> Task[1]Epoch[6](300/415): Loss: 0.1601
2020-01-07 01:48:08,367 Allocated:121.03369140625 MB
2020-01-07 01:48:08,367 Cached:1036.875 MB
2020-01-07 01:49:06,169 ==> Task[1]Epoch[6](350/415): Loss: 0.0876
2020-01-07 01:49:06,170 Allocated:122.15869140625 MB
2020-01-07 01:49:06,171 Cached:1035.875 MB
2020-01-07 01:51:28,227 ==> Task[1]Epoch[6](400/415): Loss: 0.0240
2020-01-07 01:51:28,228 Allocated:120.65869140625 MB
2020-01-07 01:51:28,228 Cached:1035.875 MB
2020-01-07 01:51:48,282 ===> Task 1 Epoch 6 Complete: Avg. Loss: 0.0586
2020-01-07 01:51:48,283 begin test:
2020-01-07 01:51:48,284 ====> Extracting Features
2020-01-07 01:52:56,463 ==> Batch (50/72)
2020-01-07 01:53:21,314 ====> Building faiss index
2020-01-07 01:53:21,316 ====> Calculating recall @ N
2020-01-07 01:53:21,844 ====> Recall@1: 0.5600
2020-01-07 01:53:21,845 ====> Recall@2: 0.5913
2020-01-07 01:53:21,845 ====> Recall@3: 0.6067
2020-01-07 01:53:21,846 ====> Recall@4: 0.6496
2020-01-07 01:53:21,846 ====> Recall@5: 0.6606
2020-01-07 01:53:21,846 ====> Recall@10: 0.6870
2020-01-07 01:53:21,846 ====> Recall@15: 0.7099
2020-01-07 01:53:21,846 ====> Recall@20: 0.7214
2020-01-07 01:53:21,846 ====> Recall@25: 0.7313
2020-01-07 01:53:22,200 ====> Building Cache
2020-01-07 01:53:22,201 h5feat cache at: /home/annora/NetVLAD/output/train_feat_cache.hdf5
2020-01-07 01:55:36,766 Allocated:119.15869140625 MB
2020-01-07 01:55:36,767 Cached:6913.5 MB
2020-01-07 01:57:45,990 ==> Task[1]Epoch[7](50/415): Loss: 0.0511
2020-01-07 01:57:45,991 Allocated:121.28369140625 MB
2020-01-07 01:57:45,992 Cached:1036.875 MB
2020-01-07 01:59:20,604 ==> Task[1]Epoch[7](100/415): Loss: 0.1749
2020-01-07 01:59:20,606 Allocated:122.15869140625 MB
2020-01-07 01:59:20,606 Cached:1035.875 MB
2020-01-07 02:03:12,838 ==> Task[1]Epoch[7](250/415): Loss: 0.0062
2020-01-07 02:03:12,839 Allocated:120.65869140625 MB
2020-01-07 02:03:12,839 Cached:1036.875 MB
2020-01-07 02:04:36,177 ==> Task[1]Epoch[7](300/415): Loss: 0.0800
2020-01-07 02:04:36,179 Allocated:121.65869140625 MB
2020-01-07 02:04:36,179 Cached:1034.875 MB
2020-01-07 02:05:53,119 ==> Task[1]Epoch[7](350/415): Loss: 0.0594
2020-01-07 02:05:53,120 Allocated:121.15869140625 MB
2020-01-07 02:05:53,121 Cached:1744.5 MB
2020-01-07 02:07:57,084 ==> Task[1]Epoch[7](400/415): Loss: 0.0230
2020-01-07 02:07:57,085 Allocated:121.15869140625 MB
2020-01-07 02:07:57,085 Cached:1035.875 MB
2020-01-07 02:08:18,019 ===> Task 1 Epoch 7 Complete: Avg. Loss: 0.0432
2020-01-07 02:08:18,020 begin test:
2020-01-07 02:08:18,021 ====> Extracting Features
2020-01-07 02:09:29,378 ==> Batch (50/72)
2020-01-07 02:09:55,377 ====> Building faiss index
2020-01-07 02:09:55,380 ====> Calculating recall @ N
2020-01-07 02:09:56,476 ====> Recall@1: 0.5583
2020-01-07 02:09:56,477 ====> Recall@2: 0.5907
2020-01-07 02:09:56,479 ====> Recall@3: 0.6380
2020-01-07 02:09:56,479 ====> Recall@4: 0.6568
2020-01-07 02:09:56,480 ====> Recall@5: 0.6661
2020-01-07 02:09:56,480 ====> Recall@10: 0.6959
2020-01-07 02:09:56,481 ====> Recall@15: 0.7075
2020-01-07 02:09:56,481 ====> Recall@20: 0.7194
2020-01-07 02:09:56,482 ====> Recall@25: 0.7293
2020-01-07 02:09:57,382 ====> Building Cache
2020-01-07 02:09:57,383 h5feat cache at: /home/annora/NetVLAD/output/train_feat_cache.hdf5
2020-01-07 02:12:11,934 Allocated:119.03369140625 MB
2020-01-07 02:12:11,935 Cached:10183.125 MB
2020-01-07 02:13:42,611 ==> Task[1]Epoch[8](50/415): Loss: 0.0000
2020-01-07 02:13:42,613 Allocated:120.65869140625 MB
2020-01-07 02:13:42,613 Cached:1034.875 MB
2020-01-07 02:15:28,765 ==> Task[1]Epoch[8](100/415): Loss: 0.1512
2020-01-07 02:15:28,766 Allocated:120.78369140625 MB
2020-01-07 02:15:28,766 Cached:1035.875 MB
2020-01-07 02:19:11,863 ==> Task[1]Epoch[8](250/415): Loss: 0.0061
2020-01-07 02:19:11,864 Allocated:120.65869140625 MB
2020-01-07 02:19:11,864 Cached:1035.875 MB
2020-01-07 02:20:25,240 ==> Task[1]Epoch[8](300/415): Loss: 0.0862
2020-01-07 02:20:25,241 Allocated:121.40869140625 MB
2020-01-07 02:20:25,241 Cached:1035.875 MB
2020-01-07 02:21:27,186 ==> Task[1]Epoch[8](350/415): Loss: 0.0552
2020-01-07 02:21:27,187 Allocated:120.65869140625 MB
2020-01-07 02:21:27,187 Cached:1035.875 MB
2020-01-07 02:22:59,214 ==> Task[1]Epoch[8](400/415): Loss: 0.0441
2020-01-07 02:22:59,215 Allocated:120.65869140625 MB
2020-01-07 02:22:59,215 Cached:1036.875 MB
2020-01-07 02:23:19,646 ===> Task 1 Epoch 8 Complete: Avg. Loss: 0.0483
2020-01-07 02:23:19,650 begin test:
2020-01-07 02:23:19,651 ====> Extracting Features
2020-01-07 02:24:27,641 ==> Batch (50/72)
2020-01-07 02:24:52,203 ====> Building faiss index
2020-01-07 02:24:52,205 ====> Calculating recall @ N
2020-01-07 02:24:52,714 ====> Recall@1: 0.5536
2020-01-07 02:24:52,715 ====> Recall@2: 0.6043
2020-01-07 02:24:52,715 ====> Recall@3: 0.6391
2020-01-07 02:24:52,715 ====> Recall@4: 0.6525
2020-01-07 02:24:52,716 ====> Recall@5: 0.6588
2020-01-07 02:24:52,716 ====> Recall@10: 0.6864
2020-01-07 02:24:52,716 ====> Recall@15: 0.7020
2020-01-07 02:24:52,716 ====> Recall@20: 0.7119
2020-01-07 02:24:52,716 ====> Recall@25: 0.7200
2020-01-07 02:24:53,110 ====> Building Cache
2020-01-07 02:24:53,110 h5feat cache at: /home/annora/NetVLAD/output/train_feat_cache.hdf5
2020-01-07 02:27:12,200 Allocated:119.15869140625 MB
2020-01-07 02:27:12,201 Cached:10183.125 MB
2020-01-07 02:28:47,729 ==> Task[1]Epoch[9](50/415): Loss: 0.0041
2020-01-07 02:28:47,731 Allocated:120.65869140625 MB
2020-01-07 02:28:47,731 Cached:1035.875 MB
2020-01-07 02:29:56,956 ==> Task[1]Epoch[9](100/415): Loss: 0.1765
2020-01-07 02:29:56,957 Allocated:120.65869140625 MB
2020-01-07 02:29:56,958 Cached:1036.875 MB
2020-01-07 02:31:21,934 ==> Task[1]Epoch[9](150/415): Loss: 0.0000
2020-01-07 02:31:21,935 Allocated:120.65869140625 MB
2020-01-07 02:31:21,935 Cached:1035.875 MB
2020-01-07 02:34:20,226 ==> Task[1]Epoch[9](250/415): Loss: 0.0006
2020-01-07 02:34:20,228 Allocated:120.78369140625 MB
2020-01-07 02:34:20,228 Cached:1620.75 MB
2020-01-07 02:35:35,518 ==> Task[1]Epoch[9](300/415): Loss: 0.1027
2020-01-07 02:35:35,520 Allocated:121.78369140625 MB
2020-01-07 02:35:35,520 Cached:1035.875 MB
2020-01-07 02:36:26,699 ==> Task[1]Epoch[9](350/415): Loss: 0.0512
2020-01-07 02:36:26,700 Allocated:121.53369140625 MB
2020-01-07 02:36:26,700 Cached:1035.875 MB
2020-01-07 02:38:02,144 ==> Task[1]Epoch[9](400/415): Loss: 0.0261
2020-01-07 02:38:02,145 Allocated:120.65869140625 MB
2020-01-07 02:38:02,145 Cached:1035.875 MB
2020-01-07 02:38:23,870 ===> Task 1 Epoch 9 Complete: Avg. Loss: 0.0426
2020-01-07 02:38:23,871 begin test:
2020-01-07 02:38:23,871 ====> Extracting Features
2020-01-07 02:39:33,184 ==> Batch (50/72)
2020-01-07 02:39:57,971 ====> Building faiss index
2020-01-07 02:39:57,973 ====> Calculating recall @ N
2020-01-07 02:39:58,476 ====> Recall@1: 0.5699
2020-01-07 02:39:58,476 ====> Recall@2: 0.6009
2020-01-07 02:39:58,477 ====> Recall@3: 0.6206
2020-01-07 02:39:58,477 ====> Recall@4: 0.6617
2020-01-07 02:39:58,477 ====> Recall@5: 0.6693
2020-01-07 02:39:58,477 ====> Recall@10: 0.7000
2020-01-07 02:39:58,477 ====> Recall@15: 0.7162
2020-01-07 02:39:58,478 ====> Recall@20: 0.7272
2020-01-07 02:39:58,478 ====> Recall@25: 0.7374
2020-01-07 02:39:59,187 ====> Building Cache
2020-01-07 02:39:59,188 h5feat cache at: /home/annora/NetVLAD/output/train_feat_cache.hdf5
2020-01-07 02:42:13,891 Allocated:119.15869140625 MB
2020-01-07 02:42:13,892 Cached:6913.5 MB
2020-01-07 02:43:35,539 ==> Task[1]Epoch[10](50/415): Loss: 0.0627
2020-01-07 02:43:35,541 Allocated:120.90869140625 MB
2020-01-07 02:43:35,541 Cached:1035.875 MB
2020-01-07 02:44:45,222 ==> Task[1]Epoch[10](100/415): Loss: 0.1292
2020-01-07 02:44:45,224 Allocated:121.65869140625 MB
2020-01-07 02:44:45,224 Cached:1035.875 MB
2020-01-07 02:47:52,937 ==> Task[1]Epoch[10](250/415): Loss: 0.0155
2020-01-07 02:47:52,938 Allocated:121.15869140625 MB
2020-01-07 02:47:52,938 Cached:1035.875 MB
2020-01-07 02:49:06,571 ==> Task[1]Epoch[10](300/415): Loss: 0.0709
2020-01-07 02:49:06,572 Allocated:121.78369140625 MB
2020-01-07 02:49:06,572 Cached:1035.875 MB
2020-01-07 02:50:01,247 ==> Task[1]Epoch[10](350/415): Loss: 0.0521
2020-01-07 02:50:01,248 Allocated:121.65869140625 MB
2020-01-07 02:50:01,248 Cached:1034.875 MB
2020-01-07 02:51:51,888 ==> Task[1]Epoch[10](400/415): Loss: 0.0029
2020-01-07 02:51:51,889 Allocated:122.15869140625 MB
2020-01-07 02:51:51,890 Cached:1035.875 MB
2020-01-07 02:52:11,722 ===> Task 1 Epoch 10 Complete: Avg. Loss: 0.0398
2020-01-07 02:52:11,723 begin test:
2020-01-07 02:52:11,724 ====> Extracting Features
2020-01-07 02:53:19,200 ==> Batch (50/72)
2020-01-07 02:53:43,648 ====> Building faiss index
2020-01-07 02:53:43,650 ====> Calculating recall @ N
2020-01-07 02:53:44,160 ====> Recall@1: 0.5701
2020-01-07 02:53:44,161 ====> Recall@2: 0.6119
2020-01-07 02:53:44,161 ====> Recall@3: 0.6504
2020-01-07 02:53:44,162 ====> Recall@4: 0.6597
2020-01-07 02:53:44,162 ====> Recall@5: 0.6696
2020-01-07 02:53:44,162 ====> Recall@10: 0.6971
2020-01-07 02:53:44,162 ====> Recall@15: 0.7142
2020-01-07 02:53:44,162 ====> Recall@20: 0.7235
2020-01-07 02:53:44,162 ====> Recall@25: 0.7313
2020-01-07 02:53:44,893 ====> Building Cache
2020-01-07 02:53:44,893 h5feat cache at: /home/annora/NetVLAD/output/train_feat_cache.hdf5
2020-01-07 02:56:01,790 Allocated:118.65869140625 MB
2020-01-07 02:56:01,790 Cached:10183.125 MB
2020-01-07 02:58:31,853 ==> Task[1]Epoch[11](100/415): Loss: 0.1577
2020-01-07 02:58:31,854 Allocated:121.15869140625 MB
2020-01-07 02:58:31,855 Cached:1035.875 MB
2020-01-07 03:01:27,098 ==> Task[1]Epoch[11](250/415): Loss: 0.0000
2020-01-07 03:01:27,099 Allocated:120.65869140625 MB
2020-01-07 03:01:27,099 Cached:1035.875 MB
2020-01-07 03:02:47,365 ==> Task[1]Epoch[11](300/415): Loss: 0.1014
2020-01-07 03:02:47,366 Allocated:121.65869140625 MB
2020-01-07 03:02:47,367 Cached:1861.0 MB
2020-01-07 03:03:34,287 ==> Task[1]Epoch[11](350/415): Loss: 0.0905
2020-01-07 03:03:34,289 Allocated:120.65869140625 MB
2020-01-07 03:03:34,289 Cached:1035.875 MB
2020-01-07 03:05:06,944 ==> Task[1]Epoch[11](400/415): Loss: 0.0636
2020-01-07 03:05:06,945 Allocated:122.40869140625 MB
2020-01-07 03:05:06,945 Cached:1861.5 MB
2020-01-07 03:05:23,987 ===> Task 1 Epoch 11 Complete: Avg. Loss: 0.0451
2020-01-07 03:05:23,988 begin test:
2020-01-07 03:05:23,989 ====> Extracting Features
2020-01-07 03:06:31,499 ==> Batch (50/72)
2020-01-07 03:06:56,159 ====> Building faiss index
2020-01-07 03:06:56,161 ====> Calculating recall @ N
2020-01-07 03:06:56,661 ====> Recall@1: 0.5701
2020-01-07 03:06:56,661 ====> Recall@2: 0.5983
2020-01-07 03:06:56,661 ====> Recall@3: 0.6441
2020-01-07 03:06:56,662 ====> Recall@4: 0.6603
2020-01-07 03:06:56,662 ====> Recall@5: 0.6693
2020-01-07 03:06:56,662 ====> Recall@10: 0.6959
2020-01-07 03:06:56,662 ====> Recall@15: 0.7104
2020-01-07 03:06:56,662 ====> Recall@20: 0.7206
2020-01-07 03:06:56,663 ====> Recall@25: 0.7330
2020-01-07 03:06:57,016 ====> Building Cache
2020-01-07 03:06:57,017 h5feat cache at: /home/annora/NetVLAD/output/train_feat_cache.hdf5
2020-01-07 03:09:15,627 Allocated:119.03369140625 MB
2020-01-07 03:09:15,628 Cached:6913.5 MB
2020-01-07 03:12:00,485 ==> Task[1]Epoch[12](100/415): Loss: 0.1369
2020-01-07 03:12:00,486 Allocated:120.65869140625 MB
2020-01-07 03:12:00,486 Cached:1035.875 MB
2020-01-07 03:15:29,715 ==> Task[1]Epoch[12](250/415): Loss: 0.0652
2020-01-07 03:15:29,717 Allocated:121.65869140625 MB
2020-01-07 03:15:29,717 Cached:1036.875 MB
2020-01-07 03:16:41,288 ==> Task[1]Epoch[12](300/415): Loss: 0.0950
2020-01-07 03:16:41,289 Allocated:120.90869140625 MB
2020-01-07 03:16:41,289 Cached:1861.25 MB
2020-01-07 03:17:49,192 ==> Task[1]Epoch[12](350/415): Loss: 0.0483
2020-01-07 03:17:49,193 Allocated:122.40869140625 MB
2020-01-07 03:17:49,193 Cached:1862.25 MB
2020-01-07 03:19:45,698 ==> Task[1]Epoch[12](400/415): Loss: 0.0227
2020-01-07 03:19:45,700 Allocated:120.65869140625 MB
2020-01-07 03:19:45,700 Cached:1035.875 MB
2020-01-07 03:20:11,608 ===> Task 1 Epoch 12 Complete: Avg. Loss: 0.0399
2020-01-07 03:20:11,609 begin test:
2020-01-07 03:20:11,609 ====> Extracting Features
2020-01-07 03:21:19,729 ==> Batch (50/72)
2020-01-07 03:21:44,650 ====> Building faiss index
2020-01-07 03:21:44,652 ====> Calculating recall @ N
2020-01-07 03:21:45,158 ====> Recall@1: 0.5635
2020-01-07 03:21:45,159 ====> Recall@2: 0.6070
2020-01-07 03:21:45,159 ====> Recall@3: 0.6417
2020-01-07 03:21:45,159 ====> Recall@4: 0.6586
2020-01-07 03:21:45,159 ====> Recall@5: 0.6672
2020-01-07 03:21:45,159 ====> Recall@10: 0.6910
2020-01-07 03:21:45,160 ====> Recall@15: 0.7041
2020-01-07 03:21:45,160 ====> Recall@20: 0.7142
2020-01-07 03:21:45,160 ====> Recall@25: 0.7212
2020-01-07 03:21:45,502 ====> Building Cache
2020-01-07 03:21:45,502 h5feat cache at: /home/annora/NetVLAD/output/train_feat_cache.hdf5
2020-01-07 03:23:59,786 Allocated:119.15869140625 MB
2020-01-07 03:23:59,787 Cached:10183.125 MB
2020-01-07 03:25:09,783 ==> Task[1]Epoch[13](50/415): Loss: 0.0290
2020-01-07 03:25:09,785 Allocated:121.03369140625 MB
2020-01-07 03:25:09,785 Cached:1859.5 MB
2020-01-07 03:26:24,663 ==> Task[1]Epoch[13](100/415): Loss: 0.1468
2020-01-07 03:26:24,664 Allocated:121.40869140625 MB
2020-01-07 03:26:24,664 Cached:1035.875 MB
2020-01-07 03:30:46,258 ==> Task[1]Epoch[13](300/415): Loss: 0.1046
2020-01-07 03:30:46,259 Allocated:121.65869140625 MB
2020-01-07 03:30:46,259 Cached:1035.875 MB
2020-01-07 03:32:38,410 ==> Task[1]Epoch[13](350/415): Loss: 0.0690
2020-01-07 03:32:38,420 Allocated:121.65869140625 MB
2020-01-07 03:32:38,427 Cached:1034.875 MB
2020-01-07 03:34:31,403 ==> Task[1]Epoch[13](400/415): Loss: 0.0236
2020-01-07 03:34:31,405 Allocated:120.65869140625 MB
2020-01-07 03:34:31,405 Cached:1034.875 MB
2020-01-07 03:35:01,493 ===> Task 1 Epoch 13 Complete: Avg. Loss: 0.0460
2020-01-07 03:35:01,494 begin test:
2020-01-07 03:35:01,495 ====> Extracting Features
2020-01-07 03:36:10,446 ==> Batch (50/72)
2020-01-07 03:36:35,016 ====> Building faiss index
2020-01-07 03:36:35,018 ====> Calculating recall @ N
2020-01-07 03:36:35,519 ====> Recall@1: 0.5849
2020-01-07 03:36:35,520 ====> Recall@2: 0.6365
2020-01-07 03:36:35,520 ====> Recall@3: 0.6551
2020-01-07 03:36:35,521 ====> Recall@4: 0.6661
2020-01-07 03:36:35,521 ====> Recall@5: 0.6736
2020-01-07 03:36:35,521 ====> Recall@10: 0.6974
2020-01-07 03:36:35,521 ====> Recall@15: 0.7128
2020-01-07 03:36:35,521 ====> Recall@20: 0.7217
2020-01-07 03:36:35,522 ====> Recall@25: 0.7333
2020-01-07 03:36:36,176 ====> Building Cache
2020-01-07 03:36:36,177 h5feat cache at: /home/annora/NetVLAD/output/train_feat_cache.hdf5
2020-01-07 03:38:55,144 Allocated:119.90869140625 MB
2020-01-07 03:38:55,144 Cached:10183.125 MB
2020-01-07 03:40:43,688 ==> Task[1]Epoch[14](50/415): Loss: 0.0214
2020-01-07 03:40:43,690 Allocated:120.78369140625 MB
2020-01-07 03:40:43,690 Cached:1393.0 MB
2020-01-07 03:42:03,066 ==> Task[1]Epoch[14](100/415): Loss: 0.1464
2020-01-07 03:42:03,067 Allocated:122.15869140625 MB
2020-01-07 03:42:03,067 Cached:1034.875 MB
2020-01-07 03:43:23,356 ==> Task[1]Epoch[14](150/415): Loss: 0.0000
2020-01-07 03:43:23,357 Allocated:121.65869140625 MB
2020-01-07 03:43:23,357 Cached:1035.875 MB
2020-01-07 03:45:42,377 ==> Task[1]Epoch[14](250/415): Loss: 0.0000
2020-01-07 03:45:42,378 Allocated:122.03369140625 MB
2020-01-07 03:45:42,378 Cached:1035.875 MB
2020-01-07 03:46:53,991 ==> Task[1]Epoch[14](300/415): Loss: 0.0602
2020-01-07 03:46:53,992 Allocated:121.65869140625 MB
2020-01-07 03:46:53,992 Cached:1035.875 MB
2020-01-07 03:48:01,092 ==> Task[1]Epoch[14](350/415): Loss: 0.0545
2020-01-07 03:48:01,093 Allocated:121.53369140625 MB
2020-01-07 03:48:01,093 Cached:1035.875 MB
2020-01-07 03:49:32,336 ==> Task[1]Epoch[14](400/415): Loss: 0.0082
2020-01-07 03:49:32,337 Allocated:121.28369140625 MB
2020-01-07 03:49:32,337 Cached:1034.875 MB
2020-01-07 03:49:55,112 ===> Task 1 Epoch 14 Complete: Avg. Loss: 0.0373
2020-01-07 03:49:55,114 begin test:
2020-01-07 03:49:55,114 ====> Extracting Features
2020-01-07 03:51:02,041 ==> Batch (50/72)
2020-01-07 03:51:28,017 ====> Building faiss index
2020-01-07 03:51:28,023 ====> Calculating recall @ N
2020-01-07 03:51:28,617 ====> Recall@1: 0.5658
2020-01-07 03:51:28,618 ====> Recall@2: 0.5954
2020-01-07 03:51:28,618 ====> Recall@3: 0.6191
2020-01-07 03:51:28,618 ====> Recall@4: 0.6568
2020-01-07 03:51:28,618 ====> Recall@5: 0.6652
2020-01-07 03:51:28,619 ====> Recall@10: 0.6959
2020-01-07 03:51:28,619 ====> Recall@15: 0.7087
2020-01-07 03:51:28,619 ====> Recall@20: 0.7200
2020-01-07 03:51:28,619 ====> Recall@25: 0.7296
2020-01-07 03:51:28,983 ====> Building Cache
2020-01-07 03:51:28,983 h5feat cache at: /home/annora/NetVLAD/output/train_feat_cache.hdf5
2020-01-07 03:53:42,460 Allocated:119.03369140625 MB
2020-01-07 03:53:42,461 Cached:9981.875 MB
2020-01-07 03:55:02,097 ==> Task[1]Epoch[15](50/415): Loss: 0.0231
2020-01-07 03:55:02,098 Allocated:120.65869140625 MB
2020-01-07 03:55:02,098 Cached:1035.875 MB
2020-01-07 03:56:29,384 ==> Task[1]Epoch[15](100/415): Loss: 0.1438
2020-01-07 03:56:29,386 Allocated:120.65869140625 MB
2020-01-07 03:56:29,386 Cached:1034.875 MB
2020-01-07 04:02:14,425 ==> Task[1]Epoch[15](300/415): Loss: 0.0943
2020-01-07 04:02:14,427 Allocated:120.78369140625 MB
2020-01-07 04:02:14,432 Cached:1035.875 MB
2020-01-07 04:03:39,352 ==> Task[1]Epoch[15](350/415): Loss: 0.1024
2020-01-07 04:03:39,354 Allocated:120.65869140625 MB
2020-01-07 04:03:39,354 Cached:1035.875 MB
2020-01-07 04:04:52,498 ==> Task[1]Epoch[15](400/415): Loss: 0.0329
2020-01-07 04:04:52,499 Allocated:120.65869140625 MB
2020-01-07 04:04:52,499 Cached:1035.875 MB
2020-01-07 04:05:07,254 ===> Task 1 Epoch 15 Complete: Avg. Loss: 0.0413
2020-01-07 04:05:07,255 begin test:
2020-01-07 04:05:07,256 ====> Extracting Features
2020-01-07 04:06:14,121 ==> Batch (50/72)
2020-01-07 04:06:38,882 ====> Building faiss index
2020-01-07 04:06:38,884 ====> Calculating recall @ N
2020-01-07 04:06:39,424 ====> Recall@1: 0.5994
2020-01-07 04:06:39,425 ====> Recall@2: 0.6316
2020-01-07 04:06:39,425 ====> Recall@3: 0.6470
2020-01-07 04:06:39,425 ====> Recall@4: 0.6626
2020-01-07 04:06:39,426 ====> Recall@5: 0.6710
2020-01-07 04:06:39,426 ====> Recall@10: 0.6925
2020-01-07 04:06:39,426 ====> Recall@15: 0.7122
2020-01-07 04:06:39,426 ====> Recall@20: 0.7249
2020-01-07 04:06:39,426 ====> Recall@25: 0.7316
2020-01-07 04:06:39,768 ====> Building Cache
2020-01-07 04:06:39,769 h5feat cache at: /home/annora/NetVLAD/output/train_feat_cache.hdf5
2020-01-07 04:09:00,800 Allocated:118.65869140625 MB
2020-01-07 04:09:00,800 Cached:10183.125 MB
2020-01-07 04:10:36,629 ==> Task[1]Epoch[16](50/415): Loss: 0.0000
2020-01-07 04:10:36,631 Allocated:122.03369140625 MB
2020-01-07 04:10:36,631 Cached:1860.5 MB
2020-01-07 04:11:55,719 ==> Task[1]Epoch[16](100/415): Loss: 0.0996
2020-01-07 04:11:55,720 Allocated:120.65869140625 MB
2020-01-07 04:11:55,721 Cached:1036.875 MB
2020-01-07 04:16:04,905 ==> Task[1]Epoch[16](250/415): Loss: 0.0000
2020-01-07 04:16:04,907 Allocated:120.65869140625 MB
2020-01-07 04:16:04,909 Cached:1036.875 MB
2020-01-07 04:17:28,048 ==> Task[1]Epoch[16](300/415): Loss: 0.0419
2020-01-07 04:17:28,049 Allocated:121.15869140625 MB
2020-01-07 04:17:28,050 Cached:1034.875 MB
2020-01-07 04:18:43,409 ==> Task[1]Epoch[16](350/415): Loss: 0.0264
2020-01-07 04:18:43,410 Allocated:121.40869140625 MB
2020-01-07 04:18:43,410 Cached:1035.875 MB
2020-01-07 04:20:52,449 ===> Task 1 Epoch 16 Complete: Avg. Loss: 0.0306
2020-01-07 04:20:52,450 begin test:
2020-01-07 04:20:52,450 ====> Extracting Features
2020-01-07 04:21:59,931 ==> Batch (50/72)
2020-01-07 04:22:24,538 ====> Building faiss index
2020-01-07 04:22:24,540 ====> Calculating recall @ N
2020-01-07 04:22:25,052 ====> Recall@1: 0.5664
2020-01-07 04:22:25,052 ====> Recall@2: 0.6014
2020-01-07 04:22:25,052 ====> Recall@3: 0.6397
2020-01-07 04:22:25,053 ====> Recall@4: 0.6594
2020-01-07 04:22:25,053 ====> Recall@5: 0.6687
2020-01-07 04:22:25,053 ====> Recall@10: 0.6893
2020-01-07 04:22:25,053 ====> Recall@15: 0.7043
2020-01-07 04:22:25,053 ====> Recall@20: 0.7165
2020-01-07 04:22:25,053 ====> Recall@25: 0.7264
2020-01-07 04:22:25,444 ====> Building Cache
2020-01-07 04:22:25,444 h5feat cache at: /home/annora/NetVLAD/output/train_feat_cache.hdf5
2020-01-07 04:24:40,996 Allocated:119.03369140625 MB
2020-01-07 04:24:40,996 Cached:9993.0 MB
2020-01-07 04:25:44,266 ==> Task[1]Epoch[17](50/415): Loss: 0.0707
2020-01-07 04:25:44,267 Allocated:121.15869140625 MB
2020-01-07 04:25:44,267 Cached:1770.0 MB
2020-01-07 04:26:43,499 ==> Task[1]Epoch[17](100/415): Loss: 0.1526
2020-01-07 04:26:43,500 Allocated:120.65869140625 MB
2020-01-07 04:26:43,501 Cached:1035.875 MB
2020-01-07 04:30:24,024 ==> Task[1]Epoch[17](300/415): Loss: 0.0522
2020-01-07 04:30:24,025 Allocated:120.65869140625 MB
2020-01-07 04:30:24,025 Cached:1035.875 MB
2020-01-07 04:31:39,494 ==> Task[1]Epoch[17](350/415): Loss: 0.1254
2020-01-07 04:31:39,495 Allocated:122.15869140625 MB
2020-01-07 04:31:39,496 Cached:1035.875 MB
2020-01-07 04:32:51,778 ==> Task[1]Epoch[17](400/415): Loss: 0.0000
2020-01-07 04:32:51,779 Allocated:120.65869140625 MB
2020-01-07 04:32:51,780 Cached:1034.875 MB
2020-01-07 04:33:08,126 ===> Task 1 Epoch 17 Complete: Avg. Loss: 0.0431
2020-01-07 04:33:08,127 begin test:
2020-01-07 04:33:08,128 ====> Extracting Features
2020-01-07 04:34:16,147 ==> Batch (50/72)
2020-01-07 04:34:41,180 ====> Building faiss index
2020-01-07 04:34:41,181 ====> Calculating recall @ N
2020-01-07 04:34:41,701 ====> Recall@1: 0.5667
2020-01-07 04:34:41,702 ====> Recall@2: 0.6249
2020-01-07 04:34:41,702 ====> Recall@3: 0.6461
2020-01-07 04:34:41,703 ====> Recall@4: 0.6609
2020-01-07 04:34:41,703 ====> Recall@5: 0.6696
2020-01-07 04:34:41,703 ====> Recall@10: 0.6896
2020-01-07 04:34:41,703 ====> Recall@15: 0.7075
2020-01-07 04:34:41,704 ====> Recall@20: 0.7214
2020-01-07 04:34:41,704 ====> Recall@25: 0.7310
2020-01-07 04:34:42,066 ====> Building Cache
2020-01-07 04:34:42,067 h5feat cache at: /home/annora/NetVLAD/output/train_feat_cache.hdf5
2020-01-07 04:37:00,214 Allocated:120.15869140625 MB
2020-01-07 04:37:00,215 Cached:10183.125 MB
2020-01-07 04:38:47,592 ==> Task[1]Epoch[18](50/415): Loss: 0.0065
2020-01-07 04:38:47,593 Allocated:120.65869140625 MB
2020-01-07 04:38:47,593 Cached:1036.875 MB
2020-01-07 04:40:28,205 ==> Task[1]Epoch[18](100/415): Loss: 0.1180
2020-01-07 04:40:28,206 Allocated:121.65869140625 MB
2020-01-07 04:40:28,206 Cached:1036.875 MB
2020-01-07 04:46:13,173 ==> Task[1]Epoch[18](300/415): Loss: 0.0795
2020-01-07 04:46:13,174 Allocated:120.65869140625 MB
2020-01-07 04:46:13,174 Cached:1035.875 MB
2020-01-07 04:46:59,996 ==> Task[1]Epoch[18](350/415): Loss: 0.0319
2020-01-07 04:46:59,997 Allocated:122.15869140625 MB
2020-01-07 04:46:59,998 Cached:1036.875 MB
2020-01-07 04:49:16,729 ===> Task 1 Epoch 18 Complete: Avg. Loss: 0.0358
2020-01-07 04:49:16,733 begin test:
2020-01-07 04:49:16,737 ====> Extracting Features
2020-01-07 04:50:25,552 ==> Batch (50/72)
2020-01-07 04:50:50,326 ====> Building faiss index
2020-01-07 04:50:50,328 ====> Calculating recall @ N
2020-01-07 04:50:50,828 ====> Recall@1: 0.5710
2020-01-07 04:50:50,828 ====> Recall@2: 0.6299
2020-01-07 04:50:50,829 ====> Recall@3: 0.6493
2020-01-07 04:50:50,829 ====> Recall@4: 0.6614
2020-01-07 04:50:50,829 ====> Recall@5: 0.6684
2020-01-07 04:50:50,829 ====> Recall@10: 0.6904
2020-01-07 04:50:50,829 ====> Recall@15: 0.7032
2020-01-07 04:50:50,830 ====> Recall@20: 0.7136
2020-01-07 04:50:50,830 ====> Recall@25: 0.7209
2020-01-07 04:50:51,186 ====> Building Cache
2020-01-07 04:50:51,186 h5feat cache at: /home/annora/NetVLAD/output/train_feat_cache.hdf5
2020-01-07 04:53:05,777 Allocated:119.15869140625 MB
2020-01-07 04:53:05,777 Cached:6913.5 MB
2020-01-07 04:54:04,116 ==> Task[1]Epoch[19](50/415): Loss: 0.0000
2020-01-07 04:54:04,117 Allocated:121.15869140625 MB
2020-01-07 04:54:04,118 Cached:1393.0 MB
2020-01-07 04:55:21,491 ==> Task[1]Epoch[19](100/415): Loss: 0.1478
2020-01-07 04:55:21,495 Allocated:120.65869140625 MB
2020-01-07 04:55:21,497 Cached:1036.875 MB
2020-01-07 04:57:07,923 ==> Task[1]Epoch[19](150/415): Loss: 0.0000
2020-01-07 04:57:07,925 Allocated:122.15869140625 MB
2020-01-07 04:57:07,925 Cached:1035.875 MB
2020-01-07 04:59:43,035 ==> Task[1]Epoch[19](250/415): Loss: 0.0134
2020-01-07 04:59:43,036 Allocated:121.78369140625 MB
2020-01-07 04:59:43,037 Cached:1035.875 MB
2020-01-07 05:00:51,582 ==> Task[1]Epoch[19](300/415): Loss: 0.0377
2020-01-07 05:00:51,584 Allocated:120.65869140625 MB
2020-01-07 05:00:51,584 Cached:1035.875 MB
2020-01-07 05:02:10,369 ==> Task[1]Epoch[19](350/415): Loss: 0.0854
2020-01-07 05:02:10,370 Allocated:120.65869140625 MB
2020-01-07 05:02:10,371 Cached:1036.875 MB
2020-01-07 05:03:32,909 ==> Task[1]Epoch[19](400/415): Loss: 0.0163
2020-01-07 05:03:32,911 Allocated:121.65869140625 MB
2020-01-07 05:03:32,911 Cached:1036.875 MB
2020-01-07 05:03:47,689 ===> Task 1 Epoch 19 Complete: Avg. Loss: 0.0406
2020-01-07 05:03:47,691 begin test:
2020-01-07 05:03:47,691 ====> Extracting Features
2020-01-07 05:04:54,927 ==> Batch (50/72)
2020-01-07 05:05:19,263 ====> Building faiss index
2020-01-07 05:05:19,265 ====> Calculating recall @ N
2020-01-07 05:05:19,785 ====> Recall@1: 0.5635
2020-01-07 05:05:19,785 ====> Recall@2: 0.6188
2020-01-07 05:05:19,786 ====> Recall@3: 0.6414
2020-01-07 05:05:19,786 ====> Recall@4: 0.6542
2020-01-07 05:05:19,786 ====> Recall@5: 0.6675
2020-01-07 05:05:19,786 ====> Recall@10: 0.6887
2020-01-07 05:05:19,786 ====> Recall@15: 0.7041
2020-01-07 05:05:19,786 ====> Recall@20: 0.7165
2020-01-07 05:05:19,787 ====> Recall@25: 0.7249
2020-01-07 05:05:20,137 ====> Building Cache
2020-01-07 05:05:20,137 h5feat cache at: /home/annora/NetVLAD/output/train_feat_cache.hdf5
2020-01-07 05:07:39,022 Allocated:119.15869140625 MB
2020-01-07 05:07:39,023 Cached:6913.5 MB
2020-01-07 05:08:52,998 ==> Task[1]Epoch[20](50/415): Loss: 0.0004
2020-01-07 05:08:53,000 Allocated:120.65869140625 MB
2020-01-07 05:08:53,000 Cached:1036.875 MB
2020-01-07 05:10:09,135 ==> Task[1]Epoch[20](100/415): Loss: 0.0919
2020-01-07 05:10:09,136 Allocated:121.65869140625 MB
2020-01-07 05:10:09,136 Cached:1036.875 MB
2020-01-07 05:15:11,604 ==> Task[1]Epoch[20](250/415): Loss: 0.0137
2020-01-07 05:15:11,605 Allocated:120.65869140625 MB
2020-01-07 05:15:11,605 Cached:1036.875 MB
2020-01-07 05:16:24,092 ==> Task[1]Epoch[20](300/415): Loss: 0.0423
2020-01-07 05:16:24,093 Allocated:122.65869140625 MB
2020-01-07 05:16:24,096 Cached:1036.875 MB
2020-01-07 05:17:33,315 ==> Task[1]Epoch[20](350/415): Loss: 0.0229
2020-01-07 05:17:33,316 Allocated:121.40869140625 MB
2020-01-07 05:17:33,316 Cached:1036.875 MB
2020-01-07 05:18:58,372 ==> Task[1]Epoch[20](400/415): Loss: 0.0076
2020-01-07 05:18:58,373 Allocated:122.15869140625 MB
2020-01-07 05:18:58,374 Cached:1035.875 MB
2020-01-07 05:19:22,503 ===> Task 1 Epoch 20 Complete: Avg. Loss: 0.0299
2020-01-07 05:19:22,505 begin test:
2020-01-07 05:19:22,505 ====> Extracting Features
2020-01-07 05:20:29,712 ==> Batch (50/72)
2020-01-07 05:20:54,594 ====> Building faiss index
2020-01-07 05:20:54,595 ====> Calculating recall @ N
2020-01-07 05:20:55,100 ====> Recall@1: 0.5672
2020-01-07 05:20:55,101 ====> Recall@2: 0.6310
2020-01-07 05:20:55,101 ====> Recall@3: 0.6493
2020-01-07 05:20:55,101 ====> Recall@4: 0.6626
2020-01-07 05:20:55,102 ====> Recall@5: 0.6707
2020-01-07 05:20:55,102 ====> Recall@10: 0.6913
2020-01-07 05:20:55,102 ====> Recall@15: 0.7026
2020-01-07 05:20:55,102 ====> Recall@20: 0.7151
2020-01-07 05:20:55,102 ====> Recall@25: 0.7241
2020-01-07 05:20:55,478 ====> Building Cache
2020-01-07 05:20:55,479 h5feat cache at: /home/annora/NetVLAD/output/train_feat_cache.hdf5
2020-01-07 05:23:09,624 Allocated:119.15869140625 MB
2020-01-07 05:23:09,624 Cached:10008.875 MB
2020-01-07 05:24:18,448 ==> Task[1]Epoch[21](50/415): Loss: 0.0000
2020-01-07 05:24:18,450 Allocated:120.65869140625 MB
2020-01-07 05:24:18,450 Cached:1035.875 MB
2020-01-07 05:25:25,263 ==> Task[1]Epoch[21](100/415): Loss: 0.1310
2020-01-07 05:25:25,264 Allocated:120.65869140625 MB
2020-01-07 05:25:25,265 Cached:1035.875 MB
2020-01-07 05:29:45,562 ==> Task[1]Epoch[21](300/415): Loss: 0.0028
2020-01-07 05:29:45,569 Allocated:120.65869140625 MB
2020-01-07 05:29:45,579 Cached:1035.875 MB
2020-01-07 05:31:13,480 ==> Task[1]Epoch[21](350/415): Loss: 0.1238
2020-01-07 05:31:13,481 Allocated:121.90869140625 MB
2020-01-07 05:31:13,481 Cached:1034.875 MB
2020-01-07 05:32:35,108 ==> Task[1]Epoch[21](400/415): Loss: 0.0028
2020-01-07 05:32:35,108 Allocated:120.65869140625 MB
2020-01-07 05:32:35,109 Cached:1858.75 MB
2020-01-07 05:32:53,619 ===> Task 1 Epoch 21 Complete: Avg. Loss: 0.0379
2020-01-07 05:32:53,622 begin test:
2020-01-07 05:32:53,623 ====> Extracting Features
2020-01-07 05:34:01,986 ==> Batch (50/72)
2020-01-07 05:34:27,184 ====> Building faiss index
2020-01-07 05:34:27,186 ====> Calculating recall @ N
2020-01-07 05:34:27,694 ====> Recall@1: 0.5655
2020-01-07 05:34:27,694 ====> Recall@2: 0.6304
2020-01-07 05:34:27,695 ====> Recall@3: 0.6507
2020-01-07 05:34:27,695 ====> Recall@4: 0.6597
2020-01-07 05:34:27,695 ====> Recall@5: 0.6678
2020-01-07 05:34:27,695 ====> Recall@10: 0.6899
2020-01-07 05:34:27,695 ====> Recall@15: 0.7055
2020-01-07 05:34:27,696 ====> Recall@20: 0.7186
2020-01-07 05:34:27,696 ====> Recall@25: 0.7275
2020-01-07 05:34:28,036 ====> Building Cache
2020-01-07 05:34:28,037 h5feat cache at: /home/annora/NetVLAD/output/train_feat_cache.hdf5
2020-01-07 05:36:44,955 Allocated:119.15869140625 MB
2020-01-07 05:36:44,955 Cached:10081.75 MB
2020-01-07 05:37:46,328 ==> Task[1]Epoch[22](50/415): Loss: 0.0000
2020-01-07 05:37:46,329 Allocated:120.78369140625 MB
2020-01-07 05:37:46,330 Cached:1859.75 MB
2020-01-07 05:38:47,966 ==> Task[1]Epoch[22](100/415): Loss: 0.1258
2020-01-07 05:38:47,967 Allocated:121.15869140625 MB
2020-01-07 05:38:47,968 Cached:1859.75 MB
2020-01-07 05:41:58,859 ==> Task[1]Epoch[22](250/415): Loss: 0.0000
2020-01-07 05:41:58,860 Allocated:120.65869140625 MB
2020-01-07 05:41:58,860 Cached:1858.75 MB
2020-01-07 05:43:06,023 ==> Task[1]Epoch[22](300/415): Loss: 0.0575
2020-01-07 05:43:06,024 Allocated:120.65869140625 MB
2020-01-07 05:43:06,024 Cached:1035.875 MB
2020-01-07 05:43:57,461 ==> Task[1]Epoch[22](350/415): Loss: 0.0477
2020-01-07 05:43:57,463 Allocated:120.78369140625 MB
2020-01-07 05:43:57,463 Cached:1036.875 MB
2020-01-07 05:45:59,145 ==> Task[1]Epoch[22](400/415): Loss: 0.0381
2020-01-07 05:45:59,146 Allocated:121.15869140625 MB
2020-01-07 05:45:59,146 Cached:1035.875 MB
2020-01-07 05:46:17,249 ===> Task 1 Epoch 22 Complete: Avg. Loss: 0.0378
2020-01-07 05:46:17,250 begin test:
2020-01-07 05:46:17,251 ====> Extracting Features
2020-01-07 05:47:25,147 ==> Batch (50/72)
2020-01-07 05:47:49,571 ====> Building faiss index
2020-01-07 05:47:49,572 ====> Calculating recall @ N
2020-01-07 05:47:50,112 ====> Recall@1: 0.5667
2020-01-07 05:47:50,112 ====> Recall@2: 0.6287
2020-01-07 05:47:50,113 ====> Recall@3: 0.6490
2020-01-07 05:47:50,113 ====> Recall@4: 0.6617
2020-01-07 05:47:50,113 ====> Recall@5: 0.6675
2020-01-07 05:47:50,113 ====> Recall@10: 0.6907
2020-01-07 05:47:50,113 ====> Recall@15: 0.7023
2020-01-07 05:47:50,114 ====> Recall@20: 0.7128
2020-01-07 05:47:50,114 ====> Recall@25: 0.7214
2020-01-07 05:47:50,452 ====> Building Cache
2020-01-07 05:47:50,453 h5feat cache at: /home/annora/NetVLAD/output/train_feat_cache.hdf5
2020-01-07 05:50:08,897 Allocated:120.28369140625 MB
2020-01-07 05:50:08,898 Cached:10183.125 MB
2020-01-07 05:52:18,028 ==> Task[1]Epoch[23](100/415): Loss: 0.1368
2020-01-07 05:52:18,029 Allocated:121.65869140625 MB
2020-01-07 05:52:18,029 Cached:1036.875 MB
2020-01-07 05:55:45,700 ==> Task[1]Epoch[23](250/415): Loss: 0.0324
2020-01-07 05:55:45,701 Allocated:121.03369140625 MB
2020-01-07 05:55:45,701 Cached:1035.875 MB
2020-01-07 05:56:59,739 ==> Task[1]Epoch[23](300/415): Loss: 0.0411
2020-01-07 05:56:59,741 Allocated:121.90869140625 MB
2020-01-07 05:56:59,743 Cached:1632.125 MB
2020-01-07 05:58:10,526 ==> Task[1]Epoch[23](350/415): Loss: 0.0669
2020-01-07 05:58:10,527 Allocated:121.90869140625 MB
2020-01-07 05:58:10,528 Cached:1035.875 MB
2020-01-07 05:59:23,092 ==> Task[1]Epoch[23](400/415): Loss: 0.0092
2020-01-07 05:59:23,093 Allocated:121.28369140625 MB
2020-01-07 05:59:23,093 Cached:1860.75 MB
2020-01-07 05:59:37,716 ===> Task 1 Epoch 23 Complete: Avg. Loss: 0.0387
2020-01-07 05:59:37,717 begin test:
2020-01-07 05:59:37,718 ====> Extracting Features
2020-01-07 06:00:51,514 ==> Batch (50/72)
2020-01-07 06:01:16,066 ====> Building faiss index
2020-01-07 06:01:16,067 ====> Calculating recall @ N
2020-01-07 06:01:16,572 ====> Recall@1: 0.5687
2020-01-07 06:01:16,573 ====> Recall@2: 0.6258
2020-01-07 06:01:16,573 ====> Recall@3: 0.6414
2020-01-07 06:01:16,573 ====> Recall@4: 0.6559
2020-01-07 06:01:16,574 ====> Recall@5: 0.6672
2020-01-07 06:01:16,574 ====> Recall@10: 0.6875
2020-01-07 06:01:16,574 ====> Recall@15: 0.7032
2020-01-07 06:01:16,574 ====> Recall@20: 0.7191
2020-01-07 06:01:16,574 ====> Recall@25: 0.7307
2020-01-07 06:01:16,910 ====> Building Cache
2020-01-07 06:01:16,910 h5feat cache at: /home/annora/NetVLAD/output/train_feat_cache.hdf5
2020-01-07 06:03:30,831 Allocated:119.15869140625 MB
2020-01-07 06:03:30,831 Cached:10183.125 MB
2020-01-07 06:04:35,861 ==> Task[1]Epoch[24](50/415): Loss: 0.0037
2020-01-07 06:04:35,862 Allocated:122.15869140625 MB
2020-01-07 06:04:35,863 Cached:1036.875 MB
2020-01-07 06:06:04,872 ==> Task[1]Epoch[24](100/415): Loss: 0.1057
2020-01-07 06:06:04,874 Allocated:120.65869140625 MB
2020-01-07 06:06:04,874 Cached:1036.875 MB
2020-01-07 06:09:07,449 ==> Task[1]Epoch[24](250/415): Loss: 0.0000
2020-01-07 06:09:07,450 Allocated:120.78369140625 MB
2020-01-07 06:09:07,451 Cached:1036.875 MB
2020-01-07 06:10:10,818 ==> Task[1]Epoch[24](300/415): Loss: 0.0636
2020-01-07 06:10:10,819 Allocated:120.90869140625 MB
2020-01-07 06:10:10,819 Cached:1035.875 MB
2020-01-07 06:10:53,861 ==> Task[1]Epoch[24](350/415): Loss: 0.0518
2020-01-07 06:10:53,862 Allocated:121.65869140625 MB
2020-01-07 06:10:53,862 Cached:1035.875 MB
2020-01-07 06:13:08,269 ===> Task 1 Epoch 24 Complete: Avg. Loss: 0.0353
2020-01-07 06:13:08,270 begin test:
2020-01-07 06:13:08,271 ====> Extracting Features
2020-01-07 06:14:16,480 ==> Batch (50/72)
2020-01-07 06:14:41,190 ====> Building faiss index
2020-01-07 06:14:41,192 ====> Calculating recall @ N
2020-01-07 06:14:41,713 ====> Recall@1: 0.5652
2020-01-07 06:14:41,714 ====> Recall@2: 0.6226
2020-01-07 06:14:41,714 ====> Recall@3: 0.6507
2020-01-07 06:14:41,714 ====> Recall@4: 0.6617
2020-01-07 06:14:41,714 ====> Recall@5: 0.6696
2020-01-07 06:14:41,715 ====> Recall@10: 0.6901
2020-01-07 06:14:41,715 ====> Recall@15: 0.7043
2020-01-07 06:14:41,715 ====> Recall@20: 0.7165
2020-01-07 06:14:41,715 ====> Recall@25: 0.7238
2020-01-07 06:14:42,064 Performance did not improve for 10 epochs. Stopping.
2020-01-07 06:14:42,065 => Best Recall@5: 0.6736
