2020-01-31 10:53:47,674 Namespace(arch='alexnet', batchSize=12, cacheBatchSize=96, cachePath='/home/annora/NetVLAD/output/', cacheRefreshRate=3000, ckpt='best', contilearn=True, dataPath='/home/annora/NetVLAD/output/data/', dataset='robotcar', evalEvery=1, fromscratch=False, fromtask='', lr=0.01, lrGamma=0.5, lrStep=5, margin=0.1, mode='train', momentum=0.9, nEpochs=30, nGPU=1, nocuda=False, num_clusters=64, optim='SGD', patience=10, pooling='netvlad', premodel='imagenet', resume='', runsPath='/home/annora/NetVLAD/output/runs/', savePath='checkpoints', seed=123, split='val', start_epoch=0, threads=8, vladv2=False, weightDecay=0.001)
2020-01-31 10:53:47,744 ===> Loading dataset(s)
2020-01-31 10:53:47,744 trainfile ------>>>>>> oxRobocar_doubleN_train.mat
2020-01-31 10:53:50,436 ====> Training set: oxRobocar_doubleN_train.mat, query set count: 6404
2020-01-31 10:53:50,540 ===> Evaluating on val set: oxRobocar_doubleN_val.mat, query count: 3450
2020-01-31 10:53:50,541 ===> Building model
2020-01-31 10:53:50,592 encoder moder:
AlexNet(
  (conv1): Sequential(
    (0): Conv2d(3, 64, kernel_size=(11, 11), stride=(4, 4), padding=(2, 2))
    (1): ReLU(inplace)
    (2): MaxPool2d(kernel_size=3, stride=2, padding=0, dilation=1, ceil_mode=False)
  )
  (conv2): Sequential(
    (0): Conv2d(64, 192, kernel_size=(5, 5), stride=(1, 1), padding=(2, 2))
    (1): ReLU(inplace)
    (2): MaxPool2d(kernel_size=3, stride=2, padding=0, dilation=1, ceil_mode=False)
  )
  (conv3): Sequential(
    (0): Conv2d(192, 384, kernel_size=(3, 3), stride=(1, 1), padding=(1, 1))
    (1): ReLU(inplace)
  )
  (conv4): Sequential(
    (0): Conv2d(384, 256, kernel_size=(3, 3), stride=(1, 1), padding=(1, 1))
    (1): ReLU(inplace)
  )
  (conv5): Sequential(
    (0): Conv2d(256, 256, kernel_size=(3, 3), stride=(1, 1), padding=(1, 1))
  )
)
2020-01-31 10:53:54,796 ===> Training model
2020-01-31 10:53:54,799 ===> Saving state to: /home/annora/NetVLAD/output/runs/2020-01-31-10-53-54_alexnet_netvlad
2020-01-31 10:53:54,837 ====> Building Cache
2020-01-31 10:53:54,837 feature cache--->>> /home/annora/NetVLAD/output/train_feat_cache2.hdf5
2020-01-31 10:55:21,931 Allocated:99.47119140625 MB
2020-01-31 10:55:21,932 Cached:2864.375 MB
2020-01-31 10:58:09,899 ==> Epoch[1](50/534): Loss: 0.1634
2020-01-31 10:58:09,902 Allocated:121.28369140625 MB
2020-01-31 10:58:09,902 Cached:6757.375 MB
2020-01-31 11:00:26,513 ==> Epoch[1](100/534): Loss: 0.1686
2020-01-31 11:00:26,515 Allocated:121.53369140625 MB
2020-01-31 11:00:26,515 Cached:6757.375 MB
2020-01-31 11:02:36,081 ==> Epoch[1](150/534): Loss: 0.1556
2020-01-31 11:02:36,083 Allocated:122.28369140625 MB
2020-01-31 11:02:36,083 Cached:6757.375 MB
2020-01-31 11:03:44,086 ====> Building Cache
2020-01-31 11:03:44,087 feature cache--->>> /home/annora/NetVLAD/output/train_feat_cache2.hdf5
2020-01-31 11:05:12,260 Allocated:121.283203125 MB
2020-01-31 11:05:12,260 Cached:3387.25 MB
2020-01-31 11:06:49,931 ==> Epoch[1](200/534): Loss: 0.2256
2020-01-31 11:06:49,933 Allocated:121.53369140625 MB
2020-01-31 11:06:49,933 Cached:7278.25 MB
2020-01-31 11:09:08,226 ==> Epoch[1](250/534): Loss: 0.2369
2020-01-31 11:09:08,228 Allocated:121.53369140625 MB
2020-01-31 11:09:08,228 Cached:7278.25 MB
2020-01-31 11:11:29,217 ==> Epoch[1](300/534): Loss: 0.2021
2020-01-31 11:11:29,219 Allocated:121.53369140625 MB
2020-01-31 11:11:29,219 Cached:7278.25 MB
2020-01-31 11:13:43,368 ==> Epoch[1](350/534): Loss: 0.2184
2020-01-31 11:13:43,370 Allocated:121.53369140625 MB
2020-01-31 11:13:43,370 Cached:7278.25 MB
2020-01-31 11:13:58,711 ====> Building Cache
2020-01-31 11:13:58,712 feature cache--->>> /home/annora/NetVLAD/output/train_feat_cache2.hdf5
2020-01-31 11:15:27,312 Allocated:121.283203125 MB
2020-01-31 11:15:27,313 Cached:3388.25 MB
2020-01-31 11:17:59,361 ==> Epoch[1](400/534): Loss: 0.1692
2020-01-31 11:17:59,362 Allocated:122.03369140625 MB
2020-01-31 11:17:59,363 Cached:9814.875 MB
2020-01-31 11:20:02,653 ==> Epoch[1](450/534): Loss: 0.1524
2020-01-31 11:20:02,655 Allocated:122.03369140625 MB
2020-01-31 11:20:02,656 Cached:9814.875 MB
2020-01-31 11:22:05,009 ==> Epoch[1](500/534): Loss: 0.1371
2020-01-31 11:22:05,010 Allocated:121.65869140625 MB
2020-01-31 11:22:05,010 Cached:9814.875 MB
2020-01-31 11:23:25,112 ===> Epoch 1 Complete: Avg. Loss: 0.1886
2020-01-31 11:23:25,114 ====> Extracting Features
2020-01-31 11:23:58,054 ==> Batch (50/108)
2020-01-31 11:24:22,063 ==> Batch (100/108)
2020-01-31 11:24:26,713 ====> Building faiss index
2020-01-31 11:24:27,051 ====> Calculating recall @ N
2020-01-31 11:24:29,329 ====> Recall@1: 0.4441
2020-01-31 11:24:29,330 ====> Recall@2: 0.5075
2020-01-31 11:24:29,330 ====> Recall@3: 0.5403
2020-01-31 11:24:29,331 ====> Recall@4: 0.5684
2020-01-31 11:24:29,331 ====> Recall@5: 0.5896
2020-01-31 11:24:29,331 ====> Recall@10: 0.6559
2020-01-31 11:24:29,331 ====> Recall@15: 0.6948
2020-01-31 11:24:29,332 ====> Recall@20: 0.7203
2020-01-31 11:24:29,332 ====> Recall@25: 0.7386
2020-01-31 11:24:29,622 ====> Building Cache
2020-01-31 11:24:29,622 feature cache--->>> /home/annora/NetVLAD/output/train_feat_cache2.hdf5
2020-01-31 11:25:56,940 Allocated:120.15869140625 MB
2020-01-31 11:25:56,941 Cached:4304.875 MB
2020-01-31 11:28:51,131 ==> Epoch[2](50/534): Loss: 0.1538
2020-01-31 11:28:51,132 Allocated:122.03369140625 MB
2020-01-31 11:28:51,133 Cached:8193.875 MB
2020-01-31 11:31:02,977 ==> Epoch[2](100/534): Loss: 0.1457
2020-01-31 11:31:02,979 Allocated:121.28369140625 MB
2020-01-31 11:31:02,979 Cached:8193.875 MB
2020-01-31 11:33:12,683 ==> Epoch[2](150/534): Loss: 0.1317
2020-01-31 11:33:12,684 Allocated:121.28369140625 MB
2020-01-31 11:33:12,685 Cached:8193.875 MB
2020-01-31 11:34:21,172 ====> Building Cache
2020-01-31 11:34:21,173 feature cache--->>> /home/annora/NetVLAD/output/train_feat_cache2.hdf5
2020-01-31 11:35:48,575 Allocated:122.158203125 MB
2020-01-31 11:35:48,576 Cached:2942.5 MB
2020-01-31 11:37:30,570 ==> Epoch[2](200/534): Loss: 0.2416
2020-01-31 11:37:30,572 Allocated:121.65869140625 MB
2020-01-31 11:37:30,573 Cached:9381.625 MB
2020-01-31 11:39:39,345 ==> Epoch[2](250/534): Loss: 0.2168
2020-01-31 11:39:39,346 Allocated:121.28369140625 MB
2020-01-31 11:39:39,348 Cached:9381.625 MB
2020-01-31 11:41:45,117 ==> Epoch[2](300/534): Loss: 0.1904
2020-01-31 11:41:45,119 Allocated:121.28369140625 MB
2020-01-31 11:41:45,120 Cached:9381.625 MB
2020-01-31 11:43:41,975 ==> Epoch[2](350/534): Loss: 0.2138
2020-01-31 11:43:41,979 Allocated:122.03369140625 MB
2020-01-31 11:43:41,980 Cached:9381.625 MB
2020-01-31 11:43:56,151 ====> Building Cache
2020-01-31 11:43:56,152 feature cache--->>> /home/annora/NetVLAD/output/train_feat_cache2.hdf5
2020-01-31 11:45:24,416 Allocated:121.283203125 MB
2020-01-31 11:45:24,417 Cached:3387.25 MB
2020-01-31 11:47:55,090 ==> Epoch[2](400/534): Loss: 0.1532
2020-01-31 11:47:55,093 Allocated:121.28369140625 MB
2020-01-31 11:47:55,093 Cached:7278.25 MB
2020-01-31 11:49:57,448 ==> Epoch[2](450/534): Loss: 0.0922
2020-01-31 11:49:57,450 Allocated:121.78369140625 MB
2020-01-31 11:49:57,451 Cached:7278.25 MB
2020-01-31 11:51:56,042 ==> Epoch[2](500/534): Loss: 0.0754
2020-01-31 11:51:56,044 Allocated:121.28369140625 MB
2020-01-31 11:51:56,044 Cached:7278.25 MB
2020-01-31 11:53:15,481 ===> Epoch 2 Complete: Avg. Loss: 0.1418
2020-01-31 11:53:15,483 ====> Extracting Features
2020-01-31 11:53:50,444 ==> Batch (50/108)
2020-01-31 11:54:13,399 ==> Batch (100/108)
2020-01-31 11:54:18,487 ====> Building faiss index
2020-01-31 11:54:18,857 ====> Calculating recall @ N
2020-01-31 11:54:21,437 ====> Recall@1: 0.4557
2020-01-31 11:54:21,438 ====> Recall@2: 0.5116
2020-01-31 11:54:21,438 ====> Recall@3: 0.5455
2020-01-31 11:54:21,439 ====> Recall@4: 0.5713
2020-01-31 11:54:21,439 ====> Recall@5: 0.5954
2020-01-31 11:54:21,439 ====> Recall@10: 0.6516
2020-01-31 11:54:21,439 ====> Recall@15: 0.6878
2020-01-31 11:54:21,440 ====> Recall@20: 0.7119
2020-01-31 11:54:21,440 ====> Recall@25: 0.7359
2020-01-31 11:54:22,219 ====> Building Cache
2020-01-31 11:54:22,220 feature cache--->>> /home/annora/NetVLAD/output/train_feat_cache2.hdf5
2020-01-31 11:55:50,234 Allocated:120.53369140625 MB
2020-01-31 11:55:50,235 Cached:4477.25 MB
2020-01-31 11:58:45,182 ==> Epoch[3](50/534): Loss: 0.1286
2020-01-31 11:58:45,186 Allocated:121.28369140625 MB
2020-01-31 11:58:45,187 Cached:3906.625 MB
2020-01-31 12:00:54,364 ==> Epoch[3](100/534): Loss: 0.1255
2020-01-31 12:00:54,367 Allocated:121.15869140625 MB
2020-01-31 12:00:54,367 Cached:5027.75 MB
2020-01-31 12:02:49,869 ==> Epoch[3](150/534): Loss: 0.1560
2020-01-31 12:02:49,872 Allocated:121.53369140625 MB
2020-01-31 12:02:49,872 Cached:5027.75 MB
2020-01-31 12:03:55,713 ====> Building Cache
2020-01-31 12:03:55,714 feature cache--->>> /home/annora/NetVLAD/output/train_feat_cache2.hdf5
2020-01-31 12:05:22,777 Allocated:121.908203125 MB
2020-01-31 12:05:22,778 Cached:3387.25 MB
2020-01-31 12:07:13,408 ==> Epoch[3](200/534): Loss: 0.1868
2020-01-31 12:07:13,410 Allocated:122.40869140625 MB
2020-01-31 12:07:13,411 Cached:7278.25 MB
2020-01-31 12:09:20,809 ==> Epoch[3](250/534): Loss: 0.2352
2020-01-31 12:09:20,811 Allocated:121.28369140625 MB
2020-01-31 12:09:20,811 Cached:7278.25 MB
2020-01-31 12:11:24,779 ==> Epoch[3](300/534): Loss: 0.2219
2020-01-31 12:11:24,780 Allocated:121.28369140625 MB
2020-01-31 12:11:24,780 Cached:7278.25 MB
2020-01-31 12:13:22,362 ==> Epoch[3](350/534): Loss: 0.1880
2020-01-31 12:13:22,364 Allocated:121.65869140625 MB
2020-01-31 12:13:22,364 Cached:7278.25 MB
2020-01-31 12:13:36,672 ====> Building Cache
2020-01-31 12:13:36,673 feature cache--->>> /home/annora/NetVLAD/output/train_feat_cache2.hdf5
2020-01-31 12:15:03,606 Allocated:121.158203125 MB
2020-01-31 12:15:03,607 Cached:3559.625 MB
2020-01-31 12:17:45,104 ==> Epoch[3](400/534): Loss: 0.1027
2020-01-31 12:17:45,106 Allocated:121.15869140625 MB
2020-01-31 12:17:45,106 Cached:7299.25 MB
2020-01-31 12:19:47,444 ==> Epoch[3](450/534): Loss: 0.1341
2020-01-31 12:19:47,446 Allocated:121.15869140625 MB
2020-01-31 12:19:47,446 Cached:7299.25 MB
2020-01-31 12:21:42,656 ==> Epoch[3](500/534): Loss: 0.0800
2020-01-31 12:21:42,658 Allocated:121.15869140625 MB
2020-01-31 12:21:42,658 Cached:4115.375 MB
2020-01-31 12:22:59,848 ===> Epoch 3 Complete: Avg. Loss: 0.1290
2020-01-31 12:22:59,849 ====> Extracting Features
2020-01-31 12:23:36,468 ==> Batch (50/108)
2020-01-31 12:23:59,143 ==> Batch (100/108)
2020-01-31 12:24:04,335 ====> Building faiss index
2020-01-31 12:24:04,685 ====> Calculating recall @ N
2020-01-31 12:24:07,179 ====> Recall@1: 0.4536
2020-01-31 12:24:07,180 ====> Recall@2: 0.5049
2020-01-31 12:24:07,181 ====> Recall@3: 0.5386
2020-01-31 12:24:07,181 ====> Recall@4: 0.5583
2020-01-31 12:24:07,181 ====> Recall@5: 0.5774
2020-01-31 12:24:07,181 ====> Recall@10: 0.6339
2020-01-31 12:24:07,182 ====> Recall@15: 0.6655
2020-01-31 12:24:07,182 ====> Recall@20: 0.6878
2020-01-31 12:24:07,182 ====> Recall@25: 0.7110
2020-01-31 12:24:07,610 ====> Building Cache
2020-01-31 12:24:07,610 feature cache--->>> /home/annora/NetVLAD/output/train_feat_cache2.hdf5
2020-01-31 12:25:37,275 Allocated:119.53369140625 MB
2020-01-31 12:25:37,275 Cached:4477.25 MB
2020-01-31 12:28:33,957 ==> Epoch[4](50/534): Loss: 0.0882
2020-01-31 12:28:33,960 Allocated:122.15869140625 MB
2020-01-31 12:28:33,961 Cached:9442.25 MB
2020-01-31 12:30:41,784 ==> Epoch[4](100/534): Loss: 0.0723
2020-01-31 12:30:41,786 Allocated:122.15869140625 MB
2020-01-31 12:30:41,786 Cached:9442.25 MB
2020-01-31 12:32:43,134 ==> Epoch[4](150/534): Loss: 0.0558
2020-01-31 12:32:43,141 Allocated:121.90869140625 MB
2020-01-31 12:32:43,142 Cached:9442.25 MB
2020-01-31 12:33:52,340 ====> Building Cache
2020-01-31 12:33:52,341 feature cache--->>> /home/annora/NetVLAD/output/train_feat_cache2.hdf5
2020-01-31 12:35:30,491 Allocated:121.158203125 MB
2020-01-31 12:35:30,492 Cached:3557.125 MB
2020-01-31 12:37:15,925 ==> Epoch[4](200/534): Loss: 0.1638
2020-01-31 12:37:15,927 Allocated:121.53369140625 MB
2020-01-31 12:37:15,928 Cached:9851.875 MB
2020-01-31 12:39:27,035 ==> Epoch[4](250/534): Loss: 0.1695
2020-01-31 12:39:27,038 Allocated:121.53369140625 MB
2020-01-31 12:39:27,038 Cached:9851.875 MB
2020-01-31 12:41:33,654 ==> Epoch[4](300/534): Loss: 0.1497
2020-01-31 12:41:33,657 Allocated:121.15869140625 MB
2020-01-31 12:41:33,657 Cached:9851.875 MB
2020-01-31 12:43:44,196 ==> Epoch[4](350/534): Loss: 0.1587
2020-01-31 12:43:44,198 Allocated:122.90869140625 MB
2020-01-31 12:43:44,199 Cached:9851.875 MB
2020-01-31 12:43:59,173 ====> Building Cache
2020-01-31 12:43:59,174 feature cache--->>> /home/annora/NetVLAD/output/train_feat_cache2.hdf5
2020-01-31 12:45:33,421 Allocated:122.408203125 MB
2020-01-31 12:45:33,422 Cached:3387.25 MB
2020-01-31 12:48:11,252 ==> Epoch[4](400/534): Loss: 0.1367
2020-01-31 12:48:11,254 Allocated:121.65869140625 MB
2020-01-31 12:48:11,254 Cached:4873.5 MB
2020-01-31 12:50:31,944 ==> Epoch[4](450/534): Loss: 0.0742
2020-01-31 12:50:31,947 Allocated:121.28369140625 MB
2020-01-31 12:50:31,947 Cached:4873.5 MB
2020-01-31 12:52:38,138 ==> Epoch[4](500/534): Loss: 0.1178
2020-01-31 12:52:38,140 Allocated:122.78369140625 MB
2020-01-31 12:52:38,140 Cached:4873.5 MB
2020-01-31 12:54:07,690 ===> Epoch 4 Complete: Avg. Loss: 0.1229
2020-01-31 12:54:07,691 ====> Extracting Features
2020-01-31 12:54:51,894 ==> Batch (50/108)
2020-01-31 12:55:17,782 ==> Batch (100/108)
2020-01-31 12:55:22,751 ====> Building faiss index
2020-01-31 12:55:23,107 ====> Calculating recall @ N
2020-01-31 12:55:25,570 ====> Recall@1: 0.4510
2020-01-31 12:55:25,571 ====> Recall@2: 0.5023
2020-01-31 12:55:25,571 ====> Recall@3: 0.5374
2020-01-31 12:55:25,572 ====> Recall@4: 0.5557
2020-01-31 12:55:25,572 ====> Recall@5: 0.5751
2020-01-31 12:55:25,572 ====> Recall@10: 0.6249
2020-01-31 12:55:25,572 ====> Recall@15: 0.6591
2020-01-31 12:55:25,572 ====> Recall@20: 0.6852
2020-01-31 12:55:25,573 ====> Recall@25: 0.7058
2020-01-31 12:55:25,998 ====> Building Cache
2020-01-31 12:55:25,998 feature cache--->>> /home/annora/NetVLAD/output/train_feat_cache2.hdf5
2020-01-31 12:57:04,037 Allocated:119.15869140625 MB
2020-01-31 12:57:04,038 Cached:4304.875 MB
2020-01-31 13:00:06,674 ==> Epoch[5](50/534): Loss: 0.1308
2020-01-31 13:00:06,677 Allocated:122.40869140625 MB
2020-01-31 13:00:06,678 Cached:7926.875 MB
2020-01-31 13:02:05,130 ==> Epoch[5](100/534): Loss: 0.0947
2020-01-31 13:02:05,132 Allocated:122.15869140625 MB
2020-01-31 13:02:05,133 Cached:7926.875 MB
2020-01-31 13:04:08,801 ==> Epoch[5](150/534): Loss: 0.0685
2020-01-31 13:04:08,804 Allocated:121.28369140625 MB
2020-01-31 13:04:08,804 Cached:7926.875 MB
2020-01-31 13:05:19,756 ====> Building Cache
2020-01-31 13:05:19,757 feature cache--->>> /home/annora/NetVLAD/output/train_feat_cache2.hdf5
2020-01-31 13:06:55,592 Allocated:122.158203125 MB
2020-01-31 13:06:55,592 Cached:3387.25 MB
2020-01-31 13:08:37,886 ==> Epoch[5](200/534): Loss: 0.1953
2020-01-31 13:08:37,889 Allocated:121.40869140625 MB
2020-01-31 13:08:37,889 Cached:8483.375 MB
2020-01-31 13:10:41,691 ==> Epoch[5](250/534): Loss: 0.1576
2020-01-31 13:10:41,695 Allocated:121.15869140625 MB
2020-01-31 13:10:41,695 Cached:8483.375 MB
2020-01-31 13:12:50,108 ==> Epoch[5](300/534): Loss: 0.0810
2020-01-31 13:12:50,110 Allocated:121.90869140625 MB
2020-01-31 13:12:50,111 Cached:8483.375 MB
2020-01-31 13:14:52,776 ==> Epoch[5](350/534): Loss: 0.1001
2020-01-31 13:14:52,779 Allocated:121.78369140625 MB
2020-01-31 13:14:52,779 Cached:8483.375 MB
2020-01-31 13:15:07,216 ====> Building Cache
2020-01-31 13:15:07,217 feature cache--->>> /home/annora/NetVLAD/output/train_feat_cache2.hdf5
2020-01-31 13:16:43,162 Allocated:121.283203125 MB
2020-01-31 13:16:43,163 Cached:3387.25 MB
2020-01-31 13:19:22,172 ==> Epoch[5](400/534): Loss: 0.1258
2020-01-31 13:19:22,176 Allocated:121.28369140625 MB
2020-01-31 13:19:22,176 Cached:5792.375 MB
2020-01-31 13:21:26,794 ==> Epoch[5](450/534): Loss: 0.0961
2020-01-31 13:21:26,796 Allocated:121.28369140625 MB
2020-01-31 13:21:26,796 Cached:5792.375 MB
2020-01-31 13:23:25,669 ==> Epoch[5](500/534): Loss: 0.0626
2020-01-31 13:23:25,671 Allocated:121.28369140625 MB
2020-01-31 13:23:25,671 Cached:7017.625 MB
2020-01-31 13:24:45,649 ===> Epoch 5 Complete: Avg. Loss: 0.1216
2020-01-31 13:24:45,651 ====> Extracting Features
2020-01-31 13:25:28,081 ==> Batch (50/108)
2020-01-31 13:25:54,648 ==> Batch (100/108)
2020-01-31 13:25:59,933 ====> Building faiss index
2020-01-31 13:26:00,296 ====> Calculating recall @ N
2020-01-31 13:26:02,672 ====> Recall@1: 0.4432
2020-01-31 13:26:02,673 ====> Recall@2: 0.4971
2020-01-31 13:26:02,674 ====> Recall@3: 0.5316
2020-01-31 13:26:02,674 ====> Recall@4: 0.5507
2020-01-31 13:26:02,674 ====> Recall@5: 0.5678
2020-01-31 13:26:02,674 ====> Recall@10: 0.6183
2020-01-31 13:26:02,674 ====> Recall@15: 0.6490
2020-01-31 13:26:02,675 ====> Recall@20: 0.6733
2020-01-31 13:26:02,675 ====> Recall@25: 0.6928
2020-01-31 13:26:03,106 ====> Building Cache
2020-01-31 13:26:03,107 feature cache--->>> /home/annora/NetVLAD/output/train_feat_cache2.hdf5
2020-01-31 13:27:39,645 Allocated:119.53369140625 MB
2020-01-31 13:27:39,646 Cached:4150.875 MB
2020-01-31 13:30:44,203 ==> Epoch[6](50/534): Loss: 0.1167
2020-01-31 13:30:44,207 Allocated:122.03369140625 MB
2020-01-31 13:30:44,207 Cached:4255.875 MB
2020-01-31 13:32:45,958 ==> Epoch[6](100/534): Loss: 0.0795
2020-01-31 13:32:45,960 Allocated:122.03369140625 MB
2020-01-31 13:32:45,961 Cached:5512.0 MB
2020-01-31 13:34:50,343 ==> Epoch[6](150/534): Loss: 0.0907
2020-01-31 13:34:50,346 Allocated:122.03369140625 MB
2020-01-31 13:34:50,346 Cached:5512.0 MB
2020-01-31 13:35:56,376 ====> Building Cache
2020-01-31 13:35:56,377 feature cache--->>> /home/annora/NetVLAD/output/train_feat_cache2.hdf5
2020-01-31 13:37:32,280 Allocated:121.908203125 MB
2020-01-31 13:37:32,280 Cached:3419.25 MB
2020-01-31 13:39:17,847 ==> Epoch[6](200/534): Loss: 0.1848
2020-01-31 13:39:17,849 Allocated:122.03369140625 MB
2020-01-31 13:39:17,849 Cached:9768.25 MB
2020-01-31 13:41:14,226 ==> Epoch[6](250/534): Loss: 0.1395
2020-01-31 13:41:14,228 Allocated:122.03369140625 MB
2020-01-31 13:41:14,229 Cached:9768.25 MB
2020-01-31 13:43:24,693 ==> Epoch[6](300/534): Loss: 0.1760
2020-01-31 13:43:24,696 Allocated:121.90869140625 MB
2020-01-31 13:43:24,697 Cached:9768.25 MB
2020-01-31 13:45:33,040 ==> Epoch[6](350/534): Loss: 0.1413
2020-01-31 13:45:33,044 Allocated:121.15869140625 MB
2020-01-31 13:45:33,044 Cached:9768.25 MB
2020-01-31 13:45:47,490 ====> Building Cache
2020-01-31 13:45:47,492 feature cache--->>> /home/annora/NetVLAD/output/train_feat_cache2.hdf5
2020-01-31 13:47:23,940 Allocated:122.158203125 MB
2020-01-31 13:47:23,940 Cached:3387.25 MB
2020-01-31 13:50:03,589 ==> Epoch[6](400/534): Loss: 0.1312
2020-01-31 13:50:03,591 Allocated:121.15869140625 MB
2020-01-31 13:50:03,592 Cached:5775.375 MB
2020-01-31 13:51:58,992 ==> Epoch[6](450/534): Loss: 0.0547
2020-01-31 13:51:58,996 Allocated:121.15869140625 MB
2020-01-31 13:51:58,996 Cached:6987.875 MB
2020-01-31 13:54:02,595 ==> Epoch[6](500/534): Loss: 0.0311
2020-01-31 13:54:02,597 Allocated:121.53369140625 MB
2020-01-31 13:54:02,597 Cached:8216.25 MB
2020-01-31 13:55:29,081 ===> Epoch 6 Complete: Avg. Loss: 0.1192
2020-01-31 13:55:29,083 ====> Extracting Features
2020-01-31 13:56:11,655 ==> Batch (50/108)
2020-01-31 13:56:38,608 ==> Batch (100/108)
2020-01-31 13:56:44,229 ====> Building faiss index
2020-01-31 13:56:44,587 ====> Calculating recall @ N
2020-01-31 13:56:46,906 ====> Recall@1: 0.4406
2020-01-31 13:56:46,906 ====> Recall@2: 0.4974
2020-01-31 13:56:46,907 ====> Recall@3: 0.5301
2020-01-31 13:56:46,907 ====> Recall@4: 0.5516
2020-01-31 13:56:46,907 ====> Recall@5: 0.5687
2020-01-31 13:56:46,908 ====> Recall@10: 0.6183
2020-01-31 13:56:46,908 ====> Recall@15: 0.6452
2020-01-31 13:56:46,908 ====> Recall@20: 0.6681
2020-01-31 13:56:46,908 ====> Recall@25: 0.6852
2020-01-31 13:56:47,380 ====> Building Cache
2020-01-31 13:56:47,380 feature cache--->>> /home/annora/NetVLAD/output/train_feat_cache2.hdf5
2020-01-31 13:58:27,286 Allocated:120.53369140625 MB
2020-01-31 13:58:27,287 Cached:4150.875 MB
2020-01-31 14:01:22,702 ==> Epoch[7](50/534): Loss: 0.1063
2020-01-31 14:01:22,704 Allocated:121.90869140625 MB
2020-01-31 14:01:22,704 Cached:5358.375 MB
2020-01-31 14:03:31,476 ==> Epoch[7](100/534): Loss: 0.1115
2020-01-31 14:03:31,481 Allocated:122.03369140625 MB
2020-01-31 14:03:31,481 Cached:7798.25 MB
2020-01-31 14:05:35,222 ==> Epoch[7](150/534): Loss: 0.0831
2020-01-31 14:05:35,224 Allocated:121.15869140625 MB
2020-01-31 14:05:35,224 Cached:7798.25 MB
2020-01-31 14:06:39,531 ====> Building Cache
2020-01-31 14:06:39,532 feature cache--->>> /home/annora/NetVLAD/output/train_feat_cache2.hdf5
2020-01-31 14:08:19,726 Allocated:121.908203125 MB
2020-01-31 14:08:19,727 Cached:3387.25 MB
2020-01-31 14:10:17,309 ==> Epoch[7](200/534): Loss: 0.1705
2020-01-31 14:10:17,313 Allocated:122.15869140625 MB
2020-01-31 14:10:17,313 Cached:5835.75 MB
2020-01-31 14:12:19,674 ==> Epoch[7](250/534): Loss: 0.1463
2020-01-31 14:12:19,675 Allocated:122.15869140625 MB
2020-01-31 14:12:19,676 Cached:6152.875 MB
2020-01-31 14:14:25,666 ==> Epoch[7](300/534): Loss: 0.2127
2020-01-31 14:14:25,668 Allocated:121.15869140625 MB
2020-01-31 14:14:25,668 Cached:6152.875 MB
2020-01-31 14:16:32,874 ==> Epoch[7](350/534): Loss: 0.1616
2020-01-31 14:16:32,880 Allocated:121.90869140625 MB
2020-01-31 14:16:32,880 Cached:6152.875 MB
2020-01-31 14:16:47,277 ====> Building Cache
2020-01-31 14:16:47,278 feature cache--->>> /home/annora/NetVLAD/output/train_feat_cache2.hdf5
2020-01-31 14:18:25,816 Allocated:121.158203125 MB
2020-01-31 14:18:25,816 Cached:3559.625 MB
2020-01-31 14:21:10,363 ==> Epoch[7](400/534): Loss: 0.1295
2020-01-31 14:21:10,366 Allocated:121.15869140625 MB
2020-01-31 14:21:10,366 Cached:5887.125 MB
2020-01-31 14:23:10,434 ==> Epoch[7](450/534): Loss: 0.0722
2020-01-31 14:23:10,436 Allocated:121.15869140625 MB
2020-01-31 14:23:10,436 Cached:7099.625 MB
2020-01-31 14:25:07,707 ==> Epoch[7](500/534): Loss: 0.0950
2020-01-31 14:25:07,711 Allocated:121.28369140625 MB
2020-01-31 14:25:07,711 Cached:7099.625 MB
2020-01-31 14:26:33,866 ===> Epoch 7 Complete: Avg. Loss: 0.1175
2020-01-31 14:26:33,867 ====> Extracting Features
2020-01-31 14:27:16,752 ==> Batch (50/108)
2020-01-31 14:27:43,721 ==> Batch (100/108)
2020-01-31 14:27:48,840 ====> Building faiss index
2020-01-31 14:27:49,206 ====> Calculating recall @ N
2020-01-31 14:27:51,545 ====> Recall@1: 0.4423
2020-01-31 14:27:51,545 ====> Recall@2: 0.4965
2020-01-31 14:27:51,546 ====> Recall@3: 0.5290
2020-01-31 14:27:51,546 ====> Recall@4: 0.5493
2020-01-31 14:27:51,546 ====> Recall@5: 0.5667
2020-01-31 14:27:51,546 ====> Recall@10: 0.6133
2020-01-31 14:27:51,546 ====> Recall@15: 0.6441
2020-01-31 14:27:51,547 ====> Recall@20: 0.6646
2020-01-31 14:27:51,547 ====> Recall@25: 0.6812
2020-01-31 14:27:52,012 ====> Building Cache
2020-01-31 14:27:52,013 feature cache--->>> /home/annora/NetVLAD/output/train_feat_cache2.hdf5
2020-01-31 14:29:33,465 Allocated:119.15869140625 MB
2020-01-31 14:29:33,466 Cached:4477.25 MB
2020-01-31 14:32:31,073 ==> Epoch[8](50/534): Loss: 0.0737
2020-01-31 14:32:31,076 Allocated:121.65869140625 MB
2020-01-31 14:32:31,076 Cached:6891.875 MB
2020-01-31 14:34:30,999 ==> Epoch[8](100/534): Loss: 0.1282
2020-01-31 14:34:31,001 Allocated:122.03369140625 MB
2020-01-31 14:34:31,001 Cached:6891.875 MB
2020-01-31 14:36:40,463 ==> Epoch[8](150/534): Loss: 0.1098
2020-01-31 14:36:40,466 Allocated:122.03369140625 MB
2020-01-31 14:36:40,466 Cached:6891.875 MB
2020-01-31 14:37:46,591 ====> Building Cache
2020-01-31 14:37:46,592 feature cache--->>> /home/annora/NetVLAD/output/train_feat_cache2.hdf5
2020-01-31 14:39:24,785 Allocated:122.033203125 MB
2020-01-31 14:39:24,785 Cached:3387.25 MB
2020-01-31 14:41:14,883 ==> Epoch[8](200/534): Loss: 0.1419
2020-01-31 14:41:14,887 Allocated:122.03369140625 MB
2020-01-31 14:41:14,887 Cached:4653.0 MB
2020-01-31 14:43:18,280 ==> Epoch[8](250/534): Loss: 0.1595
2020-01-31 14:43:18,283 Allocated:121.15869140625 MB
2020-01-31 14:43:18,283 Cached:9798.5 MB
2020-01-31 14:45:24,852 ==> Epoch[8](300/534): Loss: 0.1364
2020-01-31 14:45:24,858 Allocated:122.03369140625 MB
2020-01-31 14:45:24,858 Cached:9798.5 MB
2020-01-31 14:47:38,222 ==> Epoch[8](350/534): Loss: 0.1372
2020-01-31 14:47:38,225 Allocated:121.15869140625 MB
2020-01-31 14:47:38,225 Cached:9798.5 MB
2020-01-31 14:47:52,243 ====> Building Cache
2020-01-31 14:47:52,244 feature cache--->>> /home/annora/NetVLAD/output/train_feat_cache2.hdf5
2020-01-31 14:49:31,404 Allocated:122.158203125 MB
2020-01-31 14:49:31,404 Cached:3149.75 MB
2020-01-31 14:52:12,964 ==> Epoch[8](400/534): Loss: 0.1229
2020-01-31 14:52:12,967 Allocated:121.65869140625 MB
2020-01-31 14:52:12,967 Cached:4355.125 MB
2020-01-31 14:54:10,241 ==> Epoch[8](450/534): Loss: 0.0418
2020-01-31 14:54:10,243 Allocated:122.03369140625 MB
2020-01-31 14:54:10,244 Cached:5558.0 MB
2020-01-31 14:56:09,587 ==> Epoch[8](500/534): Loss: 0.0844
2020-01-31 14:56:09,589 Allocated:122.03369140625 MB
2020-01-31 14:56:09,589 Cached:5558.0 MB
2020-01-31 14:57:33,610 ===> Epoch 8 Complete: Avg. Loss: 0.1152
2020-01-31 14:57:33,612 ====> Extracting Features
2020-01-31 14:58:22,813 ==> Batch (50/108)
2020-01-31 14:58:50,446 ==> Batch (100/108)
2020-01-31 14:58:55,866 ====> Building faiss index
2020-01-31 14:58:56,254 ====> Calculating recall @ N
2020-01-31 14:58:58,675 ====> Recall@1: 0.4417
2020-01-31 14:58:58,676 ====> Recall@2: 0.4959
2020-01-31 14:58:58,676 ====> Recall@3: 0.5249
2020-01-31 14:58:58,677 ====> Recall@4: 0.5449
2020-01-31 14:58:58,677 ====> Recall@5: 0.5614
2020-01-31 14:58:58,677 ====> Recall@10: 0.6125
2020-01-31 14:58:58,677 ====> Recall@15: 0.6412
2020-01-31 14:58:58,677 ====> Recall@20: 0.6635
2020-01-31 14:58:58,677 ====> Recall@25: 0.6826
2020-01-31 14:58:59,143 ====> Building Cache
2020-01-31 14:58:59,144 feature cache--->>> /home/annora/NetVLAD/output/train_feat_cache2.hdf5
2020-01-31 15:00:37,524 Allocated:120.15869140625 MB
2020-01-31 15:00:37,525 Cached:4244.0 MB
2020-01-31 15:03:44,103 ==> Epoch[9](50/534): Loss: 0.0989
2020-01-31 15:03:44,105 Allocated:122.40869140625 MB
2020-01-31 15:03:44,105 Cached:7852.25 MB
2020-01-31 15:05:35,735 ==> Epoch[9](100/534): Loss: 0.0553
2020-01-31 15:05:35,738 Allocated:121.15869140625 MB
2020-01-31 15:05:35,739 Cached:7852.25 MB
2020-01-31 15:07:30,150 ==> Epoch[9](150/534): Loss: 0.0991
2020-01-31 15:07:30,153 Allocated:122.65869140625 MB
2020-01-31 15:07:30,153 Cached:7852.25 MB
2020-01-31 15:08:36,719 ====> Building Cache
2020-01-31 15:08:36,720 feature cache--->>> /home/annora/NetVLAD/output/train_feat_cache2.hdf5
2020-01-31 15:10:11,026 Allocated:121.158203125 MB
2020-01-31 15:10:11,027 Cached:3387.25 MB
2020-01-31 15:12:01,378 ==> Epoch[9](200/534): Loss: 0.3175
2020-01-31 15:12:01,381 Allocated:121.15869140625 MB
2020-01-31 15:12:01,381 Cached:5835.75 MB
2020-01-31 15:14:11,154 ==> Epoch[9](250/534): Loss: 0.1786
2020-01-31 15:14:11,156 Allocated:122.28369140625 MB
2020-01-31 15:14:11,157 Cached:9673.875 MB
2020-01-31 15:16:22,077 ==> Epoch[9](300/534): Loss: 0.0963
2020-01-31 15:16:22,080 Allocated:121.15869140625 MB
2020-01-31 15:16:22,080 Cached:9673.875 MB
2020-01-31 15:18:29,115 ==> Epoch[9](350/534): Loss: 0.1779
2020-01-31 15:18:29,118 Allocated:121.90869140625 MB
2020-01-31 15:18:29,119 Cached:9673.875 MB
2020-01-31 15:18:42,934 ====> Building Cache
2020-01-31 15:18:42,934 feature cache--->>> /home/annora/NetVLAD/output/train_feat_cache2.hdf5
2020-01-31 15:20:19,946 Allocated:121.158203125 MB
2020-01-31 15:20:19,947 Cached:3559.625 MB
2020-01-31 15:23:08,838 ==> Epoch[9](400/534): Loss: 0.1549
2020-01-31 15:23:08,841 Allocated:121.15869140625 MB
2020-01-31 15:23:08,841 Cached:5838.375 MB
2020-01-31 15:25:09,114 ==> Epoch[9](450/534): Loss: 0.1645
2020-01-31 15:25:09,117 Allocated:121.15869140625 MB
2020-01-31 15:25:09,117 Cached:9388.75 MB
2020-01-31 15:27:08,477 ==> Epoch[9](500/534): Loss: 0.0755
2020-01-31 15:27:08,480 Allocated:121.28369140625 MB
2020-01-31 15:27:08,480 Cached:5102.875 MB
2020-01-31 15:28:29,230 ===> Epoch 9 Complete: Avg. Loss: 0.1145
2020-01-31 15:28:29,234 ====> Extracting Features
2020-01-31 15:29:14,538 ==> Batch (50/108)
2020-01-31 15:29:41,871 ==> Batch (100/108)
2020-01-31 15:29:46,949 ====> Building faiss index
2020-01-31 15:29:47,331 ====> Calculating recall @ N
2020-01-31 15:29:49,683 ====> Recall@1: 0.4429
2020-01-31 15:29:49,684 ====> Recall@2: 0.4965
2020-01-31 15:29:49,684 ====> Recall@3: 0.5249
2020-01-31 15:29:49,685 ====> Recall@4: 0.5458
2020-01-31 15:29:49,685 ====> Recall@5: 0.5646
2020-01-31 15:29:49,685 ====> Recall@10: 0.6130
2020-01-31 15:29:49,685 ====> Recall@15: 0.6380
2020-01-31 15:29:49,685 ====> Recall@20: 0.6629
2020-01-31 15:29:49,686 ====> Recall@25: 0.6794
2020-01-31 15:29:50,144 ====> Building Cache
2020-01-31 15:29:50,144 feature cache--->>> /home/annora/NetVLAD/output/train_feat_cache2.hdf5
2020-01-31 15:31:27,129 Allocated:119.78369140625 MB
2020-01-31 15:31:27,129 Cached:4213.875 MB
2020-01-31 15:34:22,300 ==> Epoch[10](50/534): Loss: 0.1031
2020-01-31 15:34:22,303 Allocated:122.15869140625 MB
2020-01-31 15:34:22,304 Cached:7737.0 MB
2020-01-31 15:36:19,818 ==> Epoch[10](100/534): Loss: 0.0880
2020-01-31 15:36:19,821 Allocated:121.28369140625 MB
2020-01-31 15:36:19,821 Cached:8975.0 MB
2020-01-31 15:38:29,149 ==> Epoch[10](150/534): Loss: 0.1005
2020-01-31 15:38:29,152 Allocated:121.15869140625 MB
2020-01-31 15:38:29,152 Cached:8975.0 MB
2020-01-31 15:39:31,710 ====> Building Cache
2020-01-31 15:39:31,711 feature cache--->>> /home/annora/NetVLAD/output/train_feat_cache2.hdf5
2020-01-31 15:41:17,703 Allocated:121.908203125 MB
2020-01-31 15:41:17,703 Cached:3387.25 MB
2020-01-31 15:43:13,352 ==> Epoch[10](200/534): Loss: 0.1812
2020-01-31 15:43:13,356 Allocated:121.15869140625 MB
2020-01-31 15:43:13,357 Cached:9774.5 MB
2020-01-31 15:45:21,085 ==> Epoch[10](250/534): Loss: 0.1124
2020-01-31 15:45:21,091 Allocated:121.15869140625 MB
2020-01-31 15:45:21,092 Cached:9774.5 MB
2020-01-31 15:47:28,307 ==> Epoch[10](300/534): Loss: 0.1475
2020-01-31 15:47:28,311 Allocated:122.53369140625 MB
2020-01-31 15:47:28,311 Cached:9774.5 MB
2020-01-31 15:49:25,964 ==> Epoch[10](350/534): Loss: 0.1188
2020-01-31 15:49:25,967 Allocated:121.53369140625 MB
2020-01-31 15:49:25,968 Cached:9774.5 MB
2020-01-31 15:49:40,674 ====> Building Cache
2020-01-31 15:49:40,676 feature cache--->>> /home/annora/NetVLAD/output/train_feat_cache2.hdf5
2020-01-31 15:51:16,898 Allocated:121.158203125 MB
2020-01-31 15:51:16,899 Cached:3387.25 MB
2020-01-31 15:54:00,651 ==> Epoch[10](400/534): Loss: 0.1062
2020-01-31 15:54:00,654 Allocated:121.90869140625 MB
2020-01-31 15:54:00,654 Cached:9236.375 MB
2020-01-31 15:55:57,533 ==> Epoch[10](450/534): Loss: 0.1608
2020-01-31 15:55:57,536 Allocated:121.90869140625 MB
2020-01-31 15:55:57,536 Cached:9236.375 MB
2020-01-31 15:57:58,228 ==> Epoch[10](500/534): Loss: 0.1048
2020-01-31 15:57:58,231 Allocated:122.03369140625 MB
2020-01-31 15:57:58,232 Cached:5990.375 MB
2020-01-31 15:59:17,141 ===> Epoch 10 Complete: Avg. Loss: 0.1147
2020-01-31 15:59:17,144 ====> Extracting Features
2020-01-31 16:00:04,769 ==> Batch (50/108)
2020-01-31 16:00:34,083 ==> Batch (100/108)
2020-01-31 16:00:38,764 ====> Building faiss index
2020-01-31 16:00:39,119 ====> Calculating recall @ N
2020-01-31 16:00:41,434 ====> Recall@1: 0.4414
2020-01-31 16:00:41,435 ====> Recall@2: 0.4933
2020-01-31 16:00:41,436 ====> Recall@3: 0.5197
2020-01-31 16:00:41,436 ====> Recall@4: 0.5414
2020-01-31 16:00:41,436 ====> Recall@5: 0.5562
2020-01-31 16:00:41,436 ====> Recall@10: 0.6058
2020-01-31 16:00:41,436 ====> Recall@15: 0.6330
2020-01-31 16:00:41,436 ====> Recall@20: 0.6548
2020-01-31 16:00:41,437 ====> Recall@25: 0.6722
2020-01-31 16:00:41,866 ====> Building Cache
2020-01-31 16:00:41,866 feature cache--->>> /home/annora/NetVLAD/output/train_feat_cache2.hdf5
2020-01-31 16:02:36,872 Allocated:120.28369140625 MB
2020-01-31 16:02:36,872 Cached:4341.625 MB
2020-01-31 16:05:35,330 ==> Epoch[11](50/534): Loss: 0.0938
2020-01-31 16:05:35,333 Allocated:121.28369140625 MB
2020-01-31 16:05:35,333 Cached:9036.0 MB
2020-01-31 16:07:46,525 ==> Epoch[11](100/534): Loss: 0.0813
2020-01-31 16:07:46,540 Allocated:121.15869140625 MB
2020-01-31 16:07:46,541 Cached:9036.0 MB
2020-01-31 16:09:52,487 ==> Epoch[11](150/534): Loss: 0.0559
2020-01-31 16:09:52,489 Allocated:121.15869140625 MB
2020-01-31 16:09:52,489 Cached:4178.75 MB
2020-01-31 16:10:54,956 ====> Building Cache
2020-01-31 16:10:54,957 feature cache--->>> /home/annora/NetVLAD/output/train_feat_cache2.hdf5
2020-01-31 16:12:34,171 Allocated:122.658203125 MB
2020-01-31 16:12:34,172 Cached:3449.75 MB
2020-01-31 16:14:23,175 ==> Epoch[11](200/534): Loss: 0.0819
2020-01-31 16:14:23,179 Allocated:121.53369140625 MB
2020-01-31 16:14:23,179 Cached:5923.75 MB
2020-01-31 16:16:37,708 ==> Epoch[11](250/534): Loss: 0.1844
2020-01-31 16:16:37,710 Allocated:121.40869140625 MB
2020-01-31 16:16:37,710 Cached:9761.875 MB
2020-01-31 16:18:52,948 ==> Epoch[11](300/534): Loss: 0.1372
2020-01-31 16:18:52,951 Allocated:122.03369140625 MB
2020-01-31 16:18:52,951 Cached:9761.875 MB
2020-01-31 16:21:06,678 ==> Epoch[11](350/534): Loss: 0.0858
2020-01-31 16:21:06,680 Allocated:121.28369140625 MB
2020-01-31 16:21:06,681 Cached:9761.875 MB
2020-01-31 16:21:20,923 ====> Building Cache
2020-01-31 16:21:20,924 feature cache--->>> /home/annora/NetVLAD/output/train_feat_cache2.hdf5
2020-01-31 16:22:59,838 Allocated:122.783203125 MB
2020-01-31 16:22:59,838 Cached:3559.625 MB
2020-01-31 16:25:34,850 ==> Epoch[11](400/534): Loss: 0.1444
2020-01-31 16:25:34,853 Allocated:121.15869140625 MB
2020-01-31 16:25:34,854 Cached:5932.875 MB
2020-01-31 16:27:37,352 ==> Epoch[11](450/534): Loss: 0.0747
2020-01-31 16:27:37,354 Allocated:122.03369140625 MB
2020-01-31 16:27:37,354 Cached:5932.875 MB
2020-01-31 16:29:50,165 ==> Epoch[11](500/534): Loss: 0.0846
2020-01-31 16:29:50,167 Allocated:122.03369140625 MB
2020-01-31 16:29:50,167 Cached:5932.875 MB
2020-01-31 16:31:17,258 ===> Epoch 11 Complete: Avg. Loss: 0.1135
2020-01-31 16:31:17,260 ====> Extracting Features
2020-01-31 16:32:01,718 ==> Batch (50/108)
2020-01-31 16:32:29,430 ==> Batch (100/108)
2020-01-31 16:32:34,333 ====> Building faiss index
2020-01-31 16:32:34,693 ====> Calculating recall @ N
2020-01-31 16:32:37,030 ====> Recall@1: 0.4391
2020-01-31 16:32:37,031 ====> Recall@2: 0.4942
2020-01-31 16:32:37,031 ====> Recall@3: 0.5194
2020-01-31 16:32:37,031 ====> Recall@4: 0.5374
2020-01-31 16:32:37,032 ====> Recall@5: 0.5554
2020-01-31 16:32:37,032 ====> Recall@10: 0.6052
2020-01-31 16:32:37,032 ====> Recall@15: 0.6301
2020-01-31 16:32:37,032 ====> Recall@20: 0.6539
2020-01-31 16:32:37,032 ====> Recall@25: 0.6701
2020-01-31 16:32:37,488 ====> Building Cache
2020-01-31 16:32:37,489 feature cache--->>> /home/annora/NetVLAD/output/train_feat_cache2.hdf5
2020-01-31 16:34:16,256 Allocated:119.40869140625 MB
2020-01-31 16:34:16,256 Cached:4477.25 MB
2020-01-31 16:37:10,324 ==> Epoch[12](50/534): Loss: 0.0659
2020-01-31 16:37:10,327 Allocated:121.28369140625 MB
2020-01-31 16:37:10,327 Cached:6792.25 MB
2020-01-31 16:39:16,963 ==> Epoch[12](100/534): Loss: 0.0505
2020-01-31 16:39:16,965 Allocated:121.78369140625 MB
2020-01-31 16:39:16,966 Cached:6792.25 MB
2020-01-31 16:41:26,735 ==> Epoch[12](150/534): Loss: 0.0511
2020-01-31 16:41:26,738 Allocated:121.28369140625 MB
2020-01-31 16:41:26,738 Cached:4997.0 MB
2020-01-31 16:42:38,456 ====> Building Cache
2020-01-31 16:42:38,457 feature cache--->>> /home/annora/NetVLAD/output/train_feat_cache2.hdf5
2020-01-31 16:44:17,925 Allocated:121.158203125 MB
2020-01-31 16:44:17,925 Cached:3425.125 MB
2020-01-31 16:46:22,163 ==> Epoch[12](200/534): Loss: 0.1704
2020-01-31 16:46:22,166 Allocated:121.15869140625 MB
2020-01-31 16:46:22,166 Cached:8325.25 MB
2020-01-31 16:48:29,820 ==> Epoch[12](250/534): Loss: 0.1799
2020-01-31 16:48:29,823 Allocated:122.03369140625 MB
2020-01-31 16:48:29,823 Cached:4879.875 MB
2020-01-31 16:50:46,544 ==> Epoch[12](300/534): Loss: 0.0727
2020-01-31 16:50:46,548 Allocated:121.90869140625 MB
2020-01-31 16:50:46,548 Cached:4880.875 MB
2020-01-31 16:53:00,912 ==> Epoch[12](350/534): Loss: 0.1196
2020-01-31 16:53:00,914 Allocated:121.28369140625 MB
2020-01-31 16:53:00,915 Cached:4880.875 MB
2020-01-31 16:53:15,549 ====> Building Cache
2020-01-31 16:53:15,550 feature cache--->>> /home/annora/NetVLAD/output/train_feat_cache2.hdf5
2020-01-31 16:55:11,193 Allocated:121.283203125 MB
2020-01-31 16:55:11,194 Cached:3394.625 MB
2020-01-31 16:57:53,472 ==> Epoch[12](400/534): Loss: 0.0869
2020-01-31 16:57:53,474 Allocated:121.15869140625 MB
2020-01-31 16:57:53,474 Cached:8082.375 MB
2020-01-31 16:59:52,991 ==> Epoch[12](450/534): Loss: 0.1119
2020-01-31 16:59:52,995 Allocated:121.40869140625 MB
2020-01-31 16:59:52,995 Cached:8082.375 MB
2020-01-31 17:01:56,110 ==> Epoch[12](500/534): Loss: 0.1333
2020-01-31 17:01:56,113 Allocated:122.40869140625 MB
2020-01-31 17:01:56,113 Cached:8082.375 MB
2020-01-31 17:03:19,736 ===> Epoch 12 Complete: Avg. Loss: 0.1125
2020-01-31 17:03:19,738 ====> Extracting Features
2020-01-31 17:04:07,893 ==> Batch (50/108)
2020-01-31 17:04:35,495 ==> Batch (100/108)
2020-01-31 17:04:40,061 ====> Building faiss index
2020-01-31 17:04:40,427 ====> Calculating recall @ N
2020-01-31 17:04:43,414 ====> Recall@1: 0.4406
2020-01-31 17:04:43,414 ====> Recall@2: 0.4925
2020-01-31 17:04:43,415 ====> Recall@3: 0.5188
2020-01-31 17:04:43,415 ====> Recall@4: 0.5400
2020-01-31 17:04:43,415 ====> Recall@5: 0.5548
2020-01-31 17:04:43,415 ====> Recall@10: 0.6058
2020-01-31 17:04:43,416 ====> Recall@15: 0.6342
2020-01-31 17:04:43,416 ====> Recall@20: 0.6565
2020-01-31 17:04:43,416 ====> Recall@25: 0.6693
2020-01-31 17:04:43,916 ====> Building Cache
2020-01-31 17:04:43,917 feature cache--->>> /home/annora/NetVLAD/output/train_feat_cache2.hdf5
2020-01-31 17:06:35,994 Allocated:119.28369140625 MB
2020-01-31 17:06:35,995 Cached:4157.25 MB
2020-01-31 17:09:37,847 ==> Epoch[13](50/534): Loss: 0.0695
2020-01-31 17:09:37,849 Allocated:121.15869140625 MB
2020-01-31 17:09:37,849 Cached:6435.0 MB
2020-01-31 17:11:52,164 ==> Epoch[13](100/534): Loss: 0.0204
2020-01-31 17:11:52,179 Allocated:122.03369140625 MB
2020-01-31 17:11:52,180 Cached:4058.375 MB
2020-01-31 17:14:12,793 ==> Epoch[13](150/534): Loss: 0.0530
2020-01-31 17:14:12,795 Allocated:122.15869140625 MB
2020-01-31 17:14:12,795 Cached:4058.375 MB
2020-01-31 17:15:23,505 ====> Building Cache
2020-01-31 17:15:23,506 feature cache--->>> /home/annora/NetVLAD/output/train_feat_cache2.hdf5
2020-01-31 17:17:20,147 Allocated:121.408203125 MB
2020-01-31 17:17:20,148 Cached:3424.875 MB
2020-01-31 17:19:19,799 ==> Epoch[13](200/534): Loss: 0.1486
2020-01-31 17:19:19,802 Allocated:121.40869140625 MB
2020-01-31 17:19:19,802 Cached:7091.25 MB
2020-01-31 17:21:35,087 ==> Epoch[13](250/534): Loss: 0.1931
2020-01-31 17:21:35,089 Allocated:122.03369140625 MB
2020-01-31 17:21:35,090 Cached:7091.25 MB
2020-01-31 17:23:42,425 ==> Epoch[13](300/534): Loss: 0.1110
2020-01-31 17:23:42,428 Allocated:121.15869140625 MB
2020-01-31 17:23:42,428 Cached:5712.0 MB
2020-01-31 17:26:03,841 ==> Epoch[13](350/534): Loss: 0.1153
2020-01-31 17:26:03,844 Allocated:121.40869140625 MB
2020-01-31 17:26:03,844 Cached:5712.0 MB
2020-01-31 17:26:20,978 ====> Building Cache
2020-01-31 17:26:20,979 feature cache--->>> /home/annora/NetVLAD/output/train_feat_cache2.hdf5
2020-01-31 17:28:13,188 Allocated:122.533203125 MB
2020-01-31 17:28:13,188 Cached:4154.875 MB
2020-01-31 17:31:02,640 ==> Epoch[13](400/534): Loss: 0.1714
2020-01-31 17:31:02,644 Allocated:122.40869140625 MB
2020-01-31 17:31:02,644 Cached:5300.875 MB
2020-01-31 17:33:11,415 ==> Epoch[13](450/534): Loss: 0.0909
2020-01-31 17:33:11,418 Allocated:121.53369140625 MB
2020-01-31 17:33:11,418 Cached:8908.375 MB
2020-01-31 17:35:29,412 ==> Epoch[13](500/534): Loss: 0.0334
2020-01-31 17:35:29,416 Allocated:123.78369140625 MB
2020-01-31 17:35:29,417 Cached:8908.375 MB
2020-01-31 17:36:58,272 ===> Epoch 13 Complete: Avg. Loss: 0.1113
2020-01-31 17:36:58,273 ====> Extracting Features
2020-01-31 17:37:48,396 ==> Batch (50/108)
2020-01-31 17:38:21,094 ==> Batch (100/108)
2020-01-31 17:38:25,630 ====> Building faiss index
2020-01-31 17:38:26,023 ====> Calculating recall @ N
2020-01-31 17:38:28,683 ====> Recall@1: 0.4394
2020-01-31 17:38:28,683 ====> Recall@2: 0.4930
2020-01-31 17:38:28,684 ====> Recall@3: 0.5186
2020-01-31 17:38:28,684 ====> Recall@4: 0.5386
2020-01-31 17:38:28,684 ====> Recall@5: 0.5536
2020-01-31 17:38:28,684 ====> Recall@10: 0.6023
2020-01-31 17:38:28,685 ====> Recall@15: 0.6336
2020-01-31 17:38:28,685 ====> Recall@20: 0.6554
2020-01-31 17:38:28,685 ====> Recall@25: 0.6699
2020-01-31 17:38:29,153 Performance did not improve for 10 epochs. Stopping.
2020-01-31 17:38:29,153 => Best Recall@5: 0.5954
