2020-01-12 21:11:44,928 Namespace(arch='alexnet', batchSize=12, cacheBatchSize=96, cachePath='/home/annora/NetVLAD/output/', cacheRefreshRate=3000, ckpt='best', contilearn=False, dataPath='/home/annora/NetVLAD/output/data/', dataset='robotcar', evalEvery=1, fromscratch=False, fromtask='/home/annora/NetVLAD/output/runs/2020-01-12-15-03-37_alexnet_netvlad', lr=0.001, lrGamma=0.5, lrStep=5, margin=0.1, mode='train', momentum=0.9, nEpochs=30, nGPU=1, nocuda=False, num_clusters=64, optim='SGD', patience=10, pooling='netvlad', premodel='places', resume='', runsPath='/home/annora/NetVLAD/output/runs/', savePath='checkpoints', seed=123, split='val', start_epoch=0, threads=8, vladv2=False, weightDecay=0.001)
2020-01-12 21:11:45,019 ===> Loading dataset(s)
2020-01-12 21:11:45,020 trainfile ------>>>>>> oxRobocar_doubleN_train.mat
2020-01-12 21:11:47,676 ====> Training set: oxRobocar_doubleN_train.mat, query set count: 6404
2020-01-12 21:11:47,774 ===> Evaluating on val set: oxRobocar_doubleN_val.mat, query count: 3450
2020-01-12 21:11:47,774 ===> Building model
2020-01-12 21:11:47,827 encoder moder:
AlexNet(
  (conv1): Sequential(
    (0): Conv2d(3, 64, kernel_size=(11, 11), stride=(4, 4), padding=(2, 2))
    (1): ReLU(inplace)
    (2): MaxPool2d(kernel_size=3, stride=2, padding=0, dilation=1, ceil_mode=False)
  )
  (conv2): Sequential(
    (0): Conv2d(64, 192, kernel_size=(5, 5), stride=(1, 1), padding=(2, 2))
    (1): ReLU(inplace)
    (2): MaxPool2d(kernel_size=3, stride=2, padding=0, dilation=1, ceil_mode=False)
  )
  (conv3): Sequential(
    (0): Conv2d(192, 384, kernel_size=(3, 3), stride=(1, 1), padding=(1, 1))
    (1): ReLU(inplace)
  )
  (conv4): Sequential(
    (0): Conv2d(384, 256, kernel_size=(3, 3), stride=(1, 1), padding=(1, 1))
    (1): ReLU(inplace)
  )
  (conv5): Sequential(
    (0): Conv2d(256, 256, kernel_size=(3, 3), stride=(1, 1), padding=(1, 1))
  )
)
2020-01-12 21:11:54,183 => loading checkpoint '/home/annora/NetVLAD/output/runs/2020-01-12-15-03-37_alexnet_netvlad/checkpoints/model_best.pth.tar'
2020-01-12 21:11:54,239 => loaded checkpoint '/home/annora/NetVLAD/output/runs/2020-01-12-15-03-37_alexnet_netvlad/checkpoints/model_best.pth.tar' 
2020-01-12 21:11:54,240 ===> Training model
2020-01-12 21:11:54,242 ===> Saving state to: /home/annora/NetVLAD/output/runs/2020-01-12-21-11-54_alexnet_netvlad
2020-01-12 21:11:54,242 ====> Building Cache
2020-01-12 21:11:54,242 feature cache--->>> /home/annora/NetVLAD/output/train_feat_cache3.hdf5
2020-01-12 21:13:22,936 Allocated:11.71826171875 MB
2020-01-12 21:13:22,937 Cached:2776.125 MB
2020-01-12 21:15:31,901 ==> Epoch[1](50/534): Loss: 0.0492
2020-01-12 21:15:31,905 Allocated:34.15576171875 MB
2020-01-12 21:15:31,905 Cached:5190.625 MB
2020-01-12 21:17:04,234 ==> Epoch[1](100/534): Loss: 0.0691
2020-01-12 21:17:04,236 Allocated:34.15576171875 MB
2020-01-12 21:17:04,237 Cached:5190.625 MB
2020-01-12 21:18:26,585 ==> Epoch[1](150/534): Loss: 0.0710
2020-01-12 21:18:26,587 Allocated:34.15576171875 MB
2020-01-12 21:18:26,588 Cached:5190.625 MB
2020-01-12 21:19:13,429 ====> Building Cache
2020-01-12 21:19:13,430 feature cache--->>> /home/annora/NetVLAD/output/train_feat_cache3.hdf5
2020-01-12 21:20:57,559 Allocated:34.1552734375 MB
2020-01-12 21:20:57,560 Cached:3293.625 MB
2020-01-12 21:22:19,985 ==> Epoch[1](200/534): Loss: 0.0987
2020-01-12 21:22:19,989 Allocated:34.15576171875 MB
2020-01-12 21:22:19,989 Cached:8379.0 MB
2020-01-12 21:23:39,537 ==> Epoch[1](250/534): Loss: 0.0722
2020-01-12 21:23:39,539 Allocated:34.15576171875 MB
2020-01-12 21:23:39,540 Cached:5648.5 MB
2020-01-12 21:25:09,922 ==> Epoch[1](300/534): Loss: 0.0877
2020-01-12 21:25:09,924 Allocated:34.15576171875 MB
2020-01-12 21:25:09,924 Cached:5648.5 MB
2020-01-12 21:26:27,722 ==> Epoch[1](350/534): Loss: 0.0523
2020-01-12 21:26:27,723 Allocated:34.15576171875 MB
2020-01-12 21:26:27,724 Cached:5648.5 MB
2020-01-12 21:26:37,899 ====> Building Cache
2020-01-12 21:26:37,900 feature cache--->>> /home/annora/NetVLAD/output/train_feat_cache3.hdf5
2020-01-12 21:28:06,230 Allocated:34.1552734375 MB
2020-01-12 21:28:06,231 Cached:3294.625 MB
2020-01-12 21:29:53,006 ==> Epoch[1](400/534): Loss: 0.0917
2020-01-12 21:29:53,008 Allocated:34.15576171875 MB
2020-01-12 21:29:53,009 Cached:8052.5 MB
2020-01-12 21:31:09,067 ==> Epoch[1](450/534): Loss: 0.0656
2020-01-12 21:31:09,070 Allocated:34.15576171875 MB
2020-01-12 21:31:09,070 Cached:8052.5 MB
2020-01-12 21:32:25,642 ==> Epoch[1](500/534): Loss: 0.0533
2020-01-12 21:32:25,645 Allocated:34.15576171875 MB
2020-01-12 21:32:25,646 Cached:9273.5 MB
2020-01-12 21:33:22,767 ===> Epoch 1 Complete: Avg. Loss: 0.0905
2020-01-12 21:33:22,769 ====> Extracting Features
2020-01-12 21:33:58,506 ==> Batch (50/108)
2020-01-12 21:34:20,901 ==> Batch (100/108)
2020-01-12 21:34:25,117 ====> Building faiss index
2020-01-12 21:34:25,457 ====> Calculating recall @ N
2020-01-12 21:34:27,537 ====> Recall@1: 0.7249
2020-01-12 21:34:27,537 ====> Recall@2: 0.7403
2020-01-12 21:34:27,538 ====> Recall@3: 0.7510
2020-01-12 21:34:27,538 ====> Recall@4: 0.7577
2020-01-12 21:34:27,538 ====> Recall@5: 0.7661
2020-01-12 21:34:27,538 ====> Recall@10: 0.7817
2020-01-12 21:34:27,538 ====> Recall@15: 0.7899
2020-01-12 21:34:27,539 ====> Recall@20: 0.7948
2020-01-12 21:34:27,539 ====> Recall@25: 0.7997
2020-01-12 21:34:27,636 ====> Building Cache
2020-01-12 21:34:27,636 feature cache--->>> /home/annora/NetVLAD/output/train_feat_cache3.hdf5
2020-01-12 21:35:57,831 Allocated:32.15576171875 MB
2020-01-12 21:35:57,832 Cached:3993.125 MB
2020-01-12 21:38:10,066 ==> Epoch[2](50/534): Loss: 0.0731
2020-01-12 21:38:10,068 Allocated:34.15576171875 MB
2020-01-12 21:38:10,068 Cached:7555.375 MB
2020-01-12 21:40:01,135 ==> Epoch[2](100/534): Loss: 0.0672
2020-01-12 21:40:01,138 Allocated:34.15576171875 MB
2020-01-12 21:40:01,139 Cached:7555.375 MB
2020-01-12 21:41:49,748 ==> Epoch[2](150/534): Loss: 0.0596
2020-01-12 21:41:49,752 Allocated:34.15576171875 MB
2020-01-12 21:41:49,753 Cached:8793.375 MB
2020-01-12 21:42:46,043 ====> Building Cache
2020-01-12 21:42:46,045 feature cache--->>> /home/annora/NetVLAD/output/train_feat_cache3.hdf5
2020-01-12 21:44:47,713 Allocated:34.1552734375 MB
2020-01-12 21:44:47,715 Cached:3294.625 MB
2020-01-12 21:46:32,623 ==> Epoch[2](200/534): Loss: 0.1327
2020-01-12 21:46:32,642 Allocated:34.15576171875 MB
2020-01-12 21:46:32,643 Cached:8104.5 MB
2020-01-12 21:48:14,825 ==> Epoch[2](250/534): Loss: 0.0563
2020-01-12 21:48:14,827 Allocated:34.15576171875 MB
2020-01-12 21:48:14,827 Cached:9344.625 MB
2020-01-12 21:49:58,616 ==> Epoch[2](300/534): Loss: 0.0417
2020-01-12 21:49:58,619 Allocated:34.15576171875 MB
2020-01-12 21:49:58,619 Cached:4464.375 MB
2020-01-12 21:52:02,219 ==> Epoch[2](350/534): Loss: 0.1297
2020-01-12 21:52:02,223 Allocated:34.15576171875 MB
2020-01-12 21:52:02,223 Cached:4464.375 MB
2020-01-12 21:52:14,665 ====> Building Cache
2020-01-12 21:52:14,666 feature cache--->>> /home/annora/NetVLAD/output/train_feat_cache3.hdf5
2020-01-12 21:54:10,271 Allocated:34.1552734375 MB
2020-01-12 21:54:10,272 Cached:3294.625 MB
2020-01-12 21:56:49,822 ==> Epoch[2](400/534): Loss: 0.0546
2020-01-12 21:56:49,844 Allocated:34.15576171875 MB
2020-01-12 21:56:49,845 Cached:4479.875 MB
2020-01-12 21:58:14,994 ==> Epoch[2](450/534): Loss: 0.0375
2020-01-12 21:58:14,998 Allocated:34.15576171875 MB
2020-01-12 21:58:14,999 Cached:4479.875 MB
2020-01-12 21:59:30,107 ==> Epoch[2](500/534): Loss: 0.0531
2020-01-12 21:59:30,110 Allocated:34.15576171875 MB
2020-01-12 21:59:30,110 Cached:5679.625 MB
2020-01-12 22:00:30,468 ===> Epoch 2 Complete: Avg. Loss: 0.0747
2020-01-12 22:00:30,472 ====> Extracting Features
2020-01-12 22:01:16,380 ==> Batch (50/108)
2020-01-12 22:01:47,297 ==> Batch (100/108)
2020-01-12 22:01:54,888 ====> Building faiss index
2020-01-12 22:01:55,382 ====> Calculating recall @ N
2020-01-12 22:01:59,896 ====> Recall@1: 0.7371
2020-01-12 22:01:59,897 ====> Recall@2: 0.7507
2020-01-12 22:01:59,898 ====> Recall@3: 0.7623
2020-01-12 22:01:59,899 ====> Recall@4: 0.7699
2020-01-12 22:01:59,899 ====> Recall@5: 0.7736
2020-01-12 22:01:59,899 ====> Recall@10: 0.7852
2020-01-12 22:01:59,899 ====> Recall@15: 0.7922
2020-01-12 22:01:59,900 ====> Recall@20: 0.7971
2020-01-12 22:01:59,900 ====> Recall@25: 0.7994
2020-01-12 22:02:00,125 ====> Building Cache
2020-01-12 22:02:00,126 feature cache--->>> /home/annora/NetVLAD/output/train_feat_cache3.hdf5
2020-01-12 22:04:07,614 Allocated:32.15576171875 MB
2020-01-12 22:04:07,615 Cached:3993.125 MB
2020-01-12 22:06:56,553 ==> Epoch[3](50/534): Loss: 0.0318
2020-01-12 22:06:56,557 Allocated:34.15576171875 MB
2020-01-12 22:06:56,558 Cached:5218.625 MB
2020-01-12 22:08:33,093 ==> Epoch[3](100/534): Loss: 0.0399
2020-01-12 22:08:33,097 Allocated:34.15576171875 MB
2020-01-12 22:08:33,098 Cached:5218.625 MB
2020-01-12 22:10:09,806 ==> Epoch[3](150/534): Loss: 0.0536
2020-01-12 22:10:09,811 Allocated:34.15576171875 MB
2020-01-12 22:10:09,811 Cached:5218.625 MB
2020-01-12 22:10:56,697 ====> Building Cache
2020-01-12 22:10:56,698 feature cache--->>> /home/annora/NetVLAD/output/train_feat_cache3.hdf5
2020-01-12 22:12:47,448 Allocated:34.1552734375 MB
2020-01-12 22:12:47,448 Cached:3294.625 MB
2020-01-12 22:14:28,466 ==> Epoch[3](200/534): Loss: 0.1044
2020-01-12 22:14:28,470 Allocated:34.15576171875 MB
2020-01-12 22:14:28,470 Cached:4539.25 MB
2020-01-12 22:16:37,688 ==> Epoch[3](250/534): Loss: 0.1850
2020-01-12 22:16:37,693 Allocated:34.15576171875 MB
2020-01-12 22:16:37,693 Cached:4539.25 MB
2020-01-12 22:18:51,705 ==> Epoch[3](300/534): Loss: 0.0875
2020-01-12 22:18:51,707 Allocated:34.15576171875 MB
2020-01-12 22:18:51,707 Cached:4539.25 MB
2020-01-12 22:20:03,864 ==> Epoch[3](350/534): Loss: 0.1374
2020-01-12 22:20:03,866 Allocated:34.15576171875 MB
2020-01-12 22:20:03,866 Cached:4539.25 MB
2020-01-12 22:20:14,058 ====> Building Cache
2020-01-12 22:20:14,059 feature cache--->>> /home/annora/NetVLAD/output/train_feat_cache3.hdf5
2020-01-12 22:21:44,944 Allocated:34.1552734375 MB
2020-01-12 22:21:44,944 Cached:3294.625 MB
2020-01-12 22:23:19,261 ==> Epoch[3](400/534): Loss: 0.0431
2020-01-12 22:23:19,263 Allocated:34.15576171875 MB
2020-01-12 22:23:19,263 Cached:4473.5 MB
2020-01-12 22:24:28,610 ==> Epoch[3](450/534): Loss: 0.0450
2020-01-12 22:24:28,613 Allocated:34.15576171875 MB
2020-01-12 22:24:28,613 Cached:4473.5 MB
2020-01-12 22:25:36,113 ==> Epoch[3](500/534): Loss: 0.0598
2020-01-12 22:25:36,115 Allocated:34.15576171875 MB
2020-01-12 22:25:36,115 Cached:4473.5 MB
2020-01-12 22:26:27,283 ===> Epoch 3 Complete: Avg. Loss: 0.0670
2020-01-12 22:26:27,285 ====> Extracting Features
2020-01-12 22:27:03,910 ==> Batch (50/108)
2020-01-12 22:27:26,920 ==> Batch (100/108)
2020-01-12 22:27:31,739 ====> Building faiss index
2020-01-12 22:27:32,104 ====> Calculating recall @ N
2020-01-12 22:27:34,224 ====> Recall@1: 0.7406
2020-01-12 22:27:34,225 ====> Recall@2: 0.7536
2020-01-12 22:27:34,225 ====> Recall@3: 0.7594
2020-01-12 22:27:34,225 ====> Recall@4: 0.7658
2020-01-12 22:27:34,226 ====> Recall@5: 0.7707
2020-01-12 22:27:34,226 ====> Recall@10: 0.7861
2020-01-12 22:27:34,226 ====> Recall@15: 0.7936
2020-01-12 22:27:34,226 ====> Recall@20: 0.7974
2020-01-12 22:27:34,226 ====> Recall@25: 0.7994
2020-01-12 22:27:34,351 ====> Building Cache
2020-01-12 22:27:34,352 feature cache--->>> /home/annora/NetVLAD/output/train_feat_cache3.hdf5
2020-01-12 22:29:03,182 Allocated:32.15576171875 MB
2020-01-12 22:29:03,183 Cached:3993.125 MB
2020-01-12 22:30:49,721 ==> Epoch[4](50/534): Loss: 0.0139
2020-01-12 22:30:49,724 Allocated:34.15576171875 MB
2020-01-12 22:30:49,725 Cached:4003.125 MB
2020-01-12 22:32:01,536 ==> Epoch[4](100/534): Loss: 0.0008
2020-01-12 22:32:01,540 Allocated:34.15576171875 MB
2020-01-12 22:32:01,540 Cached:4003.125 MB
2020-01-12 22:33:17,268 ==> Epoch[4](150/534): Loss: 0.0325
2020-01-12 22:33:17,271 Allocated:34.15576171875 MB
2020-01-12 22:33:17,271 Cached:5148.625 MB
2020-01-12 22:33:59,509 ====> Building Cache
2020-01-12 22:33:59,510 feature cache--->>> /home/annora/NetVLAD/output/train_feat_cache3.hdf5
2020-01-12 22:35:42,447 Allocated:34.1552734375 MB
2020-01-12 22:35:42,449 Cached:3294.625 MB
2020-01-12 22:36:59,247 ==> Epoch[4](200/534): Loss: 0.1326
2020-01-12 22:36:59,254 Allocated:34.15576171875 MB
2020-01-12 22:36:59,255 Cached:4443.75 MB
2020-01-12 22:38:43,770 ==> Epoch[4](250/534): Loss: 0.1069
2020-01-12 22:38:43,774 Allocated:34.15576171875 MB
2020-01-12 22:38:43,774 Cached:8018.375 MB
2020-01-12 22:40:25,633 ==> Epoch[4](300/534): Loss: 0.1067
2020-01-12 22:40:25,638 Allocated:34.15576171875 MB
2020-01-12 22:40:25,639 Cached:8018.375 MB
2020-01-12 22:41:59,725 ==> Epoch[4](350/534): Loss: 0.0774
2020-01-12 22:41:59,735 Allocated:34.15576171875 MB
2020-01-12 22:41:59,735 Cached:8018.375 MB
2020-01-12 22:42:01,653 ====> Building Cache
2020-01-12 22:42:01,654 feature cache--->>> /home/annora/NetVLAD/output/train_feat_cache3.hdf5
2020-01-12 22:43:40,742 Allocated:34.1552734375 MB
2020-01-12 22:43:40,743 Cached:3294.625 MB
2020-01-12 22:46:12,365 ==> Epoch[4](400/534): Loss: 0.0790
2020-01-12 22:46:12,387 Allocated:34.15576171875 MB
2020-01-12 22:46:12,388 Cached:3303.625 MB
2020-01-12 22:48:42,185 ==> Epoch[4](450/534): Loss: 0.0432
2020-01-12 22:48:42,189 Allocated:34.15576171875 MB
2020-01-12 22:48:42,189 Cached:4434.25 MB
2020-01-12 22:50:56,411 ==> Epoch[4](500/534): Loss: 0.0870
2020-01-12 22:50:56,419 Allocated:34.15576171875 MB
2020-01-12 22:50:56,420 Cached:5566.0 MB
2020-01-12 22:52:37,554 ===> Epoch 4 Complete: Avg. Loss: 0.0640
2020-01-12 22:52:37,559 ====> Extracting Features
2020-01-12 22:53:28,837 ==> Batch (50/108)
2020-01-12 22:54:12,162 ==> Batch (100/108)
2020-01-12 22:54:18,996 ====> Building faiss index
2020-01-12 22:54:19,466 ====> Calculating recall @ N
2020-01-12 22:54:23,870 ====> Recall@1: 0.7278
2020-01-12 22:54:23,871 ====> Recall@2: 0.7435
2020-01-12 22:54:23,872 ====> Recall@3: 0.7516
2020-01-12 22:54:23,872 ====> Recall@4: 0.7591
2020-01-12 22:54:23,873 ====> Recall@5: 0.7638
2020-01-12 22:54:23,873 ====> Recall@10: 0.7786
2020-01-12 22:54:23,873 ====> Recall@15: 0.7872
2020-01-12 22:54:23,873 ====> Recall@20: 0.7945
2020-01-12 22:54:23,873 ====> Recall@25: 0.7971
2020-01-12 22:54:24,066 ====> Building Cache
2020-01-12 22:54:24,067 feature cache--->>> /home/annora/NetVLAD/output/train_feat_cache3.hdf5
2020-01-12 22:56:17,100 Allocated:32.15576171875 MB
2020-01-12 22:56:17,101 Cached:3993.125 MB
2020-01-12 22:58:37,331 ==> Epoch[5](50/534): Loss: 0.0605
2020-01-12 22:58:37,334 Allocated:34.15576171875 MB
2020-01-12 22:58:37,334 Cached:4003.125 MB
2020-01-12 23:00:11,152 ==> Epoch[5](100/534): Loss: 0.0245
2020-01-12 23:00:11,158 Allocated:34.15576171875 MB
2020-01-12 23:00:11,159 Cached:4003.125 MB
2020-01-12 23:01:59,443 ==> Epoch[5](150/534): Loss: 0.0264
2020-01-12 23:01:59,446 Allocated:34.15576171875 MB
2020-01-12 23:01:59,447 Cached:4061.125 MB
2020-01-12 23:02:56,482 ====> Building Cache
2020-01-12 23:02:56,483 feature cache--->>> /home/annora/NetVLAD/output/train_feat_cache3.hdf5
2020-01-12 23:05:08,494 Allocated:34.1552734375 MB
2020-01-12 23:05:08,495 Cached:3294.625 MB
2020-01-12 23:06:36,261 ==> Epoch[5](200/534): Loss: 0.1383
2020-01-12 23:06:36,264 Allocated:34.15576171875 MB
2020-01-12 23:06:36,265 Cached:4453.375 MB
2020-01-12 23:08:15,515 ==> Epoch[5](250/534): Loss: 0.1919
2020-01-12 23:08:15,519 Allocated:34.15576171875 MB
2020-01-12 23:08:15,520 Cached:6817.75 MB
2020-01-12 23:10:23,802 ==> Epoch[5](300/534): Loss: 0.0252
2020-01-12 23:10:23,809 Allocated:34.15576171875 MB
2020-01-12 23:10:23,810 Cached:6817.75 MB
2020-01-12 23:12:14,328 ==> Epoch[5](350/534): Loss: 0.0458
2020-01-12 23:12:14,333 Allocated:34.15576171875 MB
2020-01-12 23:12:14,333 Cached:6817.75 MB
2020-01-12 23:12:27,786 ====> Building Cache
2020-01-12 23:12:27,788 feature cache--->>> /home/annora/NetVLAD/output/train_feat_cache3.hdf5
2020-01-12 23:14:40,519 Allocated:34.1552734375 MB
2020-01-12 23:14:40,520 Cached:3294.625 MB
2020-01-12 23:18:52,386 ==> Epoch[5](400/534): Loss: 0.0102
2020-01-12 23:18:52,404 Allocated:34.15576171875 MB
2020-01-12 23:18:52,406 Cached:3362.625 MB
2020-01-12 23:20:58,653 ==> Epoch[5](450/534): Loss: 0.0449
2020-01-12 23:20:58,658 Allocated:34.15576171875 MB
2020-01-12 23:20:58,658 Cached:3362.625 MB
2020-01-12 23:22:40,508 ==> Epoch[5](500/534): Loss: 0.0224
2020-01-12 23:22:40,511 Allocated:34.15576171875 MB
2020-01-12 23:22:40,512 Cached:3362.625 MB
2020-01-12 23:24:01,982 ===> Epoch 5 Complete: Avg. Loss: 0.0686
2020-01-12 23:24:01,995 ====> Extracting Features
2020-01-12 23:24:58,607 ==> Batch (50/108)
2020-01-12 23:25:32,670 ==> Batch (100/108)
2020-01-12 23:25:38,245 ====> Building faiss index
2020-01-12 23:25:38,664 ====> Calculating recall @ N
2020-01-12 23:25:42,129 ====> Recall@1: 0.7290
2020-01-12 23:25:42,130 ====> Recall@2: 0.7443
2020-01-12 23:25:42,130 ====> Recall@3: 0.7519
2020-01-12 23:25:42,130 ====> Recall@4: 0.7551
2020-01-12 23:25:42,131 ====> Recall@5: 0.7609
2020-01-12 23:25:42,131 ====> Recall@10: 0.7742
2020-01-12 23:25:42,131 ====> Recall@15: 0.7823
2020-01-12 23:25:42,131 ====> Recall@20: 0.7881
2020-01-12 23:25:42,131 ====> Recall@25: 0.7930
2020-01-12 23:25:42,380 ====> Building Cache
2020-01-12 23:25:42,381 feature cache--->>> /home/annora/NetVLAD/output/train_feat_cache3.hdf5
2020-01-12 23:27:42,119 Allocated:32.15576171875 MB
2020-01-12 23:27:42,120 Cached:3993.125 MB
2020-01-12 23:30:30,743 ==> Epoch[6](50/534): Loss: 0.0507
2020-01-12 23:30:30,751 Allocated:34.15576171875 MB
2020-01-12 23:30:30,751 Cached:4061.125 MB
2020-01-12 23:31:38,816 ==> Epoch[6](100/534): Loss: 0.0984
2020-01-12 23:31:38,819 Allocated:34.15576171875 MB
2020-01-12 23:31:38,819 Cached:4062.125 MB
2020-01-12 23:32:50,929 ==> Epoch[6](150/534): Loss: 0.0633
2020-01-12 23:32:50,931 Allocated:34.15576171875 MB
2020-01-12 23:32:50,932 Cached:4062.125 MB
2020-01-12 23:33:34,990 ====> Building Cache
2020-01-12 23:33:34,992 feature cache--->>> /home/annora/NetVLAD/output/train_feat_cache3.hdf5
2020-01-12 23:35:16,332 Allocated:34.1552734375 MB
2020-01-12 23:35:16,333 Cached:3294.625 MB
2020-01-12 23:36:23,403 ==> Epoch[6](200/534): Loss: 0.1800
2020-01-12 23:36:23,405 Allocated:34.15576171875 MB
2020-01-12 23:36:23,405 Cached:3303.625 MB
2020-01-12 23:37:36,648 ==> Epoch[6](250/534): Loss: 0.1093
2020-01-12 23:37:36,651 Allocated:34.15576171875 MB
2020-01-12 23:37:36,651 Cached:5605.25 MB
2020-01-12 23:38:59,869 ==> Epoch[6](300/534): Loss: 0.1506
2020-01-12 23:38:59,872 Allocated:34.15576171875 MB
2020-01-12 23:38:59,872 Cached:5605.25 MB
2020-01-12 23:40:27,200 ==> Epoch[6](350/534): Loss: 0.0661
2020-01-12 23:40:27,202 Allocated:34.15576171875 MB
2020-01-12 23:40:27,202 Cached:5605.25 MB
2020-01-12 23:40:31,491 ====> Building Cache
2020-01-12 23:40:31,492 feature cache--->>> /home/annora/NetVLAD/output/train_feat_cache3.hdf5
2020-01-12 23:42:08,978 Allocated:34.1552734375 MB
2020-01-12 23:42:08,979 Cached:3294.625 MB
2020-01-12 23:43:55,683 ==> Epoch[6](400/534): Loss: 0.0336
2020-01-12 23:43:55,686 Allocated:34.15576171875 MB
2020-01-12 23:43:55,687 Cached:3363.625 MB
2020-01-12 23:45:08,027 ==> Epoch[6](450/534): Loss: 0.0233
2020-01-12 23:45:08,030 Allocated:34.15576171875 MB
2020-01-12 23:45:08,030 Cached:3363.625 MB
2020-01-12 23:46:21,360 ==> Epoch[6](500/534): Loss: 0.0127
2020-01-12 23:46:21,362 Allocated:34.15576171875 MB
2020-01-12 23:46:21,362 Cached:3363.625 MB
2020-01-12 23:47:01,959 ===> Epoch 6 Complete: Avg. Loss: 0.0695
2020-01-12 23:47:01,961 ====> Extracting Features
2020-01-12 23:47:42,226 ==> Batch (50/108)
2020-01-12 23:48:08,102 ==> Batch (100/108)
2020-01-12 23:48:12,903 ====> Building faiss index
2020-01-12 23:48:13,253 ====> Calculating recall @ N
2020-01-12 23:48:15,346 ====> Recall@1: 0.7235
2020-01-12 23:48:15,347 ====> Recall@2: 0.7391
2020-01-12 23:48:15,348 ====> Recall@3: 0.7467
2020-01-12 23:48:15,348 ====> Recall@4: 0.7522
2020-01-12 23:48:15,348 ====> Recall@5: 0.7557
2020-01-12 23:48:15,349 ====> Recall@10: 0.7722
2020-01-12 23:48:15,349 ====> Recall@15: 0.7786
2020-01-12 23:48:15,349 ====> Recall@20: 0.7867
2020-01-12 23:48:15,349 ====> Recall@25: 0.7928
2020-01-12 23:48:15,497 ====> Building Cache
2020-01-12 23:48:15,498 feature cache--->>> /home/annora/NetVLAD/output/train_feat_cache3.hdf5
2020-01-12 23:49:54,096 Allocated:32.15576171875 MB
2020-01-12 23:49:54,097 Cached:3993.125 MB
2020-01-12 23:52:02,905 ==> Epoch[7](50/534): Loss: 0.0302
2020-01-12 23:52:02,907 Allocated:34.15576171875 MB
2020-01-12 23:52:02,908 Cached:4002.125 MB
2020-01-12 23:53:20,367 ==> Epoch[7](100/534): Loss: 0.0739
2020-01-12 23:53:20,370 Allocated:34.15576171875 MB
2020-01-12 23:53:20,370 Cached:4003.125 MB
2020-01-12 23:54:26,383 ==> Epoch[7](150/534): Loss: 0.0669
2020-01-12 23:54:26,386 Allocated:34.15576171875 MB
2020-01-12 23:54:26,386 Cached:4061.125 MB
2020-01-12 23:55:11,360 ====> Building Cache
2020-01-12 23:55:11,361 feature cache--->>> /home/annora/NetVLAD/output/train_feat_cache3.hdf5
2020-01-12 23:56:45,300 Allocated:34.1552734375 MB
2020-01-12 23:56:45,301 Cached:3294.625 MB
2020-01-12 23:57:51,285 ==> Epoch[7](200/534): Loss: 0.1510
2020-01-12 23:57:51,287 Allocated:34.15576171875 MB
2020-01-12 23:57:51,288 Cached:3304.625 MB
2020-01-12 23:59:02,848 ==> Epoch[7](250/534): Loss: 0.0356
2020-01-12 23:59:02,850 Allocated:34.15576171875 MB
2020-01-12 23:59:02,851 Cached:4470.25 MB
2020-01-13 00:00:21,107 ==> Epoch[7](300/534): Loss: 0.1218
2020-01-13 00:00:21,110 Allocated:34.15576171875 MB
2020-01-13 00:00:21,110 Cached:4470.25 MB
2020-01-13 00:01:33,300 ==> Epoch[7](350/534): Loss: 0.1142
2020-01-13 00:01:33,303 Allocated:34.15576171875 MB
2020-01-13 00:01:33,303 Cached:4470.25 MB
2020-01-13 00:01:44,557 ====> Building Cache
2020-01-13 00:01:44,558 feature cache--->>> /home/annora/NetVLAD/output/train_feat_cache3.hdf5
2020-01-13 00:03:17,880 Allocated:34.1552734375 MB
2020-01-13 00:03:17,880 Cached:3294.625 MB
2020-01-13 00:05:04,055 ==> Epoch[7](400/534): Loss: 0.0425
2020-01-13 00:05:04,057 Allocated:34.15576171875 MB
2020-01-13 00:05:04,057 Cached:3303.625 MB
2020-01-13 00:06:10,633 ==> Epoch[7](450/534): Loss: 0.0433
2020-01-13 00:06:10,635 Allocated:34.15576171875 MB
2020-01-13 00:06:10,636 Cached:3363.625 MB
2020-01-13 00:07:17,232 ==> Epoch[7](500/534): Loss: 0.0088
2020-01-13 00:07:17,235 Allocated:34.15576171875 MB
2020-01-13 00:07:17,235 Cached:3363.625 MB
2020-01-13 00:08:06,859 ===> Epoch 7 Complete: Avg. Loss: 0.0675
2020-01-13 00:08:06,861 ====> Extracting Features
2020-01-13 00:08:44,086 ==> Batch (50/108)
2020-01-13 00:09:12,160 ==> Batch (100/108)
2020-01-13 00:09:16,701 ====> Building faiss index
2020-01-13 00:09:17,082 ====> Calculating recall @ N
2020-01-13 00:09:19,261 ====> Recall@1: 0.7206
2020-01-13 00:09:19,262 ====> Recall@2: 0.7362
2020-01-13 00:09:19,262 ====> Recall@3: 0.7452
2020-01-13 00:09:19,262 ====> Recall@4: 0.7490
2020-01-13 00:09:19,263 ====> Recall@5: 0.7548
2020-01-13 00:09:19,263 ====> Recall@10: 0.7655
2020-01-13 00:09:19,263 ====> Recall@15: 0.7725
2020-01-13 00:09:19,263 ====> Recall@20: 0.7786
2020-01-13 00:09:19,263 ====> Recall@25: 0.7832
2020-01-13 00:09:19,391 ====> Building Cache
2020-01-13 00:09:19,391 feature cache--->>> /home/annora/NetVLAD/output/train_feat_cache3.hdf5
2020-01-13 00:10:50,296 Allocated:32.15576171875 MB
2020-01-13 00:10:50,297 Cached:3993.125 MB
2020-01-13 00:12:36,860 ==> Epoch[8](50/534): Loss: 0.0194
2020-01-13 00:12:36,864 Allocated:34.15576171875 MB
2020-01-13 00:12:36,865 Cached:4003.125 MB
2020-01-13 00:13:49,552 ==> Epoch[8](100/534): Loss: 0.0555
2020-01-13 00:13:49,554 Allocated:34.15576171875 MB
2020-01-13 00:13:49,555 Cached:4003.125 MB
2020-01-13 00:14:56,047 ==> Epoch[8](150/534): Loss: 0.0685
2020-01-13 00:14:56,049 Allocated:34.15576171875 MB
2020-01-13 00:14:56,050 Cached:4003.125 MB
2020-01-13 00:15:34,168 ====> Building Cache
2020-01-13 00:15:34,168 feature cache--->>> /home/annora/NetVLAD/output/train_feat_cache3.hdf5
2020-01-13 00:17:05,977 Allocated:34.1552734375 MB
2020-01-13 00:17:05,978 Cached:3294.625 MB
2020-01-13 00:18:12,447 ==> Epoch[8](200/534): Loss: 0.1607
2020-01-13 00:18:12,450 Allocated:34.15576171875 MB
2020-01-13 00:18:12,450 Cached:3304.625 MB
2020-01-13 00:19:24,413 ==> Epoch[8](250/534): Loss: 0.2402
2020-01-13 00:19:24,415 Allocated:34.15576171875 MB
2020-01-13 00:19:24,415 Cached:4440.625 MB
2020-01-13 00:20:43,627 ==> Epoch[8](300/534): Loss: 0.1786
2020-01-13 00:20:43,629 Allocated:34.15576171875 MB
2020-01-13 00:20:43,629 Cached:4440.625 MB
2020-01-13 00:21:54,634 ==> Epoch[8](350/534): Loss: 0.1398
2020-01-13 00:21:54,636 Allocated:34.15576171875 MB
2020-01-13 00:21:54,636 Cached:5602.125 MB
2020-01-13 00:21:58,699 ====> Building Cache
2020-01-13 00:21:58,700 feature cache--->>> /home/annora/NetVLAD/output/train_feat_cache3.hdf5
2020-01-13 00:23:37,174 Allocated:34.1552734375 MB
2020-01-13 00:23:37,174 Cached:3294.625 MB
2020-01-13 00:25:29,038 ==> Epoch[8](400/534): Loss: 0.0473
2020-01-13 00:25:29,040 Allocated:34.15576171875 MB
2020-01-13 00:25:29,041 Cached:3363.625 MB
2020-01-13 00:26:32,702 ==> Epoch[8](450/534): Loss: 0.0184
2020-01-13 00:26:32,704 Allocated:34.15576171875 MB
2020-01-13 00:26:32,704 Cached:3363.625 MB
2020-01-13 00:27:36,555 ==> Epoch[8](500/534): Loss: 0.0316
2020-01-13 00:27:36,557 Allocated:34.15576171875 MB
2020-01-13 00:27:36,557 Cached:3363.625 MB
2020-01-13 00:28:18,789 ===> Epoch 8 Complete: Avg. Loss: 0.0712
2020-01-13 00:28:18,791 ====> Extracting Features
2020-01-13 00:28:56,078 ==> Batch (50/108)
2020-01-13 00:29:19,736 ==> Batch (100/108)
2020-01-13 00:29:24,284 ====> Building faiss index
2020-01-13 00:29:24,646 ====> Calculating recall @ N
2020-01-13 00:29:26,750 ====> Recall@1: 0.7200
2020-01-13 00:29:26,750 ====> Recall@2: 0.7322
2020-01-13 00:29:26,751 ====> Recall@3: 0.7394
2020-01-13 00:29:26,751 ====> Recall@4: 0.7426
2020-01-13 00:29:26,751 ====> Recall@5: 0.7467
2020-01-13 00:29:26,752 ====> Recall@10: 0.7597
2020-01-13 00:29:26,752 ====> Recall@15: 0.7684
2020-01-13 00:29:26,752 ====> Recall@20: 0.7730
2020-01-13 00:29:26,752 ====> Recall@25: 0.7771
2020-01-13 00:29:26,892 ====> Building Cache
2020-01-13 00:29:26,892 feature cache--->>> /home/annora/NetVLAD/output/train_feat_cache3.hdf5
2020-01-13 00:30:58,767 Allocated:32.15576171875 MB
2020-01-13 00:30:58,768 Cached:3993.125 MB
2020-01-13 00:32:41,072 ==> Epoch[9](50/534): Loss: 0.0792
2020-01-13 00:32:41,074 Allocated:34.15576171875 MB
2020-01-13 00:32:41,075 Cached:4061.125 MB
2020-01-13 00:33:54,514 ==> Epoch[9](100/534): Loss: 0.0000
2020-01-13 00:33:54,516 Allocated:34.15576171875 MB
2020-01-13 00:33:54,517 Cached:4062.125 MB
2020-01-13 00:35:00,532 ==> Epoch[9](150/534): Loss: 0.0542
2020-01-13 00:35:00,534 Allocated:34.15576171875 MB
2020-01-13 00:35:00,535 Cached:4062.125 MB
2020-01-13 00:35:33,416 ====> Building Cache
2020-01-13 00:35:33,417 feature cache--->>> /home/annora/NetVLAD/output/train_feat_cache3.hdf5
2020-01-13 00:37:04,010 Allocated:34.1552734375 MB
2020-01-13 00:37:04,010 Cached:3294.625 MB
2020-01-13 00:38:08,761 ==> Epoch[9](200/534): Loss: 0.2323
2020-01-13 00:38:08,763 Allocated:34.15576171875 MB
2020-01-13 00:38:08,764 Cached:4520.125 MB
2020-01-13 00:39:16,612 ==> Epoch[9](250/534): Loss: 0.0981
2020-01-13 00:39:16,615 Allocated:34.15576171875 MB
2020-01-13 00:39:16,615 Cached:4520.125 MB
2020-01-13 00:40:36,569 ==> Epoch[9](300/534): Loss: 0.0812
2020-01-13 00:40:36,579 Allocated:34.15576171875 MB
2020-01-13 00:40:36,579 Cached:4520.125 MB
2020-01-13 00:41:45,990 ==> Epoch[9](350/534): Loss: 0.1394
2020-01-13 00:41:45,991 Allocated:34.15576171875 MB
2020-01-13 00:41:45,992 Cached:4520.125 MB
2020-01-13 00:41:56,587 ====> Building Cache
2020-01-13 00:41:56,588 feature cache--->>> /home/annora/NetVLAD/output/train_feat_cache3.hdf5
2020-01-13 00:43:36,895 Allocated:34.1552734375 MB
2020-01-13 00:43:36,896 Cached:3294.625 MB
2020-01-13 00:45:42,422 ==> Epoch[9](400/534): Loss: 0.0913
2020-01-13 00:45:42,424 Allocated:34.15576171875 MB
2020-01-13 00:45:42,444 Cached:3303.625 MB
2020-01-13 00:47:15,357 ==> Epoch[9](450/534): Loss: 0.0514
2020-01-13 00:47:15,359 Allocated:34.15576171875 MB
2020-01-13 00:47:15,359 Cached:3363.625 MB
2020-01-13 00:48:43,822 ==> Epoch[9](500/534): Loss: 0.0432
2020-01-13 00:48:43,825 Allocated:34.15576171875 MB
2020-01-13 00:48:43,825 Cached:3363.625 MB
2020-01-13 00:49:29,893 ===> Epoch 9 Complete: Avg. Loss: 0.0677
2020-01-13 00:49:29,895 ====> Extracting Features
2020-01-13 00:50:10,058 ==> Batch (50/108)
2020-01-13 00:50:35,177 ==> Batch (100/108)
2020-01-13 00:50:40,188 ====> Building faiss index
2020-01-13 00:50:40,550 ====> Calculating recall @ N
2020-01-13 00:50:42,727 ====> Recall@1: 0.7226
2020-01-13 00:50:42,727 ====> Recall@2: 0.7322
2020-01-13 00:50:42,728 ====> Recall@3: 0.7391
2020-01-13 00:50:42,728 ====> Recall@4: 0.7435
2020-01-13 00:50:42,728 ====> Recall@5: 0.7490
2020-01-13 00:50:42,729 ====> Recall@10: 0.7609
2020-01-13 00:50:42,729 ====> Recall@15: 0.7684
2020-01-13 00:50:42,729 ====> Recall@20: 0.7736
2020-01-13 00:50:42,729 ====> Recall@25: 0.7780
2020-01-13 00:50:42,860 ====> Building Cache
2020-01-13 00:50:42,861 feature cache--->>> /home/annora/NetVLAD/output/train_feat_cache3.hdf5
2020-01-13 00:52:15,513 Allocated:32.15576171875 MB
2020-01-13 00:52:15,514 Cached:3993.125 MB
2020-01-13 00:54:25,516 ==> Epoch[10](50/534): Loss: 0.0505
2020-01-13 00:54:25,519 Allocated:34.15576171875 MB
2020-01-13 00:54:25,519 Cached:4062.125 MB
2020-01-13 00:55:30,590 ==> Epoch[10](100/534): Loss: 0.0248
2020-01-13 00:55:30,593 Allocated:34.15576171875 MB
2020-01-13 00:55:30,593 Cached:4062.125 MB
2020-01-13 00:56:31,467 ==> Epoch[10](150/534): Loss: 0.0439
2020-01-13 00:56:31,469 Allocated:34.15576171875 MB
2020-01-13 00:56:31,470 Cached:4062.125 MB
2020-01-13 00:57:08,408 ====> Building Cache
2020-01-13 00:57:08,409 feature cache--->>> /home/annora/NetVLAD/output/train_feat_cache3.hdf5
2020-01-13 00:58:39,447 Allocated:34.1552734375 MB
2020-01-13 00:58:39,447 Cached:3294.625 MB
2020-01-13 00:59:44,942 ==> Epoch[10](200/534): Loss: 0.3088
2020-01-13 00:59:44,944 Allocated:34.15576171875 MB
2020-01-13 00:59:44,944 Cached:3303.625 MB
2020-01-13 01:00:49,419 ==> Epoch[10](250/534): Loss: 0.1155
2020-01-13 01:00:49,422 Allocated:34.15576171875 MB
2020-01-13 01:00:49,423 Cached:3363.625 MB
2020-01-13 01:02:03,967 ==> Epoch[10](300/534): Loss: 0.1835
2020-01-13 01:02:03,969 Allocated:34.15576171875 MB
2020-01-13 01:02:03,969 Cached:3363.625 MB
2020-01-13 01:03:19,641 ==> Epoch[10](350/534): Loss: 0.3042
2020-01-13 01:03:19,643 Allocated:34.15576171875 MB
2020-01-13 01:03:19,644 Cached:3363.625 MB
2020-01-13 01:03:30,748 ====> Building Cache
2020-01-13 01:03:30,749 feature cache--->>> /home/annora/NetVLAD/output/train_feat_cache3.hdf5
2020-01-13 01:05:01,635 Allocated:34.1552734375 MB
2020-01-13 01:05:01,635 Cached:3294.625 MB
2020-01-13 01:06:32,455 ==> Epoch[10](400/534): Loss: 0.0390
2020-01-13 01:06:32,457 Allocated:34.15576171875 MB
2020-01-13 01:06:32,458 Cached:3363.625 MB
2020-01-13 01:07:34,093 ==> Epoch[10](450/534): Loss: 0.0347
2020-01-13 01:07:34,095 Allocated:34.15576171875 MB
2020-01-13 01:07:34,095 Cached:3363.625 MB
2020-01-13 01:08:35,595 ==> Epoch[10](500/534): Loss: 0.0329
2020-01-13 01:08:35,598 Allocated:34.15576171875 MB
2020-01-13 01:08:35,598 Cached:3363.625 MB
2020-01-13 01:09:23,744 ===> Epoch 10 Complete: Avg. Loss: 0.0691
2020-01-13 01:09:23,746 ====> Extracting Features
2020-01-13 01:09:59,369 ==> Batch (50/108)
2020-01-13 01:10:26,020 ==> Batch (100/108)
2020-01-13 01:10:31,433 ====> Building faiss index
2020-01-13 01:10:31,815 ====> Calculating recall @ N
2020-01-13 01:10:33,967 ====> Recall@1: 0.7191
2020-01-13 01:10:33,967 ====> Recall@2: 0.7336
2020-01-13 01:10:33,968 ====> Recall@3: 0.7406
2020-01-13 01:10:33,968 ====> Recall@4: 0.7452
2020-01-13 01:10:33,968 ====> Recall@5: 0.7513
2020-01-13 01:10:33,968 ====> Recall@10: 0.7652
2020-01-13 01:10:33,968 ====> Recall@15: 0.7728
2020-01-13 01:10:33,969 ====> Recall@20: 0.7783
2020-01-13 01:10:33,969 ====> Recall@25: 0.7846
2020-01-13 01:10:34,105 ====> Building Cache
2020-01-13 01:10:34,105 feature cache--->>> /home/annora/NetVLAD/output/train_feat_cache3.hdf5
2020-01-13 01:12:09,896 Allocated:32.15576171875 MB
2020-01-13 01:12:09,897 Cached:3993.125 MB
2020-01-13 01:13:53,586 ==> Epoch[11](50/534): Loss: 0.0474
2020-01-13 01:13:53,589 Allocated:34.15576171875 MB
2020-01-13 01:13:53,589 Cached:4002.125 MB
2020-01-13 01:14:53,498 ==> Epoch[11](100/534): Loss: 0.0247
2020-01-13 01:14:53,501 Allocated:34.15576171875 MB
2020-01-13 01:14:53,501 Cached:4062.125 MB
2020-01-13 01:15:56,518 ==> Epoch[11](150/534): Loss: 0.0797
2020-01-13 01:15:56,521 Allocated:34.15576171875 MB
2020-01-13 01:15:56,521 Cached:4062.125 MB
2020-01-13 01:16:30,473 ====> Building Cache
2020-01-13 01:16:30,473 feature cache--->>> /home/annora/NetVLAD/output/train_feat_cache3.hdf5
2020-01-13 01:18:01,261 Allocated:34.1552734375 MB
2020-01-13 01:18:01,261 Cached:3294.625 MB
2020-01-13 01:19:03,946 ==> Epoch[11](200/534): Loss: 0.0010
2020-01-13 01:19:03,949 Allocated:34.15576171875 MB
2020-01-13 01:19:03,949 Cached:3303.625 MB
2020-01-13 01:20:25,986 ==> Epoch[11](250/534): Loss: 0.2251
2020-01-13 01:20:25,990 Allocated:34.15576171875 MB
2020-01-13 01:20:25,990 Cached:3303.625 MB
2020-01-13 01:21:45,829 ==> Epoch[11](300/534): Loss: 0.0677
2020-01-13 01:21:45,833 Allocated:34.15576171875 MB
2020-01-13 01:21:45,833 Cached:3303.625 MB
2020-01-13 01:23:05,526 ==> Epoch[11](350/534): Loss: 0.0418
2020-01-13 01:23:05,528 Allocated:34.15576171875 MB
2020-01-13 01:23:05,529 Cached:3304.625 MB
2020-01-13 01:23:07,117 ====> Building Cache
2020-01-13 01:23:07,117 feature cache--->>> /home/annora/NetVLAD/output/train_feat_cache3.hdf5
2020-01-13 01:24:38,652 Allocated:34.1552734375 MB
2020-01-13 01:24:38,653 Cached:3294.625 MB
2020-01-13 01:26:09,983 ==> Epoch[11](400/534): Loss: 0.2068
2020-01-13 01:26:09,986 Allocated:34.15576171875 MB
2020-01-13 01:26:09,986 Cached:3363.625 MB
2020-01-13 01:27:13,853 ==> Epoch[11](450/534): Loss: 0.0074
2020-01-13 01:27:13,855 Allocated:34.15576171875 MB
2020-01-13 01:27:13,856 Cached:3363.625 MB
2020-01-13 01:28:16,294 ==> Epoch[11](500/534): Loss: 0.0159
2020-01-13 01:28:16,296 Allocated:34.15576171875 MB
2020-01-13 01:28:16,296 Cached:3363.625 MB
2020-01-13 01:29:03,555 ===> Epoch 11 Complete: Avg. Loss: 0.0682
2020-01-13 01:29:03,558 ====> Extracting Features
2020-01-13 01:29:42,400 ==> Batch (50/108)
2020-01-13 01:30:05,753 ==> Batch (100/108)
2020-01-13 01:30:10,371 ====> Building faiss index
2020-01-13 01:30:10,754 ====> Calculating recall @ N
2020-01-13 01:30:13,008 ====> Recall@1: 0.7081
2020-01-13 01:30:13,009 ====> Recall@2: 0.7272
2020-01-13 01:30:13,010 ====> Recall@3: 0.7354
2020-01-13 01:30:13,010 ====> Recall@4: 0.7426
2020-01-13 01:30:13,011 ====> Recall@5: 0.7467
2020-01-13 01:30:13,011 ====> Recall@10: 0.7684
2020-01-13 01:30:13,011 ====> Recall@15: 0.7771
2020-01-13 01:30:13,011 ====> Recall@20: 0.7849
2020-01-13 01:30:13,011 ====> Recall@25: 0.7890
2020-01-13 01:30:13,151 ====> Building Cache
2020-01-13 01:30:13,152 feature cache--->>> /home/annora/NetVLAD/output/train_feat_cache3.hdf5
2020-01-13 01:31:45,908 Allocated:32.15576171875 MB
2020-01-13 01:31:45,909 Cached:3993.125 MB
2020-01-13 01:33:36,889 ==> Epoch[12](50/534): Loss: 0.0096
2020-01-13 01:33:36,891 Allocated:34.15576171875 MB
2020-01-13 01:33:36,892 Cached:4003.125 MB
2020-01-13 01:34:39,322 ==> Epoch[12](100/534): Loss: 0.0313
2020-01-13 01:34:39,325 Allocated:34.15576171875 MB
2020-01-13 01:34:39,326 Cached:4003.125 MB
2020-01-13 01:35:40,930 ==> Epoch[12](150/534): Loss: 0.0122
2020-01-13 01:35:40,932 Allocated:34.15576171875 MB
2020-01-13 01:35:40,932 Cached:4061.125 MB
2020-01-13 01:36:19,921 ====> Building Cache
2020-01-13 01:36:19,921 feature cache--->>> /home/annora/NetVLAD/output/train_feat_cache3.hdf5
2020-01-13 01:37:52,826 Allocated:34.1552734375 MB
2020-01-13 01:37:52,827 Cached:3294.625 MB
2020-01-13 01:39:16,901 ==> Epoch[12](200/534): Loss: 0.3704
2020-01-13 01:39:16,903 Allocated:34.15576171875 MB
2020-01-13 01:39:16,903 Cached:3303.625 MB
2020-01-13 01:40:23,997 ==> Epoch[12](250/534): Loss: 0.1515
2020-01-13 01:40:23,999 Allocated:34.15576171875 MB
2020-01-13 01:40:23,999 Cached:3303.625 MB
2020-01-13 01:41:34,730 ==> Epoch[12](300/534): Loss: 0.0340
2020-01-13 01:41:34,732 Allocated:34.15576171875 MB
2020-01-13 01:41:34,733 Cached:3303.625 MB
2020-01-13 01:42:54,803 ==> Epoch[12](350/534): Loss: 0.0217
2020-01-13 01:42:54,805 Allocated:34.15576171875 MB
2020-01-13 01:42:54,805 Cached:3304.625 MB
2020-01-13 01:43:02,127 ====> Building Cache
2020-01-13 01:43:02,128 feature cache--->>> /home/annora/NetVLAD/output/train_feat_cache3.hdf5
2020-01-13 01:44:31,811 Allocated:34.1552734375 MB
2020-01-13 01:44:31,811 Cached:3294.625 MB
2020-01-13 01:48:26,395 ==> Epoch[12](450/534): Loss: 0.0021
2020-01-13 01:48:26,397 Allocated:34.15576171875 MB
2020-01-13 01:48:26,397 Cached:3363.625 MB
2020-01-13 01:49:45,879 ==> Epoch[12](500/534): Loss: 0.0250
2020-01-13 01:49:45,881 Allocated:34.15576171875 MB
2020-01-13 01:49:45,881 Cached:3363.625 MB
2020-01-13 01:50:34,384 ===> Epoch 12 Complete: Avg. Loss: 0.0667
2020-01-13 01:50:34,386 ====> Extracting Features
2020-01-13 01:51:13,811 ==> Batch (50/108)
2020-01-13 01:51:37,105 ==> Batch (100/108)
2020-01-13 01:51:42,165 ====> Building faiss index
2020-01-13 01:51:42,527 ====> Calculating recall @ N
2020-01-13 01:51:44,618 ====> Recall@1: 0.7157
2020-01-13 01:51:44,618 ====> Recall@2: 0.7336
2020-01-13 01:51:44,619 ====> Recall@3: 0.7412
2020-01-13 01:51:44,619 ====> Recall@4: 0.7484
2020-01-13 01:51:44,619 ====> Recall@5: 0.7539
2020-01-13 01:51:44,620 ====> Recall@10: 0.7696
2020-01-13 01:51:44,620 ====> Recall@15: 0.7768
2020-01-13 01:51:44,620 ====> Recall@20: 0.7823
2020-01-13 01:51:44,620 ====> Recall@25: 0.7872
2020-01-13 01:51:44,748 ====> Building Cache
2020-01-13 01:51:44,748 feature cache--->>> /home/annora/NetVLAD/output/train_feat_cache3.hdf5
2020-01-13 01:53:14,980 Allocated:32.15576171875 MB
2020-01-13 01:53:14,980 Cached:3993.125 MB
2020-01-13 01:54:56,118 ==> Epoch[13](50/534): Loss: 0.0000
2020-01-13 01:54:56,121 Allocated:34.15576171875 MB
2020-01-13 01:54:56,121 Cached:4062.125 MB
2020-01-13 01:56:58,449 ==> Epoch[13](150/534): Loss: 0.0478
2020-01-13 01:56:58,451 Allocated:34.15576171875 MB
2020-01-13 01:56:58,452 Cached:4062.125 MB
2020-01-13 01:57:40,352 ====> Building Cache
2020-01-13 01:57:40,353 feature cache--->>> /home/annora/NetVLAD/output/train_feat_cache3.hdf5
2020-01-13 01:59:15,129 Allocated:34.1552734375 MB
2020-01-13 01:59:15,129 Cached:3294.625 MB
2020-01-13 02:00:15,559 ==> Epoch[13](200/534): Loss: 0.0630
2020-01-13 02:00:15,561 Allocated:34.15576171875 MB
2020-01-13 02:00:15,561 Cached:3304.625 MB
2020-01-13 02:01:21,182 ==> Epoch[13](250/534): Loss: 0.0332
2020-01-13 02:01:21,185 Allocated:34.15576171875 MB
2020-01-13 02:01:21,186 Cached:3304.625 MB
2020-01-13 02:02:31,824 ==> Epoch[13](300/534): Loss: 0.0425
2020-01-13 02:02:31,828 Allocated:34.15576171875 MB
2020-01-13 02:02:31,828 Cached:3304.625 MB
2020-01-13 02:03:38,227 ==> Epoch[13](350/534): Loss: 0.0077
2020-01-13 02:03:38,230 Allocated:34.15576171875 MB
2020-01-13 02:03:38,230 Cached:3304.625 MB
2020-01-13 02:03:46,152 ====> Building Cache
2020-01-13 02:03:46,153 feature cache--->>> /home/annora/NetVLAD/output/train_feat_cache3.hdf5
2020-01-13 02:05:19,380 Allocated:34.1552734375 MB
2020-01-13 02:05:19,381 Cached:3294.625 MB
2020-01-13 02:07:03,976 ==> Epoch[13](400/534): Loss: 0.1677
2020-01-13 02:07:03,978 Allocated:34.15576171875 MB
2020-01-13 02:07:03,979 Cached:3363.625 MB
2020-01-13 02:08:11,935 ==> Epoch[13](450/534): Loss: 0.0234
2020-01-13 02:08:11,937 Allocated:34.15576171875 MB
2020-01-13 02:08:11,937 Cached:3363.625 MB
2020-01-13 02:09:24,080 ==> Epoch[13](500/534): Loss: 0.0063
2020-01-13 02:09:24,082 Allocated:34.15576171875 MB
2020-01-13 02:09:24,083 Cached:3363.625 MB
2020-01-13 02:10:00,370 ===> Epoch 13 Complete: Avg. Loss: 0.0679
2020-01-13 02:10:00,371 ====> Extracting Features
2020-01-13 02:10:37,231 ==> Batch (50/108)
2020-01-13 02:11:01,057 ==> Batch (100/108)
2020-01-13 02:11:05,756 ====> Building faiss index
2020-01-13 02:11:06,140 ====> Calculating recall @ N
2020-01-13 02:11:08,210 ====> Recall@1: 0.7191
2020-01-13 02:11:08,210 ====> Recall@2: 0.7325
2020-01-13 02:11:08,211 ====> Recall@3: 0.7359
2020-01-13 02:11:08,211 ====> Recall@4: 0.7406
2020-01-13 02:11:08,211 ====> Recall@5: 0.7461
2020-01-13 02:11:08,211 ====> Recall@10: 0.7588
2020-01-13 02:11:08,211 ====> Recall@15: 0.7672
2020-01-13 02:11:08,212 ====> Recall@20: 0.7736
2020-01-13 02:11:08,212 ====> Recall@25: 0.7788
2020-01-13 02:11:08,333 Performance did not improve for 10 epochs. Stopping.
2020-01-13 02:11:08,334 => Best Recall@5: 0.7736
