2020-01-07 12:30:50,694 Namespace(arch='alexnet', batchSize=16, cacheBatchSize=144, cachePath='/home/annora/NetVLAD/output/', cacheRefreshRate=0, ckpt='best', ckpt_diy='model_best0.pth.tar', contilearn=False, dataPath='/home/annora/NetVLAD/output/data/', dataset='pittsburgh', debug_file='', evalEvery=1, fromscratch=False, lr=0.0001, lrGamma=0.5, lrStep=5, margin=0.1, mode='train', momentum=0.9, nEpochs=30, nGPU=1, nocuda=False, num_clusters=64, optim='SGD', patience=10, pooling='max', premodel='imagenet', resume='', runsPath='/home/annora/NetVLAD/output/runs/', savePath='checkpoints', seed=123, split='val', start_epoch=0, threads=4, vladv2=False, weightDecay=0.001)
2020-01-07 12:30:50,785 ===> Loading dataset(s)
2020-01-07 12:30:50,785 ===> Building model
2020-01-07 12:30:50,835 encoder moder:
AlexNet(
  (conv1): Sequential(
    (0): Conv2d(3, 64, kernel_size=(11, 11), stride=(4, 4), padding=(2, 2))
    (1): ReLU(inplace)
    (2): MaxPool2d(kernel_size=3, stride=2, padding=0, dilation=1, ceil_mode=False)
  )
  (conv2): Sequential(
    (0): Conv2d(64, 192, kernel_size=(5, 5), stride=(1, 1), padding=(2, 2))
    (1): ReLU(inplace)
    (2): MaxPool2d(kernel_size=3, stride=2, padding=0, dilation=1, ceil_mode=False)
  )
  (conv3): Sequential(
    (0): Conv2d(192, 384, kernel_size=(3, 3), stride=(1, 1), padding=(1, 1))
    (1): ReLU(inplace)
  )
  (conv4): Sequential(
    (0): Conv2d(384, 256, kernel_size=(3, 3), stride=(1, 1), padding=(1, 1))
    (1): ReLU(inplace)
  )
  (conv5): Sequential(
    (0): Conv2d(256, 256, kernel_size=(3, 3), stride=(1, 1), padding=(1, 1))
  )
)
2020-01-07 12:30:55,622 ---->>>> trainfiles: ['oxRobocar_doubleN_train.mat']
2020-01-07 12:30:55,627 ===> Saving state to: /home/annora/NetVLAD/output/runs/2020-01-07-12-30-55_alexnet_max
2020-01-07 12:30:58,777 ====> Training query set:6404
2020-01-07 12:30:58,892 ===> Evaluating on val set, query count:3450
2020-01-07 12:30:58,892 ---->>>> testfile: oxRobocar_doubleN_val.mat
2020-01-07 12:30:58,892 ===> Training model
2020-01-07 12:30:58,892 ====> Building Cache
2020-01-07 12:30:58,893 h5feat cache at: /home/annora/NetVLAD/output/train_feat_cache.hdf5
2020-01-07 12:33:47,446 Allocated:11.59326171875 MB
2020-01-07 12:33:47,446 Cached:2595.125 MB
2020-01-07 12:35:44,431 ==> Task[1]Epoch[1](50/401): Loss: 0.2951
2020-01-07 12:35:44,434 Allocated:33.03076171875 MB
2020-01-07 12:35:44,434 Cached:1112.5 MB
2020-01-07 12:37:18,766 ==> Task[1]Epoch[1](100/401): Loss: 0.2376
2020-01-07 12:37:18,769 Allocated:33.03076171875 MB
2020-01-07 12:37:18,769 Cached:1112.5 MB
2020-01-07 12:38:59,557 ==> Task[1]Epoch[1](150/401): Loss: 0.3350
2020-01-07 12:38:59,559 Allocated:33.03076171875 MB
2020-01-07 12:38:59,560 Cached:1112.5 MB
2020-01-07 12:40:35,247 ==> Task[1]Epoch[1](200/401): Loss: 0.2594
2020-01-07 12:40:35,248 Allocated:33.03076171875 MB
2020-01-07 12:40:35,249 Cached:1112.5 MB
2020-01-07 12:42:13,938 ==> Task[1]Epoch[1](250/401): Loss: 0.3171
2020-01-07 12:42:13,939 Allocated:33.03076171875 MB
2020-01-07 12:42:13,940 Cached:1112.5 MB
2020-01-07 12:43:46,937 ==> Task[1]Epoch[1](300/401): Loss: 0.3115
2020-01-07 12:43:46,938 Allocated:33.03076171875 MB
2020-01-07 12:43:46,938 Cached:1112.5 MB
2020-01-07 12:45:24,082 ==> Task[1]Epoch[1](350/401): Loss: 0.2886
2020-01-07 12:45:24,084 Allocated:33.03076171875 MB
2020-01-07 12:45:24,084 Cached:1112.5 MB
2020-01-07 12:46:55,660 ==> Task[1]Epoch[1](400/401): Loss: 0.2929
2020-01-07 12:46:55,662 Allocated:33.03076171875 MB
2020-01-07 12:46:55,662 Cached:1112.5 MB
2020-01-07 12:46:56,146 ===> Task 1 Epoch 1 Complete: Avg. Loss: 0.2588
2020-01-07 12:46:56,147 begin test:
2020-01-07 12:46:56,148 ====> Extracting Features
2020-01-07 12:48:13,076 ==> Batch (50/72)
2020-01-07 12:48:44,523 ====> Building faiss index
2020-01-07 12:48:44,524 ====> Calculating recall @ N
2020-01-07 12:48:45,058 ====> Recall@1: 0.5110
2020-01-07 12:48:45,058 ====> Recall@2: 0.5539
2020-01-07 12:48:45,059 ====> Recall@3: 0.5803
2020-01-07 12:48:45,059 ====> Recall@4: 0.5974
2020-01-07 12:48:45,059 ====> Recall@5: 0.6139
2020-01-07 12:48:45,059 ====> Recall@10: 0.6510
2020-01-07 12:48:45,060 ====> Recall@15: 0.6701
2020-01-07 12:48:45,060 ====> Recall@20: 0.6861
2020-01-07 12:48:45,060 ====> Recall@25: 0.6986
2020-01-07 12:48:45,100 ====> Building Cache
2020-01-07 12:48:45,101 h5feat cache at: /home/annora/NetVLAD/output/train_feat_cache.hdf5
2020-01-07 12:51:23,260 Allocated:31.03076171875 MB
2020-01-07 12:51:23,260 Cached:9902.625 MB
2020-01-07 12:53:20,384 ==> Task[1]Epoch[2](50/401): Loss: 0.2851
2020-01-07 12:53:20,386 Allocated:33.03076171875 MB
2020-01-07 12:53:20,386 Cached:1113.5 MB
2020-01-07 12:54:51,364 ==> Task[1]Epoch[2](100/401): Loss: 0.2172
2020-01-07 12:54:51,365 Allocated:33.03076171875 MB
2020-01-07 12:54:51,365 Cached:1113.5 MB
2020-01-07 12:56:27,801 ==> Task[1]Epoch[2](150/401): Loss: 0.3030
2020-01-07 12:56:27,805 Allocated:33.03076171875 MB
2020-01-07 12:56:27,806 Cached:1113.5 MB
2020-01-07 12:57:58,340 ==> Task[1]Epoch[2](200/401): Loss: 0.2552
2020-01-07 12:57:58,342 Allocated:33.03076171875 MB
2020-01-07 12:57:58,342 Cached:1113.5 MB
2020-01-07 12:59:34,817 ==> Task[1]Epoch[2](250/401): Loss: 0.3182
2020-01-07 12:59:34,818 Allocated:33.03076171875 MB
2020-01-07 12:59:34,819 Cached:1113.5 MB
2020-01-07 13:01:06,815 ==> Task[1]Epoch[2](300/401): Loss: 0.3073
2020-01-07 13:01:06,818 Allocated:33.03076171875 MB
2020-01-07 13:01:06,818 Cached:1113.5 MB
2020-01-07 13:02:44,929 ==> Task[1]Epoch[2](350/401): Loss: 0.2703
2020-01-07 13:02:44,931 Allocated:33.03076171875 MB
2020-01-07 13:02:44,931 Cached:1113.5 MB
2020-01-07 13:04:17,743 ==> Task[1]Epoch[2](400/401): Loss: 0.3095
2020-01-07 13:04:17,748 Allocated:33.03076171875 MB
2020-01-07 13:04:17,748 Cached:1113.5 MB
2020-01-07 13:04:18,307 ===> Task 1 Epoch 2 Complete: Avg. Loss: 0.2382
2020-01-07 13:04:18,310 begin test:
2020-01-07 13:04:18,312 ====> Extracting Features
2020-01-07 13:05:38,040 ==> Batch (50/72)
2020-01-07 13:06:06,920 ====> Building faiss index
2020-01-07 13:06:06,922 ====> Calculating recall @ N
2020-01-07 13:06:07,430 ====> Recall@1: 0.5336
2020-01-07 13:06:07,431 ====> Recall@2: 0.5725
2020-01-07 13:06:07,431 ====> Recall@3: 0.5930
2020-01-07 13:06:07,431 ====> Recall@4: 0.6099
2020-01-07 13:06:07,432 ====> Recall@5: 0.6186
2020-01-07 13:06:07,432 ====> Recall@10: 0.6525
2020-01-07 13:06:07,432 ====> Recall@15: 0.6768
2020-01-07 13:06:07,432 ====> Recall@20: 0.7035
2020-01-07 13:06:07,433 ====> Recall@25: 0.7186
2020-01-07 13:06:07,546 ====> Building Cache
2020-01-07 13:06:07,546 h5feat cache at: /home/annora/NetVLAD/output/train_feat_cache.hdf5
2020-01-07 13:08:50,859 Allocated:31.03076171875 MB
2020-01-07 13:08:50,860 Cached:9902.625 MB
2020-01-07 13:10:47,080 ==> Task[1]Epoch[3](50/401): Loss: 0.2762
2020-01-07 13:10:47,083 Allocated:33.03076171875 MB
2020-01-07 13:10:47,083 Cached:1113.5 MB
2020-01-07 13:12:22,047 ==> Task[1]Epoch[3](100/401): Loss: 0.1927
2020-01-07 13:12:22,049 Allocated:33.03076171875 MB
2020-01-07 13:12:22,049 Cached:1113.5 MB
2020-01-07 13:14:02,115 ==> Task[1]Epoch[3](150/401): Loss: 0.2805
2020-01-07 13:14:02,117 Allocated:33.03076171875 MB
2020-01-07 13:14:02,118 Cached:1113.5 MB
2020-01-07 13:15:34,912 ==> Task[1]Epoch[3](200/401): Loss: 0.2492
2020-01-07 13:15:34,927 Allocated:33.03076171875 MB
2020-01-07 13:15:34,934 Cached:1113.5 MB
2020-01-07 13:17:14,744 ==> Task[1]Epoch[3](250/401): Loss: 0.3119
2020-01-07 13:17:14,745 Allocated:33.03076171875 MB
2020-01-07 13:17:14,746 Cached:1113.5 MB
2020-01-07 13:18:49,322 ==> Task[1]Epoch[3](300/401): Loss: 0.2645
2020-01-07 13:18:49,325 Allocated:33.03076171875 MB
2020-01-07 13:18:49,325 Cached:1113.5 MB
2020-01-07 13:20:24,748 ==> Task[1]Epoch[3](350/401): Loss: 0.2579
2020-01-07 13:20:24,754 Allocated:33.03076171875 MB
2020-01-07 13:20:24,754 Cached:1113.5 MB
2020-01-07 13:21:52,747 ==> Task[1]Epoch[3](400/401): Loss: 0.3309
2020-01-07 13:21:52,749 Allocated:33.03076171875 MB
2020-01-07 13:21:52,749 Cached:1113.5 MB
2020-01-07 13:21:53,193 ===> Task 1 Epoch 3 Complete: Avg. Loss: 0.2155
2020-01-07 13:21:53,194 begin test:
2020-01-07 13:21:53,195 ====> Extracting Features
2020-01-07 13:23:06,235 ==> Batch (50/72)
2020-01-07 13:23:34,393 ====> Building faiss index
2020-01-07 13:23:34,395 ====> Calculating recall @ N
2020-01-07 13:23:34,840 ====> Recall@1: 0.5443
2020-01-07 13:23:34,840 ====> Recall@2: 0.5904
2020-01-07 13:23:34,841 ====> Recall@3: 0.6154
2020-01-07 13:23:34,841 ====> Recall@4: 0.6281
2020-01-07 13:23:34,841 ====> Recall@5: 0.6394
2020-01-07 13:23:34,841 ====> Recall@10: 0.6748
2020-01-07 13:23:34,842 ====> Recall@15: 0.7014
2020-01-07 13:23:34,842 ====> Recall@20: 0.7145
2020-01-07 13:23:34,842 ====> Recall@25: 0.7241
2020-01-07 13:23:34,966 ====> Building Cache
2020-01-07 13:23:34,966 h5feat cache at: /home/annora/NetVLAD/output/train_feat_cache.hdf5
2020-01-07 13:26:12,815 Allocated:31.03076171875 MB
2020-01-07 13:26:12,815 Cached:9902.625 MB
2020-01-07 13:28:05,229 ==> Task[1]Epoch[4](50/401): Loss: 0.2640
2020-01-07 13:28:05,234 Allocated:33.03076171875 MB
2020-01-07 13:28:05,237 Cached:1113.5 MB
2020-01-07 13:29:35,746 ==> Task[1]Epoch[4](100/401): Loss: 0.1689
2020-01-07 13:29:35,751 Allocated:33.03076171875 MB
2020-01-07 13:29:35,752 Cached:1113.5 MB
2020-01-07 13:31:08,497 ==> Task[1]Epoch[4](150/401): Loss: 0.2520
2020-01-07 13:31:08,499 Allocated:33.03076171875 MB
2020-01-07 13:31:08,499 Cached:1113.5 MB
2020-01-07 13:32:37,059 ==> Task[1]Epoch[4](200/401): Loss: 0.2341
2020-01-07 13:32:37,062 Allocated:33.03076171875 MB
2020-01-07 13:32:37,062 Cached:1113.5 MB
2020-01-07 13:34:11,001 ==> Task[1]Epoch[4](250/401): Loss: 0.3034
2020-01-07 13:34:11,003 Allocated:33.03076171875 MB
2020-01-07 13:34:11,004 Cached:1113.5 MB
2020-01-07 13:35:39,004 ==> Task[1]Epoch[4](300/401): Loss: 0.2278
2020-01-07 13:35:39,006 Allocated:33.03076171875 MB
2020-01-07 13:35:39,006 Cached:1113.5 MB
2020-01-07 13:37:12,602 ==> Task[1]Epoch[4](350/401): Loss: 0.2353
2020-01-07 13:37:12,606 Allocated:33.03076171875 MB
2020-01-07 13:37:12,607 Cached:1113.5 MB
2020-01-07 13:38:39,714 ==> Task[1]Epoch[4](400/401): Loss: 0.3612
2020-01-07 13:38:39,717 Allocated:33.03076171875 MB
2020-01-07 13:38:39,717 Cached:1113.5 MB
2020-01-07 13:38:40,233 ===> Task 1 Epoch 4 Complete: Avg. Loss: 0.1880
2020-01-07 13:38:40,234 begin test:
2020-01-07 13:38:40,235 ====> Extracting Features
2020-01-07 13:39:55,055 ==> Batch (50/72)
2020-01-07 13:40:24,048 ====> Building faiss index
2020-01-07 13:40:24,050 ====> Calculating recall @ N
2020-01-07 13:40:24,520 ====> Recall@1: 0.5429
2020-01-07 13:40:24,522 ====> Recall@2: 0.5922
2020-01-07 13:40:24,523 ====> Recall@3: 0.6101
2020-01-07 13:40:24,523 ====> Recall@4: 0.6281
2020-01-07 13:40:24,523 ====> Recall@5: 0.6388
2020-01-07 13:40:24,524 ====> Recall@10: 0.6713
2020-01-07 13:40:24,524 ====> Recall@15: 0.6896
2020-01-07 13:40:24,524 ====> Recall@20: 0.6997
2020-01-07 13:40:24,524 ====> Recall@25: 0.7072
2020-01-07 13:40:24,585 ====> Building Cache
2020-01-07 13:40:24,586 h5feat cache at: /home/annora/NetVLAD/output/train_feat_cache.hdf5
2020-01-07 13:43:03,713 Allocated:31.03076171875 MB
2020-01-07 13:43:03,713 Cached:9902.625 MB
2020-01-07 13:44:51,771 ==> Task[1]Epoch[5](50/401): Loss: 0.2353
2020-01-07 13:44:51,773 Allocated:33.03076171875 MB
2020-01-07 13:44:51,774 Cached:1113.5 MB
2020-01-07 13:46:20,625 ==> Task[1]Epoch[5](100/401): Loss: 0.1480
2020-01-07 13:46:20,628 Allocated:33.03076171875 MB
2020-01-07 13:46:20,628 Cached:1113.5 MB
2020-01-07 13:47:53,850 ==> Task[1]Epoch[5](150/401): Loss: 0.2158
2020-01-07 13:47:53,852 Allocated:33.03076171875 MB
2020-01-07 13:47:53,852 Cached:1113.5 MB
2020-01-07 13:49:22,808 ==> Task[1]Epoch[5](200/401): Loss: 0.2261
2020-01-07 13:49:22,810 Allocated:33.03076171875 MB
2020-01-07 13:49:22,810 Cached:1113.5 MB
2020-01-07 13:50:53,948 ==> Task[1]Epoch[5](250/401): Loss: 0.2987
2020-01-07 13:50:53,949 Allocated:33.03076171875 MB
2020-01-07 13:50:53,950 Cached:1113.5 MB
2020-01-07 13:52:22,194 ==> Task[1]Epoch[5](300/401): Loss: 0.2172
2020-01-07 13:52:22,196 Allocated:33.03076171875 MB
2020-01-07 13:52:22,197 Cached:1113.5 MB
2020-01-07 13:53:56,256 ==> Task[1]Epoch[5](350/401): Loss: 0.2103
2020-01-07 13:53:56,258 Allocated:33.03076171875 MB
2020-01-07 13:53:56,258 Cached:1113.5 MB
2020-01-07 13:55:14,886 ==> Task[1]Epoch[5](400/401): Loss: 0.3452
2020-01-07 13:55:14,888 Allocated:33.03076171875 MB
2020-01-07 13:55:14,888 Cached:1113.5 MB
2020-01-07 13:55:15,389 ===> Task 1 Epoch 5 Complete: Avg. Loss: 0.1604
2020-01-07 13:55:15,391 begin test:
2020-01-07 13:55:15,392 ====> Extracting Features
2020-01-07 13:56:29,277 ==> Batch (50/72)
2020-01-07 13:56:58,638 ====> Building faiss index
2020-01-07 13:56:58,640 ====> Calculating recall @ N
2020-01-07 13:56:59,164 ====> Recall@1: 0.5220
2020-01-07 13:56:59,165 ====> Recall@2: 0.5820
2020-01-07 13:56:59,166 ====> Recall@3: 0.6023
2020-01-07 13:56:59,166 ====> Recall@4: 0.6157
2020-01-07 13:56:59,166 ====> Recall@5: 0.6299
2020-01-07 13:56:59,167 ====> Recall@10: 0.6664
2020-01-07 13:56:59,167 ====> Recall@15: 0.6838
2020-01-07 13:56:59,167 ====> Recall@20: 0.7006
2020-01-07 13:56:59,167 ====> Recall@25: 0.7139
2020-01-07 13:56:59,233 ====> Building Cache
2020-01-07 13:56:59,233 h5feat cache at: /home/annora/NetVLAD/output/train_feat_cache.hdf5
2020-01-07 13:59:38,403 Allocated:31.03076171875 MB
2020-01-07 13:59:38,404 Cached:9902.625 MB
2020-01-07 14:01:24,003 ==> Task[1]Epoch[6](50/401): Loss: 0.2194
2020-01-07 14:01:24,006 Allocated:33.03076171875 MB
2020-01-07 14:01:24,006 Cached:1113.5 MB
2020-01-07 14:02:55,118 ==> Task[1]Epoch[6](100/401): Loss: 0.1392
2020-01-07 14:02:55,120 Allocated:33.03076171875 MB
2020-01-07 14:02:55,120 Cached:1113.5 MB
2020-01-07 14:04:28,755 ==> Task[1]Epoch[6](150/401): Loss: 0.1951
2020-01-07 14:04:28,757 Allocated:33.03076171875 MB
2020-01-07 14:04:28,757 Cached:1113.5 MB
2020-01-07 14:05:55,424 ==> Task[1]Epoch[6](200/401): Loss: 0.2219
2020-01-07 14:05:55,426 Allocated:33.03076171875 MB
2020-01-07 14:05:55,426 Cached:1113.5 MB
2020-01-07 14:07:22,132 ==> Task[1]Epoch[6](250/401): Loss: 0.3211
2020-01-07 14:07:22,134 Allocated:33.03076171875 MB
2020-01-07 14:07:22,134 Cached:1113.5 MB
2020-01-07 14:08:50,306 ==> Task[1]Epoch[6](300/401): Loss: 0.2140
2020-01-07 14:08:50,309 Allocated:33.03076171875 MB
2020-01-07 14:08:50,309 Cached:1113.5 MB
2020-01-07 14:10:23,861 ==> Task[1]Epoch[6](350/401): Loss: 0.1910
2020-01-07 14:10:23,863 Allocated:33.03076171875 MB
2020-01-07 14:10:23,864 Cached:1113.5 MB
2020-01-07 14:11:36,485 ==> Task[1]Epoch[6](400/401): Loss: 0.3696
2020-01-07 14:11:36,491 Allocated:33.03076171875 MB
2020-01-07 14:11:36,493 Cached:1112.5 MB
2020-01-07 14:11:37,050 ===> Task 1 Epoch 6 Complete: Avg. Loss: 0.1427
2020-01-07 14:11:37,053 begin test:
2020-01-07 14:11:37,057 ====> Extracting Features
2020-01-07 14:12:52,690 ==> Batch (50/72)
2020-01-07 14:13:20,362 ====> Building faiss index
2020-01-07 14:13:20,364 ====> Calculating recall @ N
2020-01-07 14:13:20,852 ====> Recall@1: 0.5209
2020-01-07 14:13:20,853 ====> Recall@2: 0.5788
2020-01-07 14:13:20,853 ====> Recall@3: 0.6014
2020-01-07 14:13:20,854 ====> Recall@4: 0.6188
2020-01-07 14:13:20,854 ====> Recall@5: 0.6299
2020-01-07 14:13:20,854 ====> Recall@10: 0.6710
2020-01-07 14:13:20,854 ====> Recall@15: 0.6928
2020-01-07 14:13:20,854 ====> Recall@20: 0.7067
2020-01-07 14:13:20,855 ====> Recall@25: 0.7206
2020-01-07 14:13:20,912 ====> Building Cache
2020-01-07 14:13:20,912 h5feat cache at: /home/annora/NetVLAD/output/train_feat_cache.hdf5
2020-01-07 14:15:59,187 Allocated:31.03076171875 MB
2020-01-07 14:15:59,188 Cached:9902.625 MB
2020-01-07 14:17:36,249 ==> Task[1]Epoch[7](50/401): Loss: 0.1911
2020-01-07 14:17:36,251 Allocated:33.03076171875 MB
2020-01-07 14:17:36,252 Cached:1111.5 MB
2020-01-07 14:19:05,683 ==> Task[1]Epoch[7](100/401): Loss: 0.1272
2020-01-07 14:19:05,685 Allocated:33.03076171875 MB
2020-01-07 14:19:05,686 Cached:1111.5 MB
2020-01-07 14:20:32,576 ==> Task[1]Epoch[7](150/401): Loss: 0.1619
2020-01-07 14:20:32,578 Allocated:33.03076171875 MB
2020-01-07 14:20:32,579 Cached:1111.5 MB
2020-01-07 14:21:57,343 ==> Task[1]Epoch[7](200/401): Loss: 0.2163
2020-01-07 14:21:57,345 Allocated:33.03076171875 MB
2020-01-07 14:21:57,345 Cached:1111.5 MB
2020-01-07 14:23:15,726 ==> Task[1]Epoch[7](250/401): Loss: 0.3278
2020-01-07 14:23:15,729 Allocated:33.03076171875 MB
2020-01-07 14:23:15,730 Cached:1111.5 MB
2020-01-07 14:24:42,484 ==> Task[1]Epoch[7](300/401): Loss: 0.1862
2020-01-07 14:24:42,485 Allocated:33.03076171875 MB
2020-01-07 14:24:42,486 Cached:1111.5 MB
2020-01-07 14:26:13,408 ==> Task[1]Epoch[7](350/401): Loss: 0.1709
2020-01-07 14:26:13,410 Allocated:33.03076171875 MB
2020-01-07 14:26:13,411 Cached:1111.5 MB
2020-01-07 14:27:22,151 ==> Task[1]Epoch[7](400/401): Loss: 0.3687
2020-01-07 14:27:22,154 Allocated:33.03076171875 MB
2020-01-07 14:27:22,155 Cached:1111.5 MB
2020-01-07 14:27:22,697 ===> Task 1 Epoch 7 Complete: Avg. Loss: 0.1255
2020-01-07 14:27:22,699 begin test:
2020-01-07 14:27:22,699 ====> Extracting Features
2020-01-07 14:28:38,214 ==> Batch (50/72)
2020-01-07 14:29:06,474 ====> Building faiss index
2020-01-07 14:29:06,475 ====> Calculating recall @ N
2020-01-07 14:29:06,922 ====> Recall@1: 0.5345
2020-01-07 14:29:06,923 ====> Recall@2: 0.5954
2020-01-07 14:29:06,923 ====> Recall@3: 0.6223
2020-01-07 14:29:06,923 ====> Recall@4: 0.6397
2020-01-07 14:29:06,924 ====> Recall@5: 0.6530
2020-01-07 14:29:06,924 ====> Recall@10: 0.6901
2020-01-07 14:29:06,924 ====> Recall@15: 0.7101
2020-01-07 14:29:06,924 ====> Recall@20: 0.7249
2020-01-07 14:29:06,924 ====> Recall@25: 0.7359
2020-01-07 14:29:07,037 ====> Building Cache
2020-01-07 14:29:07,037 h5feat cache at: /home/annora/NetVLAD/output/train_feat_cache.hdf5
2020-01-07 14:31:44,440 Allocated:31.03076171875 MB
2020-01-07 14:31:44,441 Cached:9902.625 MB
2020-01-07 14:33:07,801 ==> Task[1]Epoch[8](50/401): Loss: 0.1763
2020-01-07 14:33:07,804 Allocated:33.03076171875 MB
2020-01-07 14:33:07,804 Cached:1111.5 MB
2020-01-07 14:34:33,103 ==> Task[1]Epoch[8](100/401): Loss: 0.1026
2020-01-07 14:34:33,105 Allocated:33.03076171875 MB
2020-01-07 14:34:33,106 Cached:1112.5 MB
2020-01-07 14:35:50,750 ==> Task[1]Epoch[8](150/401): Loss: 0.0974
2020-01-07 14:35:50,753 Allocated:33.03076171875 MB
2020-01-07 14:35:50,753 Cached:1112.5 MB
2020-01-07 14:37:15,265 ==> Task[1]Epoch[8](200/401): Loss: 0.2080
2020-01-07 14:37:15,267 Allocated:33.03076171875 MB
2020-01-07 14:37:15,267 Cached:1112.5 MB
2020-01-07 14:38:28,150 ==> Task[1]Epoch[8](250/401): Loss: 0.3324
2020-01-07 14:38:28,152 Allocated:33.03076171875 MB
2020-01-07 14:38:28,153 Cached:1113.5 MB
2020-01-07 14:39:50,982 ==> Task[1]Epoch[8](300/401): Loss: 0.1519
2020-01-07 14:39:50,984 Allocated:33.03076171875 MB
2020-01-07 14:39:50,984 Cached:1113.5 MB
2020-01-07 14:41:19,674 ==> Task[1]Epoch[8](350/401): Loss: 0.1609
2020-01-07 14:41:19,676 Allocated:33.03076171875 MB
2020-01-07 14:41:19,677 Cached:1113.5 MB
2020-01-07 14:42:23,989 ==> Task[1]Epoch[8](400/401): Loss: 0.3784
2020-01-07 14:42:23,991 Allocated:33.03076171875 MB
2020-01-07 14:42:23,991 Cached:1112.5 MB
2020-01-07 14:42:24,445 ===> Task 1 Epoch 8 Complete: Avg. Loss: 0.1107
2020-01-07 14:42:24,446 begin test:
2020-01-07 14:42:24,446 ====> Extracting Features
2020-01-07 14:43:38,367 ==> Batch (50/72)
2020-01-07 14:44:05,436 ====> Building faiss index
2020-01-07 14:44:05,438 ====> Calculating recall @ N
2020-01-07 14:44:05,950 ====> Recall@1: 0.5391
2020-01-07 14:44:05,951 ====> Recall@2: 0.5974
2020-01-07 14:44:05,951 ====> Recall@3: 0.6235
2020-01-07 14:44:05,951 ====> Recall@4: 0.6429
2020-01-07 14:44:05,951 ====> Recall@5: 0.6557
2020-01-07 14:44:05,951 ====> Recall@10: 0.6890
2020-01-07 14:44:05,951 ====> Recall@15: 0.7116
2020-01-07 14:44:05,952 ====> Recall@20: 0.7261
2020-01-07 14:44:05,952 ====> Recall@25: 0.7394
2020-01-07 14:44:06,075 ====> Building Cache
2020-01-07 14:44:06,075 h5feat cache at: /home/annora/NetVLAD/output/train_feat_cache.hdf5
2020-01-07 14:46:45,541 Allocated:31.03076171875 MB
2020-01-07 14:46:45,542 Cached:9902.625 MB
2020-01-07 14:48:01,214 ==> Task[1]Epoch[9](50/401): Loss: 0.1623
2020-01-07 14:48:01,216 Allocated:33.03076171875 MB
2020-01-07 14:48:01,216 Cached:1111.5 MB
2020-01-07 14:49:20,241 ==> Task[1]Epoch[9](100/401): Loss: 0.0890
2020-01-07 14:49:20,243 Allocated:33.03076171875 MB
2020-01-07 14:49:20,243 Cached:1111.5 MB
2020-01-07 14:50:31,716 ==> Task[1]Epoch[9](150/401): Loss: 0.0557
2020-01-07 14:50:31,718 Allocated:33.03076171875 MB
2020-01-07 14:50:31,718 Cached:1111.5 MB
2020-01-07 14:51:52,335 ==> Task[1]Epoch[9](200/401): Loss: 0.2013
2020-01-07 14:51:52,336 Allocated:33.03076171875 MB
2020-01-07 14:51:52,336 Cached:1111.5 MB
2020-01-07 14:53:07,871 ==> Task[1]Epoch[9](250/401): Loss: 0.3343
2020-01-07 14:53:07,874 Allocated:33.03076171875 MB
2020-01-07 14:53:07,874 Cached:1112.5 MB
2020-01-07 14:54:28,836 ==> Task[1]Epoch[9](300/401): Loss: 0.1182
2020-01-07 14:54:28,840 Allocated:33.03076171875 MB
2020-01-07 14:54:28,840 Cached:1112.5 MB
2020-01-07 14:55:55,860 ==> Task[1]Epoch[9](350/401): Loss: 0.1448
2020-01-07 14:55:55,863 Allocated:33.03076171875 MB
2020-01-07 14:55:55,863 Cached:1111.5 MB
2020-01-07 14:56:56,967 ==> Task[1]Epoch[9](400/401): Loss: 0.3690
2020-01-07 14:56:56,970 Allocated:33.03076171875 MB
2020-01-07 14:56:56,970 Cached:1112.5 MB
2020-01-07 14:56:57,455 ===> Task 1 Epoch 9 Complete: Avg. Loss: 0.0994
2020-01-07 14:56:57,457 begin test:
2020-01-07 14:56:57,458 ====> Extracting Features
2020-01-07 14:58:12,515 ==> Batch (50/72)
2020-01-07 14:58:40,171 ====> Building faiss index
2020-01-07 14:58:40,173 ====> Calculating recall @ N
2020-01-07 14:58:40,667 ====> Recall@1: 0.5539
2020-01-07 14:58:40,668 ====> Recall@2: 0.6084
2020-01-07 14:58:40,668 ====> Recall@3: 0.6400
2020-01-07 14:58:40,668 ====> Recall@4: 0.6603
2020-01-07 14:58:40,669 ====> Recall@5: 0.6713
2020-01-07 14:58:40,669 ====> Recall@10: 0.7003
2020-01-07 14:58:40,669 ====> Recall@15: 0.7243
2020-01-07 14:58:40,669 ====> Recall@20: 0.7365
2020-01-07 14:58:40,669 ====> Recall@25: 0.7458
2020-01-07 14:58:40,793 ====> Building Cache
2020-01-07 14:58:40,793 h5feat cache at: /home/annora/NetVLAD/output/train_feat_cache.hdf5
2020-01-07 15:01:21,174 Allocated:31.03076171875 MB
2020-01-07 15:01:21,175 Cached:9902.625 MB
2020-01-07 15:02:32,003 ==> Task[1]Epoch[10](50/401): Loss: 0.1524
2020-01-07 15:02:32,007 Allocated:33.03076171875 MB
2020-01-07 15:02:32,007 Cached:1112.5 MB
2020-01-07 15:03:45,059 ==> Task[1]Epoch[10](100/401): Loss: 0.0835
2020-01-07 15:03:45,061 Allocated:33.03076171875 MB
2020-01-07 15:03:45,061 Cached:1112.5 MB
2020-01-07 15:04:56,159 ==> Task[1]Epoch[10](150/401): Loss: 0.0322
2020-01-07 15:04:56,161 Allocated:33.03076171875 MB
2020-01-07 15:04:56,161 Cached:1111.5 MB
2020-01-07 15:06:09,787 ==> Task[1]Epoch[10](200/401): Loss: 0.2005
2020-01-07 15:06:09,796 Allocated:33.03076171875 MB
2020-01-07 15:06:09,799 Cached:1112.5 MB
2020-01-07 15:07:22,824 ==> Task[1]Epoch[10](250/401): Loss: 0.3364
2020-01-07 15:07:22,832 Allocated:33.03076171875 MB
2020-01-07 15:07:22,836 Cached:1112.5 MB
2020-01-07 15:08:38,908 ==> Task[1]Epoch[10](300/401): Loss: 0.0794
2020-01-07 15:08:38,911 Allocated:33.03076171875 MB
2020-01-07 15:08:38,911 Cached:1113.5 MB
2020-01-07 15:10:04,957 ==> Task[1]Epoch[10](350/401): Loss: 0.1337
2020-01-07 15:10:04,962 Allocated:33.03076171875 MB
2020-01-07 15:10:04,963 Cached:1112.5 MB
2020-01-07 15:11:02,446 ==> Task[1]Epoch[10](400/401): Loss: 0.3701
2020-01-07 15:11:02,450 Allocated:33.03076171875 MB
2020-01-07 15:11:02,451 Cached:1112.5 MB
2020-01-07 15:11:03,071 ===> Task 1 Epoch 10 Complete: Avg. Loss: 0.0914
2020-01-07 15:11:03,074 begin test:
2020-01-07 15:11:03,075 ====> Extracting Features
2020-01-07 15:12:20,309 ==> Batch (50/72)
2020-01-07 15:12:45,918 ====> Building faiss index
2020-01-07 15:12:45,920 ====> Calculating recall @ N
2020-01-07 15:12:46,354 ====> Recall@1: 0.5551
2020-01-07 15:12:46,354 ====> Recall@2: 0.6061
2020-01-07 15:12:46,355 ====> Recall@3: 0.6377
2020-01-07 15:12:46,355 ====> Recall@4: 0.6574
2020-01-07 15:12:46,355 ====> Recall@5: 0.6690
2020-01-07 15:12:46,356 ====> Recall@10: 0.6991
2020-01-07 15:12:46,356 ====> Recall@15: 0.7220
2020-01-07 15:12:46,356 ====> Recall@20: 0.7345
2020-01-07 15:12:46,356 ====> Recall@25: 0.7417
2020-01-07 15:12:46,413 ====> Building Cache
2020-01-07 15:12:46,413 h5feat cache at: /home/annora/NetVLAD/output/train_feat_cache.hdf5
2020-01-07 15:15:25,583 Allocated:31.03076171875 MB
2020-01-07 15:15:25,584 Cached:9902.625 MB
2020-01-07 15:16:37,096 ==> Task[1]Epoch[11](50/401): Loss: 0.1402
2020-01-07 15:16:37,098 Allocated:33.03076171875 MB
2020-01-07 15:16:37,099 Cached:1112.5 MB
2020-01-07 15:17:45,641 ==> Task[1]Epoch[11](100/401): Loss: 0.0893
2020-01-07 15:17:45,643 Allocated:33.03076171875 MB
2020-01-07 15:17:45,643 Cached:1112.5 MB
2020-01-07 15:18:49,501 ==> Task[1]Epoch[11](150/401): Loss: 0.0353
2020-01-07 15:18:49,503 Allocated:33.03076171875 MB
2020-01-07 15:18:49,503 Cached:1111.5 MB
2020-01-07 15:19:54,635 ==> Task[1]Epoch[11](200/401): Loss: 0.1892
2020-01-07 15:19:54,638 Allocated:33.03076171875 MB
2020-01-07 15:19:54,638 Cached:1112.5 MB
2020-01-07 15:21:01,570 ==> Task[1]Epoch[11](250/401): Loss: 0.3422
2020-01-07 15:21:01,572 Allocated:33.03076171875 MB
2020-01-07 15:21:01,572 Cached:1111.5 MB
2020-01-07 15:22:15,992 ==> Task[1]Epoch[11](300/401): Loss: 0.0554
2020-01-07 15:22:15,994 Allocated:33.03076171875 MB
2020-01-07 15:22:15,994 Cached:1112.5 MB
2020-01-07 15:23:35,879 ==> Task[1]Epoch[11](350/401): Loss: 0.1314
2020-01-07 15:23:35,881 Allocated:33.03076171875 MB
2020-01-07 15:23:35,881 Cached:1112.5 MB
2020-01-07 15:24:30,292 ==> Task[1]Epoch[11](400/401): Loss: 0.3622
2020-01-07 15:24:30,294 Allocated:33.03076171875 MB
2020-01-07 15:24:30,295 Cached:1112.5 MB
2020-01-07 15:24:30,814 ===> Task 1 Epoch 11 Complete: Avg. Loss: 0.0879
2020-01-07 15:24:30,815 begin test:
2020-01-07 15:24:30,816 ====> Extracting Features
2020-01-07 15:25:47,462 ==> Batch (50/72)
2020-01-07 15:26:16,127 ====> Building faiss index
2020-01-07 15:26:16,129 ====> Calculating recall @ N
2020-01-07 15:26:16,577 ====> Recall@1: 0.5658
2020-01-07 15:26:16,577 ====> Recall@2: 0.6148
2020-01-07 15:26:16,578 ====> Recall@3: 0.6496
2020-01-07 15:26:16,578 ====> Recall@4: 0.6629
2020-01-07 15:26:16,578 ====> Recall@5: 0.6730
2020-01-07 15:26:16,578 ====> Recall@10: 0.7038
2020-01-07 15:26:16,578 ====> Recall@15: 0.7243
2020-01-07 15:26:16,579 ====> Recall@20: 0.7388
2020-01-07 15:26:16,579 ====> Recall@25: 0.7472
2020-01-07 15:26:16,691 ====> Building Cache
2020-01-07 15:26:16,691 h5feat cache at: /home/annora/NetVLAD/output/train_feat_cache.hdf5
2020-01-07 15:28:55,750 Allocated:31.03076171875 MB
2020-01-07 15:28:55,751 Cached:9902.625 MB
2020-01-07 15:30:00,780 ==> Task[1]Epoch[12](50/401): Loss: 0.1425
2020-01-07 15:30:00,782 Allocated:33.03076171875 MB
2020-01-07 15:30:00,783 Cached:1113.5 MB
2020-01-07 15:31:06,764 ==> Task[1]Epoch[12](100/401): Loss: 0.0762
2020-01-07 15:31:06,766 Allocated:33.03076171875 MB
2020-01-07 15:31:06,767 Cached:1112.5 MB
2020-01-07 15:32:10,444 ==> Task[1]Epoch[12](150/401): Loss: 0.0411
2020-01-07 15:32:10,445 Allocated:33.03076171875 MB
2020-01-07 15:32:10,446 Cached:1111.5 MB
2020-01-07 15:33:10,988 ==> Task[1]Epoch[12](200/401): Loss: 0.1858
2020-01-07 15:33:10,989 Allocated:33.03076171875 MB
2020-01-07 15:33:10,989 Cached:1111.5 MB
2020-01-07 15:34:18,535 ==> Task[1]Epoch[12](250/401): Loss: 0.3387
2020-01-07 15:34:18,537 Allocated:33.03076171875 MB
2020-01-07 15:34:18,538 Cached:1112.5 MB
2020-01-07 15:35:28,241 ==> Task[1]Epoch[12](300/401): Loss: 0.0536
2020-01-07 15:35:28,244 Allocated:33.03076171875 MB
2020-01-07 15:35:28,244 Cached:1111.5 MB
2020-01-07 15:36:48,773 ==> Task[1]Epoch[12](350/401): Loss: 0.1257
2020-01-07 15:36:48,775 Allocated:33.03076171875 MB
2020-01-07 15:36:48,776 Cached:1112.5 MB
2020-01-07 15:37:45,182 ==> Task[1]Epoch[12](400/401): Loss: 0.3661
2020-01-07 15:37:45,184 Allocated:33.03076171875 MB
2020-01-07 15:37:45,184 Cached:1111.5 MB
2020-01-07 15:37:45,768 ===> Task 1 Epoch 12 Complete: Avg. Loss: 0.0847
2020-01-07 15:37:45,769 begin test:
2020-01-07 15:37:45,770 ====> Extracting Features
2020-01-07 15:39:00,878 ==> Batch (50/72)
2020-01-07 15:39:28,235 ====> Building faiss index
2020-01-07 15:39:28,236 ====> Calculating recall @ N
2020-01-07 15:39:28,772 ====> Recall@1: 0.5707
2020-01-07 15:39:28,773 ====> Recall@2: 0.6168
2020-01-07 15:39:28,773 ====> Recall@3: 0.6475
2020-01-07 15:39:28,773 ====> Recall@4: 0.6672
2020-01-07 15:39:28,774 ====> Recall@5: 0.6765
2020-01-07 15:39:28,774 ====> Recall@10: 0.7055
2020-01-07 15:39:28,774 ====> Recall@15: 0.7246
2020-01-07 15:39:28,774 ====> Recall@20: 0.7383
2020-01-07 15:39:28,774 ====> Recall@25: 0.7475
2020-01-07 15:39:28,888 ====> Building Cache
2020-01-07 15:39:28,888 h5feat cache at: /home/annora/NetVLAD/output/train_feat_cache.hdf5
2020-01-07 15:42:06,092 Allocated:31.03076171875 MB
2020-01-07 15:42:06,093 Cached:9902.625 MB
2020-01-07 15:43:12,599 ==> Task[1]Epoch[13](50/401): Loss: 0.1362
2020-01-07 15:43:12,601 Allocated:33.03076171875 MB
2020-01-07 15:43:12,601 Cached:1111.5 MB
2020-01-07 15:44:18,548 ==> Task[1]Epoch[13](100/401): Loss: 0.0808
2020-01-07 15:44:18,550 Allocated:33.03076171875 MB
2020-01-07 15:44:18,551 Cached:1111.5 MB
2020-01-07 15:45:17,317 ==> Task[1]Epoch[13](150/401): Loss: 0.0306
2020-01-07 15:45:17,319 Allocated:33.03076171875 MB
2020-01-07 15:45:17,319 Cached:1112.5 MB
2020-01-07 15:46:13,264 ==> Task[1]Epoch[13](200/401): Loss: 0.1754
2020-01-07 15:46:13,265 Allocated:33.03076171875 MB
2020-01-07 15:46:13,265 Cached:1112.5 MB
2020-01-07 15:47:19,687 ==> Task[1]Epoch[13](250/401): Loss: 0.3382
2020-01-07 15:47:19,689 Allocated:33.03076171875 MB
2020-01-07 15:47:19,689 Cached:1111.5 MB
2020-01-07 15:48:24,427 ==> Task[1]Epoch[13](300/401): Loss: 0.0553
2020-01-07 15:48:24,429 Allocated:33.03076171875 MB
2020-01-07 15:48:24,429 Cached:1111.5 MB
2020-01-07 15:49:45,548 ==> Task[1]Epoch[13](350/401): Loss: 0.1265
2020-01-07 15:49:45,550 Allocated:33.03076171875 MB
2020-01-07 15:49:45,550 Cached:1111.5 MB
2020-01-07 15:50:35,070 ==> Task[1]Epoch[13](400/401): Loss: 0.3575
2020-01-07 15:50:35,072 Allocated:33.03076171875 MB
2020-01-07 15:50:35,072 Cached:1112.5 MB
2020-01-07 15:50:35,551 ===> Task 1 Epoch 13 Complete: Avg. Loss: 0.0822
2020-01-07 15:50:35,552 begin test:
2020-01-07 15:50:35,553 ====> Extracting Features
2020-01-07 15:51:49,024 ==> Batch (50/72)
2020-01-07 15:52:17,088 ====> Building faiss index
2020-01-07 15:52:17,091 ====> Calculating recall @ N
2020-01-07 15:52:17,518 ====> Recall@1: 0.5716
2020-01-07 15:52:17,519 ====> Recall@2: 0.6159
2020-01-07 15:52:17,520 ====> Recall@3: 0.6496
2020-01-07 15:52:17,520 ====> Recall@4: 0.6678
2020-01-07 15:52:17,520 ====> Recall@5: 0.6806
2020-01-07 15:52:17,521 ====> Recall@10: 0.7104
2020-01-07 15:52:17,521 ====> Recall@15: 0.7272
2020-01-07 15:52:17,521 ====> Recall@20: 0.7383
2020-01-07 15:52:17,521 ====> Recall@25: 0.7522
2020-01-07 15:52:17,643 ====> Building Cache
2020-01-07 15:52:17,644 h5feat cache at: /home/annora/NetVLAD/output/train_feat_cache.hdf5
2020-01-07 15:54:50,360 Allocated:31.03076171875 MB
2020-01-07 15:54:50,361 Cached:9902.625 MB
2020-01-07 15:55:53,117 ==> Task[1]Epoch[14](50/401): Loss: 0.1240
2020-01-07 15:55:53,119 Allocated:33.03076171875 MB
2020-01-07 15:55:53,120 Cached:1111.5 MB
2020-01-07 15:56:52,594 ==> Task[1]Epoch[14](100/401): Loss: 0.0748
2020-01-07 15:56:52,596 Allocated:33.03076171875 MB
2020-01-07 15:56:52,596 Cached:1111.5 MB
2020-01-07 15:57:46,800 ==> Task[1]Epoch[14](150/401): Loss: 0.0277
2020-01-07 15:57:46,801 Allocated:33.03076171875 MB
2020-01-07 15:57:46,801 Cached:1111.5 MB
2020-01-07 15:58:37,799 ==> Task[1]Epoch[14](200/401): Loss: 0.1835
2020-01-07 15:58:37,800 Allocated:33.03076171875 MB
2020-01-07 15:58:37,801 Cached:1112.5 MB
2020-01-07 15:59:40,591 ==> Task[1]Epoch[14](250/401): Loss: 0.3347
2020-01-07 15:59:40,593 Allocated:33.03076171875 MB
2020-01-07 15:59:40,594 Cached:1113.5 MB
2020-01-07 16:00:38,149 ==> Task[1]Epoch[14](300/401): Loss: 0.0526
2020-01-07 16:00:38,150 Allocated:33.03076171875 MB
2020-01-07 16:00:38,151 Cached:1112.5 MB
2020-01-07 16:01:47,089 ==> Task[1]Epoch[14](350/401): Loss: 0.1216
2020-01-07 16:01:47,091 Allocated:33.03076171875 MB
2020-01-07 16:01:47,091 Cached:1112.5 MB
2020-01-07 16:02:35,112 ==> Task[1]Epoch[14](400/401): Loss: 0.3553
2020-01-07 16:02:35,115 Allocated:33.03076171875 MB
2020-01-07 16:02:35,115 Cached:1111.5 MB
2020-01-07 16:02:35,610 ===> Task 1 Epoch 14 Complete: Avg. Loss: 0.0799
2020-01-07 16:02:35,611 begin test:
2020-01-07 16:02:35,612 ====> Extracting Features
2020-01-07 16:03:51,003 ==> Batch (50/72)
2020-01-07 16:04:17,144 ====> Building faiss index
2020-01-07 16:04:17,145 ====> Calculating recall @ N
2020-01-07 16:04:17,552 ====> Recall@1: 0.5771
2020-01-07 16:04:17,553 ====> Recall@2: 0.6194
2020-01-07 16:04:17,553 ====> Recall@3: 0.6530
2020-01-07 16:04:17,553 ====> Recall@4: 0.6716
2020-01-07 16:04:17,554 ====> Recall@5: 0.6817
2020-01-07 16:04:17,554 ====> Recall@10: 0.7116
2020-01-07 16:04:17,554 ====> Recall@15: 0.7281
2020-01-07 16:04:17,554 ====> Recall@20: 0.7414
2020-01-07 16:04:17,554 ====> Recall@25: 0.7528
2020-01-07 16:04:17,677 ====> Building Cache
2020-01-07 16:04:17,677 h5feat cache at: /home/annora/NetVLAD/output/train_feat_cache.hdf5
2020-01-07 16:06:53,688 Allocated:31.03076171875 MB
2020-01-07 16:06:53,690 Cached:9902.625 MB
2020-01-07 16:08:01,866 ==> Task[1]Epoch[15](50/401): Loss: 0.1220
2020-01-07 16:08:01,872 Allocated:33.03076171875 MB
2020-01-07 16:08:01,873 Cached:1112.5 MB
2020-01-07 16:09:01,769 ==> Task[1]Epoch[15](100/401): Loss: 0.0858
2020-01-07 16:09:01,771 Allocated:33.03076171875 MB
2020-01-07 16:09:01,771 Cached:1113.5 MB
2020-01-07 16:09:54,598 ==> Task[1]Epoch[15](150/401): Loss: 0.0241
2020-01-07 16:09:54,606 Allocated:33.03076171875 MB
2020-01-07 16:09:54,615 Cached:1110.5 MB
2020-01-07 16:10:44,710 ==> Task[1]Epoch[15](200/401): Loss: 0.1730
2020-01-07 16:10:44,715 Allocated:33.03076171875 MB
2020-01-07 16:10:44,716 Cached:1112.5 MB
2020-01-07 16:11:45,392 ==> Task[1]Epoch[15](250/401): Loss: 0.3189
2020-01-07 16:11:45,401 Allocated:33.03076171875 MB
2020-01-07 16:11:45,407 Cached:1112.5 MB
2020-01-07 16:12:42,628 ==> Task[1]Epoch[15](300/401): Loss: 0.0442
2020-01-07 16:12:42,637 Allocated:33.03076171875 MB
2020-01-07 16:12:42,641 Cached:1112.5 MB
2020-01-07 16:13:50,369 ==> Task[1]Epoch[15](350/401): Loss: 0.1165
2020-01-07 16:13:50,371 Allocated:33.03076171875 MB
2020-01-07 16:13:50,372 Cached:1111.5 MB
2020-01-07 16:14:39,319 ==> Task[1]Epoch[15](400/401): Loss: 0.3585
2020-01-07 16:14:39,329 Allocated:33.03076171875 MB
2020-01-07 16:14:39,329 Cached:1111.5 MB
2020-01-07 16:14:39,788 ===> Task 1 Epoch 15 Complete: Avg. Loss: 0.0790
2020-01-07 16:14:39,789 begin test:
2020-01-07 16:14:39,790 ====> Extracting Features
2020-01-07 16:15:53,384 ==> Batch (50/72)
2020-01-07 16:16:20,691 ====> Building faiss index
2020-01-07 16:16:20,692 ====> Calculating recall @ N
2020-01-07 16:16:21,100 ====> Recall@1: 0.5768
2020-01-07 16:16:21,101 ====> Recall@2: 0.6200
2020-01-07 16:16:21,101 ====> Recall@3: 0.6525
2020-01-07 16:16:21,102 ====> Recall@4: 0.6704
2020-01-07 16:16:21,102 ====> Recall@5: 0.6820
2020-01-07 16:16:21,102 ====> Recall@10: 0.7113
2020-01-07 16:16:21,102 ====> Recall@15: 0.7307
2020-01-07 16:16:21,102 ====> Recall@20: 0.7449
2020-01-07 16:16:21,103 ====> Recall@25: 0.7545
2020-01-07 16:16:21,234 ====> Building Cache
2020-01-07 16:16:21,234 h5feat cache at: /home/annora/NetVLAD/output/train_feat_cache.hdf5
2020-01-07 16:19:00,503 Allocated:31.03076171875 MB
2020-01-07 16:19:00,504 Cached:9902.625 MB
2020-01-07 16:20:03,816 ==> Task[1]Epoch[16](50/401): Loss: 0.1220
2020-01-07 16:20:03,819 Allocated:33.03076171875 MB
2020-01-07 16:20:03,819 Cached:1111.5 MB
2020-01-07 16:21:01,650 ==> Task[1]Epoch[16](100/401): Loss: 0.0872
2020-01-07 16:21:01,652 Allocated:33.03076171875 MB
2020-01-07 16:21:01,652 Cached:1112.5 MB
2020-01-07 16:21:53,818 ==> Task[1]Epoch[16](150/401): Loss: 0.0040
2020-01-07 16:21:53,819 Allocated:33.03076171875 MB
2020-01-07 16:21:53,820 Cached:1112.5 MB
2020-01-07 16:22:43,798 ==> Task[1]Epoch[16](200/401): Loss: 0.1688
2020-01-07 16:22:43,800 Allocated:33.03076171875 MB
2020-01-07 16:22:43,800 Cached:1111.5 MB
2020-01-07 16:23:45,812 ==> Task[1]Epoch[16](250/401): Loss: 0.3159
2020-01-07 16:23:45,814 Allocated:33.03076171875 MB
2020-01-07 16:23:45,815 Cached:1111.5 MB
2020-01-07 16:24:43,508 ==> Task[1]Epoch[16](300/401): Loss: 0.0400
2020-01-07 16:24:43,509 Allocated:33.03076171875 MB
2020-01-07 16:24:43,509 Cached:1111.5 MB
2020-01-07 16:25:51,831 ==> Task[1]Epoch[16](350/401): Loss: 0.1147
2020-01-07 16:25:51,832 Allocated:33.03076171875 MB
2020-01-07 16:25:51,833 Cached:1112.5 MB
2020-01-07 16:26:37,986 ==> Task[1]Epoch[16](400/401): Loss: 0.3499
2020-01-07 16:26:37,988 Allocated:33.03076171875 MB
2020-01-07 16:26:37,988 Cached:1113.5 MB
2020-01-07 16:26:38,505 ===> Task 1 Epoch 16 Complete: Avg. Loss: 0.0775
2020-01-07 16:26:38,507 begin test:
2020-01-07 16:26:38,509 ====> Extracting Features
2020-01-07 16:27:56,888 ==> Batch (50/72)
2020-01-07 16:28:23,562 ====> Building faiss index
2020-01-07 16:28:23,565 ====> Calculating recall @ N
2020-01-07 16:28:24,180 ====> Recall@1: 0.5791
2020-01-07 16:28:24,181 ====> Recall@2: 0.6197
2020-01-07 16:28:24,182 ====> Recall@3: 0.6583
2020-01-07 16:28:24,182 ====> Recall@4: 0.6730
2020-01-07 16:28:24,182 ====> Recall@5: 0.6872
2020-01-07 16:28:24,182 ====> Recall@10: 0.7162
2020-01-07 16:28:24,183 ====> Recall@15: 0.7345
2020-01-07 16:28:24,183 ====> Recall@20: 0.7455
2020-01-07 16:28:24,183 ====> Recall@25: 0.7539
2020-01-07 16:28:24,337 ====> Building Cache
2020-01-07 16:28:24,340 h5feat cache at: /home/annora/NetVLAD/output/train_feat_cache.hdf5
2020-01-07 16:31:04,043 Allocated:31.03076171875 MB
2020-01-07 16:31:04,044 Cached:9902.625 MB
2020-01-07 16:32:03,772 ==> Task[1]Epoch[17](50/401): Loss: 0.1220
2020-01-07 16:32:03,774 Allocated:33.03076171875 MB
2020-01-07 16:32:03,774 Cached:1112.5 MB
2020-01-07 16:33:02,650 ==> Task[1]Epoch[17](100/401): Loss: 0.0821
2020-01-07 16:33:02,652 Allocated:33.03076171875 MB
2020-01-07 16:33:02,652 Cached:1112.5 MB
2020-01-07 16:33:54,364 ==> Task[1]Epoch[17](150/401): Loss: 0.0174
2020-01-07 16:33:54,366 Allocated:33.03076171875 MB
2020-01-07 16:33:54,367 Cached:1111.5 MB
2020-01-07 16:34:43,724 ==> Task[1]Epoch[17](200/401): Loss: 0.1677
2020-01-07 16:34:43,726 Allocated:33.03076171875 MB
2020-01-07 16:34:43,727 Cached:1111.5 MB
2020-01-07 16:35:46,600 ==> Task[1]Epoch[17](250/401): Loss: 0.3207
2020-01-07 16:35:46,602 Allocated:33.03076171875 MB
2020-01-07 16:35:46,602 Cached:1112.5 MB
2020-01-07 16:36:40,318 ==> Task[1]Epoch[17](300/401): Loss: 0.0266
2020-01-07 16:36:40,319 Allocated:33.03076171875 MB
2020-01-07 16:36:40,319 Cached:1111.5 MB
2020-01-07 16:37:48,680 ==> Task[1]Epoch[17](350/401): Loss: 0.1161
2020-01-07 16:37:48,682 Allocated:33.03076171875 MB
2020-01-07 16:37:48,683 Cached:1112.5 MB
2020-01-07 16:38:36,630 ==> Task[1]Epoch[17](400/401): Loss: 0.3496
2020-01-07 16:38:36,632 Allocated:33.03076171875 MB
2020-01-07 16:38:36,632 Cached:1112.5 MB
2020-01-07 16:38:37,145 ===> Task 1 Epoch 17 Complete: Avg. Loss: 0.0762
2020-01-07 16:38:37,146 begin test:
2020-01-07 16:38:37,147 ====> Extracting Features
2020-01-07 16:39:54,951 ==> Batch (50/72)
2020-01-07 16:40:22,400 ====> Building faiss index
2020-01-07 16:40:22,402 ====> Calculating recall @ N
2020-01-07 16:40:22,788 ====> Recall@1: 0.5783
2020-01-07 16:40:22,789 ====> Recall@2: 0.6223
2020-01-07 16:40:22,789 ====> Recall@3: 0.6577
2020-01-07 16:40:22,789 ====> Recall@4: 0.6710
2020-01-07 16:40:22,789 ====> Recall@5: 0.6846
2020-01-07 16:40:22,789 ====> Recall@10: 0.7154
2020-01-07 16:40:22,790 ====> Recall@15: 0.7339
2020-01-07 16:40:22,790 ====> Recall@20: 0.7464
2020-01-07 16:40:22,790 ====> Recall@25: 0.7542
2020-01-07 16:40:22,851 ====> Building Cache
2020-01-07 16:40:22,852 h5feat cache at: /home/annora/NetVLAD/output/train_feat_cache.hdf5
2020-01-07 16:43:02,920 Allocated:31.03076171875 MB
2020-01-07 16:43:02,920 Cached:9902.625 MB
2020-01-07 16:44:02,292 ==> Task[1]Epoch[18](50/401): Loss: 0.1122
2020-01-07 16:44:02,294 Allocated:33.03076171875 MB
2020-01-07 16:44:02,294 Cached:1113.5 MB
2020-01-07 16:44:55,671 ==> Task[1]Epoch[18](100/401): Loss: 0.0777
2020-01-07 16:44:55,672 Allocated:33.03076171875 MB
2020-01-07 16:44:55,673 Cached:1113.5 MB
2020-01-07 16:45:45,931 ==> Task[1]Epoch[18](150/401): Loss: 0.0323
2020-01-07 16:45:45,932 Allocated:33.03076171875 MB
2020-01-07 16:45:45,933 Cached:1111.5 MB
2020-01-07 16:46:32,402 ==> Task[1]Epoch[18](200/401): Loss: 0.1741
2020-01-07 16:46:32,404 Allocated:33.03076171875 MB
2020-01-07 16:46:32,404 Cached:1111.5 MB
2020-01-07 16:47:34,805 ==> Task[1]Epoch[18](250/401): Loss: 0.3135
2020-01-07 16:47:34,808 Allocated:33.03076171875 MB
2020-01-07 16:47:34,808 Cached:1112.5 MB
2020-01-07 16:48:28,023 ==> Task[1]Epoch[18](300/401): Loss: 0.0316
2020-01-07 16:48:28,025 Allocated:33.03076171875 MB
2020-01-07 16:48:28,025 Cached:1112.5 MB
2020-01-07 16:49:35,043 ==> Task[1]Epoch[18](350/401): Loss: 0.1184
2020-01-07 16:49:35,047 Allocated:33.03076171875 MB
2020-01-07 16:49:35,047 Cached:1112.5 MB
2020-01-07 16:50:18,774 ==> Task[1]Epoch[18](400/401): Loss: 0.3470
2020-01-07 16:50:18,777 Allocated:33.03076171875 MB
2020-01-07 16:50:18,777 Cached:1112.5 MB
2020-01-07 16:50:19,237 ===> Task 1 Epoch 18 Complete: Avg. Loss: 0.0757
2020-01-07 16:50:19,238 begin test:
2020-01-07 16:50:19,238 ====> Extracting Features
2020-01-07 16:51:34,081 ==> Batch (50/72)
2020-01-07 16:52:00,916 ====> Building faiss index
2020-01-07 16:52:00,918 ====> Calculating recall @ N
2020-01-07 16:52:01,351 ====> Recall@1: 0.5814
2020-01-07 16:52:01,351 ====> Recall@2: 0.6235
2020-01-07 16:52:01,352 ====> Recall@3: 0.6612
2020-01-07 16:52:01,352 ====> Recall@4: 0.6745
2020-01-07 16:52:01,352 ====> Recall@5: 0.6867
2020-01-07 16:52:01,352 ====> Recall@10: 0.7197
2020-01-07 16:52:01,353 ====> Recall@15: 0.7365
2020-01-07 16:52:01,353 ====> Recall@20: 0.7461
2020-01-07 16:52:01,353 ====> Recall@25: 0.7548
2020-01-07 16:52:01,413 ====> Building Cache
2020-01-07 16:52:01,413 h5feat cache at: /home/annora/NetVLAD/output/train_feat_cache.hdf5
2020-01-07 16:54:40,207 Allocated:31.03076171875 MB
2020-01-07 16:54:40,208 Cached:9902.625 MB
2020-01-07 16:55:39,714 ==> Task[1]Epoch[19](50/401): Loss: 0.1139
2020-01-07 16:55:39,717 Allocated:33.03076171875 MB
2020-01-07 16:55:39,717 Cached:1112.5 MB
2020-01-07 16:56:31,970 ==> Task[1]Epoch[19](100/401): Loss: 0.0733
2020-01-07 16:56:31,971 Allocated:33.03076171875 MB
2020-01-07 16:56:31,971 Cached:1111.5 MB
2020-01-07 16:57:22,477 ==> Task[1]Epoch[19](150/401): Loss: 0.0255
2020-01-07 16:57:22,479 Allocated:33.03076171875 MB
2020-01-07 16:57:22,479 Cached:1111.5 MB
2020-01-07 16:58:08,348 ==> Task[1]Epoch[19](200/401): Loss: 0.1653
2020-01-07 16:58:08,350 Allocated:33.03076171875 MB
2020-01-07 16:58:08,351 Cached:1112.5 MB
2020-01-07 16:59:11,148 ==> Task[1]Epoch[19](250/401): Loss: 0.3141
2020-01-07 16:59:11,150 Allocated:33.03076171875 MB
2020-01-07 16:59:11,151 Cached:1113.5 MB
2020-01-07 17:00:06,355 ==> Task[1]Epoch[19](300/401): Loss: 0.0268
2020-01-07 17:00:06,357 Allocated:33.03076171875 MB
2020-01-07 17:00:06,357 Cached:1112.5 MB
2020-01-07 17:01:10,822 ==> Task[1]Epoch[19](350/401): Loss: 0.1131
2020-01-07 17:01:10,823 Allocated:33.03076171875 MB
2020-01-07 17:01:10,824 Cached:1112.5 MB
2020-01-07 17:01:53,770 ==> Task[1]Epoch[19](400/401): Loss: 0.3525
2020-01-07 17:01:53,772 Allocated:33.03076171875 MB
2020-01-07 17:01:53,772 Cached:1112.5 MB
2020-01-07 17:01:54,262 ===> Task 1 Epoch 19 Complete: Avg. Loss: 0.0737
2020-01-07 17:01:54,263 begin test:
2020-01-07 17:01:54,264 ====> Extracting Features
2020-01-07 17:03:09,374 ==> Batch (50/72)
2020-01-07 17:03:36,605 ====> Building faiss index
2020-01-07 17:03:36,606 ====> Calculating recall @ N
2020-01-07 17:03:37,032 ====> Recall@1: 0.5858
2020-01-07 17:03:37,032 ====> Recall@2: 0.6238
2020-01-07 17:03:37,033 ====> Recall@3: 0.6600
2020-01-07 17:03:37,033 ====> Recall@4: 0.6733
2020-01-07 17:03:37,033 ====> Recall@5: 0.6846
2020-01-07 17:03:37,033 ====> Recall@10: 0.7188
2020-01-07 17:03:37,034 ====> Recall@15: 0.7342
2020-01-07 17:03:37,034 ====> Recall@20: 0.7461
2020-01-07 17:03:37,034 ====> Recall@25: 0.7548
2020-01-07 17:03:37,095 ====> Building Cache
2020-01-07 17:03:37,095 h5feat cache at: /home/annora/NetVLAD/output/train_feat_cache.hdf5
2020-01-07 17:06:22,768 Allocated:31.03076171875 MB
2020-01-07 17:06:22,769 Cached:9902.625 MB
2020-01-07 17:07:20,028 ==> Task[1]Epoch[20](50/401): Loss: 0.1154
2020-01-07 17:07:20,030 Allocated:33.03076171875 MB
2020-01-07 17:07:20,030 Cached:1111.5 MB
2020-01-07 17:08:11,151 ==> Task[1]Epoch[20](100/401): Loss: 0.0732
2020-01-07 17:08:11,153 Allocated:33.03076171875 MB
2020-01-07 17:08:11,153 Cached:1112.5 MB
2020-01-07 17:09:00,189 ==> Task[1]Epoch[20](150/401): Loss: 0.0169
2020-01-07 17:09:00,190 Allocated:33.03076171875 MB
2020-01-07 17:09:00,190 Cached:1112.5 MB
2020-01-07 17:09:44,833 ==> Task[1]Epoch[20](200/401): Loss: 0.1656
2020-01-07 17:09:44,835 Allocated:33.03076171875 MB
2020-01-07 17:09:44,835 Cached:1112.5 MB
2020-01-07 17:10:47,067 ==> Task[1]Epoch[20](250/401): Loss: 0.3057
2020-01-07 17:10:47,070 Allocated:33.03076171875 MB
2020-01-07 17:10:47,070 Cached:1112.5 MB
2020-01-07 17:11:43,111 ==> Task[1]Epoch[20](300/401): Loss: 0.0306
2020-01-07 17:11:43,112 Allocated:33.03076171875 MB
2020-01-07 17:11:43,113 Cached:1112.5 MB
2020-01-07 17:12:49,570 ==> Task[1]Epoch[20](350/401): Loss: 0.1124
2020-01-07 17:12:49,572 Allocated:33.03076171875 MB
2020-01-07 17:12:49,572 Cached:1112.5 MB
2020-01-07 17:13:32,390 ==> Task[1]Epoch[20](400/401): Loss: 0.3382
2020-01-07 17:13:32,392 Allocated:33.03076171875 MB
2020-01-07 17:13:32,392 Cached:1112.5 MB
2020-01-07 17:13:32,840 ===> Task 1 Epoch 20 Complete: Avg. Loss: 0.0733
2020-01-07 17:13:32,841 begin test:
2020-01-07 17:13:32,841 ====> Extracting Features
2020-01-07 17:14:45,420 ==> Batch (50/72)
2020-01-07 17:15:14,576 ====> Building faiss index
2020-01-07 17:15:14,578 ====> Calculating recall @ N
2020-01-07 17:15:15,000 ====> Recall@1: 0.5832
2020-01-07 17:15:15,001 ====> Recall@2: 0.6223
2020-01-07 17:15:15,001 ====> Recall@3: 0.6614
2020-01-07 17:15:15,002 ====> Recall@4: 0.6745
2020-01-07 17:15:15,002 ====> Recall@5: 0.6858
2020-01-07 17:15:15,002 ====> Recall@10: 0.7206
2020-01-07 17:15:15,002 ====> Recall@15: 0.7354
2020-01-07 17:15:15,002 ====> Recall@20: 0.7470
2020-01-07 17:15:15,003 ====> Recall@25: 0.7551
2020-01-07 17:15:15,063 ====> Building Cache
2020-01-07 17:15:15,063 h5feat cache at: /home/annora/NetVLAD/output/train_feat_cache.hdf5
2020-01-07 17:17:57,525 Allocated:31.03076171875 MB
2020-01-07 17:17:57,526 Cached:9902.625 MB
2020-01-07 17:18:55,025 ==> Task[1]Epoch[21](50/401): Loss: 0.1157
2020-01-07 17:18:55,029 Allocated:33.03076171875 MB
2020-01-07 17:18:55,029 Cached:1112.5 MB
2020-01-07 17:19:46,728 ==> Task[1]Epoch[21](100/401): Loss: 0.0731
2020-01-07 17:19:46,729 Allocated:33.03076171875 MB
2020-01-07 17:19:46,729 Cached:1111.5 MB
2020-01-07 17:20:35,048 ==> Task[1]Epoch[21](150/401): Loss: 0.0133
2020-01-07 17:20:35,050 Allocated:33.03076171875 MB
2020-01-07 17:20:35,050 Cached:1111.5 MB
2020-01-07 17:21:19,488 ==> Task[1]Epoch[21](200/401): Loss: 0.1730
2020-01-07 17:21:19,491 Allocated:33.03076171875 MB
2020-01-07 17:21:19,491 Cached:1112.5 MB
2020-01-07 17:22:20,571 ==> Task[1]Epoch[21](250/401): Loss: 0.3062
2020-01-07 17:22:20,573 Allocated:33.03076171875 MB
2020-01-07 17:22:20,573 Cached:1113.5 MB
2020-01-07 17:23:15,608 ==> Task[1]Epoch[21](300/401): Loss: 0.0199
2020-01-07 17:23:15,609 Allocated:33.03076171875 MB
2020-01-07 17:23:15,610 Cached:1111.5 MB
2020-01-07 17:24:22,039 ==> Task[1]Epoch[21](350/401): Loss: 0.1172
2020-01-07 17:24:22,041 Allocated:33.03076171875 MB
2020-01-07 17:24:22,041 Cached:1111.5 MB
2020-01-07 17:25:03,610 ==> Task[1]Epoch[21](400/401): Loss: 0.3479
2020-01-07 17:25:03,612 Allocated:33.03076171875 MB
2020-01-07 17:25:03,612 Cached:1113.5 MB
2020-01-07 17:25:04,106 ===> Task 1 Epoch 21 Complete: Avg. Loss: 0.0732
2020-01-07 17:25:04,107 begin test:
2020-01-07 17:25:04,108 ====> Extracting Features
2020-01-07 17:26:18,047 ==> Batch (50/72)
2020-01-07 17:26:46,621 ====> Building faiss index
2020-01-07 17:26:46,623 ====> Calculating recall @ N
2020-01-07 17:26:47,051 ====> Recall@1: 0.5852
2020-01-07 17:26:47,052 ====> Recall@2: 0.6249
2020-01-07 17:26:47,052 ====> Recall@3: 0.6632
2020-01-07 17:26:47,053 ====> Recall@4: 0.6751
2020-01-07 17:26:47,053 ====> Recall@5: 0.6864
2020-01-07 17:26:47,053 ====> Recall@10: 0.7206
2020-01-07 17:26:47,053 ====> Recall@15: 0.7351
2020-01-07 17:26:47,053 ====> Recall@20: 0.7472
2020-01-07 17:26:47,054 ====> Recall@25: 0.7542
2020-01-07 17:26:47,118 ====> Building Cache
2020-01-07 17:26:47,118 h5feat cache at: /home/annora/NetVLAD/output/train_feat_cache.hdf5
2020-01-07 17:29:27,286 Allocated:31.03076171875 MB
2020-01-07 17:29:27,286 Cached:9902.625 MB
2020-01-07 17:30:27,002 ==> Task[1]Epoch[22](50/401): Loss: 0.1087
2020-01-07 17:30:27,004 Allocated:33.03076171875 MB
2020-01-07 17:30:27,005 Cached:1112.5 MB
2020-01-07 17:31:17,134 ==> Task[1]Epoch[22](100/401): Loss: 0.0695
2020-01-07 17:31:17,137 Allocated:33.03076171875 MB
2020-01-07 17:31:17,137 Cached:1112.5 MB
2020-01-07 17:32:06,813 ==> Task[1]Epoch[22](150/401): Loss: 0.0273
2020-01-07 17:32:06,815 Allocated:33.03076171875 MB
2020-01-07 17:32:06,815 Cached:1111.5 MB
2020-01-07 17:32:49,801 ==> Task[1]Epoch[22](200/401): Loss: 0.1650
2020-01-07 17:32:49,804 Allocated:33.03076171875 MB
2020-01-07 17:32:49,804 Cached:1111.5 MB
2020-01-07 17:33:51,355 ==> Task[1]Epoch[22](250/401): Loss: 0.3052
2020-01-07 17:33:51,357 Allocated:33.03076171875 MB
2020-01-07 17:33:51,357 Cached:1112.5 MB
2020-01-07 17:34:43,739 ==> Task[1]Epoch[22](300/401): Loss: 0.0244
2020-01-07 17:34:43,741 Allocated:33.03076171875 MB
2020-01-07 17:34:43,741 Cached:1112.5 MB
2020-01-07 17:35:50,147 ==> Task[1]Epoch[22](350/401): Loss: 0.1155
2020-01-07 17:35:50,149 Allocated:33.03076171875 MB
2020-01-07 17:35:50,149 Cached:1112.5 MB
2020-01-07 17:36:32,175 ==> Task[1]Epoch[22](400/401): Loss: 0.3519
2020-01-07 17:36:32,177 Allocated:33.03076171875 MB
2020-01-07 17:36:32,177 Cached:1111.5 MB
2020-01-07 17:36:32,665 ===> Task 1 Epoch 22 Complete: Avg. Loss: 0.0727
2020-01-07 17:36:32,666 begin test:
2020-01-07 17:36:32,666 ====> Extracting Features
2020-01-07 17:37:46,938 ==> Batch (50/72)
2020-01-07 17:38:13,879 ====> Building faiss index
2020-01-07 17:38:13,881 ====> Calculating recall @ N
2020-01-07 17:38:14,324 ====> Recall@1: 0.5884
2020-01-07 17:38:14,325 ====> Recall@2: 0.6270
2020-01-07 17:38:14,325 ====> Recall@3: 0.6643
2020-01-07 17:38:14,326 ====> Recall@4: 0.6757
2020-01-07 17:38:14,326 ====> Recall@5: 0.6870
2020-01-07 17:38:14,326 ====> Recall@10: 0.7206
2020-01-07 17:38:14,326 ====> Recall@15: 0.7351
2020-01-07 17:38:14,327 ====> Recall@20: 0.7478
2020-01-07 17:38:14,327 ====> Recall@25: 0.7530
2020-01-07 17:38:14,392 ====> Building Cache
2020-01-07 17:38:14,393 h5feat cache at: /home/annora/NetVLAD/output/train_feat_cache.hdf5
2020-01-07 17:40:54,394 Allocated:31.03076171875 MB
2020-01-07 17:40:54,395 Cached:9902.625 MB
2020-01-07 17:41:54,081 ==> Task[1]Epoch[23](50/401): Loss: 0.1208
2020-01-07 17:41:54,083 Allocated:33.03076171875 MB
2020-01-07 17:41:54,084 Cached:1111.5 MB
2020-01-07 17:42:47,360 ==> Task[1]Epoch[23](100/401): Loss: 0.0835
2020-01-07 17:42:47,361 Allocated:33.03076171875 MB
2020-01-07 17:42:47,362 Cached:1113.5 MB
2020-01-07 17:43:33,902 ==> Task[1]Epoch[23](150/401): Loss: 0.0315
2020-01-07 17:43:33,903 Allocated:33.03076171875 MB
2020-01-07 17:43:33,904 Cached:1112.5 MB
2020-01-07 17:44:16,514 ==> Task[1]Epoch[23](200/401): Loss: 0.1684
2020-01-07 17:44:16,516 Allocated:33.03076171875 MB
2020-01-07 17:44:16,516 Cached:1110.5 MB
2020-01-07 17:45:18,021 ==> Task[1]Epoch[23](250/401): Loss: 0.3020
2020-01-07 17:45:18,022 Allocated:33.03076171875 MB
2020-01-07 17:45:18,023 Cached:1112.5 MB
2020-01-07 17:46:08,122 ==> Task[1]Epoch[23](300/401): Loss: 0.0226
2020-01-07 17:46:08,123 Allocated:33.03076171875 MB
2020-01-07 17:46:08,124 Cached:1112.5 MB
2020-01-07 17:47:11,883 ==> Task[1]Epoch[23](350/401): Loss: 0.1133
2020-01-07 17:47:11,885 Allocated:33.03076171875 MB
2020-01-07 17:47:11,885 Cached:1111.5 MB
2020-01-07 17:47:54,198 ==> Task[1]Epoch[23](400/401): Loss: 0.3367
2020-01-07 17:47:54,200 Allocated:33.03076171875 MB
2020-01-07 17:47:54,201 Cached:1113.5 MB
2020-01-07 17:47:54,698 ===> Task 1 Epoch 23 Complete: Avg. Loss: 0.0722
2020-01-07 17:47:54,699 begin test:
2020-01-07 17:47:54,711 ====> Extracting Features
2020-01-07 17:49:14,307 ==> Batch (50/72)
2020-01-07 17:49:43,805 ====> Building faiss index
2020-01-07 17:49:43,807 ====> Calculating recall @ N
2020-01-07 17:49:44,297 ====> Recall@1: 0.5904
2020-01-07 17:49:44,297 ====> Recall@2: 0.6296
2020-01-07 17:49:44,298 ====> Recall@3: 0.6643
2020-01-07 17:49:44,298 ====> Recall@4: 0.6777
2020-01-07 17:49:44,298 ====> Recall@5: 0.6887
2020-01-07 17:49:44,298 ====> Recall@10: 0.7209
2020-01-07 17:49:44,299 ====> Recall@15: 0.7359
2020-01-07 17:49:44,299 ====> Recall@20: 0.7467
2020-01-07 17:49:44,299 ====> Recall@25: 0.7533
2020-01-07 17:49:44,417 ====> Building Cache
2020-01-07 17:49:44,418 h5feat cache at: /home/annora/NetVLAD/output/train_feat_cache.hdf5
2020-01-07 17:52:24,001 Allocated:31.03076171875 MB
2020-01-07 17:52:24,001 Cached:9902.625 MB
2020-01-07 17:53:21,456 ==> Task[1]Epoch[24](50/401): Loss: 0.1164
2020-01-07 17:53:21,458 Allocated:33.03076171875 MB
2020-01-07 17:53:21,458 Cached:1112.5 MB
2020-01-07 17:54:11,265 ==> Task[1]Epoch[24](100/401): Loss: 0.0769
2020-01-07 17:54:11,267 Allocated:33.03076171875 MB
2020-01-07 17:54:11,267 Cached:1112.5 MB
2020-01-07 17:55:03,581 ==> Task[1]Epoch[24](150/401): Loss: 0.0311
2020-01-07 17:55:03,582 Allocated:33.03076171875 MB
2020-01-07 17:55:03,583 Cached:1111.5 MB
2020-01-07 17:55:45,212 ==> Task[1]Epoch[24](200/401): Loss: 0.1648
2020-01-07 17:55:45,214 Allocated:33.03076171875 MB
2020-01-07 17:55:45,214 Cached:1112.5 MB
2020-01-07 17:56:47,718 ==> Task[1]Epoch[24](250/401): Loss: 0.3037
2020-01-07 17:56:47,720 Allocated:33.03076171875 MB
2020-01-07 17:56:47,721 Cached:1113.5 MB
2020-01-07 17:57:39,253 ==> Task[1]Epoch[24](300/401): Loss: 0.0323
2020-01-07 17:57:39,254 Allocated:33.03076171875 MB
2020-01-07 17:57:39,255 Cached:1111.5 MB
2020-01-07 17:58:40,839 ==> Task[1]Epoch[24](350/401): Loss: 0.1119
2020-01-07 17:58:40,841 Allocated:33.03076171875 MB
2020-01-07 17:58:40,841 Cached:1111.5 MB
2020-01-07 17:59:20,698 ==> Task[1]Epoch[24](400/401): Loss: 0.3394
2020-01-07 17:59:20,700 Allocated:33.03076171875 MB
2020-01-07 17:59:20,700 Cached:1112.5 MB
2020-01-07 17:59:21,176 ===> Task 1 Epoch 24 Complete: Avg. Loss: 0.0715
2020-01-07 17:59:21,178 begin test:
2020-01-07 17:59:21,179 ====> Extracting Features
2020-01-07 18:00:36,022 ==> Batch (50/72)
2020-01-07 18:01:05,292 ====> Building faiss index
2020-01-07 18:01:05,294 ====> Calculating recall @ N
2020-01-07 18:01:05,750 ====> Recall@1: 0.5910
2020-01-07 18:01:05,751 ====> Recall@2: 0.6293
2020-01-07 18:01:05,752 ====> Recall@3: 0.6658
2020-01-07 18:01:05,753 ====> Recall@4: 0.6783
2020-01-07 18:01:05,753 ====> Recall@5: 0.6904
2020-01-07 18:01:05,753 ====> Recall@10: 0.7203
2020-01-07 18:01:05,753 ====> Recall@15: 0.7371
2020-01-07 18:01:05,753 ====> Recall@20: 0.7481
2020-01-07 18:01:05,754 ====> Recall@25: 0.7536
2020-01-07 18:01:05,883 ====> Building Cache
2020-01-07 18:01:05,884 h5feat cache at: /home/annora/NetVLAD/output/train_feat_cache.hdf5
2020-01-07 18:03:46,304 Allocated:31.03076171875 MB
2020-01-07 18:03:46,305 Cached:9902.625 MB
2020-01-07 18:04:44,093 ==> Task[1]Epoch[25](50/401): Loss: 0.1116
2020-01-07 18:04:44,095 Allocated:33.03076171875 MB
2020-01-07 18:04:44,096 Cached:1112.5 MB
2020-01-07 18:05:32,290 ==> Task[1]Epoch[25](100/401): Loss: 0.0749
2020-01-07 18:05:32,308 Allocated:33.03076171875 MB
2020-01-07 18:05:32,310 Cached:1113.5 MB
2020-01-07 18:06:20,853 ==> Task[1]Epoch[25](150/401): Loss: 0.0139
2020-01-07 18:06:20,856 Allocated:33.03076171875 MB
2020-01-07 18:06:20,856 Cached:1112.5 MB
2020-01-07 18:07:04,984 ==> Task[1]Epoch[25](200/401): Loss: 0.1699
2020-01-07 18:07:04,987 Allocated:33.03076171875 MB
2020-01-07 18:07:04,988 Cached:1111.5 MB
2020-01-07 18:08:06,989 ==> Task[1]Epoch[25](250/401): Loss: 0.2950
2020-01-07 18:08:06,991 Allocated:33.03076171875 MB
2020-01-07 18:08:06,991 Cached:1112.5 MB
2020-01-07 18:08:57,720 ==> Task[1]Epoch[25](300/401): Loss: 0.0336
2020-01-07 18:08:57,721 Allocated:33.03076171875 MB
2020-01-07 18:08:57,722 Cached:1111.5 MB
2020-01-07 18:09:59,050 ==> Task[1]Epoch[25](350/401): Loss: 0.1154
2020-01-07 18:09:59,053 Allocated:33.03076171875 MB
2020-01-07 18:09:59,053 Cached:1111.5 MB
2020-01-07 18:10:38,856 ==> Task[1]Epoch[25](400/401): Loss: 0.3400
2020-01-07 18:10:38,858 Allocated:33.03076171875 MB
2020-01-07 18:10:38,859 Cached:1112.5 MB
2020-01-07 18:10:39,386 ===> Task 1 Epoch 25 Complete: Avg. Loss: 0.0716
2020-01-07 18:10:39,387 begin test:
2020-01-07 18:10:39,387 ====> Extracting Features
2020-01-07 18:11:53,392 ==> Batch (50/72)
2020-01-07 18:12:21,324 ====> Building faiss index
2020-01-07 18:12:21,326 ====> Calculating recall @ N
2020-01-07 18:12:21,760 ====> Recall@1: 0.5925
2020-01-07 18:12:21,761 ====> Recall@2: 0.6293
2020-01-07 18:12:21,761 ====> Recall@3: 0.6652
2020-01-07 18:12:21,762 ====> Recall@4: 0.6783
2020-01-07 18:12:21,762 ====> Recall@5: 0.6910
2020-01-07 18:12:21,762 ====> Recall@10: 0.7212
2020-01-07 18:12:21,762 ====> Recall@15: 0.7371
2020-01-07 18:12:21,762 ====> Recall@20: 0.7481
2020-01-07 18:12:21,762 ====> Recall@25: 0.7539
2020-01-07 18:12:21,884 ====> Building Cache
2020-01-07 18:12:21,884 h5feat cache at: /home/annora/NetVLAD/output/train_feat_cache.hdf5
2020-01-07 18:15:05,609 Allocated:31.03076171875 MB
2020-01-07 18:15:05,609 Cached:9902.625 MB
2020-01-07 18:16:02,223 ==> Task[1]Epoch[26](50/401): Loss: 0.1132
2020-01-07 18:16:02,225 Allocated:33.03076171875 MB
2020-01-07 18:16:02,225 Cached:1110.5 MB
2020-01-07 18:16:51,801 ==> Task[1]Epoch[26](100/401): Loss: 0.0772
2020-01-07 18:16:51,803 Allocated:33.03076171875 MB
2020-01-07 18:16:51,803 Cached:1112.5 MB
2020-01-07 18:18:20,331 ==> Task[1]Epoch[26](200/401): Loss: 0.1672
2020-01-07 18:18:20,333 Allocated:33.03076171875 MB
2020-01-07 18:18:20,333 Cached:1111.5 MB
2020-01-07 18:19:26,398 ==> Task[1]Epoch[26](250/401): Loss: 0.2978
2020-01-07 18:19:26,401 Allocated:33.03076171875 MB
2020-01-07 18:19:26,401 Cached:1112.5 MB
2020-01-07 18:20:16,974 ==> Task[1]Epoch[26](300/401): Loss: 0.0233
2020-01-07 18:20:16,975 Allocated:33.03076171875 MB
2020-01-07 18:20:16,976 Cached:1111.5 MB
2020-01-07 18:21:17,971 ==> Task[1]Epoch[26](350/401): Loss: 0.1116
2020-01-07 18:21:17,974 Allocated:33.03076171875 MB
2020-01-07 18:21:17,974 Cached:1112.5 MB
2020-01-07 18:21:58,706 ==> Task[1]Epoch[26](400/401): Loss: 0.3400
2020-01-07 18:21:58,707 Allocated:33.03076171875 MB
2020-01-07 18:21:58,708 Cached:1112.5 MB
2020-01-07 18:21:59,214 ===> Task 1 Epoch 26 Complete: Avg. Loss: 0.0710
2020-01-07 18:21:59,215 begin test:
2020-01-07 18:21:59,216 ====> Extracting Features
2020-01-07 18:23:13,397 ==> Batch (50/72)
2020-01-07 18:23:41,048 ====> Building faiss index
2020-01-07 18:23:41,049 ====> Calculating recall @ N
2020-01-07 18:23:41,532 ====> Recall@1: 0.5913
2020-01-07 18:23:41,532 ====> Recall@2: 0.6296
2020-01-07 18:23:41,533 ====> Recall@3: 0.6643
2020-01-07 18:23:41,533 ====> Recall@4: 0.6780
2020-01-07 18:23:41,533 ====> Recall@5: 0.6899
2020-01-07 18:23:41,533 ====> Recall@10: 0.7209
2020-01-07 18:23:41,533 ====> Recall@15: 0.7362
2020-01-07 18:23:41,534 ====> Recall@20: 0.7467
2020-01-07 18:23:41,534 ====> Recall@25: 0.7539
2020-01-07 18:23:41,594 ====> Building Cache
2020-01-07 18:23:41,594 h5feat cache at: /home/annora/NetVLAD/output/train_feat_cache.hdf5
2020-01-07 18:26:26,366 Allocated:31.03076171875 MB
2020-01-07 18:26:26,366 Cached:9902.625 MB
2020-01-07 18:27:23,884 ==> Task[1]Epoch[27](50/401): Loss: 0.1106
2020-01-07 18:27:23,887 Allocated:33.03076171875 MB
2020-01-07 18:27:23,887 Cached:1112.5 MB
2020-01-07 18:28:12,601 ==> Task[1]Epoch[27](100/401): Loss: 0.0738
2020-01-07 18:28:12,603 Allocated:33.03076171875 MB
2020-01-07 18:28:12,603 Cached:1111.5 MB
2020-01-07 18:29:01,138 ==> Task[1]Epoch[27](150/401): Loss: 0.0162
2020-01-07 18:29:01,140 Allocated:33.03076171875 MB
2020-01-07 18:29:01,140 Cached:1111.5 MB
2020-01-07 18:29:41,766 ==> Task[1]Epoch[27](200/401): Loss: 0.1594
2020-01-07 18:29:41,769 Allocated:33.03076171875 MB
2020-01-07 18:29:41,769 Cached:1112.5 MB
2020-01-07 18:30:48,104 ==> Task[1]Epoch[27](250/401): Loss: 0.2987
2020-01-07 18:30:48,106 Allocated:33.03076171875 MB
2020-01-07 18:30:48,106 Cached:1112.5 MB
2020-01-07 18:31:40,579 ==> Task[1]Epoch[27](300/401): Loss: 0.0290
2020-01-07 18:31:40,581 Allocated:33.03076171875 MB
2020-01-07 18:31:40,582 Cached:1112.5 MB
2020-01-07 18:32:42,743 ==> Task[1]Epoch[27](350/401): Loss: 0.1108
2020-01-07 18:32:42,745 Allocated:33.03076171875 MB
2020-01-07 18:32:42,745 Cached:1111.5 MB
2020-01-07 18:33:22,392 ==> Task[1]Epoch[27](400/401): Loss: 0.3423
2020-01-07 18:33:22,394 Allocated:33.03076171875 MB
2020-01-07 18:33:22,394 Cached:1113.5 MB
2020-01-07 18:33:22,908 ===> Task 1 Epoch 27 Complete: Avg. Loss: 0.0710
2020-01-07 18:33:22,909 begin test:
2020-01-07 18:33:22,910 ====> Extracting Features
2020-01-07 18:34:38,502 ==> Batch (50/72)
2020-01-07 18:35:06,470 ====> Building faiss index
2020-01-07 18:35:06,472 ====> Calculating recall @ N
2020-01-07 18:35:06,941 ====> Recall@1: 0.5904
2020-01-07 18:35:06,942 ====> Recall@2: 0.6301
2020-01-07 18:35:06,942 ====> Recall@3: 0.6664
2020-01-07 18:35:06,943 ====> Recall@4: 0.6791
2020-01-07 18:35:06,943 ====> Recall@5: 0.6913
2020-01-07 18:35:06,943 ====> Recall@10: 0.7209
2020-01-07 18:35:06,943 ====> Recall@15: 0.7371
2020-01-07 18:35:06,943 ====> Recall@20: 0.7472
2020-01-07 18:35:06,943 ====> Recall@25: 0.7539
2020-01-07 18:35:07,066 ====> Building Cache
2020-01-07 18:35:07,066 h5feat cache at: /home/annora/NetVLAD/output/train_feat_cache.hdf5
2020-01-07 18:37:49,409 Allocated:31.03076171875 MB
2020-01-07 18:37:49,410 Cached:9902.625 MB
2020-01-07 18:38:45,937 ==> Task[1]Epoch[28](50/401): Loss: 0.1131
2020-01-07 18:38:45,939 Allocated:33.03076171875 MB
2020-01-07 18:38:45,939 Cached:1113.5 MB
2020-01-07 18:39:33,689 ==> Task[1]Epoch[28](100/401): Loss: 0.0727
2020-01-07 18:39:33,690 Allocated:33.03076171875 MB
2020-01-07 18:39:33,690 Cached:1113.5 MB
2020-01-07 18:40:21,838 ==> Task[1]Epoch[28](150/401): Loss: 0.0047
2020-01-07 18:40:21,842 Allocated:33.03076171875 MB
2020-01-07 18:40:21,842 Cached:1111.5 MB
2020-01-07 18:41:01,867 ==> Task[1]Epoch[28](200/401): Loss: 0.1594
2020-01-07 18:41:01,869 Allocated:33.03076171875 MB
2020-01-07 18:41:01,869 Cached:1112.5 MB
2020-01-07 18:42:03,123 ==> Task[1]Epoch[28](250/401): Loss: 0.2990
2020-01-07 18:42:03,125 Allocated:33.03076171875 MB
2020-01-07 18:42:03,125 Cached:1112.5 MB
2020-01-07 18:42:56,990 ==> Task[1]Epoch[28](300/401): Loss: 0.0176
2020-01-07 18:42:56,992 Allocated:33.03076171875 MB
2020-01-07 18:42:56,992 Cached:1111.5 MB
2020-01-07 18:43:58,042 ==> Task[1]Epoch[28](350/401): Loss: 0.1104
2020-01-07 18:43:58,043 Allocated:33.03076171875 MB
2020-01-07 18:43:58,044 Cached:1112.5 MB
2020-01-07 18:44:36,852 ==> Task[1]Epoch[28](400/401): Loss: 0.3407
2020-01-07 18:44:36,854 Allocated:33.03076171875 MB
2020-01-07 18:44:36,854 Cached:1111.5 MB
2020-01-07 18:44:37,305 ===> Task 1 Epoch 28 Complete: Avg. Loss: 0.0708
2020-01-07 18:44:37,306 begin test:
2020-01-07 18:44:37,307 ====> Extracting Features
2020-01-07 18:45:52,078 ==> Batch (50/72)
2020-01-07 18:46:19,063 ====> Building faiss index
2020-01-07 18:46:19,065 ====> Calculating recall @ N
2020-01-07 18:46:19,501 ====> Recall@1: 0.5916
2020-01-07 18:46:19,502 ====> Recall@2: 0.6310
2020-01-07 18:46:19,503 ====> Recall@3: 0.6667
2020-01-07 18:46:19,503 ====> Recall@4: 0.6794
2020-01-07 18:46:19,503 ====> Recall@5: 0.6901
2020-01-07 18:46:19,503 ====> Recall@10: 0.7206
2020-01-07 18:46:19,503 ====> Recall@15: 0.7380
2020-01-07 18:46:19,504 ====> Recall@20: 0.7467
2020-01-07 18:46:19,504 ====> Recall@25: 0.7545
2020-01-07 18:46:19,561 ====> Building Cache
2020-01-07 18:46:19,562 h5feat cache at: /home/annora/NetVLAD/output/train_feat_cache.hdf5
2020-01-07 18:49:04,750 Allocated:31.03076171875 MB
2020-01-07 18:49:04,751 Cached:9902.625 MB
2020-01-07 18:50:00,139 ==> Task[1]Epoch[29](50/401): Loss: 0.1120
2020-01-07 18:50:00,142 Allocated:33.03076171875 MB
2020-01-07 18:50:00,142 Cached:1112.5 MB
2020-01-07 18:50:47,596 ==> Task[1]Epoch[29](100/401): Loss: 0.0732
2020-01-07 18:50:47,600 Allocated:33.03076171875 MB
2020-01-07 18:50:47,600 Cached:1111.5 MB
2020-01-07 18:51:34,159 ==> Task[1]Epoch[29](150/401): Loss: 0.0000
2020-01-07 18:51:34,160 Allocated:33.03076171875 MB
2020-01-07 18:51:34,161 Cached:1112.5 MB
2020-01-07 18:52:13,601 ==> Task[1]Epoch[29](200/401): Loss: 0.1687
2020-01-07 18:52:13,603 Allocated:33.03076171875 MB
2020-01-07 18:52:13,603 Cached:1111.5 MB
2020-01-07 18:53:14,715 ==> Task[1]Epoch[29](250/401): Loss: 0.2934
2020-01-07 18:53:14,717 Allocated:33.03076171875 MB
2020-01-07 18:53:14,718 Cached:1112.5 MB
2020-01-07 18:54:06,779 ==> Task[1]Epoch[29](300/401): Loss: 0.0286
2020-01-07 18:54:06,780 Allocated:33.03076171875 MB
2020-01-07 18:54:06,780 Cached:1112.5 MB
2020-01-07 18:55:11,374 ==> Task[1]Epoch[29](350/401): Loss: 0.1116
2020-01-07 18:55:11,376 Allocated:33.03076171875 MB
2020-01-07 18:55:11,376 Cached:1112.5 MB
2020-01-07 18:55:51,502 ==> Task[1]Epoch[29](400/401): Loss: 0.3436
2020-01-07 18:55:51,505 Allocated:33.03076171875 MB
2020-01-07 18:55:51,505 Cached:1112.5 MB
2020-01-07 18:55:51,977 ===> Task 1 Epoch 29 Complete: Avg. Loss: 0.0707
2020-01-07 18:55:51,978 begin test:
2020-01-07 18:55:51,979 ====> Extracting Features
2020-01-07 18:57:06,211 ==> Batch (50/72)
2020-01-07 18:57:33,444 ====> Building faiss index
2020-01-07 18:57:33,447 ====> Calculating recall @ N
2020-01-07 18:57:33,823 ====> Recall@1: 0.5919
2020-01-07 18:57:33,823 ====> Recall@2: 0.6319
2020-01-07 18:57:33,824 ====> Recall@3: 0.6661
2020-01-07 18:57:33,824 ====> Recall@4: 0.6777
2020-01-07 18:57:33,824 ====> Recall@5: 0.6901
2020-01-07 18:57:33,825 ====> Recall@10: 0.7206
2020-01-07 18:57:33,825 ====> Recall@15: 0.7374
2020-01-07 18:57:33,825 ====> Recall@20: 0.7470
2020-01-07 18:57:33,825 ====> Recall@25: 0.7551
2020-01-07 18:57:33,882 ====> Building Cache
2020-01-07 18:57:33,883 h5feat cache at: /home/annora/NetVLAD/output/train_feat_cache.hdf5
2020-01-07 19:00:15,673 Allocated:31.03076171875 MB
2020-01-07 19:00:15,674 Cached:9902.625 MB
2020-01-07 19:01:16,389 ==> Task[1]Epoch[30](50/401): Loss: 0.1172
2020-01-07 19:01:16,391 Allocated:33.03076171875 MB
2020-01-07 19:01:16,391 Cached:1112.5 MB
2020-01-07 19:02:04,973 ==> Task[1]Epoch[30](100/401): Loss: 0.0780
2020-01-07 19:02:04,975 Allocated:33.03076171875 MB
2020-01-07 19:02:04,975 Cached:1113.5 MB
2020-01-07 19:03:30,992 ==> Task[1]Epoch[30](200/401): Loss: 0.1615
2020-01-07 19:03:30,994 Allocated:33.03076171875 MB
2020-01-07 19:03:30,994 Cached:1113.5 MB
2020-01-07 19:04:33,835 ==> Task[1]Epoch[30](250/401): Loss: 0.2950
2020-01-07 19:04:33,837 Allocated:33.03076171875 MB
2020-01-07 19:04:33,838 Cached:1112.5 MB
2020-01-07 19:05:23,079 ==> Task[1]Epoch[30](300/401): Loss: 0.0359
2020-01-07 19:05:23,081 Allocated:33.03076171875 MB
2020-01-07 19:05:23,081 Cached:1112.5 MB
2020-01-07 19:06:26,565 ==> Task[1]Epoch[30](350/401): Loss: 0.1128
2020-01-07 19:06:26,566 Allocated:33.03076171875 MB
2020-01-07 19:06:26,567 Cached:1111.5 MB
2020-01-07 19:07:07,458 ==> Task[1]Epoch[30](400/401): Loss: 0.3379
2020-01-07 19:07:07,460 Allocated:33.03076171875 MB
2020-01-07 19:07:07,460 Cached:1113.5 MB
2020-01-07 19:07:07,923 ===> Task 1 Epoch 30 Complete: Avg. Loss: 0.0702
2020-01-07 19:07:07,925 begin test:
2020-01-07 19:07:07,926 ====> Extracting Features
2020-01-07 19:08:22,572 ==> Batch (50/72)
2020-01-07 19:08:49,656 ====> Building faiss index
2020-01-07 19:08:49,657 ====> Calculating recall @ N
2020-01-07 19:08:50,077 ====> Recall@1: 0.5910
2020-01-07 19:08:50,077 ====> Recall@2: 0.6319
2020-01-07 19:08:50,078 ====> Recall@3: 0.6667
2020-01-07 19:08:50,078 ====> Recall@4: 0.6780
2020-01-07 19:08:50,078 ====> Recall@5: 0.6910
2020-01-07 19:08:50,078 ====> Recall@10: 0.7197
2020-01-07 19:08:50,079 ====> Recall@15: 0.7371
2020-01-07 19:08:50,079 ====> Recall@20: 0.7461
2020-01-07 19:08:50,079 ====> Recall@25: 0.7551
2020-01-07 19:08:50,139 => Best Recall@5: 0.6913
