2020-02-01 12:16:38,442 Namespace(arch='alexnet', batchSize=12, cacheBatchSize=96, cachePath='/home/annora/NetVLAD/output/', cacheRefreshRate=3000, ckpt='best', contilearn=True, dataPath='/home/annora/NetVLAD/output/data/', dataset='robotcar', evalEvery=1, fromscratch=False, fromtask='/home/annora/NetVLAD/output/runs/2020-01-13-16-28-39_alexnet_netvlad', lr=0.01, lrGamma=0.5, lrStep=5, margin=0.1, mode='train', momentum=0.9, nEpochs=30, nGPU=1, nocuda=False, num_clusters=64, optim='SGD', patience=10, pooling='netvlad', premodel='imagenet', resume='', runsPath='/home/annora/NetVLAD/output/runs/', savePath='checkpoints', seed=123, split='val', start_epoch=0, threads=8, vladv2=False, weightDecay=0.001)
2020-02-01 12:16:38,517 ===> Loading dataset(s)
2020-02-01 12:16:38,517 trainfile ------>>>>>> oxRobocar_doubleN_train.mat
2020-02-01 12:16:41,233 ====> Training set: oxRobocar_doubleN_train.mat, query set count: 6404
2020-02-01 12:16:41,333 ===> Evaluating on val set: oxRobocar_doubleN_val.mat, query count: 3450
2020-02-01 12:16:41,333 ===> Building model
2020-02-01 12:16:41,386 encoder moder:
AlexNet(
  (conv1): Sequential(
    (0): Conv2d(3, 64, kernel_size=(11, 11), stride=(4, 4), padding=(2, 2))
    (1): ReLU(inplace)
    (2): MaxPool2d(kernel_size=3, stride=2, padding=0, dilation=1, ceil_mode=False)
  )
  (conv2): Sequential(
    (0): Conv2d(64, 192, kernel_size=(5, 5), stride=(1, 1), padding=(2, 2))
    (1): ReLU(inplace)
    (2): MaxPool2d(kernel_size=3, stride=2, padding=0, dilation=1, ceil_mode=False)
  )
  (conv3): Sequential(
    (0): Conv2d(192, 384, kernel_size=(3, 3), stride=(1, 1), padding=(1, 1))
    (1): ReLU(inplace)
  )
  (conv4): Sequential(
    (0): Conv2d(384, 256, kernel_size=(3, 3), stride=(1, 1), padding=(1, 1))
    (1): ReLU(inplace)
  )
  (conv5): Sequential(
    (0): Conv2d(256, 256, kernel_size=(3, 3), stride=(1, 1), padding=(1, 1))
  )
)
2020-02-01 12:16:45,809 => loading checkpoint '/home/annora/NetVLAD/output/runs/2020-01-13-16-28-39_alexnet_netvlad/checkpoints/model_best.pth.tar'
2020-02-01 12:16:45,918 => loaded checkpoint '/home/annora/NetVLAD/output/runs/2020-01-13-16-28-39_alexnet_netvlad/checkpoints/model_best.pth.tar' 
2020-02-01 12:16:45,918 ===> Training model
2020-02-01 12:16:45,920 ===> Saving state to: /home/annora/NetVLAD/output/runs/2020-02-01-12-16-45_alexnet_netvlad
2020-02-01 12:16:45,920 ====> Building Cache
2020-02-01 12:16:45,920 feature cache--->>> /home/annora/NetVLAD/output/train_feat_cache3.hdf5
2020-02-01 12:18:15,680 Allocated:99.47119140625 MB
2020-02-01 12:18:15,680 Cached:2864.375 MB
2020-02-01 12:21:11,264 ==> Epoch[1](50/534): Loss: 0.0762
2020-02-01 12:21:11,266 Allocated:121.65869140625 MB
2020-02-01 12:21:11,267 Cached:8587.625 MB
2020-02-01 12:23:26,647 ==> Epoch[1](100/534): Loss: 0.1158
2020-02-01 12:23:26,649 Allocated:121.65869140625 MB
2020-02-01 12:23:26,649 Cached:8587.625 MB
2020-02-01 12:25:57,401 ==> Epoch[1](150/534): Loss: 0.1403
2020-02-01 12:25:57,403 Allocated:121.15869140625 MB
2020-02-01 12:25:57,403 Cached:8587.625 MB
2020-02-01 12:27:17,071 ====> Building Cache
2020-02-01 12:27:17,072 feature cache--->>> /home/annora/NetVLAD/output/train_feat_cache3.hdf5
2020-02-01 12:28:55,683 Allocated:122.283203125 MB
2020-02-01 12:28:55,683 Cached:2932.625 MB
2020-02-01 12:30:38,475 ==> Epoch[1](200/534): Loss: 0.1116
2020-02-01 12:30:38,477 Allocated:122.28369140625 MB
2020-02-01 12:30:38,478 Cached:6823.625 MB
2020-02-01 12:32:49,357 ==> Epoch[1](250/534): Loss: 0.1619
2020-02-01 12:32:49,359 Allocated:121.40869140625 MB
2020-02-01 12:32:49,359 Cached:6823.625 MB
2020-02-01 12:35:26,275 ==> Epoch[1](300/534): Loss: 0.1589
2020-02-01 12:35:26,277 Allocated:121.15869140625 MB
2020-02-01 12:35:26,277 Cached:6823.625 MB
2020-02-01 12:37:46,372 ==> Epoch[1](350/534): Loss: 0.1029
2020-02-01 12:37:46,374 Allocated:122.90869140625 MB
2020-02-01 12:37:46,375 Cached:6823.625 MB
2020-02-01 12:38:01,763 ====> Building Cache
2020-02-01 12:38:01,764 feature cache--->>> /home/annora/NetVLAD/output/train_feat_cache3.hdf5
2020-02-01 12:39:38,449 Allocated:121.033203125 MB
2020-02-01 12:39:38,450 Cached:3005.125 MB
2020-02-01 12:42:14,472 ==> Epoch[1](400/534): Loss: 0.0924
2020-02-01 12:42:14,474 Allocated:122.53369140625 MB
2020-02-01 12:42:14,475 Cached:5684.5 MB
2020-02-01 12:44:28,466 ==> Epoch[1](450/534): Loss: 0.0854
2020-02-01 12:44:28,468 Allocated:121.03369140625 MB
2020-02-01 12:44:28,469 Cached:8190.375 MB
2020-02-01 12:46:55,977 ==> Epoch[1](500/534): Loss: 0.0898
2020-02-01 12:46:55,980 Allocated:121.03369140625 MB
2020-02-01 12:46:55,980 Cached:4382.125 MB
2020-02-01 12:48:41,481 ===> Epoch 1 Complete: Avg. Loss: 0.1246
2020-02-01 12:48:41,483 ====> Extracting Features
2020-02-01 12:49:26,766 ==> Batch (50/108)
2020-02-01 12:49:54,357 ==> Batch (100/108)
2020-02-01 12:49:59,593 ====> Building faiss index
2020-02-01 12:49:59,955 ====> Calculating recall @ N
2020-02-01 12:50:02,119 ====> Recall@1: 0.6841
2020-02-01 12:50:02,120 ====> Recall@2: 0.7084
2020-02-01 12:50:02,120 ====> Recall@3: 0.7191
2020-02-01 12:50:02,121 ====> Recall@4: 0.7281
2020-02-01 12:50:02,121 ====> Recall@5: 0.7336
2020-02-01 12:50:02,121 ====> Recall@10: 0.7525
2020-02-01 12:50:02,121 ====> Recall@15: 0.7632
2020-02-01 12:50:02,122 ====> Recall@20: 0.7713
2020-02-01 12:50:02,122 ====> Recall@25: 0.7791
2020-02-01 12:50:02,452 ====> Building Cache
2020-02-01 12:50:02,452 feature cache--->>> /home/annora/NetVLAD/output/train_feat_cache3.hdf5
2020-02-01 12:51:36,481 Allocated:119.28369140625 MB
2020-02-01 12:51:36,482 Cached:4471.875 MB
2020-02-01 12:54:33,750 ==> Epoch[2](50/534): Loss: 0.1369
2020-02-01 12:54:33,753 Allocated:122.03369140625 MB
2020-02-01 12:54:33,753 Cached:4519.75 MB
2020-02-01 12:56:39,314 ==> Epoch[2](100/534): Loss: 0.1567
2020-02-01 12:56:39,317 Allocated:122.53369140625 MB
2020-02-01 12:56:39,317 Cached:8394.75 MB
2020-02-01 12:58:52,617 ==> Epoch[2](150/534): Loss: 0.1360
2020-02-01 12:58:52,618 Allocated:121.03369140625 MB
2020-02-01 12:58:52,619 Cached:8394.75 MB
2020-02-01 13:00:02,363 ====> Building Cache
2020-02-01 13:00:02,364 feature cache--->>> /home/annora/NetVLAD/output/train_feat_cache3.hdf5
2020-02-01 13:01:39,404 Allocated:121.533203125 MB
2020-02-01 13:01:39,405 Cached:3451.625 MB
2020-02-01 13:03:32,558 ==> Epoch[2](200/534): Loss: 0.1813
2020-02-01 13:03:32,560 Allocated:121.78369140625 MB
2020-02-01 13:03:32,560 Cached:6112.5 MB
2020-02-01 13:05:38,200 ==> Epoch[2](250/534): Loss: 0.1566
2020-02-01 13:05:38,204 Allocated:122.53369140625 MB
2020-02-01 13:05:38,205 Cached:6112.5 MB
2020-02-01 13:07:59,316 ==> Epoch[2](300/534): Loss: 0.1467
2020-02-01 13:07:59,319 Allocated:122.65869140625 MB
2020-02-01 13:07:59,319 Cached:6112.5 MB
2020-02-01 13:10:13,727 ==> Epoch[2](350/534): Loss: 0.1766
2020-02-01 13:10:13,729 Allocated:121.78369140625 MB
2020-02-01 13:10:13,729 Cached:6112.5 MB
2020-02-01 13:10:28,464 ====> Building Cache
2020-02-01 13:10:28,465 feature cache--->>> /home/annora/NetVLAD/output/train_feat_cache3.hdf5
2020-02-01 13:12:04,660 Allocated:121.158203125 MB
2020-02-01 13:12:04,661 Cached:2942.375 MB
2020-02-01 13:14:44,788 ==> Epoch[2](400/534): Loss: 0.1088
2020-02-01 13:14:44,792 Allocated:121.53369140625 MB
2020-02-01 13:14:44,792 Cached:7820.125 MB
2020-02-01 13:16:58,916 ==> Epoch[2](450/534): Loss: 0.0966
2020-02-01 13:16:58,918 Allocated:122.28369140625 MB
2020-02-01 13:16:58,918 Cached:9082.625 MB
2020-02-01 13:19:18,343 ==> Epoch[2](500/534): Loss: 0.0807
2020-02-01 13:19:18,345 Allocated:121.03369140625 MB
2020-02-01 13:19:18,345 Cached:6129.875 MB
2020-02-01 13:20:44,091 ===> Epoch 2 Complete: Avg. Loss: 0.1208
2020-02-01 13:20:44,093 ====> Extracting Features
2020-02-01 13:21:27,747 ==> Batch (50/108)
2020-02-01 13:21:55,606 ==> Batch (100/108)
2020-02-01 13:22:01,810 ====> Building faiss index
2020-02-01 13:22:02,189 ====> Calculating recall @ N
2020-02-01 13:22:04,394 ====> Recall@1: 0.6823
2020-02-01 13:22:04,395 ====> Recall@2: 0.7136
2020-02-01 13:22:04,396 ====> Recall@3: 0.7264
2020-02-01 13:22:04,396 ====> Recall@4: 0.7322
2020-02-01 13:22:04,396 ====> Recall@5: 0.7403
2020-02-01 13:22:04,396 ====> Recall@10: 0.7559
2020-02-01 13:22:04,397 ====> Recall@15: 0.7661
2020-02-01 13:22:04,397 ====> Recall@20: 0.7733
2020-02-01 13:22:04,397 ====> Recall@25: 0.7800
2020-02-01 13:22:05,282 ====> Building Cache
2020-02-01 13:22:05,282 feature cache--->>> /home/annora/NetVLAD/output/train_feat_cache3.hdf5
2020-02-01 13:23:46,332 Allocated:120.90869140625 MB
2020-02-01 13:23:46,333 Cached:4356.0 MB
2020-02-01 13:26:45,413 ==> Epoch[3](50/534): Loss: 0.1595
2020-02-01 13:26:45,416 Allocated:122.03369140625 MB
2020-02-01 13:26:45,416 Cached:5889.625 MB
2020-02-01 13:28:51,276 ==> Epoch[3](100/534): Loss: 0.1029
2020-02-01 13:28:51,279 Allocated:121.65869140625 MB
2020-02-01 13:28:51,279 Cached:5889.625 MB
2020-02-01 13:31:05,244 ==> Epoch[3](150/534): Loss: 0.1088
2020-02-01 13:31:05,246 Allocated:121.15869140625 MB
2020-02-01 13:31:05,247 Cached:5889.625 MB
2020-02-01 13:32:12,934 ====> Building Cache
2020-02-01 13:32:12,936 feature cache--->>> /home/annora/NetVLAD/output/train_feat_cache3.hdf5
2020-02-01 13:33:52,433 Allocated:121.533203125 MB
2020-02-01 13:33:52,433 Cached:2965.5 MB
2020-02-01 13:35:35,514 ==> Epoch[3](200/534): Loss: 0.1683
2020-02-01 13:35:35,516 Allocated:121.90869140625 MB
2020-02-01 13:35:35,516 Cached:6497.0 MB
2020-02-01 13:37:45,409 ==> Epoch[3](250/534): Loss: 0.2162
2020-02-01 13:37:45,412 Allocated:122.53369140625 MB
2020-02-01 13:37:45,412 Cached:6497.0 MB
2020-02-01 13:40:07,431 ==> Epoch[3](300/534): Loss: 0.2040
2020-02-01 13:40:07,433 Allocated:121.28369140625 MB
2020-02-01 13:40:07,433 Cached:6497.0 MB
2020-02-01 13:42:21,227 ==> Epoch[3](350/534): Loss: 0.1573
2020-02-01 13:42:21,229 Allocated:123.03369140625 MB
2020-02-01 13:42:21,229 Cached:6497.0 MB
2020-02-01 13:42:35,661 ====> Building Cache
2020-02-01 13:42:35,661 feature cache--->>> /home/annora/NetVLAD/output/train_feat_cache3.hdf5
2020-02-01 13:44:12,180 Allocated:121.033203125 MB
2020-02-01 13:44:12,180 Cached:2925.25 MB
2020-02-01 13:46:51,201 ==> Epoch[3](400/534): Loss: 0.0920
2020-02-01 13:46:51,204 Allocated:121.90869140625 MB
2020-02-01 13:46:51,204 Cached:6607.5 MB
2020-02-01 13:49:02,154 ==> Epoch[3](450/534): Loss: 0.1077
2020-02-01 13:49:02,157 Allocated:121.90869140625 MB
2020-02-01 13:49:02,157 Cached:6607.5 MB
2020-02-01 13:51:15,956 ==> Epoch[3](500/534): Loss: 0.1011
2020-02-01 13:51:15,959 Allocated:121.78369140625 MB
2020-02-01 13:51:15,959 Cached:6607.5 MB
2020-02-01 13:52:41,446 ===> Epoch 3 Complete: Avg. Loss: 0.1180
2020-02-01 13:52:41,448 ====> Extracting Features
2020-02-01 13:53:25,001 ==> Batch (50/108)
2020-02-01 13:53:53,080 ==> Batch (100/108)
2020-02-01 13:53:58,225 ====> Building faiss index
2020-02-01 13:53:58,616 ====> Calculating recall @ N
2020-02-01 13:54:00,812 ====> Recall@1: 0.6812
2020-02-01 13:54:00,813 ====> Recall@2: 0.7093
2020-02-01 13:54:00,814 ====> Recall@3: 0.7232
2020-02-01 13:54:00,814 ====> Recall@4: 0.7325
2020-02-01 13:54:00,814 ====> Recall@5: 0.7380
2020-02-01 13:54:00,814 ====> Recall@10: 0.7571
2020-02-01 13:54:00,814 ====> Recall@15: 0.7670
2020-02-01 13:54:00,815 ====> Recall@20: 0.7771
2020-02-01 13:54:00,815 ====> Recall@25: 0.7809
2020-02-01 13:54:01,275 ====> Building Cache
2020-02-01 13:54:01,276 feature cache--->>> /home/annora/NetVLAD/output/train_feat_cache3.hdf5
2020-02-01 13:55:35,248 Allocated:120.90869140625 MB
2020-02-01 13:55:35,248 Cached:4309.5 MB
2020-02-01 13:58:32,478 ==> Epoch[4](50/534): Loss: 0.0935
2020-02-01 13:58:32,481 Allocated:121.78369140625 MB
2020-02-01 13:58:32,481 Cached:6775.125 MB
2020-02-01 14:00:45,336 ==> Epoch[4](100/534): Loss: 0.1289
2020-02-01 14:00:45,338 Allocated:123.15869140625 MB
2020-02-01 14:00:45,338 Cached:6775.125 MB
2020-02-01 14:03:05,391 ==> Epoch[4](150/534): Loss: 0.1137
2020-02-01 14:03:05,394 Allocated:121.90869140625 MB
2020-02-01 14:03:05,394 Cached:9311.75 MB
2020-02-01 14:04:21,326 ====> Building Cache
2020-02-01 14:04:21,327 feature cache--->>> /home/annora/NetVLAD/output/train_feat_cache3.hdf5
2020-02-01 14:05:59,620 Allocated:121.908203125 MB
2020-02-01 14:05:59,621 Cached:2895.875 MB
2020-02-01 14:07:49,071 ==> Epoch[4](200/534): Loss: 0.1443
2020-02-01 14:07:49,073 Allocated:121.40869140625 MB
2020-02-01 14:07:49,074 Cached:3512.75 MB
2020-02-01 14:10:08,036 ==> Epoch[4](250/534): Loss: 0.1735
2020-02-01 14:10:08,039 Allocated:122.28369140625 MB
2020-02-01 14:10:08,039 Cached:6047.25 MB
2020-02-01 14:12:14,899 ==> Epoch[4](300/534): Loss: 0.1429
2020-02-01 14:12:14,902 Allocated:122.65869140625 MB
2020-02-01 14:12:14,902 Cached:6047.25 MB
2020-02-01 14:14:21,783 ==> Epoch[4](350/534): Loss: 0.1567
2020-02-01 14:14:21,786 Allocated:120.90869140625 MB
2020-02-01 14:14:21,786 Cached:6047.25 MB
2020-02-01 14:14:36,443 ====> Building Cache
2020-02-01 14:14:36,445 feature cache--->>> /home/annora/NetVLAD/output/train_feat_cache3.hdf5
2020-02-01 14:16:11,100 Allocated:121.658203125 MB
2020-02-01 14:16:11,101 Cached:1555.625 MB
2020-02-01 14:18:46,810 ==> Epoch[4](400/534): Loss: 0.1129
2020-02-01 14:18:46,812 Allocated:122.53369140625 MB
2020-02-01 14:18:46,813 Cached:8806.75 MB
2020-02-01 14:21:02,351 ==> Epoch[4](450/534): Loss: 0.0603
2020-02-01 14:21:02,353 Allocated:122.15869140625 MB
2020-02-01 14:21:02,353 Cached:8806.75 MB
2020-02-01 14:23:12,207 ==> Epoch[4](500/534): Loss: 0.1170
2020-02-01 14:23:12,210 Allocated:121.90869140625 MB
2020-02-01 14:23:12,211 Cached:8806.75 MB
2020-02-01 14:24:38,623 ===> Epoch 4 Complete: Avg. Loss: 0.1158
2020-02-01 14:24:38,626 ====> Extracting Features
2020-02-01 14:25:21,567 ==> Batch (50/108)
2020-02-01 14:25:51,138 ==> Batch (100/108)
2020-02-01 14:25:56,248 ====> Building faiss index
2020-02-01 14:25:56,649 ====> Calculating recall @ N
2020-02-01 14:25:58,819 ====> Recall@1: 0.6794
2020-02-01 14:25:58,819 ====> Recall@2: 0.7061
2020-02-01 14:25:58,820 ====> Recall@3: 0.7200
2020-02-01 14:25:58,820 ====> Recall@4: 0.7278
2020-02-01 14:25:58,820 ====> Recall@5: 0.7336
2020-02-01 14:25:58,820 ====> Recall@10: 0.7557
2020-02-01 14:25:58,821 ====> Recall@15: 0.7699
2020-02-01 14:25:58,821 ====> Recall@20: 0.7765
2020-02-01 14:25:58,821 ====> Recall@25: 0.7814
2020-02-01 14:25:59,290 ====> Building Cache
2020-02-01 14:25:59,290 feature cache--->>> /home/annora/NetVLAD/output/train_feat_cache3.hdf5
2020-02-01 14:27:37,762 Allocated:120.78369140625 MB
2020-02-01 14:27:37,763 Cached:4309.5 MB
2020-02-01 14:30:35,387 ==> Epoch[5](50/534): Loss: 0.1226
2020-02-01 14:30:35,390 Allocated:120.90869140625 MB
2020-02-01 14:30:35,391 Cached:9155.625 MB
2020-02-01 14:32:41,670 ==> Epoch[5](100/534): Loss: 0.0858
2020-02-01 14:32:41,672 Allocated:121.03369140625 MB
2020-02-01 14:32:41,673 Cached:9155.625 MB
2020-02-01 14:34:44,234 ==> Epoch[5](150/534): Loss: 0.0644
2020-02-01 14:34:44,240 Allocated:122.03369140625 MB
2020-02-01 14:34:44,241 Cached:9155.625 MB
2020-02-01 14:36:02,458 ====> Building Cache
2020-02-01 14:36:02,460 feature cache--->>> /home/annora/NetVLAD/output/train_feat_cache3.hdf5
2020-02-01 14:37:44,525 Allocated:121.033203125 MB
2020-02-01 14:37:44,526 Cached:3074.625 MB
2020-02-01 14:39:48,108 ==> Epoch[5](200/534): Loss: 0.1412
2020-02-01 14:39:48,111 Allocated:122.03369140625 MB
2020-02-01 14:39:48,111 Cached:6994.625 MB
2020-02-01 14:42:00,076 ==> Epoch[5](250/534): Loss: 0.1677
2020-02-01 14:42:00,079 Allocated:121.03369140625 MB
2020-02-01 14:42:00,079 Cached:6994.625 MB
2020-02-01 14:44:16,747 ==> Epoch[5](300/534): Loss: 0.0794
2020-02-01 14:44:16,750 Allocated:122.03369140625 MB
2020-02-01 14:44:16,750 Cached:6994.625 MB
2020-02-01 14:46:23,554 ==> Epoch[5](350/534): Loss: 0.0851
2020-02-01 14:46:23,557 Allocated:121.15869140625 MB
2020-02-01 14:46:23,557 Cached:6994.625 MB
2020-02-01 14:46:38,089 ====> Building Cache
2020-02-01 14:46:38,090 feature cache--->>> /home/annora/NetVLAD/output/train_feat_cache3.hdf5
2020-02-01 14:48:22,594 Allocated:122.283203125 MB
2020-02-01 14:48:22,595 Cached:2959.0 MB
2020-02-01 14:51:10,700 ==> Epoch[5](400/534): Loss: 0.1100
2020-02-01 14:51:10,703 Allocated:121.03369140625 MB
2020-02-01 14:51:10,704 Cached:7733.875 MB
2020-02-01 14:53:22,482 ==> Epoch[5](450/534): Loss: 0.0732
2020-02-01 14:53:22,485 Allocated:122.53369140625 MB
2020-02-01 14:53:22,485 Cached:5606.25 MB
2020-02-01 14:55:27,543 ==> Epoch[5](500/534): Loss: 0.0616
2020-02-01 14:55:27,546 Allocated:121.15869140625 MB
2020-02-01 14:55:27,546 Cached:5606.25 MB
2020-02-01 14:56:52,419 ===> Epoch 5 Complete: Avg. Loss: 0.1155
2020-02-01 14:56:52,421 ====> Extracting Features
2020-02-01 14:57:41,595 ==> Batch (50/108)
2020-02-01 14:58:07,791 ==> Batch (100/108)
2020-02-01 14:58:12,604 ====> Building faiss index
2020-02-01 14:58:12,966 ====> Calculating recall @ N
2020-02-01 14:58:15,072 ====> Recall@1: 0.6826
2020-02-01 14:58:15,072 ====> Recall@2: 0.7038
2020-02-01 14:58:15,073 ====> Recall@3: 0.7206
2020-02-01 14:58:15,073 ====> Recall@4: 0.7284
2020-02-01 14:58:15,073 ====> Recall@5: 0.7377
2020-02-01 14:58:15,073 ====> Recall@10: 0.7574
2020-02-01 14:58:15,073 ====> Recall@15: 0.7696
2020-02-01 14:58:15,073 ====> Recall@20: 0.7765
2020-02-01 14:58:15,074 ====> Recall@25: 0.7812
2020-02-01 14:58:15,515 ====> Building Cache
2020-02-01 14:58:15,515 feature cache--->>> /home/annora/NetVLAD/output/train_feat_cache3.hdf5
2020-02-01 15:00:01,698 Allocated:119.40869140625 MB
2020-02-01 15:00:01,699 Cached:4345.625 MB
2020-02-01 15:03:09,125 ==> Epoch[6](50/534): Loss: 0.1417
2020-02-01 15:03:09,129 Allocated:122.28369140625 MB
2020-02-01 15:03:09,130 Cached:6138.5 MB
2020-02-01 15:05:19,136 ==> Epoch[6](100/534): Loss: 0.1084
2020-02-01 15:05:19,139 Allocated:122.15869140625 MB
2020-02-01 15:05:19,139 Cached:6138.5 MB
2020-02-01 15:07:21,699 ==> Epoch[6](150/534): Loss: 0.1334
2020-02-01 15:07:21,701 Allocated:121.90869140625 MB
2020-02-01 15:07:21,701 Cached:6138.5 MB
2020-02-01 15:08:28,891 ====> Building Cache
2020-02-01 15:08:28,891 feature cache--->>> /home/annora/NetVLAD/output/train_feat_cache3.hdf5
2020-02-01 15:10:19,787 Allocated:121.283203125 MB
2020-02-01 15:10:19,788 Cached:3074.625 MB
2020-02-01 15:12:00,504 ==> Epoch[6](200/534): Loss: 0.1304
2020-02-01 15:12:00,507 Allocated:123.53369140625 MB
2020-02-01 15:12:00,507 Cached:8205.75 MB
2020-02-01 15:14:14,415 ==> Epoch[6](250/534): Loss: 0.1260
2020-02-01 15:14:14,419 Allocated:121.03369140625 MB
2020-02-01 15:14:14,419 Cached:8205.75 MB
2020-02-01 15:16:23,563 ==> Epoch[6](300/534): Loss: 0.1665
2020-02-01 15:16:23,565 Allocated:122.15869140625 MB
2020-02-01 15:16:23,566 Cached:8205.75 MB
2020-02-01 15:18:43,967 ==> Epoch[6](350/534): Loss: 0.1391
2020-02-01 15:18:43,971 Allocated:121.03369140625 MB
2020-02-01 15:18:43,971 Cached:8205.75 MB
2020-02-01 15:18:58,927 ====> Building Cache
2020-02-01 15:18:58,929 feature cache--->>> /home/annora/NetVLAD/output/train_feat_cache3.hdf5
2020-02-01 15:20:39,053 Allocated:121.908203125 MB
2020-02-01 15:20:39,054 Cached:2959.0 MB
2020-02-01 15:23:29,640 ==> Epoch[6](400/534): Loss: 0.0811
2020-02-01 15:23:29,643 Allocated:120.90869140625 MB
2020-02-01 15:23:29,643 Cached:4214.125 MB
2020-02-01 15:25:37,423 ==> Epoch[6](450/534): Loss: 0.0887
2020-02-01 15:25:37,426 Allocated:122.28369140625 MB
2020-02-01 15:25:37,426 Cached:5471.25 MB
2020-02-01 15:27:51,293 ==> Epoch[6](500/534): Loss: 0.0430
2020-02-01 15:27:51,296 Allocated:121.90869140625 MB
2020-02-01 15:27:51,296 Cached:5471.25 MB
2020-02-01 15:29:09,809 ===> Epoch 6 Complete: Avg. Loss: 0.1148
2020-02-01 15:29:09,811 ====> Extracting Features
2020-02-01 15:29:48,689 ==> Batch (50/108)
2020-02-01 15:30:16,445 ==> Batch (100/108)
2020-02-01 15:30:21,207 ====> Building faiss index
2020-02-01 15:30:21,566 ====> Calculating recall @ N
2020-02-01 15:30:23,682 ====> Recall@1: 0.6870
2020-02-01 15:30:23,683 ====> Recall@2: 0.7096
2020-02-01 15:30:23,683 ====> Recall@3: 0.7252
2020-02-01 15:30:23,684 ====> Recall@4: 0.7319
2020-02-01 15:30:23,684 ====> Recall@5: 0.7409
2020-02-01 15:30:23,684 ====> Recall@10: 0.7609
2020-02-01 15:30:23,684 ====> Recall@15: 0.7719
2020-02-01 15:30:23,685 ====> Recall@20: 0.7780
2020-02-01 15:30:23,685 ====> Recall@25: 0.7835
2020-02-01 15:30:24,534 ====> Building Cache
2020-02-01 15:30:24,534 feature cache--->>> /home/annora/NetVLAD/output/train_feat_cache3.hdf5
2020-02-01 15:32:19,612 Allocated:119.65869140625 MB
2020-02-01 15:32:19,613 Cached:3879.125 MB
2020-02-01 15:35:12,323 ==> Epoch[7](50/534): Loss: 0.0941
2020-02-01 15:35:12,327 Allocated:121.40869140625 MB
2020-02-01 15:35:12,327 Cached:7520.125 MB
2020-02-01 15:37:21,237 ==> Epoch[7](100/534): Loss: 0.1236
2020-02-01 15:37:21,240 Allocated:122.15869140625 MB
2020-02-01 15:37:21,241 Cached:7521.125 MB
2020-02-01 15:39:26,332 ==> Epoch[7](150/534): Loss: 0.1253
2020-02-01 15:39:26,334 Allocated:121.15869140625 MB
2020-02-01 15:39:26,334 Cached:4332.0 MB
2020-02-01 15:40:37,451 ====> Building Cache
2020-02-01 15:40:37,452 feature cache--->>> /home/annora/NetVLAD/output/train_feat_cache3.hdf5
2020-02-01 15:42:18,001 Allocated:120.908203125 MB
2020-02-01 15:42:18,001 Cached:2959.0 MB
2020-02-01 15:44:06,925 ==> Epoch[7](200/534): Loss: 0.1382
2020-02-01 15:44:06,927 Allocated:121.28369140625 MB
2020-02-01 15:44:06,927 Cached:8087.0 MB
2020-02-01 15:46:30,767 ==> Epoch[7](250/534): Loss: 0.1339
2020-02-01 15:46:30,769 Allocated:121.90869140625 MB
2020-02-01 15:46:30,770 Cached:8087.0 MB
2020-02-01 15:48:42,089 ==> Epoch[7](300/534): Loss: 0.1778
2020-02-01 15:48:42,092 Allocated:120.90869140625 MB
2020-02-01 15:48:42,092 Cached:8087.0 MB
2020-02-01 15:50:52,301 ==> Epoch[7](350/534): Loss: 0.1284
2020-02-01 15:50:52,304 Allocated:121.15869140625 MB
2020-02-01 15:50:52,304 Cached:8087.0 MB
2020-02-01 15:51:06,531 ====> Building Cache
2020-02-01 15:51:06,531 feature cache--->>> /home/annora/NetVLAD/output/train_feat_cache3.hdf5
2020-02-01 15:52:55,943 Allocated:121.533203125 MB
2020-02-01 15:52:55,943 Cached:3726.625 MB
2020-02-01 15:55:38,644 ==> Epoch[7](400/534): Loss: 0.1057
2020-02-01 15:55:38,648 Allocated:120.90869140625 MB
2020-02-01 15:55:38,648 Cached:6114.75 MB
2020-02-01 15:57:44,568 ==> Epoch[7](450/534): Loss: 0.0546
2020-02-01 15:57:44,570 Allocated:122.65869140625 MB
2020-02-01 15:57:44,570 Cached:9763.875 MB
2020-02-01 15:59:53,636 ==> Epoch[7](500/534): Loss: 0.0601
2020-02-01 15:59:53,638 Allocated:121.40869140625 MB
2020-02-01 15:59:53,638 Cached:9763.875 MB
2020-02-01 16:01:14,187 ===> Epoch 7 Complete: Avg. Loss: 0.1136
2020-02-01 16:01:14,189 ====> Extracting Features
2020-02-01 16:02:00,205 ==> Batch (50/108)
2020-02-01 16:02:29,006 ==> Batch (100/108)
2020-02-01 16:02:34,241 ====> Building faiss index
2020-02-01 16:02:34,611 ====> Calculating recall @ N
2020-02-01 16:02:36,875 ====> Recall@1: 0.6916
2020-02-01 16:02:36,875 ====> Recall@2: 0.7154
2020-02-01 16:02:36,876 ====> Recall@3: 0.7304
2020-02-01 16:02:36,876 ====> Recall@4: 0.7380
2020-02-01 16:02:36,876 ====> Recall@5: 0.7472
2020-02-01 16:02:36,876 ====> Recall@10: 0.7641
2020-02-01 16:02:36,876 ====> Recall@15: 0.7742
2020-02-01 16:02:36,877 ====> Recall@20: 0.7826
2020-02-01 16:02:36,877 ====> Recall@25: 0.7904
2020-02-01 16:02:37,629 ====> Building Cache
2020-02-01 16:02:37,630 feature cache--->>> /home/annora/NetVLAD/output/train_feat_cache3.hdf5
2020-02-01 16:04:34,604 Allocated:119.90869140625 MB
2020-02-01 16:04:34,605 Cached:4309.5 MB
2020-02-01 16:07:38,607 ==> Epoch[8](50/534): Loss: 0.1038
2020-02-01 16:07:38,611 Allocated:121.15869140625 MB
2020-02-01 16:07:38,611 Cached:9104.625 MB
2020-02-01 16:09:48,058 ==> Epoch[8](100/534): Loss: 0.1058
2020-02-01 16:09:48,060 Allocated:121.40869140625 MB
2020-02-01 16:09:48,060 Cached:5693.5 MB
2020-02-01 16:11:55,868 ==> Epoch[8](150/534): Loss: 0.0619
2020-02-01 16:11:55,872 Allocated:122.15869140625 MB
2020-02-01 16:11:55,872 Cached:5693.5 MB
2020-02-01 16:13:01,776 ====> Building Cache
2020-02-01 16:13:01,777 feature cache--->>> /home/annora/NetVLAD/output/train_feat_cache3.hdf5
2020-02-01 16:14:35,655 Allocated:123.033203125 MB
2020-02-01 16:14:35,655 Cached:2997.25 MB
2020-02-01 16:16:26,841 ==> Epoch[8](200/534): Loss: 0.1466
2020-02-01 16:16:26,858 Allocated:122.78369140625 MB
2020-02-01 16:16:26,858 Cached:8134.75 MB
2020-02-01 16:18:44,456 ==> Epoch[8](250/534): Loss: 0.1653
2020-02-01 16:18:44,459 Allocated:121.78369140625 MB
2020-02-01 16:18:44,459 Cached:8134.75 MB
2020-02-01 16:20:57,817 ==> Epoch[8](300/534): Loss: 0.0966
2020-02-01 16:20:57,821 Allocated:123.65869140625 MB
2020-02-01 16:20:57,821 Cached:8134.75 MB
2020-02-01 16:23:08,016 ==> Epoch[8](350/534): Loss: 0.1330
2020-02-01 16:23:08,018 Allocated:121.28369140625 MB
2020-02-01 16:23:08,019 Cached:8134.75 MB
2020-02-01 16:23:21,542 ====> Building Cache
2020-02-01 16:23:21,542 feature cache--->>> /home/annora/NetVLAD/output/train_feat_cache3.hdf5
2020-02-01 16:25:05,362 Allocated:122.408203125 MB
2020-02-01 16:25:05,362 Cached:2904.125 MB
2020-02-01 16:27:55,123 ==> Epoch[8](400/534): Loss: 0.1190
2020-02-01 16:27:55,125 Allocated:121.15869140625 MB
2020-02-01 16:27:55,125 Cached:7627.0 MB
2020-02-01 16:30:11,160 ==> Epoch[8](450/534): Loss: 0.0753
2020-02-01 16:30:11,162 Allocated:121.78369140625 MB
2020-02-01 16:30:11,163 Cached:4465.0 MB
2020-02-01 16:32:23,040 ==> Epoch[8](500/534): Loss: 0.0561
2020-02-01 16:32:23,043 Allocated:120.90869140625 MB
2020-02-01 16:32:23,043 Cached:4465.0 MB
2020-02-01 16:33:44,044 ===> Epoch 8 Complete: Avg. Loss: 0.1117
2020-02-01 16:33:44,046 ====> Extracting Features
2020-02-01 16:34:37,268 ==> Batch (50/108)
2020-02-01 16:35:11,485 ==> Batch (100/108)
2020-02-01 16:35:15,953 ====> Building faiss index
2020-02-01 16:35:16,555 ====> Calculating recall @ N
2020-02-01 16:35:18,844 ====> Recall@1: 0.7006
2020-02-01 16:35:18,845 ====> Recall@2: 0.7235
2020-02-01 16:35:18,845 ====> Recall@3: 0.7377
2020-02-01 16:35:18,845 ====> Recall@4: 0.7461
2020-02-01 16:35:18,845 ====> Recall@5: 0.7536
2020-02-01 16:35:18,845 ====> Recall@10: 0.7701
2020-02-01 16:35:18,846 ====> Recall@15: 0.7809
2020-02-01 16:35:18,846 ====> Recall@20: 0.7887
2020-02-01 16:35:18,846 ====> Recall@25: 0.7939
2020-02-01 16:35:19,610 ====> Building Cache
2020-02-01 16:35:19,611 feature cache--->>> /home/annora/NetVLAD/output/train_feat_cache3.hdf5
2020-02-01 16:37:00,144 Allocated:120.28369140625 MB
2020-02-01 16:37:00,145 Cached:4378.75 MB
2020-02-01 16:40:01,095 ==> Epoch[9](50/534): Loss: 0.1080
2020-02-01 16:40:01,098 Allocated:121.15869140625 MB
2020-02-01 16:40:01,098 Cached:4356.375 MB
2020-02-01 16:42:07,878 ==> Epoch[9](100/534): Loss: 0.0929
2020-02-01 16:42:07,880 Allocated:121.15869140625 MB
2020-02-01 16:42:07,880 Cached:4356.375 MB
2020-02-01 16:44:20,041 ==> Epoch[9](150/534): Loss: 0.1355
2020-02-01 16:44:20,045 Allocated:121.78369140625 MB
2020-02-01 16:44:20,045 Cached:5615.625 MB
2020-02-01 16:45:24,969 ====> Building Cache
2020-02-01 16:45:24,970 feature cache--->>> /home/annora/NetVLAD/output/train_feat_cache3.hdf5
2020-02-01 16:47:06,073 Allocated:121.158203125 MB
2020-02-01 16:47:06,074 Cached:2949.0 MB
2020-02-01 16:48:56,881 ==> Epoch[9](200/534): Loss: 0.2311
2020-02-01 16:48:56,884 Allocated:121.03369140625 MB
2020-02-01 16:48:56,884 Cached:3022.75 MB
2020-02-01 16:51:04,049 ==> Epoch[9](250/534): Loss: 0.1814
2020-02-01 16:51:04,052 Allocated:120.90869140625 MB
2020-02-01 16:51:04,052 Cached:5153.125 MB
2020-02-01 16:53:34,978 ==> Epoch[9](300/534): Loss: 0.1064
2020-02-01 16:53:34,980 Allocated:120.90869140625 MB
2020-02-01 16:53:34,980 Cached:5153.125 MB
2020-02-01 16:55:48,897 ==> Epoch[9](350/534): Loss: 0.1805
2020-02-01 16:55:48,899 Allocated:122.03369140625 MB
2020-02-01 16:55:48,900 Cached:5153.125 MB
2020-02-01 16:56:03,028 ====> Building Cache
2020-02-01 16:56:03,029 feature cache--->>> /home/annora/NetVLAD/output/train_feat_cache3.hdf5
2020-02-01 16:57:56,119 Allocated:121.908203125 MB
2020-02-01 16:57:56,119 Cached:2895.875 MB
2020-02-01 17:00:34,108 ==> Epoch[9](400/534): Loss: 0.1282
2020-02-01 17:00:34,112 Allocated:120.90869140625 MB
2020-02-01 17:00:34,113 Cached:5269.0 MB
2020-02-01 17:02:44,268 ==> Epoch[9](450/534): Loss: 0.0963
2020-02-01 17:02:44,271 Allocated:120.90869140625 MB
2020-02-01 17:02:44,271 Cached:6490.0 MB
2020-02-01 17:04:52,506 ==> Epoch[9](500/534): Loss: 0.0981
2020-02-01 17:04:52,508 Allocated:121.90869140625 MB
2020-02-01 17:04:52,509 Cached:7718.375 MB
2020-02-01 17:06:14,784 ===> Epoch 9 Complete: Avg. Loss: 0.1105
2020-02-01 17:06:14,786 ====> Extracting Features
2020-02-01 17:06:58,944 ==> Batch (50/108)
2020-02-01 17:07:27,689 ==> Batch (100/108)
2020-02-01 17:07:32,855 ====> Building faiss index
2020-02-01 17:07:33,258 ====> Calculating recall @ N
2020-02-01 17:07:35,382 ====> Recall@1: 0.7072
2020-02-01 17:07:35,383 ====> Recall@2: 0.7313
2020-02-01 17:07:35,384 ====> Recall@3: 0.7438
2020-02-01 17:07:35,384 ====> Recall@4: 0.7522
2020-02-01 17:07:35,384 ====> Recall@5: 0.7568
2020-02-01 17:07:35,384 ====> Recall@10: 0.7751
2020-02-01 17:07:35,384 ====> Recall@15: 0.7861
2020-02-01 17:07:35,384 ====> Recall@20: 0.7936
2020-02-01 17:07:35,385 ====> Recall@25: 0.7983
2020-02-01 17:07:36,214 ====> Building Cache
2020-02-01 17:07:36,214 feature cache--->>> /home/annora/NetVLAD/output/train_feat_cache3.hdf5
2020-02-01 17:09:16,607 Allocated:119.28369140625 MB
2020-02-01 17:09:16,608 Cached:4308.5 MB
2020-02-01 17:12:18,988 ==> Epoch[10](50/534): Loss: 0.0908
2020-02-01 17:12:18,992 Allocated:121.15869140625 MB
2020-02-01 17:12:18,992 Cached:7898.5 MB
2020-02-01 17:14:27,630 ==> Epoch[10](100/534): Loss: 0.0519
2020-02-01 17:14:27,633 Allocated:122.03369140625 MB
2020-02-01 17:14:27,633 Cached:9153.375 MB
2020-02-01 17:16:31,038 ==> Epoch[10](150/534): Loss: 0.1228
2020-02-01 17:16:31,041 Allocated:122.03369140625 MB
2020-02-01 17:16:31,041 Cached:9153.375 MB
2020-02-01 17:17:36,193 ====> Building Cache
2020-02-01 17:17:36,193 feature cache--->>> /home/annora/NetVLAD/output/train_feat_cache3.hdf5
2020-02-01 17:19:21,984 Allocated:121.408203125 MB
2020-02-01 17:19:21,985 Cached:3167.75 MB
2020-02-01 17:21:19,076 ==> Epoch[10](200/534): Loss: 0.1485
2020-02-01 17:21:19,081 Allocated:122.90869140625 MB
2020-02-01 17:21:19,081 Cached:8223.375 MB
2020-02-01 17:23:27,840 ==> Epoch[10](250/534): Loss: 0.1488
2020-02-01 17:23:27,842 Allocated:121.15869140625 MB
2020-02-01 17:23:27,842 Cached:7288.875 MB
2020-02-01 17:25:40,247 ==> Epoch[10](300/534): Loss: 0.1541
2020-02-01 17:25:40,250 Allocated:122.65869140625 MB
2020-02-01 17:25:40,250 Cached:7288.875 MB
2020-02-01 17:27:44,669 ==> Epoch[10](350/534): Loss: 0.1239
2020-02-01 17:27:44,671 Allocated:121.90869140625 MB
2020-02-01 17:27:44,671 Cached:7288.875 MB
2020-02-01 17:27:59,712 ====> Building Cache
2020-02-01 17:27:59,713 feature cache--->>> /home/annora/NetVLAD/output/train_feat_cache3.hdf5
2020-02-01 17:29:43,524 Allocated:121.408203125 MB
2020-02-01 17:29:43,525 Cached:2967.25 MB
2020-02-01 17:32:41,316 ==> Epoch[10](400/534): Loss: 0.0514
2020-02-01 17:32:41,319 Allocated:121.15869140625 MB
2020-02-01 17:32:41,320 Cached:8767.5 MB
2020-02-01 17:34:56,076 ==> Epoch[10](450/534): Loss: 0.1147
2020-02-01 17:34:56,078 Allocated:122.65869140625 MB
2020-02-01 17:34:56,079 Cached:8767.5 MB
2020-02-01 17:37:00,294 ==> Epoch[10](500/534): Loss: 0.0881
2020-02-01 17:37:00,300 Allocated:122.40869140625 MB
2020-02-01 17:37:00,300 Cached:8767.5 MB
2020-02-01 17:38:32,224 ===> Epoch 10 Complete: Avg. Loss: 0.1107
2020-02-01 17:38:32,226 ====> Extracting Features
2020-02-01 17:39:24,627 ==> Batch (50/108)
2020-02-01 17:39:52,961 ==> Batch (100/108)
2020-02-01 17:39:58,201 ====> Building faiss index
2020-02-01 17:39:58,576 ====> Calculating recall @ N
2020-02-01 17:40:00,706 ====> Recall@1: 0.7107
2020-02-01 17:40:00,707 ====> Recall@2: 0.7354
2020-02-01 17:40:00,708 ====> Recall@3: 0.7464
2020-02-01 17:40:00,708 ====> Recall@4: 0.7539
2020-02-01 17:40:00,708 ====> Recall@5: 0.7603
2020-02-01 17:40:00,708 ====> Recall@10: 0.7762
2020-02-01 17:40:00,708 ====> Recall@15: 0.7861
2020-02-01 17:40:00,708 ====> Recall@20: 0.7925
2020-02-01 17:40:00,709 ====> Recall@25: 0.7983
2020-02-01 17:40:01,567 ====> Building Cache
2020-02-01 17:40:01,568 feature cache--->>> /home/annora/NetVLAD/output/train_feat_cache3.hdf5
2020-02-01 17:41:40,975 Allocated:119.90869140625 MB
2020-02-01 17:41:40,976 Cached:4309.5 MB
2020-02-01 17:44:55,958 ==> Epoch[11](50/534): Loss: 0.0694
2020-02-01 17:44:55,962 Allocated:121.40869140625 MB
2020-02-01 17:44:55,962 Cached:9088.625 MB
2020-02-01 17:47:01,438 ==> Epoch[11](100/534): Loss: 0.1525
2020-02-01 17:47:01,440 Allocated:121.90869140625 MB
2020-02-01 17:47:01,441 Cached:4349.75 MB
2020-02-01 17:49:10,107 ==> Epoch[11](150/534): Loss: 0.0875
2020-02-01 17:49:10,109 Allocated:123.28369140625 MB
2020-02-01 17:49:10,109 Cached:4349.75 MB
2020-02-01 17:50:17,128 ====> Building Cache
2020-02-01 17:50:17,129 feature cache--->>> /home/annora/NetVLAD/output/train_feat_cache3.hdf5
2020-02-01 17:52:03,415 Allocated:121.158203125 MB
2020-02-01 17:52:03,416 Cached:2895.875 MB
2020-02-01 17:54:01,415 ==> Epoch[11](200/534): Loss: 0.0891
2020-02-01 17:54:01,417 Allocated:121.03369140625 MB
2020-02-01 17:54:01,417 Cached:6500.625 MB
2020-02-01 17:56:12,123 ==> Epoch[11](250/534): Loss: 0.1500
2020-02-01 17:56:12,126 Allocated:121.15869140625 MB
2020-02-01 17:56:12,127 Cached:6095.375 MB
2020-02-01 17:58:26,220 ==> Epoch[11](300/534): Loss: 0.1650
2020-02-01 17:58:26,227 Allocated:121.03369140625 MB
2020-02-01 17:58:26,227 Cached:6095.375 MB
2020-02-01 18:00:32,823 ==> Epoch[11](350/534): Loss: 0.1184
2020-02-01 18:00:32,825 Allocated:123.03369140625 MB
2020-02-01 18:00:32,826 Cached:6095.375 MB
2020-02-01 18:00:47,945 ====> Building Cache
2020-02-01 18:00:47,947 feature cache--->>> /home/annora/NetVLAD/output/train_feat_cache3.hdf5
2020-02-01 18:02:32,127 Allocated:121.908203125 MB
2020-02-01 18:02:32,128 Cached:2025.375 MB
2020-02-01 18:05:11,835 ==> Epoch[11](400/534): Loss: 0.1215
2020-02-01 18:05:11,838 Allocated:121.53369140625 MB
2020-02-01 18:05:11,838 Cached:5911.625 MB
2020-02-01 18:07:18,703 ==> Epoch[11](450/534): Loss: 0.0689
2020-02-01 18:07:18,705 Allocated:121.40869140625 MB
2020-02-01 18:07:18,706 Cached:5911.625 MB
2020-02-01 18:09:25,119 ==> Epoch[11](500/534): Loss: 0.0496
2020-02-01 18:09:25,121 Allocated:121.03369140625 MB
2020-02-01 18:09:25,122 Cached:7171.875 MB
2020-02-01 18:10:47,316 ===> Epoch 11 Complete: Avg. Loss: 0.1107
2020-02-01 18:10:47,318 ====> Extracting Features
2020-02-01 18:11:33,024 ==> Batch (50/108)
2020-02-01 18:12:03,987 ==> Batch (100/108)
2020-02-01 18:12:09,438 ====> Building faiss index
2020-02-01 18:12:09,791 ====> Calculating recall @ N
2020-02-01 18:12:12,338 ====> Recall@1: 0.7122
2020-02-01 18:12:12,339 ====> Recall@2: 0.7357
2020-02-01 18:12:12,340 ====> Recall@3: 0.7475
2020-02-01 18:12:12,340 ====> Recall@4: 0.7554
2020-02-01 18:12:12,340 ====> Recall@5: 0.7609
2020-02-01 18:12:12,340 ====> Recall@10: 0.7777
2020-02-01 18:12:12,340 ====> Recall@15: 0.7858
2020-02-01 18:12:12,341 ====> Recall@20: 0.7916
2020-02-01 18:12:12,341 ====> Recall@25: 0.7957
2020-02-01 18:12:13,495 ====> Building Cache
2020-02-01 18:12:13,495 feature cache--->>> /home/annora/NetVLAD/output/train_feat_cache3.hdf5
2020-02-01 18:13:59,224 Allocated:119.78369140625 MB
2020-02-01 18:13:59,225 Cached:4309.5 MB
2020-02-01 18:17:09,372 ==> Epoch[12](50/534): Loss: 0.0773
2020-02-01 18:17:09,375 Allocated:122.03369140625 MB
2020-02-01 18:17:09,376 Cached:7873.0 MB
2020-02-01 18:19:14,656 ==> Epoch[12](100/534): Loss: 0.0918
2020-02-01 18:19:14,659 Allocated:122.53369140625 MB
2020-02-01 18:19:14,659 Cached:9087.625 MB
2020-02-01 18:21:11,386 ==> Epoch[12](150/534): Loss: 0.1080
2020-02-01 18:21:11,388 Allocated:121.90869140625 MB
2020-02-01 18:21:11,389 Cached:9087.625 MB
2020-02-01 18:22:13,622 ====> Building Cache
2020-02-01 18:22:13,623 feature cache--->>> /home/annora/NetVLAD/output/train_feat_cache3.hdf5
2020-02-01 18:24:06,995 Allocated:122.533203125 MB
2020-02-01 18:24:06,996 Cached:2989.0 MB
2020-02-01 18:25:59,007 ==> Epoch[12](200/534): Loss: 0.1447
2020-02-01 18:25:59,010 Allocated:121.15869140625 MB
2020-02-01 18:25:59,010 Cached:9379.5 MB
2020-02-01 18:28:10,704 ==> Epoch[12](250/534): Loss: 0.1718
2020-02-01 18:28:10,706 Allocated:121.03369140625 MB
2020-02-01 18:28:10,707 Cached:9379.5 MB
2020-02-01 18:30:17,265 ==> Epoch[12](300/534): Loss: 0.0785
2020-02-01 18:30:17,268 Allocated:121.65869140625 MB
2020-02-01 18:30:17,268 Cached:9379.5 MB
2020-02-01 18:32:31,160 ==> Epoch[12](350/534): Loss: 0.1161
2020-02-01 18:32:31,164 Allocated:121.28369140625 MB
2020-02-01 18:32:31,164 Cached:9379.5 MB
2020-02-01 18:32:47,243 ====> Building Cache
2020-02-01 18:32:47,244 feature cache--->>> /home/annora/NetVLAD/output/train_feat_cache3.hdf5
2020-02-01 18:34:29,304 Allocated:122.158203125 MB
2020-02-01 18:34:29,305 Cached:3381.875 MB
2020-02-01 18:37:21,751 ==> Epoch[12](400/534): Loss: 0.0714
2020-02-01 18:37:21,754 Allocated:121.40869140625 MB
2020-02-01 18:37:21,754 Cached:6967.5 MB
2020-02-01 18:39:33,069 ==> Epoch[12](450/534): Loss: 0.0934
2020-02-01 18:39:33,072 Allocated:120.90869140625 MB
2020-02-01 18:39:33,072 Cached:8191.75 MB
2020-02-01 18:41:37,207 ==> Epoch[12](500/534): Loss: 0.0852
2020-02-01 18:41:37,209 Allocated:122.03369140625 MB
2020-02-01 18:41:37,210 Cached:8191.75 MB
2020-02-01 18:43:00,199 ===> Epoch 12 Complete: Avg. Loss: 0.1095
2020-02-01 18:43:00,201 ====> Extracting Features
2020-02-01 18:43:37,784 ==> Batch (50/108)
2020-02-01 18:44:05,762 ==> Batch (100/108)
2020-02-01 18:44:11,925 ====> Building faiss index
2020-02-01 18:44:12,302 ====> Calculating recall @ N
2020-02-01 18:44:14,436 ====> Recall@1: 0.7136
2020-02-01 18:44:14,437 ====> Recall@2: 0.7374
2020-02-01 18:44:14,438 ====> Recall@3: 0.7478
2020-02-01 18:44:14,438 ====> Recall@4: 0.7557
2020-02-01 18:44:14,438 ====> Recall@5: 0.7594
2020-02-01 18:44:14,438 ====> Recall@10: 0.7777
2020-02-01 18:44:14,439 ====> Recall@15: 0.7855
2020-02-01 18:44:14,439 ====> Recall@20: 0.7919
2020-02-01 18:44:14,439 ====> Recall@25: 0.7962
2020-02-01 18:44:14,899 ====> Building Cache
2020-02-01 18:44:14,899 feature cache--->>> /home/annora/NetVLAD/output/train_feat_cache3.hdf5
2020-02-01 18:46:10,224 Allocated:120.28369140625 MB
2020-02-01 18:46:10,225 Cached:4299.5 MB
2020-02-01 18:49:18,002 ==> Epoch[13](50/534): Loss: 0.1693
2020-02-01 18:49:18,005 Allocated:121.90869140625 MB
2020-02-01 18:49:18,006 Cached:6728.125 MB
2020-02-01 18:51:22,452 ==> Epoch[13](100/534): Loss: 0.0119
2020-02-01 18:51:22,456 Allocated:121.53369140625 MB
2020-02-01 18:51:22,456 Cached:6728.125 MB
2020-02-01 18:53:30,555 ==> Epoch[13](150/534): Loss: 0.0961
2020-02-01 18:53:30,557 Allocated:123.28369140625 MB
2020-02-01 18:53:30,557 Cached:9207.25 MB
2020-02-01 18:54:37,466 ====> Building Cache
2020-02-01 18:54:37,466 feature cache--->>> /home/annora/NetVLAD/output/train_feat_cache3.hdf5
2020-02-01 18:56:12,858 Allocated:122.033203125 MB
2020-02-01 18:56:12,859 Cached:3381.875 MB
2020-02-01 18:58:15,186 ==> Epoch[13](200/534): Loss: 0.1299
2020-02-01 18:58:15,190 Allocated:121.15869140625 MB
2020-02-01 18:58:15,190 Cached:9664.5 MB
2020-02-01 19:00:38,158 ==> Epoch[13](250/534): Loss: 0.2088
2020-02-01 19:00:38,160 Allocated:121.90869140625 MB
2020-02-01 19:00:38,160 Cached:4116.25 MB
2020-02-01 19:02:59,588 ==> Epoch[13](300/534): Loss: 0.1342
2020-02-01 19:02:59,591 Allocated:121.53369140625 MB
2020-02-01 19:02:59,591 Cached:4153.75 MB
2020-02-01 19:05:03,864 ==> Epoch[13](350/534): Loss: 0.1624
2020-02-01 19:05:03,865 Allocated:121.78369140625 MB
2020-02-01 19:05:03,866 Cached:4153.75 MB
2020-02-01 19:05:17,972 ====> Building Cache
2020-02-01 19:05:17,973 feature cache--->>> /home/annora/NetVLAD/output/train_feat_cache3.hdf5
2020-02-01 19:06:56,845 Allocated:122.158203125 MB
2020-02-01 19:06:56,846 Cached:2927.875 MB
2020-02-01 19:09:44,130 ==> Epoch[13](400/534): Loss: 0.1596
2020-02-01 19:09:44,134 Allocated:121.90869140625 MB
2020-02-01 19:09:44,134 Cached:6435.0 MB
2020-02-01 19:11:53,792 ==> Epoch[13](450/534): Loss: 0.0568
2020-02-01 19:11:53,797 Allocated:121.90869140625 MB
2020-02-01 19:11:53,798 Cached:8888.625 MB
2020-02-01 19:14:04,561 ==> Epoch[13](500/534): Loss: 0.0416
2020-02-01 19:14:04,564 Allocated:122.53369140625 MB
2020-02-01 19:14:04,564 Cached:10142.5 MB
2020-02-01 19:15:26,099 ===> Epoch 13 Complete: Avg. Loss: 0.1088
2020-02-01 19:15:26,103 ====> Extracting Features
2020-02-01 19:16:12,175 ==> Batch (50/108)
2020-02-01 19:16:41,335 ==> Batch (100/108)
2020-02-01 19:16:46,432 ====> Building faiss index
2020-02-01 19:16:46,778 ====> Calculating recall @ N
2020-02-01 19:16:48,871 ====> Recall@1: 0.7186
2020-02-01 19:16:48,871 ====> Recall@2: 0.7357
2020-02-01 19:16:48,872 ====> Recall@3: 0.7487
2020-02-01 19:16:48,872 ====> Recall@4: 0.7571
2020-02-01 19:16:48,872 ====> Recall@5: 0.7612
2020-02-01 19:16:48,872 ====> Recall@10: 0.7774
2020-02-01 19:16:48,872 ====> Recall@15: 0.7867
2020-02-01 19:16:48,873 ====> Recall@20: 0.7916
2020-02-01 19:16:48,873 ====> Recall@25: 0.7954
2020-02-01 19:16:49,660 ====> Building Cache
2020-02-01 19:16:49,660 feature cache--->>> /home/annora/NetVLAD/output/train_feat_cache3.hdf5
2020-02-01 19:18:17,693 Allocated:119.15869140625 MB
2020-02-01 19:18:17,693 Cached:4336.5 MB
2020-02-01 19:20:57,033 ==> Epoch[14](50/534): Loss: 0.1419
2020-02-01 19:20:57,035 Allocated:121.03369140625 MB
2020-02-01 19:20:57,035 Cached:9048.75 MB
2020-02-01 19:22:46,447 ==> Epoch[14](100/534): Loss: 0.0514
2020-02-01 19:22:46,449 Allocated:121.90869140625 MB
2020-02-01 19:22:46,449 Cached:3201.5 MB
2020-02-01 19:24:39,635 ==> Epoch[14](150/534): Loss: 0.0769
2020-02-01 19:24:39,637 Allocated:123.40869140625 MB
2020-02-01 19:24:39,637 Cached:7077.5 MB
2020-02-01 19:25:58,009 ====> Building Cache
2020-02-01 19:25:58,010 feature cache--->>> /home/annora/NetVLAD/output/train_feat_cache3.hdf5
2020-02-01 19:27:29,437 Allocated:122.158203125 MB
2020-02-01 19:27:29,438 Cached:2929.125 MB
2020-02-01 19:29:03,142 ==> Epoch[14](200/534): Loss: 0.1639
2020-02-01 19:29:03,144 Allocated:121.03369140625 MB
2020-02-01 19:29:03,144 Cached:6095.0 MB
2020-02-01 19:30:56,110 ==> Epoch[14](250/534): Loss: 0.1219
2020-02-01 19:30:56,113 Allocated:122.40869140625 MB
2020-02-01 19:30:56,113 Cached:6095.0 MB
2020-02-01 19:32:51,754 ==> Epoch[14](300/534): Loss: 0.1444
2020-02-01 19:32:51,756 Allocated:123.15869140625 MB
2020-02-01 19:32:51,757 Cached:7402.375 MB
2020-02-01 19:34:49,943 ==> Epoch[14](350/534): Loss: 0.1458
2020-02-01 19:34:49,945 Allocated:121.28369140625 MB
2020-02-01 19:34:49,945 Cached:7402.375 MB
2020-02-01 19:35:03,612 ====> Building Cache
2020-02-01 19:35:03,613 feature cache--->>> /home/annora/NetVLAD/output/train_feat_cache3.hdf5
2020-02-01 19:36:36,768 Allocated:121.908203125 MB
2020-02-01 19:36:36,769 Cached:3007.625 MB
2020-02-01 19:38:59,916 ==> Epoch[14](400/534): Loss: 0.0833
2020-02-01 19:38:59,918 Allocated:121.40869140625 MB
2020-02-01 19:38:59,918 Cached:5368.125 MB
2020-02-01 19:40:53,067 ==> Epoch[14](450/534): Loss: 0.0776
2020-02-01 19:40:53,071 Allocated:123.40869140625 MB
2020-02-01 19:40:53,071 Cached:5368.125 MB
2020-02-01 19:42:46,090 ==> Epoch[14](500/534): Loss: 0.0737
2020-02-01 19:42:46,092 Allocated:122.53369140625 MB
2020-02-01 19:42:46,093 Cached:5368.125 MB
2020-02-01 19:44:05,956 ===> Epoch 14 Complete: Avg. Loss: 0.1079
2020-02-01 19:44:05,957 ====> Extracting Features
2020-02-01 19:44:42,733 ==> Batch (50/108)
2020-02-01 19:45:04,275 ==> Batch (100/108)
2020-02-01 19:45:08,719 ====> Building faiss index
2020-02-01 19:45:09,079 ====> Calculating recall @ N
2020-02-01 19:45:11,229 ====> Recall@1: 0.7223
2020-02-01 19:45:11,229 ====> Recall@2: 0.7374
2020-02-01 19:45:11,230 ====> Recall@3: 0.7487
2020-02-01 19:45:11,230 ====> Recall@4: 0.7545
2020-02-01 19:45:11,230 ====> Recall@5: 0.7586
2020-02-01 19:45:11,230 ====> Recall@10: 0.7768
2020-02-01 19:45:11,230 ====> Recall@15: 0.7852
2020-02-01 19:45:11,230 ====> Recall@20: 0.7907
2020-02-01 19:45:11,231 ====> Recall@25: 0.7959
2020-02-01 19:45:11,661 ====> Building Cache
2020-02-01 19:45:11,661 feature cache--->>> /home/annora/NetVLAD/output/train_feat_cache3.hdf5
2020-02-01 19:46:39,936 Allocated:119.90869140625 MB
2020-02-01 19:46:39,936 Cached:4191.625 MB
2020-02-01 19:49:18,347 ==> Epoch[15](50/534): Loss: 0.1062
2020-02-01 19:49:18,350 Allocated:121.40869140625 MB
2020-02-01 19:49:18,350 Cached:6530.0 MB
2020-02-01 19:51:16,718 ==> Epoch[15](100/534): Loss: 0.1558
2020-02-01 19:51:16,720 Allocated:121.03369140625 MB
2020-02-01 19:51:16,720 Cached:8886.0 MB
2020-02-01 19:53:09,767 ==> Epoch[15](150/534): Loss: 0.0687
2020-02-01 19:53:09,769 Allocated:122.03369140625 MB
2020-02-01 19:53:09,769 Cached:3046.375 MB
2020-02-01 19:54:07,999 ====> Building Cache
2020-02-01 19:54:08,000 feature cache--->>> /home/annora/NetVLAD/output/train_feat_cache3.hdf5
2020-02-01 19:55:42,454 Allocated:122.658203125 MB
2020-02-01 19:55:42,455 Cached:2928.125 MB
2020-02-01 19:57:23,218 ==> Epoch[15](200/534): Loss: 0.0988
2020-02-01 19:57:23,221 Allocated:122.15869140625 MB
2020-02-01 19:57:23,221 Cached:5408.5 MB
2020-02-01 19:59:17,375 ==> Epoch[15](250/534): Loss: 0.1589
2020-02-01 19:59:17,377 Allocated:123.40869140625 MB
2020-02-01 19:59:17,378 Cached:6671.0 MB
2020-02-01 20:01:18,014 ==> Epoch[15](300/534): Loss: 0.1814
2020-02-01 20:01:18,017 Allocated:121.78369140625 MB
2020-02-01 20:01:18,017 Cached:6671.0 MB
2020-02-01 20:03:15,980 ==> Epoch[15](350/534): Loss: 0.0924
2020-02-01 20:03:15,982 Allocated:121.53369140625 MB
2020-02-01 20:03:15,982 Cached:6602.0 MB
2020-02-01 20:03:30,998 ====> Building Cache
2020-02-01 20:03:30,999 feature cache--->>> /home/annora/NetVLAD/output/train_feat_cache3.hdf5
2020-02-01 20:05:03,924 Allocated:120.908203125 MB
2020-02-01 20:05:03,925 Cached:3381.875 MB
2020-02-01 20:07:27,571 ==> Epoch[15](400/534): Loss: 0.1232
2020-02-01 20:07:27,573 Allocated:121.15869140625 MB
2020-02-01 20:07:27,573 Cached:4584.0 MB
2020-02-01 20:09:25,311 ==> Epoch[15](450/534): Loss: 0.0985
2020-02-01 20:09:25,313 Allocated:120.90869140625 MB
2020-02-01 20:09:25,314 Cached:5783.75 MB
2020-02-01 20:11:14,599 ==> Epoch[15](500/534): Loss: 0.0571
2020-02-01 20:11:14,601 Allocated:121.78369140625 MB
2020-02-01 20:11:14,601 Cached:6988.875 MB
2020-02-01 20:12:25,596 ===> Epoch 15 Complete: Avg. Loss: 0.1084
2020-02-01 20:12:25,597 ====> Extracting Features
2020-02-01 20:12:59,519 ==> Batch (50/108)
2020-02-01 20:13:20,643 ==> Batch (100/108)
2020-02-01 20:13:24,636 ====> Building faiss index
2020-02-01 20:13:24,972 ====> Calculating recall @ N
2020-02-01 20:13:27,007 ====> Recall@1: 0.7235
2020-02-01 20:13:27,008 ====> Recall@2: 0.7383
2020-02-01 20:13:27,008 ====> Recall@3: 0.7475
2020-02-01 20:13:27,008 ====> Recall@4: 0.7551
2020-02-01 20:13:27,009 ====> Recall@5: 0.7603
2020-02-01 20:13:27,009 ====> Recall@10: 0.7768
2020-02-01 20:13:27,009 ====> Recall@15: 0.7846
2020-02-01 20:13:27,009 ====> Recall@20: 0.7919
2020-02-01 20:13:27,009 ====> Recall@25: 0.7959
2020-02-01 20:13:27,422 ====> Building Cache
2020-02-01 20:13:27,422 feature cache--->>> /home/annora/NetVLAD/output/train_feat_cache3.hdf5
2020-02-01 20:14:56,374 Allocated:120.15869140625 MB
2020-02-01 20:14:56,375 Cached:4337.5 MB
2020-02-01 20:17:20,704 ==> Epoch[16](50/534): Loss: 0.0876
2020-02-01 20:17:20,706 Allocated:121.40869140625 MB
2020-02-01 20:17:20,706 Cached:5512.125 MB
2020-02-01 20:19:07,291 ==> Epoch[16](100/534): Loss: 0.0828
2020-02-01 20:19:07,293 Allocated:120.90869140625 MB
2020-02-01 20:19:07,293 Cached:6727.75 MB
2020-02-01 20:20:59,016 ==> Epoch[16](150/534): Loss: 0.0591
2020-02-01 20:20:59,018 Allocated:121.78369140625 MB
2020-02-01 20:20:59,018 Cached:6727.75 MB
2020-02-01 20:21:55,662 ====> Building Cache
2020-02-01 20:21:55,663 feature cache--->>> /home/annora/NetVLAD/output/train_feat_cache3.hdf5
2020-02-01 20:23:25,061 Allocated:122.283203125 MB
2020-02-01 20:23:25,061 Cached:2895.875 MB
2020-02-01 20:24:55,576 ==> Epoch[16](200/534): Loss: 0.1121
2020-02-01 20:24:55,578 Allocated:122.15869140625 MB
2020-02-01 20:24:55,578 Cached:4270.875 MB
2020-02-01 20:26:42,418 ==> Epoch[16](250/534): Loss: 0.1575
2020-02-01 20:26:42,420 Allocated:122.03369140625 MB
2020-02-01 20:26:42,420 Cached:4272.875 MB
2020-02-01 20:28:40,031 ==> Epoch[16](300/534): Loss: 0.1461
2020-02-01 20:28:40,033 Allocated:122.78369140625 MB
2020-02-01 20:28:40,034 Cached:4273.875 MB
2020-02-01 20:30:25,854 ==> Epoch[16](350/534): Loss: 0.0920
2020-02-01 20:30:25,856 Allocated:121.03369140625 MB
2020-02-01 20:30:25,856 Cached:4273.875 MB
2020-02-01 20:30:38,273 ====> Building Cache
2020-02-01 20:30:38,274 feature cache--->>> /home/annora/NetVLAD/output/train_feat_cache3.hdf5
2020-02-01 20:32:11,294 Allocated:121.283203125 MB
2020-02-01 20:32:11,295 Cached:2959.0 MB
2020-02-01 20:34:34,464 ==> Epoch[16](400/534): Loss: 0.0356
2020-02-01 20:34:34,466 Allocated:122.28369140625 MB
2020-02-01 20:34:34,466 Cached:7634.0 MB
2020-02-01 20:36:34,079 ==> Epoch[16](450/534): Loss: 0.1655
2020-02-01 20:36:34,082 Allocated:121.03369140625 MB
2020-02-01 20:36:34,082 Cached:10041.0 MB
2020-02-01 20:38:36,654 ==> Epoch[16](500/534): Loss: 0.0767
2020-02-01 20:38:36,656 Allocated:123.03369140625 MB
2020-02-01 20:38:36,656 Cached:3213.5 MB
2020-02-01 20:39:55,993 ===> Epoch 16 Complete: Avg. Loss: 0.1079
2020-02-01 20:39:55,995 ====> Extracting Features
2020-02-01 20:40:39,369 ==> Batch (50/108)
2020-02-01 20:41:04,129 ==> Batch (100/108)
2020-02-01 20:41:09,190 ====> Building faiss index
2020-02-01 20:41:09,546 ====> Calculating recall @ N
2020-02-01 20:41:11,787 ====> Recall@1: 0.7275
2020-02-01 20:41:11,788 ====> Recall@2: 0.7409
2020-02-01 20:41:11,788 ====> Recall@3: 0.7493
2020-02-01 20:41:11,788 ====> Recall@4: 0.7551
2020-02-01 20:41:11,789 ====> Recall@5: 0.7620
2020-02-01 20:41:11,789 ====> Recall@10: 0.7762
2020-02-01 20:41:11,789 ====> Recall@15: 0.7852
2020-02-01 20:41:11,789 ====> Recall@20: 0.7922
2020-02-01 20:41:11,789 ====> Recall@25: 0.7957
2020-02-01 20:41:12,576 ====> Building Cache
2020-02-01 20:41:12,576 feature cache--->>> /home/annora/NetVLAD/output/train_feat_cache3.hdf5
2020-02-01 20:42:43,835 Allocated:119.15869140625 MB
2020-02-01 20:42:43,836 Cached:4326.125 MB
2020-02-01 20:45:26,549 ==> Epoch[17](50/534): Loss: 0.0911
2020-02-01 20:45:26,551 Allocated:122.78369140625 MB
2020-02-01 20:45:26,551 Cached:6667.625 MB
2020-02-01 20:47:15,474 ==> Epoch[17](100/534): Loss: 0.0695
2020-02-01 20:47:15,476 Allocated:120.90869140625 MB
2020-02-01 20:47:15,476 Cached:7893.875 MB
2020-02-01 20:49:13,608 ==> Epoch[17](150/534): Loss: 0.0941
2020-02-01 20:49:13,610 Allocated:121.53369140625 MB
2020-02-01 20:49:13,610 Cached:7893.875 MB
2020-02-01 20:50:26,077 ====> Building Cache
2020-02-01 20:50:26,079 feature cache--->>> /home/annora/NetVLAD/output/train_feat_cache3.hdf5
2020-02-01 20:51:56,630 Allocated:121.408203125 MB
2020-02-01 20:51:56,631 Cached:2988.5 MB
2020-02-01 20:53:44,083 ==> Epoch[17](200/534): Loss: 0.1246
2020-02-01 20:53:44,086 Allocated:121.40869140625 MB
2020-02-01 20:53:44,086 Cached:4234.125 MB
2020-02-01 20:55:49,217 ==> Epoch[17](250/534): Loss: 0.1843
2020-02-01 20:55:49,219 Allocated:122.28369140625 MB
2020-02-01 20:55:49,220 Cached:8110.125 MB
2020-02-01 20:57:41,872 ==> Epoch[17](300/534): Loss: 0.1156
2020-02-01 20:57:41,874 Allocated:122.65869140625 MB
2020-02-01 20:57:41,874 Cached:8110.125 MB
2020-02-01 20:59:48,817 ==> Epoch[17](350/534): Loss: 0.1360
2020-02-01 20:59:48,819 Allocated:123.03369140625 MB
2020-02-01 20:59:48,820 Cached:8110.125 MB
2020-02-01 21:00:03,608 ====> Building Cache
2020-02-01 21:00:03,609 feature cache--->>> /home/annora/NetVLAD/output/train_feat_cache3.hdf5
2020-02-01 21:01:32,821 Allocated:122.783203125 MB
2020-02-01 21:01:32,821 Cached:3005.125 MB
2020-02-01 21:04:01,168 ==> Epoch[17](400/534): Loss: 0.1383
2020-02-01 21:04:01,170 Allocated:121.28369140625 MB
2020-02-01 21:04:01,170 Cached:8834.125 MB
2020-02-01 21:05:57,436 ==> Epoch[17](450/534): Loss: 0.1477
2020-02-01 21:05:57,438 Allocated:121.03369140625 MB
2020-02-01 21:05:57,439 Cached:8834.125 MB
2020-02-01 21:07:50,326 ==> Epoch[17](500/534): Loss: 0.0637
2020-02-01 21:07:50,328 Allocated:120.90869140625 MB
2020-02-01 21:07:50,329 Cached:8834.125 MB
2020-02-01 21:09:08,714 ===> Epoch 17 Complete: Avg. Loss: 0.1081
2020-02-01 21:09:08,715 ====> Extracting Features
2020-02-01 21:09:46,204 ==> Batch (50/108)
2020-02-01 21:10:11,536 ==> Batch (100/108)
2020-02-01 21:10:16,587 ====> Building faiss index
2020-02-01 21:10:16,941 ====> Calculating recall @ N
2020-02-01 21:10:19,064 ====> Recall@1: 0.7278
2020-02-01 21:10:19,065 ====> Recall@2: 0.7420
2020-02-01 21:10:19,065 ====> Recall@3: 0.7507
2020-02-01 21:10:19,065 ====> Recall@4: 0.7559
2020-02-01 21:10:19,066 ====> Recall@5: 0.7612
2020-02-01 21:10:19,066 ====> Recall@10: 0.7751
2020-02-01 21:10:19,066 ====> Recall@15: 0.7858
2020-02-01 21:10:19,066 ====> Recall@20: 0.7922
2020-02-01 21:10:19,066 ====> Recall@25: 0.7957
2020-02-01 21:10:19,509 ====> Building Cache
2020-02-01 21:10:19,510 feature cache--->>> /home/annora/NetVLAD/output/train_feat_cache3.hdf5
2020-02-01 21:11:51,371 Allocated:120.03369140625 MB
2020-02-01 21:11:51,371 Cached:4309.5 MB
2020-02-01 21:14:40,010 ==> Epoch[18](50/534): Loss: 0.0507
2020-02-01 21:14:40,014 Allocated:121.03369140625 MB
2020-02-01 21:14:40,014 Cached:7799.75 MB
2020-02-01 21:16:35,552 ==> Epoch[18](100/534): Loss: 0.0887
2020-02-01 21:16:35,554 Allocated:121.53369140625 MB
2020-02-01 21:16:35,554 Cached:7799.75 MB
2020-02-01 21:18:34,473 ==> Epoch[18](150/534): Loss: 0.1785
2020-02-01 21:18:34,475 Allocated:122.03369140625 MB
2020-02-01 21:18:34,476 Cached:9011.25 MB
2020-02-01 21:19:33,494 ====> Building Cache
2020-02-01 21:19:33,495 feature cache--->>> /home/annora/NetVLAD/output/train_feat_cache3.hdf5
2020-02-01 21:21:04,138 Allocated:120.908203125 MB
2020-02-01 21:21:04,138 Cached:3164.75 MB
2020-02-01 21:22:58,029 ==> Epoch[18](200/534): Loss: 0.0860
2020-02-01 21:22:58,032 Allocated:122.03369140625 MB
2020-02-01 21:22:58,033 Cached:9313.5 MB
2020-02-01 21:25:08,407 ==> Epoch[18](250/534): Loss: 0.1578
2020-02-01 21:25:08,409 Allocated:121.03369140625 MB
2020-02-01 21:25:08,409 Cached:9313.5 MB
2020-02-01 21:27:17,127 ==> Epoch[18](300/534): Loss: 0.1674
2020-02-01 21:27:17,129 Allocated:122.53369140625 MB
2020-02-01 21:27:17,129 Cached:6118.25 MB
2020-02-01 21:29:13,944 ==> Epoch[18](350/534): Loss: 0.1788
2020-02-01 21:29:13,946 Allocated:121.78369140625 MB
2020-02-01 21:29:13,946 Cached:6118.25 MB
2020-02-01 21:29:26,651 ====> Building Cache
2020-02-01 21:29:26,652 feature cache--->>> /home/annora/NetVLAD/output/train_feat_cache3.hdf5
2020-02-01 21:30:57,718 Allocated:122.658203125 MB
2020-02-01 21:30:57,718 Cached:2942.375 MB
2020-02-01 21:33:43,992 ==> Epoch[18](400/534): Loss: 0.0874
2020-02-01 21:33:43,994 Allocated:121.03369140625 MB
2020-02-01 21:33:43,994 Cached:5311.375 MB
2020-02-01 21:35:44,424 ==> Epoch[18](450/534): Loss: 0.1126
2020-02-01 21:35:44,426 Allocated:121.03369140625 MB
2020-02-01 21:35:44,426 Cached:5311.375 MB
2020-02-01 21:37:43,961 ==> Epoch[18](500/534): Loss: 0.1389
2020-02-01 21:37:43,962 Allocated:121.53369140625 MB
2020-02-01 21:37:43,963 Cached:5311.375 MB
2020-02-01 21:38:57,803 ===> Epoch 18 Complete: Avg. Loss: 0.1079
2020-02-01 21:38:57,804 ====> Extracting Features
2020-02-01 21:39:37,902 ==> Batch (50/108)
2020-02-01 21:40:02,753 ==> Batch (100/108)
2020-02-01 21:40:07,918 ====> Building faiss index
2020-02-01 21:40:08,288 ====> Calculating recall @ N
2020-02-01 21:40:10,638 ====> Recall@1: 0.7281
2020-02-01 21:40:10,639 ====> Recall@2: 0.7426
2020-02-01 21:40:10,639 ====> Recall@3: 0.7504
2020-02-01 21:40:10,640 ====> Recall@4: 0.7565
2020-02-01 21:40:10,640 ====> Recall@5: 0.7606
2020-02-01 21:40:10,640 ====> Recall@10: 0.7751
2020-02-01 21:40:10,640 ====> Recall@15: 0.7858
2020-02-01 21:40:10,640 ====> Recall@20: 0.7922
2020-02-01 21:40:10,641 ====> Recall@25: 0.7962
2020-02-01 21:40:11,096 ====> Building Cache
2020-02-01 21:40:11,096 feature cache--->>> /home/annora/NetVLAD/output/train_feat_cache3.hdf5
2020-02-01 21:41:49,349 Allocated:118.90869140625 MB
2020-02-01 21:41:49,350 Cached:4345.5 MB
2020-02-01 21:44:36,991 ==> Epoch[19](50/534): Loss: 0.0990
2020-02-01 21:44:36,993 Allocated:121.90869140625 MB
2020-02-01 21:44:36,993 Cached:6711.375 MB
2020-02-01 21:46:40,947 ==> Epoch[19](100/534): Loss: 0.0593
2020-02-01 21:46:40,949 Allocated:122.90869140625 MB
2020-02-01 21:46:40,949 Cached:6711.375 MB
2020-02-01 21:48:40,104 ==> Epoch[19](150/534): Loss: 0.0846
2020-02-01 21:48:40,106 Allocated:122.03369140625 MB
2020-02-01 21:48:40,106 Cached:6711.375 MB
2020-02-01 21:49:39,461 ====> Building Cache
2020-02-01 21:49:39,462 feature cache--->>> /home/annora/NetVLAD/output/train_feat_cache3.hdf5
2020-02-01 21:51:14,860 Allocated:121.783203125 MB
2020-02-01 21:51:14,861 Cached:2904.875 MB
2020-02-01 21:53:00,219 ==> Epoch[19](200/534): Loss: 0.1753
2020-02-01 21:53:00,222 Allocated:122.28369140625 MB
2020-02-01 21:53:00,223 Cached:3516.375 MB
2020-02-01 21:55:03,888 ==> Epoch[19](250/534): Loss: 0.1751
2020-02-01 21:55:03,891 Allocated:122.78369140625 MB
2020-02-01 21:55:03,891 Cached:3553.875 MB
2020-02-01 21:57:08,727 ==> Epoch[19](300/534): Loss: 0.1752
2020-02-01 21:57:08,730 Allocated:122.90869140625 MB
2020-02-01 21:57:08,730 Cached:3553.875 MB
2020-02-01 21:59:09,790 ==> Epoch[19](350/534): Loss: 0.1405
2020-02-01 21:59:09,792 Allocated:121.90869140625 MB
2020-02-01 21:59:09,792 Cached:3553.875 MB
2020-02-01 21:59:22,892 ====> Building Cache
2020-02-01 21:59:22,893 feature cache--->>> /home/annora/NetVLAD/output/train_feat_cache3.hdf5
2020-02-01 22:00:56,230 Allocated:122.658203125 MB
2020-02-01 22:00:56,230 Cached:2933.375 MB
2020-02-01 22:03:27,892 ==> Epoch[19](400/534): Loss: 0.0761
2020-02-01 22:03:27,895 Allocated:120.90869140625 MB
2020-02-01 22:03:27,895 Cached:4135.5 MB
2020-02-01 22:05:32,410 ==> Epoch[19](450/534): Loss: 0.0687
2020-02-01 22:05:32,412 Allocated:122.03369140625 MB
2020-02-01 22:05:32,412 Cached:5358.5 MB
2020-02-01 22:07:30,314 ==> Epoch[19](500/534): Loss: 0.0641
2020-02-01 22:07:30,316 Allocated:122.28369140625 MB
2020-02-01 22:07:30,316 Cached:6599.625 MB
2020-02-01 22:08:56,539 ===> Epoch 19 Complete: Avg. Loss: 0.1074
2020-02-01 22:08:56,541 ====> Extracting Features
2020-02-01 22:09:33,960 ==> Batch (50/108)
2020-02-01 22:09:56,729 ==> Batch (100/108)
2020-02-01 22:10:01,378 ====> Building faiss index
2020-02-01 22:10:01,745 ====> Calculating recall @ N
2020-02-01 22:10:03,850 ====> Recall@1: 0.7284
2020-02-01 22:10:03,850 ====> Recall@2: 0.7438
2020-02-01 22:10:03,851 ====> Recall@3: 0.7510
2020-02-01 22:10:03,851 ====> Recall@4: 0.7574
2020-02-01 22:10:03,852 ====> Recall@5: 0.7606
2020-02-01 22:10:03,852 ====> Recall@10: 0.7748
2020-02-01 22:10:03,852 ====> Recall@15: 0.7872
2020-02-01 22:10:03,852 ====> Recall@20: 0.7925
2020-02-01 22:10:03,852 ====> Recall@25: 0.7962
2020-02-01 22:10:04,314 ====> Building Cache
2020-02-01 22:10:04,314 feature cache--->>> /home/annora/NetVLAD/output/train_feat_cache3.hdf5
2020-02-01 22:11:35,552 Allocated:120.90869140625 MB
2020-02-01 22:11:35,552 Cached:4309.5 MB
2020-02-01 22:14:15,338 ==> Epoch[20](50/534): Loss: 0.0838
2020-02-01 22:14:15,340 Allocated:121.90869140625 MB
2020-02-01 22:14:15,340 Cached:7815.625 MB
2020-02-01 22:16:05,004 ==> Epoch[20](100/534): Loss: 0.0230
2020-02-01 22:16:05,006 Allocated:120.90869140625 MB
2020-02-01 22:16:05,006 Cached:7815.625 MB
2020-02-01 22:17:59,603 ==> Epoch[20](150/534): Loss: 0.1065
2020-02-01 22:17:59,605 Allocated:120.90869140625 MB
2020-02-01 22:17:59,606 Cached:7815.625 MB
2020-02-01 22:19:08,799 ====> Building Cache
2020-02-01 22:19:08,800 feature cache--->>> /home/annora/NetVLAD/output/train_feat_cache3.hdf5
2020-02-01 22:20:37,135 Allocated:121.158203125 MB
2020-02-01 22:20:37,135 Cached:2895.875 MB
2020-02-01 22:22:24,554 ==> Epoch[20](200/534): Loss: 0.2073
2020-02-01 22:22:24,557 Allocated:121.40869140625 MB
2020-02-01 22:22:24,557 Cached:5398.5 MB
2020-02-01 22:24:18,897 ==> Epoch[20](250/534): Loss: 0.1272
2020-02-01 22:24:18,900 Allocated:121.03369140625 MB
2020-02-01 22:24:18,901 Cached:5398.5 MB
2020-02-01 22:26:18,866 ==> Epoch[20](300/534): Loss: 0.1231
2020-02-01 22:26:18,873 Allocated:120.90869140625 MB
2020-02-01 22:26:18,873 Cached:4227.75 MB
2020-02-01 22:28:13,183 ==> Epoch[20](350/534): Loss: 0.0421
2020-02-01 22:28:13,185 Allocated:121.03369140625 MB
2020-02-01 22:28:13,185 Cached:4229.75 MB
2020-02-01 22:28:26,373 ====> Building Cache
2020-02-01 22:28:26,374 feature cache--->>> /home/annora/NetVLAD/output/train_feat_cache3.hdf5
2020-02-01 22:29:57,971 Allocated:120.908203125 MB
2020-02-01 22:29:57,971 Cached:2991.75 MB
2020-02-01 22:32:24,000 ==> Epoch[20](400/534): Loss: 0.1059
2020-02-01 22:32:24,002 Allocated:121.90869140625 MB
2020-02-01 22:32:24,002 Cached:6427.75 MB
2020-02-01 22:34:15,481 ==> Epoch[20](450/534): Loss: 0.0385
2020-02-01 22:34:15,483 Allocated:120.90869140625 MB
2020-02-01 22:34:15,483 Cached:7585.0 MB
2020-02-01 22:36:26,780 ==> Epoch[20](500/534): Loss: 0.0848
2020-02-01 22:36:26,782 Allocated:122.40869140625 MB
2020-02-01 22:36:26,783 Cached:9919.625 MB
2020-02-01 22:37:41,269 ===> Epoch 20 Complete: Avg. Loss: 0.1075
2020-02-01 22:37:41,271 ====> Extracting Features
2020-02-01 22:38:19,239 ==> Batch (50/108)
2020-02-01 22:38:43,934 ==> Batch (100/108)
2020-02-01 22:38:48,493 ====> Building faiss index
2020-02-01 22:38:48,855 ====> Calculating recall @ N
2020-02-01 22:38:51,182 ====> Recall@1: 0.7290
2020-02-01 22:38:51,182 ====> Recall@2: 0.7438
2020-02-01 22:38:51,183 ====> Recall@3: 0.7507
2020-02-01 22:38:51,183 ====> Recall@4: 0.7577
2020-02-01 22:38:51,183 ====> Recall@5: 0.7614
2020-02-01 22:38:51,184 ====> Recall@10: 0.7742
2020-02-01 22:38:51,184 ====> Recall@15: 0.7867
2020-02-01 22:38:51,184 ====> Recall@20: 0.7919
2020-02-01 22:38:51,184 ====> Recall@25: 0.7965
2020-02-01 22:38:51,625 ====> Building Cache
2020-02-01 22:38:51,625 feature cache--->>> /home/annora/NetVLAD/output/train_feat_cache3.hdf5
2020-02-01 22:40:28,665 Allocated:120.90869140625 MB
2020-02-01 22:40:28,666 Cached:4317.0 MB
2020-02-01 22:43:02,949 ==> Epoch[21](50/534): Loss: 0.1031
2020-02-01 22:43:02,951 Allocated:121.53369140625 MB
2020-02-01 22:43:02,952 Cached:5527.75 MB
2020-02-01 22:44:59,968 ==> Epoch[21](100/534): Loss: 0.1173
2020-02-01 22:44:59,970 Allocated:121.53369140625 MB
2020-02-01 22:44:59,970 Cached:5527.75 MB
2020-02-01 22:46:51,920 ==> Epoch[21](150/534): Loss: 0.0757
2020-02-01 22:46:51,922 Allocated:122.53369140625 MB
2020-02-01 22:46:51,922 Cached:5527.75 MB
2020-02-01 22:47:56,051 ====> Building Cache
2020-02-01 22:47:56,052 feature cache--->>> /home/annora/NetVLAD/output/train_feat_cache3.hdf5
2020-02-01 22:49:32,111 Allocated:122.408203125 MB
2020-02-01 22:49:32,111 Cached:2981.25 MB
2020-02-01 22:51:12,804 ==> Epoch[21](200/534): Loss: 0.1211
2020-02-01 22:51:12,807 Allocated:121.65869140625 MB
2020-02-01 22:51:12,807 Cached:5441.5 MB
2020-02-01 22:53:10,104 ==> Epoch[21](250/534): Loss: 0.1845
2020-02-01 22:53:10,106 Allocated:121.40869140625 MB
2020-02-01 22:53:10,106 Cached:9260.125 MB
2020-02-01 22:55:13,228 ==> Epoch[21](300/534): Loss: 0.0917
2020-02-01 22:55:13,231 Allocated:121.15869140625 MB
2020-02-01 22:55:13,231 Cached:9260.125 MB
2020-02-01 22:57:15,459 ==> Epoch[21](350/534): Loss: 0.1201
2020-02-01 22:57:15,462 Allocated:122.90869140625 MB
2020-02-01 22:57:15,462 Cached:9260.125 MB
2020-02-01 22:57:30,267 ====> Building Cache
2020-02-01 22:57:30,267 feature cache--->>> /home/annora/NetVLAD/output/train_feat_cache3.hdf5
2020-02-01 22:59:04,586 Allocated:120.908203125 MB
2020-02-01 22:59:04,586 Cached:2903.375 MB
2020-02-01 23:01:36,464 ==> Epoch[21](400/534): Loss: 0.0840
2020-02-01 23:01:36,466 Allocated:121.90869140625 MB
2020-02-01 23:01:36,467 Cached:6225.625 MB
2020-02-01 23:03:27,639 ==> Epoch[21](450/534): Loss: 0.0242
2020-02-01 23:03:27,641 Allocated:121.15869140625 MB
2020-02-01 23:03:27,641 Cached:7438.125 MB
2020-02-01 23:05:23,105 ==> Epoch[21](500/534): Loss: 0.0705
2020-02-01 23:05:23,106 Allocated:122.03369140625 MB
2020-02-01 23:05:23,107 Cached:7438.125 MB
2020-02-01 23:06:43,253 ===> Epoch 21 Complete: Avg. Loss: 0.1087
2020-02-01 23:06:43,255 ====> Extracting Features
2020-02-01 23:07:19,968 ==> Batch (50/108)
2020-02-01 23:07:44,395 ==> Batch (100/108)
2020-02-01 23:07:49,490 ====> Building faiss index
2020-02-01 23:07:49,855 ====> Calculating recall @ N
2020-02-01 23:07:52,133 ====> Recall@1: 0.7301
2020-02-01 23:07:52,134 ====> Recall@2: 0.7441
2020-02-01 23:07:52,135 ====> Recall@3: 0.7516
2020-02-01 23:07:52,135 ====> Recall@4: 0.7586
2020-02-01 23:07:52,135 ====> Recall@5: 0.7614
2020-02-01 23:07:52,135 ====> Recall@10: 0.7736
2020-02-01 23:07:52,135 ====> Recall@15: 0.7867
2020-02-01 23:07:52,136 ====> Recall@20: 0.7919
2020-02-01 23:07:52,136 ====> Recall@25: 0.7965
2020-02-01 23:07:52,563 ====> Building Cache
2020-02-01 23:07:52,563 feature cache--->>> /home/annora/NetVLAD/output/train_feat_cache3.hdf5
2020-02-01 23:09:26,567 Allocated:120.65869140625 MB
2020-02-01 23:09:26,567 Cached:4317.0 MB
2020-02-01 23:12:04,812 ==> Epoch[22](50/534): Loss: 0.0937
2020-02-01 23:12:04,815 Allocated:121.53369140625 MB
2020-02-01 23:12:04,816 Cached:7902.875 MB
2020-02-01 23:14:07,860 ==> Epoch[22](100/534): Loss: 0.0292
2020-02-01 23:14:07,861 Allocated:120.90869140625 MB
2020-02-01 23:14:07,862 Cached:9114.375 MB
2020-02-01 23:16:04,601 ==> Epoch[22](150/534): Loss: 0.1135
2020-02-01 23:16:04,603 Allocated:121.15869140625 MB
2020-02-01 23:16:04,603 Cached:9114.375 MB
2020-02-01 23:17:12,399 ====> Building Cache
2020-02-01 23:17:12,401 feature cache--->>> /home/annora/NetVLAD/output/train_feat_cache3.hdf5
2020-02-01 23:18:43,270 Allocated:122.533203125 MB
2020-02-01 23:18:43,271 Cached:2956.5 MB
2020-02-01 23:20:27,750 ==> Epoch[22](200/534): Loss: 0.1564
2020-02-01 23:20:27,752 Allocated:120.90869140625 MB
2020-02-01 23:20:27,753 Cached:6555.875 MB
2020-02-01 23:22:33,733 ==> Epoch[22](250/534): Loss: 0.1587
2020-02-01 23:22:33,735 Allocated:122.03369140625 MB
2020-02-01 23:22:33,735 Cached:4920.0 MB
2020-02-01 23:24:25,307 ==> Epoch[22](300/534): Loss: 0.1280
2020-02-01 23:24:25,309 Allocated:120.90869140625 MB
2020-02-01 23:24:25,309 Cached:4920.0 MB
2020-02-01 23:26:28,437 ==> Epoch[22](350/534): Loss: 0.1400
2020-02-01 23:26:28,439 Allocated:121.03369140625 MB
2020-02-01 23:26:28,439 Cached:4920.0 MB
2020-02-01 23:26:42,219 ====> Building Cache
2020-02-01 23:26:42,219 feature cache--->>> /home/annora/NetVLAD/output/train_feat_cache3.hdf5
2020-02-01 23:28:11,813 Allocated:121.033203125 MB
2020-02-01 23:28:11,813 Cached:2937.0 MB
2020-02-01 23:30:55,923 ==> Epoch[22](400/534): Loss: 0.0960
2020-02-01 23:30:55,926 Allocated:122.53369140625 MB
2020-02-01 23:30:55,926 Cached:5338.875 MB
2020-02-01 23:32:51,350 ==> Epoch[22](450/534): Loss: 0.1009
2020-02-01 23:32:51,351 Allocated:121.15869140625 MB
2020-02-01 23:32:51,352 Cached:5338.875 MB
2020-02-01 23:34:49,493 ==> Epoch[22](500/534): Loss: 0.1171
2020-02-01 23:34:49,495 Allocated:121.90869140625 MB
2020-02-01 23:34:49,495 Cached:5338.875 MB
2020-02-01 23:36:04,301 ===> Epoch 22 Complete: Avg. Loss: 0.1082
2020-02-01 23:36:04,302 ====> Extracting Features
2020-02-01 23:36:41,566 ==> Batch (50/108)
2020-02-01 23:37:03,825 ==> Batch (100/108)
2020-02-01 23:37:08,218 ====> Building faiss index
2020-02-01 23:37:08,571 ====> Calculating recall @ N
2020-02-01 23:37:10,808 ====> Recall@1: 0.7299
2020-02-01 23:37:10,809 ====> Recall@2: 0.7446
2020-02-01 23:37:10,810 ====> Recall@3: 0.7522
2020-02-01 23:37:10,810 ====> Recall@4: 0.7580
2020-02-01 23:37:10,810 ====> Recall@5: 0.7612
2020-02-01 23:37:10,810 ====> Recall@10: 0.7742
2020-02-01 23:37:10,811 ====> Recall@15: 0.7870
2020-02-01 23:37:10,811 ====> Recall@20: 0.7916
2020-02-01 23:37:10,811 ====> Recall@25: 0.7959
2020-02-01 23:37:11,244 ====> Building Cache
2020-02-01 23:37:11,244 feature cache--->>> /home/annora/NetVLAD/output/train_feat_cache3.hdf5
2020-02-01 23:38:42,747 Allocated:120.28369140625 MB
2020-02-01 23:38:42,747 Cached:4316.0 MB
2020-02-01 23:41:40,918 ==> Epoch[23](50/534): Loss: 0.0821
2020-02-01 23:41:40,920 Allocated:122.53369140625 MB
2020-02-01 23:41:40,920 Cached:6639.375 MB
2020-02-01 23:43:35,992 ==> Epoch[23](100/534): Loss: 0.0978
2020-02-01 23:43:35,994 Allocated:123.53369140625 MB
2020-02-01 23:43:35,994 Cached:8992.25 MB
2020-02-01 23:45:32,578 ==> Epoch[23](150/534): Loss: 0.0581
2020-02-01 23:45:32,580 Allocated:122.65869140625 MB
2020-02-01 23:45:32,580 Cached:3101.125 MB
2020-02-01 23:46:31,214 ====> Building Cache
2020-02-01 23:46:31,215 feature cache--->>> /home/annora/NetVLAD/output/train_feat_cache3.hdf5
2020-02-01 23:48:06,247 Allocated:123.033203125 MB
2020-02-01 23:48:06,248 Cached:2911.875 MB
2020-02-01 23:49:53,043 ==> Epoch[23](200/534): Loss: 0.1700
2020-02-01 23:49:53,046 Allocated:123.03369140625 MB
2020-02-01 23:49:53,046 Cached:9081.25 MB
2020-02-01 23:51:56,947 ==> Epoch[23](250/534): Loss: 0.1294
2020-02-01 23:51:56,949 Allocated:121.28369140625 MB
2020-02-01 23:51:56,949 Cached:9081.25 MB
2020-02-01 23:54:14,141 ==> Epoch[23](300/534): Loss: 0.0893
2020-02-01 23:54:14,143 Allocated:121.65869140625 MB
2020-02-01 23:54:14,143 Cached:9081.25 MB
2020-02-01 23:56:05,918 ==> Epoch[23](350/534): Loss: 0.1556
2020-02-01 23:56:05,920 Allocated:122.65869140625 MB
2020-02-01 23:56:05,920 Cached:9081.25 MB
2020-02-01 23:56:19,808 ====> Building Cache
2020-02-01 23:56:19,810 feature cache--->>> /home/annora/NetVLAD/output/train_feat_cache3.hdf5
2020-02-01 23:57:58,406 Allocated:122.533203125 MB
2020-02-01 23:57:58,406 Cached:2911.875 MB
2020-02-02 00:00:30,081 ==> Epoch[23](400/534): Loss: 0.0849
2020-02-02 00:00:30,084 Allocated:121.90869140625 MB
2020-02-02 00:00:30,084 Cached:7564.625 MB
2020-02-02 00:02:39,170 ==> Epoch[23](450/534): Loss: 0.0442
2020-02-02 00:02:39,172 Allocated:121.53369140625 MB
2020-02-02 00:02:39,172 Cached:7564.625 MB
2020-02-02 00:04:30,187 ==> Epoch[23](500/534): Loss: 0.0511
2020-02-02 00:04:30,190 Allocated:121.65869140625 MB
2020-02-02 00:04:30,190 Cached:7564.625 MB
2020-02-02 00:05:50,566 ===> Epoch 23 Complete: Avg. Loss: 0.1076
2020-02-02 00:05:50,568 ====> Extracting Features
2020-02-02 00:06:26,704 ==> Batch (50/108)
2020-02-02 00:06:53,709 ==> Batch (100/108)
2020-02-02 00:06:59,362 ====> Building faiss index
2020-02-02 00:06:59,743 ====> Calculating recall @ N
2020-02-02 00:07:02,311 ====> Recall@1: 0.7293
2020-02-02 00:07:02,312 ====> Recall@2: 0.7446
2020-02-02 00:07:02,313 ====> Recall@3: 0.7522
2020-02-02 00:07:02,313 ====> Recall@4: 0.7583
2020-02-02 00:07:02,313 ====> Recall@5: 0.7612
2020-02-02 00:07:02,313 ====> Recall@10: 0.7742
2020-02-02 00:07:02,314 ====> Recall@15: 0.7867
2020-02-02 00:07:02,314 ====> Recall@20: 0.7919
2020-02-02 00:07:02,314 ====> Recall@25: 0.7959
2020-02-02 00:07:02,785 ====> Building Cache
2020-02-02 00:07:02,785 feature cache--->>> /home/annora/NetVLAD/output/train_feat_cache3.hdf5
2020-02-02 00:08:35,402 Allocated:120.15869140625 MB
2020-02-02 00:08:35,403 Cached:4317.5 MB
2020-02-02 00:11:22,196 ==> Epoch[24](50/534): Loss: 0.1302
2020-02-02 00:11:22,198 Allocated:122.65869140625 MB
2020-02-02 00:11:22,199 Cached:5475.25 MB
2020-02-02 00:13:22,517 ==> Epoch[24](100/534): Loss: 0.1589
2020-02-02 00:13:22,519 Allocated:122.03369140625 MB
2020-02-02 00:13:22,519 Cached:7822.75 MB
2020-02-02 00:15:14,418 ==> Epoch[24](150/534): Loss: 0.1445
2020-02-02 00:15:14,420 Allocated:120.90869140625 MB
2020-02-02 00:15:14,421 Cached:7822.75 MB
2020-02-02 00:16:19,476 ====> Building Cache
2020-02-02 00:16:19,477 feature cache--->>> /home/annora/NetVLAD/output/train_feat_cache3.hdf5
2020-02-02 00:17:58,180 Allocated:122.283203125 MB
2020-02-02 00:17:58,181 Cached:2997.0 MB
2020-02-02 00:19:36,616 ==> Epoch[24](200/534): Loss: 0.1745
2020-02-02 00:19:36,619 Allocated:120.90869140625 MB
2020-02-02 00:19:36,619 Cached:7817.375 MB
2020-02-02 00:21:46,404 ==> Epoch[24](250/534): Loss: 0.1913
2020-02-02 00:21:46,406 Allocated:120.90869140625 MB
2020-02-02 00:21:46,407 Cached:9073.5 MB
2020-02-02 00:23:55,046 ==> Epoch[24](300/534): Loss: 0.1565
2020-02-02 00:23:55,049 Allocated:122.90869140625 MB
2020-02-02 00:23:55,049 Cached:6020.75 MB
2020-02-02 00:25:52,918 ==> Epoch[24](350/534): Loss: 0.1675
2020-02-02 00:25:52,920 Allocated:123.65869140625 MB
2020-02-02 00:25:52,920 Cached:6020.75 MB
2020-02-02 00:26:09,581 ====> Building Cache
2020-02-02 00:26:09,582 feature cache--->>> /home/annora/NetVLAD/output/train_feat_cache3.hdf5
2020-02-02 00:27:39,291 Allocated:120.908203125 MB
2020-02-02 00:27:39,292 Cached:2957.0 MB
2020-02-02 00:30:26,873 ==> Epoch[24](400/534): Loss: 0.0550
2020-02-02 00:30:26,876 Allocated:121.40869140625 MB
2020-02-02 00:30:26,876 Cached:4143.25 MB
2020-02-02 00:32:27,991 ==> Epoch[24](450/534): Loss: 0.0865
2020-02-02 00:32:27,993 Allocated:121.28369140625 MB
2020-02-02 00:32:27,993 Cached:6538.5 MB
2020-02-02 00:34:32,216 ==> Epoch[24](500/534): Loss: 0.0480
2020-02-02 00:34:32,217 Allocated:121.40869140625 MB
2020-02-02 00:34:32,218 Cached:7746.75 MB
2020-02-02 00:35:53,679 ===> Epoch 24 Complete: Avg. Loss: 0.1064
2020-02-02 00:35:53,682 ====> Extracting Features
2020-02-02 00:36:30,307 ==> Batch (50/108)
2020-02-02 00:36:52,070 ==> Batch (100/108)
2020-02-02 00:36:56,649 ====> Building faiss index
2020-02-02 00:36:56,990 ====> Calculating recall @ N
2020-02-02 00:36:59,112 ====> Recall@1: 0.7307
2020-02-02 00:36:59,112 ====> Recall@2: 0.7455
2020-02-02 00:36:59,113 ====> Recall@3: 0.7528
2020-02-02 00:36:59,113 ====> Recall@4: 0.7588
2020-02-02 00:36:59,113 ====> Recall@5: 0.7612
2020-02-02 00:36:59,113 ====> Recall@10: 0.7742
2020-02-02 00:36:59,114 ====> Recall@15: 0.7864
2020-02-02 00:36:59,114 ====> Recall@20: 0.7919
2020-02-02 00:36:59,114 ====> Recall@25: 0.7954
2020-02-02 00:36:59,589 ====> Building Cache
2020-02-02 00:36:59,590 feature cache--->>> /home/annora/NetVLAD/output/train_feat_cache3.hdf5
2020-02-02 00:38:33,239 Allocated:120.03369140625 MB
2020-02-02 00:38:33,239 Cached:4316.5 MB
2020-02-02 00:41:25,836 ==> Epoch[25](50/534): Loss: 0.0655
2020-02-02 00:41:25,839 Allocated:121.15869140625 MB
2020-02-02 00:41:25,839 Cached:6735.375 MB
2020-02-02 00:43:31,917 ==> Epoch[25](100/534): Loss: 0.0743
2020-02-02 00:43:31,919 Allocated:122.78369140625 MB
2020-02-02 00:43:31,919 Cached:6735.375 MB
2020-02-02 00:45:24,972 ==> Epoch[25](150/534): Loss: 0.0748
2020-02-02 00:45:24,976 Allocated:122.40869140625 MB
2020-02-02 00:45:24,976 Cached:6735.375 MB
2020-02-02 00:46:34,930 ====> Building Cache
2020-02-02 00:46:34,932 feature cache--->>> /home/annora/NetVLAD/output/train_feat_cache3.hdf5
2020-02-02 00:48:22,285 Allocated:121.033203125 MB
2020-02-02 00:48:22,286 Cached:2903.875 MB
2020-02-02 00:50:00,620 ==> Epoch[25](200/534): Loss: 0.1284
2020-02-02 00:50:00,625 Allocated:122.53369140625 MB
2020-02-02 00:50:00,625 Cached:9128.5 MB
2020-02-02 00:52:17,111 ==> Epoch[25](250/534): Loss: 0.0959
2020-02-02 00:52:17,114 Allocated:121.28369140625 MB
2020-02-02 00:52:17,114 Cached:9128.5 MB
2020-02-02 00:54:24,176 ==> Epoch[25](300/534): Loss: 0.1404
2020-02-02 00:54:24,179 Allocated:122.03369140625 MB
2020-02-02 00:54:24,179 Cached:9128.5 MB
2020-02-02 00:56:24,787 ==> Epoch[25](350/534): Loss: 0.1480
2020-02-02 00:56:24,796 Allocated:122.78369140625 MB
2020-02-02 00:56:24,797 Cached:9128.5 MB
2020-02-02 00:56:38,643 ====> Building Cache
2020-02-02 00:56:38,645 feature cache--->>> /home/annora/NetVLAD/output/train_feat_cache3.hdf5
2020-02-02 00:58:11,699 Allocated:121.908203125 MB
2020-02-02 00:58:11,700 Cached:3389.875 MB
2020-02-02 01:00:41,577 ==> Epoch[25](400/534): Loss: 0.0712
2020-02-02 01:00:41,580 Allocated:122.03369140625 MB
2020-02-02 01:00:41,580 Cached:6845.0 MB
2020-02-02 01:02:46,640 ==> Epoch[25](450/534): Loss: 0.0890
2020-02-02 01:02:46,645 Allocated:121.03369140625 MB
2020-02-02 01:02:46,645 Cached:8019.25 MB
2020-02-02 01:04:51,000 ==> Epoch[25](500/534): Loss: 0.0320
2020-02-02 01:04:51,002 Allocated:120.90869140625 MB
2020-02-02 01:04:51,003 Cached:9219.0 MB
2020-02-02 01:06:06,308 ===> Epoch 25 Complete: Avg. Loss: 0.1075
2020-02-02 01:06:06,310 ====> Extracting Features
2020-02-02 01:06:42,436 ==> Batch (50/108)
2020-02-02 01:07:06,161 ==> Batch (100/108)
2020-02-02 01:07:11,077 ====> Building faiss index
2020-02-02 01:07:11,432 ====> Calculating recall @ N
2020-02-02 01:07:13,640 ====> Recall@1: 0.7307
2020-02-02 01:07:13,641 ====> Recall@2: 0.7452
2020-02-02 01:07:13,641 ====> Recall@3: 0.7530
2020-02-02 01:07:13,642 ====> Recall@4: 0.7594
2020-02-02 01:07:13,642 ====> Recall@5: 0.7609
2020-02-02 01:07:13,642 ====> Recall@10: 0.7742
2020-02-02 01:07:13,642 ====> Recall@15: 0.7849
2020-02-02 01:07:13,642 ====> Recall@20: 0.7922
2020-02-02 01:07:13,643 ====> Recall@25: 0.7954
2020-02-02 01:07:14,091 ====> Building Cache
2020-02-02 01:07:14,091 feature cache--->>> /home/annora/NetVLAD/output/train_feat_cache3.hdf5
2020-02-02 01:08:47,608 Allocated:120.15869140625 MB
2020-02-02 01:08:47,608 Cached:4317.5 MB
2020-02-02 01:11:34,637 ==> Epoch[26](50/534): Loss: 0.0998
2020-02-02 01:11:34,639 Allocated:121.03369140625 MB
2020-02-02 01:11:34,639 Cached:7820.5 MB
2020-02-02 01:13:35,023 ==> Epoch[26](100/534): Loss: 0.1123
2020-02-02 01:13:35,025 Allocated:121.03369140625 MB
2020-02-02 01:13:35,025 Cached:7820.5 MB
2020-02-02 01:15:35,644 ==> Epoch[26](150/534): Loss: 0.0806
2020-02-02 01:15:35,648 Allocated:122.53369140625 MB
2020-02-02 01:15:35,648 Cached:7820.5 MB
2020-02-02 01:16:44,160 ====> Building Cache
2020-02-02 01:16:44,161 feature cache--->>> /home/annora/NetVLAD/output/train_feat_cache3.hdf5
2020-02-02 01:18:13,079 Allocated:122.283203125 MB
2020-02-02 01:18:13,080 Cached:2895.875 MB
2020-02-02 01:20:04,327 ==> Epoch[26](200/534): Loss: 0.1816
2020-02-02 01:20:04,330 Allocated:121.15869140625 MB
2020-02-02 01:20:04,331 Cached:6554.75 MB
2020-02-02 01:22:07,730 ==> Epoch[26](250/534): Loss: 0.1365
2020-02-02 01:22:07,733 Allocated:121.40869140625 MB
2020-02-02 01:22:07,733 Cached:7805.5 MB
2020-02-02 01:24:16,535 ==> Epoch[26](300/534): Loss: 0.2003
2020-02-02 01:24:16,537 Allocated:122.40869140625 MB
2020-02-02 01:24:16,538 Cached:3431.875 MB
2020-02-02 01:26:13,245 ==> Epoch[26](350/534): Loss: 0.1899
2020-02-02 01:26:13,247 Allocated:122.40869140625 MB
2020-02-02 01:26:13,248 Cached:3608.5 MB
2020-02-02 01:26:27,489 ====> Building Cache
2020-02-02 01:26:27,490 feature cache--->>> /home/annora/NetVLAD/output/train_feat_cache3.hdf5
2020-02-02 01:28:02,401 Allocated:121.658203125 MB
2020-02-02 01:28:02,401 Cached:2930.0 MB
2020-02-02 01:30:38,442 ==> Epoch[26](400/534): Loss: 0.1207
2020-02-02 01:30:38,445 Allocated:120.90869140625 MB
2020-02-02 01:30:38,445 Cached:5244.875 MB
2020-02-02 01:32:40,423 ==> Epoch[26](450/534): Loss: 0.0916
2020-02-02 01:32:40,425 Allocated:120.90869140625 MB
2020-02-02 01:32:40,425 Cached:6414.875 MB
2020-02-02 01:34:41,746 ==> Epoch[26](500/534): Loss: 0.0990
2020-02-02 01:34:41,748 Allocated:121.28369140625 MB
2020-02-02 01:34:41,748 Cached:7644.25 MB
2020-02-02 01:35:53,983 ===> Epoch 26 Complete: Avg. Loss: 0.1075
2020-02-02 01:35:53,984 ====> Extracting Features
2020-02-02 01:36:33,341 ==> Batch (50/108)
2020-02-02 01:36:59,709 ==> Batch (100/108)
2020-02-02 01:37:04,981 ====> Building faiss index
2020-02-02 01:37:05,352 ====> Calculating recall @ N
2020-02-02 01:37:09,949 ====> Recall@1: 0.7301
2020-02-02 01:37:09,950 ====> Recall@2: 0.7452
2020-02-02 01:37:09,951 ====> Recall@3: 0.7528
2020-02-02 01:37:09,951 ====> Recall@4: 0.7594
2020-02-02 01:37:09,951 ====> Recall@5: 0.7612
2020-02-02 01:37:09,951 ====> Recall@10: 0.7742
2020-02-02 01:37:09,951 ====> Recall@15: 0.7843
2020-02-02 01:37:09,952 ====> Recall@20: 0.7916
2020-02-02 01:37:09,952 ====> Recall@25: 0.7954
2020-02-02 01:37:10,414 ====> Building Cache
2020-02-02 01:37:10,414 feature cache--->>> /home/annora/NetVLAD/output/train_feat_cache3.hdf5
2020-02-02 01:38:44,595 Allocated:120.28369140625 MB
2020-02-02 01:38:44,596 Cached:4309.5 MB
2020-02-02 01:41:27,248 ==> Epoch[27](50/534): Loss: 0.1185
2020-02-02 01:41:27,251 Allocated:121.40869140625 MB
2020-02-02 01:41:27,251 Cached:6651.0 MB
2020-02-02 01:43:28,869 ==> Epoch[27](100/534): Loss: 0.1005
2020-02-02 01:43:28,872 Allocated:121.28369140625 MB
2020-02-02 01:43:28,872 Cached:7847.5 MB
2020-02-02 01:45:26,030 ==> Epoch[27](150/534): Loss: 0.0560
2020-02-02 01:45:26,032 Allocated:121.90869140625 MB
2020-02-02 01:45:26,032 Cached:7847.5 MB
2020-02-02 01:46:32,502 ====> Building Cache
2020-02-02 01:46:32,503 feature cache--->>> /home/annora/NetVLAD/output/train_feat_cache3.hdf5
2020-02-02 01:48:02,999 Allocated:123.658203125 MB
2020-02-02 01:48:03,000 Cached:3074.625 MB
2020-02-02 01:49:41,549 ==> Epoch[27](200/534): Loss: 0.0863
2020-02-02 01:49:41,551 Allocated:121.90869140625 MB
2020-02-02 01:49:41,552 Cached:7624.25 MB
2020-02-02 01:51:53,436 ==> Epoch[27](250/534): Loss: 0.1555
2020-02-02 01:51:53,438 Allocated:123.28369140625 MB
2020-02-02 01:51:53,438 Cached:5450.625 MB
2020-02-02 01:53:56,032 ==> Epoch[27](300/534): Loss: 0.1150
2020-02-02 01:53:56,034 Allocated:122.15869140625 MB
2020-02-02 01:53:56,035 Cached:5450.625 MB
2020-02-02 01:56:09,308 ==> Epoch[27](350/534): Loss: 0.1364
2020-02-02 01:56:09,310 Allocated:121.03369140625 MB
2020-02-02 01:56:09,310 Cached:6703.5 MB
2020-02-02 01:56:25,719 ====> Building Cache
2020-02-02 01:56:25,720 feature cache--->>> /home/annora/NetVLAD/output/train_feat_cache3.hdf5
2020-02-02 01:57:55,780 Allocated:120.908203125 MB
2020-02-02 01:57:55,781 Cached:2912.375 MB
2020-02-02 02:00:31,484 ==> Epoch[27](400/534): Loss: 0.1141
2020-02-02 02:00:31,486 Allocated:122.15869140625 MB
2020-02-02 02:00:31,486 Cached:4098.625 MB
2020-02-02 02:02:31,925 ==> Epoch[27](450/534): Loss: 0.1307
2020-02-02 02:02:31,927 Allocated:121.90869140625 MB
2020-02-02 02:02:31,928 Cached:6553.25 MB
2020-02-02 02:04:34,609 ==> Epoch[27](500/534): Loss: 0.0791
2020-02-02 02:04:34,611 Allocated:123.15869140625 MB
2020-02-02 02:04:34,611 Cached:6553.25 MB
2020-02-02 02:05:56,247 ===> Epoch 27 Complete: Avg. Loss: 0.1076
2020-02-02 02:05:56,248 ====> Extracting Features
2020-02-02 02:06:31,337 ==> Batch (50/108)
2020-02-02 02:06:54,415 ==> Batch (100/108)
2020-02-02 02:06:59,606 ====> Building faiss index
2020-02-02 02:06:59,972 ====> Calculating recall @ N
2020-02-02 02:07:02,417 ====> Recall@1: 0.7301
2020-02-02 02:07:02,417 ====> Recall@2: 0.7449
2020-02-02 02:07:02,418 ====> Recall@3: 0.7528
2020-02-02 02:07:02,418 ====> Recall@4: 0.7591
2020-02-02 02:07:02,418 ====> Recall@5: 0.7614
2020-02-02 02:07:02,418 ====> Recall@10: 0.7745
2020-02-02 02:07:02,419 ====> Recall@15: 0.7846
2020-02-02 02:07:02,419 ====> Recall@20: 0.7919
2020-02-02 02:07:02,419 ====> Recall@25: 0.7957
2020-02-02 02:07:02,853 Performance did not improve for 10 epochs. Stopping.
2020-02-02 02:07:02,853 => Best Recall@5: 0.7620
