2020-02-03 18:36:03,572 Namespace(arch='alexnet', batchSize=12, cacheBatchSize=96, cachePath='/home/annora/NetVLAD/output/', cacheRefreshRate=3000, ckpt='best', contilearn=False, dataPath='/home/annora/NetVLAD/output/data/', dataset='robotcar', evalEvery=1, fromscratch=False, fromtask='/home/annora/NetVLAD/output/runs/2020-01-08-13-45-34_alexnet_netvlad', lr=0.1, lrGamma=0.5, lrStep=5, margin=0.1, mode='train', momentum=0.9, nEpochs=30, nGPU=1, nocuda=False, num_clusters=64, optim='SGD', patience=10, pooling='netvlad', premodel='imagenet', resume='', runsPath='/home/annora/NetVLAD/output/runs/', savePath='checkpoints', seed=123, split='val', start_epoch=0, threads=8, vladv2=False, weightDecay=0.001)
2020-02-03 18:36:03,643 ===> Loading dataset(s)
2020-02-03 18:36:03,644 trainfile ------>>>>>> oxRobocar_doubleN_train.mat
2020-02-03 18:36:06,552 ====> Training set: oxRobocar_doubleN_train.mat, query set count: 6404
2020-02-03 18:36:06,661 ===> Evaluating on val set: oxRobocar_doubleN_val.mat, query count: 3450
2020-02-03 18:36:06,662 ===> Building model
2020-02-03 18:36:06,718 encoder moder:
AlexNet(
  (conv1): Sequential(
    (0): Conv2d(3, 64, kernel_size=(11, 11), stride=(4, 4), padding=(2, 2))
    (1): ReLU(inplace)
    (2): MaxPool2d(kernel_size=3, stride=2, padding=0, dilation=1, ceil_mode=False)
  )
  (conv2): Sequential(
    (0): Conv2d(64, 192, kernel_size=(5, 5), stride=(1, 1), padding=(2, 2))
    (1): ReLU(inplace)
    (2): MaxPool2d(kernel_size=3, stride=2, padding=0, dilation=1, ceil_mode=False)
  )
  (conv3): Sequential(
    (0): Conv2d(192, 384, kernel_size=(3, 3), stride=(1, 1), padding=(1, 1))
    (1): ReLU(inplace)
  )
  (conv4): Sequential(
    (0): Conv2d(384, 256, kernel_size=(3, 3), stride=(1, 1), padding=(1, 1))
    (1): ReLU(inplace)
  )
  (conv5): Sequential(
    (0): Conv2d(256, 256, kernel_size=(3, 3), stride=(1, 1), padding=(1, 1))
  )
)
2020-02-03 18:36:11,758 => loading checkpoint '/home/annora/NetVLAD/output/runs/2020-01-08-13-45-34_alexnet_netvlad/checkpoints/model_best.pth.tar'
2020-02-03 18:36:11,824 => loaded checkpoint '/home/annora/NetVLAD/output/runs/2020-01-08-13-45-34_alexnet_netvlad/checkpoints/model_best.pth.tar' 
2020-02-03 18:36:11,824 ===> Training model
2020-02-03 18:36:11,827 ===> Saving state to: /home/annora/NetVLAD/output/runs/2020-02-03-18-36-11_alexnet_netvlad
2020-02-03 18:36:11,827 ====> Building Cache
2020-02-03 18:36:11,827 feature cache--->>> /home/annora/NetVLAD/output/train_feat_cache2.hdf5
2020-02-03 18:38:02,727 Allocated:11.71826171875 MB
2020-02-03 18:38:02,727 Cached:2776.125 MB
2020-02-03 18:41:25,536 ==> Epoch[1](50/534): Loss: 0.0458
2020-02-03 18:41:25,539 Allocated:33.15576171875 MB
2020-02-03 18:41:25,539 Cached:6669.125 MB
2020-02-03 18:44:02,644 ==> Epoch[1](100/534): Loss: 0.0484
2020-02-03 18:44:02,648 Allocated:33.15576171875 MB
2020-02-03 18:44:02,648 Cached:6669.125 MB
2020-02-03 18:46:29,216 ==> Epoch[1](150/534): Loss: 0.0745
2020-02-03 18:46:29,220 Allocated:33.15576171875 MB
2020-02-03 18:46:29,220 Cached:6669.125 MB
2020-02-03 18:47:33,392 ====> Building Cache
2020-02-03 18:47:33,394 feature cache--->>> /home/annora/NetVLAD/output/train_feat_cache2.hdf5
2020-02-03 18:49:18,553 Allocated:33.1552734375 MB
2020-02-03 18:49:18,554 Cached:3384.375 MB
2020-02-03 18:50:59,842 ==> Epoch[1](200/534): Loss: 0.0816
2020-02-03 18:50:59,848 Allocated:33.15576171875 MB
2020-02-03 18:50:59,848 Cached:3582.375 MB
2020-02-03 18:53:57,371 ==> Epoch[1](250/534): Loss: 0.0969
2020-02-03 18:53:57,376 Allocated:33.15576171875 MB
2020-02-03 18:53:57,377 Cached:3582.375 MB
2020-02-03 18:57:13,404 ==> Epoch[1](300/534): Loss: 0.0417
2020-02-03 18:57:13,408 Allocated:33.15576171875 MB
2020-02-03 18:57:13,408 Cached:3582.375 MB
2020-02-03 18:58:55,705 ==> Epoch[1](350/534): Loss: 0.0625
2020-02-03 18:58:55,707 Allocated:33.15576171875 MB
2020-02-03 18:58:55,707 Cached:3582.375 MB
2020-02-03 18:59:09,299 ====> Building Cache
2020-02-03 18:59:09,300 feature cache--->>> /home/annora/NetVLAD/output/train_feat_cache2.hdf5
2020-02-03 19:00:51,825 Allocated:33.1552734375 MB
2020-02-03 19:00:51,826 Cached:3384.375 MB
2020-02-03 19:04:28,482 ==> Epoch[1](400/534): Loss: 0.0517
2020-02-03 19:04:28,488 Allocated:33.15576171875 MB
2020-02-03 19:04:28,489 Cached:4869.625 MB
2020-02-03 19:06:45,863 ==> Epoch[1](450/534): Loss: 0.0496
2020-02-03 19:06:45,867 Allocated:33.15576171875 MB
2020-02-03 19:06:45,867 Cached:4870.625 MB
2020-02-03 19:08:28,846 ==> Epoch[1](500/534): Loss: 0.0759
2020-02-03 19:08:28,848 Allocated:33.15576171875 MB
2020-02-03 19:08:28,849 Cached:4870.625 MB
2020-02-03 19:09:48,625 ===> Epoch 1 Complete: Avg. Loss: 0.0763
2020-02-03 19:09:48,627 ====> Extracting Features
2020-02-03 19:10:35,012 ==> Batch (50/108)
2020-02-03 19:11:01,946 ==> Batch (100/108)
2020-02-03 19:11:06,724 ====> Building faiss index
2020-02-03 19:11:07,079 ====> Calculating recall @ N
2020-02-03 19:11:09,487 ====> Recall@1: 0.2942
2020-02-03 19:11:09,488 ====> Recall@2: 0.3290
2020-02-03 19:11:09,489 ====> Recall@3: 0.3542
2020-02-03 19:11:09,489 ====> Recall@4: 0.3701
2020-02-03 19:11:09,489 ====> Recall@5: 0.3820
2020-02-03 19:11:09,489 ====> Recall@10: 0.4351
2020-02-03 19:11:09,490 ====> Recall@15: 0.4594
2020-02-03 19:11:09,490 ====> Recall@20: 0.4774
2020-02-03 19:11:09,490 ====> Recall@25: 0.4945
2020-02-03 19:11:09,608 ====> Building Cache
2020-02-03 19:11:09,609 feature cache--->>> /home/annora/NetVLAD/output/train_feat_cache2.hdf5
2020-02-03 19:12:57,988 Allocated:31.15576171875 MB
2020-02-03 19:12:57,988 Cached:4239.125 MB
2020-02-03 19:16:35,715 ==> Epoch[2](50/534): Loss: 0.1458
2020-02-03 19:16:35,721 Allocated:33.15576171875 MB
2020-02-03 19:16:35,722 Cached:6372.625 MB
2020-02-03 19:18:43,833 ==> Epoch[2](100/534): Loss: 0.0972
2020-02-03 19:18:43,836 Allocated:33.15576171875 MB
2020-02-03 19:18:43,836 Cached:6372.625 MB
2020-02-03 19:20:22,626 ==> Epoch[2](150/534): Loss: 0.0493
2020-02-03 19:20:22,629 Allocated:33.15576171875 MB
2020-02-03 19:20:22,629 Cached:6372.625 MB
2020-02-03 19:21:34,689 ====> Building Cache
2020-02-03 19:21:34,690 feature cache--->>> /home/annora/NetVLAD/output/train_feat_cache2.hdf5
2020-02-03 19:23:21,238 Allocated:33.1552734375 MB
2020-02-03 19:23:21,239 Cached:3384.375 MB
2020-02-03 19:25:42,248 ==> Epoch[2](200/534): Loss: 0.2031
2020-02-03 19:25:42,252 Allocated:33.15576171875 MB
2020-02-03 19:25:42,253 Cached:9729.375 MB
2020-02-03 19:27:46,077 ==> Epoch[2](250/534): Loss: 0.1368
2020-02-03 19:27:46,080 Allocated:33.15576171875 MB
2020-02-03 19:27:46,080 Cached:5162.5 MB
2020-02-03 19:30:18,154 ==> Epoch[2](300/534): Loss: 0.0505
2020-02-03 19:30:18,158 Allocated:33.15576171875 MB
2020-02-03 19:30:18,158 Cached:5162.5 MB
2020-02-03 19:32:06,500 ==> Epoch[2](350/534): Loss: 0.1278
2020-02-03 19:32:06,505 Allocated:33.15576171875 MB
2020-02-03 19:32:06,506 Cached:5162.5 MB
2020-02-03 19:32:21,152 ====> Building Cache
2020-02-03 19:32:21,153 feature cache--->>> /home/annora/NetVLAD/output/train_feat_cache2.hdf5
2020-02-03 19:34:12,740 Allocated:33.1552734375 MB
2020-02-03 19:34:12,741 Cached:3384.375 MB
2020-02-03 19:37:19,206 ==> Epoch[2](400/534): Loss: 0.0299
2020-02-03 19:37:19,210 Allocated:33.15576171875 MB
2020-02-03 19:37:19,210 Cached:7274.375 MB
2020-02-03 19:39:03,862 ==> Epoch[2](450/534): Loss: 0.0219
2020-02-03 19:39:03,865 Allocated:33.15576171875 MB
2020-02-03 19:39:03,865 Cached:7274.375 MB
2020-02-03 19:41:25,694 ==> Epoch[2](500/534): Loss: 0.0375
2020-02-03 19:41:25,697 Allocated:33.15576171875 MB
2020-02-03 19:41:25,697 Cached:7274.375 MB
2020-02-03 19:42:51,482 ===> Epoch 2 Complete: Avg. Loss: 0.0866
2020-02-03 19:42:51,484 ====> Extracting Features
2020-02-03 19:43:37,079 ==> Batch (50/108)
2020-02-03 19:44:05,951 ==> Batch (100/108)
2020-02-03 19:44:11,584 ====> Building faiss index
2020-02-03 19:44:12,011 ====> Calculating recall @ N
2020-02-03 19:44:14,417 ====> Recall@1: 0.4783
2020-02-03 19:44:14,418 ====> Recall@2: 0.5168
2020-02-03 19:44:14,419 ====> Recall@3: 0.5414
2020-02-03 19:44:14,419 ====> Recall@4: 0.5606
2020-02-03 19:44:14,420 ====> Recall@5: 0.5739
2020-02-03 19:44:14,420 ====> Recall@10: 0.6148
2020-02-03 19:44:14,420 ====> Recall@15: 0.6339
2020-02-03 19:44:14,420 ====> Recall@20: 0.6513
2020-02-03 19:44:14,421 ====> Recall@25: 0.6620
2020-02-03 19:44:14,634 ====> Building Cache
2020-02-03 19:44:14,634 feature cache--->>> /home/annora/NetVLAD/output/train_feat_cache2.hdf5
2020-02-03 19:46:02,748 Allocated:31.15576171875 MB
2020-02-03 19:46:02,749 Cached:4239.125 MB
2020-02-03 19:49:32,151 ==> Epoch[3](50/534): Loss: 0.0756
2020-02-03 19:49:32,154 Allocated:33.15576171875 MB
2020-02-03 19:49:32,155 Cached:9004.125 MB
2020-02-03 19:51:56,497 ==> Epoch[3](100/534): Loss: 0.0196
2020-02-03 19:51:56,500 Allocated:33.15576171875 MB
2020-02-03 19:51:56,500 Cached:9004.125 MB
2020-02-03 19:53:35,628 ==> Epoch[3](150/534): Loss: 0.0312
2020-02-03 19:53:35,631 Allocated:33.15576171875 MB
2020-02-03 19:53:35,632 Cached:9004.125 MB
2020-02-03 19:54:29,133 ====> Building Cache
2020-02-03 19:54:29,134 feature cache--->>> /home/annora/NetVLAD/output/train_feat_cache2.hdf5
2020-02-03 19:56:17,508 Allocated:33.1552734375 MB
2020-02-03 19:56:17,509 Cached:3384.375 MB
2020-02-03 19:58:28,053 ==> Epoch[3](200/534): Loss: 0.1166
2020-02-03 19:58:28,056 Allocated:33.15576171875 MB
2020-02-03 19:58:28,056 Cached:7072.0 MB
2020-02-03 20:00:59,882 ==> Epoch[3](250/534): Loss: 0.1126
2020-02-03 20:00:59,887 Allocated:33.15576171875 MB
2020-02-03 20:00:59,888 Cached:8027.25 MB
2020-02-03 20:03:20,774 ==> Epoch[3](300/534): Loss: 0.0666
2020-02-03 20:03:20,776 Allocated:33.15576171875 MB
2020-02-03 20:03:20,777 Cached:4103.0 MB
2020-02-03 20:05:04,626 ==> Epoch[3](350/534): Loss: 0.1591
2020-02-03 20:05:04,630 Allocated:33.15576171875 MB
2020-02-03 20:05:04,630 Cached:4103.0 MB
2020-02-03 20:05:10,551 ====> Building Cache
2020-02-03 20:05:10,551 feature cache--->>> /home/annora/NetVLAD/output/train_feat_cache2.hdf5
2020-02-03 20:07:01,288 Allocated:33.1552734375 MB
2020-02-03 20:07:01,289 Cached:3384.375 MB
2020-02-03 20:10:50,197 ==> Epoch[3](400/534): Loss: 0.0596
2020-02-03 20:10:50,200 Allocated:33.15576171875 MB
2020-02-03 20:10:50,200 Cached:7274.375 MB
2020-02-03 20:13:34,613 ==> Epoch[3](450/534): Loss: 0.0625
2020-02-03 20:13:34,617 Allocated:33.15576171875 MB
2020-02-03 20:13:34,617 Cached:7274.375 MB
2020-02-03 20:15:26,739 ==> Epoch[3](500/534): Loss: 0.0256
2020-02-03 20:15:26,741 Allocated:33.15576171875 MB
2020-02-03 20:15:26,741 Cached:7274.375 MB
2020-02-03 20:16:44,305 ===> Epoch 3 Complete: Avg. Loss: 0.0878
2020-02-03 20:16:44,308 ====> Extracting Features
2020-02-03 20:17:37,994 ==> Batch (50/108)
2020-02-03 20:18:05,710 ==> Batch (100/108)
2020-02-03 20:18:11,105 ====> Building faiss index
2020-02-03 20:18:11,488 ====> Calculating recall @ N
2020-02-03 20:18:14,053 ====> Recall@1: 0.2696
2020-02-03 20:18:14,054 ====> Recall@2: 0.3052
2020-02-03 20:18:14,054 ====> Recall@3: 0.3574
2020-02-03 20:18:14,055 ====> Recall@4: 0.3722
2020-02-03 20:18:14,055 ====> Recall@5: 0.3832
2020-02-03 20:18:14,055 ====> Recall@10: 0.4206
2020-02-03 20:18:14,055 ====> Recall@15: 0.4429
2020-02-03 20:18:14,055 ====> Recall@20: 0.4612
2020-02-03 20:18:14,056 ====> Recall@25: 0.4742
2020-02-03 20:18:14,187 ====> Building Cache
2020-02-03 20:18:14,188 feature cache--->>> /home/annora/NetVLAD/output/train_feat_cache2.hdf5
2020-02-03 20:20:08,089 Allocated:31.15576171875 MB
2020-02-03 20:20:08,090 Cached:4239.125 MB
2020-02-03 20:23:10,141 ==> Epoch[4](50/534): Loss: 0.0261
2020-02-03 20:23:10,144 Allocated:33.15576171875 MB
2020-02-03 20:23:10,144 Cached:3180.25 MB
2020-02-03 20:25:29,325 ==> Epoch[4](100/534): Loss: 0.0082
2020-02-03 20:25:29,329 Allocated:33.15576171875 MB
2020-02-03 20:25:29,330 Cached:5717.875 MB
2020-02-03 20:27:30,541 ==> Epoch[4](150/534): Loss: 0.0005
2020-02-03 20:27:30,544 Allocated:33.15576171875 MB
2020-02-03 20:27:30,545 Cached:5717.875 MB
2020-02-03 20:28:30,619 ====> Building Cache
2020-02-03 20:28:30,620 feature cache--->>> /home/annora/NetVLAD/output/train_feat_cache2.hdf5
2020-02-03 20:30:21,143 Allocated:33.1552734375 MB
2020-02-03 20:30:21,143 Cached:3384.375 MB
2020-02-03 20:31:53,788 ==> Epoch[4](200/534): Loss: 0.3520
2020-02-03 20:31:53,790 Allocated:33.15576171875 MB
2020-02-03 20:31:53,791 Cached:3394.375 MB
2020-02-03 20:33:27,442 ==> Epoch[4](250/534): Loss: 0.3097
2020-02-03 20:33:27,445 Allocated:33.15576171875 MB
2020-02-03 20:33:27,445 Cached:5717.25 MB
2020-02-03 20:34:57,363 ==> Epoch[4](300/534): Loss: 0.3085
2020-02-03 20:34:57,366 Allocated:33.15576171875 MB
2020-02-03 20:34:57,366 Cached:5717.25 MB
2020-02-03 20:36:20,667 ==> Epoch[4](350/534): Loss: 0.2514
2020-02-03 20:36:20,670 Allocated:33.15576171875 MB
2020-02-03 20:36:20,670 Cached:5717.25 MB
2020-02-03 20:36:31,983 ====> Building Cache
2020-02-03 20:36:31,984 feature cache--->>> /home/annora/NetVLAD/output/train_feat_cache2.hdf5
2020-02-03 20:38:21,964 Allocated:33.1552734375 MB
2020-02-03 20:38:21,964 Cached:3384.375 MB
2020-02-03 20:40:56,158 ==> Epoch[4](400/534): Loss: 0.0590
2020-02-03 20:40:56,161 Allocated:33.15576171875 MB
2020-02-03 20:40:56,161 Cached:7274.375 MB
2020-02-03 20:43:38,185 ==> Epoch[4](450/534): Loss: 0.0605
2020-02-03 20:43:38,188 Allocated:33.15576171875 MB
2020-02-03 20:43:38,189 Cached:7274.375 MB
2020-02-03 20:46:10,982 ==> Epoch[4](500/534): Loss: 0.0603
2020-02-03 20:46:10,986 Allocated:33.15576171875 MB
2020-02-03 20:46:10,986 Cached:7274.375 MB
2020-02-03 20:47:53,587 ===> Epoch 4 Complete: Avg. Loss: 0.1275
2020-02-03 20:47:53,590 ====> Extracting Features
2020-02-03 20:48:47,395 ==> Batch (50/108)
2020-02-03 20:49:15,513 ==> Batch (100/108)
2020-02-03 20:49:20,898 ====> Building faiss index
2020-02-03 20:49:21,274 ====> Calculating recall @ N
2020-02-03 20:49:24,057 ====> Recall@1: 0.2786
2020-02-03 20:49:24,059 ====> Recall@2: 0.3272
2020-02-03 20:49:24,060 ====> Recall@3: 0.3641
2020-02-03 20:49:24,060 ====> Recall@4: 0.3881
2020-02-03 20:49:24,060 ====> Recall@5: 0.4087
2020-02-03 20:49:24,060 ====> Recall@10: 0.4635
2020-02-03 20:49:24,061 ====> Recall@15: 0.5017
2020-02-03 20:49:24,061 ====> Recall@20: 0.5258
2020-02-03 20:49:24,061 ====> Recall@25: 0.5470
2020-02-03 20:49:24,210 ====> Building Cache
2020-02-03 20:49:24,211 feature cache--->>> /home/annora/NetVLAD/output/train_feat_cache2.hdf5
2020-02-03 20:51:10,850 Allocated:31.15576171875 MB
2020-02-03 20:51:10,851 Cached:4239.125 MB
2020-02-03 20:54:28,018 ==> Epoch[5](50/534): Loss: 0.0733
2020-02-03 20:54:28,022 Allocated:33.15576171875 MB
2020-02-03 20:54:28,022 Cached:4359.375 MB
2020-02-03 20:56:41,198 ==> Epoch[5](100/534): Loss: 0.0663
2020-02-03 20:56:41,201 Allocated:33.15576171875 MB
2020-02-03 20:56:41,201 Cached:4359.375 MB
2020-02-03 20:58:19,343 ==> Epoch[5](150/534): Loss: 0.0604
2020-02-03 20:58:19,346 Allocated:33.15576171875 MB
2020-02-03 20:58:19,346 Cached:4359.375 MB
2020-02-03 20:59:06,437 ====> Building Cache
2020-02-03 20:59:06,438 feature cache--->>> /home/annora/NetVLAD/output/train_feat_cache2.hdf5
2020-02-03 21:00:36,972 Allocated:33.1552734375 MB
2020-02-03 21:00:36,973 Cached:3384.375 MB
2020-02-03 21:01:50,174 ==> Epoch[5](200/534): Loss: 0.2132
2020-02-03 21:01:50,177 Allocated:33.15576171875 MB
2020-02-03 21:01:50,177 Cached:8094.5 MB
2020-02-03 21:03:14,126 ==> Epoch[5](250/534): Loss: 0.2694
2020-02-03 21:03:14,129 Allocated:33.15576171875 MB
2020-02-03 21:03:14,130 Cached:3226.625 MB
2020-02-03 21:04:39,488 ==> Epoch[5](300/534): Loss: 0.0352
2020-02-03 21:04:39,490 Allocated:33.15576171875 MB
2020-02-03 21:04:39,491 Cached:4489.125 MB
2020-02-03 21:05:57,121 ==> Epoch[5](350/534): Loss: 0.0598
2020-02-03 21:05:57,123 Allocated:33.15576171875 MB
2020-02-03 21:05:57,123 Cached:4489.125 MB
2020-02-03 21:06:08,172 ====> Building Cache
2020-02-03 21:06:08,173 feature cache--->>> /home/annora/NetVLAD/output/train_feat_cache2.hdf5
2020-02-03 21:07:42,680 Allocated:33.1552734375 MB
2020-02-03 21:07:42,680 Cached:3384.375 MB
2020-02-03 21:09:42,664 ==> Epoch[5](400/534): Loss: 0.1275
2020-02-03 21:09:42,666 Allocated:33.15576171875 MB
2020-02-03 21:09:42,667 Cached:9750.0 MB
2020-02-03 21:11:21,394 ==> Epoch[5](450/534): Loss: 0.0489
2020-02-03 21:11:21,396 Allocated:33.15576171875 MB
2020-02-03 21:11:21,396 Cached:9750.0 MB
2020-02-03 21:12:47,490 ==> Epoch[5](500/534): Loss: 0.0309
2020-02-03 21:12:47,493 Allocated:33.15576171875 MB
2020-02-03 21:12:47,493 Cached:9750.0 MB
2020-02-03 21:13:49,502 ===> Epoch 5 Complete: Avg. Loss: 0.0796
2020-02-03 21:13:49,504 ====> Extracting Features
2020-02-03 21:14:28,942 ==> Batch (50/108)
2020-02-03 21:14:52,995 ==> Batch (100/108)
2020-02-03 21:14:57,346 ====> Building faiss index
2020-02-03 21:14:57,695 ====> Calculating recall @ N
2020-02-03 21:15:00,078 ====> Recall@1: 0.3658
2020-02-03 21:15:00,078 ====> Recall@2: 0.4099
2020-02-03 21:15:00,079 ====> Recall@3: 0.4435
2020-02-03 21:15:00,079 ====> Recall@4: 0.4580
2020-02-03 21:15:00,080 ====> Recall@5: 0.4719
2020-02-03 21:15:00,080 ====> Recall@10: 0.5194
2020-02-03 21:15:00,080 ====> Recall@15: 0.5449
2020-02-03 21:15:00,080 ====> Recall@20: 0.5586
2020-02-03 21:15:00,081 ====> Recall@25: 0.5684
2020-02-03 21:15:00,209 ====> Building Cache
2020-02-03 21:15:00,210 feature cache--->>> /home/annora/NetVLAD/output/train_feat_cache2.hdf5
2020-02-03 21:16:30,747 Allocated:31.15576171875 MB
2020-02-03 21:16:30,747 Cached:4239.125 MB
2020-02-03 21:18:32,924 ==> Epoch[6](50/534): Loss: 0.0749
2020-02-03 21:18:32,928 Allocated:33.15576171875 MB
2020-02-03 21:18:32,928 Cached:7840.75 MB
2020-02-03 21:19:53,306 ==> Epoch[6](100/534): Loss: 0.0653
2020-02-03 21:19:53,309 Allocated:33.15576171875 MB
2020-02-03 21:19:53,309 Cached:7840.75 MB
2020-02-03 21:21:05,114 ==> Epoch[6](150/534): Loss: 0.0289
2020-02-03 21:21:05,117 Allocated:33.15576171875 MB
2020-02-03 21:21:05,117 Cached:7840.75 MB
2020-02-03 21:21:47,384 ====> Building Cache
2020-02-03 21:21:47,385 feature cache--->>> /home/annora/NetVLAD/output/train_feat_cache2.hdf5
2020-02-03 21:23:21,604 Allocated:33.1552734375 MB
2020-02-03 21:23:21,605 Cached:3384.375 MB
2020-02-03 21:24:34,290 ==> Epoch[6](200/534): Loss: 0.1085
2020-02-03 21:24:34,294 Allocated:33.15576171875 MB
2020-02-03 21:24:34,294 Cached:4600.25 MB
2020-02-03 21:25:50,918 ==> Epoch[6](250/534): Loss: 0.1179
2020-02-03 21:25:50,920 Allocated:33.15576171875 MB
2020-02-03 21:25:50,920 Cached:7065.625 MB
2020-02-03 21:27:21,832 ==> Epoch[6](300/534): Loss: 0.1405
2020-02-03 21:27:21,836 Allocated:33.15576171875 MB
2020-02-03 21:27:21,836 Cached:7065.625 MB
2020-02-03 21:28:40,161 ==> Epoch[6](350/534): Loss: 0.0269
2020-02-03 21:28:40,163 Allocated:33.15576171875 MB
2020-02-03 21:28:40,164 Cached:7065.625 MB
2020-02-03 21:28:49,117 ====> Building Cache
2020-02-03 21:28:49,118 feature cache--->>> /home/annora/NetVLAD/output/train_feat_cache2.hdf5
2020-02-03 21:30:17,030 Allocated:33.1552734375 MB
2020-02-03 21:30:17,030 Cached:3384.375 MB
2020-02-03 21:32:20,235 ==> Epoch[6](400/534): Loss: 0.0849
2020-02-03 21:32:20,238 Allocated:33.15576171875 MB
2020-02-03 21:32:20,238 Cached:8533.625 MB
2020-02-03 21:33:46,798 ==> Epoch[6](450/534): Loss: 0.0594
2020-02-03 21:33:46,801 Allocated:33.15576171875 MB
2020-02-03 21:33:46,801 Cached:8533.625 MB
2020-02-03 21:35:10,211 ==> Epoch[6](500/534): Loss: 0.0367
2020-02-03 21:35:10,213 Allocated:33.15576171875 MB
2020-02-03 21:35:10,214 Cached:8533.625 MB
2020-02-03 21:36:19,499 ===> Epoch 6 Complete: Avg. Loss: 0.0669
2020-02-03 21:36:19,501 ====> Extracting Features
2020-02-03 21:36:54,921 ==> Batch (50/108)
2020-02-03 21:37:17,774 ==> Batch (100/108)
2020-02-03 21:37:22,912 ====> Building faiss index
2020-02-03 21:37:23,285 ====> Calculating recall @ N
2020-02-03 21:37:25,741 ====> Recall@1: 0.3313
2020-02-03 21:37:25,742 ====> Recall@2: 0.4003
2020-02-03 21:37:25,742 ====> Recall@3: 0.4261
2020-02-03 21:37:25,743 ====> Recall@4: 0.4409
2020-02-03 21:37:25,744 ====> Recall@5: 0.4597
2020-02-03 21:37:25,744 ====> Recall@10: 0.5107
2020-02-03 21:37:25,744 ====> Recall@15: 0.5388
2020-02-03 21:37:25,744 ====> Recall@20: 0.5533
2020-02-03 21:37:25,744 ====> Recall@25: 0.5675
2020-02-03 21:37:25,881 ====> Building Cache
2020-02-03 21:37:25,881 feature cache--->>> /home/annora/NetVLAD/output/train_feat_cache2.hdf5
2020-02-03 21:38:55,605 Allocated:31.15576171875 MB
2020-02-03 21:38:55,605 Cached:4239.125 MB
2020-02-03 21:41:32,738 ==> Epoch[7](50/534): Loss: 0.0872
2020-02-03 21:41:32,741 Allocated:33.15576171875 MB
2020-02-03 21:41:32,741 Cached:9048.0 MB
2020-02-03 21:43:28,856 ==> Epoch[7](100/534): Loss: 0.0606
2020-02-03 21:43:28,873 Allocated:33.15576171875 MB
2020-02-03 21:43:28,874 Cached:5995.5 MB
2020-02-03 21:45:03,165 ==> Epoch[7](150/534): Loss: 0.0059
2020-02-03 21:45:03,170 Allocated:33.15576171875 MB
2020-02-03 21:45:03,170 Cached:5995.5 MB
2020-02-03 21:45:45,938 ====> Building Cache
2020-02-03 21:45:45,939 feature cache--->>> /home/annora/NetVLAD/output/train_feat_cache2.hdf5
2020-02-03 21:47:16,025 Allocated:33.1552734375 MB
2020-02-03 21:47:16,026 Cached:3384.375 MB
2020-02-03 21:48:35,462 ==> Epoch[7](200/534): Loss: 0.0961
2020-02-03 21:48:35,466 Allocated:33.15576171875 MB
2020-02-03 21:48:35,466 Cached:7097.5 MB
2020-02-03 21:49:57,033 ==> Epoch[7](250/534): Loss: 0.0178
2020-02-03 21:49:57,036 Allocated:33.15576171875 MB
2020-02-03 21:49:57,036 Cached:3570.25 MB
2020-02-03 21:51:24,783 ==> Epoch[7](300/534): Loss: 0.1074
2020-02-03 21:51:24,786 Allocated:33.15576171875 MB
2020-02-03 21:51:24,787 Cached:3572.25 MB
2020-02-03 21:52:48,185 ==> Epoch[7](350/534): Loss: 0.1462
2020-02-03 21:52:48,187 Allocated:33.15576171875 MB
2020-02-03 21:52:48,187 Cached:4880.625 MB
2020-02-03 21:52:55,679 ====> Building Cache
2020-02-03 21:52:55,680 feature cache--->>> /home/annora/NetVLAD/output/train_feat_cache2.hdf5
2020-02-03 21:54:25,610 Allocated:33.1552734375 MB
2020-02-03 21:54:25,611 Cached:3384.375 MB
2020-02-03 21:56:21,751 ==> Epoch[7](400/534): Loss: 0.0425
2020-02-03 21:56:21,755 Allocated:33.15576171875 MB
2020-02-03 21:56:21,755 Cached:4071.5 MB
2020-02-03 21:57:51,442 ==> Epoch[7](450/534): Loss: 0.0303
2020-02-03 21:57:51,445 Allocated:33.15576171875 MB
2020-02-03 21:57:51,445 Cached:4072.5 MB
2020-02-03 21:59:12,960 ==> Epoch[7](500/534): Loss: 0.0206
2020-02-03 21:59:12,963 Allocated:33.15576171875 MB
2020-02-03 21:59:12,963 Cached:5370.75 MB
2020-02-03 22:00:10,033 ===> Epoch 7 Complete: Avg. Loss: 0.0626
2020-02-03 22:00:10,035 ====> Extracting Features
2020-02-03 22:00:49,268 ==> Batch (50/108)
2020-02-03 22:01:13,280 ==> Batch (100/108)
2020-02-03 22:01:18,195 ====> Building faiss index
2020-02-03 22:01:18,566 ====> Calculating recall @ N
2020-02-03 22:01:21,422 ====> Recall@1: 0.3180
2020-02-03 22:01:21,423 ====> Recall@2: 0.3606
2020-02-03 22:01:21,423 ====> Recall@3: 0.3867
2020-02-03 22:01:21,424 ====> Recall@4: 0.4058
2020-02-03 22:01:21,424 ====> Recall@5: 0.4229
2020-02-03 22:01:21,424 ====> Recall@10: 0.4893
2020-02-03 22:01:21,424 ====> Recall@15: 0.5212
2020-02-03 22:01:21,424 ====> Recall@20: 0.5458
2020-02-03 22:01:21,424 ====> Recall@25: 0.5643
2020-02-03 22:01:21,563 ====> Building Cache
2020-02-03 22:01:21,564 feature cache--->>> /home/annora/NetVLAD/output/train_feat_cache2.hdf5
2020-02-03 22:02:53,284 Allocated:31.15576171875 MB
2020-02-03 22:02:53,285 Cached:4239.125 MB
2020-02-03 22:05:05,673 ==> Epoch[8](50/534): Loss: 0.0338
2020-02-03 22:05:05,677 Allocated:33.15576171875 MB
2020-02-03 22:05:05,677 Cached:7888.5 MB
2020-02-03 22:06:30,085 ==> Epoch[8](100/534): Loss: 0.0173
2020-02-03 22:06:30,088 Allocated:33.15576171875 MB
2020-02-03 22:06:30,088 Cached:9152.0 MB
2020-02-03 22:07:49,214 ==> Epoch[8](150/534): Loss: 0.0256
2020-02-03 22:07:49,217 Allocated:33.15576171875 MB
2020-02-03 22:07:49,217 Cached:5912.625 MB
2020-02-03 22:08:33,037 ====> Building Cache
2020-02-03 22:08:33,038 feature cache--->>> /home/annora/NetVLAD/output/train_feat_cache2.hdf5
2020-02-03 22:10:07,966 Allocated:33.1552734375 MB
2020-02-03 22:10:07,967 Cached:3384.375 MB
2020-02-03 22:11:19,353 ==> Epoch[8](200/534): Loss: 0.1196
2020-02-03 22:11:19,356 Allocated:33.15576171875 MB
2020-02-03 22:11:19,356 Cached:8078.5 MB
2020-02-03 22:12:38,036 ==> Epoch[8](250/534): Loss: 0.0697
2020-02-03 22:12:38,040 Allocated:33.15576171875 MB
2020-02-03 22:12:38,040 Cached:8078.5 MB
2020-02-03 22:14:02,836 ==> Epoch[8](300/534): Loss: 0.1803
2020-02-03 22:14:02,839 Allocated:33.15576171875 MB
2020-02-03 22:14:02,839 Cached:8078.5 MB
2020-02-03 22:15:24,196 ==> Epoch[8](350/534): Loss: 0.1749
2020-02-03 22:15:24,198 Allocated:33.15576171875 MB
2020-02-03 22:15:24,198 Cached:8078.5 MB
2020-02-03 22:15:27,022 ====> Building Cache
2020-02-03 22:15:27,023 feature cache--->>> /home/annora/NetVLAD/output/train_feat_cache2.hdf5
2020-02-03 22:17:06,925 Allocated:33.1552734375 MB
2020-02-03 22:17:06,925 Cached:3384.375 MB
2020-02-03 22:19:40,001 ==> Epoch[8](400/534): Loss: 0.1270
2020-02-03 22:19:40,005 Allocated:33.15576171875 MB
2020-02-03 22:19:40,005 Cached:8536.875 MB
2020-02-03 22:21:45,823 ==> Epoch[8](450/534): Loss: 0.0212
2020-02-03 22:21:45,828 Allocated:33.15576171875 MB
2020-02-03 22:21:45,828 Cached:8536.875 MB
2020-02-03 22:23:20,936 ==> Epoch[8](500/534): Loss: 0.0241
2020-02-03 22:23:20,938 Allocated:33.15576171875 MB
2020-02-03 22:23:20,938 Cached:8536.875 MB
2020-02-03 22:24:23,168 ===> Epoch 8 Complete: Avg. Loss: 0.0814
2020-02-03 22:24:23,171 ====> Extracting Features
2020-02-03 22:25:01,974 ==> Batch (50/108)
2020-02-03 22:25:25,506 ==> Batch (100/108)
2020-02-03 22:25:31,170 ====> Building faiss index
2020-02-03 22:25:31,678 ====> Calculating recall @ N
2020-02-03 22:25:34,589 ====> Recall@1: 0.3658
2020-02-03 22:25:34,590 ====> Recall@2: 0.4180
2020-02-03 22:25:34,591 ====> Recall@3: 0.4499
2020-02-03 22:25:34,591 ====> Recall@4: 0.4693
2020-02-03 22:25:34,591 ====> Recall@5: 0.4843
2020-02-03 22:25:34,592 ====> Recall@10: 0.5354
2020-02-03 22:25:34,592 ====> Recall@15: 0.5600
2020-02-03 22:25:34,592 ====> Recall@20: 0.5791
2020-02-03 22:25:34,592 ====> Recall@25: 0.5936
2020-02-03 22:25:34,726 ====> Building Cache
2020-02-03 22:25:34,726 feature cache--->>> /home/annora/NetVLAD/output/train_feat_cache2.hdf5
2020-02-03 22:27:12,614 Allocated:31.15576171875 MB
2020-02-03 22:27:12,615 Cached:4239.125 MB
2020-02-03 22:29:33,471 ==> Epoch[9](50/534): Loss: 0.0490
2020-02-03 22:29:33,474 Allocated:33.15576171875 MB
2020-02-03 22:29:33,475 Cached:4714.125 MB
2020-02-03 22:31:07,068 ==> Epoch[9](100/534): Loss: 0.0174
2020-02-03 22:31:07,071 Allocated:33.15576171875 MB
2020-02-03 22:31:07,071 Cached:4714.125 MB
2020-02-03 22:32:36,736 ==> Epoch[9](150/534): Loss: 0.0585
2020-02-03 22:32:36,739 Allocated:33.15576171875 MB
2020-02-03 22:32:36,739 Cached:4714.125 MB
2020-02-03 22:33:17,417 ====> Building Cache
2020-02-03 22:33:17,418 feature cache--->>> /home/annora/NetVLAD/output/train_feat_cache2.hdf5
2020-02-03 22:34:47,679 Allocated:33.1552734375 MB
2020-02-03 22:34:47,681 Cached:3384.375 MB
2020-02-03 22:36:12,718 ==> Epoch[9](200/534): Loss: 0.2092
2020-02-03 22:36:12,723 Allocated:33.15576171875 MB
2020-02-03 22:36:12,723 Cached:4880.625 MB
2020-02-03 22:37:41,268 ==> Epoch[9](250/534): Loss: 0.0477
2020-02-03 22:37:41,271 Allocated:33.15576171875 MB
2020-02-03 22:37:41,271 Cached:4880.625 MB
2020-02-03 22:39:23,699 ==> Epoch[9](300/534): Loss: 0.0258
2020-02-03 22:39:23,702 Allocated:33.15576171875 MB
2020-02-03 22:39:23,703 Cached:4880.625 MB
2020-02-03 22:40:54,300 ==> Epoch[9](350/534): Loss: 0.0549
2020-02-03 22:40:54,302 Allocated:33.15576171875 MB
2020-02-03 22:40:54,302 Cached:4880.625 MB
2020-02-03 22:41:08,698 ====> Building Cache
2020-02-03 22:41:08,699 feature cache--->>> /home/annora/NetVLAD/output/train_feat_cache2.hdf5
2020-02-03 22:42:40,539 Allocated:33.1552734375 MB
2020-02-03 22:42:40,539 Cached:3384.375 MB
2020-02-03 22:44:42,098 ==> Epoch[9](400/534): Loss: 0.0511
2020-02-03 22:44:42,102 Allocated:33.15576171875 MB
2020-02-03 22:44:42,103 Cached:7103.875 MB
2020-02-03 22:46:21,133 ==> Epoch[9](450/534): Loss: 0.1189
2020-02-03 22:46:21,136 Allocated:33.15576171875 MB
2020-02-03 22:46:21,136 Cached:7103.875 MB
2020-02-03 22:47:50,596 ==> Epoch[9](500/534): Loss: 0.0272
2020-02-03 22:47:50,598 Allocated:33.15576171875 MB
2020-02-03 22:47:50,598 Cached:7103.875 MB
2020-02-03 22:48:55,746 ===> Epoch 9 Complete: Avg. Loss: 0.0613
2020-02-03 22:48:55,748 ====> Extracting Features
2020-02-03 22:49:40,981 ==> Batch (50/108)
2020-02-03 22:50:06,868 ==> Batch (100/108)
2020-02-03 22:50:11,819 ====> Building faiss index
2020-02-03 22:50:12,187 ====> Calculating recall @ N
2020-02-03 22:50:15,186 ====> Recall@1: 0.2678
2020-02-03 22:50:15,187 ====> Recall@2: 0.3052
2020-02-03 22:50:15,187 ====> Recall@3: 0.3287
2020-02-03 22:50:15,187 ====> Recall@4: 0.3510
2020-02-03 22:50:15,188 ====> Recall@5: 0.3670
2020-02-03 22:50:15,188 ====> Recall@10: 0.4255
2020-02-03 22:50:15,188 ====> Recall@15: 0.4554
2020-02-03 22:50:15,188 ====> Recall@20: 0.4771
2020-02-03 22:50:15,189 ====> Recall@25: 0.4916
2020-02-03 22:50:15,338 ====> Building Cache
2020-02-03 22:50:15,339 feature cache--->>> /home/annora/NetVLAD/output/train_feat_cache2.hdf5
2020-02-03 22:51:44,588 Allocated:31.15576171875 MB
2020-02-03 22:51:44,588 Cached:4239.125 MB
2020-02-03 22:54:06,506 ==> Epoch[10](50/534): Loss: 0.0177
2020-02-03 22:54:06,510 Allocated:33.15576171875 MB
2020-02-03 22:54:06,511 Cached:7220.0 MB
2020-02-03 22:55:42,966 ==> Epoch[10](100/534): Loss: 0.0287
2020-02-03 22:55:42,968 Allocated:33.15576171875 MB
2020-02-03 22:55:42,969 Cached:7220.0 MB
2020-02-03 22:57:12,691 ==> Epoch[10](150/534): Loss: 0.0209
2020-02-03 22:57:12,694 Allocated:33.15576171875 MB
2020-02-03 22:57:12,694 Cached:7220.0 MB
2020-02-03 22:58:04,946 ====> Building Cache
2020-02-03 22:58:04,946 feature cache--->>> /home/annora/NetVLAD/output/train_feat_cache2.hdf5
2020-02-03 22:59:45,064 Allocated:33.1552734375 MB
2020-02-03 22:59:45,065 Cached:3384.375 MB
2020-02-03 23:00:58,161 ==> Epoch[10](200/534): Loss: 0.1830
2020-02-03 23:00:58,163 Allocated:33.15576171875 MB
2020-02-03 23:00:58,163 Cached:7167.625 MB
2020-02-03 23:02:20,194 ==> Epoch[10](250/534): Loss: 0.0765
2020-02-03 23:02:20,196 Allocated:33.15576171875 MB
2020-02-03 23:02:20,196 Cached:7167.625 MB
2020-02-03 23:04:02,857 ==> Epoch[10](300/534): Loss: 0.0677
2020-02-03 23:04:02,860 Allocated:33.15576171875 MB
2020-02-03 23:04:02,860 Cached:7167.625 MB
2020-02-03 23:05:17,666 ==> Epoch[10](350/534): Loss: 0.0902
2020-02-03 23:05:17,668 Allocated:33.15576171875 MB
2020-02-03 23:05:17,668 Cached:7167.625 MB
2020-02-03 23:05:30,117 ====> Building Cache
2020-02-03 23:05:30,118 feature cache--->>> /home/annora/NetVLAD/output/train_feat_cache2.hdf5
2020-02-03 23:07:02,019 Allocated:33.1552734375 MB
2020-02-03 23:07:02,019 Cached:3384.375 MB
2020-02-03 23:09:09,174 ==> Epoch[10](400/534): Loss: 0.0331
2020-02-03 23:09:09,176 Allocated:33.15576171875 MB
2020-02-03 23:09:09,176 Cached:3573.25 MB
2020-02-03 23:10:38,328 ==> Epoch[10](450/534): Loss: 0.0619
2020-02-03 23:10:38,331 Allocated:33.15576171875 MB
2020-02-03 23:10:38,331 Cached:3573.25 MB
2020-02-03 23:12:13,906 ==> Epoch[10](500/534): Loss: 0.0171
2020-02-03 23:12:13,909 Allocated:33.15576171875 MB
2020-02-03 23:12:13,909 Cached:3573.25 MB
2020-02-03 23:13:24,309 ===> Epoch 10 Complete: Avg. Loss: 0.0592
2020-02-03 23:13:24,310 ====> Extracting Features
2020-02-03 23:14:01,148 ==> Batch (50/108)
2020-02-03 23:14:24,023 ==> Batch (100/108)
2020-02-03 23:14:28,705 ====> Building faiss index
2020-02-03 23:14:29,049 ====> Calculating recall @ N
2020-02-03 23:14:31,415 ====> Recall@1: 0.3133
2020-02-03 23:14:31,415 ====> Recall@2: 0.3690
2020-02-03 23:14:31,415 ====> Recall@3: 0.4049
2020-02-03 23:14:31,416 ====> Recall@4: 0.4359
2020-02-03 23:14:31,416 ====> Recall@5: 0.4510
2020-02-03 23:14:31,416 ====> Recall@10: 0.5052
2020-02-03 23:14:31,416 ====> Recall@15: 0.5290
2020-02-03 23:14:31,416 ====> Recall@20: 0.5493
2020-02-03 23:14:31,417 ====> Recall@25: 0.5687
2020-02-03 23:14:31,532 ====> Building Cache
2020-02-03 23:14:31,533 feature cache--->>> /home/annora/NetVLAD/output/train_feat_cache2.hdf5
2020-02-03 23:16:04,177 Allocated:31.15576171875 MB
2020-02-03 23:16:04,178 Cached:4239.125 MB
2020-02-03 23:18:14,223 ==> Epoch[11](50/534): Loss: 0.0553
2020-02-03 23:18:14,226 Allocated:33.15576171875 MB
2020-02-03 23:18:14,227 Cached:6585.875 MB
2020-02-03 23:19:32,684 ==> Epoch[11](100/534): Loss: 0.0039
2020-02-03 23:19:32,686 Allocated:33.15576171875 MB
2020-02-03 23:19:32,686 Cached:7781.375 MB
2020-02-03 23:20:55,432 ==> Epoch[11](150/534): Loss: 0.0798
2020-02-03 23:20:55,436 Allocated:33.15576171875 MB
2020-02-03 23:20:55,436 Cached:7781.375 MB
2020-02-03 23:21:44,033 ====> Building Cache
2020-02-03 23:21:44,033 feature cache--->>> /home/annora/NetVLAD/output/train_feat_cache2.hdf5
2020-02-03 23:23:13,205 Allocated:33.1552734375 MB
2020-02-03 23:23:13,205 Cached:3384.375 MB
2020-02-03 23:24:24,441 ==> Epoch[11](200/534): Loss: 0.0353
2020-02-03 23:24:24,443 Allocated:33.15576171875 MB
2020-02-03 23:24:24,444 Cached:5803.125 MB
2020-02-03 23:26:00,120 ==> Epoch[11](250/534): Loss: 0.1769
2020-02-03 23:26:00,123 Allocated:33.15576171875 MB
2020-02-03 23:26:00,124 Cached:5803.125 MB
2020-02-03 23:27:25,173 ==> Epoch[11](300/534): Loss: 0.0356
2020-02-03 23:27:25,176 Allocated:33.15576171875 MB
2020-02-03 23:27:25,176 Cached:5803.125 MB
2020-02-03 23:28:43,782 ==> Epoch[11](350/534): Loss: 0.0338
2020-02-03 23:28:43,784 Allocated:33.15576171875 MB
2020-02-03 23:28:43,784 Cached:5803.125 MB
2020-02-03 23:28:54,133 ====> Building Cache
2020-02-03 23:28:54,134 feature cache--->>> /home/annora/NetVLAD/output/train_feat_cache2.hdf5
2020-02-03 23:30:38,680 Allocated:33.1552734375 MB
2020-02-03 23:30:38,681 Cached:3384.375 MB
2020-02-03 23:32:40,564 ==> Epoch[11](400/534): Loss: 0.0813
2020-02-03 23:32:40,566 Allocated:33.15576171875 MB
2020-02-03 23:32:40,567 Cached:8533.625 MB
2020-02-03 23:34:18,703 ==> Epoch[11](450/534): Loss: 0.0154
2020-02-03 23:34:18,705 Allocated:33.15576171875 MB
2020-02-03 23:34:18,705 Cached:8533.625 MB
2020-02-03 23:35:53,584 ==> Epoch[11](500/534): Loss: 0.0373
2020-02-03 23:35:53,586 Allocated:33.15576171875 MB
2020-02-03 23:35:53,586 Cached:8533.625 MB
2020-02-03 23:37:03,370 ===> Epoch 11 Complete: Avg. Loss: 0.0658
2020-02-03 23:37:03,372 ====> Extracting Features
2020-02-03 23:37:39,138 ==> Batch (50/108)
2020-02-03 23:38:02,659 ==> Batch (100/108)
2020-02-03 23:38:07,150 ====> Building faiss index
2020-02-03 23:38:07,529 ====> Calculating recall @ N
2020-02-03 23:38:10,361 ====> Recall@1: 0.2675
2020-02-03 23:38:10,362 ====> Recall@2: 0.3461
2020-02-03 23:38:10,362 ====> Recall@3: 0.3696
2020-02-03 23:38:10,362 ====> Recall@4: 0.3930
2020-02-03 23:38:10,363 ====> Recall@5: 0.4084
2020-02-03 23:38:10,363 ====> Recall@10: 0.4667
2020-02-03 23:38:10,363 ====> Recall@15: 0.4986
2020-02-03 23:38:10,363 ====> Recall@20: 0.5226
2020-02-03 23:38:10,363 ====> Recall@25: 0.5354
2020-02-03 23:38:10,502 ====> Building Cache
2020-02-03 23:38:10,502 feature cache--->>> /home/annora/NetVLAD/output/train_feat_cache2.hdf5
2020-02-03 23:39:51,193 Allocated:31.15576171875 MB
2020-02-03 23:39:51,193 Cached:4239.125 MB
2020-02-03 23:41:51,991 ==> Epoch[12](50/534): Loss: 0.0539
2020-02-03 23:41:51,994 Allocated:33.15576171875 MB
2020-02-03 23:41:51,995 Cached:7736.75 MB
2020-02-03 23:43:20,818 ==> Epoch[12](100/534): Loss: 0.0554
2020-02-03 23:43:20,821 Allocated:33.15576171875 MB
2020-02-03 23:43:20,821 Cached:8932.25 MB
2020-02-03 23:44:42,258 ==> Epoch[12](150/534): Loss: 0.0064
2020-02-03 23:44:42,260 Allocated:33.15576171875 MB
2020-02-03 23:44:42,261 Cached:4217.25 MB
2020-02-03 23:45:30,683 ====> Building Cache
2020-02-03 23:45:30,687 feature cache--->>> /home/annora/NetVLAD/output/train_feat_cache2.hdf5
2020-02-03 23:47:00,362 Allocated:33.1552734375 MB
2020-02-03 23:47:00,363 Cached:3384.375 MB
2020-02-03 23:48:28,238 ==> Epoch[12](200/534): Loss: 0.1290
2020-02-03 23:48:28,241 Allocated:33.15576171875 MB
2020-02-03 23:48:28,242 Cached:6927.625 MB
2020-02-03 23:49:50,160 ==> Epoch[12](250/534): Loss: 0.0768
2020-02-03 23:49:50,163 Allocated:33.15576171875 MB
2020-02-03 23:49:50,163 Cached:8192.125 MB
2020-02-03 23:51:16,847 ==> Epoch[12](300/534): Loss: 0.1017
2020-02-03 23:51:16,849 Allocated:33.15576171875 MB
2020-02-03 23:51:16,850 Cached:8192.125 MB
2020-02-03 23:52:38,848 ==> Epoch[12](350/534): Loss: 0.0684
2020-02-03 23:52:38,850 Allocated:33.15576171875 MB
2020-02-03 23:52:38,851 Cached:8192.125 MB
2020-02-03 23:52:49,828 ====> Building Cache
2020-02-03 23:52:49,829 feature cache--->>> /home/annora/NetVLAD/output/train_feat_cache2.hdf5
2020-02-03 23:54:23,070 Allocated:33.1552734375 MB
2020-02-03 23:54:23,071 Cached:3384.375 MB
2020-02-03 23:56:26,817 ==> Epoch[12](400/534): Loss: 0.0165
2020-02-03 23:56:26,820 Allocated:33.15576171875 MB
2020-02-03 23:56:26,821 Cached:5877.25 MB
2020-02-03 23:58:02,298 ==> Epoch[12](450/534): Loss: 0.0241
2020-02-03 23:58:02,300 Allocated:33.15576171875 MB
2020-02-03 23:58:02,300 Cached:7166.5 MB
2020-02-03 23:59:25,812 ==> Epoch[12](500/534): Loss: 0.0177
2020-02-03 23:59:25,815 Allocated:33.15576171875 MB
2020-02-03 23:59:25,815 Cached:8473.875 MB
2020-02-04 00:00:31,129 ===> Epoch 12 Complete: Avg. Loss: 0.0665
2020-02-04 00:00:31,132 ====> Extracting Features
2020-02-04 00:01:13,314 ==> Batch (50/108)
2020-02-04 00:01:40,726 ==> Batch (100/108)
2020-02-04 00:01:45,671 ====> Building faiss index
2020-02-04 00:01:46,048 ====> Calculating recall @ N
2020-02-04 00:01:50,634 ====> Recall@1: 0.2835
2020-02-04 00:01:50,635 ====> Recall@2: 0.3475
2020-02-04 00:01:50,636 ====> Recall@3: 0.3794
2020-02-04 00:01:50,636 ====> Recall@4: 0.4000
2020-02-04 00:01:50,636 ====> Recall@5: 0.4133
2020-02-04 00:01:50,636 ====> Recall@10: 0.4635
2020-02-04 00:01:50,637 ====> Recall@15: 0.4997
2020-02-04 00:01:50,637 ====> Recall@20: 0.5252
2020-02-04 00:01:50,637 ====> Recall@25: 0.5377
2020-02-04 00:01:50,794 ====> Building Cache
2020-02-04 00:01:50,794 feature cache--->>> /home/annora/NetVLAD/output/train_feat_cache2.hdf5
2020-02-04 00:03:23,834 Allocated:31.15576171875 MB
2020-02-04 00:03:23,834 Cached:4239.125 MB
2020-02-04 00:05:29,221 ==> Epoch[13](50/534): Loss: 0.0315
2020-02-04 00:05:29,254 Allocated:33.15576171875 MB
2020-02-04 00:05:29,255 Cached:7765.5 MB
2020-02-04 00:07:01,615 ==> Epoch[13](100/534): Loss: 0.0377
2020-02-04 00:07:01,617 Allocated:33.15576171875 MB
2020-02-04 00:07:01,617 Cached:9001.25 MB
2020-02-04 00:08:16,125 ==> Epoch[13](150/534): Loss: 0.0205
2020-02-04 00:08:16,128 Allocated:33.15576171875 MB
2020-02-04 00:08:16,128 Cached:3126.125 MB
2020-02-04 00:08:59,046 ====> Building Cache
2020-02-04 00:08:59,046 feature cache--->>> /home/annora/NetVLAD/output/train_feat_cache2.hdf5
2020-02-04 00:10:34,797 Allocated:33.1552734375 MB
2020-02-04 00:10:34,798 Cached:3384.375 MB
2020-02-04 00:11:58,275 ==> Epoch[13](200/534): Loss: 0.0266
2020-02-04 00:11:58,277 Allocated:33.15576171875 MB
2020-02-04 00:11:58,277 Cached:9764.25 MB
2020-02-04 00:13:28,854 ==> Epoch[13](250/534): Loss: 0.1021
2020-02-04 00:13:28,857 Allocated:33.15576171875 MB
2020-02-04 00:13:28,857 Cached:9764.25 MB
2020-02-04 00:15:18,544 ==> Epoch[13](300/534): Loss: 0.0548
2020-02-04 00:15:18,547 Allocated:33.15576171875 MB
2020-02-04 00:15:18,547 Cached:9764.25 MB
2020-02-04 00:16:43,460 ==> Epoch[13](350/534): Loss: 0.0252
2020-02-04 00:16:43,462 Allocated:33.15576171875 MB
2020-02-04 00:16:43,462 Cached:9764.25 MB
2020-02-04 00:16:55,379 ====> Building Cache
2020-02-04 00:16:55,380 feature cache--->>> /home/annora/NetVLAD/output/train_feat_cache2.hdf5
2020-02-04 00:18:24,565 Allocated:33.1552734375 MB
2020-02-04 00:18:24,566 Cached:3384.375 MB
2020-02-04 00:20:32,511 ==> Epoch[13](400/534): Loss: 0.1372
2020-02-04 00:20:32,516 Allocated:33.15576171875 MB
2020-02-04 00:20:32,516 Cached:8126.375 MB
2020-02-04 00:21:53,884 ==> Epoch[13](450/534): Loss: 0.0193
2020-02-04 00:21:53,886 Allocated:33.15576171875 MB
2020-02-04 00:21:53,886 Cached:9364.375 MB
2020-02-04 00:23:13,950 ==> Epoch[13](500/534): Loss: 0.0068
2020-02-04 00:23:13,952 Allocated:33.15576171875 MB
2020-02-04 00:23:13,953 Cached:9364.375 MB
2020-02-04 00:24:15,451 ===> Epoch 13 Complete: Avg. Loss: 0.0444
2020-02-04 00:24:15,453 ====> Extracting Features
2020-02-04 00:24:56,376 ==> Batch (50/108)
2020-02-04 00:25:18,847 ==> Batch (100/108)
2020-02-04 00:25:23,266 ====> Building faiss index
2020-02-04 00:25:23,610 ====> Calculating recall @ N
2020-02-04 00:25:25,928 ====> Recall@1: 0.3696
2020-02-04 00:25:25,928 ====> Recall@2: 0.4093
2020-02-04 00:25:25,929 ====> Recall@3: 0.4400
2020-02-04 00:25:25,929 ====> Recall@4: 0.4609
2020-02-04 00:25:25,929 ====> Recall@5: 0.4791
2020-02-04 00:25:25,929 ====> Recall@10: 0.5351
2020-02-04 00:25:25,930 ====> Recall@15: 0.5672
2020-02-04 00:25:25,930 ====> Recall@20: 0.5835
2020-02-04 00:25:25,930 ====> Recall@25: 0.5962
2020-02-04 00:25:26,057 Performance did not improve for 10 epochs. Stopping.
2020-02-04 00:25:26,058 => Best Recall@5: 0.5739
