2020-02-10 17:59:59,970 Namespace(arch='alexnet', batchSize=12, cacheBatchSize=96, cachePath='/home/annora/NetVLAD/output/', cacheRefreshRate=3000, ckpt='best', contilearn=True, dataPath='/home/annora/NetVLAD/output/data/', dataset='robotcar', evalEvery=1, fromscratch=False, fromtask='/home/annora/NetVLAD/output/runs/2020-01-11-20-05-02_alexnet_max', lr=0.001, lrGamma=0.5, lrStep=5, margin=0.1, mode='train', momentum=0.9, nEpochs=30, nGPU=1, nocuda=False, num_clusters=64, optim='SGD', patience=10, pooling='max', premodel='imagenet', resume='', runsPath='/home/annora/NetVLAD/output/runs/', savePath='checkpoints', seed=123, split='val', start_epoch=0, threads=8, vladv2=False, weightDecay=0.001)
2020-02-10 18:00:00,033 ===> Loading dataset(s)
2020-02-10 18:00:00,033 trainfile ------>>>>>> oxRobocar_single_train.mat
2020-02-10 18:00:02,810 ====> Training set: oxRobocar_single_train.mat, query set count: 6636
2020-02-10 18:00:02,912 ===> Evaluating on val set: oxRobocar_single_val.mat, query count: 3450
2020-02-10 18:00:02,912 ===> Building model
2020-02-10 18:00:02,962 encoder moder:
AlexNet(
  (conv1): Sequential(
    (0): Conv2d(3, 64, kernel_size=(11, 11), stride=(4, 4), padding=(2, 2))
    (1): ReLU(inplace)
    (2): MaxPool2d(kernel_size=3, stride=2, padding=0, dilation=1, ceil_mode=False)
  )
  (conv2): Sequential(
    (0): Conv2d(64, 192, kernel_size=(5, 5), stride=(1, 1), padding=(2, 2))
    (1): ReLU(inplace)
    (2): MaxPool2d(kernel_size=3, stride=2, padding=0, dilation=1, ceil_mode=False)
  )
  (conv3): Sequential(
    (0): Conv2d(192, 384, kernel_size=(3, 3), stride=(1, 1), padding=(1, 1))
    (1): ReLU(inplace)
  )
  (conv4): Sequential(
    (0): Conv2d(384, 256, kernel_size=(3, 3), stride=(1, 1), padding=(1, 1))
    (1): ReLU(inplace)
  )
  (conv5): Sequential(
    (0): Conv2d(256, 256, kernel_size=(3, 3), stride=(1, 1), padding=(1, 1))
  )
)
2020-02-10 18:00:07,548 => loading checkpoint '/home/annora/NetVLAD/output/runs/2020-01-11-20-05-02_alexnet_max/checkpoints/model_best.pth.tar'
2020-02-10 18:00:07,830 => loaded checkpoint '/home/annora/NetVLAD/output/runs/2020-01-11-20-05-02_alexnet_max/checkpoints/model_best.pth.tar' 
2020-02-10 18:00:07,831 ===> Training model
2020-02-10 18:00:07,833 ===> Saving state to: /home/annora/NetVLAD/output/runs/2020-02-10-18-00-07_alexnet_max
2020-02-10 18:00:07,834 ====> Building Cache
2020-02-10 18:00:07,834 feature cache--->>> /home/annora/NetVLAD/output/train_feat_cache2.hdf5
2020-02-10 18:01:26,021 Allocated:99.34619140625 MB
2020-02-10 18:01:26,022 Cached:2864.375 MB
2020-02-10 18:03:55,298 ==> Epoch[1](50/553): Loss: 0.0978
2020-02-10 18:03:55,300 Allocated:121.15869140625 MB
2020-02-10 18:03:55,301 Cached:9202.5 MB
2020-02-10 18:05:43,778 ==> Epoch[1](100/553): Loss: 0.0510
2020-02-10 18:05:43,780 Allocated:121.65869140625 MB
2020-02-10 18:05:43,780 Cached:9202.5 MB
2020-02-10 18:07:33,771 ==> Epoch[1](150/553): Loss: 0.0309
2020-02-10 18:07:33,772 Allocated:121.03369140625 MB
2020-02-10 18:07:33,773 Cached:9202.5 MB
2020-02-10 18:08:51,601 ====> Building Cache
2020-02-10 18:08:51,602 feature cache--->>> /home/annora/NetVLAD/output/train_feat_cache2.hdf5
2020-02-10 18:10:19,714 Allocated:121.658203125 MB
2020-02-10 18:10:19,714 Cached:3352.375 MB
2020-02-10 18:11:23,703 ==> Epoch[1](200/553): Loss: 0.0835
2020-02-10 18:11:23,705 Allocated:122.65869140625 MB
2020-02-10 18:11:23,705 Cached:8180.125 MB
2020-02-10 18:13:19,513 ==> Epoch[1](250/553): Loss: 0.1045
2020-02-10 18:13:19,515 Allocated:120.65869140625 MB
2020-02-10 18:13:19,516 Cached:8520.875 MB
2020-02-10 18:15:08,580 ==> Epoch[1](300/553): Loss: 0.1482
2020-02-10 18:15:08,581 Allocated:121.65869140625 MB
2020-02-10 18:15:08,581 Cached:8520.875 MB
2020-02-10 18:17:00,025 ==> Epoch[1](350/553): Loss: 0.1707
2020-02-10 18:17:00,027 Allocated:120.65869140625 MB
2020-02-10 18:17:00,028 Cached:8520.875 MB
2020-02-10 18:17:42,875 ====> Building Cache
2020-02-10 18:17:42,876 feature cache--->>> /home/annora/NetVLAD/output/train_feat_cache2.hdf5
2020-02-10 18:19:03,534 Allocated:120.658203125 MB
2020-02-10 18:19:03,535 Cached:3299.25 MB
2020-02-10 18:20:44,781 ==> Epoch[1](400/553): Loss: 0.1646
2020-02-10 18:20:44,783 Allocated:120.78369140625 MB
2020-02-10 18:20:44,783 Cached:6880.375 MB
2020-02-10 18:22:31,177 ==> Epoch[1](450/553): Loss: 0.1407
2020-02-10 18:22:31,179 Allocated:121.15869140625 MB
2020-02-10 18:22:31,179 Cached:8111.0 MB
2020-02-10 18:24:26,049 ==> Epoch[1](500/553): Loss: 0.0892
2020-02-10 18:24:26,051 Allocated:121.65869140625 MB
2020-02-10 18:24:26,051 Cached:9363.875 MB
2020-02-10 18:26:13,316 ==> Epoch[1](550/553): Loss: 0.1286
2020-02-10 18:26:13,318 Allocated:120.65869140625 MB
2020-02-10 18:26:13,318 Cached:9363.875 MB
2020-02-10 18:26:24,076 ===> Epoch 1 Complete: Avg. Loss: 0.1290
2020-02-10 18:26:24,077 ====> Extracting Features
2020-02-10 18:26:59,709 ==> Batch (50/108)
2020-02-10 18:27:21,336 ==> Batch (100/108)
2020-02-10 18:27:24,764 ====> Building faiss index
2020-02-10 18:27:24,766 ====> Calculating recall @ N
2020-02-10 18:27:25,360 ====> Recall@1: 0.6739
2020-02-10 18:27:25,361 ====> Recall@2: 0.6971
2020-02-10 18:27:25,361 ====> Recall@3: 0.7119
2020-02-10 18:27:25,361 ====> Recall@4: 0.7157
2020-02-10 18:27:25,362 ====> Recall@5: 0.7197
2020-02-10 18:27:25,362 ====> Recall@10: 0.7365
2020-02-10 18:27:25,362 ====> Recall@15: 0.7472
2020-02-10 18:27:25,362 ====> Recall@20: 0.7530
2020-02-10 18:27:25,362 ====> Recall@25: 0.7617
2020-02-10 18:27:25,602 ====> Building Cache
2020-02-10 18:27:25,602 feature cache--->>> /home/annora/NetVLAD/output/train_feat_cache2.hdf5
2020-02-10 18:28:44,855 Allocated:119.03369140625 MB
2020-02-10 18:28:44,856 Cached:4252.875 MB
2020-02-10 18:31:11,389 ==> Epoch[2](50/553): Loss: 0.0889
2020-02-10 18:31:11,390 Allocated:120.65869140625 MB
2020-02-10 18:31:11,391 Cached:9160.25 MB
2020-02-10 18:32:52,977 ==> Epoch[2](100/553): Loss: 0.1327
2020-02-10 18:32:52,978 Allocated:121.03369140625 MB
2020-02-10 18:32:52,978 Cached:9160.25 MB
2020-02-10 18:34:47,133 ==> Epoch[2](150/553): Loss: 0.0444
2020-02-10 18:34:47,134 Allocated:121.65869140625 MB
2020-02-10 18:34:47,135 Cached:9160.25 MB
2020-02-10 18:36:01,341 ====> Building Cache
2020-02-10 18:36:01,342 feature cache--->>> /home/annora/NetVLAD/output/train_feat_cache2.hdf5
2020-02-10 18:37:27,839 Allocated:122.033203125 MB
2020-02-10 18:37:27,840 Cached:3299.25 MB
2020-02-10 18:38:36,018 ==> Epoch[2](200/553): Loss: 0.0624
2020-02-10 18:38:36,020 Allocated:120.65869140625 MB
2020-02-10 18:38:36,020 Cached:3956.0 MB
2020-02-10 18:40:21,424 ==> Epoch[2](250/553): Loss: 0.1205
2020-02-10 18:40:21,425 Allocated:122.15869140625 MB
2020-02-10 18:40:21,425 Cached:3956.0 MB
2020-02-10 18:42:04,659 ==> Epoch[2](300/553): Loss: 0.0936
2020-02-10 18:42:04,661 Allocated:122.40869140625 MB
2020-02-10 18:42:04,661 Cached:3956.0 MB
2020-02-10 18:44:05,659 ==> Epoch[2](350/553): Loss: 0.0435
2020-02-10 18:44:05,660 Allocated:122.53369140625 MB
2020-02-10 18:44:05,660 Cached:3956.0 MB
2020-02-10 18:44:54,259 ====> Building Cache
2020-02-10 18:44:54,260 feature cache--->>> /home/annora/NetVLAD/output/train_feat_cache2.hdf5
2020-02-10 18:46:15,308 Allocated:121.658203125 MB
2020-02-10 18:46:15,308 Cached:3299.25 MB
2020-02-10 18:48:01,397 ==> Epoch[2](400/553): Loss: 0.1406
2020-02-10 18:48:01,399 Allocated:121.65869140625 MB
2020-02-10 18:48:01,400 Cached:9249.25 MB
2020-02-10 18:49:50,305 ==> Epoch[2](450/553): Loss: 0.1751
2020-02-10 18:49:50,306 Allocated:120.65869140625 MB
2020-02-10 18:49:50,307 Cached:9249.25 MB
2020-02-10 18:51:40,661 ==> Epoch[2](500/553): Loss: 0.1960
2020-02-10 18:51:40,662 Allocated:122.03369140625 MB
2020-02-10 18:51:40,662 Cached:9249.25 MB
2020-02-10 18:53:23,901 ==> Epoch[2](550/553): Loss: 0.2008
2020-02-10 18:53:23,904 Allocated:120.78369140625 MB
2020-02-10 18:53:23,904 Cached:2657.0 MB
2020-02-10 18:53:34,304 ===> Epoch 2 Complete: Avg. Loss: 0.1190
2020-02-10 18:53:34,305 ====> Extracting Features
2020-02-10 18:54:10,401 ==> Batch (50/108)
2020-02-10 18:54:33,103 ==> Batch (100/108)
2020-02-10 18:54:36,757 ====> Building faiss index
2020-02-10 18:54:36,759 ====> Calculating recall @ N
2020-02-10 18:54:37,257 ====> Recall@1: 0.6748
2020-02-10 18:54:37,258 ====> Recall@2: 0.6925
2020-02-10 18:54:37,258 ====> Recall@3: 0.6986
2020-02-10 18:54:37,259 ====> Recall@4: 0.7064
2020-02-10 18:54:37,259 ====> Recall@5: 0.7116
2020-02-10 18:54:37,259 ====> Recall@10: 0.7238
2020-02-10 18:54:37,259 ====> Recall@15: 0.7319
2020-02-10 18:54:37,259 ====> Recall@20: 0.7452
2020-02-10 18:54:37,260 ====> Recall@25: 0.7539
2020-02-10 18:54:37,633 ====> Building Cache
2020-02-10 18:54:37,634 feature cache--->>> /home/annora/NetVLAD/output/train_feat_cache2.hdf5
2020-02-10 18:55:57,829 Allocated:118.65869140625 MB
2020-02-10 18:55:57,829 Cached:4252.875 MB
2020-02-10 18:58:37,348 ==> Epoch[3](50/553): Loss: 0.0362
2020-02-10 18:58:37,349 Allocated:120.65869140625 MB
2020-02-10 18:58:37,350 Cached:2663.125 MB
2020-02-10 19:00:22,488 ==> Epoch[3](100/553): Loss: 0.0756
2020-02-10 19:00:22,490 Allocated:121.65869140625 MB
2020-02-10 19:00:22,491 Cached:5140.25 MB
2020-02-10 19:02:08,525 ==> Epoch[3](150/553): Loss: 0.0511
2020-02-10 19:02:08,527 Allocated:121.65869140625 MB
2020-02-10 19:02:08,527 Cached:6393.125 MB
2020-02-10 19:03:25,687 ====> Building Cache
2020-02-10 19:03:25,688 feature cache--->>> /home/annora/NetVLAD/output/train_feat_cache2.hdf5
2020-02-10 19:04:48,393 Allocated:120.658203125 MB
2020-02-10 19:04:48,394 Cached:3299.25 MB
2020-02-10 19:05:53,677 ==> Epoch[3](200/553): Loss: 0.1709
2020-02-10 19:05:53,678 Allocated:120.65869140625 MB
2020-02-10 19:05:53,678 Cached:4438.375 MB
2020-02-10 19:07:42,929 ==> Epoch[3](250/553): Loss: 0.0386
2020-02-10 19:07:42,931 Allocated:121.15869140625 MB
2020-02-10 19:07:42,931 Cached:6851.75 MB
2020-02-10 19:09:37,882 ==> Epoch[3](300/553): Loss: 0.0738
2020-02-10 19:09:37,883 Allocated:121.65869140625 MB
2020-02-10 19:09:37,884 Cached:6851.75 MB
2020-02-10 19:11:29,335 ==> Epoch[3](350/553): Loss: 0.1390
2020-02-10 19:11:29,337 Allocated:121.03369140625 MB
2020-02-10 19:11:29,337 Cached:6851.75 MB
2020-02-10 19:12:12,461 ====> Building Cache
2020-02-10 19:12:12,462 feature cache--->>> /home/annora/NetVLAD/output/train_feat_cache2.hdf5
2020-02-10 19:13:33,116 Allocated:121.658203125 MB
2020-02-10 19:13:33,116 Cached:3299.25 MB
2020-02-10 19:15:18,858 ==> Epoch[3](400/553): Loss: 0.1872
2020-02-10 19:15:18,860 Allocated:121.40869140625 MB
2020-02-10 19:15:18,860 Cached:9265.125 MB
2020-02-10 19:17:16,295 ==> Epoch[3](450/553): Loss: 0.1294
2020-02-10 19:17:16,296 Allocated:120.65869140625 MB
2020-02-10 19:17:16,296 Cached:2669.75 MB
2020-02-10 19:19:14,891 ==> Epoch[3](500/553): Loss: 0.2027
2020-02-10 19:19:14,892 Allocated:121.65869140625 MB
2020-02-10 19:19:14,892 Cached:6543.75 MB
2020-02-10 19:21:00,683 ==> Epoch[3](550/553): Loss: 0.1482
2020-02-10 19:21:00,684 Allocated:120.65869140625 MB
2020-02-10 19:21:00,684 Cached:6543.75 MB
2020-02-10 19:21:11,100 ===> Epoch 3 Complete: Avg. Loss: 0.1184
2020-02-10 19:21:11,102 ====> Extracting Features
2020-02-10 19:21:44,333 ==> Batch (50/108)
2020-02-10 19:22:07,894 ==> Batch (100/108)
2020-02-10 19:22:11,911 ====> Building faiss index
2020-02-10 19:22:11,913 ====> Calculating recall @ N
2020-02-10 19:22:12,375 ====> Recall@1: 0.6791
2020-02-10 19:22:12,376 ====> Recall@2: 0.6930
2020-02-10 19:22:12,376 ====> Recall@3: 0.7029
2020-02-10 19:22:12,376 ====> Recall@4: 0.7087
2020-02-10 19:22:12,377 ====> Recall@5: 0.7145
2020-02-10 19:22:12,377 ====> Recall@10: 0.7252
2020-02-10 19:22:12,377 ====> Recall@15: 0.7330
2020-02-10 19:22:12,377 ====> Recall@20: 0.7487
2020-02-10 19:22:12,377 ====> Recall@25: 0.7554
2020-02-10 19:22:12,795 ====> Building Cache
2020-02-10 19:22:12,795 feature cache--->>> /home/annora/NetVLAD/output/train_feat_cache2.hdf5
2020-02-10 19:23:38,579 Allocated:120.15869140625 MB
2020-02-10 19:23:38,579 Cached:4252.875 MB
2020-02-10 19:26:06,221 ==> Epoch[4](50/553): Loss: 0.0548
2020-02-10 19:26:06,223 Allocated:121.65869140625 MB
2020-02-10 19:26:06,223 Cached:10148.625 MB
2020-02-10 19:27:54,936 ==> Epoch[4](100/553): Loss: 0.0254
2020-02-10 19:27:54,937 Allocated:121.65869140625 MB
2020-02-10 19:27:54,937 Cached:10148.625 MB
2020-02-10 19:29:42,078 ==> Epoch[4](150/553): Loss: 0.0365
2020-02-10 19:29:42,079 Allocated:121.40869140625 MB
2020-02-10 19:29:42,080 Cached:10148.625 MB
2020-02-10 19:31:08,141 ====> Building Cache
2020-02-10 19:31:08,142 feature cache--->>> /home/annora/NetVLAD/output/train_feat_cache2.hdf5
2020-02-10 19:32:30,156 Allocated:122.033203125 MB
2020-02-10 19:32:30,156 Cached:3299.25 MB
2020-02-10 19:33:36,396 ==> Epoch[4](200/553): Loss: 0.1865
2020-02-10 19:33:36,398 Allocated:121.65869140625 MB
2020-02-10 19:33:36,398 Cached:4466.125 MB
2020-02-10 19:35:23,556 ==> Epoch[4](250/553): Loss: 0.0960
2020-02-10 19:35:23,558 Allocated:122.03369140625 MB
2020-02-10 19:35:23,558 Cached:5665.875 MB
2020-02-10 19:37:18,098 ==> Epoch[4](300/553): Loss: 0.0830
2020-02-10 19:37:18,100 Allocated:121.65869140625 MB
2020-02-10 19:37:18,100 Cached:5665.875 MB
2020-02-10 19:39:08,238 ==> Epoch[4](350/553): Loss: 0.2491
2020-02-10 19:39:08,240 Allocated:120.65869140625 MB
2020-02-10 19:39:08,240 Cached:5665.875 MB
2020-02-10 19:39:49,210 ====> Building Cache
2020-02-10 19:39:49,211 feature cache--->>> /home/annora/NetVLAD/output/train_feat_cache2.hdf5
2020-02-10 19:41:10,765 Allocated:122.283203125 MB
2020-02-10 19:41:10,765 Cached:3299.25 MB
2020-02-10 19:42:53,725 ==> Epoch[4](400/553): Loss: 0.2753
2020-02-10 19:42:53,727 Allocated:122.15869140625 MB
2020-02-10 19:42:53,727 Cached:6867.625 MB
2020-02-10 19:44:45,386 ==> Epoch[4](450/553): Loss: 0.1334
2020-02-10 19:44:45,387 Allocated:121.53369140625 MB
2020-02-10 19:44:45,387 Cached:9319.25 MB
2020-02-10 19:46:42,441 ==> Epoch[4](500/553): Loss: 0.1369
2020-02-10 19:46:42,443 Allocated:120.65869140625 MB
2020-02-10 19:46:42,443 Cached:2657.0 MB
2020-02-10 19:48:25,862 ==> Epoch[4](550/553): Loss: 0.1537
2020-02-10 19:48:25,864 Allocated:120.65869140625 MB
2020-02-10 19:48:25,864 Cached:2657.0 MB
2020-02-10 19:48:36,838 ===> Epoch 4 Complete: Avg. Loss: 0.1160
2020-02-10 19:48:36,839 ====> Extracting Features
2020-02-10 19:49:14,799 ==> Batch (50/108)
2020-02-10 19:49:38,829 ==> Batch (100/108)
2020-02-10 19:49:42,646 ====> Building faiss index
2020-02-10 19:49:42,648 ====> Calculating recall @ N
2020-02-10 19:49:43,263 ====> Recall@1: 0.6817
2020-02-10 19:49:43,264 ====> Recall@2: 0.6942
2020-02-10 19:49:43,264 ====> Recall@3: 0.7055
2020-02-10 19:49:43,265 ====> Recall@4: 0.7116
2020-02-10 19:49:43,265 ====> Recall@5: 0.7145
2020-02-10 19:49:43,265 ====> Recall@10: 0.7304
2020-02-10 19:49:43,265 ====> Recall@15: 0.7351
2020-02-10 19:49:43,266 ====> Recall@20: 0.7470
2020-02-10 19:49:43,266 ====> Recall@25: 0.7542
2020-02-10 19:49:43,644 ====> Building Cache
2020-02-10 19:49:43,644 feature cache--->>> /home/annora/NetVLAD/output/train_feat_cache2.hdf5
2020-02-10 19:51:09,957 Allocated:118.65869140625 MB
2020-02-10 19:51:09,958 Cached:4252.875 MB
2020-02-10 19:53:33,363 ==> Epoch[5](50/553): Loss: 0.0653
2020-02-10 19:53:33,365 Allocated:122.03369140625 MB
2020-02-10 19:53:33,365 Cached:5484.5 MB
2020-02-10 19:55:19,225 ==> Epoch[5](100/553): Loss: 0.0512
2020-02-10 19:55:19,226 Allocated:121.65869140625 MB
2020-02-10 19:55:19,226 Cached:5484.5 MB
2020-02-10 19:57:14,881 ==> Epoch[5](150/553): Loss: 0.0749
2020-02-10 19:57:14,883 Allocated:121.03369140625 MB
2020-02-10 19:57:14,883 Cached:6724.625 MB
2020-02-10 19:58:31,133 ====> Building Cache
2020-02-10 19:58:31,134 feature cache--->>> /home/annora/NetVLAD/output/train_feat_cache2.hdf5
2020-02-10 19:59:50,729 Allocated:120.658203125 MB
2020-02-10 19:59:50,730 Cached:3299.25 MB
2020-02-10 20:00:54,057 ==> Epoch[5](200/553): Loss: 0.1986
2020-02-10 20:00:54,059 Allocated:121.03369140625 MB
2020-02-10 20:00:54,060 Cached:3300.25 MB
2020-02-10 20:02:42,123 ==> Epoch[5](250/553): Loss: 0.1058
2020-02-10 20:02:42,124 Allocated:120.65869140625 MB
2020-02-10 20:02:42,124 Cached:5672.125 MB
2020-02-10 20:04:30,323 ==> Epoch[5](300/553): Loss: 0.1566
2020-02-10 20:04:30,324 Allocated:120.65869140625 MB
2020-02-10 20:04:30,325 Cached:5672.125 MB
2020-02-10 20:06:13,873 ==> Epoch[5](350/553): Loss: 0.2411
2020-02-10 20:06:13,875 Allocated:121.78369140625 MB
2020-02-10 20:06:13,875 Cached:5672.125 MB
2020-02-10 20:06:55,534 ====> Building Cache
2020-02-10 20:06:55,534 feature cache--->>> /home/annora/NetVLAD/output/train_feat_cache2.hdf5
2020-02-10 20:08:16,521 Allocated:121.783203125 MB
2020-02-10 20:08:16,522 Cached:3299.25 MB
2020-02-10 20:09:57,314 ==> Epoch[5](400/553): Loss: 0.1758
2020-02-10 20:09:57,315 Allocated:120.78369140625 MB
2020-02-10 20:09:57,316 Cached:6880.5 MB
2020-02-10 20:11:45,399 ==> Epoch[5](450/553): Loss: 0.1554
2020-02-10 20:11:45,400 Allocated:121.65869140625 MB
2020-02-10 20:11:45,401 Cached:8098.375 MB
2020-02-10 20:13:31,685 ==> Epoch[5](500/553): Loss: 0.0827
2020-02-10 20:13:31,686 Allocated:120.65869140625 MB
2020-02-10 20:13:31,686 Cached:9338.5 MB
2020-02-10 20:15:42,242 ==> Epoch[5](550/553): Loss: 0.1894
2020-02-10 20:15:42,243 Allocated:121.40869140625 MB
2020-02-10 20:15:42,244 Cached:9338.5 MB
2020-02-10 20:15:53,256 ===> Epoch 5 Complete: Avg. Loss: 0.1219
2020-02-10 20:15:53,257 ====> Extracting Features
2020-02-10 20:16:32,437 ==> Batch (50/108)
2020-02-10 20:16:56,017 ==> Batch (100/108)
2020-02-10 20:16:59,978 ====> Building faiss index
2020-02-10 20:16:59,980 ====> Calculating recall @ N
2020-02-10 20:17:00,506 ====> Recall@1: 0.6783
2020-02-10 20:17:00,507 ====> Recall@2: 0.6948
2020-02-10 20:17:00,507 ====> Recall@3: 0.7058
2020-02-10 20:17:00,508 ====> Recall@4: 0.7125
2020-02-10 20:17:00,508 ====> Recall@5: 0.7165
2020-02-10 20:17:00,508 ====> Recall@10: 0.7293
2020-02-10 20:17:00,508 ====> Recall@15: 0.7374
2020-02-10 20:17:00,509 ====> Recall@20: 0.7446
2020-02-10 20:17:00,509 ====> Recall@25: 0.7542
2020-02-10 20:17:00,865 ====> Building Cache
2020-02-10 20:17:00,865 feature cache--->>> /home/annora/NetVLAD/output/train_feat_cache2.hdf5
2020-02-10 20:18:22,830 Allocated:119.65869140625 MB
2020-02-10 20:18:22,830 Cached:4252.875 MB
2020-02-10 20:20:49,275 ==> Epoch[6](50/553): Loss: 0.0448
2020-02-10 20:20:49,276 Allocated:120.65869140625 MB
2020-02-10 20:20:49,277 Cached:5480.25 MB
2020-02-10 20:22:36,996 ==> Epoch[6](100/553): Loss: 0.0820
2020-02-10 20:22:36,998 Allocated:122.15869140625 MB
2020-02-10 20:22:36,998 Cached:5481.25 MB
2020-02-10 20:24:33,974 ==> Epoch[6](150/553): Loss: 0.0258
2020-02-10 20:24:33,976 Allocated:121.40869140625 MB
2020-02-10 20:24:33,976 Cached:5481.25 MB
2020-02-10 20:25:50,500 ====> Building Cache
2020-02-10 20:25:50,501 feature cache--->>> /home/annora/NetVLAD/output/train_feat_cache2.hdf5
2020-02-10 20:27:11,904 Allocated:120.783203125 MB
2020-02-10 20:27:11,904 Cached:3299.25 MB
2020-02-10 20:28:17,011 ==> Epoch[6](200/553): Loss: 0.1894
2020-02-10 20:28:17,013 Allocated:121.03369140625 MB
2020-02-10 20:28:17,013 Cached:3300.25 MB
2020-02-10 20:30:03,319 ==> Epoch[6](250/553): Loss: 0.1490
2020-02-10 20:30:03,320 Allocated:120.65869140625 MB
2020-02-10 20:30:03,320 Cached:4444.75 MB
2020-02-10 20:32:04,819 ==> Epoch[6](300/553): Loss: 0.1150
2020-02-10 20:32:04,821 Allocated:121.40869140625 MB
2020-02-10 20:32:04,821 Cached:7913.375 MB
2020-02-10 20:33:49,335 ==> Epoch[6](350/553): Loss: 0.2060
2020-02-10 20:33:49,336 Allocated:120.65869140625 MB
2020-02-10 20:33:49,336 Cached:7913.375 MB
2020-02-10 20:34:30,459 ====> Building Cache
2020-02-10 20:34:30,460 feature cache--->>> /home/annora/NetVLAD/output/train_feat_cache2.hdf5
2020-02-10 20:35:51,417 Allocated:120.658203125 MB
2020-02-10 20:35:51,417 Cached:3299.25 MB
2020-02-10 20:37:49,281 ==> Epoch[6](400/553): Loss: 0.1183
2020-02-10 20:37:49,282 Allocated:120.65869140625 MB
2020-02-10 20:37:49,283 Cached:5661.625 MB
2020-02-10 20:39:52,649 ==> Epoch[6](450/553): Loss: 0.1131
2020-02-10 20:39:52,651 Allocated:121.65869140625 MB
2020-02-10 20:39:52,651 Cached:8072.875 MB
2020-02-10 20:41:41,791 ==> Epoch[6](500/553): Loss: 0.0576
2020-02-10 20:41:41,792 Allocated:121.65869140625 MB
2020-02-10 20:41:41,792 Cached:8072.875 MB
2020-02-10 20:43:37,065 ==> Epoch[6](550/553): Loss: 0.1424
2020-02-10 20:43:37,066 Allocated:121.65869140625 MB
2020-02-10 20:43:37,066 Cached:4576.0 MB
2020-02-10 20:43:48,260 ===> Epoch 6 Complete: Avg. Loss: 0.1205
2020-02-10 20:43:48,261 ====> Extracting Features
2020-02-10 20:44:24,505 ==> Batch (50/108)
2020-02-10 20:44:46,370 ==> Batch (100/108)
2020-02-10 20:44:50,561 ====> Building faiss index
2020-02-10 20:44:50,563 ====> Calculating recall @ N
2020-02-10 20:44:51,120 ====> Recall@1: 0.6791
2020-02-10 20:44:51,120 ====> Recall@2: 0.6954
2020-02-10 20:44:51,121 ====> Recall@3: 0.7078
2020-02-10 20:44:51,121 ====> Recall@4: 0.7142
2020-02-10 20:44:51,121 ====> Recall@5: 0.7180
2020-02-10 20:44:51,121 ====> Recall@10: 0.7336
2020-02-10 20:44:51,122 ====> Recall@15: 0.7420
2020-02-10 20:44:51,122 ====> Recall@20: 0.7490
2020-02-10 20:44:51,122 ====> Recall@25: 0.7568
2020-02-10 20:44:51,529 ====> Building Cache
2020-02-10 20:44:51,530 feature cache--->>> /home/annora/NetVLAD/output/train_feat_cache2.hdf5
2020-02-10 20:46:17,803 Allocated:119.65869140625 MB
2020-02-10 20:46:17,804 Cached:4251.875 MB
2020-02-10 20:48:32,228 ==> Epoch[7](50/553): Loss: 0.1398
2020-02-10 20:48:32,230 Allocated:121.15869140625 MB
2020-02-10 20:48:32,230 Cached:7839.5 MB
2020-02-10 20:50:25,373 ==> Epoch[7](100/553): Loss: 0.1414
2020-02-10 20:50:25,375 Allocated:120.65869140625 MB
2020-02-10 20:50:25,375 Cached:7840.5 MB
2020-02-10 20:52:30,947 ==> Epoch[7](150/553): Loss: 0.0272
2020-02-10 20:52:30,948 Allocated:121.53369140625 MB
2020-02-10 20:52:30,949 Cached:7840.5 MB
2020-02-10 20:53:45,685 ====> Building Cache
2020-02-10 20:53:45,686 feature cache--->>> /home/annora/NetVLAD/output/train_feat_cache2.hdf5
2020-02-10 20:55:12,991 Allocated:120.658203125 MB
2020-02-10 20:55:12,991 Cached:3299.25 MB
2020-02-10 20:56:17,754 ==> Epoch[7](200/553): Loss: 0.2294
2020-02-10 20:56:17,755 Allocated:120.65869140625 MB
2020-02-10 20:56:17,756 Cached:4441.625 MB
2020-02-10 20:58:00,159 ==> Epoch[7](250/553): Loss: 0.1755
2020-02-10 20:58:00,160 Allocated:121.03369140625 MB
2020-02-10 20:58:00,161 Cached:4441.625 MB
2020-02-10 20:59:45,484 ==> Epoch[7](300/553): Loss: 0.0793
2020-02-10 20:59:45,487 Allocated:121.65869140625 MB
2020-02-10 20:59:45,488 Cached:5611.625 MB
2020-02-10 21:01:33,895 ==> Epoch[7](350/553): Loss: 0.1952
2020-02-10 21:01:33,899 Allocated:121.03369140625 MB
2020-02-10 21:01:33,900 Cached:5611.625 MB
2020-02-10 21:02:15,218 ====> Building Cache
2020-02-10 21:02:15,219 feature cache--->>> /home/annora/NetVLAD/output/train_feat_cache2.hdf5
2020-02-10 21:03:54,208 Allocated:121.158203125 MB
2020-02-10 21:03:54,209 Cached:3299.25 MB
2020-02-10 21:05:36,382 ==> Epoch[7](400/553): Loss: 0.2303
2020-02-10 21:05:36,383 Allocated:121.03369140625 MB
2020-02-10 21:05:36,383 Cached:5678.5 MB
2020-02-10 21:07:21,480 ==> Epoch[7](450/553): Loss: 0.1849
2020-02-10 21:07:21,481 Allocated:120.65869140625 MB
2020-02-10 21:07:21,482 Cached:6912.25 MB
2020-02-10 21:09:09,543 ==> Epoch[7](500/553): Loss: 0.1209
2020-02-10 21:09:09,558 Allocated:120.65869140625 MB
2020-02-10 21:09:09,558 Cached:6912.25 MB
2020-02-10 21:11:06,796 ==> Epoch[7](550/553): Loss: 0.1342
2020-02-10 21:11:06,797 Allocated:120.78369140625 MB
2020-02-10 21:11:06,797 Cached:6912.25 MB
2020-02-10 21:11:17,800 ===> Epoch 7 Complete: Avg. Loss: 0.1192
2020-02-10 21:11:17,801 ====> Extracting Features
2020-02-10 21:11:54,890 ==> Batch (50/108)
2020-02-10 21:12:17,516 ==> Batch (100/108)
2020-02-10 21:12:21,497 ====> Building faiss index
2020-02-10 21:12:21,499 ====> Calculating recall @ N
2020-02-10 21:12:21,991 ====> Recall@1: 0.6777
2020-02-10 21:12:21,992 ====> Recall@2: 0.6954
2020-02-10 21:12:21,992 ====> Recall@3: 0.7087
2020-02-10 21:12:21,993 ====> Recall@4: 0.7159
2020-02-10 21:12:21,993 ====> Recall@5: 0.7200
2020-02-10 21:12:21,993 ====> Recall@10: 0.7359
2020-02-10 21:12:21,993 ====> Recall@15: 0.7458
2020-02-10 21:12:21,994 ====> Recall@20: 0.7504
2020-02-10 21:12:21,994 ====> Recall@25: 0.7571
2020-02-10 21:12:22,804 ====> Building Cache
2020-02-10 21:12:22,805 feature cache--->>> /home/annora/NetVLAD/output/train_feat_cache2.hdf5
2020-02-10 21:13:50,280 Allocated:118.65869140625 MB
2020-02-10 21:13:50,281 Cached:4251.875 MB
2020-02-10 21:16:05,375 ==> Epoch[8](50/553): Loss: 0.0704
2020-02-10 21:16:05,377 Allocated:121.15869140625 MB
2020-02-10 21:16:05,377 Cached:8873.375 MB
2020-02-10 21:17:51,398 ==> Epoch[8](100/553): Loss: 0.0924
2020-02-10 21:17:51,400 Allocated:120.90869140625 MB
2020-02-10 21:17:51,400 Cached:8873.375 MB
2020-02-10 21:19:39,556 ==> Epoch[8](150/553): Loss: 0.1002
2020-02-10 21:19:39,558 Allocated:121.40869140625 MB
2020-02-10 21:19:39,559 Cached:10075.25 MB
2020-02-10 21:20:56,488 ====> Building Cache
2020-02-10 21:20:56,489 feature cache--->>> /home/annora/NetVLAD/output/train_feat_cache2.hdf5
2020-02-10 21:22:21,382 Allocated:120.658203125 MB
2020-02-10 21:22:21,383 Cached:3299.25 MB
2020-02-10 21:23:30,736 ==> Epoch[8](200/553): Loss: 0.2042
2020-02-10 21:23:30,737 Allocated:120.65869140625 MB
2020-02-10 21:23:30,738 Cached:3300.25 MB
2020-02-10 21:25:24,088 ==> Epoch[8](250/553): Loss: 0.1596
2020-02-10 21:25:24,089 Allocated:120.65869140625 MB
2020-02-10 21:25:24,090 Cached:5589.375 MB
2020-02-10 21:27:04,882 ==> Epoch[8](300/553): Loss: 0.1478
2020-02-10 21:27:04,883 Allocated:121.65869140625 MB
2020-02-10 21:27:04,884 Cached:6756.25 MB
2020-02-10 21:28:50,633 ==> Epoch[8](350/553): Loss: 0.1504
2020-02-10 21:28:50,634 Allocated:120.65869140625 MB
2020-02-10 21:28:50,635 Cached:6756.25 MB
2020-02-10 21:29:39,696 ====> Building Cache
2020-02-10 21:29:39,697 feature cache--->>> /home/annora/NetVLAD/output/train_feat_cache2.hdf5
2020-02-10 21:31:07,034 Allocated:121.658203125 MB
2020-02-10 21:31:07,035 Cached:3299.25 MB
2020-02-10 21:32:45,559 ==> Epoch[8](400/553): Loss: 0.1319
2020-02-10 21:32:45,561 Allocated:121.65869140625 MB
2020-02-10 21:32:45,561 Cached:4539.375 MB
2020-02-10 21:34:32,011 ==> Epoch[8](450/553): Loss: 0.2190
2020-02-10 21:34:32,012 Allocated:121.40869140625 MB
2020-02-10 21:34:32,012 Cached:4540.375 MB
2020-02-10 21:36:31,694 ==> Epoch[8](500/553): Loss: 0.1135
2020-02-10 21:36:31,695 Allocated:122.15869140625 MB
2020-02-10 21:36:31,695 Cached:4540.375 MB
2020-02-10 21:38:29,824 ==> Epoch[8](550/553): Loss: 0.0837
2020-02-10 21:38:29,826 Allocated:122.15869140625 MB
2020-02-10 21:38:29,826 Cached:4540.375 MB
2020-02-10 21:38:40,516 ===> Epoch 8 Complete: Avg. Loss: 0.1169
2020-02-10 21:38:40,518 ====> Extracting Features
2020-02-10 21:39:16,027 ==> Batch (50/108)
2020-02-10 21:39:41,346 ==> Batch (100/108)
2020-02-10 21:39:45,023 ====> Building faiss index
2020-02-10 21:39:45,025 ====> Calculating recall @ N
2020-02-10 21:39:45,521 ====> Recall@1: 0.6768
2020-02-10 21:39:45,522 ====> Recall@2: 0.6948
2020-02-10 21:39:45,522 ====> Recall@3: 0.7081
2020-02-10 21:39:45,523 ====> Recall@4: 0.7151
2020-02-10 21:39:45,523 ====> Recall@5: 0.7203
2020-02-10 21:39:45,523 ====> Recall@10: 0.7383
2020-02-10 21:39:45,523 ====> Recall@15: 0.7464
2020-02-10 21:39:45,523 ====> Recall@20: 0.7525
2020-02-10 21:39:45,524 ====> Recall@25: 0.7614
2020-02-10 21:39:46,243 ====> Building Cache
2020-02-10 21:39:46,244 feature cache--->>> /home/annora/NetVLAD/output/train_feat_cache2.hdf5
2020-02-10 21:41:13,208 Allocated:119.65869140625 MB
2020-02-10 21:41:13,208 Cached:4252.875 MB
2020-02-10 21:43:36,581 ==> Epoch[9](50/553): Loss: 0.1241
2020-02-10 21:43:36,582 Allocated:120.65869140625 MB
2020-02-10 21:43:36,582 Cached:7788.5 MB
2020-02-10 21:45:22,985 ==> Epoch[9](100/553): Loss: 0.0393
2020-02-10 21:45:22,986 Allocated:122.15869140625 MB
2020-02-10 21:45:22,987 Cached:7788.5 MB
2020-02-10 21:47:11,095 ==> Epoch[9](150/553): Loss: 0.0110
2020-02-10 21:47:11,097 Allocated:121.03369140625 MB
2020-02-10 21:47:11,097 Cached:7788.5 MB
2020-02-10 21:48:27,739 ====> Building Cache
2020-02-10 21:48:27,739 feature cache--->>> /home/annora/NetVLAD/output/train_feat_cache2.hdf5
2020-02-10 21:49:53,255 Allocated:121.283203125 MB
2020-02-10 21:49:53,255 Cached:3272.625 MB
2020-02-10 21:51:02,719 ==> Epoch[9](200/553): Loss: 0.1931
2020-02-10 21:51:02,721 Allocated:120.65869140625 MB
2020-02-10 21:51:02,721 Cached:3273.625 MB
2020-02-10 21:52:52,240 ==> Epoch[9](250/553): Loss: 0.1070
2020-02-10 21:52:52,242 Allocated:121.65869140625 MB
2020-02-10 21:52:52,242 Cached:6729.5 MB
2020-02-10 21:54:46,747 ==> Epoch[9](300/553): Loss: 0.2182
2020-02-10 21:54:46,749 Allocated:120.78369140625 MB
2020-02-10 21:54:46,749 Cached:6729.5 MB
2020-02-10 21:56:30,974 ==> Epoch[9](350/553): Loss: 0.1163
2020-02-10 21:56:30,975 Allocated:120.65869140625 MB
2020-02-10 21:56:30,975 Cached:7921.875 MB
2020-02-10 21:57:14,198 ====> Building Cache
2020-02-10 21:57:14,199 feature cache--->>> /home/annora/NetVLAD/output/train_feat_cache2.hdf5
2020-02-10 21:58:39,439 Allocated:121.033203125 MB
2020-02-10 21:58:39,440 Cached:3272.625 MB
2020-02-10 22:00:18,826 ==> Epoch[9](400/553): Loss: 0.1589
2020-02-10 22:00:18,828 Allocated:120.65869140625 MB
2020-02-10 22:00:18,828 Cached:6831.5 MB
2020-02-10 22:02:05,110 ==> Epoch[9](450/553): Loss: 0.1091
2020-02-10 22:02:05,111 Allocated:121.03369140625 MB
2020-02-10 22:02:05,111 Cached:6831.5 MB
2020-02-10 22:03:52,201 ==> Epoch[9](500/553): Loss: 0.1151
2020-02-10 22:03:52,203 Allocated:121.40869140625 MB
2020-02-10 22:03:52,203 Cached:8087.625 MB
2020-02-10 22:05:38,200 ==> Epoch[9](550/553): Loss: 0.0987
2020-02-10 22:05:38,201 Allocated:122.15869140625 MB
2020-02-10 22:05:38,202 Cached:8087.625 MB
2020-02-10 22:05:49,437 ===> Epoch 9 Complete: Avg. Loss: 0.1158
2020-02-10 22:05:49,440 ====> Extracting Features
2020-02-10 22:06:26,032 ==> Batch (50/108)
2020-02-10 22:06:48,901 ==> Batch (100/108)
2020-02-10 22:06:52,118 ====> Building faiss index
2020-02-10 22:06:52,120 ====> Calculating recall @ N
2020-02-10 22:06:52,595 ====> Recall@1: 0.6794
2020-02-10 22:06:52,596 ====> Recall@2: 0.6965
2020-02-10 22:06:52,597 ====> Recall@3: 0.7096
2020-02-10 22:06:52,597 ====> Recall@4: 0.7180
2020-02-10 22:06:52,597 ====> Recall@5: 0.7217
2020-02-10 22:06:52,597 ====> Recall@10: 0.7409
2020-02-10 22:06:52,598 ====> Recall@15: 0.7490
2020-02-10 22:06:52,598 ====> Recall@20: 0.7548
2020-02-10 22:06:52,598 ====> Recall@25: 0.7612
2020-02-10 22:06:53,334 ====> Building Cache
2020-02-10 22:06:53,334 feature cache--->>> /home/annora/NetVLAD/output/train_feat_cache2.hdf5
2020-02-10 22:08:23,581 Allocated:120.15869140625 MB
2020-02-10 22:08:23,582 Cached:4226.25 MB
2020-02-10 22:10:50,185 ==> Epoch[10](50/553): Loss: 0.1357
2020-02-10 22:10:50,187 Allocated:122.28369140625 MB
2020-02-10 22:10:50,188 Cached:5435.5 MB
2020-02-10 22:12:34,340 ==> Epoch[10](100/553): Loss: 0.0895
2020-02-10 22:12:34,341 Allocated:122.15869140625 MB
2020-02-10 22:12:34,341 Cached:5435.5 MB
2020-02-10 22:14:18,633 ==> Epoch[10](150/553): Loss: 0.0515
2020-02-10 22:14:18,635 Allocated:120.65869140625 MB
2020-02-10 22:14:18,635 Cached:5435.5 MB
2020-02-10 22:15:29,713 ====> Building Cache
2020-02-10 22:15:29,713 feature cache--->>> /home/annora/NetVLAD/output/train_feat_cache2.hdf5
2020-02-10 22:16:54,282 Allocated:122.158203125 MB
2020-02-10 22:16:54,282 Cached:3272.625 MB
2020-02-10 22:18:05,225 ==> Epoch[10](200/553): Loss: 0.1632
2020-02-10 22:18:05,226 Allocated:121.15869140625 MB
2020-02-10 22:18:05,226 Cached:3272.625 MB
2020-02-10 22:19:49,695 ==> Epoch[10](250/553): Loss: 0.0816
2020-02-10 22:19:49,696 Allocated:120.65869140625 MB
2020-02-10 22:19:49,696 Cached:4426.75 MB
2020-02-10 22:21:39,170 ==> Epoch[10](300/553): Loss: 0.0666
2020-02-10 22:21:39,171 Allocated:120.65869140625 MB
2020-02-10 22:21:39,172 Cached:5588.25 MB
2020-02-10 22:23:31,634 ==> Epoch[10](350/553): Loss: 0.0669
2020-02-10 22:23:31,635 Allocated:121.15869140625 MB
2020-02-10 22:23:31,636 Cached:5588.25 MB
2020-02-10 22:24:12,789 ====> Building Cache
2020-02-10 22:24:12,790 feature cache--->>> /home/annora/NetVLAD/output/train_feat_cache2.hdf5
2020-02-10 22:25:33,197 Allocated:120.658203125 MB
2020-02-10 22:25:33,198 Cached:3272.625 MB
2020-02-10 22:27:14,608 ==> Epoch[10](400/553): Loss: 0.1770
2020-02-10 22:27:14,610 Allocated:122.15869140625 MB
2020-02-10 22:27:14,611 Cached:6911.125 MB
2020-02-10 22:29:05,343 ==> Epoch[10](450/553): Loss: 0.0940
2020-02-10 22:29:05,344 Allocated:120.90869140625 MB
2020-02-10 22:29:05,345 Cached:6911.125 MB
2020-02-10 22:30:57,404 ==> Epoch[10](500/553): Loss: 0.1685
2020-02-10 22:30:57,405 Allocated:122.40869140625 MB
2020-02-10 22:30:57,405 Cached:6911.125 MB
2020-02-10 22:32:41,891 ==> Epoch[10](550/553): Loss: 0.1469
2020-02-10 22:32:41,892 Allocated:120.65869140625 MB
2020-02-10 22:32:41,893 Cached:6911.125 MB
2020-02-10 22:32:52,392 ===> Epoch 10 Complete: Avg. Loss: 0.1156
2020-02-10 22:32:52,393 ====> Extracting Features
2020-02-10 22:33:29,397 ==> Batch (50/108)
2020-02-10 22:33:50,087 ==> Batch (100/108)
2020-02-10 22:33:53,523 ====> Building faiss index
2020-02-10 22:33:53,525 ====> Calculating recall @ N
2020-02-10 22:33:53,947 ====> Recall@1: 0.6814
2020-02-10 22:33:53,947 ====> Recall@2: 0.7003
2020-02-10 22:33:53,948 ====> Recall@3: 0.7125
2020-02-10 22:33:53,948 ====> Recall@4: 0.7206
2020-02-10 22:33:53,948 ====> Recall@5: 0.7264
2020-02-10 22:33:53,948 ====> Recall@10: 0.7467
2020-02-10 22:33:53,948 ====> Recall@15: 0.7525
2020-02-10 22:33:53,949 ====> Recall@20: 0.7574
2020-02-10 22:33:53,949 ====> Recall@25: 0.7614
2020-02-10 22:33:54,618 ====> Building Cache
2020-02-10 22:33:54,618 feature cache--->>> /home/annora/NetVLAD/output/train_feat_cache2.hdf5
2020-02-10 22:35:25,544 Allocated:119.03369140625 MB
2020-02-10 22:35:25,545 Cached:4226.25 MB
2020-02-10 22:37:56,958 ==> Epoch[11](50/553): Loss: 0.0360
2020-02-10 22:37:56,960 Allocated:121.15869140625 MB
2020-02-10 22:37:56,960 Cached:6550.375 MB
2020-02-10 22:39:46,750 ==> Epoch[11](100/553): Loss: 0.0281
2020-02-10 22:39:46,752 Allocated:120.65869140625 MB
2020-02-10 22:39:46,752 Cached:6551.375 MB
2020-02-10 22:41:29,528 ==> Epoch[11](150/553): Loss: 0.0926
2020-02-10 22:41:29,529 Allocated:121.65869140625 MB
2020-02-10 22:41:29,530 Cached:6551.375 MB
2020-02-10 22:42:41,335 ====> Building Cache
2020-02-10 22:42:41,335 feature cache--->>> /home/annora/NetVLAD/output/train_feat_cache2.hdf5
2020-02-10 22:44:08,700 Allocated:120.658203125 MB
2020-02-10 22:44:08,701 Cached:3272.625 MB
2020-02-10 22:45:21,230 ==> Epoch[11](200/553): Loss: 0.2260
2020-02-10 22:45:21,232 Allocated:120.65869140625 MB
2020-02-10 22:45:21,232 Cached:4462.75 MB
2020-02-10 22:47:17,680 ==> Epoch[11](250/553): Loss: 0.2389
2020-02-10 22:47:17,682 Allocated:120.90869140625 MB
2020-02-10 22:47:17,682 Cached:4462.75 MB
2020-02-10 22:49:22,903 ==> Epoch[11](300/553): Loss: 0.1124
2020-02-10 22:49:22,904 Allocated:121.15869140625 MB
2020-02-10 22:49:22,904 Cached:4462.75 MB
2020-02-10 22:51:05,994 ==> Epoch[11](350/553): Loss: 0.0911
2020-02-10 22:51:05,995 Allocated:120.90869140625 MB
2020-02-10 22:51:05,995 Cached:5683.75 MB
2020-02-10 22:51:44,833 ====> Building Cache
2020-02-10 22:51:44,833 feature cache--->>> /home/annora/NetVLAD/output/train_feat_cache2.hdf5
2020-02-10 22:53:12,905 Allocated:121.033203125 MB
2020-02-10 22:53:12,906 Cached:3272.625 MB
2020-02-10 22:54:56,261 ==> Epoch[11](400/553): Loss: 0.0988
2020-02-10 22:54:56,263 Allocated:120.78369140625 MB
2020-02-10 22:54:56,264 Cached:5698.75 MB
2020-02-10 22:56:56,295 ==> Epoch[11](450/553): Loss: 0.1837
2020-02-10 22:56:56,296 Allocated:120.65869140625 MB
2020-02-10 22:56:56,297 Cached:5699.75 MB
2020-02-10 22:58:50,129 ==> Epoch[11](500/553): Loss: 0.1500
2020-02-10 22:58:50,131 Allocated:120.65869140625 MB
2020-02-10 22:58:50,131 Cached:5699.75 MB
2020-02-10 23:00:41,194 ==> Epoch[11](550/553): Loss: 0.0706
2020-02-10 23:00:41,196 Allocated:120.65869140625 MB
2020-02-10 23:00:41,196 Cached:5699.75 MB
2020-02-10 23:00:51,061 ===> Epoch 11 Complete: Avg. Loss: 0.1156
2020-02-10 23:00:51,062 ====> Extracting Features
2020-02-10 23:01:28,111 ==> Batch (50/108)
2020-02-10 23:01:55,887 ==> Batch (100/108)
2020-02-10 23:01:59,854 ====> Building faiss index
2020-02-10 23:01:59,856 ====> Calculating recall @ N
2020-02-10 23:02:00,327 ====> Recall@1: 0.6829
2020-02-10 23:02:00,327 ====> Recall@2: 0.7058
2020-02-10 23:02:00,328 ====> Recall@3: 0.7168
2020-02-10 23:02:00,328 ====> Recall@4: 0.7255
2020-02-10 23:02:00,328 ====> Recall@5: 0.7307
2020-02-10 23:02:00,328 ====> Recall@10: 0.7478
2020-02-10 23:02:00,329 ====> Recall@15: 0.7536
2020-02-10 23:02:00,329 ====> Recall@20: 0.7574
2020-02-10 23:02:00,329 ====> Recall@25: 0.7617
2020-02-10 23:02:01,035 ====> Building Cache
2020-02-10 23:02:01,036 feature cache--->>> /home/annora/NetVLAD/output/train_feat_cache2.hdf5
2020-02-10 23:03:35,321 Allocated:119.15869140625 MB
2020-02-10 23:03:35,321 Cached:4226.25 MB
2020-02-10 23:05:57,197 ==> Epoch[12](50/553): Loss: 0.0824
2020-02-10 23:05:57,199 Allocated:120.65869140625 MB
2020-02-10 23:05:57,199 Cached:6519.5 MB
2020-02-10 23:07:45,460 ==> Epoch[12](100/553): Loss: 0.1069
2020-02-10 23:07:45,461 Allocated:121.15869140625 MB
2020-02-10 23:07:45,461 Cached:6519.5 MB
2020-02-10 23:09:31,774 ==> Epoch[12](150/553): Loss: 0.0603
2020-02-10 23:09:31,776 Allocated:120.65869140625 MB
2020-02-10 23:09:31,776 Cached:7692.75 MB
2020-02-10 23:10:44,837 ====> Building Cache
2020-02-10 23:10:44,838 feature cache--->>> /home/annora/NetVLAD/output/train_feat_cache2.hdf5
2020-02-10 23:12:13,950 Allocated:120.658203125 MB
2020-02-10 23:12:13,950 Cached:3272.625 MB
2020-02-10 23:13:20,972 ==> Epoch[12](200/553): Loss: 0.2075
2020-02-10 23:13:20,974 Allocated:120.65869140625 MB
2020-02-10 23:13:20,974 Cached:4424.5 MB
2020-02-10 23:15:15,450 ==> Epoch[12](250/553): Loss: 0.1646
2020-02-10 23:15:15,452 Allocated:120.65869140625 MB
2020-02-10 23:15:15,452 Cached:5591.375 MB
2020-02-10 23:17:01,673 ==> Epoch[12](300/553): Loss: 0.1023
2020-02-10 23:17:01,674 Allocated:121.28369140625 MB
2020-02-10 23:17:01,674 Cached:5591.375 MB
2020-02-10 23:18:49,865 ==> Epoch[12](350/553): Loss: 0.2991
2020-02-10 23:18:49,867 Allocated:121.65869140625 MB
2020-02-10 23:18:49,867 Cached:5591.375 MB
2020-02-10 23:19:30,730 ====> Building Cache
2020-02-10 23:19:30,731 feature cache--->>> /home/annora/NetVLAD/output/train_feat_cache2.hdf5
2020-02-10 23:20:53,873 Allocated:121.658203125 MB
2020-02-10 23:20:53,874 Cached:3272.625 MB
2020-02-10 23:22:29,095 ==> Epoch[12](400/553): Loss: 0.1621
2020-02-10 23:22:29,096 Allocated:120.65869140625 MB
2020-02-10 23:22:29,097 Cached:5679.625 MB
2020-02-10 23:24:20,417 ==> Epoch[12](450/553): Loss: 0.1153
2020-02-10 23:24:20,418 Allocated:121.40869140625 MB
2020-02-10 23:24:20,419 Cached:6935.75 MB
2020-02-10 23:26:13,207 ==> Epoch[12](500/553): Loss: 0.1563
2020-02-10 23:26:13,209 Allocated:120.65869140625 MB
2020-02-10 23:26:13,209 Cached:6936.75 MB
2020-02-10 23:28:00,173 ==> Epoch[12](550/553): Loss: 0.1847
2020-02-10 23:28:00,175 Allocated:120.65869140625 MB
2020-02-10 23:28:00,175 Cached:6936.75 MB
2020-02-10 23:28:10,823 ===> Epoch 12 Complete: Avg. Loss: 0.1158
2020-02-10 23:28:10,824 ====> Extracting Features
2020-02-10 23:28:48,568 ==> Batch (50/108)
2020-02-10 23:29:14,829 ==> Batch (100/108)
2020-02-10 23:29:18,693 ====> Building faiss index
2020-02-10 23:29:18,695 ====> Calculating recall @ N
2020-02-10 23:29:19,296 ====> Recall@1: 0.6893
2020-02-10 23:29:19,296 ====> Recall@2: 0.7099
2020-02-10 23:29:19,297 ====> Recall@3: 0.7200
2020-02-10 23:29:19,297 ====> Recall@4: 0.7296
2020-02-10 23:29:19,297 ====> Recall@5: 0.7339
2020-02-10 23:29:19,297 ====> Recall@10: 0.7481
2020-02-10 23:29:19,298 ====> Recall@15: 0.7542
2020-02-10 23:29:19,298 ====> Recall@20: 0.7586
2020-02-10 23:29:19,298 ====> Recall@25: 0.7646
2020-02-10 23:29:20,010 ====> Building Cache
2020-02-10 23:29:20,010 feature cache--->>> /home/annora/NetVLAD/output/train_feat_cache2.hdf5
2020-02-10 23:30:41,072 Allocated:118.65869140625 MB
2020-02-10 23:30:41,072 Cached:4226.25 MB
2020-02-10 23:33:00,086 ==> Epoch[13](50/553): Loss: 0.1127
2020-02-10 23:33:00,088 Allocated:120.65869140625 MB
2020-02-10 23:33:00,088 Cached:5399.5 MB
2020-02-10 23:34:45,570 ==> Epoch[13](100/553): Loss: 0.1260
2020-02-10 23:34:45,571 Allocated:121.28369140625 MB
2020-02-10 23:34:45,571 Cached:5400.5 MB
2020-02-10 23:36:32,624 ==> Epoch[13](150/553): Loss: 0.0329
2020-02-10 23:36:32,625 Allocated:121.15869140625 MB
2020-02-10 23:36:32,625 Cached:5400.5 MB
2020-02-10 23:38:04,145 ====> Building Cache
2020-02-10 23:38:04,146 feature cache--->>> /home/annora/NetVLAD/output/train_feat_cache2.hdf5
2020-02-10 23:39:31,500 Allocated:120.658203125 MB
2020-02-10 23:39:31,500 Cached:3272.625 MB
2020-02-10 23:40:45,477 ==> Epoch[13](200/553): Loss: 0.1325
2020-02-10 23:40:45,479 Allocated:120.90869140625 MB
2020-02-10 23:40:45,479 Cached:4424.5 MB
2020-02-10 23:42:34,664 ==> Epoch[13](250/553): Loss: 0.2134
2020-02-10 23:42:34,665 Allocated:120.65869140625 MB
2020-02-10 23:42:34,666 Cached:5597.75 MB
2020-02-10 23:44:18,802 ==> Epoch[13](300/553): Loss: 0.1461
2020-02-10 23:44:18,804 Allocated:121.53369140625 MB
2020-02-10 23:44:18,804 Cached:5597.75 MB
2020-02-10 23:46:16,571 ==> Epoch[13](350/553): Loss: 0.1168
2020-02-10 23:46:16,572 Allocated:120.65869140625 MB
2020-02-10 23:46:16,572 Cached:5597.75 MB
2020-02-10 23:47:01,734 ====> Building Cache
2020-02-10 23:47:01,734 feature cache--->>> /home/annora/NetVLAD/output/train_feat_cache2.hdf5
2020-02-10 23:48:26,998 Allocated:121.033203125 MB
2020-02-10 23:48:26,999 Cached:3272.625 MB
2020-02-10 23:50:00,456 ==> Epoch[13](400/553): Loss: 0.1424
2020-02-10 23:50:00,457 Allocated:120.78369140625 MB
2020-02-10 23:50:00,458 Cached:6837.875 MB
2020-02-10 23:51:47,795 ==> Epoch[13](450/553): Loss: 0.1142
2020-02-10 23:51:47,797 Allocated:122.53369140625 MB
2020-02-10 23:51:47,797 Cached:6837.875 MB
2020-02-10 23:53:37,006 ==> Epoch[13](500/553): Loss: 0.1785
2020-02-10 23:53:37,007 Allocated:121.03369140625 MB
2020-02-10 23:53:37,008 Cached:8065.25 MB
2020-02-10 23:55:29,275 ==> Epoch[13](550/553): Loss: 0.1473
2020-02-10 23:55:29,276 Allocated:120.65869140625 MB
2020-02-10 23:55:29,277 Cached:9311.75 MB
2020-02-10 23:55:39,894 ===> Epoch 13 Complete: Avg. Loss: 0.1152
2020-02-10 23:55:39,895 ====> Extracting Features
2020-02-10 23:56:21,582 ==> Batch (50/108)
2020-02-10 23:56:45,861 ==> Batch (100/108)
2020-02-10 23:56:49,758 ====> Building faiss index
2020-02-10 23:56:49,761 ====> Calculating recall @ N
2020-02-10 23:56:50,259 ====> Recall@1: 0.6977
2020-02-10 23:56:50,260 ====> Recall@2: 0.7154
2020-02-10 23:56:50,260 ====> Recall@3: 0.7235
2020-02-10 23:56:50,260 ====> Recall@4: 0.7319
2020-02-10 23:56:50,260 ====> Recall@5: 0.7351
2020-02-10 23:56:50,260 ====> Recall@10: 0.7490
2020-02-10 23:56:50,261 ====> Recall@15: 0.7551
2020-02-10 23:56:50,261 ====> Recall@20: 0.7606
2020-02-10 23:56:50,261 ====> Recall@25: 0.7664
2020-02-10 23:56:51,019 ====> Building Cache
2020-02-10 23:56:51,019 feature cache--->>> /home/annora/NetVLAD/output/train_feat_cache2.hdf5
2020-02-10 23:58:14,696 Allocated:119.65869140625 MB
2020-02-10 23:58:14,696 Cached:4226.25 MB
2020-02-11 00:00:27,328 ==> Epoch[14](50/553): Loss: 0.0824
2020-02-11 00:00:27,329 Allocated:120.65869140625 MB
2020-02-11 00:00:27,330 Cached:6518.5 MB
2020-02-11 00:02:18,092 ==> Epoch[14](100/553): Loss: 0.0397
2020-02-11 00:02:18,093 Allocated:121.65869140625 MB
2020-02-11 00:02:18,094 Cached:7689.5 MB
2020-02-11 00:04:03,096 ==> Epoch[14](150/553): Loss: 0.0639
2020-02-11 00:04:03,097 Allocated:120.65869140625 MB
2020-02-11 00:04:03,097 Cached:7689.5 MB
2020-02-11 00:05:16,393 ====> Building Cache
2020-02-11 00:05:16,394 feature cache--->>> /home/annora/NetVLAD/output/train_feat_cache2.hdf5
2020-02-11 00:06:42,721 Allocated:120.658203125 MB
2020-02-11 00:06:42,721 Cached:3272.625 MB
2020-02-11 00:07:42,835 ==> Epoch[14](200/553): Loss: 0.1804
2020-02-11 00:07:42,837 Allocated:122.65869140625 MB
2020-02-11 00:07:42,837 Cached:3273.625 MB
2020-02-11 00:09:27,766 ==> Epoch[14](250/553): Loss: 0.0791
2020-02-11 00:09:27,768 Allocated:120.65869140625 MB
2020-02-11 00:09:27,768 Cached:4415.0 MB
2020-02-11 00:11:18,991 ==> Epoch[14](300/553): Loss: 0.2420
2020-02-11 00:11:18,993 Allocated:122.03369140625 MB
2020-02-11 00:11:18,993 Cached:4415.0 MB
2020-02-11 00:13:03,685 ==> Epoch[14](350/553): Loss: 0.1389
2020-02-11 00:13:03,686 Allocated:120.65869140625 MB
2020-02-11 00:13:03,686 Cached:4415.0 MB
2020-02-11 00:13:45,353 ====> Building Cache
2020-02-11 00:13:45,353 feature cache--->>> /home/annora/NetVLAD/output/train_feat_cache2.hdf5
2020-02-11 00:15:11,428 Allocated:120.658203125 MB
2020-02-11 00:15:11,428 Cached:3272.625 MB
2020-02-11 00:16:51,239 ==> Epoch[14](400/553): Loss: 0.1181
2020-02-11 00:16:51,241 Allocated:120.65869140625 MB
2020-02-11 00:16:51,241 Cached:5626.5 MB
2020-02-11 00:18:41,305 ==> Epoch[14](450/553): Loss: 0.0967
2020-02-11 00:18:41,306 Allocated:121.65869140625 MB
2020-02-11 00:18:41,306 Cached:6838.0 MB
2020-02-11 00:20:26,940 ==> Epoch[14](500/553): Loss: 0.1660
2020-02-11 00:20:26,941 Allocated:120.65869140625 MB
2020-02-11 00:20:26,941 Cached:6838.0 MB
2020-02-11 00:22:15,844 ==> Epoch[14](550/553): Loss: 0.0659
2020-02-11 00:22:15,846 Allocated:121.15869140625 MB
2020-02-11 00:22:15,846 Cached:8062.25 MB
2020-02-11 00:22:26,903 ===> Epoch 14 Complete: Avg. Loss: 0.1126
2020-02-11 00:22:26,905 ====> Extracting Features
2020-02-11 00:23:06,713 ==> Batch (50/108)
2020-02-11 00:23:36,138 ==> Batch (100/108)
2020-02-11 00:23:39,160 ====> Building faiss index
2020-02-11 00:23:39,162 ====> Calculating recall @ N
2020-02-11 00:23:39,573 ====> Recall@1: 0.7009
2020-02-11 00:23:39,574 ====> Recall@2: 0.7174
2020-02-11 00:23:39,574 ====> Recall@3: 0.7246
2020-02-11 00:23:39,575 ====> Recall@4: 0.7319
2020-02-11 00:23:39,575 ====> Recall@5: 0.7359
2020-02-11 00:23:39,575 ====> Recall@10: 0.7481
2020-02-11 00:23:39,575 ====> Recall@15: 0.7557
2020-02-11 00:23:39,576 ====> Recall@20: 0.7614
2020-02-11 00:23:39,576 ====> Recall@25: 0.7667
2020-02-11 00:23:40,283 ====> Building Cache
2020-02-11 00:23:40,283 feature cache--->>> /home/annora/NetVLAD/output/train_feat_cache2.hdf5
2020-02-11 00:25:04,045 Allocated:118.65869140625 MB
2020-02-11 00:25:04,046 Cached:4225.25 MB
2020-02-11 00:27:19,604 ==> Epoch[15](50/553): Loss: 0.0466
2020-02-11 00:27:19,606 Allocated:121.53369140625 MB
2020-02-11 00:27:19,606 Cached:6519.5 MB
2020-02-11 00:29:00,038 ==> Epoch[15](100/553): Loss: 0.0656
2020-02-11 00:29:00,039 Allocated:121.65869140625 MB
2020-02-11 00:29:00,039 Cached:7699.125 MB
2020-02-11 00:30:56,337 ==> Epoch[15](150/553): Loss: 0.0339
2020-02-11 00:30:56,339 Allocated:120.65869140625 MB
2020-02-11 00:30:56,339 Cached:8881.875 MB
2020-02-11 00:32:08,665 ====> Building Cache
2020-02-11 00:32:08,666 feature cache--->>> /home/annora/NetVLAD/output/train_feat_cache2.hdf5
2020-02-11 00:33:34,250 Allocated:121.033203125 MB
2020-02-11 00:33:34,251 Cached:3527.75 MB
2020-02-11 00:34:37,092 ==> Epoch[15](200/553): Loss: 0.1371
2020-02-11 00:34:37,094 Allocated:120.65869140625 MB
2020-02-11 00:34:37,094 Cached:5893.375 MB
2020-02-11 00:36:24,411 ==> Epoch[15](250/553): Loss: 0.1769
2020-02-11 00:36:24,413 Allocated:120.65869140625 MB
2020-02-11 00:36:24,413 Cached:5894.375 MB
2020-02-11 00:38:13,144 ==> Epoch[15](300/553): Loss: 0.0532
2020-02-11 00:38:13,146 Allocated:121.15869140625 MB
2020-02-11 00:38:13,146 Cached:5894.375 MB
2020-02-11 00:39:55,295 ==> Epoch[15](350/553): Loss: 0.2229
2020-02-11 00:39:55,297 Allocated:120.65869140625 MB
2020-02-11 00:39:55,297 Cached:5894.375 MB
2020-02-11 00:40:35,926 ====> Building Cache
2020-02-11 00:40:35,926 feature cache--->>> /home/annora/NetVLAD/output/train_feat_cache2.hdf5
2020-02-11 00:42:01,114 Allocated:121.408203125 MB
2020-02-11 00:42:01,114 Cached:3527.75 MB
2020-02-11 00:43:44,369 ==> Epoch[15](400/553): Loss: 0.1155
2020-02-11 00:43:44,371 Allocated:120.65869140625 MB
2020-02-11 00:43:44,371 Cached:5915.625 MB
2020-02-11 00:45:36,032 ==> Epoch[15](450/553): Loss: 0.0744
2020-02-11 00:45:36,034 Allocated:121.65869140625 MB
2020-02-11 00:45:36,034 Cached:5916.625 MB
2020-02-11 00:47:20,638 ==> Epoch[15](500/553): Loss: 0.1291
2020-02-11 00:47:20,639 Allocated:122.15869140625 MB
2020-02-11 00:47:20,639 Cached:5916.625 MB
2020-02-11 00:49:06,800 ==> Epoch[15](550/553): Loss: 0.1107
2020-02-11 00:49:06,801 Allocated:120.65869140625 MB
2020-02-11 00:49:06,801 Cached:5916.625 MB
2020-02-11 00:49:17,402 ===> Epoch 15 Complete: Avg. Loss: 0.1144
2020-02-11 00:49:17,404 ====> Extracting Features
2020-02-11 00:49:54,436 ==> Batch (50/108)
2020-02-11 00:50:16,534 ==> Batch (100/108)
2020-02-11 00:50:20,214 ====> Building faiss index
2020-02-11 00:50:20,216 ====> Calculating recall @ N
2020-02-11 00:50:20,629 ====> Recall@1: 0.7046
2020-02-11 00:50:20,629 ====> Recall@2: 0.7209
2020-02-11 00:50:20,630 ====> Recall@3: 0.7301
2020-02-11 00:50:20,630 ====> Recall@4: 0.7351
2020-02-11 00:50:20,630 ====> Recall@5: 0.7383
2020-02-11 00:50:20,630 ====> Recall@10: 0.7501
2020-02-11 00:50:20,631 ====> Recall@15: 0.7574
2020-02-11 00:50:20,631 ====> Recall@20: 0.7635
2020-02-11 00:50:20,631 ====> Recall@25: 0.7696
2020-02-11 00:50:21,332 ====> Building Cache
2020-02-11 00:50:21,333 feature cache--->>> /home/annora/NetVLAD/output/train_feat_cache2.hdf5
2020-02-11 00:51:51,431 Allocated:119.65869140625 MB
2020-02-11 00:51:51,431 Cached:4226.25 MB
2020-02-11 00:54:30,179 ==> Epoch[16](50/553): Loss: 0.1120
2020-02-11 00:54:30,181 Allocated:120.65869140625 MB
2020-02-11 00:54:30,181 Cached:5365.375 MB
2020-02-11 00:56:24,571 ==> Epoch[16](100/553): Loss: 0.0178
2020-02-11 00:56:24,572 Allocated:120.65869140625 MB
2020-02-11 00:56:24,572 Cached:5365.375 MB
2020-02-11 00:58:22,119 ==> Epoch[16](150/553): Loss: 0.0493
2020-02-11 00:58:22,121 Allocated:120.65869140625 MB
2020-02-11 00:58:22,121 Cached:5365.375 MB
2020-02-11 00:59:34,859 ====> Building Cache
2020-02-11 00:59:34,860 feature cache--->>> /home/annora/NetVLAD/output/train_feat_cache2.hdf5
2020-02-11 01:01:02,098 Allocated:121.533203125 MB
2020-02-11 01:01:02,099 Cached:3272.625 MB
2020-02-11 01:02:10,222 ==> Epoch[16](200/553): Loss: 0.0578
2020-02-11 01:02:10,224 Allocated:120.65869140625 MB
2020-02-11 01:02:10,224 Cached:4450.0 MB
2020-02-11 01:03:54,061 ==> Epoch[16](250/553): Loss: 0.1717
2020-02-11 01:03:54,062 Allocated:121.28369140625 MB
2020-02-11 01:03:54,063 Cached:4450.0 MB
2020-02-11 01:05:38,215 ==> Epoch[16](300/553): Loss: 0.1598
2020-02-11 01:05:38,216 Allocated:121.65869140625 MB
2020-02-11 01:05:38,217 Cached:4450.0 MB
2020-02-11 01:07:26,792 ==> Epoch[16](350/553): Loss: 0.1322
2020-02-11 01:07:26,793 Allocated:121.65869140625 MB
2020-02-11 01:07:26,793 Cached:4450.0 MB
2020-02-11 01:08:08,025 ====> Building Cache
2020-02-11 01:08:08,025 feature cache--->>> /home/annora/NetVLAD/output/train_feat_cache2.hdf5
2020-02-11 01:09:32,332 Allocated:120.658203125 MB
2020-02-11 01:09:32,333 Cached:3272.625 MB
2020-02-11 01:11:13,899 ==> Epoch[16](400/553): Loss: 0.0949
2020-02-11 01:11:13,901 Allocated:120.65869140625 MB
2020-02-11 01:11:13,901 Cached:6809.25 MB
2020-02-11 01:13:01,761 ==> Epoch[16](450/553): Loss: 0.0915
2020-02-11 01:13:01,762 Allocated:120.65869140625 MB
2020-02-11 01:13:01,763 Cached:6809.25 MB
2020-02-11 01:14:51,006 ==> Epoch[16](500/553): Loss: 0.1315
2020-02-11 01:14:51,007 Allocated:120.65869140625 MB
2020-02-11 01:14:51,007 Cached:6809.25 MB
2020-02-11 01:16:34,910 ==> Epoch[16](550/553): Loss: 0.0600
2020-02-11 01:16:34,912 Allocated:120.65869140625 MB
2020-02-11 01:16:34,913 Cached:6809.25 MB
2020-02-11 01:16:45,766 ===> Epoch 16 Complete: Avg. Loss: 0.1159
2020-02-11 01:16:45,768 ====> Extracting Features
2020-02-11 01:17:22,285 ==> Batch (50/108)
2020-02-11 01:17:42,993 ==> Batch (100/108)
2020-02-11 01:17:46,555 ====> Building faiss index
2020-02-11 01:17:46,557 ====> Calculating recall @ N
2020-02-11 01:17:47,019 ====> Recall@1: 0.7070
2020-02-11 01:17:47,020 ====> Recall@2: 0.7217
2020-02-11 01:17:47,021 ====> Recall@3: 0.7296
2020-02-11 01:17:47,021 ====> Recall@4: 0.7357
2020-02-11 01:17:47,021 ====> Recall@5: 0.7388
2020-02-11 01:17:47,021 ====> Recall@10: 0.7501
2020-02-11 01:17:47,022 ====> Recall@15: 0.7568
2020-02-11 01:17:47,022 ====> Recall@20: 0.7643
2020-02-11 01:17:47,022 ====> Recall@25: 0.7687
2020-02-11 01:17:47,744 ====> Building Cache
2020-02-11 01:17:47,744 feature cache--->>> /home/annora/NetVLAD/output/train_feat_cache2.hdf5
2020-02-11 01:19:11,545 Allocated:119.03369140625 MB
2020-02-11 01:19:11,545 Cached:4226.25 MB
2020-02-11 01:21:39,284 ==> Epoch[17](50/553): Loss: 0.1019
2020-02-11 01:21:39,286 Allocated:120.65869140625 MB
2020-02-11 01:21:39,286 Cached:4226.25 MB
2020-02-11 01:23:22,557 ==> Epoch[17](100/553): Loss: 0.0621
2020-02-11 01:23:22,559 Allocated:120.65869140625 MB
2020-02-11 01:23:22,559 Cached:4226.25 MB
2020-02-11 01:25:07,742 ==> Epoch[17](150/553): Loss: 0.0230
2020-02-11 01:25:07,743 Allocated:121.03369140625 MB
2020-02-11 01:25:07,744 Cached:4226.25 MB
2020-02-11 01:26:19,899 ====> Building Cache
2020-02-11 01:26:19,900 feature cache--->>> /home/annora/NetVLAD/output/train_feat_cache2.hdf5
2020-02-11 01:27:39,359 Allocated:120.658203125 MB
2020-02-11 01:27:39,359 Cached:3527.75 MB
2020-02-11 01:28:53,936 ==> Epoch[17](200/553): Loss: 0.1836
2020-02-11 01:28:53,938 Allocated:120.65869140625 MB
2020-02-11 01:28:53,938 Cached:3528.75 MB
2020-02-11 01:30:42,176 ==> Epoch[17](250/553): Loss: 0.1346
2020-02-11 01:30:42,177 Allocated:121.53369140625 MB
2020-02-11 01:30:42,177 Cached:4663.75 MB
2020-02-11 01:32:24,186 ==> Epoch[17](300/553): Loss: 0.0637
2020-02-11 01:32:24,187 Allocated:120.90869140625 MB
2020-02-11 01:32:24,188 Cached:4663.75 MB
2020-02-11 01:34:08,899 ==> Epoch[17](350/553): Loss: 0.1892
2020-02-11 01:34:08,900 Allocated:120.65869140625 MB
2020-02-11 01:34:08,901 Cached:5808.25 MB
2020-02-11 01:34:48,485 ====> Building Cache
2020-02-11 01:34:48,486 feature cache--->>> /home/annora/NetVLAD/output/train_feat_cache2.hdf5
2020-02-11 01:36:15,753 Allocated:121.658203125 MB
2020-02-11 01:36:15,753 Cached:3527.75 MB
2020-02-11 01:37:56,732 ==> Epoch[17](400/553): Loss: 0.1244
2020-02-11 01:37:56,733 Allocated:120.65869140625 MB
2020-02-11 01:37:56,734 Cached:7104.875 MB
2020-02-11 01:39:43,609 ==> Epoch[17](450/553): Loss: 0.0764
2020-02-11 01:39:43,611 Allocated:122.03369140625 MB
2020-02-11 01:39:43,611 Cached:8354.625 MB
2020-02-11 01:41:46,516 ==> Epoch[17](500/553): Loss: 0.1268
2020-02-11 01:41:46,517 Allocated:120.65869140625 MB
2020-02-11 01:41:46,517 Cached:8354.625 MB
2020-02-11 01:43:39,735 ==> Epoch[17](550/553): Loss: 0.1538
2020-02-11 01:43:39,737 Allocated:122.03369140625 MB
2020-02-11 01:43:39,737 Cached:8354.625 MB
2020-02-11 01:43:50,582 ===> Epoch 17 Complete: Avg. Loss: 0.1157
2020-02-11 01:43:50,583 ====> Extracting Features
2020-02-11 01:44:25,982 ==> Batch (50/108)
2020-02-11 01:44:47,766 ==> Batch (100/108)
2020-02-11 01:44:51,376 ====> Building faiss index
2020-02-11 01:44:51,378 ====> Calculating recall @ N
2020-02-11 01:44:51,813 ====> Recall@1: 0.7072
2020-02-11 01:44:51,814 ====> Recall@2: 0.7226
2020-02-11 01:44:51,814 ====> Recall@3: 0.7301
2020-02-11 01:44:51,815 ====> Recall@4: 0.7359
2020-02-11 01:44:51,815 ====> Recall@5: 0.7394
2020-02-11 01:44:51,815 ====> Recall@10: 0.7501
2020-02-11 01:44:51,815 ====> Recall@15: 0.7565
2020-02-11 01:44:51,816 ====> Recall@20: 0.7643
2020-02-11 01:44:51,816 ====> Recall@25: 0.7690
2020-02-11 01:44:52,520 ====> Building Cache
2020-02-11 01:44:52,521 feature cache--->>> /home/annora/NetVLAD/output/train_feat_cache2.hdf5
2020-02-11 01:46:16,103 Allocated:119.65869140625 MB
2020-02-11 01:46:16,103 Cached:4226.25 MB
2020-02-11 01:48:34,912 ==> Epoch[18](50/553): Loss: 0.1154
2020-02-11 01:48:34,915 Allocated:120.90869140625 MB
2020-02-11 01:48:34,915 Cached:4226.25 MB
2020-02-11 01:50:17,291 ==> Epoch[18](100/553): Loss: 0.0494
2020-02-11 01:50:17,293 Allocated:120.65869140625 MB
2020-02-11 01:50:17,293 Cached:6499.375 MB
2020-02-11 01:51:58,110 ==> Epoch[18](150/553): Loss: 0.0523
2020-02-11 01:51:58,112 Allocated:121.53369140625 MB
2020-02-11 01:51:58,112 Cached:6500.375 MB
2020-02-11 01:53:05,794 ====> Building Cache
2020-02-11 01:53:05,794 feature cache--->>> /home/annora/NetVLAD/output/train_feat_cache2.hdf5
2020-02-11 01:54:26,806 Allocated:120.658203125 MB
2020-02-11 01:54:26,807 Cached:3272.625 MB
2020-02-11 01:55:31,061 ==> Epoch[18](200/553): Loss: 0.0476
2020-02-11 01:55:31,064 Allocated:120.65869140625 MB
2020-02-11 01:55:31,064 Cached:3272.625 MB
2020-02-11 01:57:14,807 ==> Epoch[18](250/553): Loss: 0.1564
2020-02-11 01:57:14,808 Allocated:121.65869140625 MB
2020-02-11 01:57:14,809 Cached:5549.0 MB
2020-02-11 01:58:56,698 ==> Epoch[18](300/553): Loss: 0.1557
2020-02-11 01:58:56,700 Allocated:121.03369140625 MB
2020-02-11 01:58:56,700 Cached:5549.0 MB
2020-02-11 02:00:36,044 ==> Epoch[18](350/553): Loss: 0.1485
2020-02-11 02:00:36,046 Allocated:120.65869140625 MB
2020-02-11 02:00:36,046 Cached:5549.0 MB
2020-02-11 02:01:17,023 ====> Building Cache
2020-02-11 02:01:17,023 feature cache--->>> /home/annora/NetVLAD/output/train_feat_cache2.hdf5
2020-02-11 02:02:39,200 Allocated:121.658203125 MB
2020-02-11 02:02:39,201 Cached:3272.625 MB
2020-02-11 02:04:21,036 ==> Epoch[18](400/553): Loss: 0.1343
2020-02-11 02:04:21,037 Allocated:121.53369140625 MB
2020-02-11 02:04:21,038 Cached:5636.0 MB
2020-02-11 02:06:12,144 ==> Epoch[18](450/553): Loss: 0.1607
2020-02-11 02:06:12,146 Allocated:120.65869140625 MB
2020-02-11 02:06:12,147 Cached:8172.625 MB
2020-02-11 02:07:57,736 ==> Epoch[18](500/553): Loss: 0.1461
2020-02-11 02:07:57,737 Allocated:120.90869140625 MB
2020-02-11 02:07:57,737 Cached:8172.625 MB
2020-02-11 02:09:42,009 ==> Epoch[18](550/553): Loss: 0.0685
2020-02-11 02:09:42,010 Allocated:120.65869140625 MB
2020-02-11 02:09:42,011 Cached:8172.625 MB
2020-02-11 02:09:52,703 ===> Epoch 18 Complete: Avg. Loss: 0.1157
2020-02-11 02:09:52,704 ====> Extracting Features
2020-02-11 02:10:25,351 ==> Batch (50/108)
2020-02-11 02:10:45,585 ==> Batch (100/108)
2020-02-11 02:10:48,533 ====> Building faiss index
2020-02-11 02:10:48,535 ====> Calculating recall @ N
2020-02-11 02:10:48,980 ====> Recall@1: 0.7075
2020-02-11 02:10:48,981 ====> Recall@2: 0.7238
2020-02-11 02:10:48,981 ====> Recall@3: 0.7296
2020-02-11 02:10:48,982 ====> Recall@4: 0.7362
2020-02-11 02:10:48,982 ====> Recall@5: 0.7403
2020-02-11 02:10:48,982 ====> Recall@10: 0.7507
2020-02-11 02:10:48,982 ====> Recall@15: 0.7577
2020-02-11 02:10:48,982 ====> Recall@20: 0.7643
2020-02-11 02:10:48,982 ====> Recall@25: 0.7707
2020-02-11 02:10:49,698 ====> Building Cache
2020-02-11 02:10:49,699 feature cache--->>> /home/annora/NetVLAD/output/train_feat_cache2.hdf5
2020-02-11 02:12:11,100 Allocated:119.28369140625 MB
2020-02-11 02:12:11,101 Cached:4226.25 MB
2020-02-11 02:14:25,416 ==> Epoch[19](50/553): Loss: 0.1150
2020-02-11 02:14:25,418 Allocated:120.65869140625 MB
2020-02-11 02:14:25,418 Cached:4226.25 MB
2020-02-11 02:16:03,500 ==> Epoch[19](100/553): Loss: 0.0347
2020-02-11 02:16:03,501 Allocated:120.65869140625 MB
2020-02-11 02:16:03,502 Cached:5354.875 MB
2020-02-11 02:17:40,552 ==> Epoch[19](150/553): Loss: 0.0631
2020-02-11 02:17:40,553 Allocated:121.15869140625 MB
2020-02-11 02:17:40,553 Cached:5355.875 MB
2020-02-11 02:18:50,574 ====> Building Cache
2020-02-11 02:18:50,575 feature cache--->>> /home/annora/NetVLAD/output/train_feat_cache2.hdf5
2020-02-11 02:20:06,921 Allocated:121.658203125 MB
2020-02-11 02:20:06,922 Cached:3527.75 MB
2020-02-11 02:21:03,884 ==> Epoch[19](200/553): Loss: 0.2688
2020-02-11 02:21:03,886 Allocated:121.03369140625 MB
2020-02-11 02:21:03,886 Cached:3527.75 MB
2020-02-11 02:22:38,507 ==> Epoch[19](250/553): Loss: 0.1953
2020-02-11 02:22:38,508 Allocated:120.65869140625 MB
2020-02-11 02:22:38,509 Cached:4710.5 MB
2020-02-11 02:24:12,493 ==> Epoch[19](300/553): Loss: 0.1977
2020-02-11 02:24:12,495 Allocated:120.65869140625 MB
2020-02-11 02:24:12,495 Cached:4710.5 MB
2020-02-11 02:25:46,033 ==> Epoch[19](350/553): Loss: 0.2307
2020-02-11 02:25:46,034 Allocated:121.15869140625 MB
2020-02-11 02:25:46,034 Cached:4710.5 MB
2020-02-11 02:26:22,056 ====> Building Cache
2020-02-11 02:26:22,056 feature cache--->>> /home/annora/NetVLAD/output/train_feat_cache2.hdf5
2020-02-11 02:27:37,104 Allocated:121.033203125 MB
2020-02-11 02:27:37,105 Cached:3272.625 MB
2020-02-11 02:29:04,105 ==> Epoch[19](400/553): Loss: 0.0909
2020-02-11 02:29:04,106 Allocated:121.65869140625 MB
2020-02-11 02:29:04,107 Cached:4494.625 MB
2020-02-11 02:30:40,719 ==> Epoch[19](450/553): Loss: 0.1695
2020-02-11 02:30:40,720 Allocated:120.90869140625 MB
2020-02-11 02:30:40,720 Cached:4494.625 MB
2020-02-11 02:32:17,215 ==> Epoch[19](500/553): Loss: 0.1161
2020-02-11 02:32:17,216 Allocated:122.15869140625 MB
2020-02-11 02:32:17,216 Cached:5718.875 MB
2020-02-11 02:33:51,588 ==> Epoch[19](550/553): Loss: 0.1231
2020-02-11 02:33:51,590 Allocated:120.65869140625 MB
2020-02-11 02:33:51,590 Cached:5718.875 MB
2020-02-11 02:34:01,050 ===> Epoch 19 Complete: Avg. Loss: 0.1156
2020-02-11 02:34:01,051 ====> Extracting Features
2020-02-11 02:34:33,775 ==> Batch (50/108)
2020-02-11 02:34:54,174 ==> Batch (100/108)
2020-02-11 02:34:57,552 ====> Building faiss index
2020-02-11 02:34:57,554 ====> Calculating recall @ N
2020-02-11 02:34:57,941 ====> Recall@1: 0.7072
2020-02-11 02:34:57,942 ====> Recall@2: 0.7232
2020-02-11 02:34:57,942 ====> Recall@3: 0.7296
2020-02-11 02:34:57,942 ====> Recall@4: 0.7365
2020-02-11 02:34:57,942 ====> Recall@5: 0.7403
2020-02-11 02:34:57,942 ====> Recall@10: 0.7513
2020-02-11 02:34:57,943 ====> Recall@15: 0.7574
2020-02-11 02:34:57,943 ====> Recall@20: 0.7649
2020-02-11 02:34:57,943 ====> Recall@25: 0.7707
2020-02-11 02:34:58,294 ====> Building Cache
2020-02-11 02:34:58,295 feature cache--->>> /home/annora/NetVLAD/output/train_feat_cache2.hdf5
2020-02-11 02:36:13,256 Allocated:118.65869140625 MB
2020-02-11 02:36:13,257 Cached:4226.25 MB
2020-02-11 02:38:13,469 ==> Epoch[20](50/553): Loss: 0.0819
2020-02-11 02:38:13,472 Allocated:120.65869140625 MB
2020-02-11 02:38:13,472 Cached:4226.25 MB
2020-02-11 02:39:48,653 ==> Epoch[20](100/553): Loss: 0.1032
2020-02-11 02:39:48,655 Allocated:120.65869140625 MB
2020-02-11 02:39:48,655 Cached:5370.75 MB
2020-02-11 02:41:22,618 ==> Epoch[20](150/553): Loss: 0.0819
2020-02-11 02:41:22,619 Allocated:120.65869140625 MB
2020-02-11 02:41:22,620 Cached:5370.75 MB
2020-02-11 02:42:26,263 ====> Building Cache
2020-02-11 02:42:26,264 feature cache--->>> /home/annora/NetVLAD/output/train_feat_cache2.hdf5
2020-02-11 02:43:42,348 Allocated:120.658203125 MB
2020-02-11 02:43:42,349 Cached:3272.625 MB
2020-02-11 02:44:39,637 ==> Epoch[20](200/553): Loss: 0.1724
2020-02-11 02:44:39,638 Allocated:120.65869140625 MB
2020-02-11 02:44:39,638 Cached:3272.625 MB
2020-02-11 02:46:15,368 ==> Epoch[20](250/553): Loss: 0.1251
2020-02-11 02:46:15,369 Allocated:120.65869140625 MB
2020-02-11 02:46:15,369 Cached:5558.5 MB
2020-02-11 02:47:50,371 ==> Epoch[20](300/553): Loss: 0.0612
2020-02-11 02:47:50,372 Allocated:122.15869140625 MB
2020-02-11 02:47:50,373 Cached:6723.125 MB
2020-02-11 02:49:23,963 ==> Epoch[20](350/553): Loss: 0.0885
2020-02-11 02:49:23,964 Allocated:121.15869140625 MB
2020-02-11 02:49:23,964 Cached:9072.75 MB
2020-02-11 02:50:01,642 ====> Building Cache
2020-02-11 02:50:01,643 feature cache--->>> /home/annora/NetVLAD/output/train_feat_cache2.hdf5
2020-02-11 02:51:16,272 Allocated:120.658203125 MB
2020-02-11 02:51:16,273 Cached:3272.625 MB
2020-02-11 02:52:43,345 ==> Epoch[20](400/553): Loss: 0.0539
2020-02-11 02:52:43,347 Allocated:121.65869140625 MB
2020-02-11 02:52:43,347 Cached:5695.5 MB
2020-02-11 02:54:18,976 ==> Epoch[20](450/553): Loss: 0.1069
2020-02-11 02:54:18,977 Allocated:122.15869140625 MB
2020-02-11 02:54:18,977 Cached:5695.5 MB
2020-02-11 02:55:54,146 ==> Epoch[20](500/553): Loss: 0.1116
2020-02-11 02:55:54,147 Allocated:122.03369140625 MB
2020-02-11 02:55:54,148 Cached:6923.875 MB
2020-02-11 02:57:28,889 ==> Epoch[20](550/553): Loss: 0.1426
2020-02-11 02:57:28,890 Allocated:121.03369140625 MB
2020-02-11 02:57:28,890 Cached:2678.875 MB
2020-02-11 02:57:38,301 ===> Epoch 20 Complete: Avg. Loss: 0.1148
2020-02-11 02:57:38,302 ====> Extracting Features
2020-02-11 02:58:10,514 ==> Batch (50/108)
2020-02-11 02:58:30,051 ==> Batch (100/108)
2020-02-11 02:58:33,253 ====> Building faiss index
2020-02-11 02:58:33,254 ====> Calculating recall @ N
2020-02-11 02:58:33,690 ====> Recall@1: 0.7090
2020-02-11 02:58:33,690 ====> Recall@2: 0.7246
2020-02-11 02:58:33,691 ====> Recall@3: 0.7293
2020-02-11 02:58:33,691 ====> Recall@4: 0.7371
2020-02-11 02:58:33,691 ====> Recall@5: 0.7409
2020-02-11 02:58:33,691 ====> Recall@10: 0.7519
2020-02-11 02:58:33,691 ====> Recall@15: 0.7594
2020-02-11 02:58:33,691 ====> Recall@20: 0.7661
2020-02-11 02:58:33,692 ====> Recall@25: 0.7707
2020-02-11 02:58:34,392 ====> Building Cache
2020-02-11 02:58:34,393 feature cache--->>> /home/annora/NetVLAD/output/train_feat_cache2.hdf5
2020-02-11 02:59:49,926 Allocated:119.53369140625 MB
2020-02-11 02:59:49,927 Cached:4226.25 MB
2020-02-11 03:01:52,069 ==> Epoch[21](50/553): Loss: 0.0568
2020-02-11 03:01:52,071 Allocated:121.40869140625 MB
2020-02-11 03:01:52,071 Cached:4230.25 MB
2020-02-11 03:03:25,587 ==> Epoch[21](100/553): Loss: 0.0611
2020-02-11 03:03:25,588 Allocated:120.65869140625 MB
2020-02-11 03:03:25,589 Cached:5358.875 MB
2020-02-11 03:04:59,415 ==> Epoch[21](150/553): Loss: 0.0820
2020-02-11 03:04:59,416 Allocated:120.65869140625 MB
2020-02-11 03:04:59,417 Cached:5358.875 MB
2020-02-11 03:06:07,697 ====> Building Cache
2020-02-11 03:06:07,698 feature cache--->>> /home/annora/NetVLAD/output/train_feat_cache2.hdf5
2020-02-11 03:07:23,743 Allocated:120.658203125 MB
2020-02-11 03:07:23,744 Cached:3527.75 MB
2020-02-11 03:08:21,398 ==> Epoch[21](200/553): Loss: 0.2588
2020-02-11 03:08:21,400 Allocated:120.65869140625 MB
2020-02-11 03:08:21,400 Cached:3528.75 MB
2020-02-11 03:09:55,191 ==> Epoch[21](250/553): Loss: 0.1014
2020-02-11 03:09:55,193 Allocated:120.65869140625 MB
2020-02-11 03:09:55,193 Cached:4673.25 MB
2020-02-11 03:11:29,182 ==> Epoch[21](300/553): Loss: 0.1275
2020-02-11 03:11:29,183 Allocated:120.65869140625 MB
2020-02-11 03:11:29,184 Cached:5827.375 MB
2020-02-11 03:13:05,777 ==> Epoch[21](350/553): Loss: 0.1739
2020-02-11 03:13:05,779 Allocated:121.40869140625 MB
2020-02-11 03:13:05,779 Cached:5827.375 MB
2020-02-11 03:13:43,405 ====> Building Cache
2020-02-11 03:13:43,405 feature cache--->>> /home/annora/NetVLAD/output/train_feat_cache2.hdf5
2020-02-11 03:14:58,865 Allocated:120.658203125 MB
2020-02-11 03:14:58,866 Cached:3527.75 MB
2020-02-11 03:16:27,955 ==> Epoch[21](400/553): Loss: 0.1146
2020-02-11 03:16:27,957 Allocated:121.15869140625 MB
2020-02-11 03:16:27,957 Cached:8307.625 MB
2020-02-11 03:18:07,609 ==> Epoch[21](450/553): Loss: 0.1823
2020-02-11 03:18:07,610 Allocated:122.03369140625 MB
2020-02-11 03:18:07,611 Cached:8307.625 MB
2020-02-11 03:19:46,150 ==> Epoch[21](500/553): Loss: 0.1271
2020-02-11 03:19:46,151 Allocated:121.40869140625 MB
2020-02-11 03:19:46,151 Cached:8307.625 MB
2020-02-11 03:21:24,353 ==> Epoch[21](550/553): Loss: 0.1297
2020-02-11 03:21:24,354 Allocated:120.65869140625 MB
2020-02-11 03:21:24,355 Cached:8307.625 MB
2020-02-11 03:21:34,159 ===> Epoch 21 Complete: Avg. Loss: 0.1164
2020-02-11 03:21:34,160 ====> Extracting Features
2020-02-11 03:22:06,441 ==> Batch (50/108)
2020-02-11 03:22:26,342 ==> Batch (100/108)
2020-02-11 03:22:29,714 ====> Building faiss index
2020-02-11 03:22:29,715 ====> Calculating recall @ N
2020-02-11 03:22:30,107 ====> Recall@1: 0.7096
2020-02-11 03:22:30,107 ====> Recall@2: 0.7246
2020-02-11 03:22:30,108 ====> Recall@3: 0.7301
2020-02-11 03:22:30,108 ====> Recall@4: 0.7377
2020-02-11 03:22:30,108 ====> Recall@5: 0.7406
2020-02-11 03:22:30,108 ====> Recall@10: 0.7519
2020-02-11 03:22:30,108 ====> Recall@15: 0.7597
2020-02-11 03:22:30,108 ====> Recall@20: 0.7658
2020-02-11 03:22:30,109 ====> Recall@25: 0.7707
2020-02-11 03:22:30,477 ====> Building Cache
2020-02-11 03:22:30,477 feature cache--->>> /home/annora/NetVLAD/output/train_feat_cache2.hdf5
2020-02-11 03:23:45,852 Allocated:120.03369140625 MB
2020-02-11 03:23:45,852 Cached:4226.25 MB
2020-02-11 03:25:45,978 ==> Epoch[22](50/553): Loss: 0.1192
2020-02-11 03:25:45,979 Allocated:120.65869140625 MB
2020-02-11 03:25:45,979 Cached:4226.25 MB
2020-02-11 03:27:17,533 ==> Epoch[22](100/553): Loss: 0.0210
2020-02-11 03:27:17,534 Allocated:120.65869140625 MB
2020-02-11 03:27:17,534 Cached:5371.75 MB
2020-02-11 03:28:50,445 ==> Epoch[22](150/553): Loss: 0.0698
2020-02-11 03:28:50,447 Allocated:120.65869140625 MB
2020-02-11 03:28:50,447 Cached:6519.5 MB
2020-02-11 03:29:54,682 ====> Building Cache
2020-02-11 03:29:54,682 feature cache--->>> /home/annora/NetVLAD/output/train_feat_cache2.hdf5
2020-02-11 03:31:10,274 Allocated:120.658203125 MB
2020-02-11 03:31:10,275 Cached:3272.625 MB
2020-02-11 03:32:07,157 ==> Epoch[22](200/553): Loss: 0.0577
2020-02-11 03:32:07,159 Allocated:121.03369140625 MB
2020-02-11 03:32:07,159 Cached:4485.125 MB
2020-02-11 03:33:41,091 ==> Epoch[22](250/553): Loss: 0.1522
2020-02-11 03:33:41,093 Allocated:121.65869140625 MB
2020-02-11 03:33:41,093 Cached:4485.125 MB
2020-02-11 03:35:14,092 ==> Epoch[22](300/553): Loss: 0.1758
2020-02-11 03:35:14,093 Allocated:120.65869140625 MB
2020-02-11 03:35:14,093 Cached:4485.125 MB
2020-02-11 03:36:51,078 ==> Epoch[22](350/553): Loss: 0.1246
2020-02-11 03:36:51,079 Allocated:121.15869140625 MB
2020-02-11 03:36:51,080 Cached:4485.125 MB
2020-02-11 03:37:28,546 ====> Building Cache
2020-02-11 03:37:28,547 feature cache--->>> /home/annora/NetVLAD/output/train_feat_cache2.hdf5
2020-02-11 03:38:44,287 Allocated:120.658203125 MB
2020-02-11 03:38:44,288 Cached:3272.625 MB
2020-02-11 03:40:10,535 ==> Epoch[22](400/553): Loss: 0.0885
2020-02-11 03:40:10,536 Allocated:122.40869140625 MB
2020-02-11 03:40:10,536 Cached:7921.875 MB
2020-02-11 03:41:45,922 ==> Epoch[22](450/553): Loss: 0.0665
2020-02-11 03:41:45,923 Allocated:120.65869140625 MB
2020-02-11 03:41:45,924 Cached:3217.875 MB
2020-02-11 03:43:21,696 ==> Epoch[22](500/553): Loss: 0.1063
2020-02-11 03:43:21,697 Allocated:121.65869140625 MB
2020-02-11 03:43:21,697 Cached:4445.25 MB
2020-02-11 03:44:55,086 ==> Epoch[22](550/553): Loss: 0.1372
2020-02-11 03:44:55,087 Allocated:121.65869140625 MB
2020-02-11 03:44:55,088 Cached:4445.25 MB
2020-02-11 03:45:04,373 ===> Epoch 22 Complete: Avg. Loss: 0.1172
2020-02-11 03:45:04,374 ====> Extracting Features
2020-02-11 03:45:36,820 ==> Batch (50/108)
2020-02-11 03:45:56,588 ==> Batch (100/108)
2020-02-11 03:46:00,306 ====> Building faiss index
2020-02-11 03:46:00,307 ====> Calculating recall @ N
2020-02-11 03:46:00,758 ====> Recall@1: 0.7099
2020-02-11 03:46:00,759 ====> Recall@2: 0.7246
2020-02-11 03:46:00,759 ====> Recall@3: 0.7299
2020-02-11 03:46:00,759 ====> Recall@4: 0.7380
2020-02-11 03:46:00,759 ====> Recall@5: 0.7409
2020-02-11 03:46:00,760 ====> Recall@10: 0.7519
2020-02-11 03:46:00,760 ====> Recall@15: 0.7597
2020-02-11 03:46:00,760 ====> Recall@20: 0.7664
2020-02-11 03:46:00,760 ====> Recall@25: 0.7710
2020-02-11 03:46:01,131 ====> Building Cache
2020-02-11 03:46:01,132 feature cache--->>> /home/annora/NetVLAD/output/train_feat_cache2.hdf5
2020-02-11 03:47:16,773 Allocated:120.65869140625 MB
2020-02-11 03:47:16,774 Cached:4226.25 MB
2020-02-11 03:49:17,286 ==> Epoch[23](50/553): Loss: 0.1716
2020-02-11 03:49:17,288 Allocated:120.65869140625 MB
2020-02-11 03:49:17,288 Cached:4227.25 MB
2020-02-11 03:50:50,370 ==> Epoch[23](100/553): Loss: 0.0677
2020-02-11 03:50:50,372 Allocated:120.65869140625 MB
2020-02-11 03:50:50,372 Cached:4227.25 MB
2020-02-11 03:52:22,730 ==> Epoch[23](150/553): Loss: 0.0840
2020-02-11 03:52:22,731 Allocated:120.65869140625 MB
2020-02-11 03:52:22,732 Cached:4227.25 MB
2020-02-11 03:53:25,163 ====> Building Cache
2020-02-11 03:53:25,163 feature cache--->>> /home/annora/NetVLAD/output/train_feat_cache2.hdf5
2020-02-11 03:54:41,644 Allocated:120.658203125 MB
2020-02-11 03:54:41,645 Cached:3272.625 MB
2020-02-11 03:55:39,529 ==> Epoch[23](200/553): Loss: 0.1308
2020-02-11 03:55:39,530 Allocated:121.65869140625 MB
2020-02-11 03:55:39,531 Cached:3272.625 MB
2020-02-11 03:57:10,788 ==> Epoch[23](250/553): Loss: 0.1255
2020-02-11 03:57:10,789 Allocated:121.03369140625 MB
2020-02-11 03:57:10,790 Cached:4402.25 MB
2020-02-11 03:58:42,933 ==> Epoch[23](300/553): Loss: 0.1637
2020-02-11 03:58:42,934 Allocated:121.03369140625 MB
2020-02-11 03:58:42,935 Cached:4402.25 MB
2020-02-11 04:00:15,199 ==> Epoch[23](350/553): Loss: 0.1412
2020-02-11 04:00:15,201 Allocated:121.15869140625 MB
2020-02-11 04:00:15,201 Cached:6694.5 MB
2020-02-11 04:00:51,313 ====> Building Cache
2020-02-11 04:00:51,313 feature cache--->>> /home/annora/NetVLAD/output/train_feat_cache2.hdf5
2020-02-11 04:02:05,938 Allocated:120.658203125 MB
2020-02-11 04:02:05,938 Cached:3272.625 MB
2020-02-11 04:03:33,956 ==> Epoch[23](400/553): Loss: 0.1018
2020-02-11 04:03:33,957 Allocated:120.65869140625 MB
2020-02-11 04:03:33,957 Cached:7992.0 MB
2020-02-11 04:05:09,565 ==> Epoch[23](450/553): Loss: 0.0858
2020-02-11 04:05:09,567 Allocated:122.15869140625 MB
2020-02-11 04:05:09,567 Cached:7992.0 MB
2020-02-11 04:06:45,827 ==> Epoch[23](500/553): Loss: 0.1485
2020-02-11 04:06:45,828 Allocated:122.15869140625 MB
2020-02-11 04:06:45,828 Cached:7992.0 MB
2020-02-11 04:08:20,255 ==> Epoch[23](550/553): Loss: 0.1484
2020-02-11 04:08:20,256 Allocated:120.65869140625 MB
2020-02-11 04:08:20,257 Cached:7992.0 MB
2020-02-11 04:08:29,780 ===> Epoch 23 Complete: Avg. Loss: 0.1159
2020-02-11 04:08:29,781 ====> Extracting Features
2020-02-11 04:09:02,615 ==> Batch (50/108)
2020-02-11 04:09:22,702 ==> Batch (100/108)
2020-02-11 04:09:26,137 ====> Building faiss index
2020-02-11 04:09:26,138 ====> Calculating recall @ N
2020-02-11 04:09:26,529 ====> Recall@1: 0.7099
2020-02-11 04:09:26,529 ====> Recall@2: 0.7246
2020-02-11 04:09:26,530 ====> Recall@3: 0.7301
2020-02-11 04:09:26,530 ====> Recall@4: 0.7383
2020-02-11 04:09:26,530 ====> Recall@5: 0.7409
2020-02-11 04:09:26,530 ====> Recall@10: 0.7519
2020-02-11 04:09:26,531 ====> Recall@15: 0.7600
2020-02-11 04:09:26,531 ====> Recall@20: 0.7672
2020-02-11 04:09:26,531 ====> Recall@25: 0.7707
2020-02-11 04:09:26,918 ====> Building Cache
2020-02-11 04:09:26,918 feature cache--->>> /home/annora/NetVLAD/output/train_feat_cache2.hdf5
2020-02-11 04:10:41,779 Allocated:118.65869140625 MB
2020-02-11 04:10:41,779 Cached:4226.25 MB
2020-02-11 04:12:43,242 ==> Epoch[24](50/553): Loss: 0.0324
2020-02-11 04:12:43,244 Allocated:121.03369140625 MB
2020-02-11 04:12:43,244 Cached:4230.25 MB
2020-02-11 04:14:15,265 ==> Epoch[24](100/553): Loss: 0.0951
2020-02-11 04:14:15,267 Allocated:120.65869140625 MB
2020-02-11 04:14:15,267 Cached:4230.25 MB
2020-02-11 04:15:48,681 ==> Epoch[24](150/553): Loss: 0.0843
2020-02-11 04:15:48,682 Allocated:120.65869140625 MB
2020-02-11 04:15:48,682 Cached:5374.75 MB
2020-02-11 04:16:51,927 ====> Building Cache
2020-02-11 04:16:51,928 feature cache--->>> /home/annora/NetVLAD/output/train_feat_cache2.hdf5
2020-02-11 04:18:07,025 Allocated:121.283203125 MB
2020-02-11 04:18:07,026 Cached:3905.875 MB
2020-02-11 04:19:03,384 ==> Epoch[24](200/553): Loss: 0.1202
2020-02-11 04:19:03,385 Allocated:120.65869140625 MB
2020-02-11 04:19:03,385 Cached:5111.0 MB
2020-02-11 04:20:38,366 ==> Epoch[24](250/553): Loss: 0.2080
2020-02-11 04:20:38,367 Allocated:121.15869140625 MB
2020-02-11 04:20:38,367 Cached:5112.0 MB
2020-02-11 04:22:13,401 ==> Epoch[24](300/553): Loss: 0.0401
2020-02-11 04:22:13,402 Allocated:121.53369140625 MB
2020-02-11 04:22:13,402 Cached:5112.0 MB
2020-02-11 04:23:48,897 ==> Epoch[24](350/553): Loss: 0.1140
2020-02-11 04:23:48,898 Allocated:120.65869140625 MB
2020-02-11 04:23:48,899 Cached:5112.0 MB
2020-02-11 04:24:26,201 ====> Building Cache
2020-02-11 04:24:26,202 feature cache--->>> /home/annora/NetVLAD/output/train_feat_cache2.hdf5
2020-02-11 04:25:41,416 Allocated:121.158203125 MB
2020-02-11 04:25:41,417 Cached:3905.875 MB
2020-02-11 04:27:07,766 ==> Epoch[24](400/553): Loss: 0.1272
2020-02-11 04:27:07,768 Allocated:120.65869140625 MB
2020-02-11 04:27:07,768 Cached:5105.625 MB
2020-02-11 04:28:45,233 ==> Epoch[24](450/553): Loss: 0.0997
2020-02-11 04:28:45,234 Allocated:120.65869140625 MB
2020-02-11 04:28:45,235 Cached:6320.25 MB
2020-02-11 04:30:22,635 ==> Epoch[24](500/553): Loss: 0.1460
2020-02-11 04:30:22,636 Allocated:120.65869140625 MB
2020-02-11 04:30:22,636 Cached:6320.25 MB
2020-02-11 04:31:59,054 ==> Epoch[24](550/553): Loss: 0.1636
2020-02-11 04:31:59,055 Allocated:121.53369140625 MB
2020-02-11 04:31:59,055 Cached:6320.25 MB
2020-02-11 04:32:08,711 ===> Epoch 24 Complete: Avg. Loss: 0.1158
2020-02-11 04:32:08,712 ====> Extracting Features
2020-02-11 04:32:41,452 ==> Batch (50/108)
2020-02-11 04:33:02,076 ==> Batch (100/108)
2020-02-11 04:33:05,447 ====> Building faiss index
2020-02-11 04:33:05,449 ====> Calculating recall @ N
2020-02-11 04:33:05,887 ====> Recall@1: 0.7096
2020-02-11 04:33:05,888 ====> Recall@2: 0.7255
2020-02-11 04:33:05,888 ====> Recall@3: 0.7313
2020-02-11 04:33:05,888 ====> Recall@4: 0.7383
2020-02-11 04:33:05,889 ====> Recall@5: 0.7412
2020-02-11 04:33:05,889 ====> Recall@10: 0.7522
2020-02-11 04:33:05,889 ====> Recall@15: 0.7600
2020-02-11 04:33:05,889 ====> Recall@20: 0.7667
2020-02-11 04:33:05,889 ====> Recall@25: 0.7707
2020-02-11 04:33:06,617 ====> Building Cache
2020-02-11 04:33:06,618 feature cache--->>> /home/annora/NetVLAD/output/train_feat_cache2.hdf5
2020-02-11 04:34:21,719 Allocated:118.65869140625 MB
2020-02-11 04:34:21,720 Cached:4226.25 MB
2020-02-11 04:36:25,192 ==> Epoch[25](50/553): Loss: 0.0888
2020-02-11 04:36:25,194 Allocated:121.15869140625 MB
2020-02-11 04:36:25,194 Cached:4227.25 MB
2020-02-11 04:38:00,190 ==> Epoch[25](100/553): Loss: 0.0831
2020-02-11 04:38:00,192 Allocated:120.65869140625 MB
2020-02-11 04:38:00,192 Cached:4227.25 MB
2020-02-11 04:39:33,411 ==> Epoch[25](150/553): Loss: 0.0315
2020-02-11 04:39:33,413 Allocated:120.65869140625 MB
2020-02-11 04:39:33,413 Cached:4227.25 MB
2020-02-11 04:40:37,114 ====> Building Cache
2020-02-11 04:40:37,115 feature cache--->>> /home/annora/NetVLAD/output/train_feat_cache2.hdf5
2020-02-11 04:41:52,956 Allocated:120.658203125 MB
2020-02-11 04:41:52,957 Cached:3272.625 MB
2020-02-11 04:42:49,760 ==> Epoch[25](200/553): Loss: 0.1090
2020-02-11 04:42:49,762 Allocated:121.15869140625 MB
2020-02-11 04:42:49,762 Cached:3272.625 MB
2020-02-11 04:44:21,498 ==> Epoch[25](250/553): Loss: 0.0717
2020-02-11 04:44:21,499 Allocated:120.65869140625 MB
2020-02-11 04:44:21,499 Cached:4401.25 MB
2020-02-11 04:45:54,696 ==> Epoch[25](300/553): Loss: 0.1989
2020-02-11 04:45:54,697 Allocated:121.65869140625 MB
2020-02-11 04:45:54,698 Cached:6690.375 MB
2020-02-11 04:47:29,711 ==> Epoch[25](350/553): Loss: 0.1608
2020-02-11 04:47:29,712 Allocated:120.65869140625 MB
2020-02-11 04:47:29,712 Cached:9046.375 MB
2020-02-11 04:48:05,755 ====> Building Cache
2020-02-11 04:48:05,756 feature cache--->>> /home/annora/NetVLAD/output/train_feat_cache2.hdf5
2020-02-11 04:49:20,985 Allocated:122.158203125 MB
2020-02-11 04:49:20,986 Cached:3272.625 MB
2020-02-11 04:50:47,791 ==> Epoch[25](400/553): Loss: 0.0765
2020-02-11 04:50:47,792 Allocated:120.65869140625 MB
2020-02-11 04:50:47,793 Cached:5594.625 MB
2020-02-11 04:52:22,561 ==> Epoch[25](450/553): Loss: 0.1537
2020-02-11 04:52:22,562 Allocated:121.78369140625 MB
2020-02-11 04:52:22,562 Cached:8004.75 MB
2020-02-11 04:53:57,596 ==> Epoch[25](500/553): Loss: 0.0985
2020-02-11 04:53:57,597 Allocated:122.03369140625 MB
2020-02-11 04:53:57,598 Cached:8004.75 MB
2020-02-11 04:55:32,456 ==> Epoch[25](550/553): Loss: 0.1056
2020-02-11 04:55:32,457 Allocated:121.65869140625 MB
2020-02-11 04:55:32,457 Cached:9244.875 MB
2020-02-11 04:55:41,789 ===> Epoch 25 Complete: Avg. Loss: 0.1165
2020-02-11 04:55:41,790 ====> Extracting Features
2020-02-11 04:56:14,634 ==> Batch (50/108)
2020-02-11 04:56:34,826 ==> Batch (100/108)
2020-02-11 04:56:38,536 ====> Building faiss index
2020-02-11 04:56:38,538 ====> Calculating recall @ N
2020-02-11 04:56:38,924 ====> Recall@1: 0.7099
2020-02-11 04:56:38,925 ====> Recall@2: 0.7252
2020-02-11 04:56:38,925 ====> Recall@3: 0.7316
2020-02-11 04:56:38,926 ====> Recall@4: 0.7386
2020-02-11 04:56:38,926 ====> Recall@5: 0.7414
2020-02-11 04:56:38,926 ====> Recall@10: 0.7522
2020-02-11 04:56:38,926 ====> Recall@15: 0.7600
2020-02-11 04:56:38,926 ====> Recall@20: 0.7670
2020-02-11 04:56:38,926 ====> Recall@25: 0.7710
2020-02-11 04:56:39,626 ====> Building Cache
2020-02-11 04:56:39,627 feature cache--->>> /home/annora/NetVLAD/output/train_feat_cache2.hdf5
2020-02-11 04:57:54,675 Allocated:118.65869140625 MB
2020-02-11 04:57:54,676 Cached:4226.25 MB
2020-02-11 04:59:54,962 ==> Epoch[26](50/553): Loss: 0.1063
2020-02-11 04:59:54,964 Allocated:120.65869140625 MB
2020-02-11 04:59:54,964 Cached:4227.25 MB
2020-02-11 05:01:27,233 ==> Epoch[26](100/553): Loss: 0.1142
2020-02-11 05:01:27,234 Allocated:120.65869140625 MB
2020-02-11 05:01:27,235 Cached:4227.25 MB
2020-02-11 05:03:00,272 ==> Epoch[26](150/553): Loss: 0.0780
2020-02-11 05:03:00,273 Allocated:122.03369140625 MB
2020-02-11 05:03:00,273 Cached:4227.25 MB
2020-02-11 05:04:04,488 ====> Building Cache
2020-02-11 05:04:04,488 feature cache--->>> /home/annora/NetVLAD/output/train_feat_cache2.hdf5
2020-02-11 05:05:19,089 Allocated:120.658203125 MB
2020-02-11 05:05:19,089 Cached:3527.75 MB
2020-02-11 05:06:16,816 ==> Epoch[26](200/553): Loss: 0.0642
2020-02-11 05:06:16,817 Allocated:121.65869140625 MB
2020-02-11 05:06:16,818 Cached:4714.75 MB
2020-02-11 05:07:51,002 ==> Epoch[26](250/553): Loss: 0.0612
2020-02-11 05:07:51,003 Allocated:121.03369140625 MB
2020-02-11 05:07:51,003 Cached:5907.125 MB
2020-02-11 05:09:25,628 ==> Epoch[26](300/553): Loss: 0.1388
2020-02-11 05:09:25,629 Allocated:120.65869140625 MB
2020-02-11 05:09:25,630 Cached:5907.125 MB
2020-02-11 05:11:06,734 ==> Epoch[26](350/553): Loss: 0.1973
2020-02-11 05:11:06,736 Allocated:120.78369140625 MB
2020-02-11 05:11:06,736 Cached:5907.125 MB
2020-02-11 05:11:44,488 ====> Building Cache
2020-02-11 05:11:44,489 feature cache--->>> /home/annora/NetVLAD/output/train_feat_cache2.hdf5
2020-02-11 05:12:58,029 Allocated:120.908203125 MB
2020-02-11 05:12:58,030 Cached:3272.625 MB
2020-02-11 05:14:34,548 ==> Epoch[26](400/553): Loss: 0.1390
2020-02-11 05:14:34,549 Allocated:121.15869140625 MB
2020-02-11 05:14:34,549 Cached:6780.5 MB
2020-02-11 05:16:25,320 ==> Epoch[26](450/553): Loss: 0.0689
2020-02-11 05:16:25,322 Allocated:122.03369140625 MB
2020-02-11 05:16:25,322 Cached:6780.5 MB
2020-02-11 05:18:10,584 ==> Epoch[26](500/553): Loss: 0.1024
2020-02-11 05:18:10,585 Allocated:121.90869140625 MB
2020-02-11 05:18:10,586 Cached:6780.5 MB
2020-02-11 05:19:55,195 ==> Epoch[26](550/553): Loss: 0.1123
2020-02-11 05:19:55,196 Allocated:121.03369140625 MB
2020-02-11 05:19:55,196 Cached:2012.75 MB
2020-02-11 05:20:04,626 ===> Epoch 26 Complete: Avg. Loss: 0.1159
2020-02-11 05:20:04,628 ====> Extracting Features
2020-02-11 05:20:36,652 ==> Batch (50/108)
2020-02-11 05:20:56,168 ==> Batch (100/108)
2020-02-11 05:20:59,437 ====> Building faiss index
2020-02-11 05:20:59,439 ====> Calculating recall @ N
2020-02-11 05:20:59,825 ====> Recall@1: 0.7099
2020-02-11 05:20:59,826 ====> Recall@2: 0.7252
2020-02-11 05:20:59,826 ====> Recall@3: 0.7316
2020-02-11 05:20:59,826 ====> Recall@4: 0.7386
2020-02-11 05:20:59,826 ====> Recall@5: 0.7412
2020-02-11 05:20:59,827 ====> Recall@10: 0.7525
2020-02-11 05:20:59,827 ====> Recall@15: 0.7603
2020-02-11 05:20:59,827 ====> Recall@20: 0.7667
2020-02-11 05:20:59,827 ====> Recall@25: 0.7707
2020-02-11 05:21:00,200 ====> Building Cache
2020-02-11 05:21:00,201 feature cache--->>> /home/annora/NetVLAD/output/train_feat_cache2.hdf5
2020-02-11 05:22:13,796 Allocated:118.65869140625 MB
2020-02-11 05:22:13,796 Cached:4226.25 MB
2020-02-11 05:24:12,564 ==> Epoch[27](50/553): Loss: 0.0222
2020-02-11 05:24:12,565 Allocated:120.65869140625 MB
2020-02-11 05:24:12,565 Cached:4226.25 MB
2020-02-11 05:25:43,241 ==> Epoch[27](100/553): Loss: 0.0925
2020-02-11 05:25:43,242 Allocated:120.65869140625 MB
2020-02-11 05:25:43,243 Cached:5364.375 MB
2020-02-11 05:27:12,955 ==> Epoch[27](150/553): Loss: 0.0727
2020-02-11 05:27:12,956 Allocated:120.65869140625 MB
2020-02-11 05:27:12,956 Cached:5364.375 MB
2020-02-11 05:28:15,085 ====> Building Cache
2020-02-11 05:28:15,086 feature cache--->>> /home/annora/NetVLAD/output/train_feat_cache2.hdf5
2020-02-11 05:29:28,812 Allocated:120.658203125 MB
2020-02-11 05:29:28,813 Cached:3527.75 MB
2020-02-11 05:30:27,182 ==> Epoch[27](200/553): Loss: 0.2483
2020-02-11 05:30:27,183 Allocated:120.65869140625 MB
2020-02-11 05:30:27,183 Cached:4669.125 MB
2020-02-11 05:32:08,026 ==> Epoch[27](250/553): Loss: 0.1316
2020-02-11 05:32:08,027 Allocated:120.65869140625 MB
2020-02-11 05:32:08,028 Cached:4669.125 MB
2020-02-11 05:33:50,821 ==> Epoch[27](300/553): Loss: 0.0580
2020-02-11 05:33:50,823 Allocated:121.03369140625 MB
2020-02-11 05:33:50,823 Cached:5820.0 MB
2020-02-11 05:35:34,677 ==> Epoch[27](350/553): Loss: 0.1334
2020-02-11 05:35:34,679 Allocated:120.65869140625 MB
2020-02-11 05:35:34,680 Cached:5820.0 MB
2020-02-11 05:36:12,701 ====> Building Cache
2020-02-11 05:36:12,702 feature cache--->>> /home/annora/NetVLAD/output/train_feat_cache2.hdf5
2020-02-11 05:37:26,546 Allocated:120.658203125 MB
2020-02-11 05:37:26,547 Cached:3272.625 MB
2020-02-11 05:39:07,510 ==> Epoch[27](400/553): Loss: 0.0868
2020-02-11 05:39:07,511 Allocated:121.03369140625 MB
2020-02-11 05:39:07,512 Cached:5667.875 MB
2020-02-11 05:40:53,470 ==> Epoch[27](450/553): Loss: 0.1844
2020-02-11 05:40:53,472 Allocated:120.65869140625 MB
2020-02-11 05:40:53,472 Cached:8084.5 MB
2020-02-11 05:42:42,411 ==> Epoch[27](500/553): Loss: 0.1032
2020-02-11 05:42:42,413 Allocated:121.03369140625 MB
2020-02-11 05:42:42,413 Cached:9311.875 MB
2020-02-11 05:44:29,871 ==> Epoch[27](550/553): Loss: 0.1121
2020-02-11 05:44:29,873 Allocated:121.28369140625 MB
2020-02-11 05:44:29,873 Cached:9311.875 MB
2020-02-11 05:44:39,367 ===> Epoch 27 Complete: Avg. Loss: 0.1170
2020-02-11 05:44:39,368 ====> Extracting Features
2020-02-11 05:45:11,322 ==> Batch (50/108)
2020-02-11 05:45:30,665 ==> Batch (100/108)
2020-02-11 05:45:34,102 ====> Building faiss index
2020-02-11 05:45:34,104 ====> Calculating recall @ N
2020-02-11 05:45:34,506 ====> Recall@1: 0.7099
2020-02-11 05:45:34,506 ====> Recall@2: 0.7255
2020-02-11 05:45:34,507 ====> Recall@3: 0.7319
2020-02-11 05:45:34,507 ====> Recall@4: 0.7388
2020-02-11 05:45:34,507 ====> Recall@5: 0.7412
2020-02-11 05:45:34,507 ====> Recall@10: 0.7525
2020-02-11 05:45:34,508 ====> Recall@15: 0.7597
2020-02-11 05:45:34,508 ====> Recall@20: 0.7661
2020-02-11 05:45:34,508 ====> Recall@25: 0.7707
2020-02-11 05:45:34,866 ====> Building Cache
2020-02-11 05:45:34,866 feature cache--->>> /home/annora/NetVLAD/output/train_feat_cache2.hdf5
2020-02-11 05:46:48,567 Allocated:120.15869140625 MB
2020-02-11 05:46:48,568 Cached:4226.25 MB
2020-02-11 05:48:59,227 ==> Epoch[28](50/553): Loss: 0.0953
2020-02-11 05:48:59,228 Allocated:120.65869140625 MB
2020-02-11 05:48:59,229 Cached:4226.25 MB
2020-02-11 05:50:38,650 ==> Epoch[28](100/553): Loss: 0.1560
2020-02-11 05:50:38,652 Allocated:120.65869140625 MB
2020-02-11 05:50:38,653 Cached:4226.25 MB
2020-02-11 05:52:13,213 ==> Epoch[28](150/553): Loss: 0.0692
2020-02-11 05:52:13,215 Allocated:121.65869140625 MB
2020-02-11 05:52:13,215 Cached:4226.25 MB
2020-02-11 05:53:16,761 ====> Building Cache
2020-02-11 05:53:16,762 feature cache--->>> /home/annora/NetVLAD/output/train_feat_cache2.hdf5
2020-02-11 05:54:30,487 Allocated:121.033203125 MB
2020-02-11 05:54:30,487 Cached:3527.75 MB
2020-02-11 05:55:31,572 ==> Epoch[28](200/553): Loss: 0.4270
2020-02-11 05:55:31,574 Allocated:120.65869140625 MB
2020-02-11 05:55:31,575 Cached:3528.75 MB
2020-02-11 05:57:07,156 ==> Epoch[28](250/553): Loss: 0.1493
2020-02-11 05:57:07,157 Allocated:120.65869140625 MB
2020-02-11 05:57:07,158 Cached:3528.75 MB
2020-02-11 05:58:51,942 ==> Epoch[28](300/553): Loss: 0.1996
2020-02-11 05:58:51,944 Allocated:121.40869140625 MB
2020-02-11 05:58:51,944 Cached:5837.0 MB
2020-02-11 06:00:34,214 ==> Epoch[28](350/553): Loss: 0.1899
2020-02-11 06:00:34,216 Allocated:120.65869140625 MB
2020-02-11 06:00:34,217 Cached:5837.0 MB
2020-02-11 06:01:21,473 ====> Building Cache
2020-02-11 06:01:21,474 feature cache--->>> /home/annora/NetVLAD/output/train_feat_cache2.hdf5
2020-02-11 06:02:35,560 Allocated:120.658203125 MB
2020-02-11 06:02:35,561 Cached:3527.75 MB
2020-02-11 06:04:04,261 ==> Epoch[28](400/553): Loss: 0.0965
2020-02-11 06:04:04,263 Allocated:120.90869140625 MB
2020-02-11 06:04:04,263 Cached:8177.0 MB
2020-02-11 06:05:48,456 ==> Epoch[28](450/553): Loss: 0.1722
2020-02-11 06:05:48,458 Allocated:120.65869140625 MB
2020-02-11 06:05:48,458 Cached:2239.25 MB
2020-02-11 06:07:37,387 ==> Epoch[28](500/553): Loss: 0.1363
2020-02-11 06:07:37,387 Allocated:121.90869140625 MB
2020-02-11 06:07:37,388 Cached:3444.375 MB
2020-02-11 06:09:20,802 ==> Epoch[28](550/553): Loss: 0.1041
2020-02-11 06:09:20,803 Allocated:120.90869140625 MB
2020-02-11 06:09:20,803 Cached:3444.375 MB
2020-02-11 06:09:30,406 ===> Epoch 28 Complete: Avg. Loss: 0.1172
2020-02-11 06:09:30,407 ====> Extracting Features
2020-02-11 06:10:02,467 ==> Batch (50/108)
2020-02-11 06:10:22,402 ==> Batch (100/108)
2020-02-11 06:10:25,434 ====> Building faiss index
2020-02-11 06:10:25,436 ====> Calculating recall @ N
2020-02-11 06:10:25,846 ====> Recall@1: 0.7096
2020-02-11 06:10:25,847 ====> Recall@2: 0.7255
2020-02-11 06:10:25,847 ====> Recall@3: 0.7319
2020-02-11 06:10:25,848 ====> Recall@4: 0.7386
2020-02-11 06:10:25,848 ====> Recall@5: 0.7412
2020-02-11 06:10:25,848 ====> Recall@10: 0.7528
2020-02-11 06:10:25,848 ====> Recall@15: 0.7597
2020-02-11 06:10:25,848 ====> Recall@20: 0.7661
2020-02-11 06:10:25,848 ====> Recall@25: 0.7710
2020-02-11 06:10:26,217 ====> Building Cache
2020-02-11 06:10:26,217 feature cache--->>> /home/annora/NetVLAD/output/train_feat_cache2.hdf5
2020-02-11 06:11:40,090 Allocated:119.65869140625 MB
2020-02-11 06:11:40,091 Cached:4226.25 MB
2020-02-11 06:13:48,866 ==> Epoch[29](50/553): Loss: 0.0454
2020-02-11 06:13:48,868 Allocated:120.78369140625 MB
2020-02-11 06:13:48,868 Cached:5380.375 MB
2020-02-11 06:15:26,779 ==> Epoch[29](100/553): Loss: 0.0911
2020-02-11 06:15:26,781 Allocated:120.65869140625 MB
2020-02-11 06:15:26,781 Cached:5380.375 MB
2020-02-11 06:17:01,230 ==> Epoch[29](150/553): Loss: 0.0507
2020-02-11 06:17:01,232 Allocated:120.65869140625 MB
2020-02-11 06:17:01,232 Cached:5380.375 MB
2020-02-11 06:18:05,596 ====> Building Cache
2020-02-11 06:18:05,596 feature cache--->>> /home/annora/NetVLAD/output/train_feat_cache2.hdf5
2020-02-11 06:19:19,280 Allocated:120.658203125 MB
2020-02-11 06:19:19,281 Cached:3272.625 MB
2020-02-11 06:20:21,787 ==> Epoch[29](200/553): Loss: 0.1329
2020-02-11 06:20:21,789 Allocated:120.65869140625 MB
2020-02-11 06:20:21,790 Cached:3272.625 MB
2020-02-11 06:22:02,828 ==> Epoch[29](250/553): Loss: 0.2018
2020-02-11 06:22:02,829 Allocated:120.65869140625 MB
2020-02-11 06:22:02,829 Cached:7880.5 MB
2020-02-11 06:23:38,449 ==> Epoch[29](300/553): Loss: 0.2445
2020-02-11 06:23:38,450 Allocated:121.03369140625 MB
2020-02-11 06:23:38,450 Cached:7880.5 MB
2020-02-11 06:25:12,711 ==> Epoch[29](350/553): Loss: 0.1345
2020-02-11 06:25:12,712 Allocated:122.15869140625 MB
2020-02-11 06:25:12,713 Cached:7880.5 MB
2020-02-11 06:25:48,299 ====> Building Cache
2020-02-11 06:25:48,299 feature cache--->>> /home/annora/NetVLAD/output/train_feat_cache2.hdf5
2020-02-11 06:27:01,996 Allocated:121.033203125 MB
2020-02-11 06:27:01,997 Cached:3272.625 MB
2020-02-11 06:28:31,258 ==> Epoch[29](400/553): Loss: 0.1297
2020-02-11 06:28:31,259 Allocated:120.65869140625 MB
2020-02-11 06:28:31,260 Cached:5652.0 MB
2020-02-11 06:30:13,902 ==> Epoch[29](450/553): Loss: 0.1080
2020-02-11 06:30:13,903 Allocated:120.65869140625 MB
2020-02-11 06:30:13,904 Cached:5652.0 MB
2020-02-11 06:31:57,488 ==> Epoch[29](500/553): Loss: 0.1438
2020-02-11 06:31:57,490 Allocated:120.78369140625 MB
2020-02-11 06:31:57,490 Cached:5652.0 MB
2020-02-11 06:33:46,649 ==> Epoch[29](550/553): Loss: 0.1307
2020-02-11 06:33:46,650 Allocated:120.65869140625 MB
2020-02-11 06:33:46,651 Cached:6869.875 MB
2020-02-11 06:33:59,509 ===> Epoch 29 Complete: Avg. Loss: 0.1153
2020-02-11 06:33:59,510 ====> Extracting Features
2020-02-11 06:34:31,559 ==> Batch (50/108)
2020-02-11 06:34:51,614 ==> Batch (100/108)
2020-02-11 06:34:54,554 ====> Building faiss index
2020-02-11 06:34:54,556 ====> Calculating recall @ N
2020-02-11 06:34:54,949 ====> Recall@1: 0.7096
2020-02-11 06:34:54,950 ====> Recall@2: 0.7255
2020-02-11 06:34:54,950 ====> Recall@3: 0.7316
2020-02-11 06:34:54,950 ====> Recall@4: 0.7383
2020-02-11 06:34:54,950 ====> Recall@5: 0.7412
2020-02-11 06:34:54,951 ====> Recall@10: 0.7525
2020-02-11 06:34:54,951 ====> Recall@15: 0.7600
2020-02-11 06:34:54,951 ====> Recall@20: 0.7661
2020-02-11 06:34:54,951 ====> Recall@25: 0.7710
2020-02-11 06:34:55,310 ====> Building Cache
2020-02-11 06:34:55,310 feature cache--->>> /home/annora/NetVLAD/output/train_feat_cache2.hdf5
2020-02-11 06:36:09,138 Allocated:119.90869140625 MB
2020-02-11 06:36:09,139 Cached:4226.25 MB
2020-02-11 06:38:14,524 ==> Epoch[30](50/553): Loss: 0.1499
2020-02-11 06:38:14,526 Allocated:121.53369140625 MB
2020-02-11 06:38:14,526 Cached:4226.25 MB
2020-02-11 06:39:45,699 ==> Epoch[30](100/553): Loss: 0.1367
2020-02-11 06:39:45,700 Allocated:120.65869140625 MB
2020-02-11 06:39:45,701 Cached:4226.25 MB
2020-02-11 06:41:16,993 ==> Epoch[30](150/553): Loss: 0.0897
2020-02-11 06:41:16,994 Allocated:120.65869140625 MB
2020-02-11 06:41:16,994 Cached:4227.25 MB
2020-02-11 06:42:21,682 ====> Building Cache
2020-02-11 06:42:21,682 feature cache--->>> /home/annora/NetVLAD/output/train_feat_cache2.hdf5
2020-02-11 06:43:35,822 Allocated:120.658203125 MB
2020-02-11 06:43:35,823 Cached:3272.625 MB
2020-02-11 06:44:34,504 ==> Epoch[30](200/553): Loss: 0.1820
2020-02-11 06:44:34,506 Allocated:120.65869140625 MB
2020-02-11 06:44:34,506 Cached:3273.625 MB
2020-02-11 06:46:14,140 ==> Epoch[30](250/553): Loss: 0.2642
2020-02-11 06:46:14,141 Allocated:121.15869140625 MB
2020-02-11 06:46:14,142 Cached:3273.625 MB
2020-02-11 06:47:56,573 ==> Epoch[30](300/553): Loss: 0.0801
2020-02-11 06:47:56,575 Allocated:120.65869140625 MB
2020-02-11 06:47:56,575 Cached:4415.0 MB
2020-02-11 06:49:36,255 ==> Epoch[30](350/553): Loss: 0.1684
2020-02-11 06:49:36,256 Allocated:120.65869140625 MB
2020-02-11 06:49:36,256 Cached:4415.0 MB
2020-02-11 06:50:13,663 ====> Building Cache
2020-02-11 06:50:13,664 feature cache--->>> /home/annora/NetVLAD/output/train_feat_cache2.hdf5
2020-02-11 06:51:27,751 Allocated:120.658203125 MB
2020-02-11 06:51:27,752 Cached:3272.625 MB
2020-02-11 06:53:06,054 ==> Epoch[30](400/553): Loss: 0.0906
2020-02-11 06:53:06,056 Allocated:120.65869140625 MB
2020-02-11 06:53:06,056 Cached:5639.25 MB
2020-02-11 06:54:56,634 ==> Epoch[30](450/553): Loss: 0.1375
2020-02-11 06:54:56,636 Allocated:121.15869140625 MB
2020-02-11 06:54:56,637 Cached:8030.25 MB
2020-02-11 06:56:48,814 ==> Epoch[30](500/553): Loss: 0.1327
2020-02-11 06:56:48,815 Allocated:122.15869140625 MB
2020-02-11 06:56:48,816 Cached:8030.25 MB
2020-02-11 06:58:38,725 ==> Epoch[30](550/553): Loss: 0.1076
2020-02-11 06:58:38,726 Allocated:121.90869140625 MB
2020-02-11 06:58:38,726 Cached:9241.75 MB
2020-02-11 06:58:51,238 ===> Epoch 30 Complete: Avg. Loss: 0.1157
2020-02-11 06:58:51,239 ====> Extracting Features
2020-02-11 06:59:22,535 ==> Batch (50/108)
2020-02-11 06:59:42,791 ==> Batch (100/108)
2020-02-11 06:59:45,544 ====> Building faiss index
2020-02-11 06:59:45,546 ====> Calculating recall @ N
2020-02-11 06:59:45,942 ====> Recall@1: 0.7096
2020-02-11 06:59:45,943 ====> Recall@2: 0.7258
2020-02-11 06:59:45,943 ====> Recall@3: 0.7319
2020-02-11 06:59:45,944 ====> Recall@4: 0.7383
2020-02-11 06:59:45,944 ====> Recall@5: 0.7414
2020-02-11 06:59:45,944 ====> Recall@10: 0.7528
2020-02-11 06:59:45,944 ====> Recall@15: 0.7597
2020-02-11 06:59:45,944 ====> Recall@20: 0.7664
2020-02-11 06:59:45,944 ====> Recall@25: 0.7710
2020-02-11 06:59:46,303 => Best Recall@5: 0.7414
2020-02-11 07:04:46,397 Finished...