2020-02-01 20:35:11,317 Namespace(arch='alexnet', batchSize=12, cacheBatchSize=96, cachePath='/home/annora/NetVLAD/output/', cacheRefreshRate=3000, ckpt='best', contilearn=True, dataPath='/home/annora/NetVLAD/output/data/', dataset='robotcar', evalEvery=1, fromscratch=False, fromtask='/home/annora/NetVLAD/output/runs/2020-01-08-21-58-34_alexnet_netvlad', lr=0.01, lrGamma=0.5, lrStep=5, margin=0.1, mode='train', momentum=0.9, nEpochs=30, nGPU=1, nocuda=False, num_clusters=64, optim='SGD', patience=10, pooling='netvlad', premodel='imagenet', resume='', runsPath='/home/annora/NetVLAD/output/runs/', savePath='checkpoints', seed=123, split='val', start_epoch=0, threads=8, vladv2=False, weightDecay=0.001)
2020-02-01 20:35:11,426 ===> Loading dataset(s)
2020-02-01 20:35:11,427 trainfile ------>>>>>> oxRobocar_doubleN_train.mat
2020-02-01 20:35:14,523 ====> Training set: oxRobocar_doubleN_train.mat, query set count: 6404
2020-02-01 20:35:14,648 ===> Evaluating on val set: oxRobocar_doubleN_val.mat, query count: 3450
2020-02-01 20:35:14,648 ===> Building model
2020-02-01 20:35:14,710 encoder moder:
AlexNet(
  (conv1): Sequential(
    (0): Conv2d(3, 64, kernel_size=(11, 11), stride=(4, 4), padding=(2, 2))
    (1): ReLU(inplace)
    (2): MaxPool2d(kernel_size=3, stride=2, padding=0, dilation=1, ceil_mode=False)
  )
  (conv2): Sequential(
    (0): Conv2d(64, 192, kernel_size=(5, 5), stride=(1, 1), padding=(2, 2))
    (1): ReLU(inplace)
    (2): MaxPool2d(kernel_size=3, stride=2, padding=0, dilation=1, ceil_mode=False)
  )
  (conv3): Sequential(
    (0): Conv2d(192, 384, kernel_size=(3, 3), stride=(1, 1), padding=(1, 1))
    (1): ReLU(inplace)
  )
  (conv4): Sequential(
    (0): Conv2d(384, 256, kernel_size=(3, 3), stride=(1, 1), padding=(1, 1))
    (1): ReLU(inplace)
  )
  (conv5): Sequential(
    (0): Conv2d(256, 256, kernel_size=(3, 3), stride=(1, 1), padding=(1, 1))
  )
)
2020-02-01 20:35:21,287 => loading checkpoint '/home/annora/NetVLAD/output/runs/2020-01-08-21-58-34_alexnet_netvlad/checkpoints/model_best.pth.tar'
2020-02-01 20:35:21,571 => loaded checkpoint '/home/annora/NetVLAD/output/runs/2020-01-08-21-58-34_alexnet_netvlad/checkpoints/model_best.pth.tar' 
2020-02-01 20:35:21,571 ===> Training model
2020-02-01 20:35:21,574 ===> Saving state to: /home/annora/NetVLAD/output/runs/2020-02-01-20-35-21_alexnet_netvlad
2020-02-01 20:35:21,574 ====> Building Cache
2020-02-01 20:35:21,574 feature cache--->>> /home/annora/NetVLAD/output/train_feat_cache1.hdf5
2020-02-01 20:37:04,593 Allocated:99.47119140625 MB
2020-02-01 20:37:04,593 Cached:2864.375 MB
2020-02-01 20:40:03,284 ==> Epoch[1](50/534): Loss: 0.2288
2020-02-01 20:40:03,286 Allocated:121.28369140625 MB
2020-02-01 20:40:03,287 Cached:6757.375 MB
2020-02-01 20:42:15,284 ==> Epoch[1](100/534): Loss: 0.2446
2020-02-01 20:42:15,286 Allocated:121.53369140625 MB
2020-02-01 20:42:15,286 Cached:6757.375 MB
2020-02-01 20:44:26,552 ==> Epoch[1](150/534): Loss: 0.2626
2020-02-01 20:44:26,556 Allocated:122.28369140625 MB
2020-02-01 20:44:26,556 Cached:6757.375 MB
2020-02-01 20:45:43,812 ====> Building Cache
2020-02-01 20:45:43,813 feature cache--->>> /home/annora/NetVLAD/output/train_feat_cache1.hdf5
2020-02-01 20:47:15,706 Allocated:121.283203125 MB
2020-02-01 20:47:15,707 Cached:3387.25 MB
2020-02-01 20:49:10,496 ==> Epoch[1](200/534): Loss: 0.2620
2020-02-01 20:49:10,498 Allocated:121.53369140625 MB
2020-02-01 20:49:10,499 Cached:7278.25 MB
2020-02-01 20:51:22,842 ==> Epoch[1](250/534): Loss: 0.2966
2020-02-01 20:51:22,844 Allocated:121.53369140625 MB
2020-02-01 20:51:22,844 Cached:7278.25 MB
2020-02-01 20:53:32,670 ==> Epoch[1](300/534): Loss: 0.2654
2020-02-01 20:53:32,672 Allocated:121.53369140625 MB
2020-02-01 20:53:32,673 Cached:7278.25 MB
2020-02-01 20:55:53,001 ==> Epoch[1](350/534): Loss: 0.2664
2020-02-01 20:55:53,003 Allocated:121.53369140625 MB
2020-02-01 20:55:53,004 Cached:7278.25 MB
2020-02-01 20:56:07,222 ====> Building Cache
2020-02-01 20:56:07,223 feature cache--->>> /home/annora/NetVLAD/output/train_feat_cache1.hdf5
2020-02-01 20:57:38,911 Allocated:121.283203125 MB
2020-02-01 20:57:38,911 Cached:3387.25 MB
2020-02-01 21:00:23,763 ==> Epoch[1](400/534): Loss: 0.2202
2020-02-01 21:00:23,766 Allocated:122.03369140625 MB
2020-02-01 21:00:23,766 Cached:7278.25 MB
2020-02-01 21:02:35,759 ==> Epoch[1](450/534): Loss: 0.2008
2020-02-01 21:02:35,761 Allocated:121.28369140625 MB
2020-02-01 21:02:35,762 Cached:7278.25 MB
2020-02-01 21:04:46,011 ==> Epoch[1](500/534): Loss: 0.1995
2020-02-01 21:04:46,013 Allocated:122.03369140625 MB
2020-02-01 21:04:46,013 Cached:7278.25 MB
2020-02-01 21:06:10,493 ===> Epoch 1 Complete: Avg. Loss: 0.2455
2020-02-01 21:06:10,496 ====> Extracting Features
2020-02-01 21:06:46,318 ==> Batch (50/108)
2020-02-01 21:07:10,307 ==> Batch (100/108)
2020-02-01 21:07:15,548 ====> Building faiss index
2020-02-01 21:07:15,919 ====> Calculating recall @ N
2020-02-01 21:07:18,273 ====> Recall@1: 0.4658
2020-02-01 21:07:18,274 ====> Recall@2: 0.5142
2020-02-01 21:07:18,274 ====> Recall@3: 0.5435
2020-02-01 21:07:18,274 ====> Recall@4: 0.5614
2020-02-01 21:07:18,274 ====> Recall@5: 0.5788
2020-02-01 21:07:18,275 ====> Recall@10: 0.6284
2020-02-01 21:07:18,275 ====> Recall@15: 0.6557
2020-02-01 21:07:18,275 ====> Recall@20: 0.6754
2020-02-01 21:07:18,275 ====> Recall@25: 0.6890
2020-02-01 21:07:18,607 ====> Building Cache
2020-02-01 21:07:18,607 feature cache--->>> /home/annora/NetVLAD/output/train_feat_cache1.hdf5
2020-02-01 21:08:55,710 Allocated:119.28369140625 MB
2020-02-01 21:08:55,711 Cached:4477.25 MB
2020-02-01 21:11:46,153 ==> Epoch[2](50/534): Loss: 0.2199
2020-02-01 21:11:46,155 Allocated:121.40869140625 MB
2020-02-01 21:11:46,155 Cached:8366.25 MB
2020-02-01 21:14:03,525 ==> Epoch[2](100/534): Loss: 0.2112
2020-02-01 21:14:03,530 Allocated:122.03369140625 MB
2020-02-01 21:14:03,530 Cached:8366.25 MB
2020-02-01 21:16:11,421 ==> Epoch[2](150/534): Loss: 0.1841
2020-02-01 21:16:11,423 Allocated:121.40869140625 MB
2020-02-01 21:16:11,423 Cached:8366.25 MB
2020-02-01 21:17:22,420 ====> Building Cache
2020-02-01 21:17:22,422 feature cache--->>> /home/annora/NetVLAD/output/train_feat_cache1.hdf5
2020-02-01 21:19:02,957 Allocated:122.158203125 MB
2020-02-01 21:19:02,958 Cached:2942.5 MB
2020-02-01 21:20:38,793 ==> Epoch[2](200/534): Loss: 0.2660
2020-02-01 21:20:38,795 Allocated:122.03369140625 MB
2020-02-01 21:20:38,796 Cached:6833.5 MB
2020-02-01 21:22:56,624 ==> Epoch[2](250/534): Loss: 0.2423
2020-02-01 21:22:56,626 Allocated:121.65869140625 MB
2020-02-01 21:22:56,627 Cached:6833.5 MB
2020-02-01 21:25:08,412 ==> Epoch[2](300/534): Loss: 0.2223
2020-02-01 21:25:08,414 Allocated:121.28369140625 MB
2020-02-01 21:25:08,414 Cached:6833.5 MB
2020-02-01 21:27:30,222 ==> Epoch[2](350/534): Loss: 0.2546
2020-02-01 21:27:30,225 Allocated:121.15869140625 MB
2020-02-01 21:27:30,225 Cached:6833.5 MB
2020-02-01 21:27:45,825 ====> Building Cache
2020-02-01 21:27:45,826 feature cache--->>> /home/annora/NetVLAD/output/train_feat_cache1.hdf5
2020-02-01 21:29:15,087 Allocated:121.283203125 MB
2020-02-01 21:29:15,088 Cached:3387.25 MB
2020-02-01 21:31:50,528 ==> Epoch[2](400/534): Loss: 0.1823
2020-02-01 21:31:50,529 Allocated:121.90869140625 MB
2020-02-01 21:31:50,530 Cached:7278.25 MB
2020-02-01 21:34:00,583 ==> Epoch[2](450/534): Loss: 0.1418
2020-02-01 21:34:00,584 Allocated:121.28369140625 MB
2020-02-01 21:34:00,585 Cached:7278.25 MB
2020-02-01 21:36:17,818 ==> Epoch[2](500/534): Loss: 0.1367
2020-02-01 21:36:17,820 Allocated:121.15869140625 MB
2020-02-01 21:36:17,821 Cached:7278.25 MB
2020-02-01 21:37:45,401 ===> Epoch 2 Complete: Avg. Loss: 0.1868
2020-02-01 21:37:45,402 ====> Extracting Features
2020-02-01 21:38:22,418 ==> Batch (50/108)
2020-02-01 21:38:43,670 ==> Batch (100/108)
2020-02-01 21:38:48,198 ====> Building faiss index
2020-02-01 21:38:48,542 ====> Calculating recall @ N
2020-02-01 21:38:50,796 ====> Recall@1: 0.4725
2020-02-01 21:38:50,797 ====> Recall@2: 0.5180
2020-02-01 21:38:50,797 ====> Recall@3: 0.5472
2020-02-01 21:38:50,797 ====> Recall@4: 0.5675
2020-02-01 21:38:50,798 ====> Recall@5: 0.5817
2020-02-01 21:38:50,798 ====> Recall@10: 0.6255
2020-02-01 21:38:50,798 ====> Recall@15: 0.6545
2020-02-01 21:38:50,798 ====> Recall@20: 0.6768
2020-02-01 21:38:50,798 ====> Recall@25: 0.6930
2020-02-01 21:38:51,555 ====> Building Cache
2020-02-01 21:38:51,556 feature cache--->>> /home/annora/NetVLAD/output/train_feat_cache1.hdf5
2020-02-01 21:40:31,319 Allocated:119.15869140625 MB
2020-02-01 21:40:31,319 Cached:4477.25 MB
2020-02-01 21:43:28,725 ==> Epoch[3](50/534): Loss: 0.2147
2020-02-01 21:43:28,728 Allocated:122.15869140625 MB
2020-02-01 21:43:28,728 Cached:8366.25 MB
2020-02-01 21:45:47,844 ==> Epoch[3](100/534): Loss: 0.1513
2020-02-01 21:45:47,846 Allocated:121.90869140625 MB
2020-02-01 21:45:47,847 Cached:8366.25 MB
2020-02-01 21:48:01,488 ==> Epoch[3](150/534): Loss: 0.1649
2020-02-01 21:48:01,491 Allocated:121.90869140625 MB
2020-02-01 21:48:01,491 Cached:8366.25 MB
2020-02-01 21:49:14,674 ====> Building Cache
2020-02-01 21:49:14,675 feature cache--->>> /home/annora/NetVLAD/output/train_feat_cache1.hdf5
2020-02-01 21:50:50,649 Allocated:121.158203125 MB
2020-02-01 21:50:50,649 Cached:3387.25 MB
2020-02-01 21:52:32,415 ==> Epoch[3](200/534): Loss: 0.2297
2020-02-01 21:52:32,418 Allocated:121.15869140625 MB
2020-02-01 21:52:32,418 Cached:7278.25 MB
2020-02-01 21:54:46,275 ==> Epoch[3](250/534): Loss: 0.2740
2020-02-01 21:54:46,277 Allocated:121.53369140625 MB
2020-02-01 21:54:46,278 Cached:7278.25 MB
2020-02-01 21:56:58,971 ==> Epoch[3](300/534): Loss: 0.2582
2020-02-01 21:56:58,973 Allocated:121.15869140625 MB
2020-02-01 21:56:58,973 Cached:7278.25 MB
2020-02-01 21:59:05,910 ==> Epoch[3](350/534): Loss: 0.2117
2020-02-01 21:59:05,912 Allocated:122.65869140625 MB
2020-02-01 21:59:05,912 Cached:7278.25 MB
2020-02-01 21:59:19,695 ====> Building Cache
2020-02-01 21:59:19,696 feature cache--->>> /home/annora/NetVLAD/output/train_feat_cache1.hdf5
2020-02-01 22:00:53,925 Allocated:122.408203125 MB
2020-02-01 22:00:53,925 Cached:3387.25 MB
2020-02-01 22:03:41,277 ==> Epoch[3](400/534): Loss: 0.1319
2020-02-01 22:03:41,279 Allocated:121.28369140625 MB
2020-02-01 22:03:41,279 Cached:8518.375 MB
2020-02-01 22:05:55,843 ==> Epoch[3](450/534): Loss: 0.1635
2020-02-01 22:05:55,845 Allocated:121.28369140625 MB
2020-02-01 22:05:55,846 Cached:8518.375 MB
2020-02-01 22:08:09,444 ==> Epoch[3](500/534): Loss: 0.1237
2020-02-01 22:08:09,446 Allocated:121.90869140625 MB
2020-02-01 22:08:09,446 Cached:8518.375 MB
2020-02-01 22:09:35,329 ===> Epoch 3 Complete: Avg. Loss: 0.1654
2020-02-01 22:09:35,331 ====> Extracting Features
2020-02-01 22:10:13,153 ==> Batch (50/108)
2020-02-01 22:10:36,402 ==> Batch (100/108)
2020-02-01 22:10:41,262 ====> Building faiss index
2020-02-01 22:10:41,613 ====> Calculating recall @ N
2020-02-01 22:10:43,856 ====> Recall@1: 0.4757
2020-02-01 22:10:43,857 ====> Recall@2: 0.5235
2020-02-01 22:10:43,858 ====> Recall@3: 0.5583
2020-02-01 22:10:43,859 ====> Recall@4: 0.5786
2020-02-01 22:10:43,859 ====> Recall@5: 0.5890
2020-02-01 22:10:43,859 ====> Recall@10: 0.6281
2020-02-01 22:10:43,859 ====> Recall@15: 0.6536
2020-02-01 22:10:43,860 ====> Recall@20: 0.6719
2020-02-01 22:10:43,860 ====> Recall@25: 0.6919
2020-02-01 22:10:44,658 ====> Building Cache
2020-02-01 22:10:44,659 feature cache--->>> /home/annora/NetVLAD/output/train_feat_cache1.hdf5
2020-02-01 22:12:17,111 Allocated:119.15869140625 MB
2020-02-01 22:12:17,111 Cached:4243.0 MB
2020-02-01 22:15:18,587 ==> Epoch[4](50/534): Loss: 0.1441
2020-02-01 22:15:18,590 Allocated:121.28369140625 MB
2020-02-01 22:15:18,590 Cached:8133.0 MB
2020-02-01 22:17:24,418 ==> Epoch[4](100/534): Loss: 0.1294
2020-02-01 22:17:24,420 Allocated:121.90869140625 MB
2020-02-01 22:17:24,421 Cached:8133.0 MB
2020-02-01 22:19:28,137 ==> Epoch[4](150/534): Loss: 0.1075
2020-02-01 22:19:28,139 Allocated:122.03369140625 MB
2020-02-01 22:19:28,139 Cached:8133.0 MB
2020-02-01 22:20:34,981 ====> Building Cache
2020-02-01 22:20:34,982 feature cache--->>> /home/annora/NetVLAD/output/train_feat_cache1.hdf5
2020-02-01 22:22:15,673 Allocated:122.033203125 MB
2020-02-01 22:22:15,674 Cached:3557.125 MB
2020-02-01 22:23:54,760 ==> Epoch[4](200/534): Loss: 0.2146
2020-02-01 22:23:54,763 Allocated:121.15869140625 MB
2020-02-01 22:23:54,763 Cached:7448.125 MB
2020-02-01 22:26:02,369 ==> Epoch[4](250/534): Loss: 0.2105
2020-02-01 22:26:02,372 Allocated:121.65869140625 MB
2020-02-01 22:26:02,372 Cached:7448.125 MB
2020-02-01 22:28:11,909 ==> Epoch[4](300/534): Loss: 0.2044
2020-02-01 22:28:11,912 Allocated:121.15869140625 MB
2020-02-01 22:28:11,912 Cached:7448.125 MB
2020-02-01 22:30:14,692 ==> Epoch[4](350/534): Loss: 0.2356
2020-02-01 22:30:14,695 Allocated:121.90869140625 MB
2020-02-01 22:30:14,695 Cached:7448.125 MB
2020-02-01 22:30:31,101 ====> Building Cache
2020-02-01 22:30:31,102 feature cache--->>> /home/annora/NetVLAD/output/train_feat_cache1.hdf5
2020-02-01 22:32:09,007 Allocated:121.158203125 MB
2020-02-01 22:32:09,008 Cached:3559.625 MB
2020-02-01 22:34:49,091 ==> Epoch[4](400/534): Loss: 0.1567
2020-02-01 22:34:49,094 Allocated:121.78369140625 MB
2020-02-01 22:34:49,094 Cached:5342.75 MB
2020-02-01 22:36:59,433 ==> Epoch[4](450/534): Loss: 0.1025
2020-02-01 22:36:59,437 Allocated:121.90869140625 MB
2020-02-01 22:36:59,437 Cached:5342.75 MB
2020-02-01 22:39:08,978 ==> Epoch[4](500/534): Loss: 0.1213
2020-02-01 22:39:08,981 Allocated:121.15869140625 MB
2020-02-01 22:39:08,981 Cached:5342.75 MB
2020-02-01 22:40:34,765 ===> Epoch 4 Complete: Avg. Loss: 0.1542
2020-02-01 22:40:34,767 ====> Extracting Features
2020-02-01 22:41:09,018 ==> Batch (50/108)
2020-02-01 22:41:32,602 ==> Batch (100/108)
2020-02-01 22:41:37,542 ====> Building faiss index
2020-02-01 22:41:37,905 ====> Calculating recall @ N
2020-02-01 22:41:40,194 ====> Recall@1: 0.4852
2020-02-01 22:41:40,195 ====> Recall@2: 0.5351
2020-02-01 22:41:40,195 ====> Recall@3: 0.5617
2020-02-01 22:41:40,196 ====> Recall@4: 0.5777
2020-02-01 22:41:40,196 ====> Recall@5: 0.5925
2020-02-01 22:41:40,196 ====> Recall@10: 0.6293
2020-02-01 22:41:40,197 ====> Recall@15: 0.6513
2020-02-01 22:41:40,197 ====> Recall@20: 0.6704
2020-02-01 22:41:40,197 ====> Recall@25: 0.6826
2020-02-01 22:41:41,002 ====> Building Cache
2020-02-01 22:41:41,002 feature cache--->>> /home/annora/NetVLAD/output/train_feat_cache1.hdf5
2020-02-01 22:43:16,263 Allocated:119.53369140625 MB
2020-02-01 22:43:16,264 Cached:4477.25 MB
2020-02-01 22:46:10,849 ==> Epoch[5](50/534): Loss: 0.1698
2020-02-01 22:46:10,853 Allocated:122.03369140625 MB
2020-02-01 22:46:10,853 Cached:3909.125 MB
2020-02-01 22:48:16,942 ==> Epoch[5](100/534): Loss: 0.1178
2020-02-01 22:48:16,945 Allocated:121.15869140625 MB
2020-02-01 22:48:16,945 Cached:7630.125 MB
2020-02-01 22:50:21,669 ==> Epoch[5](150/534): Loss: 0.0942
2020-02-01 22:50:21,672 Allocated:121.15869140625 MB
2020-02-01 22:50:21,672 Cached:7630.125 MB
2020-02-01 22:51:35,316 ====> Building Cache
2020-02-01 22:51:35,317 feature cache--->>> /home/annora/NetVLAD/output/train_feat_cache1.hdf5
2020-02-01 22:53:11,102 Allocated:121.908203125 MB
2020-02-01 22:53:11,102 Cached:3387.25 MB
2020-02-01 22:54:54,757 ==> Epoch[5](200/534): Loss: 0.1862
2020-02-01 22:54:54,759 Allocated:121.90869140625 MB
2020-02-01 22:54:54,759 Cached:7278.25 MB
2020-02-01 22:57:11,892 ==> Epoch[5](250/534): Loss: 0.2092
2020-02-01 22:57:11,895 Allocated:121.15869140625 MB
2020-02-01 22:57:11,895 Cached:7278.25 MB
2020-02-01 22:59:18,557 ==> Epoch[5](300/534): Loss: 0.1308
2020-02-01 22:59:18,560 Allocated:122.03369140625 MB
2020-02-01 22:59:18,560 Cached:7278.25 MB
2020-02-01 23:01:27,511 ==> Epoch[5](350/534): Loss: 0.1410
2020-02-01 23:01:27,513 Allocated:121.90869140625 MB
2020-02-01 23:01:27,513 Cached:7278.25 MB
2020-02-01 23:01:42,488 ====> Building Cache
2020-02-01 23:01:42,490 feature cache--->>> /home/annora/NetVLAD/output/train_feat_cache1.hdf5
2020-02-01 23:03:17,035 Allocated:121.658203125 MB
2020-02-01 23:03:17,036 Cached:3559.625 MB
2020-02-01 23:05:59,269 ==> Epoch[5](400/534): Loss: 0.1466
2020-02-01 23:05:59,274 Allocated:122.03369140625 MB
2020-02-01 23:05:59,274 Cached:9934.125 MB
2020-02-01 23:08:04,801 ==> Epoch[5](450/534): Loss: 0.1003
2020-02-01 23:08:04,804 Allocated:121.78369140625 MB
2020-02-01 23:08:04,804 Cached:9934.125 MB
2020-02-01 23:10:11,413 ==> Epoch[5](500/534): Loss: 0.1162
2020-02-01 23:10:11,417 Allocated:122.03369140625 MB
2020-02-01 23:10:11,418 Cached:9934.125 MB
2020-02-01 23:11:38,424 ===> Epoch 5 Complete: Avg. Loss: 0.1493
2020-02-01 23:11:38,426 ====> Extracting Features
2020-02-01 23:12:18,237 ==> Batch (50/108)
2020-02-01 23:12:42,503 ==> Batch (100/108)
2020-02-01 23:12:47,672 ====> Building faiss index
2020-02-01 23:12:48,030 ====> Calculating recall @ N
2020-02-01 23:12:50,457 ====> Recall@1: 0.4893
2020-02-01 23:12:50,458 ====> Recall@2: 0.5386
2020-02-01 23:12:50,458 ====> Recall@3: 0.5614
2020-02-01 23:12:50,458 ====> Recall@4: 0.5812
2020-02-01 23:12:50,459 ====> Recall@5: 0.5916
2020-02-01 23:12:50,459 ====> Recall@10: 0.6226
2020-02-01 23:12:50,459 ====> Recall@15: 0.6475
2020-02-01 23:12:50,459 ====> Recall@20: 0.6687
2020-02-01 23:12:50,459 ====> Recall@25: 0.6820
2020-02-01 23:12:50,909 ====> Building Cache
2020-02-01 23:12:50,910 feature cache--->>> /home/annora/NetVLAD/output/train_feat_cache1.hdf5
2020-02-01 23:14:20,835 Allocated:119.28369140625 MB
2020-02-01 23:14:20,835 Cached:4150.875 MB
2020-02-01 23:17:26,317 ==> Epoch[6](50/534): Loss: 0.1669
2020-02-01 23:17:26,321 Allocated:121.15869140625 MB
2020-02-01 23:17:26,321 Cached:5636.125 MB
2020-02-01 23:19:24,437 ==> Epoch[6](100/534): Loss: 0.1002
2020-02-01 23:19:24,440 Allocated:121.90869140625 MB
2020-02-01 23:19:24,440 Cached:5636.125 MB
2020-02-01 23:21:46,322 ==> Epoch[6](150/534): Loss: 0.1243
2020-02-01 23:21:46,324 Allocated:121.53369140625 MB
2020-02-01 23:21:46,324 Cached:5636.125 MB
2020-02-01 23:22:55,713 ====> Building Cache
2020-02-01 23:22:55,713 feature cache--->>> /home/annora/NetVLAD/output/train_feat_cache1.hdf5
2020-02-01 23:24:27,964 Allocated:121.158203125 MB
2020-02-01 23:24:27,965 Cached:3743.25 MB
2020-02-01 23:26:22,826 ==> Epoch[6](200/534): Loss: 0.1727
2020-02-01 23:26:22,828 Allocated:121.15869140625 MB
2020-02-01 23:26:22,829 Cached:7634.25 MB
2020-02-01 23:28:22,418 ==> Epoch[6](250/534): Loss: 0.1846
2020-02-01 23:28:22,421 Allocated:121.53369140625 MB
2020-02-01 23:28:22,422 Cached:7634.25 MB
2020-02-01 23:30:42,007 ==> Epoch[6](300/534): Loss: 0.2216
2020-02-01 23:30:42,009 Allocated:122.53369140625 MB
2020-02-01 23:30:42,010 Cached:7634.25 MB
2020-02-01 23:32:49,125 ==> Epoch[6](350/534): Loss: 0.2027
2020-02-01 23:32:49,127 Allocated:121.53369140625 MB
2020-02-01 23:32:49,127 Cached:7634.25 MB
2020-02-01 23:33:03,665 ====> Building Cache
2020-02-01 23:33:03,665 feature cache--->>> /home/annora/NetVLAD/output/train_feat_cache1.hdf5
2020-02-01 23:34:39,670 Allocated:122.158203125 MB
2020-02-01 23:34:39,671 Cached:3387.25 MB
2020-02-01 23:37:17,734 ==> Epoch[6](400/534): Loss: 0.1166
2020-02-01 23:37:17,736 Allocated:122.28369140625 MB
2020-02-01 23:37:17,736 Cached:7278.25 MB
2020-02-01 23:39:25,307 ==> Epoch[6](450/534): Loss: 0.0819
2020-02-01 23:39:25,309 Allocated:121.15869140625 MB
2020-02-01 23:39:25,309 Cached:7278.25 MB
2020-02-01 23:41:28,553 ==> Epoch[6](500/534): Loss: 0.1081
2020-02-01 23:41:28,555 Allocated:122.53369140625 MB
2020-02-01 23:41:28,555 Cached:7278.25 MB
2020-02-01 23:42:52,236 ===> Epoch 6 Complete: Avg. Loss: 0.1443
2020-02-01 23:42:52,238 ====> Extracting Features
2020-02-01 23:43:34,779 ==> Batch (50/108)
2020-02-01 23:44:02,633 ==> Batch (100/108)
2020-02-01 23:44:08,075 ====> Building faiss index
2020-02-01 23:44:08,446 ====> Calculating recall @ N
2020-02-01 23:44:12,670 ====> Recall@1: 0.5035
2020-02-01 23:44:12,671 ====> Recall@2: 0.5461
2020-02-01 23:44:12,671 ====> Recall@3: 0.5684
2020-02-01 23:44:12,672 ====> Recall@4: 0.5820
2020-02-01 23:44:12,672 ====> Recall@5: 0.5936
2020-02-01 23:44:12,672 ====> Recall@10: 0.6287
2020-02-01 23:44:12,672 ====> Recall@15: 0.6519
2020-02-01 23:44:12,672 ====> Recall@20: 0.6664
2020-02-01 23:44:12,673 ====> Recall@25: 0.6800
2020-02-01 23:44:13,467 ====> Building Cache
2020-02-01 23:44:13,467 feature cache--->>> /home/annora/NetVLAD/output/train_feat_cache1.hdf5
2020-02-01 23:45:44,082 Allocated:120.03369140625 MB
2020-02-01 23:45:44,083 Cached:4150.875 MB
2020-02-01 23:48:34,336 ==> Epoch[7](50/534): Loss: 0.0995
2020-02-01 23:48:34,338 Allocated:121.90869140625 MB
2020-02-01 23:48:34,338 Cached:8039.875 MB
2020-02-01 23:50:42,463 ==> Epoch[7](100/534): Loss: 0.1492
2020-02-01 23:50:42,465 Allocated:121.15869140625 MB
2020-02-01 23:50:42,465 Cached:8039.875 MB
2020-02-01 23:52:56,887 ==> Epoch[7](150/534): Loss: 0.1203
2020-02-01 23:52:56,890 Allocated:122.03369140625 MB
2020-02-01 23:52:56,890 Cached:8039.875 MB
2020-02-01 23:54:11,410 ====> Building Cache
2020-02-01 23:54:11,411 feature cache--->>> /home/annora/NetVLAD/output/train_feat_cache1.hdf5
2020-02-01 23:55:41,886 Allocated:121.908203125 MB
2020-02-01 23:55:41,887 Cached:3387.25 MB
2020-02-01 23:57:23,562 ==> Epoch[7](200/534): Loss: 0.1844
2020-02-01 23:57:23,565 Allocated:121.15869140625 MB
2020-02-01 23:57:23,565 Cached:8567.125 MB
2020-02-01 23:59:34,179 ==> Epoch[7](250/534): Loss: 0.2028
2020-02-01 23:59:34,182 Allocated:123.15869140625 MB
2020-02-01 23:59:34,182 Cached:8567.125 MB
2020-02-02 00:01:45,286 ==> Epoch[7](300/534): Loss: 0.2506
2020-02-02 00:01:45,288 Allocated:121.40869140625 MB
2020-02-02 00:01:45,288 Cached:8567.125 MB
2020-02-02 00:04:04,388 ==> Epoch[7](350/534): Loss: 0.1956
2020-02-02 00:04:04,390 Allocated:122.15869140625 MB
2020-02-02 00:04:04,391 Cached:8567.125 MB
2020-02-02 00:04:18,704 ====> Building Cache
2020-02-02 00:04:18,705 feature cache--->>> /home/annora/NetVLAD/output/train_feat_cache1.hdf5
2020-02-02 00:05:51,794 Allocated:121.908203125 MB
2020-02-02 00:05:51,794 Cached:3387.25 MB
2020-02-02 00:08:26,881 ==> Epoch[7](400/534): Loss: 0.1185
2020-02-02 00:08:26,883 Allocated:121.90869140625 MB
2020-02-02 00:08:26,883 Cached:7152.375 MB
2020-02-02 00:10:32,190 ==> Epoch[7](450/534): Loss: 0.0801
2020-02-02 00:10:32,193 Allocated:121.15869140625 MB
2020-02-02 00:10:32,193 Cached:4683.375 MB
2020-02-02 00:12:39,415 ==> Epoch[7](500/534): Loss: 0.0864
2020-02-02 00:12:39,417 Allocated:121.15869140625 MB
2020-02-02 00:12:39,418 Cached:7280.0 MB
2020-02-02 00:14:10,048 ===> Epoch 7 Complete: Avg. Loss: 0.1397
2020-02-02 00:14:10,050 ====> Extracting Features
2020-02-02 00:14:46,043 ==> Batch (50/108)
2020-02-02 00:15:08,948 ==> Batch (100/108)
2020-02-02 00:15:13,424 ====> Building faiss index
2020-02-02 00:15:13,786 ====> Calculating recall @ N
2020-02-02 00:15:16,040 ====> Recall@1: 0.5206
2020-02-02 00:15:16,041 ====> Recall@2: 0.5612
2020-02-02 00:15:16,041 ====> Recall@3: 0.5777
2020-02-02 00:15:16,041 ====> Recall@4: 0.5896
2020-02-02 00:15:16,041 ====> Recall@5: 0.6012
2020-02-02 00:15:16,042 ====> Recall@10: 0.6417
2020-02-02 00:15:16,042 ====> Recall@15: 0.6614
2020-02-02 00:15:16,042 ====> Recall@20: 0.6742
2020-02-02 00:15:16,042 ====> Recall@25: 0.6849
2020-02-02 00:15:17,193 ====> Building Cache
2020-02-02 00:15:17,193 feature cache--->>> /home/annora/NetVLAD/output/train_feat_cache1.hdf5
2020-02-02 00:16:51,680 Allocated:120.15869140625 MB
2020-02-02 00:16:51,680 Cached:4477.25 MB
2020-02-02 00:19:42,264 ==> Epoch[8](50/534): Loss: 0.1246
2020-02-02 00:19:42,267 Allocated:121.15869140625 MB
2020-02-02 00:19:42,267 Cached:4020.125 MB
2020-02-02 00:21:51,893 ==> Epoch[8](100/534): Loss: 0.1125
2020-02-02 00:21:51,895 Allocated:122.03369140625 MB
2020-02-02 00:21:51,896 Cached:5816.0 MB
2020-02-02 00:23:53,164 ==> Epoch[8](150/534): Loss: 0.0972
2020-02-02 00:23:53,166 Allocated:121.53369140625 MB
2020-02-02 00:23:53,166 Cached:5816.0 MB
2020-02-02 00:25:05,860 ====> Building Cache
2020-02-02 00:25:05,861 feature cache--->>> /home/annora/NetVLAD/output/train_feat_cache1.hdf5
2020-02-02 00:26:40,802 Allocated:121.783203125 MB
2020-02-02 00:26:40,802 Cached:2858.625 MB
2020-02-02 00:28:20,235 ==> Epoch[8](200/534): Loss: 0.1593
2020-02-02 00:28:20,238 Allocated:122.03369140625 MB
2020-02-02 00:28:20,238 Cached:6749.625 MB
2020-02-02 00:30:34,434 ==> Epoch[8](250/534): Loss: 0.1867
2020-02-02 00:30:34,436 Allocated:121.65869140625 MB
2020-02-02 00:30:34,436 Cached:6749.625 MB
2020-02-02 00:32:44,342 ==> Epoch[8](300/534): Loss: 0.1243
2020-02-02 00:32:44,344 Allocated:122.03369140625 MB
2020-02-02 00:32:44,344 Cached:6749.625 MB
2020-02-02 00:35:00,919 ==> Epoch[8](350/534): Loss: 0.1577
2020-02-02 00:35:00,921 Allocated:121.28369140625 MB
2020-02-02 00:35:00,922 Cached:6749.625 MB
2020-02-02 00:35:15,214 ====> Building Cache
2020-02-02 00:35:15,215 feature cache--->>> /home/annora/NetVLAD/output/train_feat_cache1.hdf5
2020-02-02 00:36:44,478 Allocated:122.658203125 MB
2020-02-02 00:36:44,479 Cached:3559.625 MB
2020-02-02 00:39:20,377 ==> Epoch[8](400/534): Loss: 0.1227
2020-02-02 00:39:20,379 Allocated:121.28369140625 MB
2020-02-02 00:39:20,379 Cached:4838.125 MB
2020-02-02 00:41:28,783 ==> Epoch[8](450/534): Loss: 0.0773
2020-02-02 00:41:28,785 Allocated:121.28369140625 MB
2020-02-02 00:41:28,785 Cached:8713.125 MB
2020-02-02 00:43:36,904 ==> Epoch[8](500/534): Loss: 0.0820
2020-02-02 00:43:36,907 Allocated:122.28369140625 MB
2020-02-02 00:43:36,907 Cached:8713.125 MB
2020-02-02 00:45:07,500 ===> Epoch 8 Complete: Avg. Loss: 0.1353
2020-02-02 00:45:07,502 ====> Extracting Features
2020-02-02 00:45:44,533 ==> Batch (50/108)
2020-02-02 00:46:06,132 ==> Batch (100/108)
2020-02-02 00:46:10,564 ====> Building faiss index
2020-02-02 00:46:10,899 ====> Calculating recall @ N
2020-02-02 00:46:13,089 ====> Recall@1: 0.5400
2020-02-02 00:46:13,090 ====> Recall@2: 0.5739
2020-02-02 00:46:13,090 ====> Recall@3: 0.5948
2020-02-02 00:46:13,091 ====> Recall@4: 0.6084
2020-02-02 00:46:13,091 ====> Recall@5: 0.6177
2020-02-02 00:46:13,091 ====> Recall@10: 0.6565
2020-02-02 00:46:13,091 ====> Recall@15: 0.6736
2020-02-02 00:46:13,091 ====> Recall@20: 0.6884
2020-02-02 00:46:13,091 ====> Recall@25: 0.7009
2020-02-02 00:46:13,860 ====> Building Cache
2020-02-02 00:46:13,860 feature cache--->>> /home/annora/NetVLAD/output/train_feat_cache1.hdf5
2020-02-02 00:47:54,803 Allocated:120.28369140625 MB
2020-02-02 00:47:54,804 Cached:4243.0 MB
2020-02-02 00:50:35,395 ==> Epoch[9](50/534): Loss: 0.1273
2020-02-02 00:50:35,399 Allocated:121.40869140625 MB
2020-02-02 00:50:35,399 Cached:5768.875 MB
2020-02-02 00:52:43,017 ==> Epoch[9](100/534): Loss: 0.0927
2020-02-02 00:52:43,020 Allocated:121.40869140625 MB
2020-02-02 00:52:43,021 Cached:9644.875 MB
2020-02-02 00:54:45,043 ==> Epoch[9](150/534): Loss: 0.1308
2020-02-02 00:54:45,046 Allocated:122.90869140625 MB
2020-02-02 00:54:45,046 Cached:9644.875 MB
2020-02-02 00:55:53,642 ====> Building Cache
2020-02-02 00:55:53,643 feature cache--->>> /home/annora/NetVLAD/output/train_feat_cache1.hdf5
2020-02-02 00:57:29,365 Allocated:122.033203125 MB
2020-02-02 00:57:29,365 Cached:2885.125 MB
2020-02-02 00:59:02,846 ==> Epoch[9](200/534): Loss: 0.2537
2020-02-02 00:59:02,849 Allocated:121.40869140625 MB
2020-02-02 00:59:02,849 Cached:8006.75 MB
2020-02-02 01:01:11,073 ==> Epoch[9](250/534): Loss: 0.1937
2020-02-02 01:01:11,075 Allocated:122.40869140625 MB
2020-02-02 01:01:11,075 Cached:8006.75 MB
2020-02-02 01:03:17,071 ==> Epoch[9](300/534): Loss: 0.1407
2020-02-02 01:03:17,073 Allocated:121.90869140625 MB
2020-02-02 01:03:17,073 Cached:8006.75 MB
2020-02-02 01:05:23,053 ==> Epoch[9](350/534): Loss: 0.2200
2020-02-02 01:05:23,056 Allocated:121.15869140625 MB
2020-02-02 01:05:23,056 Cached:8006.75 MB
2020-02-02 01:05:37,719 ====> Building Cache
2020-02-02 01:05:37,720 feature cache--->>> /home/annora/NetVLAD/output/train_feat_cache1.hdf5
2020-02-02 01:07:07,836 Allocated:121.158203125 MB
2020-02-02 01:07:07,836 Cached:3559.625 MB
2020-02-02 01:09:38,447 ==> Epoch[9](400/534): Loss: 0.1231
2020-02-02 01:09:38,449 Allocated:121.15869140625 MB
2020-02-02 01:09:38,450 Cached:3738.5 MB
2020-02-02 01:11:44,250 ==> Epoch[9](450/534): Loss: 0.0971
2020-02-02 01:11:44,252 Allocated:121.15869140625 MB
2020-02-02 01:11:44,253 Cached:3739.5 MB
2020-02-02 01:13:45,633 ==> Epoch[9](500/534): Loss: 0.1091
2020-02-02 01:13:45,636 Allocated:122.03369140625 MB
2020-02-02 01:13:45,636 Cached:6775.75 MB
2020-02-02 01:15:08,497 ===> Epoch 9 Complete: Avg. Loss: 0.1306
2020-02-02 01:15:08,499 ====> Extracting Features
2020-02-02 01:15:46,016 ==> Batch (50/108)
2020-02-02 01:16:10,666 ==> Batch (100/108)
2020-02-02 01:16:15,770 ====> Building faiss index
2020-02-02 01:16:16,112 ====> Calculating recall @ N
2020-02-02 01:16:18,366 ====> Recall@1: 0.5562
2020-02-02 01:16:18,367 ====> Recall@2: 0.5930
2020-02-02 01:16:18,367 ====> Recall@3: 0.6099
2020-02-02 01:16:18,368 ====> Recall@4: 0.6238
2020-02-02 01:16:18,368 ====> Recall@5: 0.6365
2020-02-02 01:16:18,368 ====> Recall@10: 0.6693
2020-02-02 01:16:18,368 ====> Recall@15: 0.6867
2020-02-02 01:16:18,368 ====> Recall@20: 0.7023
2020-02-02 01:16:18,369 ====> Recall@25: 0.7125
2020-02-02 01:16:19,141 ====> Building Cache
2020-02-02 01:16:19,142 feature cache--->>> /home/annora/NetVLAD/output/train_feat_cache1.hdf5
2020-02-02 01:17:49,318 Allocated:119.28369140625 MB
2020-02-02 01:17:49,319 Cached:4477.25 MB
2020-02-02 01:20:39,166 ==> Epoch[10](50/534): Loss: 0.1117
2020-02-02 01:20:39,168 Allocated:121.53369140625 MB
2020-02-02 01:20:39,168 Cached:9004.25 MB
2020-02-02 01:22:39,047 ==> Epoch[10](100/534): Loss: 0.0791
2020-02-02 01:22:39,050 Allocated:121.15869140625 MB
2020-02-02 01:22:39,050 Cached:9004.25 MB
2020-02-02 01:24:50,669 ==> Epoch[10](150/534): Loss: 0.1337
2020-02-02 01:24:50,671 Allocated:122.15869140625 MB
2020-02-02 01:24:50,672 Cached:9004.25 MB
2020-02-02 01:25:55,473 ====> Building Cache
2020-02-02 01:25:55,474 feature cache--->>> /home/annora/NetVLAD/output/train_feat_cache1.hdf5
2020-02-02 01:27:25,872 Allocated:121.533203125 MB
2020-02-02 01:27:25,873 Cached:2832.0 MB
2020-02-02 01:29:09,065 ==> Epoch[10](200/534): Loss: 0.1899
2020-02-02 01:29:09,067 Allocated:121.53369140625 MB
2020-02-02 01:29:09,067 Cached:9216.0 MB
2020-02-02 01:31:13,832 ==> Epoch[10](250/534): Loss: 0.1846
2020-02-02 01:31:13,834 Allocated:121.53369140625 MB
2020-02-02 01:31:13,834 Cached:9216.0 MB
2020-02-02 01:33:28,426 ==> Epoch[10](300/534): Loss: 0.1728
2020-02-02 01:33:28,429 Allocated:121.28369140625 MB
2020-02-02 01:33:28,429 Cached:9216.0 MB
2020-02-02 01:35:34,922 ==> Epoch[10](350/534): Loss: 0.1365
2020-02-02 01:35:34,924 Allocated:121.28369140625 MB
2020-02-02 01:35:34,924 Cached:9216.0 MB
2020-02-02 01:35:47,851 ====> Building Cache
2020-02-02 01:35:47,852 feature cache--->>> /home/annora/NetVLAD/output/train_feat_cache1.hdf5
2020-02-02 01:37:31,438 Allocated:122.783203125 MB
2020-02-02 01:37:31,438 Cached:3395.0 MB
2020-02-02 01:39:55,350 ==> Epoch[10](400/534): Loss: 0.0940
2020-02-02 01:39:55,352 Allocated:121.78369140625 MB
2020-02-02 01:39:55,352 Cached:5192.125 MB
2020-02-02 01:42:03,031 ==> Epoch[10](450/534): Loss: 0.1433
2020-02-02 01:42:03,033 Allocated:121.78369140625 MB
2020-02-02 01:42:03,033 Cached:5193.125 MB
2020-02-02 01:44:02,089 ==> Epoch[10](500/534): Loss: 0.1452
2020-02-02 01:44:02,091 Allocated:121.15869140625 MB
2020-02-02 01:44:02,091 Cached:5193.125 MB
2020-02-02 01:45:20,650 ===> Epoch 10 Complete: Avg. Loss: 0.1293
2020-02-02 01:45:20,652 ====> Extracting Features
2020-02-02 01:46:03,519 ==> Batch (50/108)
2020-02-02 01:46:28,820 ==> Batch (100/108)
2020-02-02 01:46:33,837 ====> Building faiss index
2020-02-02 01:46:34,182 ====> Calculating recall @ N
2020-02-02 01:46:36,408 ====> Recall@1: 0.5632
2020-02-02 01:46:36,408 ====> Recall@2: 0.6012
2020-02-02 01:46:36,409 ====> Recall@3: 0.6180
2020-02-02 01:46:36,409 ====> Recall@4: 0.6313
2020-02-02 01:46:36,409 ====> Recall@5: 0.6449
2020-02-02 01:46:36,409 ====> Recall@10: 0.6757
2020-02-02 01:46:36,410 ====> Recall@15: 0.6922
2020-02-02 01:46:36,410 ====> Recall@20: 0.7058
2020-02-02 01:46:36,410 ====> Recall@25: 0.7188
2020-02-02 01:46:37,188 ====> Building Cache
2020-02-02 01:46:37,188 feature cache--->>> /home/annora/NetVLAD/output/train_feat_cache1.hdf5
2020-02-02 01:48:06,941 Allocated:119.90869140625 MB
2020-02-02 01:48:06,942 Cached:4158.625 MB
2020-02-02 01:51:01,326 ==> Epoch[11](50/534): Loss: 0.0995
2020-02-02 01:51:01,328 Allocated:122.28369140625 MB
2020-02-02 01:51:01,329 Cached:3420.0 MB
2020-02-02 01:53:11,253 ==> Epoch[11](100/534): Loss: 0.1522
2020-02-02 01:53:11,256 Allocated:121.15869140625 MB
2020-02-02 01:53:11,256 Cached:7276.5 MB
2020-02-02 01:55:24,472 ==> Epoch[11](150/534): Loss: 0.0880
2020-02-02 01:55:24,474 Allocated:121.15869140625 MB
2020-02-02 01:55:24,474 Cached:7276.5 MB
2020-02-02 01:56:30,003 ====> Building Cache
2020-02-02 01:56:30,004 feature cache--->>> /home/annora/NetVLAD/output/train_feat_cache1.hdf5
2020-02-02 01:57:59,488 Allocated:121.408203125 MB
2020-02-02 01:57:59,489 Cached:3812.25 MB
2020-02-02 01:59:50,235 ==> Epoch[11](200/534): Loss: 0.1220
2020-02-02 01:59:50,237 Allocated:121.28369140625 MB
2020-02-02 01:59:50,237 Cached:7441.5 MB
2020-02-02 02:02:00,500 ==> Epoch[11](250/534): Loss: 0.2184
2020-02-02 02:02:00,502 Allocated:121.65869140625 MB
2020-02-02 02:02:00,502 Cached:7441.5 MB
2020-02-02 02:04:15,283 ==> Epoch[11](300/534): Loss: 0.2041
2020-02-02 02:04:15,286 Allocated:121.28369140625 MB
2020-02-02 02:04:15,286 Cached:7441.5 MB
2020-02-02 02:06:20,232 ==> Epoch[11](350/534): Loss: 0.1236
2020-02-02 02:06:20,235 Allocated:121.65869140625 MB
2020-02-02 02:06:20,235 Cached:7441.5 MB
2020-02-02 02:06:34,313 ====> Building Cache
2020-02-02 02:06:34,314 feature cache--->>> /home/annora/NetVLAD/output/train_feat_cache1.hdf5
2020-02-02 02:08:08,279 Allocated:122.533203125 MB
2020-02-02 02:08:08,280 Cached:3387.25 MB
2020-02-02 02:10:22,067 ==> Epoch[11](400/534): Loss: 0.1129
2020-02-02 02:10:22,069 Allocated:122.15869140625 MB
2020-02-02 02:10:22,069 Cached:8187.625 MB
2020-02-02 02:12:13,343 ==> Epoch[11](450/534): Loss: 0.1095
2020-02-02 02:12:13,346 Allocated:121.28369140625 MB
2020-02-02 02:12:13,346 Cached:8652.625 MB
2020-02-02 02:14:10,476 ==> Epoch[11](500/534): Loss: 0.0792
2020-02-02 02:14:10,478 Allocated:121.90869140625 MB
2020-02-02 02:14:10,478 Cached:8652.625 MB
2020-02-02 02:15:22,921 ===> Epoch 11 Complete: Avg. Loss: 0.1273
2020-02-02 02:15:22,922 ====> Extracting Features
2020-02-02 02:15:57,816 ==> Batch (50/108)
2020-02-02 02:16:19,983 ==> Batch (100/108)
2020-02-02 02:16:24,379 ====> Building faiss index
2020-02-02 02:16:24,722 ====> Calculating recall @ N
2020-02-02 02:16:26,838 ====> Recall@1: 0.5672
2020-02-02 02:16:26,838 ====> Recall@2: 0.6046
2020-02-02 02:16:26,839 ====> Recall@3: 0.6249
2020-02-02 02:16:26,839 ====> Recall@4: 0.6391
2020-02-02 02:16:26,839 ====> Recall@5: 0.6539
2020-02-02 02:16:26,839 ====> Recall@10: 0.6809
2020-02-02 02:16:26,840 ====> Recall@15: 0.7006
2020-02-02 02:16:26,840 ====> Recall@20: 0.7119
2020-02-02 02:16:26,840 ====> Recall@25: 0.7232
2020-02-02 02:16:27,618 ====> Building Cache
2020-02-02 02:16:27,618 feature cache--->>> /home/annora/NetVLAD/output/train_feat_cache1.hdf5
2020-02-02 02:17:56,364 Allocated:119.40869140625 MB
2020-02-02 02:17:56,365 Cached:4303.875 MB
2020-02-02 02:20:26,747 ==> Epoch[12](50/534): Loss: 0.0952
2020-02-02 02:20:26,750 Allocated:122.53369140625 MB
2020-02-02 02:20:26,750 Cached:7942.625 MB
2020-02-02 02:22:18,618 ==> Epoch[12](100/534): Loss: 0.1056
2020-02-02 02:22:18,621 Allocated:121.53369140625 MB
2020-02-02 02:22:18,622 Cached:7942.625 MB
2020-02-02 02:24:07,250 ==> Epoch[12](150/534): Loss: 0.0843
2020-02-02 02:24:07,252 Allocated:121.15869140625 MB
2020-02-02 02:24:07,252 Cached:9173.25 MB
2020-02-02 02:25:04,965 ====> Building Cache
2020-02-02 02:25:04,966 feature cache--->>> /home/annora/NetVLAD/output/train_feat_cache1.hdf5
2020-02-02 02:26:34,596 Allocated:121.783203125 MB
2020-02-02 02:26:34,596 Cached:3387.25 MB
2020-02-02 02:28:07,921 ==> Epoch[12](200/534): Loss: 0.1786
2020-02-02 02:28:07,924 Allocated:121.15869140625 MB
2020-02-02 02:28:07,924 Cached:4566.375 MB
2020-02-02 02:30:00,173 ==> Epoch[12](250/534): Loss: 0.2163
2020-02-02 02:30:00,176 Allocated:121.15869140625 MB
2020-02-02 02:30:00,176 Cached:4566.375 MB
2020-02-02 02:31:58,452 ==> Epoch[12](300/534): Loss: 0.1386
2020-02-02 02:31:58,454 Allocated:121.15869140625 MB
2020-02-02 02:31:58,455 Cached:4566.375 MB
2020-02-02 02:33:46,717 ==> Epoch[12](350/534): Loss: 0.1454
2020-02-02 02:33:46,718 Allocated:121.28369140625 MB
2020-02-02 02:33:46,719 Cached:4566.375 MB
2020-02-02 02:33:59,476 ====> Building Cache
2020-02-02 02:33:59,477 feature cache--->>> /home/annora/NetVLAD/output/train_feat_cache1.hdf5
2020-02-02 02:35:35,018 Allocated:123.158203125 MB
2020-02-02 02:35:35,019 Cached:3420.0 MB
2020-02-02 02:37:57,566 ==> Epoch[12](400/534): Loss: 0.0800
2020-02-02 02:37:57,568 Allocated:121.28369140625 MB
2020-02-02 02:37:57,568 Cached:7030.125 MB
2020-02-02 02:39:52,940 ==> Epoch[12](450/534): Loss: 0.1129
2020-02-02 02:39:52,942 Allocated:121.78369140625 MB
2020-02-02 02:39:52,942 Cached:9476.375 MB
2020-02-02 02:41:45,710 ==> Epoch[12](500/534): Loss: 0.1044
2020-02-02 02:41:45,712 Allocated:121.78369140625 MB
2020-02-02 02:41:45,712 Cached:3284.5 MB
2020-02-02 02:43:11,817 ===> Epoch 12 Complete: Avg. Loss: 0.1256
2020-02-02 02:43:11,820 ====> Extracting Features
2020-02-02 02:43:49,746 ==> Batch (50/108)
2020-02-02 02:44:12,335 ==> Batch (100/108)
2020-02-02 02:44:16,090 ====> Building faiss index
2020-02-02 02:44:16,446 ====> Calculating recall @ N
2020-02-02 02:44:18,633 ====> Recall@1: 0.5725
2020-02-02 02:44:18,634 ====> Recall@2: 0.6090
2020-02-02 02:44:18,634 ====> Recall@3: 0.6293
2020-02-02 02:44:18,634 ====> Recall@4: 0.6441
2020-02-02 02:44:18,634 ====> Recall@5: 0.6571
2020-02-02 02:44:18,634 ====> Recall@10: 0.6878
2020-02-02 02:44:18,635 ====> Recall@15: 0.7058
2020-02-02 02:44:18,635 ====> Recall@20: 0.7165
2020-02-02 02:44:18,635 ====> Recall@25: 0.7267
2020-02-02 02:44:19,403 ====> Building Cache
2020-02-02 02:44:19,404 feature cache--->>> /home/annora/NetVLAD/output/train_feat_cache1.hdf5
2020-02-02 02:45:45,176 Allocated:119.53369140625 MB
2020-02-02 02:45:45,177 Cached:4221.125 MB
2020-02-02 02:48:19,157 ==> Epoch[13](50/534): Loss: 0.1610
2020-02-02 02:48:19,159 Allocated:121.15869140625 MB
2020-02-02 02:48:19,160 Cached:7829.375 MB
2020-02-02 02:50:09,099 ==> Epoch[13](100/534): Loss: 0.0301
2020-02-02 02:50:09,101 Allocated:121.15869140625 MB
2020-02-02 02:50:09,101 Cached:9064.125 MB
2020-02-02 02:52:02,027 ==> Epoch[13](150/534): Loss: 0.1154
2020-02-02 02:52:02,029 Allocated:122.03369140625 MB
2020-02-02 02:52:02,030 Cached:9064.125 MB
2020-02-02 02:53:01,852 ====> Building Cache
2020-02-02 02:53:01,853 feature cache--->>> /home/annora/NetVLAD/output/train_feat_cache1.hdf5
2020-02-02 02:54:27,118 Allocated:121.158203125 MB
2020-02-02 02:54:27,119 Cached:3047.125 MB
2020-02-02 02:55:58,668 ==> Epoch[13](200/534): Loss: 0.1557
2020-02-02 02:55:58,670 Allocated:121.90869140625 MB
2020-02-02 02:55:58,671 Cached:4785.875 MB
2020-02-02 02:57:53,036 ==> Epoch[13](250/534): Loss: 0.2297
2020-02-02 02:57:53,038 Allocated:121.53369140625 MB
2020-02-02 02:57:53,038 Cached:4786.875 MB
2020-02-02 02:59:43,078 ==> Epoch[13](300/534): Loss: 0.1479
2020-02-02 02:59:43,080 Allocated:121.15869140625 MB
2020-02-02 02:59:43,080 Cached:4786.875 MB
2020-02-02 03:01:33,271 ==> Epoch[13](350/534): Loss: 0.1910
2020-02-02 03:01:33,273 Allocated:121.90869140625 MB
2020-02-02 03:01:33,273 Cached:4786.875 MB
2020-02-02 03:01:46,142 ====> Building Cache
2020-02-02 03:01:46,143 feature cache--->>> /home/annora/NetVLAD/output/train_feat_cache1.hdf5
2020-02-02 03:03:15,038 Allocated:121.158203125 MB
2020-02-02 03:03:15,039 Cached:3149.75 MB
2020-02-02 03:05:32,361 ==> Epoch[13](400/534): Loss: 0.1755
2020-02-02 03:05:32,363 Allocated:121.15869140625 MB
2020-02-02 03:05:32,363 Cached:7863.0 MB
2020-02-02 03:07:23,635 ==> Epoch[13](450/534): Loss: 0.0874
2020-02-02 03:07:23,637 Allocated:121.65869140625 MB
2020-02-02 03:07:23,637 Cached:5436.5 MB
2020-02-02 03:09:20,551 ==> Epoch[13](500/534): Loss: 0.0358
2020-02-02 03:09:20,552 Allocated:122.40869140625 MB
2020-02-02 03:09:20,553 Cached:9255.125 MB
2020-02-02 03:10:35,114 ===> Epoch 13 Complete: Avg. Loss: 0.1238
2020-02-02 03:10:35,116 ====> Extracting Features
2020-02-02 03:11:09,200 ==> Batch (50/108)
2020-02-02 03:11:30,312 ==> Batch (100/108)
2020-02-02 03:11:33,880 ====> Building faiss index
2020-02-02 03:11:34,209 ====> Calculating recall @ N
2020-02-02 03:11:36,383 ====> Recall@1: 0.5768
2020-02-02 03:11:36,384 ====> Recall@2: 0.6142
2020-02-02 03:11:36,384 ====> Recall@3: 0.6313
2020-02-02 03:11:36,384 ====> Recall@4: 0.6478
2020-02-02 03:11:36,385 ====> Recall@5: 0.6591
2020-02-02 03:11:36,385 ====> Recall@10: 0.6948
2020-02-02 03:11:36,385 ====> Recall@15: 0.7101
2020-02-02 03:11:36,385 ====> Recall@20: 0.7223
2020-02-02 03:11:36,385 ====> Recall@25: 0.7322
2020-02-02 03:11:37,127 ====> Building Cache
2020-02-02 03:11:37,127 feature cache--->>> /home/annora/NetVLAD/output/train_feat_cache1.hdf5
2020-02-02 03:13:01,689 Allocated:119.15869140625 MB
2020-02-02 03:13:01,690 Cached:4186.0 MB
2020-02-02 03:15:33,048 ==> Epoch[14](50/534): Loss: 0.1694
2020-02-02 03:15:33,051 Allocated:121.15869140625 MB
2020-02-02 03:15:33,051 Cached:7814.375 MB
2020-02-02 03:17:20,665 ==> Epoch[14](100/534): Loss: 0.0929
2020-02-02 03:17:20,667 Allocated:121.90869140625 MB
2020-02-02 03:17:20,667 Cached:9054.5 MB
2020-02-02 03:19:10,463 ==> Epoch[14](150/534): Loss: 0.1027
2020-02-02 03:19:10,466 Allocated:121.28369140625 MB
2020-02-02 03:19:10,466 Cached:5981.75 MB
2020-02-02 03:20:07,999 ====> Building Cache
2020-02-02 03:20:08,000 feature cache--->>> /home/annora/NetVLAD/output/train_feat_cache1.hdf5
2020-02-02 03:21:35,209 Allocated:121.408203125 MB
2020-02-02 03:21:35,210 Cached:2863.875 MB
2020-02-02 03:23:04,830 ==> Epoch[14](200/534): Loss: 0.1856
2020-02-02 03:23:04,833 Allocated:121.15869140625 MB
2020-02-02 03:23:04,833 Cached:5095.0 MB
2020-02-02 03:24:58,911 ==> Epoch[14](250/534): Loss: 0.1293
2020-02-02 03:24:58,914 Allocated:121.28369140625 MB
2020-02-02 03:24:58,914 Cached:5097.0 MB
2020-02-02 03:26:51,711 ==> Epoch[14](300/534): Loss: 0.1874
2020-02-02 03:26:51,714 Allocated:122.65869140625 MB
2020-02-02 03:26:51,715 Cached:5097.0 MB
2020-02-02 03:28:44,025 ==> Epoch[14](350/534): Loss: 0.2007
2020-02-02 03:28:44,027 Allocated:122.03369140625 MB
2020-02-02 03:28:44,028 Cached:5097.0 MB
2020-02-02 03:28:56,868 ====> Building Cache
2020-02-02 03:28:56,869 feature cache--->>> /home/annora/NetVLAD/output/train_feat_cache1.hdf5
2020-02-02 03:30:24,453 Allocated:122.033203125 MB
2020-02-02 03:30:24,454 Cached:3387.25 MB
2020-02-02 03:32:44,798 ==> Epoch[14](400/534): Loss: 0.0706
2020-02-02 03:32:44,800 Allocated:121.15869140625 MB
2020-02-02 03:32:44,800 Cached:5814.625 MB
2020-02-02 03:34:33,302 ==> Epoch[14](450/534): Loss: 0.0974
2020-02-02 03:34:33,304 Allocated:121.90869140625 MB
2020-02-02 03:34:33,305 Cached:7036.625 MB
2020-02-02 03:36:26,692 ==> Epoch[14](500/534): Loss: 0.0767
2020-02-02 03:36:26,694 Allocated:122.53369140625 MB
2020-02-02 03:36:26,694 Cached:8260.875 MB
2020-02-02 03:37:40,372 ===> Epoch 14 Complete: Avg. Loss: 0.1220
2020-02-02 03:37:40,373 ====> Extracting Features
2020-02-02 03:38:14,670 ==> Batch (50/108)
2020-02-02 03:38:35,430 ==> Batch (100/108)
2020-02-02 03:38:39,191 ====> Building faiss index
2020-02-02 03:38:39,530 ====> Calculating recall @ N
2020-02-02 03:38:41,631 ====> Recall@1: 0.5797
2020-02-02 03:38:41,631 ====> Recall@2: 0.6159
2020-02-02 03:38:41,632 ====> Recall@3: 0.6374
2020-02-02 03:38:41,632 ====> Recall@4: 0.6530
2020-02-02 03:38:41,632 ====> Recall@5: 0.6646
2020-02-02 03:38:41,632 ====> Recall@10: 0.6980
2020-02-02 03:38:41,632 ====> Recall@15: 0.7139
2020-02-02 03:38:41,633 ====> Recall@20: 0.7252
2020-02-02 03:38:41,633 ====> Recall@25: 0.7354
2020-02-02 03:38:42,376 ====> Building Cache
2020-02-02 03:38:42,376 feature cache--->>> /home/annora/NetVLAD/output/train_feat_cache1.hdf5
2020-02-02 03:40:08,272 Allocated:119.28369140625 MB
2020-02-02 03:40:08,273 Cached:4159.125 MB
2020-02-02 03:42:37,556 ==> Epoch[15](50/534): Loss: 0.1073
2020-02-02 03:42:37,558 Allocated:122.28369140625 MB
2020-02-02 03:42:37,559 Cached:7663.125 MB
2020-02-02 03:44:23,915 ==> Epoch[15](100/534): Loss: 0.1342
2020-02-02 03:44:23,917 Allocated:122.40869140625 MB
2020-02-02 03:44:23,917 Cached:7663.125 MB
2020-02-02 03:46:11,369 ==> Epoch[15](150/534): Loss: 0.0712
2020-02-02 03:46:11,371 Allocated:122.28369140625 MB
2020-02-02 03:46:11,372 Cached:7663.125 MB
2020-02-02 03:47:08,075 ====> Building Cache
2020-02-02 03:47:08,076 feature cache--->>> /home/annora/NetVLAD/output/train_feat_cache1.hdf5
2020-02-02 03:48:35,131 Allocated:122.283203125 MB
2020-02-02 03:48:35,132 Cached:3395.5 MB
2020-02-02 03:50:07,007 ==> Epoch[15](200/534): Loss: 0.1418
2020-02-02 03:50:07,009 Allocated:121.53369140625 MB
2020-02-02 03:50:07,009 Cached:4112.5 MB
2020-02-02 03:52:00,127 ==> Epoch[15](250/534): Loss: 0.1584
2020-02-02 03:52:00,129 Allocated:121.90869140625 MB
2020-02-02 03:52:00,130 Cached:4112.5 MB
2020-02-02 03:53:55,851 ==> Epoch[15](300/534): Loss: 0.2246
2020-02-02 03:53:55,855 Allocated:122.78369140625 MB
2020-02-02 03:53:55,855 Cached:6376.5 MB
2020-02-02 03:55:52,454 ==> Epoch[15](350/534): Loss: 0.1334
2020-02-02 03:55:52,457 Allocated:122.03369140625 MB
2020-02-02 03:55:52,457 Cached:6376.5 MB
2020-02-02 03:56:08,690 ====> Building Cache
2020-02-02 03:56:08,692 feature cache--->>> /home/annora/NetVLAD/output/train_feat_cache1.hdf5
2020-02-02 03:57:37,351 Allocated:122.533203125 MB
2020-02-02 03:57:37,352 Cached:2825.875 MB
2020-02-02 03:59:50,877 ==> Epoch[15](400/534): Loss: 0.1128
2020-02-02 03:59:50,880 Allocated:121.15869140625 MB
2020-02-02 03:59:50,881 Cached:4057.75 MB
2020-02-02 04:01:35,787 ==> Epoch[15](450/534): Loss: 0.1253
2020-02-02 04:01:35,790 Allocated:121.65869140625 MB
2020-02-02 04:01:35,790 Cached:4058.75 MB
2020-02-02 04:03:26,155 ==> Epoch[15](500/534): Loss: 0.0719
2020-02-02 04:03:26,156 Allocated:121.28369140625 MB
2020-02-02 04:03:26,157 Cached:5306.25 MB
2020-02-02 04:04:43,942 ===> Epoch 15 Complete: Avg. Loss: 0.1229
2020-02-02 04:04:43,944 ====> Extracting Features
2020-02-02 04:05:18,711 ==> Batch (50/108)
2020-02-02 04:05:39,975 ==> Batch (100/108)
2020-02-02 04:05:44,857 ====> Building faiss index
2020-02-02 04:05:45,286 ====> Calculating recall @ N
2020-02-02 04:05:47,549 ====> Recall@1: 0.5791
2020-02-02 04:05:47,550 ====> Recall@2: 0.6148
2020-02-02 04:05:47,551 ====> Recall@3: 0.6371
2020-02-02 04:05:47,551 ====> Recall@4: 0.6519
2020-02-02 04:05:47,551 ====> Recall@5: 0.6641
2020-02-02 04:05:47,551 ====> Recall@10: 0.6983
2020-02-02 04:05:47,551 ====> Recall@15: 0.7154
2020-02-02 04:05:47,552 ====> Recall@20: 0.7261
2020-02-02 04:05:47,552 ====> Recall@25: 0.7380
2020-02-02 04:05:47,975 ====> Building Cache
2020-02-02 04:05:47,975 feature cache--->>> /home/annora/NetVLAD/output/train_feat_cache1.hdf5
2020-02-02 04:07:13,329 Allocated:119.15869140625 MB
2020-02-02 04:07:13,330 Cached:4150.875 MB
2020-02-02 04:09:41,598 ==> Epoch[16](50/534): Loss: 0.1047
2020-02-02 04:09:41,600 Allocated:121.40869140625 MB
2020-02-02 04:09:41,600 Cached:7636.875 MB
2020-02-02 04:11:25,046 ==> Epoch[16](100/534): Loss: 0.1165
2020-02-02 04:11:25,047 Allocated:121.78369140625 MB
2020-02-02 04:11:25,048 Cached:6105.25 MB
2020-02-02 04:13:13,486 ==> Epoch[16](150/534): Loss: 0.1140
2020-02-02 04:13:13,488 Allocated:121.65869140625 MB
2020-02-02 04:13:13,488 Cached:6105.25 MB
2020-02-02 04:14:12,258 ====> Building Cache
2020-02-02 04:14:12,259 feature cache--->>> /home/annora/NetVLAD/output/train_feat_cache1.hdf5
2020-02-02 04:15:38,343 Allocated:122.158203125 MB
2020-02-02 04:15:38,344 Cached:2860.75 MB
2020-02-02 04:17:10,273 ==> Epoch[16](200/534): Loss: 0.1199
2020-02-02 04:17:10,276 Allocated:121.28369140625 MB
2020-02-02 04:17:10,277 Cached:9203.375 MB
2020-02-02 04:19:03,178 ==> Epoch[16](250/534): Loss: 0.1692
2020-02-02 04:19:03,181 Allocated:121.15869140625 MB
2020-02-02 04:19:03,181 Cached:9203.375 MB
2020-02-02 04:20:59,662 ==> Epoch[16](300/534): Loss: 0.1864
2020-02-02 04:20:59,664 Allocated:121.15869140625 MB
2020-02-02 04:20:59,664 Cached:9203.375 MB
2020-02-02 04:22:45,859 ==> Epoch[16](350/534): Loss: 0.1155
2020-02-02 04:22:45,861 Allocated:121.28369140625 MB
2020-02-02 04:22:45,861 Cached:9203.375 MB
2020-02-02 04:22:58,486 ====> Building Cache
2020-02-02 04:22:58,487 feature cache--->>> /home/annora/NetVLAD/output/train_feat_cache1.hdf5
2020-02-02 04:24:27,922 Allocated:121.158203125 MB
2020-02-02 04:24:27,922 Cached:3559.625 MB
2020-02-02 04:26:37,344 ==> Epoch[16](400/534): Loss: 0.0529
2020-02-02 04:26:37,346 Allocated:121.15869140625 MB
2020-02-02 04:26:37,346 Cached:4795.625 MB
2020-02-02 04:28:26,066 ==> Epoch[16](450/534): Loss: 0.1739
2020-02-02 04:28:26,068 Allocated:121.53369140625 MB
2020-02-02 04:28:26,068 Cached:6032.625 MB
2020-02-02 04:30:10,295 ==> Epoch[16](500/534): Loss: 0.0886
2020-02-02 04:30:10,297 Allocated:123.15869140625 MB
2020-02-02 04:30:10,297 Cached:6032.625 MB
2020-02-02 04:31:22,265 ===> Epoch 16 Complete: Avg. Loss: 0.1223
2020-02-02 04:31:22,267 ====> Extracting Features
2020-02-02 04:31:59,070 ==> Batch (50/108)
2020-02-02 04:32:20,104 ==> Batch (100/108)
2020-02-02 04:32:24,091 ====> Building faiss index
2020-02-02 04:32:24,415 ====> Calculating recall @ N
2020-02-02 04:32:26,572 ====> Recall@1: 0.5797
2020-02-02 04:32:26,573 ====> Recall@2: 0.6171
2020-02-02 04:32:26,573 ====> Recall@3: 0.6414
2020-02-02 04:32:26,573 ====> Recall@4: 0.6542
2020-02-02 04:32:26,574 ====> Recall@5: 0.6655
2020-02-02 04:32:26,574 ====> Recall@10: 0.6997
2020-02-02 04:32:26,574 ====> Recall@15: 0.7159
2020-02-02 04:32:26,574 ====> Recall@20: 0.7299
2020-02-02 04:32:26,574 ====> Recall@25: 0.7414
2020-02-02 04:32:27,311 ====> Building Cache
2020-02-02 04:32:27,311 feature cache--->>> /home/annora/NetVLAD/output/train_feat_cache1.hdf5
2020-02-02 04:33:52,575 Allocated:119.15869140625 MB
2020-02-02 04:33:52,576 Cached:4477.25 MB
2020-02-02 04:36:17,139 ==> Epoch[17](50/534): Loss: 0.1092
2020-02-02 04:36:17,143 Allocated:121.90869140625 MB
2020-02-02 04:36:17,143 Cached:9201.25 MB
2020-02-02 04:38:04,084 ==> Epoch[17](100/534): Loss: 0.0883
2020-02-02 04:38:04,086 Allocated:122.28369140625 MB
2020-02-02 04:38:04,086 Cached:3066.375 MB
2020-02-02 04:39:52,498 ==> Epoch[17](150/534): Loss: 0.1019
2020-02-02 04:39:52,503 Allocated:121.28369140625 MB
2020-02-02 04:39:52,504 Cached:5914.75 MB
2020-02-02 04:40:55,818 ====> Building Cache
2020-02-02 04:40:55,819 feature cache--->>> /home/annora/NetVLAD/output/train_feat_cache1.hdf5
2020-02-02 04:42:21,759 Allocated:121.158203125 MB
2020-02-02 04:42:21,759 Cached:2832.375 MB
2020-02-02 04:43:52,532 ==> Epoch[17](200/534): Loss: 0.1364
2020-02-02 04:43:52,536 Allocated:121.90869140625 MB
2020-02-02 04:43:52,536 Cached:6603.875 MB
2020-02-02 04:45:48,662 ==> Epoch[17](250/534): Loss: 0.1714
2020-02-02 04:45:48,664 Allocated:121.78369140625 MB
2020-02-02 04:45:48,664 Cached:3547.125 MB
2020-02-02 04:47:43,807 ==> Epoch[17](300/534): Loss: 0.1528
2020-02-02 04:47:43,811 Allocated:121.28369140625 MB
2020-02-02 04:47:43,811 Cached:3584.625 MB
2020-02-02 04:49:36,632 ==> Epoch[17](350/534): Loss: 0.1966
2020-02-02 04:49:36,634 Allocated:121.53369140625 MB
2020-02-02 04:49:36,635 Cached:3584.625 MB
2020-02-02 04:49:49,350 ====> Building Cache
2020-02-02 04:49:49,351 feature cache--->>> /home/annora/NetVLAD/output/train_feat_cache1.hdf5
2020-02-02 04:51:19,497 Allocated:122.033203125 MB
2020-02-02 04:51:19,498 Cached:3395.125 MB
2020-02-02 04:53:29,081 ==> Epoch[17](400/534): Loss: 0.1500
2020-02-02 04:53:29,083 Allocated:122.03369140625 MB
2020-02-02 04:53:29,083 Cached:8056.375 MB
2020-02-02 04:55:22,945 ==> Epoch[17](450/534): Loss: 0.1568
2020-02-02 04:55:22,947 Allocated:121.28369140625 MB
2020-02-02 04:55:22,948 Cached:3206.0 MB
2020-02-02 04:57:09,033 ==> Epoch[17](500/534): Loss: 0.0779
2020-02-02 04:57:09,036 Allocated:121.78369140625 MB
2020-02-02 04:57:09,036 Cached:7082.0 MB
2020-02-02 04:58:18,537 ===> Epoch 17 Complete: Avg. Loss: 0.1226
2020-02-02 04:58:18,539 ====> Extracting Features
2020-02-02 04:58:55,169 ==> Batch (50/108)
2020-02-02 04:59:17,122 ==> Batch (100/108)
2020-02-02 04:59:21,916 ====> Building faiss index
2020-02-02 04:59:22,322 ====> Calculating recall @ N
2020-02-02 04:59:24,648 ====> Recall@1: 0.5826
2020-02-02 04:59:24,649 ====> Recall@2: 0.6229
2020-02-02 04:59:24,649 ====> Recall@3: 0.6449
2020-02-02 04:59:24,650 ====> Recall@4: 0.6586
2020-02-02 04:59:24,650 ====> Recall@5: 0.6699
2020-02-02 04:59:24,650 ====> Recall@10: 0.7041
2020-02-02 04:59:24,650 ====> Recall@15: 0.7186
2020-02-02 04:59:24,651 ====> Recall@20: 0.7333
2020-02-02 04:59:24,651 ====> Recall@25: 0.7441
2020-02-02 04:59:25,420 ====> Building Cache
2020-02-02 04:59:25,421 feature cache--->>> /home/annora/NetVLAD/output/train_feat_cache1.hdf5
2020-02-02 05:00:50,274 Allocated:119.28369140625 MB
2020-02-02 05:00:50,275 Cached:4193.25 MB
2020-02-02 05:03:18,178 ==> Epoch[18](50/534): Loss: 0.0802
2020-02-02 05:03:18,182 Allocated:122.28369140625 MB
2020-02-02 05:03:18,183 Cached:7720.75 MB
2020-02-02 05:05:06,410 ==> Epoch[18](100/534): Loss: 0.0927
2020-02-02 05:05:06,413 Allocated:122.53369140625 MB
2020-02-02 05:05:06,413 Cached:8947.0 MB
2020-02-02 05:06:48,610 ==> Epoch[18](150/534): Loss: 0.1866
2020-02-02 05:06:48,612 Allocated:121.15869140625 MB
2020-02-02 05:06:48,612 Cached:8947.0 MB
2020-02-02 05:07:45,176 ====> Building Cache
2020-02-02 05:07:45,177 feature cache--->>> /home/annora/NetVLAD/output/train_feat_cache1.hdf5
2020-02-02 05:09:10,324 Allocated:122.283203125 MB
2020-02-02 05:09:10,325 Cached:3557.125 MB
2020-02-02 05:10:42,679 ==> Epoch[18](200/534): Loss: 0.1372
2020-02-02 05:10:42,681 Allocated:121.15869140625 MB
2020-02-02 05:10:42,681 Cached:5970.5 MB
2020-02-02 05:12:37,573 ==> Epoch[18](250/534): Loss: 0.1768
2020-02-02 05:12:37,575 Allocated:121.90869140625 MB
2020-02-02 05:12:37,575 Cached:9845.5 MB
2020-02-02 05:14:31,713 ==> Epoch[18](300/534): Loss: 0.1831
2020-02-02 05:14:31,714 Allocated:122.40869140625 MB
2020-02-02 05:14:31,715 Cached:9845.5 MB
2020-02-02 05:16:22,758 ==> Epoch[18](350/534): Loss: 0.1754
2020-02-02 05:16:22,760 Allocated:123.78369140625 MB
2020-02-02 05:16:22,761 Cached:9845.5 MB
2020-02-02 05:16:35,491 ====> Building Cache
2020-02-02 05:16:35,491 feature cache--->>> /home/annora/NetVLAD/output/train_feat_cache1.hdf5
2020-02-02 05:18:03,940 Allocated:121.283203125 MB
2020-02-02 05:18:03,941 Cached:3559.625 MB
2020-02-02 05:20:22,292 ==> Epoch[18](400/534): Loss: 0.0810
2020-02-02 05:20:22,296 Allocated:121.53369140625 MB
2020-02-02 05:20:22,296 Cached:8250.5 MB
2020-02-02 05:22:11,563 ==> Epoch[18](450/534): Loss: 0.1046
2020-02-02 05:22:11,566 Allocated:121.15869140625 MB
2020-02-02 05:22:11,566 Cached:9485.25 MB
2020-02-02 05:23:57,684 ==> Epoch[18](500/534): Loss: 0.0963
2020-02-02 05:23:57,686 Allocated:121.90869140625 MB
2020-02-02 05:23:57,686 Cached:9485.25 MB
2020-02-02 05:25:16,563 ===> Epoch 18 Complete: Avg. Loss: 0.1215
2020-02-02 05:25:16,564 ====> Extracting Features
2020-02-02 05:25:52,468 ==> Batch (50/108)
2020-02-02 05:26:14,967 ==> Batch (100/108)
2020-02-02 05:26:19,987 ====> Building faiss index
2020-02-02 05:26:20,369 ====> Calculating recall @ N
2020-02-02 05:26:22,615 ====> Recall@1: 0.5826
2020-02-02 05:26:22,616 ====> Recall@2: 0.6220
2020-02-02 05:26:22,617 ====> Recall@3: 0.6458
2020-02-02 05:26:22,617 ====> Recall@4: 0.6600
2020-02-02 05:26:22,617 ====> Recall@5: 0.6696
2020-02-02 05:26:22,617 ====> Recall@10: 0.7041
2020-02-02 05:26:22,618 ====> Recall@15: 0.7206
2020-02-02 05:26:22,618 ====> Recall@20: 0.7342
2020-02-02 05:26:22,618 ====> Recall@25: 0.7429
2020-02-02 05:26:23,053 ====> Building Cache
2020-02-02 05:26:23,054 feature cache--->>> /home/annora/NetVLAD/output/train_feat_cache1.hdf5
2020-02-02 05:27:48,859 Allocated:119.28369140625 MB
2020-02-02 05:27:48,859 Cached:4150.875 MB
2020-02-02 05:30:20,206 ==> Epoch[19](50/534): Loss: 0.0654
2020-02-02 05:30:20,209 Allocated:121.28369140625 MB
2020-02-02 05:30:20,209 Cached:7756.875 MB
2020-02-02 05:32:09,929 ==> Epoch[19](100/534): Loss: 0.0687
2020-02-02 05:32:09,932 Allocated:121.90869140625 MB
2020-02-02 05:32:09,932 Cached:7756.875 MB
2020-02-02 05:33:55,317 ==> Epoch[19](150/534): Loss: 0.0816
2020-02-02 05:33:55,319 Allocated:121.15869140625 MB
2020-02-02 05:33:55,319 Cached:7756.875 MB
2020-02-02 05:34:52,050 ====> Building Cache
2020-02-02 05:34:52,051 feature cache--->>> /home/annora/NetVLAD/output/train_feat_cache1.hdf5
2020-02-02 05:36:16,911 Allocated:121.158203125 MB
2020-02-02 05:36:16,912 Cached:3557.125 MB
2020-02-02 05:37:46,954 ==> Epoch[19](200/534): Loss: 0.1996
2020-02-02 05:37:46,957 Allocated:121.40869140625 MB
2020-02-02 05:37:46,957 Cached:4114.375 MB
2020-02-02 05:39:41,025 ==> Epoch[19](250/534): Loss: 0.1397
2020-02-02 05:39:41,027 Allocated:122.03369140625 MB
2020-02-02 05:39:41,027 Cached:5342.75 MB
2020-02-02 05:41:34,789 ==> Epoch[19](300/534): Loss: 0.2044
2020-02-02 05:41:34,792 Allocated:121.28369140625 MB
2020-02-02 05:41:34,792 Cached:5342.75 MB
2020-02-02 05:43:25,643 ==> Epoch[19](350/534): Loss: 0.1602
2020-02-02 05:43:25,644 Allocated:121.90869140625 MB
2020-02-02 05:43:25,645 Cached:5342.75 MB
2020-02-02 05:43:38,267 ====> Building Cache
2020-02-02 05:43:38,268 feature cache--->>> /home/annora/NetVLAD/output/train_feat_cache1.hdf5
2020-02-02 05:45:06,229 Allocated:121.158203125 MB
2020-02-02 05:45:06,230 Cached:3387.25 MB
2020-02-02 05:47:16,156 ==> Epoch[19](400/534): Loss: 0.0946
2020-02-02 05:47:16,158 Allocated:121.78369140625 MB
2020-02-02 05:47:16,158 Cached:6992.0 MB
2020-02-02 05:49:03,932 ==> Epoch[19](450/534): Loss: 0.0898
2020-02-02 05:49:03,935 Allocated:121.65869140625 MB
2020-02-02 05:49:03,935 Cached:8239.5 MB
2020-02-02 05:50:54,539 ==> Epoch[19](500/534): Loss: 0.0674
2020-02-02 05:50:54,541 Allocated:122.40869140625 MB
2020-02-02 05:50:54,542 Cached:9495.625 MB
2020-02-02 05:52:09,996 ===> Epoch 19 Complete: Avg. Loss: 0.1201
2020-02-02 05:52:09,997 ====> Extracting Features
2020-02-02 05:52:46,333 ==> Batch (50/108)
2020-02-02 05:53:09,512 ==> Batch (100/108)
2020-02-02 05:53:13,956 ====> Building faiss index
2020-02-02 05:53:14,286 ====> Calculating recall @ N
2020-02-02 05:53:16,381 ====> Recall@1: 0.5835
2020-02-02 05:53:16,381 ====> Recall@2: 0.6246
2020-02-02 05:53:16,381 ====> Recall@3: 0.6481
2020-02-02 05:53:16,382 ====> Recall@4: 0.6620
2020-02-02 05:53:16,382 ====> Recall@5: 0.6722
2020-02-02 05:53:16,382 ====> Recall@10: 0.7043
2020-02-02 05:53:16,382 ====> Recall@15: 0.7220
2020-02-02 05:53:16,382 ====> Recall@20: 0.7357
2020-02-02 05:53:16,382 ====> Recall@25: 0.7446
2020-02-02 05:53:17,132 ====> Building Cache
2020-02-02 05:53:17,133 feature cache--->>> /home/annora/NetVLAD/output/train_feat_cache1.hdf5
2020-02-02 05:54:42,407 Allocated:120.03369140625 MB
2020-02-02 05:54:42,408 Cached:4304.875 MB
2020-02-02 05:57:11,118 ==> Epoch[20](50/534): Loss: 0.1089
2020-02-02 05:57:11,120 Allocated:121.15869140625 MB
2020-02-02 05:57:11,121 Cached:5512.375 MB
2020-02-02 05:58:54,344 ==> Epoch[20](100/534): Loss: 0.0262
2020-02-02 05:58:54,346 Allocated:121.90869140625 MB
2020-02-02 05:58:54,346 Cached:6720.625 MB
2020-02-02 06:00:51,767 ==> Epoch[20](150/534): Loss: 0.0735
2020-02-02 06:00:51,770 Allocated:121.53369140625 MB
2020-02-02 06:00:51,771 Cached:7952.25 MB
2020-02-02 06:01:48,014 ====> Building Cache
2020-02-02 06:01:48,015 feature cache--->>> /home/annora/NetVLAD/output/train_feat_cache1.hdf5
2020-02-02 06:03:14,505 Allocated:121.283203125 MB
2020-02-02 06:03:14,505 Cached:3387.25 MB
2020-02-02 06:04:49,572 ==> Epoch[20](200/534): Loss: 0.2251
2020-02-02 06:04:49,574 Allocated:121.28369140625 MB
2020-02-02 06:04:49,575 Cached:9761.75 MB
2020-02-02 06:06:45,674 ==> Epoch[20](250/534): Loss: 0.1850
2020-02-02 06:06:45,676 Allocated:122.15869140625 MB
2020-02-02 06:06:45,677 Cached:9761.75 MB
2020-02-02 06:08:41,399 ==> Epoch[20](300/534): Loss: 0.1509
2020-02-02 06:08:41,401 Allocated:121.15869140625 MB
2020-02-02 06:08:41,402 Cached:9761.75 MB
2020-02-02 06:10:28,576 ==> Epoch[20](350/534): Loss: 0.0783
2020-02-02 06:10:28,578 Allocated:121.90869140625 MB
2020-02-02 06:10:28,578 Cached:9761.75 MB
2020-02-02 06:10:41,115 ====> Building Cache
2020-02-02 06:10:41,116 feature cache--->>> /home/annora/NetVLAD/output/train_feat_cache1.hdf5
2020-02-02 06:12:10,025 Allocated:121.908203125 MB
2020-02-02 06:12:10,025 Cached:3559.625 MB
2020-02-02 06:14:28,310 ==> Epoch[20](400/534): Loss: 0.1241
2020-02-02 06:14:28,312 Allocated:121.15869140625 MB
2020-02-02 06:14:28,312 Cached:7100.625 MB
2020-02-02 06:16:17,087 ==> Epoch[20](450/534): Loss: 0.0709
2020-02-02 06:16:17,089 Allocated:121.90869140625 MB
2020-02-02 06:16:17,089 Cached:7100.625 MB
2020-02-02 06:18:10,199 ==> Epoch[20](500/534): Loss: 0.1067
2020-02-02 06:18:10,201 Allocated:122.28369140625 MB
2020-02-02 06:18:10,202 Cached:7100.625 MB
2020-02-02 06:19:23,798 ===> Epoch 20 Complete: Avg. Loss: 0.1207
2020-02-02 06:19:23,799 ====> Extracting Features
2020-02-02 06:20:00,413 ==> Batch (50/108)
2020-02-02 06:20:21,648 ==> Batch (100/108)
2020-02-02 06:20:26,246 ====> Building faiss index
2020-02-02 06:20:26,581 ====> Calculating recall @ N
2020-02-02 06:20:28,957 ====> Recall@1: 0.5829
2020-02-02 06:20:28,958 ====> Recall@2: 0.6246
2020-02-02 06:20:28,959 ====> Recall@3: 0.6461
2020-02-02 06:20:28,959 ====> Recall@4: 0.6594
2020-02-02 06:20:28,959 ====> Recall@5: 0.6687
2020-02-02 06:20:28,959 ====> Recall@10: 0.7012
2020-02-02 06:20:28,959 ====> Recall@15: 0.7212
2020-02-02 06:20:28,960 ====> Recall@20: 0.7339
2020-02-02 06:20:28,960 ====> Recall@25: 0.7429
2020-02-02 06:20:29,409 ====> Building Cache
2020-02-02 06:20:29,410 feature cache--->>> /home/annora/NetVLAD/output/train_feat_cache1.hdf5
2020-02-02 06:21:54,225 Allocated:119.53369140625 MB
2020-02-02 06:21:54,226 Cached:4149.875 MB
2020-02-02 06:24:18,686 ==> Epoch[21](50/534): Loss: 0.0875
2020-02-02 06:24:18,688 Allocated:122.03369140625 MB
2020-02-02 06:24:18,688 Cached:8807.0 MB
2020-02-02 06:26:00,446 ==> Epoch[21](100/534): Loss: 0.1311
2020-02-02 06:26:00,448 Allocated:121.90869140625 MB
2020-02-02 06:26:00,448 Cached:8807.0 MB
2020-02-02 06:27:47,205 ==> Epoch[21](150/534): Loss: 0.0958
2020-02-02 06:27:47,207 Allocated:121.28369140625 MB
2020-02-02 06:27:47,208 Cached:10006.75 MB
2020-02-02 06:28:44,260 ====> Building Cache
2020-02-02 06:28:44,261 feature cache--->>> /home/annora/NetVLAD/output/train_feat_cache1.hdf5
2020-02-02 06:30:09,679 Allocated:121.908203125 MB
2020-02-02 06:30:09,680 Cached:3387.25 MB
2020-02-02 06:31:40,829 ==> Epoch[21](200/534): Loss: 0.1445
2020-02-02 06:31:40,832 Allocated:121.53369140625 MB
2020-02-02 06:31:40,833 Cached:8496.125 MB
2020-02-02 06:33:31,898 ==> Epoch[21](250/534): Loss: 0.2393
2020-02-02 06:33:31,901 Allocated:121.28369140625 MB
2020-02-02 06:33:31,901 Cached:8496.125 MB
2020-02-02 06:35:29,056 ==> Epoch[21](300/534): Loss: 0.1232
2020-02-02 06:35:29,058 Allocated:122.03369140625 MB
2020-02-02 06:35:29,058 Cached:8496.125 MB
2020-02-02 06:37:20,155 ==> Epoch[21](350/534): Loss: 0.1420
2020-02-02 06:37:20,157 Allocated:121.28369140625 MB
2020-02-02 06:37:20,157 Cached:8496.125 MB
2020-02-02 06:37:32,791 ====> Building Cache
2020-02-02 06:37:32,792 feature cache--->>> /home/annora/NetVLAD/output/train_feat_cache1.hdf5
2020-02-02 06:39:00,656 Allocated:121.908203125 MB
2020-02-02 06:39:00,657 Cached:3559.625 MB
2020-02-02 06:41:11,633 ==> Epoch[21](400/534): Loss: 0.0855
2020-02-02 06:41:11,635 Allocated:121.40869140625 MB
2020-02-02 06:41:11,635 Cached:8234.625 MB
2020-02-02 06:43:01,390 ==> Epoch[21](450/534): Loss: 0.0611
2020-02-02 06:43:01,392 Allocated:121.90869140625 MB
2020-02-02 06:43:01,393 Cached:9459.875 MB
2020-02-02 06:44:42,658 ==> Epoch[21](500/534): Loss: 0.0894
2020-02-02 06:44:42,659 Allocated:122.15869140625 MB
2020-02-02 06:44:42,660 Cached:9459.875 MB
2020-02-02 06:45:49,982 ===> Epoch 21 Complete: Avg. Loss: 0.1213
2020-02-02 06:45:49,984 ====> Extracting Features
2020-02-02 06:46:25,519 ==> Batch (50/108)
2020-02-02 06:46:48,772 ==> Batch (100/108)
2020-02-02 06:46:53,438 ====> Building faiss index
2020-02-02 06:46:53,850 ====> Calculating recall @ N
2020-02-02 06:46:56,091 ====> Recall@1: 0.5832
2020-02-02 06:46:56,091 ====> Recall@2: 0.6261
2020-02-02 06:46:56,092 ====> Recall@3: 0.6475
2020-02-02 06:46:56,092 ====> Recall@4: 0.6603
2020-02-02 06:46:56,092 ====> Recall@5: 0.6699
2020-02-02 06:46:56,092 ====> Recall@10: 0.7026
2020-02-02 06:46:56,092 ====> Recall@15: 0.7217
2020-02-02 06:46:56,093 ====> Recall@20: 0.7354
2020-02-02 06:46:56,093 ====> Recall@25: 0.7426
2020-02-02 06:46:56,512 ====> Building Cache
2020-02-02 06:46:56,512 feature cache--->>> /home/annora/NetVLAD/output/train_feat_cache1.hdf5
2020-02-02 06:48:21,798 Allocated:120.03369140625 MB
2020-02-02 06:48:21,799 Cached:4244.0 MB
2020-02-02 06:50:43,100 ==> Epoch[22](50/534): Loss: 0.0795
2020-02-02 06:50:43,102 Allocated:121.90869140625 MB
2020-02-02 06:50:43,102 Cached:6628.0 MB
2020-02-02 06:52:32,079 ==> Epoch[22](100/534): Loss: 0.0502
2020-02-02 06:52:32,081 Allocated:121.53369140625 MB
2020-02-02 06:52:32,081 Cached:6628.0 MB
2020-02-02 06:54:19,553 ==> Epoch[22](150/534): Loss: 0.1296
2020-02-02 06:54:19,555 Allocated:122.28369140625 MB
2020-02-02 06:54:19,555 Cached:6628.0 MB
2020-02-02 06:55:20,671 ====> Building Cache
2020-02-02 06:55:20,672 feature cache--->>> /home/annora/NetVLAD/output/train_feat_cache1.hdf5
2020-02-02 06:56:45,924 Allocated:122.033203125 MB
2020-02-02 06:56:45,924 Cached:3812.25 MB
2020-02-02 06:58:18,867 ==> Epoch[22](200/534): Loss: 0.1783
2020-02-02 06:58:18,869 Allocated:121.28369140625 MB
2020-02-02 06:58:18,869 Cached:7359.875 MB
2020-02-02 07:00:12,875 ==> Epoch[22](250/534): Loss: 0.1641
2020-02-02 07:00:12,879 Allocated:121.78369140625 MB
2020-02-02 07:00:12,879 Cached:7359.875 MB
2020-02-02 07:02:05,503 ==> Epoch[22](300/534): Loss: 0.1512
2020-02-02 07:02:05,505 Allocated:121.40869140625 MB
2020-02-02 07:02:05,505 Cached:7359.875 MB
2020-02-02 07:04:04,410 ==> Epoch[22](350/534): Loss: 0.1851
2020-02-02 07:04:04,412 Allocated:122.15869140625 MB
2020-02-02 07:04:04,412 Cached:7359.875 MB
2020-02-02 07:04:20,739 ====> Building Cache
2020-02-02 07:04:20,740 feature cache--->>> /home/annora/NetVLAD/output/train_feat_cache1.hdf5
2020-02-02 07:05:47,514 Allocated:121.908203125 MB
2020-02-02 07:05:47,514 Cached:2866.5 MB
2020-02-02 07:08:03,953 ==> Epoch[22](400/534): Loss: 0.1166
2020-02-02 07:08:03,956 Allocated:121.90869140625 MB
2020-02-02 07:08:03,956 Cached:5200.375 MB
2020-02-02 07:09:53,161 ==> Epoch[22](450/534): Loss: 0.1287
2020-02-02 07:09:53,163 Allocated:121.15869140625 MB
2020-02-02 07:09:53,163 Cached:5200.375 MB
2020-02-02 07:11:35,704 ==> Epoch[22](500/534): Loss: 0.1205
2020-02-02 07:11:35,706 Allocated:121.90869140625 MB
2020-02-02 07:11:35,706 Cached:6423.375 MB
2020-02-02 07:12:52,851 ===> Epoch 22 Complete: Avg. Loss: 0.1211
2020-02-02 07:12:52,853 ====> Extracting Features
2020-02-02 07:13:28,319 ==> Batch (50/108)
2020-02-02 07:13:51,943 ==> Batch (100/108)
2020-02-02 07:13:57,138 ====> Building faiss index
2020-02-02 07:13:57,484 ====> Calculating recall @ N
2020-02-02 07:13:59,672 ====> Recall@1: 0.5849
2020-02-02 07:13:59,673 ====> Recall@2: 0.6278
2020-02-02 07:13:59,674 ====> Recall@3: 0.6490
2020-02-02 07:13:59,674 ====> Recall@4: 0.6617
2020-02-02 07:13:59,674 ====> Recall@5: 0.6696
2020-02-02 07:13:59,674 ====> Recall@10: 0.7041
2020-02-02 07:13:59,674 ====> Recall@15: 0.7235
2020-02-02 07:13:59,675 ====> Recall@20: 0.7362
2020-02-02 07:13:59,675 ====> Recall@25: 0.7441
2020-02-02 07:14:00,105 ====> Building Cache
2020-02-02 07:14:00,105 feature cache--->>> /home/annora/NetVLAD/output/train_feat_cache1.hdf5
2020-02-02 07:15:24,357 Allocated:119.28369140625 MB
2020-02-02 07:15:24,357 Cached:4243.0 MB
2020-02-02 07:17:52,340 ==> Epoch[23](50/534): Loss: 0.1085
2020-02-02 07:17:52,342 Allocated:122.03369140625 MB
2020-02-02 07:17:52,343 Cached:6589.625 MB
2020-02-02 07:19:42,581 ==> Epoch[23](100/534): Loss: 0.0931
2020-02-02 07:19:42,583 Allocated:122.15869140625 MB
2020-02-02 07:19:42,583 Cached:7788.375 MB
2020-02-02 07:21:26,270 ==> Epoch[23](150/534): Loss: 0.1133
2020-02-02 07:21:26,271 Allocated:121.90869140625 MB
2020-02-02 07:21:26,272 Cached:9007.25 MB
2020-02-02 07:22:23,285 ====> Building Cache
2020-02-02 07:22:23,286 feature cache--->>> /home/annora/NetVLAD/output/train_feat_cache1.hdf5
2020-02-02 07:23:49,590 Allocated:123.158203125 MB
2020-02-02 07:23:49,591 Cached:3233.25 MB
2020-02-02 07:25:18,847 ==> Epoch[23](200/534): Loss: 0.2472
2020-02-02 07:25:18,849 Allocated:122.03369140625 MB
2020-02-02 07:25:18,849 Cached:4463.25 MB
2020-02-02 07:27:06,972 ==> Epoch[23](250/534): Loss: 0.1439
2020-02-02 07:27:06,973 Allocated:121.28369140625 MB
2020-02-02 07:27:06,974 Cached:4466.25 MB
2020-02-02 07:28:58,116 ==> Epoch[23](300/534): Loss: 0.1214
2020-02-02 07:28:58,118 Allocated:121.90869140625 MB
2020-02-02 07:28:58,118 Cached:4466.25 MB
2020-02-02 07:30:55,493 ==> Epoch[23](350/534): Loss: 0.1698
2020-02-02 07:30:55,495 Allocated:121.78369140625 MB
2020-02-02 07:30:55,496 Cached:4466.25 MB
2020-02-02 07:31:08,104 ====> Building Cache
2020-02-02 07:31:08,105 feature cache--->>> /home/annora/NetVLAD/output/train_feat_cache1.hdf5
2020-02-02 07:32:33,217 Allocated:121.283203125 MB
2020-02-02 07:32:33,217 Cached:3559.625 MB
2020-02-02 07:34:46,288 ==> Epoch[23](400/534): Loss: 0.0960
2020-02-02 07:34:46,291 Allocated:121.15869140625 MB
2020-02-02 07:34:46,291 Cached:7122.0 MB
2020-02-02 07:36:40,228 ==> Epoch[23](450/534): Loss: 0.0696
2020-02-02 07:36:40,231 Allocated:121.90869140625 MB
2020-02-02 07:36:40,231 Cached:7122.0 MB
2020-02-02 07:38:23,935 ==> Epoch[23](500/534): Loss: 0.0625
2020-02-02 07:38:23,937 Allocated:121.15869140625 MB
2020-02-02 07:38:23,937 Cached:7122.0 MB
2020-02-02 07:39:34,241 ===> Epoch 23 Complete: Avg. Loss: 0.1203
2020-02-02 07:39:34,243 ====> Extracting Features
2020-02-02 07:40:09,071 ==> Batch (50/108)
2020-02-02 07:40:30,835 ==> Batch (100/108)
2020-02-02 07:40:35,708 ====> Building faiss index
2020-02-02 07:40:36,051 ====> Calculating recall @ N
2020-02-02 07:40:38,255 ====> Recall@1: 0.5858
2020-02-02 07:40:38,256 ====> Recall@2: 0.6278
2020-02-02 07:40:38,257 ====> Recall@3: 0.6493
2020-02-02 07:40:38,257 ====> Recall@4: 0.6609
2020-02-02 07:40:38,257 ====> Recall@5: 0.6693
2020-02-02 07:40:38,257 ====> Recall@10: 0.7043
2020-02-02 07:40:38,257 ====> Recall@15: 0.7229
2020-02-02 07:40:38,257 ====> Recall@20: 0.7368
2020-02-02 07:40:38,258 ====> Recall@25: 0.7441
2020-02-02 07:40:38,690 ====> Building Cache
2020-02-02 07:40:38,690 feature cache--->>> /home/annora/NetVLAD/output/train_feat_cache1.hdf5
2020-02-02 07:42:04,698 Allocated:119.40869140625 MB
2020-02-02 07:42:04,699 Cached:4244.0 MB
2020-02-02 07:44:28,931 ==> Epoch[24](50/534): Loss: 0.1026
2020-02-02 07:44:28,933 Allocated:121.28369140625 MB
2020-02-02 07:44:28,933 Cached:6591.875 MB
2020-02-02 07:46:14,157 ==> Epoch[24](100/534): Loss: 0.1124
2020-02-02 07:46:14,158 Allocated:122.03369140625 MB
2020-02-02 07:46:14,159 Cached:6591.875 MB
2020-02-02 07:47:56,084 ==> Epoch[24](150/534): Loss: 0.1454
2020-02-02 07:47:56,086 Allocated:122.03369140625 MB
2020-02-02 07:47:56,087 Cached:6591.875 MB
2020-02-02 07:48:53,155 ====> Building Cache
2020-02-02 07:48:53,155 feature cache--->>> /home/annora/NetVLAD/output/train_feat_cache1.hdf5
2020-02-02 07:50:18,640 Allocated:121.283203125 MB
2020-02-02 07:50:18,641 Cached:2978.125 MB
2020-02-02 07:51:44,070 ==> Epoch[24](200/534): Loss: 0.1965
2020-02-02 07:51:44,072 Allocated:121.78369140625 MB
2020-02-02 07:51:44,072 Cached:3696.75 MB
2020-02-02 07:53:37,501 ==> Epoch[24](250/534): Loss: 0.2319
2020-02-02 07:53:37,504 Allocated:121.53369140625 MB
2020-02-02 07:53:37,504 Cached:3697.75 MB
2020-02-02 07:55:29,804 ==> Epoch[24](300/534): Loss: 0.1774
2020-02-02 07:55:29,807 Allocated:121.28369140625 MB
2020-02-02 07:55:29,807 Cached:3697.75 MB
2020-02-02 07:57:22,646 ==> Epoch[24](350/534): Loss: 0.1675
2020-02-02 07:57:22,648 Allocated:121.90869140625 MB
2020-02-02 07:57:22,649 Cached:3697.75 MB
2020-02-02 07:57:35,214 ====> Building Cache
2020-02-02 07:57:35,215 feature cache--->>> /home/annora/NetVLAD/output/train_feat_cache1.hdf5
2020-02-02 07:59:00,580 Allocated:121.158203125 MB
2020-02-02 07:59:00,580 Cached:3387.25 MB
2020-02-02 08:01:12,363 ==> Epoch[24](400/534): Loss: 0.1079
2020-02-02 08:01:12,366 Allocated:121.15869140625 MB
2020-02-02 08:01:12,366 Cached:8129.25 MB
2020-02-02 08:03:11,611 ==> Epoch[24](450/534): Loss: 0.1028
2020-02-02 08:03:11,612 Allocated:122.90869140625 MB
2020-02-02 08:03:11,613 Cached:8129.25 MB
2020-02-02 08:05:02,676 ==> Epoch[24](500/534): Loss: 0.0614
2020-02-02 08:05:02,678 Allocated:121.15869140625 MB
2020-02-02 08:05:02,678 Cached:8129.25 MB
2020-02-02 08:06:27,844 ===> Epoch 24 Complete: Avg. Loss: 0.1197
2020-02-02 08:06:27,845 ====> Extracting Features
2020-02-02 08:07:01,971 ==> Batch (50/108)
2020-02-02 08:07:24,408 ==> Batch (100/108)
2020-02-02 08:07:28,355 ====> Building faiss index
2020-02-02 08:07:28,697 ====> Calculating recall @ N
2020-02-02 08:07:30,887 ====> Recall@1: 0.5870
2020-02-02 08:07:30,888 ====> Recall@2: 0.6267
2020-02-02 08:07:30,888 ====> Recall@3: 0.6484
2020-02-02 08:07:30,889 ====> Recall@4: 0.6591
2020-02-02 08:07:30,889 ====> Recall@5: 0.6690
2020-02-02 08:07:30,889 ====> Recall@10: 0.7049
2020-02-02 08:07:30,889 ====> Recall@15: 0.7238
2020-02-02 08:07:30,889 ====> Recall@20: 0.7368
2020-02-02 08:07:30,889 ====> Recall@25: 0.7438
2020-02-02 08:07:31,307 ====> Building Cache
2020-02-02 08:07:31,307 feature cache--->>> /home/annora/NetVLAD/output/train_feat_cache1.hdf5
2020-02-02 08:08:58,503 Allocated:119.90869140625 MB
2020-02-02 08:08:58,504 Cached:4304.875 MB
2020-02-02 08:11:29,459 ==> Epoch[25](50/534): Loss: 0.0521
2020-02-02 08:11:29,461 Allocated:121.53369140625 MB
2020-02-02 08:11:29,462 Cached:5578.125 MB
2020-02-02 08:13:15,625 ==> Epoch[25](100/534): Loss: 0.1261
2020-02-02 08:13:15,626 Allocated:121.15869140625 MB
2020-02-02 08:13:15,627 Cached:5578.125 MB
2020-02-02 08:15:04,362 ==> Epoch[25](150/534): Loss: 0.1440
2020-02-02 08:15:04,365 Allocated:121.28369140625 MB
2020-02-02 08:15:04,365 Cached:5578.125 MB
2020-02-02 08:16:04,649 ====> Building Cache
2020-02-02 08:16:04,650 feature cache--->>> /home/annora/NetVLAD/output/train_feat_cache1.hdf5
2020-02-02 08:17:31,017 Allocated:121.283203125 MB
2020-02-02 08:17:31,018 Cached:3387.25 MB
2020-02-02 08:18:59,067 ==> Epoch[25](200/534): Loss: 0.1502
2020-02-02 08:18:59,069 Allocated:122.03369140625 MB
2020-02-02 08:18:59,070 Cached:4874.5 MB
2020-02-02 08:20:56,112 ==> Epoch[25](250/534): Loss: 0.1230
2020-02-02 08:20:56,114 Allocated:121.78369140625 MB
2020-02-02 08:20:56,114 Cached:4874.5 MB
2020-02-02 08:22:50,365 ==> Epoch[25](300/534): Loss: 0.1996
2020-02-02 08:22:50,368 Allocated:121.15869140625 MB
2020-02-02 08:22:50,368 Cached:4874.5 MB
2020-02-02 08:24:40,524 ==> Epoch[25](350/534): Loss: 0.1554
2020-02-02 08:24:40,526 Allocated:121.78369140625 MB
2020-02-02 08:24:40,526 Cached:4874.5 MB
2020-02-02 08:24:53,051 ====> Building Cache
2020-02-02 08:24:53,051 feature cache--->>> /home/annora/NetVLAD/output/train_feat_cache1.hdf5
2020-02-02 08:26:17,763 Allocated:123.158203125 MB
2020-02-02 08:26:17,763 Cached:4154.875 MB
2020-02-02 08:28:31,302 ==> Epoch[25](400/534): Loss: 0.0892
2020-02-02 08:28:31,305 Allocated:122.40869140625 MB
2020-02-02 08:28:31,305 Cached:6521.625 MB
2020-02-02 08:30:22,147 ==> Epoch[25](450/534): Loss: 0.1032
2020-02-02 08:30:22,149 Allocated:122.53369140625 MB
2020-02-02 08:30:22,149 Cached:7773.375 MB
2020-02-02 08:32:14,308 ==> Epoch[25](500/534): Loss: 0.0861
2020-02-02 08:32:14,310 Allocated:122.40869140625 MB
2020-02-02 08:32:14,310 Cached:7773.375 MB
2020-02-02 08:33:24,085 ===> Epoch 25 Complete: Avg. Loss: 0.1200
2020-02-02 08:33:24,086 ====> Extracting Features
2020-02-02 08:33:58,455 ==> Batch (50/108)
2020-02-02 08:34:19,633 ==> Batch (100/108)
2020-02-02 08:34:23,969 ====> Building faiss index
2020-02-02 08:34:24,320 ====> Calculating recall @ N
2020-02-02 08:34:26,498 ====> Recall@1: 0.5846
2020-02-02 08:34:26,498 ====> Recall@2: 0.6267
2020-02-02 08:34:26,499 ====> Recall@3: 0.6458
2020-02-02 08:34:26,499 ====> Recall@4: 0.6571
2020-02-02 08:34:26,499 ====> Recall@5: 0.6661
2020-02-02 08:34:26,499 ====> Recall@10: 0.7043
2020-02-02 08:34:26,499 ====> Recall@15: 0.7220
2020-02-02 08:34:26,499 ====> Recall@20: 0.7345
2020-02-02 08:34:26,499 ====> Recall@25: 0.7432
2020-02-02 08:34:26,915 ====> Building Cache
2020-02-02 08:34:26,915 feature cache--->>> /home/annora/NetVLAD/output/train_feat_cache1.hdf5
2020-02-02 08:35:56,358 Allocated:119.28369140625 MB
2020-02-02 08:35:56,358 Cached:4150.875 MB
2020-02-02 08:38:22,442 ==> Epoch[26](50/534): Loss: 0.0996
2020-02-02 08:38:22,445 Allocated:122.03369140625 MB
2020-02-02 08:38:22,445 Cached:6498.75 MB
2020-02-02 08:40:07,531 ==> Epoch[26](100/534): Loss: 0.0944
2020-02-02 08:40:07,534 Allocated:121.53369140625 MB
2020-02-02 08:40:07,534 Cached:6498.75 MB
2020-02-02 08:42:12,173 ==> Epoch[26](150/534): Loss: 0.0970
2020-02-02 08:42:12,176 Allocated:122.28369140625 MB
2020-02-02 08:42:12,176 Cached:6498.75 MB
2020-02-02 08:43:09,809 ====> Building Cache
2020-02-02 08:43:09,810 feature cache--->>> /home/annora/NetVLAD/output/train_feat_cache1.hdf5
2020-02-02 08:44:34,835 Allocated:121.908203125 MB
2020-02-02 08:44:34,836 Cached:3387.25 MB
2020-02-02 08:46:03,475 ==> Epoch[26](200/534): Loss: 0.1795
2020-02-02 08:46:03,479 Allocated:122.03369140625 MB
2020-02-02 08:46:03,479 Cached:8300.0 MB
2020-02-02 08:47:54,719 ==> Epoch[26](250/534): Loss: 0.1519
2020-02-02 08:47:54,721 Allocated:121.78369140625 MB
2020-02-02 08:47:54,721 Cached:6051.375 MB
2020-02-02 08:49:45,114 ==> Epoch[26](300/534): Loss: 0.2215
2020-02-02 08:49:45,116 Allocated:121.15869140625 MB
2020-02-02 08:49:45,116 Cached:7358.75 MB
2020-02-02 08:51:55,818 ==> Epoch[26](350/534): Loss: 0.1748
2020-02-02 08:51:55,820 Allocated:122.40869140625 MB
2020-02-02 08:51:55,820 Cached:7358.75 MB
2020-02-02 08:52:11,956 ====> Building Cache
2020-02-02 08:52:11,957 feature cache--->>> /home/annora/NetVLAD/output/train_feat_cache1.hdf5
2020-02-02 08:53:37,980 Allocated:121.283203125 MB
2020-02-02 08:53:37,981 Cached:2866.0 MB
2020-02-02 08:55:55,199 ==> Epoch[26](400/534): Loss: 0.1323
2020-02-02 08:55:55,201 Allocated:121.15869140625 MB
2020-02-02 08:55:55,201 Cached:5177.625 MB
2020-02-02 08:57:39,575 ==> Epoch[26](450/534): Loss: 0.1096
2020-02-02 08:57:39,577 Allocated:121.28369140625 MB
2020-02-02 08:57:39,577 Cached:6397.5 MB
2020-02-02 08:59:24,078 ==> Epoch[26](500/534): Loss: 0.1007
2020-02-02 08:59:24,080 Allocated:121.28369140625 MB
2020-02-02 08:59:24,080 Cached:6397.5 MB
2020-02-02 09:00:34,447 ===> Epoch 26 Complete: Avg. Loss: 0.1200
2020-02-02 09:00:34,449 ====> Extracting Features
2020-02-02 09:01:08,945 ==> Batch (50/108)
2020-02-02 09:01:30,734 ==> Batch (100/108)
2020-02-02 09:01:35,683 ====> Building faiss index
2020-02-02 09:01:36,031 ====> Calculating recall @ N
2020-02-02 09:01:38,241 ====> Recall@1: 0.5835
2020-02-02 09:01:38,241 ====> Recall@2: 0.6264
2020-02-02 09:01:38,242 ====> Recall@3: 0.6446
2020-02-02 09:01:38,242 ====> Recall@4: 0.6568
2020-02-02 09:01:38,242 ====> Recall@5: 0.6655
2020-02-02 09:01:38,243 ====> Recall@10: 0.7041
2020-02-02 09:01:38,243 ====> Recall@15: 0.7217
2020-02-02 09:01:38,243 ====> Recall@20: 0.7342
2020-02-02 09:01:38,243 ====> Recall@25: 0.7438
2020-02-02 09:01:38,670 ====> Building Cache
2020-02-02 09:01:38,670 feature cache--->>> /home/annora/NetVLAD/output/train_feat_cache1.hdf5
2020-02-02 09:03:07,030 Allocated:120.03369140625 MB
2020-02-02 09:03:07,031 Cached:4150.875 MB
2020-02-02 09:05:25,557 ==> Epoch[27](50/534): Loss: 0.1478
2020-02-02 09:05:25,559 Allocated:121.65869140625 MB
2020-02-02 09:05:25,559 Cached:6514.75 MB
2020-02-02 09:07:11,980 ==> Epoch[27](100/534): Loss: 0.1040
2020-02-02 09:07:11,982 Allocated:122.65869140625 MB
2020-02-02 09:07:11,983 Cached:7717.625 MB
2020-02-02 09:08:55,437 ==> Epoch[27](150/534): Loss: 0.0506
2020-02-02 09:08:55,439 Allocated:121.53369140625 MB
2020-02-02 09:08:55,439 Cached:7717.625 MB
2020-02-02 09:09:52,624 ====> Building Cache
2020-02-02 09:09:52,625 feature cache--->>> /home/annora/NetVLAD/output/train_feat_cache1.hdf5
2020-02-02 09:11:18,257 Allocated:122.033203125 MB
2020-02-02 09:11:18,257 Cached:3387.25 MB
2020-02-02 09:12:47,150 ==> Epoch[27](200/534): Loss: 0.1208
2020-02-02 09:12:47,152 Allocated:121.15869140625 MB
2020-02-02 09:12:47,152 Cached:3571.125 MB
2020-02-02 09:14:42,690 ==> Epoch[27](250/534): Loss: 0.1846
2020-02-02 09:14:42,692 Allocated:122.15869140625 MB
2020-02-02 09:14:42,692 Cached:6675.0 MB
2020-02-02 09:16:34,838 ==> Epoch[27](300/534): Loss: 0.1160
2020-02-02 09:16:34,840 Allocated:121.15869140625 MB
2020-02-02 09:16:34,840 Cached:7983.375 MB
2020-02-02 09:18:34,931 ==> Epoch[27](350/534): Loss: 0.1489
2020-02-02 09:18:34,933 Allocated:121.15869140625 MB
2020-02-02 09:18:34,934 Cached:7983.375 MB
2020-02-02 09:18:47,465 ====> Building Cache
2020-02-02 09:18:47,466 feature cache--->>> /home/annora/NetVLAD/output/train_feat_cache1.hdf5
2020-02-02 09:20:13,629 Allocated:121.158203125 MB
2020-02-02 09:20:13,630 Cached:3387.25 MB
2020-02-02 09:22:31,087 ==> Epoch[27](400/534): Loss: 0.1008
2020-02-02 09:22:31,090 Allocated:121.40869140625 MB
2020-02-02 09:22:31,090 Cached:8016.5 MB
2020-02-02 09:24:22,899 ==> Epoch[27](450/534): Loss: 0.1018
2020-02-02 09:24:22,902 Allocated:121.28369140625 MB
2020-02-02 09:24:22,902 Cached:9269.25 MB
2020-02-02 09:26:09,256 ==> Epoch[27](500/534): Loss: 0.0683
2020-02-02 09:26:09,258 Allocated:123.03369140625 MB
2020-02-02 09:26:09,258 Cached:9269.25 MB
2020-02-02 09:27:21,735 ===> Epoch 27 Complete: Avg. Loss: 0.1193
2020-02-02 09:27:21,737 ====> Extracting Features
2020-02-02 09:27:55,262 ==> Batch (50/108)
2020-02-02 09:28:15,988 ==> Batch (100/108)
2020-02-02 09:28:20,410 ====> Building faiss index
2020-02-02 09:28:20,746 ====> Calculating recall @ N
2020-02-02 09:28:22,854 ====> Recall@1: 0.5843
2020-02-02 09:28:22,854 ====> Recall@2: 0.6264
2020-02-02 09:28:22,855 ====> Recall@3: 0.6455
2020-02-02 09:28:22,855 ====> Recall@4: 0.6565
2020-02-02 09:28:22,855 ====> Recall@5: 0.6661
2020-02-02 09:28:22,855 ====> Recall@10: 0.7046
2020-02-02 09:28:22,855 ====> Recall@15: 0.7235
2020-02-02 09:28:22,856 ====> Recall@20: 0.7348
2020-02-02 09:28:22,856 ====> Recall@25: 0.7446
2020-02-02 09:28:23,316 ====> Building Cache
2020-02-02 09:28:23,317 feature cache--->>> /home/annora/NetVLAD/output/train_feat_cache1.hdf5
2020-02-02 09:29:52,384 Allocated:119.15869140625 MB
2020-02-02 09:29:52,384 Cached:4303.875 MB
2020-02-02 09:32:15,245 ==> Epoch[28](50/534): Loss: 0.0822
2020-02-02 09:32:15,247 Allocated:121.90869140625 MB
2020-02-02 09:32:15,247 Cached:6626.25 MB
2020-02-02 09:34:01,300 ==> Epoch[28](100/534): Loss: 0.0677
2020-02-02 09:34:01,302 Allocated:121.90869140625 MB
2020-02-02 09:34:01,303 Cached:7816.375 MB
2020-02-02 09:35:48,575 ==> Epoch[28](150/534): Loss: 0.0921
2020-02-02 09:35:48,577 Allocated:121.28369140625 MB
2020-02-02 09:35:48,577 Cached:9019.25 MB
2020-02-02 09:36:53,362 ====> Building Cache
2020-02-02 09:36:53,363 feature cache--->>> /home/annora/NetVLAD/output/train_feat_cache1.hdf5
2020-02-02 09:38:20,210 Allocated:121.908203125 MB
2020-02-02 09:38:20,211 Cached:3387.25 MB
2020-02-02 09:39:46,926 ==> Epoch[28](200/534): Loss: 0.2083
2020-02-02 09:39:46,929 Allocated:121.15869140625 MB
2020-02-02 09:39:46,929 Cached:9546.625 MB
2020-02-02 09:41:39,044 ==> Epoch[28](250/534): Loss: 0.2158
2020-02-02 09:41:39,048 Allocated:121.90869140625 MB
2020-02-02 09:41:39,048 Cached:9546.625 MB
2020-02-02 09:43:27,561 ==> Epoch[28](300/534): Loss: 0.1483
2020-02-02 09:43:27,563 Allocated:122.28369140625 MB
2020-02-02 09:43:27,563 Cached:8576.625 MB
2020-02-02 09:45:16,562 ==> Epoch[28](350/534): Loss: 0.1447
2020-02-02 09:45:16,564 Allocated:121.40869140625 MB
2020-02-02 09:45:16,564 Cached:8576.625 MB
2020-02-02 09:45:29,085 ====> Building Cache
2020-02-02 09:45:29,086 feature cache--->>> /home/annora/NetVLAD/output/train_feat_cache1.hdf5
2020-02-02 09:46:54,205 Allocated:121.533203125 MB
2020-02-02 09:46:54,206 Cached:2864.75 MB
2020-02-02 09:49:06,054 ==> Epoch[28](400/534): Loss: 0.0972
2020-02-02 09:49:06,056 Allocated:121.15869140625 MB
2020-02-02 09:49:06,056 Cached:5189.125 MB
2020-02-02 09:50:52,183 ==> Epoch[28](450/534): Loss: 0.0767
2020-02-02 09:50:52,185 Allocated:121.90869140625 MB
2020-02-02 09:50:52,185 Cached:7561.0 MB
2020-02-02 09:52:41,454 ==> Epoch[28](500/534): Loss: 0.0927
2020-02-02 09:52:41,456 Allocated:121.28369140625 MB
2020-02-02 09:52:41,456 Cached:7561.0 MB
2020-02-02 09:53:50,188 ===> Epoch 28 Complete: Avg. Loss: 0.1200
2020-02-02 09:53:50,189 ====> Extracting Features
2020-02-02 09:54:24,434 ==> Batch (50/108)
2020-02-02 09:54:45,675 ==> Batch (100/108)
2020-02-02 09:54:50,177 ====> Building faiss index
2020-02-02 09:54:50,513 ====> Calculating recall @ N
2020-02-02 09:54:52,677 ====> Recall@1: 0.5838
2020-02-02 09:54:52,677 ====> Recall@2: 0.6281
2020-02-02 09:54:52,678 ====> Recall@3: 0.6455
2020-02-02 09:54:52,678 ====> Recall@4: 0.6565
2020-02-02 09:54:52,678 ====> Recall@5: 0.6661
2020-02-02 09:54:52,679 ====> Recall@10: 0.7049
2020-02-02 09:54:52,679 ====> Recall@15: 0.7235
2020-02-02 09:54:52,679 ====> Recall@20: 0.7348
2020-02-02 09:54:52,679 ====> Recall@25: 0.7446
2020-02-02 09:54:53,116 ====> Building Cache
2020-02-02 09:54:53,116 feature cache--->>> /home/annora/NetVLAD/output/train_feat_cache1.hdf5
2020-02-02 09:56:22,867 Allocated:119.40869140625 MB
2020-02-02 09:56:22,867 Cached:4477.25 MB
2020-02-02 09:58:47,741 ==> Epoch[29](50/534): Loss: 0.1413
2020-02-02 09:58:47,744 Allocated:121.53369140625 MB
2020-02-02 09:58:47,745 Cached:9223.5 MB
2020-02-02 10:00:35,273 ==> Epoch[29](100/534): Loss: 0.1452
2020-02-02 10:00:35,275 Allocated:121.65869140625 MB
2020-02-02 10:00:35,275 Cached:9223.5 MB
2020-02-02 10:02:39,342 ==> Epoch[29](150/534): Loss: 0.1412
2020-02-02 10:02:39,344 Allocated:122.15869140625 MB
2020-02-02 10:02:39,344 Cached:3139.25 MB
2020-02-02 10:03:47,940 ====> Building Cache
2020-02-02 10:03:47,941 feature cache--->>> /home/annora/NetVLAD/output/train_feat_cache1.hdf5
2020-02-02 10:05:17,732 Allocated:121.533203125 MB
2020-02-02 10:05:17,733 Cached:3453.75 MB
2020-02-02 10:06:46,107 ==> Epoch[29](200/534): Loss: 0.1341
2020-02-02 10:06:46,109 Allocated:122.03369140625 MB
2020-02-02 10:06:46,109 Cached:4092.25 MB
2020-02-02 10:08:42,785 ==> Epoch[29](250/534): Loss: 0.0886
2020-02-02 10:08:42,787 Allocated:121.90869140625 MB
2020-02-02 10:08:42,787 Cached:5383.5 MB
2020-02-02 10:10:42,945 ==> Epoch[29](300/534): Loss: 0.0942
2020-02-02 10:10:42,948 Allocated:122.90869140625 MB
2020-02-02 10:10:42,949 Cached:6690.875 MB
2020-02-02 10:12:33,822 ==> Epoch[29](350/534): Loss: 0.1161
2020-02-02 10:12:33,824 Allocated:122.53369140625 MB
2020-02-02 10:12:33,824 Cached:6690.875 MB
2020-02-02 10:12:46,853 ====> Building Cache
2020-02-02 10:12:46,854 feature cache--->>> /home/annora/NetVLAD/output/train_feat_cache1.hdf5
2020-02-02 10:14:16,330 Allocated:121.158203125 MB
2020-02-02 10:14:16,331 Cached:3387.25 MB
2020-02-02 10:16:48,770 ==> Epoch[29](400/534): Loss: 0.0702
2020-02-02 10:16:48,771 Allocated:122.03369140625 MB
2020-02-02 10:16:48,772 Cached:9321.5 MB
2020-02-02 10:18:50,735 ==> Epoch[29](450/534): Loss: 0.0856
2020-02-02 10:18:50,738 Allocated:122.90869140625 MB
2020-02-02 10:18:50,738 Cached:9321.5 MB
2020-02-02 10:20:56,529 ==> Epoch[29](500/534): Loss: 0.0723
2020-02-02 10:20:56,531 Allocated:121.40869140625 MB
2020-02-02 10:20:56,531 Cached:5391.25 MB
2020-02-02 10:22:16,184 ===> Epoch 29 Complete: Avg. Loss: 0.1198
2020-02-02 10:22:16,187 ====> Extracting Features
2020-02-02 10:22:53,015 ==> Batch (50/108)
2020-02-02 10:23:15,645 ==> Batch (100/108)
2020-02-02 10:23:20,886 ====> Building faiss index
2020-02-02 10:23:21,311 ====> Calculating recall @ N
2020-02-02 10:23:24,062 ====> Recall@1: 0.5841
2020-02-02 10:23:24,063 ====> Recall@2: 0.6281
2020-02-02 10:23:24,064 ====> Recall@3: 0.6464
2020-02-02 10:23:24,064 ====> Recall@4: 0.6562
2020-02-02 10:23:24,064 ====> Recall@5: 0.6664
2020-02-02 10:23:24,064 ====> Recall@10: 0.7055
2020-02-02 10:23:24,065 ====> Recall@15: 0.7229
2020-02-02 10:23:24,065 ====> Recall@20: 0.7351
2020-02-02 10:23:24,065 ====> Recall@25: 0.7446
2020-02-02 10:23:24,499 ====> Building Cache
2020-02-02 10:23:24,500 feature cache--->>> /home/annora/NetVLAD/output/train_feat_cache1.hdf5
2020-02-02 10:24:59,592 Allocated:119.40869140625 MB
2020-02-02 10:24:59,593 Cached:4217.375 MB
2020-02-02 10:27:38,590 ==> Epoch[30](50/534): Loss: 0.1515
2020-02-02 10:27:38,592 Allocated:121.28369140625 MB
2020-02-02 10:27:38,592 Cached:6542.875 MB
2020-02-02 10:29:35,391 ==> Epoch[30](100/534): Loss: 0.0752
2020-02-02 10:29:35,393 Allocated:122.03369140625 MB
2020-02-02 10:29:35,393 Cached:7732.0 MB
2020-02-02 10:31:30,016 ==> Epoch[30](150/534): Loss: 0.0694
2020-02-02 10:31:30,018 Allocated:123.40869140625 MB
2020-02-02 10:31:30,019 Cached:8971.0 MB
2020-02-02 10:32:30,940 ====> Building Cache
2020-02-02 10:32:30,941 feature cache--->>> /home/annora/NetVLAD/output/train_feat_cache1.hdf5
2020-02-02 10:34:01,096 Allocated:122.158203125 MB
2020-02-02 10:34:01,097 Cached:2978.125 MB
2020-02-02 10:35:53,823 ==> Epoch[30](200/534): Loss: 0.1265
2020-02-02 10:35:53,826 Allocated:122.65869140625 MB
2020-02-02 10:35:53,826 Cached:5442.5 MB
2020-02-02 10:38:02,721 ==> Epoch[30](250/534): Loss: 0.1924
2020-02-02 10:38:02,723 Allocated:121.15869140625 MB
2020-02-02 10:38:02,723 Cached:3818.625 MB
2020-02-02 10:40:04,363 ==> Epoch[30](300/534): Loss: 0.1737
2020-02-02 10:40:04,365 Allocated:121.15869140625 MB
2020-02-02 10:40:04,365 Cached:5606.125 MB
2020-02-02 10:42:03,409 ==> Epoch[30](350/534): Loss: 0.1628
2020-02-02 10:42:03,412 Allocated:121.15869140625 MB
2020-02-02 10:42:03,413 Cached:5606.125 MB
2020-02-02 10:42:17,266 ====> Building Cache
2020-02-02 10:42:17,267 feature cache--->>> /home/annora/NetVLAD/output/train_feat_cache1.hdf5
2020-02-02 10:43:47,217 Allocated:121.408203125 MB
2020-02-02 10:43:47,217 Cached:2856.0 MB
2020-02-02 10:46:25,734 ==> Epoch[30](400/534): Loss: 0.0849
2020-02-02 10:46:25,736 Allocated:121.28369140625 MB
2020-02-02 10:46:25,737 Cached:4065.5 MB
2020-02-02 10:48:25,471 ==> Epoch[30](450/534): Loss: 0.0929
2020-02-02 10:48:25,473 Allocated:122.28369140625 MB
2020-02-02 10:48:25,473 Cached:5281.125 MB
2020-02-02 10:50:31,766 ==> Epoch[30](500/534): Loss: 0.0816
2020-02-02 10:50:31,768 Allocated:121.53369140625 MB
2020-02-02 10:50:31,768 Cached:5281.125 MB
2020-02-02 10:51:46,826 ===> Epoch 30 Complete: Avg. Loss: 0.1192
2020-02-02 10:51:46,827 ====> Extracting Features
2020-02-02 10:52:21,642 ==> Batch (50/108)
2020-02-02 10:52:43,455 ==> Batch (100/108)
2020-02-02 10:52:48,000 ====> Building faiss index
2020-02-02 10:52:48,357 ====> Calculating recall @ N
2020-02-02 10:52:50,576 ====> Recall@1: 0.5835
2020-02-02 10:52:50,576 ====> Recall@2: 0.6267
2020-02-02 10:52:50,577 ====> Recall@3: 0.6449
2020-02-02 10:52:50,577 ====> Recall@4: 0.6559
2020-02-02 10:52:50,577 ====> Recall@5: 0.6652
2020-02-02 10:52:50,577 ====> Recall@10: 0.7058
2020-02-02 10:52:50,577 ====> Recall@15: 0.7223
2020-02-02 10:52:50,578 ====> Recall@20: 0.7354
2020-02-02 10:52:50,578 ====> Recall@25: 0.7435
2020-02-02 10:52:50,992 Performance did not improve for 10 epochs. Stopping.
2020-02-02 10:52:50,992 => Best Recall@5: 0.6722
