2020-02-02 10:12:12,372 Namespace(arch='alexnet', batchSize=12, cacheBatchSize=96, cachePath='/home/annora/NetVLAD/output/', cacheRefreshRate=3000, ckpt='best', contilearn=True, dataPath='/home/annora/NetVLAD/output/data/', dataset='robotcar', evalEvery=1, fromscratch=False, fromtask='/home/annora/NetVLAD/output/runs/2020-01-13-16-28-39_alexnet_netvlad', lr=0.1, lrGamma=0.5, lrStep=5, margin=0.1, mode='train', momentum=0.9, nEpochs=30, nGPU=1, nocuda=False, num_clusters=64, optim='SGD', patience=10, pooling='netvlad', premodel='imagenet', resume='', runsPath='/home/annora/NetVLAD/output/runs/', savePath='checkpoints', seed=123, split='val', start_epoch=0, threads=8, vladv2=False, weightDecay=0.001)
2020-02-02 10:12:12,438 ===> Loading dataset(s)
2020-02-02 10:12:12,438 trainfile ------>>>>>> oxRobocar_doubleN_train.mat
2020-02-02 10:12:15,393 ====> Training set: oxRobocar_doubleN_train.mat, query set count: 6404
2020-02-02 10:12:15,498 ===> Evaluating on val set: oxRobocar_doubleN_val.mat, query count: 3450
2020-02-02 10:12:15,498 ===> Building model
2020-02-02 10:12:15,551 encoder moder:
AlexNet(
  (conv1): Sequential(
    (0): Conv2d(3, 64, kernel_size=(11, 11), stride=(4, 4), padding=(2, 2))
    (1): ReLU(inplace)
    (2): MaxPool2d(kernel_size=3, stride=2, padding=0, dilation=1, ceil_mode=False)
  )
  (conv2): Sequential(
    (0): Conv2d(64, 192, kernel_size=(5, 5), stride=(1, 1), padding=(2, 2))
    (1): ReLU(inplace)
    (2): MaxPool2d(kernel_size=3, stride=2, padding=0, dilation=1, ceil_mode=False)
  )
  (conv3): Sequential(
    (0): Conv2d(192, 384, kernel_size=(3, 3), stride=(1, 1), padding=(1, 1))
    (1): ReLU(inplace)
  )
  (conv4): Sequential(
    (0): Conv2d(384, 256, kernel_size=(3, 3), stride=(1, 1), padding=(1, 1))
    (1): ReLU(inplace)
  )
  (conv5): Sequential(
    (0): Conv2d(256, 256, kernel_size=(3, 3), stride=(1, 1), padding=(1, 1))
  )
)
2020-02-02 10:12:20,611 => loading checkpoint '/home/annora/NetVLAD/output/runs/2020-01-13-16-28-39_alexnet_netvlad/checkpoints/model_best.pth.tar'
2020-02-02 10:12:20,890 => loaded checkpoint '/home/annora/NetVLAD/output/runs/2020-01-13-16-28-39_alexnet_netvlad/checkpoints/model_best.pth.tar' 
2020-02-02 10:12:20,890 ===> Training model
2020-02-02 10:12:20,892 ===> Saving state to: /home/annora/NetVLAD/output/runs/2020-02-02-10-12-20_alexnet_netvlad
2020-02-02 10:12:20,892 ====> Building Cache
2020-02-02 10:12:20,892 feature cache--->>> /home/annora/NetVLAD/output/train_feat_cache3.hdf5
2020-02-02 10:13:48,713 Allocated:99.47119140625 MB
2020-02-02 10:13:48,714 Cached:2864.375 MB
2020-02-02 10:16:38,035 ==> Epoch[1](50/534): Loss: 0.0657
2020-02-02 10:16:38,038 Allocated:121.90869140625 MB
2020-02-02 10:16:38,039 Cached:7400.5 MB
2020-02-02 10:18:41,530 ==> Epoch[1](100/534): Loss: 0.0919
2020-02-02 10:18:41,533 Allocated:122.15869140625 MB
2020-02-02 10:18:41,533 Cached:7400.5 MB
2020-02-02 10:20:53,176 ==> Epoch[1](150/534): Loss: 0.1111
2020-02-02 10:20:53,178 Allocated:121.03369140625 MB
2020-02-02 10:20:53,178 Cached:7400.5 MB
2020-02-02 10:21:58,132 ====> Building Cache
2020-02-02 10:21:58,133 feature cache--->>> /home/annora/NetVLAD/output/train_feat_cache3.hdf5
2020-02-02 10:23:29,014 Allocated:122.283203125 MB
2020-02-02 10:23:29,015 Cached:2937.5 MB
2020-02-02 10:25:11,426 ==> Epoch[1](200/534): Loss: 0.1084
2020-02-02 10:25:11,428 Allocated:122.03369140625 MB
2020-02-02 10:25:11,429 Cached:6828.5 MB
2020-02-02 10:27:22,141 ==> Epoch[1](250/534): Loss: 0.1052
2020-02-02 10:27:22,143 Allocated:121.78369140625 MB
2020-02-02 10:27:22,143 Cached:6828.5 MB
2020-02-02 10:29:32,671 ==> Epoch[1](300/534): Loss: 0.1091
2020-02-02 10:29:32,672 Allocated:124.28369140625 MB
2020-02-02 10:29:32,673 Cached:6828.5 MB
2020-02-02 10:31:41,235 ==> Epoch[1](350/534): Loss: 0.0599
2020-02-02 10:31:41,238 Allocated:121.03369140625 MB
2020-02-02 10:31:41,238 Cached:6828.5 MB
2020-02-02 10:31:59,448 ====> Building Cache
2020-02-02 10:31:59,449 feature cache--->>> /home/annora/NetVLAD/output/train_feat_cache3.hdf5
2020-02-02 10:33:28,231 Allocated:121.783203125 MB
2020-02-02 10:33:28,232 Cached:2926.875 MB
2020-02-02 10:35:54,665 ==> Epoch[1](400/534): Loss: 0.0818
2020-02-02 10:35:54,667 Allocated:122.78369140625 MB
2020-02-02 10:35:54,667 Cached:10132.0 MB
2020-02-02 10:37:56,628 ==> Epoch[1](450/534): Loss: 0.0598
2020-02-02 10:37:56,629 Allocated:123.15869140625 MB
2020-02-02 10:37:56,630 Cached:5810.0 MB
2020-02-02 10:39:59,864 ==> Epoch[1](500/534): Loss: 0.0348
2020-02-02 10:39:59,866 Allocated:121.90869140625 MB
2020-02-02 10:39:59,866 Cached:5810.0 MB
2020-02-02 10:41:22,894 ===> Epoch 1 Complete: Avg. Loss: 0.0967
2020-02-02 10:41:22,895 ====> Extracting Features
2020-02-02 10:41:58,758 ==> Batch (50/108)
2020-02-02 10:42:20,739 ==> Batch (100/108)
2020-02-02 10:42:24,955 ====> Building faiss index
2020-02-02 10:42:25,290 ====> Calculating recall @ N
2020-02-02 10:42:27,421 ====> Recall@1: 0.7096
2020-02-02 10:42:27,421 ====> Recall@2: 0.7301
2020-02-02 10:42:27,422 ====> Recall@3: 0.7501
2020-02-02 10:42:27,422 ====> Recall@4: 0.7623
2020-02-02 10:42:27,422 ====> Recall@5: 0.7745
2020-02-02 10:42:27,423 ====> Recall@10: 0.7913
2020-02-02 10:42:27,423 ====> Recall@15: 0.7983
2020-02-02 10:42:27,423 ====> Recall@20: 0.8020
2020-02-02 10:42:27,423 ====> Recall@25: 0.8046
2020-02-02 10:42:27,740 ====> Building Cache
2020-02-02 10:42:27,741 feature cache--->>> /home/annora/NetVLAD/output/train_feat_cache3.hdf5
2020-02-02 10:43:56,602 Allocated:119.40869140625 MB
2020-02-02 10:43:56,603 Cached:4033.625 MB
2020-02-02 10:46:57,898 ==> Epoch[2](50/534): Loss: 0.0883
2020-02-02 10:46:57,900 Allocated:121.03369140625 MB
2020-02-02 10:46:57,901 Cached:7522.875 MB
2020-02-02 10:49:00,755 ==> Epoch[2](100/534): Loss: 0.0825
2020-02-02 10:49:00,756 Allocated:122.53369140625 MB
2020-02-02 10:49:00,757 Cached:8722.625 MB
2020-02-02 10:51:07,424 ==> Epoch[2](150/534): Loss: 0.0735
2020-02-02 10:51:07,426 Allocated:121.03369140625 MB
2020-02-02 10:51:07,426 Cached:8722.625 MB
2020-02-02 10:52:08,078 ====> Building Cache
2020-02-02 10:52:08,081 feature cache--->>> /home/annora/NetVLAD/output/train_feat_cache3.hdf5
2020-02-02 10:53:39,458 Allocated:121.908203125 MB
2020-02-02 10:53:39,458 Cached:3116.0 MB
2020-02-02 10:55:05,460 ==> Epoch[2](200/534): Loss: 0.1184
2020-02-02 10:55:05,462 Allocated:121.03369140625 MB
2020-02-02 10:55:05,462 Cached:6730.375 MB
2020-02-02 10:56:53,180 ==> Epoch[2](250/534): Loss: 0.0575
2020-02-02 10:56:53,182 Allocated:121.03369140625 MB
2020-02-02 10:56:53,182 Cached:7984.25 MB
2020-02-02 10:58:45,971 ==> Epoch[2](300/534): Loss: 0.0643
2020-02-02 10:58:45,972 Allocated:121.40869140625 MB
2020-02-02 10:58:45,973 Cached:7984.25 MB
2020-02-02 11:00:37,444 ==> Epoch[2](350/534): Loss: 0.1018
2020-02-02 11:00:37,446 Allocated:121.53369140625 MB
2020-02-02 11:00:37,446 Cached:7984.25 MB
2020-02-02 11:00:50,807 ====> Building Cache
2020-02-02 11:00:50,808 feature cache--->>> /home/annora/NetVLAD/output/train_feat_cache3.hdf5
2020-02-02 11:02:26,186 Allocated:122.533203125 MB
2020-02-02 11:02:26,187 Cached:2901.25 MB
2020-02-02 11:04:52,131 ==> Epoch[2](400/534): Loss: 0.0591
2020-02-02 11:04:52,133 Allocated:121.03369140625 MB
2020-02-02 11:04:52,134 Cached:4074.75 MB
2020-02-02 11:06:45,807 ==> Epoch[2](450/534): Loss: 0.0310
2020-02-02 11:06:45,809 Allocated:122.40869140625 MB
2020-02-02 11:06:45,809 Cached:5284.0 MB
2020-02-02 11:08:38,324 ==> Epoch[2](500/534): Loss: 0.0637
2020-02-02 11:08:38,326 Allocated:122.78369140625 MB
2020-02-02 11:08:38,326 Cached:5284.0 MB
2020-02-02 11:09:54,698 ===> Epoch 2 Complete: Avg. Loss: 0.0762
2020-02-02 11:09:54,702 ====> Extracting Features
2020-02-02 11:10:32,834 ==> Batch (50/108)
2020-02-02 11:10:55,783 ==> Batch (100/108)
2020-02-02 11:11:00,136 ====> Building faiss index
2020-02-02 11:11:00,489 ====> Calculating recall @ N
2020-02-02 11:11:02,530 ====> Recall@1: 0.7409
2020-02-02 11:11:02,531 ====> Recall@2: 0.7528
2020-02-02 11:11:02,532 ====> Recall@3: 0.7658
2020-02-02 11:11:02,532 ====> Recall@4: 0.7725
2020-02-02 11:11:02,532 ====> Recall@5: 0.7812
2020-02-02 11:11:02,532 ====> Recall@10: 0.7991
2020-02-02 11:11:02,533 ====> Recall@15: 0.8090
2020-02-02 11:11:02,533 ====> Recall@20: 0.8128
2020-02-02 11:11:02,533 ====> Recall@25: 0.8162
2020-02-02 11:11:03,357 ====> Building Cache
2020-02-02 11:11:03,357 feature cache--->>> /home/annora/NetVLAD/output/train_feat_cache3.hdf5
2020-02-02 11:12:33,524 Allocated:119.03369140625 MB
2020-02-02 11:12:33,524 Cached:4158.625 MB
2020-02-02 11:15:20,472 ==> Epoch[3](50/534): Loss: 0.0659
2020-02-02 11:15:20,475 Allocated:121.03369140625 MB
2020-02-02 11:15:20,475 Cached:8909.125 MB
2020-02-02 11:17:22,050 ==> Epoch[3](100/534): Loss: 0.0214
2020-02-02 11:17:22,053 Allocated:121.78369140625 MB
2020-02-02 11:17:22,053 Cached:8909.125 MB
2020-02-02 11:19:18,363 ==> Epoch[3](150/534): Loss: 0.0410
2020-02-02 11:19:18,366 Allocated:122.28369140625 MB
2020-02-02 11:19:18,366 Cached:10152.5 MB
2020-02-02 11:20:20,024 ====> Building Cache
2020-02-02 11:20:20,025 feature cache--->>> /home/annora/NetVLAD/output/train_feat_cache3.hdf5
2020-02-02 11:21:53,666 Allocated:121.908203125 MB
2020-02-02 11:21:53,666 Cached:3016.875 MB
2020-02-02 11:23:33,606 ==> Epoch[3](200/534): Loss: 0.1503
2020-02-02 11:23:33,608 Allocated:122.28369140625 MB
2020-02-02 11:23:33,609 Cached:3553.375 MB
2020-02-02 11:25:38,654 ==> Epoch[3](250/534): Loss: 0.1592
2020-02-02 11:25:38,656 Allocated:121.15869140625 MB
2020-02-02 11:25:38,656 Cached:3553.375 MB
2020-02-02 11:27:38,624 ==> Epoch[3](300/534): Loss: 0.0834
2020-02-02 11:27:38,627 Allocated:121.03369140625 MB
2020-02-02 11:27:38,627 Cached:7242.25 MB
2020-02-02 11:29:34,675 ==> Epoch[3](350/534): Loss: 0.1296
2020-02-02 11:29:34,677 Allocated:121.03369140625 MB
2020-02-02 11:29:34,677 Cached:7242.25 MB
2020-02-02 11:29:49,693 ====> Building Cache
2020-02-02 11:29:49,694 feature cache--->>> /home/annora/NetVLAD/output/train_feat_cache3.hdf5
2020-02-02 11:31:22,269 Allocated:121.658203125 MB
2020-02-02 11:31:22,270 Cached:3361.625 MB
2020-02-02 11:33:53,475 ==> Epoch[3](400/534): Loss: 0.0669
2020-02-02 11:33:53,478 Allocated:121.90869140625 MB
2020-02-02 11:33:53,478 Cached:9755.25 MB
2020-02-02 11:35:57,117 ==> Epoch[3](450/534): Loss: 0.0727
2020-02-02 11:35:57,121 Allocated:122.15869140625 MB
2020-02-02 11:35:57,121 Cached:9755.25 MB
2020-02-02 11:37:59,885 ==> Epoch[3](500/534): Loss: 0.0529
2020-02-02 11:37:59,888 Allocated:121.28369140625 MB
2020-02-02 11:37:59,888 Cached:9755.25 MB
2020-02-02 11:39:20,688 ===> Epoch 3 Complete: Avg. Loss: 0.0860
2020-02-02 11:39:20,690 ====> Extracting Features
2020-02-02 11:39:57,353 ==> Batch (50/108)
2020-02-02 11:40:20,123 ==> Batch (100/108)
2020-02-02 11:40:24,945 ====> Building faiss index
2020-02-02 11:40:25,292 ====> Calculating recall @ N
2020-02-02 11:40:27,643 ====> Recall@1: 0.5183
2020-02-02 11:40:27,644 ====> Recall@2: 0.5597
2020-02-02 11:40:27,644 ====> Recall@3: 0.5829
2020-02-02 11:40:27,644 ====> Recall@4: 0.5983
2020-02-02 11:40:27,644 ====> Recall@5: 0.6116
2020-02-02 11:40:27,645 ====> Recall@10: 0.6499
2020-02-02 11:40:27,645 ====> Recall@15: 0.6797
2020-02-02 11:40:27,645 ====> Recall@20: 0.6933
2020-02-02 11:40:27,645 ====> Recall@25: 0.7052
2020-02-02 11:40:28,081 ====> Building Cache
2020-02-02 11:40:28,081 feature cache--->>> /home/annora/NetVLAD/output/train_feat_cache3.hdf5
2020-02-02 11:41:59,218 Allocated:118.90869140625 MB
2020-02-02 11:41:59,218 Cached:4413.125 MB
2020-02-02 11:45:00,941 ==> Epoch[4](50/534): Loss: 0.2409
2020-02-02 11:45:00,943 Allocated:121.78369140625 MB
2020-02-02 11:45:00,943 Cached:9556.0 MB
2020-02-02 11:47:03,902 ==> Epoch[4](100/534): Loss: 0.2244
2020-02-02 11:47:03,904 Allocated:121.28369140625 MB
2020-02-02 11:47:03,905 Cached:9556.0 MB
2020-02-02 11:49:05,845 ==> Epoch[4](150/534): Loss: 0.1972
2020-02-02 11:49:05,848 Allocated:120.90869140625 MB
2020-02-02 11:49:05,848 Cached:9556.0 MB
2020-02-02 11:50:14,394 ====> Building Cache
2020-02-02 11:50:14,395 feature cache--->>> /home/annora/NetVLAD/output/train_feat_cache3.hdf5
2020-02-02 11:51:46,210 Allocated:120.908203125 MB
2020-02-02 11:51:46,210 Cached:3049.25 MB
2020-02-02 11:53:27,905 ==> Epoch[4](200/534): Loss: 0.2495
2020-02-02 11:53:27,909 Allocated:122.40869140625 MB
2020-02-02 11:53:27,909 Cached:6940.25 MB
2020-02-02 11:55:37,244 ==> Epoch[4](250/534): Loss: 0.2826
2020-02-02 11:55:37,250 Allocated:122.78369140625 MB
2020-02-02 11:55:37,250 Cached:6940.25 MB
2020-02-02 11:57:41,103 ==> Epoch[4](300/534): Loss: 0.3155
2020-02-02 11:57:41,105 Allocated:122.28369140625 MB
2020-02-02 11:57:41,105 Cached:6940.25 MB
2020-02-02 11:59:46,274 ==> Epoch[4](350/534): Loss: 0.3157
2020-02-02 11:59:46,277 Allocated:120.90869140625 MB
2020-02-02 11:59:46,277 Cached:6940.25 MB
2020-02-02 12:00:00,747 ====> Building Cache
2020-02-02 12:00:00,749 feature cache--->>> /home/annora/NetVLAD/output/train_feat_cache3.hdf5
2020-02-02 12:01:30,030 Allocated:121.408203125 MB
2020-02-02 12:01:30,031 Cached:3049.25 MB
2020-02-02 12:04:10,532 ==> Epoch[4](400/534): Loss: 0.3147
2020-02-02 12:04:10,535 Allocated:122.28369140625 MB
2020-02-02 12:04:10,535 Cached:6940.25 MB
2020-02-02 12:06:17,846 ==> Epoch[4](450/534): Loss: 0.3146
2020-02-02 12:06:17,849 Allocated:120.90869140625 MB
2020-02-02 12:06:17,850 Cached:6940.25 MB
2020-02-02 12:08:21,330 ==> Epoch[4](500/534): Loss: 0.3144
2020-02-02 12:08:21,333 Allocated:122.40869140625 MB
2020-02-02 12:08:21,333 Cached:6940.25 MB
2020-02-02 12:09:45,441 ===> Epoch 4 Complete: Avg. Loss: 0.2648
2020-02-02 12:09:45,444 ====> Extracting Features
2020-02-02 12:10:27,484 ==> Batch (50/108)
2020-02-02 12:10:53,073 ==> Batch (100/108)
2020-02-02 12:10:57,729 ====> Building faiss index
2020-02-02 12:10:58,071 ====> Calculating recall @ N
2020-02-02 12:11:00,521 ====> Recall@1: 0.1649
2020-02-02 12:11:00,522 ====> Recall@2: 0.2087
2020-02-02 12:11:00,522 ====> Recall@3: 0.2380
2020-02-02 12:11:00,523 ====> Recall@4: 0.2678
2020-02-02 12:11:00,523 ====> Recall@5: 0.2910
2020-02-02 12:11:00,523 ====> Recall@10: 0.3435
2020-02-02 12:11:00,523 ====> Recall@15: 0.3800
2020-02-02 12:11:00,523 ====> Recall@20: 0.4090
2020-02-02 12:11:00,524 ====> Recall@25: 0.4278
2020-02-02 12:11:00,937 ====> Building Cache
2020-02-02 12:11:00,938 feature cache--->>> /home/annora/NetVLAD/output/train_feat_cache3.hdf5
2020-02-02 12:12:30,408 Allocated:119.90869140625 MB
2020-02-02 12:12:30,409 Cached:3969.375 MB
2020-02-02 12:15:21,687 ==> Epoch[5](50/534): Loss: 0.3157
2020-02-02 12:15:21,689 Allocated:122.40869140625 MB
2020-02-02 12:15:21,690 Cached:7858.375 MB
2020-02-02 12:17:25,456 ==> Epoch[5](100/534): Loss: 0.3152
2020-02-02 12:17:25,459 Allocated:122.78369140625 MB
2020-02-02 12:17:25,459 Cached:7858.375 MB
2020-02-02 12:19:36,094 ==> Epoch[5](150/534): Loss: 0.3150
2020-02-02 12:19:36,098 Allocated:122.28369140625 MB
2020-02-02 12:19:36,099 Cached:7858.375 MB
2020-02-02 12:20:43,226 ====> Building Cache
2020-02-02 12:20:43,227 feature cache--->>> /home/annora/NetVLAD/output/train_feat_cache3.hdf5
2020-02-02 12:22:13,883 Allocated:122.408203125 MB
2020-02-02 12:22:13,884 Cached:3049.25 MB
2020-02-02 12:23:52,240 ==> Epoch[5](200/534): Loss: 0.3165
2020-02-02 12:23:52,243 Allocated:120.90869140625 MB
2020-02-02 12:23:52,243 Cached:6940.25 MB
2020-02-02 12:25:55,611 ==> Epoch[5](250/534): Loss: 0.3162
2020-02-02 12:25:55,613 Allocated:122.40869140625 MB
2020-02-02 12:25:55,613 Cached:6940.25 MB
2020-02-02 12:28:01,879 ==> Epoch[5](300/534): Loss: 0.3159
2020-02-02 12:28:01,882 Allocated:122.78369140625 MB
2020-02-02 12:28:01,882 Cached:6940.25 MB
2020-02-02 12:30:03,378 ==> Epoch[5](350/534): Loss: 0.3159
2020-02-02 12:30:03,380 Allocated:122.28369140625 MB
2020-02-02 12:30:03,381 Cached:6940.25 MB
2020-02-02 12:30:17,560 ====> Building Cache
2020-02-02 12:30:17,561 feature cache--->>> /home/annora/NetVLAD/output/train_feat_cache3.hdf5
2020-02-02 12:31:51,610 Allocated:121.908203125 MB
2020-02-02 12:31:51,610 Cached:2284.125 MB
2020-02-02 12:34:32,413 ==> Epoch[5](400/534): Loss: 0.3158
2020-02-02 12:34:32,417 Allocated:121.03369140625 MB
2020-02-02 12:34:32,417 Cached:6175.125 MB
2020-02-02 12:36:40,358 ==> Epoch[5](450/534): Loss: 0.3157
2020-02-02 12:36:40,361 Allocated:121.03369140625 MB
2020-02-02 12:36:40,361 Cached:6175.125 MB
2020-02-02 12:38:44,359 ==> Epoch[5](500/534): Loss: 0.3154
2020-02-02 12:38:44,362 Allocated:122.03369140625 MB
2020-02-02 12:38:44,362 Cached:6175.125 MB
2020-02-02 12:40:07,955 ===> Epoch 5 Complete: Avg. Loss: 0.3159
2020-02-02 12:40:07,956 ====> Extracting Features
2020-02-02 12:40:44,785 ==> Batch (50/108)
2020-02-02 12:41:08,099 ==> Batch (100/108)
2020-02-02 12:41:12,313 ====> Building faiss index
2020-02-02 12:41:12,667 ====> Calculating recall @ N
2020-02-02 12:41:15,221 ====> Recall@1: 0.1174
2020-02-02 12:41:15,221 ====> Recall@2: 0.1652
2020-02-02 12:41:15,222 ====> Recall@3: 0.1962
2020-02-02 12:41:15,222 ====> Recall@4: 0.2249
2020-02-02 12:41:15,222 ====> Recall@5: 0.2458
2020-02-02 12:41:15,222 ====> Recall@10: 0.3217
2020-02-02 12:41:15,223 ====> Recall@15: 0.3562
2020-02-02 12:41:15,223 ====> Recall@20: 0.3817
2020-02-02 12:41:15,223 ====> Recall@25: 0.4058
2020-02-02 12:41:15,668 ====> Building Cache
2020-02-02 12:41:15,668 feature cache--->>> /home/annora/NetVLAD/output/train_feat_cache3.hdf5
2020-02-02 12:42:45,376 Allocated:118.90869140625 MB
2020-02-02 12:42:45,376 Cached:4250.75 MB
2020-02-02 12:45:36,679 ==> Epoch[6](50/534): Loss: 0.3157
2020-02-02 12:45:36,684 Allocated:122.03369140625 MB
2020-02-02 12:45:36,684 Cached:8140.75 MB
2020-02-02 12:47:47,742 ==> Epoch[6](100/534): Loss: 0.3157
2020-02-02 12:47:47,747 Allocated:121.03369140625 MB
2020-02-02 12:47:47,747 Cached:8140.75 MB
2020-02-02 12:49:59,972 ==> Epoch[6](150/534): Loss: 0.3160
2020-02-02 12:49:59,974 Allocated:121.40869140625 MB
2020-02-02 12:49:59,974 Cached:8140.75 MB
2020-02-02 12:51:14,256 ====> Building Cache
2020-02-02 12:51:14,258 feature cache--->>> /home/annora/NetVLAD/output/train_feat_cache3.hdf5
2020-02-02 12:52:46,175 Allocated:120.908203125 MB
2020-02-02 12:52:46,175 Cached:3051.75 MB
2020-02-02 12:54:21,106 ==> Epoch[6](200/534): Loss: 0.3163
2020-02-02 12:54:21,108 Allocated:122.53369140625 MB
2020-02-02 12:54:21,109 Cached:6942.75 MB
2020-02-02 12:56:28,980 ==> Epoch[6](250/534): Loss: 0.3163
2020-02-02 12:56:28,983 Allocated:121.28369140625 MB
2020-02-02 12:56:28,983 Cached:6942.75 MB
2020-02-02 12:58:37,322 ==> Epoch[6](300/534): Loss: 0.3163
2020-02-02 12:58:37,325 Allocated:121.28369140625 MB
2020-02-02 12:58:37,325 Cached:6942.75 MB
2020-02-02 13:00:42,704 ==> Epoch[6](350/534): Loss: 0.3163
2020-02-02 13:00:42,707 Allocated:121.90869140625 MB
2020-02-02 13:00:42,707 Cached:6942.75 MB
2020-02-02 13:00:56,722 ====> Building Cache
2020-02-02 13:00:56,723 feature cache--->>> /home/annora/NetVLAD/output/train_feat_cache3.hdf5
2020-02-02 13:02:26,794 Allocated:121.283203125 MB
2020-02-02 13:02:26,794 Cached:3409.5 MB
2020-02-02 13:04:59,851 ==> Epoch[6](400/534): Loss: 0.3161
2020-02-02 13:04:59,854 Allocated:120.90869140625 MB
2020-02-02 13:04:59,854 Cached:7300.5 MB
2020-02-02 13:07:06,162 ==> Epoch[6](450/534): Loss: 0.3161
2020-02-02 13:07:06,167 Allocated:121.03369140625 MB
2020-02-02 13:07:06,167 Cached:7300.5 MB
2020-02-02 13:09:15,778 ==> Epoch[6](500/534): Loss: 0.3161
2020-02-02 13:09:15,781 Allocated:121.03369140625 MB
2020-02-02 13:09:15,781 Cached:7300.5 MB
2020-02-02 13:10:41,803 ===> Epoch 6 Complete: Avg. Loss: 0.3159
2020-02-02 13:10:41,806 ====> Extracting Features
2020-02-02 13:11:21,416 ==> Batch (50/108)
2020-02-02 13:11:43,924 ==> Batch (100/108)
2020-02-02 13:11:48,570 ====> Building faiss index
2020-02-02 13:11:48,919 ====> Calculating recall @ N
2020-02-02 13:11:51,633 ====> Recall@1: 0.0362
2020-02-02 13:11:51,634 ====> Recall@2: 0.0368
2020-02-02 13:11:51,635 ====> Recall@3: 0.0383
2020-02-02 13:11:51,635 ====> Recall@4: 0.0388
2020-02-02 13:11:51,635 ====> Recall@5: 0.0388
2020-02-02 13:11:51,635 ====> Recall@10: 0.0400
2020-02-02 13:11:51,636 ====> Recall@15: 0.0412
2020-02-02 13:11:51,636 ====> Recall@20: 0.0414
2020-02-02 13:11:51,636 ====> Recall@25: 0.0432
2020-02-02 13:11:52,061 ====> Building Cache
2020-02-02 13:11:52,061 feature cache--->>> /home/annora/NetVLAD/output/train_feat_cache3.hdf5
2020-02-02 13:13:19,199 Allocated:119.78369140625 MB
2020-02-02 13:13:19,200 Cached:4158.625 MB
2020-02-02 13:16:09,601 ==> Epoch[7](50/534): Loss: 0.3162
2020-02-02 13:16:09,604 Allocated:121.78369140625 MB
2020-02-02 13:16:09,604 Cached:8047.625 MB
2020-02-02 13:18:18,443 ==> Epoch[7](100/534): Loss: 0.3162
2020-02-02 13:18:18,446 Allocated:121.78369140625 MB
2020-02-02 13:18:18,446 Cached:8047.625 MB
2020-02-02 13:20:33,291 ==> Epoch[7](150/534): Loss: 0.3162
2020-02-02 13:20:33,293 Allocated:121.78369140625 MB
2020-02-02 13:20:33,293 Cached:8047.625 MB
2020-02-02 13:21:50,030 ====> Building Cache
2020-02-02 13:21:50,031 feature cache--->>> /home/annora/NetVLAD/output/train_feat_cache3.hdf5
2020-02-02 13:23:22,593 Allocated:120.908203125 MB
2020-02-02 13:23:22,594 Cached:3051.75 MB
2020-02-02 13:24:59,238 ==> Epoch[7](200/534): Loss: 0.3162
2020-02-02 13:24:59,240 Allocated:122.53369140625 MB
2020-02-02 13:24:59,241 Cached:6942.75 MB
2020-02-02 13:27:03,360 ==> Epoch[7](250/534): Loss: 0.3162
2020-02-02 13:27:03,363 Allocated:121.28369140625 MB
2020-02-02 13:27:03,364 Cached:6942.75 MB
2020-02-02 13:29:16,989 ==> Epoch[7](300/534): Loss: 0.3163
2020-02-02 13:29:16,992 Allocated:121.28369140625 MB
2020-02-02 13:29:16,992 Cached:6942.75 MB
2020-02-02 13:31:30,619 ==> Epoch[7](350/534): Loss: 0.3162
2020-02-02 13:31:30,621 Allocated:121.90869140625 MB
2020-02-02 13:31:30,621 Cached:6942.75 MB
2020-02-02 13:31:45,281 ====> Building Cache
2020-02-02 13:31:45,282 feature cache--->>> /home/annora/NetVLAD/output/train_feat_cache3.hdf5
2020-02-02 13:33:21,267 Allocated:121.283203125 MB
2020-02-02 13:33:21,268 Cached:3409.5 MB
2020-02-02 13:35:58,381 ==> Epoch[7](400/534): Loss: 0.3162
2020-02-02 13:35:58,386 Allocated:120.90869140625 MB
2020-02-02 13:35:58,386 Cached:7300.5 MB
2020-02-02 13:38:16,269 ==> Epoch[7](450/534): Loss: 0.3162
2020-02-02 13:38:16,273 Allocated:121.03369140625 MB
2020-02-02 13:38:16,273 Cached:7300.5 MB
2020-02-02 13:40:37,469 ==> Epoch[7](500/534): Loss: 0.3162
2020-02-02 13:40:37,472 Allocated:121.03369140625 MB
2020-02-02 13:40:37,472 Cached:7300.5 MB
2020-02-02 13:42:05,340 ===> Epoch 7 Complete: Avg. Loss: 0.3162
2020-02-02 13:42:05,342 ====> Extracting Features
2020-02-02 13:42:45,844 ==> Batch (50/108)
2020-02-02 13:43:13,333 ==> Batch (100/108)
2020-02-02 13:43:19,444 ====> Building faiss index
2020-02-02 13:43:19,849 ====> Calculating recall @ N
2020-02-02 13:43:23,296 ====> Recall@1: 0.0362
2020-02-02 13:43:23,296 ====> Recall@2: 0.0362
2020-02-02 13:43:23,297 ====> Recall@3: 0.0362
2020-02-02 13:43:23,297 ====> Recall@4: 0.0362
2020-02-02 13:43:23,297 ====> Recall@5: 0.0362
2020-02-02 13:43:23,298 ====> Recall@10: 0.0362
2020-02-02 13:43:23,298 ====> Recall@15: 0.0362
2020-02-02 13:43:23,298 ====> Recall@20: 0.0362
2020-02-02 13:43:23,298 ====> Recall@25: 0.0362
2020-02-02 13:43:23,761 ====> Building Cache
2020-02-02 13:43:23,761 feature cache--->>> /home/annora/NetVLAD/output/train_feat_cache3.hdf5
2020-02-02 13:45:06,391 Allocated:119.78369140625 MB
2020-02-02 13:45:06,392 Cached:4157.625 MB
2020-02-02 13:47:58,992 ==> Epoch[8](50/534): Loss: 0.3162
2020-02-02 13:47:59,008 Allocated:121.78369140625 MB
2020-02-02 13:47:59,009 Cached:8047.625 MB
2020-02-02 13:50:23,909 ==> Epoch[8](100/534): Loss: 0.3162
2020-02-02 13:50:23,912 Allocated:121.78369140625 MB
2020-02-02 13:50:23,912 Cached:8047.625 MB
2020-02-02 13:52:40,405 ==> Epoch[8](150/534): Loss: 0.3162
2020-02-02 13:52:40,407 Allocated:121.78369140625 MB
2020-02-02 13:52:40,408 Cached:8047.625 MB
2020-02-02 13:53:52,118 ====> Building Cache
2020-02-02 13:53:52,120 feature cache--->>> /home/annora/NetVLAD/output/train_feat_cache3.hdf5
2020-02-02 13:55:26,176 Allocated:120.908203125 MB
2020-02-02 13:55:26,176 Cached:3051.75 MB
2020-02-02 13:57:14,926 ==> Epoch[8](200/534): Loss: 0.3162
2020-02-02 13:57:14,930 Allocated:122.53369140625 MB
2020-02-02 13:57:14,931 Cached:6942.75 MB
2020-02-02 13:59:34,983 ==> Epoch[8](250/534): Loss: 0.3162
2020-02-02 13:59:34,986 Allocated:121.28369140625 MB
2020-02-02 13:59:34,987 Cached:6942.75 MB
2020-02-02 14:01:52,824 ==> Epoch[8](300/534): Loss: 0.3162
2020-02-02 14:01:52,827 Allocated:121.28369140625 MB
2020-02-02 14:01:52,828 Cached:6942.75 MB
2020-02-02 14:03:59,541 ==> Epoch[8](350/534): Loss: 0.3162
2020-02-02 14:03:59,543 Allocated:121.90869140625 MB
2020-02-02 14:03:59,544 Cached:6942.75 MB
2020-02-02 14:04:13,775 ====> Building Cache
2020-02-02 14:04:13,776 feature cache--->>> /home/annora/NetVLAD/output/train_feat_cache3.hdf5
2020-02-02 14:05:57,389 Allocated:121.283203125 MB
2020-02-02 14:05:57,390 Cached:3409.5 MB
2020-02-02 14:08:37,087 ==> Epoch[8](400/534): Loss: 0.3162
2020-02-02 14:08:37,089 Allocated:120.90869140625 MB
2020-02-02 14:08:37,089 Cached:7300.5 MB
2020-02-02 14:10:57,781 ==> Epoch[8](450/534): Loss: 0.3162
2020-02-02 14:10:57,784 Allocated:121.03369140625 MB
2020-02-02 14:10:57,784 Cached:7300.5 MB
2020-02-02 14:13:03,480 ==> Epoch[8](500/534): Loss: 0.3162
2020-02-02 14:13:03,482 Allocated:121.03369140625 MB
2020-02-02 14:13:03,482 Cached:7300.5 MB
2020-02-02 14:14:30,921 ===> Epoch 8 Complete: Avg. Loss: 0.3162
2020-02-02 14:14:30,925 ====> Extracting Features
2020-02-02 14:15:11,436 ==> Batch (50/108)
2020-02-02 14:15:37,623 ==> Batch (100/108)
2020-02-02 14:15:42,043 ====> Building faiss index
2020-02-02 14:15:42,409 ====> Calculating recall @ N
2020-02-02 14:15:45,204 ====> Recall@1: 0.0362
2020-02-02 14:15:45,205 ====> Recall@2: 0.0362
2020-02-02 14:15:45,205 ====> Recall@3: 0.0362
2020-02-02 14:15:45,206 ====> Recall@4: 0.0362
2020-02-02 14:15:45,206 ====> Recall@5: 0.0362
2020-02-02 14:15:45,206 ====> Recall@10: 0.0362
2020-02-02 14:15:45,206 ====> Recall@15: 0.0362
2020-02-02 14:15:45,206 ====> Recall@20: 0.0362
2020-02-02 14:15:45,207 ====> Recall@25: 0.0362
2020-02-02 14:15:45,686 ====> Building Cache
2020-02-02 14:15:45,686 feature cache--->>> /home/annora/NetVLAD/output/train_feat_cache3.hdf5
2020-02-02 14:17:24,129 Allocated:119.78369140625 MB
2020-02-02 14:17:24,129 Cached:4158.625 MB
2020-02-02 14:20:26,048 ==> Epoch[9](50/534): Loss: 0.3162
2020-02-02 14:20:26,051 Allocated:121.78369140625 MB
2020-02-02 14:20:26,051 Cached:8047.625 MB
2020-02-02 14:22:38,368 ==> Epoch[9](100/534): Loss: 0.3162
2020-02-02 14:22:38,371 Allocated:121.78369140625 MB
2020-02-02 14:22:38,371 Cached:8047.625 MB
2020-02-02 14:24:51,520 ==> Epoch[9](150/534): Loss: 0.3162
2020-02-02 14:24:51,523 Allocated:121.78369140625 MB
2020-02-02 14:24:51,523 Cached:8047.625 MB
2020-02-02 14:25:59,189 ====> Building Cache
2020-02-02 14:25:59,191 feature cache--->>> /home/annora/NetVLAD/output/train_feat_cache3.hdf5
2020-02-02 14:27:48,711 Allocated:120.908203125 MB
2020-02-02 14:27:48,712 Cached:3051.75 MB
2020-02-02 14:29:35,017 ==> Epoch[9](200/534): Loss: 0.3162
2020-02-02 14:29:35,020 Allocated:122.53369140625 MB
2020-02-02 14:29:35,020 Cached:6942.75 MB
2020-02-02 14:31:52,361 ==> Epoch[9](250/534): Loss: 0.3162
2020-02-02 14:31:52,364 Allocated:121.28369140625 MB
2020-02-02 14:31:52,364 Cached:6942.75 MB
2020-02-02 14:34:02,874 ==> Epoch[9](300/534): Loss: 0.3162
2020-02-02 14:34:02,876 Allocated:121.28369140625 MB
2020-02-02 14:34:02,876 Cached:6942.75 MB
2020-02-02 14:36:18,772 ==> Epoch[9](350/534): Loss: 0.3162
2020-02-02 14:36:18,776 Allocated:121.90869140625 MB
2020-02-02 14:36:18,776 Cached:6942.75 MB
2020-02-02 14:36:33,864 ====> Building Cache
2020-02-02 14:36:33,865 feature cache--->>> /home/annora/NetVLAD/output/train_feat_cache3.hdf5
2020-02-02 14:38:10,490 Allocated:121.283203125 MB
2020-02-02 14:38:10,491 Cached:3409.5 MB
2020-02-02 14:41:01,377 ==> Epoch[9](400/534): Loss: 0.3162
2020-02-02 14:41:01,379 Allocated:120.90869140625 MB
2020-02-02 14:41:01,380 Cached:7300.5 MB
2020-02-02 14:43:10,215 ==> Epoch[9](450/534): Loss: 0.3162
2020-02-02 14:43:10,218 Allocated:121.03369140625 MB
2020-02-02 14:43:10,218 Cached:7300.5 MB
2020-02-02 14:45:27,122 ==> Epoch[9](500/534): Loss: 0.3162
2020-02-02 14:45:27,124 Allocated:121.03369140625 MB
2020-02-02 14:45:27,125 Cached:7300.5 MB
2020-02-02 14:46:53,551 ===> Epoch 9 Complete: Avg. Loss: 0.3162
2020-02-02 14:46:53,553 ====> Extracting Features
2020-02-02 14:47:31,206 ==> Batch (50/108)
2020-02-02 14:48:00,512 ==> Batch (100/108)
2020-02-02 14:48:05,896 ====> Building faiss index
2020-02-02 14:48:06,269 ====> Calculating recall @ N
2020-02-02 14:48:09,792 ====> Recall@1: 0.0386
2020-02-02 14:48:09,792 ====> Recall@2: 0.0412
2020-02-02 14:48:09,793 ====> Recall@3: 0.0426
2020-02-02 14:48:09,793 ====> Recall@4: 0.0426
2020-02-02 14:48:09,794 ====> Recall@5: 0.0443
2020-02-02 14:48:09,794 ====> Recall@10: 0.0449
2020-02-02 14:48:09,794 ====> Recall@15: 0.0452
2020-02-02 14:48:09,794 ====> Recall@20: 0.0452
2020-02-02 14:48:09,795 ====> Recall@25: 0.0458
2020-02-02 14:48:10,281 ====> Building Cache
2020-02-02 14:48:10,282 feature cache--->>> /home/annora/NetVLAD/output/train_feat_cache3.hdf5
2020-02-02 14:49:44,411 Allocated:119.78369140625 MB
2020-02-02 14:49:44,412 Cached:4157.625 MB
2020-02-02 14:52:55,833 ==> Epoch[10](50/534): Loss: 0.3162
2020-02-02 14:52:55,836 Allocated:121.78369140625 MB
2020-02-02 14:52:55,836 Cached:8047.625 MB
2020-02-02 14:55:09,442 ==> Epoch[10](100/534): Loss: 0.3162
2020-02-02 14:55:09,444 Allocated:121.78369140625 MB
2020-02-02 14:55:09,445 Cached:8047.625 MB
2020-02-02 14:57:28,428 ==> Epoch[10](150/534): Loss: 0.3162
2020-02-02 14:57:28,431 Allocated:121.78369140625 MB
2020-02-02 14:57:28,431 Cached:8047.625 MB
2020-02-02 14:58:41,821 ====> Building Cache
2020-02-02 14:58:41,823 feature cache--->>> /home/annora/NetVLAD/output/train_feat_cache3.hdf5
2020-02-02 15:00:15,883 Allocated:120.908203125 MB
2020-02-02 15:00:15,885 Cached:3051.75 MB
2020-02-02 15:02:06,147 ==> Epoch[10](200/534): Loss: 0.3162
2020-02-02 15:02:06,150 Allocated:122.53369140625 MB
2020-02-02 15:02:06,150 Cached:6942.75 MB
2020-02-02 15:04:17,918 ==> Epoch[10](250/534): Loss: 0.3162
2020-02-02 15:04:17,921 Allocated:121.28369140625 MB
2020-02-02 15:04:17,921 Cached:6942.75 MB
2020-02-02 15:06:30,479 ==> Epoch[10](300/534): Loss: 0.3162
2020-02-02 15:06:30,482 Allocated:121.28369140625 MB
2020-02-02 15:06:30,482 Cached:6942.75 MB
2020-02-02 15:08:41,087 ==> Epoch[10](350/534): Loss: 0.3162
2020-02-02 15:08:41,090 Allocated:121.90869140625 MB
2020-02-02 15:08:41,090 Cached:6942.75 MB
2020-02-02 15:08:56,007 ====> Building Cache
2020-02-02 15:08:56,008 feature cache--->>> /home/annora/NetVLAD/output/train_feat_cache3.hdf5
2020-02-02 15:10:36,657 Allocated:121.283203125 MB
2020-02-02 15:10:36,658 Cached:3409.5 MB
2020-02-02 15:13:24,709 ==> Epoch[10](400/534): Loss: 0.3162
2020-02-02 15:13:24,719 Allocated:120.90869140625 MB
2020-02-02 15:13:24,722 Cached:7300.5 MB
2020-02-02 15:15:38,644 ==> Epoch[10](450/534): Loss: 0.3162
2020-02-02 15:15:38,646 Allocated:121.03369140625 MB
2020-02-02 15:15:38,647 Cached:7300.5 MB
2020-02-02 15:17:57,828 ==> Epoch[10](500/534): Loss: 0.3162
2020-02-02 15:17:57,831 Allocated:121.03369140625 MB
2020-02-02 15:17:57,832 Cached:7300.5 MB
2020-02-02 15:19:21,983 ===> Epoch 10 Complete: Avg. Loss: 0.3162
2020-02-02 15:19:21,985 ====> Extracting Features
2020-02-02 15:20:01,601 ==> Batch (50/108)
2020-02-02 15:20:25,403 ==> Batch (100/108)
2020-02-02 15:20:29,608 ====> Building faiss index
2020-02-02 15:20:29,967 ====> Calculating recall @ N
2020-02-02 15:20:32,659 ====> Recall@1: 0.0362
2020-02-02 15:20:32,660 ====> Recall@2: 0.0362
2020-02-02 15:20:32,661 ====> Recall@3: 0.0362
2020-02-02 15:20:32,661 ====> Recall@4: 0.0362
2020-02-02 15:20:32,662 ====> Recall@5: 0.0362
2020-02-02 15:20:32,662 ====> Recall@10: 0.0362
2020-02-02 15:20:32,662 ====> Recall@15: 0.0362
2020-02-02 15:20:32,663 ====> Recall@20: 0.0362
2020-02-02 15:20:32,663 ====> Recall@25: 0.0362
2020-02-02 15:20:33,146 ====> Building Cache
2020-02-02 15:20:33,146 feature cache--->>> /home/annora/NetVLAD/output/train_feat_cache3.hdf5
2020-02-02 15:22:10,845 Allocated:119.78369140625 MB
2020-02-02 15:22:10,846 Cached:4158.625 MB
2020-02-02 15:25:06,704 ==> Epoch[11](50/534): Loss: 0.3162
2020-02-02 15:25:06,707 Allocated:121.78369140625 MB
2020-02-02 15:25:06,708 Cached:8047.625 MB
2020-02-02 15:27:22,236 ==> Epoch[11](100/534): Loss: 0.3162
2020-02-02 15:27:22,241 Allocated:121.78369140625 MB
2020-02-02 15:27:22,242 Cached:8047.625 MB
2020-02-02 15:29:38,558 ==> Epoch[11](150/534): Loss: 0.3162
2020-02-02 15:29:38,560 Allocated:121.78369140625 MB
2020-02-02 15:29:38,560 Cached:8047.625 MB
2020-02-02 15:30:47,820 ====> Building Cache
2020-02-02 15:30:47,822 feature cache--->>> /home/annora/NetVLAD/output/train_feat_cache3.hdf5
2020-02-02 15:32:23,291 Allocated:120.908203125 MB
2020-02-02 15:32:23,292 Cached:3051.75 MB
2020-02-02 15:34:14,616 ==> Epoch[11](200/534): Loss: 0.3162
2020-02-02 15:34:14,622 Allocated:122.53369140625 MB
2020-02-02 15:34:14,623 Cached:6942.75 MB
2020-02-02 15:36:32,147 ==> Epoch[11](250/534): Loss: 0.3162
2020-02-02 15:36:32,150 Allocated:121.28369140625 MB
2020-02-02 15:36:32,150 Cached:6942.75 MB
2020-02-02 15:38:44,775 ==> Epoch[11](300/534): Loss: 0.3162
2020-02-02 15:38:44,778 Allocated:121.28369140625 MB
2020-02-02 15:38:44,779 Cached:6942.75 MB
2020-02-02 15:40:53,966 ==> Epoch[11](350/534): Loss: 0.3162
2020-02-02 15:40:53,970 Allocated:121.90869140625 MB
2020-02-02 15:40:53,971 Cached:6942.75 MB
2020-02-02 15:41:08,170 ====> Building Cache
2020-02-02 15:41:08,171 feature cache--->>> /home/annora/NetVLAD/output/train_feat_cache3.hdf5
2020-02-02 15:42:41,253 Allocated:121.283203125 MB
2020-02-02 15:42:41,253 Cached:3409.5 MB
2020-02-02 15:45:32,078 ==> Epoch[11](400/534): Loss: 0.3162
2020-02-02 15:45:32,081 Allocated:120.90869140625 MB
2020-02-02 15:45:32,082 Cached:7300.5 MB
2020-02-02 15:47:43,596 ==> Epoch[11](450/534): Loss: 0.3162
2020-02-02 15:47:43,598 Allocated:121.03369140625 MB
2020-02-02 15:47:43,598 Cached:7300.5 MB
2020-02-02 15:50:00,853 ==> Epoch[11](500/534): Loss: 0.3162
2020-02-02 15:50:00,855 Allocated:121.03369140625 MB
2020-02-02 15:50:00,856 Cached:7300.5 MB
2020-02-02 15:51:24,696 ===> Epoch 11 Complete: Avg. Loss: 0.3162
2020-02-02 15:51:24,697 ====> Extracting Features
2020-02-02 15:52:03,679 ==> Batch (50/108)
2020-02-02 15:52:32,555 ==> Batch (100/108)
2020-02-02 15:52:37,712 ====> Building faiss index
2020-02-02 15:52:38,103 ====> Calculating recall @ N
2020-02-02 15:52:42,018 ====> Recall@1: 0.0435
2020-02-02 15:52:42,019 ====> Recall@2: 0.0481
2020-02-02 15:52:42,020 ====> Recall@3: 0.0516
2020-02-02 15:52:42,020 ====> Recall@4: 0.0551
2020-02-02 15:52:42,020 ====> Recall@5: 0.0583
2020-02-02 15:52:42,021 ====> Recall@10: 0.0670
2020-02-02 15:52:42,021 ====> Recall@15: 0.0754
2020-02-02 15:52:42,021 ====> Recall@20: 0.0786
2020-02-02 15:52:42,021 ====> Recall@25: 0.0812
2020-02-02 15:52:42,521 ====> Building Cache
2020-02-02 15:52:42,522 feature cache--->>> /home/annora/NetVLAD/output/train_feat_cache3.hdf5
2020-02-02 15:54:20,435 Allocated:119.78369140625 MB
2020-02-02 15:54:20,435 Cached:4157.625 MB
2020-02-02 15:57:27,815 ==> Epoch[12](50/534): Loss: 0.3162
2020-02-02 15:57:27,818 Allocated:121.78369140625 MB
2020-02-02 15:57:27,818 Cached:8047.625 MB
2020-02-02 15:59:44,444 ==> Epoch[12](100/534): Loss: 0.3162
2020-02-02 15:59:44,446 Allocated:121.78369140625 MB
2020-02-02 15:59:44,447 Cached:8047.625 MB
2020-02-02 16:02:01,449 ==> Epoch[12](150/534): Loss: 0.3162
2020-02-02 16:02:01,451 Allocated:121.78369140625 MB
2020-02-02 16:02:01,452 Cached:8047.625 MB
2020-02-02 16:03:09,032 ====> Building Cache
2020-02-02 16:03:09,034 feature cache--->>> /home/annora/NetVLAD/output/train_feat_cache3.hdf5
2020-02-02 16:04:49,142 Allocated:120.908203125 MB
2020-02-02 16:04:49,142 Cached:3051.75 MB
2020-02-02 16:06:46,781 ==> Epoch[12](200/534): Loss: 0.3162
2020-02-02 16:06:46,785 Allocated:122.53369140625 MB
2020-02-02 16:06:46,785 Cached:6942.75 MB
2020-02-02 16:09:02,098 ==> Epoch[12](250/534): Loss: 0.3162
2020-02-02 16:09:02,101 Allocated:121.28369140625 MB
2020-02-02 16:09:02,101 Cached:6942.75 MB
2020-02-02 16:11:17,906 ==> Epoch[12](300/534): Loss: 0.3162
2020-02-02 16:11:17,910 Allocated:121.28369140625 MB
2020-02-02 16:11:17,910 Cached:6942.75 MB
2020-02-02 16:13:30,287 ==> Epoch[12](350/534): Loss: 0.3162
2020-02-02 16:13:30,290 Allocated:121.90869140625 MB
2020-02-02 16:13:30,290 Cached:6942.75 MB
2020-02-02 16:13:46,161 ====> Building Cache
2020-02-02 16:13:46,162 feature cache--->>> /home/annora/NetVLAD/output/train_feat_cache3.hdf5
2020-02-02 16:15:27,746 Allocated:121.283203125 MB
2020-02-02 16:15:27,746 Cached:3409.5 MB
2020-02-02 16:18:15,079 ==> Epoch[12](400/534): Loss: 0.3162
2020-02-02 16:18:15,082 Allocated:120.90869140625 MB
2020-02-02 16:18:15,082 Cached:7300.5 MB
2020-02-02 16:20:32,862 ==> Epoch[12](450/534): Loss: 0.3162
2020-02-02 16:20:32,864 Allocated:121.03369140625 MB
2020-02-02 16:20:32,864 Cached:7300.5 MB
2020-02-02 16:22:42,092 ==> Epoch[12](500/534): Loss: 0.3162
2020-02-02 16:22:42,096 Allocated:121.03369140625 MB
2020-02-02 16:22:42,096 Cached:7300.5 MB
2020-02-02 16:24:08,195 ===> Epoch 12 Complete: Avg. Loss: 0.3162
2020-02-02 16:24:08,197 ====> Extracting Features
2020-02-02 16:24:48,600 ==> Batch (50/108)
2020-02-02 16:25:14,297 ==> Batch (100/108)
2020-02-02 16:25:19,563 ====> Building faiss index
2020-02-02 16:25:19,927 ====> Calculating recall @ N
2020-02-02 16:25:22,815 ====> Recall@1: 0.0157
2020-02-02 16:25:22,815 ====> Recall@2: 0.0217
2020-02-02 16:25:22,816 ====> Recall@3: 0.0229
2020-02-02 16:25:22,816 ====> Recall@4: 0.0241
2020-02-02 16:25:22,816 ====> Recall@5: 0.0252
2020-02-02 16:25:22,816 ====> Recall@10: 0.0272
2020-02-02 16:25:22,817 ====> Recall@15: 0.0281
2020-02-02 16:25:22,817 ====> Recall@20: 0.0287
2020-02-02 16:25:22,817 ====> Recall@25: 0.0290
2020-02-02 16:25:23,266 ====> Building Cache
2020-02-02 16:25:23,266 feature cache--->>> /home/annora/NetVLAD/output/train_feat_cache3.hdf5
2020-02-02 16:27:06,035 Allocated:119.78369140625 MB
2020-02-02 16:27:06,036 Cached:4158.625 MB
2020-02-02 16:30:05,532 ==> Epoch[13](50/534): Loss: 0.3162
2020-02-02 16:30:05,537 Allocated:121.78369140625 MB
2020-02-02 16:30:05,537 Cached:8047.625 MB
2020-02-02 16:32:27,835 ==> Epoch[13](100/534): Loss: 0.3162
2020-02-02 16:32:27,838 Allocated:121.78369140625 MB
2020-02-02 16:32:27,838 Cached:8047.625 MB
2020-02-02 16:34:30,550 ==> Epoch[13](150/534): Loss: 0.3162
2020-02-02 16:34:30,558 Allocated:121.78369140625 MB
2020-02-02 16:34:30,558 Cached:8047.625 MB
2020-02-02 16:35:46,770 ====> Building Cache
2020-02-02 16:35:46,772 feature cache--->>> /home/annora/NetVLAD/output/train_feat_cache3.hdf5
2020-02-02 16:37:20,687 Allocated:120.908203125 MB
2020-02-02 16:37:20,688 Cached:3051.75 MB
2020-02-02 16:39:12,397 ==> Epoch[13](200/534): Loss: 0.3162
2020-02-02 16:39:12,401 Allocated:122.53369140625 MB
2020-02-02 16:39:12,401 Cached:6942.75 MB
2020-02-02 16:41:27,813 ==> Epoch[13](250/534): Loss: 0.3162
2020-02-02 16:41:27,817 Allocated:121.28369140625 MB
2020-02-02 16:41:27,817 Cached:6942.75 MB
2020-02-02 16:43:37,816 ==> Epoch[13](300/534): Loss: 0.3162
2020-02-02 16:43:37,818 Allocated:121.28369140625 MB
2020-02-02 16:43:37,818 Cached:6942.75 MB
2020-02-02 16:45:44,459 ==> Epoch[13](350/534): Loss: 0.3162
2020-02-02 16:45:44,462 Allocated:121.90869140625 MB
2020-02-02 16:45:44,462 Cached:6942.75 MB
2020-02-02 16:45:58,782 ====> Building Cache
2020-02-02 16:45:58,783 feature cache--->>> /home/annora/NetVLAD/output/train_feat_cache3.hdf5
2020-02-02 16:47:34,451 Allocated:121.283203125 MB
2020-02-02 16:47:34,452 Cached:3409.5 MB
2020-02-02 16:50:26,709 ==> Epoch[13](400/534): Loss: 0.3162
2020-02-02 16:50:26,712 Allocated:120.90869140625 MB
2020-02-02 16:50:26,712 Cached:7300.5 MB
2020-02-02 16:52:41,262 ==> Epoch[13](450/534): Loss: 0.3162
2020-02-02 16:52:41,264 Allocated:121.03369140625 MB
2020-02-02 16:52:41,264 Cached:7300.5 MB
2020-02-02 16:54:46,650 ==> Epoch[13](500/534): Loss: 0.3162
2020-02-02 16:54:46,652 Allocated:121.03369140625 MB
2020-02-02 16:54:46,652 Cached:7300.5 MB
2020-02-02 16:56:11,098 ===> Epoch 13 Complete: Avg. Loss: 0.3162
2020-02-02 16:56:11,100 ====> Extracting Features
2020-02-02 16:56:55,518 ==> Batch (50/108)
2020-02-02 16:57:20,262 ==> Batch (100/108)
2020-02-02 16:57:25,545 ====> Building faiss index
2020-02-02 16:57:25,912 ====> Calculating recall @ N
2020-02-02 16:57:28,783 ====> Recall@1: 0.0293
2020-02-02 16:57:28,784 ====> Recall@2: 0.0293
2020-02-02 16:57:28,784 ====> Recall@3: 0.0293
2020-02-02 16:57:28,784 ====> Recall@4: 0.0325
2020-02-02 16:57:28,785 ====> Recall@5: 0.0325
2020-02-02 16:57:28,785 ====> Recall@10: 0.0328
2020-02-02 16:57:28,785 ====> Recall@15: 0.0351
2020-02-02 16:57:28,785 ====> Recall@20: 0.0351
2020-02-02 16:57:28,785 ====> Recall@25: 0.0359
2020-02-02 16:57:29,230 Performance did not improve for 10 epochs. Stopping.
2020-02-02 16:57:29,230 => Best Recall@5: 0.7812
