2020-02-04 21:49:28,439 Namespace(arch='alexnet', batchSize=12, cacheBatchSize=96, cachePath='/home/annora/NetVLAD/output/', cacheRefreshRate=3000, ckpt='best', contilearn=True, dataPath='/home/annora/NetVLAD/output/data/', dataset='pittsburgh', evalEvery=1, fromscratch=False, fromtask='/home/annora/NetVLAD/output/runs/2020-02-01-12-18-20_alexnet_netvlad', lr=0.01, lrGamma=0.5, lrStep=5, margin=0.1, mode='train', momentum=0.9, nEpochs=30, nGPU=1, nocuda=False, num_clusters=64, optim='SGD', patience=10, pooling='netvlad', premodel='imagenet', resume='', runsPath='/home/annora/NetVLAD/output/runs/', savePath='checkpoints', seed=123, split='val', start_epoch=0, threads=8, vladv2=False, weightDecay=0.001)
2020-02-04 21:49:28,479 ===> Loading dataset(s)
2020-02-04 21:49:28,479 trainfile ------>>>>>> pitts30k_train.mat
2020-02-04 21:49:31,103 ====> Training set: pitts30k_train.mat, query set count: 7320
2020-02-04 21:49:31,314 ===> Evaluating on val set: pitts30k_val.mat, query count: 7608
2020-02-04 21:49:31,314 ===> Building model
2020-02-04 21:49:31,381 encoder moder:
AlexNet(
  (conv1): Sequential(
    (0): Conv2d(3, 64, kernel_size=(11, 11), stride=(4, 4), padding=(2, 2))
    (1): ReLU(inplace)
    (2): MaxPool2d(kernel_size=3, stride=2, padding=0, dilation=1, ceil_mode=False)
  )
  (conv2): Sequential(
    (0): Conv2d(64, 192, kernel_size=(5, 5), stride=(1, 1), padding=(2, 2))
    (1): ReLU(inplace)
    (2): MaxPool2d(kernel_size=3, stride=2, padding=0, dilation=1, ceil_mode=False)
  )
  (conv3): Sequential(
    (0): Conv2d(192, 384, kernel_size=(3, 3), stride=(1, 1), padding=(1, 1))
    (1): ReLU(inplace)
  )
  (conv4): Sequential(
    (0): Conv2d(384, 256, kernel_size=(3, 3), stride=(1, 1), padding=(1, 1))
    (1): ReLU(inplace)
  )
  (conv5): Sequential(
    (0): Conv2d(256, 256, kernel_size=(3, 3), stride=(1, 1), padding=(1, 1))
  )
)
2020-02-04 21:49:36,112 => loading checkpoint '/home/annora/NetVLAD/output/runs/2020-02-01-12-18-20_alexnet_netvlad/checkpoints/model_best.pth.tar'
2020-02-04 21:49:36,222 => loaded checkpoint '/home/annora/NetVLAD/output/runs/2020-02-01-12-18-20_alexnet_netvlad/checkpoints/model_best.pth.tar' 
2020-02-04 21:49:36,222 ===> Training model
2020-02-04 21:49:36,224 ===> Saving state to: /home/annora/NetVLAD/output/runs/2020-02-04-21-49-36_alexnet_netvlad
2020-02-04 21:49:36,225 ====> Building Cache
2020-02-04 21:49:36,225 feature cache--->>> /home/annora/NetVLAD/output/train_feat_cache2.hdf5
2020-02-04 21:50:09,732 Allocated:99.47119140625 MB
2020-02-04 21:50:09,733 Cached:2864.375 MB
2020-02-04 21:52:46,064 ==> Epoch[1](50/610): Loss: 0.2683
2020-02-04 21:52:46,066 Allocated:121.28369140625 MB
2020-02-04 21:52:46,067 Cached:6757.375 MB
2020-02-04 21:54:40,118 ==> Epoch[1](100/610): Loss: 0.3172
2020-02-04 21:54:40,120 Allocated:121.53369140625 MB
2020-02-04 21:54:40,120 Cached:6757.375 MB
2020-02-04 21:56:36,372 ==> Epoch[1](150/610): Loss: 0.3018
2020-02-04 21:56:36,373 Allocated:122.28369140625 MB
2020-02-04 21:56:36,374 Cached:6757.375 MB
2020-02-04 21:58:29,164 ==> Epoch[1](200/610): Loss: 0.3460
2020-02-04 21:58:29,166 Allocated:121.28369140625 MB
2020-02-04 21:58:29,166 Cached:6757.375 MB
2020-02-04 21:58:38,237 ====> Building Cache
2020-02-04 21:58:38,238 feature cache--->>> /home/annora/NetVLAD/output/train_feat_cache2.hdf5
2020-02-04 21:59:07,860 Allocated:121.283203125 MB
2020-02-04 21:59:07,861 Cached:2901.25 MB
2020-02-04 22:01:28,359 ==> Epoch[1](250/610): Loss: 0.3382
2020-02-04 22:01:28,361 Allocated:121.65869140625 MB
2020-02-04 22:01:28,362 Cached:8062.75 MB
2020-02-04 22:03:24,513 ==> Epoch[1](300/610): Loss: 0.2642
2020-02-04 22:03:24,515 Allocated:121.15869140625 MB
2020-02-04 22:03:24,515 Cached:8062.75 MB
2020-02-04 22:05:17,750 ==> Epoch[1](350/610): Loss: 0.2280
2020-02-04 22:05:17,752 Allocated:121.15869140625 MB
2020-02-04 22:05:17,752 Cached:8062.75 MB
2020-02-04 22:07:12,264 ==> Epoch[1](400/610): Loss: 0.3727
2020-02-04 22:07:12,266 Allocated:121.15869140625 MB
2020-02-04 22:07:12,266 Cached:8062.75 MB
2020-02-04 22:07:29,410 ====> Building Cache
2020-02-04 22:07:29,411 feature cache--->>> /home/annora/NetVLAD/output/train_feat_cache2.hdf5
2020-02-04 22:07:58,829 Allocated:121.908203125 MB
2020-02-04 22:07:58,830 Cached:3387.25 MB
2020-02-04 22:10:14,881 ==> Epoch[1](450/610): Loss: 0.2918
2020-02-04 22:10:14,884 Allocated:121.53369140625 MB
2020-02-04 22:10:14,885 Cached:8518.375 MB
2020-02-04 22:12:11,965 ==> Epoch[1](500/610): Loss: 0.3113
2020-02-04 22:12:11,967 Allocated:121.15869140625 MB
2020-02-04 22:12:11,967 Cached:8518.375 MB
2020-02-04 22:14:05,778 ==> Epoch[1](550/610): Loss: 0.3111
2020-02-04 22:14:05,780 Allocated:121.15869140625 MB
2020-02-04 22:14:05,781 Cached:8518.375 MB
2020-02-04 22:16:04,996 ==> Epoch[1](600/610): Loss: 0.3096
2020-02-04 22:16:04,997 Allocated:121.65869140625 MB
2020-02-04 22:16:04,997 Cached:8518.375 MB
2020-02-04 22:16:31,318 ===> Epoch 1 Complete: Avg. Loss: 0.2962
2020-02-04 22:16:31,320 ====> Extracting Features
2020-02-04 22:16:45,769 ==> Batch (50/184)
2020-02-04 22:16:51,601 ==> Batch (100/184)
2020-02-04 22:16:57,167 ==> Batch (150/184)
2020-02-04 22:17:02,611 ====> Building faiss index
2020-02-04 22:17:03,092 ====> Calculating recall @ N
2020-02-04 22:17:14,667 ====> Recall@1: 0.0970
2020-02-04 22:17:14,668 ====> Recall@2: 0.1350
2020-02-04 22:17:14,669 ====> Recall@3: 0.1635
2020-02-04 22:17:14,669 ====> Recall@4: 0.1887
2020-02-04 22:17:14,669 ====> Recall@5: 0.2103
2020-02-04 22:17:14,669 ====> Recall@10: 0.2928
2020-02-04 22:17:14,670 ====> Recall@15: 0.3516
2020-02-04 22:17:14,670 ====> Recall@20: 0.4019
2020-02-04 22:17:14,670 ====> Recall@25: 0.4402
2020-02-04 22:17:15,021 ====> Building Cache
2020-02-04 22:17:15,022 feature cache--->>> /home/annora/NetVLAD/output/train_feat_cache2.hdf5
2020-02-04 22:17:44,071 Allocated:119.15869140625 MB
2020-02-04 22:17:44,072 Cached:3387.25 MB
2020-02-04 22:20:14,900 ==> Epoch[2](50/610): Loss: 0.3237
2020-02-04 22:20:14,902 Allocated:121.90869140625 MB
2020-02-04 22:20:14,903 Cached:7278.25 MB
2020-02-04 22:22:09,451 ==> Epoch[2](100/610): Loss: 0.3081
2020-02-04 22:22:09,453 Allocated:121.90869140625 MB
2020-02-04 22:22:09,453 Cached:7278.25 MB
2020-02-04 22:24:07,905 ==> Epoch[2](150/610): Loss: 0.3070
2020-02-04 22:24:07,908 Allocated:121.15869140625 MB
2020-02-04 22:24:07,908 Cached:7278.25 MB
2020-02-04 22:26:06,440 ==> Epoch[2](200/610): Loss: 0.3283
2020-02-04 22:26:06,442 Allocated:121.90869140625 MB
2020-02-04 22:26:06,442 Cached:7278.25 MB
2020-02-04 22:26:15,154 ====> Building Cache
2020-02-04 22:26:15,154 feature cache--->>> /home/annora/NetVLAD/output/train_feat_cache2.hdf5
2020-02-04 22:26:44,630 Allocated:121.783203125 MB
2020-02-04 22:26:44,630 Cached:3387.25 MB
2020-02-04 22:29:10,272 ==> Epoch[2](250/610): Loss: 0.3103
2020-02-04 22:29:10,275 Allocated:121.40869140625 MB
2020-02-04 22:29:10,275 Cached:7278.25 MB
2020-02-04 22:31:08,775 ==> Epoch[2](300/610): Loss: 0.3014
2020-02-04 22:31:08,777 Allocated:121.40869140625 MB
2020-02-04 22:31:08,777 Cached:7278.25 MB
2020-02-04 22:33:06,329 ==> Epoch[2](350/610): Loss: 0.2942
2020-02-04 22:33:06,330 Allocated:121.40869140625 MB
2020-02-04 22:33:06,331 Cached:7278.25 MB
2020-02-04 22:35:00,390 ==> Epoch[2](400/610): Loss: 0.2802
2020-02-04 22:35:00,392 Allocated:121.40869140625 MB
2020-02-04 22:35:00,392 Cached:7278.25 MB
2020-02-04 22:35:18,354 ====> Building Cache
2020-02-04 22:35:18,354 feature cache--->>> /home/annora/NetVLAD/output/train_feat_cache2.hdf5
2020-02-04 22:35:50,915 Allocated:122.658203125 MB
2020-02-04 22:35:50,916 Cached:3387.25 MB
2020-02-04 22:38:03,050 ==> Epoch[2](450/610): Loss: 0.3231
2020-02-04 22:38:03,052 Allocated:121.90869140625 MB
2020-02-04 22:38:03,052 Cached:7278.25 MB
2020-02-04 22:39:56,709 ==> Epoch[2](500/610): Loss: 0.3162
2020-02-04 22:39:56,711 Allocated:121.90869140625 MB
2020-02-04 22:39:56,711 Cached:7278.25 MB
2020-02-04 22:41:55,104 ==> Epoch[2](550/610): Loss: 0.2867
2020-02-04 22:41:55,106 Allocated:121.15869140625 MB
2020-02-04 22:41:55,106 Cached:7278.25 MB
2020-02-04 22:43:56,397 ==> Epoch[2](600/610): Loss: 0.3107
2020-02-04 22:43:56,399 Allocated:121.90869140625 MB
2020-02-04 22:43:56,399 Cached:7278.25 MB
2020-02-04 22:44:21,743 ===> Epoch 2 Complete: Avg. Loss: 0.3115
2020-02-04 22:44:21,745 ====> Extracting Features
2020-02-04 22:44:37,919 ==> Batch (50/184)
2020-02-04 22:44:43,421 ==> Batch (100/184)
2020-02-04 22:44:49,015 ==> Batch (150/184)
2020-02-04 22:44:54,433 ====> Building faiss index
2020-02-04 22:44:54,922 ====> Calculating recall @ N
2020-02-04 22:45:02,571 ====> Recall@1: 0.0865
2020-02-04 22:45:02,572 ====> Recall@2: 0.1215
2020-02-04 22:45:02,572 ====> Recall@3: 0.1487
2020-02-04 22:45:02,573 ====> Recall@4: 0.1688
2020-02-04 22:45:02,573 ====> Recall@5: 0.1909
2020-02-04 22:45:02,573 ====> Recall@10: 0.2735
2020-02-04 22:45:02,574 ====> Recall@15: 0.3308
2020-02-04 22:45:02,574 ====> Recall@20: 0.3783
2020-02-04 22:45:02,574 ====> Recall@25: 0.4185
2020-02-04 22:45:03,067 ====> Building Cache
2020-02-04 22:45:03,067 feature cache--->>> /home/annora/NetVLAD/output/train_feat_cache2.hdf5
2020-02-04 22:45:32,841 Allocated:119.65869140625 MB
2020-02-04 22:45:32,842 Cached:3387.25 MB
2020-02-04 22:48:04,830 ==> Epoch[3](50/610): Loss: 0.3038
2020-02-04 22:48:04,833 Allocated:121.40869140625 MB
2020-02-04 22:48:04,833 Cached:7278.25 MB
2020-02-04 22:50:04,854 ==> Epoch[3](100/610): Loss: 0.3051
2020-02-04 22:50:04,856 Allocated:121.40869140625 MB
2020-02-04 22:50:04,856 Cached:7278.25 MB
2020-02-04 22:52:07,806 ==> Epoch[3](150/610): Loss: 0.3183
2020-02-04 22:52:07,809 Allocated:121.40869140625 MB
2020-02-04 22:52:07,809 Cached:7278.25 MB
2020-02-04 22:54:20,930 ==> Epoch[3](200/610): Loss: 0.3155
2020-02-04 22:54:20,932 Allocated:121.40869140625 MB
2020-02-04 22:54:20,932 Cached:7278.25 MB
2020-02-04 22:54:30,775 ====> Building Cache
2020-02-04 22:54:30,776 feature cache--->>> /home/annora/NetVLAD/output/train_feat_cache2.hdf5
2020-02-04 22:55:03,561 Allocated:122.658203125 MB
2020-02-04 22:55:03,561 Cached:3387.25 MB
2020-02-04 22:57:33,561 ==> Epoch[3](250/610): Loss: 0.3153
2020-02-04 22:57:33,564 Allocated:121.15869140625 MB
2020-02-04 22:57:33,564 Cached:7278.25 MB
2020-02-04 22:59:30,949 ==> Epoch[3](300/610): Loss: 0.3152
2020-02-04 22:59:30,951 Allocated:121.90869140625 MB
2020-02-04 22:59:30,951 Cached:7278.25 MB
2020-02-04 23:01:30,735 ==> Epoch[3](350/610): Loss: 0.3129
2020-02-04 23:01:30,737 Allocated:121.90869140625 MB
2020-02-04 23:01:30,737 Cached:7278.25 MB
2020-02-04 23:03:32,195 ==> Epoch[3](400/610): Loss: 0.3173
2020-02-04 23:03:32,197 Allocated:121.15869140625 MB
2020-02-04 23:03:32,198 Cached:7278.25 MB
2020-02-04 23:03:49,339 ====> Building Cache
2020-02-04 23:03:49,340 feature cache--->>> /home/annora/NetVLAD/output/train_feat_cache2.hdf5
2020-02-04 23:04:19,393 Allocated:121.658203125 MB
2020-02-04 23:04:19,394 Cached:3387.25 MB
2020-02-04 23:06:35,444 ==> Epoch[3](450/610): Loss: 0.3224
2020-02-04 23:06:35,448 Allocated:121.40869140625 MB
2020-02-04 23:06:35,448 Cached:7278.25 MB
2020-02-04 23:08:39,017 ==> Epoch[3](500/610): Loss: 0.3085
2020-02-04 23:08:39,019 Allocated:121.40869140625 MB
2020-02-04 23:08:39,019 Cached:7278.25 MB
2020-02-04 23:10:38,220 ==> Epoch[3](550/610): Loss: 0.3076
2020-02-04 23:10:38,222 Allocated:121.40869140625 MB
2020-02-04 23:10:38,223 Cached:7278.25 MB
2020-02-04 23:12:49,105 ==> Epoch[3](600/610): Loss: 0.3172
2020-02-04 23:12:49,108 Allocated:121.40869140625 MB
2020-02-04 23:12:49,108 Cached:7278.25 MB
2020-02-04 23:13:23,540 ===> Epoch 3 Complete: Avg. Loss: 0.3156
2020-02-04 23:13:23,542 ====> Extracting Features
2020-02-04 23:13:41,061 ==> Batch (50/184)
2020-02-04 23:13:47,086 ==> Batch (100/184)
2020-02-04 23:13:52,969 ==> Batch (150/184)
2020-02-04 23:13:59,063 ====> Building faiss index
2020-02-04 23:13:59,564 ====> Calculating recall @ N
2020-02-04 23:15:17,664 ====> Recall@1: 0.1078
2020-02-04 23:15:17,665 ====> Recall@2: 0.1443
2020-02-04 23:15:17,666 ====> Recall@3: 0.1713
2020-02-04 23:15:17,666 ====> Recall@4: 0.1949
2020-02-04 23:15:17,667 ====> Recall@5: 0.2156
2020-02-04 23:15:17,667 ====> Recall@10: 0.3055
2020-02-04 23:15:17,667 ====> Recall@15: 0.3711
2020-02-04 23:15:17,667 ====> Recall@20: 0.4202
2020-02-04 23:15:17,668 ====> Recall@25: 0.4606
2020-02-04 23:15:18,573 ====> Building Cache
2020-02-04 23:15:18,573 feature cache--->>> /home/annora/NetVLAD/output/train_feat_cache2.hdf5
2020-02-04 23:15:48,536 Allocated:120.65869140625 MB
2020-02-04 23:15:48,537 Cached:3387.25 MB
2020-02-04 23:18:22,293 ==> Epoch[4](50/610): Loss: 0.3185
2020-02-04 23:18:22,295 Allocated:121.90869140625 MB
2020-02-04 23:18:22,296 Cached:7278.25 MB
2020-02-04 23:20:23,660 ==> Epoch[4](100/610): Loss: 0.3181
2020-02-04 23:20:23,662 Allocated:121.15869140625 MB
2020-02-04 23:20:23,662 Cached:7278.25 MB
2020-02-04 23:22:22,878 ==> Epoch[4](150/610): Loss: 0.3170
2020-02-04 23:22:22,880 Allocated:121.90869140625 MB
2020-02-04 23:22:22,880 Cached:7278.25 MB
2020-02-04 23:24:16,521 ==> Epoch[4](200/610): Loss: 0.3199
2020-02-04 23:24:16,522 Allocated:121.90869140625 MB
2020-02-04 23:24:16,523 Cached:7278.25 MB
2020-02-04 23:24:25,366 ====> Building Cache
2020-02-04 23:24:25,368 feature cache--->>> /home/annora/NetVLAD/output/train_feat_cache2.hdf5
2020-02-04 23:24:55,133 Allocated:121.658203125 MB
2020-02-04 23:24:55,133 Cached:3387.25 MB
2020-02-04 23:27:25,126 ==> Epoch[4](250/610): Loss: 0.3123
2020-02-04 23:27:25,128 Allocated:121.40869140625 MB
2020-02-04 23:27:25,129 Cached:7278.25 MB
2020-02-04 23:29:22,654 ==> Epoch[4](300/610): Loss: 0.3112
2020-02-04 23:29:22,656 Allocated:121.40869140625 MB
2020-02-04 23:29:22,657 Cached:7278.25 MB
2020-02-04 23:31:19,115 ==> Epoch[4](350/610): Loss: 0.3101
2020-02-04 23:31:19,117 Allocated:121.40869140625 MB
2020-02-04 23:31:19,117 Cached:7278.25 MB
2020-02-04 23:33:17,917 ==> Epoch[4](400/610): Loss: 0.3169
2020-02-04 23:33:17,919 Allocated:121.40869140625 MB
2020-02-04 23:33:17,919 Cached:7278.25 MB
2020-02-04 23:33:35,716 ====> Building Cache
2020-02-04 23:33:35,717 feature cache--->>> /home/annora/NetVLAD/output/train_feat_cache2.hdf5
2020-02-04 23:34:04,984 Allocated:122.658203125 MB
2020-02-04 23:34:04,985 Cached:3387.25 MB
2020-02-04 23:36:23,562 ==> Epoch[4](450/610): Loss: 0.3165
2020-02-04 23:36:23,565 Allocated:121.90869140625 MB
2020-02-04 23:36:23,565 Cached:7278.25 MB
2020-02-04 23:38:28,365 ==> Epoch[4](500/610): Loss: 0.3187
2020-02-04 23:38:28,373 Allocated:121.90869140625 MB
2020-02-04 23:38:28,373 Cached:7278.25 MB
2020-02-04 23:40:32,605 ==> Epoch[4](550/610): Loss: 0.3183
2020-02-04 23:40:32,607 Allocated:121.15869140625 MB
2020-02-04 23:40:32,608 Cached:7278.25 MB
2020-02-04 23:42:36,378 ==> Epoch[4](600/610): Loss: 0.3160
2020-02-04 23:42:36,380 Allocated:121.90869140625 MB
2020-02-04 23:42:36,381 Cached:7278.25 MB
2020-02-04 23:43:03,067 ===> Epoch 4 Complete: Avg. Loss: 0.3168
2020-02-04 23:43:03,069 ====> Extracting Features
2020-02-04 23:43:19,015 ==> Batch (50/184)
2020-02-04 23:43:24,635 ==> Batch (100/184)
2020-02-04 23:43:30,265 ==> Batch (150/184)
2020-02-04 23:43:35,717 ====> Building faiss index
2020-02-04 23:43:36,204 ====> Calculating recall @ N
2020-02-04 23:44:14,478 ====> Recall@1: 0.1049
2020-02-04 23:44:14,479 ====> Recall@2: 0.1438
2020-02-04 23:44:14,480 ====> Recall@3: 0.1714
2020-02-04 23:44:14,480 ====> Recall@4: 0.1912
2020-02-04 23:44:14,481 ====> Recall@5: 0.2098
2020-02-04 23:44:14,481 ====> Recall@10: 0.2934
2020-02-04 23:44:14,481 ====> Recall@15: 0.3517
2020-02-04 23:44:14,482 ====> Recall@20: 0.3935
2020-02-04 23:44:14,482 ====> Recall@25: 0.4322
2020-02-04 23:44:14,970 ====> Building Cache
2020-02-04 23:44:14,971 feature cache--->>> /home/annora/NetVLAD/output/train_feat_cache2.hdf5
2020-02-04 23:44:44,972 Allocated:119.65869140625 MB
2020-02-04 23:44:44,973 Cached:3387.25 MB
2020-02-04 23:47:22,905 ==> Epoch[5](50/610): Loss: 0.3186
2020-02-04 23:47:22,907 Allocated:121.40869140625 MB
2020-02-04 23:47:22,908 Cached:7278.25 MB
2020-02-04 23:49:15,774 ==> Epoch[5](100/610): Loss: 0.3170
2020-02-04 23:49:15,776 Allocated:121.40869140625 MB
2020-02-04 23:49:15,777 Cached:7278.25 MB
2020-02-04 23:51:09,014 ==> Epoch[5](150/610): Loss: 0.3193
2020-02-04 23:51:09,016 Allocated:121.40869140625 MB
2020-02-04 23:51:09,016 Cached:7278.25 MB
2020-02-04 23:53:14,255 ==> Epoch[5](200/610): Loss: 0.3165
2020-02-04 23:53:14,257 Allocated:121.40869140625 MB
2020-02-04 23:53:14,258 Cached:7278.25 MB
2020-02-04 23:53:23,967 ====> Building Cache
2020-02-04 23:53:23,968 feature cache--->>> /home/annora/NetVLAD/output/train_feat_cache2.hdf5
2020-02-04 23:53:53,344 Allocated:122.658203125 MB
2020-02-04 23:53:53,345 Cached:3387.25 MB
2020-02-04 23:56:18,391 ==> Epoch[5](250/610): Loss: 0.3161
2020-02-04 23:56:18,393 Allocated:121.15869140625 MB
2020-02-04 23:56:18,393 Cached:7278.25 MB
2020-02-04 23:58:17,136 ==> Epoch[5](300/610): Loss: 0.3139
2020-02-04 23:58:17,137 Allocated:121.90869140625 MB
2020-02-04 23:58:17,137 Cached:7278.25 MB
2020-02-05 00:00:20,946 ==> Epoch[5](350/610): Loss: 0.3158
2020-02-05 00:00:20,948 Allocated:121.90869140625 MB
2020-02-05 00:00:20,949 Cached:7278.25 MB
2020-02-05 00:02:15,949 ==> Epoch[5](400/610): Loss: 0.3114
2020-02-05 00:02:15,951 Allocated:121.15869140625 MB
2020-02-05 00:02:15,952 Cached:7278.25 MB
2020-02-05 00:02:34,482 ====> Building Cache
2020-02-05 00:02:34,483 feature cache--->>> /home/annora/NetVLAD/output/train_feat_cache2.hdf5
2020-02-05 00:03:03,807 Allocated:121.658203125 MB
2020-02-05 00:03:03,808 Cached:3387.25 MB
2020-02-05 00:05:26,732 ==> Epoch[5](450/610): Loss: 0.3131
2020-02-05 00:05:26,734 Allocated:121.40869140625 MB
2020-02-05 00:05:26,735 Cached:7278.25 MB
2020-02-05 00:07:26,374 ==> Epoch[5](500/610): Loss: 0.3162
2020-02-05 00:07:26,375 Allocated:121.40869140625 MB
2020-02-05 00:07:26,376 Cached:7278.25 MB
2020-02-05 00:09:21,918 ==> Epoch[5](550/610): Loss: 0.3195
2020-02-05 00:09:21,920 Allocated:121.40869140625 MB
2020-02-05 00:09:21,921 Cached:7278.25 MB
2020-02-05 00:11:23,023 ==> Epoch[5](600/610): Loss: 0.3163
2020-02-05 00:11:23,024 Allocated:121.40869140625 MB
2020-02-05 00:11:23,025 Cached:7278.25 MB
2020-02-05 00:11:51,158 ===> Epoch 5 Complete: Avg. Loss: 0.3173
2020-02-05 00:11:51,160 ====> Extracting Features
2020-02-05 00:12:07,334 ==> Batch (50/184)
2020-02-05 00:12:12,945 ==> Batch (100/184)
2020-02-05 00:12:18,545 ==> Batch (150/184)
2020-02-05 00:12:23,927 ====> Building faiss index
2020-02-05 00:12:24,406 ====> Calculating recall @ N
2020-02-05 00:12:45,375 ====> Recall@1: 0.1132
2020-02-05 00:12:45,376 ====> Recall@2: 0.1504
2020-02-05 00:12:45,377 ====> Recall@3: 0.1798
2020-02-05 00:12:45,377 ====> Recall@4: 0.2057
2020-02-05 00:12:45,377 ====> Recall@5: 0.2275
2020-02-05 00:12:45,377 ====> Recall@10: 0.3137
2020-02-05 00:12:45,377 ====> Recall@15: 0.3768
2020-02-05 00:12:45,378 ====> Recall@20: 0.4303
2020-02-05 00:12:45,378 ====> Recall@25: 0.4725
2020-02-05 00:12:46,222 ====> Building Cache
2020-02-05 00:12:46,222 feature cache--->>> /home/annora/NetVLAD/output/train_feat_cache2.hdf5
2020-02-05 00:13:16,036 Allocated:120.65869140625 MB
2020-02-05 00:13:16,037 Cached:3387.25 MB
2020-02-05 00:15:50,974 ==> Epoch[6](50/610): Loss: 0.3183
2020-02-05 00:15:50,976 Allocated:121.90869140625 MB
2020-02-05 00:15:50,976 Cached:7278.25 MB
2020-02-05 00:17:47,055 ==> Epoch[6](100/610): Loss: 0.3178
2020-02-05 00:17:47,057 Allocated:121.15869140625 MB
2020-02-05 00:17:47,057 Cached:7278.25 MB
2020-02-05 00:19:44,127 ==> Epoch[6](150/610): Loss: 0.3167
2020-02-05 00:19:44,129 Allocated:121.90869140625 MB
2020-02-05 00:19:44,130 Cached:7278.25 MB
2020-02-05 00:21:40,971 ==> Epoch[6](200/610): Loss: 0.3171
2020-02-05 00:21:40,973 Allocated:121.90869140625 MB
2020-02-05 00:21:40,973 Cached:7278.25 MB
2020-02-05 00:21:49,779 ====> Building Cache
2020-02-05 00:21:49,780 feature cache--->>> /home/annora/NetVLAD/output/train_feat_cache2.hdf5
2020-02-05 00:22:19,361 Allocated:121.658203125 MB
2020-02-05 00:22:19,362 Cached:3387.25 MB
2020-02-05 00:24:43,133 ==> Epoch[6](250/610): Loss: 0.3141
2020-02-05 00:24:43,134 Allocated:121.40869140625 MB
2020-02-05 00:24:43,135 Cached:7278.25 MB
2020-02-05 00:26:38,123 ==> Epoch[6](300/610): Loss: 0.3139
2020-02-05 00:26:38,125 Allocated:121.40869140625 MB
2020-02-05 00:26:38,125 Cached:7278.25 MB
2020-02-05 00:28:34,631 ==> Epoch[6](350/610): Loss: 0.3132
2020-02-05 00:28:34,633 Allocated:121.40869140625 MB
2020-02-05 00:28:34,633 Cached:7278.25 MB
2020-02-05 00:30:27,794 ==> Epoch[6](400/610): Loss: 0.3112
2020-02-05 00:30:27,796 Allocated:121.40869140625 MB
2020-02-05 00:30:27,796 Cached:7278.25 MB
2020-02-05 00:30:45,722 ====> Building Cache
2020-02-05 00:30:45,723 feature cache--->>> /home/annora/NetVLAD/output/train_feat_cache2.hdf5
2020-02-05 00:31:17,811 Allocated:122.658203125 MB
2020-02-05 00:31:17,812 Cached:3387.25 MB
2020-02-05 00:33:30,933 ==> Epoch[6](450/610): Loss: 0.3177
2020-02-05 00:33:30,935 Allocated:121.90869140625 MB
2020-02-05 00:33:30,935 Cached:7278.25 MB
2020-02-05 00:35:26,640 ==> Epoch[6](500/610): Loss: 0.3175
2020-02-05 00:35:26,641 Allocated:121.90869140625 MB
2020-02-05 00:35:26,642 Cached:7278.25 MB
2020-02-05 00:37:21,134 ==> Epoch[6](550/610): Loss: 0.3185
2020-02-05 00:37:21,136 Allocated:121.15869140625 MB
2020-02-05 00:37:21,136 Cached:7278.25 MB
2020-02-05 00:39:19,773 ==> Epoch[6](600/610): Loss: 0.3160
2020-02-05 00:39:19,774 Allocated:121.90869140625 MB
2020-02-05 00:39:19,775 Cached:7278.25 MB
2020-02-05 00:39:47,281 ===> Epoch 6 Complete: Avg. Loss: 0.3170
2020-02-05 00:39:47,283 ====> Extracting Features
2020-02-05 00:40:03,695 ==> Batch (50/184)
2020-02-05 00:40:09,304 ==> Batch (100/184)
2020-02-05 00:40:14,857 ==> Batch (150/184)
2020-02-05 00:40:21,001 ====> Building faiss index
2020-02-05 00:40:21,709 ====> Calculating recall @ N
2020-02-05 00:40:40,807 ====> Recall@1: 0.1119
2020-02-05 00:40:40,808 ====> Recall@2: 0.1502
2020-02-05 00:40:40,809 ====> Recall@3: 0.1788
2020-02-05 00:40:40,809 ====> Recall@4: 0.2044
2020-02-05 00:40:40,810 ====> Recall@5: 0.2294
2020-02-05 00:40:40,810 ====> Recall@10: 0.3137
2020-02-05 00:40:40,810 ====> Recall@15: 0.3801
2020-02-05 00:40:40,810 ====> Recall@20: 0.4286
2020-02-05 00:40:40,810 ====> Recall@25: 0.4692
2020-02-05 00:40:41,657 ====> Building Cache
2020-02-05 00:40:41,657 feature cache--->>> /home/annora/NetVLAD/output/train_feat_cache2.hdf5
2020-02-05 00:41:11,176 Allocated:119.65869140625 MB
2020-02-05 00:41:11,177 Cached:3387.25 MB
2020-02-05 00:43:46,663 ==> Epoch[7](50/610): Loss: 0.3169
2020-02-05 00:43:46,665 Allocated:121.40869140625 MB
2020-02-05 00:43:46,665 Cached:7278.25 MB
2020-02-05 00:45:45,466 ==> Epoch[7](100/610): Loss: 0.3179
2020-02-05 00:45:45,468 Allocated:121.40869140625 MB
2020-02-05 00:45:45,469 Cached:7278.25 MB
2020-02-05 00:47:47,174 ==> Epoch[7](150/610): Loss: 0.3169
2020-02-05 00:47:47,176 Allocated:121.40869140625 MB
2020-02-05 00:47:47,176 Cached:7278.25 MB
2020-02-05 00:49:41,498 ==> Epoch[7](200/610): Loss: 0.3175
2020-02-05 00:49:41,500 Allocated:121.40869140625 MB
2020-02-05 00:49:41,500 Cached:7278.25 MB
2020-02-05 00:49:50,045 ====> Building Cache
2020-02-05 00:49:50,046 feature cache--->>> /home/annora/NetVLAD/output/train_feat_cache2.hdf5
2020-02-05 00:50:19,246 Allocated:122.658203125 MB
2020-02-05 00:50:19,247 Cached:3387.25 MB
2020-02-05 00:52:50,192 ==> Epoch[7](250/610): Loss: 0.3125
2020-02-05 00:52:50,194 Allocated:121.15869140625 MB
2020-02-05 00:52:50,194 Cached:7278.25 MB
2020-02-05 00:54:47,892 ==> Epoch[7](300/610): Loss: 0.3118
2020-02-05 00:54:47,893 Allocated:121.90869140625 MB
2020-02-05 00:54:47,894 Cached:7278.25 MB
2020-02-05 00:56:46,228 ==> Epoch[7](350/610): Loss: 0.3113
2020-02-05 00:56:46,230 Allocated:121.90869140625 MB
2020-02-05 00:56:46,230 Cached:7278.25 MB
2020-02-05 00:58:46,212 ==> Epoch[7](400/610): Loss: 0.3142
2020-02-05 00:58:46,213 Allocated:121.15869140625 MB
2020-02-05 00:58:46,213 Cached:7278.25 MB
2020-02-05 00:59:03,842 ====> Building Cache
2020-02-05 00:59:03,843 feature cache--->>> /home/annora/NetVLAD/output/train_feat_cache2.hdf5
2020-02-05 00:59:33,268 Allocated:121.658203125 MB
2020-02-05 00:59:33,269 Cached:3387.25 MB
2020-02-05 01:01:47,514 ==> Epoch[7](450/610): Loss: 0.3134
2020-02-05 01:01:47,516 Allocated:121.40869140625 MB
2020-02-05 01:01:47,516 Cached:7278.25 MB
2020-02-05 01:03:46,661 ==> Epoch[7](500/610): Loss: 0.3159
2020-02-05 01:03:46,662 Allocated:121.40869140625 MB
2020-02-05 01:03:46,663 Cached:7278.25 MB
2020-02-05 01:05:48,271 ==> Epoch[7](550/610): Loss: 0.3152
2020-02-05 01:05:48,273 Allocated:121.40869140625 MB
2020-02-05 01:05:48,273 Cached:7278.25 MB
2020-02-05 01:07:45,412 ==> Epoch[7](600/610): Loss: 0.3131
2020-02-05 01:07:45,413 Allocated:121.40869140625 MB
2020-02-05 01:07:45,413 Cached:7278.25 MB
2020-02-05 01:08:10,913 ===> Epoch 7 Complete: Avg. Loss: 0.3169
2020-02-05 01:08:10,915 ====> Extracting Features
2020-02-05 01:08:27,377 ==> Batch (50/184)
2020-02-05 01:08:33,101 ==> Batch (100/184)
2020-02-05 01:08:38,609 ==> Batch (150/184)
2020-02-05 01:08:43,637 ====> Building faiss index
2020-02-05 01:08:44,124 ====> Calculating recall @ N
2020-02-05 01:09:11,503 ====> Recall@1: 0.1124
2020-02-05 01:09:11,504 ====> Recall@2: 0.1534
2020-02-05 01:09:11,505 ====> Recall@3: 0.1798
2020-02-05 01:09:11,505 ====> Recall@4: 0.2053
2020-02-05 01:09:11,505 ====> Recall@5: 0.2271
2020-02-05 01:09:11,505 ====> Recall@10: 0.3147
2020-02-05 01:09:11,506 ====> Recall@15: 0.3824
2020-02-05 01:09:11,506 ====> Recall@20: 0.4323
2020-02-05 01:09:11,506 ====> Recall@25: 0.4767
2020-02-05 01:09:12,004 ====> Building Cache
2020-02-05 01:09:12,005 feature cache--->>> /home/annora/NetVLAD/output/train_feat_cache2.hdf5
2020-02-05 01:09:41,137 Allocated:120.65869140625 MB
2020-02-05 01:09:41,137 Cached:3387.25 MB
2020-02-05 01:12:24,420 ==> Epoch[8](50/610): Loss: 0.3173
2020-02-05 01:12:24,422 Allocated:121.90869140625 MB
2020-02-05 01:12:24,423 Cached:7278.25 MB
2020-02-05 01:14:24,088 ==> Epoch[8](100/610): Loss: 0.3154
2020-02-05 01:14:24,089 Allocated:121.15869140625 MB
2020-02-05 01:14:24,090 Cached:7278.25 MB
2020-02-05 01:16:20,570 ==> Epoch[8](150/610): Loss: 0.3163
2020-02-05 01:16:20,573 Allocated:121.90869140625 MB
2020-02-05 01:16:20,573 Cached:7278.25 MB
2020-02-05 01:18:16,319 ==> Epoch[8](200/610): Loss: 0.3168
2020-02-05 01:18:16,321 Allocated:121.90869140625 MB
2020-02-05 01:18:16,321 Cached:7278.25 MB
2020-02-05 01:18:25,027 ====> Building Cache
2020-02-05 01:18:25,028 feature cache--->>> /home/annora/NetVLAD/output/train_feat_cache2.hdf5
2020-02-05 01:18:54,705 Allocated:121.658203125 MB
2020-02-05 01:18:54,705 Cached:3387.25 MB
2020-02-05 01:21:21,125 ==> Epoch[8](250/610): Loss: 0.3154
2020-02-05 01:21:21,127 Allocated:121.40869140625 MB
2020-02-05 01:21:21,127 Cached:7278.25 MB
2020-02-05 01:23:15,836 ==> Epoch[8](300/610): Loss: 0.3148
2020-02-05 01:23:15,837 Allocated:121.40869140625 MB
2020-02-05 01:23:15,838 Cached:7278.25 MB
2020-02-05 01:25:18,507 ==> Epoch[8](350/610): Loss: 0.3150
2020-02-05 01:25:18,509 Allocated:121.40869140625 MB
2020-02-05 01:25:18,509 Cached:7278.25 MB
2020-02-05 01:27:18,633 ==> Epoch[8](400/610): Loss: 0.3132
2020-02-05 01:27:18,635 Allocated:121.40869140625 MB
2020-02-05 01:27:18,635 Cached:7278.25 MB
2020-02-05 01:27:36,672 ====> Building Cache
2020-02-05 01:27:36,673 feature cache--->>> /home/annora/NetVLAD/output/train_feat_cache2.hdf5
2020-02-05 01:28:05,408 Allocated:122.658203125 MB
2020-02-05 01:28:05,409 Cached:3387.25 MB
2020-02-05 01:30:20,176 ==> Epoch[8](450/610): Loss: 0.3163
2020-02-05 01:30:20,178 Allocated:121.90869140625 MB
2020-02-05 01:30:20,178 Cached:7278.25 MB
2020-02-05 01:32:18,364 ==> Epoch[8](500/610): Loss: 0.3159
2020-02-05 01:32:18,366 Allocated:121.90869140625 MB
2020-02-05 01:32:18,366 Cached:7278.25 MB
2020-02-05 01:34:13,418 ==> Epoch[8](550/610): Loss: 0.3124
2020-02-05 01:34:13,420 Allocated:121.15869140625 MB
2020-02-05 01:34:13,420 Cached:7278.25 MB
2020-02-05 01:36:08,043 ==> Epoch[8](600/610): Loss: 0.3181
2020-02-05 01:36:08,045 Allocated:121.90869140625 MB
2020-02-05 01:36:08,045 Cached:7278.25 MB
2020-02-05 01:36:34,864 ===> Epoch 8 Complete: Avg. Loss: 0.3169
2020-02-05 01:36:34,865 ====> Extracting Features
2020-02-05 01:36:52,554 ==> Batch (50/184)
2020-02-05 01:36:59,093 ==> Batch (100/184)
2020-02-05 01:37:05,125 ==> Batch (150/184)
2020-02-05 01:37:10,894 ====> Building faiss index
2020-02-05 01:37:11,393 ====> Calculating recall @ N
2020-02-05 01:37:43,466 ====> Recall@1: 0.1115
2020-02-05 01:37:43,466 ====> Recall@2: 0.1517
2020-02-05 01:37:43,467 ====> Recall@3: 0.1788
2020-02-05 01:37:43,467 ====> Recall@4: 0.2062
2020-02-05 01:37:43,468 ====> Recall@5: 0.2283
2020-02-05 01:37:43,468 ====> Recall@10: 0.3178
2020-02-05 01:37:43,468 ====> Recall@15: 0.3791
2020-02-05 01:37:43,468 ====> Recall@20: 0.4292
2020-02-05 01:37:43,468 ====> Recall@25: 0.4686
2020-02-05 01:37:43,963 ====> Building Cache
2020-02-05 01:37:43,964 feature cache--->>> /home/annora/NetVLAD/output/train_feat_cache2.hdf5
2020-02-05 01:38:13,922 Allocated:119.65869140625 MB
2020-02-05 01:38:13,923 Cached:3387.25 MB
2020-02-05 01:40:48,717 ==> Epoch[9](50/610): Loss: 0.3172
2020-02-05 01:40:48,719 Allocated:121.40869140625 MB
2020-02-05 01:40:48,720 Cached:7278.25 MB
2020-02-05 01:42:44,898 ==> Epoch[9](100/610): Loss: 0.3189
2020-02-05 01:42:44,899 Allocated:121.40869140625 MB
2020-02-05 01:42:44,900 Cached:7278.25 MB
2020-02-05 01:44:43,958 ==> Epoch[9](150/610): Loss: 0.3159
2020-02-05 01:44:43,960 Allocated:121.40869140625 MB
2020-02-05 01:44:43,960 Cached:7278.25 MB
2020-02-05 01:46:40,757 ==> Epoch[9](200/610): Loss: 0.3171
2020-02-05 01:46:40,759 Allocated:121.40869140625 MB
2020-02-05 01:46:40,759 Cached:7278.25 MB
2020-02-05 01:46:50,418 ====> Building Cache
2020-02-05 01:46:50,418 feature cache--->>> /home/annora/NetVLAD/output/train_feat_cache2.hdf5
2020-02-05 01:47:19,723 Allocated:122.658203125 MB
2020-02-05 01:47:19,723 Cached:3387.25 MB
2020-02-05 01:49:42,144 ==> Epoch[9](250/610): Loss: 0.3161
2020-02-05 01:49:42,146 Allocated:121.15869140625 MB
2020-02-05 01:49:42,146 Cached:7278.25 MB
2020-02-05 01:51:37,582 ==> Epoch[9](300/610): Loss: 0.3138
2020-02-05 01:51:37,583 Allocated:121.90869140625 MB
2020-02-05 01:51:37,583 Cached:7278.25 MB
2020-02-05 01:53:31,972 ==> Epoch[9](350/610): Loss: 0.3165
2020-02-05 01:53:31,974 Allocated:121.90869140625 MB
2020-02-05 01:53:31,974 Cached:7278.25 MB
2020-02-05 01:55:25,665 ==> Epoch[9](400/610): Loss: 0.3175
2020-02-05 01:55:25,667 Allocated:121.15869140625 MB
2020-02-05 01:55:25,667 Cached:7278.25 MB
2020-02-05 01:55:42,632 ====> Building Cache
2020-02-05 01:55:42,633 feature cache--->>> /home/annora/NetVLAD/output/train_feat_cache2.hdf5
2020-02-05 01:56:12,410 Allocated:121.658203125 MB
2020-02-05 01:56:12,411 Cached:3387.25 MB
2020-02-05 01:58:28,096 ==> Epoch[9](450/610): Loss: 0.3148
2020-02-05 01:58:28,098 Allocated:121.40869140625 MB
2020-02-05 01:58:28,099 Cached:7278.25 MB
2020-02-05 02:00:22,138 ==> Epoch[9](500/610): Loss: 0.3158
2020-02-05 02:00:22,140 Allocated:121.40869140625 MB
2020-02-05 02:00:22,140 Cached:7278.25 MB
2020-02-05 02:02:15,138 ==> Epoch[9](550/610): Loss: 0.3161
2020-02-05 02:02:15,140 Allocated:121.40869140625 MB
2020-02-05 02:02:15,140 Cached:7278.25 MB
2020-02-05 02:04:10,695 ==> Epoch[9](600/610): Loss: 0.3125
2020-02-05 02:04:10,696 Allocated:121.40869140625 MB
2020-02-05 02:04:10,696 Cached:7278.25 MB
2020-02-05 02:04:37,028 ===> Epoch 9 Complete: Avg. Loss: 0.3169
2020-02-05 02:04:37,030 ====> Extracting Features
2020-02-05 02:04:53,627 ==> Batch (50/184)
2020-02-05 02:04:59,152 ==> Batch (100/184)
2020-02-05 02:05:04,702 ==> Batch (150/184)
2020-02-05 02:05:10,533 ====> Building faiss index
2020-02-05 02:05:11,027 ====> Calculating recall @ N
2020-02-05 02:05:34,284 ====> Recall@1: 0.1050
2020-02-05 02:05:34,285 ====> Recall@2: 0.1480
2020-02-05 02:05:34,285 ====> Recall@3: 0.1773
2020-02-05 02:05:34,286 ====> Recall@4: 0.2022
2020-02-05 02:05:34,286 ====> Recall@5: 0.2241
2020-02-05 02:05:34,286 ====> Recall@10: 0.3161
2020-02-05 02:05:34,286 ====> Recall@15: 0.3793
2020-02-05 02:05:34,287 ====> Recall@20: 0.4310
2020-02-05 02:05:34,287 ====> Recall@25: 0.4732
2020-02-05 02:05:34,789 ====> Building Cache
2020-02-05 02:05:34,790 feature cache--->>> /home/annora/NetVLAD/output/train_feat_cache2.hdf5
2020-02-05 02:06:04,134 Allocated:120.65869140625 MB
2020-02-05 02:06:04,135 Cached:3387.25 MB
2020-02-05 02:08:40,912 ==> Epoch[10](50/610): Loss: 0.3173
2020-02-05 02:08:40,914 Allocated:121.90869140625 MB
2020-02-05 02:08:40,914 Cached:7278.25 MB
2020-02-05 02:10:41,494 ==> Epoch[10](100/610): Loss: 0.3169
2020-02-05 02:10:41,496 Allocated:121.15869140625 MB
2020-02-05 02:10:41,496 Cached:7278.25 MB
2020-02-05 02:12:43,470 ==> Epoch[10](150/610): Loss: 0.3158
2020-02-05 02:12:43,472 Allocated:121.90869140625 MB
2020-02-05 02:12:43,472 Cached:7278.25 MB
2020-02-05 02:14:40,937 ==> Epoch[10](200/610): Loss: 0.3172
2020-02-05 02:14:40,939 Allocated:121.90869140625 MB
2020-02-05 02:14:40,939 Cached:7278.25 MB
2020-02-05 02:14:49,661 ====> Building Cache
2020-02-05 02:14:49,662 feature cache--->>> /home/annora/NetVLAD/output/train_feat_cache2.hdf5
2020-02-05 02:15:19,189 Allocated:121.658203125 MB
2020-02-05 02:15:19,190 Cached:3387.25 MB
2020-02-05 02:17:45,541 ==> Epoch[10](250/610): Loss: 0.3182
2020-02-05 02:17:45,543 Allocated:121.40869140625 MB
2020-02-05 02:17:45,544 Cached:7278.25 MB
2020-02-05 02:19:42,084 ==> Epoch[10](300/610): Loss: 0.3149
2020-02-05 02:19:42,086 Allocated:121.40869140625 MB
2020-02-05 02:19:42,086 Cached:7278.25 MB
2020-02-05 02:21:43,134 ==> Epoch[10](350/610): Loss: 0.3161
2020-02-05 02:21:43,136 Allocated:121.40869140625 MB
2020-02-05 02:21:43,136 Cached:7278.25 MB
2020-02-05 02:23:39,277 ==> Epoch[10](400/610): Loss: 0.3096
2020-02-05 02:23:39,279 Allocated:121.40869140625 MB
2020-02-05 02:23:39,279 Cached:7278.25 MB
2020-02-05 02:23:56,881 ====> Building Cache
2020-02-05 02:23:56,882 feature cache--->>> /home/annora/NetVLAD/output/train_feat_cache2.hdf5
2020-02-05 02:24:26,570 Allocated:122.658203125 MB
2020-02-05 02:24:26,570 Cached:3387.25 MB
2020-02-05 02:26:42,251 ==> Epoch[10](450/610): Loss: 0.3178
2020-02-05 02:26:42,253 Allocated:121.90869140625 MB
2020-02-05 02:26:42,253 Cached:7278.25 MB
2020-02-05 02:28:39,744 ==> Epoch[10](500/610): Loss: 0.3159
2020-02-05 02:28:39,745 Allocated:121.90869140625 MB
2020-02-05 02:28:39,746 Cached:7278.25 MB
2020-02-05 02:30:37,020 ==> Epoch[10](550/610): Loss: 0.3156
2020-02-05 02:30:37,022 Allocated:121.15869140625 MB
2020-02-05 02:30:37,022 Cached:7278.25 MB
2020-02-05 02:32:35,969 ==> Epoch[10](600/610): Loss: 0.3119
2020-02-05 02:32:35,970 Allocated:121.90869140625 MB
2020-02-05 02:32:35,971 Cached:7278.25 MB
2020-02-05 02:33:01,370 ===> Epoch 10 Complete: Avg. Loss: 0.3169
2020-02-05 02:33:01,371 ====> Extracting Features
2020-02-05 02:33:17,420 ==> Batch (50/184)
2020-02-05 02:33:23,114 ==> Batch (100/184)
2020-02-05 02:33:28,748 ==> Batch (150/184)
2020-02-05 02:33:34,211 ====> Building faiss index
2020-02-05 02:33:34,697 ====> Calculating recall @ N
2020-02-05 02:33:57,589 ====> Recall@1: 0.0956
2020-02-05 02:33:57,590 ====> Recall@2: 0.1300
2020-02-05 02:33:57,590 ====> Recall@3: 0.1575
2020-02-05 02:33:57,590 ====> Recall@4: 0.1806
2020-02-05 02:33:57,590 ====> Recall@5: 0.2018
2020-02-05 02:33:57,591 ====> Recall@10: 0.2876
2020-02-05 02:33:57,591 ====> Recall@15: 0.3478
2020-02-05 02:33:57,591 ====> Recall@20: 0.4023
2020-02-05 02:33:57,591 ====> Recall@25: 0.4452
2020-02-05 02:33:58,068 ====> Building Cache
2020-02-05 02:33:58,069 feature cache--->>> /home/annora/NetVLAD/output/train_feat_cache2.hdf5
2020-02-05 02:34:28,314 Allocated:119.65869140625 MB
2020-02-05 02:34:28,315 Cached:3387.25 MB
2020-02-05 02:37:00,584 ==> Epoch[11](50/610): Loss: 0.3175
2020-02-05 02:37:00,587 Allocated:121.40869140625 MB
2020-02-05 02:37:00,588 Cached:7278.25 MB
2020-02-05 02:39:01,579 ==> Epoch[11](100/610): Loss: 0.3165
2020-02-05 02:39:01,582 Allocated:121.40869140625 MB
2020-02-05 02:39:01,583 Cached:7278.25 MB
2020-02-05 02:41:08,406 ==> Epoch[11](150/610): Loss: 0.3161
2020-02-05 02:41:08,408 Allocated:121.40869140625 MB
2020-02-05 02:41:08,408 Cached:7278.25 MB
2020-02-05 02:43:04,123 ==> Epoch[11](200/610): Loss: 0.3141
2020-02-05 02:43:04,125 Allocated:121.40869140625 MB
2020-02-05 02:43:04,125 Cached:7278.25 MB
2020-02-05 02:43:13,437 ====> Building Cache
2020-02-05 02:43:13,438 feature cache--->>> /home/annora/NetVLAD/output/train_feat_cache2.hdf5
2020-02-05 02:43:43,225 Allocated:122.658203125 MB
2020-02-05 02:43:43,226 Cached:3387.25 MB
2020-02-05 02:46:07,105 ==> Epoch[11](250/610): Loss: 0.3136
2020-02-05 02:46:07,111 Allocated:121.15869140625 MB
2020-02-05 02:46:07,112 Cached:7278.25 MB
2020-02-05 02:48:03,654 ==> Epoch[11](300/610): Loss: 0.3163
2020-02-05 02:48:03,656 Allocated:121.90869140625 MB
2020-02-05 02:48:03,656 Cached:7278.25 MB
2020-02-05 02:50:01,787 ==> Epoch[11](350/610): Loss: 0.3120
2020-02-05 02:50:01,789 Allocated:121.90869140625 MB
2020-02-05 02:50:01,789 Cached:7278.25 MB
2020-02-05 02:51:57,970 ==> Epoch[11](400/610): Loss: 0.3147
2020-02-05 02:51:57,972 Allocated:121.15869140625 MB
2020-02-05 02:51:57,972 Cached:7278.25 MB
2020-02-05 02:52:15,388 ====> Building Cache
2020-02-05 02:52:15,389 feature cache--->>> /home/annora/NetVLAD/output/train_feat_cache2.hdf5
2020-02-05 02:52:45,451 Allocated:121.658203125 MB
2020-02-05 02:52:45,452 Cached:3387.25 MB
2020-02-05 02:54:59,705 ==> Epoch[11](450/610): Loss: 0.3134
2020-02-05 02:54:59,708 Allocated:121.40869140625 MB
2020-02-05 02:54:59,708 Cached:7278.25 MB
2020-02-05 02:56:59,365 ==> Epoch[11](500/610): Loss: 0.3180
2020-02-05 02:56:59,367 Allocated:121.40869140625 MB
2020-02-05 02:56:59,368 Cached:7278.25 MB
2020-02-05 02:58:57,502 ==> Epoch[11](550/610): Loss: 0.3155
2020-02-05 02:58:57,504 Allocated:121.40869140625 MB
2020-02-05 02:58:57,504 Cached:7278.25 MB
2020-02-05 03:00:53,578 ==> Epoch[11](600/610): Loss: 0.3137
2020-02-05 03:00:53,579 Allocated:121.40869140625 MB
2020-02-05 03:00:53,580 Cached:7278.25 MB
2020-02-05 03:01:18,732 ===> Epoch 11 Complete: Avg. Loss: 0.3168
2020-02-05 03:01:18,734 ====> Extracting Features
2020-02-05 03:01:35,232 ==> Batch (50/184)
2020-02-05 03:01:41,297 ==> Batch (100/184)
2020-02-05 03:01:47,339 ==> Batch (150/184)
2020-02-05 03:01:53,266 ====> Building faiss index
2020-02-05 03:01:53,989 ====> Calculating recall @ N
2020-02-05 03:02:10,873 ====> Recall@1: 0.0896
2020-02-05 03:02:10,874 ====> Recall@2: 0.1312
2020-02-05 03:02:10,874 ====> Recall@3: 0.1592
2020-02-05 03:02:10,875 ====> Recall@4: 0.1819
2020-02-05 03:02:10,875 ====> Recall@5: 0.2044
2020-02-05 03:02:10,875 ====> Recall@10: 0.2925
2020-02-05 03:02:10,875 ====> Recall@15: 0.3546
2020-02-05 03:02:10,876 ====> Recall@20: 0.4058
2020-02-05 03:02:10,876 ====> Recall@25: 0.4504
2020-02-05 03:02:11,356 ====> Building Cache
2020-02-05 03:02:11,357 feature cache--->>> /home/annora/NetVLAD/output/train_feat_cache2.hdf5
2020-02-05 03:02:43,776 Allocated:120.65869140625 MB
2020-02-05 03:02:43,777 Cached:3387.25 MB
2020-02-05 03:05:17,521 ==> Epoch[12](50/610): Loss: 0.3172
2020-02-05 03:05:17,523 Allocated:121.90869140625 MB
2020-02-05 03:05:17,523 Cached:7278.25 MB
2020-02-05 03:07:14,846 ==> Epoch[12](100/610): Loss: 0.3167
2020-02-05 03:07:14,848 Allocated:121.15869140625 MB
2020-02-05 03:07:14,848 Cached:7278.25 MB
2020-02-05 03:09:13,182 ==> Epoch[12](150/610): Loss: 0.3175
2020-02-05 03:09:13,184 Allocated:121.90869140625 MB
2020-02-05 03:09:13,184 Cached:7278.25 MB
2020-02-05 03:11:08,160 ==> Epoch[12](200/610): Loss: 0.3160
2020-02-05 03:11:08,162 Allocated:121.90869140625 MB
2020-02-05 03:11:08,162 Cached:7278.25 MB
2020-02-05 03:11:16,980 ====> Building Cache
2020-02-05 03:11:16,981 feature cache--->>> /home/annora/NetVLAD/output/train_feat_cache2.hdf5
2020-02-05 03:11:46,686 Allocated:121.658203125 MB
2020-02-05 03:11:46,686 Cached:3387.25 MB
2020-02-05 03:14:08,390 ==> Epoch[12](250/610): Loss: 0.3160
2020-02-05 03:14:08,391 Allocated:121.40869140625 MB
2020-02-05 03:14:08,392 Cached:7278.25 MB
2020-02-05 03:16:05,835 ==> Epoch[12](300/610): Loss: 0.3159
2020-02-05 03:16:05,837 Allocated:121.40869140625 MB
2020-02-05 03:16:05,837 Cached:7278.25 MB
2020-02-05 03:18:02,911 ==> Epoch[12](350/610): Loss: 0.3156
2020-02-05 03:18:02,913 Allocated:121.40869140625 MB
2020-02-05 03:18:02,913 Cached:7278.25 MB
2020-02-05 03:20:01,178 ==> Epoch[12](400/610): Loss: 0.3149
2020-02-05 03:20:01,179 Allocated:121.40869140625 MB
2020-02-05 03:20:01,180 Cached:7278.25 MB
2020-02-05 03:20:18,395 ====> Building Cache
2020-02-05 03:20:18,397 feature cache--->>> /home/annora/NetVLAD/output/train_feat_cache2.hdf5
2020-02-05 03:20:47,980 Allocated:122.658203125 MB
2020-02-05 03:20:47,980 Cached:3387.25 MB
2020-02-05 03:23:06,355 ==> Epoch[12](450/610): Loss: 0.3156
2020-02-05 03:23:06,357 Allocated:121.90869140625 MB
2020-02-05 03:23:06,357 Cached:7278.25 MB
2020-02-05 03:25:01,530 ==> Epoch[12](500/610): Loss: 0.3166
2020-02-05 03:25:01,531 Allocated:121.90869140625 MB
2020-02-05 03:25:01,532 Cached:7278.25 MB
2020-02-05 03:26:59,629 ==> Epoch[12](550/610): Loss: 0.3174
2020-02-05 03:26:59,631 Allocated:121.15869140625 MB
2020-02-05 03:26:59,631 Cached:7278.25 MB
2020-02-05 03:28:55,833 ==> Epoch[12](600/610): Loss: 0.3160
2020-02-05 03:28:55,835 Allocated:121.90869140625 MB
2020-02-05 03:28:55,835 Cached:7278.25 MB
2020-02-05 03:29:21,640 ===> Epoch 12 Complete: Avg. Loss: 0.3168
2020-02-05 03:29:21,642 ====> Extracting Features
2020-02-05 03:29:38,098 ==> Batch (50/184)
2020-02-05 03:29:43,772 ==> Batch (100/184)
2020-02-05 03:29:49,535 ==> Batch (150/184)
2020-02-05 03:29:55,014 ====> Building faiss index
2020-02-05 03:29:55,498 ====> Calculating recall @ N
2020-02-05 03:30:11,688 ====> Recall@1: 0.1153
2020-02-05 03:30:11,688 ====> Recall@2: 0.1522
2020-02-05 03:30:11,689 ====> Recall@3: 0.1836
2020-02-05 03:30:11,689 ====> Recall@4: 0.2082
2020-02-05 03:30:11,690 ====> Recall@5: 0.2323
2020-02-05 03:30:11,690 ====> Recall@10: 0.3177
2020-02-05 03:30:11,690 ====> Recall@15: 0.3779
2020-02-05 03:30:11,690 ====> Recall@20: 0.4260
2020-02-05 03:30:11,691 ====> Recall@25: 0.4687
2020-02-05 03:30:12,513 ====> Building Cache
2020-02-05 03:30:12,513 feature cache--->>> /home/annora/NetVLAD/output/train_feat_cache2.hdf5
2020-02-05 03:30:42,197 Allocated:119.65869140625 MB
2020-02-05 03:30:42,197 Cached:3387.25 MB
2020-02-05 03:33:13,231 ==> Epoch[13](50/610): Loss: 0.3159
2020-02-05 03:33:13,233 Allocated:121.40869140625 MB
2020-02-05 03:33:13,233 Cached:7278.25 MB
2020-02-05 03:35:12,865 ==> Epoch[13](100/610): Loss: 0.3161
2020-02-05 03:35:12,866 Allocated:121.40869140625 MB
2020-02-05 03:35:12,867 Cached:7278.25 MB
2020-02-05 03:37:09,710 ==> Epoch[13](150/610): Loss: 0.3166
2020-02-05 03:37:09,712 Allocated:121.40869140625 MB
2020-02-05 03:37:09,712 Cached:7278.25 MB
2020-02-05 03:39:06,111 ==> Epoch[13](200/610): Loss: 0.3165
2020-02-05 03:39:06,113 Allocated:121.40869140625 MB
2020-02-05 03:39:06,113 Cached:7278.25 MB
2020-02-05 03:39:14,850 ====> Building Cache
2020-02-05 03:39:14,851 feature cache--->>> /home/annora/NetVLAD/output/train_feat_cache2.hdf5
2020-02-05 03:39:44,414 Allocated:122.658203125 MB
2020-02-05 03:39:44,414 Cached:3387.25 MB
2020-02-05 03:42:08,727 ==> Epoch[13](250/610): Loss: 0.3156
2020-02-05 03:42:08,729 Allocated:121.15869140625 MB
2020-02-05 03:42:08,729 Cached:7278.25 MB
2020-02-05 03:44:06,722 ==> Epoch[13](300/610): Loss: 0.3173
2020-02-05 03:44:06,725 Allocated:121.90869140625 MB
2020-02-05 03:44:06,725 Cached:7278.25 MB
2020-02-05 03:46:04,598 ==> Epoch[13](350/610): Loss: 0.3132
2020-02-05 03:46:04,600 Allocated:121.90869140625 MB
2020-02-05 03:46:04,600 Cached:7278.25 MB
2020-02-05 03:47:57,681 ==> Epoch[13](400/610): Loss: 0.3160
2020-02-05 03:47:57,683 Allocated:121.15869140625 MB
2020-02-05 03:47:57,684 Cached:7278.25 MB
2020-02-05 03:48:16,160 ====> Building Cache
2020-02-05 03:48:16,161 feature cache--->>> /home/annora/NetVLAD/output/train_feat_cache2.hdf5
2020-02-05 03:48:48,751 Allocated:121.658203125 MB
2020-02-05 03:48:48,751 Cached:3387.25 MB
2020-02-05 03:51:02,535 ==> Epoch[13](450/610): Loss: 0.3186
2020-02-05 03:51:02,537 Allocated:121.40869140625 MB
2020-02-05 03:51:02,537 Cached:7278.25 MB
2020-02-05 03:52:57,492 ==> Epoch[13](500/610): Loss: 0.3145
2020-02-05 03:52:57,494 Allocated:121.40869140625 MB
2020-02-05 03:52:57,494 Cached:7278.25 MB
2020-02-05 03:54:51,636 ==> Epoch[13](550/610): Loss: 0.3154
2020-02-05 03:54:51,638 Allocated:121.40869140625 MB
2020-02-05 03:54:51,638 Cached:7278.25 MB
2020-02-05 03:56:55,772 ==> Epoch[13](600/610): Loss: 0.3166
2020-02-05 03:56:55,774 Allocated:121.40869140625 MB
2020-02-05 03:56:55,774 Cached:7278.25 MB
2020-02-05 03:57:22,287 ===> Epoch 13 Complete: Avg. Loss: 0.3168
2020-02-05 03:57:22,289 ====> Extracting Features
2020-02-05 03:57:38,345 ==> Batch (50/184)
2020-02-05 03:57:44,139 ==> Batch (100/184)
2020-02-05 03:57:49,693 ==> Batch (150/184)
2020-02-05 03:57:55,135 ====> Building faiss index
2020-02-05 03:57:55,828 ====> Calculating recall @ N
2020-02-05 03:58:09,473 ====> Recall@1: 0.1090
2020-02-05 03:58:09,474 ====> Recall@2: 0.1514
2020-02-05 03:58:09,475 ====> Recall@3: 0.1815
2020-02-05 03:58:09,476 ====> Recall@4: 0.2094
2020-02-05 03:58:09,476 ====> Recall@5: 0.2319
2020-02-05 03:58:09,476 ====> Recall@10: 0.3156
2020-02-05 03:58:09,477 ====> Recall@15: 0.3797
2020-02-05 03:58:09,477 ====> Recall@20: 0.4303
2020-02-05 03:58:09,477 ====> Recall@25: 0.4725
2020-02-05 03:58:09,944 ====> Building Cache
2020-02-05 03:58:09,944 feature cache--->>> /home/annora/NetVLAD/output/train_feat_cache2.hdf5
2020-02-05 03:58:39,352 Allocated:120.65869140625 MB
2020-02-05 03:58:39,353 Cached:3387.25 MB
2020-02-05 04:01:20,821 ==> Epoch[14](50/610): Loss: 0.3170
2020-02-05 04:01:20,848 Allocated:121.90869140625 MB
2020-02-05 04:01:20,848 Cached:7278.25 MB
2020-02-05 04:03:28,787 ==> Epoch[14](100/610): Loss: 0.3175
2020-02-05 04:03:28,789 Allocated:121.15869140625 MB
2020-02-05 04:03:28,790 Cached:7278.25 MB
2020-02-05 04:05:23,536 ==> Epoch[14](150/610): Loss: 0.3145
2020-02-05 04:05:23,537 Allocated:121.90869140625 MB
2020-02-05 04:05:23,538 Cached:7278.25 MB
2020-02-05 04:07:17,720 ==> Epoch[14](200/610): Loss: 0.3145
2020-02-05 04:07:17,723 Allocated:121.90869140625 MB
2020-02-05 04:07:17,723 Cached:7278.25 MB
2020-02-05 04:07:27,680 ====> Building Cache
2020-02-05 04:07:27,681 feature cache--->>> /home/annora/NetVLAD/output/train_feat_cache2.hdf5
2020-02-05 04:07:59,819 Allocated:121.658203125 MB
2020-02-05 04:07:59,820 Cached:3387.25 MB
2020-02-05 04:10:30,326 ==> Epoch[14](250/610): Loss: 0.3152
2020-02-05 04:10:30,328 Allocated:121.40869140625 MB
2020-02-05 04:10:30,329 Cached:7278.25 MB
2020-02-05 04:12:27,959 ==> Epoch[14](300/610): Loss: 0.3172
2020-02-05 04:12:27,960 Allocated:121.40869140625 MB
2020-02-05 04:12:27,960 Cached:7278.25 MB
2020-02-05 04:14:31,468 ==> Epoch[14](350/610): Loss: 0.3125
2020-02-05 04:14:31,470 Allocated:121.40869140625 MB
2020-02-05 04:14:31,471 Cached:7278.25 MB
2020-02-05 04:16:23,035 ==> Epoch[14](400/610): Loss: 0.3161
2020-02-05 04:16:23,037 Allocated:121.40869140625 MB
2020-02-05 04:16:23,037 Cached:7278.25 MB
2020-02-05 04:16:40,083 ====> Building Cache
2020-02-05 04:16:40,084 feature cache--->>> /home/annora/NetVLAD/output/train_feat_cache2.hdf5
2020-02-05 04:17:12,467 Allocated:122.658203125 MB
2020-02-05 04:17:12,467 Cached:3387.25 MB
2020-02-05 04:19:27,033 ==> Epoch[14](450/610): Loss: 0.3172
2020-02-05 04:19:27,035 Allocated:121.90869140625 MB
2020-02-05 04:19:27,035 Cached:7278.25 MB
2020-02-05 04:21:24,477 ==> Epoch[14](500/610): Loss: 0.3181
2020-02-05 04:21:24,479 Allocated:121.90869140625 MB
2020-02-05 04:21:24,479 Cached:7278.25 MB
2020-02-05 04:23:20,044 ==> Epoch[14](550/610): Loss: 0.3169
2020-02-05 04:23:20,046 Allocated:121.15869140625 MB
2020-02-05 04:23:20,046 Cached:7278.25 MB
2020-02-05 04:25:15,586 ==> Epoch[14](600/610): Loss: 0.3165
2020-02-05 04:25:15,587 Allocated:121.90869140625 MB
2020-02-05 04:25:15,588 Cached:7278.25 MB
2020-02-05 04:25:43,027 ===> Epoch 14 Complete: Avg. Loss: 0.3168
2020-02-05 04:25:43,028 ====> Extracting Features
2020-02-05 04:26:01,303 ==> Batch (50/184)
2020-02-05 04:26:07,515 ==> Batch (100/184)
2020-02-05 04:26:13,083 ==> Batch (150/184)
2020-02-05 04:26:18,870 ====> Building faiss index
2020-02-05 04:26:19,361 ====> Calculating recall @ N
2020-02-05 04:26:30,139 ====> Recall@1: 0.1025
2020-02-05 04:26:30,140 ====> Recall@2: 0.1443
2020-02-05 04:26:30,141 ====> Recall@3: 0.1767
2020-02-05 04:26:30,141 ====> Recall@4: 0.2028
2020-02-05 04:26:30,142 ====> Recall@5: 0.2249
2020-02-05 04:26:30,142 ====> Recall@10: 0.3052
2020-02-05 04:26:30,142 ====> Recall@15: 0.3630
2020-02-05 04:26:30,142 ====> Recall@20: 0.4134
2020-02-05 04:26:30,143 ====> Recall@25: 0.4543
2020-02-05 04:26:30,607 ====> Building Cache
2020-02-05 04:26:30,608 feature cache--->>> /home/annora/NetVLAD/output/train_feat_cache2.hdf5
2020-02-05 04:27:01,932 Allocated:119.65869140625 MB
2020-02-05 04:27:01,933 Cached:3387.25 MB
2020-02-05 04:29:38,710 ==> Epoch[15](50/610): Loss: 0.3181
2020-02-05 04:29:38,712 Allocated:121.40869140625 MB
2020-02-05 04:29:38,712 Cached:7278.25 MB
2020-02-05 04:31:33,086 ==> Epoch[15](100/610): Loss: 0.3160
2020-02-05 04:31:33,088 Allocated:121.40869140625 MB
2020-02-05 04:31:33,088 Cached:7278.25 MB
2020-02-05 04:33:29,791 ==> Epoch[15](150/610): Loss: 0.3153
2020-02-05 04:33:29,792 Allocated:121.40869140625 MB
2020-02-05 04:33:29,792 Cached:7278.25 MB
2020-02-05 04:35:25,329 ==> Epoch[15](200/610): Loss: 0.3162
2020-02-05 04:35:25,331 Allocated:121.40869140625 MB
2020-02-05 04:35:25,331 Cached:7278.25 MB
2020-02-05 04:35:34,041 ====> Building Cache
2020-02-05 04:35:34,041 feature cache--->>> /home/annora/NetVLAD/output/train_feat_cache2.hdf5
2020-02-05 04:36:03,415 Allocated:122.658203125 MB
2020-02-05 04:36:03,416 Cached:3387.25 MB
2020-02-05 04:38:28,861 ==> Epoch[15](250/610): Loss: 0.3158
2020-02-05 04:38:28,863 Allocated:121.15869140625 MB
2020-02-05 04:38:28,863 Cached:7278.25 MB
2020-02-05 04:40:24,188 ==> Epoch[15](300/610): Loss: 0.3132
2020-02-05 04:40:24,189 Allocated:121.90869140625 MB
2020-02-05 04:40:24,190 Cached:7278.25 MB
2020-02-05 04:42:22,907 ==> Epoch[15](350/610): Loss: 0.3144
2020-02-05 04:42:22,909 Allocated:121.90869140625 MB
2020-02-05 04:42:22,909 Cached:7278.25 MB
2020-02-05 04:44:17,135 ==> Epoch[15](400/610): Loss: 0.3142
2020-02-05 04:44:17,136 Allocated:121.15869140625 MB
2020-02-05 04:44:17,137 Cached:7278.25 MB
2020-02-05 04:44:34,348 ====> Building Cache
2020-02-05 04:44:34,349 feature cache--->>> /home/annora/NetVLAD/output/train_feat_cache2.hdf5
2020-02-05 04:45:04,068 Allocated:121.658203125 MB
2020-02-05 04:45:04,068 Cached:3387.25 MB
2020-02-05 04:47:18,291 ==> Epoch[15](450/610): Loss: 0.3175
2020-02-05 04:47:18,293 Allocated:121.40869140625 MB
2020-02-05 04:47:18,294 Cached:7278.25 MB
2020-02-05 04:49:19,490 ==> Epoch[15](500/610): Loss: 0.3171
2020-02-05 04:49:19,492 Allocated:121.40869140625 MB
2020-02-05 04:49:19,492 Cached:7278.25 MB
2020-02-05 04:51:12,359 ==> Epoch[15](550/610): Loss: 0.3141
2020-02-05 04:51:12,361 Allocated:121.40869140625 MB
2020-02-05 04:51:12,362 Cached:7278.25 MB
2020-02-05 04:53:07,715 ==> Epoch[15](600/610): Loss: 0.3163
2020-02-05 04:53:07,717 Allocated:121.40869140625 MB
2020-02-05 04:53:07,717 Cached:7278.25 MB
2020-02-05 04:53:34,574 ===> Epoch 15 Complete: Avg. Loss: 0.3170
2020-02-05 04:53:34,576 ====> Extracting Features
2020-02-05 04:53:51,980 ==> Batch (50/184)
2020-02-05 04:53:58,931 ==> Batch (100/184)
2020-02-05 04:54:04,877 ==> Batch (150/184)
2020-02-05 04:54:10,365 ====> Building faiss index
2020-02-05 04:54:10,875 ====> Calculating recall @ N
2020-02-05 04:54:21,870 ====> Recall@1: 0.0970
2020-02-05 04:54:21,871 ====> Recall@2: 0.1370
2020-02-05 04:54:21,871 ====> Recall@3: 0.1651
2020-02-05 04:54:21,872 ====> Recall@4: 0.1920
2020-02-05 04:54:21,872 ====> Recall@5: 0.2148
2020-02-05 04:54:21,872 ====> Recall@10: 0.3003
2020-02-05 04:54:21,872 ====> Recall@15: 0.3615
2020-02-05 04:54:21,872 ====> Recall@20: 0.4147
2020-02-05 04:54:21,873 ====> Recall@25: 0.4603
2020-02-05 04:54:22,357 ====> Building Cache
2020-02-05 04:54:22,358 feature cache--->>> /home/annora/NetVLAD/output/train_feat_cache2.hdf5
2020-02-05 04:54:51,825 Allocated:120.65869140625 MB
2020-02-05 04:54:51,826 Cached:3387.25 MB
2020-02-05 04:57:26,461 ==> Epoch[16](50/610): Loss: 0.3173
2020-02-05 04:57:26,463 Allocated:121.90869140625 MB
2020-02-05 04:57:26,463 Cached:7278.25 MB
2020-02-05 04:59:21,350 ==> Epoch[16](100/610): Loss: 0.3165
2020-02-05 04:59:21,352 Allocated:121.15869140625 MB
2020-02-05 04:59:21,352 Cached:7278.25 MB
2020-02-05 05:01:19,814 ==> Epoch[16](150/610): Loss: 0.3154
2020-02-05 05:01:19,815 Allocated:121.90869140625 MB
2020-02-05 05:01:19,816 Cached:7278.25 MB
2020-02-05 05:03:12,696 ==> Epoch[16](200/610): Loss: 0.3155
2020-02-05 05:03:12,698 Allocated:121.90869140625 MB
2020-02-05 05:03:12,698 Cached:7278.25 MB
2020-02-05 05:03:21,429 ====> Building Cache
2020-02-05 05:03:21,430 feature cache--->>> /home/annora/NetVLAD/output/train_feat_cache2.hdf5
2020-02-05 05:03:51,094 Allocated:121.658203125 MB
2020-02-05 05:03:51,094 Cached:3387.25 MB
2020-02-05 05:06:16,065 ==> Epoch[16](250/610): Loss: 0.3153
2020-02-05 05:06:16,066 Allocated:121.40869140625 MB
2020-02-05 05:06:16,066 Cached:7278.25 MB
2020-02-05 05:08:13,673 ==> Epoch[16](300/610): Loss: 0.3152
2020-02-05 05:08:13,675 Allocated:121.40869140625 MB
2020-02-05 05:08:13,675 Cached:7278.25 MB
2020-02-05 05:10:11,068 ==> Epoch[16](350/610): Loss: 0.3131
2020-02-05 05:10:11,070 Allocated:121.40869140625 MB
2020-02-05 05:10:11,070 Cached:7278.25 MB
2020-02-05 05:12:09,475 ==> Epoch[16](400/610): Loss: 0.3170
2020-02-05 05:12:09,476 Allocated:121.40869140625 MB
2020-02-05 05:12:09,476 Cached:7278.25 MB
2020-02-05 05:12:27,881 ====> Building Cache
2020-02-05 05:12:27,883 feature cache--->>> /home/annora/NetVLAD/output/train_feat_cache2.hdf5
2020-02-05 05:12:59,920 Allocated:122.658203125 MB
2020-02-05 05:12:59,920 Cached:3387.25 MB
2020-02-05 05:15:20,625 ==> Epoch[16](450/610): Loss: 0.3162
2020-02-05 05:15:20,627 Allocated:121.90869140625 MB
2020-02-05 05:15:20,627 Cached:7278.25 MB
2020-02-05 05:17:22,948 ==> Epoch[16](500/610): Loss: 0.3159
2020-02-05 05:17:22,952 Allocated:121.90869140625 MB
2020-02-05 05:17:22,953 Cached:7278.25 MB
2020-02-05 05:19:27,696 ==> Epoch[16](550/610): Loss: 0.3169
2020-02-05 05:19:27,698 Allocated:121.15869140625 MB
2020-02-05 05:19:27,698 Cached:7278.25 MB
2020-02-05 05:21:26,713 ==> Epoch[16](600/610): Loss: 0.3149
2020-02-05 05:21:26,715 Allocated:121.90869140625 MB
2020-02-05 05:21:26,715 Cached:7278.25 MB
2020-02-05 05:21:53,539 ===> Epoch 16 Complete: Avg. Loss: 0.3168
2020-02-05 05:21:53,540 ====> Extracting Features
2020-02-05 05:22:09,394 ==> Batch (50/184)
2020-02-05 05:22:15,122 ==> Batch (100/184)
2020-02-05 05:22:20,887 ==> Batch (150/184)
2020-02-05 05:22:26,377 ====> Building faiss index
2020-02-05 05:22:26,884 ====> Calculating recall @ N
2020-02-05 05:22:37,474 ====> Recall@1: 0.1079
2020-02-05 05:22:37,475 ====> Recall@2: 0.1522
2020-02-05 05:22:37,475 ====> Recall@3: 0.1801
2020-02-05 05:22:37,476 ====> Recall@4: 0.2079
2020-02-05 05:22:37,476 ====> Recall@5: 0.2282
2020-02-05 05:22:37,476 ====> Recall@10: 0.3128
2020-02-05 05:22:37,476 ====> Recall@15: 0.3743
2020-02-05 05:22:37,477 ====> Recall@20: 0.4230
2020-02-05 05:22:37,477 ====> Recall@25: 0.4604
2020-02-05 05:22:37,945 ====> Building Cache
2020-02-05 05:22:37,946 feature cache--->>> /home/annora/NetVLAD/output/train_feat_cache2.hdf5
2020-02-05 05:23:07,254 Allocated:119.65869140625 MB
2020-02-05 05:23:07,255 Cached:3387.25 MB
2020-02-05 05:25:39,208 ==> Epoch[17](50/610): Loss: 0.3176
2020-02-05 05:25:39,210 Allocated:121.40869140625 MB
2020-02-05 05:25:39,210 Cached:7278.25 MB
2020-02-05 05:27:36,234 ==> Epoch[17](100/610): Loss: 0.3167
2020-02-05 05:27:36,236 Allocated:121.40869140625 MB
2020-02-05 05:27:36,236 Cached:7278.25 MB
2020-02-05 05:29:32,578 ==> Epoch[17](150/610): Loss: 0.3173
2020-02-05 05:29:32,580 Allocated:121.40869140625 MB
2020-02-05 05:29:32,580 Cached:7278.25 MB
2020-02-05 05:31:28,000 ==> Epoch[17](200/610): Loss: 0.3162
2020-02-05 05:31:28,002 Allocated:121.40869140625 MB
2020-02-05 05:31:28,002 Cached:7278.25 MB
2020-02-05 05:31:36,796 ====> Building Cache
2020-02-05 05:31:36,797 feature cache--->>> /home/annora/NetVLAD/output/train_feat_cache2.hdf5
2020-02-05 05:32:08,345 Allocated:122.658203125 MB
2020-02-05 05:32:08,346 Cached:3387.25 MB
2020-02-05 05:34:34,095 ==> Epoch[17](250/610): Loss: 0.3142
2020-02-05 05:34:34,097 Allocated:121.15869140625 MB
2020-02-05 05:34:34,097 Cached:7278.25 MB
2020-02-05 05:36:29,022 ==> Epoch[17](300/610): Loss: 0.3147
2020-02-05 05:36:29,024 Allocated:121.90869140625 MB
2020-02-05 05:36:29,024 Cached:7278.25 MB
2020-02-05 05:38:22,693 ==> Epoch[17](350/610): Loss: 0.3149
2020-02-05 05:38:22,695 Allocated:121.90869140625 MB
2020-02-05 05:38:22,695 Cached:7278.25 MB
2020-02-05 05:40:18,483 ==> Epoch[17](400/610): Loss: 0.3170
2020-02-05 05:40:18,485 Allocated:121.15869140625 MB
2020-02-05 05:40:18,485 Cached:7278.25 MB
2020-02-05 05:40:35,727 ====> Building Cache
2020-02-05 05:40:35,727 feature cache--->>> /home/annora/NetVLAD/output/train_feat_cache2.hdf5
2020-02-05 05:41:05,343 Allocated:121.658203125 MB
2020-02-05 05:41:05,344 Cached:3387.25 MB
2020-02-05 05:43:16,228 ==> Epoch[17](450/610): Loss: 0.3179
2020-02-05 05:43:16,229 Allocated:121.40869140625 MB
2020-02-05 05:43:16,230 Cached:7278.25 MB
2020-02-05 05:45:12,791 ==> Epoch[17](500/610): Loss: 0.3143
2020-02-05 05:45:12,793 Allocated:121.40869140625 MB
2020-02-05 05:45:12,793 Cached:7278.25 MB
2020-02-05 05:47:15,051 ==> Epoch[17](550/610): Loss: 0.3161
2020-02-05 05:47:15,052 Allocated:121.40869140625 MB
2020-02-05 05:47:15,053 Cached:7278.25 MB
2020-02-05 05:49:13,074 ==> Epoch[17](600/610): Loss: 0.3167
2020-02-05 05:49:13,076 Allocated:121.40869140625 MB
2020-02-05 05:49:13,076 Cached:7278.25 MB
2020-02-05 05:49:38,145 ===> Epoch 17 Complete: Avg. Loss: 0.3170
2020-02-05 05:49:38,147 ====> Extracting Features
2020-02-05 05:49:54,345 ==> Batch (50/184)
2020-02-05 05:50:00,117 ==> Batch (100/184)
2020-02-05 05:50:05,649 ==> Batch (150/184)
2020-02-05 05:50:11,176 ====> Building faiss index
2020-02-05 05:50:11,674 ====> Calculating recall @ N
2020-02-05 05:50:22,290 ====> Recall@1: 0.0936
2020-02-05 05:50:22,290 ====> Recall@2: 0.1320
2020-02-05 05:50:22,291 ====> Recall@3: 0.1596
2020-02-05 05:50:22,291 ====> Recall@4: 0.1838
2020-02-05 05:50:22,292 ====> Recall@5: 0.2075
2020-02-05 05:50:22,292 ====> Recall@10: 0.2890
2020-02-05 05:50:22,292 ====> Recall@15: 0.3549
2020-02-05 05:50:22,292 ====> Recall@20: 0.4084
2020-02-05 05:50:22,292 ====> Recall@25: 0.4524
2020-02-05 05:50:22,785 ====> Building Cache
2020-02-05 05:50:22,786 feature cache--->>> /home/annora/NetVLAD/output/train_feat_cache2.hdf5
2020-02-05 05:50:52,301 Allocated:120.65869140625 MB
2020-02-05 05:50:52,301 Cached:3387.25 MB
2020-02-05 05:53:26,441 ==> Epoch[18](50/610): Loss: 0.3162
2020-02-05 05:53:26,443 Allocated:121.90869140625 MB
2020-02-05 05:53:26,443 Cached:7278.25 MB
2020-02-05 05:55:19,549 ==> Epoch[18](100/610): Loss: 0.3163
2020-02-05 05:55:19,551 Allocated:121.15869140625 MB
2020-02-05 05:55:19,551 Cached:7278.25 MB
2020-02-05 05:57:12,611 ==> Epoch[18](150/610): Loss: 0.3170
2020-02-05 05:57:12,612 Allocated:121.90869140625 MB
2020-02-05 05:57:12,613 Cached:7278.25 MB
2020-02-05 05:59:09,674 ==> Epoch[18](200/610): Loss: 0.3153
2020-02-05 05:59:09,675 Allocated:121.90869140625 MB
2020-02-05 05:59:09,675 Cached:7278.25 MB
2020-02-05 05:59:18,844 ====> Building Cache
2020-02-05 05:59:18,844 feature cache--->>> /home/annora/NetVLAD/output/train_feat_cache2.hdf5
2020-02-05 05:59:48,903 Allocated:121.658203125 MB
2020-02-05 05:59:48,904 Cached:3387.25 MB
2020-02-05 06:02:19,068 ==> Epoch[18](250/610): Loss: 0.3153
2020-02-05 06:02:19,070 Allocated:121.40869140625 MB
2020-02-05 06:02:19,070 Cached:7278.25 MB
2020-02-05 06:04:13,929 ==> Epoch[18](300/610): Loss: 0.3150
2020-02-05 06:04:13,930 Allocated:121.40869140625 MB
2020-02-05 06:04:13,931 Cached:7278.25 MB
2020-02-05 06:06:09,534 ==> Epoch[18](350/610): Loss: 0.3146
2020-02-05 06:06:09,535 Allocated:121.40869140625 MB
2020-02-05 06:06:09,536 Cached:7278.25 MB
2020-02-05 06:08:01,742 ==> Epoch[18](400/610): Loss: 0.3156
2020-02-05 06:08:01,743 Allocated:121.40869140625 MB
2020-02-05 06:08:01,744 Cached:7278.25 MB
2020-02-05 06:08:18,864 ====> Building Cache
2020-02-05 06:08:18,865 feature cache--->>> /home/annora/NetVLAD/output/train_feat_cache2.hdf5
2020-02-05 06:08:48,451 Allocated:122.658203125 MB
2020-02-05 06:08:48,451 Cached:3387.25 MB
2020-02-05 06:11:03,113 ==> Epoch[18](450/610): Loss: 0.3163
2020-02-05 06:11:03,114 Allocated:121.90869140625 MB
2020-02-05 06:11:03,115 Cached:7278.25 MB
2020-02-05 06:12:59,939 ==> Epoch[18](500/610): Loss: 0.3152
2020-02-05 06:12:59,940 Allocated:121.90869140625 MB
2020-02-05 06:12:59,940 Cached:7278.25 MB
2020-02-05 06:14:55,579 ==> Epoch[18](550/610): Loss: 0.3167
2020-02-05 06:14:55,581 Allocated:121.15869140625 MB
2020-02-05 06:14:55,581 Cached:7278.25 MB
2020-02-05 06:16:48,486 ==> Epoch[18](600/610): Loss: 0.3166
2020-02-05 06:16:48,488 Allocated:121.90869140625 MB
2020-02-05 06:16:48,488 Cached:7278.25 MB
2020-02-05 06:17:14,095 ===> Epoch 18 Complete: Avg. Loss: 0.3169
2020-02-05 06:17:14,097 ====> Extracting Features
2020-02-05 06:17:30,120 ==> Batch (50/184)
2020-02-05 06:17:36,036 ==> Batch (100/184)
2020-02-05 06:17:41,674 ==> Batch (150/184)
2020-02-05 06:17:47,075 ====> Building faiss index
2020-02-05 06:17:47,557 ====> Calculating recall @ N
2020-02-05 06:17:58,284 ====> Recall@1: 0.1075
2020-02-05 06:17:58,285 ====> Recall@2: 0.1487
2020-02-05 06:17:58,286 ====> Recall@3: 0.1831
2020-02-05 06:17:58,286 ====> Recall@4: 0.2106
2020-02-05 06:17:58,286 ====> Recall@5: 0.2305
2020-02-05 06:17:58,286 ====> Recall@10: 0.3114
2020-02-05 06:17:58,286 ====> Recall@15: 0.3762
2020-02-05 06:17:58,287 ====> Recall@20: 0.4227
2020-02-05 06:17:58,287 ====> Recall@25: 0.4635
2020-02-05 06:17:58,757 ====> Building Cache
2020-02-05 06:17:58,758 feature cache--->>> /home/annora/NetVLAD/output/train_feat_cache2.hdf5
2020-02-05 06:18:29,806 Allocated:119.65869140625 MB
2020-02-05 06:18:29,806 Cached:3387.25 MB
2020-02-05 06:21:14,268 ==> Epoch[19](50/610): Loss: 0.3156
2020-02-05 06:21:14,270 Allocated:121.40869140625 MB
2020-02-05 06:21:14,270 Cached:7278.25 MB
2020-02-05 06:23:14,842 ==> Epoch[19](100/610): Loss: 0.3156
2020-02-05 06:23:14,845 Allocated:121.40869140625 MB
2020-02-05 06:23:14,845 Cached:7278.25 MB
2020-02-05 06:25:14,844 ==> Epoch[19](150/610): Loss: 0.3160
2020-02-05 06:25:14,845 Allocated:121.40869140625 MB
2020-02-05 06:25:14,846 Cached:7278.25 MB
2020-02-05 06:27:13,991 ==> Epoch[19](200/610): Loss: 0.3150
2020-02-05 06:27:13,994 Allocated:121.40869140625 MB
2020-02-05 06:27:13,995 Cached:7278.25 MB
2020-02-05 06:27:23,418 ====> Building Cache
2020-02-05 06:27:23,419 feature cache--->>> /home/annora/NetVLAD/output/train_feat_cache2.hdf5
2020-02-05 06:27:53,101 Allocated:122.658203125 MB
2020-02-05 06:27:53,102 Cached:3387.25 MB
2020-02-05 06:30:18,321 ==> Epoch[19](250/610): Loss: 0.3159
2020-02-05 06:30:18,323 Allocated:121.15869140625 MB
2020-02-05 06:30:18,324 Cached:7278.25 MB
2020-02-05 06:32:10,594 ==> Epoch[19](300/610): Loss: 0.3163
2020-02-05 06:32:10,596 Allocated:121.90869140625 MB
2020-02-05 06:32:10,596 Cached:7278.25 MB
2020-02-05 06:34:09,327 ==> Epoch[19](350/610): Loss: 0.3173
2020-02-05 06:34:09,328 Allocated:121.90869140625 MB
2020-02-05 06:34:09,329 Cached:7278.25 MB
2020-02-05 06:36:02,707 ==> Epoch[19](400/610): Loss: 0.3159
2020-02-05 06:36:02,709 Allocated:121.15869140625 MB
2020-02-05 06:36:02,709 Cached:7278.25 MB
2020-02-05 06:36:21,104 ====> Building Cache
2020-02-05 06:36:21,105 feature cache--->>> /home/annora/NetVLAD/output/train_feat_cache2.hdf5
2020-02-05 06:36:51,420 Allocated:121.658203125 MB
2020-02-05 06:36:51,421 Cached:3387.25 MB
2020-02-05 06:39:04,238 ==> Epoch[19](450/610): Loss: 0.3154
2020-02-05 06:39:04,241 Allocated:121.40869140625 MB
2020-02-05 06:39:04,241 Cached:7278.25 MB
2020-02-05 06:40:58,380 ==> Epoch[19](500/610): Loss: 0.3174
2020-02-05 06:40:58,382 Allocated:121.40869140625 MB
2020-02-05 06:40:58,383 Cached:7278.25 MB
2020-02-05 06:42:52,380 ==> Epoch[19](550/610): Loss: 0.3166
2020-02-05 06:42:52,382 Allocated:121.40869140625 MB
2020-02-05 06:42:52,382 Cached:7278.25 MB
2020-02-05 06:44:46,079 ==> Epoch[19](600/610): Loss: 0.3156
2020-02-05 06:44:46,081 Allocated:121.40869140625 MB
2020-02-05 06:44:46,081 Cached:7278.25 MB
2020-02-05 06:45:12,118 ===> Epoch 19 Complete: Avg. Loss: 0.3169
2020-02-05 06:45:12,119 ====> Extracting Features
2020-02-05 06:45:29,497 ==> Batch (50/184)
2020-02-05 06:45:36,139 ==> Batch (100/184)
2020-02-05 06:45:42,110 ==> Batch (150/184)
2020-02-05 06:45:47,786 ====> Building faiss index
2020-02-05 06:45:48,291 ====> Calculating recall @ N
2020-02-05 06:45:59,472 ====> Recall@1: 0.0932
2020-02-05 06:45:59,473 ====> Recall@2: 0.1304
2020-02-05 06:45:59,473 ====> Recall@3: 0.1572
2020-02-05 06:45:59,474 ====> Recall@4: 0.1831
2020-02-05 06:45:59,474 ====> Recall@5: 0.2023
2020-02-05 06:45:59,474 ====> Recall@10: 0.2889
2020-02-05 06:45:59,474 ====> Recall@15: 0.3484
2020-02-05 06:45:59,474 ====> Recall@20: 0.3998
2020-02-05 06:45:59,475 ====> Recall@25: 0.4423
2020-02-05 06:45:59,933 ====> Building Cache
2020-02-05 06:45:59,934 feature cache--->>> /home/annora/NetVLAD/output/train_feat_cache2.hdf5
2020-02-05 06:46:31,937 Allocated:120.65869140625 MB
2020-02-05 06:46:31,937 Cached:3387.25 MB
2020-02-05 06:49:03,175 ==> Epoch[20](50/610): Loss: 0.3166
2020-02-05 06:49:03,177 Allocated:121.90869140625 MB
2020-02-05 06:49:03,178 Cached:7278.25 MB
2020-02-05 06:50:57,753 ==> Epoch[20](100/610): Loss: 0.3161
2020-02-05 06:50:57,755 Allocated:121.15869140625 MB
2020-02-05 06:50:57,756 Cached:7278.25 MB
2020-02-05 06:52:51,089 ==> Epoch[20](150/610): Loss: 0.3169
2020-02-05 06:52:51,092 Allocated:121.90869140625 MB
2020-02-05 06:52:51,092 Cached:7278.25 MB
2020-02-05 06:54:45,538 ==> Epoch[20](200/610): Loss: 0.3154
2020-02-05 06:54:45,540 Allocated:121.90869140625 MB
2020-02-05 06:54:45,540 Cached:7278.25 MB
2020-02-05 06:54:54,360 ====> Building Cache
2020-02-05 06:54:54,361 feature cache--->>> /home/annora/NetVLAD/output/train_feat_cache2.hdf5
2020-02-05 06:55:23,755 Allocated:121.658203125 MB
2020-02-05 06:55:23,756 Cached:3387.25 MB
2020-02-05 06:57:43,282 ==> Epoch[20](250/610): Loss: 0.3171
2020-02-05 06:57:43,284 Allocated:121.40869140625 MB
2020-02-05 06:57:43,284 Cached:7278.25 MB
2020-02-05 06:59:36,608 ==> Epoch[20](300/610): Loss: 0.3150
2020-02-05 06:59:36,610 Allocated:121.40869140625 MB
2020-02-05 06:59:36,610 Cached:7278.25 MB
2020-02-05 07:01:31,977 ==> Epoch[20](350/610): Loss: 0.3148
2020-02-05 07:01:31,979 Allocated:121.40869140625 MB
2020-02-05 07:01:31,979 Cached:7278.25 MB
2020-02-05 07:03:26,723 ==> Epoch[20](400/610): Loss: 0.3168
2020-02-05 07:03:26,724 Allocated:121.40869140625 MB
2020-02-05 07:03:26,724 Cached:7278.25 MB
2020-02-05 07:03:43,722 ====> Building Cache
2020-02-05 07:03:43,722 feature cache--->>> /home/annora/NetVLAD/output/train_feat_cache2.hdf5
2020-02-05 07:04:12,887 Allocated:122.658203125 MB
2020-02-05 07:04:12,887 Cached:3387.25 MB
2020-02-05 07:06:30,035 ==> Epoch[20](450/610): Loss: 0.3149
2020-02-05 07:06:30,038 Allocated:121.90869140625 MB
2020-02-05 07:06:30,038 Cached:7278.25 MB
2020-02-05 07:08:22,912 ==> Epoch[20](500/610): Loss: 0.3174
2020-02-05 07:08:22,914 Allocated:121.90869140625 MB
2020-02-05 07:08:22,914 Cached:7278.25 MB
2020-02-05 07:10:14,870 ==> Epoch[20](550/610): Loss: 0.3162
2020-02-05 07:10:14,872 Allocated:121.15869140625 MB
2020-02-05 07:10:14,872 Cached:7278.25 MB
2020-02-05 07:12:09,091 ==> Epoch[20](600/610): Loss: 0.3169
2020-02-05 07:12:09,093 Allocated:121.90869140625 MB
2020-02-05 07:12:09,094 Cached:7278.25 MB
2020-02-05 07:12:35,753 ===> Epoch 20 Complete: Avg. Loss: 0.3170
2020-02-05 07:12:35,754 ====> Extracting Features
2020-02-05 07:12:53,349 ==> Batch (50/184)
2020-02-05 07:12:59,726 ==> Batch (100/184)
2020-02-05 07:13:07,004 ==> Batch (150/184)
2020-02-05 07:13:12,745 ====> Building faiss index
2020-02-05 07:13:13,266 ====> Calculating recall @ N
2020-02-05 07:13:23,568 ====> Recall@1: 0.1049
2020-02-05 07:13:23,569 ====> Recall@2: 0.1429
2020-02-05 07:13:23,570 ====> Recall@3: 0.1744
2020-02-05 07:13:23,570 ====> Recall@4: 0.2015
2020-02-05 07:13:23,570 ====> Recall@5: 0.2236
2020-02-05 07:13:23,570 ====> Recall@10: 0.3036
2020-02-05 07:13:23,570 ====> Recall@15: 0.3604
2020-02-05 07:13:23,571 ====> Recall@20: 0.4136
2020-02-05 07:13:23,571 ====> Recall@25: 0.4579
2020-02-05 07:13:24,044 ====> Building Cache
2020-02-05 07:13:24,045 feature cache--->>> /home/annora/NetVLAD/output/train_feat_cache2.hdf5
2020-02-05 07:13:53,426 Allocated:119.65869140625 MB
2020-02-05 07:13:53,426 Cached:3387.25 MB
2020-02-05 07:16:23,534 ==> Epoch[21](50/610): Loss: 0.3177
2020-02-05 07:16:23,536 Allocated:121.40869140625 MB
2020-02-05 07:16:23,536 Cached:7278.25 MB
2020-02-05 07:18:17,466 ==> Epoch[21](100/610): Loss: 0.3172
2020-02-05 07:18:17,467 Allocated:121.40869140625 MB
2020-02-05 07:18:17,467 Cached:7278.25 MB
2020-02-05 07:20:15,444 ==> Epoch[21](150/610): Loss: 0.3167
2020-02-05 07:20:15,445 Allocated:121.40869140625 MB
2020-02-05 07:20:15,445 Cached:7278.25 MB
2020-02-05 07:22:08,083 ==> Epoch[21](200/610): Loss: 0.3176
2020-02-05 07:22:08,084 Allocated:121.40869140625 MB
2020-02-05 07:22:08,084 Cached:7278.25 MB
2020-02-05 07:22:16,751 ====> Building Cache
2020-02-05 07:22:16,751 feature cache--->>> /home/annora/NetVLAD/output/train_feat_cache2.hdf5
2020-02-05 07:22:45,953 Allocated:122.658203125 MB
2020-02-05 07:22:45,953 Cached:3387.25 MB
2020-02-05 07:25:08,293 ==> Epoch[21](250/610): Loss: 0.3142
2020-02-05 07:25:08,296 Allocated:121.15869140625 MB
2020-02-05 07:25:08,296 Cached:7278.25 MB
2020-02-05 07:27:04,036 ==> Epoch[21](300/610): Loss: 0.3154
2020-02-05 07:27:04,037 Allocated:121.90869140625 MB
2020-02-05 07:27:04,037 Cached:7278.25 MB
2020-02-05 07:29:00,445 ==> Epoch[21](350/610): Loss: 0.3139
2020-02-05 07:29:00,446 Allocated:121.90869140625 MB
2020-02-05 07:29:00,446 Cached:7278.25 MB
2020-02-05 07:30:54,225 ==> Epoch[21](400/610): Loss: 0.3149
2020-02-05 07:30:54,227 Allocated:121.15869140625 MB
2020-02-05 07:30:54,227 Cached:7278.25 MB
2020-02-05 07:31:11,322 ====> Building Cache
2020-02-05 07:31:11,323 feature cache--->>> /home/annora/NetVLAD/output/train_feat_cache2.hdf5
2020-02-05 07:31:41,042 Allocated:121.658203125 MB
2020-02-05 07:31:41,043 Cached:3387.25 MB
2020-02-05 07:34:04,508 ==> Epoch[21](450/610): Loss: 0.3167
2020-02-05 07:34:04,511 Allocated:121.40869140625 MB
2020-02-05 07:34:04,511 Cached:7278.25 MB
2020-02-05 07:35:57,985 ==> Epoch[21](500/610): Loss: 0.3178
2020-02-05 07:35:57,987 Allocated:121.40869140625 MB
2020-02-05 07:35:57,987 Cached:7278.25 MB
2020-02-05 07:37:53,836 ==> Epoch[21](550/610): Loss: 0.3177
2020-02-05 07:37:53,838 Allocated:121.40869140625 MB
2020-02-05 07:37:53,838 Cached:7278.25 MB
2020-02-05 07:39:56,088 ==> Epoch[21](600/610): Loss: 0.3165
2020-02-05 07:39:56,090 Allocated:121.40869140625 MB
2020-02-05 07:39:56,090 Cached:7278.25 MB
2020-02-05 07:40:21,476 ===> Epoch 21 Complete: Avg. Loss: 0.3169
2020-02-05 07:40:21,477 ====> Extracting Features
2020-02-05 07:40:37,505 ==> Batch (50/184)
2020-02-05 07:40:43,194 ==> Batch (100/184)
2020-02-05 07:40:48,743 ==> Batch (150/184)
2020-02-05 07:40:54,018 ====> Building faiss index
2020-02-05 07:40:54,508 ====> Calculating recall @ N
2020-02-05 07:41:03,847 ====> Recall@1: 0.1006
2020-02-05 07:41:03,848 ====> Recall@2: 0.1367
2020-02-05 07:41:03,849 ====> Recall@3: 0.1663
2020-02-05 07:41:03,849 ====> Recall@4: 0.1924
2020-02-05 07:41:03,849 ====> Recall@5: 0.2156
2020-02-05 07:41:03,850 ====> Recall@10: 0.2959
2020-02-05 07:41:03,850 ====> Recall@15: 0.3575
2020-02-05 07:41:03,850 ====> Recall@20: 0.4076
2020-02-05 07:41:03,850 ====> Recall@25: 0.4520
2020-02-05 07:41:04,326 ====> Building Cache
2020-02-05 07:41:04,327 feature cache--->>> /home/annora/NetVLAD/output/train_feat_cache2.hdf5
2020-02-05 07:41:33,637 Allocated:120.65869140625 MB
2020-02-05 07:41:33,637 Cached:3387.25 MB
2020-02-05 07:44:02,867 ==> Epoch[22](50/610): Loss: 0.3167
2020-02-05 07:44:02,869 Allocated:121.90869140625 MB
2020-02-05 07:44:02,869 Cached:7278.25 MB
2020-02-05 07:46:03,128 ==> Epoch[22](100/610): Loss: 0.3160
2020-02-05 07:46:03,130 Allocated:121.15869140625 MB
2020-02-05 07:46:03,131 Cached:7278.25 MB
2020-02-05 07:48:01,061 ==> Epoch[22](150/610): Loss: 0.3165
2020-02-05 07:48:01,062 Allocated:121.90869140625 MB
2020-02-05 07:48:01,063 Cached:7278.25 MB
2020-02-05 07:49:53,365 ==> Epoch[22](200/610): Loss: 0.3161
2020-02-05 07:49:53,366 Allocated:121.90869140625 MB
2020-02-05 07:49:53,367 Cached:7278.25 MB
2020-02-05 07:50:02,397 ====> Building Cache
2020-02-05 07:50:02,398 feature cache--->>> /home/annora/NetVLAD/output/train_feat_cache2.hdf5
2020-02-05 07:50:31,666 Allocated:121.658203125 MB
2020-02-05 07:50:31,667 Cached:3387.25 MB
2020-02-05 07:52:59,498 ==> Epoch[22](250/610): Loss: 0.3141
2020-02-05 07:52:59,501 Allocated:121.40869140625 MB
2020-02-05 07:52:59,501 Cached:7278.25 MB
2020-02-05 07:54:56,657 ==> Epoch[22](300/610): Loss: 0.3149
2020-02-05 07:54:56,658 Allocated:121.40869140625 MB
2020-02-05 07:54:56,658 Cached:7278.25 MB
2020-02-05 07:56:52,871 ==> Epoch[22](350/610): Loss: 0.3139
2020-02-05 07:56:52,872 Allocated:121.40869140625 MB
2020-02-05 07:56:52,873 Cached:7278.25 MB
2020-02-05 07:58:54,065 ==> Epoch[22](400/610): Loss: 0.3153
2020-02-05 07:58:54,067 Allocated:121.40869140625 MB
2020-02-05 07:58:54,067 Cached:7278.25 MB
2020-02-05 07:59:11,295 ====> Building Cache
2020-02-05 07:59:11,296 feature cache--->>> /home/annora/NetVLAD/output/train_feat_cache2.hdf5
2020-02-05 07:59:40,676 Allocated:122.658203125 MB
2020-02-05 07:59:40,677 Cached:3387.25 MB
2020-02-05 08:01:54,750 ==> Epoch[22](450/610): Loss: 0.3130
2020-02-05 08:01:54,752 Allocated:121.90869140625 MB
2020-02-05 08:01:54,752 Cached:7278.25 MB
2020-02-05 08:03:51,185 ==> Epoch[22](500/610): Loss: 0.3168
2020-02-05 08:03:51,187 Allocated:121.90869140625 MB
2020-02-05 08:03:51,187 Cached:7278.25 MB
2020-02-05 08:05:52,095 ==> Epoch[22](550/610): Loss: 0.3171
2020-02-05 08:05:52,097 Allocated:121.15869140625 MB
2020-02-05 08:05:52,097 Cached:7278.25 MB
2020-02-05 08:07:46,959 ==> Epoch[22](600/610): Loss: 0.3170
2020-02-05 08:07:46,960 Allocated:121.90869140625 MB
2020-02-05 08:07:46,961 Cached:7278.25 MB
2020-02-05 08:08:11,985 ===> Epoch 22 Complete: Avg. Loss: 0.3170
2020-02-05 08:08:11,987 ====> Extracting Features
2020-02-05 08:08:28,241 ==> Batch (50/184)
2020-02-05 08:08:33,897 ==> Batch (100/184)
2020-02-05 08:08:39,409 ==> Batch (150/184)
2020-02-05 08:08:44,859 ====> Building faiss index
2020-02-05 08:08:45,337 ====> Calculating recall @ N
2020-02-05 08:08:53,766 ====> Recall@1: 0.1006
2020-02-05 08:08:53,766 ====> Recall@2: 0.1387
2020-02-05 08:08:53,767 ====> Recall@3: 0.1693
2020-02-05 08:08:53,767 ====> Recall@4: 0.1952
2020-02-05 08:08:53,767 ====> Recall@5: 0.2179
2020-02-05 08:08:53,767 ====> Recall@10: 0.2959
2020-02-05 08:08:53,768 ====> Recall@15: 0.3571
2020-02-05 08:08:53,768 ====> Recall@20: 0.4117
2020-02-05 08:08:53,768 ====> Recall@25: 0.4540
2020-02-05 08:08:54,232 ====> Building Cache
2020-02-05 08:08:54,232 feature cache--->>> /home/annora/NetVLAD/output/train_feat_cache2.hdf5
2020-02-05 08:09:23,432 Allocated:119.65869140625 MB
2020-02-05 08:09:23,433 Cached:3387.25 MB
2020-02-05 08:12:00,059 ==> Epoch[23](50/610): Loss: 0.3171
2020-02-05 08:12:00,061 Allocated:121.40869140625 MB
2020-02-05 08:12:00,061 Cached:7278.25 MB
2020-02-05 08:13:57,719 ==> Epoch[23](100/610): Loss: 0.3172
2020-02-05 08:13:57,720 Allocated:121.40869140625 MB
2020-02-05 08:13:57,721 Cached:7278.25 MB
2020-02-05 08:15:51,468 ==> Epoch[23](150/610): Loss: 0.3160
2020-02-05 08:15:51,469 Allocated:121.40869140625 MB
2020-02-05 08:15:51,469 Cached:7278.25 MB
2020-02-05 08:17:56,922 ==> Epoch[23](200/610): Loss: 0.3158
2020-02-05 08:17:56,924 Allocated:121.40869140625 MB
2020-02-05 08:17:56,924 Cached:7278.25 MB
2020-02-05 08:18:05,966 ====> Building Cache
2020-02-05 08:18:05,967 feature cache--->>> /home/annora/NetVLAD/output/train_feat_cache2.hdf5
2020-02-05 08:18:35,559 Allocated:122.658203125 MB
2020-02-05 08:18:35,560 Cached:3387.25 MB
2020-02-05 08:21:04,959 ==> Epoch[23](250/610): Loss: 0.3170
2020-02-05 08:21:04,961 Allocated:121.15869140625 MB
2020-02-05 08:21:04,962 Cached:7278.25 MB
2020-02-05 08:23:05,576 ==> Epoch[23](300/610): Loss: 0.3163
2020-02-05 08:23:05,578 Allocated:121.90869140625 MB
2020-02-05 08:23:05,579 Cached:7278.25 MB
2020-02-05 08:25:08,704 ==> Epoch[23](350/610): Loss: 0.3148
2020-02-05 08:25:08,705 Allocated:121.90869140625 MB
2020-02-05 08:25:08,706 Cached:7278.25 MB
2020-02-05 08:27:02,523 ==> Epoch[23](400/610): Loss: 0.3153
2020-02-05 08:27:02,524 Allocated:121.15869140625 MB
2020-02-05 08:27:02,525 Cached:7278.25 MB
2020-02-05 08:27:19,427 ====> Building Cache
2020-02-05 08:27:19,428 feature cache--->>> /home/annora/NetVLAD/output/train_feat_cache2.hdf5
2020-02-05 08:27:48,958 Allocated:121.658203125 MB
2020-02-05 08:27:48,959 Cached:3387.25 MB
2020-02-05 08:30:03,659 ==> Epoch[23](450/610): Loss: 0.3155
2020-02-05 08:30:03,661 Allocated:121.40869140625 MB
2020-02-05 08:30:03,662 Cached:7278.25 MB
2020-02-05 08:31:59,901 ==> Epoch[23](500/610): Loss: 0.3147
2020-02-05 08:31:59,903 Allocated:121.40869140625 MB
2020-02-05 08:31:59,903 Cached:7278.25 MB
2020-02-05 08:33:54,392 ==> Epoch[23](550/610): Loss: 0.3171
2020-02-05 08:33:54,394 Allocated:121.40869140625 MB
2020-02-05 08:33:54,394 Cached:7278.25 MB
2020-02-05 08:35:47,369 ==> Epoch[23](600/610): Loss: 0.3177
2020-02-05 08:35:47,371 Allocated:121.40869140625 MB
2020-02-05 08:35:47,371 Cached:7278.25 MB
2020-02-05 08:36:13,070 ===> Epoch 23 Complete: Avg. Loss: 0.3170
2020-02-05 08:36:13,072 ====> Extracting Features
2020-02-05 08:36:30,105 ==> Batch (50/184)
2020-02-05 08:36:36,707 ==> Batch (100/184)
2020-02-05 08:36:42,720 ==> Batch (150/184)
2020-02-05 08:36:48,461 ====> Building faiss index
2020-02-05 08:36:48,968 ====> Calculating recall @ N
2020-02-05 08:36:57,545 ====> Recall@1: 0.1059
2020-02-05 08:36:57,546 ====> Recall@2: 0.1452
2020-02-05 08:36:57,546 ====> Recall@3: 0.1759
2020-02-05 08:36:57,546 ====> Recall@4: 0.2008
2020-02-05 08:36:57,546 ====> Recall@5: 0.2250
2020-02-05 08:36:57,547 ====> Recall@10: 0.3140
2020-02-05 08:36:57,547 ====> Recall@15: 0.3717
2020-02-05 08:36:57,547 ====> Recall@20: 0.4173
2020-02-05 08:36:57,547 ====> Recall@25: 0.4575
2020-02-05 08:36:58,030 Performance did not improve for 10 epochs. Stopping.
2020-02-05 08:36:58,030 => Best Recall@5: 0.2323
