2020-02-07 10:41:34,327 Namespace(arch='alexnet', batchSize=12, cacheBatchSize=96, cachePath='/home/annora/NetVLAD/output/', cacheRefreshRate=3000, ckpt='best', contilearn=False, dataPath='/home/annora/NetVLAD/output/data/', dataset='robotcar', evalEvery=1, fromscratch=False, fromtask='/home/annora/NetVLAD/output/runs/2020-02-03-15-40-34_alexnet_netvlad', lr=0.001, lrGamma=0.5, lrStep=5, margin=0.1, mode='train', momentum=0.9, nEpochs=30, nGPU=1, nocuda=False, num_clusters=64, optim='SGD', patience=10, pooling='netvlad', premodel='imagenet', resume='', runsPath='/home/annora/NetVLAD/output/runs/', savePath='checkpoints', seed=123, split='val', start_epoch=0, threads=8, vladv2=False, weightDecay=0.001)
2020-02-07 10:41:34,424 ===> Loading dataset(s)
2020-02-07 10:41:34,424 trainfile ------>>>>>> oxRobocar_single_train.mat
2020-02-07 10:41:37,286 ====> Training set: oxRobocar_single_train.mat, query set count: 6636
2020-02-07 10:41:37,399 ===> Evaluating on val set: oxRobocar_single_val.mat, query count: 3450
2020-02-07 10:41:37,399 ===> Building model
2020-02-07 10:41:37,448 encoder moder:
AlexNet(
  (conv1): Sequential(
    (0): Conv2d(3, 64, kernel_size=(11, 11), stride=(4, 4), padding=(2, 2))
    (1): ReLU(inplace)
    (2): MaxPool2d(kernel_size=3, stride=2, padding=0, dilation=1, ceil_mode=False)
  )
  (conv2): Sequential(
    (0): Conv2d(64, 192, kernel_size=(5, 5), stride=(1, 1), padding=(2, 2))
    (1): ReLU(inplace)
    (2): MaxPool2d(kernel_size=3, stride=2, padding=0, dilation=1, ceil_mode=False)
  )
  (conv3): Sequential(
    (0): Conv2d(192, 384, kernel_size=(3, 3), stride=(1, 1), padding=(1, 1))
    (1): ReLU(inplace)
  )
  (conv4): Sequential(
    (0): Conv2d(384, 256, kernel_size=(3, 3), stride=(1, 1), padding=(1, 1))
    (1): ReLU(inplace)
  )
  (conv5): Sequential(
    (0): Conv2d(256, 256, kernel_size=(3, 3), stride=(1, 1), padding=(1, 1))
  )
)
2020-02-07 10:41:42,580 => loading checkpoint '/home/annora/NetVLAD/output/runs/2020-02-03-15-40-34_alexnet_netvlad/checkpoints/model_best.pth.tar'
2020-02-07 10:41:42,686 => loaded checkpoint '/home/annora/NetVLAD/output/runs/2020-02-03-15-40-34_alexnet_netvlad/checkpoints/model_best.pth.tar' 
2020-02-07 10:41:42,686 ===> Training model
2020-02-07 10:41:42,689 ===> Saving state to: /home/annora/NetVLAD/output/runs/2020-02-07-10-41-42_alexnet_netvlad
2020-02-07 10:41:42,690 ====> Building Cache
2020-02-07 10:41:42,690 feature cache--->>> /home/annora/NetVLAD/output/train_feat_cache2.hdf5
2020-02-07 10:43:21,972 Allocated:11.71826171875 MB
2020-02-07 10:43:21,972 Cached:2778.125 MB
2020-02-07 10:45:56,131 ==> Epoch[1](50/553): Loss: 0.0728
2020-02-07 10:45:56,135 Allocated:33.15576171875 MB
2020-02-07 10:45:56,136 Cached:6669.125 MB
2020-02-07 10:47:43,750 ==> Epoch[1](100/553): Loss: 0.0416
2020-02-07 10:47:43,753 Allocated:33.15576171875 MB
2020-02-07 10:47:43,753 Cached:6669.125 MB
2020-02-07 10:49:26,856 ==> Epoch[1](150/553): Loss: 0.0152
2020-02-07 10:49:26,860 Allocated:33.15576171875 MB
2020-02-07 10:49:26,861 Cached:6669.125 MB
2020-02-07 10:50:34,008 ====> Building Cache
2020-02-07 10:50:34,010 feature cache--->>> /home/annora/NetVLAD/output/train_feat_cache2.hdf5
2020-02-07 10:52:14,285 Allocated:33.1552734375 MB
2020-02-07 10:52:14,286 Cached:3386.375 MB
2020-02-07 10:53:21,219 ==> Epoch[1](200/553): Loss: 0.1598
2020-02-07 10:53:21,223 Allocated:33.15576171875 MB
2020-02-07 10:53:21,223 Cached:5831.875 MB
2020-02-07 10:55:06,914 ==> Epoch[1](250/553): Loss: 0.1291
2020-02-07 10:55:06,917 Allocated:33.15576171875 MB
2020-02-07 10:55:06,917 Cached:7072.0 MB
2020-02-07 10:56:27,637 ==> Epoch[1](300/553): Loss: 0.0316
2020-02-07 10:56:27,641 Allocated:33.15576171875 MB
2020-02-07 10:56:27,642 Cached:7072.0 MB
2020-02-07 10:58:30,808 ==> Epoch[1](350/553): Loss: 0.1106
2020-02-07 10:58:30,830 Allocated:33.15576171875 MB
2020-02-07 10:58:30,831 Cached:7072.0 MB
2020-02-07 10:59:05,585 ====> Building Cache
2020-02-07 10:59:05,586 feature cache--->>> /home/annora/NetVLAD/output/train_feat_cache2.hdf5
2020-02-07 11:00:49,435 Allocated:33.1552734375 MB
2020-02-07 11:00:49,436 Cached:3386.375 MB
2020-02-07 11:02:30,850 ==> Epoch[1](400/553): Loss: 0.1655
2020-02-07 11:02:30,853 Allocated:33.15576171875 MB
2020-02-07 11:02:30,854 Cached:9800.25 MB
2020-02-07 11:04:09,739 ==> Epoch[1](450/553): Loss: 0.0970
2020-02-07 11:04:09,742 Allocated:33.15576171875 MB
2020-02-07 11:04:09,743 Cached:9800.25 MB
2020-02-07 11:06:00,509 ==> Epoch[1](500/553): Loss: 0.0874
2020-02-07 11:06:00,511 Allocated:33.15576171875 MB
2020-02-07 11:06:00,512 Cached:9800.25 MB
2020-02-07 11:07:38,783 ==> Epoch[1](550/553): Loss: 0.0375
2020-02-07 11:07:38,787 Allocated:33.15576171875 MB
2020-02-07 11:07:38,787 Cached:9800.25 MB
2020-02-07 11:07:42,998 ===> Epoch 1 Complete: Avg. Loss: 0.0892
2020-02-07 11:07:43,001 ====> Extracting Features
2020-02-07 11:08:30,287 ==> Batch (50/108)
2020-02-07 11:08:57,629 ==> Batch (100/108)
2020-02-07 11:09:03,447 ====> Building faiss index
2020-02-07 11:09:04,073 ====> Calculating recall @ N
2020-02-07 11:09:06,643 ====> Recall@1: 0.5243
2020-02-07 11:09:06,644 ====> Recall@2: 0.5681
2020-02-07 11:09:06,645 ====> Recall@3: 0.5887
2020-02-07 11:09:06,645 ====> Recall@4: 0.6026
2020-02-07 11:09:06,646 ====> Recall@5: 0.6128
2020-02-07 11:09:06,646 ====> Recall@10: 0.6429
2020-02-07 11:09:06,646 ====> Recall@15: 0.6643
2020-02-07 11:09:06,646 ====> Recall@20: 0.6774
2020-02-07 11:09:06,647 ====> Recall@25: 0.6907
2020-02-07 11:09:06,782 ====> Building Cache
2020-02-07 11:09:06,782 feature cache--->>> /home/annora/NetVLAD/output/train_feat_cache2.hdf5
2020-02-07 11:10:40,852 Allocated:31.15576171875 MB
2020-02-07 11:10:40,853 Cached:4239.125 MB
2020-02-07 11:13:05,442 ==> Epoch[2](50/553): Loss: 0.0430
2020-02-07 11:13:05,446 Allocated:33.15576171875 MB
2020-02-07 11:13:05,447 Cached:4714.125 MB
2020-02-07 11:14:45,206 ==> Epoch[2](100/553): Loss: 0.0307
2020-02-07 11:14:45,209 Allocated:33.15576171875 MB
2020-02-07 11:14:45,209 Cached:4714.125 MB
2020-02-07 11:16:16,341 ==> Epoch[2](150/553): Loss: 0.0213
2020-02-07 11:16:16,343 Allocated:33.15576171875 MB
2020-02-07 11:16:16,343 Cached:4714.125 MB
2020-02-07 11:17:11,191 ====> Building Cache
2020-02-07 11:17:11,192 feature cache--->>> /home/annora/NetVLAD/output/train_feat_cache2.hdf5
2020-02-07 11:18:59,338 Allocated:33.1552734375 MB
2020-02-07 11:18:59,339 Cached:3386.375 MB
2020-02-07 11:20:10,469 ==> Epoch[2](200/553): Loss: 0.1607
2020-02-07 11:20:10,474 Allocated:33.15576171875 MB
2020-02-07 11:20:10,475 Cached:4613.0 MB
2020-02-07 11:22:00,621 ==> Epoch[2](250/553): Loss: 0.0781
2020-02-07 11:22:00,623 Allocated:33.15576171875 MB
2020-02-07 11:22:00,624 Cached:5847.75 MB
2020-02-07 11:23:28,786 ==> Epoch[2](300/553): Loss: 0.1355
2020-02-07 11:23:28,790 Allocated:33.15576171875 MB
2020-02-07 11:23:28,791 Cached:5847.75 MB
2020-02-07 11:24:48,776 ==> Epoch[2](350/553): Loss: 0.1668
2020-02-07 11:24:48,780 Allocated:33.15576171875 MB
2020-02-07 11:24:48,780 Cached:5847.75 MB
2020-02-07 11:25:20,508 ====> Building Cache
2020-02-07 11:25:20,508 feature cache--->>> /home/annora/NetVLAD/output/train_feat_cache2.hdf5
2020-02-07 11:26:59,568 Allocated:33.1552734375 MB
2020-02-07 11:26:59,569 Cached:3386.375 MB
2020-02-07 11:28:49,904 ==> Epoch[2](400/553): Loss: 0.1254
2020-02-07 11:28:49,908 Allocated:33.15576171875 MB
2020-02-07 11:28:49,909 Cached:4870.625 MB
2020-02-07 11:30:31,260 ==> Epoch[2](450/553): Loss: 0.0658
2020-02-07 11:30:31,262 Allocated:33.15576171875 MB
2020-02-07 11:30:31,263 Cached:4870.625 MB
2020-02-07 11:32:21,469 ==> Epoch[2](500/553): Loss: 0.0573
2020-02-07 11:32:21,472 Allocated:33.15576171875 MB
2020-02-07 11:32:21,472 Cached:4870.625 MB
2020-02-07 11:33:58,757 ==> Epoch[2](550/553): Loss: 0.0070
2020-02-07 11:33:58,761 Allocated:33.15576171875 MB
2020-02-07 11:33:58,761 Cached:4870.625 MB
2020-02-07 11:34:02,053 ===> Epoch 2 Complete: Avg. Loss: 0.0737
2020-02-07 11:34:02,054 ====> Extracting Features
2020-02-07 11:34:44,906 ==> Batch (50/108)
2020-02-07 11:35:16,476 ==> Batch (100/108)
2020-02-07 11:35:21,307 ====> Building faiss index
2020-02-07 11:35:21,715 ====> Calculating recall @ N
2020-02-07 11:35:24,290 ====> Recall@1: 0.5942
2020-02-07 11:35:24,291 ====> Recall@2: 0.6217
2020-02-07 11:35:24,292 ====> Recall@3: 0.6371
2020-02-07 11:35:24,292 ====> Recall@4: 0.6464
2020-02-07 11:35:24,293 ====> Recall@5: 0.6588
2020-02-07 11:35:24,293 ====> Recall@10: 0.6971
2020-02-07 11:35:24,293 ====> Recall@15: 0.7226
2020-02-07 11:35:24,293 ====> Recall@20: 0.7348
2020-02-07 11:35:24,293 ====> Recall@25: 0.7446
2020-02-07 11:35:24,496 ====> Building Cache
2020-02-07 11:35:24,496 feature cache--->>> /home/annora/NetVLAD/output/train_feat_cache2.hdf5
2020-02-07 11:37:01,494 Allocated:31.15576171875 MB
2020-02-07 11:37:01,495 Cached:4239.125 MB
2020-02-07 11:39:11,625 ==> Epoch[3](50/553): Loss: 0.0458
2020-02-07 11:39:11,628 Allocated:33.15576171875 MB
2020-02-07 11:39:11,629 Cached:6604.875 MB
2020-02-07 11:40:38,969 ==> Epoch[3](100/553): Loss: 0.0414
2020-02-07 11:40:38,972 Allocated:33.15576171875 MB
2020-02-07 11:40:38,972 Cached:6604.875 MB
2020-02-07 11:42:05,735 ==> Epoch[3](150/553): Loss: 0.0795
2020-02-07 11:42:05,739 Allocated:33.15576171875 MB
2020-02-07 11:42:05,739 Cached:6604.875 MB
2020-02-07 11:42:56,953 ====> Building Cache
2020-02-07 11:42:56,954 feature cache--->>> /home/annora/NetVLAD/output/train_feat_cache2.hdf5
2020-02-07 11:44:28,125 Allocated:33.1552734375 MB
2020-02-07 11:44:28,126 Cached:3386.375 MB
2020-02-07 11:45:25,361 ==> Epoch[3](200/553): Loss: 0.3410
2020-02-07 11:45:25,366 Allocated:33.15576171875 MB
2020-02-07 11:45:25,366 Cached:3394.375 MB
2020-02-07 11:47:15,472 ==> Epoch[3](250/553): Loss: 0.0927
2020-02-07 11:47:15,485 Allocated:33.15576171875 MB
2020-02-07 11:47:15,486 Cached:6882.0 MB
2020-02-07 11:48:41,186 ==> Epoch[3](300/553): Loss: 0.1089
2020-02-07 11:48:41,189 Allocated:33.15576171875 MB
2020-02-07 11:48:41,189 Cached:6882.0 MB
2020-02-07 11:50:07,970 ==> Epoch[3](350/553): Loss: 0.1169
2020-02-07 11:50:07,973 Allocated:33.15576171875 MB
2020-02-07 11:50:07,973 Cached:6882.0 MB
2020-02-07 11:50:32,154 ====> Building Cache
2020-02-07 11:50:32,154 feature cache--->>> /home/annora/NetVLAD/output/train_feat_cache2.hdf5
2020-02-07 11:52:05,855 Allocated:33.1552734375 MB
2020-02-07 11:52:05,856 Cached:3386.375 MB
2020-02-07 11:53:48,661 ==> Epoch[3](400/553): Loss: 0.0569
2020-02-07 11:53:48,663 Allocated:33.15576171875 MB
2020-02-07 11:53:48,664 Cached:8520.875 MB
2020-02-07 11:55:28,693 ==> Epoch[3](450/553): Loss: 0.0326
2020-02-07 11:55:28,697 Allocated:33.15576171875 MB
2020-02-07 11:55:28,697 Cached:8520.875 MB
2020-02-07 11:57:16,950 ==> Epoch[3](500/553): Loss: 0.0061
2020-02-07 11:57:16,953 Allocated:33.15576171875 MB
2020-02-07 11:57:16,953 Cached:8520.875 MB
2020-02-07 11:58:52,119 ==> Epoch[3](550/553): Loss: 0.0454
2020-02-07 11:58:52,122 Allocated:33.15576171875 MB
2020-02-07 11:58:52,122 Cached:8520.875 MB
2020-02-07 11:58:55,077 ===> Epoch 3 Complete: Avg. Loss: 0.0792
2020-02-07 11:58:55,079 ====> Extracting Features
2020-02-07 11:59:35,303 ==> Batch (50/108)
2020-02-07 12:00:07,612 ==> Batch (100/108)
2020-02-07 12:00:13,106 ====> Building faiss index
2020-02-07 12:00:13,535 ====> Calculating recall @ N
2020-02-07 12:00:16,096 ====> Recall@1: 0.6090
2020-02-07 12:00:16,097 ====> Recall@2: 0.6420
2020-02-07 12:00:16,098 ====> Recall@3: 0.6672
2020-02-07 12:00:16,098 ====> Recall@4: 0.6794
2020-02-07 12:00:16,099 ====> Recall@5: 0.6916
2020-02-07 12:00:16,099 ====> Recall@10: 0.7243
2020-02-07 12:00:16,099 ====> Recall@15: 0.7406
2020-02-07 12:00:16,100 ====> Recall@20: 0.7513
2020-02-07 12:00:16,100 ====> Recall@25: 0.7603
2020-02-07 12:00:16,323 ====> Building Cache
2020-02-07 12:00:16,324 feature cache--->>> /home/annora/NetVLAD/output/train_feat_cache2.hdf5
2020-02-07 12:01:59,650 Allocated:31.15576171875 MB
2020-02-07 12:01:59,650 Cached:4239.125 MB
2020-02-07 12:04:10,441 ==> Epoch[4](50/553): Loss: 0.0141
2020-02-07 12:04:10,445 Allocated:33.15576171875 MB
2020-02-07 12:04:10,445 Cached:5405.25 MB
2020-02-07 12:05:42,295 ==> Epoch[4](100/553): Loss: 0.0730
2020-02-07 12:05:42,300 Allocated:33.15576171875 MB
2020-02-07 12:05:42,300 Cached:5405.25 MB
2020-02-07 12:07:11,158 ==> Epoch[4](150/553): Loss: 0.0194
2020-02-07 12:07:11,161 Allocated:33.15576171875 MB
2020-02-07 12:07:11,162 Cached:5405.25 MB
2020-02-07 12:08:02,252 ====> Building Cache
2020-02-07 12:08:02,253 feature cache--->>> /home/annora/NetVLAD/output/train_feat_cache2.hdf5
2020-02-07 12:09:47,200 Allocated:33.1552734375 MB
2020-02-07 12:09:47,201 Cached:3386.375 MB
2020-02-07 12:10:45,638 ==> Epoch[4](200/553): Loss: 0.0942
2020-02-07 12:10:45,641 Allocated:33.15576171875 MB
2020-02-07 12:10:45,641 Cached:4533.5 MB
2020-02-07 12:12:05,947 ==> Epoch[4](250/553): Loss: 0.1727
2020-02-07 12:12:05,950 Allocated:33.15576171875 MB
2020-02-07 12:12:05,950 Cached:4533.5 MB
2020-02-07 12:13:27,445 ==> Epoch[4](300/553): Loss: 0.0688
2020-02-07 12:13:27,448 Allocated:33.15576171875 MB
2020-02-07 12:13:27,448 Cached:5688.625 MB
2020-02-07 12:14:54,484 ==> Epoch[4](350/553): Loss: 0.0148
2020-02-07 12:14:54,488 Allocated:33.15576171875 MB
2020-02-07 12:14:54,488 Cached:5688.625 MB
2020-02-07 12:15:35,178 ====> Building Cache
2020-02-07 12:15:35,179 feature cache--->>> /home/annora/NetVLAD/output/train_feat_cache2.hdf5
2020-02-07 12:17:08,252 Allocated:33.1552734375 MB
2020-02-07 12:17:08,252 Cached:3386.375 MB
2020-02-07 12:18:44,076 ==> Epoch[4](400/553): Loss: 0.0289
2020-02-07 12:18:44,079 Allocated:33.15576171875 MB
2020-02-07 12:18:44,079 Cached:3568.25 MB
2020-02-07 12:20:24,872 ==> Epoch[4](450/553): Loss: 0.0138
2020-02-07 12:20:24,874 Allocated:33.15576171875 MB
2020-02-07 12:20:24,874 Cached:4880.625 MB
2020-02-07 12:22:11,605 ==> Epoch[4](500/553): Loss: 0.0316
2020-02-07 12:22:11,607 Allocated:33.15576171875 MB
2020-02-07 12:22:11,608 Cached:4880.625 MB
2020-02-07 12:23:48,466 ==> Epoch[4](550/553): Loss: 0.0222
2020-02-07 12:23:48,468 Allocated:33.15576171875 MB
2020-02-07 12:23:48,468 Cached:4880.625 MB
2020-02-07 12:23:51,686 ===> Epoch 4 Complete: Avg. Loss: 0.0720
2020-02-07 12:23:51,688 ====> Extracting Features
2020-02-07 12:24:31,180 ==> Batch (50/108)
2020-02-07 12:25:00,272 ==> Batch (100/108)
2020-02-07 12:25:05,536 ====> Building faiss index
2020-02-07 12:25:05,929 ====> Calculating recall @ N
2020-02-07 12:25:08,255 ====> Recall@1: 0.6446
2020-02-07 12:25:08,255 ====> Recall@2: 0.6725
2020-02-07 12:25:08,256 ====> Recall@3: 0.6881
2020-02-07 12:25:08,256 ====> Recall@4: 0.6997
2020-02-07 12:25:08,256 ====> Recall@5: 0.7084
2020-02-07 12:25:08,257 ====> Recall@10: 0.7371
2020-02-07 12:25:08,257 ====> Recall@15: 0.7586
2020-02-07 12:25:08,257 ====> Recall@20: 0.7707
2020-02-07 12:25:08,257 ====> Recall@25: 0.7780
2020-02-07 12:25:08,453 ====> Building Cache
2020-02-07 12:25:08,454 feature cache--->>> /home/annora/NetVLAD/output/train_feat_cache2.hdf5
2020-02-07 12:26:37,903 Allocated:31.15576171875 MB
2020-02-07 12:26:37,904 Cached:4239.125 MB
2020-02-07 12:29:03,824 ==> Epoch[5](50/553): Loss: 0.0600
2020-02-07 12:29:03,828 Allocated:33.15576171875 MB
2020-02-07 12:29:03,829 Cached:4250.125 MB
2020-02-07 12:30:23,969 ==> Epoch[5](100/553): Loss: 0.0291
2020-02-07 12:30:23,972 Allocated:33.15576171875 MB
2020-02-07 12:30:23,972 Cached:4250.125 MB
2020-02-07 12:31:38,312 ==> Epoch[5](150/553): Loss: 0.0422
2020-02-07 12:31:38,314 Allocated:33.15576171875 MB
2020-02-07 12:31:38,315 Cached:5388.25 MB
2020-02-07 12:32:24,742 ====> Building Cache
2020-02-07 12:32:24,743 feature cache--->>> /home/annora/NetVLAD/output/train_feat_cache2.hdf5
2020-02-07 12:34:03,717 Allocated:33.1552734375 MB
2020-02-07 12:34:03,718 Cached:3386.375 MB
2020-02-07 12:35:03,737 ==> Epoch[5](200/553): Loss: 0.2674
2020-02-07 12:35:03,741 Allocated:33.15576171875 MB
2020-02-07 12:35:03,741 Cached:3393.375 MB
2020-02-07 12:36:29,069 ==> Epoch[5](250/553): Loss: 0.2050
2020-02-07 12:36:29,073 Allocated:33.15576171875 MB
2020-02-07 12:36:29,074 Cached:4566.375 MB
2020-02-07 12:37:51,050 ==> Epoch[5](300/553): Loss: 0.1074
2020-02-07 12:37:51,068 Allocated:33.15576171875 MB
2020-02-07 12:37:51,069 Cached:4566.375 MB
2020-02-07 12:39:16,942 ==> Epoch[5](350/553): Loss: 0.1151
2020-02-07 12:39:16,944 Allocated:33.15576171875 MB
2020-02-07 12:39:16,944 Cached:4566.375 MB
2020-02-07 12:39:45,437 ====> Building Cache
2020-02-07 12:39:45,438 feature cache--->>> /home/annora/NetVLAD/output/train_feat_cache2.hdf5
2020-02-07 12:41:21,011 Allocated:33.1552734375 MB
2020-02-07 12:41:21,011 Cached:3386.375 MB
2020-02-07 12:43:01,960 ==> Epoch[5](400/553): Loss: 0.0385
2020-02-07 12:43:01,964 Allocated:33.15576171875 MB
2020-02-07 12:43:01,964 Cached:8492.25 MB
2020-02-07 12:44:34,366 ==> Epoch[5](450/553): Loss: 0.0232
2020-02-07 12:44:34,369 Allocated:33.15576171875 MB
2020-02-07 12:44:34,370 Cached:8492.25 MB
2020-02-07 12:46:18,311 ==> Epoch[5](500/553): Loss: 0.0104
2020-02-07 12:46:18,315 Allocated:33.15576171875 MB
2020-02-07 12:46:18,316 Cached:8492.25 MB
2020-02-07 12:47:52,826 ==> Epoch[5](550/553): Loss: 0.0356
2020-02-07 12:47:52,829 Allocated:33.15576171875 MB
2020-02-07 12:47:52,829 Cached:8492.25 MB
2020-02-07 12:47:56,365 ===> Epoch 5 Complete: Avg. Loss: 0.0714
2020-02-07 12:47:56,366 ====> Extracting Features
2020-02-07 12:48:48,169 ==> Batch (50/108)
2020-02-07 12:49:14,197 ==> Batch (100/108)
2020-02-07 12:49:19,212 ====> Building faiss index
2020-02-07 12:49:19,607 ====> Calculating recall @ N
2020-02-07 12:49:22,194 ====> Recall@1: 0.6733
2020-02-07 12:49:22,195 ====> Recall@2: 0.7038
2020-02-07 12:49:22,196 ====> Recall@3: 0.7139
2020-02-07 12:49:22,196 ====> Recall@4: 0.7246
2020-02-07 12:49:22,196 ====> Recall@5: 0.7313
2020-02-07 12:49:22,197 ====> Recall@10: 0.7597
2020-02-07 12:49:22,197 ====> Recall@15: 0.7716
2020-02-07 12:49:22,197 ====> Recall@20: 0.7780
2020-02-07 12:49:22,197 ====> Recall@25: 0.7890
2020-02-07 12:49:22,404 ====> Building Cache
2020-02-07 12:49:22,405 feature cache--->>> /home/annora/NetVLAD/output/train_feat_cache2.hdf5
2020-02-07 12:50:58,736 Allocated:31.15576171875 MB
2020-02-07 12:50:58,737 Cached:4239.125 MB
2020-02-07 12:52:54,036 ==> Epoch[6](50/553): Loss: 0.1503
2020-02-07 12:52:54,040 Allocated:33.15576171875 MB
2020-02-07 12:52:54,040 Cached:4248.125 MB
2020-02-07 12:54:09,976 ==> Epoch[6](100/553): Loss: 0.0393
2020-02-07 12:54:09,979 Allocated:33.15576171875 MB
2020-02-07 12:54:09,980 Cached:4308.125 MB
2020-02-07 12:55:24,257 ==> Epoch[6](150/553): Loss: 0.0455
2020-02-07 12:55:24,260 Allocated:33.15576171875 MB
2020-02-07 12:55:24,261 Cached:4308.125 MB
2020-02-07 12:56:15,973 ====> Building Cache
2020-02-07 12:56:15,974 feature cache--->>> /home/annora/NetVLAD/output/train_feat_cache2.hdf5
2020-02-07 12:57:54,780 Allocated:33.1552734375 MB
2020-02-07 12:57:54,780 Cached:3386.375 MB
2020-02-07 12:58:57,096 ==> Epoch[6](200/553): Loss: 0.1124
2020-02-07 12:58:57,099 Allocated:33.15576171875 MB
2020-02-07 12:58:57,099 Cached:3393.375 MB
2020-02-07 13:00:28,183 ==> Epoch[6](250/553): Loss: 0.0800
2020-02-07 13:00:28,187 Allocated:33.15576171875 MB
2020-02-07 13:00:28,188 Cached:3393.375 MB
2020-02-07 13:01:46,942 ==> Epoch[6](300/553): Loss: 0.0338
2020-02-07 13:01:46,945 Allocated:33.15576171875 MB
2020-02-07 13:01:46,946 Cached:3393.375 MB
2020-02-07 13:03:05,492 ==> Epoch[6](350/553): Loss: 0.2125
2020-02-07 13:03:05,494 Allocated:33.15576171875 MB
2020-02-07 13:03:05,494 Cached:4577.0 MB
2020-02-07 13:03:37,375 ====> Building Cache
2020-02-07 13:03:37,376 feature cache--->>> /home/annora/NetVLAD/output/train_feat_cache2.hdf5
2020-02-07 13:05:04,282 Allocated:33.1552734375 MB
2020-02-07 13:05:04,282 Cached:3386.375 MB
2020-02-07 13:06:44,144 ==> Epoch[6](400/553): Loss: 0.0765
2020-02-07 13:06:44,149 Allocated:33.15576171875 MB
2020-02-07 13:06:44,149 Cached:9659.125 MB
2020-02-07 13:08:32,672 ==> Epoch[6](450/553): Loss: 0.0101
2020-02-07 13:08:32,676 Allocated:33.15576171875 MB
2020-02-07 13:08:32,677 Cached:9659.125 MB
2020-02-07 13:10:22,344 ==> Epoch[6](500/553): Loss: 0.0375
2020-02-07 13:10:22,347 Allocated:33.15576171875 MB
2020-02-07 13:10:22,348 Cached:9659.125 MB
2020-02-07 13:12:07,217 ==> Epoch[6](550/553): Loss: 0.0070
2020-02-07 13:12:07,219 Allocated:33.15576171875 MB
2020-02-07 13:12:07,219 Cached:9659.125 MB
2020-02-07 13:12:09,190 ===> Epoch 6 Complete: Avg. Loss: 0.0645
2020-02-07 13:12:09,192 ====> Extracting Features
2020-02-07 13:12:46,198 ==> Batch (50/108)
2020-02-07 13:13:12,690 ==> Batch (100/108)
2020-02-07 13:13:18,007 ====> Building faiss index
2020-02-07 13:13:18,438 ====> Calculating recall @ N
2020-02-07 13:13:21,045 ====> Recall@1: 0.6548
2020-02-07 13:13:21,046 ====> Recall@2: 0.6872
2020-02-07 13:13:21,047 ====> Recall@3: 0.7084
2020-02-07 13:13:21,048 ====> Recall@4: 0.7220
2020-02-07 13:13:21,048 ====> Recall@5: 0.7325
2020-02-07 13:13:21,048 ====> Recall@10: 0.7499
2020-02-07 13:13:21,048 ====> Recall@15: 0.7606
2020-02-07 13:13:21,048 ====> Recall@20: 0.7722
2020-02-07 13:13:21,049 ====> Recall@25: 0.7765
2020-02-07 13:13:21,263 ====> Building Cache
2020-02-07 13:13:21,264 feature cache--->>> /home/annora/NetVLAD/output/train_feat_cache2.hdf5
2020-02-07 13:15:00,044 Allocated:31.15576171875 MB
2020-02-07 13:15:00,045 Cached:4239.125 MB
2020-02-07 13:16:59,932 ==> Epoch[7](50/553): Loss: 0.0014
2020-02-07 13:16:59,943 Allocated:33.15576171875 MB
2020-02-07 13:16:59,943 Cached:4248.125 MB
2020-02-07 13:18:15,739 ==> Epoch[7](100/553): Loss: 0.0015
2020-02-07 13:18:15,743 Allocated:33.15576171875 MB
2020-02-07 13:18:15,744 Cached:5431.75 MB
2020-02-07 13:19:31,052 ==> Epoch[7](150/553): Loss: 0.0376
2020-02-07 13:19:31,055 Allocated:33.15576171875 MB
2020-02-07 13:19:31,056 Cached:5487.75 MB
2020-02-07 13:20:14,802 ====> Building Cache
2020-02-07 13:20:14,803 feature cache--->>> /home/annora/NetVLAD/output/train_feat_cache2.hdf5
2020-02-07 13:21:54,790 Allocated:33.1552734375 MB
2020-02-07 13:21:54,790 Cached:3386.375 MB
2020-02-07 13:23:04,394 ==> Epoch[7](200/553): Loss: 0.0556
2020-02-07 13:23:04,397 Allocated:33.15576171875 MB
2020-02-07 13:23:04,397 Cached:3393.375 MB
2020-02-07 13:24:53,528 ==> Epoch[7](250/553): Loss: 0.0158
2020-02-07 13:24:53,532 Allocated:33.15576171875 MB
2020-02-07 13:24:53,533 Cached:3393.375 MB
2020-02-07 13:26:09,001 ==> Epoch[7](300/553): Loss: 0.0928
2020-02-07 13:26:09,003 Allocated:33.15576171875 MB
2020-02-07 13:26:09,004 Cached:3393.375 MB
2020-02-07 13:27:28,842 ==> Epoch[7](350/553): Loss: 0.2226
2020-02-07 13:27:28,846 Allocated:33.15576171875 MB
2020-02-07 13:27:28,847 Cached:3394.375 MB
2020-02-07 13:28:01,635 ====> Building Cache
2020-02-07 13:28:01,636 feature cache--->>> /home/annora/NetVLAD/output/train_feat_cache2.hdf5
2020-02-07 13:29:38,085 Allocated:33.1552734375 MB
2020-02-07 13:29:38,085 Cached:3387.375 MB
2020-02-07 13:31:18,028 ==> Epoch[7](400/553): Loss: 0.0762
2020-02-07 13:31:18,031 Allocated:33.15576171875 MB
2020-02-07 13:31:18,031 Cached:8259.0 MB
2020-02-07 13:32:43,004 ==> Epoch[7](450/553): Loss: 0.0036
2020-02-07 13:32:43,007 Allocated:33.15576171875 MB
2020-02-07 13:32:43,007 Cached:4072.5 MB
2020-02-07 13:34:18,128 ==> Epoch[7](500/553): Loss: 0.0241
2020-02-07 13:34:18,132 Allocated:33.15576171875 MB
2020-02-07 13:34:18,132 Cached:5379.875 MB
2020-02-07 13:35:55,754 ==> Epoch[7](550/553): Loss: 0.0461
2020-02-07 13:35:55,757 Allocated:33.15576171875 MB
2020-02-07 13:35:55,757 Cached:5380.875 MB
2020-02-07 13:35:58,398 ===> Epoch 7 Complete: Avg. Loss: 0.0682
2020-02-07 13:35:58,399 ====> Extracting Features
2020-02-07 13:36:46,483 ==> Batch (50/108)
2020-02-07 13:37:17,358 ==> Batch (100/108)
2020-02-07 13:37:22,780 ====> Building faiss index
2020-02-07 13:37:23,358 ====> Calculating recall @ N
2020-02-07 13:37:27,550 ====> Recall@1: 0.6800
2020-02-07 13:37:27,551 ====> Recall@2: 0.6977
2020-02-07 13:37:27,552 ====> Recall@3: 0.7113
2020-02-07 13:37:27,552 ====> Recall@4: 0.7197
2020-02-07 13:37:27,552 ====> Recall@5: 0.7278
2020-02-07 13:37:27,552 ====> Recall@10: 0.7472
2020-02-07 13:37:27,553 ====> Recall@15: 0.7588
2020-02-07 13:37:27,553 ====> Recall@20: 0.7823
2020-02-07 13:37:27,553 ====> Recall@25: 0.8009
2020-02-07 13:37:27,711 ====> Building Cache
2020-02-07 13:37:27,712 feature cache--->>> /home/annora/NetVLAD/output/train_feat_cache2.hdf5
2020-02-07 13:39:01,223 Allocated:31.15576171875 MB
2020-02-07 13:39:01,223 Cached:4239.125 MB
2020-02-07 13:40:51,575 ==> Epoch[8](50/553): Loss: 0.0083
2020-02-07 13:40:51,579 Allocated:33.15576171875 MB
2020-02-07 13:40:51,580 Cached:4249.125 MB
2020-02-07 13:42:04,705 ==> Epoch[8](100/553): Loss: 0.0425
2020-02-07 13:42:04,708 Allocated:33.15576171875 MB
2020-02-07 13:42:04,708 Cached:4308.125 MB
2020-02-07 13:43:22,450 ==> Epoch[8](150/553): Loss: 0.0000
2020-02-07 13:43:22,454 Allocated:33.15576171875 MB
2020-02-07 13:43:22,455 Cached:4308.125 MB
2020-02-07 13:44:10,650 ====> Building Cache
2020-02-07 13:44:10,652 feature cache--->>> /home/annora/NetVLAD/output/train_feat_cache2.hdf5
2020-02-07 13:45:41,319 Allocated:33.1552734375 MB
2020-02-07 13:45:41,319 Cached:3386.375 MB
2020-02-07 13:46:42,729 ==> Epoch[8](200/553): Loss: 0.2384
2020-02-07 13:46:42,732 Allocated:33.15576171875 MB
2020-02-07 13:46:42,732 Cached:3390.375 MB
2020-02-07 13:48:17,609 ==> Epoch[8](250/553): Loss: 0.1647
2020-02-07 13:48:17,612 Allocated:33.15576171875 MB
2020-02-07 13:48:17,613 Cached:3395.375 MB
2020-02-07 13:49:30,696 ==> Epoch[8](300/553): Loss: 0.1500
2020-02-07 13:49:30,699 Allocated:33.15576171875 MB
2020-02-07 13:49:30,699 Cached:3395.375 MB
2020-02-07 13:50:45,402 ==> Epoch[8](350/553): Loss: 0.0367
2020-02-07 13:50:45,405 Allocated:33.15576171875 MB
2020-02-07 13:50:45,406 Cached:3395.375 MB
2020-02-07 13:51:12,823 ====> Building Cache
2020-02-07 13:51:12,824 feature cache--->>> /home/annora/NetVLAD/output/train_feat_cache2.hdf5
2020-02-07 13:52:34,142 Allocated:33.1552734375 MB
2020-02-07 13:52:34,143 Cached:3385.375 MB
2020-02-07 13:53:53,675 ==> Epoch[8](400/553): Loss: 0.0404
2020-02-07 13:53:53,677 Allocated:33.15576171875 MB
2020-02-07 13:53:53,678 Cached:4613.0 MB
2020-02-07 13:55:14,401 ==> Epoch[8](450/553): Loss: 0.1293
2020-02-07 13:55:14,405 Allocated:33.15576171875 MB
2020-02-07 13:55:14,405 Cached:5844.625 MB
2020-02-07 13:56:37,596 ==> Epoch[8](500/553): Loss: 0.0227
2020-02-07 13:56:37,599 Allocated:33.15576171875 MB
2020-02-07 13:56:37,600 Cached:5844.625 MB
2020-02-07 13:57:50,975 ==> Epoch[8](550/553): Loss: 0.0106
2020-02-07 13:57:50,977 Allocated:33.15576171875 MB
2020-02-07 13:57:50,977 Cached:5844.625 MB
2020-02-07 13:57:55,795 ===> Epoch 8 Complete: Avg. Loss: 0.0768
2020-02-07 13:57:55,798 ====> Extracting Features
2020-02-07 13:58:33,601 ==> Batch (50/108)
2020-02-07 13:58:53,954 ==> Batch (100/108)
2020-02-07 13:58:58,308 ====> Building faiss index
2020-02-07 13:58:58,672 ====> Calculating recall @ N
2020-02-07 13:59:00,856 ====> Recall@1: 0.6846
2020-02-07 13:59:00,857 ====> Recall@2: 0.7119
2020-02-07 13:59:00,858 ====> Recall@3: 0.7342
2020-02-07 13:59:00,858 ====> Recall@4: 0.7438
2020-02-07 13:59:00,858 ====> Recall@5: 0.7545
2020-02-07 13:59:00,858 ====> Recall@10: 0.7710
2020-02-07 13:59:00,859 ====> Recall@15: 0.7806
2020-02-07 13:59:00,859 ====> Recall@20: 0.7867
2020-02-07 13:59:00,859 ====> Recall@25: 0.7936
2020-02-07 13:59:01,036 ====> Building Cache
2020-02-07 13:59:01,036 feature cache--->>> /home/annora/NetVLAD/output/train_feat_cache2.hdf5
2020-02-07 14:00:24,016 Allocated:31.15576171875 MB
2020-02-07 14:00:24,016 Cached:4239.125 MB
2020-02-07 14:02:04,463 ==> Epoch[9](50/553): Loss: 0.0248
2020-02-07 14:02:04,467 Allocated:33.15576171875 MB
2020-02-07 14:02:04,468 Cached:4249.125 MB
2020-02-07 14:03:11,107 ==> Epoch[9](100/553): Loss: 0.0170
2020-02-07 14:03:11,109 Allocated:33.15576171875 MB
2020-02-07 14:03:11,110 Cached:4308.125 MB
2020-02-07 14:04:08,343 ==> Epoch[9](150/553): Loss: 0.0078
2020-02-07 14:04:08,345 Allocated:33.15576171875 MB
2020-02-07 14:04:08,346 Cached:4308.125 MB
2020-02-07 14:04:49,184 ====> Building Cache
2020-02-07 14:04:49,185 feature cache--->>> /home/annora/NetVLAD/output/train_feat_cache2.hdf5
2020-02-07 14:06:16,436 Allocated:33.1552734375 MB
2020-02-07 14:06:16,437 Cached:3386.375 MB
2020-02-07 14:07:11,683 ==> Epoch[9](200/553): Loss: 0.1145
2020-02-07 14:07:11,686 Allocated:33.15576171875 MB
2020-02-07 14:07:11,686 Cached:3394.375 MB
2020-02-07 14:08:28,297 ==> Epoch[9](250/553): Loss: 0.1015
2020-02-07 14:08:28,300 Allocated:33.15576171875 MB
2020-02-07 14:08:28,301 Cached:4570.625 MB
2020-02-07 14:09:30,873 ==> Epoch[9](300/553): Loss: 0.1072
2020-02-07 14:09:30,875 Allocated:33.15576171875 MB
2020-02-07 14:09:30,876 Cached:4570.625 MB
2020-02-07 14:10:34,439 ==> Epoch[9](350/553): Loss: 0.0060
2020-02-07 14:10:34,441 Allocated:33.15576171875 MB
2020-02-07 14:10:34,442 Cached:4570.625 MB
2020-02-07 14:10:57,212 ====> Building Cache
2020-02-07 14:10:57,213 feature cache--->>> /home/annora/NetVLAD/output/train_feat_cache2.hdf5
2020-02-07 14:12:19,757 Allocated:33.1552734375 MB
2020-02-07 14:12:19,757 Cached:3386.375 MB
2020-02-07 14:13:47,574 ==> Epoch[9](400/553): Loss: 0.0414
2020-02-07 14:13:47,576 Allocated:33.15576171875 MB
2020-02-07 14:13:47,577 Cached:9514.0 MB
2020-02-07 14:15:10,548 ==> Epoch[9](450/553): Loss: 0.0456
2020-02-07 14:15:10,550 Allocated:33.15576171875 MB
2020-02-07 14:15:10,551 Cached:5853.125 MB
2020-02-07 14:16:31,241 ==> Epoch[9](500/553): Loss: 0.0004
2020-02-07 14:16:31,244 Allocated:33.15576171875 MB
2020-02-07 14:16:31,244 Cached:4076.25 MB
2020-02-07 14:17:55,506 ==> Epoch[9](550/553): Loss: 0.0380
2020-02-07 14:17:55,508 Allocated:33.15576171875 MB
2020-02-07 14:17:55,509 Cached:4078.25 MB
2020-02-07 14:18:01,051 ===> Epoch 9 Complete: Avg. Loss: 0.0569
2020-02-07 14:18:01,052 ====> Extracting Features
2020-02-07 14:18:38,748 ==> Batch (50/108)
2020-02-07 14:19:01,458 ==> Batch (100/108)
2020-02-07 14:19:06,182 ====> Building faiss index
2020-02-07 14:19:06,560 ====> Calculating recall @ N
2020-02-07 14:19:08,854 ====> Recall@1: 0.6832
2020-02-07 14:19:08,855 ====> Recall@2: 0.7032
2020-02-07 14:19:08,856 ====> Recall@3: 0.7122
2020-02-07 14:19:08,856 ====> Recall@4: 0.7177
2020-02-07 14:19:08,856 ====> Recall@5: 0.7246
2020-02-07 14:19:08,856 ====> Recall@10: 0.7588
2020-02-07 14:19:08,857 ====> Recall@15: 0.7672
2020-02-07 14:19:08,857 ====> Recall@20: 0.7933
2020-02-07 14:19:08,857 ====> Recall@25: 0.8168
2020-02-07 14:19:08,990 ====> Building Cache
2020-02-07 14:19:08,990 feature cache--->>> /home/annora/NetVLAD/output/train_feat_cache2.hdf5
2020-02-07 14:20:30,255 Allocated:31.15576171875 MB
2020-02-07 14:20:30,255 Cached:4239.125 MB
2020-02-07 14:22:09,000 ==> Epoch[10](50/553): Loss: 0.0158
2020-02-07 14:22:09,003 Allocated:33.15576171875 MB
2020-02-07 14:22:09,003 Cached:4249.125 MB
2020-02-07 14:23:21,935 ==> Epoch[10](100/553): Loss: 0.0000
2020-02-07 14:23:21,939 Allocated:33.15576171875 MB
2020-02-07 14:23:21,940 Cached:4249.125 MB
2020-02-07 14:24:21,941 ==> Epoch[10](150/553): Loss: 0.0049
2020-02-07 14:24:21,945 Allocated:33.15576171875 MB
2020-02-07 14:24:21,945 Cached:4249.125 MB
2020-02-07 14:25:06,550 ====> Building Cache
2020-02-07 14:25:06,552 feature cache--->>> /home/annora/NetVLAD/output/train_feat_cache2.hdf5
2020-02-07 14:26:27,350 Allocated:33.1552734375 MB
2020-02-07 14:26:27,351 Cached:3386.375 MB
2020-02-07 14:27:16,078 ==> Epoch[10](200/553): Loss: 0.0239
2020-02-07 14:27:16,081 Allocated:33.15576171875 MB
2020-02-07 14:27:16,082 Cached:3393.375 MB
2020-02-07 14:28:29,379 ==> Epoch[10](250/553): Loss: 0.0548
2020-02-07 14:28:29,382 Allocated:33.15576171875 MB
2020-02-07 14:28:29,383 Cached:3394.375 MB
2020-02-07 14:29:35,319 ==> Epoch[10](300/553): Loss: 0.0662
2020-02-07 14:29:35,321 Allocated:33.15576171875 MB
2020-02-07 14:29:35,322 Cached:4530.375 MB
2020-02-07 14:30:39,144 ==> Epoch[10](350/553): Loss: 0.1402
2020-02-07 14:30:39,146 Allocated:33.15576171875 MB
2020-02-07 14:30:39,146 Cached:5668.5 MB
2020-02-07 14:31:02,479 ====> Building Cache
2020-02-07 14:31:02,480 feature cache--->>> /home/annora/NetVLAD/output/train_feat_cache2.hdf5
2020-02-07 14:32:29,777 Allocated:33.1552734375 MB
2020-02-07 14:32:29,777 Cached:3386.375 MB
2020-02-07 14:33:48,769 ==> Epoch[10](400/553): Loss: 0.1045
2020-02-07 14:33:48,772 Allocated:33.15576171875 MB
2020-02-07 14:33:48,773 Cached:5857.375 MB
2020-02-07 14:35:03,540 ==> Epoch[10](450/553): Loss: 0.0488
2020-02-07 14:35:03,542 Allocated:33.15576171875 MB
2020-02-07 14:35:03,542 Cached:5857.375 MB
2020-02-07 14:36:28,287 ==> Epoch[10](500/553): Loss: 0.0822
2020-02-07 14:36:28,289 Allocated:33.15576171875 MB
2020-02-07 14:36:28,289 Cached:5857.375 MB
2020-02-07 14:37:42,910 ==> Epoch[10](550/553): Loss: 0.0095
2020-02-07 14:37:42,912 Allocated:33.15576171875 MB
2020-02-07 14:37:42,913 Cached:5857.375 MB
2020-02-07 14:37:45,513 ===> Epoch 10 Complete: Avg. Loss: 0.0572
2020-02-07 14:37:45,515 ====> Extracting Features
2020-02-07 14:38:21,261 ==> Batch (50/108)
2020-02-07 14:38:42,008 ==> Batch (100/108)
2020-02-07 14:38:46,981 ====> Building faiss index
2020-02-07 14:38:47,355 ====> Calculating recall @ N
2020-02-07 14:38:49,584 ====> Recall@1: 0.7006
2020-02-07 14:38:49,585 ====> Recall@2: 0.7151
2020-02-07 14:38:49,586 ====> Recall@3: 0.7293
2020-02-07 14:38:49,586 ====> Recall@4: 0.7362
2020-02-07 14:38:49,586 ====> Recall@5: 0.7441
2020-02-07 14:38:49,587 ====> Recall@10: 0.7928
2020-02-07 14:38:49,587 ====> Recall@15: 0.8200
2020-02-07 14:38:49,587 ====> Recall@20: 0.8374
2020-02-07 14:38:49,587 ====> Recall@25: 0.8406
2020-02-07 14:38:49,718 ====> Building Cache
2020-02-07 14:38:49,718 feature cache--->>> /home/annora/NetVLAD/output/train_feat_cache2.hdf5
2020-02-07 14:40:12,221 Allocated:31.15576171875 MB
2020-02-07 14:40:12,222 Cached:4239.125 MB
2020-02-07 14:41:56,540 ==> Epoch[11](50/553): Loss: 0.0031
2020-02-07 14:41:56,543 Allocated:33.15576171875 MB
2020-02-07 14:41:56,543 Cached:4309.125 MB
2020-02-07 14:42:56,097 ==> Epoch[11](100/553): Loss: 0.1150
2020-02-07 14:42:56,099 Allocated:33.15576171875 MB
2020-02-07 14:42:56,099 Cached:4309.125 MB
2020-02-07 14:43:51,691 ==> Epoch[11](150/553): Loss: 0.0248
2020-02-07 14:43:51,693 Allocated:33.15576171875 MB
2020-02-07 14:43:51,693 Cached:4309.125 MB
2020-02-07 14:44:38,797 ====> Building Cache
2020-02-07 14:44:38,799 feature cache--->>> /home/annora/NetVLAD/output/train_feat_cache2.hdf5
2020-02-07 14:46:06,004 Allocated:33.1552734375 MB
2020-02-07 14:46:06,005 Cached:3386.375 MB
2020-02-07 14:46:59,903 ==> Epoch[11](200/553): Loss: 0.2091
2020-02-07 14:46:59,905 Allocated:33.15576171875 MB
2020-02-07 14:46:59,905 Cached:3453.375 MB
2020-02-07 14:48:14,636 ==> Epoch[11](250/553): Loss: 0.2065
2020-02-07 14:48:14,639 Allocated:33.15576171875 MB
2020-02-07 14:48:14,639 Cached:3453.375 MB
2020-02-07 14:49:20,629 ==> Epoch[11](300/553): Loss: 0.0997
2020-02-07 14:49:20,631 Allocated:33.15576171875 MB
2020-02-07 14:49:20,631 Cached:3453.375 MB
2020-02-07 14:50:19,669 ==> Epoch[11](350/553): Loss: 0.1548
2020-02-07 14:50:19,671 Allocated:33.15576171875 MB
2020-02-07 14:50:19,672 Cached:3453.375 MB
2020-02-07 14:50:41,857 ====> Building Cache
2020-02-07 14:50:41,858 feature cache--->>> /home/annora/NetVLAD/output/train_feat_cache2.hdf5
2020-02-07 14:52:08,710 Allocated:33.1552734375 MB
2020-02-07 14:52:08,710 Cached:3386.375 MB
2020-02-07 14:53:47,425 ==> Epoch[11](400/553): Loss: 0.0200
2020-02-07 14:53:47,430 Allocated:33.15576171875 MB
2020-02-07 14:53:47,431 Cached:8029.75 MB
2020-02-07 14:54:59,233 ==> Epoch[11](450/553): Loss: 0.0146
2020-02-07 14:54:59,236 Allocated:33.15576171875 MB
2020-02-07 14:54:59,236 Cached:9218.875 MB
2020-02-07 14:56:17,207 ==> Epoch[11](500/553): Loss: 0.0024
2020-02-07 14:56:17,209 Allocated:33.15576171875 MB
2020-02-07 14:56:17,210 Cached:3794.625 MB
2020-02-07 14:57:27,320 ==> Epoch[11](550/553): Loss: 0.0336
2020-02-07 14:57:27,324 Allocated:33.15576171875 MB
2020-02-07 14:57:27,324 Cached:4909.625 MB
2020-02-07 14:57:31,988 ===> Epoch 11 Complete: Avg. Loss: 0.0572
2020-02-07 14:57:31,989 ====> Extracting Features
2020-02-07 14:58:24,670 ==> Batch (50/108)
2020-02-07 14:58:53,079 ==> Batch (100/108)
2020-02-07 14:58:57,845 ====> Building faiss index
2020-02-07 14:58:58,227 ====> Calculating recall @ N
2020-02-07 14:59:00,881 ====> Recall@1: 0.6907
2020-02-07 14:59:00,882 ====> Recall@2: 0.7055
2020-02-07 14:59:00,883 ====> Recall@3: 0.7194
2020-02-07 14:59:00,883 ====> Recall@4: 0.7391
2020-02-07 14:59:00,883 ====> Recall@5: 0.7443
2020-02-07 14:59:00,883 ====> Recall@10: 0.7629
2020-02-07 14:59:00,884 ====> Recall@15: 0.7710
2020-02-07 14:59:00,884 ====> Recall@20: 0.7843
2020-02-07 14:59:00,884 ====> Recall@25: 0.7896
2020-02-07 14:59:01,021 ====> Building Cache
2020-02-07 14:59:01,021 feature cache--->>> /home/annora/NetVLAD/output/train_feat_cache2.hdf5
2020-02-07 15:00:24,313 Allocated:31.15576171875 MB
2020-02-07 15:00:24,314 Cached:4239.125 MB
2020-02-07 15:03:01,957 ==> Epoch[12](100/553): Loss: 0.0000
2020-02-07 15:03:01,959 Allocated:33.15576171875 MB
2020-02-07 15:03:01,960 Cached:4309.125 MB
2020-02-07 15:04:12,562 ==> Epoch[12](150/553): Loss: 0.0000
2020-02-07 15:04:12,565 Allocated:33.15576171875 MB
2020-02-07 15:04:12,566 Cached:4309.125 MB
2020-02-07 15:05:08,752 ====> Building Cache
2020-02-07 15:05:08,753 feature cache--->>> /home/annora/NetVLAD/output/train_feat_cache2.hdf5
2020-02-07 15:06:45,997 Allocated:33.1552734375 MB
2020-02-07 15:06:45,998 Cached:3386.375 MB
2020-02-07 15:07:42,307 ==> Epoch[12](200/553): Loss: 0.0508
2020-02-07 15:07:42,309 Allocated:33.15576171875 MB
2020-02-07 15:07:42,309 Cached:3389.375 MB
2020-02-07 15:08:46,513 ==> Epoch[12](250/553): Loss: 0.3233
2020-02-07 15:08:46,515 Allocated:33.15576171875 MB
2020-02-07 15:08:46,516 Cached:3453.375 MB
2020-02-07 15:09:56,482 ==> Epoch[12](300/553): Loss: 0.0000
2020-02-07 15:09:56,484 Allocated:33.15576171875 MB
2020-02-07 15:09:56,485 Cached:3453.375 MB
2020-02-07 15:11:04,744 ==> Epoch[12](350/553): Loss: 0.1004
2020-02-07 15:11:04,746 Allocated:33.15576171875 MB
2020-02-07 15:11:04,746 Cached:3453.375 MB
2020-02-07 15:11:27,196 ====> Building Cache
2020-02-07 15:11:27,196 feature cache--->>> /home/annora/NetVLAD/output/train_feat_cache2.hdf5
2020-02-07 15:12:51,706 Allocated:33.1552734375 MB
2020-02-07 15:12:51,706 Cached:3385.375 MB
2020-02-07 15:14:05,965 ==> Epoch[12](400/553): Loss: 0.0027
2020-02-07 15:14:05,967 Allocated:33.15576171875 MB
2020-02-07 15:14:05,967 Cached:4533.5 MB
2020-02-07 15:15:23,441 ==> Epoch[12](450/553): Loss: 0.0085
2020-02-07 15:15:23,444 Allocated:33.15576171875 MB
2020-02-07 15:15:23,444 Cached:5695.0 MB
2020-02-07 15:16:37,976 ==> Epoch[12](500/553): Loss: 0.0176
2020-02-07 15:16:37,979 Allocated:33.15576171875 MB
2020-02-07 15:16:37,979 Cached:5695.0 MB
2020-02-07 15:17:57,348 ==> Epoch[12](550/553): Loss: 0.0001
2020-02-07 15:17:57,351 Allocated:33.15576171875 MB
2020-02-07 15:17:57,352 Cached:5695.0 MB
2020-02-07 15:18:05,154 ===> Epoch 12 Complete: Avg. Loss: 0.0622
2020-02-07 15:18:05,157 ====> Extracting Features
2020-02-07 15:18:49,692 ==> Batch (50/108)
2020-02-07 15:19:13,243 ==> Batch (100/108)
2020-02-07 15:19:17,549 ====> Building faiss index
2020-02-07 15:19:17,913 ====> Calculating recall @ N
2020-02-07 15:19:20,477 ====> Recall@1: 0.6922
2020-02-07 15:19:20,478 ====> Recall@2: 0.7133
2020-02-07 15:19:20,479 ====> Recall@3: 0.7229
2020-02-07 15:19:20,479 ====> Recall@4: 0.7287
2020-02-07 15:19:20,480 ====> Recall@5: 0.7330
2020-02-07 15:19:20,480 ====> Recall@10: 0.7690
2020-02-07 15:19:20,480 ====> Recall@15: 0.7809
2020-02-07 15:19:20,480 ====> Recall@20: 0.7881
2020-02-07 15:19:20,480 ====> Recall@25: 0.7939
2020-02-07 15:19:20,615 ====> Building Cache
2020-02-07 15:19:20,615 feature cache--->>> /home/annora/NetVLAD/output/train_feat_cache2.hdf5
2020-02-07 15:20:47,424 Allocated:31.15576171875 MB
2020-02-07 15:20:47,424 Cached:4239.125 MB
2020-02-07 15:22:36,607 ==> Epoch[13](50/553): Loss: 0.0028
2020-02-07 15:22:36,612 Allocated:33.15576171875 MB
2020-02-07 15:22:36,612 Cached:4308.125 MB
2020-02-07 15:24:49,523 ==> Epoch[13](150/553): Loss: 0.0100
2020-02-07 15:24:49,526 Allocated:33.15576171875 MB
2020-02-07 15:24:49,526 Cached:4308.125 MB
2020-02-07 15:25:31,834 ====> Building Cache
2020-02-07 15:25:31,835 feature cache--->>> /home/annora/NetVLAD/output/train_feat_cache2.hdf5
2020-02-07 15:26:56,153 Allocated:33.1552734375 MB
2020-02-07 15:26:56,153 Cached:3386.375 MB
2020-02-07 15:27:48,644 ==> Epoch[13](200/553): Loss: 0.0306
2020-02-07 15:27:48,647 Allocated:33.15576171875 MB
2020-02-07 15:27:48,647 Cached:3393.375 MB
2020-02-07 15:29:07,017 ==> Epoch[13](250/553): Loss: 0.0431
2020-02-07 15:29:07,021 Allocated:33.15576171875 MB
2020-02-07 15:29:07,022 Cached:3394.375 MB
2020-02-07 15:30:18,087 ==> Epoch[13](300/553): Loss: 0.0142
2020-02-07 15:30:18,089 Allocated:33.15576171875 MB
2020-02-07 15:30:18,089 Cached:3394.375 MB
2020-02-07 15:31:21,947 ==> Epoch[13](350/553): Loss: 0.0373
2020-02-07 15:31:21,949 Allocated:33.15576171875 MB
2020-02-07 15:31:21,950 Cached:3394.375 MB
2020-02-07 15:31:44,104 ====> Building Cache
2020-02-07 15:31:44,105 feature cache--->>> /home/annora/NetVLAD/output/train_feat_cache2.hdf5
2020-02-07 15:33:06,178 Allocated:33.1552734375 MB
2020-02-07 15:33:06,179 Cached:3386.375 MB
2020-02-07 15:34:34,177 ==> Epoch[13](400/553): Loss: 0.0120
2020-02-07 15:34:34,181 Allocated:33.15576171875 MB
2020-02-07 15:34:34,181 Cached:5695.0 MB
2020-02-07 15:35:58,018 ==> Epoch[13](450/553): Loss: 0.0051
2020-02-07 15:35:58,024 Allocated:33.15576171875 MB
2020-02-07 15:35:58,025 Cached:8088.0 MB
2020-02-07 15:37:24,381 ==> Epoch[13](500/553): Loss: 0.0008
2020-02-07 15:37:24,382 Allocated:33.15576171875 MB
2020-02-07 15:37:24,383 Cached:8088.0 MB
2020-02-07 15:38:35,808 ==> Epoch[13](550/553): Loss: 0.0080
2020-02-07 15:38:35,810 Allocated:33.15576171875 MB
2020-02-07 15:38:35,810 Cached:8088.0 MB
2020-02-07 15:38:40,315 ===> Epoch 13 Complete: Avg. Loss: 0.0469
2020-02-07 15:38:40,316 ====> Extracting Features
2020-02-07 15:39:20,389 ==> Batch (50/108)
2020-02-07 15:39:45,105 ==> Batch (100/108)
2020-02-07 15:39:49,565 ====> Building faiss index
2020-02-07 15:39:49,951 ====> Calculating recall @ N
2020-02-07 15:39:52,249 ====> Recall@1: 0.7093
2020-02-07 15:39:52,250 ====> Recall@2: 0.7255
2020-02-07 15:39:52,251 ====> Recall@3: 0.7345
2020-02-07 15:39:52,251 ====> Recall@4: 0.7467
2020-02-07 15:39:52,251 ====> Recall@5: 0.7507
2020-02-07 15:39:52,251 ====> Recall@10: 0.7699
2020-02-07 15:39:52,252 ====> Recall@15: 0.7803
2020-02-07 15:39:52,252 ====> Recall@20: 0.7974
2020-02-07 15:39:52,252 ====> Recall@25: 0.8012
2020-02-07 15:39:52,384 ====> Building Cache
2020-02-07 15:39:52,385 feature cache--->>> /home/annora/NetVLAD/output/train_feat_cache2.hdf5
2020-02-07 15:41:15,861 Allocated:31.15576171875 MB
2020-02-07 15:41:15,861 Cached:4239.125 MB
2020-02-07 15:43:02,415 ==> Epoch[14](50/553): Loss: 0.0000
2020-02-07 15:43:02,419 Allocated:33.15576171875 MB
2020-02-07 15:43:02,420 Cached:4309.125 MB
2020-02-07 15:44:05,796 ==> Epoch[14](100/553): Loss: 0.0000
2020-02-07 15:44:05,798 Allocated:33.15576171875 MB
2020-02-07 15:44:05,798 Cached:4309.125 MB
2020-02-07 15:45:05,910 ==> Epoch[14](150/553): Loss: 0.0907
2020-02-07 15:45:05,914 Allocated:33.15576171875 MB
2020-02-07 15:45:05,914 Cached:4309.125 MB
2020-02-07 15:45:47,294 ====> Building Cache
2020-02-07 15:45:47,295 feature cache--->>> /home/annora/NetVLAD/output/train_feat_cache2.hdf5
2020-02-07 15:47:11,457 Allocated:33.1552734375 MB
2020-02-07 15:47:11,459 Cached:3386.375 MB
2020-02-07 15:48:08,016 ==> Epoch[14](200/553): Loss: 0.0360
2020-02-07 15:48:08,020 Allocated:33.15576171875 MB
2020-02-07 15:48:08,020 Cached:3392.375 MB
2020-02-07 15:49:21,674 ==> Epoch[14](250/553): Loss: 0.0760
2020-02-07 15:49:21,676 Allocated:33.15576171875 MB
2020-02-07 15:49:21,676 Cached:3394.375 MB
2020-02-07 15:50:24,836 ==> Epoch[14](300/553): Loss: 0.0000
2020-02-07 15:50:24,839 Allocated:33.15576171875 MB
2020-02-07 15:50:24,840 Cached:3394.375 MB
2020-02-07 15:51:33,604 ==> Epoch[14](350/553): Loss: 0.3243
2020-02-07 15:51:33,608 Allocated:33.15576171875 MB
2020-02-07 15:51:33,608 Cached:3394.375 MB
2020-02-07 15:51:55,561 ====> Building Cache
2020-02-07 15:51:55,562 feature cache--->>> /home/annora/NetVLAD/output/train_feat_cache2.hdf5
2020-02-07 15:53:27,489 Allocated:33.1552734375 MB
2020-02-07 15:53:27,490 Cached:3386.375 MB
2020-02-07 15:54:47,524 ==> Epoch[14](400/553): Loss: 0.0199
2020-02-07 15:54:47,527 Allocated:33.15576171875 MB
2020-02-07 15:54:47,528 Cached:6972.25 MB
2020-02-07 15:56:03,029 ==> Epoch[14](450/553): Loss: 0.0222
2020-02-07 15:56:03,031 Allocated:33.15576171875 MB
2020-02-07 15:56:03,031 Cached:6972.25 MB
2020-02-07 15:57:23,612 ==> Epoch[14](500/553): Loss: 0.0339
2020-02-07 15:57:23,615 Allocated:33.15576171875 MB
2020-02-07 15:57:23,615 Cached:6972.25 MB
2020-02-07 15:58:40,776 ==> Epoch[14](550/553): Loss: 0.0013
2020-02-07 15:58:40,778 Allocated:33.15576171875 MB
2020-02-07 15:58:40,778 Cached:6972.25 MB
2020-02-07 15:58:46,077 ===> Epoch 14 Complete: Avg. Loss: 0.0428
2020-02-07 15:58:46,078 ====> Extracting Features
2020-02-07 15:59:26,441 ==> Batch (50/108)
2020-02-07 15:59:48,750 ==> Batch (100/108)
2020-02-07 15:59:53,587 ====> Building faiss index
2020-02-07 15:59:53,932 ====> Calculating recall @ N
2020-02-07 15:59:56,233 ====> Recall@1: 0.6974
2020-02-07 15:59:56,234 ====> Recall@2: 0.7171
2020-02-07 15:59:56,234 ====> Recall@3: 0.7255
2020-02-07 15:59:56,234 ====> Recall@4: 0.7310
2020-02-07 15:59:56,235 ====> Recall@5: 0.7374
2020-02-07 15:59:56,235 ====> Recall@10: 0.7574
2020-02-07 15:59:56,235 ====> Recall@15: 0.7870
2020-02-07 15:59:56,235 ====> Recall@20: 0.8049
2020-02-07 15:59:56,235 ====> Recall@25: 0.8183
2020-02-07 15:59:56,372 ====> Building Cache
2020-02-07 15:59:56,372 feature cache--->>> /home/annora/NetVLAD/output/train_feat_cache2.hdf5
2020-02-07 16:01:21,389 Allocated:31.15576171875 MB
2020-02-07 16:01:21,390 Cached:4239.125 MB
2020-02-07 16:03:09,509 ==> Epoch[15](50/553): Loss: 0.0113
2020-02-07 16:03:09,512 Allocated:33.15576171875 MB
2020-02-07 16:03:09,512 Cached:4308.125 MB
2020-02-07 16:04:14,568 ==> Epoch[15](100/553): Loss: 0.0114
2020-02-07 16:04:14,571 Allocated:33.15576171875 MB
2020-02-07 16:04:14,572 Cached:4308.125 MB
2020-02-07 16:05:19,765 ==> Epoch[15](150/553): Loss: 0.0289
2020-02-07 16:05:19,768 Allocated:33.15576171875 MB
2020-02-07 16:05:19,769 Cached:4309.125 MB
2020-02-07 16:06:01,926 ====> Building Cache
2020-02-07 16:06:01,927 feature cache--->>> /home/annora/NetVLAD/output/train_feat_cache2.hdf5
2020-02-07 16:07:22,957 Allocated:33.1552734375 MB
2020-02-07 16:07:22,958 Cached:3386.375 MB
2020-02-07 16:08:15,945 ==> Epoch[15](200/553): Loss: 0.0149
2020-02-07 16:08:15,948 Allocated:33.15576171875 MB
2020-02-07 16:08:15,948 Cached:3453.375 MB
2020-02-07 16:09:34,707 ==> Epoch[15](250/553): Loss: 0.1462
2020-02-07 16:09:34,709 Allocated:33.15576171875 MB
2020-02-07 16:09:34,710 Cached:3453.375 MB
2020-02-07 16:10:40,086 ==> Epoch[15](300/553): Loss: 0.0650
2020-02-07 16:10:40,088 Allocated:33.15576171875 MB
2020-02-07 16:10:40,089 Cached:3453.375 MB
2020-02-07 16:11:50,901 ==> Epoch[15](350/553): Loss: 0.0165
2020-02-07 16:11:50,904 Allocated:33.15576171875 MB
2020-02-07 16:11:50,905 Cached:4601.125 MB
2020-02-07 16:12:13,292 ====> Building Cache
2020-02-07 16:12:13,293 feature cache--->>> /home/annora/NetVLAD/output/train_feat_cache2.hdf5
2020-02-07 16:13:35,503 Allocated:33.1552734375 MB
2020-02-07 16:13:35,503 Cached:3386.375 MB
2020-02-07 16:14:57,619 ==> Epoch[15](400/553): Loss: 0.0826
2020-02-07 16:14:57,623 Allocated:33.15576171875 MB
2020-02-07 16:14:57,623 Cached:4602.5 MB
2020-02-07 16:16:14,189 ==> Epoch[15](450/553): Loss: 0.0220
2020-02-07 16:16:14,192 Allocated:33.15576171875 MB
2020-02-07 16:16:14,193 Cached:4602.5 MB
2020-02-07 16:17:28,390 ==> Epoch[15](500/553): Loss: 0.0056
2020-02-07 16:17:28,392 Allocated:33.15576171875 MB
2020-02-07 16:17:28,392 Cached:4602.5 MB
2020-02-07 16:18:37,770 ==> Epoch[15](550/553): Loss: 0.0501
2020-02-07 16:18:37,772 Allocated:33.15576171875 MB
2020-02-07 16:18:37,772 Cached:4602.5 MB
2020-02-07 16:18:48,165 ===> Epoch 15 Complete: Avg. Loss: 0.0497
2020-02-07 16:18:48,166 ====> Extracting Features
2020-02-07 16:19:23,750 ==> Batch (50/108)
2020-02-07 16:19:48,350 ==> Batch (100/108)
2020-02-07 16:19:53,035 ====> Building faiss index
2020-02-07 16:19:53,493 ====> Calculating recall @ N
2020-02-07 16:19:56,132 ====> Recall@1: 0.7052
2020-02-07 16:19:56,133 ====> Recall@2: 0.7235
2020-02-07 16:19:56,134 ====> Recall@3: 0.7301
2020-02-07 16:19:56,134 ====> Recall@4: 0.7357
2020-02-07 16:19:56,134 ====> Recall@5: 0.7412
2020-02-07 16:19:56,135 ====> Recall@10: 0.7751
2020-02-07 16:19:56,135 ====> Recall@15: 0.7843
2020-02-07 16:19:56,135 ====> Recall@20: 0.7896
2020-02-07 16:19:56,135 ====> Recall@25: 0.7928
2020-02-07 16:19:56,283 ====> Building Cache
2020-02-07 16:19:56,284 feature cache--->>> /home/annora/NetVLAD/output/train_feat_cache2.hdf5
2020-02-07 16:21:30,918 Allocated:31.15576171875 MB
2020-02-07 16:21:30,918 Cached:4239.125 MB
2020-02-07 16:23:45,869 ==> Epoch[16](50/553): Loss: 0.0006
2020-02-07 16:23:45,872 Allocated:33.15576171875 MB
2020-02-07 16:23:45,873 Cached:4309.125 MB
2020-02-07 16:25:04,227 ==> Epoch[16](100/553): Loss: 0.0211
2020-02-07 16:25:04,230 Allocated:33.15576171875 MB
2020-02-07 16:25:04,230 Cached:4309.125 MB
2020-02-07 16:25:58,643 ==> Epoch[16](150/553): Loss: 0.0000
2020-02-07 16:25:58,646 Allocated:33.15576171875 MB
2020-02-07 16:25:58,646 Cached:4309.125 MB
2020-02-07 16:26:44,689 ====> Building Cache
2020-02-07 16:26:44,690 feature cache--->>> /home/annora/NetVLAD/output/train_feat_cache2.hdf5
2020-02-07 16:28:11,416 Allocated:33.1552734375 MB
2020-02-07 16:28:11,416 Cached:3386.375 MB
2020-02-07 16:29:07,276 ==> Epoch[16](200/553): Loss: 0.3033
2020-02-07 16:29:07,280 Allocated:33.15576171875 MB
2020-02-07 16:29:07,280 Cached:3394.375 MB
2020-02-07 16:30:26,903 ==> Epoch[16](250/553): Loss: 0.0526
2020-02-07 16:30:26,905 Allocated:33.15576171875 MB
2020-02-07 16:30:26,906 Cached:3394.375 MB
2020-02-07 16:31:31,989 ==> Epoch[16](300/553): Loss: 0.0000
2020-02-07 16:31:31,992 Allocated:33.15576171875 MB
2020-02-07 16:31:31,992 Cached:3394.375 MB
2020-02-07 16:32:41,989 ==> Epoch[16](350/553): Loss: 0.0074
2020-02-07 16:32:41,992 Allocated:33.15576171875 MB
2020-02-07 16:32:41,993 Cached:3394.375 MB
2020-02-07 16:33:05,961 ====> Building Cache
2020-02-07 16:33:05,962 feature cache--->>> /home/annora/NetVLAD/output/train_feat_cache2.hdf5
2020-02-07 16:34:30,015 Allocated:33.1552734375 MB
2020-02-07 16:34:30,016 Cached:3386.375 MB
2020-02-07 16:35:49,942 ==> Epoch[16](400/553): Loss: 0.0776
2020-02-07 16:35:49,946 Allocated:33.15576171875 MB
2020-02-07 16:35:49,946 Cached:3394.375 MB
2020-02-07 16:36:59,010 ==> Epoch[16](450/553): Loss: 0.0000
2020-02-07 16:36:59,012 Allocated:33.15576171875 MB
2020-02-07 16:36:59,012 Cached:4550.5 MB
2020-02-07 16:38:12,430 ==> Epoch[16](500/553): Loss: 0.0113
2020-02-07 16:38:12,432 Allocated:33.15576171875 MB
2020-02-07 16:38:12,432 Cached:4550.5 MB
2020-02-07 16:39:25,756 ==> Epoch[16](550/553): Loss: 0.0073
2020-02-07 16:39:25,758 Allocated:33.15576171875 MB
2020-02-07 16:39:25,759 Cached:4550.5 MB
2020-02-07 16:39:28,150 ===> Epoch 16 Complete: Avg. Loss: 0.0472
2020-02-07 16:39:28,153 ====> Extracting Features
2020-02-07 16:40:13,160 ==> Batch (50/108)
2020-02-07 16:40:39,361 ==> Batch (100/108)
2020-02-07 16:40:44,037 ====> Building faiss index
2020-02-07 16:40:44,432 ====> Calculating recall @ N
2020-02-07 16:40:46,806 ====> Recall@1: 0.6988
2020-02-07 16:40:46,807 ====> Recall@2: 0.7122
2020-02-07 16:40:46,808 ====> Recall@3: 0.7243
2020-02-07 16:40:46,808 ====> Recall@4: 0.7299
2020-02-07 16:40:46,808 ====> Recall@5: 0.7371
2020-02-07 16:40:46,809 ====> Recall@10: 0.7559
2020-02-07 16:40:46,809 ====> Recall@15: 0.7739
2020-02-07 16:40:46,809 ====> Recall@20: 0.7867
2020-02-07 16:40:46,809 ====> Recall@25: 0.7928
2020-02-07 16:40:46,943 ====> Building Cache
2020-02-07 16:40:46,944 feature cache--->>> /home/annora/NetVLAD/output/train_feat_cache2.hdf5
2020-02-07 16:42:15,346 Allocated:31.15576171875 MB
2020-02-07 16:42:15,346 Cached:4239.125 MB
2020-02-07 16:43:56,711 ==> Epoch[17](50/553): Loss: 0.0124
2020-02-07 16:43:56,714 Allocated:33.15576171875 MB
2020-02-07 16:43:56,715 Cached:4309.125 MB
2020-02-07 16:44:55,945 ==> Epoch[17](100/553): Loss: 0.0031
2020-02-07 16:44:55,947 Allocated:33.15576171875 MB
2020-02-07 16:44:55,948 Cached:4309.125 MB
2020-02-07 16:46:01,304 ==> Epoch[17](150/553): Loss: 0.0019
2020-02-07 16:46:01,307 Allocated:33.15576171875 MB
2020-02-07 16:46:01,308 Cached:4309.125 MB
2020-02-07 16:46:43,343 ====> Building Cache
2020-02-07 16:46:43,344 feature cache--->>> /home/annora/NetVLAD/output/train_feat_cache2.hdf5
2020-02-07 16:48:06,658 Allocated:33.1552734375 MB
2020-02-07 16:48:06,659 Cached:3386.375 MB
2020-02-07 16:48:55,338 ==> Epoch[17](200/553): Loss: 0.2379
2020-02-07 16:48:55,341 Allocated:33.15576171875 MB
2020-02-07 16:48:55,341 Cached:3392.375 MB
2020-02-07 16:50:06,345 ==> Epoch[17](250/553): Loss: 0.0000
2020-02-07 16:50:06,349 Allocated:33.15576171875 MB
2020-02-07 16:50:06,350 Cached:3393.375 MB
2020-02-07 16:51:26,914 ==> Epoch[17](300/553): Loss: 0.1338
2020-02-07 16:51:26,916 Allocated:33.15576171875 MB
2020-02-07 16:51:26,916 Cached:3453.375 MB
2020-02-07 16:52:34,545 ==> Epoch[17](350/553): Loss: 0.0888
2020-02-07 16:52:34,548 Allocated:33.15576171875 MB
2020-02-07 16:52:34,548 Cached:3453.375 MB
2020-02-07 16:53:01,027 ====> Building Cache
2020-02-07 16:53:01,028 feature cache--->>> /home/annora/NetVLAD/output/train_feat_cache2.hdf5
2020-02-07 16:54:25,976 Allocated:33.1552734375 MB
2020-02-07 16:54:25,976 Cached:3386.375 MB
2020-02-07 16:55:38,394 ==> Epoch[17](400/553): Loss: 0.0139
2020-02-07 16:55:38,396 Allocated:33.15576171875 MB
2020-02-07 16:55:38,396 Cached:3393.375 MB
2020-02-07 16:56:43,671 ==> Epoch[17](450/553): Loss: 0.0031
2020-02-07 16:56:43,673 Allocated:33.15576171875 MB
2020-02-07 16:56:43,673 Cached:3394.375 MB
2020-02-07 16:57:55,288 ==> Epoch[17](500/553): Loss: 0.0370
2020-02-07 16:57:55,290 Allocated:33.15576171875 MB
2020-02-07 16:57:55,290 Cached:3394.375 MB
2020-02-07 16:59:02,613 ==> Epoch[17](550/553): Loss: 0.0186
2020-02-07 16:59:02,616 Allocated:33.15576171875 MB
2020-02-07 16:59:02,616 Cached:3394.375 MB
2020-02-07 16:59:03,979 ===> Epoch 17 Complete: Avg. Loss: 0.0425
2020-02-07 16:59:03,983 ====> Extracting Features
2020-02-07 16:59:46,476 ==> Batch (50/108)
2020-02-07 17:00:08,481 ==> Batch (100/108)
2020-02-07 17:00:12,956 ====> Building faiss index
2020-02-07 17:00:13,322 ====> Calculating recall @ N
2020-02-07 17:00:15,420 ====> Recall@1: 0.7032
2020-02-07 17:00:15,420 ====> Recall@2: 0.7206
2020-02-07 17:00:15,421 ====> Recall@3: 0.7304
2020-02-07 17:00:15,421 ====> Recall@4: 0.7377
2020-02-07 17:00:15,422 ====> Recall@5: 0.7423
2020-02-07 17:00:15,422 ====> Recall@10: 0.7664
2020-02-07 17:00:15,422 ====> Recall@15: 0.7843
2020-02-07 17:00:15,422 ====> Recall@20: 0.7899
2020-02-07 17:00:15,423 ====> Recall@25: 0.7962
2020-02-07 17:00:15,552 ====> Building Cache
2020-02-07 17:00:15,553 feature cache--->>> /home/annora/NetVLAD/output/train_feat_cache2.hdf5
2020-02-07 17:01:32,586 Allocated:31.15576171875 MB
2020-02-07 17:01:32,586 Cached:4239.125 MB
2020-02-07 17:05:12,958 ==> Epoch[18](150/553): Loss: 0.0101
2020-02-07 17:05:12,961 Allocated:33.15576171875 MB
2020-02-07 17:05:12,961 Cached:4309.125 MB
2020-02-07 17:05:48,462 ====> Building Cache
2020-02-07 17:05:48,463 feature cache--->>> /home/annora/NetVLAD/output/train_feat_cache2.hdf5
2020-02-07 17:07:06,962 Allocated:33.1552734375 MB
2020-02-07 17:07:06,962 Cached:3386.375 MB
2020-02-07 17:08:05,334 ==> Epoch[18](200/553): Loss: 0.0895
2020-02-07 17:08:05,337 Allocated:33.15576171875 MB
2020-02-07 17:08:05,338 Cached:3394.375 MB
2020-02-07 17:09:19,263 ==> Epoch[18](250/553): Loss: 0.1872
2020-02-07 17:09:19,266 Allocated:33.15576171875 MB
2020-02-07 17:09:19,266 Cached:3394.375 MB
2020-02-07 17:10:16,719 ==> Epoch[18](300/553): Loss: 0.0734
2020-02-07 17:10:16,722 Allocated:33.15576171875 MB
2020-02-07 17:10:16,722 Cached:3394.375 MB
2020-02-07 17:11:20,473 ==> Epoch[18](350/553): Loss: 0.0394
2020-02-07 17:11:20,475 Allocated:33.15576171875 MB
2020-02-07 17:11:20,476 Cached:3454.375 MB
2020-02-07 17:11:38,067 ====> Building Cache
2020-02-07 17:11:38,068 feature cache--->>> /home/annora/NetVLAD/output/train_feat_cache2.hdf5
2020-02-07 17:12:54,792 Allocated:33.1552734375 MB
2020-02-07 17:12:54,793 Cached:3385.375 MB
2020-02-07 17:14:04,401 ==> Epoch[18](400/553): Loss: 0.1132
2020-02-07 17:14:04,404 Allocated:33.15576171875 MB
2020-02-07 17:14:04,404 Cached:3392.375 MB
2020-02-07 17:15:09,335 ==> Epoch[18](450/553): Loss: 0.0128
2020-02-07 17:15:09,338 Allocated:33.15576171875 MB
2020-02-07 17:15:09,338 Cached:3395.375 MB
2020-02-07 17:16:16,727 ==> Epoch[18](500/553): Loss: 0.0471
2020-02-07 17:16:16,729 Allocated:33.15576171875 MB
2020-02-07 17:16:16,730 Cached:3395.375 MB
2020-02-07 17:17:21,093 ==> Epoch[18](550/553): Loss: 0.0040
2020-02-07 17:17:21,096 Allocated:33.15576171875 MB
2020-02-07 17:17:21,096 Cached:3395.375 MB
2020-02-07 17:17:27,489 ===> Epoch 18 Complete: Avg. Loss: 0.0430
2020-02-07 17:17:27,490 ====> Extracting Features
2020-02-07 17:18:06,601 ==> Batch (50/108)
2020-02-07 17:18:28,320 ==> Batch (100/108)
2020-02-07 17:18:32,638 ====> Building faiss index
2020-02-07 17:18:32,994 ====> Calculating recall @ N
2020-02-07 17:18:35,257 ====> Recall@1: 0.7130
2020-02-07 17:18:35,258 ====> Recall@2: 0.7270
2020-02-07 17:18:35,258 ====> Recall@3: 0.7368
2020-02-07 17:18:35,258 ====> Recall@4: 0.7417
2020-02-07 17:18:35,259 ====> Recall@5: 0.7464
2020-02-07 17:18:35,259 ====> Recall@10: 0.7600
2020-02-07 17:18:35,259 ====> Recall@15: 0.7780
2020-02-07 17:18:35,259 ====> Recall@20: 0.7907
2020-02-07 17:18:35,259 ====> Recall@25: 0.7974
2020-02-07 17:18:35,381 ====> Building Cache
2020-02-07 17:18:35,382 feature cache--->>> /home/annora/NetVLAD/output/train_feat_cache2.hdf5
2020-02-07 17:19:55,649 Allocated:31.15576171875 MB
2020-02-07 17:19:55,650 Cached:4239.125 MB
2020-02-07 17:21:35,683 ==> Epoch[19](50/553): Loss: 0.1952
2020-02-07 17:21:35,686 Allocated:33.15576171875 MB
2020-02-07 17:21:35,686 Cached:4309.125 MB
2020-02-07 17:22:38,114 ==> Epoch[19](100/553): Loss: 0.0000
2020-02-07 17:22:38,117 Allocated:33.15576171875 MB
2020-02-07 17:22:38,117 Cached:4309.125 MB
2020-02-07 17:23:38,574 ==> Epoch[19](150/553): Loss: 0.0000
2020-02-07 17:23:38,576 Allocated:33.15576171875 MB
2020-02-07 17:23:38,576 Cached:4309.125 MB
2020-02-07 17:24:19,082 ====> Building Cache
2020-02-07 17:24:19,082 feature cache--->>> /home/annora/NetVLAD/output/train_feat_cache2.hdf5
2020-02-07 17:25:43,416 Allocated:33.1552734375 MB
2020-02-07 17:25:43,417 Cached:3386.375 MB
2020-02-07 17:27:55,149 ==> Epoch[19](250/553): Loss: 0.1423
2020-02-07 17:27:55,152 Allocated:33.15576171875 MB
2020-02-07 17:27:55,152 Cached:3453.375 MB
2020-02-07 17:28:54,719 ==> Epoch[19](300/553): Loss: 0.0679
2020-02-07 17:28:54,722 Allocated:33.15576171875 MB
2020-02-07 17:28:54,722 Cached:3453.375 MB
2020-02-07 17:29:57,467 ==> Epoch[19](350/553): Loss: 0.0465
2020-02-07 17:29:57,469 Allocated:33.15576171875 MB
2020-02-07 17:29:57,469 Cached:3453.375 MB
2020-02-07 17:30:20,178 ====> Building Cache
2020-02-07 17:30:20,179 feature cache--->>> /home/annora/NetVLAD/output/train_feat_cache2.hdf5
2020-02-07 17:31:42,036 Allocated:33.1552734375 MB
2020-02-07 17:31:42,036 Cached:3386.375 MB
2020-02-07 17:32:58,508 ==> Epoch[19](400/553): Loss: 0.0133
2020-02-07 17:32:58,511 Allocated:33.15576171875 MB
2020-02-07 17:32:58,512 Cached:3394.375 MB
2020-02-07 17:34:11,558 ==> Epoch[19](450/553): Loss: 0.0058
2020-02-07 17:34:11,561 Allocated:33.15576171875 MB
2020-02-07 17:34:11,561 Cached:3394.375 MB
2020-02-07 17:35:19,762 ==> Epoch[19](500/553): Loss: 0.0007
2020-02-07 17:35:19,764 Allocated:33.15576171875 MB
2020-02-07 17:35:19,765 Cached:3394.375 MB
2020-02-07 17:36:42,462 ==> Epoch[19](550/553): Loss: 0.0100
2020-02-07 17:36:42,464 Allocated:33.15576171875 MB
2020-02-07 17:36:42,464 Cached:3394.375 MB
2020-02-07 17:36:43,610 ===> Epoch 19 Complete: Avg. Loss: 0.0422
2020-02-07 17:36:43,611 ====> Extracting Features
2020-02-07 17:37:26,224 ==> Batch (50/108)
2020-02-07 17:37:48,314 ==> Batch (100/108)
2020-02-07 17:37:52,745 ====> Building faiss index
2020-02-07 17:37:53,099 ====> Calculating recall @ N
2020-02-07 17:37:55,230 ====> Recall@1: 0.7072
2020-02-07 17:37:55,230 ====> Recall@2: 0.7252
2020-02-07 17:37:55,231 ====> Recall@3: 0.7345
2020-02-07 17:37:55,231 ====> Recall@4: 0.7406
2020-02-07 17:37:55,231 ====> Recall@5: 0.7464
2020-02-07 17:37:55,231 ====> Recall@10: 0.7783
2020-02-07 17:37:55,231 ====> Recall@15: 0.7872
2020-02-07 17:37:55,232 ====> Recall@20: 0.7913
2020-02-07 17:37:55,232 ====> Recall@25: 0.7962
2020-02-07 17:37:55,347 Performance did not improve for 10 epochs. Stopping.
2020-02-07 17:37:55,347 => Best Recall@5: 0.7545
2020-02-07 17:42:55,447 Finished...
2020-02-07 17:47:55,448 Finished...
2020-02-07 17:52:55,547 Finished...
2020-02-07 17:57:55,647 Finished...
