2020-01-29 11:40:32,697 Namespace(arch='alexnet', batchSize=12, cacheBatchSize=96, cachePath='/home/annora/NetVLAD/output/', cacheRefreshRate=3000, ckpt='best', contilearn=True, dataPath='/home/annora/NetVLAD/output/data/', dataset='robotcar', evalEvery=1, fromscratch=False, fromtask='', lr=0.1, lrGamma=0.5, lrStep=5, margin=0.1, mode='train', momentum=0.9, nEpochs=30, nGPU=1, nocuda=False, num_clusters=64, optim='SGD', patience=10, pooling='max', premodel='imagenet', resume='', runsPath='/home/annora/NetVLAD/output/runs/', savePath='checkpoints', seed=123, split='val', start_epoch=0, threads=8, vladv2=False, weightDecay=0.001)
2020-01-29 11:40:32,738 ===> Loading dataset(s)
2020-01-29 11:40:32,739 trainfile ------>>>>>> oxRobocar_single_train.mat
2020-01-29 11:40:35,845 ====> Training set: oxRobocar_single_train.mat, query set count: 6636
2020-01-29 11:40:35,961 ===> Evaluating on val set: oxRobocar_single_val.mat, query count: 3450
2020-01-29 11:40:35,961 ===> Building model
2020-01-29 11:40:36,013 encoder moder:
AlexNet(
  (conv1): Sequential(
    (0): Conv2d(3, 64, kernel_size=(11, 11), stride=(4, 4), padding=(2, 2))
    (1): ReLU(inplace)
    (2): MaxPool2d(kernel_size=3, stride=2, padding=0, dilation=1, ceil_mode=False)
  )
  (conv2): Sequential(
    (0): Conv2d(64, 192, kernel_size=(5, 5), stride=(1, 1), padding=(2, 2))
    (1): ReLU(inplace)
    (2): MaxPool2d(kernel_size=3, stride=2, padding=0, dilation=1, ceil_mode=False)
  )
  (conv3): Sequential(
    (0): Conv2d(192, 384, kernel_size=(3, 3), stride=(1, 1), padding=(1, 1))
    (1): ReLU(inplace)
  )
  (conv4): Sequential(
    (0): Conv2d(384, 256, kernel_size=(3, 3), stride=(1, 1), padding=(1, 1))
    (1): ReLU(inplace)
  )
  (conv5): Sequential(
    (0): Conv2d(256, 256, kernel_size=(3, 3), stride=(1, 1), padding=(1, 1))
  )
)
2020-01-29 11:40:42,703 ===> Training model
2020-01-29 11:40:42,709 ===> Saving state to: /home/annora/NetVLAD/output/runs/2020-01-29-11-40-42_alexnet_max
2020-01-29 11:40:42,788 ====> Building Cache
2020-01-29 11:40:42,789 feature cache--->>> /home/annora/NetVLAD/output/train_feat_cache3.hdf5
2020-01-29 11:42:31,969 Allocated:99.34619140625 MB
2020-01-29 11:42:31,969 Cached:2864.375 MB
2020-01-29 11:50:17,561 ==> Epoch[1](50/553): Loss: 0.0570
2020-01-29 11:50:17,564 Allocated:121.28369140625 MB
2020-01-29 11:50:17,565 Cached:6741.375 MB
2020-01-29 11:56:44,354 ==> Epoch[1](100/553): Loss: 0.0481
2020-01-29 11:56:44,362 Allocated:120.53369140625 MB
2020-01-29 11:56:44,365 Cached:6741.375 MB
2020-01-29 12:04:13,291 ==> Epoch[1](150/553): Loss: 0.0352
2020-01-29 12:04:13,293 Allocated:121.53369140625 MB
2020-01-29 12:04:13,293 Cached:6741.375 MB
2020-01-29 12:08:41,315 ====> Building Cache
2020-01-29 12:08:41,317 feature cache--->>> /home/annora/NetVLAD/output/train_feat_cache3.hdf5
2020-01-29 12:10:06,252 Allocated:121.283203125 MB
2020-01-29 12:10:06,252 Cached:2919.5 MB
2020-01-29 12:12:49,713 ==> Epoch[1](200/553): Loss: 0.1013
2020-01-29 12:12:49,718 Allocated:121.28369140625 MB
2020-01-29 12:12:49,730 Cached:6794.5 MB
2020-01-29 12:20:01,358 ==> Epoch[1](250/553): Loss: 0.0709
2020-01-29 12:20:01,362 Allocated:120.53369140625 MB
2020-01-29 12:20:01,372 Cached:6794.5 MB
2020-01-29 12:27:38,877 ==> Epoch[1](300/553): Loss: 0.0989
2020-01-29 12:27:38,920 Allocated:121.53369140625 MB
2020-01-29 12:27:38,944 Cached:6794.5 MB
2020-01-29 12:35:52,751 ==> Epoch[1](350/553): Loss: 0.0933
2020-01-29 12:35:52,754 Allocated:120.53369140625 MB
2020-01-29 12:35:52,755 Cached:6794.5 MB
2020-01-29 12:38:12,489 ====> Building Cache
2020-01-29 12:38:12,491 feature cache--->>> /home/annora/NetVLAD/output/train_feat_cache3.hdf5
2020-01-29 12:39:50,349 Allocated:120.533203125 MB
2020-01-29 12:39:50,350 Cached:2919.5 MB
2020-01-29 12:44:15,043 ==> Epoch[1](400/553): Loss: 0.1180
2020-01-29 12:44:15,050 Allocated:121.90869140625 MB
2020-01-29 12:44:15,051 Cached:2992.25 MB
2020-01-29 12:49:59,617 ==> Epoch[1](450/553): Loss: 0.0673
2020-01-29 12:49:59,622 Allocated:121.03369140625 MB
2020-01-29 12:49:59,623 Cached:2993.25 MB
2020-01-29 12:55:57,721 ==> Epoch[1](500/553): Loss: 0.0553
2020-01-29 12:55:57,726 Allocated:121.53369140625 MB
2020-01-29 12:55:57,727 Cached:2993.25 MB
2020-01-29 13:01:18,815 ==> Epoch[1](550/553): Loss: 0.0450
2020-01-29 13:01:18,816 Allocated:120.53369140625 MB
2020-01-29 13:01:18,817 Cached:2993.25 MB
2020-01-29 13:01:43,792 ===> Epoch 1 Complete: Avg. Loss: 0.0825
2020-01-29 13:01:43,800 ====> Extracting Features
2020-01-29 13:02:53,633 ==> Batch (50/108)
2020-01-29 13:03:28,439 ==> Batch (100/108)
2020-01-29 13:03:34,332 ====> Building faiss index
2020-01-29 13:03:34,345 ====> Calculating recall @ N
2020-01-29 13:03:36,087 ====> Recall@1: 0.6765
2020-01-29 13:03:36,088 ====> Recall@2: 0.7145
2020-01-29 13:03:36,089 ====> Recall@3: 0.7313
2020-01-29 13:03:36,090 ====> Recall@4: 0.7426
2020-01-29 13:03:36,090 ====> Recall@5: 0.7490
2020-01-29 13:03:36,091 ====> Recall@10: 0.7704
2020-01-29 13:03:36,091 ====> Recall@15: 0.7896
2020-01-29 13:03:36,091 ====> Recall@20: 0.8023
2020-01-29 13:03:36,092 ====> Recall@25: 0.8197
2020-01-29 13:03:36,366 ====> Building Cache
2020-01-29 13:03:36,367 feature cache--->>> /home/annora/NetVLAD/output/train_feat_cache3.hdf5
2020-01-29 13:05:12,665 Allocated:119.53369140625 MB
2020-01-29 13:05:12,666 Cached:4192.625 MB
2020-01-29 13:14:26,346 ==> Epoch[2](50/553): Loss: 0.0248
2020-01-29 13:14:26,350 Allocated:122.03369140625 MB
2020-01-29 13:14:26,351 Cached:6518.75 MB
2020-01-29 13:21:52,209 ==> Epoch[2](100/553): Loss: 0.1077
2020-01-29 13:21:52,211 Allocated:120.53369140625 MB
2020-01-29 13:21:52,211 Cached:6518.75 MB
2020-01-29 13:28:12,644 ==> Epoch[2](150/553): Loss: 0.0616
2020-01-29 13:28:12,646 Allocated:120.53369140625 MB
2020-01-29 13:28:12,647 Cached:6518.75 MB
2020-01-29 13:32:02,715 ====> Building Cache
2020-01-29 13:32:02,717 feature cache--->>> /home/annora/NetVLAD/output/train_feat_cache3.hdf5
2020-01-29 13:33:25,414 Allocated:121.033203125 MB
2020-01-29 13:33:25,415 Cached:2919.5 MB
2020-01-29 13:35:45,690 ==> Epoch[2](200/553): Loss: 0.0226
2020-01-29 13:35:45,694 Allocated:121.40869140625 MB
2020-01-29 13:35:45,695 Cached:2920.5 MB
2020-01-29 13:40:51,899 ==> Epoch[2](250/553): Loss: 0.1557
2020-01-29 13:40:51,903 Allocated:120.53369140625 MB
2020-01-29 13:40:51,904 Cached:2924.5 MB
2020-01-29 13:44:00,299 ==> Epoch[2](300/553): Loss: 0.0902
2020-01-29 13:44:00,302 Allocated:121.03369140625 MB
2020-01-29 13:44:00,303 Cached:4059.5 MB
2020-01-29 13:47:19,388 ==> Epoch[2](350/553): Loss: 0.0127
2020-01-29 13:47:19,390 Allocated:121.15869140625 MB
2020-01-29 13:47:19,390 Cached:5200.875 MB
2020-01-29 13:48:22,516 ====> Building Cache
2020-01-29 13:48:22,518 feature cache--->>> /home/annora/NetVLAD/output/train_feat_cache3.hdf5
2020-01-29 13:49:45,416 Allocated:122.033203125 MB
2020-01-29 13:49:45,417 Cached:2972.625 MB
2020-01-29 13:53:07,335 ==> Epoch[2](400/553): Loss: 0.0306
2020-01-29 13:53:07,337 Allocated:121.53369140625 MB
2020-01-29 13:53:07,338 Cached:5294.5 MB
2020-01-29 13:56:35,944 ==> Epoch[2](450/553): Loss: 0.0236
2020-01-29 13:56:35,953 Allocated:122.03369140625 MB
2020-01-29 13:56:35,957 Cached:6515.5 MB
2020-01-29 14:01:57,986 ==> Epoch[2](500/553): Loss: 0.0194
2020-01-29 14:01:57,989 Allocated:120.53369140625 MB
2020-01-29 14:01:57,989 Cached:4334.625 MB
2020-01-29 14:09:07,991 ==> Epoch[2](550/553): Loss: 0.0084
2020-01-29 14:09:07,994 Allocated:120.53369140625 MB
2020-01-29 14:09:07,995 Cached:4334.625 MB
2020-01-29 14:09:51,555 ===> Epoch 2 Complete: Avg. Loss: 0.0665
2020-01-29 14:09:51,559 ====> Extracting Features
2020-01-29 14:10:46,520 ==> Batch (50/108)
2020-01-29 14:11:25,154 ==> Batch (100/108)
2020-01-29 14:11:28,574 ====> Building faiss index
2020-01-29 14:11:28,580 ====> Calculating recall @ N
2020-01-29 14:11:29,235 ====> Recall@1: 0.7470
2020-01-29 14:11:29,236 ====> Recall@2: 0.7588
2020-01-29 14:11:29,237 ====> Recall@3: 0.7643
2020-01-29 14:11:29,237 ====> Recall@4: 0.7728
2020-01-29 14:11:29,237 ====> Recall@5: 0.7765
2020-01-29 14:11:29,237 ====> Recall@10: 0.7875
2020-01-29 14:11:29,237 ====> Recall@15: 0.7945
2020-01-29 14:11:29,237 ====> Recall@20: 0.7983
2020-01-29 14:11:29,238 ====> Recall@25: 0.8009
2020-01-29 14:11:30,153 ====> Building Cache
2020-01-29 14:11:30,154 feature cache--->>> /home/annora/NetVLAD/output/train_feat_cache3.hdf5
2020-01-29 14:12:54,808 Allocated:119.15869140625 MB
2020-01-29 14:12:54,812 Cached:4192.625 MB
2020-01-29 14:19:19,531 ==> Epoch[3](50/553): Loss: 0.0227
2020-01-29 14:19:19,541 Allocated:121.03369140625 MB
2020-01-29 14:19:19,548 Cached:4193.625 MB
2020-01-29 14:24:21,939 ==> Epoch[3](100/553): Loss: 0.0533
2020-01-29 14:24:21,942 Allocated:122.15869140625 MB
2020-01-29 14:24:21,943 Cached:4193.625 MB
2020-01-29 14:27:55,730 ==> Epoch[3](150/553): Loss: 0.0338
2020-01-29 14:27:55,732 Allocated:120.53369140625 MB
2020-01-29 14:27:55,732 Cached:4193.625 MB
2020-01-29 14:30:41,782 ====> Building Cache
2020-01-29 14:30:41,784 feature cache--->>> /home/annora/NetVLAD/output/train_feat_cache3.hdf5
2020-01-29 14:32:09,934 Allocated:121.033203125 MB
2020-01-29 14:32:09,934 Cached:2919.5 MB
2020-01-29 14:34:58,270 ==> Epoch[3](200/553): Loss: 0.0717
2020-01-29 14:34:58,272 Allocated:122.53369140625 MB
2020-01-29 14:34:58,273 Cached:2919.5 MB
2020-01-29 14:40:48,572 ==> Epoch[3](250/553): Loss: 0.0317
2020-01-29 14:40:48,578 Allocated:120.53369140625 MB
2020-01-29 14:40:48,578 Cached:4122.375 MB
2020-01-29 14:47:23,893 ==> Epoch[3](300/553): Loss: 0.0340
2020-01-29 14:47:23,896 Allocated:122.28369140625 MB
2020-01-29 14:47:23,896 Cached:4122.375 MB
2020-01-29 14:53:14,169 ==> Epoch[3](350/553): Loss: 0.0022
2020-01-29 14:53:14,173 Allocated:121.40869140625 MB
2020-01-29 14:53:14,174 Cached:4122.375 MB
2020-01-29 14:54:59,964 ====> Building Cache
2020-01-29 14:54:59,966 feature cache--->>> /home/annora/NetVLAD/output/train_feat_cache3.hdf5
2020-01-29 14:56:23,943 Allocated:121.158203125 MB
2020-01-29 14:56:23,944 Cached:2919.5 MB
2020-01-29 15:00:10,753 ==> Epoch[3](400/553): Loss: 0.0266
2020-01-29 15:00:10,783 Allocated:121.28369140625 MB
2020-01-29 15:00:10,786 Cached:7839.75 MB
2020-01-29 15:03:43,307 ==> Epoch[3](450/553): Loss: 0.0297
2020-01-29 15:03:43,312 Allocated:121.28369140625 MB
2020-01-29 15:03:43,312 Cached:4827.625 MB
2020-01-29 15:06:21,358 ==> Epoch[3](500/553): Loss: 0.0185
2020-01-29 15:06:21,360 Allocated:120.53369140625 MB
2020-01-29 15:06:21,361 Cached:8701.625 MB
2020-01-29 15:09:12,469 ==> Epoch[3](550/553): Loss: 0.0111
2020-01-29 15:09:12,473 Allocated:121.15869140625 MB
2020-01-29 15:09:12,474 Cached:8701.625 MB
2020-01-29 15:09:26,398 ===> Epoch 3 Complete: Avg. Loss: 0.0548
2020-01-29 15:09:26,401 ====> Extracting Features
2020-01-29 15:10:13,076 ==> Batch (50/108)
2020-01-29 15:10:40,300 ==> Batch (100/108)
2020-01-29 15:10:44,170 ====> Building faiss index
2020-01-29 15:10:44,176 ====> Calculating recall @ N
2020-01-29 15:10:45,041 ====> Recall@1: 0.6980
2020-01-29 15:10:45,042 ====> Recall@2: 0.7223
2020-01-29 15:10:45,042 ====> Recall@3: 0.7464
2020-01-29 15:10:45,043 ====> Recall@4: 0.7722
2020-01-29 15:10:45,043 ====> Recall@5: 0.7843
2020-01-29 15:10:45,044 ====> Recall@10: 0.8107
2020-01-29 15:10:45,044 ====> Recall@15: 0.8258
2020-01-29 15:10:45,045 ====> Recall@20: 0.8293
2020-01-29 15:10:45,045 ====> Recall@25: 0.8316
2020-01-29 15:10:45,985 ====> Building Cache
2020-01-29 15:10:45,986 feature cache--->>> /home/annora/NetVLAD/output/train_feat_cache3.hdf5
2020-01-29 15:12:21,324 Allocated:119.78369140625 MB
2020-01-29 15:12:21,326 Cached:4192.625 MB
2020-01-29 15:18:57,828 ==> Epoch[4](50/553): Loss: 0.0620
2020-01-29 15:18:57,833 Allocated:121.53369140625 MB
2020-01-29 15:18:57,835 Cached:4194.625 MB
2020-01-29 15:24:28,684 ==> Epoch[4](100/553): Loss: 0.1540
2020-01-29 15:24:28,686 Allocated:121.53369140625 MB
2020-01-29 15:24:28,686 Cached:4198.625 MB
2020-01-29 15:28:26,097 ==> Epoch[4](150/553): Loss: 0.0203
2020-01-29 15:28:26,100 Allocated:120.78369140625 MB
2020-01-29 15:28:26,100 Cached:4198.625 MB
2020-01-29 15:32:17,350 ====> Building Cache
2020-01-29 15:32:17,352 feature cache--->>> /home/annora/NetVLAD/output/train_feat_cache3.hdf5
2020-01-29 15:33:42,724 Allocated:120.658203125 MB
2020-01-29 15:33:42,724 Cached:2919.5 MB
2020-01-29 15:35:58,914 ==> Epoch[4](200/553): Loss: 0.2861
2020-01-29 15:35:58,919 Allocated:122.03369140625 MB
2020-01-29 15:35:58,921 Cached:6793.5 MB
2020-01-29 15:41:51,649 ==> Epoch[4](250/553): Loss: 0.0668
2020-01-29 15:41:51,657 Allocated:120.53369140625 MB
2020-01-29 15:41:51,659 Cached:6793.5 MB
2020-01-29 15:45:49,123 ==> Epoch[4](300/553): Loss: 0.0566
2020-01-29 15:45:49,127 Allocated:121.03369140625 MB
2020-01-29 15:45:49,134 Cached:6793.5 MB
2020-01-29 15:49:12,214 ==> Epoch[4](350/553): Loss: 0.0429
2020-01-29 15:49:12,222 Allocated:122.03369140625 MB
2020-01-29 15:49:12,223 Cached:6793.5 MB
2020-01-29 15:50:26,137 ====> Building Cache
2020-01-29 15:50:26,138 feature cache--->>> /home/annora/NetVLAD/output/train_feat_cache3.hdf5
2020-01-29 15:51:48,157 Allocated:121.158203125 MB
2020-01-29 15:51:48,158 Cached:2919.5 MB
2020-01-29 15:54:44,670 ==> Epoch[4](400/553): Loss: 0.0956
2020-01-29 15:54:44,677 Allocated:120.53369140625 MB
2020-01-29 15:54:44,679 Cached:4281.5 MB
2020-01-29 15:58:13,860 ==> Epoch[4](450/553): Loss: 0.0926
2020-01-29 15:58:13,861 Allocated:122.53369140625 MB
2020-01-29 15:58:13,862 Cached:4281.5 MB
2020-01-29 16:01:38,408 ==> Epoch[4](500/553): Loss: 0.0164
2020-01-29 16:01:38,410 Allocated:121.03369140625 MB
2020-01-29 16:01:38,410 Cached:4281.5 MB
2020-01-29 16:05:13,276 ==> Epoch[4](550/553): Loss: 0.1068
2020-01-29 16:05:13,278 Allocated:120.53369140625 MB
2020-01-29 16:05:13,278 Cached:4281.5 MB
2020-01-29 16:05:25,837 ===> Epoch 4 Complete: Avg. Loss: 0.0965
2020-01-29 16:05:25,839 ====> Extracting Features
2020-01-29 16:06:04,799 ==> Batch (50/108)
2020-01-29 16:06:27,557 ==> Batch (100/108)
2020-01-29 16:06:32,045 ====> Building faiss index
2020-01-29 16:06:32,052 ====> Calculating recall @ N
2020-01-29 16:06:33,921 ====> Recall@1: 0.6183
2020-01-29 16:06:33,922 ====> Recall@2: 0.6452
2020-01-29 16:06:33,922 ====> Recall@3: 0.6565
2020-01-29 16:06:33,928 ====> Recall@4: 0.6664
2020-01-29 16:06:33,935 ====> Recall@5: 0.6733
2020-01-29 16:06:33,938 ====> Recall@10: 0.6986
2020-01-29 16:06:33,942 ====> Recall@15: 0.7154
2020-01-29 16:06:33,945 ====> Recall@20: 0.7293
2020-01-29 16:06:33,946 ====> Recall@25: 0.7414
2020-01-29 16:06:34,427 ====> Building Cache
2020-01-29 16:06:34,428 feature cache--->>> /home/annora/NetVLAD/output/train_feat_cache3.hdf5
2020-01-29 16:07:56,947 Allocated:119.53369140625 MB
2020-01-29 16:07:56,948 Cached:4193.625 MB
2020-01-29 16:12:18,927 ==> Epoch[5](50/553): Loss: 0.0577
2020-01-29 16:12:18,942 Allocated:122.03369140625 MB
2020-01-29 16:12:18,943 Cached:8067.625 MB
2020-01-29 16:16:00,080 ==> Epoch[5](100/553): Loss: 0.0174
2020-01-29 16:16:00,095 Allocated:120.53369140625 MB
2020-01-29 16:16:00,096 Cached:8067.625 MB
2020-01-29 16:19:13,955 ==> Epoch[5](150/553): Loss: 0.0336
2020-01-29 16:19:13,963 Allocated:121.03369140625 MB
2020-01-29 16:19:13,964 Cached:8067.625 MB
2020-01-29 16:21:27,760 ====> Building Cache
2020-01-29 16:21:27,761 feature cache--->>> /home/annora/NetVLAD/output/train_feat_cache3.hdf5
2020-01-29 16:22:56,288 Allocated:122.033203125 MB
2020-01-29 16:22:56,289 Cached:2919.5 MB
2020-01-29 16:25:14,593 ==> Epoch[5](200/553): Loss: 0.3051
2020-01-29 16:25:14,595 Allocated:121.78369140625 MB
2020-01-29 16:25:14,602 Cached:2920.5 MB
2020-01-29 16:28:52,453 ==> Epoch[5](250/553): Loss: 0.3033
2020-01-29 16:28:52,456 Allocated:121.28369140625 MB
2020-01-29 16:28:52,458 Cached:5228.75 MB
2020-01-29 16:32:43,354 ==> Epoch[5](300/553): Loss: 0.2836
2020-01-29 16:32:43,357 Allocated:121.65869140625 MB
2020-01-29 16:32:43,358 Cached:6408.375 MB
2020-01-29 16:35:15,146 ==> Epoch[5](350/553): Loss: 0.3121
2020-01-29 16:35:15,148 Allocated:122.65869140625 MB
2020-01-29 16:35:15,148 Cached:6408.375 MB
2020-01-29 16:36:23,754 ====> Building Cache
2020-01-29 16:36:23,755 feature cache--->>> /home/annora/NetVLAD/output/train_feat_cache3.hdf5
2020-01-29 16:37:45,254 Allocated:121.533203125 MB
2020-01-29 16:37:45,254 Cached:2919.5 MB
2020-01-29 16:40:11,591 ==> Epoch[5](400/553): Loss: 0.3049
2020-01-29 16:40:11,593 Allocated:121.65869140625 MB
2020-01-29 16:40:11,593 Cached:6793.5 MB
2020-01-29 16:44:46,394 ==> Epoch[5](450/553): Loss: 0.3058
2020-01-29 16:44:46,396 Allocated:120.53369140625 MB
2020-01-29 16:44:46,398 Cached:6793.5 MB
2020-01-29 16:50:23,832 ==> Epoch[5](500/553): Loss: 0.2567
2020-01-29 16:50:23,838 Allocated:121.53369140625 MB
2020-01-29 16:50:23,839 Cached:6793.5 MB
2020-01-29 16:54:31,383 ==> Epoch[5](550/553): Loss: 0.3085
2020-01-29 16:54:31,385 Allocated:121.65869140625 MB
2020-01-29 16:54:31,385 Cached:6793.5 MB
2020-01-29 16:54:44,343 ===> Epoch 5 Complete: Avg. Loss: 0.2206
2020-01-29 16:54:44,345 ====> Extracting Features
2020-01-29 16:55:25,793 ==> Batch (50/108)
2020-01-29 16:55:53,422 ==> Batch (100/108)
2020-01-29 16:55:56,366 ====> Building faiss index
2020-01-29 16:55:56,371 ====> Calculating recall @ N
2020-01-29 16:55:57,653 ====> Recall@1: 0.6122
2020-01-29 16:55:57,654 ====> Recall@2: 0.6310
2020-01-29 16:55:57,656 ====> Recall@3: 0.6464
2020-01-29 16:55:57,658 ====> Recall@4: 0.6580
2020-01-29 16:55:57,658 ====> Recall@5: 0.6690
2020-01-29 16:55:57,658 ====> Recall@10: 0.6936
2020-01-29 16:55:57,660 ====> Recall@15: 0.7043
2020-01-29 16:55:57,661 ====> Recall@20: 0.7130
2020-01-29 16:55:57,662 ====> Recall@25: 0.7209
2020-01-29 16:55:58,170 ====> Building Cache
2020-01-29 16:55:58,170 feature cache--->>> /home/annora/NetVLAD/output/train_feat_cache3.hdf5
2020-01-29 16:57:28,134 Allocated:118.53369140625 MB
2020-01-29 16:57:28,135 Cached:4193.625 MB
2020-01-29 17:04:25,242 ==> Epoch[6](50/553): Loss: 0.3039
2020-01-29 17:04:25,248 Allocated:121.53369140625 MB
2020-01-29 17:04:25,249 Cached:8067.625 MB
2020-01-29 17:09:10,103 ==> Epoch[6](100/553): Loss: 0.3122
2020-01-29 17:09:10,105 Allocated:121.65869140625 MB
2020-01-29 17:09:10,105 Cached:8067.625 MB
2020-01-29 17:14:02,244 ==> Epoch[6](150/553): Loss: 0.3124
2020-01-29 17:14:02,246 Allocated:120.53369140625 MB
2020-01-29 17:14:02,246 Cached:8067.625 MB
2020-01-29 17:16:54,175 ====> Building Cache
2020-01-29 17:16:54,175 feature cache--->>> /home/annora/NetVLAD/output/train_feat_cache3.hdf5
2020-01-29 17:18:17,626 Allocated:121.533203125 MB
2020-01-29 17:18:17,627 Cached:2919.5 MB
2020-01-29 17:20:26,610 ==> Epoch[6](200/553): Loss: 0.3128
2020-01-29 17:20:26,618 Allocated:121.03369140625 MB
2020-01-29 17:20:26,620 Cached:6793.5 MB
2020-01-29 17:23:19,606 ==> Epoch[6](250/553): Loss: 0.3130
2020-01-29 17:23:19,611 Allocated:122.03369140625 MB
2020-01-29 17:23:19,612 Cached:6793.5 MB
2020-01-29 17:27:37,813 ==> Epoch[6](300/553): Loss: 0.3133
2020-01-29 17:27:37,818 Allocated:120.53369140625 MB
2020-01-29 17:27:37,818 Cached:6793.5 MB
2020-01-29 17:30:29,639 ==> Epoch[6](350/553): Loss: 0.3129
2020-01-29 17:30:29,641 Allocated:121.03369140625 MB
2020-01-29 17:30:29,641 Cached:6793.5 MB
2020-01-29 17:31:44,652 ====> Building Cache
2020-01-29 17:31:44,653 feature cache--->>> /home/annora/NetVLAD/output/train_feat_cache3.hdf5
2020-01-29 17:33:07,987 Allocated:122.033203125 MB
2020-01-29 17:33:07,989 Cached:2919.5 MB
2020-01-29 17:35:51,109 ==> Epoch[6](400/553): Loss: 0.3136
2020-01-29 17:35:51,112 Allocated:122.03369140625 MB
2020-01-29 17:35:51,112 Cached:6793.5 MB
2020-01-29 17:40:52,088 ==> Epoch[6](450/553): Loss: 0.3129
2020-01-29 17:40:52,091 Allocated:120.53369140625 MB
2020-01-29 17:40:52,091 Cached:6793.5 MB
2020-01-29 17:45:00,645 ==> Epoch[6](500/553): Loss: 0.3133
2020-01-29 17:45:00,648 Allocated:121.03369140625 MB
2020-01-29 17:45:00,648 Cached:6793.5 MB
2020-01-29 17:47:47,306 ==> Epoch[6](550/553): Loss: 0.3136
2020-01-29 17:47:47,309 Allocated:122.03369140625 MB
2020-01-29 17:47:47,310 Cached:6793.5 MB
2020-01-29 17:48:03,847 ===> Epoch 6 Complete: Avg. Loss: 0.3121
2020-01-29 17:48:03,850 ====> Extracting Features
2020-01-29 17:48:44,846 ==> Batch (50/108)
2020-01-29 17:49:06,519 ==> Batch (100/108)
2020-01-29 17:49:11,504 ====> Building faiss index
2020-01-29 17:49:11,512 ====> Calculating recall @ N
2020-01-29 17:49:12,671 ====> Recall@1: 0.5600
2020-01-29 17:49:12,672 ====> Recall@2: 0.6052
2020-01-29 17:49:12,673 ====> Recall@3: 0.6342
2020-01-29 17:49:12,674 ====> Recall@4: 0.6478
2020-01-29 17:49:12,675 ====> Recall@5: 0.6580
2020-01-29 17:49:12,675 ====> Recall@10: 0.6916
2020-01-29 17:49:12,676 ====> Recall@15: 0.7104
2020-01-29 17:49:12,676 ====> Recall@20: 0.7214
2020-01-29 17:49:12,676 ====> Recall@25: 0.7316
2020-01-29 17:49:13,149 ====> Building Cache
2020-01-29 17:49:13,149 feature cache--->>> /home/annora/NetVLAD/output/train_feat_cache3.hdf5
2020-01-29 17:50:34,799 Allocated:119.15869140625 MB
2020-01-29 17:50:34,800 Cached:4192.625 MB
2020-01-29 17:56:04,330 ==> Epoch[7](50/553): Loss: 0.3123
2020-01-29 17:56:04,333 Allocated:120.53369140625 MB
2020-01-29 17:56:04,333 Cached:8067.625 MB
2020-01-29 18:01:12,786 ==> Epoch[7](100/553): Loss: 0.3143
2020-01-29 18:01:12,789 Allocated:122.53369140625 MB
2020-01-29 18:01:12,789 Cached:8067.625 MB
2020-01-29 18:05:37,462 ==> Epoch[7](150/553): Loss: 0.3155
2020-01-29 18:05:37,479 Allocated:121.03369140625 MB
2020-01-29 18:05:37,482 Cached:8067.625 MB
2020-01-29 18:09:42,856 ====> Building Cache
2020-01-29 18:09:42,859 feature cache--->>> /home/annora/NetVLAD/output/train_feat_cache3.hdf5
2020-01-29 18:11:07,068 Allocated:120.533203125 MB
2020-01-29 18:11:07,069 Cached:2919.5 MB
2020-01-29 18:13:46,048 ==> Epoch[7](200/553): Loss: 0.3158
2020-01-29 18:13:46,053 Allocated:120.53369140625 MB
2020-01-29 18:13:46,054 Cached:6794.5 MB
2020-01-29 18:19:54,266 ==> Epoch[7](250/553): Loss: 0.3157
2020-01-29 18:19:54,268 Allocated:122.53369140625 MB
2020-01-29 18:19:54,277 Cached:6794.5 MB
2020-01-29 18:25:06,479 ==> Epoch[7](300/553): Loss: 0.3157
2020-01-29 18:25:06,488 Allocated:121.03369140625 MB
2020-01-29 18:25:06,492 Cached:6794.5 MB
2020-01-29 18:31:13,391 ==> Epoch[7](350/553): Loss: 0.3160
2020-01-29 18:31:13,395 Allocated:120.53369140625 MB
2020-01-29 18:31:13,402 Cached:6794.5 MB
2020-01-29 18:33:01,373 ====> Building Cache
2020-01-29 18:33:01,374 feature cache--->>> /home/annora/NetVLAD/output/train_feat_cache3.hdf5
2020-01-29 18:34:24,347 Allocated:122.533203125 MB
2020-01-29 18:34:24,348 Cached:2919.5 MB
2020-01-29 18:38:12,996 ==> Epoch[7](400/553): Loss: 0.3159
2020-01-29 18:38:12,999 Allocated:122.53369140625 MB
2020-01-29 18:38:12,999 Cached:6793.5 MB
2020-01-29 18:43:48,374 ==> Epoch[7](450/553): Loss: 0.3159
2020-01-29 18:43:48,376 Allocated:121.03369140625 MB
2020-01-29 18:43:48,377 Cached:6793.5 MB
2020-01-29 18:48:49,501 ==> Epoch[7](500/553): Loss: 0.3159
2020-01-29 18:48:49,504 Allocated:120.53369140625 MB
2020-01-29 18:48:49,505 Cached:6793.5 MB
2020-01-29 18:53:17,169 ==> Epoch[7](550/553): Loss: 0.3160
2020-01-29 18:53:17,171 Allocated:122.53369140625 MB
2020-01-29 18:53:17,172 Cached:6793.5 MB
2020-01-29 18:53:29,219 ===> Epoch 7 Complete: Avg. Loss: 0.3159
2020-01-29 18:53:29,220 ====> Extracting Features
2020-01-29 18:54:16,140 ==> Batch (50/108)
2020-01-29 18:54:50,450 ==> Batch (100/108)
2020-01-29 18:54:55,986 ====> Building faiss index
2020-01-29 18:54:55,994 ====> Calculating recall @ N
2020-01-29 18:54:59,814 ====> Recall@1: 0.0249
2020-01-29 18:54:59,816 ====> Recall@2: 0.0252
2020-01-29 18:54:59,817 ====> Recall@3: 0.0252
2020-01-29 18:54:59,817 ====> Recall@4: 0.0255
2020-01-29 18:54:59,818 ====> Recall@5: 0.0261
2020-01-29 18:54:59,818 ====> Recall@10: 0.0267
2020-01-29 18:54:59,819 ====> Recall@15: 0.0267
2020-01-29 18:54:59,819 ====> Recall@20: 0.0267
2020-01-29 18:54:59,820 ====> Recall@25: 0.0270
2020-01-29 18:55:00,343 ====> Building Cache
2020-01-29 18:55:00,343 feature cache--->>> /home/annora/NetVLAD/output/train_feat_cache3.hdf5
2020-01-29 18:56:27,829 Allocated:119.03369140625 MB
2020-01-29 18:56:27,830 Cached:4193.625 MB
2020-01-29 19:02:38,901 ==> Epoch[8](50/553): Loss: 0.3159
2020-01-29 19:02:38,903 Allocated:120.53369140625 MB
2020-01-29 19:02:38,904 Cached:8067.625 MB
2020-01-29 19:07:47,575 ==> Epoch[8](100/553): Loss: 0.3160
2020-01-29 19:07:47,577 Allocated:122.53369140625 MB
2020-01-29 19:07:47,577 Cached:8067.625 MB
2020-01-29 19:11:22,690 ==> Epoch[8](150/553): Loss: 0.3160
2020-01-29 19:11:22,692 Allocated:121.03369140625 MB
2020-01-29 19:11:22,693 Cached:8067.625 MB
2020-01-29 19:13:18,853 ====> Building Cache
2020-01-29 19:13:18,857 feature cache--->>> /home/annora/NetVLAD/output/train_feat_cache3.hdf5
2020-01-29 19:14:43,658 Allocated:120.533203125 MB
2020-01-29 19:14:43,659 Cached:2919.5 MB
2020-01-29 19:16:11,122 ==> Epoch[8](200/553): Loss: 0.3161
2020-01-29 19:16:11,135 Allocated:120.53369140625 MB
2020-01-29 19:16:11,136 Cached:6793.5 MB
2020-01-29 19:18:43,058 ==> Epoch[8](250/553): Loss: 0.3161
2020-01-29 19:18:43,060 Allocated:122.53369140625 MB
2020-01-29 19:18:43,061 Cached:6793.5 MB
2020-01-29 19:21:27,979 ==> Epoch[8](300/553): Loss: 0.3161
2020-01-29 19:21:27,981 Allocated:121.03369140625 MB
2020-01-29 19:21:27,981 Cached:6793.5 MB
2020-01-29 19:24:18,797 ==> Epoch[8](350/553): Loss: 0.3161
2020-01-29 19:24:18,799 Allocated:120.53369140625 MB
2020-01-29 19:24:18,799 Cached:6793.5 MB
2020-01-29 19:25:13,623 ====> Building Cache
2020-01-29 19:25:13,624 feature cache--->>> /home/annora/NetVLAD/output/train_feat_cache3.hdf5
2020-01-29 19:26:37,054 Allocated:122.533203125 MB
2020-01-29 19:26:37,054 Cached:2919.5 MB
2020-01-29 19:28:43,369 ==> Epoch[8](400/553): Loss: 0.3161
2020-01-29 19:28:43,371 Allocated:122.53369140625 MB
2020-01-29 19:28:43,372 Cached:6793.5 MB
2020-01-29 19:30:47,878 ==> Epoch[8](450/553): Loss: 0.3161
2020-01-29 19:30:47,880 Allocated:121.03369140625 MB
2020-01-29 19:30:47,880 Cached:6793.5 MB
2020-01-29 19:35:09,854 ==> Epoch[8](500/553): Loss: 0.3161
2020-01-29 19:35:09,858 Allocated:120.53369140625 MB
2020-01-29 19:35:09,858 Cached:6793.5 MB
2020-01-29 19:39:55,161 ==> Epoch[8](550/553): Loss: 0.3161
2020-01-29 19:39:55,166 Allocated:122.53369140625 MB
2020-01-29 19:39:55,175 Cached:6793.5 MB
2020-01-29 19:40:30,793 ===> Epoch 8 Complete: Avg. Loss: 0.3172
2020-01-29 19:40:30,800 ====> Extracting Features
2020-01-29 19:41:08,298 ==> Batch (50/108)
2020-01-29 19:41:31,971 ==> Batch (100/108)
2020-01-29 19:41:35,839 ====> Building faiss index
2020-01-29 19:41:35,843 ====> Calculating recall @ N
2020-01-29 19:41:38,329 ====> Recall@1: 0.0252
2020-01-29 19:41:38,329 ====> Recall@2: 0.0252
2020-01-29 19:41:38,331 ====> Recall@3: 0.0255
2020-01-29 19:41:38,332 ====> Recall@4: 0.0255
2020-01-29 19:41:38,332 ====> Recall@5: 0.0255
2020-01-29 19:41:38,332 ====> Recall@10: 0.0261
2020-01-29 19:41:38,332 ====> Recall@15: 0.0264
2020-01-29 19:41:38,333 ====> Recall@20: 0.0264
2020-01-29 19:41:38,333 ====> Recall@25: 0.0264
2020-01-29 19:41:38,887 ====> Building Cache
2020-01-29 19:41:38,888 feature cache--->>> /home/annora/NetVLAD/output/train_feat_cache3.hdf5
2020-01-29 19:43:01,296 Allocated:119.03369140625 MB
2020-01-29 19:43:01,297 Cached:4192.625 MB
2020-01-29 19:46:56,908 ==> Epoch[9](50/553): Loss: 0.3161
2020-01-29 19:46:56,912 Allocated:120.53369140625 MB
2020-01-29 19:46:56,912 Cached:8067.625 MB
2020-01-29 19:52:40,609 ==> Epoch[9](100/553): Loss: 0.3161
2020-01-29 19:52:40,612 Allocated:122.53369140625 MB
2020-01-29 19:52:40,612 Cached:8067.625 MB
2020-01-29 19:58:28,409 ==> Epoch[9](150/553): Loss: 0.3161
2020-01-29 19:58:28,418 Allocated:121.03369140625 MB
2020-01-29 19:58:28,418 Cached:8067.625 MB
2020-01-29 20:02:15,017 ====> Building Cache
2020-01-29 20:02:15,018 feature cache--->>> /home/annora/NetVLAD/output/train_feat_cache3.hdf5
2020-01-29 20:03:40,687 Allocated:120.533203125 MB
2020-01-29 20:03:40,688 Cached:2919.5 MB
2020-01-29 20:05:22,037 ==> Epoch[9](200/553): Loss: 0.3162
2020-01-29 20:05:22,040 Allocated:120.53369140625 MB
2020-01-29 20:05:22,040 Cached:6794.5 MB
2020-01-29 20:08:13,276 ==> Epoch[9](250/553): Loss: 0.3162
2020-01-29 20:08:13,279 Allocated:122.53369140625 MB
2020-01-29 20:08:13,280 Cached:6794.5 MB
2020-01-29 20:11:09,058 ==> Epoch[9](300/553): Loss: 0.3162
2020-01-29 20:11:09,063 Allocated:121.03369140625 MB
2020-01-29 20:11:09,063 Cached:6794.5 MB
2020-01-29 20:13:41,586 ==> Epoch[9](350/553): Loss: 0.3162
2020-01-29 20:13:41,592 Allocated:120.53369140625 MB
2020-01-29 20:13:41,592 Cached:6794.5 MB
2020-01-29 20:14:37,148 ====> Building Cache
2020-01-29 20:14:37,149 feature cache--->>> /home/annora/NetVLAD/output/train_feat_cache3.hdf5
2020-01-29 20:15:59,746 Allocated:122.533203125 MB
2020-01-29 20:15:59,746 Cached:2919.5 MB
2020-01-29 20:19:47,413 ==> Epoch[9](400/553): Loss: 0.3162
2020-01-29 20:19:47,417 Allocated:122.53369140625 MB
2020-01-29 20:19:47,417 Cached:6793.5 MB
2020-01-29 20:23:25,972 ==> Epoch[9](450/553): Loss: 0.3162
2020-01-29 20:23:25,973 Allocated:121.03369140625 MB
2020-01-29 20:23:25,974 Cached:6793.5 MB
2020-01-29 20:31:08,017 ==> Epoch[9](500/553): Loss: 0.3162
2020-01-29 20:31:08,027 Allocated:120.53369140625 MB
2020-01-29 20:31:08,032 Cached:6793.5 MB
2020-01-29 20:37:33,238 ==> Epoch[9](550/553): Loss: 0.3162
2020-01-29 20:37:33,242 Allocated:122.53369140625 MB
2020-01-29 20:37:33,243 Cached:6793.5 MB
2020-01-29 20:38:20,012 ===> Epoch 9 Complete: Avg. Loss: 0.3173
2020-01-29 20:38:20,016 ====> Extracting Features
2020-01-29 20:39:24,482 ==> Batch (50/108)
2020-01-29 20:40:09,446 ==> Batch (100/108)
2020-01-29 20:40:14,234 ====> Building faiss index
2020-01-29 20:40:14,236 ====> Calculating recall @ N
2020-01-29 20:40:16,820 ====> Recall@1: 0.0246
2020-01-29 20:40:16,821 ====> Recall@2: 0.0252
2020-01-29 20:40:16,823 ====> Recall@3: 0.0252
2020-01-29 20:40:16,824 ====> Recall@4: 0.0252
2020-01-29 20:40:16,824 ====> Recall@5: 0.0252
2020-01-29 20:40:16,825 ====> Recall@10: 0.0252
2020-01-29 20:40:16,826 ====> Recall@15: 0.0252
2020-01-29 20:40:16,826 ====> Recall@20: 0.0252
2020-01-29 20:40:16,827 ====> Recall@25: 0.0252
2020-01-29 20:40:17,335 ====> Building Cache
2020-01-29 20:40:17,337 feature cache--->>> /home/annora/NetVLAD/output/train_feat_cache3.hdf5
2020-01-29 20:41:54,964 Allocated:119.03369140625 MB
2020-01-29 20:41:54,965 Cached:4193.625 MB
2020-01-29 20:49:20,032 ==> Epoch[10](50/553): Loss: 0.3162
2020-01-29 20:49:20,036 Allocated:120.53369140625 MB
2020-01-29 20:49:20,038 Cached:8067.625 MB
2020-01-29 20:54:49,696 ==> Epoch[10](100/553): Loss: 0.3162
2020-01-29 20:54:49,711 Allocated:122.53369140625 MB
2020-01-29 20:54:49,713 Cached:8067.625 MB
2020-01-29 21:01:19,672 ==> Epoch[10](150/553): Loss: 0.3162
2020-01-29 21:01:19,681 Allocated:121.03369140625 MB
2020-01-29 21:01:19,682 Cached:8067.625 MB
2020-01-29 21:04:53,507 ====> Building Cache
2020-01-29 21:04:53,509 feature cache--->>> /home/annora/NetVLAD/output/train_feat_cache3.hdf5
2020-01-29 21:06:17,365 Allocated:120.533203125 MB
2020-01-29 21:06:17,365 Cached:2919.5 MB
2020-01-29 21:08:42,709 ==> Epoch[10](200/553): Loss: 0.3162
2020-01-29 21:08:42,716 Allocated:120.53369140625 MB
2020-01-29 21:08:42,722 Cached:6793.5 MB
2020-01-29 21:17:07,776 ==> Epoch[10](250/553): Loss: 0.3162
2020-01-29 21:17:07,781 Allocated:122.53369140625 MB
2020-01-29 21:17:07,782 Cached:6793.5 MB
2020-01-29 21:25:20,451 ==> Epoch[10](300/553): Loss: 0.3162
2020-01-29 21:25:20,452 Allocated:121.03369140625 MB
2020-01-29 21:25:20,453 Cached:6793.5 MB
2020-01-29 21:34:56,853 ==> Epoch[10](350/553): Loss: 0.3162
2020-01-29 21:34:56,856 Allocated:120.53369140625 MB
2020-01-29 21:34:56,857 Cached:6793.5 MB
2020-01-29 21:38:06,958 ====> Building Cache
2020-01-29 21:38:06,965 feature cache--->>> /home/annora/NetVLAD/output/train_feat_cache3.hdf5
2020-01-29 21:39:42,236 Allocated:122.533203125 MB
2020-01-29 21:39:42,239 Cached:2919.5 MB
2020-01-29 21:45:47,393 ==> Epoch[10](400/553): Loss: 0.3162
2020-01-29 21:45:47,399 Allocated:122.53369140625 MB
2020-01-29 21:45:47,400 Cached:6793.5 MB
2020-01-29 21:51:31,500 ==> Epoch[10](450/553): Loss: 0.3162
2020-01-29 21:51:31,504 Allocated:121.03369140625 MB
2020-01-29 21:51:31,510 Cached:6793.5 MB
2020-01-29 21:57:20,943 ==> Epoch[10](500/553): Loss: 0.3162
2020-01-29 21:57:20,946 Allocated:120.53369140625 MB
2020-01-29 21:57:20,946 Cached:6793.5 MB
2020-01-29 22:03:33,231 ==> Epoch[10](550/553): Loss: 0.3162
2020-01-29 22:03:33,242 Allocated:122.53369140625 MB
2020-01-29 22:03:33,245 Cached:6793.5 MB
2020-01-29 22:04:20,374 ===> Epoch 10 Complete: Avg. Loss: 0.3174
2020-01-29 22:04:20,377 ====> Extracting Features
2020-01-29 22:05:16,251 ==> Batch (50/108)
2020-01-29 22:05:49,336 ==> Batch (100/108)
2020-01-29 22:05:56,864 ====> Building faiss index
2020-01-29 22:05:56,873 ====> Calculating recall @ N
2020-01-29 22:05:59,479 ====> Recall@1: 0.0243
2020-01-29 22:05:59,481 ====> Recall@2: 0.0249
2020-01-29 22:05:59,482 ====> Recall@3: 0.0249
2020-01-29 22:05:59,483 ====> Recall@4: 0.0249
2020-01-29 22:05:59,483 ====> Recall@5: 0.0249
2020-01-29 22:05:59,484 ====> Recall@10: 0.0258
2020-01-29 22:05:59,485 ====> Recall@15: 0.0258
2020-01-29 22:05:59,486 ====> Recall@20: 0.0258
2020-01-29 22:05:59,486 ====> Recall@25: 0.0270
2020-01-29 22:05:59,954 ====> Building Cache
2020-01-29 22:05:59,958 feature cache--->>> /home/annora/NetVLAD/output/train_feat_cache3.hdf5
2020-01-29 22:07:39,736 Allocated:119.03369140625 MB
2020-01-29 22:07:39,737 Cached:4192.625 MB
2020-01-29 22:18:13,158 ==> Epoch[11](50/553): Loss: 0.3162
2020-01-29 22:18:13,161 Allocated:120.53369140625 MB
2020-01-29 22:18:13,164 Cached:8067.625 MB
2020-01-29 22:25:56,975 ==> Epoch[11](100/553): Loss: 0.3162
2020-01-29 22:25:56,979 Allocated:122.53369140625 MB
2020-01-29 22:25:56,981 Cached:8067.625 MB
2020-01-29 22:34:07,121 ==> Epoch[11](150/553): Loss: 0.3162
2020-01-29 22:34:07,123 Allocated:121.03369140625 MB
2020-01-29 22:34:07,123 Cached:8067.625 MB
2020-01-29 22:37:30,282 ====> Building Cache
2020-01-29 22:37:30,283 feature cache--->>> /home/annora/NetVLAD/output/train_feat_cache3.hdf5
2020-01-29 22:39:02,163 Allocated:120.533203125 MB
2020-01-29 22:39:02,165 Cached:2919.5 MB
2020-01-29 22:42:35,588 ==> Epoch[11](200/553): Loss: 0.3162
2020-01-29 22:42:35,601 Allocated:120.53369140625 MB
2020-01-29 22:42:35,608 Cached:6794.5 MB
2020-01-29 22:49:28,119 ==> Epoch[11](250/553): Loss: 0.3162
2020-01-29 22:49:28,123 Allocated:122.53369140625 MB
2020-01-29 22:49:28,124 Cached:6794.5 MB
2020-01-29 22:56:40,077 ==> Epoch[11](300/553): Loss: 0.3162
2020-01-29 22:56:40,083 Allocated:121.03369140625 MB
2020-01-29 22:56:40,084 Cached:6794.5 MB
2020-01-29 23:02:50,811 ==> Epoch[11](350/553): Loss: 0.3162
2020-01-29 23:02:50,816 Allocated:120.53369140625 MB
2020-01-29 23:02:50,817 Cached:6794.5 MB
2020-01-29 23:05:25,869 ====> Building Cache
2020-01-29 23:05:25,871 feature cache--->>> /home/annora/NetVLAD/output/train_feat_cache3.hdf5
2020-01-29 23:06:48,819 Allocated:122.533203125 MB
2020-01-29 23:06:48,820 Cached:2919.5 MB
2020-01-29 23:09:46,079 ==> Epoch[11](400/553): Loss: 0.3162
2020-01-29 23:09:46,094 Allocated:122.53369140625 MB
2020-01-29 23:09:46,095 Cached:6793.5 MB
2020-01-29 23:18:01,060 ==> Epoch[11](450/553): Loss: 0.3162
2020-01-29 23:18:01,063 Allocated:121.03369140625 MB
2020-01-29 23:18:01,067 Cached:6793.5 MB
2020-01-29 23:26:59,437 ==> Epoch[11](500/553): Loss: 0.3162
2020-01-29 23:26:59,464 Allocated:120.53369140625 MB
2020-01-29 23:26:59,466 Cached:6793.5 MB
2020-01-29 23:33:06,472 ==> Epoch[11](550/553): Loss: 0.3162
2020-01-29 23:33:06,476 Allocated:122.53369140625 MB
2020-01-29 23:33:06,476 Cached:6793.5 MB
2020-01-29 23:33:32,677 ===> Epoch 11 Complete: Avg. Loss: 0.3174
2020-01-29 23:33:32,682 ====> Extracting Features
2020-01-29 23:34:14,646 ==> Batch (50/108)
2020-01-29 23:34:41,053 ==> Batch (100/108)
2020-01-29 23:34:44,447 ====> Building faiss index
2020-01-29 23:34:44,451 ====> Calculating recall @ N
2020-01-29 23:34:46,448 ====> Recall@1: 0.0249
2020-01-29 23:34:46,449 ====> Recall@2: 0.0249
2020-01-29 23:34:46,451 ====> Recall@3: 0.0252
2020-01-29 23:34:46,452 ====> Recall@4: 0.0252
2020-01-29 23:34:46,453 ====> Recall@5: 0.0252
2020-01-29 23:34:46,454 ====> Recall@10: 0.0255
2020-01-29 23:34:46,454 ====> Recall@15: 0.0255
2020-01-29 23:34:46,454 ====> Recall@20: 0.0255
2020-01-29 23:34:46,455 ====> Recall@25: 0.0255
2020-01-29 23:34:46,906 ====> Building Cache
2020-01-29 23:34:46,909 feature cache--->>> /home/annora/NetVLAD/output/train_feat_cache3.hdf5
2020-01-29 23:36:06,921 Allocated:119.03369140625 MB
2020-01-29 23:36:06,922 Cached:4193.625 MB
2020-01-29 23:40:44,715 ==> Epoch[12](50/553): Loss: 0.3162
2020-01-29 23:40:44,719 Allocated:120.53369140625 MB
2020-01-29 23:40:44,720 Cached:8067.625 MB
2020-01-29 23:44:48,955 ==> Epoch[12](100/553): Loss: 0.3162
2020-01-29 23:44:48,957 Allocated:122.53369140625 MB
2020-01-29 23:44:48,958 Cached:8067.625 MB
2020-01-29 23:49:35,693 ==> Epoch[12](150/553): Loss: 0.3162
2020-01-29 23:49:35,696 Allocated:121.03369140625 MB
2020-01-29 23:49:35,696 Cached:8067.625 MB
2020-01-29 23:53:06,531 ====> Building Cache
2020-01-29 23:53:06,532 feature cache--->>> /home/annora/NetVLAD/output/train_feat_cache3.hdf5
2020-01-29 23:54:27,811 Allocated:120.533203125 MB
2020-01-29 23:54:27,813 Cached:2919.5 MB
2020-01-29 23:56:05,627 ==> Epoch[12](200/553): Loss: 0.3162
2020-01-29 23:56:05,631 Allocated:120.53369140625 MB
2020-01-29 23:56:05,631 Cached:6793.5 MB
2020-01-29 23:59:58,416 ==> Epoch[12](250/553): Loss: 0.3162
2020-01-29 23:59:58,421 Allocated:122.53369140625 MB
2020-01-29 23:59:58,421 Cached:6793.5 MB
2020-01-30 00:04:30,114 ==> Epoch[12](300/553): Loss: 0.3162
2020-01-30 00:04:30,120 Allocated:121.03369140625 MB
2020-01-30 00:04:30,120 Cached:6793.5 MB
2020-01-30 00:09:06,184 ==> Epoch[12](350/553): Loss: 0.3162
2020-01-30 00:09:06,189 Allocated:120.53369140625 MB
2020-01-30 00:09:06,200 Cached:6793.5 MB
2020-01-30 00:11:35,156 ====> Building Cache
2020-01-30 00:11:35,158 feature cache--->>> /home/annora/NetVLAD/output/train_feat_cache3.hdf5
2020-01-30 00:12:55,734 Allocated:122.533203125 MB
2020-01-30 00:12:55,737 Cached:2919.5 MB
2020-01-30 00:16:36,806 ==> Epoch[12](400/553): Loss: 0.3162
2020-01-30 00:16:36,816 Allocated:122.53369140625 MB
2020-01-30 00:16:36,817 Cached:6793.5 MB
2020-01-30 00:21:42,090 ==> Epoch[12](450/553): Loss: 0.3162
2020-01-30 00:21:42,091 Allocated:121.03369140625 MB
2020-01-30 00:21:42,091 Cached:6793.5 MB
2020-01-30 00:26:53,180 ==> Epoch[12](500/553): Loss: 0.3162
2020-01-30 00:26:53,189 Allocated:120.53369140625 MB
2020-01-30 00:26:53,192 Cached:6793.5 MB
2020-01-30 00:31:42,486 ==> Epoch[12](550/553): Loss: 0.3162
2020-01-30 00:31:42,488 Allocated:122.53369140625 MB
2020-01-30 00:31:42,490 Cached:6793.5 MB
2020-01-30 00:32:22,661 ===> Epoch 12 Complete: Avg. Loss: 0.3174
2020-01-30 00:32:22,667 ====> Extracting Features
2020-01-30 00:33:10,829 ==> Batch (50/108)
2020-01-30 00:33:44,000 ==> Batch (100/108)
2020-01-30 00:33:46,793 ====> Building faiss index
2020-01-30 00:33:46,797 ====> Calculating recall @ N
2020-01-30 00:33:48,109 ====> Recall@1: 0.0246
2020-01-30 00:33:48,110 ====> Recall@2: 0.0246
2020-01-30 00:33:48,110 ====> Recall@3: 0.0255
2020-01-30 00:33:48,111 ====> Recall@4: 0.0258
2020-01-30 00:33:48,111 ====> Recall@5: 0.0261
2020-01-30 00:33:48,111 ====> Recall@10: 0.0264
2020-01-30 00:33:48,111 ====> Recall@15: 0.0272
2020-01-30 00:33:48,111 ====> Recall@20: 0.0272
2020-01-30 00:33:48,112 ====> Recall@25: 0.0272
2020-01-30 00:33:48,546 ====> Building Cache
2020-01-30 00:33:48,547 feature cache--->>> /home/annora/NetVLAD/output/train_feat_cache3.hdf5
2020-01-30 00:35:09,434 Allocated:119.03369140625 MB
2020-01-30 00:35:09,434 Cached:4192.625 MB
2020-01-30 00:41:32,329 ==> Epoch[13](50/553): Loss: 0.3162
2020-01-30 00:41:32,335 Allocated:120.53369140625 MB
2020-01-30 00:41:32,336 Cached:8067.625 MB
2020-01-30 00:46:44,985 ==> Epoch[13](100/553): Loss: 0.3162
2020-01-30 00:46:44,992 Allocated:122.53369140625 MB
2020-01-30 00:46:44,995 Cached:8067.625 MB
2020-01-30 00:51:59,177 ==> Epoch[13](150/553): Loss: 0.3162
2020-01-30 00:51:59,181 Allocated:121.03369140625 MB
2020-01-30 00:51:59,181 Cached:8067.625 MB
2020-01-30 00:55:36,295 ====> Building Cache
2020-01-30 00:55:36,296 feature cache--->>> /home/annora/NetVLAD/output/train_feat_cache3.hdf5
2020-01-30 00:57:06,203 Allocated:120.533203125 MB
2020-01-30 00:57:06,205 Cached:2919.5 MB
2020-01-30 00:59:15,009 ==> Epoch[13](200/553): Loss: 0.3162
2020-01-30 00:59:15,011 Allocated:120.53369140625 MB
2020-01-30 00:59:15,011 Cached:6794.5 MB
2020-01-30 01:02:43,392 ==> Epoch[13](250/553): Loss: 0.3162
2020-01-30 01:02:43,396 Allocated:122.53369140625 MB
2020-01-30 01:02:43,396 Cached:6794.5 MB
2020-01-30 01:06:38,349 ==> Epoch[13](300/553): Loss: 0.3162
2020-01-30 01:06:38,351 Allocated:121.03369140625 MB
2020-01-30 01:06:38,352 Cached:6794.5 MB
2020-01-30 01:09:55,688 ==> Epoch[13](350/553): Loss: 0.3162
2020-01-30 01:09:55,691 Allocated:120.53369140625 MB
2020-01-30 01:09:55,693 Cached:6794.5 MB
2020-01-30 01:11:13,303 ====> Building Cache
2020-01-30 01:11:13,305 feature cache--->>> /home/annora/NetVLAD/output/train_feat_cache3.hdf5
2020-01-30 01:12:33,422 Allocated:122.533203125 MB
2020-01-30 01:12:33,423 Cached:2919.5 MB
2020-01-30 01:15:56,030 ==> Epoch[13](400/553): Loss: 0.3162
2020-01-30 01:15:56,032 Allocated:122.53369140625 MB
2020-01-30 01:15:56,035 Cached:6793.5 MB
2020-01-30 01:20:07,890 ==> Epoch[13](450/553): Loss: 0.3162
2020-01-30 01:20:07,894 Allocated:121.03369140625 MB
2020-01-30 01:20:07,900 Cached:6793.5 MB
2020-01-30 01:26:32,949 ==> Epoch[13](500/553): Loss: 0.3162
2020-01-30 01:26:32,955 Allocated:120.53369140625 MB
2020-01-30 01:26:32,955 Cached:6793.5 MB
2020-01-30 01:32:24,207 ==> Epoch[13](550/553): Loss: 0.3162
2020-01-30 01:32:24,215 Allocated:122.53369140625 MB
2020-01-30 01:32:24,217 Cached:6793.5 MB
2020-01-30 01:33:16,266 ===> Epoch 13 Complete: Avg. Loss: 0.3174
2020-01-30 01:33:16,271 ====> Extracting Features
2020-01-30 01:34:00,405 ==> Batch (50/108)
2020-01-30 01:34:24,176 ==> Batch (100/108)
2020-01-30 01:34:27,994 ====> Building faiss index
2020-01-30 01:34:27,999 ====> Calculating recall @ N
2020-01-30 01:34:30,320 ====> Recall@1: 0.0249
2020-01-30 01:34:30,321 ====> Recall@2: 0.0252
2020-01-30 01:34:30,322 ====> Recall@3: 0.0252
2020-01-30 01:34:30,322 ====> Recall@4: 0.0252
2020-01-30 01:34:30,323 ====> Recall@5: 0.0252
2020-01-30 01:34:30,323 ====> Recall@10: 0.0252
2020-01-30 01:34:30,324 ====> Recall@15: 0.0252
2020-01-30 01:34:30,324 ====> Recall@20: 0.0252
2020-01-30 01:34:30,324 ====> Recall@25: 0.0252
2020-01-30 01:34:30,776 ====> Building Cache
2020-01-30 01:34:30,786 feature cache--->>> /home/annora/NetVLAD/output/train_feat_cache3.hdf5
2020-01-30 01:35:51,548 Allocated:119.03369140625 MB
2020-01-30 01:35:51,574 Cached:4193.625 MB
2020-01-30 01:43:04,971 ==> Epoch[14](50/553): Loss: 0.3162
2020-01-30 01:43:04,975 Allocated:120.53369140625 MB
2020-01-30 01:43:04,976 Cached:8067.625 MB
2020-01-30 01:49:07,790 ==> Epoch[14](100/553): Loss: 0.3162
2020-01-30 01:49:07,804 Allocated:122.53369140625 MB
2020-01-30 01:49:07,809 Cached:8067.625 MB
2020-01-30 01:55:31,893 ==> Epoch[14](150/553): Loss: 0.3162
2020-01-30 01:55:31,896 Allocated:121.03369140625 MB
2020-01-30 01:55:31,897 Cached:8067.625 MB
2020-01-30 01:59:53,837 ====> Building Cache
2020-01-30 01:59:53,838 feature cache--->>> /home/annora/NetVLAD/output/train_feat_cache3.hdf5
                                                                                            