2020-02-06 15:36:51,860 Namespace(arch='alexnet', batchSize=12, cacheBatchSize=96, cachePath='/home/annora/NetVLAD/output/', cacheRefreshRate=3000, ckpt='best', contilearn=False, dataPath='/home/annora/NetVLAD/output/data/', dataset='pittsburgh', evalEvery=1, fromscratch=False, fromtask='/home/annora/NetVLAD/output/runs/2020-01-07-12-30-32_alexnet_max', lr=0.1, lrGamma=0.5, lrStep=5, margin=0.1, mode='train', momentum=0.9, nEpochs=30, nGPU=1, nocuda=False, num_clusters=64, optim='SGD', patience=10, pooling='max', premodel='imagenet', resume='', runsPath='/home/annora/NetVLAD/output/runs/', savePath='checkpoints', seed=123, split='val', start_epoch=0, threads=8, vladv2=False, weightDecay=0.001)
2020-02-06 15:36:51,932 ===> Loading dataset(s)
2020-02-06 15:36:51,932 trainfile ------>>>>>> pitts30k_train.mat
2020-02-06 15:36:54,386 ====> Training set: pitts30k_train.mat, query set count: 7320
2020-02-06 15:36:54,557 ===> Evaluating on val set: pitts30k_val.mat, query count: 7608
2020-02-06 15:36:54,558 ===> Building model
2020-02-06 15:36:54,614 encoder moder:
AlexNet(
  (conv1): Sequential(
    (0): Conv2d(3, 64, kernel_size=(11, 11), stride=(4, 4), padding=(2, 2))
    (1): ReLU(inplace)
    (2): MaxPool2d(kernel_size=3, stride=2, padding=0, dilation=1, ceil_mode=False)
  )
  (conv2): Sequential(
    (0): Conv2d(64, 192, kernel_size=(5, 5), stride=(1, 1), padding=(2, 2))
    (1): ReLU(inplace)
    (2): MaxPool2d(kernel_size=3, stride=2, padding=0, dilation=1, ceil_mode=False)
  )
  (conv3): Sequential(
    (0): Conv2d(192, 384, kernel_size=(3, 3), stride=(1, 1), padding=(1, 1))
    (1): ReLU(inplace)
  )
  (conv4): Sequential(
    (0): Conv2d(384, 256, kernel_size=(3, 3), stride=(1, 1), padding=(1, 1))
    (1): ReLU(inplace)
  )
  (conv5): Sequential(
    (0): Conv2d(256, 256, kernel_size=(3, 3), stride=(1, 1), padding=(1, 1))
  )
)
2020-02-06 15:36:59,025 => loading checkpoint '/home/annora/NetVLAD/output/runs/2020-01-07-12-30-32_alexnet_max/checkpoints/model_best.pth.tar'
2020-02-06 15:36:59,082 => loaded checkpoint '/home/annora/NetVLAD/output/runs/2020-01-07-12-30-32_alexnet_max/checkpoints/model_best.pth.tar' 
2020-02-06 15:36:59,083 ===> Training model
2020-02-06 15:36:59,086 ===> Saving state to: /home/annora/NetVLAD/output/runs/2020-02-06-15-36-59_alexnet_max
2020-02-06 15:36:59,086 ====> Building Cache
2020-02-06 15:36:59,086 feature cache--->>> /home/annora/NetVLAD/output/train_feat_cache0.hdf5
2020-02-06 15:37:29,094 Allocated:11.59326171875 MB
2020-02-06 15:37:29,095 Cached:2776.125 MB
2020-02-06 15:38:14,244 ==> Epoch[1](50/610): Loss: 0.2054
2020-02-06 15:38:14,247 Allocated:32.78076171875 MB
2020-02-06 15:38:14,247 Cached:6652.125 MB
2020-02-06 15:38:29,857 ==> Epoch[1](100/610): Loss: 0.1336
2020-02-06 15:38:29,859 Allocated:32.78076171875 MB
2020-02-06 15:38:29,859 Cached:6652.125 MB
2020-02-06 15:38:47,121 ==> Epoch[1](150/610): Loss: 0.1171
2020-02-06 15:38:47,123 Allocated:32.78076171875 MB
2020-02-06 15:38:47,123 Cached:6652.125 MB
2020-02-06 15:39:03,963 ==> Epoch[1](200/610): Loss: 0.1313
2020-02-06 15:39:03,965 Allocated:32.78076171875 MB
2020-02-06 15:39:03,965 Cached:6652.125 MB
2020-02-06 15:39:05,436 ====> Building Cache
2020-02-06 15:39:05,437 feature cache--->>> /home/annora/NetVLAD/output/train_feat_cache0.hdf5
2020-02-06 15:39:36,320 Allocated:32.7802734375 MB
2020-02-06 15:39:36,320 Cached:2862.5 MB
2020-02-06 15:40:21,299 ==> Epoch[1](250/610): Loss: 0.1914
2020-02-06 15:40:21,302 Allocated:32.78076171875 MB
2020-02-06 15:40:21,302 Cached:6114.0 MB
2020-02-06 15:40:36,247 ==> Epoch[1](300/610): Loss: 0.2949
2020-02-06 15:40:36,249 Allocated:32.78076171875 MB
2020-02-06 15:40:36,249 Cached:6114.0 MB
2020-02-06 15:40:51,916 ==> Epoch[1](350/610): Loss: 0.2761
2020-02-06 15:40:51,919 Allocated:32.78076171875 MB
2020-02-06 15:40:51,920 Cached:6114.0 MB
2020-02-06 15:41:06,985 ==> Epoch[1](400/610): Loss: 0.2097
2020-02-06 15:41:06,988 Allocated:32.78076171875 MB
2020-02-06 15:41:06,988 Cached:6114.0 MB
2020-02-06 15:41:09,601 ====> Building Cache
2020-02-06 15:41:09,602 feature cache--->>> /home/annora/NetVLAD/output/train_feat_cache0.hdf5
2020-02-06 15:41:41,531 Allocated:32.7802734375 MB
2020-02-06 15:41:41,532 Cached:2862.5 MB
2020-02-06 15:42:24,174 ==> Epoch[1](450/610): Loss: 0.3033
2020-02-06 15:42:24,177 Allocated:32.78076171875 MB
2020-02-06 15:42:24,177 Cached:6736.5 MB
2020-02-06 15:42:39,521 ==> Epoch[1](500/610): Loss: 0.2172
2020-02-06 15:42:39,524 Allocated:32.78076171875 MB
2020-02-06 15:42:39,525 Cached:6736.5 MB
2020-02-06 15:42:54,441 ==> Epoch[1](550/610): Loss: 0.2807
2020-02-06 15:42:54,442 Allocated:32.78076171875 MB
2020-02-06 15:42:54,443 Cached:6736.5 MB
2020-02-06 15:43:09,270 ==> Epoch[1](600/610): Loss: 0.2663
2020-02-06 15:43:09,272 Allocated:32.78076171875 MB
2020-02-06 15:43:09,272 Cached:6736.5 MB
2020-02-06 15:43:12,765 ===> Epoch 1 Complete: Avg. Loss: 0.2403
2020-02-06 15:43:12,766 ====> Extracting Features
2020-02-06 15:43:28,270 ==> Batch (50/184)
2020-02-06 15:43:33,916 ==> Batch (100/184)
2020-02-06 15:43:39,840 ==> Batch (150/184)
2020-02-06 15:43:44,096 ====> Building faiss index
2020-02-06 15:43:44,103 ====> Calculating recall @ N
2020-02-06 15:43:46,593 ====> Recall@1: 0.0471
2020-02-06 15:43:46,594 ====> Recall@2: 0.0740
2020-02-06 15:43:46,595 ====> Recall@3: 0.1002
2020-02-06 15:43:46,595 ====> Recall@4: 0.1205
2020-02-06 15:43:46,595 ====> Recall@5: 0.1379
2020-02-06 15:43:46,596 ====> Recall@10: 0.2136
2020-02-06 15:43:46,596 ====> Recall@15: 0.2779
2020-02-06 15:43:46,596 ====> Recall@20: 0.3254
2020-02-06 15:43:46,597 ====> Recall@25: 0.3738
2020-02-06 15:43:46,637 ====> Building Cache
2020-02-06 15:43:46,637 feature cache--->>> /home/annora/NetVLAD/output/train_feat_cache0.hdf5
2020-02-06 15:44:17,596 Allocated:30.78076171875 MB
2020-02-06 15:44:17,596 Cached:2862.5 MB
2020-02-06 15:45:01,010 ==> Epoch[2](50/610): Loss: 0.3206
2020-02-06 15:45:01,012 Allocated:32.78076171875 MB
2020-02-06 15:45:01,012 Cached:6736.5 MB
2020-02-06 15:45:16,412 ==> Epoch[2](100/610): Loss: 0.2811
2020-02-06 15:45:16,414 Allocated:32.78076171875 MB
2020-02-06 15:45:16,414 Cached:6736.5 MB
2020-02-06 15:45:30,815 ==> Epoch[2](150/610): Loss: 0.2956
2020-02-06 15:45:30,817 Allocated:32.78076171875 MB
2020-02-06 15:45:30,817 Cached:6736.5 MB
2020-02-06 15:45:45,541 ==> Epoch[2](200/610): Loss: 0.2873
2020-02-06 15:45:45,543 Allocated:32.78076171875 MB
2020-02-06 15:45:45,543 Cached:6736.5 MB
2020-02-06 15:45:46,888 ====> Building Cache
2020-02-06 15:45:46,888 feature cache--->>> /home/annora/NetVLAD/output/train_feat_cache0.hdf5
2020-02-06 15:46:18,878 Allocated:32.7802734375 MB
2020-02-06 15:46:18,879 Cached:2862.5 MB
2020-02-06 15:47:04,023 ==> Epoch[2](250/610): Loss: 0.3381
2020-02-06 15:47:04,026 Allocated:32.78076171875 MB
2020-02-06 15:47:04,026 Cached:6736.5 MB
2020-02-06 15:47:21,270 ==> Epoch[2](300/610): Loss: 0.2801
2020-02-06 15:47:21,273 Allocated:32.78076171875 MB
2020-02-06 15:47:21,274 Cached:6736.5 MB
2020-02-06 15:47:37,692 ==> Epoch[2](350/610): Loss: 0.2927
2020-02-06 15:47:37,695 Allocated:32.78076171875 MB
2020-02-06 15:47:37,696 Cached:6736.5 MB
2020-02-06 15:47:53,770 ==> Epoch[2](400/610): Loss: 0.2559
2020-02-06 15:47:53,772 Allocated:32.78076171875 MB
2020-02-06 15:47:53,773 Cached:6736.5 MB
2020-02-06 15:47:56,373 ====> Building Cache
2020-02-06 15:47:56,374 feature cache--->>> /home/annora/NetVLAD/output/train_feat_cache0.hdf5
2020-02-06 15:48:28,182 Allocated:32.7802734375 MB
2020-02-06 15:48:28,183 Cached:2862.5 MB
2020-02-06 15:49:11,687 ==> Epoch[2](450/610): Loss: 0.3334
2020-02-06 15:49:11,690 Allocated:32.78076171875 MB
2020-02-06 15:49:11,690 Cached:6736.5 MB
2020-02-06 15:49:27,115 ==> Epoch[2](500/610): Loss: 0.3195
2020-02-06 15:49:27,118 Allocated:32.78076171875 MB
2020-02-06 15:49:27,118 Cached:6736.5 MB
2020-02-06 15:49:42,354 ==> Epoch[2](550/610): Loss: 0.2480
2020-02-06 15:49:42,356 Allocated:32.78076171875 MB
2020-02-06 15:49:42,357 Cached:6736.5 MB
2020-02-06 15:49:57,865 ==> Epoch[2](600/610): Loss: 0.2828
2020-02-06 15:49:57,867 Allocated:32.78076171875 MB
2020-02-06 15:49:57,867 Cached:6736.5 MB
2020-02-06 15:50:01,515 ===> Epoch 2 Complete: Avg. Loss: 0.2943
2020-02-06 15:50:01,517 ====> Extracting Features
2020-02-06 15:50:19,142 ==> Batch (50/184)
2020-02-06 15:50:24,880 ==> Batch (100/184)
2020-02-06 15:50:30,790 ==> Batch (150/184)
2020-02-06 15:50:35,067 ====> Building faiss index
2020-02-06 15:50:35,075 ====> Calculating recall @ N
2020-02-06 15:50:37,537 ====> Recall@1: 0.0331
2020-02-06 15:50:37,538 ====> Recall@2: 0.0532
2020-02-06 15:50:37,538 ====> Recall@3: 0.0751
2020-02-06 15:50:37,538 ====> Recall@4: 0.0915
2020-02-06 15:50:37,538 ====> Recall@5: 0.1079
2020-02-06 15:50:37,539 ====> Recall@10: 0.1843
2020-02-06 15:50:37,539 ====> Recall@15: 0.2472
2020-02-06 15:50:37,539 ====> Recall@20: 0.3009
2020-02-06 15:50:37,539 ====> Recall@25: 0.3457
2020-02-06 15:50:37,607 ====> Building Cache
2020-02-06 15:50:37,607 feature cache--->>> /home/annora/NetVLAD/output/train_feat_cache0.hdf5
2020-02-06 15:51:09,067 Allocated:30.78076171875 MB
2020-02-06 15:51:09,068 Cached:2862.5 MB
2020-02-06 15:51:54,058 ==> Epoch[3](50/610): Loss: 0.3210
2020-02-06 15:51:54,060 Allocated:32.78076171875 MB
2020-02-06 15:51:54,061 Cached:6736.5 MB
2020-02-06 15:52:09,118 ==> Epoch[3](100/610): Loss: 0.3126
2020-02-06 15:52:09,120 Allocated:32.78076171875 MB
2020-02-06 15:52:09,121 Cached:6736.5 MB
2020-02-06 15:52:24,328 ==> Epoch[3](150/610): Loss: 0.3127
2020-02-06 15:52:24,330 Allocated:32.78076171875 MB
2020-02-06 15:52:24,330 Cached:6736.5 MB
2020-02-06 15:52:39,578 ==> Epoch[3](200/610): Loss: 0.3020
2020-02-06 15:52:39,580 Allocated:32.78076171875 MB
2020-02-06 15:52:39,580 Cached:6736.5 MB
2020-02-06 15:52:40,991 ====> Building Cache
2020-02-06 15:52:40,992 feature cache--->>> /home/annora/NetVLAD/output/train_feat_cache0.hdf5
2020-02-06 15:53:12,798 Allocated:32.7802734375 MB
2020-02-06 15:53:12,799 Cached:2862.5 MB
2020-02-06 15:53:57,795 ==> Epoch[3](250/610): Loss: 0.3260
2020-02-06 15:53:57,798 Allocated:32.78076171875 MB
2020-02-06 15:53:57,799 Cached:6736.5 MB
2020-02-06 15:54:14,742 ==> Epoch[3](300/610): Loss: 0.3112
2020-02-06 15:54:14,745 Allocated:32.78076171875 MB
2020-02-06 15:54:14,745 Cached:6736.5 MB
2020-02-06 15:54:32,382 ==> Epoch[3](350/610): Loss: 0.2869
2020-02-06 15:54:32,385 Allocated:32.78076171875 MB
2020-02-06 15:54:32,385 Cached:6736.5 MB
2020-02-06 15:54:48,415 ==> Epoch[3](400/610): Loss: 0.2417
2020-02-06 15:54:48,416 Allocated:32.78076171875 MB
2020-02-06 15:54:48,417 Cached:6736.5 MB
2020-02-06 15:54:51,130 ====> Building Cache
2020-02-06 15:54:51,131 feature cache--->>> /home/annora/NetVLAD/output/train_feat_cache0.hdf5
2020-02-06 15:55:20,389 Allocated:32.7802734375 MB
2020-02-06 15:55:20,390 Cached:2862.5 MB
2020-02-06 15:56:07,008 ==> Epoch[3](450/610): Loss: 0.3144
2020-02-06 15:56:07,010 Allocated:32.78076171875 MB
2020-02-06 15:56:07,010 Cached:6736.5 MB
2020-02-06 15:56:23,610 ==> Epoch[3](500/610): Loss: 0.3058
2020-02-06 15:56:23,613 Allocated:32.78076171875 MB
2020-02-06 15:56:23,613 Cached:6736.5 MB
2020-02-06 15:56:39,436 ==> Epoch[3](550/610): Loss: 0.3074
2020-02-06 15:56:39,439 Allocated:32.78076171875 MB
2020-02-06 15:56:39,439 Cached:6736.5 MB
2020-02-06 15:56:54,381 ==> Epoch[3](600/610): Loss: 0.3354
2020-02-06 15:56:54,382 Allocated:32.78076171875 MB
2020-02-06 15:56:54,382 Cached:6736.5 MB
2020-02-06 15:56:57,971 ===> Epoch 3 Complete: Avg. Loss: 0.3084
2020-02-06 15:56:57,973 ====> Extracting Features
2020-02-06 15:57:16,438 ==> Batch (50/184)
2020-02-06 15:57:22,910 ==> Batch (100/184)
2020-02-06 15:57:28,730 ==> Batch (150/184)
2020-02-06 15:57:33,268 ====> Building faiss index
2020-02-06 15:57:33,275 ====> Calculating recall @ N
2020-02-06 15:57:35,760 ====> Recall@1: 0.0351
2020-02-06 15:57:35,760 ====> Recall@2: 0.0569
2020-02-06 15:57:35,761 ====> Recall@3: 0.0745
2020-02-06 15:57:35,761 ====> Recall@4: 0.0925
2020-02-06 15:57:35,761 ====> Recall@5: 0.1091
2020-02-06 15:57:35,761 ====> Recall@10: 0.1834
2020-02-06 15:57:35,762 ====> Recall@15: 0.2440
2020-02-06 15:57:35,762 ====> Recall@20: 0.2950
2020-02-06 15:57:35,762 ====> Recall@25: 0.3458
2020-02-06 15:57:35,825 ====> Building Cache
2020-02-06 15:57:35,826 feature cache--->>> /home/annora/NetVLAD/output/train_feat_cache0.hdf5
2020-02-06 15:58:08,429 Allocated:30.78076171875 MB
2020-02-06 15:58:08,429 Cached:2862.5 MB
2020-02-06 15:58:53,698 ==> Epoch[4](50/610): Loss: 0.3115
2020-02-06 15:58:53,700 Allocated:32.78076171875 MB
2020-02-06 15:58:53,700 Cached:6736.5 MB
2020-02-06 15:59:09,273 ==> Epoch[4](100/610): Loss: 0.2835
2020-02-06 15:59:09,275 Allocated:32.78076171875 MB
2020-02-06 15:59:09,275 Cached:6736.5 MB
2020-02-06 15:59:25,570 ==> Epoch[4](150/610): Loss: 0.3618
2020-02-06 15:59:25,572 Allocated:32.78076171875 MB
2020-02-06 15:59:25,572 Cached:6736.5 MB
2020-02-06 15:59:40,576 ==> Epoch[4](200/610): Loss: 0.2843
2020-02-06 15:59:40,578 Allocated:32.78076171875 MB
2020-02-06 15:59:40,578 Cached:6736.5 MB
2020-02-06 15:59:42,035 ====> Building Cache
2020-02-06 15:59:42,035 feature cache--->>> /home/annora/NetVLAD/output/train_feat_cache0.hdf5
2020-02-06 16:00:13,605 Allocated:32.7802734375 MB
2020-02-06 16:00:13,606 Cached:2862.5 MB
2020-02-06 16:01:02,582 ==> Epoch[4](250/610): Loss: 0.3247
2020-02-06 16:01:02,586 Allocated:32.78076171875 MB
2020-02-06 16:01:02,586 Cached:6736.5 MB
2020-02-06 16:01:21,432 ==> Epoch[4](300/610): Loss: 0.2658
2020-02-06 16:01:21,434 Allocated:32.78076171875 MB
2020-02-06 16:01:21,434 Cached:6736.5 MB
2020-02-06 16:01:39,500 ==> Epoch[4](350/610): Loss: 0.2788
2020-02-06 16:01:39,503 Allocated:32.78076171875 MB
2020-02-06 16:01:39,503 Cached:6736.5 MB
2020-02-06 16:01:56,371 ==> Epoch[4](400/610): Loss: 0.2996
2020-02-06 16:01:56,372 Allocated:32.78076171875 MB
2020-02-06 16:01:56,373 Cached:6736.5 MB
2020-02-06 16:01:58,974 ====> Building Cache
2020-02-06 16:01:58,974 feature cache--->>> /home/annora/NetVLAD/output/train_feat_cache0.hdf5
2020-02-06 16:02:30,980 Allocated:32.7802734375 MB
2020-02-06 16:02:30,980 Cached:2862.5 MB
2020-02-06 16:03:12,879 ==> Epoch[4](450/610): Loss: 0.3128
2020-02-06 16:03:12,881 Allocated:32.78076171875 MB
2020-02-06 16:03:12,881 Cached:6736.5 MB
2020-02-06 16:03:28,217 ==> Epoch[4](500/610): Loss: 0.2766
2020-02-06 16:03:28,219 Allocated:32.78076171875 MB
2020-02-06 16:03:28,219 Cached:6736.5 MB
2020-02-06 16:03:43,455 ==> Epoch[4](550/610): Loss: 0.2772
2020-02-06 16:03:43,457 Allocated:32.78076171875 MB
2020-02-06 16:03:43,458 Cached:6736.5 MB
2020-02-06 16:03:58,872 ==> Epoch[4](600/610): Loss: 0.2821
2020-02-06 16:03:58,874 Allocated:32.78076171875 MB
2020-02-06 16:03:58,875 Cached:6736.5 MB
2020-02-06 16:04:02,536 ===> Epoch 4 Complete: Avg. Loss: 0.3004
2020-02-06 16:04:02,537 ====> Extracting Features
2020-02-06 16:04:19,511 ==> Batch (50/184)
2020-02-06 16:04:25,484 ==> Batch (100/184)
2020-02-06 16:04:31,286 ==> Batch (150/184)
2020-02-06 16:04:35,507 ====> Building faiss index
2020-02-06 16:04:35,516 ====> Calculating recall @ N
2020-02-06 16:04:37,943 ====> Recall@1: 0.0308
2020-02-06 16:04:37,944 ====> Recall@2: 0.0489
2020-02-06 16:04:37,944 ====> Recall@3: 0.0659
2020-02-06 16:04:37,945 ====> Recall@4: 0.0819
2020-02-06 16:04:37,945 ====> Recall@5: 0.0958
2020-02-06 16:04:37,945 ====> Recall@10: 0.1664
2020-02-06 16:04:37,945 ====> Recall@15: 0.2305
2020-02-06 16:04:37,946 ====> Recall@20: 0.2829
2020-02-06 16:04:37,946 ====> Recall@25: 0.3298
2020-02-06 16:04:38,007 ====> Building Cache
2020-02-06 16:04:38,007 feature cache--->>> /home/annora/NetVLAD/output/train_feat_cache0.hdf5
2020-02-06 16:05:08,490 Allocated:30.78076171875 MB
2020-02-06 16:05:08,491 Cached:2862.5 MB
2020-02-06 16:05:55,714 ==> Epoch[5](50/610): Loss: 0.2861
2020-02-06 16:05:55,717 Allocated:32.78076171875 MB
2020-02-06 16:05:55,718 Cached:6736.5 MB
2020-02-06 16:06:10,931 ==> Epoch[5](100/610): Loss: 0.3056
2020-02-06 16:06:10,933 Allocated:32.78076171875 MB
2020-02-06 16:06:10,934 Cached:6736.5 MB
2020-02-06 16:06:26,256 ==> Epoch[5](150/610): Loss: 0.3097
2020-02-06 16:06:26,260 Allocated:32.78076171875 MB
2020-02-06 16:06:26,260 Cached:6736.5 MB
2020-02-06 16:06:42,601 ==> Epoch[5](200/610): Loss: 0.2957
2020-02-06 16:06:42,605 Allocated:32.78076171875 MB
2020-02-06 16:06:42,605 Cached:6736.5 MB
2020-02-06 16:06:44,127 ====> Building Cache
2020-02-06 16:06:44,128 feature cache--->>> /home/annora/NetVLAD/output/train_feat_cache0.hdf5
2020-02-06 16:07:16,926 Allocated:32.7802734375 MB
2020-02-06 16:07:16,927 Cached:2862.5 MB
2020-02-06 16:08:03,297 ==> Epoch[5](250/610): Loss: 0.3127
2020-02-06 16:08:03,300 Allocated:32.78076171875 MB
2020-02-06 16:08:03,301 Cached:6736.5 MB
2020-02-06 16:08:19,290 ==> Epoch[5](300/610): Loss: 0.3186
2020-02-06 16:08:19,292 Allocated:32.78076171875 MB
2020-02-06 16:08:19,293 Cached:6736.5 MB
2020-02-06 16:08:35,890 ==> Epoch[5](350/610): Loss: 0.3254
2020-02-06 16:08:35,892 Allocated:32.78076171875 MB
2020-02-06 16:08:35,892 Cached:6736.5 MB
2020-02-06 16:08:52,366 ==> Epoch[5](400/610): Loss: 0.3174
2020-02-06 16:08:52,369 Allocated:32.78076171875 MB
2020-02-06 16:08:52,369 Cached:6736.5 MB
2020-02-06 16:08:55,202 ====> Building Cache
2020-02-06 16:08:55,203 feature cache--->>> /home/annora/NetVLAD/output/train_feat_cache0.hdf5
2020-02-06 16:09:31,543 Allocated:32.7802734375 MB
2020-02-06 16:09:31,543 Cached:2862.5 MB
2020-02-06 16:10:15,835 ==> Epoch[5](450/610): Loss: 0.3372
2020-02-06 16:10:15,838 Allocated:32.78076171875 MB
2020-02-06 16:10:15,838 Cached:6736.5 MB
2020-02-06 16:10:31,764 ==> Epoch[5](500/610): Loss: 0.3206
2020-02-06 16:10:31,766 Allocated:32.78076171875 MB
2020-02-06 16:10:31,766 Cached:6736.5 MB
2020-02-06 16:10:47,565 ==> Epoch[5](550/610): Loss: 0.3256
2020-02-06 16:10:47,567 Allocated:32.78076171875 MB
2020-02-06 16:10:47,567 Cached:6736.5 MB
2020-02-06 16:11:03,761 ==> Epoch[5](600/610): Loss: 0.3019
2020-02-06 16:11:03,763 Allocated:32.78076171875 MB
2020-02-06 16:11:03,764 Cached:6736.5 MB
2020-02-06 16:11:07,509 ===> Epoch 5 Complete: Avg. Loss: 0.3144
2020-02-06 16:11:07,511 ====> Extracting Features
2020-02-06 16:11:24,304 ==> Batch (50/184)
2020-02-06 16:11:30,125 ==> Batch (100/184)
2020-02-06 16:11:36,636 ==> Batch (150/184)
2020-02-06 16:11:40,932 ====> Building faiss index
2020-02-06 16:11:40,939 ====> Calculating recall @ N
2020-02-06 16:11:43,301 ====> Recall@1: 0.0460
2020-02-06 16:11:43,301 ====> Recall@2: 0.0697
2020-02-06 16:11:43,302 ====> Recall@3: 0.0911
2020-02-06 16:11:43,302 ====> Recall@4: 0.1098
2020-02-06 16:11:43,302 ====> Recall@5: 0.1301
2020-02-06 16:11:43,303 ====> Recall@10: 0.2103
2020-02-06 16:11:43,303 ====> Recall@15: 0.2809
2020-02-06 16:11:43,304 ====> Recall@20: 0.3416
2020-02-06 16:11:43,304 ====> Recall@25: 0.3893
2020-02-06 16:11:43,373 ====> Building Cache
2020-02-06 16:11:43,373 feature cache--->>> /home/annora/NetVLAD/output/train_feat_cache0.hdf5
2020-02-06 16:12:14,834 Allocated:30.78076171875 MB
2020-02-06 16:12:14,835 Cached:2862.5 MB
2020-02-06 16:12:57,630 ==> Epoch[6](50/610): Loss: 0.3236
2020-02-06 16:12:57,632 Allocated:32.78076171875 MB
2020-02-06 16:12:57,632 Cached:6736.5 MB
2020-02-06 16:13:12,713 ==> Epoch[6](100/610): Loss: 0.3030
2020-02-06 16:13:12,715 Allocated:32.78076171875 MB
2020-02-06 16:13:12,715 Cached:6736.5 MB
2020-02-06 16:13:27,622 ==> Epoch[6](150/610): Loss: 0.2987
2020-02-06 16:13:27,624 Allocated:32.78076171875 MB
2020-02-06 16:13:27,624 Cached:6736.5 MB
2020-02-06 16:13:42,903 ==> Epoch[6](200/610): Loss: 0.2861
2020-02-06 16:13:42,905 Allocated:32.78076171875 MB
2020-02-06 16:13:42,905 Cached:6736.5 MB
2020-02-06 16:13:44,231 ====> Building Cache
2020-02-06 16:13:44,232 feature cache--->>> /home/annora/NetVLAD/output/train_feat_cache0.hdf5
2020-02-06 16:14:15,622 Allocated:32.7802734375 MB
2020-02-06 16:14:15,623 Cached:2862.5 MB
2020-02-06 16:14:58,794 ==> Epoch[6](250/610): Loss: 0.3001
2020-02-06 16:14:58,798 Allocated:32.78076171875 MB
2020-02-06 16:14:58,799 Cached:6736.5 MB
2020-02-06 16:15:15,742 ==> Epoch[6](300/610): Loss: 0.2556
2020-02-06 16:15:15,744 Allocated:32.78076171875 MB
2020-02-06 16:15:15,744 Cached:6736.5 MB
2020-02-06 16:15:31,866 ==> Epoch[6](350/610): Loss: 0.2327
2020-02-06 16:15:31,867 Allocated:32.78076171875 MB
2020-02-06 16:15:31,868 Cached:6736.5 MB
2020-02-06 16:15:46,584 ==> Epoch[6](400/610): Loss: 0.2337
2020-02-06 16:15:46,585 Allocated:32.78076171875 MB
2020-02-06 16:15:46,586 Cached:6736.5 MB
2020-02-06 16:15:48,989 ====> Building Cache
2020-02-06 16:15:48,989 feature cache--->>> /home/annora/NetVLAD/output/train_feat_cache0.hdf5
2020-02-06 16:16:21,590 Allocated:32.7802734375 MB
2020-02-06 16:16:21,591 Cached:2862.5 MB
2020-02-06 16:17:04,691 ==> Epoch[6](450/610): Loss: 0.3091
2020-02-06 16:17:04,694 Allocated:32.78076171875 MB
2020-02-06 16:17:04,694 Cached:6736.5 MB
2020-02-06 16:17:20,936 ==> Epoch[6](500/610): Loss: 0.3070
2020-02-06 16:17:20,938 Allocated:32.78076171875 MB
2020-02-06 16:17:20,939 Cached:6736.5 MB
2020-02-06 16:17:37,536 ==> Epoch[6](550/610): Loss: 0.3069
2020-02-06 16:17:37,538 Allocated:32.78076171875 MB
2020-02-06 16:17:37,538 Cached:6736.5 MB
2020-02-06 16:17:54,208 ==> Epoch[6](600/610): Loss: 0.3124
2020-02-06 16:17:54,210 Allocated:32.78076171875 MB
2020-02-06 16:17:54,210 Cached:6736.5 MB
2020-02-06 16:17:57,828 ===> Epoch 6 Complete: Avg. Loss: 0.3038
2020-02-06 16:17:57,829 ====> Extracting Features
2020-02-06 16:18:14,977 ==> Batch (50/184)
2020-02-06 16:18:20,955 ==> Batch (100/184)
2020-02-06 16:18:26,749 ==> Batch (150/184)
2020-02-06 16:18:31,037 ====> Building faiss index
2020-02-06 16:18:31,046 ====> Calculating recall @ N
2020-02-06 16:18:33,469 ====> Recall@1: 0.0360
2020-02-06 16:18:33,470 ====> Recall@2: 0.0601
2020-02-06 16:18:33,471 ====> Recall@3: 0.0818
2020-02-06 16:18:33,471 ====> Recall@4: 0.0996
2020-02-06 16:18:33,471 ====> Recall@5: 0.1171
2020-02-06 16:18:33,472 ====> Recall@10: 0.1881
2020-02-06 16:18:33,472 ====> Recall@15: 0.2517
2020-02-06 16:18:33,472 ====> Recall@20: 0.3098
2020-02-06 16:18:33,472 ====> Recall@25: 0.3605
2020-02-06 16:18:33,539 ====> Building Cache
2020-02-06 16:18:33,540 feature cache--->>> /home/annora/NetVLAD/output/train_feat_cache0.hdf5
2020-02-06 16:19:04,168 Allocated:30.78076171875 MB
2020-02-06 16:19:04,169 Cached:2862.5 MB
2020-02-06 16:19:48,053 ==> Epoch[7](50/610): Loss: 0.3130
2020-02-06 16:19:48,055 Allocated:32.78076171875 MB
2020-02-06 16:19:48,055 Cached:6736.5 MB
2020-02-06 16:20:03,489 ==> Epoch[7](100/610): Loss: 0.3122
2020-02-06 16:20:03,491 Allocated:32.78076171875 MB
2020-02-06 16:20:03,492 Cached:6736.5 MB
2020-02-06 16:20:19,154 ==> Epoch[7](150/610): Loss: 0.3159
2020-02-06 16:20:19,157 Allocated:32.78076171875 MB
2020-02-06 16:20:19,157 Cached:6736.5 MB
2020-02-06 16:20:35,026 ==> Epoch[7](200/610): Loss: 0.3200
2020-02-06 16:20:35,027 Allocated:32.78076171875 MB
2020-02-06 16:20:35,027 Cached:6736.5 MB
2020-02-06 16:20:36,413 ====> Building Cache
2020-02-06 16:20:36,414 feature cache--->>> /home/annora/NetVLAD/output/train_feat_cache0.hdf5
2020-02-06 16:21:08,261 Allocated:32.7802734375 MB
2020-02-06 16:21:08,261 Cached:2862.5 MB
2020-02-06 16:22:00,362 ==> Epoch[7](250/610): Loss: 0.3044
2020-02-06 16:22:00,366 Allocated:32.78076171875 MB
2020-02-06 16:22:00,366 Cached:6736.5 MB
2020-02-06 16:22:19,907 ==> Epoch[7](300/610): Loss: 0.3265
2020-02-06 16:22:19,911 Allocated:32.78076171875 MB
2020-02-06 16:22:19,912 Cached:6736.5 MB
2020-02-06 16:22:36,894 ==> Epoch[7](350/610): Loss: 0.2496
2020-02-06 16:22:36,897 Allocated:32.78076171875 MB
2020-02-06 16:22:36,897 Cached:6736.5 MB
2020-02-06 16:22:53,675 ==> Epoch[7](400/610): Loss: 0.3020
2020-02-06 16:22:53,678 Allocated:32.78076171875 MB
2020-02-06 16:22:53,678 Cached:6736.5 MB
2020-02-06 16:22:56,305 ====> Building Cache
2020-02-06 16:22:56,306 feature cache--->>> /home/annora/NetVLAD/output/train_feat_cache0.hdf5
2020-02-06 16:23:26,560 Allocated:32.7802734375 MB
2020-02-06 16:23:26,561 Cached:2862.5 MB
2020-02-06 16:24:07,365 ==> Epoch[7](450/610): Loss: 0.3139
2020-02-06 16:24:07,367 Allocated:32.78076171875 MB
2020-02-06 16:24:07,368 Cached:6736.5 MB
2020-02-06 16:24:22,579 ==> Epoch[7](500/610): Loss: 0.3167
2020-02-06 16:24:22,582 Allocated:32.78076171875 MB
2020-02-06 16:24:22,583 Cached:6736.5 MB
2020-02-06 16:24:38,706 ==> Epoch[7](550/610): Loss: 0.2985
2020-02-06 16:24:38,708 Allocated:32.78076171875 MB
2020-02-06 16:24:38,709 Cached:6736.5 MB
2020-02-06 16:24:55,245 ==> Epoch[7](600/610): Loss: 0.3103
2020-02-06 16:24:55,247 Allocated:32.78076171875 MB
2020-02-06 16:24:55,247 Cached:6736.5 MB
2020-02-06 16:24:59,590 ===> Epoch 7 Complete: Avg. Loss: 0.3127
2020-02-06 16:24:59,591 ====> Extracting Features
2020-02-06 16:25:17,629 ==> Batch (50/184)
2020-02-06 16:25:24,023 ==> Batch (100/184)
2020-02-06 16:25:30,305 ==> Batch (150/184)
2020-02-06 16:25:34,955 ====> Building faiss index
2020-02-06 16:25:34,962 ====> Calculating recall @ N
2020-02-06 16:25:37,739 ====> Recall@1: 0.0344
2020-02-06 16:25:37,739 ====> Recall@2: 0.0556
2020-02-06 16:25:37,740 ====> Recall@3: 0.0754
2020-02-06 16:25:37,740 ====> Recall@4: 0.0933
2020-02-06 16:25:37,740 ====> Recall@5: 0.1125
2020-02-06 16:25:37,741 ====> Recall@10: 0.1893
2020-02-06 16:25:37,741 ====> Recall@15: 0.2507
2020-02-06 16:25:37,741 ====> Recall@20: 0.3049
2020-02-06 16:25:37,741 ====> Recall@25: 0.3554
2020-02-06 16:25:37,801 ====> Building Cache
2020-02-06 16:25:37,801 feature cache--->>> /home/annora/NetVLAD/output/train_feat_cache0.hdf5
2020-02-06 16:26:09,374 Allocated:30.78076171875 MB
2020-02-06 16:26:09,374 Cached:2862.5 MB
2020-02-06 16:26:55,015 ==> Epoch[8](50/610): Loss: 0.3203
2020-02-06 16:26:55,017 Allocated:32.78076171875 MB
2020-02-06 16:26:55,017 Cached:6736.5 MB
2020-02-06 16:27:11,861 ==> Epoch[8](100/610): Loss: 0.3222
2020-02-06 16:27:11,863 Allocated:32.78076171875 MB
2020-02-06 16:27:11,863 Cached:6736.5 MB
2020-02-06 16:27:28,455 ==> Epoch[8](150/610): Loss: 0.3087
2020-02-06 16:27:28,458 Allocated:32.78076171875 MB
2020-02-06 16:27:28,459 Cached:6736.5 MB
2020-02-06 16:27:44,418 ==> Epoch[8](200/610): Loss: 0.3233
2020-02-06 16:27:44,420 Allocated:32.78076171875 MB
2020-02-06 16:27:44,420 Cached:6736.5 MB
2020-02-06 16:27:46,073 ====> Building Cache
2020-02-06 16:27:46,073 feature cache--->>> /home/annora/NetVLAD/output/train_feat_cache0.hdf5
2020-02-06 16:28:22,355 Allocated:32.7802734375 MB
2020-02-06 16:28:22,356 Cached:2862.5 MB
2020-02-06 16:29:11,032 ==> Epoch[8](250/610): Loss: 0.3103
2020-02-06 16:29:11,036 Allocated:32.78076171875 MB
2020-02-06 16:29:11,036 Cached:6736.5 MB
2020-02-06 16:29:28,503 ==> Epoch[8](300/610): Loss: 0.2824
2020-02-06 16:29:28,505 Allocated:32.78076171875 MB
2020-02-06 16:29:28,506 Cached:6736.5 MB
2020-02-06 16:29:45,716 ==> Epoch[8](350/610): Loss: 0.2786
2020-02-06 16:29:45,720 Allocated:32.78076171875 MB
2020-02-06 16:29:45,720 Cached:6736.5 MB
2020-02-06 16:30:03,588 ==> Epoch[8](400/610): Loss: 0.2648
2020-02-06 16:30:03,591 Allocated:32.78076171875 MB
2020-02-06 16:30:03,591 Cached:6736.5 MB
2020-02-06 16:30:06,215 ====> Building Cache
2020-02-06 16:30:06,216 feature cache--->>> /home/annora/NetVLAD/output/train_feat_cache0.hdf5
2020-02-06 16:30:37,466 Allocated:32.7802734375 MB
2020-02-06 16:30:37,466 Cached:2862.5 MB
2020-02-06 16:31:19,556 ==> Epoch[8](450/610): Loss: 0.3325
2020-02-06 16:31:19,558 Allocated:32.78076171875 MB
2020-02-06 16:31:19,558 Cached:6736.5 MB
2020-02-06 16:31:34,207 ==> Epoch[8](500/610): Loss: 0.3087
2020-02-06 16:31:34,209 Allocated:32.78076171875 MB
2020-02-06 16:31:34,210 Cached:6736.5 MB
2020-02-06 16:31:49,474 ==> Epoch[8](550/610): Loss: 0.3107
2020-02-06 16:31:49,476 Allocated:32.78076171875 MB
2020-02-06 16:31:49,476 Cached:6736.5 MB
2020-02-06 16:32:04,357 ==> Epoch[8](600/610): Loss: 0.2976
2020-02-06 16:32:04,358 Allocated:32.78076171875 MB
2020-02-06 16:32:04,359 Cached:6736.5 MB
2020-02-06 16:32:08,065 ===> Epoch 8 Complete: Avg. Loss: 0.3072
2020-02-06 16:32:08,066 ====> Extracting Features
2020-02-06 16:32:25,389 ==> Batch (50/184)
2020-02-06 16:32:31,352 ==> Batch (100/184)
2020-02-06 16:32:37,121 ==> Batch (150/184)
2020-02-06 16:32:41,345 ====> Building faiss index
2020-02-06 16:32:41,352 ====> Calculating recall @ N
2020-02-06 16:32:43,747 ====> Recall@1: 0.0377
2020-02-06 16:32:43,748 ====> Recall@2: 0.0606
2020-02-06 16:32:43,748 ====> Recall@3: 0.0806
2020-02-06 16:32:43,749 ====> Recall@4: 0.1008
2020-02-06 16:32:43,749 ====> Recall@5: 0.1191
2020-02-06 16:32:43,749 ====> Recall@10: 0.1878
2020-02-06 16:32:43,749 ====> Recall@15: 0.2478
2020-02-06 16:32:43,749 ====> Recall@20: 0.2977
2020-02-06 16:32:43,750 ====> Recall@25: 0.3385
2020-02-06 16:32:43,813 ====> Building Cache
2020-02-06 16:32:43,813 feature cache--->>> /home/annora/NetVLAD/output/train_feat_cache0.hdf5
2020-02-06 16:33:15,245 Allocated:30.78076171875 MB
2020-02-06 16:33:15,245 Cached:2862.5 MB
2020-02-06 16:33:59,504 ==> Epoch[9](50/610): Loss: 0.3102
2020-02-06 16:33:59,506 Allocated:32.78076171875 MB
2020-02-06 16:33:59,506 Cached:6736.5 MB
2020-02-06 16:34:13,724 ==> Epoch[9](100/610): Loss: 0.3175
2020-02-06 16:34:13,726 Allocated:32.78076171875 MB
2020-02-06 16:34:13,726 Cached:6736.5 MB
2020-02-06 16:34:27,670 ==> Epoch[9](150/610): Loss: 0.3120
2020-02-06 16:34:27,671 Allocated:32.78076171875 MB
2020-02-06 16:34:27,672 Cached:6736.5 MB
2020-02-06 16:34:43,054 ==> Epoch[9](200/610): Loss: 0.3144
2020-02-06 16:34:43,056 Allocated:32.78076171875 MB
2020-02-06 16:34:43,056 Cached:6736.5 MB
2020-02-06 16:34:44,688 ====> Building Cache
2020-02-06 16:34:44,688 feature cache--->>> /home/annora/NetVLAD/output/train_feat_cache0.hdf5
2020-02-06 16:35:19,001 Allocated:32.7802734375 MB
2020-02-06 16:35:19,002 Cached:2862.5 MB
2020-02-06 16:36:06,620 ==> Epoch[9](250/610): Loss: 0.3218
2020-02-06 16:36:06,623 Allocated:32.78076171875 MB
2020-02-06 16:36:06,624 Cached:6736.5 MB
2020-02-06 16:36:22,794 ==> Epoch[9](300/610): Loss: 0.3042
2020-02-06 16:36:22,797 Allocated:32.78076171875 MB
2020-02-06 16:36:22,798 Cached:6736.5 MB
2020-02-06 16:36:39,016 ==> Epoch[9](350/610): Loss: 0.3139
2020-02-06 16:36:39,019 Allocated:32.78076171875 MB
2020-02-06 16:36:39,019 Cached:6736.5 MB
2020-02-06 16:36:55,263 ==> Epoch[9](400/610): Loss: 0.3057
2020-02-06 16:36:55,265 Allocated:32.78076171875 MB
2020-02-06 16:36:55,265 Cached:6736.5 MB
2020-02-06 16:36:57,893 ====> Building Cache
2020-02-06 16:36:57,893 feature cache--->>> /home/annora/NetVLAD/output/train_feat_cache0.hdf5
2020-02-06 16:37:31,559 Allocated:32.7802734375 MB
2020-02-06 16:37:31,560 Cached:2862.5 MB
2020-02-06 16:38:15,020 ==> Epoch[9](450/610): Loss: 0.3102
2020-02-06 16:38:15,022 Allocated:32.78076171875 MB
2020-02-06 16:38:15,023 Cached:6736.5 MB
2020-02-06 16:38:30,707 ==> Epoch[9](500/610): Loss: 0.3211
2020-02-06 16:38:30,710 Allocated:32.78076171875 MB
2020-02-06 16:38:30,711 Cached:6736.5 MB
2020-02-06 16:38:46,592 ==> Epoch[9](550/610): Loss: 0.2709
2020-02-06 16:38:46,594 Allocated:32.78076171875 MB
2020-02-06 16:38:46,595 Cached:6736.5 MB
2020-02-06 16:39:02,678 ==> Epoch[9](600/610): Loss: 0.2481
2020-02-06 16:39:02,680 Allocated:32.78076171875 MB
2020-02-06 16:39:02,680 Cached:6736.5 MB
2020-02-06 16:39:06,449 ===> Epoch 9 Complete: Avg. Loss: 0.3123
2020-02-06 16:39:06,450 ====> Extracting Features
2020-02-06 16:39:23,591 ==> Batch (50/184)
2020-02-06 16:39:29,644 ==> Batch (100/184)
2020-02-06 16:39:35,416 ==> Batch (150/184)
2020-02-06 16:39:39,679 ====> Building faiss index
2020-02-06 16:39:39,691 ====> Calculating recall @ N
2020-02-06 16:39:42,049 ====> Recall@1: 0.0427
2020-02-06 16:39:42,050 ====> Recall@2: 0.0641
2020-02-06 16:39:42,050 ====> Recall@3: 0.0853
2020-02-06 16:39:42,051 ====> Recall@4: 0.1067
2020-02-06 16:39:42,051 ====> Recall@5: 0.1268
2020-02-06 16:39:42,051 ====> Recall@10: 0.2025
2020-02-06 16:39:42,051 ====> Recall@15: 0.2655
2020-02-06 16:39:42,052 ====> Recall@20: 0.3210
2020-02-06 16:39:42,052 ====> Recall@25: 0.3712
2020-02-06 16:39:42,112 ====> Building Cache
2020-02-06 16:39:42,112 feature cache--->>> /home/annora/NetVLAD/output/train_feat_cache0.hdf5
2020-02-06 16:40:13,051 Allocated:30.78076171875 MB
2020-02-06 16:40:13,052 Cached:2862.5 MB
2020-02-06 16:40:57,600 ==> Epoch[10](50/610): Loss: 0.3309
2020-02-06 16:40:57,602 Allocated:32.78076171875 MB
2020-02-06 16:40:57,603 Cached:6736.5 MB
2020-02-06 16:41:13,318 ==> Epoch[10](100/610): Loss: 0.3104
2020-02-06 16:41:13,320 Allocated:32.78076171875 MB
2020-02-06 16:41:13,321 Cached:6736.5 MB
2020-02-06 16:41:29,474 ==> Epoch[10](150/610): Loss: 0.2625
2020-02-06 16:41:29,478 Allocated:32.78076171875 MB
2020-02-06 16:41:29,478 Cached:6736.5 MB
2020-02-06 16:41:45,525 ==> Epoch[10](200/610): Loss: 0.2897
2020-02-06 16:41:45,527 Allocated:32.78076171875 MB
2020-02-06 16:41:45,527 Cached:6736.5 MB
2020-02-06 16:41:46,982 ====> Building Cache
2020-02-06 16:41:46,982 feature cache--->>> /home/annora/NetVLAD/output/train_feat_cache0.hdf5
2020-02-06 16:42:20,801 Allocated:32.7802734375 MB
2020-02-06 16:42:20,802 Cached:2862.5 MB
2020-02-06 16:43:03,930 ==> Epoch[10](250/610): Loss: 0.3215
2020-02-06 16:43:03,932 Allocated:32.78076171875 MB
2020-02-06 16:43:03,932 Cached:6736.5 MB
2020-02-06 16:43:19,429 ==> Epoch[10](300/610): Loss: 0.3182
2020-02-06 16:43:19,431 Allocated:32.78076171875 MB
2020-02-06 16:43:19,432 Cached:6736.5 MB
2020-02-06 16:43:34,275 ==> Epoch[10](350/610): Loss: 0.2566
2020-02-06 16:43:34,277 Allocated:32.78076171875 MB
2020-02-06 16:43:34,277 Cached:6736.5 MB
2020-02-06 16:43:48,484 ==> Epoch[10](400/610): Loss: 0.2687
2020-02-06 16:43:48,485 Allocated:32.78076171875 MB
2020-02-06 16:43:48,485 Cached:6736.5 MB
2020-02-06 16:43:50,768 ====> Building Cache
2020-02-06 16:43:50,769 feature cache--->>> /home/annora/NetVLAD/output/train_feat_cache0.hdf5
2020-02-06 16:44:22,970 Allocated:32.7802734375 MB
2020-02-06 16:44:22,971 Cached:2862.5 MB
2020-02-06 16:45:04,682 ==> Epoch[10](450/610): Loss: 0.3079
2020-02-06 16:45:04,684 Allocated:32.78076171875 MB
2020-02-06 16:45:04,684 Cached:6736.5 MB
2020-02-06 16:45:20,938 ==> Epoch[10](500/610): Loss: 0.3871
2020-02-06 16:45:20,940 Allocated:32.78076171875 MB
2020-02-06 16:45:20,940 Cached:6736.5 MB
2020-02-06 16:45:36,326 ==> Epoch[10](550/610): Loss: 0.3118
2020-02-06 16:45:36,327 Allocated:32.78076171875 MB
2020-02-06 16:45:36,328 Cached:6736.5 MB
2020-02-06 16:45:51,439 ==> Epoch[10](600/610): Loss: 0.2679
2020-02-06 16:45:51,441 Allocated:32.78076171875 MB
2020-02-06 16:45:51,441 Cached:6736.5 MB
2020-02-06 16:45:55,310 ===> Epoch 10 Complete: Avg. Loss: 0.3031
2020-02-06 16:45:55,311 ====> Extracting Features
2020-02-06 16:46:12,194 ==> Batch (50/184)
2020-02-06 16:46:18,449 ==> Batch (100/184)
2020-02-06 16:46:24,319 ==> Batch (150/184)
2020-02-06 16:46:28,521 ====> Building faiss index
2020-02-06 16:46:28,529 ====> Calculating recall @ N
2020-02-06 16:46:30,826 ====> Recall@1: 0.0530
2020-02-06 16:46:30,826 ====> Recall@2: 0.0779
2020-02-06 16:46:30,827 ====> Recall@3: 0.1007
2020-02-06 16:46:30,828 ====> Recall@4: 0.1213
2020-02-06 16:46:30,828 ====> Recall@5: 0.1377
2020-02-06 16:46:30,828 ====> Recall@10: 0.2178
2020-02-06 16:46:30,828 ====> Recall@15: 0.2848
2020-02-06 16:46:30,829 ====> Recall@20: 0.3381
2020-02-06 16:46:30,829 ====> Recall@25: 0.3837
2020-02-06 16:46:30,889 ====> Building Cache
2020-02-06 16:46:30,889 feature cache--->>> /home/annora/NetVLAD/output/train_feat_cache0.hdf5
2020-02-06 16:47:04,001 Allocated:30.78076171875 MB
2020-02-06 16:47:04,002 Cached:2862.5 MB
2020-02-06 16:47:51,531 ==> Epoch[11](50/610): Loss: 0.3299
2020-02-06 16:47:51,533 Allocated:32.78076171875 MB
2020-02-06 16:47:51,533 Cached:6736.5 MB
2020-02-06 16:48:07,849 ==> Epoch[11](100/610): Loss: 0.3234
2020-02-06 16:48:07,851 Allocated:32.78076171875 MB
2020-02-06 16:48:07,851 Cached:6736.5 MB
2020-02-06 16:48:23,809 ==> Epoch[11](150/610): Loss: 0.3235
2020-02-06 16:48:23,812 Allocated:32.78076171875 MB
2020-02-06 16:48:23,813 Cached:6736.5 MB
2020-02-06 16:48:39,946 ==> Epoch[11](200/610): Loss: 0.2916
2020-02-06 16:48:39,948 Allocated:32.78076171875 MB
2020-02-06 16:48:39,948 Cached:6736.5 MB
2020-02-06 16:48:41,407 ====> Building Cache
2020-02-06 16:48:41,407 feature cache--->>> /home/annora/NetVLAD/output/train_feat_cache0.hdf5
2020-02-06 16:49:15,584 Allocated:32.7802734375 MB
2020-02-06 16:49:15,585 Cached:2862.5 MB
2020-02-06 16:49:58,490 ==> Epoch[11](250/610): Loss: 0.2848
2020-02-06 16:49:58,493 Allocated:32.78076171875 MB
2020-02-06 16:49:58,493 Cached:6736.5 MB
2020-02-06 16:50:13,360 ==> Epoch[11](300/610): Loss: 0.2258
2020-02-06 16:50:13,362 Allocated:32.78076171875 MB
2020-02-06 16:50:13,362 Cached:6736.5 MB
2020-02-06 16:50:28,752 ==> Epoch[11](350/610): Loss: 0.2779
2020-02-06 16:50:28,754 Allocated:32.78076171875 MB
2020-02-06 16:50:28,754 Cached:6736.5 MB
2020-02-06 16:50:43,317 ==> Epoch[11](400/610): Loss: 0.3118
2020-02-06 16:50:43,321 Allocated:32.78076171875 MB
2020-02-06 16:50:43,321 Cached:6736.5 MB
2020-02-06 16:50:45,735 ====> Building Cache
2020-02-06 16:50:45,735 feature cache--->>> /home/annora/NetVLAD/output/train_feat_cache0.hdf5
2020-02-06 16:51:16,401 Allocated:32.7802734375 MB
2020-02-06 16:51:16,402 Cached:2862.5 MB
2020-02-06 16:51:56,852 ==> Epoch[11](450/610): Loss: 0.3127
2020-02-06 16:51:56,854 Allocated:32.78076171875 MB
2020-02-06 16:51:56,854 Cached:6736.5 MB
2020-02-06 16:52:11,638 ==> Epoch[11](500/610): Loss: 0.3342
2020-02-06 16:52:11,640 Allocated:32.78076171875 MB
2020-02-06 16:52:11,640 Cached:6736.5 MB
2020-02-06 16:52:27,019 ==> Epoch[11](550/610): Loss: 0.3318
2020-02-06 16:52:27,021 Allocated:32.78076171875 MB
2020-02-06 16:52:27,021 Cached:6736.5 MB
2020-02-06 16:52:42,056 ==> Epoch[11](600/610): Loss: 0.2873
2020-02-06 16:52:42,058 Allocated:32.78076171875 MB
2020-02-06 16:52:42,058 Cached:6737.5 MB
2020-02-06 16:52:45,772 ===> Epoch 11 Complete: Avg. Loss: 0.3045
2020-02-06 16:52:45,773 ====> Extracting Features
2020-02-06 16:53:01,276 ==> Batch (50/184)
2020-02-06 16:53:06,946 ==> Batch (100/184)
2020-02-06 16:53:12,376 ==> Batch (150/184)
2020-02-06 16:53:16,287 ====> Building faiss index
2020-02-06 16:53:16,295 ====> Calculating recall @ N
2020-02-06 16:53:18,496 ====> Recall@1: 0.0509
2020-02-06 16:53:18,497 ====> Recall@2: 0.0731
2020-02-06 16:53:18,497 ====> Recall@3: 0.0946
2020-02-06 16:53:18,497 ====> Recall@4: 0.1151
2020-02-06 16:53:18,498 ====> Recall@5: 0.1322
2020-02-06 16:53:18,498 ====> Recall@10: 0.2108
2020-02-06 16:53:18,498 ====> Recall@15: 0.2822
2020-02-06 16:53:18,498 ====> Recall@20: 0.3329
2020-02-06 16:53:18,499 ====> Recall@25: 0.3824
2020-02-06 16:53:18,561 ====> Building Cache
2020-02-06 16:53:18,561 feature cache--->>> /home/annora/NetVLAD/output/train_feat_cache0.hdf5
2020-02-06 16:53:49,177 Allocated:30.78076171875 MB
2020-02-06 16:53:49,178 Cached:2862.5 MB
2020-02-06 16:54:34,726 ==> Epoch[12](50/610): Loss: 0.3295
2020-02-06 16:54:34,727 Allocated:32.78076171875 MB
2020-02-06 16:54:34,728 Cached:6736.5 MB
2020-02-06 16:54:49,233 ==> Epoch[12](100/610): Loss: 0.3189
2020-02-06 16:54:49,235 Allocated:32.78076171875 MB
2020-02-06 16:54:49,235 Cached:6736.5 MB
2020-02-06 16:55:04,345 ==> Epoch[12](150/610): Loss: 0.2985
2020-02-06 16:55:04,347 Allocated:32.78076171875 MB
2020-02-06 16:55:04,347 Cached:6736.5 MB
2020-02-06 16:55:22,585 ==> Epoch[12](200/610): Loss: 0.2706
2020-02-06 16:55:22,588 Allocated:32.78076171875 MB
2020-02-06 16:55:22,588 Cached:6736.5 MB
2020-02-06 16:55:24,353 ====> Building Cache
2020-02-06 16:55:24,354 feature cache--->>> /home/annora/NetVLAD/output/train_feat_cache0.hdf5
2020-02-06 16:55:59,809 Allocated:32.7802734375 MB
2020-02-06 16:55:59,810 Cached:2862.5 MB
2020-02-06 16:56:45,212 ==> Epoch[12](250/610): Loss: 0.2495
2020-02-06 16:56:45,215 Allocated:32.78076171875 MB
2020-02-06 16:56:45,216 Cached:6736.5 MB
2020-02-06 16:57:01,002 ==> Epoch[12](300/610): Loss: 0.3028
2020-02-06 16:57:01,005 Allocated:32.78076171875 MB
2020-02-06 16:57:01,005 Cached:6736.5 MB
2020-02-06 16:57:16,876 ==> Epoch[12](350/610): Loss: 0.3404
2020-02-06 16:57:16,878 Allocated:32.78076171875 MB
2020-02-06 16:57:16,879 Cached:6736.5 MB
2020-02-06 16:57:32,152 ==> Epoch[12](400/610): Loss: 0.2152
2020-02-06 16:57:32,154 Allocated:32.78076171875 MB
2020-02-06 16:57:32,154 Cached:6737.5 MB
2020-02-06 16:57:34,580 ====> Building Cache
2020-02-06 16:57:34,581 feature cache--->>> /home/annora/NetVLAD/output/train_feat_cache0.hdf5
2020-02-06 16:58:05,897 Allocated:32.7802734375 MB
2020-02-06 16:58:05,897 Cached:2862.5 MB
2020-02-06 16:58:47,942 ==> Epoch[12](450/610): Loss: 0.3183
2020-02-06 16:58:47,944 Allocated:32.78076171875 MB
2020-02-06 16:58:47,944 Cached:6736.5 MB
2020-02-06 16:59:02,991 ==> Epoch[12](500/610): Loss: 0.3091
2020-02-06 16:59:02,993 Allocated:32.78076171875 MB
2020-02-06 16:59:02,993 Cached:6736.5 MB
2020-02-06 16:59:18,219 ==> Epoch[12](550/610): Loss: 0.3299
2020-02-06 16:59:18,221 Allocated:32.78076171875 MB
2020-02-06 16:59:18,222 Cached:6737.5 MB
2020-02-06 16:59:33,293 ==> Epoch[12](600/610): Loss: 0.3522
2020-02-06 16:59:33,295 Allocated:32.78076171875 MB
2020-02-06 16:59:33,295 Cached:6737.5 MB
2020-02-06 16:59:36,891 ===> Epoch 12 Complete: Avg. Loss: 0.2957
2020-02-06 16:59:36,892 ====> Extracting Features
2020-02-06 16:59:53,650 ==> Batch (50/184)
2020-02-06 16:59:59,673 ==> Batch (100/184)
2020-02-06 17:00:05,651 ==> Batch (150/184)
2020-02-06 17:00:09,996 ====> Building faiss index
2020-02-06 17:00:10,003 ====> Calculating recall @ N
2020-02-06 17:00:12,368 ====> Recall@1: 0.0427
2020-02-06 17:00:12,369 ====> Recall@2: 0.0702
2020-02-06 17:00:12,369 ====> Recall@3: 0.0925
2020-02-06 17:00:12,369 ====> Recall@4: 0.1123
2020-02-06 17:00:12,370 ====> Recall@5: 0.1304
2020-02-06 17:00:12,370 ====> Recall@10: 0.2072
2020-02-06 17:00:12,370 ====> Recall@15: 0.2689
2020-02-06 17:00:12,370 ====> Recall@20: 0.3227
2020-02-06 17:00:12,370 ====> Recall@25: 0.3716
2020-02-06 17:00:12,430 Performance did not improve for 10 epochs. Stopping.
2020-02-06 17:00:12,430 => Best Recall@5: 0.1379
2020-02-06 17:05:12,527 Finished...
2020-02-06 17:10:12,627 Finished...
2020-02-06 17:15:12,727 Finished...
2020-02-06 17:20:12,827 Finished...
2020-02-06 17:25:12,927 Finished...
2020-02-06 17:30:12,928 Finished...
2020-02-06 17:35:13,027 Finished...
2020-02-06 17:40:13,120 Finished...
2020-02-06 17:45:13,219 Finished...
2020-02-06 17:50:13,319 Finished...
2020-02-06 17:55:13,419 Finished...
2020-02-06 18:00:13,519 Finished...
2020-02-06 18:05:13,620 Finished...
2020-02-06 18:10:13,717 Finished...
2020-02-06 18:15:13,734 Finished...
