2020-02-14 14:48:30,697 Namespace(arch='alexnet', batchSize=12, cacheBatchSize=96, cachePath='/home/annora/NetVLAD/output/', cacheRefreshRate=3000, ckpt='best', contilearn=False, dataPath='/home/annora/NetVLAD/output/data/', dataset='robotcar', evalEvery=1, fromscratch=False, fromtask='/home/annora/NetVLAD/output/runs/2020-02-14-10-29-57_alexnet_max', lr=0.01, lrGamma=0.5, lrStep=5, margin=0.1, mode='train', momentum=0.9, nEpochs=30, nGPU=1, nocuda=False, num_clusters=64, optim='SGD', patience=10, pooling='max', premodel='imagenet', resume='', runsPath='/home/annora/NetVLAD/output/runs/', savePath='checkpoints', seed=123, split='val', start_epoch=0, threads=8, vladv2=False, weightDecay=0.001)
2020-02-14 14:48:30,727 ===> Loading dataset(s)
2020-02-14 14:48:30,728 trainfile ------>>>>>> oxRobocar_single_train.mat
2020-02-14 14:48:33,598 ====> Training set: oxRobocar_single_train.mat, query set count: 6636
2020-02-14 14:48:33,700 ===> Evaluating on val set: oxRobocar_single_val.mat, query count: 3450
2020-02-14 14:48:33,700 ===> Building model
2020-02-14 14:48:33,751 encoder moder:
AlexNet(
  (conv1): Sequential(
    (0): Conv2d(3, 64, kernel_size=(11, 11), stride=(4, 4), padding=(2, 2))
    (1): ReLU(inplace)
    (2): MaxPool2d(kernel_size=3, stride=2, padding=0, dilation=1, ceil_mode=False)
  )
  (conv2): Sequential(
    (0): Conv2d(64, 192, kernel_size=(5, 5), stride=(1, 1), padding=(2, 2))
    (1): ReLU(inplace)
    (2): MaxPool2d(kernel_size=3, stride=2, padding=0, dilation=1, ceil_mode=False)
  )
  (conv3): Sequential(
    (0): Conv2d(192, 384, kernel_size=(3, 3), stride=(1, 1), padding=(1, 1))
    (1): ReLU(inplace)
  )
  (conv4): Sequential(
    (0): Conv2d(384, 256, kernel_size=(3, 3), stride=(1, 1), padding=(1, 1))
    (1): ReLU(inplace)
  )
  (conv5): Sequential(
    (0): Conv2d(256, 256, kernel_size=(3, 3), stride=(1, 1), padding=(1, 1))
  )
)
2020-02-14 14:48:37,894 => loading checkpoint '/home/annora/NetVLAD/output/runs/2020-02-14-10-29-57_alexnet_max/checkpoints/model_best.pth.tar'
2020-02-14 14:48:37,909 => loaded checkpoint '/home/annora/NetVLAD/output/runs/2020-02-14-10-29-57_alexnet_max/checkpoints/model_best.pth.tar' 
2020-02-14 14:48:37,909 ===> Training model
2020-02-14 14:48:37,912 ===> Saving state to: /home/annora/NetVLAD/output/runs/2020-02-14-14-48-37_alexnet_max
2020-02-14 14:48:37,912 ====> Building Cache
2020-02-14 14:48:37,912 feature cache--->>> /home/annora/NetVLAD/output/train_feat_cache0.hdf5
2020-02-14 14:49:58,327 Allocated:11.59326171875 MB
2020-02-14 14:49:58,327 Cached:2776.125 MB
2020-02-14 14:51:09,512 ==> Epoch[1](50/553): Loss: 0.1835
2020-02-14 14:51:09,516 Allocated:32.78076171875 MB
2020-02-14 14:51:09,516 Cached:6652.125 MB
2020-02-14 14:51:44,755 ==> Epoch[1](100/553): Loss: 0.0870
2020-02-14 14:51:44,757 Allocated:32.78076171875 MB
2020-02-14 14:51:44,757 Cached:6652.125 MB
2020-02-14 14:52:17,155 ==> Epoch[1](150/553): Loss: 0.0223
2020-02-14 14:52:17,157 Allocated:32.78076171875 MB
2020-02-14 14:52:17,157 Cached:6652.125 MB
2020-02-14 14:52:38,922 ====> Building Cache
2020-02-14 14:52:38,923 feature cache--->>> /home/annora/NetVLAD/output/train_feat_cache0.hdf5
2020-02-14 14:53:55,549 Allocated:32.7802734375 MB
2020-02-14 14:53:55,549 Cached:2862.5 MB
2020-02-14 14:54:32,963 ==> Epoch[1](200/553): Loss: 0.0913
2020-02-14 14:54:32,965 Allocated:32.78076171875 MB
2020-02-14 14:54:32,965 Cached:4089.875 MB
2020-02-14 14:55:01,818 ==> Epoch[1](250/553): Loss: 0.0452
2020-02-14 14:55:01,820 Allocated:32.78076171875 MB
2020-02-14 14:55:01,820 Cached:7963.875 MB
2020-02-14 14:55:28,134 ==> Epoch[1](300/553): Loss: 0.1099
2020-02-14 14:55:28,136 Allocated:32.78076171875 MB
2020-02-14 14:55:28,136 Cached:7964.875 MB
2020-02-14 14:55:51,488 ==> Epoch[1](350/553): Loss: 0.0822
2020-02-14 14:55:51,490 Allocated:32.78076171875 MB
2020-02-14 14:55:51,490 Cached:7964.875 MB
2020-02-14 14:56:01,481 ====> Building Cache
2020-02-14 14:56:01,481 feature cache--->>> /home/annora/NetVLAD/output/train_feat_cache0.hdf5
2020-02-14 14:57:19,166 Allocated:32.7802734375 MB
2020-02-14 14:57:19,167 Cached:2862.5 MB
2020-02-14 14:58:12,845 ==> Epoch[1](400/553): Loss: 0.1150
2020-02-14 14:58:12,847 Allocated:32.78076171875 MB
2020-02-14 14:58:12,847 Cached:7999.0 MB
2020-02-14 14:58:45,205 ==> Epoch[1](450/553): Loss: 0.0506
2020-02-14 14:58:45,209 Allocated:32.78076171875 MB
2020-02-14 14:58:45,209 Cached:7999.0 MB
2020-02-14 14:59:20,809 ==> Epoch[1](500/553): Loss: 0.0240
2020-02-14 14:59:20,811 Allocated:32.78076171875 MB
2020-02-14 14:59:20,811 Cached:7999.0 MB
2020-02-14 14:59:54,830 ==> Epoch[1](550/553): Loss: 0.0032
2020-02-14 14:59:54,832 Allocated:32.78076171875 MB
2020-02-14 14:59:54,833 Cached:7999.0 MB
2020-02-14 14:59:58,957 ===> Epoch 1 Complete: Avg. Loss: 0.0924
2020-02-14 14:59:58,958 ====> Extracting Features
2020-02-14 15:00:33,566 ==> Batch (50/108)
2020-02-14 15:00:55,397 ==> Batch (100/108)
2020-02-14 15:00:59,076 ====> Building faiss index
2020-02-14 15:00:59,078 ====> Calculating recall @ N
2020-02-14 15:00:59,677 ====> Recall@1: 0.4942
2020-02-14 15:00:59,677 ====> Recall@2: 0.5362
2020-02-14 15:00:59,677 ====> Recall@3: 0.5597
2020-02-14 15:00:59,678 ====> Recall@4: 0.5800
2020-02-14 15:00:59,678 ====> Recall@5: 0.5962
2020-02-14 15:00:59,678 ====> Recall@10: 0.6452
2020-02-14 15:00:59,678 ====> Recall@15: 0.6768
2020-02-14 15:00:59,678 ====> Recall@20: 0.7003
2020-02-14 15:00:59,679 ====> Recall@25: 0.7238
2020-02-14 15:00:59,716 ====> Building Cache
2020-02-14 15:00:59,716 feature cache--->>> /home/annora/NetVLAD/output/train_feat_cache0.hdf5
2020-02-14 15:02:17,760 Allocated:30.78076171875 MB
2020-02-14 15:02:17,761 Cached:4189.75 MB
2020-02-14 15:03:12,891 ==> Epoch[2](50/553): Loss: 0.0803
2020-02-14 15:03:12,893 Allocated:32.78076171875 MB
2020-02-14 15:03:12,893 Cached:6508.5 MB
2020-02-14 15:03:27,844 ==> Epoch[2](100/553): Loss: 0.0713
2020-02-14 15:03:27,845 Allocated:32.78076171875 MB
2020-02-14 15:03:27,845 Cached:6508.5 MB
2020-02-14 15:03:45,644 ==> Epoch[2](150/553): Loss: 0.0305
2020-02-14 15:03:45,646 Allocated:32.78076171875 MB
2020-02-14 15:03:45,647 Cached:6508.5 MB
2020-02-14 15:03:59,776 ====> Building Cache
2020-02-14 15:03:59,777 feature cache--->>> /home/annora/NetVLAD/output/train_feat_cache0.hdf5
2020-02-14 15:05:20,078 Allocated:32.7802734375 MB
2020-02-14 15:05:20,078 Cached:2862.5 MB
2020-02-14 15:05:56,721 ==> Epoch[2](200/553): Loss: 0.0545
2020-02-14 15:05:56,724 Allocated:32.78076171875 MB
2020-02-14 15:05:56,724 Cached:5320.5 MB
2020-02-14 15:06:22,971 ==> Epoch[2](250/553): Loss: 0.0415
2020-02-14 15:06:22,973 Allocated:32.78076171875 MB
2020-02-14 15:06:22,973 Cached:5321.5 MB
2020-02-14 15:06:49,922 ==> Epoch[2](300/553): Loss: 0.0299
2020-02-14 15:06:49,924 Allocated:32.78076171875 MB
2020-02-14 15:06:49,924 Cached:5321.5 MB
2020-02-14 15:07:13,985 ==> Epoch[2](350/553): Loss: 0.0653
2020-02-14 15:07:13,987 Allocated:32.78076171875 MB
2020-02-14 15:07:13,987 Cached:9117.375 MB
2020-02-14 15:07:22,889 ====> Building Cache
2020-02-14 15:07:22,890 feature cache--->>> /home/annora/NetVLAD/output/train_feat_cache0.hdf5
2020-02-14 15:08:42,503 Allocated:32.7802734375 MB
2020-02-14 15:08:42,503 Cached:2862.5 MB
2020-02-14 15:09:31,981 ==> Epoch[2](400/553): Loss: 0.0710
2020-02-14 15:09:31,985 Allocated:32.78076171875 MB
2020-02-14 15:09:31,985 Cached:6736.5 MB
2020-02-14 15:10:02,169 ==> Epoch[2](450/553): Loss: 0.0244
2020-02-14 15:10:02,171 Allocated:32.78076171875 MB
2020-02-14 15:10:02,171 Cached:6736.5 MB
2020-02-14 15:10:38,156 ==> Epoch[2](500/553): Loss: 0.0392
2020-02-14 15:10:38,158 Allocated:32.78076171875 MB
2020-02-14 15:10:38,158 Cached:6736.5 MB
2020-02-14 15:11:07,712 ==> Epoch[2](550/553): Loss: 0.0349
2020-02-14 15:11:07,714 Allocated:32.78076171875 MB
2020-02-14 15:11:07,714 Cached:6736.5 MB
2020-02-14 15:11:09,376 ===> Epoch 2 Complete: Avg. Loss: 0.0686
2020-02-14 15:11:09,377 ====> Extracting Features
2020-02-14 15:11:45,460 ==> Batch (50/108)
2020-02-14 15:12:06,988 ==> Batch (100/108)
2020-02-14 15:12:10,409 ====> Building faiss index
2020-02-14 15:12:10,411 ====> Calculating recall @ N
2020-02-14 15:12:10,921 ====> Recall@1: 0.4980
2020-02-14 15:12:10,921 ====> Recall@2: 0.5713
2020-02-14 15:12:10,922 ====> Recall@3: 0.6029
2020-02-14 15:12:10,922 ====> Recall@4: 0.6159
2020-02-14 15:12:10,922 ====> Recall@5: 0.6272
2020-02-14 15:12:10,923 ====> Recall@10: 0.6684
2020-02-14 15:12:10,923 ====> Recall@15: 0.6884
2020-02-14 15:12:10,923 ====> Recall@20: 0.7052
2020-02-14 15:12:10,923 ====> Recall@25: 0.7168
2020-02-14 15:12:11,037 ====> Building Cache
2020-02-14 15:12:11,038 feature cache--->>> /home/annora/NetVLAD/output/train_feat_cache0.hdf5
2020-02-14 15:13:28,036 Allocated:30.78076171875 MB
2020-02-14 15:13:28,037 Cached:4189.75 MB
2020-02-14 15:14:13,885 ==> Epoch[3](50/553): Loss: 0.0124
2020-02-14 15:14:13,887 Allocated:32.78076171875 MB
2020-02-14 15:14:13,887 Cached:4189.75 MB
2020-02-14 15:14:30,267 ==> Epoch[3](100/553): Loss: 0.0337
2020-02-14 15:14:30,268 Allocated:32.78076171875 MB
2020-02-14 15:14:30,269 Cached:5334.25 MB
2020-02-14 15:14:47,456 ==> Epoch[3](150/553): Loss: 0.0407
2020-02-14 15:14:47,457 Allocated:32.78076171875 MB
2020-02-14 15:14:47,458 Cached:5334.25 MB
2020-02-14 15:14:57,992 ====> Building Cache
2020-02-14 15:14:57,993 feature cache--->>> /home/annora/NetVLAD/output/train_feat_cache0.hdf5
2020-02-14 15:16:14,712 Allocated:32.7802734375 MB
2020-02-14 15:16:14,712 Cached:2862.5 MB
2020-02-14 15:16:50,017 ==> Epoch[3](200/553): Loss: 0.1240
2020-02-14 15:16:50,021 Allocated:32.78076171875 MB
2020-02-14 15:16:50,022 Cached:2862.5 MB
2020-02-14 15:17:14,410 ==> Epoch[3](250/553): Loss: 0.0568
2020-02-14 15:17:14,414 Allocated:32.78076171875 MB
2020-02-14 15:17:14,414 Cached:5232.25 MB
2020-02-14 15:17:34,229 ==> Epoch[3](300/553): Loss: 0.1507
2020-02-14 15:17:34,231 Allocated:32.78076171875 MB
2020-02-14 15:17:34,231 Cached:5232.25 MB
2020-02-14 15:17:54,183 ==> Epoch[3](350/553): Loss: 0.1980
2020-02-14 15:17:54,184 Allocated:32.78076171875 MB
2020-02-14 15:17:54,184 Cached:5232.25 MB
2020-02-14 15:18:02,431 ====> Building Cache
2020-02-14 15:18:02,431 feature cache--->>> /home/annora/NetVLAD/output/train_feat_cache0.hdf5
2020-02-14 15:19:24,298 Allocated:32.7802734375 MB
2020-02-14 15:19:24,298 Cached:2862.5 MB
2020-02-14 15:20:15,602 ==> Epoch[3](400/553): Loss: 0.0385
2020-02-14 15:20:15,604 Allocated:32.78076171875 MB
2020-02-14 15:20:15,605 Cached:8025.375 MB
2020-02-14 15:20:44,954 ==> Epoch[3](450/553): Loss: 0.0495
2020-02-14 15:20:44,956 Allocated:32.78076171875 MB
2020-02-14 15:20:44,957 Cached:8025.375 MB
2020-02-14 15:21:16,677 ==> Epoch[3](500/553): Loss: 0.0460
2020-02-14 15:21:16,678 Allocated:32.78076171875 MB
2020-02-14 15:21:16,679 Cached:8025.375 MB
2020-02-14 15:21:46,694 ==> Epoch[3](550/553): Loss: 0.0076
2020-02-14 15:21:46,696 Allocated:32.78076171875 MB
2020-02-14 15:21:46,696 Cached:8025.375 MB
2020-02-14 15:21:48,241 ===> Epoch 3 Complete: Avg. Loss: 0.0827
2020-02-14 15:21:48,242 ====> Extracting Features
2020-02-14 15:22:22,234 ==> Batch (50/108)
2020-02-14 15:22:43,463 ==> Batch (100/108)
2020-02-14 15:22:46,705 ====> Building faiss index
2020-02-14 15:22:46,707 ====> Calculating recall @ N
2020-02-14 15:22:47,188 ====> Recall@1: 0.5316
2020-02-14 15:22:47,189 ====> Recall@2: 0.5751
2020-02-14 15:22:47,189 ====> Recall@3: 0.6032
2020-02-14 15:22:47,189 ====> Recall@4: 0.6177
2020-02-14 15:22:47,189 ====> Recall@5: 0.6319
2020-02-14 15:22:47,190 ====> Recall@10: 0.6875
2020-02-14 15:22:47,190 ====> Recall@15: 0.7217
2020-02-14 15:22:47,190 ====> Recall@20: 0.7522
2020-02-14 15:22:47,190 ====> Recall@25: 0.7701
2020-02-14 15:22:47,298 ====> Building Cache
2020-02-14 15:22:47,298 feature cache--->>> /home/annora/NetVLAD/output/train_feat_cache0.hdf5
2020-02-14 15:24:05,141 Allocated:30.78076171875 MB
2020-02-14 15:24:05,141 Cached:4189.75 MB
2020-02-14 15:24:57,651 ==> Epoch[4](50/553): Loss: 0.0443
2020-02-14 15:24:57,653 Allocated:32.78076171875 MB
2020-02-14 15:24:57,653 Cached:4189.75 MB
2020-02-14 15:25:11,253 ==> Epoch[4](100/553): Loss: 0.0099
2020-02-14 15:25:11,254 Allocated:32.78076171875 MB
2020-02-14 15:25:11,255 Cached:4189.75 MB
2020-02-14 15:25:25,236 ==> Epoch[4](150/553): Loss: 0.0016
2020-02-14 15:25:25,238 Allocated:32.78076171875 MB
2020-02-14 15:25:25,238 Cached:4189.75 MB
2020-02-14 15:25:34,843 ====> Building Cache
2020-02-14 15:25:34,843 feature cache--->>> /home/annora/NetVLAD/output/train_feat_cache0.hdf5
2020-02-14 15:26:51,973 Allocated:32.7802734375 MB
2020-02-14 15:26:51,973 Cached:2862.5 MB
2020-02-14 15:27:28,709 ==> Epoch[4](200/553): Loss: 0.1693
2020-02-14 15:27:28,712 Allocated:32.78076171875 MB
2020-02-14 15:27:28,712 Cached:6329.0 MB
2020-02-14 15:27:48,295 ==> Epoch[4](250/553): Loss: 0.0635
2020-02-14 15:27:48,296 Allocated:32.78076171875 MB
2020-02-14 15:27:48,296 Cached:6329.0 MB
2020-02-14 15:28:05,984 ==> Epoch[4](300/553): Loss: 0.0366
2020-02-14 15:28:05,986 Allocated:32.78076171875 MB
2020-02-14 15:28:05,986 Cached:6329.0 MB
2020-02-14 15:28:26,966 ==> Epoch[4](350/553): Loss: 0.0407
2020-02-14 15:28:26,968 Allocated:32.78076171875 MB
2020-02-14 15:28:26,968 Cached:7540.5 MB
2020-02-14 15:28:34,658 ====> Building Cache
2020-02-14 15:28:34,659 feature cache--->>> /home/annora/NetVLAD/output/train_feat_cache0.hdf5
2020-02-14 15:29:52,281 Allocated:32.7802734375 MB
2020-02-14 15:29:52,282 Cached:2863.5 MB
2020-02-14 15:30:43,437 ==> Epoch[4](400/553): Loss: 0.0501
2020-02-14 15:30:43,439 Allocated:32.78076171875 MB
2020-02-14 15:30:43,440 Cached:2936.25 MB
2020-02-14 15:31:12,910 ==> Epoch[4](450/553): Loss: 0.0601
2020-02-14 15:31:12,912 Allocated:32.78076171875 MB
2020-02-14 15:31:12,912 Cached:2936.25 MB
2020-02-14 15:31:41,278 ==> Epoch[4](500/553): Loss: 0.0129
2020-02-14 15:31:41,280 Allocated:32.78076171875 MB
2020-02-14 15:31:41,280 Cached:2936.25 MB
2020-02-14 15:32:11,490 ==> Epoch[4](550/553): Loss: 0.0183
2020-02-14 15:32:11,491 Allocated:32.78076171875 MB
2020-02-14 15:32:11,492 Cached:2936.25 MB
2020-02-14 15:32:12,846 ===> Epoch 4 Complete: Avg. Loss: 0.0628
2020-02-14 15:32:12,847 ====> Extracting Features
2020-02-14 15:32:48,024 ==> Batch (50/108)
2020-02-14 15:33:08,647 ==> Batch (100/108)
2020-02-14 15:33:11,885 ====> Building faiss index
2020-02-14 15:33:11,887 ====> Calculating recall @ N
2020-02-14 15:33:12,370 ====> Recall@1: 0.5194
2020-02-14 15:33:12,371 ====> Recall@2: 0.5768
2020-02-14 15:33:12,371 ====> Recall@3: 0.6078
2020-02-14 15:33:12,371 ====> Recall@4: 0.6217
2020-02-14 15:33:12,372 ====> Recall@5: 0.6348
2020-02-14 15:33:12,372 ====> Recall@10: 0.6800
2020-02-14 15:33:12,372 ====> Recall@15: 0.7151
2020-02-14 15:33:12,372 ====> Recall@20: 0.7386
2020-02-14 15:33:12,372 ====> Recall@25: 0.7525
2020-02-14 15:33:12,485 ====> Building Cache
2020-02-14 15:33:12,485 feature cache--->>> /home/annora/NetVLAD/output/train_feat_cache0.hdf5
2020-02-14 15:34:28,531 Allocated:30.78076171875 MB
2020-02-14 15:34:28,532 Cached:4190.75 MB
2020-02-14 15:35:12,896 ==> Epoch[5](50/553): Loss: 0.0236
2020-02-14 15:35:12,898 Allocated:32.78076171875 MB
2020-02-14 15:35:12,898 Cached:5341.625 MB
2020-02-14 15:35:29,736 ==> Epoch[5](100/553): Loss: 0.0161
2020-02-14 15:35:29,737 Allocated:32.78076171875 MB
2020-02-14 15:35:29,738 Cached:5341.625 MB
2020-02-14 15:35:47,870 ==> Epoch[5](150/553): Loss: 0.0065
2020-02-14 15:35:47,872 Allocated:32.78076171875 MB
2020-02-14 15:35:47,872 Cached:5341.625 MB
2020-02-14 15:35:58,843 ====> Building Cache
2020-02-14 15:35:58,843 feature cache--->>> /home/annora/NetVLAD/output/train_feat_cache0.hdf5
2020-02-14 15:37:18,246 Allocated:32.7802734375 MB
2020-02-14 15:37:18,246 Cached:2862.5 MB
2020-02-14 15:37:54,567 ==> Epoch[5](200/553): Loss: 0.2352
2020-02-14 15:37:54,569 Allocated:32.78076171875 MB
2020-02-14 15:37:54,569 Cached:2862.5 MB
2020-02-14 15:38:11,353 ==> Epoch[5](250/553): Loss: 0.1146
2020-02-14 15:38:11,356 Allocated:32.78076171875 MB
2020-02-14 15:38:11,357 Cached:2862.5 MB
2020-02-14 15:38:28,253 ==> Epoch[5](300/553): Loss: 0.1567
2020-02-14 15:38:28,255 Allocated:32.78076171875 MB
2020-02-14 15:38:28,256 Cached:2862.5 MB
2020-02-14 15:38:42,257 ==> Epoch[5](350/553): Loss: 0.2228
2020-02-14 15:38:42,259 Allocated:32.78076171875 MB
2020-02-14 15:38:42,259 Cached:2862.5 MB
2020-02-14 15:38:48,839 ====> Building Cache
2020-02-14 15:38:48,839 feature cache--->>> /home/annora/NetVLAD/output/train_feat_cache0.hdf5
2020-02-14 15:40:11,291 Allocated:32.7802734375 MB
2020-02-14 15:40:11,292 Cached:2862.5 MB
2020-02-14 15:40:57,395 ==> Epoch[5](400/553): Loss: 0.0318
2020-02-14 15:40:57,397 Allocated:32.78076171875 MB
2020-02-14 15:40:57,397 Cached:9173.25 MB
2020-02-14 15:41:22,525 ==> Epoch[5](450/553): Loss: 0.0240
2020-02-14 15:41:22,527 Allocated:32.78076171875 MB
2020-02-14 15:41:22,527 Cached:9173.25 MB
2020-02-14 15:41:48,527 ==> Epoch[5](500/553): Loss: 0.0054
2020-02-14 15:41:48,529 Allocated:32.78076171875 MB
2020-02-14 15:41:48,530 Cached:9173.25 MB
2020-02-14 15:42:13,229 ==> Epoch[5](550/553): Loss: 0.0397
2020-02-14 15:42:13,232 Allocated:32.78076171875 MB
2020-02-14 15:42:13,232 Cached:9173.25 MB
2020-02-14 15:42:15,415 ===> Epoch 5 Complete: Avg. Loss: 0.0687
2020-02-14 15:42:15,417 ====> Extracting Features
2020-02-14 15:42:50,223 ==> Batch (50/108)
2020-02-14 15:43:12,002 ==> Batch (100/108)
2020-02-14 15:43:15,489 ====> Building faiss index
2020-02-14 15:43:15,491 ====> Calculating recall @ N
2020-02-14 15:43:15,999 ====> Recall@1: 0.5336
2020-02-14 15:43:16,000 ====> Recall@2: 0.5814
2020-02-14 15:43:16,000 ====> Recall@3: 0.6064
2020-02-14 15:43:16,000 ====> Recall@4: 0.6209
2020-02-14 15:43:16,001 ====> Recall@5: 0.6354
2020-02-14 15:43:16,001 ====> Recall@10: 0.6670
2020-02-14 15:43:16,001 ====> Recall@15: 0.7006
2020-02-14 15:43:16,001 ====> Recall@20: 0.7197
2020-02-14 15:43:16,001 ====> Recall@25: 0.7310
2020-02-14 15:43:16,117 ====> Building Cache
2020-02-14 15:43:16,117 feature cache--->>> /home/annora/NetVLAD/output/train_feat_cache0.hdf5
2020-02-14 15:44:39,066 Allocated:30.78076171875 MB
2020-02-14 15:44:39,066 Cached:4189.75 MB
2020-02-14 15:45:27,117 ==> Epoch[6](50/553): Loss: 0.0028
2020-02-14 15:45:27,119 Allocated:32.78076171875 MB
2020-02-14 15:45:27,119 Cached:4189.75 MB
2020-02-14 15:45:41,190 ==> Epoch[6](100/553): Loss: 0.0727
2020-02-14 15:45:41,192 Allocated:32.78076171875 MB
2020-02-14 15:45:41,193 Cached:4189.75 MB
2020-02-14 15:45:56,378 ==> Epoch[6](150/553): Loss: 0.0442
2020-02-14 15:45:56,379 Allocated:32.78076171875 MB
2020-02-14 15:45:56,380 Cached:4189.75 MB
2020-02-14 15:46:05,925 ====> Building Cache
2020-02-14 15:46:05,926 feature cache--->>> /home/annora/NetVLAD/output/train_feat_cache0.hdf5
2020-02-14 15:47:27,853 Allocated:32.7802734375 MB
2020-02-14 15:47:27,854 Cached:2862.5 MB
2020-02-14 15:47:59,703 ==> Epoch[6](200/553): Loss: 0.1421
2020-02-14 15:47:59,705 Allocated:32.78076171875 MB
2020-02-14 15:47:59,705 Cached:4000.625 MB
2020-02-14 15:48:14,855 ==> Epoch[6](250/553): Loss: 0.1798
2020-02-14 15:48:14,856 Allocated:32.78076171875 MB
2020-02-14 15:48:14,857 Cached:4000.625 MB
2020-02-14 15:48:30,958 ==> Epoch[6](300/553): Loss: 0.0419
2020-02-14 15:48:30,959 Allocated:32.78076171875 MB
2020-02-14 15:48:30,960 Cached:4000.625 MB
2020-02-14 15:48:43,354 ==> Epoch[6](350/553): Loss: 0.0236
2020-02-14 15:48:43,356 Allocated:32.78076171875 MB
2020-02-14 15:48:43,356 Cached:4001.625 MB
2020-02-14 15:48:48,647 ====> Building Cache
2020-02-14 15:48:48,648 feature cache--->>> /home/annora/NetVLAD/output/train_feat_cache0.hdf5
2020-02-14 15:50:04,412 Allocated:32.7802734375 MB
2020-02-14 15:50:04,412 Cached:2862.5 MB
2020-02-14 15:50:50,192 ==> Epoch[6](400/553): Loss: 0.0630
2020-02-14 15:50:50,195 Allocated:32.78076171875 MB
2020-02-14 15:50:50,195 Cached:2909.0 MB
2020-02-14 15:51:19,520 ==> Epoch[6](450/553): Loss: 0.0326
2020-02-14 15:51:19,523 Allocated:32.78076171875 MB
2020-02-14 15:51:19,523 Cached:5504.625 MB
2020-02-14 15:51:50,001 ==> Epoch[6](500/553): Loss: 0.0139
2020-02-14 15:51:50,003 Allocated:32.78076171875 MB
2020-02-14 15:51:50,004 Cached:5504.625 MB
2020-02-14 15:52:20,382 ==> Epoch[6](550/553): Loss: 0.0836
2020-02-14 15:52:20,384 Allocated:32.78076171875 MB
2020-02-14 15:52:20,384 Cached:5504.625 MB
2020-02-14 15:52:21,946 ===> Epoch 6 Complete: Avg. Loss: 0.0772
2020-02-14 15:52:21,947 ====> Extracting Features
2020-02-14 15:52:56,143 ==> Batch (50/108)
2020-02-14 15:53:16,360 ==> Batch (100/108)
2020-02-14 15:53:19,926 ====> Building faiss index
2020-02-14 15:53:19,928 ====> Calculating recall @ N
2020-02-14 15:53:20,486 ====> Recall@1: 0.5096
2020-02-14 15:53:20,487 ====> Recall@2: 0.5614
2020-02-14 15:53:20,487 ====> Recall@3: 0.5904
2020-02-14 15:53:20,488 ====> Recall@4: 0.6133
2020-02-14 15:53:20,488 ====> Recall@5: 0.6316
2020-02-14 15:53:20,488 ====> Recall@10: 0.6870
2020-02-14 15:53:20,488 ====> Recall@15: 0.7104
2020-02-14 15:53:20,488 ====> Recall@20: 0.7252
2020-02-14 15:53:20,488 ====> Recall@25: 0.7377
2020-02-14 15:53:20,547 ====> Building Cache
2020-02-14 15:53:20,547 feature cache--->>> /home/annora/NetVLAD/output/train_feat_cache0.hdf5
2020-02-14 15:54:47,233 Allocated:30.78076171875 MB
2020-02-14 15:54:47,233 Cached:4189.75 MB
2020-02-14 15:55:28,676 ==> Epoch[7](50/553): Loss: 0.0345
2020-02-14 15:55:28,678 Allocated:32.78076171875 MB
2020-02-14 15:55:28,678 Cached:4189.75 MB
2020-02-14 15:55:42,797 ==> Epoch[7](100/553): Loss: 0.0047
2020-02-14 15:55:42,799 Allocated:32.78076171875 MB
2020-02-14 15:55:42,799 Cached:4193.75 MB
2020-02-14 15:55:57,015 ==> Epoch[7](150/553): Loss: 0.0001
2020-02-14 15:55:57,016 Allocated:32.78076171875 MB
2020-02-14 15:55:57,017 Cached:4193.75 MB
2020-02-14 15:56:05,868 ====> Building Cache
2020-02-14 15:56:05,869 feature cache--->>> /home/annora/NetVLAD/output/train_feat_cache0.hdf5
2020-02-14 15:57:22,226 Allocated:32.7802734375 MB
2020-02-14 15:57:22,227 Cached:2862.5 MB
2020-02-14 15:57:56,844 ==> Epoch[7](200/553): Loss: 0.1201
2020-02-14 15:57:56,846 Allocated:32.78076171875 MB
2020-02-14 15:57:56,847 Cached:2862.5 MB
2020-02-14 15:58:12,548 ==> Epoch[7](250/553): Loss: 0.0463
2020-02-14 15:58:12,550 Allocated:32.78076171875 MB
2020-02-14 15:58:12,550 Cached:2862.5 MB
2020-02-14 15:58:27,418 ==> Epoch[7](300/553): Loss: 0.0063
2020-02-14 15:58:27,419 Allocated:32.78076171875 MB
2020-02-14 15:58:27,420 Cached:2862.5 MB
2020-02-14 15:58:44,084 ==> Epoch[7](350/553): Loss: 0.1510
2020-02-14 15:58:44,086 Allocated:32.78076171875 MB
2020-02-14 15:58:44,086 Cached:2862.5 MB
2020-02-14 15:58:49,498 ====> Building Cache
2020-02-14 15:58:49,499 feature cache--->>> /home/annora/NetVLAD/output/train_feat_cache0.hdf5
2020-02-14 16:00:06,071 Allocated:32.7802734375 MB
2020-02-14 16:00:06,071 Cached:2862.5 MB
2020-02-14 16:00:48,827 ==> Epoch[7](400/553): Loss: 0.0595
2020-02-14 16:00:48,829 Allocated:32.78076171875 MB
2020-02-14 16:00:48,829 Cached:9898.625 MB
2020-02-14 16:01:13,527 ==> Epoch[7](450/553): Loss: 0.0174
2020-02-14 16:01:13,529 Allocated:32.78076171875 MB
2020-02-14 16:01:13,529 Cached:5832.375 MB
2020-02-14 16:01:38,714 ==> Epoch[7](500/553): Loss: 0.0177
2020-02-14 16:01:38,715 Allocated:32.78076171875 MB
2020-02-14 16:01:38,715 Cached:7066.125 MB
2020-02-14 16:02:01,089 ==> Epoch[7](550/553): Loss: 0.0207
2020-02-14 16:02:01,091 Allocated:32.78076171875 MB
2020-02-14 16:02:01,091 Cached:7066.125 MB
2020-02-14 16:02:03,451 ===> Epoch 7 Complete: Avg. Loss: 0.0549
2020-02-14 16:02:03,452 ====> Extracting Features
2020-02-14 16:02:40,203 ==> Batch (50/108)
2020-02-14 16:03:01,402 ==> Batch (100/108)
2020-02-14 16:03:04,720 ====> Building faiss index
2020-02-14 16:03:04,722 ====> Calculating recall @ N
2020-02-14 16:03:05,177 ====> Recall@1: 0.5733
2020-02-14 16:03:05,177 ====> Recall@2: 0.6226
2020-02-14 16:03:05,178 ====> Recall@3: 0.6551
2020-02-14 16:03:05,178 ====> Recall@4: 0.6722
2020-02-14 16:03:05,178 ====> Recall@5: 0.6809
2020-02-14 16:03:05,179 ====> Recall@10: 0.7154
2020-02-14 16:03:05,179 ====> Recall@15: 0.7391
2020-02-14 16:03:05,179 ====> Recall@20: 0.7580
2020-02-14 16:03:05,179 ====> Recall@25: 0.7733
2020-02-14 16:03:05,291 ====> Building Cache
2020-02-14 16:03:05,292 feature cache--->>> /home/annora/NetVLAD/output/train_feat_cache0.hdf5
2020-02-14 16:04:24,293 Allocated:30.78076171875 MB
2020-02-14 16:04:24,294 Cached:4189.75 MB
2020-02-14 16:05:05,163 ==> Epoch[8](50/553): Loss: 0.0193
2020-02-14 16:05:05,165 Allocated:32.78076171875 MB
2020-02-14 16:05:05,165 Cached:4189.75 MB
2020-02-14 16:05:16,204 ==> Epoch[8](100/553): Loss: 0.1371
2020-02-14 16:05:16,206 Allocated:32.78076171875 MB
2020-02-14 16:05:16,206 Cached:4189.75 MB
2020-02-14 16:05:27,749 ==> Epoch[8](150/553): Loss: 0.0043
2020-02-14 16:05:27,750 Allocated:32.78076171875 MB
2020-02-14 16:05:27,750 Cached:4194.75 MB
2020-02-14 16:05:34,382 ====> Building Cache
2020-02-14 16:05:34,382 feature cache--->>> /home/annora/NetVLAD/output/train_feat_cache0.hdf5
2020-02-14 16:06:51,021 Allocated:32.7802734375 MB
2020-02-14 16:06:51,022 Cached:2862.5 MB
2020-02-14 16:07:23,937 ==> Epoch[8](200/553): Loss: 0.2307
2020-02-14 16:07:23,940 Allocated:32.78076171875 MB
2020-02-14 16:07:23,940 Cached:2862.5 MB
2020-02-14 16:07:41,404 ==> Epoch[8](250/553): Loss: 0.0452
2020-02-14 16:07:41,406 Allocated:32.78076171875 MB
2020-02-14 16:07:41,406 Cached:2863.5 MB
2020-02-14 16:07:57,477 ==> Epoch[8](300/553): Loss: 0.1408
2020-02-14 16:07:57,479 Allocated:32.78076171875 MB
2020-02-14 16:07:57,479 Cached:2863.5 MB
2020-02-14 16:08:14,119 ==> Epoch[8](350/553): Loss: 0.0441
2020-02-14 16:08:14,120 Allocated:32.78076171875 MB
2020-02-14 16:08:14,121 Cached:3995.25 MB
2020-02-14 16:08:22,350 ====> Building Cache
2020-02-14 16:08:22,350 feature cache--->>> /home/annora/NetVLAD/output/train_feat_cache0.hdf5
2020-02-14 16:09:43,027 Allocated:32.7802734375 MB
2020-02-14 16:09:43,028 Cached:2862.5 MB
2020-02-14 16:10:24,405 ==> Epoch[8](400/553): Loss: 0.0466
2020-02-14 16:10:24,408 Allocated:32.78076171875 MB
2020-02-14 16:10:24,409 Cached:7501.25 MB
2020-02-14 16:10:49,325 ==> Epoch[8](450/553): Loss: 0.0409
2020-02-14 16:10:49,327 Allocated:32.78076171875 MB
2020-02-14 16:10:49,328 Cached:8712.75 MB
2020-02-14 16:11:16,292 ==> Epoch[8](500/553): Loss: 0.0102
2020-02-14 16:11:16,296 Allocated:32.78076171875 MB
2020-02-14 16:11:16,297 Cached:8712.75 MB
2020-02-14 16:11:40,796 ==> Epoch[8](550/553): Loss: 0.0001
2020-02-14 16:11:40,798 Allocated:32.78076171875 MB
2020-02-14 16:11:40,798 Cached:9927.375 MB
2020-02-14 16:11:43,403 ===> Epoch 8 Complete: Avg. Loss: 0.0612
2020-02-14 16:11:43,404 ====> Extracting Features
2020-02-14 16:12:19,193 ==> Batch (50/108)
2020-02-14 16:12:40,844 ==> Batch (100/108)
2020-02-14 16:12:44,551 ====> Building faiss index
2020-02-14 16:12:44,553 ====> Calculating recall @ N
2020-02-14 16:12:45,027 ====> Recall@1: 0.5606
2020-02-14 16:12:45,027 ====> Recall@2: 0.6296
2020-02-14 16:12:45,028 ====> Recall@3: 0.6571
2020-02-14 16:12:45,028 ====> Recall@4: 0.6675
2020-02-14 16:12:45,029 ====> Recall@5: 0.6786
2020-02-14 16:12:45,029 ====> Recall@10: 0.7125
2020-02-14 16:12:45,029 ====> Recall@15: 0.7330
2020-02-14 16:12:45,029 ====> Recall@20: 0.7438
2020-02-14 16:12:45,029 ====> Recall@25: 0.7519
2020-02-14 16:12:45,090 ====> Building Cache
2020-02-14 16:12:45,090 feature cache--->>> /home/annora/NetVLAD/output/train_feat_cache0.hdf5
2020-02-14 16:14:02,494 Allocated:30.78076171875 MB
2020-02-14 16:14:02,494 Cached:4189.75 MB
2020-02-14 16:14:40,806 ==> Epoch[9](50/553): Loss: 0.0286
2020-02-14 16:14:40,807 Allocated:32.78076171875 MB
2020-02-14 16:14:40,807 Cached:4190.75 MB
2020-02-14 16:14:51,636 ==> Epoch[9](100/553): Loss: 0.0417
2020-02-14 16:14:51,637 Allocated:32.78076171875 MB
2020-02-14 16:14:51,637 Cached:4190.75 MB
2020-02-14 16:15:01,971 ==> Epoch[9](150/553): Loss: 0.0036
2020-02-14 16:15:01,972 Allocated:32.78076171875 MB
2020-02-14 16:15:01,973 Cached:4190.75 MB
2020-02-14 16:15:09,335 ====> Building Cache
2020-02-14 16:15:09,335 feature cache--->>> /home/annora/NetVLAD/output/train_feat_cache0.hdf5
2020-02-14 16:16:29,612 Allocated:32.7802734375 MB
2020-02-14 16:16:29,613 Cached:2862.5 MB
2020-02-14 16:17:02,337 ==> Epoch[9](200/553): Loss: 0.1485
2020-02-14 16:17:02,339 Allocated:32.78076171875 MB
2020-02-14 16:17:02,339 Cached:2862.5 MB
2020-02-14 16:17:23,630 ==> Epoch[9](250/553): Loss: 0.0323
2020-02-14 16:17:23,633 Allocated:32.78076171875 MB
2020-02-14 16:17:23,633 Cached:5209.875 MB
2020-02-14 16:17:40,810 ==> Epoch[9](300/553): Loss: 0.0875
2020-02-14 16:17:40,812 Allocated:32.78076171875 MB
2020-02-14 16:17:40,812 Cached:5209.875 MB
2020-02-14 16:17:58,686 ==> Epoch[9](350/553): Loss: 0.0443
2020-02-14 16:17:58,687 Allocated:32.78076171875 MB
2020-02-14 16:17:58,687 Cached:5209.875 MB
2020-02-14 16:18:05,960 ====> Building Cache
2020-02-14 16:18:05,961 feature cache--->>> /home/annora/NetVLAD/output/train_feat_cache0.hdf5
2020-02-14 16:19:23,405 Allocated:32.7802734375 MB
2020-02-14 16:19:23,405 Cached:2862.5 MB
2020-02-14 16:20:05,116 ==> Epoch[9](400/553): Loss: 0.0328
2020-02-14 16:20:05,118 Allocated:32.78076171875 MB
2020-02-14 16:20:05,118 Cached:5238.625 MB
2020-02-14 16:20:25,306 ==> Epoch[9](450/553): Loss: 0.0020
2020-02-14 16:20:25,308 Allocated:32.78076171875 MB
2020-02-14 16:20:25,308 Cached:5238.625 MB
2020-02-14 16:20:48,589 ==> Epoch[9](500/553): Loss: 0.0004
2020-02-14 16:20:48,590 Allocated:32.78076171875 MB
2020-02-14 16:20:48,591 Cached:6485.125 MB
2020-02-14 16:21:12,251 ==> Epoch[9](550/553): Loss: 0.0323
2020-02-14 16:21:12,252 Allocated:32.78076171875 MB
2020-02-14 16:21:12,253 Cached:6485.125 MB
2020-02-14 16:21:13,520 ===> Epoch 9 Complete: Avg. Loss: 0.0470
2020-02-14 16:21:13,521 ====> Extracting Features
2020-02-14 16:21:48,169 ==> Batch (50/108)
2020-02-14 16:22:09,892 ==> Batch (100/108)
2020-02-14 16:22:13,336 ====> Building faiss index
2020-02-14 16:22:13,338 ====> Calculating recall @ N
2020-02-14 16:22:13,880 ====> Recall@1: 0.5728
2020-02-14 16:22:13,881 ====> Recall@2: 0.6157
2020-02-14 16:22:13,882 ====> Recall@3: 0.6446
2020-02-14 16:22:13,882 ====> Recall@4: 0.6672
2020-02-14 16:22:13,883 ====> Recall@5: 0.6855
2020-02-14 16:22:13,883 ====> Recall@10: 0.7252
2020-02-14 16:22:13,883 ====> Recall@15: 0.7455
2020-02-14 16:22:13,884 ====> Recall@20: 0.7571
2020-02-14 16:22:13,884 ====> Recall@25: 0.7678
2020-02-14 16:22:13,998 ====> Building Cache
2020-02-14 16:22:13,998 feature cache--->>> /home/annora/NetVLAD/output/train_feat_cache0.hdf5
2020-02-14 16:23:33,521 Allocated:30.78076171875 MB
2020-02-14 16:23:33,521 Cached:4189.75 MB
2020-02-14 16:24:12,401 ==> Epoch[10](50/553): Loss: 0.0613
2020-02-14 16:24:12,403 Allocated:32.78076171875 MB
2020-02-14 16:24:12,403 Cached:4190.75 MB
2020-02-14 16:24:24,340 ==> Epoch[10](100/553): Loss: 0.0509
2020-02-14 16:24:24,341 Allocated:32.78076171875 MB
2020-02-14 16:24:24,341 Cached:4190.75 MB
2020-02-14 16:24:33,590 ==> Epoch[10](150/553): Loss: 0.0159
2020-02-14 16:24:33,591 Allocated:32.78076171875 MB
2020-02-14 16:24:33,591 Cached:4193.75 MB
2020-02-14 16:24:40,319 ====> Building Cache
2020-02-14 16:24:40,319 feature cache--->>> /home/annora/NetVLAD/output/train_feat_cache0.hdf5
2020-02-14 16:25:57,611 Allocated:32.7802734375 MB
2020-02-14 16:25:57,611 Cached:2863.5 MB
2020-02-14 16:26:30,535 ==> Epoch[10](200/553): Loss: 0.2123
2020-02-14 16:26:30,536 Allocated:32.78076171875 MB
2020-02-14 16:26:30,537 Cached:2863.5 MB
2020-02-14 16:26:43,575 ==> Epoch[10](250/553): Loss: 0.0254
2020-02-14 16:26:43,577 Allocated:32.78076171875 MB
2020-02-14 16:26:43,577 Cached:2863.5 MB
2020-02-14 16:26:56,753 ==> Epoch[10](300/553): Loss: 0.0181
2020-02-14 16:26:56,754 Allocated:32.78076171875 MB
2020-02-14 16:26:56,755 Cached:2863.5 MB
2020-02-14 16:27:10,539 ==> Epoch[10](350/553): Loss: 0.0888
2020-02-14 16:27:10,540 Allocated:32.78076171875 MB
2020-02-14 16:27:10,540 Cached:2863.5 MB
2020-02-14 16:27:16,889 ====> Building Cache
2020-02-14 16:27:16,890 feature cache--->>> /home/annora/NetVLAD/output/train_feat_cache0.hdf5
2020-02-14 16:28:33,163 Allocated:32.7802734375 MB
2020-02-14 16:28:33,164 Cached:2862.5 MB
2020-02-14 16:29:18,136 ==> Epoch[10](400/553): Loss: 0.0251
2020-02-14 16:29:18,138 Allocated:32.78076171875 MB
2020-02-14 16:29:18,139 Cached:6568.0 MB
2020-02-14 16:29:44,287 ==> Epoch[10](450/553): Loss: 0.0035
2020-02-14 16:29:44,289 Allocated:32.78076171875 MB
2020-02-14 16:29:44,289 Cached:6568.0 MB
2020-02-14 16:30:11,749 ==> Epoch[10](500/553): Loss: 0.0191
2020-02-14 16:30:11,751 Allocated:32.78076171875 MB
2020-02-14 16:30:11,751 Cached:6568.0 MB
2020-02-14 16:30:39,407 ==> Epoch[10](550/553): Loss: 0.0328
2020-02-14 16:30:39,409 Allocated:32.78076171875 MB
2020-02-14 16:30:39,409 Cached:6568.0 MB
2020-02-14 16:30:40,781 ===> Epoch 10 Complete: Avg. Loss: 0.0525
2020-02-14 16:30:40,782 ====> Extracting Features
2020-02-14 16:31:21,578 ==> Batch (50/108)
2020-02-14 16:31:44,039 ==> Batch (100/108)
2020-02-14 16:31:47,432 ====> Building faiss index
2020-02-14 16:31:47,434 ====> Calculating recall @ N
2020-02-14 16:31:47,883 ====> Recall@1: 0.5829
2020-02-14 16:31:47,883 ====> Recall@2: 0.6304
2020-02-14 16:31:47,884 ====> Recall@3: 0.6539
2020-02-14 16:31:47,884 ====> Recall@4: 0.6667
2020-02-14 16:31:47,885 ====> Recall@5: 0.6820
2020-02-14 16:31:47,885 ====> Recall@10: 0.7333
2020-02-14 16:31:47,885 ====> Recall@15: 0.7507
2020-02-14 16:31:47,885 ====> Recall@20: 0.7617
2020-02-14 16:31:47,885 ====> Recall@25: 0.7707
2020-02-14 16:31:47,948 ====> Building Cache
2020-02-14 16:31:47,949 feature cache--->>> /home/annora/NetVLAD/output/train_feat_cache0.hdf5
2020-02-14 16:33:05,493 Allocated:30.78076171875 MB
2020-02-14 16:33:05,494 Cached:4189.75 MB
2020-02-14 16:33:42,676 ==> Epoch[11](50/553): Loss: 0.0059
2020-02-14 16:33:42,679 Allocated:32.78076171875 MB
2020-02-14 16:33:42,679 Cached:4194.75 MB
2020-02-14 16:33:53,549 ==> Epoch[11](100/553): Loss: 0.0034
2020-02-14 16:33:53,550 Allocated:32.78076171875 MB
2020-02-14 16:33:53,551 Cached:4194.75 MB
2020-02-14 16:34:02,797 ==> Epoch[11](150/553): Loss: 0.0154
2020-02-14 16:34:02,798 Allocated:32.78076171875 MB
2020-02-14 16:34:02,798 Cached:4194.75 MB
2020-02-14 16:34:08,891 ====> Building Cache
2020-02-14 16:34:08,892 feature cache--->>> /home/annora/NetVLAD/output/train_feat_cache0.hdf5
2020-02-14 16:35:26,250 Allocated:32.7802734375 MB
2020-02-14 16:35:26,250 Cached:2862.5 MB
2020-02-14 16:35:58,196 ==> Epoch[11](200/553): Loss: 0.4157
2020-02-14 16:35:58,197 Allocated:32.78076171875 MB
2020-02-14 16:35:58,197 Cached:2862.5 MB
2020-02-14 16:36:11,603 ==> Epoch[11](250/553): Loss: 0.1894
2020-02-14 16:36:11,604 Allocated:32.78076171875 MB
2020-02-14 16:36:11,605 Cached:2864.5 MB
2020-02-14 16:36:23,866 ==> Epoch[11](300/553): Loss: 0.0219
2020-02-14 16:36:23,868 Allocated:32.78076171875 MB
2020-02-14 16:36:23,868 Cached:2864.5 MB
2020-02-14 16:36:35,537 ==> Epoch[11](350/553): Loss: 0.0482
2020-02-14 16:36:35,538 Allocated:32.78076171875 MB
2020-02-14 16:36:35,539 Cached:3999.5 MB
2020-02-14 16:36:41,330 ====> Building Cache
2020-02-14 16:36:41,331 feature cache--->>> /home/annora/NetVLAD/output/train_feat_cache0.hdf5
2020-02-14 16:38:08,985 Allocated:32.7802734375 MB
2020-02-14 16:38:08,985 Cached:2862.5 MB
2020-02-14 16:38:54,622 ==> Epoch[11](400/553): Loss: 0.0549
2020-02-14 16:38:54,623 Allocated:32.78076171875 MB
2020-02-14 16:38:54,624 Cached:6466.125 MB
2020-02-14 16:39:17,835 ==> Epoch[11](450/553): Loss: 0.0122
2020-02-14 16:39:17,837 Allocated:32.78076171875 MB
2020-02-14 16:39:17,837 Cached:6466.125 MB
2020-02-14 16:39:39,301 ==> Epoch[11](500/553): Loss: 0.0571
2020-02-14 16:39:39,303 Allocated:32.78076171875 MB
2020-02-14 16:39:39,303 Cached:6466.125 MB
2020-02-14 16:40:00,608 ==> Epoch[11](550/553): Loss: 0.0344
2020-02-14 16:40:00,609 Allocated:32.78076171875 MB
2020-02-14 16:40:00,609 Cached:6466.125 MB
2020-02-14 16:40:01,705 ===> Epoch 11 Complete: Avg. Loss: 0.0502
2020-02-14 16:40:01,706 ====> Extracting Features
2020-02-14 16:40:36,066 ==> Batch (50/108)
2020-02-14 16:40:56,408 ==> Batch (100/108)
2020-02-14 16:40:59,422 ====> Building faiss index
2020-02-14 16:40:59,424 ====> Calculating recall @ N
2020-02-14 16:40:59,857 ====> Recall@1: 0.6232
2020-02-14 16:40:59,858 ====> Recall@2: 0.6623
2020-02-14 16:40:59,858 ====> Recall@3: 0.6765
2020-02-14 16:40:59,858 ====> Recall@4: 0.6893
2020-02-14 16:40:59,858 ====> Recall@5: 0.6957
2020-02-14 16:40:59,859 ====> Recall@10: 0.7226
2020-02-14 16:40:59,859 ====> Recall@15: 0.7417
2020-02-14 16:40:59,859 ====> Recall@20: 0.7533
2020-02-14 16:40:59,859 ====> Recall@25: 0.7652
2020-02-14 16:40:59,973 ====> Building Cache
2020-02-14 16:40:59,974 feature cache--->>> /home/annora/NetVLAD/output/train_feat_cache0.hdf5
2020-02-14 16:42:16,336 Allocated:30.78076171875 MB
2020-02-14 16:42:16,336 Cached:4189.75 MB
2020-02-14 16:42:50,968 ==> Epoch[12](50/553): Loss: 0.1389
2020-02-14 16:42:50,969 Allocated:32.78076171875 MB
2020-02-14 16:42:50,970 Cached:4194.75 MB
2020-02-14 16:42:59,886 ==> Epoch[12](100/553): Loss: 0.0000
2020-02-14 16:42:59,888 Allocated:32.78076171875 MB
2020-02-14 16:42:59,888 Cached:4194.75 MB
2020-02-14 16:43:07,797 ==> Epoch[12](150/553): Loss: 0.0132
2020-02-14 16:43:07,799 Allocated:32.78076171875 MB
2020-02-14 16:43:07,799 Cached:4194.75 MB
2020-02-14 16:43:14,602 ====> Building Cache
2020-02-14 16:43:14,603 feature cache--->>> /home/annora/NetVLAD/output/train_feat_cache0.hdf5
2020-02-14 16:44:34,206 Allocated:32.7802734375 MB
2020-02-14 16:44:34,206 Cached:2863.5 MB
2020-02-14 16:45:07,597 ==> Epoch[12](200/553): Loss: 0.1449
2020-02-14 16:45:07,599 Allocated:32.78076171875 MB
2020-02-14 16:45:07,599 Cached:2863.5 MB
2020-02-14 16:45:21,798 ==> Epoch[12](250/553): Loss: 0.1120
2020-02-14 16:45:21,800 Allocated:32.78076171875 MB
2020-02-14 16:45:21,800 Cached:2867.5 MB
2020-02-14 16:45:36,078 ==> Epoch[12](300/553): Loss: 0.0107
2020-02-14 16:45:36,080 Allocated:32.78076171875 MB
2020-02-14 16:45:36,080 Cached:2867.5 MB
2020-02-14 16:45:48,913 ==> Epoch[12](350/553): Loss: 0.1733
2020-02-14 16:45:48,915 Allocated:32.78076171875 MB
2020-02-14 16:45:48,915 Cached:2867.5 MB
2020-02-14 16:45:54,222 ====> Building Cache
2020-02-14 16:45:54,222 feature cache--->>> /home/annora/NetVLAD/output/train_feat_cache0.hdf5
2020-02-14 16:47:10,831 Allocated:32.7802734375 MB
2020-02-14 16:47:10,832 Cached:2862.5 MB
2020-02-14 16:47:54,450 ==> Epoch[12](400/553): Loss: 0.0626
2020-02-14 16:47:54,452 Allocated:32.78076171875 MB
2020-02-14 16:47:54,452 Cached:5275.875 MB
2020-02-14 16:48:16,240 ==> Epoch[12](450/553): Loss: 0.0073
2020-02-14 16:48:16,242 Allocated:32.78076171875 MB
2020-02-14 16:48:16,242 Cached:6516.0 MB
2020-02-14 16:48:41,020 ==> Epoch[12](500/553): Loss: 0.0123
2020-02-14 16:48:41,022 Allocated:32.78076171875 MB
2020-02-14 16:48:41,022 Cached:6517.0 MB
2020-02-14 16:49:01,566 ==> Epoch[12](550/553): Loss: 0.0048
2020-02-14 16:49:01,568 Allocated:32.78076171875 MB
2020-02-14 16:49:01,568 Cached:6517.0 MB
2020-02-14 16:49:02,791 ===> Epoch 12 Complete: Avg. Loss: 0.0525
2020-02-14 16:49:02,792 ====> Extracting Features
2020-02-14 16:49:37,105 ==> Batch (50/108)
2020-02-14 16:49:58,638 ==> Batch (100/108)
2020-02-14 16:50:02,334 ====> Building faiss index
2020-02-14 16:50:02,336 ====> Calculating recall @ N
2020-02-14 16:50:02,827 ====> Recall@1: 0.5988
2020-02-14 16:50:02,827 ====> Recall@2: 0.6386
2020-02-14 16:50:02,828 ====> Recall@3: 0.6629
2020-02-14 16:50:02,828 ====> Recall@4: 0.6797
2020-02-14 16:50:02,828 ====> Recall@5: 0.6936
2020-02-14 16:50:02,828 ====> Recall@10: 0.7287
2020-02-14 16:50:02,829 ====> Recall@15: 0.7449
2020-02-14 16:50:02,829 ====> Recall@20: 0.7559
2020-02-14 16:50:02,829 ====> Recall@25: 0.7635
2020-02-14 16:50:02,890 ====> Building Cache
2020-02-14 16:50:02,890 feature cache--->>> /home/annora/NetVLAD/output/train_feat_cache0.hdf5
2020-02-14 16:51:23,486 Allocated:30.78076171875 MB
2020-02-14 16:51:23,486 Cached:4189.75 MB
2020-02-14 16:51:59,661 ==> Epoch[13](50/553): Loss: 0.1025
2020-02-14 16:51:59,662 Allocated:32.78076171875 MB
2020-02-14 16:51:59,663 Cached:4194.75 MB
2020-02-14 16:52:07,987 ==> Epoch[13](100/553): Loss: 0.0193
2020-02-14 16:52:07,988 Allocated:32.78076171875 MB
2020-02-14 16:52:07,988 Cached:4194.75 MB
2020-02-14 16:52:17,389 ==> Epoch[13](150/553): Loss: 0.0068
2020-02-14 16:52:17,390 Allocated:32.78076171875 MB
2020-02-14 16:52:17,391 Cached:4194.75 MB
2020-02-14 16:52:23,135 ====> Building Cache
2020-02-14 16:52:23,135 feature cache--->>> /home/annora/NetVLAD/output/train_feat_cache0.hdf5
2020-02-14 16:53:43,677 Allocated:32.7802734375 MB
2020-02-14 16:53:43,678 Cached:2862.5 MB
2020-02-14 16:54:15,804 ==> Epoch[13](200/553): Loss: 0.2558
2020-02-14 16:54:15,805 Allocated:32.78076171875 MB
2020-02-14 16:54:15,806 Cached:2862.5 MB
2020-02-14 16:54:29,151 ==> Epoch[13](250/553): Loss: 0.0768
2020-02-14 16:54:29,152 Allocated:32.78076171875 MB
2020-02-14 16:54:29,153 Cached:4019.75 MB
2020-02-14 16:54:43,215 ==> Epoch[13](300/553): Loss: 0.0114
2020-02-14 16:54:43,217 Allocated:32.78076171875 MB
2020-02-14 16:54:43,217 Cached:4019.75 MB
2020-02-14 16:54:56,421 ==> Epoch[13](350/553): Loss: 0.0103
2020-02-14 16:54:56,422 Allocated:32.78076171875 MB
2020-02-14 16:54:56,422 Cached:4019.75 MB
2020-02-14 16:55:01,128 ====> Building Cache
2020-02-14 16:55:01,128 feature cache--->>> /home/annora/NetVLAD/output/train_feat_cache0.hdf5
2020-02-14 16:56:21,579 Allocated:32.7802734375 MB
2020-02-14 16:56:21,580 Cached:2862.5 MB
2020-02-14 16:57:04,867 ==> Epoch[13](400/553): Loss: 0.0581
2020-02-14 16:57:04,869 Allocated:32.78076171875 MB
2020-02-14 16:57:04,869 Cached:8648.875 MB
2020-02-14 16:57:25,252 ==> Epoch[13](450/553): Loss: 0.0108
2020-02-14 16:57:25,253 Allocated:32.78076171875 MB
2020-02-14 16:57:25,254 Cached:3470.5 MB
2020-02-14 16:57:48,373 ==> Epoch[13](500/553): Loss: 0.0147
2020-02-14 16:57:48,374 Allocated:32.78076171875 MB
2020-02-14 16:57:48,375 Cached:3470.5 MB
2020-02-14 16:58:08,304 ==> Epoch[13](550/553): Loss: 0.0096
2020-02-14 16:58:08,305 Allocated:32.78076171875 MB
2020-02-14 16:58:08,306 Cached:3470.5 MB
2020-02-14 16:58:10,973 ===> Epoch 13 Complete: Avg. Loss: 0.0438
2020-02-14 16:58:10,974 ====> Extracting Features
2020-02-14 16:58:43,799 ==> Batch (50/108)
2020-02-14 16:59:04,399 ==> Batch (100/108)
2020-02-14 16:59:08,053 ====> Building faiss index
2020-02-14 16:59:08,055 ====> Calculating recall @ N
2020-02-14 16:59:08,517 ====> Recall@1: 0.5617
2020-02-14 16:59:08,518 ====> Recall@2: 0.6174
2020-02-14 16:59:08,518 ====> Recall@3: 0.6496
2020-02-14 16:59:08,519 ====> Recall@4: 0.6693
2020-02-14 16:59:08,519 ====> Recall@5: 0.6786
2020-02-14 16:59:08,519 ====> Recall@10: 0.7258
2020-02-14 16:59:08,519 ====> Recall@15: 0.7458
2020-02-14 16:59:08,519 ====> Recall@20: 0.7600
2020-02-14 16:59:08,519 ====> Recall@25: 0.7690
2020-02-14 16:59:08,578 ====> Building Cache
2020-02-14 16:59:08,579 feature cache--->>> /home/annora/NetVLAD/output/train_feat_cache0.hdf5
2020-02-14 17:00:31,379 Allocated:30.78076171875 MB
2020-02-14 17:00:31,379 Cached:4189.75 MB
2020-02-14 17:01:07,977 ==> Epoch[14](50/553): Loss: 0.0000
2020-02-14 17:01:07,979 Allocated:32.78076171875 MB
2020-02-14 17:01:07,980 Cached:4194.75 MB
2020-02-14 17:01:16,414 ==> Epoch[14](100/553): Loss: 0.0000
2020-02-14 17:01:16,416 Allocated:32.78076171875 MB
2020-02-14 17:01:16,416 Cached:4194.75 MB
2020-02-14 17:01:25,348 ==> Epoch[14](150/553): Loss: 0.0000
2020-02-14 17:01:25,349 Allocated:32.78076171875 MB
2020-02-14 17:01:25,349 Cached:4194.75 MB
2020-02-14 17:01:31,108 ====> Building Cache
2020-02-14 17:01:31,108 feature cache--->>> /home/annora/NetVLAD/output/train_feat_cache0.hdf5
2020-02-14 17:02:47,808 Allocated:32.7802734375 MB
2020-02-14 17:02:47,808 Cached:2862.5 MB
2020-02-14 17:03:19,623 ==> Epoch[14](200/553): Loss: 0.1272
2020-02-14 17:03:19,625 Allocated:32.78076171875 MB
2020-02-14 17:03:19,625 Cached:2862.5 MB
2020-02-14 17:03:33,044 ==> Epoch[14](250/553): Loss: 0.0235
2020-02-14 17:03:33,046 Allocated:32.78076171875 MB
2020-02-14 17:03:33,046 Cached:2863.5 MB
2020-02-14 17:03:46,615 ==> Epoch[14](300/553): Loss: 0.0786
2020-02-14 17:03:46,617 Allocated:32.78076171875 MB
2020-02-14 17:03:46,617 Cached:2863.5 MB
2020-02-14 17:03:59,230 ==> Epoch[14](350/553): Loss: 0.0069
2020-02-14 17:03:59,232 Allocated:32.78076171875 MB
2020-02-14 17:03:59,232 Cached:2863.5 MB
2020-02-14 17:04:04,837 ====> Building Cache
2020-02-14 17:04:04,838 feature cache--->>> /home/annora/NetVLAD/output/train_feat_cache0.hdf5
2020-02-14 17:05:34,167 Allocated:32.7802734375 MB
2020-02-14 17:05:34,167 Cached:2862.5 MB
2020-02-14 17:06:16,022 ==> Epoch[14](400/553): Loss: 0.0065
2020-02-14 17:06:16,024 Allocated:32.78076171875 MB
2020-02-14 17:06:16,025 Cached:5196.25 MB
2020-02-14 17:06:35,329 ==> Epoch[14](450/553): Loss: 0.0137
2020-02-14 17:06:35,331 Allocated:32.78076171875 MB
2020-02-14 17:06:35,331 Cached:5196.25 MB
2020-02-14 17:06:55,389 ==> Epoch[14](500/553): Loss: 0.0341
2020-02-14 17:06:55,392 Allocated:32.78076171875 MB
2020-02-14 17:06:55,392 Cached:5196.25 MB
2020-02-14 17:07:13,528 ==> Epoch[14](550/553): Loss: 0.0014
2020-02-14 17:07:13,529 Allocated:32.78076171875 MB
2020-02-14 17:07:13,529 Cached:5196.25 MB
2020-02-14 17:07:14,604 ===> Epoch 14 Complete: Avg. Loss: 0.0357
2020-02-14 17:07:14,606 ====> Extracting Features
2020-02-14 17:07:50,568 ==> Batch (50/108)
2020-02-14 17:08:11,175 ==> Batch (100/108)
2020-02-14 17:08:14,452 ====> Building faiss index
2020-02-14 17:08:14,454 ====> Calculating recall @ N
2020-02-14 17:08:14,896 ====> Recall@1: 0.6168
2020-02-14 17:08:14,897 ====> Recall@2: 0.6530
2020-02-14 17:08:14,897 ====> Recall@3: 0.6696
2020-02-14 17:08:14,898 ====> Recall@4: 0.6809
2020-02-14 17:08:14,898 ====> Recall@5: 0.6901
2020-02-14 17:08:14,898 ====> Recall@10: 0.7316
2020-02-14 17:08:14,898 ====> Recall@15: 0.7475
2020-02-14 17:08:14,898 ====> Recall@20: 0.7571
2020-02-14 17:08:14,899 ====> Recall@25: 0.7678
2020-02-14 17:08:14,957 ====> Building Cache
2020-02-14 17:08:14,957 feature cache--->>> /home/annora/NetVLAD/output/train_feat_cache0.hdf5
2020-02-14 17:09:30,755 Allocated:30.78076171875 MB
2020-02-14 17:09:30,756 Cached:4189.75 MB
2020-02-14 17:10:06,688 ==> Epoch[15](50/553): Loss: 0.0000
2020-02-14 17:10:06,689 Allocated:32.78076171875 MB
2020-02-14 17:10:06,690 Cached:4194.75 MB
2020-02-14 17:10:16,317 ==> Epoch[15](100/553): Loss: 0.0000
2020-02-14 17:10:16,318 Allocated:32.78076171875 MB
2020-02-14 17:10:16,318 Cached:4194.75 MB
2020-02-14 17:10:31,073 ====> Building Cache
2020-02-14 17:10:31,074 feature cache--->>> /home/annora/NetVLAD/output/train_feat_cache0.hdf5
2020-02-14 17:11:49,397 Allocated:32.7802734375 MB
2020-02-14 17:11:49,398 Cached:2862.5 MB
2020-02-14 17:12:20,821 ==> Epoch[15](200/553): Loss: 0.1603
2020-02-14 17:12:20,822 Allocated:32.78076171875 MB
2020-02-14 17:12:20,822 Cached:2862.5 MB
2020-02-14 17:12:30,770 ==> Epoch[15](250/553): Loss: 0.0430
2020-02-14 17:12:30,771 Allocated:32.78076171875 MB
2020-02-14 17:12:30,771 Cached:2864.5 MB
2020-02-14 17:12:42,710 ==> Epoch[15](300/553): Loss: 0.0382
2020-02-14 17:12:42,711 Allocated:32.78076171875 MB
2020-02-14 17:12:42,712 Cached:2867.5 MB
2020-02-14 17:12:55,241 ==> Epoch[15](350/553): Loss: 0.0164
2020-02-14 17:12:55,242 Allocated:32.78076171875 MB
2020-02-14 17:12:55,242 Cached:2867.5 MB
2020-02-14 17:12:59,603 ====> Building Cache
2020-02-14 17:12:59,603 feature cache--->>> /home/annora/NetVLAD/output/train_feat_cache0.hdf5
2020-02-14 17:14:19,704 Allocated:32.7802734375 MB
2020-02-14 17:14:19,704 Cached:2862.5 MB
2020-02-14 17:15:00,369 ==> Epoch[15](400/553): Loss: 0.0081
2020-02-14 17:15:00,371 Allocated:32.78076171875 MB
2020-02-14 17:15:00,372 Cached:4007.0 MB
2020-02-14 17:15:16,472 ==> Epoch[15](450/553): Loss: 0.0256
2020-02-14 17:15:16,473 Allocated:32.78076171875 MB
2020-02-14 17:15:16,474 Cached:4007.0 MB
2020-02-14 17:15:31,922 ==> Epoch[15](500/553): Loss: 0.0000
2020-02-14 17:15:31,924 Allocated:32.78076171875 MB
2020-02-14 17:15:31,924 Cached:4007.0 MB
2020-02-14 17:15:46,969 ==> Epoch[15](550/553): Loss: 0.0083
2020-02-14 17:15:46,971 Allocated:32.78076171875 MB
2020-02-14 17:15:46,971 Cached:4007.0 MB
2020-02-14 17:15:49,489 ===> Epoch 15 Complete: Avg. Loss: 0.0401
2020-02-14 17:15:49,490 ====> Extracting Features
2020-02-14 17:16:23,456 ==> Batch (50/108)
2020-02-14 17:16:43,901 ==> Batch (100/108)
2020-02-14 17:16:46,612 ====> Building faiss index
2020-02-14 17:16:46,614 ====> Calculating recall @ N
2020-02-14 17:16:47,278 ====> Recall@1: 0.5855
2020-02-14 17:16:47,278 ====> Recall@2: 0.6319
2020-02-14 17:16:47,279 ====> Recall@3: 0.6670
2020-02-14 17:16:47,281 ====> Recall@4: 0.6887
2020-02-14 17:16:47,281 ====> Recall@5: 0.6980
2020-02-14 17:16:47,281 ====> Recall@10: 0.7330
2020-02-14 17:16:47,281 ====> Recall@15: 0.7487
2020-02-14 17:16:47,282 ====> Recall@20: 0.7667
2020-02-14 17:16:47,282 ====> Recall@25: 0.7786
2020-02-14 17:16:47,407 ====> Building Cache
2020-02-14 17:16:47,407 feature cache--->>> /home/annora/NetVLAD/output/train_feat_cache0.hdf5
2020-02-14 17:18:09,414 Allocated:30.78076171875 MB
2020-02-14 17:18:09,415 Cached:4189.75 MB
2020-02-14 17:18:44,253 ==> Epoch[16](50/553): Loss: 0.0504
2020-02-14 17:18:44,254 Allocated:32.78076171875 MB
2020-02-14 17:18:44,254 Cached:4194.75 MB
2020-02-14 17:18:50,908 ==> Epoch[16](100/553): Loss: 0.0000
2020-02-14 17:18:50,910 Allocated:32.78076171875 MB
2020-02-14 17:18:50,910 Cached:4194.75 MB
2020-02-14 17:18:58,571 ==> Epoch[16](150/553): Loss: 0.0000
2020-02-14 17:18:58,572 Allocated:32.78076171875 MB
2020-02-14 17:18:58,572 Cached:4194.75 MB
2020-02-14 17:19:03,637 ====> Building Cache
2020-02-14 17:19:03,637 feature cache--->>> /home/annora/NetVLAD/output/train_feat_cache0.hdf5
2020-02-14 17:20:20,504 Allocated:32.7802734375 MB
2020-02-14 17:20:20,505 Cached:2862.5 MB
2020-02-14 17:20:52,570 ==> Epoch[16](200/553): Loss: 0.0146
2020-02-14 17:20:52,572 Allocated:32.78076171875 MB
2020-02-14 17:20:52,572 Cached:2862.5 MB
2020-02-14 17:21:05,552 ==> Epoch[16](250/553): Loss: 0.0805
2020-02-14 17:21:05,554 Allocated:32.78076171875 MB
2020-02-14 17:21:05,554 Cached:2862.5 MB
2020-02-14 17:21:19,747 ==> Epoch[16](300/553): Loss: 0.0127
2020-02-14 17:21:19,749 Allocated:32.78076171875 MB
2020-02-14 17:21:19,749 Cached:2862.5 MB
2020-02-14 17:21:32,089 ==> Epoch[16](350/553): Loss: 0.0021
2020-02-14 17:21:32,091 Allocated:32.78076171875 MB
2020-02-14 17:21:32,091 Cached:2862.5 MB
2020-02-14 17:21:36,555 ====> Building Cache
2020-02-14 17:21:36,556 feature cache--->>> /home/annora/NetVLAD/output/train_feat_cache0.hdf5
2020-02-14 17:23:00,722 Allocated:32.7802734375 MB
2020-02-14 17:23:00,722 Cached:2862.5 MB
2020-02-14 17:23:36,741 ==> Epoch[16](400/553): Loss: 0.0511
2020-02-14 17:23:36,743 Allocated:32.78076171875 MB
2020-02-14 17:23:36,743 Cached:2862.5 MB
2020-02-14 17:23:52,057 ==> Epoch[16](450/553): Loss: 0.0656
2020-02-14 17:23:52,059 Allocated:32.78076171875 MB
2020-02-14 17:23:52,059 Cached:2867.5 MB
2020-02-14 17:24:07,460 ==> Epoch[16](500/553): Loss: 0.0068
2020-02-14 17:24:07,461 Allocated:32.78076171875 MB
2020-02-14 17:24:07,462 Cached:2867.5 MB
2020-02-14 17:24:19,268 ==> Epoch[16](550/553): Loss: 0.0225
2020-02-14 17:24:19,269 Allocated:32.78076171875 MB
2020-02-14 17:24:19,269 Cached:2867.5 MB
2020-02-14 17:24:20,771 ===> Epoch 16 Complete: Avg. Loss: 0.0323
2020-02-14 17:24:20,772 ====> Extracting Features
2020-02-14 17:24:56,441 ==> Batch (50/108)
2020-02-14 17:25:16,835 ==> Batch (100/108)
2020-02-14 17:25:20,407 ====> Building faiss index
2020-02-14 17:25:20,409 ====> Calculating recall @ N
2020-02-14 17:25:20,840 ====> Recall@1: 0.6020
2020-02-14 17:25:20,840 ====> Recall@2: 0.6443
2020-02-14 17:25:20,841 ====> Recall@3: 0.6754
2020-02-14 17:25:20,841 ====> Recall@4: 0.6878
2020-02-14 17:25:20,841 ====> Recall@5: 0.6997
2020-02-14 17:25:20,841 ====> Recall@10: 0.7400
2020-02-14 17:25:20,841 ====> Recall@15: 0.7542
2020-02-14 17:25:20,842 ====> Recall@20: 0.7664
2020-02-14 17:25:20,842 ====> Recall@25: 0.7751
2020-02-14 17:25:20,963 ====> Building Cache
2020-02-14 17:25:20,963 feature cache--->>> /home/annora/NetVLAD/output/train_feat_cache0.hdf5
2020-02-14 17:26:37,660 Allocated:30.78076171875 MB
2020-02-14 17:26:37,660 Cached:4189.75 MB
2020-02-14 17:27:12,066 ==> Epoch[17](50/553): Loss: 0.2075
2020-02-14 17:27:12,068 Allocated:32.78076171875 MB
2020-02-14 17:27:12,068 Cached:4194.75 MB
2020-02-14 17:27:19,462 ==> Epoch[17](100/553): Loss: 0.0037
2020-02-14 17:27:19,463 Allocated:32.78076171875 MB
2020-02-14 17:27:19,463 Cached:4194.75 MB
2020-02-14 17:27:25,007 ==> Epoch[17](150/553): Loss: 0.0148
2020-02-14 17:27:25,009 Allocated:32.78076171875 MB
2020-02-14 17:27:25,009 Cached:4194.75 MB
2020-02-14 17:27:29,439 ====> Building Cache
2020-02-14 17:27:29,440 feature cache--->>> /home/annora/NetVLAD/output/train_feat_cache0.hdf5
2020-02-14 17:28:48,093 Allocated:32.7802734375 MB
2020-02-14 17:28:48,094 Cached:2862.5 MB
2020-02-14 17:29:20,850 ==> Epoch[17](200/553): Loss: 0.0966
2020-02-14 17:29:20,852 Allocated:32.78076171875 MB
2020-02-14 17:29:20,852 Cached:2867.5 MB
2020-02-14 17:29:32,814 ==> Epoch[17](250/553): Loss: 0.0009
2020-02-14 17:29:32,815 Allocated:32.78076171875 MB
2020-02-14 17:29:32,816 Cached:2867.5 MB
2020-02-14 17:29:44,524 ==> Epoch[17](300/553): Loss: 0.0000
2020-02-14 17:29:44,526 Allocated:32.78076171875 MB
2020-02-14 17:29:44,526 Cached:2867.5 MB
2020-02-14 17:29:57,612 ==> Epoch[17](350/553): Loss: 0.0889
2020-02-14 17:29:57,614 Allocated:32.78076171875 MB
2020-02-14 17:29:57,614 Cached:2867.5 MB
2020-02-14 17:30:01,697 ====> Building Cache
2020-02-14 17:30:01,698 feature cache--->>> /home/annora/NetVLAD/output/train_feat_cache0.hdf5
2020-02-14 17:31:29,548 Allocated:32.7802734375 MB
2020-02-14 17:31:29,548 Cached:2862.5 MB
2020-02-14 17:32:07,657 ==> Epoch[17](400/553): Loss: 0.0123
2020-02-14 17:32:07,658 Allocated:32.78076171875 MB
2020-02-14 17:32:07,659 Cached:2862.5 MB
2020-02-14 17:32:20,995 ==> Epoch[17](450/553): Loss: 0.0000
2020-02-14 17:32:20,996 Allocated:32.78076171875 MB
2020-02-14 17:32:20,997 Cached:2862.5 MB
2020-02-14 17:32:37,177 ==> Epoch[17](500/553): Loss: 0.0018
2020-02-14 17:32:37,179 Allocated:32.78076171875 MB
2020-02-14 17:32:37,179 Cached:2862.5 MB
2020-02-14 17:32:49,936 ==> Epoch[17](550/553): Loss: 0.0032
2020-02-14 17:32:49,938 Allocated:32.78076171875 MB
2020-02-14 17:32:49,938 Cached:2862.5 MB
2020-02-14 17:32:51,726 ===> Epoch 17 Complete: Avg. Loss: 0.0327
2020-02-14 17:32:51,727 ====> Extracting Features
2020-02-14 17:33:25,440 ==> Batch (50/108)
2020-02-14 17:33:46,530 ==> Batch (100/108)
2020-02-14 17:33:50,001 ====> Building faiss index
2020-02-14 17:33:50,003 ====> Calculating recall @ N
2020-02-14 17:33:50,440 ====> Recall@1: 0.6261
2020-02-14 17:33:50,440 ====> Recall@2: 0.6701
2020-02-14 17:33:50,441 ====> Recall@3: 0.7017
2020-02-14 17:33:50,441 ====> Recall@4: 0.7142
2020-02-14 17:33:50,442 ====> Recall@5: 0.7229
2020-02-14 17:33:50,442 ====> Recall@10: 0.7484
2020-02-14 17:33:50,442 ====> Recall@15: 0.7629
2020-02-14 17:33:50,442 ====> Recall@20: 0.7780
2020-02-14 17:33:50,442 ====> Recall@25: 0.7864
2020-02-14 17:33:50,555 ====> Building Cache
2020-02-14 17:33:50,555 feature cache--->>> /home/annora/NetVLAD/output/train_feat_cache0.hdf5
2020-02-14 17:35:07,899 Allocated:30.78076171875 MB
2020-02-14 17:35:07,900 Cached:4189.75 MB
2020-02-14 17:35:42,131 ==> Epoch[18](50/553): Loss: 0.0000
2020-02-14 17:35:42,132 Allocated:32.78076171875 MB
2020-02-14 17:35:42,133 Cached:4194.75 MB
2020-02-14 17:35:48,301 ==> Epoch[18](100/553): Loss: 0.0000
2020-02-14 17:35:48,302 Allocated:32.78076171875 MB
2020-02-14 17:35:48,302 Cached:4194.75 MB
2020-02-14 17:35:54,621 ==> Epoch[18](150/553): Loss: 0.0000
2020-02-14 17:35:54,622 Allocated:32.78076171875 MB
2020-02-14 17:35:54,622 Cached:4194.75 MB
2020-02-14 17:36:00,319 ====> Building Cache
2020-02-14 17:36:00,319 feature cache--->>> /home/annora/NetVLAD/output/train_feat_cache0.hdf5
2020-02-14 17:37:24,403 Allocated:32.7802734375 MB
2020-02-14 17:37:24,403 Cached:2862.5 MB
2020-02-14 17:37:54,288 ==> Epoch[18](200/553): Loss: 0.0000
2020-02-14 17:37:54,290 Allocated:32.78076171875 MB
2020-02-14 17:37:54,290 Cached:2862.5 MB
2020-02-14 17:38:06,184 ==> Epoch[18](250/553): Loss: 0.0352
2020-02-14 17:38:06,186 Allocated:32.78076171875 MB
2020-02-14 17:38:06,186 Cached:2867.5 MB
2020-02-14 17:38:15,167 ==> Epoch[18](300/553): Loss: 0.0300
2020-02-14 17:38:15,169 Allocated:32.78076171875 MB
2020-02-14 17:38:15,169 Cached:2867.5 MB
2020-02-14 17:38:25,829 ==> Epoch[18](350/553): Loss: 0.0618
2020-02-14 17:38:25,831 Allocated:32.78076171875 MB
2020-02-14 17:38:25,831 Cached:2867.5 MB
2020-02-14 17:38:28,760 ====> Building Cache
2020-02-14 17:38:28,761 feature cache--->>> /home/annora/NetVLAD/output/train_feat_cache0.hdf5
2020-02-14 17:39:45,973 Allocated:32.7802734375 MB
2020-02-14 17:39:45,973 Cached:2863.5 MB
2020-02-14 17:40:23,381 ==> Epoch[18](400/553): Loss: 0.0073
2020-02-14 17:40:23,383 Allocated:32.78076171875 MB
2020-02-14 17:40:23,383 Cached:2863.5 MB
2020-02-14 17:40:37,121 ==> Epoch[18](450/553): Loss: 0.0312
2020-02-14 17:40:37,123 Allocated:32.78076171875 MB
2020-02-14 17:40:37,123 Cached:2863.5 MB
2020-02-14 17:40:50,893 ==> Epoch[18](500/553): Loss: 0.0027
2020-02-14 17:40:50,895 Allocated:32.78076171875 MB
2020-02-14 17:40:50,895 Cached:2863.5 MB
2020-02-14 17:41:05,240 ==> Epoch[18](550/553): Loss: 0.0029
2020-02-14 17:41:05,242 Allocated:32.78076171875 MB
2020-02-14 17:41:05,242 Cached:2863.5 MB
2020-02-14 17:41:07,084 ===> Epoch 18 Complete: Avg. Loss: 0.0302
2020-02-14 17:41:07,085 ====> Extracting Features
2020-02-14 17:41:40,728 ==> Batch (50/108)
2020-02-14 17:42:02,154 ==> Batch (100/108)
2020-02-14 17:42:05,033 ====> Building faiss index
2020-02-14 17:42:05,035 ====> Calculating recall @ N
2020-02-14 17:42:05,528 ====> Recall@1: 0.6058
2020-02-14 17:42:05,529 ====> Recall@2: 0.6519
2020-02-14 17:42:05,529 ====> Recall@3: 0.6748
2020-02-14 17:42:05,530 ====> Recall@4: 0.6899
2020-02-14 17:42:05,530 ====> Recall@5: 0.7032
2020-02-14 17:42:05,530 ====> Recall@10: 0.7316
2020-02-14 17:42:05,531 ====> Recall@15: 0.7455
2020-02-14 17:42:05,531 ====> Recall@20: 0.7574
2020-02-14 17:42:05,531 ====> Recall@25: 0.7672
2020-02-14 17:42:05,589 ====> Building Cache
2020-02-14 17:42:05,589 feature cache--->>> /home/annora/NetVLAD/output/train_feat_cache0.hdf5
2020-02-14 17:43:24,146 Allocated:30.78076171875 MB
2020-02-14 17:43:24,146 Cached:4189.75 MB
2020-02-14 17:44:03,270 ==> Epoch[19](50/553): Loss: 0.0000
2020-02-14 17:44:03,272 Allocated:32.78076171875 MB
2020-02-14 17:44:03,272 Cached:4194.75 MB
2020-02-14 17:44:17,476 ==> Epoch[19](150/553): Loss: 0.0000
2020-02-14 17:44:17,476 Allocated:32.78076171875 MB
2020-02-14 17:44:17,477 Cached:4194.75 MB
2020-02-14 17:44:22,370 ====> Building Cache
2020-02-14 17:44:22,371 feature cache--->>> /home/annora/NetVLAD/output/train_feat_cache0.hdf5
2020-02-14 17:45:39,544 Allocated:32.7802734375 MB
2020-02-14 17:45:39,544 Cached:2862.5 MB
2020-02-14 17:46:10,851 ==> Epoch[19](200/553): Loss: 0.1548
2020-02-14 17:46:10,853 Allocated:32.78076171875 MB
2020-02-14 17:46:10,853 Cached:2862.5 MB
2020-02-14 17:46:21,323 ==> Epoch[19](250/553): Loss: 0.0233
2020-02-14 17:46:21,325 Allocated:32.78076171875 MB
2020-02-14 17:46:21,325 Cached:2867.5 MB
2020-02-14 17:46:31,907 ==> Epoch[19](300/553): Loss: 0.0079
2020-02-14 17:46:31,909 Allocated:32.78076171875 MB
2020-02-14 17:46:31,909 Cached:2867.5 MB
2020-02-14 17:46:41,521 ==> Epoch[19](350/553): Loss: 0.0777
2020-02-14 17:46:41,522 Allocated:32.78076171875 MB
2020-02-14 17:46:41,523 Cached:2867.5 MB
2020-02-14 17:46:45,505 ====> Building Cache
2020-02-14 17:46:45,506 feature cache--->>> /home/annora/NetVLAD/output/train_feat_cache0.hdf5
2020-02-14 17:48:01,847 Allocated:32.7802734375 MB
2020-02-14 17:48:01,847 Cached:2862.5 MB
2020-02-14 17:48:38,832 ==> Epoch[19](400/553): Loss: 0.0000
2020-02-14 17:48:38,834 Allocated:32.78076171875 MB
2020-02-14 17:48:38,834 Cached:2862.5 MB
2020-02-14 17:48:51,671 ==> Epoch[19](450/553): Loss: 0.0365
2020-02-14 17:48:51,673 Allocated:32.78076171875 MB
2020-02-14 17:48:51,673 Cached:2862.5 MB
2020-02-14 17:49:06,301 ==> Epoch[19](500/553): Loss: 0.0000
2020-02-14 17:49:06,303 Allocated:32.78076171875 MB
2020-02-14 17:49:06,303 Cached:2862.5 MB
2020-02-14 17:49:19,296 ==> Epoch[19](550/553): Loss: 0.0000
2020-02-14 17:49:19,297 Allocated:32.78076171875 MB
2020-02-14 17:49:19,298 Cached:2862.5 MB
2020-02-14 17:49:20,156 ===> Epoch 19 Complete: Avg. Loss: 0.0272
2020-02-14 17:49:20,157 ====> Extracting Features
2020-02-14 17:49:57,489 ==> Batch (50/108)
2020-02-14 17:50:20,013 ==> Batch (100/108)
2020-02-14 17:50:23,915 ====> Building faiss index
2020-02-14 17:50:23,917 ====> Calculating recall @ N
2020-02-14 17:50:24,404 ====> Recall@1: 0.6072
2020-02-14 17:50:24,404 ====> Recall@2: 0.6614
2020-02-14 17:50:24,405 ====> Recall@3: 0.6780
2020-02-14 17:50:24,405 ====> Recall@4: 0.6925
2020-02-14 17:50:24,405 ====> Recall@5: 0.7029
2020-02-14 17:50:24,406 ====> Recall@10: 0.7359
2020-02-14 17:50:24,406 ====> Recall@15: 0.7510
2020-02-14 17:50:24,406 ====> Recall@20: 0.7632
2020-02-14 17:50:24,406 ====> Recall@25: 0.7754
2020-02-14 17:50:24,471 ====> Building Cache
2020-02-14 17:50:24,471 feature cache--->>> /home/annora/NetVLAD/output/train_feat_cache0.hdf5
2020-02-14 17:51:47,337 Allocated:30.78076171875 MB
2020-02-14 17:51:47,337 Cached:4189.75 MB
2020-02-14 17:52:28,441 ==> Epoch[20](100/553): Loss: 0.0000
2020-02-14 17:52:28,443 Allocated:32.78076171875 MB
2020-02-14 17:52:28,444 Cached:4194.75 MB
2020-02-14 17:52:34,926 ==> Epoch[20](150/553): Loss: 0.0000
2020-02-14 17:52:34,927 Allocated:32.78076171875 MB
2020-02-14 17:52:34,927 Cached:4194.75 MB
2020-02-14 17:52:40,797 ====> Building Cache
2020-02-14 17:52:40,797 feature cache--->>> /home/annora/NetVLAD/output/train_feat_cache0.hdf5
2020-02-14 17:53:57,640 Allocated:32.7802734375 MB
2020-02-14 17:53:57,641 Cached:2862.5 MB
2020-02-14 17:54:28,145 ==> Epoch[20](200/553): Loss: 0.0141
2020-02-14 17:54:28,147 Allocated:32.78076171875 MB
2020-02-14 17:54:28,148 Cached:2862.5 MB
2020-02-14 17:54:37,871 ==> Epoch[20](250/553): Loss: 0.0420
2020-02-14 17:54:37,873 Allocated:32.78076171875 MB
2020-02-14 17:54:37,874 Cached:2867.5 MB
2020-02-14 17:54:46,675 ==> Epoch[20](300/553): Loss: 0.0465
2020-02-14 17:54:46,676 Allocated:32.78076171875 MB
2020-02-14 17:54:46,677 Cached:2867.5 MB
2020-02-14 17:55:01,033 ====> Building Cache
2020-02-14 17:55:01,034 feature cache--->>> /home/annora/NetVLAD/output/train_feat_cache0.hdf5
2020-02-14 17:56:20,059 Allocated:32.7802734375 MB
2020-02-14 17:56:20,060 Cached:2862.5 MB
2020-02-14 17:57:00,917 ==> Epoch[20](400/553): Loss: 0.0000
2020-02-14 17:57:00,918 Allocated:32.78076171875 MB
2020-02-14 17:57:00,918 Cached:2867.5 MB
2020-02-14 17:57:12,926 ==> Epoch[20](450/553): Loss: 0.0113
2020-02-14 17:57:12,928 Allocated:32.78076171875 MB
2020-02-14 17:57:12,928 Cached:2867.5 MB
2020-02-14 17:57:25,115 ==> Epoch[20](500/553): Loss: 0.0000
2020-02-14 17:57:25,117 Allocated:32.78076171875 MB
2020-02-14 17:57:25,117 Cached:2867.5 MB
2020-02-14 17:57:35,239 ==> Epoch[20](550/553): Loss: 0.0000
2020-02-14 17:57:35,241 Allocated:32.78076171875 MB
2020-02-14 17:57:35,241 Cached:2867.5 MB
2020-02-14 17:57:35,827 ===> Epoch 20 Complete: Avg. Loss: 0.0243
2020-02-14 17:57:35,828 ====> Extracting Features
2020-02-14 17:58:13,957 ==> Batch (50/108)
2020-02-14 17:58:37,821 ==> Batch (100/108)
2020-02-14 17:58:41,171 ====> Building faiss index
2020-02-14 17:58:41,173 ====> Calculating recall @ N
2020-02-14 17:58:41,707 ====> Recall@1: 0.5971
2020-02-14 17:58:41,708 ====> Recall@2: 0.6649
2020-02-14 17:58:41,708 ====> Recall@3: 0.6849
2020-02-14 17:58:41,709 ====> Recall@4: 0.6957
2020-02-14 17:58:41,709 ====> Recall@5: 0.7070
2020-02-14 17:58:41,709 ====> Recall@10: 0.7391
2020-02-14 17:58:41,709 ====> Recall@15: 0.7606
2020-02-14 17:58:41,709 ====> Recall@20: 0.7716
2020-02-14 17:58:41,710 ====> Recall@25: 0.7780
2020-02-14 17:58:41,771 ====> Building Cache
2020-02-14 17:58:41,772 feature cache--->>> /home/annora/NetVLAD/output/train_feat_cache0.hdf5
2020-02-14 18:00:02,603 Allocated:30.78076171875 MB
2020-02-14 18:00:02,603 Cached:4189.75 MB
2020-02-14 18:00:35,240 ==> Epoch[21](50/553): Loss: 0.0000
2020-02-14 18:00:35,242 Allocated:32.78076171875 MB
2020-02-14 18:00:35,242 Cached:4194.75 MB
2020-02-14 18:00:41,148 ==> Epoch[21](100/553): Loss: 0.0000
2020-02-14 18:00:41,149 Allocated:32.78076171875 MB
2020-02-14 18:00:41,149 Cached:4194.75 MB
2020-02-14 18:00:47,249 ==> Epoch[21](150/553): Loss: 0.0000
2020-02-14 18:00:47,250 Allocated:32.78076171875 MB
2020-02-14 18:00:47,250 Cached:4194.75 MB
2020-02-14 18:00:51,185 ====> Building Cache
2020-02-14 18:00:51,185 feature cache--->>> /home/annora/NetVLAD/output/train_feat_cache0.hdf5
2020-02-14 18:02:07,476 Allocated:32.7802734375 MB
2020-02-14 18:02:07,476 Cached:2862.5 MB
2020-02-14 18:02:38,623 ==> Epoch[21](200/553): Loss: 0.0299
2020-02-14 18:02:38,624 Allocated:32.78076171875 MB
2020-02-14 18:02:38,624 Cached:2862.5 MB
2020-02-14 18:02:50,214 ==> Epoch[21](250/553): Loss: 0.0076
2020-02-14 18:02:50,215 Allocated:32.78076171875 MB
2020-02-14 18:02:50,215 Cached:2867.5 MB
2020-02-14 18:02:59,355 ==> Epoch[21](300/553): Loss: 0.0215
2020-02-14 18:02:59,356 Allocated:32.78076171875 MB
2020-02-14 18:02:59,356 Cached:2867.5 MB
2020-02-14 18:03:10,389 ==> Epoch[21](350/553): Loss: 0.0278
2020-02-14 18:03:10,390 Allocated:32.78076171875 MB
2020-02-14 18:03:10,390 Cached:2867.5 MB
2020-02-14 18:03:13,173 ====> Building Cache
2020-02-14 18:03:13,174 feature cache--->>> /home/annora/NetVLAD/output/train_feat_cache0.hdf5
2020-02-14 18:04:32,049 Allocated:32.7802734375 MB
2020-02-14 18:04:32,050 Cached:2862.5 MB
2020-02-14 18:05:05,151 ==> Epoch[21](400/553): Loss: 0.0399
2020-02-14 18:05:05,152 Allocated:32.78076171875 MB
2020-02-14 18:05:05,152 Cached:2867.5 MB
2020-02-14 18:05:16,849 ==> Epoch[21](450/553): Loss: 0.0179
2020-02-14 18:05:16,850 Allocated:32.78076171875 MB
2020-02-14 18:05:16,851 Cached:2867.5 MB
2020-02-14 18:05:26,381 ==> Epoch[21](500/553): Loss: 0.0249
2020-02-14 18:05:26,383 Allocated:32.78076171875 MB
2020-02-14 18:05:26,383 Cached:2867.5 MB
2020-02-14 18:05:36,169 ==> Epoch[21](550/553): Loss: 0.0000
2020-02-14 18:05:36,171 Allocated:32.78076171875 MB
2020-02-14 18:05:36,171 Cached:2867.5 MB
2020-02-14 18:05:37,240 ===> Epoch 21 Complete: Avg. Loss: 0.0235
2020-02-14 18:05:37,241 ====> Extracting Features
2020-02-14 18:06:16,624 ==> Batch (50/108)
2020-02-14 18:06:37,851 ==> Batch (100/108)
2020-02-14 18:06:41,473 ====> Building faiss index
2020-02-14 18:06:41,475 ====> Calculating recall @ N
2020-02-14 18:06:42,071 ====> Recall@1: 0.6122
2020-02-14 18:06:42,072 ====> Recall@2: 0.6559
2020-02-14 18:06:42,072 ====> Recall@3: 0.6713
2020-02-14 18:06:42,073 ====> Recall@4: 0.6861
2020-02-14 18:06:42,073 ====> Recall@5: 0.6933
2020-02-14 18:06:42,073 ====> Recall@10: 0.7243
2020-02-14 18:06:42,073 ====> Recall@15: 0.7380
2020-02-14 18:06:42,073 ====> Recall@20: 0.7571
2020-02-14 18:06:42,074 ====> Recall@25: 0.7661
2020-02-14 18:06:42,135 ====> Building Cache
2020-02-14 18:06:42,136 feature cache--->>> /home/annora/NetVLAD/output/train_feat_cache0.hdf5
2020-02-14 18:07:58,749 Allocated:30.78076171875 MB
2020-02-14 18:07:58,749 Cached:4189.75 MB
2020-02-14 18:08:33,039 ==> Epoch[22](50/553): Loss: 0.0000
2020-02-14 18:08:33,040 Allocated:32.78076171875 MB
2020-02-14 18:08:33,041 Cached:4194.75 MB
2020-02-14 18:08:40,172 ==> Epoch[22](100/553): Loss: 0.0000
2020-02-14 18:08:40,173 Allocated:32.78076171875 MB
2020-02-14 18:08:40,173 Cached:4194.75 MB
2020-02-14 18:08:45,720 ==> Epoch[22](150/553): Loss: 0.0000
2020-02-14 18:08:45,721 Allocated:32.78076171875 MB
2020-02-14 18:08:45,721 Cached:4194.75 MB
2020-02-14 18:08:49,607 ====> Building Cache
2020-02-14 18:08:49,607 feature cache--->>> /home/annora/NetVLAD/output/train_feat_cache0.hdf5
2020-02-14 18:10:11,173 Allocated:32.7802734375 MB
2020-02-14 18:10:11,174 Cached:2863.5 MB
2020-02-14 18:10:42,169 ==> Epoch[22](200/553): Loss: 0.0122
2020-02-14 18:10:42,170 Allocated:32.78076171875 MB
2020-02-14 18:10:42,170 Cached:2863.5 MB
2020-02-14 18:10:51,480 ==> Epoch[22](250/553): Loss: 0.0093
2020-02-14 18:10:51,481 Allocated:32.78076171875 MB
2020-02-14 18:10:51,482 Cached:2867.5 MB
2020-02-14 18:11:00,808 ==> Epoch[22](300/553): Loss: 0.0375
2020-02-14 18:11:00,810 Allocated:32.78076171875 MB
2020-02-14 18:11:00,810 Cached:2867.5 MB
2020-02-14 18:11:11,548 ==> Epoch[22](350/553): Loss: 0.0543
2020-02-14 18:11:11,550 Allocated:32.78076171875 MB
2020-02-14 18:11:11,550 Cached:2867.5 MB
2020-02-14 18:11:15,128 ====> Building Cache
2020-02-14 18:11:15,129 feature cache--->>> /home/annora/NetVLAD/output/train_feat_cache0.hdf5
2020-02-14 18:12:32,239 Allocated:32.7802734375 MB
2020-02-14 18:12:32,240 Cached:2862.5 MB
2020-02-14 18:13:06,378 ==> Epoch[22](400/553): Loss: 0.0324
2020-02-14 18:13:06,379 Allocated:32.78076171875 MB
2020-02-14 18:13:06,379 Cached:2867.5 MB
2020-02-14 18:13:13,420 ==> Epoch[22](450/553): Loss: 0.0110
2020-02-14 18:13:13,421 Allocated:32.78076171875 MB
2020-02-14 18:13:13,421 Cached:2867.5 MB
2020-02-14 18:13:23,131 ==> Epoch[22](500/553): Loss: 0.0024
2020-02-14 18:13:23,133 Allocated:32.78076171875 MB
2020-02-14 18:13:23,133 Cached:2867.5 MB
2020-02-14 18:13:32,169 ==> Epoch[22](550/553): Loss: 0.0052
2020-02-14 18:13:32,171 Allocated:32.78076171875 MB
2020-02-14 18:13:32,171 Cached:2867.5 MB
2020-02-14 18:13:32,997 ===> Epoch 22 Complete: Avg. Loss: 0.0214
2020-02-14 18:13:32,998 ====> Extracting Features
2020-02-14 18:14:07,897 ==> Batch (50/108)
2020-02-14 18:14:29,281 ==> Batch (100/108)
2020-02-14 18:14:32,916 ====> Building faiss index
2020-02-14 18:14:32,918 ====> Calculating recall @ N
2020-02-14 18:14:33,410 ====> Recall@1: 0.6101
2020-02-14 18:14:33,410 ====> Recall@2: 0.6470
2020-02-14 18:14:33,411 ====> Recall@3: 0.6722
2020-02-14 18:14:33,411 ====> Recall@4: 0.6864
2020-02-14 18:14:33,411 ====> Recall@5: 0.6954
2020-02-14 18:14:33,411 ====> Recall@10: 0.7354
2020-02-14 18:14:33,412 ====> Recall@15: 0.7562
2020-02-14 18:14:33,412 ====> Recall@20: 0.7687
2020-02-14 18:14:33,412 ====> Recall@25: 0.7768
2020-02-14 18:14:33,472 ====> Building Cache
2020-02-14 18:14:33,473 feature cache--->>> /home/annora/NetVLAD/output/train_feat_cache0.hdf5
2020-02-14 18:15:52,837 Allocated:30.78076171875 MB
2020-02-14 18:15:52,838 Cached:4189.75 MB
2020-02-14 18:16:29,391 ==> Epoch[23](50/553): Loss: 0.0313
2020-02-14 18:16:29,393 Allocated:32.78076171875 MB
2020-02-14 18:16:29,393 Cached:4194.75 MB
2020-02-14 18:16:46,261 ====> Building Cache
2020-02-14 18:16:46,261 feature cache--->>> /home/annora/NetVLAD/output/train_feat_cache0.hdf5
2020-02-14 18:18:03,898 Allocated:32.7802734375 MB
2020-02-14 18:18:03,898 Cached:2862.5 MB
2020-02-14 18:18:35,130 ==> Epoch[23](200/553): Loss: 0.2128
2020-02-14 18:18:35,132 Allocated:32.78076171875 MB
2020-02-14 18:18:35,132 Cached:2863.5 MB
2020-02-14 18:18:44,113 ==> Epoch[23](250/553): Loss: 0.0140
2020-02-14 18:18:44,114 Allocated:32.78076171875 MB
2020-02-14 18:18:44,114 Cached:2867.5 MB
2020-02-14 18:18:53,882 ==> Epoch[23](300/553): Loss: 0.0192
2020-02-14 18:18:53,883 Allocated:32.78076171875 MB
2020-02-14 18:18:53,884 Cached:2867.5 MB
2020-02-14 18:19:03,370 ==> Epoch[23](350/553): Loss: 0.0337
2020-02-14 18:19:03,371 Allocated:32.78076171875 MB
2020-02-14 18:19:03,371 Cached:2867.5 MB
2020-02-14 18:19:07,124 ====> Building Cache
2020-02-14 18:19:07,125 feature cache--->>> /home/annora/NetVLAD/output/train_feat_cache0.hdf5
2020-02-14 18:20:25,508 Allocated:32.7802734375 MB
2020-02-14 18:20:25,508 Cached:2862.5 MB
2020-02-14 18:21:00,981 ==> Epoch[23](400/553): Loss: 0.0130
2020-02-14 18:21:00,984 Allocated:32.78076171875 MB
2020-02-14 18:21:00,984 Cached:2867.5 MB
2020-02-14 18:21:10,773 ==> Epoch[23](450/553): Loss: 0.0000
2020-02-14 18:21:10,774 Allocated:32.78076171875 MB
2020-02-14 18:21:10,774 Cached:2867.5 MB
2020-02-14 18:21:20,622 ==> Epoch[23](500/553): Loss: 0.0011
2020-02-14 18:21:20,624 Allocated:32.78076171875 MB
2020-02-14 18:21:20,624 Cached:2867.5 MB
2020-02-14 18:21:30,577 ==> Epoch[23](550/553): Loss: 0.0753
2020-02-14 18:21:30,579 Allocated:32.78076171875 MB
2020-02-14 18:21:30,579 Cached:2867.5 MB
2020-02-14 18:21:31,321 ===> Epoch 23 Complete: Avg. Loss: 0.0203
2020-02-14 18:21:31,322 ====> Extracting Features
2020-02-14 18:22:04,926 ==> Batch (50/108)
2020-02-14 18:22:27,141 ==> Batch (100/108)
2020-02-14 18:22:31,371 ====> Building faiss index
2020-02-14 18:22:31,373 ====> Calculating recall @ N
2020-02-14 18:22:32,022 ====> Recall@1: 0.5890
2020-02-14 18:22:32,023 ====> Recall@2: 0.6386
2020-02-14 18:22:32,023 ====> Recall@3: 0.6635
2020-02-14 18:22:32,024 ====> Recall@4: 0.6765
2020-02-14 18:22:32,024 ====> Recall@5: 0.6936
2020-02-14 18:22:32,024 ====> Recall@10: 0.7362
2020-02-14 18:22:32,024 ====> Recall@15: 0.7536
2020-02-14 18:22:32,024 ====> Recall@20: 0.7623
2020-02-14 18:22:32,025 ====> Recall@25: 0.7728
2020-02-14 18:22:32,092 ====> Building Cache
2020-02-14 18:22:32,092 feature cache--->>> /home/annora/NetVLAD/output/train_feat_cache0.hdf5
2020-02-14 18:23:57,611 Allocated:30.78076171875 MB
2020-02-14 18:23:57,612 Cached:4189.75 MB
2020-02-14 18:24:33,710 ==> Epoch[24](50/553): Loss: 0.0000
2020-02-14 18:24:33,712 Allocated:32.78076171875 MB
2020-02-14 18:24:33,712 Cached:4194.75 MB
2020-02-14 18:24:47,490 ==> Epoch[24](150/553): Loss: 0.0007
2020-02-14 18:24:47,491 Allocated:32.78076171875 MB
2020-02-14 18:24:47,492 Cached:4194.75 MB
2020-02-14 18:24:51,998 ====> Building Cache
2020-02-14 18:24:51,999 feature cache--->>> /home/annora/NetVLAD/output/train_feat_cache0.hdf5
2020-02-14 18:26:08,472 Allocated:32.7802734375 MB
2020-02-14 18:26:08,472 Cached:2862.5 MB
2020-02-14 18:26:39,605 ==> Epoch[24](200/553): Loss: 0.0218
2020-02-14 18:26:39,607 Allocated:32.78076171875 MB
2020-02-14 18:26:39,607 Cached:2862.5 MB
2020-02-14 18:26:49,162 ==> Epoch[24](250/553): Loss: 0.0246
2020-02-14 18:26:49,164 Allocated:32.78076171875 MB
2020-02-14 18:26:49,164 Cached:2867.5 MB
2020-02-14 18:27:06,131 ==> Epoch[24](350/553): Loss: 0.0370
2020-02-14 18:27:06,133 Allocated:32.78076171875 MB
2020-02-14 18:27:06,133 Cached:2867.5 MB
2020-02-14 18:27:09,798 ====> Building Cache
2020-02-14 18:27:09,799 feature cache--->>> /home/annora/NetVLAD/output/train_feat_cache0.hdf5
2020-02-14 18:28:30,942 Allocated:32.7802734375 MB
2020-02-14 18:28:30,942 Cached:2862.5 MB
2020-02-14 18:29:06,264 ==> Epoch[24](400/553): Loss: 0.0000
2020-02-14 18:29:06,265 Allocated:32.78076171875 MB
2020-02-14 18:29:06,265 Cached:2867.5 MB
2020-02-14 18:29:15,853 ==> Epoch[24](450/553): Loss: 0.0000
2020-02-14 18:29:15,855 Allocated:32.78076171875 MB
2020-02-14 18:29:15,855 Cached:2867.5 MB
2020-02-14 18:29:25,334 ==> Epoch[24](500/553): Loss: 0.0015
2020-02-14 18:29:25,335 Allocated:32.78076171875 MB
2020-02-14 18:29:25,336 Cached:2867.5 MB
2020-02-14 18:29:34,261 ==> Epoch[24](550/553): Loss: 0.0034
2020-02-14 18:29:34,262 Allocated:32.78076171875 MB
2020-02-14 18:29:34,263 Cached:2867.5 MB
2020-02-14 18:29:34,821 ===> Epoch 24 Complete: Avg. Loss: 0.0179
2020-02-14 18:29:34,822 ====> Extracting Features
2020-02-14 18:30:09,189 ==> Batch (50/108)
2020-02-14 18:30:29,077 ==> Batch (100/108)
2020-02-14 18:30:32,181 ====> Building faiss index
2020-02-14 18:30:32,183 ====> Calculating recall @ N
2020-02-14 18:30:32,657 ====> Recall@1: 0.5704
2020-02-14 18:30:32,658 ====> Recall@2: 0.6403
2020-02-14 18:30:32,658 ====> Recall@3: 0.6655
2020-02-14 18:30:32,659 ====> Recall@4: 0.6803
2020-02-14 18:30:32,659 ====> Recall@5: 0.6870
2020-02-14 18:30:32,659 ====> Recall@10: 0.7217
2020-02-14 18:30:32,659 ====> Recall@15: 0.7354
2020-02-14 18:30:32,659 ====> Recall@20: 0.7455
2020-02-14 18:30:32,660 ====> Recall@25: 0.7510
2020-02-14 18:30:32,719 ====> Building Cache
2020-02-14 18:30:32,719 feature cache--->>> /home/annora/NetVLAD/output/train_feat_cache0.hdf5
2020-02-14 18:31:51,483 Allocated:30.78076171875 MB
2020-02-14 18:31:51,483 Cached:4189.75 MB
2020-02-14 18:32:27,009 ==> Epoch[25](50/553): Loss: 0.0013
2020-02-14 18:32:27,013 Allocated:32.78076171875 MB
2020-02-14 18:32:27,013 Cached:4194.75 MB
2020-02-14 18:32:33,068 ==> Epoch[25](100/553): Loss: 0.0000
2020-02-14 18:32:33,069 Allocated:32.78076171875 MB
2020-02-14 18:32:33,069 Cached:4194.75 MB
2020-02-14 18:32:38,630 ==> Epoch[25](150/553): Loss: 0.0000
2020-02-14 18:32:38,631 Allocated:32.78076171875 MB
2020-02-14 18:32:38,631 Cached:4194.75 MB
2020-02-14 18:32:44,119 ====> Building Cache
2020-02-14 18:32:44,120 feature cache--->>> /home/annora/NetVLAD/output/train_feat_cache0.hdf5
2020-02-14 18:34:01,301 Allocated:32.7802734375 MB
2020-02-14 18:34:01,302 Cached:2862.5 MB
2020-02-14 18:34:31,748 ==> Epoch[25](200/553): Loss: 0.1159
2020-02-14 18:34:31,750 Allocated:32.78076171875 MB
2020-02-14 18:34:31,750 Cached:2863.5 MB
2020-02-14 18:34:39,828 ==> Epoch[25](250/553): Loss: 0.0227
2020-02-14 18:34:39,829 Allocated:32.78076171875 MB
2020-02-14 18:34:39,830 Cached:2867.5 MB
2020-02-14 18:34:49,518 ==> Epoch[25](300/553): Loss: 0.0092
2020-02-14 18:34:49,519 Allocated:32.78076171875 MB
2020-02-14 18:34:49,519 Cached:2867.5 MB
2020-02-14 18:34:59,099 ==> Epoch[25](350/553): Loss: 0.0027
2020-02-14 18:34:59,101 Allocated:32.78076171875 MB
2020-02-14 18:34:59,101 Cached:2867.5 MB
2020-02-14 18:35:03,630 ====> Building Cache
2020-02-14 18:35:03,631 feature cache--->>> /home/annora/NetVLAD/output/train_feat_cache0.hdf5
2020-02-14 18:36:30,246 Allocated:32.7802734375 MB
2020-02-14 18:36:30,246 Cached:2862.5 MB
2020-02-14 18:37:01,759 ==> Epoch[25](400/553): Loss: 0.0000
2020-02-14 18:37:01,761 Allocated:32.78076171875 MB
2020-02-14 18:37:01,761 Cached:2867.5 MB
2020-02-14 18:37:09,273 ==> Epoch[25](450/553): Loss: 0.0156
2020-02-14 18:37:09,274 Allocated:32.78076171875 MB
2020-02-14 18:37:09,275 Cached:2867.5 MB
2020-02-14 18:37:17,057 ==> Epoch[25](500/553): Loss: 0.0221
2020-02-14 18:37:17,058 Allocated:32.78076171875 MB
2020-02-14 18:37:17,058 Cached:2867.5 MB
2020-02-14 18:37:23,723 ==> Epoch[25](550/553): Loss: 0.0000
2020-02-14 18:37:23,725 Allocated:32.78076171875 MB
2020-02-14 18:37:23,725 Cached:2867.5 MB
2020-02-14 18:37:25,118 ===> Epoch 25 Complete: Avg. Loss: 0.0150
2020-02-14 18:37:25,119 ====> Extracting Features
2020-02-14 18:37:57,763 ==> Batch (50/108)
2020-02-14 18:38:20,273 ==> Batch (100/108)
2020-02-14 18:38:23,198 ====> Building faiss index
2020-02-14 18:38:23,203 ====> Calculating recall @ N
2020-02-14 18:38:23,693 ====> Recall@1: 0.6029
2020-02-14 18:38:23,693 ====> Recall@2: 0.6446
2020-02-14 18:38:23,694 ====> Recall@3: 0.6661
2020-02-14 18:38:23,694 ====> Recall@4: 0.6788
2020-02-14 18:38:23,694 ====> Recall@5: 0.6901
2020-02-14 18:38:23,695 ====> Recall@10: 0.7136
2020-02-14 18:38:23,695 ====> Recall@15: 0.7296
2020-02-14 18:38:23,695 ====> Recall@20: 0.7371
2020-02-14 18:38:23,695 ====> Recall@25: 0.7446
2020-02-14 18:38:23,759 ====> Building Cache
2020-02-14 18:38:23,760 feature cache--->>> /home/annora/NetVLAD/output/train_feat_cache0.hdf5
2020-02-14 18:39:42,070 Allocated:30.78076171875 MB
2020-02-14 18:39:42,071 Cached:4189.75 MB
2020-02-14 18:40:16,687 ==> Epoch[26](50/553): Loss: 0.0000
2020-02-14 18:40:16,688 Allocated:32.78076171875 MB
2020-02-14 18:40:16,688 Cached:4194.75 MB
2020-02-14 18:40:22,980 ==> Epoch[26](100/553): Loss: 0.0000
2020-02-14 18:40:22,981 Allocated:32.78076171875 MB
2020-02-14 18:40:22,981 Cached:4194.75 MB
2020-02-14 18:40:32,679 ====> Building Cache
2020-02-14 18:40:32,680 feature cache--->>> /home/annora/NetVLAD/output/train_feat_cache0.hdf5
2020-02-14 18:41:50,035 Allocated:32.7802734375 MB
2020-02-14 18:41:50,036 Cached:2862.5 MB
2020-02-14 18:42:42,039 ==> Epoch[26](300/553): Loss: 0.0051
2020-02-14 18:42:42,041 Allocated:32.78076171875 MB
2020-02-14 18:42:42,041 Cached:2867.5 MB
2020-02-14 18:42:51,558 ==> Epoch[26](350/553): Loss: 0.0000
2020-02-14 18:42:51,559 Allocated:32.78076171875 MB
2020-02-14 18:42:51,560 Cached:2867.5 MB
2020-02-14 18:42:55,591 ====> Building Cache
2020-02-14 18:42:55,592 feature cache--->>> /home/annora/NetVLAD/output/train_feat_cache0.hdf5
2020-02-14 18:44:14,402 Allocated:32.7802734375 MB
2020-02-14 18:44:14,402 Cached:2862.5 MB
2020-02-14 18:44:45,537 ==> Epoch[26](400/553): Loss: 0.0000
2020-02-14 18:44:45,538 Allocated:32.78076171875 MB
2020-02-14 18:44:45,539 Cached:2867.5 MB
2020-02-14 18:44:53,610 ==> Epoch[26](450/553): Loss: 0.0186
2020-02-14 18:44:53,611 Allocated:32.78076171875 MB
2020-02-14 18:44:53,612 Cached:2867.5 MB
2020-02-14 18:45:01,769 ==> Epoch[26](500/553): Loss: 0.0002
2020-02-14 18:45:01,770 Allocated:32.78076171875 MB
2020-02-14 18:45:01,770 Cached:2867.5 MB
2020-02-14 18:45:09,210 ==> Epoch[26](550/553): Loss: 0.0000
2020-02-14 18:45:09,212 Allocated:32.78076171875 MB
2020-02-14 18:45:09,212 Cached:2867.5 MB
2020-02-14 18:45:09,649 ===> Epoch 26 Complete: Avg. Loss: 0.0140
2020-02-14 18:45:09,650 ====> Extracting Features
2020-02-14 18:45:42,729 ==> Batch (50/108)
2020-02-14 18:46:02,988 ==> Batch (100/108)
2020-02-14 18:46:06,402 ====> Building faiss index
2020-02-14 18:46:06,404 ====> Calculating recall @ N
2020-02-14 18:46:06,949 ====> Recall@1: 0.6003
2020-02-14 18:46:06,949 ====> Recall@2: 0.6481
2020-02-14 18:46:06,950 ====> Recall@3: 0.6684
2020-02-14 18:46:06,950 ====> Recall@4: 0.6794
2020-02-14 18:46:06,950 ====> Recall@5: 0.6887
2020-02-14 18:46:06,950 ====> Recall@10: 0.7157
2020-02-14 18:46:06,951 ====> Recall@15: 0.7357
2020-02-14 18:46:06,951 ====> Recall@20: 0.7452
2020-02-14 18:46:06,951 ====> Recall@25: 0.7545
2020-02-14 18:46:07,010 ====> Building Cache
2020-02-14 18:46:07,011 feature cache--->>> /home/annora/NetVLAD/output/train_feat_cache0.hdf5
2020-02-14 18:47:23,920 Allocated:30.78076171875 MB
2020-02-14 18:47:23,921 Cached:4189.75 MB
2020-02-14 18:48:02,626 ==> Epoch[27](100/553): Loss: 0.0266
2020-02-14 18:48:02,628 Allocated:32.78076171875 MB
2020-02-14 18:48:02,629 Cached:4194.75 MB
2020-02-14 18:48:08,891 ==> Epoch[27](150/553): Loss: 0.0000
2020-02-14 18:48:08,892 Allocated:32.78076171875 MB
2020-02-14 18:48:08,892 Cached:4194.75 MB
2020-02-14 18:48:12,933 ====> Building Cache
2020-02-14 18:48:12,934 feature cache--->>> /home/annora/NetVLAD/output/train_feat_cache0.hdf5
2020-02-14 18:49:40,508 Allocated:32.7802734375 MB
2020-02-14 18:49:40,509 Cached:2863.5 MB
2020-02-14 18:50:12,087 ==> Epoch[27](200/553): Loss: 0.0084
2020-02-14 18:50:12,089 Allocated:32.78076171875 MB
2020-02-14 18:50:12,089 Cached:2867.5 MB
2020-02-14 18:50:20,129 ==> Epoch[27](250/553): Loss: 0.0000
2020-02-14 18:50:20,131 Allocated:32.78076171875 MB
2020-02-14 18:50:20,131 Cached:2867.5 MB
2020-02-14 18:50:29,930 ==> Epoch[27](300/553): Loss: 0.0000
2020-02-14 18:50:29,931 Allocated:32.78076171875 MB
2020-02-14 18:50:29,931 Cached:2867.5 MB
2020-02-14 18:50:38,222 ==> Epoch[27](350/553): Loss: 0.0077
2020-02-14 18:50:38,223 Allocated:32.78076171875 MB
2020-02-14 18:50:38,223 Cached:2867.5 MB
2020-02-14 18:50:42,942 ====> Building Cache
2020-02-14 18:50:42,943 feature cache--->>> /home/annora/NetVLAD/output/train_feat_cache0.hdf5
2020-02-14 18:51:59,120 Allocated:32.7802734375 MB
2020-02-14 18:51:59,121 Cached:2862.5 MB
2020-02-14 18:52:30,965 ==> Epoch[27](400/553): Loss: 0.0053
2020-02-14 18:52:30,967 Allocated:32.78076171875 MB
2020-02-14 18:52:30,967 Cached:2867.5 MB
2020-02-14 18:52:37,523 ==> Epoch[27](450/553): Loss: 0.0162
2020-02-14 18:52:37,525 Allocated:32.78076171875 MB
2020-02-14 18:52:37,525 Cached:2867.5 MB
2020-02-14 18:52:45,333 ==> Epoch[27](500/553): Loss: 0.0000
2020-02-14 18:52:45,334 Allocated:32.78076171875 MB
2020-02-14 18:52:45,334 Cached:2867.5 MB
2020-02-14 18:52:52,818 ==> Epoch[27](550/553): Loss: 0.0012
2020-02-14 18:52:52,819 Allocated:32.78076171875 MB
2020-02-14 18:52:52,820 Cached:2867.5 MB
2020-02-14 18:52:53,465 ===> Epoch 27 Complete: Avg. Loss: 0.0121
2020-02-14 18:52:53,466 ====> Extracting Features
2020-02-14 18:53:27,158 ==> Batch (50/108)
2020-02-14 18:53:47,457 ==> Batch (100/108)
2020-02-14 18:53:50,882 ====> Building faiss index
2020-02-14 18:53:50,884 ====> Calculating recall @ N
2020-02-14 18:53:51,359 ====> Recall@1: 0.5994
2020-02-14 18:53:51,360 ====> Recall@2: 0.6525
2020-02-14 18:53:51,360 ====> Recall@3: 0.6736
2020-02-14 18:53:51,361 ====> Recall@4: 0.6852
2020-02-14 18:53:51,361 ====> Recall@5: 0.6922
2020-02-14 18:53:51,361 ====> Recall@10: 0.7206
2020-02-14 18:53:51,361 ====> Recall@15: 0.7362
2020-02-14 18:53:51,361 ====> Recall@20: 0.7455
2020-02-14 18:53:51,362 ====> Recall@25: 0.7545
2020-02-14 18:53:51,421 ====> Building Cache
2020-02-14 18:53:51,421 feature cache--->>> /home/annora/NetVLAD/output/train_feat_cache0.hdf5
2020-02-14 18:55:09,228 Allocated:30.78076171875 MB
2020-02-14 18:55:09,229 Cached:4190.75 MB
2020-02-14 18:55:56,053 ==> Epoch[28](150/553): Loss: 0.0000
2020-02-14 18:55:56,055 Allocated:32.78076171875 MB
2020-02-14 18:55:56,055 Cached:4194.75 MB
2020-02-14 18:56:00,258 ====> Building Cache
2020-02-14 18:56:00,258 feature cache--->>> /home/annora/NetVLAD/output/train_feat_cache0.hdf5
2020-02-14 18:57:19,778 Allocated:32.7802734375 MB
2020-02-14 18:57:19,778 Cached:2863.5 MB
2020-02-14 18:57:52,806 ==> Epoch[28](200/553): Loss: 0.2524
2020-02-14 18:57:52,808 Allocated:32.78076171875 MB
2020-02-14 18:57:52,808 Cached:2867.5 MB
2020-02-14 18:58:02,989 ==> Epoch[28](250/553): Loss: 0.0000
2020-02-14 18:58:02,991 Allocated:32.78076171875 MB
2020-02-14 18:58:02,991 Cached:2867.5 MB
2020-02-14 18:58:13,472 ==> Epoch[28](300/553): Loss: 0.0000
2020-02-14 18:58:13,473 Allocated:32.78076171875 MB
2020-02-14 18:58:13,474 Cached:2867.5 MB
2020-02-14 18:58:21,899 ==> Epoch[28](350/553): Loss: 0.0123
2020-02-14 18:58:21,899 Allocated:32.78076171875 MB
2020-02-14 18:58:21,900 Cached:2867.5 MB
2020-02-14 18:58:25,039 ====> Building Cache
2020-02-14 18:58:25,039 feature cache--->>> /home/annora/NetVLAD/output/train_feat_cache0.hdf5
2020-02-14 18:59:41,679 Allocated:32.7802734375 MB
2020-02-14 18:59:41,679 Cached:2862.5 MB
2020-02-14 19:00:11,826 ==> Epoch[28](400/553): Loss: 0.0000
2020-02-14 19:00:11,828 Allocated:32.78076171875 MB
2020-02-14 19:00:11,828 Cached:2867.5 MB
2020-02-14 19:00:19,358 ==> Epoch[28](450/553): Loss: 0.0226
2020-02-14 19:00:19,360 Allocated:32.78076171875 MB
2020-02-14 19:00:19,361 Cached:2867.5 MB
2020-02-14 19:00:26,147 ==> Epoch[28](500/553): Loss: 0.0000
2020-02-14 19:00:26,147 Allocated:32.78076171875 MB
2020-02-14 19:00:26,148 Cached:2867.5 MB
2020-02-14 19:00:32,308 ==> Epoch[28](550/553): Loss: 0.1383
2020-02-14 19:00:32,308 Allocated:32.78076171875 MB
2020-02-14 19:00:32,309 Cached:2867.5 MB
2020-02-14 19:00:32,992 ===> Epoch 28 Complete: Avg. Loss: 0.0132
2020-02-14 19:00:32,993 ====> Extracting Features
2020-02-14 19:01:05,959 ==> Batch (50/108)
2020-02-14 19:01:27,995 ==> Batch (100/108)
2020-02-14 19:01:31,236 ====> Building faiss index
2020-02-14 19:01:31,238 ====> Calculating recall @ N
2020-02-14 19:01:31,837 ====> Recall@1: 0.5797
2020-02-14 19:01:31,838 ====> Recall@2: 0.6499
2020-02-14 19:01:31,838 ====> Recall@3: 0.6664
2020-02-14 19:01:31,839 ====> Recall@4: 0.6762
2020-02-14 19:01:31,839 ====> Recall@5: 0.6867
2020-02-14 19:01:31,839 ====> Recall@10: 0.7145
2020-02-14 19:01:31,839 ====> Recall@15: 0.7296
2020-02-14 19:01:31,839 ====> Recall@20: 0.7423
2020-02-14 19:01:31,840 ====> Recall@25: 0.7504
2020-02-14 19:01:31,902 Performance did not improve for 10 epochs. Stopping.
2020-02-14 19:01:31,903 => Best Recall@5: 0.7229
2020-02-14 19:06:32,000 Finished...