2020-01-13 23:41:21,483 Namespace(arch='alexnet', batchSize=12, cacheBatchSize=96, cachePath='/home/annora/NetVLAD/output/', cacheRefreshRate=3000, ckpt='best', contilearn=True, dataPath='/home/annora/NetVLAD/output/data/', dataset='pittsburgh', evalEvery=1, fromscratch=True, fromtask='/home/annora/NetVLAD/output/runs/2020-01-12-23-53-56_alexnet_max', lr=0.01, lrGamma=0.5, lrStep=5, margin=0.1, mode='train', momentum=0.9, nEpochs=30, nGPU=1, nocuda=False, num_clusters=64, optim='SGD', patience=10, pooling='max', premodel='imagenet', resume='', runsPath='/home/annora/NetVLAD/output/runs/', savePath='checkpoints', seed=123, split='val', start_epoch=0, threads=8, vladv2=False, weightDecay=0.001)
2020-01-13 23:41:21,556 ===> Loading dataset(s)
2020-01-13 23:41:21,556 trainfile ------>>>>>> pitts30k_train.mat
2020-01-13 23:41:23,983 ====> Training set: pitts30k_train.mat, query set count: 7320
2020-01-13 23:41:24,159 ===> Evaluating on val set: pitts30k_val.mat, query count: 7608
2020-01-13 23:41:24,159 ===> Building model
2020-01-13 23:41:24,212 encoder moder:
AlexNet(
  (conv1): Sequential(
    (0): Conv2d(3, 64, kernel_size=(11, 11), stride=(4, 4), padding=(2, 2))
    (1): ReLU(inplace)
    (2): MaxPool2d(kernel_size=3, stride=2, padding=0, dilation=1, ceil_mode=False)
  )
  (conv2): Sequential(
    (0): Conv2d(64, 192, kernel_size=(5, 5), stride=(1, 1), padding=(2, 2))
    (1): ReLU(inplace)
    (2): MaxPool2d(kernel_size=3, stride=2, padding=0, dilation=1, ceil_mode=False)
  )
  (conv3): Sequential(
    (0): Conv2d(192, 384, kernel_size=(3, 3), stride=(1, 1), padding=(1, 1))
    (1): ReLU(inplace)
  )
  (conv4): Sequential(
    (0): Conv2d(384, 256, kernel_size=(3, 3), stride=(1, 1), padding=(1, 1))
    (1): ReLU(inplace)
  )
  (conv5): Sequential(
    (0): Conv2d(256, 256, kernel_size=(3, 3), stride=(1, 1), padding=(1, 1))
  )
)
2020-01-13 23:41:28,267 => loading checkpoint '/home/annora/NetVLAD/output/runs/2020-01-12-23-53-56_alexnet_max/checkpoints/model_best.pth.tar'
2020-01-13 23:41:28,554 => loaded checkpoint '/home/annora/NetVLAD/output/runs/2020-01-12-23-53-56_alexnet_max/checkpoints/model_best.pth.tar' 
2020-01-13 23:41:28,554 ===> Training model
2020-01-13 23:41:28,557 ===> Saving state to: /home/annora/NetVLAD/output/runs/2020-01-13-23-41-28_alexnet_max
2020-01-13 23:41:28,557 ====> Building Cache
2020-01-13 23:41:28,557 feature cache--->>> /home/annora/NetVLAD/output/train_feat_cache2.hdf5
2020-01-13 23:42:02,591 Allocated:99.34619140625 MB
2020-01-13 23:42:02,592 Cached:2864.375 MB
2020-01-13 23:44:32,688 ==> Epoch[1](50/610): Loss: 0.3167
2020-01-13 23:44:32,690 Allocated:121.28369140625 MB
2020-01-13 23:44:32,690 Cached:6741.375 MB
2020-01-13 23:46:28,568 ==> Epoch[1](100/610): Loss: 0.3145
2020-01-13 23:46:28,578 Allocated:120.53369140625 MB
2020-01-13 23:46:28,578 Cached:6741.375 MB
2020-01-13 23:48:26,183 ==> Epoch[1](150/610): Loss: 0.3134
2020-01-13 23:48:26,185 Allocated:121.53369140625 MB
2020-01-13 23:48:26,185 Cached:6741.375 MB
2020-01-13 23:50:26,372 ==> Epoch[1](200/610): Loss: 0.3064
2020-01-13 23:50:26,374 Allocated:121.28369140625 MB
2020-01-13 23:50:26,374 Cached:6741.375 MB
2020-01-13 23:50:36,393 ====> Building Cache
2020-01-13 23:50:36,394 feature cache--->>> /home/annora/NetVLAD/output/train_feat_cache2.hdf5
2020-01-13 23:51:10,277 Allocated:122.533203125 MB
2020-01-13 23:51:10,277 Cached:2919.5 MB
2020-01-13 23:53:47,388 ==> Epoch[1](250/610): Loss: 0.3023
2020-01-13 23:53:47,390 Allocated:120.53369140625 MB
2020-01-13 23:53:47,390 Cached:6794.5 MB
2020-01-13 23:55:39,387 ==> Epoch[1](300/610): Loss: 0.3298
2020-01-13 23:55:39,388 Allocated:121.53369140625 MB
2020-01-13 23:55:39,388 Cached:6794.5 MB
2020-01-13 23:57:45,162 ==> Epoch[1](350/610): Loss: 0.2532
2020-01-13 23:57:45,163 Allocated:121.28369140625 MB
2020-01-13 23:57:45,163 Cached:6794.5 MB
2020-01-13 23:59:41,185 ==> Epoch[1](400/610): Loss: 0.2563
2020-01-13 23:59:41,187 Allocated:120.53369140625 MB
2020-01-13 23:59:41,187 Cached:6794.5 MB
2020-01-13 23:59:59,775 ====> Building Cache
2020-01-13 23:59:59,776 feature cache--->>> /home/annora/NetVLAD/output/train_feat_cache2.hdf5
2020-01-14 00:00:34,301 Allocated:122.033203125 MB
2020-01-14 00:00:34,302 Cached:2919.5 MB
2020-01-14 00:02:48,467 ==> Epoch[1](450/610): Loss: 0.3148
2020-01-14 00:02:48,468 Allocated:121.53369140625 MB
2020-01-14 00:02:48,469 Cached:6794.5 MB
2020-01-14 00:04:43,774 ==> Epoch[1](500/610): Loss: 0.3244
2020-01-14 00:04:43,775 Allocated:121.65869140625 MB
2020-01-14 00:04:43,775 Cached:6794.5 MB
2020-01-14 00:06:35,829 ==> Epoch[1](550/610): Loss: 0.3127
2020-01-14 00:06:35,830 Allocated:121.03369140625 MB
2020-01-14 00:06:35,830 Cached:6794.5 MB
2020-01-14 00:08:32,215 ==> Epoch[1](600/610): Loss: 0.3041
2020-01-14 00:08:32,217 Allocated:121.15869140625 MB
2020-01-14 00:08:32,217 Cached:6794.5 MB
2020-01-14 00:08:59,695 ===> Epoch 1 Complete: Avg. Loss: 0.3050
2020-01-14 00:08:59,697 ====> Extracting Features
2020-01-14 00:09:14,949 ==> Batch (50/184)
2020-01-14 00:09:21,150 ==> Batch (100/184)
2020-01-14 00:09:27,618 ==> Batch (150/184)
2020-01-14 00:09:32,598 ====> Building faiss index
2020-01-14 00:09:32,610 ====> Calculating recall @ N
2020-01-14 00:09:34,858 ====> Recall@1: 0.1305
2020-01-14 00:09:34,858 ====> Recall@2: 0.1763
2020-01-14 00:09:34,859 ====> Recall@3: 0.2077
2020-01-14 00:09:34,859 ====> Recall@4: 0.2351
2020-01-14 00:09:34,860 ====> Recall@5: 0.2567
2020-01-14 00:09:34,860 ====> Recall@10: 0.3477
2020-01-14 00:09:34,860 ====> Recall@15: 0.4077
2020-01-14 00:09:34,860 ====> Recall@20: 0.4549
2020-01-14 00:09:34,860 ====> Recall@25: 0.4974
2020-01-14 00:09:35,120 ====> Building Cache
2020-01-14 00:09:35,120 feature cache--->>> /home/annora/NetVLAD/output/train_feat_cache2.hdf5
2020-01-14 00:10:10,901 Allocated:119.03369140625 MB
2020-01-14 00:10:10,902 Cached:2918.5 MB
2020-01-14 00:12:40,613 ==> Epoch[2](50/610): Loss: 0.3203
2020-01-14 00:12:40,615 Allocated:122.03369140625 MB
2020-01-14 00:12:40,615 Cached:6794.5 MB
2020-01-14 00:14:31,900 ==> Epoch[2](100/610): Loss: 0.3182
2020-01-14 00:14:31,901 Allocated:120.53369140625 MB
2020-01-14 00:14:31,901 Cached:6794.5 MB
2020-01-14 00:16:27,445 ==> Epoch[2](150/610): Loss: 0.3159
2020-01-14 00:16:27,446 Allocated:121.03369140625 MB
2020-01-14 00:16:27,447 Cached:6794.5 MB
2020-01-14 00:18:22,008 ==> Epoch[2](200/610): Loss: 0.3133
2020-01-14 00:18:22,009 Allocated:122.03369140625 MB
2020-01-14 00:18:22,009 Cached:6794.5 MB
2020-01-14 00:18:32,831 ====> Building Cache
2020-01-14 00:18:32,832 feature cache--->>> /home/annora/NetVLAD/output/train_feat_cache2.hdf5
2020-01-14 00:19:05,663 Allocated:121.533203125 MB
2020-01-14 00:19:05,663 Cached:2919.5 MB
2020-01-14 00:21:30,019 ==> Epoch[2](250/610): Loss: 0.2902
2020-01-14 00:21:30,021 Allocated:121.03369140625 MB
2020-01-14 00:21:30,021 Cached:6793.5 MB
2020-01-14 00:23:24,705 ==> Epoch[2](300/610): Loss: 0.2433
2020-01-14 00:23:24,706 Allocated:120.53369140625 MB
2020-01-14 00:23:24,706 Cached:6793.5 MB
2020-01-14 00:25:21,632 ==> Epoch[2](350/610): Loss: 0.2038
2020-01-14 00:25:21,634 Allocated:122.53369140625 MB
2020-01-14 00:25:21,634 Cached:6793.5 MB
2020-01-14 00:27:20,813 ==> Epoch[2](400/610): Loss: 0.2882
2020-01-14 00:27:20,815 Allocated:121.03369140625 MB
2020-01-14 00:27:20,816 Cached:6793.5 MB
2020-01-14 00:27:39,285 ====> Building Cache
2020-01-14 00:27:39,286 feature cache--->>> /home/annora/NetVLAD/output/train_feat_cache2.hdf5
2020-01-14 00:28:11,167 Allocated:121.533203125 MB
2020-01-14 00:28:11,168 Cached:2919.5 MB
2020-01-14 00:30:25,496 ==> Epoch[2](450/610): Loss: 0.3074
2020-01-14 00:30:25,498 Allocated:120.53369140625 MB
2020-01-14 00:30:25,498 Cached:6794.5 MB
2020-01-14 00:32:26,566 ==> Epoch[2](500/610): Loss: 0.3176
2020-01-14 00:32:26,568 Allocated:121.53369140625 MB
2020-01-14 00:32:26,568 Cached:6794.5 MB
2020-01-14 00:34:22,132 ==> Epoch[2](550/610): Loss: 0.3288
2020-01-14 00:34:22,134 Allocated:121.28369140625 MB
2020-01-14 00:34:22,134 Cached:6794.5 MB
2020-01-14 00:36:13,806 ==> Epoch[2](600/610): Loss: 0.3020
2020-01-14 00:36:13,807 Allocated:120.53369140625 MB
2020-01-14 00:36:13,808 Cached:6794.5 MB
2020-01-14 00:36:39,344 ===> Epoch 2 Complete: Avg. Loss: 0.3014
2020-01-14 00:36:39,345 ====> Extracting Features
2020-01-14 00:36:58,883 ==> Batch (50/184)
2020-01-14 00:37:06,530 ==> Batch (100/184)
2020-01-14 00:37:14,267 ==> Batch (150/184)
2020-01-14 00:37:21,086 ====> Building faiss index
2020-01-14 00:37:21,095 ====> Calculating recall @ N
2020-01-14 00:37:23,194 ====> Recall@1: 0.1546
2020-01-14 00:37:23,195 ====> Recall@2: 0.2057
2020-01-14 00:37:23,195 ====> Recall@3: 0.2400
2020-01-14 00:37:23,196 ====> Recall@4: 0.2662
2020-01-14 00:37:23,196 ====> Recall@5: 0.2925
2020-01-14 00:37:23,196 ====> Recall@10: 0.3842
2020-01-14 00:37:23,196 ====> Recall@15: 0.4483
2020-01-14 00:37:23,197 ====> Recall@20: 0.4968
2020-01-14 00:37:23,197 ====> Recall@25: 0.5367
2020-01-14 00:37:23,924 ====> Building Cache
2020-01-14 00:37:23,924 feature cache--->>> /home/annora/NetVLAD/output/train_feat_cache2.hdf5
2020-01-14 00:38:01,803 Allocated:119.53369140625 MB
2020-01-14 00:38:01,804 Cached:2919.5 MB
2020-01-14 00:40:32,121 ==> Epoch[3](50/610): Loss: 0.3065
2020-01-14 00:40:32,123 Allocated:122.03369140625 MB
2020-01-14 00:40:32,123 Cached:6794.5 MB
2020-01-14 00:42:37,617 ==> Epoch[3](100/610): Loss: 0.3076
2020-01-14 00:42:37,619 Allocated:120.53369140625 MB
2020-01-14 00:42:37,619 Cached:6794.5 MB
2020-01-14 00:44:44,209 ==> Epoch[3](150/610): Loss: 0.2921
2020-01-14 00:44:44,211 Allocated:121.03369140625 MB
2020-01-14 00:44:44,211 Cached:6794.5 MB
2020-01-14 00:46:43,642 ==> Epoch[3](200/610): Loss: 0.3146
2020-01-14 00:46:43,644 Allocated:122.03369140625 MB
2020-01-14 00:46:43,644 Cached:6794.5 MB
2020-01-14 00:46:52,921 ====> Building Cache
2020-01-14 00:46:52,922 feature cache--->>> /home/annora/NetVLAD/output/train_feat_cache2.hdf5
2020-01-14 00:47:32,025 Allocated:121.533203125 MB
2020-01-14 00:47:32,025 Cached:2919.5 MB
2020-01-14 00:49:56,070 ==> Epoch[3](250/610): Loss: 0.2491
2020-01-14 00:49:56,072 Allocated:121.03369140625 MB
2020-01-14 00:49:56,072 Cached:6793.5 MB
2020-01-14 00:51:55,502 ==> Epoch[3](300/610): Loss: 0.3319
2020-01-14 00:51:55,503 Allocated:120.53369140625 MB
2020-01-14 00:51:55,504 Cached:6793.5 MB
2020-01-14 00:53:46,526 ==> Epoch[3](350/610): Loss: 0.2656
2020-01-14 00:53:46,527 Allocated:122.53369140625 MB
2020-01-14 00:53:46,527 Cached:6793.5 MB
2020-01-14 00:55:40,924 ==> Epoch[3](400/610): Loss: 0.3031
2020-01-14 00:55:40,926 Allocated:121.03369140625 MB
2020-01-14 00:55:40,926 Cached:6793.5 MB
2020-01-14 00:56:00,064 ====> Building Cache
2020-01-14 00:56:00,064 feature cache--->>> /home/annora/NetVLAD/output/train_feat_cache2.hdf5
2020-01-14 00:56:31,616 Allocated:121.533203125 MB
2020-01-14 00:56:31,617 Cached:2919.5 MB
2020-01-14 00:58:44,102 ==> Epoch[3](450/610): Loss: 0.3213
2020-01-14 00:58:44,104 Allocated:120.53369140625 MB
2020-01-14 00:58:44,104 Cached:6793.5 MB
2020-01-14 01:00:45,698 ==> Epoch[3](500/610): Loss: 0.3133
2020-01-14 01:00:45,699 Allocated:121.53369140625 MB
2020-01-14 01:00:45,700 Cached:6793.5 MB
2020-01-14 01:02:42,537 ==> Epoch[3](550/610): Loss: 0.3062
2020-01-14 01:02:42,539 Allocated:121.28369140625 MB
2020-01-14 01:02:42,540 Cached:6794.5 MB
2020-01-14 01:04:37,809 ==> Epoch[3](600/610): Loss: 0.3272
2020-01-14 01:04:37,810 Allocated:120.53369140625 MB
2020-01-14 01:04:37,811 Cached:6794.5 MB
2020-01-14 01:05:02,621 ===> Epoch 3 Complete: Avg. Loss: 0.2978
2020-01-14 01:05:02,623 ====> Extracting Features
2020-01-14 01:05:18,105 ==> Batch (50/184)
2020-01-14 01:05:23,873 ==> Batch (100/184)
2020-01-14 01:05:29,811 ==> Batch (150/184)
2020-01-14 01:05:34,239 ====> Building faiss index
2020-01-14 01:05:34,248 ====> Calculating recall @ N
2020-01-14 01:05:36,791 ====> Recall@1: 0.1586
2020-01-14 01:05:36,792 ====> Recall@2: 0.2107
2020-01-14 01:05:36,792 ====> Recall@3: 0.2461
2020-01-14 01:05:36,793 ====> Recall@4: 0.2751
2020-01-14 01:05:36,793 ====> Recall@5: 0.3006
2020-01-14 01:05:36,793 ====> Recall@10: 0.3876
2020-01-14 01:05:36,793 ====> Recall@15: 0.4489
2020-01-14 01:05:36,793 ====> Recall@20: 0.4978
2020-01-14 01:05:36,794 ====> Recall@25: 0.5344
2020-01-14 01:05:37,492 ====> Building Cache
2020-01-14 01:05:37,492 feature cache--->>> /home/annora/NetVLAD/output/train_feat_cache2.hdf5
2020-01-14 01:06:16,663 Allocated:119.53369140625 MB
2020-01-14 01:06:16,664 Cached:2918.5 MB
2020-01-14 01:08:58,552 ==> Epoch[4](50/610): Loss: 0.3140
2020-01-14 01:08:58,553 Allocated:122.03369140625 MB
2020-01-14 01:08:58,554 Cached:6793.5 MB
2020-01-14 01:10:53,780 ==> Epoch[4](100/610): Loss: 0.3145
2020-01-14 01:10:53,781 Allocated:120.53369140625 MB
2020-01-14 01:10:53,781 Cached:6793.5 MB
2020-01-14 01:12:50,027 ==> Epoch[4](150/610): Loss: 0.3110
2020-01-14 01:12:50,028 Allocated:121.03369140625 MB
2020-01-14 01:12:50,029 Cached:6793.5 MB
2020-01-14 01:14:35,989 ==> Epoch[4](200/610): Loss: 0.3103
2020-01-14 01:14:35,990 Allocated:122.03369140625 MB
2020-01-14 01:14:35,991 Cached:6793.5 MB
2020-01-14 01:14:44,359 ====> Building Cache
2020-01-14 01:14:44,360 feature cache--->>> /home/annora/NetVLAD/output/train_feat_cache2.hdf5
2020-01-14 01:15:14,473 Allocated:121.533203125 MB
2020-01-14 01:15:14,473 Cached:2919.5 MB
2020-01-14 01:17:40,869 ==> Epoch[4](250/610): Loss: 0.3028
2020-01-14 01:17:40,871 Allocated:121.03369140625 MB
2020-01-14 01:17:40,871 Cached:6794.5 MB
2020-01-14 01:19:38,920 ==> Epoch[4](300/610): Loss: 0.2016
2020-01-14 01:19:38,921 Allocated:120.53369140625 MB
2020-01-14 01:19:38,921 Cached:6794.5 MB
2020-01-14 01:21:37,574 ==> Epoch[4](350/610): Loss: 0.2930
2020-01-14 01:21:37,575 Allocated:122.53369140625 MB
2020-01-14 01:21:37,575 Cached:6794.5 MB
2020-01-14 01:23:30,384 ==> Epoch[4](400/610): Loss: 0.2617
2020-01-14 01:23:30,385 Allocated:121.03369140625 MB
2020-01-14 01:23:30,386 Cached:6794.5 MB
2020-01-14 01:23:48,278 ====> Building Cache
2020-01-14 01:23:48,278 feature cache--->>> /home/annora/NetVLAD/output/train_feat_cache2.hdf5
2020-01-14 01:24:21,528 Allocated:121.533203125 MB
2020-01-14 01:24:21,529 Cached:2919.5 MB
2020-01-14 01:26:30,317 ==> Epoch[4](450/610): Loss: 0.3046
2020-01-14 01:26:30,318 Allocated:121.53369140625 MB
2020-01-14 01:26:30,318 Cached:8034.625 MB
2020-01-14 01:28:27,324 ==> Epoch[4](500/610): Loss: 0.3182
2020-01-14 01:28:27,325 Allocated:121.65869140625 MB
2020-01-14 01:28:27,326 Cached:8034.625 MB
2020-01-14 01:30:23,071 ==> Epoch[4](550/610): Loss: 0.3120
2020-01-14 01:30:23,072 Allocated:120.53369140625 MB
2020-01-14 01:30:23,072 Cached:8034.625 MB
2020-01-14 01:32:11,819 ==> Epoch[4](600/610): Loss: 0.2996
2020-01-14 01:32:11,820 Allocated:120.53369140625 MB
2020-01-14 01:32:11,820 Cached:8034.625 MB
2020-01-14 01:32:37,483 ===> Epoch 4 Complete: Avg. Loss: 0.3020
2020-01-14 01:32:37,485 ====> Extracting Features
2020-01-14 01:32:58,115 ==> Batch (50/184)
2020-01-14 01:33:06,799 ==> Batch (100/184)
2020-01-14 01:33:14,483 ==> Batch (150/184)
2020-01-14 01:33:18,507 ====> Building faiss index
2020-01-14 01:33:18,516 ====> Calculating recall @ N
2020-01-14 01:33:21,482 ====> Recall@1: 0.1558
2020-01-14 01:33:21,483 ====> Recall@2: 0.2056
2020-01-14 01:33:21,484 ====> Recall@3: 0.2436
2020-01-14 01:33:21,485 ====> Recall@4: 0.2702
2020-01-14 01:33:21,485 ====> Recall@5: 0.2953
2020-01-14 01:33:21,486 ====> Recall@10: 0.3897
2020-01-14 01:33:21,486 ====> Recall@15: 0.4515
2020-01-14 01:33:21,486 ====> Recall@20: 0.4999
2020-01-14 01:33:21,487 ====> Recall@25: 0.5392
2020-01-14 01:33:21,932 ====> Building Cache
2020-01-14 01:33:21,933 feature cache--->>> /home/annora/NetVLAD/output/train_feat_cache2.hdf5
2020-01-14 01:33:52,059 Allocated:119.53369140625 MB
2020-01-14 01:33:52,060 Cached:2919.5 MB
2020-01-14 01:36:30,583 ==> Epoch[5](50/610): Loss: 0.3114
2020-01-14 01:36:30,586 Allocated:120.53369140625 MB
2020-01-14 01:36:30,586 Cached:6794.5 MB
2020-01-14 01:38:35,280 ==> Epoch[5](100/610): Loss: 0.2994
2020-01-14 01:38:35,282 Allocated:121.53369140625 MB
2020-01-14 01:38:35,282 Cached:6794.5 MB
2020-01-14 01:40:44,052 ==> Epoch[5](150/610): Loss: 0.3209
2020-01-14 01:40:44,055 Allocated:121.65869140625 MB
2020-01-14 01:40:44,055 Cached:6794.5 MB
2020-01-14 01:42:52,574 ==> Epoch[5](200/610): Loss: 0.3049
2020-01-14 01:42:52,575 Allocated:120.53369140625 MB
2020-01-14 01:42:52,576 Cached:6794.5 MB
2020-01-14 01:43:01,930 ====> Building Cache
2020-01-14 01:43:01,932 feature cache--->>> /home/annora/NetVLAD/output/train_feat_cache2.hdf5
2020-01-14 01:43:40,444 Allocated:121.908203125 MB
2020-01-14 01:43:40,445 Cached:2919.5 MB
2020-01-14 01:46:00,880 ==> Epoch[5](250/610): Loss: 0.2492
2020-01-14 01:46:00,883 Allocated:121.53369140625 MB
2020-01-14 01:46:00,884 Cached:6793.5 MB
2020-01-14 01:48:14,054 ==> Epoch[5](300/610): Loss: 0.2340
2020-01-14 01:48:14,055 Allocated:121.65869140625 MB
2020-01-14 01:48:14,055 Cached:6793.5 MB
2020-01-14 01:50:27,769 ==> Epoch[5](350/610): Loss: 0.2315
2020-01-14 01:50:27,770 Allocated:120.53369140625 MB
2020-01-14 01:50:27,770 Cached:6793.5 MB
2020-01-14 01:52:39,396 ==> Epoch[5](400/610): Loss: 0.2475
2020-01-14 01:52:39,398 Allocated:121.53369140625 MB
2020-01-14 01:52:39,398 Cached:6793.5 MB
2020-01-14 01:52:57,517 ====> Building Cache
2020-01-14 01:52:57,517 feature cache--->>> /home/annora/NetVLAD/output/train_feat_cache2.hdf5
2020-01-14 01:53:28,191 Allocated:121.533203125 MB
2020-01-14 01:53:28,192 Cached:2919.5 MB
2020-01-14 01:55:39,253 ==> Epoch[5](450/610): Loss: 0.3150
2020-01-14 01:55:39,255 Allocated:121.53369140625 MB
2020-01-14 01:55:39,255 Cached:8050.625 MB
2020-01-14 01:57:43,691 ==> Epoch[5](500/610): Loss: 0.3173
2020-01-14 01:57:43,693 Allocated:120.53369140625 MB
2020-01-14 01:57:43,694 Cached:8050.625 MB
2020-01-14 01:59:47,687 ==> Epoch[5](550/610): Loss: 0.3117
2020-01-14 01:59:47,688 Allocated:120.53369140625 MB
2020-01-14 01:59:47,688 Cached:8050.625 MB
2020-01-14 02:01:50,566 ==> Epoch[5](600/610): Loss: 0.3100
2020-01-14 02:01:50,568 Allocated:121.15869140625 MB
2020-01-14 02:01:50,569 Cached:8050.625 MB
2020-01-14 02:02:19,760 ===> Epoch 5 Complete: Avg. Loss: 0.2948
2020-01-14 02:02:19,762 ====> Extracting Features
2020-01-14 02:02:36,568 ==> Batch (50/184)
2020-01-14 02:02:42,362 ==> Batch (100/184)
2020-01-14 02:02:47,844 ==> Batch (150/184)
2020-01-14 02:02:51,762 ====> Building faiss index
2020-01-14 02:02:51,769 ====> Calculating recall @ N
2020-01-14 02:02:53,791 ====> Recall@1: 0.1630
2020-01-14 02:02:53,792 ====> Recall@2: 0.2144
2020-01-14 02:02:53,792 ====> Recall@3: 0.2504
2020-01-14 02:02:53,792 ====> Recall@4: 0.2819
2020-01-14 02:02:53,793 ====> Recall@5: 0.3069
2020-01-14 02:02:53,793 ====> Recall@10: 0.3976
2020-01-14 02:02:53,793 ====> Recall@15: 0.4639
2020-01-14 02:02:53,793 ====> Recall@20: 0.5137
2020-01-14 02:02:53,793 ====> Recall@25: 0.5572
2020-01-14 02:02:54,591 ====> Building Cache
2020-01-14 02:02:54,592 feature cache--->>> /home/annora/NetVLAD/output/train_feat_cache2.hdf5
2020-01-14 02:03:29,823 Allocated:119.03369140625 MB
2020-01-14 02:03:29,824 Cached:2917.5 MB
2020-01-14 02:06:02,273 ==> Epoch[6](50/610): Loss: 0.3101
2020-01-14 02:06:02,276 Allocated:122.03369140625 MB
2020-01-14 02:06:02,276 Cached:6794.5 MB
2020-01-14 02:08:13,006 ==> Epoch[6](100/610): Loss: 0.3137
2020-01-14 02:08:13,007 Allocated:120.53369140625 MB
2020-01-14 02:08:13,008 Cached:6794.5 MB
2020-01-14 02:10:12,738 ==> Epoch[6](150/610): Loss: 0.3109
2020-01-14 02:10:12,739 Allocated:121.03369140625 MB
2020-01-14 02:10:12,740 Cached:6794.5 MB
2020-01-14 02:12:14,947 ==> Epoch[6](200/610): Loss: 0.3129
2020-01-14 02:12:14,949 Allocated:122.03369140625 MB
2020-01-14 02:12:14,949 Cached:6794.5 MB
2020-01-14 02:12:24,747 ====> Building Cache
2020-01-14 02:12:24,748 feature cache--->>> /home/annora/NetVLAD/output/train_feat_cache2.hdf5
2020-01-14 02:12:55,380 Allocated:121.533203125 MB
2020-01-14 02:12:55,381 Cached:2919.5 MB
2020-01-14 02:15:08,630 ==> Epoch[6](250/610): Loss: 0.2924
2020-01-14 02:15:08,632 Allocated:121.03369140625 MB
2020-01-14 02:15:08,632 Cached:6793.5 MB
2020-01-14 02:17:08,705 ==> Epoch[6](300/610): Loss: 0.2710
2020-01-14 02:17:08,707 Allocated:120.53369140625 MB
2020-01-14 02:17:08,707 Cached:6793.5 MB
2020-01-14 02:19:08,510 ==> Epoch[6](350/610): Loss: 0.2616
2020-01-14 02:19:08,511 Allocated:122.53369140625 MB
2020-01-14 02:19:08,511 Cached:6793.5 MB
