2020-02-03 18:34:42,701 Namespace(arch='alexnet', batchSize=12, cacheBatchSize=96, cachePath='/home/annora/NetVLAD/output/', cacheRefreshRate=3000, ckpt='best', contilearn=False, dataPath='/home/annora/NetVLAD/output/data/', dataset='robotcar', evalEvery=1, fromscratch=False, fromtask='/home/annora/NetVLAD/output/runs/2020-01-12-15-03-37_alexnet_netvlad', lr=0.1, lrGamma=0.5, lrStep=5, margin=0.1, mode='train', momentum=0.9, nEpochs=30, nGPU=1, nocuda=False, num_clusters=64, optim='SGD', patience=10, pooling='netvlad', premodel='imagenet', resume='', runsPath='/home/annora/NetVLAD/output/runs/', savePath='checkpoints', seed=123, split='val', start_epoch=0, threads=8, vladv2=False, weightDecay=0.001)
2020-02-03 18:34:42,770 ===> Loading dataset(s)
2020-02-03 18:34:42,770 trainfile ------>>>>>> oxRobocar_doubleN_train.mat
2020-02-03 18:34:45,649 ====> Training set: oxRobocar_doubleN_train.mat, query set count: 6404
2020-02-03 18:34:45,754 ===> Evaluating on val set: oxRobocar_doubleN_val.mat, query count: 3450
2020-02-03 18:34:45,754 ===> Building model
2020-02-03 18:34:45,807 encoder moder:
AlexNet(
  (conv1): Sequential(
    (0): Conv2d(3, 64, kernel_size=(11, 11), stride=(4, 4), padding=(2, 2))
    (1): ReLU(inplace)
    (2): MaxPool2d(kernel_size=3, stride=2, padding=0, dilation=1, ceil_mode=False)
  )
  (conv2): Sequential(
    (0): Conv2d(64, 192, kernel_size=(5, 5), stride=(1, 1), padding=(2, 2))
    (1): ReLU(inplace)
    (2): MaxPool2d(kernel_size=3, stride=2, padding=0, dilation=1, ceil_mode=False)
  )
  (conv3): Sequential(
    (0): Conv2d(192, 384, kernel_size=(3, 3), stride=(1, 1), padding=(1, 1))
    (1): ReLU(inplace)
  )
  (conv4): Sequential(
    (0): Conv2d(384, 256, kernel_size=(3, 3), stride=(1, 1), padding=(1, 1))
    (1): ReLU(inplace)
  )
  (conv5): Sequential(
    (0): Conv2d(256, 256, kernel_size=(3, 3), stride=(1, 1), padding=(1, 1))
  )
)
2020-02-03 18:34:50,544 => loading checkpoint '/home/annora/NetVLAD/output/runs/2020-01-12-15-03-37_alexnet_netvlad/checkpoints/model_best.pth.tar'
2020-02-03 18:34:50,564 => loaded checkpoint '/home/annora/NetVLAD/output/runs/2020-01-12-15-03-37_alexnet_netvlad/checkpoints/model_best.pth.tar' 
2020-02-03 18:34:50,564 ===> Training model
2020-02-03 18:34:50,566 ===> Saving state to: /home/annora/NetVLAD/output/runs/2020-02-03-18-34-50_alexnet_netvlad
2020-02-03 18:34:50,566 ====> Building Cache
2020-02-03 18:34:50,566 feature cache--->>> /home/annora/NetVLAD/output/train_feat_cache1.hdf5
2020-02-03 18:36:24,319 Allocated:11.71826171875 MB
2020-02-03 18:36:24,320 Cached:2776.125 MB
2020-02-03 18:39:33,798 ==> Epoch[1](50/534): Loss: 0.0806
2020-02-03 18:39:33,807 Allocated:34.15576171875 MB
2020-02-03 18:39:33,807 Cached:9103.25 MB
2020-02-03 18:41:38,327 ==> Epoch[1](100/534): Loss: 0.0587
2020-02-03 18:41:38,328 Allocated:34.15576171875 MB
2020-02-03 18:41:38,329 Cached:9103.25 MB
2020-02-03 18:44:27,569 ==> Epoch[1](150/534): Loss: 0.0113
2020-02-03 18:44:27,572 Allocated:34.15576171875 MB
2020-02-03 18:44:27,572 Cached:9103.25 MB
2020-02-03 18:45:59,588 ====> Building Cache
2020-02-03 18:45:59,590 feature cache--->>> /home/annora/NetVLAD/output/train_feat_cache1.hdf5
2020-02-03 18:47:48,436 Allocated:34.1552734375 MB
2020-02-03 18:47:48,436 Cached:3293.625 MB
2020-02-03 18:49:19,266 ==> Epoch[1](200/534): Loss: 0.1676
2020-02-03 18:49:19,269 Allocated:34.15576171875 MB
2020-02-03 18:49:19,269 Cached:7184.625 MB
2020-02-03 18:51:18,277 ==> Epoch[1](250/534): Loss: 0.0593
2020-02-03 18:51:18,279 Allocated:34.15576171875 MB
2020-02-03 18:51:18,279 Cached:7184.625 MB
2020-02-03 18:54:27,898 ==> Epoch[1](300/534): Loss: 0.0583
2020-02-03 18:54:27,901 Allocated:34.15576171875 MB
2020-02-03 18:54:27,901 Cached:7184.625 MB
2020-02-03 18:57:04,197 ==> Epoch[1](350/534): Loss: 0.0645
2020-02-03 18:57:04,200 Allocated:34.15576171875 MB
2020-02-03 18:57:04,200 Cached:7184.625 MB
2020-02-03 18:57:26,040 ====> Building Cache
2020-02-03 18:57:26,042 feature cache--->>> /home/annora/NetVLAD/output/train_feat_cache1.hdf5
2020-02-03 18:59:17,854 Allocated:34.1552734375 MB
2020-02-03 18:59:17,855 Cached:3293.625 MB
2020-02-03 19:01:49,416 ==> Epoch[1](400/534): Loss: 0.1403
2020-02-03 19:01:49,419 Allocated:34.15576171875 MB
2020-02-03 19:01:49,420 Cached:5847.25 MB
2020-02-03 19:04:50,839 ==> Epoch[1](450/534): Loss: 0.0709
2020-02-03 19:04:50,842 Allocated:34.15576171875 MB
2020-02-03 19:04:50,842 Cached:9721.25 MB
2020-02-03 19:06:58,386 ==> Epoch[1](500/534): Loss: 0.1202
2020-02-03 19:06:58,390 Allocated:34.15576171875 MB
2020-02-03 19:06:58,391 Cached:9721.25 MB
2020-02-03 19:08:05,205 ===> Epoch 1 Complete: Avg. Loss: 0.0785
2020-02-03 19:08:05,208 ====> Extracting Features
2020-02-03 19:08:51,322 ==> Batch (50/108)
2020-02-03 19:09:37,114 ==> Batch (100/108)
2020-02-03 19:09:47,704 ====> Building faiss index
2020-02-03 19:09:48,277 ====> Calculating recall @ N
2020-02-03 19:09:54,468 ====> Recall@1: 0.4733
2020-02-03 19:09:54,470 ====> Recall@2: 0.5171
2020-02-03 19:09:54,470 ====> Recall@3: 0.5438
2020-02-03 19:09:54,471 ====> Recall@4: 0.5594
2020-02-03 19:09:54,471 ====> Recall@5: 0.5728
2020-02-03 19:09:54,472 ====> Recall@10: 0.6087
2020-02-03 19:09:54,472 ====> Recall@15: 0.6380
2020-02-03 19:09:54,472 ====> Recall@20: 0.6516
2020-02-03 19:09:54,473 ====> Recall@25: 0.6678
2020-02-03 19:09:54,686 ====> Building Cache
2020-02-03 19:09:54,686 feature cache--->>> /home/annora/NetVLAD/output/train_feat_cache1.hdf5
2020-02-03 19:11:48,064 Allocated:32.15576171875 MB
2020-02-03 19:11:48,064 Cached:3993.125 MB
2020-02-03 19:14:48,566 ==> Epoch[2](50/534): Loss: 0.0475
2020-02-03 19:14:48,568 Allocated:34.15576171875 MB
2020-02-03 19:14:48,569 Cached:9931.625 MB
2020-02-03 19:16:58,888 ==> Epoch[2](100/534): Loss: 0.1043
2020-02-03 19:16:58,890 Allocated:34.15576171875 MB
2020-02-03 19:16:58,890 Cached:9931.625 MB
2020-02-03 19:18:45,754 ==> Epoch[2](150/534): Loss: 0.0434
2020-02-03 19:18:45,757 Allocated:34.15576171875 MB
2020-02-03 19:18:45,758 Cached:6039.0 MB
2020-02-03 19:19:35,131 ====> Building Cache
2020-02-03 19:19:35,132 feature cache--->>> /home/annora/NetVLAD/output/train_feat_cache1.hdf5
2020-02-03 19:21:37,163 Allocated:34.1552734375 MB
2020-02-03 19:21:37,164 Cached:3294.625 MB
2020-02-03 19:23:31,850 ==> Epoch[2](200/534): Loss: 0.1154
2020-02-03 19:23:31,852 Allocated:34.15576171875 MB
2020-02-03 19:23:31,852 Cached:9371.125 MB
2020-02-03 19:25:54,455 ==> Epoch[2](250/534): Loss: 0.1667
2020-02-03 19:25:54,458 Allocated:34.15576171875 MB
2020-02-03 19:25:54,459 Cached:5990.625 MB
2020-02-03 19:27:55,427 ==> Epoch[2](300/534): Loss: 0.0793
2020-02-03 19:27:55,429 Allocated:34.15576171875 MB
2020-02-03 19:27:55,429 Cached:7298.0 MB
2020-02-03 19:30:23,585 ==> Epoch[2](350/534): Loss: 0.1591
2020-02-03 19:30:23,588 Allocated:34.15576171875 MB
2020-02-03 19:30:23,588 Cached:7298.0 MB
2020-02-03 19:30:44,507 ====> Building Cache
2020-02-03 19:30:44,508 feature cache--->>> /home/annora/NetVLAD/output/train_feat_cache1.hdf5
2020-02-03 19:32:40,383 Allocated:34.1552734375 MB
2020-02-03 19:32:40,383 Cached:3294.625 MB
2020-02-03 19:35:22,336 ==> Epoch[2](400/534): Loss: 0.0387
2020-02-03 19:35:22,342 Allocated:34.15576171875 MB
2020-02-03 19:35:22,342 Cached:8126.75 MB
2020-02-03 19:37:31,969 ==> Epoch[2](450/534): Loss: 0.0864
2020-02-03 19:37:31,971 Allocated:34.15576171875 MB
2020-02-03 19:37:31,972 Cached:9387.0 MB
2020-02-03 19:39:23,816 ==> Epoch[2](500/534): Loss: 0.0243
2020-02-03 19:39:23,819 Allocated:34.15576171875 MB
2020-02-03 19:39:23,819 Cached:5890.5 MB
2020-02-03 19:41:18,432 ===> Epoch 2 Complete: Avg. Loss: 0.0879
2020-02-03 19:41:18,434 ====> Extracting Features
2020-02-03 19:42:15,088 ==> Batch (50/108)
2020-02-03 19:42:46,242 ==> Batch (100/108)
2020-02-03 19:42:51,927 ====> Building faiss index
2020-02-03 19:42:52,315 ====> Calculating recall @ N
2020-02-03 19:42:54,710 ====> Recall@1: 0.4348
2020-02-03 19:42:54,711 ====> Recall@2: 0.4638
2020-02-03 19:42:54,712 ====> Recall@3: 0.4809
2020-02-03 19:42:54,712 ====> Recall@4: 0.4942
2020-02-03 19:42:54,712 ====> Recall@5: 0.5029
2020-02-03 19:42:54,712 ====> Recall@10: 0.5409
2020-02-03 19:42:54,712 ====> Recall@15: 0.5562
2020-02-03 19:42:54,713 ====> Recall@20: 0.5672
2020-02-03 19:42:54,713 ====> Recall@25: 0.5783
2020-02-03 19:42:54,857 ====> Building Cache
2020-02-03 19:42:54,857 feature cache--->>> /home/annora/NetVLAD/output/train_feat_cache1.hdf5
2020-02-03 19:44:47,811 Allocated:32.15576171875 MB
2020-02-03 19:44:47,812 Cached:3993.125 MB
2020-02-03 19:47:23,003 ==> Epoch[3](50/534): Loss: 0.0736
2020-02-03 19:47:23,018 Allocated:34.15576171875 MB
2020-02-03 19:47:23,019 Cached:5901.125 MB
2020-02-03 19:49:15,303 ==> Epoch[3](100/534): Loss: 0.0546
2020-02-03 19:49:15,306 Allocated:34.15576171875 MB
2020-02-03 19:49:15,307 Cached:5901.125 MB
2020-02-03 19:51:26,000 ==> Epoch[3](150/534): Loss: 0.1393
2020-02-03 19:51:26,003 Allocated:34.15576171875 MB
2020-02-03 19:51:26,003 Cached:5901.125 MB
2020-02-03 19:52:37,574 ====> Building Cache
2020-02-03 19:52:37,574 feature cache--->>> /home/annora/NetVLAD/output/train_feat_cache1.hdf5
2020-02-03 19:54:24,473 Allocated:34.1552734375 MB
2020-02-03 19:54:24,474 Cached:3294.625 MB
2020-02-03 19:55:46,221 ==> Epoch[3](200/534): Loss: 0.3375
2020-02-03 19:55:46,224 Allocated:34.15576171875 MB
2020-02-03 19:55:46,224 Cached:4529.625 MB
2020-02-03 19:57:45,348 ==> Epoch[3](250/534): Loss: 0.2208
2020-02-03 19:57:45,351 Allocated:34.15576171875 MB
2020-02-03 19:57:45,351 Cached:5777.125 MB
2020-02-03 20:00:11,023 ==> Epoch[3](300/534): Loss: 0.1333
2020-02-03 20:00:11,026 Allocated:34.15576171875 MB
2020-02-03 20:00:11,026 Cached:5777.125 MB
2020-02-03 20:02:50,848 ==> Epoch[3](350/534): Loss: 0.1532
2020-02-03 20:02:50,850 Allocated:34.15576171875 MB
2020-02-03 20:02:50,850 Cached:5777.125 MB
2020-02-03 20:03:02,091 ====> Building Cache
2020-02-03 20:03:02,092 feature cache--->>> /home/annora/NetVLAD/output/train_feat_cache1.hdf5
2020-02-03 20:05:00,190 Allocated:34.1552734375 MB
2020-02-03 20:05:00,191 Cached:3294.625 MB
2020-02-03 20:07:31,093 ==> Epoch[3](400/534): Loss: 0.0498
2020-02-03 20:07:31,097 Allocated:34.15576171875 MB
2020-02-03 20:07:31,097 Cached:9624.875 MB
2020-02-03 20:10:07,677 ==> Epoch[3](450/534): Loss: 0.0336
2020-02-03 20:10:07,682 Allocated:34.15576171875 MB
2020-02-03 20:10:07,683 Cached:5648.5 MB
2020-02-03 20:12:50,048 ==> Epoch[3](500/534): Loss: 0.0115
2020-02-03 20:12:50,054 Allocated:34.15576171875 MB
2020-02-03 20:12:50,055 Cached:5648.5 MB
2020-02-03 20:14:21,422 ===> Epoch 3 Complete: Avg. Loss: 0.0967
2020-02-03 20:14:21,425 ====> Extracting Features
2020-02-03 20:15:09,605 ==> Batch (50/108)
2020-02-03 20:15:37,874 ==> Batch (100/108)
2020-02-03 20:15:42,511 ====> Building faiss index
2020-02-03 20:15:42,904 ====> Calculating recall @ N
2020-02-03 20:15:45,816 ====> Recall@1: 0.3258
2020-02-03 20:15:45,817 ====> Recall@2: 0.3626
2020-02-03 20:15:45,818 ====> Recall@3: 0.3867
2020-02-03 20:15:45,818 ====> Recall@4: 0.3991
2020-02-03 20:15:45,818 ====> Recall@5: 0.4099
2020-02-03 20:15:45,819 ====> Recall@10: 0.4580
2020-02-03 20:15:45,819 ====> Recall@15: 0.4901
2020-02-03 20:15:45,819 ====> Recall@20: 0.5154
2020-02-03 20:15:45,819 ====> Recall@25: 0.5342
2020-02-03 20:15:45,982 ====> Building Cache
2020-02-03 20:15:45,982 feature cache--->>> /home/annora/NetVLAD/output/train_feat_cache1.hdf5
2020-02-03 20:17:42,625 Allocated:32.15576171875 MB
2020-02-03 20:17:42,625 Cached:3993.125 MB
2020-02-03 20:20:40,249 ==> Epoch[4](50/534): Loss: 0.0498
2020-02-03 20:20:40,253 Allocated:34.15576171875 MB
2020-02-03 20:20:40,254 Cached:7596.875 MB
2020-02-03 20:22:35,577 ==> Epoch[4](100/534): Loss: 0.0602
2020-02-03 20:22:35,590 Allocated:34.15576171875 MB
2020-02-03 20:22:35,590 Cached:8817.875 MB
2020-02-03 20:24:34,851 ==> Epoch[4](150/534): Loss: 0.0097
2020-02-03 20:24:34,855 Allocated:34.15576171875 MB
2020-02-03 20:24:34,855 Cached:3135.375 MB
2020-02-03 20:26:09,244 ====> Building Cache
2020-02-03 20:26:09,245 feature cache--->>> /home/annora/NetVLAD/output/train_feat_cache1.hdf5
2020-02-03 20:28:16,033 Allocated:34.1552734375 MB
2020-02-03 20:28:16,034 Cached:3294.625 MB
2020-02-03 20:29:45,271 ==> Epoch[4](200/534): Loss: 0.3027
2020-02-03 20:29:45,275 Allocated:34.15576171875 MB
2020-02-03 20:29:45,276 Cached:5649.875 MB
2020-02-03 20:31:05,485 ==> Epoch[4](250/534): Loss: 0.0490
2020-02-03 20:31:05,487 Allocated:34.15576171875 MB
2020-02-03 20:31:05,488 Cached:8058.875 MB
2020-02-03 20:33:07,581 ==> Epoch[4](300/534): Loss: 0.1353
2020-02-03 20:33:07,584 Allocated:34.15576171875 MB
2020-02-03 20:33:07,585 Cached:8058.875 MB
2020-02-03 20:34:49,856 ==> Epoch[4](350/534): Loss: 0.1400
2020-02-03 20:34:49,861 Allocated:34.15576171875 MB
2020-02-03 20:34:49,862 Cached:8058.875 MB
2020-02-03 20:34:57,314 ====> Building Cache
2020-02-03 20:34:57,314 feature cache--->>> /home/annora/NetVLAD/output/train_feat_cache1.hdf5
2020-02-03 20:36:58,445 Allocated:34.1552734375 MB
2020-02-03 20:36:58,446 Cached:3294.625 MB
2020-02-03 20:39:34,520 ==> Epoch[4](400/534): Loss: 0.0144
2020-02-03 20:39:34,523 Allocated:34.15576171875 MB
2020-02-03 20:39:34,523 Cached:9721.25 MB
2020-02-03 20:41:20,920 ==> Epoch[4](450/534): Loss: 0.0122
2020-02-03 20:41:20,926 Allocated:34.15576171875 MB
2020-02-03 20:41:20,927 Cached:9721.25 MB
2020-02-03 20:44:08,620 ==> Epoch[4](500/534): Loss: 0.0431
2020-02-03 20:44:08,623 Allocated:34.15576171875 MB
2020-02-03 20:44:08,623 Cached:9721.25 MB
2020-02-03 20:45:55,200 ===> Epoch 4 Complete: Avg. Loss: 0.0778
2020-02-03 20:45:55,202 ====> Extracting Features
2020-02-03 20:46:51,312 ==> Batch (50/108)
2020-02-03 20:47:29,253 ==> Batch (100/108)
2020-02-03 20:47:34,837 ====> Building faiss index
2020-02-03 20:47:35,223 ====> Calculating recall @ N
2020-02-03 20:47:38,066 ====> Recall@1: 0.3638
2020-02-03 20:47:38,067 ====> Recall@2: 0.4136
2020-02-03 20:47:38,067 ====> Recall@3: 0.4426
2020-02-03 20:47:38,067 ====> Recall@4: 0.4629
2020-02-03 20:47:38,068 ====> Recall@5: 0.4823
2020-02-03 20:47:38,068 ====> Recall@10: 0.5365
2020-02-03 20:47:38,068 ====> Recall@15: 0.5588
2020-02-03 20:47:38,068 ====> Recall@20: 0.5765
2020-02-03 20:47:38,068 ====> Recall@25: 0.5896
2020-02-03 20:47:38,216 ====> Building Cache
2020-02-03 20:47:38,217 feature cache--->>> /home/annora/NetVLAD/output/train_feat_cache1.hdf5
2020-02-03 20:49:36,895 Allocated:32.15576171875 MB
2020-02-03 20:49:36,896 Cached:3993.125 MB
2020-02-03 20:52:34,502 ==> Epoch[5](50/534): Loss: 0.0394
2020-02-03 20:52:34,505 Allocated:34.15576171875 MB
2020-02-03 20:52:34,505 Cached:3293.875 MB
2020-02-03 20:54:35,686 ==> Epoch[5](100/534): Loss: 0.0279
2020-02-03 20:54:35,689 Allocated:34.15576171875 MB
2020-02-03 20:54:35,689 Cached:4526.375 MB
2020-02-03 20:56:38,324 ==> Epoch[5](150/534): Loss: 0.0182
2020-02-03 20:56:38,326 Allocated:34.15576171875 MB
2020-02-03 20:56:38,326 Cached:4526.375 MB
2020-02-03 20:57:34,528 ====> Building Cache
2020-02-03 20:57:34,529 feature cache--->>> /home/annora/NetVLAD/output/train_feat_cache1.hdf5
2020-02-03 20:59:18,111 Allocated:34.1552734375 MB
2020-02-03 20:59:18,112 Cached:3294.625 MB
2020-02-03 21:00:23,374 ==> Epoch[5](200/534): Loss: 0.1304
2020-02-03 21:00:23,377 Allocated:34.15576171875 MB
2020-02-03 21:00:23,377 Cached:5605.25 MB
2020-02-03 21:01:36,765 ==> Epoch[5](250/534): Loss: 0.1740
2020-02-03 21:01:36,768 Allocated:34.15576171875 MB
2020-02-03 21:01:36,769 Cached:6775.25 MB
2020-02-03 21:03:02,190 ==> Epoch[5](300/534): Loss: 0.1515
2020-02-03 21:03:02,192 Allocated:34.15576171875 MB
2020-02-03 21:03:02,192 Cached:6775.25 MB
2020-02-03 21:04:16,250 ==> Epoch[5](350/534): Loss: 0.1961
2020-02-03 21:04:16,251 Allocated:34.15576171875 MB
2020-02-03 21:04:16,252 Cached:6775.25 MB
2020-02-03 21:04:28,509 ====> Building Cache
2020-02-03 21:04:28,511 feature cache--->>> /home/annora/NetVLAD/output/train_feat_cache1.hdf5
2020-02-03 21:06:02,423 Allocated:34.1552734375 MB
2020-02-03 21:06:02,424 Cached:3294.625 MB
2020-02-03 21:08:00,800 ==> Epoch[5](400/534): Loss: 0.0827
2020-02-03 21:08:00,802 Allocated:34.15576171875 MB
2020-02-03 21:08:00,803 Cached:8424.75 MB
2020-02-03 21:09:28,401 ==> Epoch[5](450/534): Loss: 0.0446
2020-02-03 21:09:28,404 Allocated:34.15576171875 MB
2020-02-03 21:09:28,404 Cached:8424.75 MB
2020-02-03 21:11:07,202 ==> Epoch[5](500/534): Loss: 0.0682
2020-02-03 21:11:07,205 Allocated:34.15576171875 MB
2020-02-03 21:11:07,206 Cached:8424.75 MB
2020-02-03 21:12:10,152 ===> Epoch 5 Complete: Avg. Loss: 0.0769
2020-02-03 21:12:10,154 ====> Extracting Features
2020-02-03 21:12:49,718 ==> Batch (50/108)
2020-02-03 21:13:13,357 ==> Batch (100/108)
2020-02-03 21:13:17,955 ====> Building faiss index
2020-02-03 21:13:18,330 ====> Calculating recall @ N
2020-02-03 21:13:20,680 ====> Recall@1: 0.4872
2020-02-03 21:13:20,681 ====> Recall@2: 0.5214
2020-02-03 21:13:20,682 ====> Recall@3: 0.5696
2020-02-03 21:13:20,682 ====> Recall@4: 0.5832
2020-02-03 21:13:20,682 ====> Recall@5: 0.5965
2020-02-03 21:13:20,683 ====> Recall@10: 0.6301
2020-02-03 21:13:20,683 ====> Recall@15: 0.6542
2020-02-03 21:13:20,683 ====> Recall@20: 0.6748
2020-02-03 21:13:20,683 ====> Recall@25: 0.6870
2020-02-03 21:13:20,882 ====> Building Cache
2020-02-03 21:13:20,882 feature cache--->>> /home/annora/NetVLAD/output/train_feat_cache1.hdf5
2020-02-03 21:14:55,986 Allocated:32.15576171875 MB
2020-02-03 21:14:55,986 Cached:3993.125 MB
2020-02-03 21:16:48,567 ==> Epoch[6](50/534): Loss: 0.0739
2020-02-03 21:16:48,570 Allocated:34.15576171875 MB
2020-02-03 21:16:48,570 Cached:6388.625 MB
2020-02-03 21:17:57,655 ==> Epoch[6](100/534): Loss: 0.0249
2020-02-03 21:17:57,658 Allocated:34.15576171875 MB
2020-02-03 21:17:57,658 Cached:6388.625 MB
2020-02-03 21:19:17,682 ==> Epoch[6](150/534): Loss: 0.0803
2020-02-03 21:19:17,686 Allocated:34.15576171875 MB
2020-02-03 21:19:17,686 Cached:7600.125 MB
2020-02-03 21:20:02,194 ====> Building Cache
2020-02-03 21:20:02,195 feature cache--->>> /home/annora/NetVLAD/output/train_feat_cache1.hdf5
2020-02-03 21:21:36,458 Allocated:34.1552734375 MB
2020-02-03 21:21:36,459 Cached:3294.625 MB
2020-02-03 21:22:51,747 ==> Epoch[6](200/534): Loss: 0.1450
2020-02-03 21:22:51,751 Allocated:34.15576171875 MB
2020-02-03 21:22:51,753 Cached:7184.625 MB
2020-02-03 21:24:19,633 ==> Epoch[6](250/534): Loss: 0.0820
2020-02-03 21:24:19,636 Allocated:34.15576171875 MB
2020-02-03 21:24:19,637 Cached:7184.625 MB
2020-02-03 21:25:58,929 ==> Epoch[6](300/534): Loss: 0.0676
2020-02-03 21:25:58,933 Allocated:34.15576171875 MB
2020-02-03 21:25:58,933 Cached:7184.625 MB
2020-02-03 21:27:33,540 ==> Epoch[6](350/534): Loss: 0.0319
2020-02-03 21:27:33,543 Allocated:34.15576171875 MB
2020-02-03 21:27:33,543 Cached:7184.625 MB
2020-02-03 21:27:46,083 ====> Building Cache
2020-02-03 21:27:46,084 feature cache--->>> /home/annora/NetVLAD/output/train_feat_cache1.hdf5
2020-02-03 21:29:16,716 Allocated:34.1552734375 MB
2020-02-03 21:29:16,717 Cached:3294.625 MB
2020-02-03 21:31:09,723 ==> Epoch[6](400/534): Loss: 0.0325
2020-02-03 21:31:09,726 Allocated:34.15576171875 MB
2020-02-03 21:31:09,726 Cached:7184.625 MB
2020-02-03 21:32:38,480 ==> Epoch[6](450/534): Loss: 0.0250
2020-02-03 21:32:38,483 Allocated:34.15576171875 MB
2020-02-03 21:32:38,483 Cached:7184.625 MB
2020-02-03 21:34:05,080 ==> Epoch[6](500/534): Loss: 0.0327
2020-02-03 21:34:05,082 Allocated:34.15576171875 MB
2020-02-03 21:34:05,083 Cached:7184.625 MB
2020-02-03 21:35:08,744 ===> Epoch 6 Complete: Avg. Loss: 0.0597
2020-02-03 21:35:08,746 ====> Extracting Features
2020-02-03 21:35:51,076 ==> Batch (50/108)
2020-02-03 21:36:15,346 ==> Batch (100/108)
2020-02-03 21:36:19,963 ====> Building faiss index
2020-02-03 21:36:20,307 ====> Calculating recall @ N
2020-02-03 21:36:22,640 ====> Recall@1: 0.3913
2020-02-03 21:36:22,641 ====> Recall@2: 0.4229
2020-02-03 21:36:22,641 ====> Recall@3: 0.4481
2020-02-03 21:36:22,642 ====> Recall@4: 0.4643
2020-02-03 21:36:22,642 ====> Recall@5: 0.4768
2020-02-03 21:36:22,642 ====> Recall@10: 0.5148
2020-02-03 21:36:22,642 ====> Recall@15: 0.5403
2020-02-03 21:36:22,643 ====> Recall@20: 0.5597
2020-02-03 21:36:22,643 ====> Recall@25: 0.5745
2020-02-03 21:36:22,781 ====> Building Cache
2020-02-03 21:36:22,782 feature cache--->>> /home/annora/NetVLAD/output/train_feat_cache1.hdf5
2020-02-03 21:37:54,956 Allocated:32.15576171875 MB
2020-02-03 21:37:54,957 Cached:3993.125 MB
2020-02-03 21:39:57,400 ==> Epoch[7](50/534): Loss: 0.1137
2020-02-03 21:39:57,403 Allocated:34.15576171875 MB
2020-02-03 21:39:57,403 Cached:7541.625 MB
2020-02-03 21:41:45,871 ==> Epoch[7](100/534): Loss: 0.0511
2020-02-03 21:41:45,873 Allocated:34.15576171875 MB
2020-02-03 21:41:45,873 Cached:7541.625 MB
2020-02-03 21:43:33,859 ==> Epoch[7](150/534): Loss: 0.0083
2020-02-03 21:43:33,861 Allocated:34.15576171875 MB
2020-02-03 21:43:33,862 Cached:7541.625 MB
2020-02-03 21:44:44,190 ====> Building Cache
2020-02-03 21:44:44,190 feature cache--->>> /home/annora/NetVLAD/output/train_feat_cache1.hdf5
2020-02-03 21:46:15,073 Allocated:34.1552734375 MB
2020-02-03 21:46:15,074 Cached:3294.625 MB
2020-02-03 21:47:24,687 ==> Epoch[7](200/534): Loss: 0.0742
2020-02-03 21:47:24,690 Allocated:34.15576171875 MB
2020-02-03 21:47:24,690 Cached:5780.375 MB
2020-02-03 21:48:49,823 ==> Epoch[7](250/534): Loss: 0.0280
2020-02-03 21:48:49,826 Allocated:34.15576171875 MB
2020-02-03 21:48:49,827 Cached:5780.375 MB
2020-02-03 21:50:17,747 ==> Epoch[7](300/534): Loss: 0.0598
2020-02-03 21:50:17,750 Allocated:34.15576171875 MB
2020-02-03 21:50:17,750 Cached:5780.375 MB
2020-02-03 21:51:42,979 ==> Epoch[7](350/534): Loss: 0.0642
2020-02-03 21:51:42,982 Allocated:34.15576171875 MB
2020-02-03 21:51:42,982 Cached:7040.625 MB
2020-02-03 21:51:55,200 ====> Building Cache
2020-02-03 21:51:55,201 feature cache--->>> /home/annora/NetVLAD/output/train_feat_cache1.hdf5
2020-02-03 21:53:29,688 Allocated:34.1552734375 MB
2020-02-03 21:53:29,688 Cached:3294.625 MB
2020-02-03 21:55:19,839 ==> Epoch[7](400/534): Loss: 0.0526
2020-02-03 21:55:19,842 Allocated:34.15576171875 MB
2020-02-03 21:55:19,842 Cached:9684.125 MB
2020-02-03 21:56:48,555 ==> Epoch[7](450/534): Loss: 0.0294
2020-02-03 21:56:48,558 Allocated:34.15576171875 MB
2020-02-03 21:56:48,558 Cached:9684.125 MB
2020-02-03 21:58:16,860 ==> Epoch[7](500/534): Loss: 0.0188
2020-02-03 21:58:16,862 Allocated:34.15576171875 MB
2020-02-03 21:58:16,862 Cached:9684.125 MB
2020-02-03 21:59:21,542 ===> Epoch 7 Complete: Avg. Loss: 0.0535
2020-02-03 21:59:21,543 ====> Extracting Features
2020-02-03 22:00:00,252 ==> Batch (50/108)
2020-02-03 22:00:21,140 ==> Batch (100/108)
2020-02-03 22:00:25,966 ====> Building faiss index
2020-02-03 22:00:26,418 ====> Calculating recall @ N
2020-02-03 22:00:28,907 ====> Recall@1: 0.4655
2020-02-03 22:00:28,908 ====> Recall@2: 0.5072
2020-02-03 22:00:28,908 ====> Recall@3: 0.5359
2020-02-03 22:00:28,909 ====> Recall@4: 0.5551
2020-02-03 22:00:28,909 ====> Recall@5: 0.5690
2020-02-03 22:00:28,909 ====> Recall@10: 0.6119
2020-02-03 22:00:28,909 ====> Recall@15: 0.6377
2020-02-03 22:00:28,909 ====> Recall@20: 0.6548
2020-02-03 22:00:28,910 ====> Recall@25: 0.6655
2020-02-03 22:00:29,038 ====> Building Cache
2020-02-03 22:00:29,038 feature cache--->>> /home/annora/NetVLAD/output/train_feat_cache1.hdf5
2020-02-03 22:02:05,632 Allocated:32.15576171875 MB
2020-02-03 22:02:05,633 Cached:3993.125 MB
2020-02-03 22:03:54,312 ==> Epoch[8](50/534): Loss: 0.0130
2020-02-03 22:03:54,315 Allocated:34.15576171875 MB
2020-02-03 22:03:54,315 Cached:6421.5 MB
2020-02-03 22:05:23,785 ==> Epoch[8](100/534): Loss: 0.0122
2020-02-03 22:05:23,787 Allocated:34.15576171875 MB
2020-02-03 22:05:23,788 Cached:7685.0 MB
2020-02-03 22:06:43,324 ==> Epoch[8](150/534): Loss: 0.0209
2020-02-03 22:06:43,326 Allocated:34.15576171875 MB
2020-02-03 22:06:43,326 Cached:7685.0 MB
2020-02-03 22:07:24,715 ====> Building Cache
2020-02-03 22:07:24,716 feature cache--->>> /home/annora/NetVLAD/output/train_feat_cache1.hdf5
2020-02-03 22:08:56,502 Allocated:34.1552734375 MB
2020-02-03 22:08:56,503 Cached:3294.625 MB
2020-02-03 22:10:10,227 ==> Epoch[8](200/534): Loss: 0.2388
2020-02-03 22:10:10,230 Allocated:34.15576171875 MB
2020-02-03 22:10:10,230 Cached:4512.75 MB
2020-02-03 22:11:24,440 ==> Epoch[8](250/534): Loss: 0.1140
2020-02-03 22:11:24,442 Allocated:34.15576171875 MB
2020-02-03 22:11:24,442 Cached:6963.125 MB
2020-02-03 22:12:51,672 ==> Epoch[8](300/534): Loss: 0.1258
2020-02-03 22:12:51,675 Allocated:34.15576171875 MB
2020-02-03 22:12:51,675 Cached:8200.125 MB
2020-02-03 22:14:21,698 ==> Epoch[8](350/534): Loss: 0.0729
2020-02-03 22:14:21,699 Allocated:34.15576171875 MB
2020-02-03 22:14:21,700 Cached:9440.25 MB
2020-02-03 22:14:32,029 ====> Building Cache
2020-02-03 22:14:32,030 feature cache--->>> /home/annora/NetVLAD/output/train_feat_cache1.hdf5
2020-02-03 22:16:03,739 Allocated:34.1552734375 MB
2020-02-03 22:16:03,740 Cached:3294.625 MB
2020-02-03 22:18:36,565 ==> Epoch[8](400/534): Loss: 0.0198
2020-02-03 22:18:36,569 Allocated:34.15576171875 MB
2020-02-03 22:18:36,569 Cached:9724.875 MB
2020-02-03 22:20:40,063 ==> Epoch[8](450/534): Loss: 0.0292
2020-02-03 22:20:40,069 Allocated:34.15576171875 MB
2020-02-03 22:20:40,069 Cached:9724.875 MB
2020-02-03 22:22:22,741 ==> Epoch[8](500/534): Loss: 0.0556
2020-02-03 22:22:22,746 Allocated:34.15576171875 MB
2020-02-03 22:22:22,746 Cached:9724.875 MB
2020-02-03 22:23:35,037 ===> Epoch 8 Complete: Avg. Loss: 0.0739
2020-02-03 22:23:35,040 ====> Extracting Features
2020-02-03 22:24:15,136 ==> Batch (50/108)
2020-02-03 22:24:39,543 ==> Batch (100/108)
2020-02-03 22:24:44,611 ====> Building faiss index
2020-02-03 22:24:44,992 ====> Calculating recall @ N
2020-02-03 22:24:47,605 ====> Recall@1: 0.3006
2020-02-03 22:24:47,606 ====> Recall@2: 0.3441
2020-02-03 22:24:47,606 ====> Recall@3: 0.3751
2020-02-03 22:24:47,607 ====> Recall@4: 0.3919
2020-02-03 22:24:47,607 ====> Recall@5: 0.4099
2020-02-03 22:24:47,607 ====> Recall@10: 0.4554
2020-02-03 22:24:47,607 ====> Recall@15: 0.4846
2020-02-03 22:24:47,607 ====> Recall@20: 0.5038
2020-02-03 22:24:47,608 ====> Recall@25: 0.5177
2020-02-03 22:24:47,751 ====> Building Cache
2020-02-03 22:24:47,752 feature cache--->>> /home/annora/NetVLAD/output/train_feat_cache1.hdf5
2020-02-03 22:26:25,166 Allocated:32.15576171875 MB
2020-02-03 22:26:25,167 Cached:3993.125 MB
2020-02-03 22:28:40,931 ==> Epoch[9](50/534): Loss: 0.0549
2020-02-03 22:28:40,934 Allocated:34.15576171875 MB
2020-02-03 22:28:40,934 Cached:8908.125 MB
2020-02-03 22:30:16,972 ==> Epoch[9](100/534): Loss: 0.0113
2020-02-03 22:30:16,975 Allocated:34.15576171875 MB
2020-02-03 22:30:16,975 Cached:6039.0 MB
2020-02-03 22:31:49,785 ==> Epoch[9](150/534): Loss: 0.0310
2020-02-03 22:31:49,788 Allocated:34.15576171875 MB
2020-02-03 22:31:49,788 Cached:6039.0 MB
2020-02-03 22:32:45,964 ====> Building Cache
2020-02-03 22:32:45,965 feature cache--->>> /home/annora/NetVLAD/output/train_feat_cache1.hdf5
2020-02-03 22:34:17,600 Allocated:34.1552734375 MB
2020-02-03 22:34:17,601 Cached:3294.625 MB
2020-02-03 22:35:31,230 ==> Epoch[9](200/534): Loss: 0.2176
2020-02-03 22:35:31,234 Allocated:34.15576171875 MB
2020-02-03 22:35:31,234 Cached:7184.625 MB
2020-02-03 22:37:07,885 ==> Epoch[9](250/534): Loss: 0.0713
2020-02-03 22:37:07,887 Allocated:34.15576171875 MB
2020-02-03 22:37:07,887 Cached:7184.625 MB
2020-02-03 22:38:50,593 ==> Epoch[9](300/534): Loss: 0.0265
2020-02-03 22:38:50,595 Allocated:34.15576171875 MB
2020-02-03 22:38:50,595 Cached:7184.625 MB
2020-02-03 22:40:21,224 ==> Epoch[9](350/534): Loss: 0.0789
2020-02-03 22:40:21,227 Allocated:34.15576171875 MB
2020-02-03 22:40:21,227 Cached:7184.625 MB
2020-02-03 22:40:35,415 ====> Building Cache
2020-02-03 22:40:35,415 feature cache--->>> /home/annora/NetVLAD/output/train_feat_cache1.hdf5
2020-02-03 22:42:10,437 Allocated:34.1552734375 MB
2020-02-03 22:42:10,438 Cached:3294.625 MB
2020-02-03 22:44:00,409 ==> Epoch[9](400/534): Loss: 0.0348
2020-02-03 22:44:00,413 Allocated:34.15576171875 MB
2020-02-03 22:44:00,413 Cached:9418.375 MB
2020-02-03 22:45:37,161 ==> Epoch[9](450/534): Loss: 0.0496
2020-02-03 22:45:37,163 Allocated:34.15576171875 MB
2020-02-03 22:45:37,164 Cached:9418.375 MB
2020-02-03 22:47:12,112 ==> Epoch[9](500/534): Loss: 0.0350
2020-02-03 22:47:12,114 Allocated:34.15576171875 MB
2020-02-03 22:47:12,114 Cached:4543.625 MB
2020-02-03 22:48:13,308 ===> Epoch 9 Complete: Avg. Loss: 0.0560
2020-02-03 22:48:13,310 ====> Extracting Features
2020-02-03 22:48:54,497 ==> Batch (50/108)
2020-02-03 22:49:22,070 ==> Batch (100/108)
2020-02-03 22:49:27,472 ====> Building faiss index
2020-02-03 22:49:27,882 ====> Calculating recall @ N
2020-02-03 22:49:32,577 ====> Recall@1: 0.3626
2020-02-03 22:49:32,578 ====> Recall@2: 0.4107
2020-02-03 22:49:32,578 ====> Recall@3: 0.4455
2020-02-03 22:49:32,579 ====> Recall@4: 0.4678
2020-02-03 22:49:32,579 ====> Recall@5: 0.4835
2020-02-03 22:49:32,579 ====> Recall@10: 0.5414
2020-02-03 22:49:32,579 ====> Recall@15: 0.5728
2020-02-03 22:49:32,580 ====> Recall@20: 0.5945
2020-02-03 22:49:32,580 ====> Recall@25: 0.6168
2020-02-03 22:49:32,732 ====> Building Cache
2020-02-03 22:49:32,733 feature cache--->>> /home/annora/NetVLAD/output/train_feat_cache1.hdf5
2020-02-03 22:51:13,495 Allocated:32.15576171875 MB
2020-02-03 22:51:13,505 Cached:3993.125 MB
2020-02-03 22:53:18,995 ==> Epoch[10](50/534): Loss: 0.0316
2020-02-03 22:53:18,998 Allocated:34.15576171875 MB
2020-02-03 22:53:18,999 Cached:7633.0 MB
2020-02-03 22:54:58,086 ==> Epoch[10](100/534): Loss: 0.0265
2020-02-03 22:54:58,090 Allocated:34.15576171875 MB
2020-02-03 22:54:58,090 Cached:10170.625 MB
2020-02-03 22:56:28,962 ==> Epoch[10](150/534): Loss: 0.0067
2020-02-03 22:56:28,966 Allocated:34.15576171875 MB
2020-02-03 22:56:28,967 Cached:10170.625 MB
2020-02-03 22:57:23,355 ====> Building Cache
2020-02-03 22:57:23,356 feature cache--->>> /home/annora/NetVLAD/output/train_feat_cache1.hdf5
2020-02-03 22:59:04,756 Allocated:34.1552734375 MB
2020-02-03 22:59:04,756 Cached:3294.625 MB
2020-02-03 23:00:14,862 ==> Epoch[10](200/534): Loss: 0.0613
2020-02-03 23:00:14,865 Allocated:34.15576171875 MB
2020-02-03 23:00:14,865 Cached:5739.0 MB
2020-02-03 23:01:36,494 ==> Epoch[10](250/534): Loss: 0.1031
2020-02-03 23:01:36,497 Allocated:34.15576171875 MB
2020-02-03 23:01:36,497 Cached:5739.0 MB
2020-02-03 23:03:20,994 ==> Epoch[10](300/534): Loss: 0.0828
2020-02-03 23:03:20,996 Allocated:34.15576171875 MB
2020-02-03 23:03:20,997 Cached:8225.625 MB
2020-02-03 23:04:45,578 ==> Epoch[10](350/534): Loss: 0.1119
2020-02-03 23:04:45,580 Allocated:34.15576171875 MB
2020-02-03 23:04:45,580 Cached:9485.875 MB
2020-02-03 23:04:57,144 ====> Building Cache
2020-02-03 23:04:57,145 feature cache--->>> /home/annora/NetVLAD/output/train_feat_cache1.hdf5
2020-02-03 23:06:26,691 Allocated:34.1552734375 MB
2020-02-03 23:06:26,691 Cached:3294.625 MB
2020-02-03 23:08:26,828 ==> Epoch[10](400/534): Loss: 0.0415
2020-02-03 23:08:26,830 Allocated:34.15576171875 MB
2020-02-03 23:08:26,831 Cached:9402.0 MB
2020-02-03 23:09:52,329 ==> Epoch[10](450/534): Loss: 0.0693
2020-02-03 23:09:52,333 Allocated:34.15576171875 MB
2020-02-03 23:09:52,333 Cached:9402.0 MB
2020-02-03 23:11:22,359 ==> Epoch[10](500/534): Loss: 0.0886
2020-02-03 23:11:22,361 Allocated:34.15576171875 MB
2020-02-03 23:11:22,362 Cached:9402.0 MB
2020-02-03 23:12:36,203 ===> Epoch 10 Complete: Avg. Loss: 0.0548
2020-02-03 23:12:36,206 ====> Extracting Features
2020-02-03 23:13:14,304 ==> Batch (50/108)
2020-02-03 23:13:36,355 ==> Batch (100/108)
2020-02-03 23:13:40,673 ====> Building faiss index
2020-02-03 23:13:41,031 ====> Calculating recall @ N
2020-02-03 23:13:43,582 ====> Recall@1: 0.3072
2020-02-03 23:13:43,582 ====> Recall@2: 0.3713
2020-02-03 23:13:43,583 ====> Recall@3: 0.4029
2020-02-03 23:13:43,583 ====> Recall@4: 0.4238
2020-02-03 23:13:43,583 ====> Recall@5: 0.4371
2020-02-03 23:13:43,584 ====> Recall@10: 0.4881
2020-02-03 23:13:43,584 ====> Recall@15: 0.5174
2020-02-03 23:13:43,584 ====> Recall@20: 0.5383
2020-02-03 23:13:43,584 ====> Recall@25: 0.5562
2020-02-03 23:13:43,714 ====> Building Cache
2020-02-03 23:13:43,715 feature cache--->>> /home/annora/NetVLAD/output/train_feat_cache1.hdf5
2020-02-03 23:15:15,905 Allocated:32.15576171875 MB
2020-02-03 23:15:15,906 Cached:3993.125 MB
2020-02-03 23:17:26,269 ==> Epoch[11](50/534): Loss: 0.0559
2020-02-03 23:17:26,272 Allocated:34.15576171875 MB
2020-02-03 23:17:26,273 Cached:4646.0 MB
2020-02-03 23:18:45,634 ==> Epoch[11](100/534): Loss: 0.0043
2020-02-03 23:18:45,637 Allocated:34.15576171875 MB
2020-02-03 23:18:45,637 Cached:5852.125 MB
2020-02-03 23:20:09,629 ==> Epoch[11](150/534): Loss: 0.0281
2020-02-03 23:20:09,632 Allocated:34.15576171875 MB
2020-02-03 23:20:09,632 Cached:8301.625 MB
2020-02-03 23:21:04,841 ====> Building Cache
2020-02-03 23:21:04,842 feature cache--->>> /home/annora/NetVLAD/output/train_feat_cache1.hdf5
2020-02-03 23:22:39,525 Allocated:34.1552734375 MB
2020-02-03 23:22:39,526 Cached:3294.625 MB
2020-02-03 23:23:45,376 ==> Epoch[11](200/534): Loss: 0.0381
2020-02-03 23:23:45,379 Allocated:34.15576171875 MB
2020-02-03 23:23:45,379 Cached:8171.375 MB
2020-02-03 23:25:12,476 ==> Epoch[11](250/534): Loss: 0.1260
2020-02-03 23:25:12,478 Allocated:34.15576171875 MB
2020-02-03 23:25:12,479 Cached:8171.375 MB
2020-02-03 23:26:50,055 ==> Epoch[11](300/534): Loss: 0.0258
2020-02-03 23:26:50,057 Allocated:34.15576171875 MB
2020-02-03 23:26:50,058 Cached:9417.875 MB
2020-02-03 23:28:20,067 ==> Epoch[11](350/534): Loss: 0.0354
2020-02-03 23:28:20,069 Allocated:34.15576171875 MB
2020-02-03 23:28:20,069 Cached:5486.875 MB
2020-02-03 23:28:23,629 ====> Building Cache
2020-02-03 23:28:23,630 feature cache--->>> /home/annora/NetVLAD/output/train_feat_cache1.hdf5
2020-02-03 23:30:03,678 Allocated:34.1552734375 MB
2020-02-03 23:30:03,679 Cached:3294.625 MB
2020-02-03 23:31:54,905 ==> Epoch[11](400/534): Loss: 0.1083
2020-02-03 23:31:54,908 Allocated:34.15576171875 MB
2020-02-03 23:31:54,908 Cached:5656.375 MB
2020-02-03 23:33:18,001 ==> Epoch[11](450/534): Loss: 0.0295
2020-02-03 23:33:18,003 Allocated:34.15576171875 MB
2020-02-03 23:33:18,004 Cached:5656.375 MB
2020-02-03 23:34:51,320 ==> Epoch[11](500/534): Loss: 0.0037
2020-02-03 23:34:51,323 Allocated:34.15576171875 MB
2020-02-03 23:34:51,323 Cached:5656.375 MB
2020-02-03 23:35:57,577 ===> Epoch 11 Complete: Avg. Loss: 0.0465
2020-02-03 23:35:57,579 ====> Extracting Features
2020-02-03 23:36:37,286 ==> Batch (50/108)
2020-02-03 23:36:59,150 ==> Batch (100/108)
2020-02-03 23:37:03,855 ====> Building faiss index
2020-02-03 23:37:04,202 ====> Calculating recall @ N
2020-02-03 23:37:06,597 ====> Recall@1: 0.3168
2020-02-03 23:37:06,598 ====> Recall@2: 0.3632
2020-02-03 23:37:06,598 ====> Recall@3: 0.3916
2020-02-03 23:37:06,598 ====> Recall@4: 0.4099
2020-02-03 23:37:06,598 ====> Recall@5: 0.4293
2020-02-03 23:37:06,599 ====> Recall@10: 0.4919
2020-02-03 23:37:06,599 ====> Recall@15: 0.5226
2020-02-03 23:37:06,599 ====> Recall@20: 0.5516
2020-02-03 23:37:06,599 ====> Recall@25: 0.5701
2020-02-03 23:37:06,721 ====> Building Cache
2020-02-03 23:37:06,721 feature cache--->>> /home/annora/NetVLAD/output/train_feat_cache1.hdf5
2020-02-03 23:38:44,368 Allocated:32.15576171875 MB
2020-02-03 23:38:44,368 Cached:3993.125 MB
2020-02-03 23:40:44,197 ==> Epoch[12](50/534): Loss: 0.0284
2020-02-03 23:40:44,201 Allocated:34.15576171875 MB
2020-02-03 23:40:44,201 Cached:7530.0 MB
2020-02-03 23:42:05,218 ==> Epoch[12](100/534): Loss: 0.0426
2020-02-03 23:42:05,220 Allocated:34.15576171875 MB
2020-02-03 23:42:05,221 Cached:10014.5 MB
2020-02-03 23:43:36,947 ==> Epoch[12](150/534): Loss: 0.0237
2020-02-03 23:43:36,950 Allocated:34.15576171875 MB
2020-02-03 23:43:36,950 Cached:10014.5 MB
2020-02-03 23:44:27,807 ====> Building Cache
2020-02-03 23:44:27,808 feature cache--->>> /home/annora/NetVLAD/output/train_feat_cache1.hdf5
2020-02-03 23:45:59,724 Allocated:34.1552734375 MB
2020-02-03 23:45:59,724 Cached:3294.625 MB
2020-02-03 23:47:08,253 ==> Epoch[12](200/534): Loss: 0.1433
2020-02-03 23:47:08,256 Allocated:34.15576171875 MB
2020-02-03 23:47:08,256 Cached:4459.75 MB
2020-02-03 23:48:36,610 ==> Epoch[12](250/534): Loss: 0.1715
2020-02-03 23:48:36,614 Allocated:34.15576171875 MB
2020-02-03 23:48:36,614 Cached:7984.625 MB
2020-02-03 23:50:07,600 ==> Epoch[12](300/534): Loss: 0.1858
2020-02-03 23:50:07,603 Allocated:34.15576171875 MB
2020-02-03 23:50:07,603 Cached:7984.625 MB
2020-02-03 23:51:26,455 ==> Epoch[12](350/534): Loss: 0.0499
2020-02-03 23:51:26,457 Allocated:34.15576171875 MB
2020-02-03 23:51:26,458 Cached:7984.625 MB
2020-02-03 23:51:39,921 ====> Building Cache
2020-02-03 23:51:39,921 feature cache--->>> /home/annora/NetVLAD/output/train_feat_cache1.hdf5
2020-02-03 23:53:24,627 Allocated:34.1552734375 MB
2020-02-03 23:53:24,627 Cached:3294.625 MB
2020-02-03 23:55:16,898 ==> Epoch[12](400/534): Loss: 0.0176
2020-02-03 23:55:16,901 Allocated:34.15576171875 MB
2020-02-03 23:55:16,901 Cached:4780.875 MB
2020-02-03 23:56:58,603 ==> Epoch[12](450/534): Loss: 0.0237
2020-02-03 23:56:58,620 Allocated:34.15576171875 MB
2020-02-03 23:56:58,620 Cached:4780.875 MB
2020-02-03 23:58:30,430 ==> Epoch[12](500/534): Loss: 0.0112
2020-02-03 23:58:30,432 Allocated:34.15576171875 MB
2020-02-03 23:58:30,433 Cached:4780.875 MB
2020-02-03 23:59:34,240 ===> Epoch 12 Complete: Avg. Loss: 0.0639
2020-02-03 23:59:34,242 ====> Extracting Features
2020-02-04 00:00:13,521 ==> Batch (50/108)
2020-02-04 00:00:35,740 ==> Batch (100/108)
2020-02-04 00:00:40,660 ====> Building faiss index
2020-02-04 00:00:41,028 ====> Calculating recall @ N
2020-02-04 00:00:43,715 ====> Recall@1: 0.2925
2020-02-04 00:00:43,716 ====> Recall@2: 0.3391
2020-02-04 00:00:43,717 ====> Recall@3: 0.3774
2020-02-04 00:00:43,717 ====> Recall@4: 0.4046
2020-02-04 00:00:43,717 ====> Recall@5: 0.4229
2020-02-04 00:00:43,717 ====> Recall@10: 0.4942
2020-02-04 00:00:43,717 ====> Recall@15: 0.5310
2020-02-04 00:00:43,718 ====> Recall@20: 0.5533
2020-02-04 00:00:43,718 ====> Recall@25: 0.5733
2020-02-04 00:00:43,910 ====> Building Cache
2020-02-04 00:00:43,911 feature cache--->>> /home/annora/NetVLAD/output/train_feat_cache1.hdf5
2020-02-04 00:02:27,927 Allocated:32.15576171875 MB
2020-02-04 00:02:27,927 Cached:3993.125 MB
2020-02-04 00:04:19,815 ==> Epoch[13](50/534): Loss: 0.0103
2020-02-04 00:04:19,817 Allocated:34.15576171875 MB
2020-02-04 00:04:19,817 Cached:5151.875 MB
2020-02-04 00:05:33,509 ==> Epoch[13](100/534): Loss: 0.0152
2020-02-04 00:05:33,520 Allocated:34.15576171875 MB
2020-02-04 00:05:33,520 Cached:6352.625 MB
2020-02-04 00:07:01,156 ==> Epoch[13](150/534): Loss: 0.0212
2020-02-04 00:07:01,158 Allocated:34.15576171875 MB
2020-02-04 00:07:01,158 Cached:7565.125 MB
2020-02-04 00:07:47,381 ====> Building Cache
2020-02-04 00:07:47,383 feature cache--->>> /home/annora/NetVLAD/output/train_feat_cache1.hdf5
2020-02-04 00:09:19,129 Allocated:34.1552734375 MB
2020-02-04 00:09:19,130 Cached:3294.625 MB
2020-02-04 00:10:35,901 ==> Epoch[13](200/534): Loss: 0.0342
2020-02-04 00:10:35,904 Allocated:34.15576171875 MB
2020-02-04 00:10:35,904 Cached:9750.75 MB
2020-02-04 00:12:06,059 ==> Epoch[13](250/534): Loss: 0.0462
2020-02-04 00:12:06,061 Allocated:34.15576171875 MB
2020-02-04 00:12:06,062 Cached:9750.75 MB
2020-02-04 00:13:41,215 ==> Epoch[13](300/534): Loss: 0.0223
2020-02-04 00:13:41,217 Allocated:34.15576171875 MB
2020-02-04 00:13:41,217 Cached:9750.75 MB
2020-02-04 00:15:18,959 ==> Epoch[13](350/534): Loss: 0.0208
2020-02-04 00:15:18,962 Allocated:34.15576171875 MB
2020-02-04 00:15:18,962 Cached:9750.75 MB
2020-02-04 00:15:30,389 ====> Building Cache
2020-02-04 00:15:30,390 feature cache--->>> /home/annora/NetVLAD/output/train_feat_cache1.hdf5
2020-02-04 00:17:04,227 Allocated:34.1552734375 MB
2020-02-04 00:17:04,227 Cached:3294.625 MB
2020-02-04 00:18:53,268 ==> Epoch[13](400/534): Loss: 0.0732
2020-02-04 00:18:53,270 Allocated:34.15576171875 MB
2020-02-04 00:18:53,270 Cached:7014.125 MB
2020-02-04 00:20:27,292 ==> Epoch[13](450/534): Loss: 0.0157
2020-02-04 00:20:27,295 Allocated:34.15576171875 MB
2020-02-04 00:20:27,296 Cached:7014.125 MB
2020-02-04 00:21:55,245 ==> Epoch[13](500/534): Loss: 0.0061
2020-02-04 00:21:55,249 Allocated:34.15576171875 MB
2020-02-04 00:21:55,250 Cached:8277.625 MB
2020-02-04 00:22:55,254 ===> Epoch 13 Complete: Avg. Loss: 0.0428
2020-02-04 00:22:55,256 ====> Extracting Features
2020-02-04 00:23:35,887 ==> Batch (50/108)
2020-02-04 00:24:06,810 ==> Batch (100/108)
2020-02-04 00:24:12,086 ====> Building faiss index
2020-02-04 00:24:12,461 ====> Calculating recall @ N
2020-02-04 00:24:15,729 ====> Recall@1: 0.2713
2020-02-04 00:24:15,730 ====> Recall@2: 0.3577
2020-02-04 00:24:15,730 ====> Recall@3: 0.3887
2020-02-04 00:24:15,731 ====> Recall@4: 0.4058
2020-02-04 00:24:15,731 ====> Recall@5: 0.4241
2020-02-04 00:24:15,731 ====> Recall@10: 0.4788
2020-02-04 00:24:15,731 ====> Recall@15: 0.5142
2020-02-04 00:24:15,731 ====> Recall@20: 0.5368
2020-02-04 00:24:15,732 ====> Recall@25: 0.5545
2020-02-04 00:24:15,873 ====> Building Cache
2020-02-04 00:24:15,873 feature cache--->>> /home/annora/NetVLAD/output/train_feat_cache1.hdf5
2020-02-04 00:25:52,155 Allocated:32.15576171875 MB
2020-02-04 00:25:52,155 Cached:3993.125 MB
2020-02-04 00:27:33,897 ==> Epoch[14](50/534): Loss: 0.0794
2020-02-04 00:27:33,900 Allocated:34.15576171875 MB
2020-02-04 00:27:33,900 Cached:6306.875 MB
2020-02-04 00:28:52,699 ==> Epoch[14](100/534): Loss: 0.0333
2020-02-04 00:28:52,701 Allocated:34.15576171875 MB
2020-02-04 00:28:52,702 Cached:7484.25 MB
2020-02-04 00:29:59,629 ==> Epoch[14](150/534): Loss: 0.0383
2020-02-04 00:29:59,632 Allocated:34.15576171875 MB
2020-02-04 00:29:59,632 Cached:8670.25 MB
2020-02-04 00:30:40,382 ====> Building Cache
2020-02-04 00:30:40,383 feature cache--->>> /home/annora/NetVLAD/output/train_feat_cache1.hdf5
2020-02-04 00:32:07,675 Allocated:34.1552734375 MB
2020-02-04 00:32:07,675 Cached:3294.625 MB
2020-02-04 00:33:21,883 ==> Epoch[14](200/534): Loss: 0.0527
2020-02-04 00:33:21,885 Allocated:34.15576171875 MB
2020-02-04 00:33:21,885 Cached:5741.125 MB
2020-02-04 00:34:36,539 ==> Epoch[14](250/534): Loss: 0.0399
2020-02-04 00:34:36,542 Allocated:34.15576171875 MB
2020-02-04 00:34:36,542 Cached:4410.25 MB
2020-02-04 00:35:55,444 ==> Epoch[14](300/534): Loss: 0.0898
2020-02-04 00:35:55,446 Allocated:34.15576171875 MB
2020-02-04 00:35:55,446 Cached:6929.875 MB
2020-02-04 00:37:23,756 ==> Epoch[14](350/534): Loss: 0.0439
2020-02-04 00:37:23,758 Allocated:34.15576171875 MB
2020-02-04 00:37:23,759 Cached:9466.5 MB
2020-02-04 00:37:30,297 ====> Building Cache
2020-02-04 00:37:30,297 feature cache--->>> /home/annora/NetVLAD/output/train_feat_cache1.hdf5
2020-02-04 00:38:55,843 Allocated:34.1552734375 MB
2020-02-04 00:38:55,844 Cached:3294.625 MB
2020-02-04 00:40:41,112 ==> Epoch[14](400/534): Loss: 0.0195
2020-02-04 00:40:41,114 Allocated:34.15576171875 MB
2020-02-04 00:40:41,114 Cached:9391.375 MB
2020-02-04 00:42:01,256 ==> Epoch[14](450/534): Loss: 0.0109
2020-02-04 00:42:01,258 Allocated:34.15576171875 MB
2020-02-04 00:42:01,258 Cached:5890.5 MB
2020-02-04 00:43:14,688 ==> Epoch[14](500/534): Loss: 0.0008
2020-02-04 00:43:14,690 Allocated:34.15576171875 MB
2020-02-04 00:43:14,690 Cached:5890.5 MB
2020-02-04 00:44:06,213 ===> Epoch 14 Complete: Avg. Loss: 0.0472
2020-02-04 00:44:06,214 ====> Extracting Features
2020-02-04 00:44:44,522 ==> Batch (50/108)
2020-02-04 00:45:10,077 ==> Batch (100/108)
2020-02-04 00:45:14,843 ====> Building faiss index
2020-02-04 00:45:15,209 ====> Calculating recall @ N
2020-02-04 00:45:18,201 ====> Recall@1: 0.3232
2020-02-04 00:45:18,201 ====> Recall@2: 0.3725
2020-02-04 00:45:18,202 ====> Recall@3: 0.3968
2020-02-04 00:45:18,202 ====> Recall@4: 0.4206
2020-02-04 00:45:18,203 ====> Recall@5: 0.4435
2020-02-04 00:45:18,203 ====> Recall@10: 0.4907
2020-02-04 00:45:18,203 ====> Recall@15: 0.5278
2020-02-04 00:45:18,203 ====> Recall@20: 0.5603
2020-02-04 00:45:18,204 ====> Recall@25: 0.5814
2020-02-04 00:45:18,346 ====> Building Cache
2020-02-04 00:45:18,346 feature cache--->>> /home/annora/NetVLAD/output/train_feat_cache1.hdf5
2020-02-04 00:46:46,320 Allocated:32.15576171875 MB
2020-02-04 00:46:46,321 Cached:3993.125 MB
2020-02-04 00:48:29,530 ==> Epoch[15](50/534): Loss: 0.0045
2020-02-04 00:48:29,533 Allocated:34.15576171875 MB
2020-02-04 00:48:29,534 Cached:5192.125 MB
2020-02-04 00:49:49,244 ==> Epoch[15](100/534): Loss: 0.0182
2020-02-04 00:49:49,247 Allocated:34.15576171875 MB
2020-02-04 00:49:49,247 Cached:5192.125 MB
2020-02-04 00:50:57,463 ==> Epoch[15](150/534): Loss: 0.0166
2020-02-04 00:50:57,465 Allocated:34.15576171875 MB
2020-02-04 00:50:57,465 Cached:5192.125 MB
2020-02-04 00:51:42,153 ====> Building Cache
2020-02-04 00:51:42,153 feature cache--->>> /home/annora/NetVLAD/output/train_feat_cache1.hdf5
2020-02-04 00:53:12,890 Allocated:34.1552734375 MB
2020-02-04 00:53:12,890 Cached:3294.625 MB
2020-02-04 00:54:17,490 ==> Epoch[15](200/534): Loss: 0.1345
2020-02-04 00:54:17,492 Allocated:34.15576171875 MB
2020-02-04 00:54:17,493 Cached:3304.625 MB
2020-02-04 00:55:19,791 ==> Epoch[15](250/534): Loss: 0.1153
2020-02-04 00:55:19,793 Allocated:34.15576171875 MB
2020-02-04 00:55:19,793 Cached:4434.25 MB
2020-02-04 00:56:30,500 ==> Epoch[15](300/534): Loss: 0.1278
2020-02-04 00:56:30,502 Allocated:34.15576171875 MB
2020-02-04 00:56:30,502 Cached:4434.25 MB
2020-02-04 00:57:42,986 ==> Epoch[15](350/534): Loss: 0.0322
2020-02-04 00:57:42,988 Allocated:34.15576171875 MB
2020-02-04 00:57:42,988 Cached:5585.125 MB
2020-02-04 00:57:54,667 ====> Building Cache
2020-02-04 00:57:54,667 feature cache--->>> /home/annora/NetVLAD/output/train_feat_cache1.hdf5
2020-02-04 00:59:21,974 Allocated:34.1552734375 MB
2020-02-04 00:59:21,974 Cached:3294.625 MB
2020-02-04 01:00:57,776 ==> Epoch[15](400/534): Loss: 0.0289
2020-02-04 01:00:57,778 Allocated:34.15576171875 MB
2020-02-04 01:00:57,778 Cached:5649.875 MB
2020-02-04 01:02:17,159 ==> Epoch[15](450/534): Loss: 0.0464
2020-02-04 01:02:17,161 Allocated:34.15576171875 MB
2020-02-04 01:02:17,161 Cached:9268.125 MB
2020-02-04 01:03:31,838 ==> Epoch[15](500/534): Loss: 0.0085
2020-02-04 01:03:31,840 Allocated:34.15576171875 MB
2020-02-04 01:03:31,841 Cached:9268.125 MB
2020-02-04 01:04:20,343 ===> Epoch 15 Complete: Avg. Loss: 0.0542
2020-02-04 01:04:20,345 ====> Extracting Features
2020-02-04 01:04:54,731 ==> Batch (50/108)
2020-02-04 01:05:17,571 ==> Batch (100/108)
2020-02-04 01:05:22,382 ====> Building faiss index
2020-02-04 01:05:22,753 ====> Calculating recall @ N
2020-02-04 01:05:25,861 ====> Recall@1: 0.3470
2020-02-04 01:05:25,862 ====> Recall@2: 0.4200
2020-02-04 01:05:25,862 ====> Recall@3: 0.4525
2020-02-04 01:05:25,862 ====> Recall@4: 0.4841
2020-02-04 01:05:25,862 ====> Recall@5: 0.5099
2020-02-04 01:05:25,863 ====> Recall@10: 0.5771
2020-02-04 01:05:25,863 ====> Recall@15: 0.6122
2020-02-04 01:05:25,863 ====> Recall@20: 0.6386
2020-02-04 01:05:25,863 ====> Recall@25: 0.6577
2020-02-04 01:05:25,993 ====> Building Cache
2020-02-04 01:05:25,994 feature cache--->>> /home/annora/NetVLAD/output/train_feat_cache1.hdf5
2020-02-04 01:07:00,668 Allocated:32.15576171875 MB
2020-02-04 01:07:00,668 Cached:3993.125 MB
2020-02-04 01:08:37,811 ==> Epoch[16](50/534): Loss: 0.0593
2020-02-04 01:08:37,813 Allocated:34.15576171875 MB
2020-02-04 01:08:37,813 Cached:4001.125 MB
2020-02-04 01:09:48,322 ==> Epoch[16](100/534): Loss: 0.0246
2020-02-04 01:09:48,325 Allocated:34.15576171875 MB
2020-02-04 01:09:48,325 Cached:4002.125 MB
2020-02-04 01:10:59,527 ==> Epoch[16](150/534): Loss: 0.0180
2020-02-04 01:10:59,529 Allocated:34.15576171875 MB
2020-02-04 01:10:59,529 Cached:4002.125 MB
2020-02-04 01:11:37,796 ====> Building Cache
2020-02-04 01:11:37,797 feature cache--->>> /home/annora/NetVLAD/output/train_feat_cache1.hdf5
2020-02-04 01:13:03,684 Allocated:34.1552734375 MB
2020-02-04 01:13:03,685 Cached:3294.625 MB
2020-02-04 01:14:15,034 ==> Epoch[16](200/534): Loss: 0.1148
2020-02-04 01:14:15,037 Allocated:34.15576171875 MB
2020-02-04 01:14:15,038 Cached:5705.0 MB
2020-02-04 01:15:28,479 ==> Epoch[16](250/534): Loss: 0.0915
2020-02-04 01:15:28,481 Allocated:34.15576171875 MB
2020-02-04 01:15:28,482 Cached:5705.0 MB
2020-02-04 01:16:43,572 ==> Epoch[16](300/534): Loss: 0.0559
2020-02-04 01:16:43,574 Allocated:34.15576171875 MB
2020-02-04 01:16:43,574 Cached:5705.0 MB
2020-02-04 01:17:57,480 ==> Epoch[16](350/534): Loss: 0.0090
2020-02-04 01:17:57,482 Allocated:34.15576171875 MB
2020-02-04 01:17:57,483 Cached:5705.0 MB
2020-02-04 01:18:07,327 ====> Building Cache
2020-02-04 01:18:07,328 feature cache--->>> /home/annora/NetVLAD/output/train_feat_cache1.hdf5
2020-02-04 01:19:40,062 Allocated:34.1552734375 MB
2020-02-04 01:19:40,063 Cached:3294.625 MB
2020-02-04 01:21:17,074 ==> Epoch[16](400/534): Loss: 0.0050
2020-02-04 01:21:17,076 Allocated:34.15576171875 MB
2020-02-04 01:21:17,077 Cached:7965.375 MB
2020-02-04 01:22:30,691 ==> Epoch[16](450/534): Loss: 0.0037
2020-02-04 01:22:30,693 Allocated:34.15576171875 MB
2020-02-04 01:22:30,694 Cached:7965.375 MB
2020-02-04 01:23:46,466 ==> Epoch[16](500/534): Loss: 0.0220
2020-02-04 01:23:46,468 Allocated:34.15576171875 MB
2020-02-04 01:23:46,469 Cached:7965.375 MB
2020-02-04 01:24:38,561 ===> Epoch 16 Complete: Avg. Loss: 0.0446
2020-02-04 01:24:38,562 ====> Extracting Features
2020-02-04 01:25:12,968 ==> Batch (50/108)
2020-02-04 01:25:34,313 ==> Batch (100/108)
2020-02-04 01:25:38,592 ====> Building faiss index
2020-02-04 01:25:38,934 ====> Calculating recall @ N
2020-02-04 01:25:41,328 ====> Recall@1: 0.3159
2020-02-04 01:25:41,329 ====> Recall@2: 0.4009
2020-02-04 01:25:41,330 ====> Recall@3: 0.4391
2020-02-04 01:25:41,330 ====> Recall@4: 0.4652
2020-02-04 01:25:41,330 ====> Recall@5: 0.4846
2020-02-04 01:25:41,330 ====> Recall@10: 0.5414
2020-02-04 01:25:41,331 ====> Recall@15: 0.5696
2020-02-04 01:25:41,331 ====> Recall@20: 0.5928
2020-02-04 01:25:41,331 ====> Recall@25: 0.6075
2020-02-04 01:25:41,447 Performance did not improve for 10 epochs. Stopping.
2020-02-04 01:25:41,447 => Best Recall@5: 0.5965
