2020-02-04 12:00:04,418 Namespace(arch='alexnet', batchSize=12, cacheBatchSize=96, cachePath='/home/annora/NetVLAD/output/', cacheRefreshRate=3000, ckpt='best', contilearn=True, dataPath='/home/annora/NetVLAD/output/data/', dataset='pittsburgh', evalEvery=1, fromscratch=False, fromtask='/home/annora/NetVLAD/output/runs/2020-02-01-12-18-20_alexnet_netvlad', lr=0.1, lrGamma=0.5, lrStep=5, margin=0.1, mode='train', momentum=0.9, nEpochs=30, nGPU=1, nocuda=False, num_clusters=64, optim='SGD', patience=10, pooling='netvlad', premodel='imagenet', resume='', runsPath='/home/annora/NetVLAD/output/runs/', savePath='checkpoints', seed=123, split='val', start_epoch=0, threads=8, vladv2=False, weightDecay=0.001)
2020-02-04 12:00:04,451 ===> Loading dataset(s)
2020-02-04 12:00:04,451 trainfile ------>>>>>> pitts30k_train.mat
2020-02-04 12:00:06,813 ====> Training set: pitts30k_train.mat, query set count: 7320
2020-02-04 12:00:06,971 ===> Evaluating on val set: pitts30k_val.mat, query count: 7608
2020-02-04 12:00:06,971 ===> Building model
2020-02-04 12:00:07,017 encoder moder:
AlexNet(
  (conv1): Sequential(
    (0): Conv2d(3, 64, kernel_size=(11, 11), stride=(4, 4), padding=(2, 2))
    (1): ReLU(inplace)
    (2): MaxPool2d(kernel_size=3, stride=2, padding=0, dilation=1, ceil_mode=False)
  )
  (conv2): Sequential(
    (0): Conv2d(64, 192, kernel_size=(5, 5), stride=(1, 1), padding=(2, 2))
    (1): ReLU(inplace)
    (2): MaxPool2d(kernel_size=3, stride=2, padding=0, dilation=1, ceil_mode=False)
  )
  (conv3): Sequential(
    (0): Conv2d(192, 384, kernel_size=(3, 3), stride=(1, 1), padding=(1, 1))
    (1): ReLU(inplace)
  )
  (conv4): Sequential(
    (0): Conv2d(384, 256, kernel_size=(3, 3), stride=(1, 1), padding=(1, 1))
    (1): ReLU(inplace)
  )
  (conv5): Sequential(
    (0): Conv2d(256, 256, kernel_size=(3, 3), stride=(1, 1), padding=(1, 1))
  )
)
2020-02-04 12:00:11,681 => loading checkpoint '/home/annora/NetVLAD/output/runs/2020-02-01-12-18-20_alexnet_netvlad/checkpoints/model_best.pth.tar'
2020-02-04 12:00:11,953 => loaded checkpoint '/home/annora/NetVLAD/output/runs/2020-02-01-12-18-20_alexnet_netvlad/checkpoints/model_best.pth.tar' 
2020-02-04 12:00:11,953 ===> Training model
2020-02-04 12:00:11,957 ===> Saving state to: /home/annora/NetVLAD/output/runs/2020-02-04-12-00-11_alexnet_netvlad
2020-02-04 12:00:11,957 ====> Building Cache
2020-02-04 12:00:11,958 feature cache--->>> /home/annora/NetVLAD/output/train_feat_cache2.hdf5
2020-02-04 12:00:45,867 Allocated:99.47119140625 MB
2020-02-04 12:00:45,867 Cached:2864.375 MB
2020-02-04 12:03:28,042 ==> Epoch[1](50/610): Loss: 0.3120
2020-02-04 12:03:28,045 Allocated:121.28369140625 MB
2020-02-04 12:03:28,045 Cached:6757.375 MB
2020-02-04 12:05:21,740 ==> Epoch[1](100/610): Loss: 0.3181
2020-02-04 12:05:21,742 Allocated:121.53369140625 MB
2020-02-04 12:05:21,742 Cached:6757.375 MB
2020-02-04 12:07:22,958 ==> Epoch[1](150/610): Loss: 0.3116
2020-02-04 12:07:22,960 Allocated:122.28369140625 MB
2020-02-04 12:07:22,960 Cached:6757.375 MB
2020-02-04 12:09:19,923 ==> Epoch[1](200/610): Loss: 0.3193
2020-02-04 12:09:19,926 Allocated:121.28369140625 MB
2020-02-04 12:09:19,926 Cached:6757.375 MB
2020-02-04 12:09:28,829 ====> Building Cache
2020-02-04 12:09:28,830 feature cache--->>> /home/annora/NetVLAD/output/train_feat_cache2.hdf5
2020-02-04 12:09:58,331 Allocated:121.283203125 MB
2020-02-04 12:09:58,331 Cached:2901.25 MB
2020-02-04 12:12:18,277 ==> Epoch[1](250/610): Loss: 0.3160
2020-02-04 12:12:18,279 Allocated:122.03369140625 MB
2020-02-04 12:12:18,279 Cached:6792.25 MB
2020-02-04 12:14:09,727 ==> Epoch[1](300/610): Loss: 0.3142
2020-02-04 12:14:09,729 Allocated:122.03369140625 MB
2020-02-04 12:14:09,730 Cached:6792.25 MB
2020-02-04 12:16:01,400 ==> Epoch[1](350/610): Loss: 0.3141
2020-02-04 12:16:01,401 Allocated:122.03369140625 MB
2020-02-04 12:16:01,401 Cached:6792.25 MB
2020-02-04 12:17:52,742 ==> Epoch[1](400/610): Loss: 0.3181
2020-02-04 12:17:52,743 Allocated:122.03369140625 MB
2020-02-04 12:17:52,744 Cached:6792.25 MB
2020-02-04 12:18:10,039 ====> Building Cache
2020-02-04 12:18:10,040 feature cache--->>> /home/annora/NetVLAD/output/train_feat_cache2.hdf5
2020-02-04 12:18:39,860 Allocated:121.283203125 MB
2020-02-04 12:18:39,860 Cached:2901.25 MB
2020-02-04 12:20:52,503 ==> Epoch[1](450/610): Loss: 0.3171
2020-02-04 12:20:52,505 Allocated:121.15869140625 MB
2020-02-04 12:20:52,505 Cached:6792.25 MB
2020-02-04 12:22:46,025 ==> Epoch[1](500/610): Loss: 0.3160
2020-02-04 12:22:46,026 Allocated:121.90869140625 MB
2020-02-04 12:22:46,027 Cached:6792.25 MB
2020-02-04 12:24:40,321 ==> Epoch[1](550/610): Loss: 0.3156
2020-02-04 12:24:40,323 Allocated:121.53369140625 MB
2020-02-04 12:24:40,324 Cached:6792.25 MB
2020-02-04 12:26:34,520 ==> Epoch[1](600/610): Loss: 0.3163
2020-02-04 12:26:34,521 Allocated:121.15869140625 MB
2020-02-04 12:26:34,521 Cached:6792.25 MB
2020-02-04 12:27:00,344 ===> Epoch 1 Complete: Avg. Loss: 0.3171
2020-02-04 12:27:00,346 ====> Extracting Features
2020-02-04 12:27:16,009 ==> Batch (50/184)
2020-02-04 12:27:22,248 ==> Batch (100/184)
2020-02-04 12:27:28,452 ==> Batch (150/184)
2020-02-04 12:27:35,164 ====> Building faiss index
2020-02-04 12:27:35,872 ====> Calculating recall @ N
2020-02-04 12:27:44,098 ====> Recall@1: 0.0661
2020-02-04 12:27:44,099 ====> Recall@2: 0.0956
2020-02-04 12:27:44,100 ====> Recall@3: 0.1220
2020-02-04 12:27:44,100 ====> Recall@4: 0.1443
2020-02-04 12:27:44,100 ====> Recall@5: 0.1644
2020-02-04 12:27:44,101 ====> Recall@10: 0.2461
2020-02-04 12:27:44,101 ====> Recall@15: 0.3057
2020-02-04 12:27:44,101 ====> Recall@20: 0.3546
2020-02-04 12:27:44,101 ====> Recall@25: 0.3971
2020-02-04 12:27:44,465 ====> Building Cache
2020-02-04 12:27:44,465 feature cache--->>> /home/annora/NetVLAD/output/train_feat_cache2.hdf5
2020-02-04 12:28:15,244 Allocated:119.90869140625 MB
2020-02-04 12:28:15,245 Cached:2901.25 MB
2020-02-04 12:30:45,477 ==> Epoch[2](50/610): Loss: 0.3163
2020-02-04 12:30:45,479 Allocated:121.90869140625 MB
2020-02-04 12:30:45,479 Cached:6792.25 MB
2020-02-04 12:32:42,636 ==> Epoch[2](100/610): Loss: 0.3164
2020-02-04 12:32:42,638 Allocated:121.15869140625 MB
2020-02-04 12:32:42,639 Cached:6792.25 MB
2020-02-04 12:34:41,418 ==> Epoch[2](150/610): Loss: 0.3165
2020-02-04 12:34:41,420 Allocated:121.90869140625 MB
2020-02-04 12:34:41,420 Cached:6792.25 MB
2020-02-04 12:36:39,687 ==> Epoch[2](200/610): Loss: 0.3163
2020-02-04 12:36:39,689 Allocated:121.53369140625 MB
2020-02-04 12:36:39,689 Cached:6792.25 MB
2020-02-04 12:36:48,432 ====> Building Cache
2020-02-04 12:36:48,433 feature cache--->>> /home/annora/NetVLAD/output/train_feat_cache2.hdf5
2020-02-04 12:37:18,211 Allocated:121.908203125 MB
2020-02-04 12:37:18,211 Cached:2901.25 MB
2020-02-04 12:39:47,679 ==> Epoch[2](250/610): Loss: 0.3163
2020-02-04 12:39:47,681 Allocated:121.15869140625 MB
2020-02-04 12:39:47,681 Cached:6792.25 MB
2020-02-04 12:41:49,497 ==> Epoch[2](300/610): Loss: 0.3161
2020-02-04 12:41:49,499 Allocated:121.90869140625 MB
2020-02-04 12:41:49,499 Cached:6792.25 MB
2020-02-04 12:43:47,060 ==> Epoch[2](350/610): Loss: 0.3162
2020-02-04 12:43:47,061 Allocated:121.90869140625 MB
2020-02-04 12:43:47,061 Cached:6792.25 MB
2020-02-04 12:45:43,342 ==> Epoch[2](400/610): Loss: 0.3162
2020-02-04 12:45:43,343 Allocated:121.15869140625 MB
2020-02-04 12:45:43,344 Cached:6792.25 MB
2020-02-04 12:46:01,070 ====> Building Cache
2020-02-04 12:46:01,071 feature cache--->>> /home/annora/NetVLAD/output/train_feat_cache2.hdf5
2020-02-04 12:46:31,330 Allocated:121.283203125 MB
2020-02-04 12:46:31,331 Cached:3387.25 MB
2020-02-04 12:48:50,757 ==> Epoch[2](450/610): Loss: 0.3163
2020-02-04 12:48:50,759 Allocated:121.40869140625 MB
2020-02-04 12:48:50,759 Cached:7278.25 MB
2020-02-04 12:50:49,277 ==> Epoch[2](500/610): Loss: 0.3162
2020-02-04 12:50:49,279 Allocated:121.40869140625 MB
2020-02-04 12:50:49,279 Cached:7278.25 MB
2020-02-04 12:52:46,328 ==> Epoch[2](550/610): Loss: 0.3162
2020-02-04 12:52:46,329 Allocated:121.40869140625 MB
2020-02-04 12:52:46,330 Cached:7278.25 MB
2020-02-04 12:54:45,087 ==> Epoch[2](600/610): Loss: 0.3163
2020-02-04 12:54:45,089 Allocated:121.40869140625 MB
2020-02-04 12:54:45,089 Cached:7278.25 MB
2020-02-04 12:55:16,197 ===> Epoch 2 Complete: Avg. Loss: 0.3173
2020-02-04 12:55:16,199 ====> Extracting Features
2020-02-04 12:55:34,357 ==> Batch (50/184)
2020-02-04 12:55:40,414 ==> Batch (100/184)
2020-02-04 12:55:46,199 ==> Batch (150/184)
2020-02-04 12:55:51,586 ====> Building faiss index
2020-02-04 12:55:52,077 ====> Calculating recall @ N
2020-02-04 12:56:00,445 ====> Recall@1: 0.0000
2020-02-04 12:56:00,446 ====> Recall@2: 0.0000
2020-02-04 12:56:00,447 ====> Recall@3: 0.0000
2020-02-04 12:56:00,447 ====> Recall@4: 0.0000
2020-02-04 12:56:00,447 ====> Recall@5: 0.0000
2020-02-04 12:56:00,447 ====> Recall@10: 0.0000
2020-02-04 12:56:00,448 ====> Recall@15: 0.0000
2020-02-04 12:56:00,448 ====> Recall@20: 0.0000
2020-02-04 12:56:00,448 ====> Recall@25: 0.0000
2020-02-04 12:56:00,900 ====> Building Cache
2020-02-04 12:56:00,901 feature cache--->>> /home/annora/NetVLAD/output/train_feat_cache2.hdf5
2020-02-04 12:56:31,030 Allocated:120.65869140625 MB
2020-02-04 12:56:31,031 Cached:3386.25 MB
2020-02-04 12:59:02,763 ==> Epoch[3](50/610): Loss: 0.3162
2020-02-04 12:59:02,765 Allocated:121.90869140625 MB
2020-02-04 12:59:02,765 Cached:7278.25 MB
2020-02-04 13:01:04,658 ==> Epoch[3](100/610): Loss: 0.3162
2020-02-04 13:01:04,659 Allocated:121.15869140625 MB
2020-02-04 13:01:04,660 Cached:7278.25 MB
2020-02-04 13:03:06,588 ==> Epoch[3](150/610): Loss: 0.3162
2020-02-04 13:03:06,590 Allocated:121.90869140625 MB
2020-02-04 13:03:06,590 Cached:7278.25 MB
2020-02-04 13:05:02,436 ==> Epoch[3](200/610): Loss: 0.3162
2020-02-04 13:05:02,437 Allocated:121.90869140625 MB
2020-02-04 13:05:02,438 Cached:7278.25 MB
2020-02-04 13:05:11,503 ====> Building Cache
2020-02-04 13:05:11,504 feature cache--->>> /home/annora/NetVLAD/output/train_feat_cache2.hdf5
2020-02-04 13:05:41,455 Allocated:121.658203125 MB
2020-02-04 13:05:41,455 Cached:3387.25 MB
2020-02-04 13:08:12,428 ==> Epoch[3](250/610): Loss: 0.3162
2020-02-04 13:08:12,432 Allocated:121.40869140625 MB
2020-02-04 13:08:12,433 Cached:7278.25 MB
2020-02-04 13:10:12,638 ==> Epoch[3](300/610): Loss: 0.3162
2020-02-04 13:10:12,640 Allocated:121.40869140625 MB
2020-02-04 13:10:12,640 Cached:7278.25 MB
2020-02-04 13:12:10,643 ==> Epoch[3](350/610): Loss: 0.3162
2020-02-04 13:12:10,645 Allocated:121.40869140625 MB
2020-02-04 13:12:10,646 Cached:7278.25 MB
2020-02-04 13:14:07,403 ==> Epoch[3](400/610): Loss: 0.3162
2020-02-04 13:14:07,404 Allocated:121.40869140625 MB
2020-02-04 13:14:07,405 Cached:7278.25 MB
2020-02-04 13:14:27,369 ====> Building Cache
2020-02-04 13:14:27,370 feature cache--->>> /home/annora/NetVLAD/output/train_feat_cache2.hdf5
2020-02-04 13:14:59,935 Allocated:122.658203125 MB
2020-02-04 13:14:59,936 Cached:3387.25 MB
2020-02-04 13:17:19,758 ==> Epoch[3](450/610): Loss: 0.3162
2020-02-04 13:17:19,760 Allocated:121.90869140625 MB
2020-02-04 13:17:19,760 Cached:7278.25 MB
2020-02-04 13:19:15,309 ==> Epoch[3](500/610): Loss: 0.3162
2020-02-04 13:19:15,311 Allocated:121.90869140625 MB
2020-02-04 13:19:15,311 Cached:7278.25 MB
2020-02-04 13:21:15,053 ==> Epoch[3](550/610): Loss: 0.3162
2020-02-04 13:21:15,056 Allocated:121.15869140625 MB
2020-02-04 13:21:15,056 Cached:7278.25 MB
2020-02-04 13:23:14,341 ==> Epoch[3](600/610): Loss: 0.3162
2020-02-04 13:23:14,342 Allocated:121.90869140625 MB
2020-02-04 13:23:14,343 Cached:7278.25 MB
2020-02-04 13:23:40,466 ===> Epoch 3 Complete: Avg. Loss: 0.3173
2020-02-04 13:23:40,467 ====> Extracting Features
2020-02-04 13:23:56,762 ==> Batch (50/184)
2020-02-04 13:24:02,503 ==> Batch (100/184)
2020-02-04 13:24:08,721 ==> Batch (150/184)
2020-02-04 13:24:14,800 ====> Building faiss index
2020-02-04 13:24:15,314 ====> Calculating recall @ N
2020-02-04 13:24:23,900 ====> Recall@1: 0.0000
2020-02-04 13:24:23,901 ====> Recall@2: 0.0000
2020-02-04 13:24:23,901 ====> Recall@3: 0.0000
2020-02-04 13:24:23,901 ====> Recall@4: 0.0000
2020-02-04 13:24:23,902 ====> Recall@5: 0.0000
2020-02-04 13:24:23,902 ====> Recall@10: 0.0000
2020-02-04 13:24:23,902 ====> Recall@15: 0.0000
2020-02-04 13:24:23,902 ====> Recall@20: 0.0000
2020-02-04 13:24:23,902 ====> Recall@25: 0.0000
2020-02-04 13:24:24,386 ====> Building Cache
2020-02-04 13:24:24,386 feature cache--->>> /home/annora/NetVLAD/output/train_feat_cache2.hdf5
2020-02-04 13:24:55,359 Allocated:119.65869140625 MB
2020-02-04 13:24:55,360 Cached:3386.25 MB
2020-02-04 13:27:32,514 ==> Epoch[4](50/610): Loss: 0.3162
2020-02-04 13:27:32,516 Allocated:121.40869140625 MB
2020-02-04 13:27:32,516 Cached:7278.25 MB
2020-02-04 13:29:32,633 ==> Epoch[4](100/610): Loss: 0.3162
2020-02-04 13:29:32,634 Allocated:121.40869140625 MB
2020-02-04 13:29:32,634 Cached:7278.25 MB
2020-02-04 13:31:30,851 ==> Epoch[4](150/610): Loss: 0.3162
2020-02-04 13:31:30,853 Allocated:121.40869140625 MB
2020-02-04 13:31:30,853 Cached:7278.25 MB
2020-02-04 13:33:27,961 ==> Epoch[4](200/610): Loss: 0.3162
2020-02-04 13:33:27,963 Allocated:121.40869140625 MB
2020-02-04 13:33:27,963 Cached:7278.25 MB
2020-02-04 13:33:37,200 ====> Building Cache
2020-02-04 13:33:37,201 feature cache--->>> /home/annora/NetVLAD/output/train_feat_cache2.hdf5
2020-02-04 13:34:10,511 Allocated:122.658203125 MB
2020-02-04 13:34:10,512 Cached:3387.25 MB
2020-02-04 13:36:43,172 ==> Epoch[4](250/610): Loss: 0.3162
2020-02-04 13:36:43,174 Allocated:121.15869140625 MB
2020-02-04 13:36:43,174 Cached:7278.25 MB
2020-02-04 13:38:37,999 ==> Epoch[4](300/610): Loss: 0.3162
2020-02-04 13:38:38,001 Allocated:121.90869140625 MB
2020-02-04 13:38:38,002 Cached:7278.25 MB
2020-02-04 13:40:35,168 ==> Epoch[4](350/610): Loss: 0.3162
2020-02-04 13:40:35,170 Allocated:121.90869140625 MB
2020-02-04 13:40:35,170 Cached:7278.25 MB
2020-02-04 13:42:39,764 ==> Epoch[4](400/610): Loss: 0.3162
2020-02-04 13:42:39,766 Allocated:121.15869140625 MB
2020-02-04 13:42:39,766 Cached:7278.25 MB
2020-02-04 13:42:57,392 ====> Building Cache
2020-02-04 13:42:57,392 feature cache--->>> /home/annora/NetVLAD/output/train_feat_cache2.hdf5
2020-02-04 13:43:27,628 Allocated:121.658203125 MB
2020-02-04 13:43:27,628 Cached:3387.25 MB
2020-02-04 13:45:40,824 ==> Epoch[4](450/610): Loss: 0.3162
2020-02-04 13:45:40,825 Allocated:121.40869140625 MB
2020-02-04 13:45:40,825 Cached:7278.25 MB
2020-02-04 13:47:39,540 ==> Epoch[4](500/610): Loss: 0.3162
2020-02-04 13:47:39,542 Allocated:121.40869140625 MB
2020-02-04 13:47:39,543 Cached:7278.25 MB
2020-02-04 13:49:37,922 ==> Epoch[4](550/610): Loss: 0.3162
2020-02-04 13:49:37,924 Allocated:121.40869140625 MB
2020-02-04 13:49:37,924 Cached:7278.25 MB
2020-02-04 13:51:35,242 ==> Epoch[4](600/610): Loss: 0.3162
2020-02-04 13:51:35,244 Allocated:121.40869140625 MB
2020-02-04 13:51:35,244 Cached:7278.25 MB
2020-02-04 13:52:02,221 ===> Epoch 4 Complete: Avg. Loss: 0.3173
2020-02-04 13:52:02,223 ====> Extracting Features
2020-02-04 13:52:18,808 ==> Batch (50/184)
2020-02-04 13:52:24,668 ==> Batch (100/184)
2020-02-04 13:52:30,436 ==> Batch (150/184)
2020-02-04 13:52:35,868 ====> Building faiss index
2020-02-04 13:52:36,367 ====> Calculating recall @ N
2020-02-04 13:52:44,624 ====> Recall@1: 0.0000
2020-02-04 13:52:44,624 ====> Recall@2: 0.0000
2020-02-04 13:52:44,625 ====> Recall@3: 0.0001
2020-02-04 13:52:44,625 ====> Recall@4: 0.0001
2020-02-04 13:52:44,625 ====> Recall@5: 0.0004
2020-02-04 13:52:44,626 ====> Recall@10: 0.0014
2020-02-04 13:52:44,626 ====> Recall@15: 0.0024
2020-02-04 13:52:44,626 ====> Recall@20: 0.0025
2020-02-04 13:52:44,626 ====> Recall@25: 0.0028
2020-02-04 13:52:45,126 ====> Building Cache
2020-02-04 13:52:45,127 feature cache--->>> /home/annora/NetVLAD/output/train_feat_cache2.hdf5
2020-02-04 13:53:14,733 Allocated:120.65869140625 MB
2020-02-04 13:53:14,734 Cached:3386.25 MB
2020-02-04 13:55:59,175 ==> Epoch[5](50/610): Loss: 0.3162
2020-02-04 13:55:59,177 Allocated:121.90869140625 MB
2020-02-04 13:55:59,177 Cached:7278.25 MB
2020-02-04 13:57:56,862 ==> Epoch[5](100/610): Loss: 0.3162
2020-02-04 13:57:56,864 Allocated:121.15869140625 MB
2020-02-04 13:57:56,864 Cached:7278.25 MB
2020-02-04 13:59:54,633 ==> Epoch[5](150/610): Loss: 0.3162
2020-02-04 13:59:54,635 Allocated:121.90869140625 MB
2020-02-04 13:59:54,635 Cached:7278.25 MB
2020-02-04 14:01:59,201 ==> Epoch[5](200/610): Loss: 0.3162
2020-02-04 14:01:59,203 Allocated:121.90869140625 MB
2020-02-04 14:01:59,203 Cached:7278.25 MB
2020-02-04 14:02:08,052 ====> Building Cache
2020-02-04 14:02:08,053 feature cache--->>> /home/annora/NetVLAD/output/train_feat_cache2.hdf5
2020-02-04 14:02:38,031 Allocated:121.658203125 MB
2020-02-04 14:02:38,032 Cached:3387.25 MB
2020-02-04 14:05:04,667 ==> Epoch[5](250/610): Loss: 0.3162
2020-02-04 14:05:04,669 Allocated:121.40869140625 MB
2020-02-04 14:05:04,670 Cached:7278.25 MB
2020-02-04 14:07:02,388 ==> Epoch[5](300/610): Loss: 0.3162
2020-02-04 14:07:02,390 Allocated:121.40869140625 MB
2020-02-04 14:07:02,390 Cached:7278.25 MB
2020-02-04 14:09:03,782 ==> Epoch[5](350/610): Loss: 0.3162
2020-02-04 14:09:03,784 Allocated:121.40869140625 MB
2020-02-04 14:09:03,784 Cached:7278.25 MB
2020-02-04 14:11:01,684 ==> Epoch[5](400/610): Loss: 0.3162
2020-02-04 14:11:01,686 Allocated:121.40869140625 MB
2020-02-04 14:11:01,686 Cached:7278.25 MB
2020-02-04 14:11:19,675 ====> Building Cache
2020-02-04 14:11:19,676 feature cache--->>> /home/annora/NetVLAD/output/train_feat_cache2.hdf5
2020-02-04 14:11:49,995 Allocated:122.658203125 MB
2020-02-04 14:11:49,995 Cached:3387.25 MB
2020-02-04 14:14:08,893 ==> Epoch[5](450/610): Loss: 0.3162
2020-02-04 14:14:08,894 Allocated:121.90869140625 MB
2020-02-04 14:14:08,895 Cached:7278.25 MB
2020-02-04 14:16:08,088 ==> Epoch[5](500/610): Loss: 0.3162
2020-02-04 14:16:08,090 Allocated:121.90869140625 MB
2020-02-04 14:16:08,090 Cached:7278.25 MB
2020-02-04 14:18:03,786 ==> Epoch[5](550/610): Loss: 0.3162
2020-02-04 14:18:03,788 Allocated:121.15869140625 MB
2020-02-04 14:18:03,788 Cached:7278.25 MB
2020-02-04 14:20:01,231 ==> Epoch[5](600/610): Loss: 0.3162
2020-02-04 14:20:01,232 Allocated:121.90869140625 MB
2020-02-04 14:20:01,233 Cached:7278.25 MB
2020-02-04 14:20:28,930 ===> Epoch 5 Complete: Avg. Loss: 0.3173
2020-02-04 14:20:28,932 ====> Extracting Features
2020-02-04 14:20:47,052 ==> Batch (50/184)
2020-02-04 14:20:53,212 ==> Batch (100/184)
2020-02-04 14:20:59,474 ==> Batch (150/184)
2020-02-04 14:21:05,368 ====> Building faiss index
2020-02-04 14:21:06,062 ====> Calculating recall @ N
2020-02-04 14:21:15,242 ====> Recall@1: 0.0000
2020-02-04 14:21:15,243 ====> Recall@2: 0.0000
2020-02-04 14:21:15,244 ====> Recall@3: 0.0000
2020-02-04 14:21:15,245 ====> Recall@4: 0.0000
2020-02-04 14:21:15,245 ====> Recall@5: 0.0000
2020-02-04 14:21:15,245 ====> Recall@10: 0.0000
2020-02-04 14:21:15,245 ====> Recall@15: 0.0000
2020-02-04 14:21:15,245 ====> Recall@20: 0.0000
2020-02-04 14:21:15,246 ====> Recall@25: 0.0000
2020-02-04 14:21:15,746 ====> Building Cache
2020-02-04 14:21:15,746 feature cache--->>> /home/annora/NetVLAD/output/train_feat_cache2.hdf5
2020-02-04 14:21:47,412 Allocated:119.65869140625 MB
2020-02-04 14:21:47,413 Cached:3386.25 MB
2020-02-04 14:24:27,664 ==> Epoch[6](50/610): Loss: 0.3162
2020-02-04 14:24:27,667 Allocated:121.40869140625 MB
2020-02-04 14:24:27,667 Cached:7278.25 MB
2020-02-04 14:26:31,416 ==> Epoch[6](100/610): Loss: 0.3162
2020-02-04 14:26:31,419 Allocated:121.40869140625 MB
2020-02-04 14:26:31,419 Cached:7278.25 MB
2020-02-04 14:28:37,495 ==> Epoch[6](150/610): Loss: 0.3162
2020-02-04 14:28:37,497 Allocated:121.40869140625 MB
2020-02-04 14:28:37,497 Cached:7278.25 MB
2020-02-04 14:30:35,467 ==> Epoch[6](200/610): Loss: 0.3162
2020-02-04 14:30:35,468 Allocated:121.40869140625 MB
2020-02-04 14:30:35,469 Cached:7278.25 MB
2020-02-04 14:30:44,760 ====> Building Cache
2020-02-04 14:30:44,762 feature cache--->>> /home/annora/NetVLAD/output/train_feat_cache2.hdf5
2020-02-04 14:31:15,027 Allocated:122.658203125 MB
2020-02-04 14:31:15,028 Cached:3387.25 MB
2020-02-04 14:33:43,852 ==> Epoch[6](250/610): Loss: 0.3162
2020-02-04 14:33:43,855 Allocated:121.15869140625 MB
2020-02-04 14:33:43,855 Cached:7278.25 MB
2020-02-04 14:35:49,204 ==> Epoch[6](300/610): Loss: 0.3162
2020-02-04 14:35:49,205 Allocated:121.90869140625 MB
2020-02-04 14:35:49,206 Cached:7278.25 MB
2020-02-04 14:37:53,250 ==> Epoch[6](350/610): Loss: 0.3162
2020-02-04 14:37:53,252 Allocated:121.90869140625 MB
2020-02-04 14:37:53,252 Cached:7278.25 MB
2020-02-04 14:39:49,963 ==> Epoch[6](400/610): Loss: 0.3162
2020-02-04 14:39:49,965 Allocated:121.15869140625 MB
2020-02-04 14:39:49,965 Cached:7278.25 MB
2020-02-04 14:40:08,074 ====> Building Cache
2020-02-04 14:40:08,075 feature cache--->>> /home/annora/NetVLAD/output/train_feat_cache2.hdf5
2020-02-04 14:40:39,816 Allocated:121.658203125 MB
2020-02-04 14:40:39,816 Cached:3387.25 MB
2020-02-04 14:42:59,647 ==> Epoch[6](450/610): Loss: 0.3162
2020-02-04 14:42:59,650 Allocated:121.40869140625 MB
2020-02-04 14:42:59,650 Cached:7278.25 MB
2020-02-04 14:44:56,455 ==> Epoch[6](500/610): Loss: 0.3162
2020-02-04 14:44:56,457 Allocated:121.40869140625 MB
2020-02-04 14:44:56,457 Cached:7278.25 MB
2020-02-04 14:46:54,235 ==> Epoch[6](550/610): Loss: 0.3162
2020-02-04 14:46:54,237 Allocated:121.40869140625 MB
2020-02-04 14:46:54,237 Cached:7278.25 MB
2020-02-04 14:48:58,140 ==> Epoch[6](600/610): Loss: 0.3162
2020-02-04 14:48:58,142 Allocated:121.40869140625 MB
2020-02-04 14:48:58,142 Cached:7278.25 MB
2020-02-04 14:49:24,360 ===> Epoch 6 Complete: Avg. Loss: 0.3173
2020-02-04 14:49:24,362 ====> Extracting Features
2020-02-04 14:49:41,247 ==> Batch (50/184)
2020-02-04 14:49:46,963 ==> Batch (100/184)
2020-02-04 14:49:52,469 ==> Batch (150/184)
2020-02-04 14:49:57,923 ====> Building faiss index
2020-02-04 14:49:58,653 ====> Calculating recall @ N
2020-02-04 14:50:07,248 ====> Recall@1: 0.0000
2020-02-04 14:50:07,248 ====> Recall@2: 0.0000
2020-02-04 14:50:07,249 ====> Recall@3: 0.0000
2020-02-04 14:50:07,250 ====> Recall@4: 0.0000
2020-02-04 14:50:07,250 ====> Recall@5: 0.0000
2020-02-04 14:50:07,250 ====> Recall@10: 0.0000
2020-02-04 14:50:07,250 ====> Recall@15: 0.0000
2020-02-04 14:50:07,250 ====> Recall@20: 0.0000
2020-02-04 14:50:07,251 ====> Recall@25: 0.0000
2020-02-04 14:50:07,739 ====> Building Cache
2020-02-04 14:50:07,739 feature cache--->>> /home/annora/NetVLAD/output/train_feat_cache2.hdf5
2020-02-04 14:50:37,827 Allocated:120.65869140625 MB
2020-02-04 14:50:37,827 Cached:3386.25 MB
2020-02-04 14:53:09,433 ==> Epoch[7](50/610): Loss: 0.3162
2020-02-04 14:53:09,434 Allocated:121.90869140625 MB
2020-02-04 14:53:09,435 Cached:7278.25 MB
2020-02-04 14:55:10,938 ==> Epoch[7](100/610): Loss: 0.3162
2020-02-04 14:55:10,940 Allocated:121.15869140625 MB
2020-02-04 14:55:10,940 Cached:7278.25 MB
2020-02-04 14:57:07,400 ==> Epoch[7](150/610): Loss: 0.3162
2020-02-04 14:57:07,402 Allocated:121.90869140625 MB
2020-02-04 14:57:07,402 Cached:7278.25 MB
2020-02-04 14:59:03,576 ==> Epoch[7](200/610): Loss: 0.3162
2020-02-04 14:59:03,577 Allocated:121.90869140625 MB
2020-02-04 14:59:03,577 Cached:7278.25 MB
2020-02-04 14:59:12,479 ====> Building Cache
2020-02-04 14:59:12,480 feature cache--->>> /home/annora/NetVLAD/output/train_feat_cache2.hdf5
2020-02-04 14:59:42,579 Allocated:121.658203125 MB
2020-02-04 14:59:42,579 Cached:3387.25 MB
2020-02-04 15:02:12,894 ==> Epoch[7](250/610): Loss: 0.3162
2020-02-04 15:02:12,896 Allocated:121.40869140625 MB
2020-02-04 15:02:12,896 Cached:7278.25 MB
2020-02-04 15:04:12,267 ==> Epoch[7](300/610): Loss: 0.3162
2020-02-04 15:04:12,268 Allocated:121.40869140625 MB
2020-02-04 15:04:12,269 Cached:7278.25 MB
2020-02-04 15:06:07,673 ==> Epoch[7](350/610): Loss: 0.3162
2020-02-04 15:06:07,675 Allocated:121.40869140625 MB
2020-02-04 15:06:07,675 Cached:7278.25 MB
2020-02-04 15:08:08,161 ==> Epoch[7](400/610): Loss: 0.3162
2020-02-04 15:08:08,163 Allocated:121.40869140625 MB
2020-02-04 15:08:08,163 Cached:7278.25 MB
2020-02-04 15:08:25,381 ====> Building Cache
2020-02-04 15:08:25,382 feature cache--->>> /home/annora/NetVLAD/output/train_feat_cache2.hdf5
2020-02-04 15:08:55,285 Allocated:122.658203125 MB
2020-02-04 15:08:55,286 Cached:3387.25 MB
2020-02-04 15:11:07,457 ==> Epoch[7](450/610): Loss: 0.3162
2020-02-04 15:11:07,459 Allocated:121.90869140625 MB
2020-02-04 15:11:07,459 Cached:7278.25 MB
2020-02-04 15:13:04,796 ==> Epoch[7](500/610): Loss: 0.3162
2020-02-04 15:13:04,798 Allocated:121.90869140625 MB
2020-02-04 15:13:04,798 Cached:7278.25 MB
2020-02-04 15:15:05,740 ==> Epoch[7](550/610): Loss: 0.3162
2020-02-04 15:15:05,741 Allocated:121.15869140625 MB
2020-02-04 15:15:05,741 Cached:7278.25 MB
2020-02-04 15:17:01,350 ==> Epoch[7](600/610): Loss: 0.3162
2020-02-04 15:17:01,351 Allocated:121.90869140625 MB
2020-02-04 15:17:01,352 Cached:7278.25 MB
2020-02-04 15:17:27,284 ===> Epoch 7 Complete: Avg. Loss: 0.3173
2020-02-04 15:17:27,286 ====> Extracting Features
2020-02-04 15:17:43,964 ==> Batch (50/184)
2020-02-04 15:17:49,707 ==> Batch (100/184)
2020-02-04 15:17:55,183 ==> Batch (150/184)
2020-02-04 15:18:00,561 ====> Building faiss index
2020-02-04 15:18:01,057 ====> Calculating recall @ N
2020-02-04 15:18:09,341 ====> Recall@1: 0.0000
2020-02-04 15:18:09,342 ====> Recall@2: 0.0000
2020-02-04 15:18:09,343 ====> Recall@3: 0.0000
2020-02-04 15:18:09,343 ====> Recall@4: 0.0000
2020-02-04 15:18:09,343 ====> Recall@5: 0.0000
2020-02-04 15:18:09,343 ====> Recall@10: 0.0000
2020-02-04 15:18:09,343 ====> Recall@15: 0.0000
2020-02-04 15:18:09,344 ====> Recall@20: 0.0000
2020-02-04 15:18:09,344 ====> Recall@25: 0.0000
2020-02-04 15:18:09,835 ====> Building Cache
2020-02-04 15:18:09,835 feature cache--->>> /home/annora/NetVLAD/output/train_feat_cache2.hdf5
2020-02-04 15:18:39,646 Allocated:119.65869140625 MB
2020-02-04 15:18:39,646 Cached:3386.25 MB
2020-02-04 15:21:15,824 ==> Epoch[8](50/610): Loss: 0.3162
2020-02-04 15:21:15,826 Allocated:121.40869140625 MB
2020-02-04 15:21:15,826 Cached:7278.25 MB
2020-02-04 15:23:14,972 ==> Epoch[8](100/610): Loss: 0.3162
2020-02-04 15:23:14,973 Allocated:121.40869140625 MB
2020-02-04 15:23:14,974 Cached:7278.25 MB
2020-02-04 15:25:08,536 ==> Epoch[8](150/610): Loss: 0.3162
2020-02-04 15:25:08,538 Allocated:121.40869140625 MB
2020-02-04 15:25:08,538 Cached:7278.25 MB
2020-02-04 15:27:07,962 ==> Epoch[8](200/610): Loss: 0.3162
2020-02-04 15:27:07,964 Allocated:121.40869140625 MB
2020-02-04 15:27:07,965 Cached:7278.25 MB
2020-02-04 15:27:19,833 ====> Building Cache
2020-02-04 15:27:19,834 feature cache--->>> /home/annora/NetVLAD/output/train_feat_cache2.hdf5
2020-02-04 15:27:51,741 Allocated:122.658203125 MB
2020-02-04 15:27:51,742 Cached:3387.25 MB
2020-02-04 15:30:21,749 ==> Epoch[8](250/610): Loss: 0.3162
2020-02-04 15:30:21,752 Allocated:121.15869140625 MB
2020-02-04 15:30:21,752 Cached:7278.25 MB
2020-02-04 15:32:20,985 ==> Epoch[8](300/610): Loss: 0.3162
2020-02-04 15:32:20,988 Allocated:121.90869140625 MB
2020-02-04 15:32:20,988 Cached:7278.25 MB
2020-02-04 15:34:14,795 ==> Epoch[8](350/610): Loss: 0.3162
2020-02-04 15:34:14,797 Allocated:121.90869140625 MB
2020-02-04 15:34:14,797 Cached:7278.25 MB
2020-02-04 15:36:06,174 ==> Epoch[8](400/610): Loss: 0.3162
2020-02-04 15:36:06,176 Allocated:121.15869140625 MB
2020-02-04 15:36:06,176 Cached:7278.25 MB
2020-02-04 15:36:23,456 ====> Building Cache
2020-02-04 15:36:23,456 feature cache--->>> /home/annora/NetVLAD/output/train_feat_cache2.hdf5
2020-02-04 15:36:53,394 Allocated:121.658203125 MB
2020-02-04 15:36:53,395 Cached:3387.25 MB
2020-02-04 15:39:09,864 ==> Epoch[8](450/610): Loss: 0.3162
2020-02-04 15:39:09,867 Allocated:121.40869140625 MB
2020-02-04 15:39:09,867 Cached:7278.25 MB
2020-02-04 15:41:07,389 ==> Epoch[8](500/610): Loss: 0.3162
2020-02-04 15:41:07,391 Allocated:121.40869140625 MB
2020-02-04 15:41:07,391 Cached:7278.25 MB
2020-02-04 15:43:01,717 ==> Epoch[8](550/610): Loss: 0.3162
2020-02-04 15:43:01,719 Allocated:121.40869140625 MB
2020-02-04 15:43:01,719 Cached:7278.25 MB
2020-02-04 15:44:56,709 ==> Epoch[8](600/610): Loss: 0.3162
2020-02-04 15:44:56,711 Allocated:121.40869140625 MB
2020-02-04 15:44:56,711 Cached:7278.25 MB
2020-02-04 15:45:22,509 ===> Epoch 8 Complete: Avg. Loss: 0.3173
2020-02-04 15:45:22,511 ====> Extracting Features
2020-02-04 15:45:38,787 ==> Batch (50/184)
2020-02-04 15:45:44,517 ==> Batch (100/184)
2020-02-04 15:45:50,103 ==> Batch (150/184)
2020-02-04 15:45:56,061 ====> Building faiss index
2020-02-04 15:45:56,539 ====> Calculating recall @ N
2020-02-04 15:46:04,689 ====> Recall@1: 0.0049
2020-02-04 15:46:04,690 ====> Recall@2: 0.0104
2020-02-04 15:46:04,691 ====> Recall@3: 0.0126
2020-02-04 15:46:04,691 ====> Recall@4: 0.0137
2020-02-04 15:46:04,691 ====> Recall@5: 0.0192
2020-02-04 15:46:04,691 ====> Recall@10: 0.0276
2020-02-04 15:46:04,691 ====> Recall@15: 0.0393
2020-02-04 15:46:04,692 ====> Recall@20: 0.0442
2020-02-04 15:46:04,692 ====> Recall@25: 0.0503
2020-02-04 15:46:05,185 ====> Building Cache
2020-02-04 15:46:05,186 feature cache--->>> /home/annora/NetVLAD/output/train_feat_cache2.hdf5
2020-02-04 15:46:36,342 Allocated:120.65869140625 MB
2020-02-04 15:46:36,342 Cached:3386.25 MB
2020-02-04 15:49:13,622 ==> Epoch[9](50/610): Loss: 0.3162
2020-02-04 15:49:13,624 Allocated:121.90869140625 MB
2020-02-04 15:49:13,625 Cached:7278.25 MB
2020-02-04 15:51:13,867 ==> Epoch[9](100/610): Loss: 0.3162
2020-02-04 15:51:13,869 Allocated:121.15869140625 MB
2020-02-04 15:51:13,869 Cached:7278.25 MB
2020-02-04 15:53:14,009 ==> Epoch[9](150/610): Loss: 0.3162
2020-02-04 15:53:14,012 Allocated:121.90869140625 MB
2020-02-04 15:53:14,012 Cached:7278.25 MB
2020-02-04 15:55:10,185 ==> Epoch[9](200/610): Loss: 0.3162
2020-02-04 15:55:10,187 Allocated:121.90869140625 MB
2020-02-04 15:55:10,187 Cached:7278.25 MB
2020-02-04 15:55:18,797 ====> Building Cache
2020-02-04 15:55:18,798 feature cache--->>> /home/annora/NetVLAD/output/train_feat_cache2.hdf5
2020-02-04 15:55:48,229 Allocated:121.658203125 MB
2020-02-04 15:55:48,230 Cached:3387.25 MB
2020-02-04 15:58:10,009 ==> Epoch[9](250/610): Loss: 0.3162
2020-02-04 15:58:10,011 Allocated:121.40869140625 MB
2020-02-04 15:58:10,012 Cached:7278.25 MB
2020-02-04 16:00:04,015 ==> Epoch[9](300/610): Loss: 0.3162
2020-02-04 16:00:04,017 Allocated:121.40869140625 MB
2020-02-04 16:00:04,017 Cached:7278.25 MB
2020-02-04 16:02:01,580 ==> Epoch[9](350/610): Loss: 0.3162
2020-02-04 16:02:01,582 Allocated:121.40869140625 MB
2020-02-04 16:02:01,582 Cached:7278.25 MB
2020-02-04 16:03:52,325 ==> Epoch[9](400/610): Loss: 0.3162
2020-02-04 16:03:52,326 Allocated:121.40869140625 MB
2020-02-04 16:03:52,327 Cached:7278.25 MB
2020-02-04 16:04:09,382 ====> Building Cache
2020-02-04 16:04:09,383 feature cache--->>> /home/annora/NetVLAD/output/train_feat_cache2.hdf5
2020-02-04 16:04:40,507 Allocated:122.658203125 MB
2020-02-04 16:04:40,507 Cached:3387.25 MB
2020-02-04 16:06:53,032 ==> Epoch[9](450/610): Loss: 0.3162
2020-02-04 16:06:53,034 Allocated:121.90869140625 MB
2020-02-04 16:06:53,034 Cached:7278.25 MB
2020-02-04 16:08:49,115 ==> Epoch[9](500/610): Loss: 0.3162
2020-02-04 16:08:49,116 Allocated:121.90869140625 MB
2020-02-04 16:08:49,116 Cached:7278.25 MB
2020-02-04 16:10:41,878 ==> Epoch[9](550/610): Loss: 0.3162
2020-02-04 16:10:41,880 Allocated:121.15869140625 MB
2020-02-04 16:10:41,880 Cached:7278.25 MB
2020-02-04 16:12:34,316 ==> Epoch[9](600/610): Loss: 0.3162
2020-02-04 16:12:34,318 Allocated:121.90869140625 MB
2020-02-04 16:12:34,319 Cached:7278.25 MB
2020-02-04 16:13:00,305 ===> Epoch 9 Complete: Avg. Loss: 0.3173
2020-02-04 16:13:00,307 ====> Extracting Features
2020-02-04 16:13:19,461 ==> Batch (50/184)
2020-02-04 16:13:25,596 ==> Batch (100/184)
2020-02-04 16:13:31,383 ==> Batch (150/184)
2020-02-04 16:13:37,270 ====> Building faiss index
2020-02-04 16:13:37,789 ====> Calculating recall @ N
2020-02-04 16:13:46,442 ====> Recall@1: 0.0000
2020-02-04 16:13:46,443 ====> Recall@2: 0.0000
2020-02-04 16:13:46,443 ====> Recall@3: 0.0000
2020-02-04 16:13:46,443 ====> Recall@4: 0.0000
2020-02-04 16:13:46,444 ====> Recall@5: 0.0000
2020-02-04 16:13:46,444 ====> Recall@10: 0.0000
2020-02-04 16:13:46,444 ====> Recall@15: 0.0000
2020-02-04 16:13:46,444 ====> Recall@20: 0.0000
2020-02-04 16:13:46,444 ====> Recall@25: 0.0000
2020-02-04 16:13:46,937 ====> Building Cache
2020-02-04 16:13:46,937 feature cache--->>> /home/annora/NetVLAD/output/train_feat_cache2.hdf5
2020-02-04 16:14:18,211 Allocated:119.65869140625 MB
2020-02-04 16:14:18,211 Cached:3386.25 MB
2020-02-04 16:16:49,376 ==> Epoch[10](50/610): Loss: 0.3162
2020-02-04 16:16:49,379 Allocated:121.40869140625 MB
2020-02-04 16:16:49,379 Cached:7278.25 MB
2020-02-04 16:18:43,698 ==> Epoch[10](100/610): Loss: 0.3162
2020-02-04 16:18:43,701 Allocated:121.40869140625 MB
2020-02-04 16:18:43,701 Cached:7278.25 MB
2020-02-04 16:20:41,668 ==> Epoch[10](150/610): Loss: 0.3162
2020-02-04 16:20:41,670 Allocated:121.40869140625 MB
2020-02-04 16:20:41,670 Cached:7278.25 MB
2020-02-04 16:22:34,910 ==> Epoch[10](200/610): Loss: 0.3162
2020-02-04 16:22:34,912 Allocated:121.40869140625 MB
2020-02-04 16:22:34,912 Cached:7278.25 MB
2020-02-04 16:22:43,860 ====> Building Cache
2020-02-04 16:22:43,861 feature cache--->>> /home/annora/NetVLAD/output/train_feat_cache2.hdf5
2020-02-04 16:23:16,311 Allocated:122.658203125 MB
2020-02-04 16:23:16,312 Cached:3387.25 MB
2020-02-04 16:25:38,299 ==> Epoch[10](250/610): Loss: 0.3162
2020-02-04 16:25:38,301 Allocated:121.15869140625 MB
2020-02-04 16:25:38,301 Cached:7278.25 MB
2020-02-04 16:27:33,040 ==> Epoch[10](300/610): Loss: 0.3162
2020-02-04 16:27:33,042 Allocated:121.90869140625 MB
2020-02-04 16:27:33,042 Cached:7278.25 MB
2020-02-04 16:29:31,448 ==> Epoch[10](350/610): Loss: 0.3162
2020-02-04 16:29:31,450 Allocated:121.90869140625 MB
2020-02-04 16:29:31,450 Cached:7278.25 MB
2020-02-04 16:31:23,906 ==> Epoch[10](400/610): Loss: 0.3162
2020-02-04 16:31:23,907 Allocated:121.15869140625 MB
2020-02-04 16:31:23,907 Cached:7278.25 MB
2020-02-04 16:31:41,386 ====> Building Cache
2020-02-04 16:31:41,387 feature cache--->>> /home/annora/NetVLAD/output/train_feat_cache2.hdf5
2020-02-04 16:32:10,858 Allocated:121.658203125 MB
2020-02-04 16:32:10,859 Cached:3387.25 MB
2020-02-04 16:34:21,477 ==> Epoch[10](450/610): Loss: 0.3162
2020-02-04 16:34:21,478 Allocated:121.40869140625 MB
2020-02-04 16:34:21,479 Cached:7278.25 MB
2020-02-04 16:36:18,346 ==> Epoch[10](500/610): Loss: 0.3162
2020-02-04 16:36:18,347 Allocated:121.40869140625 MB
2020-02-04 16:36:18,348 Cached:7278.25 MB
2020-02-04 16:38:12,374 ==> Epoch[10](550/610): Loss: 0.3162
2020-02-04 16:38:12,375 Allocated:121.40869140625 MB
2020-02-04 16:38:12,375 Cached:7278.25 MB
2020-02-04 16:40:05,546 ==> Epoch[10](600/610): Loss: 0.3162
2020-02-04 16:40:05,548 Allocated:121.40869140625 MB
2020-02-04 16:40:05,548 Cached:7278.25 MB
2020-02-04 16:40:30,973 ===> Epoch 10 Complete: Avg. Loss: 0.3173
2020-02-04 16:40:30,974 ====> Extracting Features
2020-02-04 16:40:47,628 ==> Batch (50/184)
2020-02-04 16:40:53,128 ==> Batch (100/184)
2020-02-04 16:40:58,886 ==> Batch (150/184)
2020-02-04 16:41:04,426 ====> Building faiss index
2020-02-04 16:41:04,924 ====> Calculating recall @ N
2020-02-04 16:41:13,193 ====> Recall@1: 0.0005
2020-02-04 16:41:13,194 ====> Recall@2: 0.0022
2020-02-04 16:41:13,194 ====> Recall@3: 0.0053
2020-02-04 16:41:13,194 ====> Recall@4: 0.0053
2020-02-04 16:41:13,195 ====> Recall@5: 0.0055
2020-02-04 16:41:13,195 ====> Recall@10: 0.0055
2020-02-04 16:41:13,195 ====> Recall@15: 0.0058
2020-02-04 16:41:13,195 ====> Recall@20: 0.0062
2020-02-04 16:41:13,195 ====> Recall@25: 0.0070
2020-02-04 16:41:13,669 ====> Building Cache
2020-02-04 16:41:13,670 feature cache--->>> /home/annora/NetVLAD/output/train_feat_cache2.hdf5
2020-02-04 16:41:43,928 Allocated:120.65869140625 MB
2020-02-04 16:41:43,928 Cached:3386.25 MB
2020-02-04 16:44:19,026 ==> Epoch[11](50/610): Loss: 0.3162
2020-02-04 16:44:19,028 Allocated:121.90869140625 MB
2020-02-04 16:44:19,028 Cached:7278.25 MB
2020-02-04 16:46:12,995 ==> Epoch[11](100/610): Loss: 0.3162
2020-02-04 16:46:12,997 Allocated:121.15869140625 MB
2020-02-04 16:46:12,997 Cached:7278.25 MB
2020-02-04 16:48:07,974 ==> Epoch[11](150/610): Loss: 0.3162
2020-02-04 16:48:07,976 Allocated:121.90869140625 MB
2020-02-04 16:48:07,976 Cached:7278.25 MB
2020-02-04 16:50:04,516 ==> Epoch[11](200/610): Loss: 0.3162
2020-02-04 16:50:04,517 Allocated:121.90869140625 MB
2020-02-04 16:50:04,517 Cached:7278.25 MB
2020-02-04 16:50:13,172 ====> Building Cache
2020-02-04 16:50:13,173 feature cache--->>> /home/annora/NetVLAD/output/train_feat_cache2.hdf5
2020-02-04 16:50:42,621 Allocated:121.658203125 MB
2020-02-04 16:50:42,622 Cached:3387.25 MB
2020-02-04 16:53:07,995 ==> Epoch[11](250/610): Loss: 0.3162
2020-02-04 16:53:07,997 Allocated:121.40869140625 MB
2020-02-04 16:53:07,998 Cached:7278.25 MB
2020-02-04 16:55:03,259 ==> Epoch[11](300/610): Loss: 0.3162
2020-02-04 16:55:03,261 Allocated:121.40869140625 MB
2020-02-04 16:55:03,262 Cached:7278.25 MB
2020-02-04 16:57:00,440 ==> Epoch[11](350/610): Loss: 0.3162
2020-02-04 16:57:00,441 Allocated:121.40869140625 MB
2020-02-04 16:57:00,441 Cached:7278.25 MB
2020-02-04 16:58:55,377 ==> Epoch[11](400/610): Loss: 0.3162
2020-02-04 16:58:55,379 Allocated:121.40869140625 MB
2020-02-04 16:58:55,379 Cached:7278.25 MB
2020-02-04 16:59:12,479 ====> Building Cache
2020-02-04 16:59:12,479 feature cache--->>> /home/annora/NetVLAD/output/train_feat_cache2.hdf5
2020-02-04 16:59:41,895 Allocated:122.658203125 MB
2020-02-04 16:59:41,896 Cached:3387.25 MB
2020-02-04 17:02:00,706 ==> Epoch[11](450/610): Loss: 0.3162
2020-02-04 17:02:00,707 Allocated:121.90869140625 MB
2020-02-04 17:02:00,708 Cached:7278.25 MB
2020-02-04 17:03:57,860 ==> Epoch[11](500/610): Loss: 0.3162
2020-02-04 17:03:57,864 Allocated:121.90869140625 MB
2020-02-04 17:03:57,864 Cached:7278.25 MB
2020-02-04 17:05:52,974 ==> Epoch[11](550/610): Loss: 0.3162
2020-02-04 17:05:52,976 Allocated:121.15869140625 MB
2020-02-04 17:05:52,976 Cached:7278.25 MB
2020-02-04 17:07:49,348 ==> Epoch[11](600/610): Loss: 0.3162
2020-02-04 17:07:49,351 Allocated:121.90869140625 MB
2020-02-04 17:07:49,351 Cached:7278.25 MB
2020-02-04 17:08:18,959 ===> Epoch 11 Complete: Avg. Loss: 0.3173
2020-02-04 17:08:18,961 ====> Extracting Features
2020-02-04 17:08:36,421 ==> Batch (50/184)
2020-02-04 17:08:41,915 ==> Batch (100/184)
2020-02-04 17:08:47,532 ==> Batch (150/184)
2020-02-04 17:08:52,903 ====> Building faiss index
2020-02-04 17:08:53,411 ====> Calculating recall @ N
2020-02-04 17:09:01,608 ====> Recall@1: 0.0000
2020-02-04 17:09:01,609 ====> Recall@2: 0.0000
2020-02-04 17:09:01,610 ====> Recall@3: 0.0000
2020-02-04 17:09:01,610 ====> Recall@4: 0.0000
2020-02-04 17:09:01,610 ====> Recall@5: 0.0000
2020-02-04 17:09:01,611 ====> Recall@10: 0.0000
2020-02-04 17:09:01,611 ====> Recall@15: 0.0000
2020-02-04 17:09:01,611 ====> Recall@20: 0.0000
2020-02-04 17:09:01,611 ====> Recall@25: 0.0000
2020-02-04 17:09:02,091 ====> Building Cache
2020-02-04 17:09:02,092 feature cache--->>> /home/annora/NetVLAD/output/train_feat_cache2.hdf5
2020-02-04 17:09:31,900 Allocated:119.65869140625 MB
2020-02-04 17:09:31,900 Cached:3386.25 MB
2020-02-04 17:12:06,752 ==> Epoch[12](50/610): Loss: 0.3162
2020-02-04 17:12:06,754 Allocated:121.40869140625 MB
2020-02-04 17:12:06,754 Cached:7278.25 MB
2020-02-04 17:14:07,395 ==> Epoch[12](100/610): Loss: 0.3162
2020-02-04 17:14:07,397 Allocated:121.40869140625 MB
2020-02-04 17:14:07,398 Cached:7278.25 MB
2020-02-04 17:16:09,196 ==> Epoch[12](150/610): Loss: 0.3162
2020-02-04 17:16:09,199 Allocated:121.40869140625 MB
2020-02-04 17:16:09,199 Cached:7278.25 MB
2020-02-04 17:18:06,451 ==> Epoch[12](200/610): Loss: 0.3162
2020-02-04 17:18:06,452 Allocated:121.40869140625 MB
2020-02-04 17:18:06,453 Cached:7278.25 MB
2020-02-04 17:18:15,076 ====> Building Cache
2020-02-04 17:18:15,077 feature cache--->>> /home/annora/NetVLAD/output/train_feat_cache2.hdf5
2020-02-04 17:18:44,621 Allocated:122.658203125 MB
2020-02-04 17:18:44,621 Cached:3387.25 MB
2020-02-04 17:21:15,447 ==> Epoch[12](250/610): Loss: 0.3162
2020-02-04 17:21:15,450 Allocated:121.15869140625 MB
2020-02-04 17:21:15,450 Cached:7278.25 MB
2020-02-04 17:23:16,474 ==> Epoch[12](300/610): Loss: 0.3162
2020-02-04 17:23:16,476 Allocated:121.90869140625 MB
2020-02-04 17:23:16,476 Cached:7278.25 MB
2020-02-04 17:25:12,528 ==> Epoch[12](350/610): Loss: 0.3162
2020-02-04 17:25:12,530 Allocated:121.90869140625 MB
2020-02-04 17:25:12,531 Cached:7278.25 MB
2020-02-04 17:27:07,701 ==> Epoch[12](400/610): Loss: 0.3162
2020-02-04 17:27:07,702 Allocated:121.15869140625 MB
2020-02-04 17:27:07,702 Cached:7278.25 MB
2020-02-04 17:27:28,174 ====> Building Cache
2020-02-04 17:27:28,175 feature cache--->>> /home/annora/NetVLAD/output/train_feat_cache2.hdf5
2020-02-04 17:28:00,274 Allocated:121.658203125 MB
2020-02-04 17:28:00,274 Cached:3387.25 MB
2020-02-04 17:30:10,882 ==> Epoch[12](450/610): Loss: 0.3162
2020-02-04 17:30:10,883 Allocated:121.40869140625 MB
2020-02-04 17:30:10,884 Cached:7278.25 MB
2020-02-04 17:32:07,938 ==> Epoch[12](500/610): Loss: 0.3162
2020-02-04 17:32:07,940 Allocated:121.40869140625 MB
2020-02-04 17:32:07,940 Cached:7278.25 MB
2020-02-04 17:34:07,741 ==> Epoch[12](550/610): Loss: 0.3162
2020-02-04 17:34:07,743 Allocated:121.40869140625 MB
2020-02-04 17:34:07,743 Cached:7278.25 MB
2020-02-04 17:36:00,253 ==> Epoch[12](600/610): Loss: 0.3162
2020-02-04 17:36:00,254 Allocated:121.40869140625 MB
2020-02-04 17:36:00,254 Cached:7278.25 MB
2020-02-04 17:36:26,518 ===> Epoch 12 Complete: Avg. Loss: 0.3173
2020-02-04 17:36:26,520 ====> Extracting Features
2020-02-04 17:36:42,597 ==> Batch (50/184)
2020-02-04 17:36:48,148 ==> Batch (100/184)
2020-02-04 17:36:53,693 ==> Batch (150/184)
2020-02-04 17:36:59,300 ====> Building faiss index
2020-02-04 17:36:59,787 ====> Calculating recall @ N
2020-02-04 17:37:07,982 ====> Recall@1: 0.0000
2020-02-04 17:37:07,983 ====> Recall@2: 0.0000
2020-02-04 17:37:07,984 ====> Recall@3: 0.0000
2020-02-04 17:37:07,984 ====> Recall@4: 0.0000
2020-02-04 17:37:07,984 ====> Recall@5: 0.0000
2020-02-04 17:37:07,984 ====> Recall@10: 0.0000
2020-02-04 17:37:07,985 ====> Recall@15: 0.0000
2020-02-04 17:37:07,985 ====> Recall@20: 0.0000
2020-02-04 17:37:07,985 ====> Recall@25: 0.0000
2020-02-04 17:37:08,443 Performance did not improve for 10 epochs. Stopping.
2020-02-04 17:37:08,444 => Best Recall@5: 0.1644
