2020-02-09 12:58:45,144 Namespace(arch='alexnet', batchSize=12, cacheBatchSize=96, cachePath='/home/annora/NetVLAD/output/', cacheRefreshRate=3000, ckpt='best', contilearn=True, dataPath='/home/annora/NetVLAD/output/data/', dataset='robotcar', evalEvery=1, fromscratch=False, fromtask='/home/annora/NetVLAD/output/runs/2020-02-06-09-48-30_alexnet_netvlad', lr=0.001, lrGamma=0.5, lrStep=5, margin=0.1, mode='train', momentum=0.9, nEpochs=30, nGPU=1, nocuda=False, num_clusters=64, optim='SGD', patience=10, pooling='netvlad', premodel='imagenet', resume='', runsPath='/home/annora/NetVLAD/output/runs/', savePath='checkpoints', seed=123, split='val', start_epoch=0, threads=8, vladv2=False, weightDecay=0.001)
2020-02-09 12:58:45,199 ===> Loading dataset(s)
2020-02-09 12:58:45,199 trainfile ------>>>>>> oxRobocar_single_train.mat
2020-02-09 12:58:47,939 ====> Training set: oxRobocar_single_train.mat, query set count: 6636
2020-02-09 12:58:48,045 ===> Evaluating on val set: oxRobocar_single_val.mat, query count: 3450
2020-02-09 12:58:48,045 ===> Building model
2020-02-09 12:58:48,096 encoder moder:
AlexNet(
  (conv1): Sequential(
    (0): Conv2d(3, 64, kernel_size=(11, 11), stride=(4, 4), padding=(2, 2))
    (1): ReLU(inplace)
    (2): MaxPool2d(kernel_size=3, stride=2, padding=0, dilation=1, ceil_mode=False)
  )
  (conv2): Sequential(
    (0): Conv2d(64, 192, kernel_size=(5, 5), stride=(1, 1), padding=(2, 2))
    (1): ReLU(inplace)
    (2): MaxPool2d(kernel_size=3, stride=2, padding=0, dilation=1, ceil_mode=False)
  )
  (conv3): Sequential(
    (0): Conv2d(192, 384, kernel_size=(3, 3), stride=(1, 1), padding=(1, 1))
    (1): ReLU(inplace)
  )
  (conv4): Sequential(
    (0): Conv2d(384, 256, kernel_size=(3, 3), stride=(1, 1), padding=(1, 1))
    (1): ReLU(inplace)
  )
  (conv5): Sequential(
    (0): Conv2d(256, 256, kernel_size=(3, 3), stride=(1, 1), padding=(1, 1))
  )
)
2020-02-09 12:58:53,203 => loading checkpoint '/home/annora/NetVLAD/output/runs/2020-02-06-09-48-30_alexnet_netvlad/checkpoints/model_best.pth.tar'
2020-02-09 12:58:53,478 => loaded checkpoint '/home/annora/NetVLAD/output/runs/2020-02-06-09-48-30_alexnet_netvlad/checkpoints/model_best.pth.tar' 
2020-02-09 12:58:53,478 ===> Training model
2020-02-09 12:58:53,480 ===> Saving state to: /home/annora/NetVLAD/output/runs/2020-02-09-12-58-53_alexnet_netvlad
2020-02-09 12:58:53,480 ====> Building Cache
2020-02-09 12:58:53,481 feature cache--->>> /home/annora/NetVLAD/output/train_feat_cache2.hdf5
2020-02-09 13:00:13,197 Allocated:99.47119140625 MB
2020-02-09 13:00:13,197 Cached:2865.375 MB
2020-02-09 13:03:09,189 ==> Epoch[1](50/553): Loss: 0.0692
2020-02-09 13:03:09,192 Allocated:122.03369140625 MB
2020-02-09 13:03:09,193 Cached:8016.625 MB
2020-02-09 13:05:22,397 ==> Epoch[1](100/553): Loss: 0.0232
2020-02-09 13:05:22,400 Allocated:121.90869140625 MB
2020-02-09 13:05:22,400 Cached:8016.625 MB
2020-02-09 13:07:34,514 ==> Epoch[1](150/553): Loss: 0.0551
2020-02-09 13:07:34,516 Allocated:122.03369140625 MB
2020-02-09 13:07:34,516 Cached:8016.625 MB
2020-02-09 13:09:10,378 ====> Building Cache
2020-02-09 13:09:10,380 feature cache--->>> /home/annora/NetVLAD/output/train_feat_cache2.hdf5
2020-02-09 13:10:28,553 Allocated:122.908203125 MB
2020-02-09 13:10:28,554 Cached:2979.375 MB
2020-02-09 13:11:49,917 ==> Epoch[1](200/553): Loss: 0.1720
2020-02-09 13:11:49,920 Allocated:123.03369140625 MB
2020-02-09 13:11:49,920 Cached:6918.5 MB
2020-02-09 13:13:55,049 ==> Epoch[1](250/553): Loss: 0.0833
2020-02-09 13:13:55,051 Allocated:122.03369140625 MB
2020-02-09 13:13:55,051 Cached:6918.5 MB
2020-02-09 13:16:05,189 ==> Epoch[1](300/553): Loss: 0.0764
2020-02-09 13:16:05,192 Allocated:122.40869140625 MB
2020-02-09 13:16:05,192 Cached:6918.5 MB
2020-02-09 13:18:08,512 ==> Epoch[1](350/553): Loss: 0.1645
2020-02-09 13:18:08,514 Allocated:122.90869140625 MB
2020-02-09 13:18:08,514 Cached:6918.5 MB
2020-02-09 13:18:53,663 ====> Building Cache
2020-02-09 13:18:53,664 feature cache--->>> /home/annora/NetVLAD/output/train_feat_cache2.hdf5
2020-02-09 13:20:12,561 Allocated:122.908203125 MB
2020-02-09 13:20:12,561 Cached:2384.125 MB
2020-02-09 13:22:19,069 ==> Epoch[1](400/553): Loss: 0.1744
2020-02-09 13:22:19,073 Allocated:122.03369140625 MB
2020-02-09 13:22:19,073 Cached:4134.0 MB
2020-02-09 13:24:35,918 ==> Epoch[1](450/553): Loss: 0.1727
2020-02-09 13:24:35,919 Allocated:123.28369140625 MB
2020-02-09 13:24:35,920 Cached:4171.5 MB
2020-02-09 13:26:49,881 ==> Epoch[1](500/553): Loss: 0.0972
2020-02-09 13:26:49,883 Allocated:122.03369140625 MB
2020-02-09 13:26:49,884 Cached:4171.5 MB
2020-02-09 13:28:59,738 ==> Epoch[1](550/553): Loss: 0.1254
2020-02-09 13:28:59,741 Allocated:122.90869140625 MB
2020-02-09 13:28:59,742 Cached:6468.75 MB
2020-02-09 13:29:11,553 ===> Epoch 1 Complete: Avg. Loss: 0.1098
2020-02-09 13:29:11,555 ====> Extracting Features
2020-02-09 13:29:47,981 ==> Batch (50/108)
2020-02-09 13:30:12,185 ==> Batch (100/108)
2020-02-09 13:30:16,375 ====> Building faiss index
2020-02-09 13:30:16,744 ====> Calculating recall @ N
2020-02-09 13:30:18,962 ====> Recall@1: 0.6530
2020-02-09 13:30:18,963 ====> Recall@2: 0.6748
2020-02-09 13:30:18,964 ====> Recall@3: 0.6899
2020-02-09 13:30:18,964 ====> Recall@4: 0.6968
2020-02-09 13:30:18,964 ====> Recall@5: 0.7029
2020-02-09 13:30:18,964 ====> Recall@10: 0.7278
2020-02-09 13:30:18,964 ====> Recall@15: 0.7388
2020-02-09 13:30:18,965 ====> Recall@20: 0.7426
2020-02-09 13:30:18,965 ====> Recall@25: 0.7470
2020-02-09 13:30:19,285 ====> Building Cache
2020-02-09 13:30:19,285 feature cache--->>> /home/annora/NetVLAD/output/train_feat_cache2.hdf5
2020-02-09 13:31:39,974 Allocated:120.03369140625 MB
2020-02-09 13:31:39,975 Cached:4066.375 MB
2020-02-09 13:34:28,314 ==> Epoch[2](50/553): Loss: 0.0410
2020-02-09 13:34:28,317 Allocated:123.03369140625 MB
2020-02-09 13:34:28,317 Cached:6831.0 MB
2020-02-09 13:36:36,111 ==> Epoch[2](100/553): Loss: 0.0388
2020-02-09 13:36:36,114 Allocated:122.65869140625 MB
2020-02-09 13:36:36,115 Cached:6831.0 MB
2020-02-09 13:38:41,061 ==> Epoch[2](150/553): Loss: 0.0595
2020-02-09 13:38:41,063 Allocated:122.28369140625 MB
2020-02-09 13:38:41,063 Cached:6831.0 MB
2020-02-09 13:40:03,238 ====> Building Cache
2020-02-09 13:40:03,239 feature cache--->>> /home/annora/NetVLAD/output/train_feat_cache2.hdf5
2020-02-09 13:41:29,625 Allocated:123.408203125 MB
2020-02-09 13:41:29,625 Cached:4067.375 MB
2020-02-09 13:42:50,616 ==> Epoch[2](200/553): Loss: 0.1780
2020-02-09 13:42:50,619 Allocated:122.90869140625 MB
2020-02-09 13:42:50,619 Cached:3318.0 MB
2020-02-09 13:44:56,652 ==> Epoch[2](250/553): Loss: 0.0637
2020-02-09 13:44:56,655 Allocated:122.90869140625 MB
2020-02-09 13:44:56,655 Cached:4476.25 MB
2020-02-09 13:47:01,871 ==> Epoch[2](300/553): Loss: 0.1681
2020-02-09 13:47:01,873 Allocated:122.03369140625 MB
2020-02-09 13:47:01,874 Cached:4476.25 MB
2020-02-09 13:49:03,278 ==> Epoch[2](350/553): Loss: 0.1568
2020-02-09 13:49:03,279 Allocated:121.90869140625 MB
2020-02-09 13:49:03,279 Cached:4476.25 MB
2020-02-09 13:49:48,097 ====> Building Cache
2020-02-09 13:49:48,098 feature cache--->>> /home/annora/NetVLAD/output/train_feat_cache2.hdf5
2020-02-09 13:51:08,213 Allocated:121.908203125 MB
2020-02-09 13:51:08,214 Cached:2384.125 MB
2020-02-09 13:53:15,906 ==> Epoch[2](400/553): Loss: 0.2012
2020-02-09 13:53:15,907 Allocated:121.90869140625 MB
2020-02-09 13:53:15,907 Cached:8653.0 MB
2020-02-09 13:55:26,853 ==> Epoch[2](450/553): Loss: 0.1442
2020-02-09 13:55:26,854 Allocated:122.90869140625 MB
2020-02-09 13:55:26,854 Cached:8653.0 MB
2020-02-09 13:57:32,956 ==> Epoch[2](500/553): Loss: 0.1720
2020-02-09 13:57:32,957 Allocated:123.15869140625 MB
2020-02-09 13:57:32,958 Cached:8653.0 MB
2020-02-09 13:59:29,163 ==> Epoch[2](550/553): Loss: 0.0837
2020-02-09 13:59:29,164 Allocated:122.15869140625 MB
2020-02-09 13:59:29,165 Cached:8653.0 MB
2020-02-09 13:59:40,449 ===> Epoch 2 Complete: Avg. Loss: 0.1023
2020-02-09 13:59:40,450 ====> Extracting Features
2020-02-09 14:00:16,633 ==> Batch (50/108)
2020-02-09 14:00:38,959 ==> Batch (100/108)
2020-02-09 14:00:43,755 ====> Building faiss index
2020-02-09 14:00:44,110 ====> Calculating recall @ N
2020-02-09 14:00:46,348 ====> Recall@1: 0.6606
2020-02-09 14:00:46,349 ====> Recall@2: 0.6829
2020-02-09 14:00:46,349 ====> Recall@3: 0.6919
2020-02-09 14:00:46,350 ====> Recall@4: 0.6994
2020-02-09 14:00:46,350 ====> Recall@5: 0.7049
2020-02-09 14:00:46,350 ====> Recall@10: 0.7243
2020-02-09 14:00:46,350 ====> Recall@15: 0.7307
2020-02-09 14:00:46,350 ====> Recall@20: 0.7342
2020-02-09 14:00:46,350 ====> Recall@25: 0.7374
2020-02-09 14:00:47,102 ====> Building Cache
2020-02-09 14:00:47,103 feature cache--->>> /home/annora/NetVLAD/output/train_feat_cache2.hdf5
2020-02-09 14:02:11,807 Allocated:119.90869140625 MB
2020-02-09 14:02:11,808 Cached:4067.375 MB
2020-02-09 14:04:58,550 ==> Epoch[3](50/553): Loss: 0.0472
2020-02-09 14:04:58,553 Allocated:123.53369140625 MB
2020-02-09 14:04:58,554 Cached:6032.875 MB
2020-02-09 14:06:56,108 ==> Epoch[3](100/553): Loss: 0.0968
2020-02-09 14:06:56,110 Allocated:123.03369140625 MB
2020-02-09 14:06:56,110 Cached:6032.875 MB
2020-02-09 14:08:56,643 ==> Epoch[3](150/553): Loss: 0.0875
2020-02-09 14:08:56,644 Allocated:122.15869140625 MB
2020-02-09 14:08:56,645 Cached:6032.875 MB
2020-02-09 14:10:14,547 ====> Building Cache
2020-02-09 14:10:14,547 feature cache--->>> /home/annora/NetVLAD/output/train_feat_cache2.hdf5
2020-02-09 14:11:35,421 Allocated:121.908203125 MB
2020-02-09 14:11:35,421 Cached:2467.0 MB
2020-02-09 14:12:53,388 ==> Epoch[3](200/553): Loss: 0.2422
2020-02-09 14:12:53,393 Allocated:122.28369140625 MB
2020-02-09 14:12:53,393 Cached:6002.875 MB
2020-02-09 14:14:57,644 ==> Epoch[3](250/553): Loss: 0.1254
2020-02-09 14:14:57,647 Allocated:121.90869140625 MB
2020-02-09 14:14:57,647 Cached:7243.0 MB
2020-02-09 14:16:57,056 ==> Epoch[3](300/553): Loss: 0.1017
2020-02-09 14:16:57,058 Allocated:121.90869140625 MB
2020-02-09 14:16:57,059 Cached:7243.0 MB
2020-02-09 14:18:54,317 ==> Epoch[3](350/553): Loss: 0.1213
2020-02-09 14:18:54,320 Allocated:122.28369140625 MB
2020-02-09 14:18:54,320 Cached:8490.5 MB
2020-02-09 14:19:43,939 ====> Building Cache
2020-02-09 14:19:43,940 feature cache--->>> /home/annora/NetVLAD/output/train_feat_cache2.hdf5
2020-02-09 14:21:04,792 Allocated:122.658203125 MB
2020-02-09 14:21:04,793 Cached:2430.0 MB
2020-02-09 14:23:01,822 ==> Epoch[3](400/553): Loss: 0.0965
2020-02-09 14:23:01,825 Allocated:123.53369140625 MB
2020-02-09 14:23:01,825 Cached:8698.625 MB
2020-02-09 14:25:04,908 ==> Epoch[3](450/553): Loss: 0.0712
2020-02-09 14:25:04,910 Allocated:122.78369140625 MB
2020-02-09 14:25:04,910 Cached:10006.0 MB
2020-02-09 14:27:06,454 ==> Epoch[3](500/553): Loss: 0.0944
2020-02-09 14:27:06,456 Allocated:122.78369140625 MB
2020-02-09 14:27:06,457 Cached:10006.0 MB
2020-02-09 14:29:03,411 ==> Epoch[3](550/553): Loss: 0.0872
2020-02-09 14:29:03,413 Allocated:123.03369140625 MB
2020-02-09 14:29:03,414 Cached:10006.0 MB
2020-02-09 14:29:15,049 ===> Epoch 3 Complete: Avg. Loss: 0.0996
2020-02-09 14:29:15,050 ====> Extracting Features
2020-02-09 14:29:51,707 ==> Batch (50/108)
2020-02-09 14:30:15,636 ==> Batch (100/108)
2020-02-09 14:30:20,160 ====> Building faiss index
2020-02-09 14:30:20,499 ====> Calculating recall @ N
2020-02-09 14:30:22,834 ====> Recall@1: 0.6690
2020-02-09 14:30:22,835 ====> Recall@2: 0.6858
2020-02-09 14:30:22,835 ====> Recall@3: 0.6971
2020-02-09 14:30:22,836 ====> Recall@4: 0.7052
2020-02-09 14:30:22,836 ====> Recall@5: 0.7128
2020-02-09 14:30:22,836 ====> Recall@10: 0.7255
2020-02-09 14:30:22,836 ====> Recall@15: 0.7319
2020-02-09 14:30:22,836 ====> Recall@20: 0.7362
2020-02-09 14:30:22,837 ====> Recall@25: 0.7394
2020-02-09 14:30:23,619 ====> Building Cache
2020-02-09 14:30:23,620 feature cache--->>> /home/annora/NetVLAD/output/train_feat_cache2.hdf5
2020-02-09 14:31:43,867 Allocated:119.90869140625 MB
2020-02-09 14:31:43,868 Cached:4075.25 MB
2020-02-09 14:34:31,787 ==> Epoch[4](50/553): Loss: 0.0154
2020-02-09 14:34:31,789 Allocated:123.40869140625 MB
2020-02-09 14:34:31,790 Cached:7763.0 MB
2020-02-09 14:36:34,793 ==> Epoch[4](100/553): Loss: 0.0592
2020-02-09 14:36:34,795 Allocated:121.90869140625 MB
2020-02-09 14:36:34,795 Cached:7763.0 MB
2020-02-09 14:38:27,749 ==> Epoch[4](150/553): Loss: 0.0301
2020-02-09 14:38:27,752 Allocated:122.40869140625 MB
2020-02-09 14:38:27,753 Cached:7763.0 MB
2020-02-09 14:39:47,131 ====> Building Cache
2020-02-09 14:39:47,132 feature cache--->>> /home/annora/NetVLAD/output/train_feat_cache2.hdf5
2020-02-09 14:41:06,767 Allocated:122.783203125 MB
2020-02-09 14:41:06,767 Cached:2384.125 MB
2020-02-09 14:42:25,012 ==> Epoch[4](200/553): Loss: 0.0364
2020-02-09 14:42:25,014 Allocated:122.03369140625 MB
2020-02-09 14:42:25,014 Cached:4784.0 MB
2020-02-09 14:44:30,931 ==> Epoch[4](250/553): Loss: 0.1212
2020-02-09 14:44:30,933 Allocated:123.28369140625 MB
2020-02-09 14:44:30,934 Cached:5999.625 MB
2020-02-09 14:46:26,267 ==> Epoch[4](300/553): Loss: 0.1151
2020-02-09 14:46:26,270 Allocated:122.65869140625 MB
2020-02-09 14:46:26,271 Cached:7253.5 MB
2020-02-09 14:48:17,461 ==> Epoch[4](350/553): Loss: 0.0424
2020-02-09 14:48:17,463 Allocated:122.65869140625 MB
2020-02-09 14:48:17,463 Cached:7253.5 MB
2020-02-09 14:48:59,407 ====> Building Cache
2020-02-09 14:48:59,408 feature cache--->>> /home/annora/NetVLAD/output/train_feat_cache2.hdf5
2020-02-09 14:50:26,223 Allocated:122.033203125 MB
2020-02-09 14:50:26,224 Cached:2384.125 MB
2020-02-09 14:52:18,973 ==> Epoch[4](400/553): Loss: 0.1487
2020-02-09 14:52:18,975 Allocated:122.65869140625 MB
2020-02-09 14:52:18,976 Cached:9793.25 MB
2020-02-09 14:54:20,779 ==> Epoch[4](450/553): Loss: 0.1044
2020-02-09 14:54:20,782 Allocated:122.90869140625 MB
2020-02-09 14:54:20,782 Cached:9793.25 MB
2020-02-09 14:56:18,861 ==> Epoch[4](500/553): Loss: 0.0580
2020-02-09 14:56:18,864 Allocated:122.90869140625 MB
2020-02-09 14:56:18,864 Cached:9793.25 MB
2020-02-09 14:58:14,671 ==> Epoch[4](550/553): Loss: 0.0967
2020-02-09 14:58:14,673 Allocated:122.03369140625 MB
2020-02-09 14:58:14,673 Cached:9793.25 MB
2020-02-09 14:58:26,182 ===> Epoch 4 Complete: Avg. Loss: 0.0990
2020-02-09 14:58:26,184 ====> Extracting Features
2020-02-09 14:59:01,292 ==> Batch (50/108)
2020-02-09 14:59:23,307 ==> Batch (100/108)
2020-02-09 14:59:27,859 ====> Building faiss index
2020-02-09 14:59:28,215 ====> Calculating recall @ N
2020-02-09 14:59:30,490 ====> Recall@1: 0.6722
2020-02-09 14:59:30,491 ====> Recall@2: 0.6901
2020-02-09 14:59:30,492 ====> Recall@3: 0.7017
2020-02-09 14:59:30,492 ====> Recall@4: 0.7101
2020-02-09 14:59:30,492 ====> Recall@5: 0.7171
2020-02-09 14:59:30,492 ====> Recall@10: 0.7264
2020-02-09 14:59:30,492 ====> Recall@15: 0.7319
2020-02-09 14:59:30,493 ====> Recall@20: 0.7359
2020-02-09 14:59:30,493 ====> Recall@25: 0.7397
2020-02-09 14:59:31,265 ====> Building Cache
2020-02-09 14:59:31,265 feature cache--->>> /home/annora/NetVLAD/output/train_feat_cache2.hdf5
2020-02-09 15:00:50,761 Allocated:121.28369140625 MB
2020-02-09 15:00:50,761 Cached:4066.375 MB
2020-02-09 15:03:44,095 ==> Epoch[5](50/553): Loss: 0.0281
2020-02-09 15:03:44,098 Allocated:122.78369140625 MB
2020-02-09 15:03:44,098 Cached:8752.125 MB
2020-02-09 15:05:49,161 ==> Epoch[5](100/553): Loss: 0.0294
2020-02-09 15:05:49,163 Allocated:123.03369140625 MB
2020-02-09 15:05:49,164 Cached:5445.875 MB
2020-02-09 15:07:43,091 ==> Epoch[5](150/553): Loss: 0.0652
2020-02-09 15:07:43,093 Allocated:122.78369140625 MB
2020-02-09 15:07:43,093 Cached:7982.5 MB
2020-02-09 15:09:01,234 ====> Building Cache
2020-02-09 15:09:01,235 feature cache--->>> /home/annora/NetVLAD/output/train_feat_cache2.hdf5
2020-02-09 15:10:26,783 Allocated:123.658203125 MB
2020-02-09 15:10:26,783 Cached:4067.375 MB
2020-02-09 15:11:48,871 ==> Epoch[5](200/553): Loss: 0.1373
2020-02-09 15:11:48,873 Allocated:122.90869140625 MB
2020-02-09 15:11:48,874 Cached:5274.875 MB
2020-02-09 15:13:52,670 ==> Epoch[5](250/553): Loss: 0.2768
2020-02-09 15:13:52,672 Allocated:122.65869140625 MB
2020-02-09 15:13:52,672 Cached:5274.875 MB
2020-02-09 15:15:50,481 ==> Epoch[5](300/553): Loss: 0.2084
2020-02-09 15:15:50,484 Allocated:122.03369140625 MB
2020-02-09 15:15:50,484 Cached:6476.75 MB
2020-02-09 15:17:47,793 ==> Epoch[5](350/553): Loss: 0.1314
2020-02-09 15:17:47,795 Allocated:122.03369140625 MB
2020-02-09 15:17:47,796 Cached:6476.75 MB
2020-02-09 15:18:31,529 ====> Building Cache
2020-02-09 15:18:31,530 feature cache--->>> /home/annora/NetVLAD/output/train_feat_cache2.hdf5
2020-02-09 15:19:53,930 Allocated:121.908203125 MB
2020-02-09 15:19:53,930 Cached:3148.25 MB
2020-02-09 15:21:59,623 ==> Epoch[5](400/553): Loss: 0.1295
2020-02-09 15:21:59,627 Allocated:122.90869140625 MB
2020-02-09 15:21:59,627 Cached:6851.875 MB
2020-02-09 15:24:09,034 ==> Epoch[5](450/553): Loss: 0.0680
2020-02-09 15:24:09,037 Allocated:122.65869140625 MB
2020-02-09 15:24:09,037 Cached:6851.875 MB
2020-02-09 15:26:18,196 ==> Epoch[5](500/553): Loss: 0.0875
2020-02-09 15:26:18,200 Allocated:122.78369140625 MB
2020-02-09 15:26:18,201 Cached:6851.875 MB
2020-02-09 15:28:13,827 ==> Epoch[5](550/553): Loss: 0.1109
2020-02-09 15:28:13,830 Allocated:123.53369140625 MB
2020-02-09 15:28:13,830 Cached:3496.25 MB
2020-02-09 15:28:25,373 ===> Epoch 5 Complete: Avg. Loss: 0.1050
2020-02-09 15:28:25,374 ====> Extracting Features
2020-02-09 15:29:01,746 ==> Batch (50/108)
2020-02-09 15:29:24,573 ==> Batch (100/108)
2020-02-09 15:29:28,359 ====> Building faiss index
2020-02-09 15:29:28,703 ====> Calculating recall @ N
2020-02-09 15:29:31,120 ====> Recall@1: 0.6728
2020-02-09 15:29:31,121 ====> Recall@2: 0.6928
2020-02-09 15:29:31,121 ====> Recall@3: 0.7052
2020-02-09 15:29:31,122 ====> Recall@4: 0.7148
2020-02-09 15:29:31,122 ====> Recall@5: 0.7183
2020-02-09 15:29:31,122 ====> Recall@10: 0.7290
2020-02-09 15:29:31,122 ====> Recall@15: 0.7325
2020-02-09 15:29:31,122 ====> Recall@20: 0.7368
2020-02-09 15:29:31,123 ====> Recall@25: 0.7403
2020-02-09 15:29:31,870 ====> Building Cache
2020-02-09 15:29:31,871 feature cache--->>> /home/annora/NetVLAD/output/train_feat_cache2.hdf5
2020-02-09 15:30:56,609 Allocated:120.28369140625 MB
2020-02-09 15:30:56,609 Cached:4142.375 MB
2020-02-09 15:33:46,703 ==> Epoch[6](50/553): Loss: 0.1066
2020-02-09 15:33:46,706 Allocated:122.90869140625 MB
2020-02-09 15:33:46,706 Cached:10128.75 MB
2020-02-09 15:35:49,303 ==> Epoch[6](100/553): Loss: 0.0927
2020-02-09 15:35:49,305 Allocated:122.65869140625 MB
2020-02-09 15:35:49,306 Cached:10128.75 MB
2020-02-09 15:37:52,383 ==> Epoch[6](150/553): Loss: 0.0506
2020-02-09 15:37:52,385 Allocated:122.78369140625 MB
2020-02-09 15:37:52,386 Cached:4271.125 MB
2020-02-09 15:39:09,809 ====> Building Cache
2020-02-09 15:39:09,810 feature cache--->>> /home/annora/NetVLAD/output/train_feat_cache2.hdf5
2020-02-09 15:40:30,607 Allocated:123.408203125 MB
2020-02-09 15:40:30,607 Cached:3149.25 MB
2020-02-09 15:41:54,487 ==> Epoch[6](200/553): Loss: 0.0200
2020-02-09 15:41:54,490 Allocated:122.90869140625 MB
2020-02-09 15:41:54,490 Cached:4286.875 MB
2020-02-09 15:43:54,624 ==> Epoch[6](250/553): Loss: 0.1866
2020-02-09 15:43:54,627 Allocated:121.90869140625 MB
2020-02-09 15:43:54,627 Cached:6636.25 MB
2020-02-09 15:45:55,080 ==> Epoch[6](300/553): Loss: 0.0240
2020-02-09 15:45:55,082 Allocated:123.03369140625 MB
2020-02-09 15:45:55,082 Cached:9057.0 MB
2020-02-09 15:47:48,668 ==> Epoch[6](350/553): Loss: 0.1965
2020-02-09 15:47:48,669 Allocated:123.40869140625 MB
2020-02-09 15:47:48,670 Cached:9057.0 MB
2020-02-09 15:48:29,972 ====> Building Cache
2020-02-09 15:48:29,973 feature cache--->>> /home/annora/NetVLAD/output/train_feat_cache2.hdf5
2020-02-09 15:49:52,028 Allocated:123.533203125 MB
2020-02-09 15:49:52,029 Cached:2383.125 MB
2020-02-09 15:51:53,361 ==> Epoch[6](400/553): Loss: 0.1639
2020-02-09 15:51:53,363 Allocated:122.65869140625 MB
2020-02-09 15:51:53,363 Cached:8388.625 MB
2020-02-09 15:53:55,190 ==> Epoch[6](450/553): Loss: 0.0950
2020-02-09 15:53:55,192 Allocated:122.90869140625 MB
2020-02-09 15:53:55,192 Cached:9641.5 MB
2020-02-09 15:55:53,658 ==> Epoch[6](500/553): Loss: 0.1674
2020-02-09 15:55:53,660 Allocated:122.03369140625 MB
2020-02-09 15:55:53,660 Cached:5945.875 MB
2020-02-09 15:57:48,532 ==> Epoch[6](550/553): Loss: 0.0934
2020-02-09 15:57:48,534 Allocated:122.28369140625 MB
2020-02-09 15:57:48,534 Cached:5945.875 MB
2020-02-09 15:58:00,268 ===> Epoch 6 Complete: Avg. Loss: 0.1053
2020-02-09 15:58:00,270 ====> Extracting Features
2020-02-09 15:58:42,994 ==> Batch (50/108)
2020-02-09 15:59:05,279 ==> Batch (100/108)
2020-02-09 15:59:09,395 ====> Building faiss index
2020-02-09 15:59:09,828 ====> Calculating recall @ N
2020-02-09 15:59:12,004 ====> Recall@1: 0.6809
2020-02-09 15:59:12,005 ====> Recall@2: 0.6977
2020-02-09 15:59:12,005 ====> Recall@3: 0.7093
2020-02-09 15:59:12,006 ====> Recall@4: 0.7165
2020-02-09 15:59:12,006 ====> Recall@5: 0.7197
2020-02-09 15:59:12,006 ====> Recall@10: 0.7313
2020-02-09 15:59:12,006 ====> Recall@15: 0.7354
2020-02-09 15:59:12,006 ====> Recall@20: 0.7386
2020-02-09 15:59:12,007 ====> Recall@25: 0.7420
2020-02-09 15:59:12,752 ====> Building Cache
2020-02-09 15:59:12,752 feature cache--->>> /home/annora/NetVLAD/output/train_feat_cache2.hdf5
2020-02-09 16:00:39,969 Allocated:120.65869140625 MB
2020-02-09 16:00:39,970 Cached:4176.5 MB
2020-02-09 16:03:25,053 ==> Epoch[7](50/553): Loss: 0.0668
2020-02-09 16:03:25,055 Allocated:123.40869140625 MB
2020-02-09 16:03:25,056 Cached:7688.125 MB
2020-02-09 16:05:24,971 ==> Epoch[7](100/553): Loss: 0.0325
2020-02-09 16:05:24,973 Allocated:122.78369140625 MB
2020-02-09 16:05:24,974 Cached:10136.375 MB
2020-02-09 16:07:22,391 ==> Epoch[7](150/553): Loss: 0.0254
2020-02-09 16:07:22,393 Allocated:122.78369140625 MB
2020-02-09 16:07:22,394 Cached:10136.375 MB
2020-02-09 16:08:37,282 ====> Building Cache
2020-02-09 16:08:37,282 feature cache--->>> /home/annora/NetVLAD/output/train_feat_cache2.hdf5
2020-02-09 16:10:05,729 Allocated:122.033203125 MB
2020-02-09 16:10:05,729 Cached:2384.125 MB
2020-02-09 16:11:26,842 ==> Epoch[7](200/553): Loss: 0.0605
2020-02-09 16:11:26,845 Allocated:122.03369140625 MB
2020-02-09 16:11:26,845 Cached:3342.125 MB
2020-02-09 16:13:26,300 ==> Epoch[7](250/553): Loss: 0.1084
2020-02-09 16:13:26,302 Allocated:121.90869140625 MB
2020-02-09 16:13:26,302 Cached:4494.0 MB
2020-02-09 16:15:21,582 ==> Epoch[7](300/553): Loss: 0.1960
2020-02-09 16:15:21,585 Allocated:122.03369140625 MB
2020-02-09 16:15:21,585 Cached:4494.0 MB
2020-02-09 16:17:13,216 ==> Epoch[7](350/553): Loss: 0.2245
2020-02-09 16:17:13,218 Allocated:123.65869140625 MB
2020-02-09 16:17:13,218 Cached:5694.75 MB
2020-02-09 16:18:02,365 ====> Building Cache
2020-02-09 16:18:02,366 feature cache--->>> /home/annora/NetVLAD/output/train_feat_cache2.hdf5
2020-02-09 16:19:32,661 Allocated:122.908203125 MB
2020-02-09 16:19:32,662 Cached:2384.125 MB
2020-02-09 16:21:32,001 ==> Epoch[7](400/553): Loss: 0.1532
2020-02-09 16:21:32,004 Allocated:122.40869140625 MB
2020-02-09 16:21:32,004 Cached:5004.5 MB
2020-02-09 16:23:35,466 ==> Epoch[7](450/553): Loss: 0.0932
2020-02-09 16:23:35,469 Allocated:122.78369140625 MB
2020-02-09 16:23:35,469 Cached:5006.5 MB
2020-02-09 16:25:34,280 ==> Epoch[7](500/553): Loss: 0.0834
2020-02-09 16:25:34,282 Allocated:122.90869140625 MB
2020-02-09 16:25:34,282 Cached:5006.5 MB
2020-02-09 16:27:35,773 ==> Epoch[7](550/553): Loss: 0.0883
2020-02-09 16:27:35,777 Allocated:123.28369140625 MB
2020-02-09 16:27:35,777 Cached:5006.5 MB
2020-02-09 16:27:47,920 ===> Epoch 7 Complete: Avg. Loss: 0.1052
2020-02-09 16:27:47,922 ====> Extracting Features
2020-02-09 16:28:23,364 ==> Batch (50/108)
2020-02-09 16:28:46,313 ==> Batch (100/108)
2020-02-09 16:28:51,958 ====> Building faiss index
2020-02-09 16:28:52,394 ====> Calculating recall @ N
2020-02-09 16:28:54,703 ====> Recall@1: 0.6820
2020-02-09 16:28:54,704 ====> Recall@2: 0.7006
2020-02-09 16:28:54,704 ====> Recall@3: 0.7090
2020-02-09 16:28:54,704 ====> Recall@4: 0.7165
2020-02-09 16:28:54,705 ====> Recall@5: 0.7206
2020-02-09 16:28:54,705 ====> Recall@10: 0.7333
2020-02-09 16:28:54,705 ====> Recall@15: 0.7368
2020-02-09 16:28:54,705 ====> Recall@20: 0.7417
2020-02-09 16:28:54,705 ====> Recall@25: 0.7455
2020-02-09 16:28:55,561 ====> Building Cache
2020-02-09 16:28:55,562 feature cache--->>> /home/annora/NetVLAD/output/train_feat_cache2.hdf5
2020-02-09 16:30:25,072 Allocated:120.78369140625 MB
2020-02-09 16:30:25,073 Cached:4067.375 MB
2020-02-09 16:33:11,636 ==> Epoch[8](50/553): Loss: 0.0033
2020-02-09 16:33:11,638 Allocated:122.90869140625 MB
2020-02-09 16:33:11,638 Cached:7674.375 MB
2020-02-09 16:35:09,658 ==> Epoch[8](100/553): Loss: 0.0675
2020-02-09 16:35:09,660 Allocated:122.65869140625 MB
2020-02-09 16:35:09,660 Cached:7674.375 MB
2020-02-09 16:37:03,601 ==> Epoch[8](150/553): Loss: 0.0409
2020-02-09 16:37:03,603 Allocated:122.40869140625 MB
2020-02-09 16:37:03,603 Cached:7674.375 MB
2020-02-09 16:38:21,585 ====> Building Cache
2020-02-09 16:38:21,586 feature cache--->>> /home/annora/NetVLAD/output/train_feat_cache2.hdf5
2020-02-09 16:39:56,674 Allocated:122.908203125 MB
2020-02-09 16:39:56,675 Cached:3149.25 MB
2020-02-09 16:41:11,461 ==> Epoch[8](200/553): Loss: 0.1992
2020-02-09 16:41:11,464 Allocated:123.40869140625 MB
2020-02-09 16:41:11,464 Cached:3157.25 MB
2020-02-09 16:43:08,673 ==> Epoch[8](250/553): Loss: 0.2151
2020-02-09 16:43:08,675 Allocated:121.90869140625 MB
2020-02-09 16:43:08,675 Cached:5481.25 MB
2020-02-09 16:45:10,873 ==> Epoch[8](300/553): Loss: 0.2748
2020-02-09 16:45:10,874 Allocated:122.03369140625 MB
2020-02-09 16:45:10,874 Cached:6687.375 MB
2020-02-09 16:47:06,564 ==> Epoch[8](350/553): Loss: 0.2030
2020-02-09 16:47:06,566 Allocated:122.65869140625 MB
2020-02-09 16:47:06,566 Cached:6687.375 MB
2020-02-09 16:47:51,475 ====> Building Cache
2020-02-09 16:47:51,476 feature cache--->>> /home/annora/NetVLAD/output/train_feat_cache2.hdf5
2020-02-09 16:49:14,976 Allocated:122.658203125 MB
2020-02-09 16:49:14,977 Cached:2384.125 MB
2020-02-09 16:51:08,590 ==> Epoch[8](400/553): Loss: 0.0824
2020-02-09 16:51:08,592 Allocated:122.28369140625 MB
2020-02-09 16:51:08,592 Cached:5946.0 MB
2020-02-09 16:53:05,265 ==> Epoch[8](450/553): Loss: 0.2057
2020-02-09 16:53:05,268 Allocated:122.90869140625 MB
2020-02-09 16:53:05,268 Cached:8422.0 MB
2020-02-09 16:55:02,468 ==> Epoch[8](500/553): Loss: 0.0767
2020-02-09 16:55:02,471 Allocated:122.78369140625 MB
2020-02-09 16:55:02,472 Cached:8422.0 MB
2020-02-09 16:56:57,963 ==> Epoch[8](550/553): Loss: 0.0668
2020-02-09 16:56:57,965 Allocated:122.28369140625 MB
2020-02-09 16:56:57,966 Cached:9684.5 MB
2020-02-09 16:57:09,522 ===> Epoch 8 Complete: Avg. Loss: 0.1067
2020-02-09 16:57:09,524 ====> Extracting Features
2020-02-09 16:57:44,686 ==> Batch (50/108)
2020-02-09 16:58:08,878 ==> Batch (100/108)
2020-02-09 16:58:13,570 ====> Building faiss index
2020-02-09 16:58:13,924 ====> Calculating recall @ N
2020-02-09 16:58:16,141 ====> Recall@1: 0.6887
2020-02-09 16:58:16,141 ====> Recall@2: 0.7099
2020-02-09 16:58:16,142 ====> Recall@3: 0.7206
2020-02-09 16:58:16,142 ====> Recall@4: 0.7255
2020-02-09 16:58:16,143 ====> Recall@5: 0.7296
2020-02-09 16:58:16,143 ====> Recall@10: 0.7391
2020-02-09 16:58:16,143 ====> Recall@15: 0.7435
2020-02-09 16:58:16,143 ====> Recall@20: 0.7467
2020-02-09 16:58:16,143 ====> Recall@25: 0.7504
2020-02-09 16:58:16,937 ====> Building Cache
2020-02-09 16:58:16,937 feature cache--->>> /home/annora/NetVLAD/output/train_feat_cache2.hdf5
2020-02-09 16:59:38,161 Allocated:120.90869140625 MB
2020-02-09 16:59:38,162 Cached:4067.375 MB
2020-02-09 17:02:28,507 ==> Epoch[9](50/553): Loss: 0.0584
2020-02-09 17:02:28,509 Allocated:122.90869140625 MB
2020-02-09 17:02:28,509 Cached:7547.0 MB
2020-02-09 17:04:24,763 ==> Epoch[9](100/553): Loss: 0.0826
2020-02-09 17:04:24,766 Allocated:123.28369140625 MB
2020-02-09 17:04:24,766 Cached:8739.375 MB
2020-02-09 17:06:21,859 ==> Epoch[9](150/553): Loss: 0.0335
2020-02-09 17:06:21,861 Allocated:123.65869140625 MB
2020-02-09 17:06:21,861 Cached:9945.5 MB
2020-02-09 17:07:48,272 ====> Building Cache
2020-02-09 17:07:48,273 feature cache--->>> /home/annora/NetVLAD/output/train_feat_cache2.hdf5
2020-02-09 17:09:09,300 Allocated:122.408203125 MB
2020-02-09 17:09:09,301 Cached:2384.125 MB
2020-02-09 17:10:27,814 ==> Epoch[9](200/553): Loss: 0.2285
2020-02-09 17:10:27,817 Allocated:122.15869140625 MB
2020-02-09 17:10:27,817 Cached:4507.875 MB
2020-02-09 17:12:20,781 ==> Epoch[9](250/553): Loss: 0.1833
2020-02-09 17:12:20,783 Allocated:122.03369140625 MB
2020-02-09 17:12:20,783 Cached:6817.0 MB
2020-02-09 17:14:17,658 ==> Epoch[9](300/553): Loss: 0.1447
2020-02-09 17:14:17,660 Allocated:121.90869140625 MB
2020-02-09 17:14:17,660 Cached:6817.0 MB
2020-02-09 17:16:07,673 ==> Epoch[9](350/553): Loss: 0.1884
2020-02-09 17:16:07,674 Allocated:123.15869140625 MB
2020-02-09 17:16:07,675 Cached:6817.0 MB
2020-02-09 17:16:54,055 ====> Building Cache
2020-02-09 17:16:54,055 feature cache--->>> /home/annora/NetVLAD/output/train_feat_cache2.hdf5
2020-02-09 17:18:19,313 Allocated:123.533203125 MB
2020-02-09 17:18:19,314 Cached:3355.5 MB
2020-02-09 17:20:29,622 ==> Epoch[9](400/553): Loss: 0.1266
2020-02-09 17:20:29,625 Allocated:122.90869140625 MB
2020-02-09 17:20:29,625 Cached:7030.375 MB
2020-02-09 17:22:34,705 ==> Epoch[9](450/553): Loss: 0.1153
2020-02-09 17:22:34,708 Allocated:122.03369140625 MB
2020-02-09 17:22:34,708 Cached:7030.375 MB
2020-02-09 17:24:33,815 ==> Epoch[9](500/553): Loss: 0.0909
2020-02-09 17:24:33,817 Allocated:122.03369140625 MB
2020-02-09 17:24:33,818 Cached:7030.375 MB
2020-02-09 17:26:33,709 ==> Epoch[9](550/553): Loss: 0.1161
2020-02-09 17:26:33,711 Allocated:121.90869140625 MB
2020-02-09 17:26:33,711 Cached:7030.375 MB
2020-02-09 17:26:46,364 ===> Epoch 9 Complete: Avg. Loss: 0.1063
2020-02-09 17:26:46,365 ====> Extracting Features
2020-02-09 17:27:27,115 ==> Batch (50/108)
2020-02-09 17:27:51,160 ==> Batch (100/108)
2020-02-09 17:27:56,197 ====> Building faiss index
2020-02-09 17:27:56,561 ====> Calculating recall @ N
2020-02-09 17:27:59,072 ====> Recall@1: 0.6867
2020-02-09 17:27:59,072 ====> Recall@2: 0.7064
2020-02-09 17:27:59,073 ====> Recall@3: 0.7209
2020-02-09 17:27:59,073 ====> Recall@4: 0.7246
2020-02-09 17:27:59,073 ====> Recall@5: 0.7290
2020-02-09 17:27:59,074 ====> Recall@10: 0.7388
2020-02-09 17:27:59,074 ====> Recall@15: 0.7429
2020-02-09 17:27:59,074 ====> Recall@20: 0.7461
2020-02-09 17:27:59,074 ====> Recall@25: 0.7507
2020-02-09 17:27:59,528 ====> Building Cache
2020-02-09 17:27:59,528 feature cache--->>> /home/annora/NetVLAD/output/train_feat_cache2.hdf5
2020-02-09 17:29:22,379 Allocated:120.90869140625 MB
2020-02-09 17:29:22,380 Cached:4067.375 MB
2020-02-09 17:31:57,081 ==> Epoch[10](50/553): Loss: 0.0775
2020-02-09 17:31:57,083 Allocated:122.78369140625 MB
2020-02-09 17:31:57,084 Cached:5228.25 MB
2020-02-09 17:33:52,614 ==> Epoch[10](100/553): Loss: 0.0183
2020-02-09 17:33:52,616 Allocated:123.65869140625 MB
2020-02-09 17:33:52,617 Cached:6402.5 MB
2020-02-09 17:35:48,423 ==> Epoch[10](150/553): Loss: 0.0282
2020-02-09 17:35:48,425 Allocated:122.78369140625 MB
2020-02-09 17:35:48,425 Cached:6402.5 MB
2020-02-09 17:37:07,495 ====> Building Cache
2020-02-09 17:37:07,496 feature cache--->>> /home/annora/NetVLAD/output/train_feat_cache2.hdf5
2020-02-09 17:38:28,160 Allocated:122.033203125 MB
2020-02-09 17:38:28,161 Cached:2384.125 MB
2020-02-09 17:39:43,348 ==> Epoch[10](200/553): Loss: 0.1778
2020-02-09 17:39:43,351 Allocated:122.90869140625 MB
2020-02-09 17:39:43,351 Cached:3338.0 MB
2020-02-09 17:41:41,794 ==> Epoch[10](250/553): Loss: 0.1403
2020-02-09 17:41:41,796 Allocated:122.65869140625 MB
2020-02-09 17:41:41,797 Cached:4495.125 MB
2020-02-09 17:43:41,347 ==> Epoch[10](300/553): Loss: 0.2405
2020-02-09 17:43:41,349 Allocated:122.90869140625 MB
2020-02-09 17:43:41,350 Cached:5656.625 MB
2020-02-09 17:45:38,671 ==> Epoch[10](350/553): Loss: 0.2477
2020-02-09 17:45:38,675 Allocated:121.90869140625 MB
2020-02-09 17:45:38,675 Cached:6839.375 MB
2020-02-09 17:46:22,407 ====> Building Cache
2020-02-09 17:46:22,408 feature cache--->>> /home/annora/NetVLAD/output/train_feat_cache2.hdf5
2020-02-09 17:47:42,551 Allocated:121.908203125 MB
2020-02-09 17:47:42,552 Cached:2383.125 MB
2020-02-09 17:49:41,606 ==> Epoch[10](400/553): Loss: 0.1161
2020-02-09 17:49:41,609 Allocated:121.90869140625 MB
2020-02-09 17:49:41,609 Cached:8099.5 MB
2020-02-09 17:51:39,955 ==> Epoch[10](450/553): Loss: 0.1509
2020-02-09 17:51:39,958 Allocated:122.78369140625 MB
2020-02-09 17:51:39,958 Cached:4699.875 MB
2020-02-09 17:53:37,080 ==> Epoch[10](500/553): Loss: 0.0904
2020-02-09 17:53:37,082 Allocated:122.65869140625 MB
2020-02-09 17:53:37,083 Cached:4699.875 MB
2020-02-09 17:55:40,035 ==> Epoch[10](550/553): Loss: 0.1273
2020-02-09 17:55:40,037 Allocated:123.28369140625 MB
2020-02-09 17:55:40,037 Cached:4699.875 MB
2020-02-09 17:55:52,316 ===> Epoch 10 Complete: Avg. Loss: 0.1116
2020-02-09 17:55:52,318 ====> Extracting Features
2020-02-09 17:56:28,517 ==> Batch (50/108)
2020-02-09 17:56:49,882 ==> Batch (100/108)
2020-02-09 17:56:54,321 ====> Building faiss index
2020-02-09 17:56:54,657 ====> Calculating recall @ N
2020-02-09 17:56:56,816 ====> Recall@1: 0.6881
2020-02-09 17:56:56,817 ====> Recall@2: 0.7058
2020-02-09 17:56:56,817 ====> Recall@3: 0.7206
2020-02-09 17:56:56,818 ====> Recall@4: 0.7255
2020-02-09 17:56:56,818 ====> Recall@5: 0.7293
2020-02-09 17:56:56,818 ====> Recall@10: 0.7388
2020-02-09 17:56:56,818 ====> Recall@15: 0.7432
2020-02-09 17:56:56,818 ====> Recall@20: 0.7472
2020-02-09 17:56:56,818 ====> Recall@25: 0.7510
2020-02-09 17:56:57,255 ====> Building Cache
2020-02-09 17:56:57,255 feature cache--->>> /home/annora/NetVLAD/output/train_feat_cache2.hdf5
2020-02-09 17:58:16,851 Allocated:120.90869140625 MB
2020-02-09 17:58:16,852 Cached:3403.25 MB
2020-02-09 18:00:53,314 ==> Epoch[11](50/553): Loss: 0.0443
2020-02-09 18:00:53,316 Allocated:123.65869140625 MB
2020-02-09 18:00:53,316 Cached:5721.5 MB
2020-02-09 18:02:48,325 ==> Epoch[11](100/553): Loss: 0.1141
2020-02-09 18:02:48,327 Allocated:121.90869140625 MB
2020-02-09 18:02:48,327 Cached:5721.5 MB
2020-02-09 18:04:43,200 ==> Epoch[11](150/553): Loss: 0.0362
2020-02-09 18:04:43,202 Allocated:122.90869140625 MB
2020-02-09 18:04:43,203 Cached:6938.125 MB
2020-02-09 18:06:04,013 ====> Building Cache
2020-02-09 18:06:04,015 feature cache--->>> /home/annora/NetVLAD/output/train_feat_cache2.hdf5
2020-02-09 18:07:24,237 Allocated:123.533203125 MB
2020-02-09 18:07:24,238 Cached:3403.25 MB
2020-02-09 18:08:47,754 ==> Epoch[11](200/553): Loss: 0.1958
2020-02-09 18:08:47,757 Allocated:122.53369140625 MB
2020-02-09 18:08:47,758 Cached:3412.25 MB
2020-02-09 18:10:51,698 ==> Epoch[11](250/553): Loss: 0.1698
2020-02-09 18:10:51,700 Allocated:122.15869140625 MB
2020-02-09 18:10:51,700 Cached:4545.0 MB
2020-02-09 18:12:43,340 ==> Epoch[11](300/553): Loss: 0.1854
2020-02-09 18:12:43,343 Allocated:122.15869140625 MB
2020-02-09 18:12:43,343 Cached:5683.125 MB
2020-02-09 18:14:33,868 ==> Epoch[11](350/553): Loss: 0.2028
2020-02-09 18:14:33,872 Allocated:123.53369140625 MB
2020-02-09 18:14:33,873 Cached:6830.875 MB
2020-02-09 18:15:23,717 ====> Building Cache
2020-02-09 18:15:23,718 feature cache--->>> /home/annora/NetVLAD/output/train_feat_cache2.hdf5
2020-02-09 18:16:47,664 Allocated:122.908203125 MB
2020-02-09 18:16:47,664 Cached:3402.25 MB
2020-02-09 18:18:44,371 ==> Epoch[11](400/553): Loss: 0.0882
2020-02-09 18:18:44,373 Allocated:122.40869140625 MB
2020-02-09 18:18:44,373 Cached:7070.75 MB
2020-02-09 18:20:46,991 ==> Epoch[11](450/553): Loss: 0.1435
2020-02-09 18:20:46,993 Allocated:122.78369140625 MB
2020-02-09 18:20:46,994 Cached:7070.75 MB
2020-02-09 18:22:47,720 ==> Epoch[11](500/553): Loss: 0.0392
2020-02-09 18:22:47,722 Allocated:122.90869140625 MB
2020-02-09 18:22:47,722 Cached:7070.75 MB
2020-02-09 18:24:47,209 ==> Epoch[11](550/553): Loss: 0.1087
2020-02-09 18:24:47,211 Allocated:122.65869140625 MB
2020-02-09 18:24:47,211 Cached:8320.5 MB
2020-02-09 18:25:00,650 ===> Epoch 11 Complete: Avg. Loss: 0.1111
2020-02-09 18:25:00,652 ====> Extracting Features
2020-02-09 18:25:40,051 ==> Batch (50/108)
2020-02-09 18:26:05,103 ==> Batch (100/108)
2020-02-09 18:26:10,071 ====> Building faiss index
2020-02-09 18:26:10,444 ====> Calculating recall @ N
2020-02-09 18:26:12,676 ====> Recall@1: 0.6916
2020-02-09 18:26:12,677 ====> Recall@2: 0.7125
2020-02-09 18:26:12,677 ====> Recall@3: 0.7206
2020-02-09 18:26:12,677 ====> Recall@4: 0.7258
2020-02-09 18:26:12,678 ====> Recall@5: 0.7299
2020-02-09 18:26:12,678 ====> Recall@10: 0.7391
2020-02-09 18:26:12,678 ====> Recall@15: 0.7441
2020-02-09 18:26:12,678 ====> Recall@20: 0.7472
2020-02-09 18:26:12,678 ====> Recall@25: 0.7513
2020-02-09 18:26:13,471 ====> Building Cache
2020-02-09 18:26:13,471 feature cache--->>> /home/annora/NetVLAD/output/train_feat_cache2.hdf5
2020-02-09 18:27:34,522 Allocated:120.28369140625 MB
2020-02-09 18:27:34,522 Cached:4067.375 MB
2020-02-09 18:30:20,657 ==> Epoch[12](50/553): Loss: 0.0105
2020-02-09 18:30:20,659 Allocated:122.65869140625 MB
2020-02-09 18:30:20,660 Cached:7501.375 MB
2020-02-09 18:32:14,615 ==> Epoch[12](100/553): Loss: 0.0171
2020-02-09 18:32:14,617 Allocated:122.78369140625 MB
2020-02-09 18:32:14,617 Cached:7501.375 MB
2020-02-09 18:34:08,180 ==> Epoch[12](150/553): Loss: 0.0545
2020-02-09 18:34:08,183 Allocated:122.65869140625 MB
2020-02-09 18:34:08,183 Cached:8661.875 MB
2020-02-09 18:35:24,500 ====> Building Cache
2020-02-09 18:35:24,500 feature cache--->>> /home/annora/NetVLAD/output/train_feat_cache2.hdf5
2020-02-09 18:36:48,685 Allocated:122.533203125 MB
2020-02-09 18:36:48,686 Cached:3149.25 MB
2020-02-09 18:38:04,668 ==> Epoch[12](200/553): Loss: 0.1783
2020-02-09 18:38:04,671 Allocated:122.65869140625 MB
2020-02-09 18:38:04,671 Cached:3157.25 MB
2020-02-09 18:39:56,840 ==> Epoch[12](250/553): Loss: 0.2077
2020-02-09 18:39:56,842 Allocated:121.90869140625 MB
2020-02-09 18:39:56,842 Cached:4316.5 MB
2020-02-09 18:41:50,193 ==> Epoch[12](300/553): Loss: 0.0110
2020-02-09 18:41:50,195 Allocated:122.03369140625 MB
2020-02-09 18:41:50,195 Cached:4316.5 MB
2020-02-09 18:43:47,477 ==> Epoch[12](350/553): Loss: 0.2186
2020-02-09 18:43:47,481 Allocated:123.03369140625 MB
2020-02-09 18:43:47,481 Cached:4316.5 MB
2020-02-09 18:44:30,927 ====> Building Cache
2020-02-09 18:44:30,927 feature cache--->>> /home/annora/NetVLAD/output/train_feat_cache2.hdf5
2020-02-09 18:45:55,268 Allocated:122.408203125 MB
2020-02-09 18:45:55,268 Cached:3149.25 MB
2020-02-09 18:48:02,812 ==> Epoch[12](400/553): Loss: 0.0885
2020-02-09 18:48:02,814 Allocated:121.90869140625 MB
2020-02-09 18:48:02,815 Cached:7914.625 MB
2020-02-09 18:50:06,699 ==> Epoch[12](450/553): Loss: 0.0782
2020-02-09 18:50:06,701 Allocated:122.65869140625 MB
2020-02-09 18:50:06,701 Cached:8261.25 MB
2020-02-09 18:52:16,753 ==> Epoch[12](500/553): Loss: 0.1272
2020-02-09 18:52:16,755 Allocated:122.53369140625 MB
2020-02-09 18:52:16,756 Cached:8261.25 MB
2020-02-09 18:54:19,207 ==> Epoch[12](550/553): Loss: 0.0847
2020-02-09 18:54:19,209 Allocated:123.53369140625 MB
2020-02-09 18:54:19,209 Cached:8261.25 MB
2020-02-09 18:54:30,615 ===> Epoch 12 Complete: Avg. Loss: 0.1148
2020-02-09 18:54:30,616 ====> Extracting Features
2020-02-09 18:55:14,451 ==> Batch (50/108)
2020-02-09 18:55:40,331 ==> Batch (100/108)
2020-02-09 18:55:45,209 ====> Building faiss index
2020-02-09 18:55:45,591 ====> Calculating recall @ N
2020-02-09 18:55:47,856 ====> Recall@1: 0.6881
2020-02-09 18:55:47,856 ====> Recall@2: 0.7087
2020-02-09 18:55:47,857 ====> Recall@3: 0.7212
2020-02-09 18:55:47,857 ====> Recall@4: 0.7249
2020-02-09 18:55:47,857 ====> Recall@5: 0.7293
2020-02-09 18:55:47,857 ====> Recall@10: 0.7388
2020-02-09 18:55:47,857 ====> Recall@15: 0.7438
2020-02-09 18:55:47,858 ====> Recall@20: 0.7464
2020-02-09 18:55:47,858 ====> Recall@25: 0.7499
2020-02-09 18:55:48,285 ====> Building Cache
2020-02-09 18:55:48,285 feature cache--->>> /home/annora/NetVLAD/output/train_feat_cache2.hdf5
2020-02-09 18:57:13,689 Allocated:120.03369140625 MB
2020-02-09 18:57:13,690 Cached:3148.25 MB
2020-02-09 18:59:53,042 ==> Epoch[13](50/553): Loss: 0.0247
2020-02-09 18:59:53,046 Allocated:122.78369140625 MB
2020-02-09 18:59:53,046 Cached:4323.875 MB
2020-02-09 19:01:43,639 ==> Epoch[13](100/553): Loss: 0.0069
2020-02-09 19:01:43,640 Allocated:122.28369140625 MB
2020-02-09 19:01:43,641 Cached:5523.625 MB
2020-02-09 19:03:42,189 ==> Epoch[13](150/553): Loss: 0.0098
2020-02-09 19:03:42,191 Allocated:123.03369140625 MB
2020-02-09 19:03:42,191 Cached:5523.625 MB
2020-02-09 19:05:04,735 ====> Building Cache
2020-02-09 19:05:04,736 feature cache--->>> /home/annora/NetVLAD/output/train_feat_cache2.hdf5
2020-02-09 19:06:24,471 Allocated:122.283203125 MB
2020-02-09 19:06:24,472 Cached:3149.25 MB
2020-02-09 19:07:42,191 ==> Epoch[13](200/553): Loss: 0.1663
2020-02-09 19:07:42,194 Allocated:123.03369140625 MB
2020-02-09 19:07:42,195 Cached:3158.25 MB
2020-02-09 19:09:31,802 ==> Epoch[13](250/553): Loss: 0.2783
2020-02-09 19:09:31,804 Allocated:123.28369140625 MB
2020-02-09 19:09:31,805 Cached:3158.25 MB
2020-02-09 19:11:22,196 ==> Epoch[13](300/553): Loss: 0.1640
2020-02-09 19:11:22,200 Allocated:122.03369140625 MB
2020-02-09 19:11:22,200 Cached:3158.25 MB
2020-02-09 19:13:20,705 ==> Epoch[13](350/553): Loss: 0.0314
2020-02-09 19:13:20,707 Allocated:122.78369140625 MB
2020-02-09 19:13:20,708 Cached:4343.0 MB
2020-02-09 19:14:09,127 ====> Building Cache
2020-02-09 19:14:09,128 feature cache--->>> /home/annora/NetVLAD/output/train_feat_cache2.hdf5
2020-02-09 19:15:29,188 Allocated:123.408203125 MB
2020-02-09 19:15:29,189 Cached:2383.125 MB
2020-02-09 19:17:53,354 ==> Epoch[13](400/553): Loss: 0.1251
2020-02-09 19:17:53,357 Allocated:122.03369140625 MB
2020-02-09 19:17:53,358 Cached:4774.375 MB
2020-02-09 19:19:54,330 ==> Epoch[13](450/553): Loss: 0.1007
2020-02-09 19:19:54,333 Allocated:121.90869140625 MB
2020-02-09 19:19:54,333 Cached:7242.875 MB
2020-02-09 19:21:51,511 ==> Epoch[13](500/553): Loss: 0.0796
2020-02-09 19:21:51,514 Allocated:122.90869140625 MB
2020-02-09 19:21:51,515 Cached:8493.625 MB
2020-02-09 19:23:59,519 ==> Epoch[13](550/553): Loss: 0.1198
2020-02-09 19:23:59,522 Allocated:123.65869140625 MB
2020-02-09 19:23:59,522 Cached:3669.125 MB
2020-02-09 19:24:10,753 ===> Epoch 13 Complete: Avg. Loss: 0.1153
2020-02-09 19:24:10,755 ====> Extracting Features
2020-02-09 19:24:47,615 ==> Batch (50/108)
2020-02-09 19:25:10,957 ==> Batch (100/108)
2020-02-09 19:25:15,769 ====> Building faiss index
2020-02-09 19:25:16,141 ====> Calculating recall @ N
2020-02-09 19:25:18,501 ====> Recall@1: 0.6878
2020-02-09 19:25:18,501 ====> Recall@2: 0.7096
2020-02-09 19:25:18,502 ====> Recall@3: 0.7203
2020-02-09 19:25:18,502 ====> Recall@4: 0.7252
2020-02-09 19:25:18,502 ====> Recall@5: 0.7281
2020-02-09 19:25:18,503 ====> Recall@10: 0.7383
2020-02-09 19:25:18,503 ====> Recall@15: 0.7438
2020-02-09 19:25:18,503 ====> Recall@20: 0.7470
2020-02-09 19:25:18,503 ====> Recall@25: 0.7501
2020-02-09 19:25:18,946 ====> Building Cache
2020-02-09 19:25:18,946 feature cache--->>> /home/annora/NetVLAD/output/train_feat_cache2.hdf5
2020-02-09 19:26:43,735 Allocated:120.03369140625 MB
2020-02-09 19:26:43,736 Cached:4067.375 MB
2020-02-09 19:29:14,494 ==> Epoch[14](50/553): Loss: 0.0681
2020-02-09 19:29:14,496 Allocated:121.90869140625 MB
2020-02-09 19:29:14,497 Cached:6476.875 MB
2020-02-09 19:31:07,598 ==> Epoch[14](100/553): Loss: 0.0588
2020-02-09 19:31:07,600 Allocated:122.65869140625 MB
2020-02-09 19:31:07,600 Cached:6476.875 MB
2020-02-09 19:33:13,966 ==> Epoch[14](150/553): Loss: 0.0623
2020-02-09 19:33:13,969 Allocated:122.65869140625 MB
2020-02-09 19:33:13,969 Cached:6476.875 MB
2020-02-09 19:34:31,898 ====> Building Cache
2020-02-09 19:34:31,899 feature cache--->>> /home/annora/NetVLAD/output/train_feat_cache2.hdf5
2020-02-09 19:35:53,623 Allocated:122.033203125 MB
2020-02-09 19:35:53,624 Cached:2384.125 MB
2020-02-09 19:37:09,517 ==> Epoch[14](200/553): Loss: 0.2521
2020-02-09 19:37:09,521 Allocated:122.40869140625 MB
2020-02-09 19:37:09,521 Cached:3347.5 MB
2020-02-09 19:39:01,610 ==> Epoch[14](250/553): Loss: 0.2091
2020-02-09 19:39:01,613 Allocated:122.90869140625 MB
2020-02-09 19:39:01,613 Cached:3347.5 MB
2020-02-09 19:41:00,257 ==> Epoch[14](300/553): Loss: 0.1375
2020-02-09 19:41:00,259 Allocated:123.03369140625 MB
2020-02-09 19:41:00,260 Cached:3348.5 MB
2020-02-09 19:42:54,526 ==> Epoch[14](350/553): Loss: 0.1775
2020-02-09 19:42:54,528 Allocated:122.40869140625 MB
2020-02-09 19:42:54,528 Cached:4654.0 MB
2020-02-09 19:43:37,041 ====> Building Cache
2020-02-09 19:43:37,041 feature cache--->>> /home/annora/NetVLAD/output/train_feat_cache2.hdf5
2020-02-09 19:44:57,356 Allocated:123.658203125 MB
2020-02-09 19:44:57,357 Cached:3339.5 MB
2020-02-09 19:46:57,852 ==> Epoch[14](400/553): Loss: 0.1595
2020-02-09 19:46:57,855 Allocated:122.90869140625 MB
2020-02-09 19:46:57,855 Cached:9300.5 MB
2020-02-09 19:48:53,688 ==> Epoch[14](450/553): Loss: 0.0672
2020-02-09 19:48:53,691 Allocated:121.90869140625 MB
2020-02-09 19:48:53,691 Cached:3451.375 MB
2020-02-09 19:50:58,914 ==> Epoch[14](500/553): Loss: 0.0968
2020-02-09 19:50:58,916 Allocated:122.65869140625 MB
2020-02-09 19:50:58,916 Cached:4692.5 MB
2020-02-09 19:52:58,501 ==> Epoch[14](550/553): Loss: 0.0731
2020-02-09 19:52:58,502 Allocated:121.90869140625 MB
2020-02-09 19:52:58,502 Cached:4692.5 MB
2020-02-09 19:53:10,272 ===> Epoch 14 Complete: Avg. Loss: 0.1133
2020-02-09 19:53:10,274 ====> Extracting Features
2020-02-09 19:53:48,232 ==> Batch (50/108)
2020-02-09 19:54:10,096 ==> Batch (100/108)
2020-02-09 19:54:14,670 ====> Building faiss index
2020-02-09 19:54:15,023 ====> Calculating recall @ N
2020-02-09 19:54:17,242 ====> Recall@1: 0.6867
2020-02-09 19:54:17,243 ====> Recall@2: 0.7014
2020-02-09 19:54:17,243 ====> Recall@3: 0.7151
2020-02-09 19:54:17,243 ====> Recall@4: 0.7212
2020-02-09 19:54:17,244 ====> Recall@5: 0.7255
2020-02-09 19:54:17,244 ====> Recall@10: 0.7351
2020-02-09 19:54:17,244 ====> Recall@15: 0.7423
2020-02-09 19:54:17,244 ====> Recall@20: 0.7455
2020-02-09 19:54:17,244 ====> Recall@25: 0.7504
2020-02-09 19:54:17,671 ====> Building Cache
2020-02-09 19:54:17,672 feature cache--->>> /home/annora/NetVLAD/output/train_feat_cache2.hdf5
2020-02-09 19:55:37,297 Allocated:120.90869140625 MB
2020-02-09 19:55:37,298 Cached:4067.375 MB
2020-02-09 19:58:25,074 ==> Epoch[15](50/553): Loss: 0.0537
2020-02-09 19:58:25,075 Allocated:123.53369140625 MB
2020-02-09 19:58:25,076 Cached:5317.375 MB
2020-02-09 20:00:28,095 ==> Epoch[15](100/553): Loss: 0.1148
2020-02-09 20:00:28,097 Allocated:122.03369140625 MB
2020-02-09 20:00:28,097 Cached:6557.5 MB
2020-02-09 20:02:23,095 ==> Epoch[15](150/553): Loss: 0.0077
2020-02-09 20:02:23,098 Allocated:123.03369140625 MB
2020-02-09 20:02:23,098 Cached:6557.5 MB
2020-02-09 20:03:40,970 ====> Building Cache
2020-02-09 20:03:40,970 feature cache--->>> /home/annora/NetVLAD/output/train_feat_cache2.hdf5
2020-02-09 20:05:01,146 Allocated:123.658203125 MB
2020-02-09 20:05:01,147 Cached:2384.125 MB
2020-02-09 20:06:17,584 ==> Epoch[15](200/553): Loss: 0.0226
2020-02-09 20:06:17,587 Allocated:122.03369140625 MB
2020-02-09 20:06:17,587 Cached:3361.375 MB
2020-02-09 20:08:10,679 ==> Epoch[15](250/553): Loss: 0.2802
2020-02-09 20:08:10,681 Allocated:122.90869140625 MB
2020-02-09 20:08:10,681 Cached:3361.375 MB
2020-02-09 20:10:03,107 ==> Epoch[15](300/553): Loss: 0.2458
2020-02-09 20:10:03,109 Allocated:121.90869140625 MB
2020-02-09 20:10:03,109 Cached:3362.375 MB
2020-02-09 20:12:00,097 ==> Epoch[15](350/553): Loss: 0.0711
2020-02-09 20:12:00,099 Allocated:123.53369140625 MB
2020-02-09 20:12:00,099 Cached:4529.0 MB
2020-02-09 20:12:42,589 ====> Building Cache
2020-02-09 20:12:42,590 feature cache--->>> /home/annora/NetVLAD/output/train_feat_cache2.hdf5
2020-02-09 20:14:05,979 Allocated:121.908203125 MB
2020-02-09 20:14:05,980 Cached:3354.375 MB
2020-02-09 20:16:05,311 ==> Epoch[15](400/553): Loss: 0.1662
2020-02-09 20:16:05,314 Allocated:122.53369140625 MB
2020-02-09 20:16:05,314 Cached:8074.25 MB
2020-02-09 20:18:07,588 ==> Epoch[15](450/553): Loss: 0.0912
2020-02-09 20:18:07,591 Allocated:122.03369140625 MB
2020-02-09 20:18:07,592 Cached:4684.125 MB
2020-02-09 20:20:08,512 ==> Epoch[15](500/553): Loss: 0.1207
2020-02-09 20:20:08,514 Allocated:122.03369140625 MB
2020-02-09 20:20:08,515 Cached:5944.375 MB
2020-02-09 20:22:12,745 ==> Epoch[15](550/553): Loss: 0.1034
2020-02-09 20:22:12,748 Allocated:121.90869140625 MB
2020-02-09 20:22:12,748 Cached:5944.375 MB
2020-02-09 20:22:24,023 ===> Epoch 15 Complete: Avg. Loss: 0.1185
2020-02-09 20:22:24,025 ====> Extracting Features
2020-02-09 20:22:59,271 ==> Batch (50/108)
2020-02-09 20:23:22,424 ==> Batch (100/108)
2020-02-09 20:23:27,023 ====> Building faiss index
2020-02-09 20:23:27,387 ====> Calculating recall @ N
2020-02-09 20:23:29,580 ====> Recall@1: 0.7020
2020-02-09 20:23:29,581 ====> Recall@2: 0.7159
2020-02-09 20:23:29,581 ====> Recall@3: 0.7229
2020-02-09 20:23:29,582 ====> Recall@4: 0.7278
2020-02-09 20:23:29,582 ====> Recall@5: 0.7316
2020-02-09 20:23:29,582 ====> Recall@10: 0.7403
2020-02-09 20:23:29,582 ====> Recall@15: 0.7467
2020-02-09 20:23:29,583 ====> Recall@20: 0.7507
2020-02-09 20:23:29,583 ====> Recall@25: 0.7525
2020-02-09 20:23:30,359 ====> Building Cache
2020-02-09 20:23:30,360 feature cache--->>> /home/annora/NetVLAD/output/train_feat_cache2.hdf5
2020-02-09 20:24:50,936 Allocated:120.40869140625 MB
2020-02-09 20:24:50,937 Cached:4067.375 MB
2020-02-09 20:27:30,126 ==> Epoch[16](50/553): Loss: 0.0681
2020-02-09 20:27:30,129 Allocated:122.03369140625 MB
2020-02-09 20:27:30,130 Cached:5209.125 MB
2020-02-09 20:29:25,113 ==> Epoch[16](100/553): Loss: 0.1427
2020-02-09 20:29:25,116 Allocated:122.65869140625 MB
2020-02-09 20:29:25,116 Cached:5209.125 MB
2020-02-09 20:31:16,681 ==> Epoch[16](150/553): Loss: 0.0483
2020-02-09 20:31:16,684 Allocated:123.65869140625 MB
2020-02-09 20:31:16,684 Cached:5209.125 MB
2020-02-09 20:32:35,780 ====> Building Cache
2020-02-09 20:32:35,781 feature cache--->>> /home/annora/NetVLAD/output/train_feat_cache2.hdf5
2020-02-09 20:33:57,334 Allocated:123.533203125 MB
2020-02-09 20:33:57,335 Cached:2384.125 MB
2020-02-09 20:35:15,129 ==> Epoch[16](200/553): Loss: 0.1693
2020-02-09 20:35:15,131 Allocated:122.03369140625 MB
2020-02-09 20:35:15,132 Cached:4495.125 MB
2020-02-09 20:37:17,891 ==> Epoch[16](250/553): Loss: 0.1850
2020-02-09 20:37:17,893 Allocated:121.90869140625 MB
2020-02-09 20:37:17,894 Cached:7991.0 MB
2020-02-09 20:39:13,848 ==> Epoch[16](300/553): Loss: 0.0927
2020-02-09 20:39:13,849 Allocated:122.78369140625 MB
2020-02-09 20:39:13,850 Cached:7991.0 MB
2020-02-09 20:41:13,272 ==> Epoch[16](350/553): Loss: 0.1334
2020-02-09 20:41:13,273 Allocated:122.78369140625 MB
2020-02-09 20:41:13,274 Cached:7991.0 MB
2020-02-09 20:41:57,796 ====> Building Cache
2020-02-09 20:41:57,797 feature cache--->>> /home/annora/NetVLAD/output/train_feat_cache2.hdf5
2020-02-09 20:43:17,626 Allocated:122.783203125 MB
2020-02-09 20:43:17,626 Cached:2383.125 MB
2020-02-09 20:45:09,639 ==> Epoch[16](400/553): Loss: 0.1241
2020-02-09 20:45:09,641 Allocated:122.53369140625 MB
2020-02-09 20:45:09,641 Cached:7101.75 MB
2020-02-09 20:47:08,713 ==> Epoch[16](450/553): Loss: 0.0299
2020-02-09 20:47:08,715 Allocated:122.15869140625 MB
2020-02-09 20:47:08,715 Cached:8342.875 MB
2020-02-09 20:49:15,838 ==> Epoch[16](500/553): Loss: 0.0826
2020-02-09 20:49:15,841 Allocated:122.65869140625 MB
2020-02-09 20:49:15,841 Cached:8342.875 MB
2020-02-09 20:51:16,650 ==> Epoch[16](550/553): Loss: 0.0530
2020-02-09 20:51:16,652 Allocated:123.65869140625 MB
2020-02-09 20:51:16,653 Cached:8342.875 MB
2020-02-09 20:51:30,728 ===> Epoch 16 Complete: Avg. Loss: 0.1204
2020-02-09 20:51:30,730 ====> Extracting Features
2020-02-09 20:52:06,118 ==> Batch (50/108)
2020-02-09 20:52:30,179 ==> Batch (100/108)
2020-02-09 20:52:34,522 ====> Building faiss index
2020-02-09 20:52:34,874 ====> Calculating recall @ N
2020-02-09 20:52:37,200 ====> Recall@1: 0.7032
2020-02-09 20:52:37,200 ====> Recall@2: 0.7157
2020-02-09 20:52:37,201 ====> Recall@3: 0.7235
2020-02-09 20:52:37,201 ====> Recall@4: 0.7270
2020-02-09 20:52:37,201 ====> Recall@5: 0.7313
2020-02-09 20:52:37,201 ====> Recall@10: 0.7409
2020-02-09 20:52:37,201 ====> Recall@15: 0.7464
2020-02-09 20:52:37,202 ====> Recall@20: 0.7507
2020-02-09 20:52:37,202 ====> Recall@25: 0.7525
2020-02-09 20:52:37,646 ====> Building Cache
2020-02-09 20:52:37,647 feature cache--->>> /home/annora/NetVLAD/output/train_feat_cache2.hdf5
2020-02-09 20:53:58,614 Allocated:120.15869140625 MB
2020-02-09 20:53:58,614 Cached:3509.5 MB
2020-02-09 20:56:47,883 ==> Epoch[17](50/553): Loss: 0.0871
2020-02-09 20:56:47,886 Allocated:122.90869140625 MB
2020-02-09 20:56:47,886 Cached:3516.5 MB
2020-02-09 20:58:39,396 ==> Epoch[17](100/553): Loss: 0.0942
2020-02-09 20:58:39,399 Allocated:122.90869140625 MB
2020-02-09 20:58:39,399 Cached:4653.5 MB
2020-02-09 21:00:33,688 ==> Epoch[17](150/553): Loss: 0.1059
2020-02-09 21:00:33,690 Allocated:122.03369140625 MB
2020-02-09 21:00:33,690 Cached:6934.0 MB
2020-02-09 21:01:49,990 ====> Building Cache
2020-02-09 21:01:49,990 feature cache--->>> /home/annora/NetVLAD/output/train_feat_cache2.hdf5
2020-02-09 21:03:12,442 Allocated:124.158203125 MB
2020-02-09 21:03:12,442 Cached:2384.125 MB
2020-02-09 21:04:27,687 ==> Epoch[17](200/553): Loss: 0.1808
2020-02-09 21:04:27,689 Allocated:122.65869140625 MB
2020-02-09 21:04:27,689 Cached:3344.375 MB
2020-02-09 21:06:21,163 ==> Epoch[17](250/553): Loss: 0.0333
2020-02-09 21:06:21,165 Allocated:122.03369140625 MB
2020-02-09 21:06:21,165 Cached:4482.375 MB
2020-02-09 21:08:15,821 ==> Epoch[17](300/553): Loss: 0.2953
2020-02-09 21:08:15,824 Allocated:123.15869140625 MB
2020-02-09 21:08:15,824 Cached:4482.375 MB
2020-02-09 21:10:23,646 ==> Epoch[17](350/553): Loss: 0.2235
2020-02-09 21:10:23,649 Allocated:122.15869140625 MB
2020-02-09 21:10:23,649 Cached:4482.375 MB
2020-02-09 21:11:10,584 ====> Building Cache
2020-02-09 21:11:10,585 feature cache--->>> /home/annora/NetVLAD/output/train_feat_cache2.hdf5
2020-02-09 21:12:35,018 Allocated:121.908203125 MB
2020-02-09 21:12:35,018 Cached:2383.125 MB
2020-02-09 21:14:42,278 ==> Epoch[17](400/553): Loss: 0.0690
2020-02-09 21:14:42,281 Allocated:122.65869140625 MB
2020-02-09 21:14:42,282 Cached:9163.5 MB
2020-02-09 21:16:42,554 ==> Epoch[17](450/553): Loss: 0.1043
2020-02-09 21:16:42,557 Allocated:123.53369140625 MB
2020-02-09 21:16:42,557 Cached:6115.875 MB
2020-02-09 21:18:35,708 ==> Epoch[17](500/553): Loss: 0.0817
2020-02-09 21:18:35,710 Allocated:123.65869140625 MB
2020-02-09 21:18:35,711 Cached:6115.875 MB
2020-02-09 21:20:29,642 ==> Epoch[17](550/553): Loss: 0.1146
2020-02-09 21:20:29,646 Allocated:121.90869140625 MB
2020-02-09 21:20:29,646 Cached:6115.875 MB
2020-02-09 21:20:40,870 ===> Epoch 17 Complete: Avg. Loss: 0.1183
2020-02-09 21:20:40,872 ====> Extracting Features
2020-02-09 21:21:18,435 ==> Batch (50/108)
2020-02-09 21:21:41,740 ==> Batch (100/108)
2020-02-09 21:21:46,553 ====> Building faiss index
2020-02-09 21:21:46,934 ====> Calculating recall @ N
2020-02-09 21:21:49,099 ====> Recall@1: 0.7041
2020-02-09 21:21:49,100 ====> Recall@2: 0.7151
2020-02-09 21:21:49,100 ====> Recall@3: 0.7232
2020-02-09 21:21:49,101 ====> Recall@4: 0.7272
2020-02-09 21:21:49,101 ====> Recall@5: 0.7310
2020-02-09 21:21:49,101 ====> Recall@10: 0.7403
2020-02-09 21:21:49,101 ====> Recall@15: 0.7470
2020-02-09 21:21:49,101 ====> Recall@20: 0.7501
2020-02-09 21:21:49,102 ====> Recall@25: 0.7528
2020-02-09 21:21:49,695 ====> Building Cache
2020-02-09 21:21:49,695 feature cache--->>> /home/annora/NetVLAD/output/train_feat_cache2.hdf5
2020-02-09 21:23:14,484 Allocated:121.28369140625 MB
2020-02-09 21:23:14,484 Cached:4067.375 MB
2020-02-09 21:25:57,074 ==> Epoch[18](50/553): Loss: 0.0369
2020-02-09 21:25:57,076 Allocated:123.03369140625 MB
2020-02-09 21:25:57,076 Cached:4075.375 MB
2020-02-09 21:27:46,183 ==> Epoch[18](100/553): Loss: 0.0716
2020-02-09 21:27:46,185 Allocated:122.65869140625 MB
2020-02-09 21:27:46,186 Cached:5211.375 MB
2020-02-09 21:29:45,255 ==> Epoch[18](150/553): Loss: 0.0780
2020-02-09 21:29:45,257 Allocated:122.65869140625 MB
2020-02-09 21:29:45,257 Cached:5211.375 MB
2020-02-09 21:31:05,396 ====> Building Cache
2020-02-09 21:31:05,396 feature cache--->>> /home/annora/NetVLAD/output/train_feat_cache2.hdf5
2020-02-09 21:32:25,835 Allocated:122.033203125 MB
2020-02-09 21:32:25,836 Cached:2384.125 MB
2020-02-09 21:33:45,668 ==> Epoch[18](200/553): Loss: 0.0571
2020-02-09 21:33:45,670 Allocated:122.90869140625 MB
2020-02-09 21:33:45,671 Cached:3368.875 MB
2020-02-09 21:35:39,618 ==> Epoch[18](250/553): Loss: 0.2169
2020-02-09 21:35:39,620 Allocated:122.78369140625 MB
2020-02-09 21:35:39,620 Cached:3371.875 MB
2020-02-09 21:37:36,932 ==> Epoch[18](300/553): Loss: 0.2212
2020-02-09 21:37:36,934 Allocated:123.28369140625 MB
2020-02-09 21:37:36,935 Cached:3371.875 MB
2020-02-09 21:39:34,042 ==> Epoch[18](350/553): Loss: 0.2057
2020-02-09 21:39:34,045 Allocated:121.90869140625 MB
2020-02-09 21:39:34,045 Cached:3371.875 MB
2020-02-09 21:40:16,944 ====> Building Cache
2020-02-09 21:40:16,944 feature cache--->>> /home/annora/NetVLAD/output/train_feat_cache2.hdf5
2020-02-09 21:41:36,970 Allocated:122.783203125 MB
2020-02-09 21:41:36,970 Cached:2383.125 MB
2020-02-09 21:43:36,328 ==> Epoch[18](400/553): Loss: 0.1719
2020-02-09 21:43:36,331 Allocated:122.65869140625 MB
2020-02-09 21:43:36,331 Cached:8328.25 MB
2020-02-09 21:45:35,207 ==> Epoch[18](450/553): Loss: 0.1061
2020-02-09 21:45:35,210 Allocated:123.40869140625 MB
2020-02-09 21:45:35,210 Cached:8328.25 MB
2020-02-09 21:47:36,879 ==> Epoch[18](500/553): Loss: 0.1275
2020-02-09 21:47:36,881 Allocated:122.65869140625 MB
2020-02-09 21:47:36,881 Cached:4681.5 MB
2020-02-09 21:49:44,593 ==> Epoch[18](550/553): Loss: 0.0924
2020-02-09 21:49:44,596 Allocated:122.03369140625 MB
2020-02-09 21:49:44,596 Cached:4681.5 MB
2020-02-09 21:49:56,993 ===> Epoch 18 Complete: Avg. Loss: 0.1196
2020-02-09 21:49:56,995 ====> Extracting Features
2020-02-09 21:50:36,804 ==> Batch (50/108)
2020-02-09 21:51:02,515 ==> Batch (100/108)
2020-02-09 21:51:07,361 ====> Building faiss index
2020-02-09 21:51:07,735 ====> Calculating recall @ N
2020-02-09 21:51:10,023 ====> Recall@1: 0.7043
2020-02-09 21:51:10,023 ====> Recall@2: 0.7148
2020-02-09 21:51:10,024 ====> Recall@3: 0.7217
2020-02-09 21:51:10,024 ====> Recall@4: 0.7275
2020-02-09 21:51:10,024 ====> Recall@5: 0.7307
2020-02-09 21:51:10,024 ====> Recall@10: 0.7400
2020-02-09 21:51:10,025 ====> Recall@15: 0.7470
2020-02-09 21:51:10,025 ====> Recall@20: 0.7510
2020-02-09 21:51:10,025 ====> Recall@25: 0.7528
2020-02-09 21:51:10,460 ====> Building Cache
2020-02-09 21:51:10,461 feature cache--->>> /home/annora/NetVLAD/output/train_feat_cache2.hdf5
2020-02-09 21:52:30,082 Allocated:120.78369140625 MB
2020-02-09 21:52:30,082 Cached:3337.375 MB
2020-02-09 21:55:09,239 ==> Epoch[19](50/553): Loss: 0.2128
2020-02-09 21:55:09,242 Allocated:122.90869140625 MB
2020-02-09 21:55:09,242 Cached:3346.375 MB
2020-02-09 21:57:02,171 ==> Epoch[19](100/553): Loss: 0.0955
2020-02-09 21:57:02,174 Allocated:122.15869140625 MB
2020-02-09 21:57:02,174 Cached:3346.375 MB
2020-02-09 21:58:55,168 ==> Epoch[19](150/553): Loss: 0.0910
2020-02-09 21:58:55,170 Allocated:122.78369140625 MB
2020-02-09 21:58:55,170 Cached:3346.375 MB
2020-02-09 22:00:11,169 ====> Building Cache
2020-02-09 22:00:11,170 feature cache--->>> /home/annora/NetVLAD/output/train_feat_cache2.hdf5
2020-02-09 22:01:31,511 Allocated:122.033203125 MB
2020-02-09 22:01:31,512 Cached:2384.125 MB
2020-02-09 22:02:46,522 ==> Epoch[19](200/553): Loss: 0.0385
2020-02-09 22:02:46,524 Allocated:122.15869140625 MB
2020-02-09 22:02:46,524 Cached:3375.125 MB
2020-02-09 22:04:43,066 ==> Epoch[19](250/553): Loss: 0.1766
2020-02-09 22:04:43,069 Allocated:122.65869140625 MB
2020-02-09 22:04:43,069 Cached:3435.125 MB
2020-02-09 22:06:36,596 ==> Epoch[19](300/553): Loss: 0.2220
2020-02-09 22:06:36,597 Allocated:122.90869140625 MB
2020-02-09 22:06:36,598 Cached:3435.125 MB
2020-02-09 22:08:30,264 ==> Epoch[19](350/553): Loss: 0.2619
2020-02-09 22:08:30,266 Allocated:122.90869140625 MB
2020-02-09 22:08:30,266 Cached:4576.5 MB
2020-02-09 22:09:11,689 ====> Building Cache
2020-02-09 22:09:11,690 feature cache--->>> /home/annora/NetVLAD/output/train_feat_cache2.hdf5
2020-02-09 22:10:34,280 Allocated:123.533203125 MB
2020-02-09 22:10:34,280 Cached:2384.125 MB
2020-02-09 22:12:29,728 ==> Epoch[19](400/553): Loss: 0.1115
2020-02-09 22:12:29,730 Allocated:122.90869140625 MB
2020-02-09 22:12:29,730 Cached:4852.0 MB
2020-02-09 22:14:29,056 ==> Epoch[19](450/553): Loss: 0.1132
2020-02-09 22:14:29,058 Allocated:122.03369140625 MB
2020-02-09 22:14:29,058 Cached:6093.125 MB
2020-02-09 22:16:37,182 ==> Epoch[19](500/553): Loss: 0.0150
2020-02-09 22:16:37,185 Allocated:122.65869140625 MB
2020-02-09 22:16:37,185 Cached:7342.875 MB
2020-02-09 22:18:39,030 ==> Epoch[19](550/553): Loss: 0.0839
2020-02-09 22:18:39,032 Allocated:122.78369140625 MB
2020-02-09 22:18:39,032 Cached:7342.875 MB
2020-02-09 22:18:49,816 ===> Epoch 19 Complete: Avg. Loss: 0.1194
2020-02-09 22:18:49,818 ====> Extracting Features
2020-02-09 22:19:25,126 ==> Batch (50/108)
2020-02-09 22:19:47,610 ==> Batch (100/108)
2020-02-09 22:19:52,495 ====> Building faiss index
2020-02-09 22:19:52,846 ====> Calculating recall @ N
2020-02-09 22:19:55,041 ====> Recall@1: 0.7049
2020-02-09 22:19:55,041 ====> Recall@2: 0.7148
2020-02-09 22:19:55,042 ====> Recall@3: 0.7214
2020-02-09 22:19:55,042 ====> Recall@4: 0.7267
2020-02-09 22:19:55,042 ====> Recall@5: 0.7307
2020-02-09 22:19:55,042 ====> Recall@10: 0.7412
2020-02-09 22:19:55,043 ====> Recall@15: 0.7464
2020-02-09 22:19:55,043 ====> Recall@20: 0.7507
2020-02-09 22:19:55,043 ====> Recall@25: 0.7533
2020-02-09 22:19:55,478 ====> Building Cache
2020-02-09 22:19:55,478 feature cache--->>> /home/annora/NetVLAD/output/train_feat_cache2.hdf5
2020-02-09 22:21:18,977 Allocated:120.40869140625 MB
2020-02-09 22:21:18,977 Cached:4067.375 MB
2020-02-09 22:23:59,992 ==> Epoch[20](50/553): Loss: 0.0120
2020-02-09 22:23:59,994 Allocated:122.53369140625 MB
2020-02-09 22:23:59,995 Cached:6373.875 MB
2020-02-09 22:25:45,859 ==> Epoch[20](100/553): Loss: 0.1093
2020-02-09 22:25:45,861 Allocated:122.03369140625 MB
2020-02-09 22:25:45,861 Cached:6430.875 MB
2020-02-09 22:27:31,627 ==> Epoch[20](150/553): Loss: 0.1022
2020-02-09 22:27:31,630 Allocated:123.03369140625 MB
2020-02-09 22:27:31,630 Cached:6430.875 MB
2020-02-09 22:28:52,694 ====> Building Cache
2020-02-09 22:28:52,695 feature cache--->>> /home/annora/NetVLAD/output/train_feat_cache2.hdf5
2020-02-09 22:30:20,788 Allocated:123.033203125 MB
2020-02-09 22:30:20,789 Cached:3149.25 MB
2020-02-09 22:31:45,503 ==> Epoch[20](200/553): Loss: 0.2381
2020-02-09 22:31:45,506 Allocated:122.90869140625 MB
2020-02-09 22:31:45,506 Cached:3158.25 MB
2020-02-09 22:33:30,416 ==> Epoch[20](250/553): Loss: 0.2103
2020-02-09 22:33:30,419 Allocated:124.15869140625 MB
2020-02-09 22:33:30,419 Cached:3158.25 MB
2020-02-09 22:35:20,346 ==> Epoch[20](300/553): Loss: 0.2937
2020-02-09 22:35:20,348 Allocated:123.03369140625 MB
2020-02-09 22:35:20,349 Cached:4294.25 MB
2020-02-09 22:37:13,450 ==> Epoch[20](350/553): Loss: 0.2377
2020-02-09 22:37:13,452 Allocated:122.40869140625 MB
2020-02-09 22:37:13,452 Cached:4294.25 MB
2020-02-09 22:37:55,984 ====> Building Cache
2020-02-09 22:37:55,986 feature cache--->>> /home/annora/NetVLAD/output/train_feat_cache2.hdf5
2020-02-09 22:39:36,024 Allocated:123.033203125 MB
2020-02-09 22:39:36,025 Cached:3149.25 MB
2020-02-09 22:41:43,299 ==> Epoch[20](400/553): Loss: 0.0748
2020-02-09 22:41:43,312 Allocated:122.65869140625 MB
2020-02-09 22:41:43,312 Cached:6696.875 MB
2020-02-09 22:44:13,125 ==> Epoch[20](450/553): Loss: 0.1041
2020-02-09 22:44:13,128 Allocated:121.90869140625 MB
2020-02-09 22:44:13,128 Cached:6696.875 MB
2020-02-09 22:46:57,516 ==> Epoch[20](500/553): Loss: 0.1117
2020-02-09 22:46:57,522 Allocated:122.28369140625 MB
2020-02-09 22:46:57,523 Cached:6696.875 MB
2020-02-09 22:48:56,789 ==> Epoch[20](550/553): Loss: 0.1036
2020-02-09 22:48:56,791 Allocated:121.90869140625 MB
2020-02-09 22:48:56,792 Cached:6696.875 MB
2020-02-09 22:49:09,496 ===> Epoch 20 Complete: Avg. Loss: 0.1241
2020-02-09 22:49:09,502 ====> Extracting Features
2020-02-09 22:50:05,316 ==> Batch (50/108)
2020-02-09 22:50:33,874 ==> Batch (100/108)
2020-02-09 22:50:39,531 ====> Building faiss index
2020-02-09 22:50:39,943 ====> Calculating recall @ N
2020-02-09 22:50:42,356 ====> Recall@1: 0.7090
2020-02-09 22:50:42,357 ====> Recall@2: 0.7180
2020-02-09 22:50:42,357 ====> Recall@3: 0.7255
2020-02-09 22:50:42,358 ====> Recall@4: 0.7296
2020-02-09 22:50:42,358 ====> Recall@5: 0.7345
2020-02-09 22:50:42,358 ====> Recall@10: 0.7438
2020-02-09 22:50:42,358 ====> Recall@15: 0.7481
2020-02-09 22:50:42,358 ====> Recall@20: 0.7510
2020-02-09 22:50:42,359 ====> Recall@25: 0.7530
2020-02-09 22:50:43,269 ====> Building Cache
2020-02-09 22:50:43,270 feature cache--->>> /home/annora/NetVLAD/output/train_feat_cache2.hdf5
2020-02-09 22:52:17,113 Allocated:119.90869140625 MB
2020-02-09 22:52:17,113 Cached:4067.375 MB
2020-02-09 22:55:23,637 ==> Epoch[21](50/553): Loss: 0.0574
2020-02-09 22:55:23,640 Allocated:122.90869140625 MB
2020-02-09 22:55:23,640 Cached:4075.375 MB
2020-02-09 22:57:16,179 ==> Epoch[21](100/553): Loss: 0.1500
2020-02-09 22:57:16,181 Allocated:123.40869140625 MB
2020-02-09 22:57:16,181 Cached:5254.75 MB
2020-02-09 22:59:10,814 ==> Epoch[21](150/553): Loss: 0.1077
2020-02-09 22:59:10,816 Allocated:122.40869140625 MB
2020-02-09 22:59:10,816 Cached:5254.75 MB
2020-02-09 23:00:33,790 ====> Building Cache
2020-02-09 23:00:33,791 feature cache--->>> /home/annora/NetVLAD/output/train_feat_cache2.hdf5
2020-02-09 23:02:01,369 Allocated:122.783203125 MB
2020-02-09 23:02:01,370 Cached:2384.125 MB
2020-02-09 23:03:29,770 ==> Epoch[21](200/553): Loss: 0.1638
2020-02-09 23:03:29,773 Allocated:121.90869140625 MB
2020-02-09 23:03:29,773 Cached:3521.75 MB
2020-02-09 23:05:28,628 ==> Epoch[21](250/553): Loss: 0.2285
2020-02-09 23:05:28,631 Allocated:122.90869140625 MB
2020-02-09 23:05:28,631 Cached:3521.75 MB
2020-02-09 23:07:23,423 ==> Epoch[21](300/553): Loss: 0.1026
2020-02-09 23:07:23,425 Allocated:121.90869140625 MB
2020-02-09 23:07:23,426 Cached:3521.75 MB
2020-02-09 23:09:32,607 ==> Epoch[21](350/553): Loss: 0.1685
2020-02-09 23:09:32,610 Allocated:123.53369140625 MB
2020-02-09 23:09:32,611 Cached:4667.25 MB
2020-02-09 23:10:14,492 ====> Building Cache
2020-02-09 23:10:14,493 feature cache--->>> /home/annora/NetVLAD/output/train_feat_cache2.hdf5
2020-02-09 23:11:45,330 Allocated:122.658203125 MB
2020-02-09 23:11:45,331 Cached:2383.125 MB
2020-02-09 23:13:46,075 ==> Epoch[21](400/553): Loss: 0.0956
2020-02-09 23:13:46,078 Allocated:122.90869140625 MB
2020-02-09 23:13:46,079 Cached:7210.25 MB
2020-02-09 23:16:04,699 ==> Epoch[21](450/553): Loss: 0.0918
2020-02-09 23:16:04,702 Allocated:122.65869140625 MB
2020-02-09 23:16:04,702 Cached:8432.25 MB
2020-02-09 23:18:18,220 ==> Epoch[21](500/553): Loss: 0.1461
2020-02-09 23:18:18,222 Allocated:122.03369140625 MB
2020-02-09 23:18:18,223 Cached:8432.25 MB
2020-02-09 23:20:14,975 ==> Epoch[21](550/553): Loss: 0.0857
2020-02-09 23:20:14,977 Allocated:122.90869140625 MB
2020-02-09 23:20:14,977 Cached:8432.25 MB
2020-02-09 23:20:26,337 ===> Epoch 21 Complete: Avg. Loss: 0.1275
2020-02-09 23:20:26,338 ====> Extracting Features
2020-02-09 23:21:10,366 ==> Batch (50/108)
2020-02-09 23:21:35,476 ==> Batch (100/108)
2020-02-09 23:21:40,455 ====> Building faiss index
2020-02-09 23:21:40,838 ====> Calculating recall @ N
2020-02-09 23:21:43,066 ====> Recall@1: 0.7096
2020-02-09 23:21:43,067 ====> Recall@2: 0.7188
2020-02-09 23:21:43,068 ====> Recall@3: 0.7252
2020-02-09 23:21:43,068 ====> Recall@4: 0.7299
2020-02-09 23:21:43,068 ====> Recall@5: 0.7339
2020-02-09 23:21:43,068 ====> Recall@10: 0.7441
2020-02-09 23:21:43,069 ====> Recall@15: 0.7484
2020-02-09 23:21:43,069 ====> Recall@20: 0.7513
2020-02-09 23:21:43,069 ====> Recall@25: 0.7530
2020-02-09 23:21:43,550 ====> Building Cache
2020-02-09 23:21:43,551 feature cache--->>> /home/annora/NetVLAD/output/train_feat_cache2.hdf5
2020-02-09 23:23:14,000 Allocated:120.15869140625 MB
2020-02-09 23:23:14,001 Cached:4067.375 MB
2020-02-09 23:26:04,736 ==> Epoch[22](50/553): Loss: 0.1188
2020-02-09 23:26:04,738 Allocated:123.40869140625 MB
2020-02-09 23:26:04,739 Cached:4073.375 MB
2020-02-09 23:27:56,836 ==> Epoch[22](100/553): Loss: 0.0411
2020-02-09 23:27:56,837 Allocated:123.03369140625 MB
2020-02-09 23:27:56,838 Cached:4075.375 MB
2020-02-09 23:29:49,404 ==> Epoch[22](150/553): Loss: 0.0633
2020-02-09 23:29:49,406 Allocated:123.53369140625 MB
2020-02-09 23:29:49,406 Cached:5242.0 MB
2020-02-09 23:31:12,117 ====> Building Cache
2020-02-09 23:31:12,118 feature cache--->>> /home/annora/NetVLAD/output/train_feat_cache2.hdf5
2020-02-09 23:32:47,983 Allocated:122.408203125 MB
2020-02-09 23:32:47,984 Cached:3149.25 MB
2020-02-09 23:34:11,008 ==> Epoch[22](200/553): Loss: 0.0914
2020-02-09 23:34:11,011 Allocated:123.65869140625 MB
2020-02-09 23:34:11,011 Cached:3158.25 MB
2020-02-09 23:36:12,856 ==> Epoch[22](250/553): Loss: 0.0583
2020-02-09 23:36:12,860 Allocated:121.90869140625 MB
2020-02-09 23:36:12,860 Cached:4294.25 MB
2020-02-09 23:38:08,548 ==> Epoch[22](300/553): Loss: 0.1529
2020-02-09 23:38:08,550 Allocated:122.78369140625 MB
2020-02-09 23:38:08,550 Cached:4294.25 MB
2020-02-09 23:40:12,179 ==> Epoch[22](350/553): Loss: 0.0615
2020-02-09 23:40:12,181 Allocated:122.65869140625 MB
2020-02-09 23:40:12,181 Cached:4294.25 MB
2020-02-09 23:40:57,181 ====> Building Cache
2020-02-09 23:40:57,182 feature cache--->>> /home/annora/NetVLAD/output/train_feat_cache2.hdf5
2020-02-09 23:42:27,149 Allocated:123.408203125 MB
2020-02-09 23:42:27,150 Cached:3149.25 MB
2020-02-09 23:44:41,147 ==> Epoch[22](400/553): Loss: 0.1020
2020-02-09 23:44:41,150 Allocated:123.53369140625 MB
2020-02-09 23:44:41,150 Cached:4363.125 MB
2020-02-09 23:46:50,283 ==> Epoch[22](450/553): Loss: 0.1228
2020-02-09 23:46:50,288 Allocated:122.78369140625 MB
2020-02-09 23:46:50,288 Cached:5591.5 MB
2020-02-09 23:48:53,215 ==> Epoch[22](500/553): Loss: 0.0563
2020-02-09 23:48:53,218 Allocated:123.15869140625 MB
2020-02-09 23:48:53,218 Cached:5591.5 MB
2020-02-09 23:50:53,051 ==> Epoch[22](550/553): Loss: 0.1093
2020-02-09 23:50:53,054 Allocated:123.28369140625 MB
2020-02-09 23:50:53,054 Cached:5591.5 MB
2020-02-09 23:51:03,742 ===> Epoch 22 Complete: Avg. Loss: 0.1251
2020-02-09 23:51:03,744 ====> Extracting Features
2020-02-09 23:51:38,980 ==> Batch (50/108)
2020-02-09 23:52:00,722 ==> Batch (100/108)
2020-02-09 23:52:04,849 ====> Building faiss index
2020-02-09 23:52:05,195 ====> Calculating recall @ N
2020-02-09 23:52:07,302 ====> Recall@1: 0.7096
2020-02-09 23:52:07,303 ====> Recall@2: 0.7188
2020-02-09 23:52:07,304 ====> Recall@3: 0.7258
2020-02-09 23:52:07,304 ====> Recall@4: 0.7301
2020-02-09 23:52:07,304 ====> Recall@5: 0.7339
2020-02-09 23:52:07,304 ====> Recall@10: 0.7441
2020-02-09 23:52:07,304 ====> Recall@15: 0.7484
2020-02-09 23:52:07,304 ====> Recall@20: 0.7510
2020-02-09 23:52:07,304 ====> Recall@25: 0.7530
2020-02-09 23:52:07,762 ====> Building Cache
2020-02-09 23:52:07,763 feature cache--->>> /home/annora/NetVLAD/output/train_feat_cache2.hdf5
2020-02-09 23:53:28,397 Allocated:120.15869140625 MB
2020-02-09 23:53:28,397 Cached:4067.375 MB
2020-02-09 23:56:00,127 ==> Epoch[23](50/553): Loss: 0.1500
2020-02-09 23:56:00,130 Allocated:122.90869140625 MB
2020-02-09 23:56:00,131 Cached:4074.375 MB
2020-02-09 23:57:49,749 ==> Epoch[23](100/553): Loss: 0.0852
2020-02-09 23:57:49,751 Allocated:122.65869140625 MB
2020-02-09 23:57:49,751 Cached:4075.375 MB
2020-02-09 23:59:39,736 ==> Epoch[23](150/553): Loss: 0.0954
2020-02-09 23:59:39,739 Allocated:121.90869140625 MB
2020-02-09 23:59:39,739 Cached:4076.375 MB
2020-02-10 00:01:09,329 ====> Building Cache
2020-02-10 00:01:09,330 feature cache--->>> /home/annora/NetVLAD/output/train_feat_cache2.hdf5
2020-02-10 00:02:45,655 Allocated:122.908203125 MB
2020-02-10 00:02:45,656 Cached:3149.25 MB
2020-02-10 00:04:23,463 ==> Epoch[23](200/553): Loss: 0.0558
2020-02-10 00:04:23,465 Allocated:121.90869140625 MB
2020-02-10 00:04:23,465 Cached:3156.25 MB
2020-02-10 00:06:33,284 ==> Epoch[23](250/553): Loss: 0.2121
2020-02-10 00:06:33,288 Allocated:122.53369140625 MB
2020-02-10 00:06:33,288 Cached:4310.125 MB
2020-02-10 00:08:42,612 ==> Epoch[23](300/553): Loss: 0.1129
2020-02-10 00:08:42,614 Allocated:122.40869140625 MB
2020-02-10 00:08:42,615 Cached:4310.125 MB
2020-02-10 00:10:44,251 ==> Epoch[23](350/553): Loss: 0.1990
2020-02-10 00:10:44,253 Allocated:122.78369140625 MB
2020-02-10 00:10:44,254 Cached:4310.125 MB
2020-02-10 00:11:30,747 ====> Building Cache
2020-02-10 00:11:30,748 feature cache--->>> /home/annora/NetVLAD/output/train_feat_cache2.hdf5
2020-02-10 00:12:56,954 Allocated:123.533203125 MB
2020-02-10 00:12:56,955 Cached:2383.125 MB
2020-02-10 00:15:05,440 ==> Epoch[23](400/553): Loss: 0.1350
2020-02-10 00:15:05,443 Allocated:122.90869140625 MB
2020-02-10 00:15:05,443 Cached:5759.625 MB
2020-02-10 00:17:15,458 ==> Epoch[23](450/553): Loss: 0.1045
2020-02-10 00:17:15,460 Allocated:123.28369140625 MB
2020-02-10 00:17:15,461 Cached:5759.625 MB
2020-02-10 00:19:17,642 ==> Epoch[23](500/553): Loss: 0.0793
2020-02-10 00:19:17,646 Allocated:121.90869140625 MB
2020-02-10 00:19:17,646 Cached:5759.625 MB
2020-02-10 00:21:20,283 ==> Epoch[23](550/553): Loss: 0.2193
2020-02-10 00:21:20,286 Allocated:123.53369140625 MB
2020-02-10 00:21:20,287 Cached:5759.625 MB
2020-02-10 00:21:32,703 ===> Epoch 23 Complete: Avg. Loss: 0.1254
2020-02-10 00:21:32,705 ====> Extracting Features
2020-02-10 00:22:13,782 ==> Batch (50/108)
2020-02-10 00:22:44,331 ==> Batch (100/108)
2020-02-10 00:22:49,246 ====> Building faiss index
2020-02-10 00:22:49,609 ====> Calculating recall @ N
2020-02-10 00:22:52,516 ====> Recall@1: 0.7099
2020-02-10 00:22:52,517 ====> Recall@2: 0.7188
2020-02-10 00:22:52,517 ====> Recall@3: 0.7261
2020-02-10 00:22:52,518 ====> Recall@4: 0.7301
2020-02-10 00:22:52,518 ====> Recall@5: 0.7342
2020-02-10 00:22:52,518 ====> Recall@10: 0.7441
2020-02-10 00:22:52,518 ====> Recall@15: 0.7484
2020-02-10 00:22:52,518 ====> Recall@20: 0.7510
2020-02-10 00:22:52,519 ====> Recall@25: 0.7533
2020-02-10 00:22:52,996 ====> Building Cache
2020-02-10 00:22:52,996 feature cache--->>> /home/annora/NetVLAD/output/train_feat_cache2.hdf5
2020-02-10 00:24:30,430 Allocated:120.65869140625 MB
2020-02-10 00:24:30,431 Cached:3394.75 MB
2020-02-10 00:27:15,783 ==> Epoch[24](50/553): Loss: 0.1318
2020-02-10 00:27:15,785 Allocated:122.90869140625 MB
2020-02-10 00:27:15,786 Cached:3402.75 MB
2020-02-10 00:29:15,320 ==> Epoch[24](100/553): Loss: 0.0996
2020-02-10 00:29:15,323 Allocated:122.03369140625 MB
2020-02-10 00:29:15,323 Cached:3402.75 MB
2020-02-10 00:31:20,099 ==> Epoch[24](150/553): Loss: 0.0781
2020-02-10 00:31:20,101 Allocated:122.90869140625 MB
2020-02-10 00:31:20,101 Cached:3462.75 MB
2020-02-10 00:32:41,905 ====> Building Cache
2020-02-10 00:32:41,906 feature cache--->>> /home/annora/NetVLAD/output/train_feat_cache2.hdf5
2020-02-10 00:34:08,875 Allocated:122.658203125 MB
2020-02-10 00:34:08,875 Cached:2384.125 MB
2020-02-10 00:35:34,214 ==> Epoch[24](200/553): Loss: 0.2890
2020-02-10 00:35:34,217 Allocated:121.90869140625 MB
2020-02-10 00:35:34,217 Cached:3332.75 MB
2020-02-10 00:37:41,780 ==> Epoch[24](250/553): Loss: 0.1603
2020-02-10 00:37:41,782 Allocated:122.28369140625 MB
2020-02-10 00:37:41,783 Cached:3335.75 MB
2020-02-10 00:39:44,296 ==> Epoch[24](300/553): Loss: 0.0819
2020-02-10 00:39:44,298 Allocated:123.53369140625 MB
2020-02-10 00:39:44,298 Cached:3335.75 MB
2020-02-10 00:41:43,301 ==> Epoch[24](350/553): Loss: 0.2200
2020-02-10 00:41:43,304 Allocated:123.53369140625 MB
2020-02-10 00:41:43,304 Cached:4540.625 MB
2020-02-10 00:42:33,200 ====> Building Cache
2020-02-10 00:42:33,200 feature cache--->>> /home/annora/NetVLAD/output/train_feat_cache2.hdf5
2020-02-10 00:44:00,550 Allocated:123.533203125 MB
2020-02-10 00:44:00,551 Cached:2384.125 MB
2020-02-10 00:46:19,927 ==> Epoch[24](400/553): Loss: 0.1157
2020-02-10 00:46:19,932 Allocated:121.90869140625 MB
2020-02-10 00:46:19,932 Cached:5733.0 MB
2020-02-10 00:48:30,791 ==> Epoch[24](450/553): Loss: 0.1316
2020-02-10 00:48:30,795 Allocated:122.78369140625 MB
2020-02-10 00:48:30,795 Cached:5733.0 MB
2020-02-10 00:50:33,709 ==> Epoch[24](500/553): Loss: 0.1487
2020-02-10 00:50:33,712 Allocated:123.53369140625 MB
2020-02-10 00:50:33,712 Cached:6986.875 MB
2020-02-10 00:52:36,306 ==> Epoch[24](550/553): Loss: 0.0896
2020-02-10 00:52:36,310 Allocated:123.65869140625 MB
2020-02-10 00:52:36,310 Cached:8243.0 MB
2020-02-10 00:52:49,165 ===> Epoch 24 Complete: Avg. Loss: 0.1266
2020-02-10 00:52:49,167 ====> Extracting Features
2020-02-10 00:53:31,534 ==> Batch (50/108)
2020-02-10 00:53:59,288 ==> Batch (100/108)
2020-02-10 00:54:04,133 ====> Building faiss index
2020-02-10 00:54:04,509 ====> Calculating recall @ N
2020-02-10 00:54:06,742 ====> Recall@1: 0.7099
2020-02-10 00:54:06,743 ====> Recall@2: 0.7194
2020-02-10 00:54:06,744 ====> Recall@3: 0.7264
2020-02-10 00:54:06,744 ====> Recall@4: 0.7307
2020-02-10 00:54:06,744 ====> Recall@5: 0.7342
2020-02-10 00:54:06,745 ====> Recall@10: 0.7438
2020-02-10 00:54:06,745 ====> Recall@15: 0.7481
2020-02-10 00:54:06,745 ====> Recall@20: 0.7507
2020-02-10 00:54:06,745 ====> Recall@25: 0.7528
2020-02-10 00:54:07,234 ====> Building Cache
2020-02-10 00:54:07,235 feature cache--->>> /home/annora/NetVLAD/output/train_feat_cache2.hdf5
2020-02-10 00:55:36,678 Allocated:120.03369140625 MB
2020-02-10 00:55:36,679 Cached:4067.375 MB
2020-02-10 00:58:19,380 ==> Epoch[25](50/553): Loss: 0.1237
2020-02-10 00:58:19,383 Allocated:122.90869140625 MB
2020-02-10 00:58:19,383 Cached:4074.375 MB
2020-02-10 01:00:19,354 ==> Epoch[25](100/553): Loss: 0.0262
2020-02-10 01:00:19,357 Allocated:122.28369140625 MB
2020-02-10 01:00:19,357 Cached:4074.375 MB
2020-02-10 01:02:13,640 ==> Epoch[25](150/553): Loss: 0.0649
2020-02-10 01:02:13,642 Allocated:123.28369140625 MB
2020-02-10 01:02:13,643 Cached:4074.375 MB
2020-02-10 01:03:28,707 ====> Building Cache
2020-02-10 01:03:28,708 feature cache--->>> /home/annora/NetVLAD/output/train_feat_cache2.hdf5
2020-02-10 01:05:07,233 Allocated:122.908203125 MB
2020-02-10 01:05:07,234 Cached:3149.25 MB
2020-02-10 01:06:39,802 ==> Epoch[25](200/553): Loss: 0.2226
2020-02-10 01:06:39,805 Allocated:121.90869140625 MB
2020-02-10 01:06:39,806 Cached:3154.25 MB
2020-02-10 01:08:45,941 ==> Epoch[25](250/553): Loss: 0.2037
2020-02-10 01:08:45,946 Allocated:122.90869140625 MB
2020-02-10 01:08:45,947 Cached:3157.25 MB
2020-02-10 01:10:47,142 ==> Epoch[25](300/553): Loss: 0.2623
2020-02-10 01:10:47,144 Allocated:122.03369140625 MB
2020-02-10 01:10:47,144 Cached:5468.5 MB
2020-02-10 01:12:47,023 ==> Epoch[25](350/553): Loss: 0.1024
2020-02-10 01:12:47,025 Allocated:123.53369140625 MB
2020-02-10 01:12:47,025 Cached:5468.5 MB
2020-02-10 01:13:30,183 ====> Building Cache
2020-02-10 01:13:30,183 feature cache--->>> /home/annora/NetVLAD/output/train_feat_cache2.hdf5
2020-02-10 01:15:11,675 Allocated:121.908203125 MB
2020-02-10 01:15:11,675 Cached:2384.125 MB
2020-02-10 01:17:21,636 ==> Epoch[25](400/553): Loss: 0.1041
2020-02-10 01:17:21,640 Allocated:122.03369140625 MB
2020-02-10 01:17:21,640 Cached:4545.0 MB
2020-02-10 01:19:37,197 ==> Epoch[25](450/553): Loss: 0.1424
2020-02-10 01:19:37,202 Allocated:122.90869140625 MB
2020-02-10 01:19:37,202 Cached:8082.5 MB
2020-02-10 01:21:44,183 ==> Epoch[25](500/553): Loss: 0.1405
2020-02-10 01:21:44,185 Allocated:122.03369140625 MB
2020-02-10 01:21:44,186 Cached:8082.5 MB
2020-02-10 01:23:47,372 ==> Epoch[25](550/553): Loss: 0.0798
2020-02-10 01:23:47,374 Allocated:122.90869140625 MB
2020-02-10 01:23:47,374 Cached:3522.5 MB
2020-02-10 01:23:59,271 ===> Epoch 25 Complete: Avg. Loss: 0.1269
2020-02-10 01:23:59,273 ====> Extracting Features
2020-02-10 01:24:44,383 ==> Batch (50/108)
2020-02-10 01:25:08,663 ==> Batch (100/108)
2020-02-10 01:25:12,597 ====> Building faiss index
2020-02-10 01:25:12,957 ====> Calculating recall @ N
2020-02-10 01:25:15,131 ====> Recall@1: 0.7101
2020-02-10 01:25:15,131 ====> Recall@2: 0.7212
2020-02-10 01:25:15,132 ====> Recall@3: 0.7272
2020-02-10 01:25:15,132 ====> Recall@4: 0.7330
2020-02-10 01:25:15,132 ====> Recall@5: 0.7348
2020-02-10 01:25:15,132 ====> Recall@10: 0.7449
2020-02-10 01:25:15,132 ====> Recall@15: 0.7487
2020-02-10 01:25:15,133 ====> Recall@20: 0.7501
2020-02-10 01:25:15,133 ====> Recall@25: 0.7525
2020-02-10 01:25:15,866 ====> Building Cache
2020-02-10 01:25:15,866 feature cache--->>> /home/annora/NetVLAD/output/train_feat_cache2.hdf5
2020-02-10 01:26:47,540 Allocated:120.03369140625 MB
2020-02-10 01:26:47,541 Cached:4067.375 MB
2020-02-10 01:29:36,175 ==> Epoch[26](50/553): Loss: 0.0872
2020-02-10 01:29:36,192 Allocated:122.03369140625 MB
2020-02-10 01:29:36,193 Cached:4076.375 MB
2020-02-10 01:31:33,501 ==> Epoch[26](100/553): Loss: 0.1079
2020-02-10 01:31:33,503 Allocated:121.90869140625 MB
2020-02-10 01:31:33,503 Cached:4076.375 MB
2020-02-10 01:33:29,626 ==> Epoch[26](150/553): Loss: 0.0254
2020-02-10 01:33:29,629 Allocated:123.53369140625 MB
2020-02-10 01:33:29,629 Cached:4076.375 MB
2020-02-10 01:34:42,874 ====> Building Cache
2020-02-10 01:34:42,875 feature cache--->>> /home/annora/NetVLAD/output/train_feat_cache2.hdf5
2020-02-10 01:36:17,094 Allocated:122.033203125 MB
2020-02-10 01:36:17,094 Cached:3149.25 MB
2020-02-10 01:37:39,895 ==> Epoch[26](200/553): Loss: 0.1242
2020-02-10 01:37:39,898 Allocated:122.90869140625 MB
2020-02-10 01:37:39,899 Cached:3154.25 MB
2020-02-10 01:39:40,139 ==> Epoch[26](250/553): Loss: 0.0632
2020-02-10 01:39:40,141 Allocated:122.65869140625 MB
2020-02-10 01:39:40,142 Cached:4294.25 MB
2020-02-10 01:41:35,716 ==> Epoch[26](300/553): Loss: 0.1641
2020-02-10 01:41:35,717 Allocated:123.53369140625 MB
2020-02-10 01:41:35,718 Cached:5432.375 MB
2020-02-10 01:43:30,541 ==> Epoch[26](350/553): Loss: 0.1791
2020-02-10 01:43:30,543 Allocated:122.90869140625 MB
2020-02-10 01:43:30,543 Cached:6576.875 MB
2020-02-10 01:44:13,657 ====> Building Cache
2020-02-10 01:44:13,658 feature cache--->>> /home/annora/NetVLAD/output/train_feat_cache2.hdf5
2020-02-10 01:45:49,408 Allocated:123.158203125 MB
2020-02-10 01:45:49,409 Cached:2383.125 MB
2020-02-10 01:47:51,453 ==> Epoch[26](400/553): Loss: 0.0957
2020-02-10 01:47:51,456 Allocated:122.90869140625 MB
2020-02-10 01:47:51,457 Cached:3594.875 MB
2020-02-10 01:49:55,647 ==> Epoch[26](450/553): Loss: 0.1174
2020-02-10 01:49:55,650 Allocated:122.53369140625 MB
2020-02-10 01:49:55,651 Cached:4823.25 MB
2020-02-10 01:52:10,401 ==> Epoch[26](500/553): Loss: 0.0966
2020-02-10 01:52:10,403 Allocated:123.65869140625 MB
2020-02-10 01:52:10,403 Cached:4823.25 MB
2020-02-10 01:54:18,225 ==> Epoch[26](550/553): Loss: 0.1239
2020-02-10 01:54:18,227 Allocated:123.53369140625 MB
2020-02-10 01:54:18,227 Cached:4823.25 MB
2020-02-10 01:54:29,731 ===> Epoch 26 Complete: Avg. Loss: 0.1267
2020-02-10 01:54:29,734 ====> Extracting Features
2020-02-10 01:55:16,235 ==> Batch (50/108)
2020-02-10 01:55:44,663 ==> Batch (100/108)
2020-02-10 01:55:49,963 ====> Building faiss index
2020-02-10 01:55:50,389 ====> Calculating recall @ N
2020-02-10 01:55:52,864 ====> Recall@1: 0.7104
2020-02-10 01:55:52,865 ====> Recall@2: 0.7214
2020-02-10 01:55:52,866 ====> Recall@3: 0.7281
2020-02-10 01:55:52,866 ====> Recall@4: 0.7328
2020-02-10 01:55:52,866 ====> Recall@5: 0.7351
2020-02-10 01:55:52,867 ====> Recall@10: 0.7446
2020-02-10 01:55:52,867 ====> Recall@15: 0.7487
2020-02-10 01:55:52,867 ====> Recall@20: 0.7504
2020-02-10 01:55:52,867 ====> Recall@25: 0.7530
2020-02-10 01:55:53,670 ====> Building Cache
2020-02-10 01:55:53,670 feature cache--->>> /home/annora/NetVLAD/output/train_feat_cache2.hdf5
2020-02-10 01:57:18,750 Allocated:120.03369140625 MB
2020-02-10 01:57:18,750 Cached:4067.375 MB
2020-02-10 01:59:58,234 ==> Epoch[27](50/553): Loss: 0.0406
2020-02-10 01:59:58,237 Allocated:122.03369140625 MB
2020-02-10 01:59:58,237 Cached:4072.375 MB
2020-02-10 02:02:01,060 ==> Epoch[27](100/553): Loss: 0.1131
2020-02-10 02:02:01,062 Allocated:123.28369140625 MB
2020-02-10 02:02:01,062 Cached:4074.375 MB
2020-02-10 02:04:03,325 ==> Epoch[27](150/553): Loss: 0.1060
2020-02-10 02:04:03,327 Allocated:122.90869140625 MB
2020-02-10 02:04:03,328 Cached:4076.375 MB
2020-02-10 02:05:24,185 ====> Building Cache
2020-02-10 02:05:24,185 feature cache--->>> /home/annora/NetVLAD/output/train_feat_cache2.hdf5
2020-02-10 02:06:57,220 Allocated:123.408203125 MB
2020-02-10 02:06:57,220 Cached:2384.125 MB
2020-02-10 02:08:15,223 ==> Epoch[27](200/553): Loss: 0.1566
2020-02-10 02:08:15,225 Allocated:122.03369140625 MB
2020-02-10 02:08:15,226 Cached:3343.375 MB
2020-02-10 02:10:10,623 ==> Epoch[27](250/553): Loss: 0.0677
2020-02-10 02:10:10,625 Allocated:122.03369140625 MB
2020-02-10 02:10:10,625 Cached:4482.375 MB
2020-02-10 02:12:08,918 ==> Epoch[27](300/553): Loss: 0.1610
2020-02-10 02:12:08,921 Allocated:122.03369140625 MB
2020-02-10 02:12:08,921 Cached:5633.25 MB
2020-02-10 02:14:04,075 ==> Epoch[27](350/553): Loss: 0.1853
2020-02-10 02:14:04,077 Allocated:121.90869140625 MB
2020-02-10 02:14:04,078 Cached:5633.25 MB
2020-02-10 02:14:50,409 ====> Building Cache
2020-02-10 02:14:50,410 feature cache--->>> /home/annora/NetVLAD/output/train_feat_cache2.hdf5
2020-02-10 02:16:27,250 Allocated:123.908203125 MB
2020-02-10 02:16:27,251 Cached:3336.375 MB
2020-02-10 02:18:24,923 ==> Epoch[27](400/553): Loss: 0.0929
2020-02-10 02:18:24,927 Allocated:123.15869140625 MB
2020-02-10 02:18:24,927 Cached:8013.5 MB
2020-02-10 02:20:25,378 ==> Epoch[27](450/553): Loss: 0.0921
2020-02-10 02:20:25,380 Allocated:122.90869140625 MB
2020-02-10 02:20:25,380 Cached:8013.5 MB
2020-02-10 02:22:27,768 ==> Epoch[27](500/553): Loss: 0.0860
2020-02-10 02:22:27,775 Allocated:123.53369140625 MB
2020-02-10 02:22:27,775 Cached:8013.5 MB
2020-02-10 02:24:30,423 ==> Epoch[27](550/553): Loss: 0.1644
2020-02-10 02:24:30,425 Allocated:122.03369140625 MB
2020-02-10 02:24:30,425 Cached:9245.125 MB
2020-02-10 02:24:42,154 ===> Epoch 27 Complete: Avg. Loss: 0.1290
2020-02-10 02:24:42,155 ====> Extracting Features
2020-02-10 02:25:25,472 ==> Batch (50/108)
2020-02-10 02:25:49,625 ==> Batch (100/108)
2020-02-10 02:25:54,824 ====> Building faiss index
2020-02-10 02:25:55,198 ====> Calculating recall @ N
2020-02-10 02:25:57,448 ====> Recall@1: 0.7110
2020-02-10 02:25:57,449 ====> Recall@2: 0.7220
2020-02-10 02:25:57,449 ====> Recall@3: 0.7287
2020-02-10 02:25:57,449 ====> Recall@4: 0.7330
2020-02-10 02:25:57,450 ====> Recall@5: 0.7351
2020-02-10 02:25:57,450 ====> Recall@10: 0.7452
2020-02-10 02:25:57,450 ====> Recall@15: 0.7484
2020-02-10 02:25:57,450 ====> Recall@20: 0.7513
2020-02-10 02:25:57,450 ====> Recall@25: 0.7530
2020-02-10 02:25:57,896 ====> Building Cache
2020-02-10 02:25:57,897 feature cache--->>> /home/annora/NetVLAD/output/train_feat_cache2.hdf5
2020-02-10 02:27:27,564 Allocated:120.78369140625 MB
2020-02-10 02:27:27,566 Cached:4067.375 MB
2020-02-10 02:30:13,658 ==> Epoch[28](50/553): Loss: 0.1188
2020-02-10 02:30:13,660 Allocated:123.28369140625 MB
2020-02-10 02:30:13,660 Cached:4075.375 MB
2020-02-10 02:32:06,652 ==> Epoch[28](100/553): Loss: 0.1245
2020-02-10 02:32:06,654 Allocated:122.65869140625 MB
2020-02-10 02:32:06,655 Cached:4075.375 MB
2020-02-10 02:34:10,912 ==> Epoch[28](150/553): Loss: 0.0978
2020-02-10 02:34:10,914 Allocated:121.90869140625 MB
2020-02-10 02:34:10,914 Cached:4075.375 MB
2020-02-10 02:35:29,532 ====> Building Cache
2020-02-10 02:35:29,533 feature cache--->>> /home/annora/NetVLAD/output/train_feat_cache2.hdf5
2020-02-10 02:36:59,077 Allocated:122.033203125 MB
2020-02-10 02:36:59,078 Cached:3149.25 MB
2020-02-10 02:38:34,838 ==> Epoch[28](200/553): Loss: 0.1352
2020-02-10 02:38:34,841 Allocated:123.28369140625 MB
2020-02-10 02:38:34,841 Cached:3157.25 MB
2020-02-10 02:40:43,328 ==> Epoch[28](250/553): Loss: 0.2852
2020-02-10 02:40:43,336 Allocated:122.40869140625 MB
2020-02-10 02:40:43,337 Cached:3157.25 MB
2020-02-10 02:42:43,111 ==> Epoch[28](300/553): Loss: 0.3101
2020-02-10 02:42:43,113 Allocated:122.78369140625 MB
2020-02-10 02:42:43,114 Cached:4316.5 MB
2020-02-10 02:44:43,263 ==> Epoch[28](350/553): Loss: 0.1470
2020-02-10 02:44:43,267 Allocated:121.90869140625 MB
2020-02-10 02:44:43,268 Cached:4316.5 MB
2020-02-10 02:45:27,524 ====> Building Cache
2020-02-10 02:45:27,525 feature cache--->>> /home/annora/NetVLAD/output/train_feat_cache2.hdf5
2020-02-10 02:47:00,646 Allocated:121.908203125 MB
2020-02-10 02:47:00,647 Cached:2384.125 MB
2020-02-10 02:48:59,429 ==> Epoch[28](400/553): Loss: 0.1814
2020-02-10 02:48:59,431 Allocated:122.78369140625 MB
2020-02-10 02:48:59,431 Cached:5725.625 MB
2020-02-10 02:51:01,562 ==> Epoch[28](450/553): Loss: 0.1961
2020-02-10 02:51:01,564 Allocated:121.90869140625 MB
2020-02-10 02:51:01,564 Cached:6911.625 MB
2020-02-10 02:53:09,277 ==> Epoch[28](500/553): Loss: 0.0782
2020-02-10 02:53:09,280 Allocated:122.65869140625 MB
2020-02-10 02:53:09,280 Cached:9356.625 MB
2020-02-10 02:55:09,521 ==> Epoch[28](550/553): Loss: 0.0961
2020-02-10 02:55:09,524 Allocated:122.90869140625 MB
2020-02-10 02:55:09,524 Cached:9356.625 MB
2020-02-10 02:55:20,720 ===> Epoch 28 Complete: Avg. Loss: 0.1285
2020-02-10 02:55:20,721 ====> Extracting Features
2020-02-10 02:56:04,552 ==> Batch (50/108)
2020-02-10 02:56:33,456 ==> Batch (100/108)
2020-02-10 02:56:39,359 ====> Building faiss index
2020-02-10 02:56:39,724 ====> Calculating recall @ N
2020-02-10 02:56:41,970 ====> Recall@1: 0.7116
2020-02-10 02:56:41,971 ====> Recall@2: 0.7220
2020-02-10 02:56:41,972 ====> Recall@3: 0.7290
2020-02-10 02:56:41,973 ====> Recall@4: 0.7328
2020-02-10 02:56:41,973 ====> Recall@5: 0.7354
2020-02-10 02:56:41,973 ====> Recall@10: 0.7455
2020-02-10 02:56:41,973 ====> Recall@15: 0.7484
2020-02-10 02:56:41,973 ====> Recall@20: 0.7513
2020-02-10 02:56:41,974 ====> Recall@25: 0.7533
2020-02-10 02:56:42,856 ====> Building Cache
2020-02-10 02:56:42,857 feature cache--->>> /home/annora/NetVLAD/output/train_feat_cache2.hdf5
2020-02-10 02:58:15,881 Allocated:119.90869140625 MB
2020-02-10 02:58:15,882 Cached:4066.375 MB
2020-02-10 03:01:17,529 ==> Epoch[29](50/553): Loss: 0.1459
2020-02-10 03:01:17,532 Allocated:123.65869140625 MB
2020-02-10 03:01:17,532 Cached:5225.125 MB
2020-02-10 03:03:13,191 ==> Epoch[29](100/553): Loss: 0.1753
2020-02-10 03:03:13,193 Allocated:121.90869140625 MB
2020-02-10 03:03:13,193 Cached:5225.125 MB
2020-02-10 03:05:03,100 ==> Epoch[29](150/553): Loss: 0.0248
2020-02-10 03:05:03,102 Allocated:122.53369140625 MB
2020-02-10 03:05:03,102 Cached:5225.125 MB
2020-02-10 03:06:20,176 ====> Building Cache
2020-02-10 03:06:20,177 feature cache--->>> /home/annora/NetVLAD/output/train_feat_cache2.hdf5
2020-02-10 03:08:01,336 Allocated:122.283203125 MB
2020-02-10 03:08:01,336 Cached:2385.125 MB
2020-02-10 03:09:21,290 ==> Epoch[29](200/553): Loss: 0.3327
2020-02-10 03:09:21,293 Allocated:122.03369140625 MB
2020-02-10 03:09:21,293 Cached:4096.75 MB
2020-02-10 03:11:19,569 ==> Epoch[29](250/553): Loss: 0.1527
2020-02-10 03:11:19,572 Allocated:122.53369140625 MB
2020-02-10 03:11:19,573 Cached:4096.75 MB
2020-02-10 03:13:17,219 ==> Epoch[29](300/553): Loss: 0.1708
2020-02-10 03:13:17,223 Allocated:123.40869140625 MB
2020-02-10 03:13:17,224 Cached:4097.75 MB
2020-02-10 03:15:10,204 ==> Epoch[29](350/553): Loss: 0.1292
2020-02-10 03:15:10,207 Allocated:122.03369140625 MB
2020-02-10 03:15:10,207 Cached:5253.875 MB
2020-02-10 03:15:56,348 ====> Building Cache
2020-02-10 03:15:56,349 feature cache--->>> /home/annora/NetVLAD/output/train_feat_cache2.hdf5
2020-02-10 03:17:29,675 Allocated:122.908203125 MB
2020-02-10 03:17:29,676 Cached:3100.375 MB
2020-02-10 03:19:36,290 ==> Epoch[29](400/553): Loss: 0.1624
2020-02-10 03:19:36,294 Allocated:122.28369140625 MB
2020-02-10 03:19:36,295 Cached:6680.875 MB
2020-02-10 03:21:39,012 ==> Epoch[29](450/553): Loss: 0.1118
2020-02-10 03:21:39,015 Allocated:122.28369140625 MB
2020-02-10 03:21:39,015 Cached:6680.875 MB
2020-02-10 03:23:49,767 ==> Epoch[29](500/553): Loss: 0.1475
2020-02-10 03:23:49,770 Allocated:122.90869140625 MB
2020-02-10 03:23:49,770 Cached:7922.0 MB
2020-02-10 03:25:47,053 ==> Epoch[29](550/553): Loss: 0.1471
2020-02-10 03:25:47,056 Allocated:121.90869140625 MB
2020-02-10 03:25:47,057 Cached:7922.0 MB
2020-02-10 03:25:58,522 ===> Epoch 29 Complete: Avg. Loss: 0.1283
2020-02-10 03:25:58,524 ====> Extracting Features
2020-02-10 03:26:41,658 ==> Batch (50/108)
2020-02-10 03:27:05,672 ==> Batch (100/108)
2020-02-10 03:27:10,813 ====> Building faiss index
2020-02-10 03:27:11,143 ====> Calculating recall @ N
2020-02-10 03:27:13,276 ====> Recall@1: 0.7113
2020-02-10 03:27:13,277 ====> Recall@2: 0.7223
2020-02-10 03:27:13,278 ====> Recall@3: 0.7287
2020-02-10 03:27:13,278 ====> Recall@4: 0.7330
2020-02-10 03:27:13,278 ====> Recall@5: 0.7351
2020-02-10 03:27:13,278 ====> Recall@10: 0.7452
2020-02-10 03:27:13,278 ====> Recall@15: 0.7484
2020-02-10 03:27:13,279 ====> Recall@20: 0.7516
2020-02-10 03:27:13,279 ====> Recall@25: 0.7530
2020-02-10 03:27:13,688 ====> Building Cache
2020-02-10 03:27:13,688 feature cache--->>> /home/annora/NetVLAD/output/train_feat_cache2.hdf5
2020-02-10 03:28:46,328 Allocated:120.65869140625 MB
2020-02-10 03:28:46,329 Cached:3100.375 MB
2020-02-10 03:31:33,734 ==> Epoch[30](50/553): Loss: 0.0174
2020-02-10 03:31:33,735 Allocated:122.03369140625 MB
2020-02-10 03:31:33,736 Cached:3107.375 MB
2020-02-10 03:33:25,571 ==> Epoch[30](100/553): Loss: 0.0280
2020-02-10 03:33:25,573 Allocated:123.65869140625 MB
2020-02-10 03:33:25,574 Cached:3108.375 MB
2020-02-10 03:35:28,658 ==> Epoch[30](150/553): Loss: 0.0217
2020-02-10 03:35:28,660 Allocated:122.90869140625 MB
2020-02-10 03:35:28,660 Cached:3108.375 MB
2020-02-10 03:36:51,024 ====> Building Cache
2020-02-10 03:36:51,027 feature cache--->>> /home/annora/NetVLAD/output/train_feat_cache2.hdf5
2020-02-10 03:38:26,732 Allocated:122.658203125 MB
2020-02-10 03:38:26,733 Cached:2384.125 MB
2020-02-10 03:39:56,469 ==> Epoch[30](200/553): Loss: 0.2398
2020-02-10 03:39:56,473 Allocated:121.90869140625 MB
2020-02-10 03:39:56,473 Cached:3386.875 MB
2020-02-10 03:42:01,250 ==> Epoch[30](250/553): Loss: 0.1931
2020-02-10 03:42:01,253 Allocated:123.53369140625 MB
2020-02-10 03:42:01,253 Cached:3388.875 MB
2020-02-10 03:44:10,858 ==> Epoch[30](300/553): Loss: 0.1503
2020-02-10 03:44:10,862 Allocated:123.53369140625 MB
2020-02-10 03:44:10,862 Cached:3388.875 MB
2020-02-10 03:46:26,508 ==> Epoch[30](350/553): Loss: 0.2988
2020-02-10 03:46:26,512 Allocated:123.65869140625 MB
2020-02-10 03:46:26,512 Cached:3447.875 MB
2020-02-10 03:47:07,860 ====> Building Cache
2020-02-10 03:47:07,861 feature cache--->>> /home/annora/NetVLAD/output/train_feat_cache2.hdf5
2020-02-10 03:48:42,135 Allocated:123.533203125 MB
2020-02-10 03:48:42,136 Cached:2384.125 MB
2020-02-10 03:50:41,538 ==> Epoch[30](400/553): Loss: 0.1146
2020-02-10 03:50:41,540 Allocated:123.65869140625 MB
2020-02-10 03:50:41,541 Cached:5752.125 MB
2020-02-10 03:52:59,768 ==> Epoch[30](450/553): Loss: 0.1447
2020-02-10 03:52:59,771 Allocated:122.90869140625 MB
2020-02-10 03:52:59,772 Cached:5752.125 MB
2020-02-10 03:55:02,938 ==> Epoch[30](500/553): Loss: 0.0969
2020-02-10 03:55:02,942 Allocated:122.90869140625 MB
2020-02-10 03:55:02,943 Cached:5752.125 MB
2020-02-10 03:57:04,665 ==> Epoch[30](550/553): Loss: 0.1242
2020-02-10 03:57:04,668 Allocated:122.90869140625 MB
2020-02-10 03:57:04,668 Cached:5752.125 MB
2020-02-10 03:57:16,116 ===> Epoch 30 Complete: Avg. Loss: 0.1299
2020-02-10 03:57:16,123 ====> Extracting Features
2020-02-10 03:58:00,609 ==> Batch (50/108)
2020-02-10 03:58:25,477 ==> Batch (100/108)
2020-02-10 03:58:30,527 ====> Building faiss index
2020-02-10 03:58:31,019 ====> Calculating recall @ N
2020-02-10 03:58:33,334 ====> Recall@1: 0.7119
2020-02-10 03:58:33,335 ====> Recall@2: 0.7238
2020-02-10 03:58:33,335 ====> Recall@3: 0.7287
2020-02-10 03:58:33,336 ====> Recall@4: 0.7319
2020-02-10 03:58:33,336 ====> Recall@5: 0.7357
2020-02-10 03:58:33,336 ====> Recall@10: 0.7449
2020-02-10 03:58:33,337 ====> Recall@15: 0.7490
2020-02-10 03:58:33,337 ====> Recall@20: 0.7507
2020-02-10 03:58:33,337 ====> Recall@25: 0.7539
2020-02-10 03:58:34,094 => Best Recall@5: 0.7357
2020-02-10 04:03:34,195 Finished...