2020-02-11 12:13:51,001 Namespace(arch='alexnet', batchSize=12, cacheBatchSize=96, cachePath='/home/annora/NetVLAD/output/', cacheRefreshRate=3000, ckpt='best', contilearn=True, dataPath='/home/annora/NetVLAD/output/data/', dataset='robotcar', evalEvery=1, fromscratch=False, fromtask='/home/annora/NetVLAD/output/runs/2020-02-05-12-03-25_alexnet_netvlad', lr=0.001, lrGamma=0.5, lrStep=5, margin=0.1, mode='train', momentum=0.9, nEpochs=30, nGPU=1, nocuda=False, num_clusters=64, optim='SGD', patience=10, pooling='netvlad', premodel='imagenet', resume='', runsPath='/home/annora/NetVLAD/output/runs/', savePath='checkpoints', seed=123, split='val', start_epoch=0, threads=8, vladv2=False, weightDecay=0.001)
2020-02-11 12:13:51,101 ===> Loading dataset(s)
2020-02-11 12:13:51,102 trainfile ------>>>>>> oxRobocar_single_train.mat
2020-02-11 12:13:53,730 ====> Training set: oxRobocar_single_train.mat, query set count: 6636
2020-02-11 12:13:53,832 ===> Evaluating on val set: oxRobocar_single_val.mat, query count: 3450
2020-02-11 12:13:53,832 ===> Building model
2020-02-11 12:13:53,881 encoder moder:
AlexNet(
  (conv1): Sequential(
    (0): Conv2d(3, 64, kernel_size=(11, 11), stride=(4, 4), padding=(2, 2))
    (1): ReLU(inplace)
    (2): MaxPool2d(kernel_size=3, stride=2, padding=0, dilation=1, ceil_mode=False)
  )
  (conv2): Sequential(
    (0): Conv2d(64, 192, kernel_size=(5, 5), stride=(1, 1), padding=(2, 2))
    (1): ReLU(inplace)
    (2): MaxPool2d(kernel_size=3, stride=2, padding=0, dilation=1, ceil_mode=False)
  )
  (conv3): Sequential(
    (0): Conv2d(192, 384, kernel_size=(3, 3), stride=(1, 1), padding=(1, 1))
    (1): ReLU(inplace)
  )
  (conv4): Sequential(
    (0): Conv2d(384, 256, kernel_size=(3, 3), stride=(1, 1), padding=(1, 1))
    (1): ReLU(inplace)
  )
  (conv5): Sequential(
    (0): Conv2d(256, 256, kernel_size=(3, 3), stride=(1, 1), padding=(1, 1))
  )
)
2020-02-11 12:13:58,632 => loading checkpoint '/home/annora/NetVLAD/output/runs/2020-02-05-12-03-25_alexnet_netvlad/checkpoints/model_best.pth.tar'
2020-02-11 12:13:58,908 => loaded checkpoint '/home/annora/NetVLAD/output/runs/2020-02-05-12-03-25_alexnet_netvlad/checkpoints/model_best.pth.tar' 
2020-02-11 12:13:58,909 ===> Training model
2020-02-11 12:13:58,911 ===> Saving state to: /home/annora/NetVLAD/output/runs/2020-02-11-12-13-58_alexnet_netvlad
2020-02-11 12:13:58,911 ====> Building Cache
2020-02-11 12:13:58,911 feature cache--->>> /home/annora/NetVLAD/output/train_feat_cache2.hdf5
2020-02-11 12:15:14,626 Allocated:99.47119140625 MB
2020-02-11 12:15:14,626 Cached:2865.375 MB
2020-02-11 12:17:48,487 ==> Epoch[1](50/553): Loss: 0.1781
2020-02-11 12:17:48,488 Allocated:121.28369140625 MB
2020-02-11 12:17:48,489 Cached:6757.375 MB
2020-02-11 12:19:43,621 ==> Epoch[1](100/553): Loss: 0.0971
2020-02-11 12:19:43,622 Allocated:121.53369140625 MB
2020-02-11 12:19:43,622 Cached:6757.375 MB
2020-02-11 12:21:40,157 ==> Epoch[1](150/553): Loss: 0.1149
2020-02-11 12:21:40,159 Allocated:122.28369140625 MB
2020-02-11 12:21:40,159 Cached:6757.375 MB
2020-02-11 12:22:58,956 ====> Building Cache
2020-02-11 12:22:58,957 feature cache--->>> /home/annora/NetVLAD/output/train_feat_cache2.hdf5
2020-02-11 12:24:16,678 Allocated:121.158203125 MB
2020-02-11 12:24:16,679 Cached:3389.25 MB
2020-02-11 12:25:42,250 ==> Epoch[1](200/553): Loss: 0.2036
2020-02-11 12:25:42,254 Allocated:121.15869140625 MB
2020-02-11 12:25:42,254 Cached:7278.25 MB
2020-02-11 12:27:46,115 ==> Epoch[1](250/553): Loss: 0.1269
2020-02-11 12:27:46,117 Allocated:122.03369140625 MB
2020-02-11 12:27:46,117 Cached:7278.25 MB
2020-02-11 12:29:49,170 ==> Epoch[1](300/553): Loss: 0.1465
2020-02-11 12:29:49,171 Allocated:121.28369140625 MB
2020-02-11 12:29:49,172 Cached:7278.25 MB
2020-02-11 12:31:50,562 ==> Epoch[1](350/553): Loss: 0.2357
2020-02-11 12:31:50,563 Allocated:122.03369140625 MB
2020-02-11 12:31:50,564 Cached:7278.25 MB
2020-02-11 12:32:36,722 ====> Building Cache
2020-02-11 12:32:36,723 feature cache--->>> /home/annora/NetVLAD/output/train_feat_cache2.hdf5
2020-02-11 12:33:57,194 Allocated:121.783203125 MB
2020-02-11 12:33:57,195 Cached:3389.25 MB
2020-02-11 12:36:04,830 ==> Epoch[1](400/553): Loss: 0.2804
2020-02-11 12:36:04,832 Allocated:122.03369140625 MB
2020-02-11 12:36:04,832 Cached:7278.25 MB
2020-02-11 12:38:13,177 ==> Epoch[1](450/553): Loss: 0.2192
2020-02-11 12:38:13,178 Allocated:122.03369140625 MB
2020-02-11 12:38:13,179 Cached:7278.25 MB
2020-02-11 12:40:22,022 ==> Epoch[1](500/553): Loss: 0.1944
2020-02-11 12:40:22,024 Allocated:121.65869140625 MB
2020-02-11 12:40:22,025 Cached:7278.25 MB
2020-02-11 12:42:40,247 ==> Epoch[1](550/553): Loss: 0.1717
2020-02-11 12:42:40,248 Allocated:121.53369140625 MB
2020-02-11 12:42:40,248 Cached:7278.25 MB
2020-02-11 12:42:52,890 ===> Epoch 1 Complete: Avg. Loss: 0.1779
2020-02-11 12:42:52,892 ====> Extracting Features
2020-02-11 12:43:35,243 ==> Batch (50/108)
2020-02-11 12:43:57,292 ==> Batch (100/108)
2020-02-11 12:44:02,008 ====> Building faiss index
2020-02-11 12:44:02,357 ====> Calculating recall @ N
2020-02-11 12:44:04,621 ====> Recall@1: 0.4887
2020-02-11 12:44:04,622 ====> Recall@2: 0.5417
2020-02-11 12:44:04,622 ====> Recall@3: 0.5664
2020-02-11 12:44:04,622 ====> Recall@4: 0.5797
2020-02-11 12:44:04,623 ====> Recall@5: 0.5878
2020-02-11 12:44:04,623 ====> Recall@10: 0.6304
2020-02-11 12:44:04,623 ====> Recall@15: 0.6548
2020-02-11 12:44:04,623 ====> Recall@20: 0.6690
2020-02-11 12:44:04,623 ====> Recall@25: 0.6835
2020-02-11 12:44:04,908 ====> Building Cache
2020-02-11 12:44:04,909 feature cache--->>> /home/annora/NetVLAD/output/train_feat_cache2.hdf5
2020-02-11 12:45:23,337 Allocated:119.90869140625 MB
2020-02-11 12:45:23,337 Cached:4244.0 MB
2020-02-11 12:48:22,790 ==> Epoch[2](50/553): Loss: 0.0751
2020-02-11 12:48:22,792 Allocated:121.28369140625 MB
2020-02-11 12:48:22,793 Cached:6129.875 MB
2020-02-11 12:50:30,498 ==> Epoch[2](100/553): Loss: 0.0963
2020-02-11 12:50:30,500 Allocated:122.03369140625 MB
2020-02-11 12:50:30,500 Cached:6129.875 MB
2020-02-11 12:52:35,500 ==> Epoch[2](150/553): Loss: 0.0900
2020-02-11 12:52:35,502 Allocated:122.03369140625 MB
2020-02-11 12:52:35,502 Cached:6129.875 MB
2020-02-11 12:53:59,168 ====> Building Cache
2020-02-11 12:53:59,169 feature cache--->>> /home/annora/NetVLAD/output/train_feat_cache2.hdf5
2020-02-11 12:55:21,513 Allocated:122.283203125 MB
2020-02-11 12:55:21,514 Cached:3398.25 MB
2020-02-11 12:56:42,093 ==> Epoch[2](200/553): Loss: 0.1814
2020-02-11 12:56:42,096 Allocated:122.03369140625 MB
2020-02-11 12:56:42,096 Cached:7287.25 MB
2020-02-11 12:58:40,625 ==> Epoch[2](250/553): Loss: 0.0897
2020-02-11 12:58:40,627 Allocated:122.03369140625 MB
2020-02-11 12:58:40,627 Cached:7287.25 MB
2020-02-11 13:00:39,338 ==> Epoch[2](300/553): Loss: 0.2149
2020-02-11 13:00:39,340 Allocated:122.40869140625 MB
2020-02-11 13:00:39,340 Cached:7287.25 MB
2020-02-11 13:02:37,637 ==> Epoch[2](350/553): Loss: 0.1545
2020-02-11 13:02:37,639 Allocated:121.28369140625 MB
2020-02-11 13:02:37,639 Cached:7287.25 MB
2020-02-11 13:03:23,953 ====> Building Cache
2020-02-11 13:03:23,954 feature cache--->>> /home/annora/NetVLAD/output/train_feat_cache2.hdf5
2020-02-11 13:04:47,797 Allocated:121.283203125 MB
2020-02-11 13:04:47,798 Cached:3398.25 MB
2020-02-11 13:06:53,306 ==> Epoch[2](400/553): Loss: 0.2731
2020-02-11 13:06:53,310 Allocated:121.28369140625 MB
2020-02-11 13:06:53,310 Cached:7287.25 MB
2020-02-11 13:09:07,066 ==> Epoch[2](450/553): Loss: 0.2333
2020-02-11 13:09:07,068 Allocated:122.03369140625 MB
2020-02-11 13:09:07,068 Cached:7287.25 MB
2020-02-11 13:11:20,912 ==> Epoch[2](500/553): Loss: 0.1899
2020-02-11 13:11:20,913 Allocated:122.03369140625 MB
2020-02-11 13:11:20,913 Cached:7287.25 MB
2020-02-11 13:13:18,073 ==> Epoch[2](550/553): Loss: 0.1476
2020-02-11 13:13:18,075 Allocated:122.03369140625 MB
2020-02-11 13:13:18,075 Cached:7287.25 MB
2020-02-11 13:13:29,455 ===> Epoch 2 Complete: Avg. Loss: 0.1536
2020-02-11 13:13:29,457 ====> Extracting Features
2020-02-11 13:14:05,341 ==> Batch (50/108)
2020-02-11 13:14:27,476 ==> Batch (100/108)
2020-02-11 13:14:31,529 ====> Building faiss index
2020-02-11 13:14:31,878 ====> Calculating recall @ N
2020-02-11 13:14:34,263 ====> Recall@1: 0.3835
2020-02-11 13:14:34,264 ====> Recall@2: 0.4275
2020-02-11 13:14:34,264 ====> Recall@3: 0.4716
2020-02-11 13:14:34,265 ====> Recall@4: 0.5000
2020-02-11 13:14:34,265 ====> Recall@5: 0.5270
2020-02-11 13:14:34,265 ====> Recall@10: 0.5803
2020-02-11 13:14:34,265 ====> Recall@15: 0.6113
2020-02-11 13:14:34,265 ====> Recall@20: 0.6443
2020-02-11 13:14:34,266 ====> Recall@25: 0.6713
2020-02-11 13:14:34,744 ====> Building Cache
2020-02-11 13:14:34,745 feature cache--->>> /home/annora/NetVLAD/output/train_feat_cache2.hdf5
2020-02-11 13:15:54,964 Allocated:119.15869140625 MB
2020-02-11 13:15:54,965 Cached:4158.875 MB
2020-02-11 13:18:51,957 ==> Epoch[3](50/553): Loss: 0.1086
2020-02-11 13:18:51,959 Allocated:121.90869140625 MB
2020-02-11 13:18:51,960 Cached:8048.875 MB
2020-02-11 13:20:53,978 ==> Epoch[3](100/553): Loss: 0.1417
2020-02-11 13:20:53,980 Allocated:122.28369140625 MB
2020-02-11 13:20:53,981 Cached:8048.875 MB
2020-02-11 13:22:54,816 ==> Epoch[3](150/553): Loss: 0.1178
2020-02-11 13:22:54,819 Allocated:121.90869140625 MB
2020-02-11 13:22:54,819 Cached:8048.875 MB
2020-02-11 13:24:17,658 ====> Building Cache
2020-02-11 13:24:17,659 feature cache--->>> /home/annora/NetVLAD/output/train_feat_cache2.hdf5
2020-02-11 13:25:42,807 Allocated:122.658203125 MB
2020-02-11 13:25:42,808 Cached:3058.125 MB
2020-02-11 13:27:02,005 ==> Epoch[3](200/553): Loss: 0.2715
2020-02-11 13:27:02,007 Allocated:121.65869140625 MB
2020-02-11 13:27:02,007 Cached:5581.125 MB
2020-02-11 13:29:00,094 ==> Epoch[3](250/553): Loss: 0.1375
2020-02-11 13:29:00,096 Allocated:122.03369140625 MB
2020-02-11 13:29:00,096 Cached:3775.75 MB
2020-02-11 13:31:01,766 ==> Epoch[3](300/553): Loss: 0.1433
2020-02-11 13:31:01,769 Allocated:121.65869140625 MB
2020-02-11 13:31:01,769 Cached:3775.75 MB
2020-02-11 13:32:58,754 ==> Epoch[3](350/553): Loss: 0.1398
2020-02-11 13:32:58,756 Allocated:122.03369140625 MB
2020-02-11 13:32:58,757 Cached:3775.75 MB
2020-02-11 13:33:43,645 ====> Building Cache
2020-02-11 13:33:43,646 feature cache--->>> /home/annora/NetVLAD/output/train_feat_cache2.hdf5
2020-02-11 13:35:02,548 Allocated:121.783203125 MB
2020-02-11 13:35:02,549 Cached:3389.25 MB
2020-02-11 13:36:55,122 ==> Epoch[3](400/553): Loss: 0.1896
2020-02-11 13:36:55,125 Allocated:122.03369140625 MB
2020-02-11 13:36:55,126 Cached:8521.625 MB
2020-02-11 13:38:59,025 ==> Epoch[3](450/553): Loss: 0.1152
2020-02-11 13:38:59,027 Allocated:122.03369140625 MB
2020-02-11 13:38:59,027 Cached:8521.625 MB
2020-02-11 13:41:01,165 ==> Epoch[3](500/553): Loss: 0.1479
2020-02-11 13:41:01,169 Allocated:122.15869140625 MB
2020-02-11 13:41:01,169 Cached:8521.625 MB
2020-02-11 13:43:02,257 ==> Epoch[3](550/553): Loss: 0.1618
2020-02-11 13:43:02,259 Allocated:121.28369140625 MB
2020-02-11 13:43:02,260 Cached:8521.625 MB
2020-02-11 13:43:14,224 ===> Epoch 3 Complete: Avg. Loss: 0.1408
2020-02-11 13:43:14,226 ====> Extracting Features
2020-02-11 13:43:54,566 ==> Batch (50/108)
2020-02-11 13:44:16,176 ==> Batch (100/108)
2020-02-11 13:44:20,648 ====> Building faiss index
2020-02-11 13:44:20,996 ====> Calculating recall @ N
2020-02-11 13:44:23,346 ====> Recall@1: 0.4968
2020-02-11 13:44:23,346 ====> Recall@2: 0.5623
2020-02-11 13:44:23,347 ====> Recall@3: 0.5901
2020-02-11 13:44:23,347 ====> Recall@4: 0.6104
2020-02-11 13:44:23,347 ====> Recall@5: 0.6264
2020-02-11 13:44:23,348 ====> Recall@10: 0.6664
2020-02-11 13:44:23,348 ====> Recall@15: 0.6907
2020-02-11 13:44:23,348 ====> Recall@20: 0.7075
2020-02-11 13:44:23,348 ====> Recall@25: 0.7165
2020-02-11 13:44:24,134 ====> Building Cache
2020-02-11 13:44:24,134 feature cache--->>> /home/annora/NetVLAD/output/train_feat_cache2.hdf5
2020-02-11 13:45:44,536 Allocated:119.40869140625 MB
2020-02-11 13:45:44,537 Cached:4304.875 MB
2020-02-11 13:48:37,139 ==> Epoch[4](50/553): Loss: 0.0586
2020-02-11 13:48:37,142 Allocated:122.03369140625 MB
2020-02-11 13:48:37,142 Cached:8193.875 MB
2020-02-11 13:50:41,739 ==> Epoch[4](100/553): Loss: 0.1079
2020-02-11 13:50:41,742 Allocated:121.28369140625 MB
2020-02-11 13:50:41,742 Cached:8193.875 MB
2020-02-11 13:52:42,581 ==> Epoch[4](150/553): Loss: 0.0502
2020-02-11 13:52:42,585 Allocated:121.15869140625 MB
2020-02-11 13:52:42,585 Cached:8193.875 MB
2020-02-11 13:54:01,008 ====> Building Cache
2020-02-11 13:54:01,009 feature cache--->>> /home/annora/NetVLAD/output/train_feat_cache2.hdf5
2020-02-11 13:55:25,361 Allocated:121.533203125 MB
2020-02-11 13:55:25,362 Cached:3389.25 MB
2020-02-11 13:56:44,333 ==> Epoch[4](200/553): Loss: 0.0703
2020-02-11 13:56:44,336 Allocated:121.28369140625 MB
2020-02-11 13:56:44,336 Cached:5886.75 MB
2020-02-11 13:58:44,545 ==> Epoch[4](250/553): Loss: 0.1073
2020-02-11 13:58:44,546 Allocated:121.90869140625 MB
2020-02-11 13:58:44,547 Cached:6042.25 MB
2020-02-11 14:00:38,789 ==> Epoch[4](300/553): Loss: 0.1353
2020-02-11 14:00:38,791 Allocated:122.40869140625 MB
2020-02-11 14:00:38,791 Cached:7350.625 MB
2020-02-11 14:02:34,496 ==> Epoch[4](350/553): Loss: 0.0794
2020-02-11 14:02:34,499 Allocated:122.28369140625 MB
2020-02-11 14:02:34,499 Cached:7350.625 MB
2020-02-11 14:03:18,201 ====> Building Cache
2020-02-11 14:03:18,201 feature cache--->>> /home/annora/NetVLAD/output/train_feat_cache2.hdf5
2020-02-11 14:04:43,421 Allocated:121.283203125 MB
2020-02-11 14:04:43,422 Cached:2860.375 MB
2020-02-11 14:06:36,112 ==> Epoch[4](400/553): Loss: 0.1480
2020-02-11 14:06:36,114 Allocated:121.65869140625 MB
2020-02-11 14:06:36,114 Cached:6749.375 MB
2020-02-11 14:08:38,729 ==> Epoch[4](450/553): Loss: 0.1390
2020-02-11 14:08:38,731 Allocated:121.28369140625 MB
2020-02-11 14:08:38,731 Cached:6749.375 MB
2020-02-11 14:10:39,479 ==> Epoch[4](500/553): Loss: 0.1264
2020-02-11 14:10:39,482 Allocated:121.15869140625 MB
2020-02-11 14:10:39,482 Cached:6749.375 MB
2020-02-11 14:12:36,806 ==> Epoch[4](550/553): Loss: 0.1218
2020-02-11 14:12:36,808 Allocated:122.03369140625 MB
2020-02-11 14:12:36,808 Cached:6749.375 MB
2020-02-11 14:12:48,236 ===> Epoch 4 Complete: Avg. Loss: 0.1240
2020-02-11 14:12:48,237 ====> Extracting Features
2020-02-11 14:13:24,561 ==> Batch (50/108)
2020-02-11 14:13:47,173 ==> Batch (100/108)
2020-02-11 14:13:51,577 ====> Building faiss index
2020-02-11 14:13:51,907 ====> Calculating recall @ N
2020-02-11 14:13:54,111 ====> Recall@1: 0.5330
2020-02-11 14:13:54,112 ====> Recall@2: 0.5861
2020-02-11 14:13:54,112 ====> Recall@3: 0.6130
2020-02-11 14:13:54,112 ====> Recall@4: 0.6290
2020-02-11 14:13:54,113 ====> Recall@5: 0.6400
2020-02-11 14:13:54,113 ====> Recall@10: 0.6759
2020-02-11 14:13:54,113 ====> Recall@15: 0.7014
2020-02-11 14:13:54,113 ====> Recall@20: 0.7110
2020-02-11 14:13:54,113 ====> Recall@25: 0.7194
2020-02-11 14:13:54,869 ====> Building Cache
2020-02-11 14:13:54,870 feature cache--->>> /home/annora/NetVLAD/output/train_feat_cache2.hdf5
2020-02-11 14:15:14,869 Allocated:120.40869140625 MB
2020-02-11 14:15:14,870 Cached:4476.25 MB
2020-02-11 14:18:04,935 ==> Epoch[5](50/553): Loss: 0.0748
2020-02-11 14:18:04,939 Allocated:122.28369140625 MB
2020-02-11 14:18:04,939 Cached:6343.625 MB
2020-02-11 14:20:01,185 ==> Epoch[5](100/553): Loss: 0.1081
2020-02-11 14:20:01,189 Allocated:121.15869140625 MB
2020-02-11 14:20:01,189 Cached:6343.625 MB
2020-02-11 14:21:58,335 ==> Epoch[5](150/553): Loss: 0.0964
2020-02-11 14:21:58,339 Allocated:123.03369140625 MB
2020-02-11 14:21:58,339 Cached:6343.625 MB
2020-02-11 14:23:18,487 ====> Building Cache
2020-02-11 14:23:18,488 feature cache--->>> /home/annora/NetVLAD/output/train_feat_cache2.hdf5
2020-02-11 14:24:45,113 Allocated:121.158203125 MB
2020-02-11 14:24:45,114 Cached:3389.25 MB
2020-02-11 14:26:07,037 ==> Epoch[5](200/553): Loss: 0.1772
2020-02-11 14:26:07,044 Allocated:122.15869140625 MB
2020-02-11 14:26:07,044 Cached:7036.625 MB
2020-02-11 14:28:15,855 ==> Epoch[5](250/553): Loss: 0.1704
2020-02-11 14:28:15,859 Allocated:121.15869140625 MB
2020-02-11 14:28:15,859 Cached:6559.875 MB
2020-02-11 14:30:16,070 ==> Epoch[5](300/553): Loss: 0.1841
2020-02-11 14:30:16,072 Allocated:121.28369140625 MB
2020-02-11 14:30:16,072 Cached:6559.875 MB
2020-02-11 14:32:20,333 ==> Epoch[5](350/553): Loss: 0.0808
2020-02-11 14:32:20,335 Allocated:123.40869140625 MB
2020-02-11 14:32:20,335 Cached:6559.875 MB
2020-02-11 14:33:05,398 ====> Building Cache
2020-02-11 14:33:05,398 feature cache--->>> /home/annora/NetVLAD/output/train_feat_cache2.hdf5
2020-02-11 14:34:25,337 Allocated:121.283203125 MB
2020-02-11 14:34:25,338 Cached:2819.125 MB
2020-02-11 14:36:21,259 ==> Epoch[5](400/553): Loss: 0.1283
2020-02-11 14:36:21,261 Allocated:121.28369140625 MB
2020-02-11 14:36:21,261 Cached:5343.125 MB
2020-02-11 14:38:27,308 ==> Epoch[5](450/553): Loss: 0.1122
2020-02-11 14:38:27,310 Allocated:121.40869140625 MB
2020-02-11 14:38:27,310 Cached:5343.125 MB
2020-02-11 14:40:28,595 ==> Epoch[5](500/553): Loss: 0.1415
2020-02-11 14:40:28,597 Allocated:122.78369140625 MB
2020-02-11 14:40:28,597 Cached:5343.125 MB
2020-02-11 14:42:28,900 ==> Epoch[5](550/553): Loss: 0.1362
2020-02-11 14:42:28,903 Allocated:122.03369140625 MB
2020-02-11 14:42:28,903 Cached:5343.125 MB
2020-02-11 14:42:40,459 ===> Epoch 5 Complete: Avg. Loss: 0.1291
2020-02-11 14:42:40,460 ====> Extracting Features
2020-02-11 14:43:16,559 ==> Batch (50/108)
2020-02-11 14:43:38,842 ==> Batch (100/108)
2020-02-11 14:43:43,007 ====> Building faiss index
2020-02-11 14:43:43,369 ====> Calculating recall @ N
2020-02-11 14:43:45,655 ====> Recall@1: 0.5432
2020-02-11 14:43:45,656 ====> Recall@2: 0.5939
2020-02-11 14:43:45,657 ====> Recall@3: 0.6188
2020-02-11 14:43:45,657 ====> Recall@4: 0.6386
2020-02-11 14:43:45,657 ====> Recall@5: 0.6501
2020-02-11 14:43:45,657 ====> Recall@10: 0.6875
2020-02-11 14:43:45,658 ====> Recall@15: 0.7078
2020-02-11 14:43:45,658 ====> Recall@20: 0.7220
2020-02-11 14:43:45,658 ====> Recall@25: 0.7310
2020-02-11 14:43:46,437 ====> Building Cache
2020-02-11 14:43:46,437 feature cache--->>> /home/annora/NetVLAD/output/train_feat_cache2.hdf5
2020-02-11 14:45:11,892 Allocated:119.15869140625 MB
2020-02-11 14:45:11,893 Cached:3737.25 MB
2020-02-11 14:47:58,400 ==> Epoch[6](50/553): Loss: 0.1214
2020-02-11 14:47:58,403 Allocated:121.90869140625 MB
2020-02-11 14:47:58,403 Cached:10065.125 MB
2020-02-11 14:50:02,351 ==> Epoch[6](100/553): Loss: 0.1576
2020-02-11 14:50:02,353 Allocated:121.53369140625 MB
2020-02-11 14:50:02,353 Cached:10065.125 MB
2020-02-11 14:52:05,444 ==> Epoch[6](150/553): Loss: 0.0865
2020-02-11 14:52:05,446 Allocated:121.15869140625 MB
2020-02-11 14:52:05,447 Cached:10065.125 MB
2020-02-11 14:53:24,788 ====> Building Cache
2020-02-11 14:53:24,789 feature cache--->>> /home/annora/NetVLAD/output/train_feat_cache2.hdf5
2020-02-11 14:54:43,176 Allocated:122.283203125 MB
2020-02-11 14:54:43,176 Cached:3389.25 MB
2020-02-11 14:56:02,763 ==> Epoch[6](200/553): Loss: 0.0721
2020-02-11 14:56:02,766 Allocated:121.28369140625 MB
2020-02-11 14:56:02,766 Cached:8363.875 MB
2020-02-11 14:58:02,679 ==> Epoch[6](250/553): Loss: 0.1911
2020-02-11 14:58:02,681 Allocated:121.15869140625 MB
2020-02-11 14:58:02,682 Cached:7782.0 MB
2020-02-11 15:00:02,247 ==> Epoch[6](300/553): Loss: 0.0520
2020-02-11 15:00:02,249 Allocated:121.15869140625 MB
2020-02-11 15:00:02,249 Cached:7782.0 MB
2020-02-11 15:01:57,553 ==> Epoch[6](350/553): Loss: 0.0731
2020-02-11 15:01:57,556 Allocated:121.65869140625 MB
2020-02-11 15:01:57,557 Cached:7782.0 MB
2020-02-11 15:02:44,924 ====> Building Cache
2020-02-11 15:02:44,925 feature cache--->>> /home/annora/NetVLAD/output/train_feat_cache2.hdf5
2020-02-11 15:04:04,636 Allocated:122.033203125 MB
2020-02-11 15:04:04,637 Cached:3389.25 MB
2020-02-11 15:06:09,677 ==> Epoch[6](400/553): Loss: 0.1728
2020-02-11 15:06:09,679 Allocated:121.28369140625 MB
2020-02-11 15:06:09,680 Cached:4683.375 MB
2020-02-11 15:08:19,114 ==> Epoch[6](450/553): Loss: 0.1323
2020-02-11 15:08:19,116 Allocated:122.40869140625 MB
2020-02-11 15:08:19,116 Cached:7280.0 MB
2020-02-11 15:10:25,997 ==> Epoch[6](500/553): Loss: 0.1374
2020-02-11 15:10:26,000 Allocated:122.03369140625 MB
2020-02-11 15:10:26,000 Cached:7280.0 MB
2020-02-11 15:12:33,847 ==> Epoch[6](550/553): Loss: 0.1149
2020-02-11 15:12:33,849 Allocated:122.03369140625 MB
2020-02-11 15:12:33,849 Cached:7280.0 MB
2020-02-11 15:12:45,964 ===> Epoch 6 Complete: Avg. Loss: 0.1216
2020-02-11 15:12:45,966 ====> Extracting Features
2020-02-11 15:13:21,357 ==> Batch (50/108)
2020-02-11 15:13:42,578 ==> Batch (100/108)
2020-02-11 15:13:46,974 ====> Building faiss index
2020-02-11 15:13:47,325 ====> Calculating recall @ N
2020-02-11 15:13:49,598 ====> Recall@1: 0.4997
2020-02-11 15:13:49,599 ====> Recall@2: 0.5983
2020-02-11 15:13:49,600 ====> Recall@3: 0.6217
2020-02-11 15:13:49,600 ====> Recall@4: 0.6386
2020-02-11 15:13:49,600 ====> Recall@5: 0.6510
2020-02-11 15:13:49,601 ====> Recall@10: 0.6861
2020-02-11 15:13:49,601 ====> Recall@15: 0.7038
2020-02-11 15:13:49,601 ====> Recall@20: 0.7162
2020-02-11 15:13:49,601 ====> Recall@25: 0.7275
2020-02-11 15:13:50,376 ====> Building Cache
2020-02-11 15:13:50,377 feature cache--->>> /home/annora/NetVLAD/output/train_feat_cache2.hdf5
2020-02-11 15:15:13,488 Allocated:119.15869140625 MB
2020-02-11 15:15:13,489 Cached:5071.5 MB
2020-02-11 15:18:16,212 ==> Epoch[7](50/553): Loss: 0.0543
2020-02-11 15:18:16,214 Allocated:121.65869140625 MB
2020-02-11 15:18:16,215 Cached:6014.375 MB
2020-02-11 15:20:28,031 ==> Epoch[7](100/553): Loss: 0.0830
2020-02-11 15:20:28,034 Allocated:121.28369140625 MB
2020-02-11 15:20:28,035 Cached:7312.625 MB
2020-02-11 15:22:30,496 ==> Epoch[7](150/553): Loss: 0.0800
2020-02-11 15:22:30,499 Allocated:122.03369140625 MB
2020-02-11 15:22:30,500 Cached:8620.0 MB
2020-02-11 15:23:52,687 ====> Building Cache
2020-02-11 15:23:52,689 feature cache--->>> /home/annora/NetVLAD/output/train_feat_cache2.hdf5
2020-02-11 15:25:17,531 Allocated:122.033203125 MB
2020-02-11 15:25:17,532 Cached:2868.0 MB
2020-02-11 15:26:48,359 ==> Epoch[7](200/553): Loss: 0.0892
2020-02-11 15:26:48,362 Allocated:122.40869140625 MB
2020-02-11 15:26:48,363 Cached:8849.0 MB
2020-02-11 15:28:56,578 ==> Epoch[7](250/553): Loss: 0.0907
2020-02-11 15:28:56,580 Allocated:121.40869140625 MB
2020-02-11 15:28:56,581 Cached:10096.5 MB
2020-02-11 15:31:00,246 ==> Epoch[7](300/553): Loss: 0.1480
2020-02-11 15:31:00,249 Allocated:121.15869140625 MB
2020-02-11 15:31:00,249 Cached:5890.625 MB
2020-02-11 15:33:06,549 ==> Epoch[7](350/553): Loss: 0.1783
2020-02-11 15:33:06,552 Allocated:121.15869140625 MB
2020-02-11 15:33:06,553 Cached:9765.625 MB
2020-02-11 15:33:59,328 ====> Building Cache
2020-02-11 15:33:59,329 feature cache--->>> /home/annora/NetVLAD/output/train_feat_cache2.hdf5
2020-02-11 15:35:18,681 Allocated:122.408203125 MB
2020-02-11 15:35:18,682 Cached:2866.25 MB
2020-02-11 15:37:28,715 ==> Epoch[7](400/553): Loss: 0.2022
2020-02-11 15:37:28,719 Allocated:121.90869140625 MB
2020-02-11 15:37:28,719 Cached:6712.0 MB
2020-02-11 15:39:39,749 ==> Epoch[7](450/553): Loss: 0.1388
2020-02-11 15:39:39,753 Allocated:121.15869140625 MB
2020-02-11 15:39:39,753 Cached:6712.0 MB
2020-02-11 15:41:51,606 ==> Epoch[7](500/553): Loss: 0.0948
2020-02-11 15:41:51,608 Allocated:121.15869140625 MB
2020-02-11 15:41:51,609 Cached:6712.0 MB
2020-02-11 15:43:57,036 ==> Epoch[7](550/553): Loss: 0.0868
2020-02-11 15:43:57,038 Allocated:122.03369140625 MB
2020-02-11 15:43:57,039 Cached:6712.0 MB
2020-02-11 15:44:08,198 ===> Epoch 7 Complete: Avg. Loss: 0.1182
2020-02-11 15:44:08,199 ====> Extracting Features
2020-02-11 15:44:40,892 ==> Batch (50/108)
2020-02-11 15:45:04,758 ==> Batch (100/108)
2020-02-11 15:45:09,832 ====> Building faiss index
2020-02-11 15:45:10,186 ====> Calculating recall @ N
2020-02-11 15:45:12,461 ====> Recall@1: 0.5235
2020-02-11 15:45:12,462 ====> Recall@2: 0.6046
2020-02-11 15:45:12,463 ====> Recall@3: 0.6287
2020-02-11 15:45:12,463 ====> Recall@4: 0.6441
2020-02-11 15:45:12,464 ====> Recall@5: 0.6542
2020-02-11 15:45:12,464 ====> Recall@10: 0.6867
2020-02-11 15:45:12,464 ====> Recall@15: 0.7070
2020-02-11 15:45:12,464 ====> Recall@20: 0.7214
2020-02-11 15:45:12,464 ====> Recall@25: 0.7336
2020-02-11 15:45:13,279 ====> Building Cache
2020-02-11 15:45:13,280 feature cache--->>> /home/annora/NetVLAD/output/train_feat_cache2.hdf5
2020-02-11 15:46:34,119 Allocated:119.53369140625 MB
2020-02-11 15:46:34,120 Cached:4244.0 MB
2020-02-11 15:49:35,484 ==> Epoch[8](50/553): Loss: 0.0792
2020-02-11 15:49:35,486 Allocated:121.90869140625 MB
2020-02-11 15:49:35,486 Cached:9333.125 MB
2020-02-11 15:51:41,367 ==> Epoch[8](100/553): Loss: 0.0660
2020-02-11 15:51:41,369 Allocated:121.15869140625 MB
2020-02-11 15:51:41,370 Cached:5603.0 MB
2020-02-11 15:53:51,484 ==> Epoch[8](150/553): Loss: 0.0612
2020-02-11 15:53:51,486 Allocated:121.90869140625 MB
2020-02-11 15:53:51,486 Cached:5603.0 MB
2020-02-11 15:55:13,743 ====> Building Cache
2020-02-11 15:55:13,744 feature cache--->>> /home/annora/NetVLAD/output/train_feat_cache2.hdf5
2020-02-11 15:56:34,683 Allocated:122.033203125 MB
2020-02-11 15:56:34,683 Cached:3389.25 MB
2020-02-11 15:57:55,951 ==> Epoch[8](200/553): Loss: 0.1828
2020-02-11 15:57:55,954 Allocated:121.15869140625 MB
2020-02-11 15:57:55,955 Cached:6947.375 MB
2020-02-11 15:59:55,775 ==> Epoch[8](250/553): Loss: 0.1806
2020-02-11 15:59:55,779 Allocated:121.15869140625 MB
2020-02-11 15:59:55,779 Cached:8178.0 MB
2020-02-11 16:01:57,856 ==> Epoch[8](300/553): Loss: 0.1487
2020-02-11 16:01:57,859 Allocated:121.90869140625 MB
2020-02-11 16:01:57,859 Cached:5991.375 MB
2020-02-11 16:03:55,005 ==> Epoch[8](350/553): Loss: 0.1364
2020-02-11 16:03:55,008 Allocated:121.78369140625 MB
2020-02-11 16:03:55,008 Cached:7280.625 MB
2020-02-11 16:04:38,077 ====> Building Cache
2020-02-11 16:04:38,078 feature cache--->>> /home/annora/NetVLAD/output/train_feat_cache2.hdf5
2020-02-11 16:05:58,682 Allocated:122.783203125 MB
2020-02-11 16:05:58,683 Cached:2867.5 MB
2020-02-11 16:07:53,195 ==> Epoch[8](400/553): Loss: 0.1338
2020-02-11 16:07:53,202 Allocated:121.90869140625 MB
2020-02-11 16:07:53,202 Cached:4823.75 MB
2020-02-11 16:09:50,827 ==> Epoch[8](450/553): Loss: 0.2101
2020-02-11 16:09:50,831 Allocated:121.65869140625 MB
2020-02-11 16:09:50,831 Cached:4823.75 MB
2020-02-11 16:11:47,305 ==> Epoch[8](500/553): Loss: 0.0933
2020-02-11 16:11:47,307 Allocated:122.40869140625 MB
2020-02-11 16:11:47,308 Cached:4823.75 MB
2020-02-11 16:13:42,988 ==> Epoch[8](550/553): Loss: 0.0928
2020-02-11 16:13:42,990 Allocated:121.15869140625 MB
2020-02-11 16:13:42,990 Cached:4823.75 MB
2020-02-11 16:13:55,519 ===> Epoch 8 Complete: Avg. Loss: 0.1161
2020-02-11 16:13:55,521 ====> Extracting Features
2020-02-11 16:14:34,372 ==> Batch (50/108)
2020-02-11 16:14:55,940 ==> Batch (100/108)
2020-02-11 16:15:01,429 ====> Building faiss index
2020-02-11 16:15:01,884 ====> Calculating recall @ N
2020-02-11 16:15:04,172 ====> Recall@1: 0.5110
2020-02-11 16:15:04,173 ====> Recall@2: 0.5922
2020-02-11 16:15:04,173 ====> Recall@3: 0.6154
2020-02-11 16:15:04,174 ====> Recall@4: 0.6299
2020-02-11 16:15:04,174 ====> Recall@5: 0.6423
2020-02-11 16:15:04,174 ====> Recall@10: 0.6771
2020-02-11 16:15:04,174 ====> Recall@15: 0.6988
2020-02-11 16:15:04,174 ====> Recall@20: 0.7157
2020-02-11 16:15:04,175 ====> Recall@25: 0.7261
2020-02-11 16:15:04,625 ====> Building Cache
2020-02-11 16:15:04,626 feature cache--->>> /home/annora/NetVLAD/output/train_feat_cache2.hdf5
2020-02-11 16:16:25,572 Allocated:120.53369140625 MB
2020-02-11 16:16:25,572 Cached:4168.875 MB
2020-02-11 16:19:19,308 ==> Epoch[9](50/553): Loss: 0.0761
2020-02-11 16:19:19,311 Allocated:122.15869140625 MB
2020-02-11 16:19:19,312 Cached:7663.75 MB
2020-02-11 16:21:26,661 ==> Epoch[9](100/553): Loss: 0.1168
2020-02-11 16:21:26,665 Allocated:122.90869140625 MB
2020-02-11 16:21:26,665 Cached:7663.75 MB
2020-02-11 16:23:30,697 ==> Epoch[9](150/553): Loss: 0.0628
2020-02-11 16:23:30,699 Allocated:121.15869140625 MB
2020-02-11 16:23:30,700 Cached:7663.75 MB
2020-02-11 16:24:58,079 ====> Building Cache
2020-02-11 16:24:58,080 feature cache--->>> /home/annora/NetVLAD/output/train_feat_cache2.hdf5
2020-02-11 16:26:20,763 Allocated:121.283203125 MB
2020-02-11 16:26:20,763 Cached:2860.5 MB
2020-02-11 16:27:41,778 ==> Epoch[9](200/553): Loss: 0.1630
2020-02-11 16:27:41,783 Allocated:122.40869140625 MB
2020-02-11 16:27:41,783 Cached:5297.5 MB
2020-02-11 16:29:42,085 ==> Epoch[9](250/553): Loss: 0.1428
2020-02-11 16:29:42,086 Allocated:122.15869140625 MB
2020-02-11 16:29:42,087 Cached:5297.5 MB
2020-02-11 16:31:41,438 ==> Epoch[9](300/553): Loss: 0.0650
2020-02-11 16:31:41,441 Allocated:121.65869140625 MB
2020-02-11 16:31:41,441 Cached:6560.0 MB
2020-02-11 16:33:39,153 ==> Epoch[9](350/553): Loss: 0.1108
2020-02-11 16:33:39,156 Allocated:121.15869140625 MB
2020-02-11 16:33:39,157 Cached:6560.0 MB
2020-02-11 16:34:25,690 ====> Building Cache
2020-02-11 16:34:25,691 feature cache--->>> /home/annora/NetVLAD/output/train_feat_cache2.hdf5
2020-02-11 16:35:48,136 Allocated:121.158203125 MB
2020-02-11 16:35:48,136 Cached:3389.25 MB
2020-02-11 16:37:39,867 ==> Epoch[9](400/553): Loss: 0.1634
2020-02-11 16:37:39,871 Allocated:121.90869140625 MB
2020-02-11 16:37:39,871 Cached:9691.625 MB
2020-02-11 16:39:36,742 ==> Epoch[9](450/553): Loss: 0.1180
2020-02-11 16:39:36,744 Allocated:121.15869140625 MB
2020-02-11 16:39:36,744 Cached:9691.625 MB
2020-02-11 16:41:38,653 ==> Epoch[9](500/553): Loss: 0.0820
2020-02-11 16:41:38,655 Allocated:121.28369140625 MB
2020-02-11 16:41:38,656 Cached:9691.625 MB
2020-02-11 16:43:32,743 ==> Epoch[9](550/553): Loss: 0.1042
2020-02-11 16:43:32,745 Allocated:121.53369140625 MB
2020-02-11 16:43:32,745 Cached:9691.625 MB
2020-02-11 16:43:44,031 ===> Epoch 9 Complete: Avg. Loss: 0.1130
2020-02-11 16:43:44,034 ====> Extracting Features
2020-02-11 16:44:19,819 ==> Batch (50/108)
2020-02-11 16:44:40,311 ==> Batch (100/108)
2020-02-11 16:44:44,547 ====> Building faiss index
2020-02-11 16:44:44,898 ====> Calculating recall @ N
2020-02-11 16:44:47,121 ====> Recall@1: 0.5464
2020-02-11 16:44:47,121 ====> Recall@2: 0.6078
2020-02-11 16:44:47,122 ====> Recall@3: 0.6270
2020-02-11 16:44:47,122 ====> Recall@4: 0.6403
2020-02-11 16:44:47,122 ====> Recall@5: 0.6519
2020-02-11 16:44:47,122 ====> Recall@10: 0.6838
2020-02-11 16:44:47,122 ====> Recall@15: 0.7012
2020-02-11 16:44:47,123 ====> Recall@20: 0.7200
2020-02-11 16:44:47,123 ====> Recall@25: 0.7336
2020-02-11 16:44:47,536 ====> Building Cache
2020-02-11 16:44:47,537 feature cache--->>> /home/annora/NetVLAD/output/train_feat_cache2.hdf5
2020-02-11 16:46:08,605 Allocated:120.78369140625 MB
2020-02-11 16:46:08,606 Cached:4149.875 MB
2020-02-11 16:48:47,838 ==> Epoch[10](50/553): Loss: 0.1142
2020-02-11 16:48:47,841 Allocated:121.53369140625 MB
2020-02-11 16:48:47,841 Cached:5737.375 MB
2020-02-11 16:50:44,730 ==> Epoch[10](100/553): Loss: 0.0533
2020-02-11 16:50:44,739 Allocated:122.28369140625 MB
2020-02-11 16:50:44,740 Cached:9612.375 MB
2020-02-11 16:52:40,734 ==> Epoch[10](150/553): Loss: 0.0783
2020-02-11 16:52:40,737 Allocated:122.03369140625 MB
2020-02-11 16:52:40,737 Cached:9612.375 MB
2020-02-11 16:53:58,955 ====> Building Cache
2020-02-11 16:53:58,956 feature cache--->>> /home/annora/NetVLAD/output/train_feat_cache2.hdf5
2020-02-11 16:55:22,921 Allocated:122.158203125 MB
2020-02-11 16:55:22,923 Cached:3389.25 MB
2020-02-11 16:56:44,757 ==> Epoch[10](200/553): Loss: 0.0907
2020-02-11 16:56:44,760 Allocated:122.40869140625 MB
2020-02-11 16:56:44,761 Cached:3230.625 MB
2020-02-11 16:58:45,813 ==> Epoch[10](250/553): Loss: 0.1428
2020-02-11 16:58:45,816 Allocated:122.03369140625 MB
2020-02-11 16:58:45,817 Cached:6743.375 MB
2020-02-11 17:00:49,804 ==> Epoch[10](300/553): Loss: 0.1164
2020-02-11 17:00:49,807 Allocated:122.65869140625 MB
2020-02-11 17:00:49,808 Cached:8002.625 MB
2020-02-11 17:02:49,606 ==> Epoch[10](350/553): Loss: 0.2875
2020-02-11 17:02:49,609 Allocated:121.28369140625 MB
2020-02-11 17:02:49,610 Cached:4139.25 MB
2020-02-11 17:03:32,926 ====> Building Cache
2020-02-11 17:03:32,927 feature cache--->>> /home/annora/NetVLAD/output/train_feat_cache2.hdf5
2020-02-11 17:04:51,626 Allocated:121.283203125 MB
2020-02-11 17:04:51,627 Cached:3389.25 MB
2020-02-11 17:06:44,738 ==> Epoch[10](400/553): Loss: 0.1714
2020-02-11 17:06:44,742 Allocated:122.03369140625 MB
2020-02-11 17:06:44,742 Cached:4874.5 MB
2020-02-11 17:08:44,656 ==> Epoch[10](450/553): Loss: 0.1278
2020-02-11 17:08:44,658 Allocated:121.15869140625 MB
2020-02-11 17:08:44,658 Cached:4874.5 MB
2020-02-11 17:10:45,043 ==> Epoch[10](500/553): Loss: 0.1227
2020-02-11 17:10:45,045 Allocated:121.15869140625 MB
2020-02-11 17:10:45,045 Cached:4874.5 MB
2020-02-11 17:12:41,185 ==> Epoch[10](550/553): Loss: 0.1437
2020-02-11 17:12:41,187 Allocated:122.90869140625 MB
2020-02-11 17:12:41,188 Cached:4874.5 MB
2020-02-11 17:12:53,557 ===> Epoch 10 Complete: Avg. Loss: 0.1145
2020-02-11 17:12:53,559 ====> Extracting Features
2020-02-11 17:13:30,640 ==> Batch (50/108)
2020-02-11 17:13:53,961 ==> Batch (100/108)
2020-02-11 17:13:58,557 ====> Building faiss index
2020-02-11 17:13:58,922 ====> Calculating recall @ N
2020-02-11 17:14:01,540 ====> Recall@1: 0.5545
2020-02-11 17:14:01,541 ====> Recall@2: 0.6041
2020-02-11 17:14:01,541 ====> Recall@3: 0.6255
2020-02-11 17:14:01,542 ====> Recall@4: 0.6397
2020-02-11 17:14:01,542 ====> Recall@5: 0.6499
2020-02-11 17:14:01,542 ====> Recall@10: 0.6803
2020-02-11 17:14:01,542 ====> Recall@15: 0.6968
2020-02-11 17:14:01,542 ====> Recall@20: 0.7186
2020-02-11 17:14:01,543 ====> Recall@25: 0.7275
2020-02-11 17:14:01,992 ====> Building Cache
2020-02-11 17:14:01,992 feature cache--->>> /home/annora/NetVLAD/output/train_feat_cache2.hdf5
2020-02-11 17:15:22,487 Allocated:119.15869140625 MB
2020-02-11 17:15:22,487 Cached:4477.25 MB
2020-02-11 17:17:58,503 ==> Epoch[11](50/553): Loss: 0.0670
2020-02-11 17:17:58,507 Allocated:121.15869140625 MB
2020-02-11 17:17:58,507 Cached:9461.5 MB
2020-02-11 17:20:00,403 ==> Epoch[11](100/553): Loss: 0.1182
2020-02-11 17:20:00,405 Allocated:122.15869140625 MB
2020-02-11 17:20:00,405 Cached:6038.0 MB
2020-02-11 17:22:08,444 ==> Epoch[11](150/553): Loss: 0.1247
2020-02-11 17:22:08,448 Allocated:121.53369140625 MB
2020-02-11 17:22:08,448 Cached:6038.0 MB
2020-02-11 17:23:39,142 ====> Building Cache
2020-02-11 17:23:39,142 feature cache--->>> /home/annora/NetVLAD/output/train_feat_cache2.hdf5
2020-02-11 17:25:01,282 Allocated:122.658203125 MB
2020-02-11 17:25:01,283 Cached:2868.5 MB
2020-02-11 17:26:17,559 ==> Epoch[11](200/553): Loss: 0.2466
2020-02-11 17:26:17,562 Allocated:121.53369140625 MB
2020-02-11 17:26:17,563 Cached:4108.875 MB
2020-02-11 17:28:14,573 ==> Epoch[11](250/553): Loss: 0.1599
2020-02-11 17:28:14,588 Allocated:121.28369140625 MB
2020-02-11 17:28:14,588 Cached:6590.25 MB
2020-02-11 17:30:09,291 ==> Epoch[11](300/553): Loss: 0.1663
2020-02-11 17:30:09,293 Allocated:121.40869140625 MB
2020-02-11 17:30:09,294 Cached:7836.75 MB
2020-02-11 17:32:02,226 ==> Epoch[11](350/553): Loss: 0.1704
2020-02-11 17:32:02,229 Allocated:122.03369140625 MB
2020-02-11 17:32:02,229 Cached:7836.75 MB
2020-02-11 17:32:46,070 ====> Building Cache
2020-02-11 17:32:46,071 feature cache--->>> /home/annora/NetVLAD/output/train_feat_cache2.hdf5
2020-02-11 17:34:06,461 Allocated:121.533203125 MB
2020-02-11 17:34:06,462 Cached:3425.5 MB
2020-02-11 17:36:00,974 ==> Epoch[11](400/553): Loss: 0.1294
2020-02-11 17:36:00,977 Allocated:122.28369140625 MB
2020-02-11 17:36:00,977 Cached:4106.875 MB
2020-02-11 17:38:00,345 ==> Epoch[11](450/553): Loss: 0.0858
2020-02-11 17:38:00,347 Allocated:122.53369140625 MB
2020-02-11 17:38:00,347 Cached:4106.875 MB
2020-02-11 17:39:57,485 ==> Epoch[11](500/553): Loss: 0.0498
2020-02-11 17:39:57,487 Allocated:122.28369140625 MB
2020-02-11 17:39:57,488 Cached:4106.875 MB
2020-02-11 17:41:52,482 ==> Epoch[11](550/553): Loss: 0.1546
2020-02-11 17:41:52,484 Allocated:121.40869140625 MB
2020-02-11 17:41:52,485 Cached:4106.875 MB
2020-02-11 17:42:03,977 ===> Epoch 11 Complete: Avg. Loss: 0.1138
2020-02-11 17:42:03,979 ====> Extracting Features
2020-02-11 17:42:40,832 ==> Batch (50/108)
2020-02-11 17:43:02,071 ==> Batch (100/108)
2020-02-11 17:43:06,771 ====> Building faiss index
2020-02-11 17:43:07,242 ====> Calculating recall @ N
2020-02-11 17:43:09,650 ====> Recall@1: 0.5742
2020-02-11 17:43:09,650 ====> Recall@2: 0.6154
2020-02-11 17:43:09,651 ====> Recall@3: 0.6354
2020-02-11 17:43:09,651 ====> Recall@4: 0.6507
2020-02-11 17:43:09,651 ====> Recall@5: 0.6626
2020-02-11 17:43:09,652 ====> Recall@10: 0.6916
2020-02-11 17:43:09,652 ====> Recall@15: 0.7078
2020-02-11 17:43:09,652 ====> Recall@20: 0.7272
2020-02-11 17:43:09,652 ====> Recall@25: 0.7357
2020-02-11 17:43:10,482 ====> Building Cache
2020-02-11 17:43:10,483 feature cache--->>> /home/annora/NetVLAD/output/train_feat_cache2.hdf5
2020-02-11 17:44:31,023 Allocated:119.90869140625 MB
2020-02-11 17:44:31,024 Cached:4244.0 MB
2020-02-11 17:47:16,772 ==> Epoch[12](50/553): Loss: 0.0446
2020-02-11 17:47:16,775 Allocated:121.15869140625 MB
2020-02-11 17:47:16,775 Cached:9093.375 MB
2020-02-11 17:49:15,393 ==> Epoch[12](100/553): Loss: 0.0435
2020-02-11 17:49:15,395 Allocated:122.03369140625 MB
2020-02-11 17:49:15,396 Cached:9093.375 MB
2020-02-11 17:51:11,995 ==> Epoch[12](150/553): Loss: 0.0570
2020-02-11 17:51:11,998 Allocated:121.78369140625 MB
2020-02-11 17:51:11,998 Cached:5739.5 MB
2020-02-11 17:52:32,051 ====> Building Cache
2020-02-11 17:52:32,052 feature cache--->>> /home/annora/NetVLAD/output/train_feat_cache2.hdf5
2020-02-11 17:53:54,801 Allocated:121.533203125 MB
2020-02-11 17:53:54,802 Cached:2922.0 MB
2020-02-11 17:55:11,358 ==> Epoch[12](200/553): Loss: 0.1573
2020-02-11 17:55:11,360 Allocated:121.28369140625 MB
2020-02-11 17:55:11,361 Cached:5315.5 MB
2020-02-11 17:57:11,609 ==> Epoch[12](250/553): Loss: 0.2288
2020-02-11 17:57:11,611 Allocated:121.90869140625 MB
2020-02-11 17:57:11,612 Cached:6556.625 MB
2020-02-11 17:59:04,189 ==> Epoch[12](300/553): Loss: 0.0417
2020-02-11 17:59:04,191 Allocated:121.15869140625 MB
2020-02-11 17:59:04,191 Cached:7807.375 MB
2020-02-11 18:01:00,335 ==> Epoch[12](350/553): Loss: 0.1329
2020-02-11 18:01:00,337 Allocated:122.03369140625 MB
2020-02-11 18:01:00,337 Cached:9069.875 MB
2020-02-11 18:01:43,102 ====> Building Cache
2020-02-11 18:01:43,103 feature cache--->>> /home/annora/NetVLAD/output/train_feat_cache2.hdf5
2020-02-11 18:03:02,033 Allocated:121.533203125 MB
2020-02-11 18:03:02,033 Cached:3595.5 MB
2020-02-11 18:04:51,944 ==> Epoch[12](400/553): Loss: 0.0612
2020-02-11 18:04:51,946 Allocated:122.90869140625 MB
2020-02-11 18:04:51,946 Cached:5475.5 MB
2020-02-11 18:06:50,385 ==> Epoch[12](450/553): Loss: 0.1727
2020-02-11 18:06:50,387 Allocated:121.90869140625 MB
2020-02-11 18:06:50,388 Cached:5476.5 MB
2020-02-11 18:08:45,964 ==> Epoch[12](500/553): Loss: 0.1505
2020-02-11 18:08:45,966 Allocated:122.28369140625 MB
2020-02-11 18:08:45,966 Cached:5476.5 MB
2020-02-11 18:10:38,179 ==> Epoch[12](550/553): Loss: 0.0537
2020-02-11 18:10:38,181 Allocated:121.40869140625 MB
2020-02-11 18:10:38,181 Cached:5476.5 MB
2020-02-11 18:10:49,251 ===> Epoch 12 Complete: Avg. Loss: 0.1155
2020-02-11 18:10:49,253 ====> Extracting Features
2020-02-11 18:11:25,651 ==> Batch (50/108)
2020-02-11 18:11:47,812 ==> Batch (100/108)
2020-02-11 18:11:52,554 ====> Building faiss index
2020-02-11 18:11:53,309 ====> Calculating recall @ N
2020-02-11 18:11:55,746 ====> Recall@1: 0.5374
2020-02-11 18:11:55,746 ====> Recall@2: 0.6110
2020-02-11 18:11:55,747 ====> Recall@3: 0.6339
2020-02-11 18:11:55,748 ====> Recall@4: 0.6481
2020-02-11 18:11:55,748 ====> Recall@5: 0.6571
2020-02-11 18:11:55,748 ====> Recall@10: 0.6901
2020-02-11 18:11:55,748 ====> Recall@15: 0.7096
2020-02-11 18:11:55,749 ====> Recall@20: 0.7229
2020-02-11 18:11:55,749 ====> Recall@25: 0.7339
2020-02-11 18:11:56,187 ====> Building Cache
2020-02-11 18:11:56,187 feature cache--->>> /home/annora/NetVLAD/output/train_feat_cache2.hdf5
2020-02-11 18:13:19,789 Allocated:120.28369140625 MB
2020-02-11 18:13:19,790 Cached:4221.125 MB
2020-02-11 18:15:59,824 ==> Epoch[13](50/553): Loss: 0.0657
2020-02-11 18:15:59,827 Allocated:121.15869140625 MB
2020-02-11 18:15:59,827 Cached:9054.5 MB
2020-02-11 18:17:55,339 ==> Epoch[13](100/553): Loss: 0.0248
2020-02-11 18:17:55,341 Allocated:123.03369140625 MB
2020-02-11 18:17:55,341 Cached:7536.5 MB
2020-02-11 18:19:50,053 ==> Epoch[13](150/553): Loss: 0.0544
2020-02-11 18:19:50,056 Allocated:121.53369140625 MB
2020-02-11 18:19:50,056 Cached:7536.5 MB
2020-02-11 18:21:08,078 ====> Building Cache
2020-02-11 18:21:08,079 feature cache--->>> /home/annora/NetVLAD/output/train_feat_cache2.hdf5
2020-02-11 18:22:27,440 Allocated:121.533203125 MB
2020-02-11 18:22:27,441 Cached:3424.625 MB
2020-02-11 18:23:42,921 ==> Epoch[13](200/553): Loss: 0.2455
2020-02-11 18:23:42,924 Allocated:121.28369140625 MB
2020-02-11 18:23:42,924 Cached:8110.375 MB
2020-02-11 18:25:41,060 ==> Epoch[13](250/553): Loss: 0.1536
2020-02-11 18:25:41,063 Allocated:121.28369140625 MB
2020-02-11 18:25:41,063 Cached:9325.0 MB
2020-02-11 18:27:37,065 ==> Epoch[13](300/553): Loss: 0.1390
2020-02-11 18:27:37,067 Allocated:121.15869140625 MB
2020-02-11 18:27:37,067 Cached:3114.875 MB
2020-02-11 18:29:29,618 ==> Epoch[13](350/553): Loss: 0.0750
2020-02-11 18:29:29,620 Allocated:121.15869140625 MB
2020-02-11 18:29:29,620 Cached:7255.75 MB
2020-02-11 18:30:12,514 ====> Building Cache
2020-02-11 18:30:12,515 feature cache--->>> /home/annora/NetVLAD/output/train_feat_cache2.hdf5
2020-02-11 18:31:31,549 Allocated:121.158203125 MB
2020-02-11 18:31:31,550 Cached:2835.0 MB
2020-02-11 18:33:29,741 ==> Epoch[13](400/553): Loss: 0.1469
2020-02-11 18:33:29,743 Allocated:123.28369140625 MB
2020-02-11 18:33:29,744 Cached:6579.125 MB
2020-02-11 18:35:27,072 ==> Epoch[13](450/553): Loss: 0.1216
2020-02-11 18:35:27,074 Allocated:121.15869140625 MB
2020-02-11 18:35:27,074 Cached:7100.75 MB
2020-02-11 18:37:22,486 ==> Epoch[13](500/553): Loss: 0.1094
2020-02-11 18:37:22,488 Allocated:121.15869140625 MB
2020-02-11 18:37:22,488 Cached:7100.75 MB
2020-02-11 18:39:17,625 ==> Epoch[13](550/553): Loss: 0.1061
2020-02-11 18:39:17,627 Allocated:121.28369140625 MB
2020-02-11 18:39:17,627 Cached:7100.75 MB
2020-02-11 18:39:29,710 ===> Epoch 13 Complete: Avg. Loss: 0.1137
2020-02-11 18:39:29,712 ====> Extracting Features
2020-02-11 18:40:09,352 ==> Batch (50/108)
2020-02-11 18:40:31,271 ==> Batch (100/108)
2020-02-11 18:40:35,864 ====> Building faiss index
2020-02-11 18:40:36,222 ====> Calculating recall @ N
2020-02-11 18:40:38,581 ====> Recall@1: 0.5681
2020-02-11 18:40:38,582 ====> Recall@2: 0.6113
2020-02-11 18:40:38,583 ====> Recall@3: 0.6328
2020-02-11 18:40:38,583 ====> Recall@4: 0.6467
2020-02-11 18:40:38,583 ====> Recall@5: 0.6586
2020-02-11 18:40:38,583 ====> Recall@10: 0.6916
2020-02-11 18:40:38,584 ====> Recall@15: 0.7093
2020-02-11 18:40:38,584 ====> Recall@20: 0.7243
2020-02-11 18:40:38,584 ====> Recall@25: 0.7339
2020-02-11 18:40:39,032 ====> Building Cache
2020-02-11 18:40:39,033 feature cache--->>> /home/annora/NetVLAD/output/train_feat_cache2.hdf5
2020-02-11 18:41:57,720 Allocated:119.90869140625 MB
2020-02-11 18:41:57,721 Cached:4157.875 MB
2020-02-11 18:44:32,630 ==> Epoch[14](50/553): Loss: 0.0597
2020-02-11 18:44:32,633 Allocated:122.03369140625 MB
2020-02-11 18:44:32,633 Cached:2649.5 MB
2020-02-11 18:46:29,557 ==> Epoch[14](100/553): Loss: 0.0665
2020-02-11 18:46:29,560 Allocated:122.28369140625 MB
2020-02-11 18:46:29,560 Cached:5623.0 MB
2020-02-11 18:48:21,793 ==> Epoch[14](150/553): Loss: 0.1051
2020-02-11 18:48:21,794 Allocated:121.28369140625 MB
2020-02-11 18:48:21,795 Cached:5623.0 MB
2020-02-11 18:49:39,738 ====> Building Cache
2020-02-11 18:49:39,739 feature cache--->>> /home/annora/NetVLAD/output/train_feat_cache2.hdf5
2020-02-11 18:50:59,006 Allocated:122.033203125 MB
2020-02-11 18:50:59,007 Cached:2837.375 MB
2020-02-11 18:52:13,559 ==> Epoch[14](200/553): Loss: 0.2176
2020-02-11 18:52:13,561 Allocated:121.28369140625 MB
2020-02-11 18:52:13,562 Cached:6362.625 MB
2020-02-11 18:54:14,537 ==> Epoch[14](250/553): Loss: 0.1772
2020-02-11 18:54:14,539 Allocated:121.28369140625 MB
2020-02-11 18:54:14,540 Cached:10113.75 MB
2020-02-11 18:56:03,963 ==> Epoch[14](300/553): Loss: 0.1004
2020-02-11 18:56:03,966 Allocated:121.15869140625 MB
2020-02-11 18:56:03,966 Cached:10113.75 MB
2020-02-11 18:57:55,286 ==> Epoch[14](350/553): Loss: 0.0644
2020-02-11 18:57:55,288 Allocated:121.28369140625 MB
2020-02-11 18:57:55,288 Cached:10113.75 MB
2020-02-11 18:58:37,906 ====> Building Cache
2020-02-11 18:58:37,907 feature cache--->>> /home/annora/NetVLAD/output/train_feat_cache2.hdf5
2020-02-11 19:00:02,665 Allocated:122.908203125 MB
2020-02-11 19:00:02,665 Cached:2837.375 MB
2020-02-11 19:01:53,891 ==> Epoch[14](400/553): Loss: 0.1339
2020-02-11 19:01:53,895 Allocated:122.15869140625 MB
2020-02-11 19:01:53,895 Cached:6044.125 MB
2020-02-11 19:03:52,065 ==> Epoch[14](450/553): Loss: 0.0961
2020-02-11 19:03:52,068 Allocated:121.40869140625 MB
2020-02-11 19:03:52,068 Cached:7351.5 MB
2020-02-11 19:05:45,515 ==> Epoch[14](500/553): Loss: 0.1384
2020-02-11 19:05:45,517 Allocated:122.78369140625 MB
2020-02-11 19:05:45,517 Cached:7351.5 MB
2020-02-11 19:07:43,732 ==> Epoch[14](550/553): Loss: 0.0694
2020-02-11 19:07:43,734 Allocated:122.03369140625 MB
2020-02-11 19:07:43,734 Cached:7351.5 MB
2020-02-11 19:07:55,070 ===> Epoch 14 Complete: Avg. Loss: 0.1145
2020-02-11 19:07:55,072 ====> Extracting Features
2020-02-11 19:08:30,729 ==> Batch (50/108)
2020-02-11 19:08:52,394 ==> Batch (100/108)
2020-02-11 19:08:56,918 ====> Building faiss index
2020-02-11 19:08:57,272 ====> Calculating recall @ N
2020-02-11 19:08:59,540 ====> Recall@1: 0.5707
2020-02-11 19:08:59,540 ====> Recall@2: 0.6081
2020-02-11 19:08:59,541 ====> Recall@3: 0.6319
2020-02-11 19:08:59,541 ====> Recall@4: 0.6475
2020-02-11 19:08:59,541 ====> Recall@5: 0.6577
2020-02-11 19:08:59,541 ====> Recall@10: 0.6881
2020-02-11 19:08:59,542 ====> Recall@15: 0.7081
2020-02-11 19:08:59,542 ====> Recall@20: 0.7238
2020-02-11 19:08:59,542 ====> Recall@25: 0.7313
2020-02-11 19:08:59,971 ====> Building Cache
2020-02-11 19:08:59,972 feature cache--->>> /home/annora/NetVLAD/output/train_feat_cache2.hdf5
2020-02-11 19:10:19,218 Allocated:119.15869140625 MB
2020-02-11 19:10:19,219 Cached:4196.125 MB
2020-02-11 19:12:57,131 ==> Epoch[15](50/553): Loss: 0.0906
2020-02-11 19:12:57,134 Allocated:121.28369140625 MB
2020-02-11 19:12:57,134 Cached:6703.25 MB
2020-02-11 19:14:51,196 ==> Epoch[15](100/553): Loss: 0.1168
2020-02-11 19:14:51,198 Allocated:122.15869140625 MB
2020-02-11 19:14:51,199 Cached:6703.25 MB
2020-02-11 19:16:42,435 ==> Epoch[15](150/553): Loss: 0.0730
2020-02-11 19:16:42,437 Allocated:121.15869140625 MB
2020-02-11 19:16:42,437 Cached:4494.0 MB
2020-02-11 19:18:01,002 ====> Building Cache
2020-02-11 19:18:01,002 feature cache--->>> /home/annora/NetVLAD/output/train_feat_cache2.hdf5
2020-02-11 19:19:22,910 Allocated:122.158203125 MB
2020-02-11 19:19:22,910 Cached:2833.75 MB
2020-02-11 19:20:46,060 ==> Epoch[15](200/553): Loss: 0.0374
2020-02-11 19:20:46,062 Allocated:121.15869140625 MB
2020-02-11 19:20:46,062 Cached:6323.0 MB
2020-02-11 19:22:46,570 ==> Epoch[15](250/553): Loss: 0.2043
2020-02-11 19:22:46,572 Allocated:121.15869140625 MB
2020-02-11 19:22:46,572 Cached:8705.5 MB
2020-02-11 19:24:39,149 ==> Epoch[15](300/553): Loss: 0.1764
2020-02-11 19:24:39,151 Allocated:121.40869140625 MB
2020-02-11 19:24:39,151 Cached:3148.25 MB
2020-02-11 19:26:33,279 ==> Epoch[15](350/553): Loss: 0.0603
2020-02-11 19:26:33,281 Allocated:121.28369140625 MB
2020-02-11 19:26:33,282 Cached:4399.0 MB
2020-02-11 19:27:15,437 ====> Building Cache
2020-02-11 19:27:15,438 feature cache--->>> /home/annora/NetVLAD/output/train_feat_cache2.hdf5
2020-02-11 19:28:36,877 Allocated:121.658203125 MB
2020-02-11 19:28:36,878 Cached:2827.25 MB
2020-02-11 19:30:31,944 ==> Epoch[15](400/553): Loss: 0.1120
2020-02-11 19:30:31,947 Allocated:121.15869140625 MB
2020-02-11 19:30:31,948 Cached:7734.875 MB
2020-02-11 19:32:35,557 ==> Epoch[15](450/553): Loss: 0.1103
2020-02-11 19:32:35,560 Allocated:121.90869140625 MB
2020-02-11 19:32:35,560 Cached:5359.125 MB
2020-02-11 19:34:35,595 ==> Epoch[15](500/553): Loss: 0.0610
2020-02-11 19:34:35,599 Allocated:122.03369140625 MB
2020-02-11 19:34:35,599 Cached:6649.375 MB
2020-02-11 19:36:35,119 ==> Epoch[15](550/553): Loss: 0.1687
2020-02-11 19:36:35,121 Allocated:122.03369140625 MB
2020-02-11 19:36:35,121 Cached:7956.75 MB
2020-02-11 19:36:46,077 ===> Epoch 15 Complete: Avg. Loss: 0.1146
2020-02-11 19:36:46,078 ====> Extracting Features
2020-02-11 19:37:23,905 ==> Batch (50/108)
2020-02-11 19:37:45,511 ==> Batch (100/108)
2020-02-11 19:37:49,953 ====> Building faiss index
2020-02-11 19:37:50,304 ====> Calculating recall @ N
2020-02-11 19:37:52,521 ====> Recall@1: 0.5684
2020-02-11 19:37:52,522 ====> Recall@2: 0.6165
2020-02-11 19:37:52,522 ====> Recall@3: 0.6377
2020-02-11 19:37:52,522 ====> Recall@4: 0.6533
2020-02-11 19:37:52,522 ====> Recall@5: 0.6612
2020-02-11 19:37:52,523 ====> Recall@10: 0.6939
2020-02-11 19:37:52,523 ====> Recall@15: 0.7093
2020-02-11 19:37:52,523 ====> Recall@20: 0.7258
2020-02-11 19:37:52,523 ====> Recall@25: 0.7354
2020-02-11 19:37:52,966 ====> Building Cache
2020-02-11 19:37:52,966 feature cache--->>> /home/annora/NetVLAD/output/train_feat_cache2.hdf5
2020-02-11 19:39:15,915 Allocated:119.53369140625 MB
2020-02-11 19:39:15,916 Cached:4244.0 MB
2020-02-11 19:41:59,578 ==> Epoch[16](50/553): Loss: 0.0861
2020-02-11 19:41:59,580 Allocated:121.15869140625 MB
2020-02-11 19:41:59,581 Cached:6703.25 MB
2020-02-11 19:43:57,121 ==> Epoch[16](100/553): Loss: 0.1447
2020-02-11 19:43:57,123 Allocated:121.28369140625 MB
2020-02-11 19:43:57,124 Cached:3492.625 MB
2020-02-11 19:45:55,519 ==> Epoch[16](150/553): Loss: 0.0782
2020-02-11 19:45:55,521 Allocated:122.03369140625 MB
2020-02-11 19:45:55,521 Cached:5574.75 MB
2020-02-11 19:47:16,563 ====> Building Cache
2020-02-11 19:47:16,564 feature cache--->>> /home/annora/NetVLAD/output/train_feat_cache2.hdf5
2020-02-11 19:48:35,378 Allocated:122.033203125 MB
2020-02-11 19:48:35,379 Cached:3559.125 MB
2020-02-11 19:49:55,533 ==> Epoch[16](200/553): Loss: 0.1504
2020-02-11 19:49:55,535 Allocated:121.90869140625 MB
2020-02-11 19:49:55,536 Cached:7090.75 MB
2020-02-11 19:52:00,023 ==> Epoch[16](250/553): Loss: 0.1148
2020-02-11 19:52:00,025 Allocated:121.40869140625 MB
2020-02-11 19:52:00,025 Cached:3202.625 MB
2020-02-11 19:54:06,572 ==> Epoch[16](300/553): Loss: 0.0552
2020-02-11 19:54:06,574 Allocated:121.65869140625 MB
2020-02-11 19:54:06,574 Cached:5425.0 MB
2020-02-11 19:55:59,444 ==> Epoch[16](350/553): Loss: 0.1328
2020-02-11 19:55:59,447 Allocated:121.90869140625 MB
2020-02-11 19:55:59,448 Cached:5425.0 MB
2020-02-11 19:56:42,180 ====> Building Cache
2020-02-11 19:56:42,181 feature cache--->>> /home/annora/NetVLAD/output/train_feat_cache2.hdf5
2020-02-11 19:58:05,296 Allocated:122.283203125 MB
2020-02-11 19:58:05,296 Cached:3405.5 MB
2020-02-11 20:00:08,043 ==> Epoch[16](400/553): Loss: 0.1301
2020-02-11 20:00:08,045 Allocated:121.28369140625 MB
2020-02-11 20:00:08,046 Cached:7108.0 MB
2020-02-11 20:02:10,863 ==> Epoch[16](450/553): Loss: 0.1103
2020-02-11 20:02:10,865 Allocated:121.28369140625 MB
2020-02-11 20:02:10,866 Cached:7737.625 MB
2020-02-11 20:04:15,817 ==> Epoch[16](500/553): Loss: 0.1174
2020-02-11 20:04:15,819 Allocated:122.28369140625 MB
2020-02-11 20:04:15,819 Cached:9045.0 MB
2020-02-11 20:06:14,949 ==> Epoch[16](550/553): Loss: 0.1079
2020-02-11 20:06:14,951 Allocated:121.90869140625 MB
2020-02-11 20:06:14,952 Cached:9045.0 MB
2020-02-11 20:06:27,140 ===> Epoch 16 Complete: Avg. Loss: 0.1159
2020-02-11 20:06:27,141 ====> Extracting Features
2020-02-11 20:07:04,506 ==> Batch (50/108)
2020-02-11 20:07:26,097 ==> Batch (100/108)
2020-02-11 20:07:30,576 ====> Building faiss index
2020-02-11 20:07:30,953 ====> Calculating recall @ N
2020-02-11 20:07:33,257 ====> Recall@1: 0.5620
2020-02-11 20:07:33,258 ====> Recall@2: 0.6186
2020-02-11 20:07:33,259 ====> Recall@3: 0.6397
2020-02-11 20:07:33,259 ====> Recall@4: 0.6577
2020-02-11 20:07:33,259 ====> Recall@5: 0.6658
2020-02-11 20:07:33,259 ====> Recall@10: 0.6951
2020-02-11 20:07:33,260 ====> Recall@15: 0.7142
2020-02-11 20:07:33,260 ====> Recall@20: 0.7275
2020-02-11 20:07:33,260 ====> Recall@25: 0.7403
2020-02-11 20:07:34,055 ====> Building Cache
2020-02-11 20:07:34,055 feature cache--->>> /home/annora/NetVLAD/output/train_feat_cache2.hdf5
2020-02-11 20:08:57,253 Allocated:119.53369140625 MB
2020-02-11 20:08:57,254 Cached:4243.0 MB
2020-02-11 20:11:48,655 ==> Epoch[17](50/553): Loss: 0.1203
2020-02-11 20:11:48,657 Allocated:122.03369140625 MB
2020-02-11 20:11:48,658 Cached:9004.125 MB
2020-02-11 20:13:55,850 ==> Epoch[17](100/553): Loss: 0.0813
2020-02-11 20:13:55,852 Allocated:122.90869140625 MB
2020-02-11 20:13:55,852 Cached:4528.75 MB
2020-02-11 20:15:53,903 ==> Epoch[17](150/553): Loss: 0.1238
2020-02-11 20:15:53,904 Allocated:121.15869140625 MB
2020-02-11 20:15:53,905 Cached:4528.75 MB
2020-02-11 20:17:29,623 ====> Building Cache
2020-02-11 20:17:29,624 feature cache--->>> /home/annora/NetVLAD/output/train_feat_cache2.hdf5
2020-02-11 20:18:53,205 Allocated:121.908203125 MB
2020-02-11 20:18:53,205 Cached:2957.375 MB
2020-02-11 20:20:09,587 ==> Epoch[17](200/553): Loss: 0.1550
2020-02-11 20:20:09,590 Allocated:122.03369140625 MB
2020-02-11 20:20:09,591 Cached:6530.5 MB
2020-02-11 20:22:14,736 ==> Epoch[17](250/553): Loss: 0.0419
2020-02-11 20:22:14,738 Allocated:121.15869140625 MB
2020-02-11 20:22:14,738 Cached:7762.125 MB
2020-02-11 20:24:07,957 ==> Epoch[17](300/553): Loss: 0.1498
2020-02-11 20:24:07,959 Allocated:121.28369140625 MB
2020-02-11 20:24:07,959 Cached:7762.125 MB
2020-02-11 20:26:02,707 ==> Epoch[17](350/553): Loss: 0.1185
2020-02-11 20:26:02,709 Allocated:122.40869140625 MB
2020-02-11 20:26:02,710 Cached:7762.125 MB
2020-02-11 20:26:46,802 ====> Building Cache
2020-02-11 20:26:46,803 feature cache--->>> /home/annora/NetVLAD/output/train_feat_cache2.hdf5
2020-02-11 20:28:06,493 Allocated:122.033203125 MB
2020-02-11 20:28:06,493 Cached:3388.25 MB
2020-02-11 20:30:00,270 ==> Epoch[17](400/553): Loss: 0.1194
2020-02-11 20:30:00,272 Allocated:121.65869140625 MB
2020-02-11 20:30:00,272 Cached:4897.75 MB
2020-02-11 20:32:06,233 ==> Epoch[17](450/553): Loss: 0.0872
2020-02-11 20:32:06,235 Allocated:122.03369140625 MB
2020-02-11 20:32:06,235 Cached:4898.75 MB
2020-02-11 20:34:03,569 ==> Epoch[17](500/553): Loss: 0.0973
2020-02-11 20:34:03,571 Allocated:121.28369140625 MB
2020-02-11 20:34:03,571 Cached:4899.75 MB
2020-02-11 20:35:55,950 ==> Epoch[17](550/553): Loss: 0.0910
2020-02-11 20:35:55,953 Allocated:121.53369140625 MB
2020-02-11 20:35:55,953 Cached:4899.75 MB
2020-02-11 20:36:08,003 ===> Epoch 17 Complete: Avg. Loss: 0.1174
2020-02-11 20:36:08,004 ====> Extracting Features
2020-02-11 20:36:43,747 ==> Batch (50/108)
2020-02-11 20:37:06,206 ==> Batch (100/108)
2020-02-11 20:37:10,148 ====> Building faiss index
2020-02-11 20:37:10,524 ====> Calculating recall @ N
2020-02-11 20:37:13,156 ====> Recall@1: 0.5652
2020-02-11 20:37:13,157 ====> Recall@2: 0.6200
2020-02-11 20:37:13,158 ====> Recall@3: 0.6380
2020-02-11 20:37:13,158 ====> Recall@4: 0.6513
2020-02-11 20:37:13,158 ====> Recall@5: 0.6606
2020-02-11 20:37:13,158 ====> Recall@10: 0.6930
2020-02-11 20:37:13,159 ====> Recall@15: 0.7116
2020-02-11 20:37:13,159 ====> Recall@20: 0.7290
2020-02-11 20:37:13,159 ====> Recall@25: 0.7362
2020-02-11 20:37:13,601 ====> Building Cache
2020-02-11 20:37:13,601 feature cache--->>> /home/annora/NetVLAD/output/train_feat_cache2.hdf5
2020-02-11 20:38:32,162 Allocated:120.53369140625 MB
2020-02-11 20:38:32,162 Cached:3662.0 MB
2020-02-11 20:41:06,076 ==> Epoch[18](50/553): Loss: 0.0386
2020-02-11 20:41:06,078 Allocated:121.15869140625 MB
2020-02-11 20:41:06,079 Cached:7283.875 MB
2020-02-11 20:43:02,991 ==> Epoch[18](100/553): Loss: 0.1485
2020-02-11 20:43:02,994 Allocated:122.03369140625 MB
2020-02-11 20:43:02,994 Cached:8544.125 MB
2020-02-11 20:45:05,170 ==> Epoch[18](150/553): Loss: 0.0655
2020-02-11 20:45:05,172 Allocated:121.65869140625 MB
2020-02-11 20:45:05,172 Cached:8544.125 MB
2020-02-11 20:46:23,063 ====> Building Cache
2020-02-11 20:46:23,064 feature cache--->>> /home/annora/NetVLAD/output/train_feat_cache2.hdf5
2020-02-11 20:47:42,592 Allocated:123.033203125 MB
2020-02-11 20:47:42,592 Cached:3389.25 MB
2020-02-11 20:48:55,737 ==> Epoch[18](200/553): Loss: 0.0966
2020-02-11 20:48:55,739 Allocated:121.28369140625 MB
2020-02-11 20:48:55,739 Cached:4600.0 MB
2020-02-11 20:50:48,564 ==> Epoch[18](250/553): Loss: 0.1847
2020-02-11 20:50:48,567 Allocated:121.15869140625 MB
2020-02-11 20:50:48,567 Cached:8254.625 MB
2020-02-11 20:52:47,811 ==> Epoch[18](300/553): Loss: 0.1854
2020-02-11 20:52:47,813 Allocated:121.15869140625 MB
2020-02-11 20:52:47,814 Cached:8254.625 MB
2020-02-11 20:54:44,755 ==> Epoch[18](350/553): Loss: 0.1277
2020-02-11 20:54:44,757 Allocated:121.15869140625 MB
2020-02-11 20:54:44,758 Cached:8254.625 MB
2020-02-11 20:55:27,490 ====> Building Cache
2020-02-11 20:55:27,490 feature cache--->>> /home/annora/NetVLAD/output/train_feat_cache2.hdf5
2020-02-11 20:56:47,069 Allocated:121.533203125 MB
2020-02-11 20:56:47,070 Cached:3389.25 MB
2020-02-11 20:58:42,116 ==> Epoch[18](400/553): Loss: 0.1626
2020-02-11 20:58:42,118 Allocated:121.15869140625 MB
2020-02-11 20:58:42,119 Cached:5092.625 MB
2020-02-11 21:00:36,467 ==> Epoch[18](450/553): Loss: 0.0985
2020-02-11 21:00:36,470 Allocated:121.15869140625 MB
2020-02-11 21:00:36,470 Cached:7689.25 MB
2020-02-11 21:02:31,449 ==> Epoch[18](500/553): Loss: 0.1791
2020-02-11 21:02:31,452 Allocated:121.90869140625 MB
2020-02-11 21:02:31,452 Cached:7689.25 MB
2020-02-11 21:04:32,126 ==> Epoch[18](550/553): Loss: 0.1126
2020-02-11 21:04:32,129 Allocated:122.78369140625 MB
2020-02-11 21:04:32,129 Cached:7689.25 MB
2020-02-11 21:04:42,774 ===> Epoch 18 Complete: Avg. Loss: 0.1144
2020-02-11 21:04:42,775 ====> Extracting Features
2020-02-11 21:05:19,813 ==> Batch (50/108)
2020-02-11 21:05:40,867 ==> Batch (100/108)
2020-02-11 21:05:45,149 ====> Building faiss index
2020-02-11 21:05:45,520 ====> Calculating recall @ N
2020-02-11 21:05:47,772 ====> Recall@1: 0.5655
2020-02-11 21:05:47,772 ====> Recall@2: 0.6191
2020-02-11 21:05:47,773 ====> Recall@3: 0.6383
2020-02-11 21:05:47,773 ====> Recall@4: 0.6542
2020-02-11 21:05:47,773 ====> Recall@5: 0.6620
2020-02-11 21:05:47,773 ====> Recall@10: 0.6942
2020-02-11 21:05:47,774 ====> Recall@15: 0.7107
2020-02-11 21:05:47,774 ====> Recall@20: 0.7284
2020-02-11 21:05:47,774 ====> Recall@25: 0.7359
2020-02-11 21:05:48,210 ====> Building Cache
2020-02-11 21:05:48,210 feature cache--->>> /home/annora/NetVLAD/output/train_feat_cache2.hdf5
2020-02-11 21:07:06,311 Allocated:119.28369140625 MB
2020-02-11 21:07:06,312 Cached:3150.75 MB
2020-02-11 21:09:40,429 ==> Epoch[19](50/553): Loss: 0.2033
2020-02-11 21:09:40,432 Allocated:121.65869140625 MB
2020-02-11 21:09:40,432 Cached:4451.875 MB
2020-02-11 21:11:37,592 ==> Epoch[19](100/553): Loss: 0.1176
2020-02-11 21:11:37,594 Allocated:121.78369140625 MB
2020-02-11 21:11:37,594 Cached:4451.875 MB
2020-02-11 21:13:31,923 ==> Epoch[19](150/553): Loss: 0.1088
2020-02-11 21:13:31,926 Allocated:121.40869140625 MB
2020-02-11 21:13:31,926 Cached:4451.875 MB
2020-02-11 21:14:56,751 ====> Building Cache
2020-02-11 21:14:56,752 feature cache--->>> /home/annora/NetVLAD/output/train_feat_cache2.hdf5
2020-02-11 21:16:15,449 Allocated:122.533203125 MB
2020-02-11 21:16:15,450 Cached:2897.875 MB
2020-02-11 21:17:36,058 ==> Epoch[19](200/553): Loss: 0.0897
2020-02-11 21:17:36,060 Allocated:121.78369140625 MB
2020-02-11 21:17:36,061 Cached:6478.375 MB
2020-02-11 21:19:36,367 ==> Epoch[19](250/553): Loss: 0.1526
2020-02-11 21:19:36,369 Allocated:121.28369140625 MB
2020-02-11 21:19:36,369 Cached:7712.125 MB
2020-02-11 21:21:58,406 ==> Epoch[19](300/553): Loss: 0.1701
2020-02-11 21:21:58,409 Allocated:121.90869140625 MB
2020-02-11 21:21:58,409 Cached:8949.125 MB
2020-02-11 21:23:57,339 ==> Epoch[19](350/553): Loss: 0.1977
2020-02-11 21:23:57,341 Allocated:121.28369140625 MB
2020-02-11 21:23:57,341 Cached:8949.125 MB
2020-02-11 21:24:41,463 ====> Building Cache
2020-02-11 21:24:41,463 feature cache--->>> /home/annora/NetVLAD/output/train_feat_cache2.hdf5
2020-02-11 21:26:02,555 Allocated:121.783203125 MB
2020-02-11 21:26:02,556 Cached:3389.25 MB
2020-02-11 21:28:05,011 ==> Epoch[19](400/553): Loss: 0.0707
2020-02-11 21:28:05,013 Allocated:122.03369140625 MB
2020-02-11 21:28:05,014 Cached:8392.625 MB
2020-02-11 21:30:09,767 ==> Epoch[19](450/553): Loss: 0.0888
2020-02-11 21:30:09,769 Allocated:121.15869140625 MB
2020-02-11 21:30:09,769 Cached:7349.0 MB
2020-02-11 21:32:15,299 ==> Epoch[19](500/553): Loss: 0.0681
2020-02-11 21:32:15,301 Allocated:121.90869140625 MB
2020-02-11 21:32:15,301 Cached:7349.0 MB
2020-02-11 21:34:17,825 ==> Epoch[19](550/553): Loss: 0.1070
2020-02-11 21:34:17,827 Allocated:121.15869140625 MB
2020-02-11 21:34:17,827 Cached:7349.0 MB
2020-02-11 21:34:30,412 ===> Epoch 19 Complete: Avg. Loss: 0.1154
2020-02-11 21:34:30,413 ====> Extracting Features
2020-02-11 21:35:07,809 ==> Batch (50/108)
2020-02-11 21:35:30,542 ==> Batch (100/108)
2020-02-11 21:35:35,132 ====> Building faiss index
2020-02-11 21:35:35,474 ====> Calculating recall @ N
2020-02-11 21:35:37,727 ====> Recall@1: 0.5559
2020-02-11 21:35:37,727 ====> Recall@2: 0.6209
2020-02-11 21:35:37,728 ====> Recall@3: 0.6406
2020-02-11 21:35:37,728 ====> Recall@4: 0.6525
2020-02-11 21:35:37,728 ====> Recall@5: 0.6626
2020-02-11 21:35:37,729 ====> Recall@10: 0.6954
2020-02-11 21:35:37,729 ====> Recall@15: 0.7116
2020-02-11 21:35:37,729 ====> Recall@20: 0.7261
2020-02-11 21:35:37,729 ====> Recall@25: 0.7374
2020-02-11 21:35:38,148 ====> Building Cache
2020-02-11 21:35:38,148 feature cache--->>> /home/annora/NetVLAD/output/train_feat_cache2.hdf5
2020-02-11 21:36:57,672 Allocated:119.90869140625 MB
2020-02-11 21:36:57,672 Cached:4158.875 MB
2020-02-11 21:39:44,306 ==> Epoch[20](50/553): Loss: 0.0602
2020-02-11 21:39:44,308 Allocated:122.03369140625 MB
2020-02-11 21:39:44,309 Cached:5991.375 MB
2020-02-11 21:41:52,921 ==> Epoch[20](100/553): Loss: 0.1291
2020-02-11 21:41:52,923 Allocated:121.53369140625 MB
2020-02-11 21:41:52,924 Cached:5991.375 MB
2020-02-11 21:43:53,709 ==> Epoch[20](150/553): Loss: 0.0409
2020-02-11 21:43:53,711 Allocated:122.53369140625 MB
2020-02-11 21:43:53,711 Cached:5991.375 MB
2020-02-11 21:45:18,340 ====> Building Cache
2020-02-11 21:45:18,341 feature cache--->>> /home/annora/NetVLAD/output/train_feat_cache2.hdf5
2020-02-11 21:46:37,559 Allocated:121.158203125 MB
2020-02-11 21:46:37,559 Cached:3397.25 MB
2020-02-11 21:47:56,332 ==> Epoch[20](200/553): Loss: 0.2660
2020-02-11 21:47:56,334 Allocated:121.90869140625 MB
2020-02-11 21:47:56,334 Cached:6942.75 MB
2020-02-11 21:50:05,402 ==> Epoch[20](250/553): Loss: 0.1501
2020-02-11 21:50:05,405 Allocated:122.03369140625 MB
2020-02-11 21:50:05,405 Cached:6942.75 MB
2020-02-11 21:52:29,209 ==> Epoch[20](300/553): Loss: 0.2143
2020-02-11 21:52:29,212 Allocated:121.53369140625 MB
2020-02-11 21:52:29,213 Cached:3191.375 MB
2020-02-11 21:54:45,884 ==> Epoch[20](350/553): Loss: 0.2036
2020-02-11 21:54:45,886 Allocated:121.15869140625 MB
2020-02-11 21:54:45,886 Cached:6081.5 MB
2020-02-11 21:55:32,604 ====> Building Cache
2020-02-11 21:55:32,605 feature cache--->>> /home/annora/NetVLAD/output/train_feat_cache2.hdf5
2020-02-11 21:57:04,307 Allocated:121.158203125 MB
2020-02-11 21:57:04,308 Cached:3422.125 MB
2020-02-11 21:59:19,168 ==> Epoch[20](400/553): Loss: 0.0544
2020-02-11 21:59:19,172 Allocated:122.15869140625 MB
2020-02-11 21:59:19,172 Cached:8458.375 MB
2020-02-11 22:01:20,270 ==> Epoch[20](450/553): Loss: 0.1439
2020-02-11 22:01:20,272 Allocated:121.53369140625 MB
2020-02-11 22:01:20,273 Cached:8458.375 MB
2020-02-11 22:03:33,641 ==> Epoch[20](500/553): Loss: 0.0473
2020-02-11 22:03:33,644 Allocated:123.03369140625 MB
2020-02-11 22:03:33,645 Cached:8458.375 MB
2020-02-11 22:05:29,221 ==> Epoch[20](550/553): Loss: 0.0799
2020-02-11 22:05:29,224 Allocated:121.28369140625 MB
2020-02-11 22:05:29,224 Cached:8458.375 MB
2020-02-11 22:05:40,731 ===> Epoch 20 Complete: Avg. Loss: 0.1187
2020-02-11 22:05:40,732 ====> Extracting Features
2020-02-11 22:06:17,745 ==> Batch (50/108)
2020-02-11 22:06:40,110 ==> Batch (100/108)
2020-02-11 22:06:44,765 ====> Building faiss index
2020-02-11 22:06:45,114 ====> Calculating recall @ N
2020-02-11 22:06:47,537 ====> Recall@1: 0.5733
2020-02-11 22:06:47,537 ====> Recall@2: 0.6241
2020-02-11 22:06:47,538 ====> Recall@3: 0.6414
2020-02-11 22:06:47,538 ====> Recall@4: 0.6525
2020-02-11 22:06:47,539 ====> Recall@5: 0.6646
2020-02-11 22:06:47,539 ====> Recall@10: 0.6959
2020-02-11 22:06:47,539 ====> Recall@15: 0.7168
2020-02-11 22:06:47,540 ====> Recall@20: 0.7328
2020-02-11 22:06:47,540 ====> Recall@25: 0.7426
2020-02-11 22:06:47,991 ====> Building Cache
2020-02-11 22:06:47,991 feature cache--->>> /home/annora/NetVLAD/output/train_feat_cache2.hdf5
2020-02-11 22:08:10,170 Allocated:119.15869140625 MB
2020-02-11 22:08:10,171 Cached:4186.25 MB
2020-02-11 22:11:01,617 ==> Epoch[21](50/553): Loss: 0.0754
2020-02-11 22:11:01,619 Allocated:121.28369140625 MB
2020-02-11 22:11:01,620 Cached:5446.75 MB
2020-02-11 22:13:01,419 ==> Epoch[21](100/553): Loss: 0.1359
2020-02-11 22:13:01,421 Allocated:121.28369140625 MB
2020-02-11 22:13:01,421 Cached:6696.5 MB
2020-02-11 22:15:02,475 ==> Epoch[21](150/553): Loss: 0.1452
2020-02-11 22:15:02,478 Allocated:121.40869140625 MB
2020-02-11 22:15:02,478 Cached:6696.5 MB
2020-02-11 22:16:25,940 ====> Building Cache
2020-02-11 22:16:25,941 feature cache--->>> /home/annora/NetVLAD/output/train_feat_cache2.hdf5
2020-02-11 22:17:48,357 Allocated:121.533203125 MB
2020-02-11 22:17:48,357 Cached:3049.125 MB
2020-02-11 22:19:10,144 ==> Epoch[21](200/553): Loss: 0.1473
2020-02-11 22:19:10,146 Allocated:121.15869140625 MB
2020-02-11 22:19:10,147 Cached:7867.5 MB
2020-02-11 22:21:09,396 ==> Epoch[21](250/553): Loss: 0.1151
2020-02-11 22:21:09,398 Allocated:121.15869140625 MB
2020-02-11 22:21:09,398 Cached:7867.5 MB
2020-02-11 22:23:00,563 ==> Epoch[21](300/553): Loss: 0.0129
2020-02-11 22:23:00,565 Allocated:122.03369140625 MB
2020-02-11 22:23:00,565 Cached:7867.5 MB
2020-02-11 22:24:59,070 ==> Epoch[21](350/553): Loss: 0.1470
2020-02-11 22:24:59,073 Allocated:121.28369140625 MB
2020-02-11 22:24:59,074 Cached:7867.5 MB
2020-02-11 22:25:44,871 ====> Building Cache
2020-02-11 22:25:44,872 feature cache--->>> /home/annora/NetVLAD/output/train_feat_cache2.hdf5
2020-02-11 22:27:05,832 Allocated:122.283203125 MB
2020-02-11 22:27:05,833 Cached:3049.125 MB
2020-02-11 22:29:05,420 ==> Epoch[21](400/553): Loss: 0.1339
2020-02-11 22:29:05,422 Allocated:121.90869140625 MB
2020-02-11 22:29:05,423 Cached:6824.0 MB
2020-02-11 22:31:05,337 ==> Epoch[21](450/553): Loss: 0.0986
2020-02-11 22:31:05,339 Allocated:121.28369140625 MB
2020-02-11 22:31:05,339 Cached:6824.0 MB
2020-02-11 22:33:00,117 ==> Epoch[21](500/553): Loss: 0.1213
2020-02-11 22:33:00,119 Allocated:122.28369140625 MB
2020-02-11 22:33:00,119 Cached:6824.0 MB
2020-02-11 22:34:56,481 ==> Epoch[21](550/553): Loss: 0.1066
2020-02-11 22:34:56,483 Allocated:123.53369140625 MB
2020-02-11 22:34:56,483 Cached:8105.125 MB
2020-02-11 22:35:07,907 ===> Epoch 21 Complete: Avg. Loss: 0.1174
2020-02-11 22:35:07,908 ====> Extracting Features
2020-02-11 22:35:44,281 ==> Batch (50/108)
2020-02-11 22:36:07,681 ==> Batch (100/108)
2020-02-11 22:36:12,022 ====> Building faiss index
2020-02-11 22:36:12,376 ====> Calculating recall @ N
2020-02-11 22:36:14,803 ====> Recall@1: 0.5583
2020-02-11 22:36:14,804 ====> Recall@2: 0.6180
2020-02-11 22:36:14,804 ====> Recall@3: 0.6400
2020-02-11 22:36:14,805 ====> Recall@4: 0.6504
2020-02-11 22:36:14,805 ====> Recall@5: 0.6620
2020-02-11 22:36:14,805 ====> Recall@10: 0.6925
2020-02-11 22:36:14,805 ====> Recall@15: 0.7139
2020-02-11 22:36:14,805 ====> Recall@20: 0.7284
2020-02-11 22:36:14,806 ====> Recall@25: 0.7365
2020-02-11 22:36:15,240 ====> Building Cache
2020-02-11 22:36:15,240 feature cache--->>> /home/annora/NetVLAD/output/train_feat_cache2.hdf5
2020-02-11 22:37:39,485 Allocated:119.28369140625 MB
2020-02-11 22:37:39,486 Cached:4476.25 MB
2020-02-11 22:40:33,029 ==> Epoch[22](50/553): Loss: 0.0935
2020-02-11 22:40:33,032 Allocated:121.53369140625 MB
2020-02-11 22:40:33,032 Cached:6848.5 MB
2020-02-11 22:42:40,330 ==> Epoch[22](100/553): Loss: 0.0318
2020-02-11 22:42:40,332 Allocated:121.15869140625 MB
2020-02-11 22:42:40,332 Cached:3283.625 MB
2020-02-11 22:44:44,683 ==> Epoch[22](150/553): Loss: 0.0823
2020-02-11 22:44:44,685 Allocated:121.28369140625 MB
2020-02-11 22:44:44,686 Cached:3283.625 MB
2020-02-11 22:46:04,510 ====> Building Cache
2020-02-11 22:46:04,511 feature cache--->>> /home/annora/NetVLAD/output/train_feat_cache2.hdf5
2020-02-11 22:47:24,323 Allocated:121.408203125 MB
2020-02-11 22:47:24,323 Cached:2864.25 MB
2020-02-11 22:48:47,359 ==> Epoch[22](200/553): Loss: 0.1222
2020-02-11 22:48:47,362 Allocated:121.28369140625 MB
2020-02-11 22:48:47,363 Cached:4051.625 MB
2020-02-11 22:50:47,948 ==> Epoch[22](250/553): Loss: 0.0652
2020-02-11 22:50:47,950 Allocated:121.28369140625 MB
2020-02-11 22:50:47,951 Cached:5297.0 MB
2020-02-11 22:52:49,250 ==> Epoch[22](300/553): Loss: 0.1311
2020-02-11 22:52:49,252 Allocated:121.28369140625 MB
2020-02-11 22:52:49,252 Cached:9173.0 MB
2020-02-11 22:55:01,366 ==> Epoch[22](350/553): Loss: 0.0752
2020-02-11 22:55:01,368 Allocated:122.53369140625 MB
2020-02-11 22:55:01,369 Cached:9173.0 MB
2020-02-11 22:55:54,127 ====> Building Cache
2020-02-11 22:55:54,129 feature cache--->>> /home/annora/NetVLAD/output/train_feat_cache2.hdf5
2020-02-11 22:57:38,969 Allocated:121.283203125 MB
2020-02-11 22:57:38,969 Cached:3389.25 MB
2020-02-11 22:59:35,260 ==> Epoch[22](400/553): Loss: 0.1494
2020-02-11 22:59:35,262 Allocated:122.03369140625 MB
2020-02-11 22:59:35,262 Cached:7079.125 MB
2020-02-11 23:01:36,873 ==> Epoch[22](450/553): Loss: 0.0930
2020-02-11 23:01:36,876 Allocated:121.40869140625 MB
2020-02-11 23:01:36,876 Cached:7079.125 MB
2020-02-11 23:03:41,713 ==> Epoch[22](500/553): Loss: 0.1077
2020-02-11 23:03:41,715 Allocated:122.03369140625 MB
2020-02-11 23:03:41,715 Cached:3584.25 MB
2020-02-11 23:05:48,587 ==> Epoch[22](550/553): Loss: 0.1248
2020-02-11 23:05:48,589 Allocated:122.90869140625 MB
2020-02-11 23:05:48,589 Cached:5707.875 MB
2020-02-11 23:06:00,257 ===> Epoch 22 Complete: Avg. Loss: 0.1163
2020-02-11 23:06:00,258 ====> Extracting Features
2020-02-11 23:06:37,850 ==> Batch (50/108)
2020-02-11 23:07:00,822 ==> Batch (100/108)
2020-02-11 23:07:05,663 ====> Building faiss index
2020-02-11 23:07:06,028 ====> Calculating recall @ N
2020-02-11 23:07:08,607 ====> Recall@1: 0.5762
2020-02-11 23:07:08,608 ====> Recall@2: 0.6186
2020-02-11 23:07:08,609 ====> Recall@3: 0.6365
2020-02-11 23:07:08,609 ====> Recall@4: 0.6478
2020-02-11 23:07:08,609 ====> Recall@5: 0.6609
2020-02-11 23:07:08,609 ====> Recall@10: 0.6945
2020-02-11 23:07:08,610 ====> Recall@15: 0.7116
2020-02-11 23:07:08,610 ====> Recall@20: 0.7267
2020-02-11 23:07:08,610 ====> Recall@25: 0.7342
2020-02-11 23:07:09,080 ====> Building Cache
2020-02-11 23:07:09,080 feature cache--->>> /home/annora/NetVLAD/output/train_feat_cache2.hdf5
2020-02-11 23:08:33,546 Allocated:119.15869140625 MB
2020-02-11 23:08:33,546 Cached:4150.875 MB
2020-02-11 23:11:22,912 ==> Epoch[23](50/553): Loss: 0.1660
2020-02-11 23:11:22,914 Allocated:121.15869140625 MB
2020-02-11 23:11:22,915 Cached:5249.375 MB
2020-02-11 23:13:26,079 ==> Epoch[23](100/553): Loss: 0.1032
2020-02-11 23:13:26,081 Allocated:121.15869140625 MB
2020-02-11 23:13:26,081 Cached:6486.375 MB
2020-02-11 23:15:23,609 ==> Epoch[23](150/553): Loss: 0.0796
2020-02-11 23:15:23,611 Allocated:122.15869140625 MB
2020-02-11 23:15:23,611 Cached:6486.375 MB
2020-02-11 23:16:46,994 ====> Building Cache
2020-02-11 23:16:46,995 feature cache--->>> /home/annora/NetVLAD/output/train_feat_cache2.hdf5
2020-02-11 23:18:13,343 Allocated:122.908203125 MB
2020-02-11 23:18:13,344 Cached:3421.75 MB
2020-02-11 23:19:29,720 ==> Epoch[23](200/553): Loss: 0.0638
2020-02-11 23:19:29,722 Allocated:121.15869140625 MB
2020-02-11 23:19:29,723 Cached:5809.875 MB
2020-02-11 23:21:28,669 ==> Epoch[23](250/553): Loss: 0.1477
2020-02-11 23:21:28,671 Allocated:121.90869140625 MB
2020-02-11 23:21:28,672 Cached:8303.875 MB
2020-02-11 23:23:35,420 ==> Epoch[23](300/553): Loss: 0.0819
2020-02-11 23:23:35,423 Allocated:122.65869140625 MB
2020-02-11 23:23:35,424 Cached:9566.375 MB
2020-02-11 23:25:34,793 ==> Epoch[23](350/553): Loss: 0.2098
2020-02-11 23:25:34,795 Allocated:121.15869140625 MB
2020-02-11 23:25:34,796 Cached:9566.375 MB
2020-02-11 23:26:18,564 ====> Building Cache
2020-02-11 23:26:18,565 feature cache--->>> /home/annora/NetVLAD/output/train_feat_cache2.hdf5
2020-02-11 23:27:43,143 Allocated:122.408203125 MB
2020-02-11 23:27:43,144 Cached:2825.5 MB
2020-02-11 23:29:40,138 ==> Epoch[23](400/553): Loss: 0.0665
2020-02-11 23:29:40,140 Allocated:121.15869140625 MB
2020-02-11 23:29:40,141 Cached:9043.375 MB
2020-02-11 23:31:41,040 ==> Epoch[23](450/553): Loss: 0.0778
2020-02-11 23:31:41,042 Allocated:121.53369140625 MB
2020-02-11 23:31:41,043 Cached:9043.375 MB
2020-02-11 23:33:36,939 ==> Epoch[23](500/553): Loss: 0.1300
2020-02-11 23:33:36,943 Allocated:121.28369140625 MB
2020-02-11 23:33:36,943 Cached:6106.5 MB
2020-02-11 23:35:37,177 ==> Epoch[23](550/553): Loss: 0.2002
2020-02-11 23:35:37,181 Allocated:122.03369140625 MB
2020-02-11 23:35:37,181 Cached:6106.5 MB
2020-02-11 23:35:49,495 ===> Epoch 23 Complete: Avg. Loss: 0.1176
2020-02-11 23:35:49,499 ====> Extracting Features
2020-02-11 23:36:32,702 ==> Batch (50/108)
2020-02-11 23:36:58,239 ==> Batch (100/108)
2020-02-11 23:37:03,268 ====> Building faiss index
2020-02-11 23:37:03,653 ====> Calculating recall @ N
2020-02-11 23:37:06,024 ====> Recall@1: 0.5707
2020-02-11 23:37:06,025 ====> Recall@2: 0.6206
2020-02-11 23:37:06,025 ====> Recall@3: 0.6380
2020-02-11 23:37:06,026 ====> Recall@4: 0.6513
2020-02-11 23:37:06,026 ====> Recall@5: 0.6612
2020-02-11 23:37:06,026 ====> Recall@10: 0.6933
2020-02-11 23:37:06,026 ====> Recall@15: 0.7142
2020-02-11 23:37:06,026 ====> Recall@20: 0.7299
2020-02-11 23:37:06,026 ====> Recall@25: 0.7371
2020-02-11 23:37:06,463 ====> Building Cache
2020-02-11 23:37:06,463 feature cache--->>> /home/annora/NetVLAD/output/train_feat_cache2.hdf5
2020-02-11 23:38:26,620 Allocated:119.90869140625 MB
2020-02-11 23:38:26,620 Cached:4197.375 MB
2020-02-11 23:41:08,119 ==> Epoch[24](50/553): Loss: 0.0907
2020-02-11 23:41:08,122 Allocated:122.15869140625 MB
2020-02-11 23:41:08,122 Cached:9002.125 MB
2020-02-11 23:43:11,538 ==> Epoch[24](100/553): Loss: 0.0807
2020-02-11 23:43:11,541 Allocated:121.53369140625 MB
2020-02-11 23:43:11,541 Cached:9002.125 MB
2020-02-11 23:45:10,944 ==> Epoch[24](150/553): Loss: 0.1010
2020-02-11 23:45:10,946 Allocated:121.78369140625 MB
2020-02-11 23:45:10,946 Cached:4454.875 MB
2020-02-11 23:46:34,015 ====> Building Cache
2020-02-11 23:46:34,016 feature cache--->>> /home/annora/NetVLAD/output/train_feat_cache2.hdf5
2020-02-11 23:47:54,720 Allocated:121.158203125 MB
2020-02-11 23:47:54,720 Cached:3398.25 MB
2020-02-11 23:49:20,441 ==> Epoch[24](200/553): Loss: 0.2156
2020-02-11 23:49:20,443 Allocated:121.40869140625 MB
2020-02-11 23:49:20,443 Cached:7996.875 MB
2020-02-11 23:51:24,456 ==> Epoch[24](250/553): Loss: 0.1317
2020-02-11 23:51:24,458 Allocated:121.15869140625 MB
2020-02-11 23:51:24,458 Cached:6083.5 MB
2020-02-11 23:53:23,979 ==> Epoch[24](300/553): Loss: 0.0742
2020-02-11 23:53:23,981 Allocated:123.28369140625 MB
2020-02-11 23:53:23,981 Cached:6083.5 MB
2020-02-11 23:55:20,878 ==> Epoch[24](350/553): Loss: 0.1341
2020-02-11 23:55:20,880 Allocated:122.90869140625 MB
2020-02-11 23:55:20,880 Cached:6083.5 MB
2020-02-11 23:56:10,277 ====> Building Cache
2020-02-11 23:56:10,278 feature cache--->>> /home/annora/NetVLAD/output/train_feat_cache2.hdf5
2020-02-11 23:57:33,940 Allocated:121.283203125 MB
2020-02-11 23:57:33,941 Cached:2840.25 MB
2020-02-11 23:59:33,165 ==> Epoch[24](400/553): Loss: 0.1131
2020-02-11 23:59:33,168 Allocated:121.53369140625 MB
2020-02-11 23:59:33,168 Cached:4592.375 MB
2020-02-12 00:01:32,163 ==> Epoch[24](450/553): Loss: 0.0615
2020-02-12 00:01:32,165 Allocated:122.28369140625 MB
2020-02-12 00:01:32,165 Cached:5851.625 MB
2020-02-12 00:03:33,266 ==> Epoch[24](500/553): Loss: 0.1678
2020-02-12 00:03:33,269 Allocated:121.28369140625 MB
2020-02-12 00:03:33,269 Cached:9671.25 MB
2020-02-12 00:05:32,273 ==> Epoch[24](550/553): Loss: 0.0775
2020-02-12 00:05:32,276 Allocated:122.28369140625 MB
2020-02-12 00:05:32,276 Cached:9671.25 MB
2020-02-12 00:05:43,289 ===> Epoch 24 Complete: Avg. Loss: 0.1162
2020-02-12 00:05:43,290 ====> Extracting Features
2020-02-12 00:06:20,864 ==> Batch (50/108)
2020-02-12 00:06:42,994 ==> Batch (100/108)
2020-02-12 00:06:47,013 ====> Building faiss index
2020-02-12 00:06:47,354 ====> Calculating recall @ N
2020-02-12 00:06:49,954 ====> Recall@1: 0.5722
2020-02-12 00:06:49,955 ====> Recall@2: 0.6223
2020-02-12 00:06:49,956 ====> Recall@3: 0.6388
2020-02-12 00:06:49,956 ====> Recall@4: 0.6522
2020-02-12 00:06:49,957 ====> Recall@5: 0.6623
2020-02-12 00:06:49,957 ====> Recall@10: 0.6939
2020-02-12 00:06:49,957 ====> Recall@15: 0.7139
2020-02-12 00:06:49,957 ====> Recall@20: 0.7310
2020-02-12 00:06:49,958 ====> Recall@25: 0.7386
2020-02-12 00:06:50,382 ====> Building Cache
2020-02-12 00:06:50,383 feature cache--->>> /home/annora/NetVLAD/output/train_feat_cache2.hdf5
2020-02-12 00:08:09,685 Allocated:119.15869140625 MB
2020-02-12 00:08:09,685 Cached:4256.0 MB
2020-02-12 00:10:54,469 ==> Epoch[25](50/553): Loss: 0.1072
2020-02-12 00:10:54,471 Allocated:122.28369140625 MB
2020-02-12 00:10:54,472 Cached:6703.5 MB
2020-02-12 00:12:48,833 ==> Epoch[25](100/553): Loss: 0.0326
2020-02-12 00:12:48,835 Allocated:121.15869140625 MB
2020-02-12 00:12:48,835 Cached:7956.375 MB
2020-02-12 00:14:47,524 ==> Epoch[25](150/553): Loss: 0.0769
2020-02-12 00:14:47,526 Allocated:121.28369140625 MB
2020-02-12 00:14:47,526 Cached:7956.375 MB
2020-02-12 00:16:12,014 ====> Building Cache
2020-02-12 00:16:12,015 feature cache--->>> /home/annora/NetVLAD/output/train_feat_cache2.hdf5
2020-02-12 00:17:32,847 Allocated:121.158203125 MB
2020-02-12 00:17:32,847 Cached:3084.5 MB
2020-02-12 00:18:48,938 ==> Epoch[25](200/553): Loss: 0.1401
2020-02-12 00:18:48,940 Allocated:121.65869140625 MB
2020-02-12 00:18:48,940 Cached:6643.875 MB
2020-02-12 00:20:51,186 ==> Epoch[25](250/553): Loss: 0.0869
2020-02-12 00:20:51,189 Allocated:121.15869140625 MB
2020-02-12 00:20:51,189 Cached:9072.0 MB
2020-02-12 00:22:51,087 ==> Epoch[25](300/553): Loss: 0.2259
2020-02-12 00:22:51,089 Allocated:121.15869140625 MB
2020-02-12 00:22:51,089 Cached:3199.75 MB
2020-02-12 00:24:56,515 ==> Epoch[25](350/553): Loss: 0.0610
2020-02-12 00:24:56,518 Allocated:122.15869140625 MB
2020-02-12 00:24:56,518 Cached:5455.375 MB
2020-02-12 00:25:41,223 ====> Building Cache
2020-02-12 00:25:41,223 feature cache--->>> /home/annora/NetVLAD/output/train_feat_cache2.hdf5
2020-02-12 00:27:01,562 Allocated:122.908203125 MB
2020-02-12 00:27:01,562 Cached:2836.0 MB
2020-02-12 00:29:06,542 ==> Epoch[25](400/553): Loss: 0.1269
2020-02-12 00:29:06,546 Allocated:122.65869140625 MB
2020-02-12 00:29:06,546 Cached:6471.75 MB
2020-02-12 00:31:15,648 ==> Epoch[25](450/553): Loss: 0.1171
2020-02-12 00:31:15,652 Allocated:122.15869140625 MB
2020-02-12 00:31:15,652 Cached:4807.25 MB
2020-02-12 00:33:18,506 ==> Epoch[25](500/553): Loss: 0.1347
2020-02-12 00:33:18,509 Allocated:121.15869140625 MB
2020-02-12 00:33:18,509 Cached:4810.25 MB
2020-02-12 00:35:18,800 ==> Epoch[25](550/553): Loss: 0.0885
2020-02-12 00:35:18,802 Allocated:121.90869140625 MB
2020-02-12 00:35:18,803 Cached:4811.25 MB
2020-02-12 00:35:30,468 ===> Epoch 25 Complete: Avg. Loss: 0.1208
2020-02-12 00:35:30,469 ====> Extracting Features
2020-02-12 00:36:09,248 ==> Batch (50/108)
2020-02-12 00:36:30,622 ==> Batch (100/108)
2020-02-12 00:36:34,967 ====> Building faiss index
2020-02-12 00:36:35,332 ====> Calculating recall @ N
2020-02-12 00:36:37,615 ====> Recall@1: 0.5797
2020-02-12 00:36:37,616 ====> Recall@2: 0.6226
2020-02-12 00:36:37,616 ====> Recall@3: 0.6400
2020-02-12 00:36:37,617 ====> Recall@4: 0.6533
2020-02-12 00:36:37,617 ====> Recall@5: 0.6661
2020-02-12 00:36:37,617 ====> Recall@10: 0.6936
2020-02-12 00:36:37,617 ====> Recall@15: 0.7188
2020-02-12 00:36:37,617 ====> Recall@20: 0.7287
2020-02-12 00:36:37,617 ====> Recall@25: 0.7374
2020-02-12 00:36:38,366 ====> Building Cache
2020-02-12 00:36:38,367 feature cache--->>> /home/annora/NetVLAD/output/train_feat_cache2.hdf5
2020-02-12 00:37:57,668 Allocated:119.78369140625 MB
2020-02-12 00:37:57,669 Cached:4159.0 MB
2020-02-12 00:40:41,655 ==> Epoch[26](50/553): Loss: 0.0821
2020-02-12 00:40:41,657 Allocated:121.15869140625 MB
2020-02-12 00:40:41,658 Cached:9057.125 MB
2020-02-12 00:42:42,089 ==> Epoch[26](100/553): Loss: 0.1083
2020-02-12 00:42:42,091 Allocated:121.28369140625 MB
2020-02-12 00:42:42,092 Cached:9057.125 MB
2020-02-12 00:44:47,751 ==> Epoch[26](150/553): Loss: 0.0540
2020-02-12 00:44:47,753 Allocated:122.15869140625 MB
2020-02-12 00:44:47,753 Cached:9057.125 MB
2020-02-12 00:46:07,484 ====> Building Cache
2020-02-12 00:46:07,485 feature cache--->>> /home/annora/NetVLAD/output/train_feat_cache2.hdf5
2020-02-12 00:47:27,015 Allocated:121.158203125 MB
2020-02-12 00:47:27,016 Cached:3397.375 MB
2020-02-12 00:48:53,259 ==> Epoch[26](200/553): Loss: 0.1378
2020-02-12 00:48:53,261 Allocated:121.28369140625 MB
2020-02-12 00:48:53,261 Cached:5729.25 MB
2020-02-12 00:50:53,279 ==> Epoch[26](250/553): Loss: 0.0670
2020-02-12 00:50:53,282 Allocated:121.40869140625 MB
2020-02-12 00:50:53,282 Cached:8167.0 MB
2020-02-12 00:52:46,698 ==> Epoch[26](300/553): Loss: 0.1368
2020-02-12 00:52:46,700 Allocated:121.28369140625 MB
2020-02-12 00:52:46,700 Cached:8167.0 MB
2020-02-12 00:54:54,170 ==> Epoch[26](350/553): Loss: 0.1063
2020-02-12 00:54:54,173 Allocated:121.90869140625 MB
2020-02-12 00:54:54,173 Cached:8167.0 MB
2020-02-12 00:55:40,032 ====> Building Cache
2020-02-12 00:55:40,033 feature cache--->>> /home/annora/NetVLAD/output/train_feat_cache2.hdf5
2020-02-12 00:57:00,573 Allocated:123.158203125 MB
2020-02-12 00:57:00,574 Cached:3397.375 MB
2020-02-12 00:58:59,630 ==> Epoch[26](400/553): Loss: 0.0734
2020-02-12 00:58:59,633 Allocated:122.65869140625 MB
2020-02-12 00:58:59,633 Cached:5948.0 MB
2020-02-12 01:01:10,195 ==> Epoch[26](450/553): Loss: 0.1652
2020-02-12 01:01:10,197 Allocated:121.15869140625 MB
2020-02-12 01:01:10,197 Cached:5948.0 MB
2020-02-12 01:03:16,140 ==> Epoch[26](500/553): Loss: 0.0887
2020-02-12 01:03:16,142 Allocated:122.65869140625 MB
2020-02-12 01:03:16,142 Cached:9823.0 MB
2020-02-12 01:05:15,436 ==> Epoch[26](550/553): Loss: 0.1557
2020-02-12 01:05:15,439 Allocated:122.40869140625 MB
2020-02-12 01:05:15,440 Cached:9823.0 MB
2020-02-12 01:05:26,941 ===> Epoch 26 Complete: Avg. Loss: 0.1208
2020-02-12 01:05:26,943 ====> Extracting Features
2020-02-12 01:06:09,515 ==> Batch (50/108)
2020-02-12 01:06:36,939 ==> Batch (100/108)
2020-02-12 01:06:42,009 ====> Building faiss index
2020-02-12 01:06:42,498 ====> Calculating recall @ N
2020-02-12 01:06:44,999 ====> Recall@1: 0.5780
2020-02-12 01:06:44,999 ====> Recall@2: 0.6214
2020-02-12 01:06:45,000 ====> Recall@3: 0.6394
2020-02-12 01:06:45,000 ====> Recall@4: 0.6501
2020-02-12 01:06:45,000 ====> Recall@5: 0.6626
2020-02-12 01:06:45,001 ====> Recall@10: 0.6930
2020-02-12 01:06:45,001 ====> Recall@15: 0.7183
2020-02-12 01:06:45,001 ====> Recall@20: 0.7293
2020-02-12 01:06:45,001 ====> Recall@25: 0.7368
2020-02-12 01:06:45,446 ====> Building Cache
2020-02-12 01:06:45,446 feature cache--->>> /home/annora/NetVLAD/output/train_feat_cache2.hdf5
2020-02-12 01:08:14,866 Allocated:119.78369140625 MB
2020-02-12 01:08:14,866 Cached:4313.0 MB
2020-02-12 01:11:02,208 ==> Epoch[27](50/553): Loss: 0.0765
2020-02-12 01:11:02,211 Allocated:121.15869140625 MB
2020-02-12 01:11:02,211 Cached:9116.625 MB
2020-02-12 01:12:59,466 ==> Epoch[27](100/553): Loss: 0.0665
2020-02-12 01:12:59,468 Allocated:122.40869140625 MB
2020-02-12 01:12:59,469 Cached:4746.125 MB
2020-02-12 01:14:55,505 ==> Epoch[27](150/553): Loss: 0.1331
2020-02-12 01:14:55,509 Allocated:121.15869140625 MB
2020-02-12 01:14:55,510 Cached:4746.125 MB
2020-02-12 01:16:15,010 ====> Building Cache
2020-02-12 01:16:15,011 feature cache--->>> /home/annora/NetVLAD/output/train_feat_cache2.hdf5
2020-02-12 01:17:35,119 Allocated:121.658203125 MB
2020-02-12 01:17:35,120 Cached:4154.375 MB
2020-02-12 01:18:52,370 ==> Epoch[27](200/553): Loss: 0.2018
2020-02-12 01:18:52,373 Allocated:121.28369140625 MB
2020-02-12 01:18:52,374 Cached:7721.125 MB
2020-02-12 01:20:48,549 ==> Epoch[27](250/553): Loss: 0.0820
2020-02-12 01:20:48,551 Allocated:121.15869140625 MB
2020-02-12 01:20:48,552 Cached:10173.75 MB
2020-02-12 01:22:45,574 ==> Epoch[27](300/553): Loss: 0.2286
2020-02-12 01:22:45,577 Allocated:122.40869140625 MB
2020-02-12 01:22:45,577 Cached:10173.75 MB
2020-02-12 01:24:40,891 ==> Epoch[27](350/553): Loss: 0.1801
2020-02-12 01:24:40,894 Allocated:122.78369140625 MB
2020-02-12 01:24:40,894 Cached:10173.75 MB
2020-02-12 01:25:24,270 ====> Building Cache
2020-02-12 01:25:24,271 feature cache--->>> /home/annora/NetVLAD/output/train_feat_cache2.hdf5
2020-02-12 01:26:45,549 Allocated:121.533203125 MB
2020-02-12 01:26:45,549 Cached:4154.375 MB
2020-02-12 01:28:43,926 ==> Epoch[27](400/553): Loss: 0.1285
2020-02-12 01:28:43,928 Allocated:121.28369140625 MB
2020-02-12 01:28:43,928 Cached:10087.625 MB
2020-02-12 01:30:42,003 ==> Epoch[27](450/553): Loss: 0.1078
2020-02-12 01:30:42,005 Allocated:121.65869140625 MB
2020-02-12 01:30:42,005 Cached:8229.25 MB
2020-02-12 01:32:40,739 ==> Epoch[27](500/553): Loss: 0.0507
2020-02-12 01:32:40,741 Allocated:121.15869140625 MB
2020-02-12 01:32:40,741 Cached:8229.25 MB
2020-02-12 01:34:38,885 ==> Epoch[27](550/553): Loss: 0.0739
2020-02-12 01:34:38,888 Allocated:122.65869140625 MB
2020-02-12 01:34:38,888 Cached:8229.25 MB
2020-02-12 01:34:50,260 ===> Epoch 27 Complete: Avg. Loss: 0.1209
2020-02-12 01:34:50,262 ====> Extracting Features
2020-02-12 01:35:24,757 ==> Batch (50/108)
2020-02-12 01:35:50,698 ==> Batch (100/108)
2020-02-12 01:35:54,728 ====> Building faiss index
2020-02-12 01:35:55,078 ====> Calculating recall @ N
2020-02-12 01:35:57,379 ====> Recall@1: 0.5803
2020-02-12 01:35:57,380 ====> Recall@2: 0.6232
2020-02-12 01:35:57,380 ====> Recall@3: 0.6394
2020-02-12 01:35:57,380 ====> Recall@4: 0.6530
2020-02-12 01:35:57,381 ====> Recall@5: 0.6652
2020-02-12 01:35:57,381 ====> Recall@10: 0.6945
2020-02-12 01:35:57,381 ====> Recall@15: 0.7186
2020-02-12 01:35:57,381 ====> Recall@20: 0.7281
2020-02-12 01:35:57,381 ====> Recall@25: 0.7386
2020-02-12 01:35:57,810 ====> Building Cache
2020-02-12 01:35:57,810 feature cache--->>> /home/annora/NetVLAD/output/train_feat_cache2.hdf5
2020-02-12 01:37:17,559 Allocated:119.15869140625 MB
2020-02-12 01:37:17,560 Cached:4218.625 MB
2020-02-12 01:40:02,491 ==> Epoch[28](50/553): Loss: 0.0564
2020-02-12 01:40:02,493 Allocated:122.28369140625 MB
2020-02-12 01:40:02,494 Cached:9104.0 MB
2020-02-12 01:41:59,832 ==> Epoch[28](100/553): Loss: 0.0928
2020-02-12 01:41:59,834 Allocated:121.15869140625 MB
2020-02-12 01:41:59,834 Cached:9104.0 MB
2020-02-12 01:43:56,649 ==> Epoch[28](150/553): Loss: 0.0750
2020-02-12 01:43:56,651 Allocated:121.28369140625 MB
2020-02-12 01:43:56,651 Cached:9104.0 MB
2020-02-12 01:45:12,019 ====> Building Cache
2020-02-12 01:45:12,019 feature cache--->>> /home/annora/NetVLAD/output/train_feat_cache2.hdf5
2020-02-12 01:46:32,060 Allocated:121.908203125 MB
2020-02-12 01:46:32,061 Cached:3049.125 MB
2020-02-12 01:48:01,284 ==> Epoch[28](200/553): Loss: 0.1185
2020-02-12 01:48:01,286 Allocated:121.15869140625 MB
2020-02-12 01:48:01,286 Cached:9036.5 MB
2020-02-12 01:49:56,789 ==> Epoch[28](250/553): Loss: 0.1835
2020-02-12 01:49:56,791 Allocated:121.90869140625 MB
2020-02-12 01:49:56,791 Cached:9036.5 MB
2020-02-12 01:51:51,354 ==> Epoch[28](300/553): Loss: 0.1981
2020-02-12 01:51:51,356 Allocated:121.53369140625 MB
2020-02-12 01:51:51,356 Cached:9036.5 MB
2020-02-12 01:53:50,112 ==> Epoch[28](350/553): Loss: 0.1785
2020-02-12 01:53:50,114 Allocated:121.15869140625 MB
2020-02-12 01:53:50,115 Cached:9036.5 MB
2020-02-12 01:54:34,827 ====> Building Cache
2020-02-12 01:54:34,828 feature cache--->>> /home/annora/NetVLAD/output/train_feat_cache2.hdf5
2020-02-12 01:55:58,734 Allocated:121.783203125 MB
2020-02-12 01:55:58,735 Cached:3389.25 MB
2020-02-12 01:58:00,193 ==> Epoch[28](400/553): Loss: 0.1204
2020-02-12 01:58:00,195 Allocated:121.15869140625 MB
2020-02-12 01:58:00,195 Cached:7040.875 MB
2020-02-12 01:59:58,067 ==> Epoch[28](450/553): Loss: 0.1572
2020-02-12 01:59:58,069 Allocated:121.15869140625 MB
2020-02-12 01:59:58,069 Cached:4897.75 MB
2020-02-12 02:02:01,122 ==> Epoch[28](500/553): Loss: 0.1451
2020-02-12 02:02:01,124 Allocated:121.53369140625 MB
2020-02-12 02:02:01,125 Cached:4899.75 MB
2020-02-12 02:03:58,162 ==> Epoch[28](550/553): Loss: 0.1287
2020-02-12 02:03:58,164 Allocated:122.53369140625 MB
2020-02-12 02:03:58,165 Cached:4899.75 MB
2020-02-12 02:04:09,218 ===> Epoch 28 Complete: Avg. Loss: 0.1213
2020-02-12 02:04:09,219 ====> Extracting Features
2020-02-12 02:04:44,292 ==> Batch (50/108)
2020-02-12 02:05:06,784 ==> Batch (100/108)
2020-02-12 02:05:10,966 ====> Building faiss index
2020-02-12 02:05:11,299 ====> Calculating recall @ N
2020-02-12 02:05:13,461 ====> Recall@1: 0.5757
2020-02-12 02:05:13,461 ====> Recall@2: 0.6229
2020-02-12 02:05:13,462 ====> Recall@3: 0.6394
2020-02-12 02:05:13,462 ====> Recall@4: 0.6525
2020-02-12 02:05:13,462 ====> Recall@5: 0.6649
2020-02-12 02:05:13,462 ====> Recall@10: 0.6948
2020-02-12 02:05:13,463 ====> Recall@15: 0.7174
2020-02-12 02:05:13,463 ====> Recall@20: 0.7301
2020-02-12 02:05:13,463 ====> Recall@25: 0.7414
2020-02-12 02:05:13,900 ====> Building Cache
2020-02-12 02:05:13,900 feature cache--->>> /home/annora/NetVLAD/output/train_feat_cache2.hdf5
2020-02-12 02:06:32,922 Allocated:119.28369140625 MB
2020-02-12 02:06:32,922 Cached:4150.875 MB
2020-02-12 02:09:10,802 ==> Epoch[29](50/553): Loss: 0.0990
2020-02-12 02:09:10,804 Allocated:121.15869140625 MB
2020-02-12 02:09:10,805 Cached:6589.0 MB
2020-02-12 02:11:02,714 ==> Epoch[29](100/553): Loss: 0.1070
2020-02-12 02:11:02,716 Allocated:121.15869140625 MB
2020-02-12 02:11:02,716 Cached:9061.75 MB
2020-02-12 02:12:59,948 ==> Epoch[29](150/553): Loss: 0.0780
2020-02-12 02:12:59,950 Allocated:121.40869140625 MB
2020-02-12 02:12:59,950 Cached:9061.75 MB
2020-02-12 02:14:21,309 ====> Building Cache
2020-02-12 02:14:21,310 feature cache--->>> /home/annora/NetVLAD/output/train_feat_cache2.hdf5
2020-02-12 02:15:40,627 Allocated:121.283203125 MB
2020-02-12 02:15:40,628 Cached:3049.125 MB
2020-02-12 02:16:55,505 ==> Epoch[29](200/553): Loss: 0.1563
2020-02-12 02:16:55,508 Allocated:122.78369140625 MB
2020-02-12 02:16:55,508 Cached:5465.0 MB
2020-02-12 02:18:46,847 ==> Epoch[29](250/553): Loss: 0.1118
2020-02-12 02:18:46,849 Allocated:121.15869140625 MB
2020-02-12 02:18:46,849 Cached:6690.25 MB
2020-02-12 02:20:42,762 ==> Epoch[29](300/553): Loss: 0.1742
2020-02-12 02:20:42,764 Allocated:121.15869140625 MB
2020-02-12 02:20:42,764 Cached:7924.0 MB
2020-02-12 02:22:37,500 ==> Epoch[29](350/553): Loss: 0.1428
2020-02-12 02:22:37,502 Allocated:121.15869140625 MB
2020-02-12 02:22:37,502 Cached:7924.0 MB
2020-02-12 02:23:20,348 ====> Building Cache
2020-02-12 02:23:20,348 feature cache--->>> /home/annora/NetVLAD/output/train_feat_cache2.hdf5
2020-02-12 02:24:39,838 Allocated:121.158203125 MB
2020-02-12 02:24:39,839 Cached:3049.125 MB
2020-02-12 02:26:31,196 ==> Epoch[29](400/553): Loss: 0.1109
2020-02-12 02:26:31,198 Allocated:122.03369140625 MB
2020-02-12 02:26:31,199 Cached:9081.25 MB
2020-02-12 02:28:29,221 ==> Epoch[29](450/553): Loss: 0.1008
2020-02-12 02:28:29,224 Allocated:121.15869140625 MB
2020-02-12 02:28:29,224 Cached:9239.875 MB
2020-02-12 02:30:22,663 ==> Epoch[29](500/553): Loss: 0.1062
2020-02-12 02:30:22,665 Allocated:122.40869140625 MB
2020-02-12 02:30:22,665 Cached:9239.875 MB
2020-02-12 02:32:18,200 ==> Epoch[29](550/553): Loss: 0.0869
2020-02-12 02:32:18,201 Allocated:122.40869140625 MB
2020-02-12 02:32:18,202 Cached:9239.875 MB
2020-02-12 02:32:29,281 ===> Epoch 29 Complete: Avg. Loss: 0.1213
2020-02-12 02:32:29,283 ====> Extracting Features
2020-02-12 02:33:06,832 ==> Batch (50/108)
2020-02-12 02:33:30,877 ==> Batch (100/108)
2020-02-12 02:33:35,334 ====> Building faiss index
2020-02-12 02:33:35,716 ====> Calculating recall @ N
2020-02-12 02:33:38,227 ====> Recall@1: 0.5786
2020-02-12 02:33:38,228 ====> Recall@2: 0.6238
2020-02-12 02:33:38,228 ====> Recall@3: 0.6414
2020-02-12 02:33:38,228 ====> Recall@4: 0.6536
2020-02-12 02:33:38,229 ====> Recall@5: 0.6638
2020-02-12 02:33:38,229 ====> Recall@10: 0.6968
2020-02-12 02:33:38,229 ====> Recall@15: 0.7157
2020-02-12 02:33:38,229 ====> Recall@20: 0.7296
2020-02-12 02:33:38,229 ====> Recall@25: 0.7414
2020-02-12 02:33:38,693 ====> Building Cache
2020-02-12 02:33:38,694 feature cache--->>> /home/annora/NetVLAD/output/train_feat_cache2.hdf5
2020-02-12 02:34:59,943 Allocated:120.28369140625 MB
2020-02-12 02:34:59,944 Cached:4192.5 MB
2020-02-12 02:37:31,880 ==> Epoch[30](50/553): Loss: 0.0826
2020-02-12 02:37:31,882 Allocated:122.40869140625 MB
2020-02-12 02:37:31,883 Cached:10166.125 MB
2020-02-12 02:39:26,608 ==> Epoch[30](100/553): Loss: 0.0295
2020-02-12 02:39:26,611 Allocated:121.53369140625 MB
2020-02-12 02:39:26,611 Cached:10166.125 MB
2020-02-12 02:41:35,473 ==> Epoch[30](150/553): Loss: 0.1201
2020-02-12 02:41:35,475 Allocated:122.03369140625 MB
2020-02-12 02:41:35,475 Cached:10166.125 MB
2020-02-12 02:42:53,926 ====> Building Cache
2020-02-12 02:42:53,926 feature cache--->>> /home/annora/NetVLAD/output/train_feat_cache2.hdf5
2020-02-12 02:44:13,681 Allocated:121.158203125 MB
2020-02-12 02:44:13,682 Cached:2836.625 MB
2020-02-12 02:45:34,960 ==> Epoch[30](200/553): Loss: 0.1562
2020-02-12 02:45:34,962 Allocated:122.03369140625 MB
2020-02-12 02:45:34,962 Cached:4060.125 MB
2020-02-12 02:47:29,681 ==> Epoch[30](250/553): Loss: 0.1366
2020-02-12 02:47:29,683 Allocated:121.15869140625 MB
2020-02-12 02:47:29,683 Cached:5288.5 MB
2020-02-12 02:49:20,964 ==> Epoch[30](300/553): Loss: 0.1361
2020-02-12 02:49:20,966 Allocated:121.53369140625 MB
2020-02-12 02:49:20,967 Cached:5288.5 MB
2020-02-12 02:51:17,176 ==> Epoch[30](350/553): Loss: 0.2009
2020-02-12 02:51:17,178 Allocated:122.03369140625 MB
2020-02-12 02:51:17,178 Cached:5288.5 MB
2020-02-12 02:52:00,311 ====> Building Cache
2020-02-12 02:52:00,313 feature cache--->>> /home/annora/NetVLAD/output/train_feat_cache2.hdf5
2020-02-12 02:53:22,370 Allocated:122.033203125 MB
2020-02-12 02:53:22,370 Cached:3397.5 MB
2020-02-12 02:55:13,988 ==> Epoch[30](400/553): Loss: 0.1407
2020-02-12 02:55:13,990 Allocated:122.15869140625 MB
2020-02-12 02:55:13,990 Cached:8246.875 MB
2020-02-12 02:57:18,855 ==> Epoch[30](450/553): Loss: 0.1677
2020-02-12 02:57:18,858 Allocated:122.40869140625 MB
2020-02-12 02:57:18,858 Cached:3312.125 MB
2020-02-12 02:59:25,884 ==> Epoch[30](500/553): Loss: 0.1759
2020-02-12 02:59:25,888 Allocated:121.28369140625 MB
2020-02-12 02:59:25,889 Cached:7131.75 MB
2020-02-12 03:01:30,262 ==> Epoch[30](550/553): Loss: 0.1187
2020-02-12 03:01:30,264 Allocated:121.28369140625 MB
2020-02-12 03:01:30,264 Cached:7131.75 MB
2020-02-12 03:01:41,551 ===> Epoch 30 Complete: Avg. Loss: 0.1273
2020-02-12 03:01:41,554 ====> Extracting Features
2020-02-12 03:02:17,305 ==> Batch (50/108)
2020-02-12 03:02:40,674 ==> Batch (100/108)
2020-02-12 03:02:45,219 ====> Building faiss index
2020-02-12 03:02:45,572 ====> Calculating recall @ N
2020-02-12 03:02:47,888 ====> Recall@1: 0.5762
2020-02-12 03:02:47,888 ====> Recall@2: 0.6232
2020-02-12 03:02:47,889 ====> Recall@3: 0.6380
2020-02-12 03:02:47,889 ====> Recall@4: 0.6530
2020-02-12 03:02:47,889 ====> Recall@5: 0.6638
2020-02-12 03:02:47,889 ====> Recall@10: 0.6930
2020-02-12 03:02:47,890 ====> Recall@15: 0.7165
2020-02-12 03:02:47,890 ====> Recall@20: 0.7296
2020-02-12 03:02:47,890 ====> Recall@25: 0.7400
2020-02-12 03:02:48,331 => Best Recall@5: 0.6661
2020-02-12 03:07:48,432 Finished...
