2020-02-08 17:29:38,420 Namespace(arch='alexnet', batchSize=12, cacheBatchSize=96, cachePath='/home/annora/NetVLAD/output/', cacheRefreshRate=3000, ckpt='best', contilearn=True, dataPath='/home/annora/NetVLAD/output/data/', dataset='robotcar', evalEvery=1, fromscratch=False, fromtask='/home/annora/NetVLAD/output/runs/2020-02-05-12-04-10_alexnet_max', lr=0.001, lrGamma=0.5, lrStep=5, margin=0.1, mode='train', momentum=0.9, nEpochs=30, nGPU=1, nocuda=False, num_clusters=64, optim='SGD', patience=10, pooling='max', premodel='imagenet', resume='', runsPath='/home/annora/NetVLAD/output/runs/', savePath='checkpoints', seed=123, split='val', start_epoch=0, threads=8, vladv2=False, weightDecay=0.001)
2020-02-08 17:29:38,497 ===> Loading dataset(s)
2020-02-08 17:29:38,498 trainfile ------>>>>>> oxRobocar_single_train.mat
2020-02-08 17:29:41,257 ====> Training set: oxRobocar_single_train.mat, query set count: 6636
2020-02-08 17:29:41,359 ===> Evaluating on val set: oxRobocar_single_val.mat, query count: 3450
2020-02-08 17:29:41,359 ===> Building model
2020-02-08 17:29:41,408 encoder moder:
AlexNet(
  (conv1): Sequential(
    (0): Conv2d(3, 64, kernel_size=(11, 11), stride=(4, 4), padding=(2, 2))
    (1): ReLU(inplace)
    (2): MaxPool2d(kernel_size=3, stride=2, padding=0, dilation=1, ceil_mode=False)
  )
  (conv2): Sequential(
    (0): Conv2d(64, 192, kernel_size=(5, 5), stride=(1, 1), padding=(2, 2))
    (1): ReLU(inplace)
    (2): MaxPool2d(kernel_size=3, stride=2, padding=0, dilation=1, ceil_mode=False)
  )
  (conv3): Sequential(
    (0): Conv2d(192, 384, kernel_size=(3, 3), stride=(1, 1), padding=(1, 1))
    (1): ReLU(inplace)
  )
  (conv4): Sequential(
    (0): Conv2d(384, 256, kernel_size=(3, 3), stride=(1, 1), padding=(1, 1))
    (1): ReLU(inplace)
  )
  (conv5): Sequential(
    (0): Conv2d(256, 256, kernel_size=(3, 3), stride=(1, 1), padding=(1, 1))
  )
)
2020-02-08 17:29:45,749 => loading checkpoint '/home/annora/NetVLAD/output/runs/2020-02-05-12-04-10_alexnet_max/checkpoints/model_best.pth.tar'
2020-02-08 17:29:45,851 => loaded checkpoint '/home/annora/NetVLAD/output/runs/2020-02-05-12-04-10_alexnet_max/checkpoints/model_best.pth.tar' 
2020-02-08 17:29:45,852 ===> Training model
2020-02-08 17:29:45,854 ===> Saving state to: /home/annora/NetVLAD/output/runs/2020-02-08-17-29-45_alexnet_max
2020-02-08 17:29:45,854 ====> Building Cache
2020-02-08 17:29:45,855 feature cache--->>> /home/annora/NetVLAD/output/train_feat_cache2.hdf5
2020-02-08 17:31:05,270 Allocated:99.34619140625 MB
2020-02-08 17:31:05,271 Cached:2864.375 MB
2020-02-08 17:33:30,177 ==> Epoch[1](50/553): Loss: 0.0681
2020-02-08 17:33:30,179 Allocated:121.40869140625 MB
2020-02-08 17:33:30,179 Cached:6434.875 MB
2020-02-08 17:35:16,316 ==> Epoch[1](100/553): Loss: 0.0377
2020-02-08 17:35:16,317 Allocated:120.65869140625 MB
2020-02-08 17:35:16,318 Cached:7665.5 MB
2020-02-08 17:37:05,553 ==> Epoch[1](150/553): Loss: 0.0080
2020-02-08 17:37:05,554 Allocated:122.53369140625 MB
2020-02-08 17:37:05,554 Cached:7665.5 MB
2020-02-08 17:38:19,267 ====> Building Cache
2020-02-08 17:38:19,267 feature cache--->>> /home/annora/NetVLAD/output/train_feat_cache2.hdf5
2020-02-08 17:39:44,856 Allocated:121.533203125 MB
2020-02-08 17:39:44,857 Cached:2944.375 MB
2020-02-08 17:40:46,609 ==> Epoch[1](200/553): Loss: 0.0519
2020-02-08 17:40:46,610 Allocated:121.28369140625 MB
2020-02-08 17:40:46,610 Cached:2945.375 MB
2020-02-08 17:42:29,733 ==> Epoch[1](250/553): Loss: 0.2534
2020-02-08 17:42:29,734 Allocated:121.65869140625 MB
2020-02-08 17:42:29,735 Cached:4131.375 MB
2020-02-08 17:44:24,428 ==> Epoch[1](300/553): Loss: 0.2557
2020-02-08 17:44:24,429 Allocated:121.90869140625 MB
2020-02-08 17:44:24,429 Cached:4131.375 MB
2020-02-08 17:46:15,109 ==> Epoch[1](350/553): Loss: 0.2458
2020-02-08 17:46:15,110 Allocated:121.28369140625 MB
2020-02-08 17:46:15,110 Cached:4131.375 MB
2020-02-08 17:46:52,818 ====> Building Cache
2020-02-08 17:46:52,818 feature cache--->>> /home/annora/NetVLAD/output/train_feat_cache2.hdf5
2020-02-08 17:48:13,890 Allocated:121.408203125 MB
2020-02-08 17:48:13,890 Cached:2917.75 MB
2020-02-08 17:49:53,151 ==> Epoch[1](400/553): Loss: 0.0673
2020-02-08 17:49:53,153 Allocated:120.53369140625 MB
2020-02-08 17:49:53,153 Cached:6530.875 MB
2020-02-08 17:51:47,638 ==> Epoch[1](450/553): Loss: 0.0361
2020-02-08 17:51:47,640 Allocated:121.53369140625 MB
2020-02-08 17:51:47,640 Cached:4807.5 MB
2020-02-08 17:53:42,763 ==> Epoch[1](500/553): Loss: 0.0257
2020-02-08 17:53:42,764 Allocated:121.53369140625 MB
2020-02-08 17:53:42,764 Cached:4807.5 MB
2020-02-08 17:55:30,713 ==> Epoch[1](550/553): Loss: 0.0511
2020-02-08 17:55:30,714 Allocated:120.53369140625 MB
2020-02-08 17:55:30,714 Cached:4807.5 MB
2020-02-08 17:55:40,964 ===> Epoch 1 Complete: Avg. Loss: 0.1123
2020-02-08 17:55:40,965 ====> Extracting Features
2020-02-08 17:56:16,690 ==> Batch (50/108)
2020-02-08 17:56:39,791 ==> Batch (100/108)
2020-02-08 17:56:43,124 ====> Building faiss index
2020-02-08 17:56:43,126 ====> Calculating recall @ N
2020-02-08 17:56:43,573 ====> Recall@1: 0.7394
2020-02-08 17:56:43,574 ====> Recall@2: 0.7522
2020-02-08 17:56:43,574 ====> Recall@3: 0.7617
2020-02-08 17:56:43,575 ====> Recall@4: 0.7672
2020-02-08 17:56:43,575 ====> Recall@5: 0.7704
2020-02-08 17:56:43,575 ====> Recall@10: 0.7803
2020-02-08 17:56:43,575 ====> Recall@15: 0.7875
2020-02-08 17:56:43,575 ====> Recall@20: 0.7922
2020-02-08 17:56:43,575 ====> Recall@25: 0.7968
2020-02-08 17:56:43,824 ====> Building Cache
2020-02-08 17:56:43,824 feature cache--->>> /home/annora/NetVLAD/output/train_feat_cache2.hdf5
2020-02-08 17:58:03,031 Allocated:120.03369140625 MB
2020-02-08 17:58:03,032 Cached:4183.125 MB
2020-02-08 18:00:18,897 ==> Epoch[2](50/553): Loss: 0.0153
2020-02-08 18:00:18,899 Allocated:121.53369140625 MB
2020-02-08 18:00:18,899 Cached:4184.125 MB
2020-02-08 18:01:56,149 ==> Epoch[2](100/553): Loss: 0.2258
2020-02-08 18:01:56,150 Allocated:121.53369140625 MB
2020-02-08 18:01:56,150 Cached:4184.125 MB
2020-02-08 18:03:34,031 ==> Epoch[2](150/553): Loss: 0.0699
2020-02-08 18:03:34,032 Allocated:120.65869140625 MB
2020-02-08 18:03:34,033 Cached:4184.125 MB
2020-02-08 18:04:40,432 ====> Building Cache
2020-02-08 18:04:40,432 feature cache--->>> /home/annora/NetVLAD/output/train_feat_cache2.hdf5
2020-02-08 18:06:00,662 Allocated:121.658203125 MB
2020-02-08 18:06:00,662 Cached:2917.75 MB
2020-02-08 18:06:58,257 ==> Epoch[2](200/553): Loss: 0.0469
2020-02-08 18:06:58,259 Allocated:121.03369140625 MB
2020-02-08 18:06:58,259 Cached:2918.75 MB
2020-02-08 18:08:51,106 ==> Epoch[2](250/553): Loss: 0.2269
2020-02-08 18:08:51,108 Allocated:120.53369140625 MB
2020-02-08 18:08:51,108 Cached:2918.75 MB
2020-02-08 18:10:26,870 ==> Epoch[2](300/553): Loss: 0.1619
2020-02-08 18:10:26,872 Allocated:121.03369140625 MB
2020-02-08 18:10:26,872 Cached:2918.75 MB
2020-02-08 18:12:08,318 ==> Epoch[2](350/553): Loss: 0.0921
2020-02-08 18:12:08,319 Allocated:121.40869140625 MB
2020-02-08 18:12:08,319 Cached:4085.625 MB
2020-02-08 18:12:47,055 ====> Building Cache
2020-02-08 18:12:47,055 feature cache--->>> /home/annora/NetVLAD/output/train_feat_cache2.hdf5
2020-02-08 18:14:13,805 Allocated:121.158203125 MB
2020-02-08 18:14:13,805 Cached:2917.75 MB
2020-02-08 18:15:44,498 ==> Epoch[2](400/553): Loss: 0.0801
2020-02-08 18:15:44,499 Allocated:120.65869140625 MB
2020-02-08 18:15:44,500 Cached:5287.5 MB
2020-02-08 18:17:33,817 ==> Epoch[2](450/553): Loss: 0.0410
2020-02-08 18:17:33,819 Allocated:120.65869140625 MB
2020-02-08 18:17:33,819 Cached:5287.5 MB
2020-02-08 18:19:19,584 ==> Epoch[2](500/553): Loss: 0.0803
2020-02-08 18:19:19,585 Allocated:120.65869140625 MB
2020-02-08 18:19:19,585 Cached:9014.375 MB
2020-02-08 18:21:07,050 ==> Epoch[2](550/553): Loss: 0.1179
2020-02-08 18:21:07,051 Allocated:120.65869140625 MB
2020-02-08 18:21:07,051 Cached:9014.375 MB
2020-02-08 18:21:17,790 ===> Epoch 2 Complete: Avg. Loss: 0.1182
2020-02-08 18:21:17,791 ====> Extracting Features
2020-02-08 18:21:55,946 ==> Batch (50/108)
2020-02-08 18:22:18,625 ==> Batch (100/108)
2020-02-08 18:22:22,201 ====> Building faiss index
2020-02-08 18:22:22,203 ====> Calculating recall @ N
2020-02-08 18:22:22,616 ====> Recall@1: 0.7441
2020-02-08 18:22:22,617 ====> Recall@2: 0.7586
2020-02-08 18:22:22,617 ====> Recall@3: 0.7690
2020-02-08 18:22:22,617 ====> Recall@4: 0.7748
2020-02-08 18:22:22,617 ====> Recall@5: 0.7791
2020-02-08 18:22:22,618 ====> Recall@10: 0.7867
2020-02-08 18:22:22,618 ====> Recall@15: 0.7948
2020-02-08 18:22:22,618 ====> Recall@20: 0.7997
2020-02-08 18:22:22,618 ====> Recall@25: 0.8046
2020-02-08 18:22:23,314 ====> Building Cache
2020-02-08 18:22:23,314 feature cache--->>> /home/annora/NetVLAD/output/train_feat_cache2.hdf5
2020-02-08 18:23:42,639 Allocated:118.53369140625 MB
2020-02-08 18:23:42,640 Cached:4276.25 MB
2020-02-08 18:25:47,475 ==> Epoch[3](50/553): Loss: 0.0108
2020-02-08 18:25:47,477 Allocated:120.65869140625 MB
2020-02-08 18:25:47,477 Cached:4277.25 MB
2020-02-08 18:27:31,575 ==> Epoch[3](100/553): Loss: 0.0578
2020-02-08 18:27:31,577 Allocated:120.53369140625 MB
2020-02-08 18:27:31,577 Cached:4277.25 MB
2020-02-08 18:29:15,062 ==> Epoch[3](150/553): Loss: 0.0337
2020-02-08 18:29:15,062 Allocated:121.15869140625 MB
2020-02-08 18:29:15,063 Cached:4278.25 MB
2020-02-08 18:30:23,881 ====> Building Cache
2020-02-08 18:30:23,882 feature cache--->>> /home/annora/NetVLAD/output/train_feat_cache2.hdf5
2020-02-08 18:31:43,701 Allocated:121.283203125 MB
2020-02-08 18:31:43,702 Cached:2957.75 MB
2020-02-08 18:32:42,339 ==> Epoch[3](200/553): Loss: 0.1405
2020-02-08 18:32:42,340 Allocated:122.53369140625 MB
2020-02-08 18:32:42,341 Cached:2961.75 MB
2020-02-08 18:34:25,176 ==> Epoch[3](250/553): Loss: 0.1096
2020-02-08 18:34:25,177 Allocated:120.65869140625 MB
2020-02-08 18:34:25,178 Cached:4094.5 MB
2020-02-08 18:36:09,917 ==> Epoch[3](300/553): Loss: 0.0796
2020-02-08 18:36:09,918 Allocated:121.40869140625 MB
2020-02-08 18:36:09,918 Cached:4094.5 MB
2020-02-08 18:37:47,203 ==> Epoch[3](350/553): Loss: 0.3031
2020-02-08 18:37:47,204 Allocated:120.53369140625 MB
2020-02-08 18:37:47,204 Cached:4094.5 MB
2020-02-08 18:38:26,311 ====> Building Cache
2020-02-08 18:38:26,312 feature cache--->>> /home/annora/NetVLAD/output/train_feat_cache2.hdf5
2020-02-08 18:39:45,076 Allocated:121.283203125 MB
2020-02-08 18:39:45,076 Cached:2917.75 MB
2020-02-08 18:41:24,588 ==> Epoch[3](400/553): Loss: 0.0719
2020-02-08 18:41:24,590 Allocated:120.65869140625 MB
2020-02-08 18:41:24,590 Cached:7620.25 MB
2020-02-08 18:43:09,561 ==> Epoch[3](450/553): Loss: 0.1006
2020-02-08 18:43:09,562 Allocated:121.65869140625 MB
2020-02-08 18:43:09,562 Cached:7621.25 MB
2020-02-08 18:45:02,823 ==> Epoch[3](500/553): Loss: 0.0907
2020-02-08 18:45:02,824 Allocated:121.90869140625 MB
2020-02-08 18:45:02,825 Cached:7621.25 MB
2020-02-08 18:46:52,592 ==> Epoch[3](550/553): Loss: 0.0603
2020-02-08 18:46:52,594 Allocated:121.28369140625 MB
2020-02-08 18:46:52,594 Cached:8845.5 MB
2020-02-08 18:47:02,024 ===> Epoch 3 Complete: Avg. Loss: 0.1115
2020-02-08 18:47:02,027 ====> Extracting Features
2020-02-08 18:47:40,023 ==> Batch (50/108)
2020-02-08 18:48:03,237 ==> Batch (100/108)
2020-02-08 18:48:06,183 ====> Building faiss index
2020-02-08 18:48:06,185 ====> Calculating recall @ N
2020-02-08 18:48:06,602 ====> Recall@1: 0.7562
2020-02-08 18:48:06,603 ====> Recall@2: 0.7664
2020-02-08 18:48:06,603 ====> Recall@3: 0.7728
2020-02-08 18:48:06,603 ====> Recall@4: 0.7751
2020-02-08 18:48:06,604 ====> Recall@5: 0.7774
2020-02-08 18:48:06,604 ====> Recall@10: 0.7875
2020-02-08 18:48:06,604 ====> Recall@15: 0.7957
2020-02-08 18:48:06,604 ====> Recall@20: 0.7988
2020-02-08 18:48:06,604 ====> Recall@25: 0.8032
2020-02-08 18:48:06,968 ====> Building Cache
2020-02-08 18:48:06,969 feature cache--->>> /home/annora/NetVLAD/output/train_feat_cache2.hdf5
2020-02-08 18:49:27,460 Allocated:119.03369140625 MB
2020-02-08 18:49:27,461 Cached:4183.125 MB
2020-02-08 18:51:46,492 ==> Epoch[4](50/553): Loss: 0.0113
2020-02-08 18:51:46,494 Allocated:122.15869140625 MB
2020-02-08 18:51:46,495 Cached:4188.125 MB
2020-02-08 18:53:31,069 ==> Epoch[4](100/553): Loss: 0.0116
2020-02-08 18:53:31,071 Allocated:122.03369140625 MB
2020-02-08 18:53:31,071 Cached:4188.125 MB
2020-02-08 18:55:16,514 ==> Epoch[4](150/553): Loss: 0.0074
2020-02-08 18:55:16,515 Allocated:121.53369140625 MB
2020-02-08 18:55:16,516 Cached:4188.125 MB
2020-02-08 18:56:25,648 ====> Building Cache
2020-02-08 18:56:25,649 feature cache--->>> /home/annora/NetVLAD/output/train_feat_cache2.hdf5
2020-02-08 18:57:45,841 Allocated:120.658203125 MB
2020-02-08 18:57:45,841 Cached:2917.75 MB
2020-02-08 18:58:49,991 ==> Epoch[4](200/553): Loss: 0.1645
2020-02-08 18:58:49,993 Allocated:120.53369140625 MB
2020-02-08 18:58:49,993 Cached:2917.75 MB
2020-02-08 19:00:32,151 ==> Epoch[4](250/553): Loss: 0.1193
2020-02-08 19:00:32,153 Allocated:122.15869140625 MB
2020-02-08 19:00:32,153 Cached:2917.75 MB
2020-02-08 19:02:17,377 ==> Epoch[4](300/553): Loss: 0.2664
2020-02-08 19:02:17,379 Allocated:120.65869140625 MB
2020-02-08 19:02:17,379 Cached:2918.75 MB
2020-02-08 19:03:57,426 ==> Epoch[4](350/553): Loss: 0.2656
2020-02-08 19:03:57,427 Allocated:121.28369140625 MB
2020-02-08 19:03:57,427 Cached:5233.25 MB
2020-02-08 19:04:35,552 ====> Building Cache
2020-02-08 19:04:35,553 feature cache--->>> /home/annora/NetVLAD/output/train_feat_cache2.hdf5
2020-02-08 19:05:54,935 Allocated:120.658203125 MB
2020-02-08 19:05:54,936 Cached:2970.875 MB
2020-02-08 19:07:36,906 ==> Epoch[4](400/553): Loss: 0.1357
2020-02-08 19:07:36,908 Allocated:121.53369140625 MB
2020-02-08 19:07:36,908 Cached:5366.125 MB
2020-02-08 19:09:23,289 ==> Epoch[4](450/553): Loss: 0.0455
2020-02-08 19:09:23,290 Allocated:122.03369140625 MB
2020-02-08 19:09:23,291 Cached:6574.375 MB
2020-02-08 19:11:09,810 ==> Epoch[4](500/553): Loss: 0.0110
2020-02-08 19:11:09,812 Allocated:120.65869140625 MB
2020-02-08 19:11:09,812 Cached:6574.375 MB
2020-02-08 19:12:53,007 ==> Epoch[4](550/553): Loss: 0.0800
2020-02-08 19:12:53,008 Allocated:120.53369140625 MB
2020-02-08 19:12:53,009 Cached:9045.125 MB
2020-02-08 19:13:03,636 ===> Epoch 4 Complete: Avg. Loss: 0.1048
2020-02-08 19:13:03,637 ====> Extracting Features
2020-02-08 19:13:40,212 ==> Batch (50/108)
2020-02-08 19:14:03,562 ==> Batch (100/108)
2020-02-08 19:14:06,770 ====> Building faiss index
2020-02-08 19:14:06,772 ====> Calculating recall @ N
2020-02-08 19:14:07,214 ====> Recall@1: 0.7272
2020-02-08 19:14:07,215 ====> Recall@2: 0.7574
2020-02-08 19:14:07,215 ====> Recall@3: 0.7670
2020-02-08 19:14:07,215 ====> Recall@4: 0.7722
2020-02-08 19:14:07,216 ====> Recall@5: 0.7762
2020-02-08 19:14:07,216 ====> Recall@10: 0.7890
2020-02-08 19:14:07,216 ====> Recall@15: 0.7962
2020-02-08 19:14:07,216 ====> Recall@20: 0.8009
2020-02-08 19:14:07,216 ====> Recall@25: 0.8058
2020-02-08 19:14:07,598 ====> Building Cache
2020-02-08 19:14:07,598 feature cache--->>> /home/annora/NetVLAD/output/train_feat_cache2.hdf5
2020-02-08 19:15:34,120 Allocated:118.65869140625 MB
2020-02-08 19:15:34,121 Cached:4184.125 MB
2020-02-08 19:17:41,272 ==> Epoch[5](50/553): Loss: 0.1264
2020-02-08 19:17:41,274 Allocated:120.65869140625 MB
2020-02-08 19:17:41,274 Cached:4184.125 MB
2020-02-08 19:19:19,140 ==> Epoch[5](100/553): Loss: 0.0367
2020-02-08 19:19:19,142 Allocated:121.03369140625 MB
2020-02-08 19:19:19,142 Cached:4185.125 MB
2020-02-08 19:20:53,912 ==> Epoch[5](150/553): Loss: 0.1171
2020-02-08 19:20:53,913 Allocated:120.53369140625 MB
2020-02-08 19:20:53,913 Cached:4185.125 MB
2020-02-08 19:22:02,369 ====> Building Cache
2020-02-08 19:22:02,370 feature cache--->>> /home/annora/NetVLAD/output/train_feat_cache2.hdf5
2020-02-08 19:23:21,172 Allocated:120.908203125 MB
2020-02-08 19:23:21,172 Cached:2944.375 MB
2020-02-08 19:24:17,533 ==> Epoch[5](200/553): Loss: 0.3229
2020-02-08 19:24:17,535 Allocated:121.40869140625 MB
2020-02-08 19:24:17,535 Cached:2944.375 MB
2020-02-08 19:25:52,778 ==> Epoch[5](250/553): Loss: 0.2992
2020-02-08 19:25:52,780 Allocated:121.53369140625 MB
2020-02-08 19:25:52,780 Cached:2944.375 MB
2020-02-08 19:27:36,917 ==> Epoch[5](300/553): Loss: 0.3703
2020-02-08 19:27:36,919 Allocated:120.53369140625 MB
2020-02-08 19:27:36,919 Cached:2948.375 MB
2020-02-08 19:29:20,258 ==> Epoch[5](350/553): Loss: 0.3428
2020-02-08 19:29:20,259 Allocated:121.90869140625 MB
2020-02-08 19:29:20,259 Cached:2948.375 MB
2020-02-08 19:29:59,309 ====> Building Cache
2020-02-08 19:29:59,309 feature cache--->>> /home/annora/NetVLAD/output/train_feat_cache2.hdf5
2020-02-08 19:31:19,415 Allocated:120.658203125 MB
2020-02-08 19:31:19,416 Cached:2944.375 MB
2020-02-08 19:32:52,709 ==> Epoch[5](400/553): Loss: 0.0349
2020-02-08 19:32:52,710 Allocated:120.65869140625 MB
2020-02-08 19:32:52,711 Cached:7641.5 MB
2020-02-08 19:34:35,559 ==> Epoch[5](450/553): Loss: 0.0794
2020-02-08 19:34:35,560 Allocated:120.65869140625 MB
2020-02-08 19:34:35,561 Cached:7641.5 MB
2020-02-08 19:36:17,674 ==> Epoch[5](500/553): Loss: 0.0488
2020-02-08 19:36:17,676 Allocated:122.28369140625 MB
2020-02-08 19:36:17,676 Cached:7641.5 MB
2020-02-08 19:38:16,357 ==> Epoch[5](550/553): Loss: 0.0372
2020-02-08 19:38:16,358 Allocated:121.28369140625 MB
2020-02-08 19:38:16,359 Cached:7641.5 MB
2020-02-08 19:38:30,277 ===> Epoch 5 Complete: Avg. Loss: 0.1097
2020-02-08 19:38:30,278 ====> Extracting Features
2020-02-08 19:39:06,440 ==> Batch (50/108)
2020-02-08 19:39:28,252 ==> Batch (100/108)
2020-02-08 19:39:31,597 ====> Building faiss index
2020-02-08 19:39:31,599 ====> Calculating recall @ N
2020-02-08 19:39:32,126 ====> Recall@1: 0.7139
2020-02-08 19:39:32,127 ====> Recall@2: 0.7580
2020-02-08 19:39:32,127 ====> Recall@3: 0.7643
2020-02-08 19:39:32,127 ====> Recall@4: 0.7707
2020-02-08 19:39:32,128 ====> Recall@5: 0.7759
2020-02-08 19:39:32,128 ====> Recall@10: 0.7893
2020-02-08 19:39:32,128 ====> Recall@15: 0.7925
2020-02-08 19:39:32,128 ====> Recall@20: 0.7986
2020-02-08 19:39:32,128 ====> Recall@25: 0.8032
2020-02-08 19:39:32,496 ====> Building Cache
2020-02-08 19:39:32,496 feature cache--->>> /home/annora/NetVLAD/output/train_feat_cache2.hdf5
2020-02-08 19:40:52,426 Allocated:119.78369140625 MB
2020-02-08 19:40:52,427 Cached:4209.75 MB
2020-02-08 19:42:58,027 ==> Epoch[6](50/553): Loss: 0.0607
2020-02-08 19:42:58,028 Allocated:120.78369140625 MB
2020-02-08 19:42:58,028 Cached:4210.75 MB
2020-02-08 19:44:35,834 ==> Epoch[6](100/553): Loss: 0.1120
2020-02-08 19:44:35,835 Allocated:120.90869140625 MB
2020-02-08 19:44:35,835 Cached:4213.75 MB
2020-02-08 19:46:10,261 ==> Epoch[6](150/553): Loss: 0.1548
2020-02-08 19:46:10,262 Allocated:120.65869140625 MB
2020-02-08 19:46:10,262 Cached:4213.75 MB
2020-02-08 19:47:18,188 ====> Building Cache
2020-02-08 19:47:18,189 feature cache--->>> /home/annora/NetVLAD/output/train_feat_cache2.hdf5
2020-02-08 19:48:43,515 Allocated:121.783203125 MB
2020-02-08 19:48:43,516 Cached:2944.375 MB
2020-02-08 19:49:45,910 ==> Epoch[6](200/553): Loss: 0.1790
2020-02-08 19:49:45,911 Allocated:120.65869140625 MB
2020-02-08 19:49:45,912 Cached:2945.375 MB
2020-02-08 19:51:24,754 ==> Epoch[6](250/553): Loss: 0.1220
2020-02-08 19:51:24,755 Allocated:120.65869140625 MB
2020-02-08 19:51:24,755 Cached:2945.375 MB
2020-02-08 19:53:01,546 ==> Epoch[6](300/553): Loss: 0.0746
2020-02-08 19:53:01,547 Allocated:122.15869140625 MB
2020-02-08 19:53:01,547 Cached:2945.375 MB
2020-02-08 19:54:41,583 ==> Epoch[6](350/553): Loss: 0.1257
2020-02-08 19:54:41,585 Allocated:121.28369140625 MB
2020-02-08 19:54:41,587 Cached:2946.375 MB
2020-02-08 19:55:24,881 ====> Building Cache
2020-02-08 19:55:24,882 feature cache--->>> /home/annora/NetVLAD/output/train_feat_cache2.hdf5
2020-02-08 19:56:48,901 Allocated:120.658203125 MB
2020-02-08 19:56:48,901 Cached:2945.375 MB
2020-02-08 19:58:27,037 ==> Epoch[6](400/553): Loss: 0.0383
2020-02-08 19:58:27,038 Allocated:121.90869140625 MB
2020-02-08 19:58:27,038 Cached:5250.375 MB
2020-02-08 20:00:10,848 ==> Epoch[6](450/553): Loss: 0.0570
2020-02-08 20:00:10,849 Allocated:121.53369140625 MB
2020-02-08 20:00:10,849 Cached:8837.0 MB
2020-02-08 20:01:56,436 ==> Epoch[6](500/553): Loss: 0.0271
2020-02-08 20:01:56,438 Allocated:121.40869140625 MB
2020-02-08 20:01:56,438 Cached:8837.0 MB
2020-02-08 20:03:40,886 ==> Epoch[6](550/553): Loss: 0.1086
2020-02-08 20:03:40,887 Allocated:120.53369140625 MB
2020-02-08 20:03:40,888 Cached:10064.375 MB
2020-02-08 20:03:51,853 ===> Epoch 6 Complete: Avg. Loss: 0.0942
2020-02-08 20:03:51,854 ====> Extracting Features
2020-02-08 20:04:28,088 ==> Batch (50/108)
2020-02-08 20:04:51,273 ==> Batch (100/108)
2020-02-08 20:04:55,422 ====> Building faiss index
2020-02-08 20:04:55,425 ====> Calculating recall @ N
2020-02-08 20:04:55,882 ====> Recall@1: 0.7067
2020-02-08 20:04:55,882 ====> Recall@2: 0.7548
2020-02-08 20:04:55,883 ====> Recall@3: 0.7670
2020-02-08 20:04:55,883 ====> Recall@4: 0.7725
2020-02-08 20:04:55,883 ====> Recall@5: 0.7759
2020-02-08 20:04:55,884 ====> Recall@10: 0.7884
2020-02-08 20:04:55,884 ====> Recall@15: 0.7933
2020-02-08 20:04:55,884 ====> Recall@20: 0.7986
2020-02-08 20:04:55,884 ====> Recall@25: 0.8029
2020-02-08 20:04:56,246 ====> Building Cache
2020-02-08 20:04:56,247 feature cache--->>> /home/annora/NetVLAD/output/train_feat_cache2.hdf5
2020-02-08 20:06:17,715 Allocated:119.78369140625 MB
2020-02-08 20:06:17,715 Cached:4209.75 MB
2020-02-08 20:08:25,785 ==> Epoch[7](50/553): Loss: 0.0749
2020-02-08 20:08:25,786 Allocated:120.65869140625 MB
2020-02-08 20:08:25,786 Cached:4214.75 MB
2020-02-08 20:10:05,250 ==> Epoch[7](100/553): Loss: 0.1789
2020-02-08 20:10:05,251 Allocated:121.03369140625 MB
2020-02-08 20:10:05,252 Cached:4214.75 MB
2020-02-08 20:11:49,472 ==> Epoch[7](150/553): Loss: 0.0228
2020-02-08 20:11:49,473 Allocated:121.90869140625 MB
2020-02-08 20:11:49,474 Cached:4214.75 MB
2020-02-08 20:13:04,381 ====> Building Cache
2020-02-08 20:13:04,382 feature cache--->>> /home/annora/NetVLAD/output/train_feat_cache2.hdf5
2020-02-08 20:14:25,411 Allocated:121.408203125 MB
2020-02-08 20:14:25,412 Cached:2944.375 MB
2020-02-08 20:15:31,483 ==> Epoch[7](200/553): Loss: 0.2780
2020-02-08 20:15:31,484 Allocated:121.15869140625 MB
2020-02-08 20:15:31,485 Cached:2944.375 MB
2020-02-08 20:17:09,869 ==> Epoch[7](250/553): Loss: 0.1750
2020-02-08 20:17:09,870 Allocated:120.78369140625 MB
2020-02-08 20:17:09,870 Cached:2945.375 MB
2020-02-08 20:18:48,132 ==> Epoch[7](300/553): Loss: 0.0927
2020-02-08 20:18:48,133 Allocated:120.65869140625 MB
2020-02-08 20:18:48,133 Cached:2945.375 MB
2020-02-08 20:20:29,015 ==> Epoch[7](350/553): Loss: 0.1507
2020-02-08 20:20:29,017 Allocated:120.53369140625 MB
2020-02-08 20:20:29,017 Cached:2945.375 MB
2020-02-08 20:21:20,124 ====> Building Cache
2020-02-08 20:21:20,124 feature cache--->>> /home/annora/NetVLAD/output/train_feat_cache2.hdf5
2020-02-08 20:22:57,304 Allocated:121.283203125 MB
2020-02-08 20:22:57,304 Cached:2944.375 MB
2020-02-08 20:24:30,089 ==> Epoch[7](400/553): Loss: 0.0946
2020-02-08 20:24:30,091 Allocated:120.65869140625 MB
2020-02-08 20:24:30,091 Cached:4088.875 MB
2020-02-08 20:26:11,123 ==> Epoch[7](450/553): Loss: 0.0807
2020-02-08 20:26:11,125 Allocated:121.15869140625 MB
2020-02-08 20:26:11,125 Cached:5243.0 MB
2020-02-08 20:27:49,979 ==> Epoch[7](500/553): Loss: 0.0125
2020-02-08 20:27:49,980 Allocated:120.53369140625 MB
2020-02-08 20:27:49,980 Cached:6413.0 MB
2020-02-08 20:29:34,069 ==> Epoch[7](550/553): Loss: 0.0388
2020-02-08 20:29:34,071 Allocated:121.40869140625 MB
2020-02-08 20:29:34,071 Cached:6413.0 MB
2020-02-08 20:29:47,591 ===> Epoch 7 Complete: Avg. Loss: 0.1077
2020-02-08 20:29:47,592 ====> Extracting Features
2020-02-08 20:30:24,143 ==> Batch (50/108)
2020-02-08 20:30:47,290 ==> Batch (100/108)
2020-02-08 20:30:50,793 ====> Building faiss index
2020-02-08 20:30:50,796 ====> Calculating recall @ N
2020-02-08 20:30:51,251 ====> Recall@1: 0.7148
2020-02-08 20:30:51,252 ====> Recall@2: 0.7617
2020-02-08 20:30:51,252 ====> Recall@3: 0.7693
2020-02-08 20:30:51,252 ====> Recall@4: 0.7751
2020-02-08 20:30:51,253 ====> Recall@5: 0.7783
2020-02-08 20:30:51,253 ====> Recall@10: 0.7884
2020-02-08 20:30:51,253 ====> Recall@15: 0.7954
2020-02-08 20:30:51,253 ====> Recall@20: 0.7991
2020-02-08 20:30:51,253 ====> Recall@25: 0.8038
2020-02-08 20:30:51,627 ====> Building Cache
2020-02-08 20:30:51,627 feature cache--->>> /home/annora/NetVLAD/output/train_feat_cache2.hdf5
2020-02-08 20:32:15,158 Allocated:119.28369140625 MB
2020-02-08 20:32:15,158 Cached:4209.75 MB
2020-02-08 20:34:17,271 ==> Epoch[8](50/553): Loss: 0.0126
2020-02-08 20:34:17,272 Allocated:120.53369140625 MB
2020-02-08 20:34:17,272 Cached:4214.75 MB
2020-02-08 20:35:55,552 ==> Epoch[8](100/553): Loss: 0.2859
2020-02-08 20:35:55,553 Allocated:120.65869140625 MB
2020-02-08 20:35:55,553 Cached:4214.75 MB
2020-02-08 20:37:40,521 ==> Epoch[8](150/553): Loss: 0.1162
2020-02-08 20:37:40,523 Allocated:121.28369140625 MB
2020-02-08 20:37:40,523 Cached:4214.75 MB
2020-02-08 20:38:50,705 ====> Building Cache
2020-02-08 20:38:50,706 feature cache--->>> /home/annora/NetVLAD/output/train_feat_cache2.hdf5
2020-02-08 20:40:16,257 Allocated:121.783203125 MB
2020-02-08 20:40:16,257 Cached:2944.375 MB
2020-02-08 20:41:15,367 ==> Epoch[8](200/553): Loss: 0.3186
2020-02-08 20:41:15,368 Allocated:121.65869140625 MB
2020-02-08 20:41:15,368 Cached:2945.375 MB
2020-02-08 20:43:06,087 ==> Epoch[8](250/553): Loss: 0.1595
2020-02-08 20:43:06,089 Allocated:120.65869140625 MB
2020-02-08 20:43:06,089 Cached:2945.375 MB
2020-02-08 20:44:45,558 ==> Epoch[8](300/553): Loss: 0.2684
2020-02-08 20:44:45,559 Allocated:121.28369140625 MB
2020-02-08 20:44:45,560 Cached:2945.375 MB
2020-02-08 20:46:22,183 ==> Epoch[8](350/553): Loss: 0.2600
2020-02-08 20:46:22,184 Allocated:120.53369140625 MB
2020-02-08 20:46:22,184 Cached:2945.375 MB
2020-02-08 20:47:00,509 ====> Building Cache
2020-02-08 20:47:00,510 feature cache--->>> /home/annora/NetVLAD/output/train_feat_cache2.hdf5
2020-02-08 20:48:19,278 Allocated:120.658203125 MB
2020-02-08 20:48:19,279 Cached:2997.5 MB
2020-02-08 20:50:00,771 ==> Epoch[8](400/553): Loss: 0.0394
2020-02-08 20:50:00,773 Allocated:121.03369140625 MB
2020-02-08 20:50:00,773 Cached:2998.5 MB
2020-02-08 20:51:42,205 ==> Epoch[8](450/553): Loss: 0.0454
2020-02-08 20:51:42,207 Allocated:120.53369140625 MB
2020-02-08 20:51:42,207 Cached:5329.0 MB
2020-02-08 20:53:26,928 ==> Epoch[8](500/553): Loss: 0.0355
2020-02-08 20:53:26,930 Allocated:121.40869140625 MB
2020-02-08 20:53:26,930 Cached:6521.375 MB
2020-02-08 20:55:07,060 ==> Epoch[8](550/553): Loss: 0.0951
2020-02-08 20:55:07,062 Allocated:120.65869140625 MB
2020-02-08 20:55:07,062 Cached:6521.375 MB
2020-02-08 20:55:17,583 ===> Epoch 8 Complete: Avg. Loss: 0.0924
2020-02-08 20:55:17,584 ====> Extracting Features
2020-02-08 20:55:53,299 ==> Batch (50/108)
2020-02-08 20:56:16,499 ==> Batch (100/108)
2020-02-08 20:56:20,498 ====> Building faiss index
2020-02-08 20:56:20,501 ====> Calculating recall @ N
2020-02-08 20:56:20,941 ====> Recall@1: 0.7154
2020-02-08 20:56:20,942 ====> Recall@2: 0.7658
2020-02-08 20:56:20,942 ====> Recall@3: 0.7725
2020-02-08 20:56:20,943 ====> Recall@4: 0.7777
2020-02-08 20:56:20,943 ====> Recall@5: 0.7794
2020-02-08 20:56:20,943 ====> Recall@10: 0.7910
2020-02-08 20:56:20,943 ====> Recall@15: 0.7991
2020-02-08 20:56:20,944 ====> Recall@20: 0.8058
2020-02-08 20:56:20,944 ====> Recall@25: 0.8096
2020-02-08 20:56:21,709 ====> Building Cache
2020-02-08 20:56:21,710 feature cache--->>> /home/annora/NetVLAD/output/train_feat_cache2.hdf5
2020-02-08 20:57:45,121 Allocated:119.53369140625 MB
2020-02-08 20:57:45,121 Cached:4183.125 MB
2020-02-08 20:59:53,728 ==> Epoch[9](50/553): Loss: 0.0720
2020-02-08 20:59:53,729 Allocated:121.03369140625 MB
2020-02-08 20:59:53,730 Cached:4188.125 MB
2020-02-08 21:01:38,279 ==> Epoch[9](100/553): Loss: 0.0259
2020-02-08 21:01:38,280 Allocated:121.53369140625 MB
2020-02-08 21:01:38,280 Cached:4188.125 MB
2020-02-08 21:03:08,208 ==> Epoch[9](150/553): Loss: 0.0343
2020-02-08 21:03:08,209 Allocated:121.90869140625 MB
2020-02-08 21:03:08,209 Cached:4188.125 MB
2020-02-08 21:04:15,944 ====> Building Cache
2020-02-08 21:04:15,945 feature cache--->>> /home/annora/NetVLAD/output/train_feat_cache2.hdf5
2020-02-08 21:05:35,061 Allocated:121.783203125 MB
2020-02-08 21:05:35,062 Cached:2917.75 MB
2020-02-08 21:06:33,689 ==> Epoch[9](200/553): Loss: 0.1747
2020-02-08 21:06:33,690 Allocated:120.65869140625 MB
2020-02-08 21:06:33,690 Cached:2917.75 MB
2020-02-08 21:08:22,165 ==> Epoch[9](250/553): Loss: 0.2763
2020-02-08 21:08:22,166 Allocated:122.15869140625 MB
2020-02-08 21:08:22,166 Cached:2917.75 MB
2020-02-08 21:10:00,774 ==> Epoch[9](300/553): Loss: 0.2312
2020-02-08 21:10:00,776 Allocated:121.28369140625 MB
2020-02-08 21:10:00,776 Cached:2917.75 MB
2020-02-08 21:11:39,468 ==> Epoch[9](350/553): Loss: 0.1198
2020-02-08 21:11:39,469 Allocated:122.15869140625 MB
2020-02-08 21:11:39,469 Cached:2917.75 MB
2020-02-08 21:12:19,797 ====> Building Cache
2020-02-08 21:12:19,797 feature cache--->>> /home/annora/NetVLAD/output/train_feat_cache2.hdf5
2020-02-08 21:13:40,457 Allocated:120.908203125 MB
2020-02-08 21:13:40,457 Cached:2917.75 MB
2020-02-08 21:15:16,011 ==> Epoch[9](400/553): Loss: 0.1078
2020-02-08 21:15:16,013 Allocated:121.28369140625 MB
2020-02-08 21:15:16,013 Cached:4098.375 MB
2020-02-08 21:17:07,502 ==> Epoch[9](450/553): Loss: 0.0171
2020-02-08 21:17:07,504 Allocated:121.15869140625 MB
2020-02-08 21:17:07,504 Cached:4098.375 MB
2020-02-08 21:18:50,179 ==> Epoch[9](500/553): Loss: 0.0158
2020-02-08 21:18:50,180 Allocated:122.53369140625 MB
2020-02-08 21:18:50,180 Cached:6467.125 MB
2020-02-08 21:20:29,705 ==> Epoch[9](550/553): Loss: 0.0854
2020-02-08 21:20:29,706 Allocated:122.03369140625 MB
2020-02-08 21:20:29,706 Cached:6467.125 MB
2020-02-08 21:20:40,299 ===> Epoch 9 Complete: Avg. Loss: 0.1026
2020-02-08 21:20:40,300 ====> Extracting Features
2020-02-08 21:21:15,250 ==> Batch (50/108)
2020-02-08 21:21:38,046 ==> Batch (100/108)
2020-02-08 21:21:41,470 ====> Building faiss index
2020-02-08 21:21:41,478 ====> Calculating recall @ N
2020-02-08 21:21:41,895 ====> Recall@1: 0.7183
2020-02-08 21:21:41,896 ====> Recall@2: 0.7435
2020-02-08 21:21:41,897 ====> Recall@3: 0.7580
2020-02-08 21:21:41,897 ====> Recall@4: 0.7696
2020-02-08 21:21:41,897 ====> Recall@5: 0.7757
2020-02-08 21:21:41,898 ====> Recall@10: 0.7861
2020-02-08 21:21:41,898 ====> Recall@15: 0.7907
2020-02-08 21:21:41,898 ====> Recall@20: 0.7959
2020-02-08 21:21:41,899 ====> Recall@25: 0.7988
2020-02-08 21:21:42,233 ====> Building Cache
2020-02-08 21:21:42,233 feature cache--->>> /home/annora/NetVLAD/output/train_feat_cache2.hdf5
2020-02-08 21:23:03,455 Allocated:120.40869140625 MB
2020-02-08 21:23:03,455 Cached:4183.125 MB
2020-02-08 21:25:15,782 ==> Epoch[10](50/553): Loss: 0.0880
2020-02-08 21:25:15,783 Allocated:120.53369140625 MB
2020-02-08 21:25:15,783 Cached:4187.125 MB
2020-02-08 21:26:54,739 ==> Epoch[10](100/553): Loss: 0.0333
2020-02-08 21:26:54,740 Allocated:120.53369140625 MB
2020-02-08 21:26:54,741 Cached:4187.125 MB
2020-02-08 21:28:29,018 ==> Epoch[10](150/553): Loss: 0.0454
2020-02-08 21:28:29,020 Allocated:120.78369140625 MB
2020-02-08 21:28:29,020 Cached:4188.125 MB
2020-02-08 21:29:30,551 ====> Building Cache
2020-02-08 21:29:30,552 feature cache--->>> /home/annora/NetVLAD/output/train_feat_cache2.hdf5
2020-02-08 21:30:56,039 Allocated:121.283203125 MB
2020-02-08 21:30:56,040 Cached:2917.75 MB
2020-02-08 21:31:53,576 ==> Epoch[10](200/553): Loss: 0.2822
2020-02-08 21:31:53,577 Allocated:121.28369140625 MB
2020-02-08 21:31:53,577 Cached:2917.75 MB
2020-02-08 21:33:31,750 ==> Epoch[10](250/553): Loss: 0.0423
2020-02-08 21:33:31,752 Allocated:120.53369140625 MB
2020-02-08 21:33:31,752 Cached:2917.75 MB
2020-02-08 21:35:11,416 ==> Epoch[10](300/553): Loss: 0.0906
2020-02-08 21:35:11,417 Allocated:121.90869140625 MB
2020-02-08 21:35:11,418 Cached:2917.75 MB
2020-02-08 21:36:50,754 ==> Epoch[10](350/553): Loss: 0.0422
2020-02-08 21:36:50,756 Allocated:121.90869140625 MB
2020-02-08 21:36:50,756 Cached:2917.75 MB
2020-02-08 21:37:31,519 ====> Building Cache
2020-02-08 21:37:31,520 feature cache--->>> /home/annora/NetVLAD/output/train_feat_cache2.hdf5
2020-02-08 21:38:51,315 Allocated:120.658203125 MB
2020-02-08 21:38:51,316 Cached:2917.75 MB
2020-02-08 21:40:23,072 ==> Epoch[10](400/553): Loss: 0.0824
2020-02-08 21:40:23,074 Allocated:120.65869140625 MB
2020-02-08 21:40:23,075 Cached:2917.75 MB
2020-02-08 21:42:07,494 ==> Epoch[10](450/553): Loss: 0.0040
2020-02-08 21:42:07,495 Allocated:120.65869140625 MB
2020-02-08 21:42:07,496 Cached:4101.5 MB
2020-02-08 21:43:57,187 ==> Epoch[10](500/553): Loss: 0.1083
2020-02-08 21:43:57,189 Allocated:121.40869140625 MB
2020-02-08 21:43:57,189 Cached:4101.5 MB
2020-02-08 21:45:47,093 ==> Epoch[10](550/553): Loss: 0.0897
2020-02-08 21:45:47,094 Allocated:121.28369140625 MB
2020-02-08 21:45:47,094 Cached:5287.5 MB
2020-02-08 21:45:57,336 ===> Epoch 10 Complete: Avg. Loss: 0.0930
2020-02-08 21:45:57,337 ====> Extracting Features
2020-02-08 21:46:32,762 ==> Batch (50/108)
2020-02-08 21:46:55,484 ==> Batch (100/108)
2020-02-08 21:46:58,872 ====> Building faiss index
2020-02-08 21:46:58,874 ====> Calculating recall @ N
2020-02-08 21:46:59,283 ====> Recall@1: 0.7238
2020-02-08 21:46:59,283 ====> Recall@2: 0.7635
2020-02-08 21:46:59,284 ====> Recall@3: 0.7707
2020-02-08 21:46:59,284 ====> Recall@4: 0.7751
2020-02-08 21:46:59,284 ====> Recall@5: 0.7806
2020-02-08 21:46:59,284 ====> Recall@10: 0.7925
2020-02-08 21:46:59,285 ====> Recall@15: 0.7983
2020-02-08 21:46:59,285 ====> Recall@20: 0.8038
2020-02-08 21:46:59,285 ====> Recall@25: 0.8093
2020-02-08 21:47:00,016 ====> Building Cache
2020-02-08 21:47:00,016 feature cache--->>> /home/annora/NetVLAD/output/train_feat_cache2.hdf5
2020-02-08 21:48:19,586 Allocated:119.03369140625 MB
2020-02-08 21:48:19,586 Cached:4183.125 MB
2020-02-08 21:50:18,855 ==> Epoch[11](50/553): Loss: 0.0776
2020-02-08 21:50:18,856 Allocated:121.40869140625 MB
2020-02-08 21:50:18,857 Cached:4188.125 MB
2020-02-08 21:52:05,199 ==> Epoch[11](100/553): Loss: 0.0009
2020-02-08 21:52:05,200 Allocated:120.90869140625 MB
2020-02-08 21:52:05,200 Cached:4188.125 MB
2020-02-08 21:53:43,000 ==> Epoch[11](150/553): Loss: 0.0220
2020-02-08 21:53:43,002 Allocated:120.53369140625 MB
2020-02-08 21:53:43,002 Cached:4188.125 MB
2020-02-08 21:54:49,633 ====> Building Cache
2020-02-08 21:54:49,634 feature cache--->>> /home/annora/NetVLAD/output/train_feat_cache2.hdf5
2020-02-08 21:56:09,275 Allocated:121.533203125 MB
2020-02-08 21:56:09,276 Cached:2917.75 MB
2020-02-08 21:57:10,805 ==> Epoch[11](200/553): Loss: 0.2747
2020-02-08 21:57:10,807 Allocated:120.65869140625 MB
2020-02-08 21:57:10,808 Cached:2922.75 MB
2020-02-08 21:58:54,217 ==> Epoch[11](250/553): Loss: 0.2369
2020-02-08 21:58:54,218 Allocated:121.15869140625 MB
2020-02-08 21:58:54,218 Cached:2922.75 MB
2020-02-08 22:00:42,490 ==> Epoch[11](300/553): Loss: 0.1259
2020-02-08 22:00:42,491 Allocated:121.28369140625 MB
2020-02-08 22:00:42,491 Cached:2922.75 MB
2020-02-08 22:02:24,437 ==> Epoch[11](350/553): Loss: 0.0605
2020-02-08 22:02:24,438 Allocated:121.03369140625 MB
2020-02-08 22:02:24,438 Cached:2922.75 MB
2020-02-08 22:03:04,354 ====> Building Cache
2020-02-08 22:03:04,355 feature cache--->>> /home/annora/NetVLAD/output/train_feat_cache2.hdf5
2020-02-08 22:04:27,266 Allocated:121.158203125 MB
2020-02-08 22:04:27,266 Cached:2970.875 MB
2020-02-08 22:06:01,272 ==> Epoch[11](400/553): Loss: 0.0363
2020-02-08 22:06:01,274 Allocated:121.28369140625 MB
2020-02-08 22:06:01,274 Cached:5318.25 MB
2020-02-08 22:07:41,958 ==> Epoch[11](450/553): Loss: 0.0835
2020-02-08 22:07:41,959 Allocated:122.15869140625 MB
2020-02-08 22:07:41,960 Cached:5318.25 MB
2020-02-08 22:09:34,943 ==> Epoch[11](500/553): Loss: 0.0257
2020-02-08 22:09:34,944 Allocated:121.65869140625 MB
2020-02-08 22:09:34,945 Cached:5318.25 MB
2020-02-08 22:11:26,873 ==> Epoch[11](550/553): Loss: 0.0115
2020-02-08 22:11:26,875 Allocated:122.53369140625 MB
2020-02-08 22:11:26,875 Cached:5318.25 MB
2020-02-08 22:11:38,108 ===> Epoch 11 Complete: Avg. Loss: 0.0924
2020-02-08 22:11:38,110 ====> Extracting Features
2020-02-08 22:12:14,690 ==> Batch (50/108)
2020-02-08 22:12:36,614 ==> Batch (100/108)
2020-02-08 22:12:39,961 ====> Building faiss index
2020-02-08 22:12:39,962 ====> Calculating recall @ N
2020-02-08 22:12:40,389 ====> Recall@1: 0.7128
2020-02-08 22:12:40,389 ====> Recall@2: 0.7554
2020-02-08 22:12:40,390 ====> Recall@3: 0.7690
2020-02-08 22:12:40,390 ====> Recall@4: 0.7751
2020-02-08 22:12:40,390 ====> Recall@5: 0.7777
2020-02-08 22:12:40,390 ====> Recall@10: 0.7910
2020-02-08 22:12:40,390 ====> Recall@15: 0.7954
2020-02-08 22:12:40,391 ====> Recall@20: 0.8017
2020-02-08 22:12:40,391 ====> Recall@25: 0.8058
2020-02-08 22:12:40,728 ====> Building Cache
2020-02-08 22:12:40,728 feature cache--->>> /home/annora/NetVLAD/output/train_feat_cache2.hdf5
2020-02-08 22:14:01,518 Allocated:118.90869140625 MB
2020-02-08 22:14:01,518 Cached:4236.25 MB
2020-02-08 22:16:03,346 ==> Epoch[12](50/553): Loss: 0.0148
2020-02-08 22:16:03,347 Allocated:120.65869140625 MB
2020-02-08 22:16:03,348 Cached:4241.25 MB
2020-02-08 22:17:35,545 ==> Epoch[12](100/553): Loss: 0.0377
2020-02-08 22:17:35,547 Allocated:120.53369140625 MB
2020-02-08 22:17:35,547 Cached:4241.25 MB
2020-02-08 22:19:09,507 ==> Epoch[12](150/553): Loss: 0.0712
2020-02-08 22:19:09,509 Allocated:120.65869140625 MB
2020-02-08 22:19:09,509 Cached:4241.25 MB
2020-02-08 22:20:18,513 ====> Building Cache
2020-02-08 22:20:18,514 feature cache--->>> /home/annora/NetVLAD/output/train_feat_cache2.hdf5
2020-02-08 22:21:39,043 Allocated:120.533203125 MB
2020-02-08 22:21:39,044 Cached:2944.375 MB
2020-02-08 22:22:43,412 ==> Epoch[12](200/553): Loss: 0.1918
2020-02-08 22:22:43,414 Allocated:121.28369140625 MB
2020-02-08 22:22:43,414 Cached:2945.375 MB
2020-02-08 22:24:22,575 ==> Epoch[12](250/553): Loss: 0.1756
2020-02-08 22:24:22,576 Allocated:121.28369140625 MB
2020-02-08 22:24:22,576 Cached:2945.375 MB
2020-02-08 22:26:04,893 ==> Epoch[12](300/553): Loss: 0.0585
2020-02-08 22:26:04,895 Allocated:121.90869140625 MB
2020-02-08 22:26:04,895 Cached:2945.375 MB
2020-02-08 22:27:42,647 ==> Epoch[12](350/553): Loss: 0.3216
2020-02-08 22:27:42,648 Allocated:121.40869140625 MB
2020-02-08 22:27:42,649 Cached:2946.375 MB
2020-02-08 22:28:24,224 ====> Building Cache
2020-02-08 22:28:24,225 feature cache--->>> /home/annora/NetVLAD/output/train_feat_cache2.hdf5
2020-02-08 22:29:46,801 Allocated:121.158203125 MB
2020-02-08 22:29:46,802 Cached:2944.375 MB
2020-02-08 22:31:27,262 ==> Epoch[12](400/553): Loss: 0.0000
2020-02-08 22:31:27,263 Allocated:120.65869140625 MB
2020-02-08 22:31:27,264 Cached:4082.5 MB
2020-02-08 22:33:12,768 ==> Epoch[12](450/553): Loss: 0.0677
2020-02-08 22:33:12,769 Allocated:120.53369140625 MB
2020-02-08 22:33:12,770 Cached:6404.5 MB
2020-02-08 22:34:57,265 ==> Epoch[12](500/553): Loss: 0.1565
2020-02-08 22:34:57,267 Allocated:122.40869140625 MB
2020-02-08 22:34:57,267 Cached:7587.25 MB
2020-02-08 22:36:38,642 ==> Epoch[12](550/553): Loss: 0.0597
2020-02-08 22:36:38,643 Allocated:120.65869140625 MB
2020-02-08 22:36:38,643 Cached:8786.0 MB
2020-02-08 22:36:49,039 ===> Epoch 12 Complete: Avg. Loss: 0.0940
2020-02-08 22:36:49,041 ====> Extracting Features
2020-02-08 22:37:28,979 ==> Batch (50/108)
2020-02-08 22:38:01,657 ==> Batch (100/108)
2020-02-08 22:38:05,444 ====> Building faiss index
2020-02-08 22:38:05,446 ====> Calculating recall @ N
2020-02-08 22:38:05,970 ====> Recall@1: 0.7162
2020-02-08 22:38:05,970 ====> Recall@2: 0.7612
2020-02-08 22:38:05,971 ====> Recall@3: 0.7696
2020-02-08 22:38:05,971 ====> Recall@4: 0.7748
2020-02-08 22:38:05,971 ====> Recall@5: 0.7777
2020-02-08 22:38:05,972 ====> Recall@10: 0.7930
2020-02-08 22:38:05,972 ====> Recall@15: 0.7971
2020-02-08 22:38:05,972 ====> Recall@20: 0.8041
2020-02-08 22:38:05,972 ====> Recall@25: 0.8084
2020-02-08 22:38:06,306 ====> Building Cache
2020-02-08 22:38:06,306 feature cache--->>> /home/annora/NetVLAD/output/train_feat_cache2.hdf5
2020-02-08 22:39:31,852 Allocated:120.15869140625 MB
2020-02-08 22:39:31,852 Cached:4183.125 MB
2020-02-08 22:41:40,137 ==> Epoch[13](50/553): Loss: 0.0629
2020-02-08 22:41:40,138 Allocated:122.53369140625 MB
2020-02-08 22:41:40,139 Cached:4188.125 MB
2020-02-08 22:43:18,817 ==> Epoch[13](100/553): Loss: 0.1428
2020-02-08 22:43:18,820 Allocated:122.15869140625 MB
2020-02-08 22:43:18,820 Cached:4188.125 MB
2020-02-08 22:44:57,097 ==> Epoch[13](150/553): Loss: 0.0072
2020-02-08 22:44:57,099 Allocated:120.53369140625 MB
2020-02-08 22:44:57,100 Cached:4188.125 MB
2020-02-08 22:46:08,083 ====> Building Cache
2020-02-08 22:46:08,084 feature cache--->>> /home/annora/NetVLAD/output/train_feat_cache2.hdf5
2020-02-08 22:47:35,272 Allocated:120.533203125 MB
2020-02-08 22:47:35,272 Cached:2917.75 MB
2020-02-08 22:48:38,073 ==> Epoch[13](200/553): Loss: 0.2927
2020-02-08 22:48:38,074 Allocated:121.65869140625 MB
2020-02-08 22:48:38,074 Cached:2918.75 MB
2020-02-08 22:50:22,501 ==> Epoch[13](250/553): Loss: 0.2360
2020-02-08 22:50:22,503 Allocated:120.78369140625 MB
2020-02-08 22:50:22,503 Cached:2918.75 MB
2020-02-08 22:52:07,247 ==> Epoch[13](300/553): Loss: 0.1464
2020-02-08 22:52:07,249 Allocated:120.65869140625 MB
2020-02-08 22:52:07,249 Cached:2922.75 MB
2020-02-08 22:53:49,986 ==> Epoch[13](350/553): Loss: 0.0929
2020-02-08 22:53:49,988 Allocated:121.53369140625 MB
2020-02-08 22:53:49,988 Cached:2922.75 MB
2020-02-08 22:54:29,625 ====> Building Cache
2020-02-08 22:54:29,626 feature cache--->>> /home/annora/NetVLAD/output/train_feat_cache2.hdf5
2020-02-08 22:55:49,478 Allocated:120.533203125 MB
2020-02-08 22:55:49,479 Cached:2917.75 MB
2020-02-08 22:57:21,412 ==> Epoch[13](400/553): Loss: 0.0999
2020-02-08 22:57:21,414 Allocated:120.53369140625 MB
2020-02-08 22:57:21,414 Cached:2918.75 MB
2020-02-08 22:59:09,195 ==> Epoch[13](450/553): Loss: 0.0468
2020-02-08 22:59:09,196 Allocated:120.65869140625 MB
2020-02-08 22:59:09,196 Cached:2918.75 MB
2020-02-08 23:00:55,359 ==> Epoch[13](500/553): Loss: 0.0356
2020-02-08 23:00:55,360 Allocated:120.65869140625 MB
2020-02-08 23:00:55,361 Cached:4072.875 MB
2020-02-08 23:02:38,371 ==> Epoch[13](550/553): Loss: 0.0308
2020-02-08 23:02:38,373 Allocated:120.53369140625 MB
2020-02-08 23:02:38,373 Cached:4072.875 MB
2020-02-08 23:02:48,900 ===> Epoch 13 Complete: Avg. Loss: 0.0971
2020-02-08 23:02:48,903 ====> Extracting Features
2020-02-08 23:03:27,761 ==> Batch (50/108)
2020-02-08 23:03:52,407 ==> Batch (100/108)
2020-02-08 23:03:55,960 ====> Building faiss index
2020-02-08 23:03:55,966 ====> Calculating recall @ N
2020-02-08 23:03:56,361 ====> Recall@1: 0.7136
2020-02-08 23:03:56,362 ====> Recall@2: 0.7420
2020-02-08 23:03:56,362 ====> Recall@3: 0.7681
2020-02-08 23:03:56,362 ====> Recall@4: 0.7730
2020-02-08 23:03:56,363 ====> Recall@5: 0.7759
2020-02-08 23:03:56,363 ====> Recall@10: 0.7899
2020-02-08 23:03:56,363 ====> Recall@15: 0.7977
2020-02-08 23:03:56,363 ====> Recall@20: 0.8026
2020-02-08 23:03:56,364 ====> Recall@25: 0.8081
2020-02-08 23:03:56,751 ====> Building Cache
2020-02-08 23:03:56,752 feature cache--->>> /home/annora/NetVLAD/output/train_feat_cache2.hdf5
2020-02-08 23:05:20,806 Allocated:119.40869140625 MB
2020-02-08 23:05:20,806 Cached:4275.25 MB
2020-02-08 23:07:36,884 ==> Epoch[14](50/553): Loss: 0.1549
2020-02-08 23:07:36,885 Allocated:121.53369140625 MB
2020-02-08 23:07:36,886 Cached:4277.25 MB
2020-02-08 23:09:20,432 ==> Epoch[14](100/553): Loss: 0.0354
2020-02-08 23:09:20,433 Allocated:120.53369140625 MB
2020-02-08 23:09:20,433 Cached:4281.25 MB
2020-02-08 23:10:58,673 ==> Epoch[14](150/553): Loss: 0.0912
2020-02-08 23:10:58,675 Allocated:120.65869140625 MB
2020-02-08 23:10:58,675 Cached:4281.25 MB
2020-02-08 23:12:07,013 ====> Building Cache
2020-02-08 23:12:07,014 feature cache--->>> /home/annora/NetVLAD/output/train_feat_cache2.hdf5
2020-02-08 23:13:26,610 Allocated:121.408203125 MB
2020-02-08 23:13:26,611 Cached:2917.75 MB
2020-02-08 23:14:28,217 ==> Epoch[14](200/553): Loss: 0.2262
2020-02-08 23:14:28,219 Allocated:120.65869140625 MB
2020-02-08 23:14:28,219 Cached:2918.75 MB
2020-02-08 23:16:09,461 ==> Epoch[14](250/553): Loss: 0.0370
2020-02-08 23:16:09,462 Allocated:122.15869140625 MB
2020-02-08 23:16:09,462 Cached:2918.75 MB
2020-02-08 23:17:51,569 ==> Epoch[14](300/553): Loss: 0.2451
2020-02-08 23:17:51,570 Allocated:120.65869140625 MB
2020-02-08 23:17:51,571 Cached:2918.75 MB
2020-02-08 23:19:27,428 ==> Epoch[14](350/553): Loss: 0.1480
2020-02-08 23:19:27,429 Allocated:121.40869140625 MB
2020-02-08 23:19:27,430 Cached:2922.75 MB
2020-02-08 23:20:03,868 ====> Building Cache
2020-02-08 23:20:03,869 feature cache--->>> /home/annora/NetVLAD/output/train_feat_cache2.hdf5
2020-02-08 23:21:23,471 Allocated:122.033203125 MB
2020-02-08 23:21:23,472 Cached:2970.875 MB
2020-02-08 23:23:02,430 ==> Epoch[14](400/553): Loss: 0.0369
2020-02-08 23:23:02,432 Allocated:121.28369140625 MB
2020-02-08 23:23:02,432 Cached:2971.875 MB
2020-02-08 23:24:45,114 ==> Epoch[14](450/553): Loss: 0.0830
2020-02-08 23:24:45,116 Allocated:121.53369140625 MB
2020-02-08 23:24:45,116 Cached:5318.375 MB
2020-02-08 23:26:28,041 ==> Epoch[14](500/553): Loss: 0.1063
2020-02-08 23:26:28,043 Allocated:120.53369140625 MB
2020-02-08 23:26:28,043 Cached:5318.375 MB
2020-02-08 23:28:09,579 ==> Epoch[14](550/553): Loss: 0.0121
2020-02-08 23:28:09,580 Allocated:121.53369140625 MB
2020-02-08 23:28:09,581 Cached:5318.375 MB
2020-02-08 23:28:20,621 ===> Epoch 14 Complete: Avg. Loss: 0.1013
2020-02-08 23:28:20,622 ====> Extracting Features
2020-02-08 23:28:56,642 ==> Batch (50/108)
2020-02-08 23:29:19,434 ==> Batch (100/108)
2020-02-08 23:29:23,229 ====> Building faiss index
2020-02-08 23:29:23,231 ====> Calculating recall @ N
2020-02-08 23:29:23,646 ====> Recall@1: 0.7122
2020-02-08 23:29:23,646 ====> Recall@2: 0.7313
2020-02-08 23:29:23,647 ====> Recall@3: 0.7672
2020-02-08 23:29:23,647 ====> Recall@4: 0.7733
2020-02-08 23:29:23,647 ====> Recall@5: 0.7759
2020-02-08 23:29:23,647 ====> Recall@10: 0.7904
2020-02-08 23:29:23,647 ====> Recall@15: 0.7977
2020-02-08 23:29:23,648 ====> Recall@20: 0.8020
2020-02-08 23:29:23,648 ====> Recall@25: 0.8087
2020-02-08 23:29:23,981 ====> Building Cache
2020-02-08 23:29:23,982 feature cache--->>> /home/annora/NetVLAD/output/train_feat_cache2.hdf5
2020-02-08 23:30:45,920 Allocated:120.15869140625 MB
2020-02-08 23:30:45,921 Cached:4236.25 MB
2020-02-08 23:34:38,272 ==> Epoch[15](100/553): Loss: 0.0287
2020-02-08 23:34:38,274 Allocated:122.28369140625 MB
2020-02-08 23:34:38,274 Cached:4241.25 MB
2020-02-08 23:36:15,324 ==> Epoch[15](150/553): Loss: 0.0758
2020-02-08 23:36:15,325 Allocated:121.53369140625 MB
2020-02-08 23:36:15,325 Cached:4241.25 MB
2020-02-08 23:37:22,342 ====> Building Cache
2020-02-08 23:37:22,343 feature cache--->>> /home/annora/NetVLAD/output/train_feat_cache2.hdf5
2020-02-08 23:38:45,159 Allocated:120.658203125 MB
2020-02-08 23:38:45,160 Cached:2917.75 MB
2020-02-08 23:39:47,772 ==> Epoch[15](200/553): Loss: 0.1106
2020-02-08 23:39:47,774 Allocated:121.15869140625 MB
2020-02-08 23:39:47,774 Cached:2918.75 MB
2020-02-08 23:41:28,859 ==> Epoch[15](250/553): Loss: 0.1733
2020-02-08 23:41:28,861 Allocated:120.90869140625 MB
2020-02-08 23:41:28,861 Cached:2922.75 MB
2020-02-08 23:43:11,461 ==> Epoch[15](300/553): Loss: 0.0880
2020-02-08 23:43:11,463 Allocated:121.28369140625 MB
2020-02-08 23:43:11,463 Cached:2922.75 MB
2020-02-08 23:44:55,157 ==> Epoch[15](350/553): Loss: 0.1773
2020-02-08 23:44:55,158 Allocated:120.65869140625 MB
2020-02-08 23:44:55,158 Cached:2922.75 MB
2020-02-08 23:45:37,388 ====> Building Cache
2020-02-08 23:45:37,389 feature cache--->>> /home/annora/NetVLAD/output/train_feat_cache2.hdf5
2020-02-08 23:47:03,690 Allocated:122.283203125 MB
2020-02-08 23:47:03,691 Cached:2917.75 MB
2020-02-08 23:48:40,263 ==> Epoch[15](400/553): Loss: 0.0081
2020-02-08 23:48:40,265 Allocated:120.53369140625 MB
2020-02-08 23:48:40,266 Cached:2918.75 MB
2020-02-08 23:50:24,537 ==> Epoch[15](450/553): Loss: 0.0649
2020-02-08 23:50:24,539 Allocated:121.40869140625 MB
2020-02-08 23:50:24,539 Cached:4050.5 MB
2020-02-08 23:52:14,812 ==> Epoch[15](500/553): Loss: 0.0274
2020-02-08 23:52:14,813 Allocated:121.65869140625 MB
2020-02-08 23:52:14,814 Cached:5185.5 MB
2020-02-08 23:53:59,059 ==> Epoch[15](550/553): Loss: 0.0239
2020-02-08 23:53:59,060 Allocated:121.53369140625 MB
2020-02-08 23:53:59,060 Cached:5185.5 MB
2020-02-08 23:54:09,669 ===> Epoch 15 Complete: Avg. Loss: 0.0968
2020-02-08 23:54:09,670 ====> Extracting Features
2020-02-08 23:54:44,971 ==> Batch (50/108)
2020-02-08 23:55:07,896 ==> Batch (100/108)
2020-02-08 23:55:11,505 ====> Building faiss index
2020-02-08 23:55:11,508 ====> Calculating recall @ N
2020-02-08 23:55:11,952 ====> Recall@1: 0.7093
2020-02-08 23:55:11,952 ====> Recall@2: 0.7255
2020-02-08 23:55:11,953 ====> Recall@3: 0.7626
2020-02-08 23:55:11,953 ====> Recall@4: 0.7710
2020-02-08 23:55:11,953 ====> Recall@5: 0.7748
2020-02-08 23:55:11,953 ====> Recall@10: 0.7849
2020-02-08 23:55:11,954 ====> Recall@15: 0.7962
2020-02-08 23:55:11,954 ====> Recall@20: 0.8029
2020-02-08 23:55:11,954 ====> Recall@25: 0.8058
2020-02-08 23:55:12,294 ====> Building Cache
2020-02-08 23:55:12,295 feature cache--->>> /home/annora/NetVLAD/output/train_feat_cache2.hdf5
2020-02-08 23:56:36,528 Allocated:119.03369140625 MB
2020-02-08 23:56:36,529 Cached:4183.125 MB
2020-02-08 23:58:44,079 ==> Epoch[16](50/553): Loss: 0.0793
2020-02-08 23:58:44,080 Allocated:121.15869140625 MB
2020-02-08 23:58:44,081 Cached:4188.125 MB
2020-02-09 00:00:29,328 ==> Epoch[16](100/553): Loss: 0.0311
2020-02-09 00:00:29,329 Allocated:121.53369140625 MB
2020-02-09 00:00:29,329 Cached:4188.125 MB
2020-02-09 00:02:06,016 ==> Epoch[16](150/553): Loss: 0.0449
2020-02-09 00:02:06,017 Allocated:121.65869140625 MB
2020-02-09 00:02:06,018 Cached:4188.125 MB
2020-02-09 00:03:15,278 ====> Building Cache
2020-02-09 00:03:15,278 feature cache--->>> /home/annora/NetVLAD/output/train_feat_cache2.hdf5
2020-02-09 00:04:38,926 Allocated:121.283203125 MB
2020-02-09 00:04:38,927 Cached:2917.75 MB
2020-02-09 00:05:49,297 ==> Epoch[16](200/553): Loss: 0.0347
2020-02-09 00:05:49,298 Allocated:121.53369140625 MB
2020-02-09 00:05:49,298 Cached:2918.75 MB
2020-02-09 00:07:30,294 ==> Epoch[16](250/553): Loss: 0.2325
2020-02-09 00:07:30,295 Allocated:121.40869140625 MB
2020-02-09 00:07:30,295 Cached:2918.75 MB
2020-02-09 00:09:13,820 ==> Epoch[16](300/553): Loss: 0.1352
2020-02-09 00:09:13,821 Allocated:120.53369140625 MB
2020-02-09 00:09:13,822 Cached:2921.75 MB
2020-02-09 00:10:58,313 ==> Epoch[16](350/553): Loss: 0.1473
2020-02-09 00:10:58,314 Allocated:120.65869140625 MB
2020-02-09 00:10:58,314 Cached:2921.75 MB
2020-02-09 00:11:39,958 ====> Building Cache
2020-02-09 00:11:39,959 feature cache--->>> /home/annora/NetVLAD/output/train_feat_cache2.hdf5
2020-02-09 00:13:11,727 Allocated:120.658203125 MB
2020-02-09 00:13:11,727 Cached:2944.375 MB
2020-02-09 00:14:45,819 ==> Epoch[16](400/553): Loss: 0.0195
2020-02-09 00:14:45,821 Allocated:121.53369140625 MB
2020-02-09 00:14:45,821 Cached:4105.875 MB
2020-02-09 00:16:29,607 ==> Epoch[16](450/553): Loss: 0.0444
2020-02-09 00:16:29,609 Allocated:121.28369140625 MB
2020-02-09 00:16:29,609 Cached:5304.625 MB
2020-02-09 00:18:15,784 ==> Epoch[16](500/553): Loss: 0.0428
2020-02-09 00:18:15,785 Allocated:121.15869140625 MB
2020-02-09 00:18:15,785 Cached:5304.625 MB
2020-02-09 00:20:04,254 ==> Epoch[16](550/553): Loss: 0.0454
2020-02-09 00:20:04,256 Allocated:120.53369140625 MB
2020-02-09 00:20:04,256 Cached:5304.625 MB
2020-02-09 00:20:15,307 ===> Epoch 16 Complete: Avg. Loss: 0.0980
2020-02-09 00:20:15,308 ====> Extracting Features
2020-02-09 00:20:57,218 ==> Batch (50/108)
2020-02-09 00:21:20,156 ==> Batch (100/108)
2020-02-09 00:21:23,739 ====> Building faiss index
2020-02-09 00:21:23,740 ====> Calculating recall @ N
2020-02-09 00:21:24,110 ====> Recall@1: 0.7142
2020-02-09 00:21:24,110 ====> Recall@2: 0.7371
2020-02-09 00:21:24,111 ====> Recall@3: 0.7675
2020-02-09 00:21:24,111 ====> Recall@4: 0.7725
2020-02-09 00:21:24,112 ====> Recall@5: 0.7751
2020-02-09 00:21:24,112 ====> Recall@10: 0.7884
2020-02-09 00:21:24,112 ====> Recall@15: 0.7965
2020-02-09 00:21:24,112 ====> Recall@20: 0.8038
2020-02-09 00:21:24,112 ====> Recall@25: 0.8070
2020-02-09 00:21:24,439 ====> Building Cache
2020-02-09 00:21:24,440 feature cache--->>> /home/annora/NetVLAD/output/train_feat_cache2.hdf5
2020-02-09 00:22:45,063 Allocated:119.40869140625 MB
2020-02-09 00:22:45,064 Cached:4183.125 MB
2020-02-09 00:25:00,949 ==> Epoch[17](50/553): Loss: 0.1499
2020-02-09 00:25:00,951 Allocated:121.65869140625 MB
2020-02-09 00:25:00,951 Cached:4188.125 MB
2020-02-09 00:26:42,809 ==> Epoch[17](100/553): Loss: 0.0474
2020-02-09 00:26:42,811 Allocated:121.03369140625 MB
2020-02-09 00:26:42,811 Cached:4188.125 MB
2020-02-09 00:28:19,912 ==> Epoch[17](150/553): Loss: 0.0083
2020-02-09 00:28:19,915 Allocated:120.65869140625 MB
2020-02-09 00:28:19,915 Cached:4188.125 MB
2020-02-09 00:29:27,544 ====> Building Cache
2020-02-09 00:29:27,544 feature cache--->>> /home/annora/NetVLAD/output/train_feat_cache2.hdf5
2020-02-09 00:30:45,828 Allocated:120.908203125 MB
2020-02-09 00:30:45,828 Cached:2917.75 MB
2020-02-09 00:31:47,179 ==> Epoch[17](200/553): Loss: 0.1470
2020-02-09 00:31:47,180 Allocated:121.65869140625 MB
2020-02-09 00:31:47,181 Cached:2917.75 MB
2020-02-09 00:33:32,479 ==> Epoch[17](250/553): Loss: 0.1208
2020-02-09 00:33:32,480 Allocated:120.65869140625 MB
2020-02-09 00:33:32,481 Cached:2917.75 MB
2020-02-09 00:35:09,550 ==> Epoch[17](300/553): Loss: 0.0178
2020-02-09 00:35:09,552 Allocated:121.40869140625 MB
2020-02-09 00:35:09,552 Cached:2917.75 MB
2020-02-09 00:36:47,136 ==> Epoch[17](350/553): Loss: 0.2235
2020-02-09 00:36:47,137 Allocated:121.28369140625 MB
2020-02-09 00:36:47,137 Cached:2917.75 MB
2020-02-09 00:37:24,935 ====> Building Cache
2020-02-09 00:37:24,936 feature cache--->>> /home/annora/NetVLAD/output/train_feat_cache2.hdf5
2020-02-09 00:38:45,894 Allocated:120.658203125 MB
2020-02-09 00:38:45,895 Cached:2970.875 MB
2020-02-09 00:40:31,253 ==> Epoch[17](400/553): Loss: 0.0774
2020-02-09 00:40:31,256 Allocated:121.65869140625 MB
2020-02-09 00:40:31,256 Cached:2970.875 MB
2020-02-09 00:42:13,298 ==> Epoch[17](450/553): Loss: 0.0000
2020-02-09 00:42:13,300 Allocated:121.03369140625 MB
2020-02-09 00:42:13,300 Cached:4112.25 MB
2020-02-09 00:43:55,439 ==> Epoch[17](500/553): Loss: 0.0508
2020-02-09 00:43:55,441 Allocated:121.28369140625 MB
2020-02-09 00:43:55,441 Cached:5289.625 MB
2020-02-09 00:45:41,303 ==> Epoch[17](550/553): Loss: 0.0994
2020-02-09 00:45:41,305 Allocated:121.28369140625 MB
2020-02-09 00:45:41,305 Cached:5289.625 MB
2020-02-09 00:45:51,905 ===> Epoch 17 Complete: Avg. Loss: 0.0978
2020-02-09 00:45:51,906 ====> Extracting Features
2020-02-09 00:46:33,166 ==> Batch (50/108)
2020-02-09 00:47:01,306 ==> Batch (100/108)
2020-02-09 00:47:05,436 ====> Building faiss index
2020-02-09 00:47:05,438 ====> Calculating recall @ N
2020-02-09 00:47:05,949 ====> Recall@1: 0.7151
2020-02-09 00:47:05,950 ====> Recall@2: 0.7359
2020-02-09 00:47:05,950 ====> Recall@3: 0.7687
2020-02-09 00:47:05,950 ====> Recall@4: 0.7728
2020-02-09 00:47:05,951 ====> Recall@5: 0.7759
2020-02-09 00:47:05,951 ====> Recall@10: 0.7907
2020-02-09 00:47:05,951 ====> Recall@15: 0.7977
2020-02-09 00:47:05,951 ====> Recall@20: 0.8029
2020-02-09 00:47:05,951 ====> Recall@25: 0.8081
2020-02-09 00:47:06,352 ====> Building Cache
2020-02-09 00:47:06,352 feature cache--->>> /home/annora/NetVLAD/output/train_feat_cache2.hdf5
2020-02-09 00:48:30,801 Allocated:120.40869140625 MB
2020-02-09 00:48:30,801 Cached:4183.125 MB
2020-02-09 00:50:37,675 ==> Epoch[18](50/553): Loss: 0.0700
2020-02-09 00:50:37,677 Allocated:120.65869140625 MB
2020-02-09 00:50:37,677 Cached:4188.125 MB
2020-02-09 00:52:18,762 ==> Epoch[18](100/553): Loss: 0.0066
2020-02-09 00:52:18,763 Allocated:121.03369140625 MB
2020-02-09 00:52:18,763 Cached:4188.125 MB
2020-02-09 00:53:51,511 ==> Epoch[18](150/553): Loss: 0.0143
2020-02-09 00:53:51,512 Allocated:120.65869140625 MB
2020-02-09 00:53:51,513 Cached:4188.125 MB
2020-02-09 00:54:59,539 ====> Building Cache
2020-02-09 00:54:59,539 feature cache--->>> /home/annora/NetVLAD/output/train_feat_cache2.hdf5
2020-02-09 00:56:23,793 Allocated:120.533203125 MB
2020-02-09 00:56:23,793 Cached:2917.75 MB
2020-02-09 00:57:31,410 ==> Epoch[18](200/553): Loss: 0.0325
2020-02-09 00:57:31,413 Allocated:120.65869140625 MB
2020-02-09 00:57:31,413 Cached:2918.75 MB
2020-02-09 00:59:12,296 ==> Epoch[18](250/553): Loss: 0.2302
2020-02-09 00:59:12,297 Allocated:121.40869140625 MB
2020-02-09 00:59:12,297 Cached:2921.75 MB
2020-02-09 01:00:56,345 ==> Epoch[18](300/553): Loss: 0.2849
2020-02-09 01:00:56,346 Allocated:120.53369140625 MB
2020-02-09 01:00:56,346 Cached:2921.75 MB
2020-02-09 01:02:36,724 ==> Epoch[18](350/553): Loss: 0.1147
2020-02-09 01:02:36,726 Allocated:121.15869140625 MB
2020-02-09 01:02:36,726 Cached:2921.75 MB
2020-02-09 01:03:17,668 ====> Building Cache
2020-02-09 01:03:17,669 feature cache--->>> /home/annora/NetVLAD/output/train_feat_cache2.hdf5
2020-02-09 01:04:42,299 Allocated:121.158203125 MB
2020-02-09 01:04:42,300 Cached:2970.875 MB
2020-02-09 01:06:19,701 ==> Epoch[18](400/553): Loss: 0.0239
2020-02-09 01:06:19,703 Allocated:121.40869140625 MB
2020-02-09 01:06:19,703 Cached:2971.875 MB
2020-02-09 01:08:12,391 ==> Epoch[18](450/553): Loss: 0.0957
2020-02-09 01:08:12,393 Allocated:120.53369140625 MB
2020-02-09 01:08:12,393 Cached:4173.75 MB
2020-02-09 01:09:56,513 ==> Epoch[18](500/553): Loss: 0.0288
2020-02-09 01:09:56,514 Allocated:120.78369140625 MB
2020-02-09 01:09:56,514 Cached:4173.75 MB
2020-02-09 01:11:40,761 ==> Epoch[18](550/553): Loss: 0.0134
2020-02-09 01:11:40,763 Allocated:120.65869140625 MB
2020-02-09 01:11:40,763 Cached:4173.75 MB
2020-02-09 01:11:51,413 ===> Epoch 18 Complete: Avg. Loss: 0.0960
2020-02-09 01:11:51,414 ====> Extracting Features
2020-02-09 01:12:30,954 ==> Batch (50/108)
2020-02-09 01:12:53,621 ==> Batch (100/108)
2020-02-09 01:12:57,400 ====> Building faiss index
2020-02-09 01:12:57,402 ====> Calculating recall @ N
2020-02-09 01:12:57,829 ====> Recall@1: 0.7145
2020-02-09 01:12:57,829 ====> Recall@2: 0.7496
2020-02-09 01:12:57,830 ====> Recall@3: 0.7684
2020-02-09 01:12:57,830 ====> Recall@4: 0.7745
2020-02-09 01:12:57,830 ====> Recall@5: 0.7777
2020-02-09 01:12:57,830 ====> Recall@10: 0.7910
2020-02-09 01:12:57,831 ====> Recall@15: 0.7991
2020-02-09 01:12:57,831 ====> Recall@20: 0.8035
2020-02-09 01:12:57,831 ====> Recall@25: 0.8093
2020-02-09 01:12:58,166 ====> Building Cache
2020-02-09 01:12:58,167 feature cache--->>> /home/annora/NetVLAD/output/train_feat_cache2.hdf5
2020-02-09 01:14:23,621 Allocated:118.65869140625 MB
2020-02-09 01:14:23,621 Cached:4183.125 MB
2020-02-09 01:16:31,470 ==> Epoch[19](50/553): Loss: 0.1566
2020-02-09 01:16:31,472 Allocated:121.53369140625 MB
2020-02-09 01:16:31,472 Cached:4184.125 MB
2020-02-09 01:18:08,783 ==> Epoch[19](100/553): Loss: 0.0189
2020-02-09 01:18:08,784 Allocated:120.90869140625 MB
2020-02-09 01:18:08,785 Cached:4184.125 MB
2020-02-09 01:19:42,777 ==> Epoch[19](150/553): Loss: 0.0000
2020-02-09 01:19:42,778 Allocated:121.90869140625 MB
2020-02-09 01:19:42,778 Cached:4187.125 MB
2020-02-09 01:20:57,140 ====> Building Cache
2020-02-09 01:20:57,141 feature cache--->>> /home/annora/NetVLAD/output/train_feat_cache2.hdf5
2020-02-09 01:22:24,878 Allocated:121.533203125 MB
2020-02-09 01:22:24,878 Cached:2917.75 MB
2020-02-09 01:23:31,683 ==> Epoch[19](200/553): Loss: 0.4697
2020-02-09 01:23:31,684 Allocated:120.53369140625 MB
2020-02-09 01:23:31,685 Cached:2918.75 MB
2020-02-09 01:25:07,800 ==> Epoch[19](250/553): Loss: 0.1227
2020-02-09 01:25:07,801 Allocated:121.28369140625 MB
2020-02-09 01:25:07,802 Cached:2918.75 MB
2020-02-09 01:26:42,859 ==> Epoch[19](300/553): Loss: 0.1541
2020-02-09 01:26:42,861 Allocated:121.15869140625 MB
2020-02-09 01:26:42,861 Cached:2918.75 MB
2020-02-09 01:28:32,180 ==> Epoch[19](350/553): Loss: 0.2817
2020-02-09 01:28:32,182 Allocated:121.40869140625 MB
2020-02-09 01:28:32,183 Cached:2921.75 MB
2020-02-09 01:29:14,218 ====> Building Cache
2020-02-09 01:29:14,219 feature cache--->>> /home/annora/NetVLAD/output/train_feat_cache2.hdf5
2020-02-09 01:30:41,047 Allocated:122.033203125 MB
2020-02-09 01:30:41,047 Cached:2970.875 MB
2020-02-09 01:32:18,696 ==> Epoch[19](400/553): Loss: 0.0669
2020-02-09 01:32:18,698 Allocated:120.65869140625 MB
2020-02-09 01:32:18,698 Cached:4140.875 MB
2020-02-09 01:34:00,402 ==> Epoch[19](450/553): Loss: 0.1794
2020-02-09 01:34:00,403 Allocated:121.65869140625 MB
2020-02-09 01:34:00,403 Cached:4141.875 MB
2020-02-09 01:35:44,588 ==> Epoch[19](500/553): Loss: 0.0343
2020-02-09 01:35:44,589 Allocated:121.40869140625 MB
2020-02-09 01:35:44,590 Cached:4141.875 MB
2020-02-09 01:37:24,451 ==> Epoch[19](550/553): Loss: 0.0840
2020-02-09 01:37:24,452 Allocated:121.40869140625 MB
2020-02-09 01:37:24,453 Cached:4141.875 MB
2020-02-09 01:37:35,391 ===> Epoch 19 Complete: Avg. Loss: 0.0984
2020-02-09 01:37:35,394 ====> Extracting Features
2020-02-09 01:38:11,082 ==> Batch (50/108)
2020-02-09 01:38:32,232 ==> Batch (100/108)
2020-02-09 01:38:35,554 ====> Building faiss index
2020-02-09 01:38:35,556 ====> Calculating recall @ N
2020-02-09 01:38:35,998 ====> Recall@1: 0.7125
2020-02-09 01:38:35,999 ====> Recall@2: 0.7299
2020-02-09 01:38:36,000 ====> Recall@3: 0.7672
2020-02-09 01:38:36,000 ====> Recall@4: 0.7730
2020-02-09 01:38:36,000 ====> Recall@5: 0.7754
2020-02-09 01:38:36,001 ====> Recall@10: 0.7872
2020-02-09 01:38:36,001 ====> Recall@15: 0.7980
2020-02-09 01:38:36,001 ====> Recall@20: 0.8041
2020-02-09 01:38:36,001 ====> Recall@25: 0.8078
2020-02-09 01:38:36,397 ====> Building Cache
2020-02-09 01:38:36,397 feature cache--->>> /home/annora/NetVLAD/output/train_feat_cache2.hdf5
2020-02-09 01:40:02,714 Allocated:118.65869140625 MB
2020-02-09 01:40:02,715 Cached:4276.25 MB
2020-02-09 01:42:16,111 ==> Epoch[20](50/553): Loss: 0.0950
2020-02-09 01:42:16,112 Allocated:121.40869140625 MB
2020-02-09 01:42:16,113 Cached:4277.25 MB
2020-02-09 01:43:45,339 ==> Epoch[20](100/553): Loss: 0.0534
2020-02-09 01:43:45,340 Allocated:120.53369140625 MB
2020-02-09 01:43:45,341 Cached:4281.25 MB
2020-02-09 01:45:16,798 ==> Epoch[20](150/553): Loss: 0.0757
2020-02-09 01:45:16,800 Allocated:120.90869140625 MB
2020-02-09 01:45:16,800 Cached:4281.25 MB
2020-02-09 01:46:20,013 ====> Building Cache
2020-02-09 01:46:20,014 feature cache--->>> /home/annora/NetVLAD/output/train_feat_cache2.hdf5
2020-02-09 01:47:50,891 Allocated:120.658203125 MB
2020-02-09 01:47:50,892 Cached:2917.75 MB
2020-02-09 01:48:51,636 ==> Epoch[20](200/553): Loss: 0.1929
2020-02-09 01:48:51,637 Allocated:121.28369140625 MB
2020-02-09 01:48:51,638 Cached:2918.75 MB
2020-02-09 01:50:37,136 ==> Epoch[20](250/553): Loss: 0.0896
2020-02-09 01:50:37,138 Allocated:121.78369140625 MB
2020-02-09 01:50:37,138 Cached:2919.75 MB
2020-02-09 01:52:12,505 ==> Epoch[20](300/553): Loss: 0.0839
2020-02-09 01:52:12,507 Allocated:120.65869140625 MB
2020-02-09 01:52:12,507 Cached:2919.75 MB
2020-02-09 01:53:58,022 ==> Epoch[20](350/553): Loss: 0.0218
2020-02-09 01:53:58,023 Allocated:120.65869140625 MB
2020-02-09 01:53:58,023 Cached:2919.75 MB
2020-02-09 01:54:35,856 ====> Building Cache
2020-02-09 01:54:35,857 feature cache--->>> /home/annora/NetVLAD/output/train_feat_cache2.hdf5
2020-02-09 01:55:55,063 Allocated:120.658203125 MB
2020-02-09 01:55:55,063 Cached:2917.75 MB
2020-02-09 01:57:31,841 ==> Epoch[20](400/553): Loss: 0.0062
2020-02-09 01:57:31,843 Allocated:121.28369140625 MB
2020-02-09 01:57:31,843 Cached:4053.75 MB
2020-02-09 01:59:10,485 ==> Epoch[20](450/553): Loss: 0.0375
2020-02-09 01:59:10,486 Allocated:120.53369140625 MB
2020-02-09 01:59:10,486 Cached:6377.875 MB
2020-02-09 02:00:52,369 ==> Epoch[20](500/553): Loss: 0.0595
2020-02-09 02:00:52,371 Allocated:121.15869140625 MB
2020-02-09 02:00:52,371 Cached:6377.875 MB
2020-02-09 02:02:31,493 ==> Epoch[20](550/553): Loss: 0.0549
2020-02-09 02:02:31,495 Allocated:121.28369140625 MB
2020-02-09 02:02:31,495 Cached:6377.875 MB
2020-02-09 02:02:41,445 ===> Epoch 20 Complete: Avg. Loss: 0.0989
2020-02-09 02:02:41,447 ====> Extracting Features
2020-02-09 02:03:17,535 ==> Batch (50/108)
2020-02-09 02:03:41,474 ==> Batch (100/108)
2020-02-09 02:03:44,685 ====> Building faiss index
2020-02-09 02:03:44,688 ====> Calculating recall @ N
2020-02-09 02:03:45,102 ====> Recall@1: 0.7119
2020-02-09 02:03:45,103 ====> Recall@2: 0.7299
2020-02-09 02:03:45,103 ====> Recall@3: 0.7672
2020-02-09 02:03:45,103 ====> Recall@4: 0.7730
2020-02-09 02:03:45,103 ====> Recall@5: 0.7762
2020-02-09 02:03:45,104 ====> Recall@10: 0.7878
2020-02-09 02:03:45,104 ====> Recall@15: 0.7968
2020-02-09 02:03:45,104 ====> Recall@20: 0.8035
2020-02-09 02:03:45,104 ====> Recall@25: 0.8064
2020-02-09 02:03:45,446 ====> Building Cache
2020-02-09 02:03:45,446 feature cache--->>> /home/annora/NetVLAD/output/train_feat_cache2.hdf5
2020-02-09 02:05:04,663 Allocated:118.65869140625 MB
2020-02-09 02:05:04,664 Cached:4292.375 MB
2020-02-09 02:07:14,589 ==> Epoch[21](50/553): Loss: 0.0619
2020-02-09 02:07:14,591 Allocated:121.53369140625 MB
2020-02-09 02:07:14,592 Cached:4297.375 MB
2020-02-09 02:08:53,701 ==> Epoch[21](100/553): Loss: 0.1504
2020-02-09 02:08:53,703 Allocated:122.15869140625 MB
2020-02-09 02:08:53,703 Cached:4297.375 MB
2020-02-09 02:10:32,209 ==> Epoch[21](150/553): Loss: 0.0112
2020-02-09 02:10:32,211 Allocated:122.15869140625 MB
2020-02-09 02:10:32,211 Cached:4297.375 MB
2020-02-09 02:11:41,645 ====> Building Cache
2020-02-09 02:11:41,646 feature cache--->>> /home/annora/NetVLAD/output/train_feat_cache2.hdf5
2020-02-09 02:13:01,227 Allocated:120.533203125 MB
2020-02-09 02:13:01,228 Cached:2917.75 MB
2020-02-09 02:14:06,496 ==> Epoch[21](200/553): Loss: 0.3748
2020-02-09 02:14:06,498 Allocated:120.53369140625 MB
2020-02-09 02:14:06,498 Cached:2917.75 MB
2020-02-09 02:15:55,638 ==> Epoch[21](250/553): Loss: 0.1831
2020-02-09 02:15:55,639 Allocated:121.28369140625 MB
2020-02-09 02:15:55,640 Cached:2918.75 MB
2020-02-09 02:17:34,147 ==> Epoch[21](300/553): Loss: 0.2841
2020-02-09 02:17:34,149 Allocated:121.03369140625 MB
2020-02-09 02:17:34,149 Cached:2918.75 MB
2020-02-09 02:19:19,392 ==> Epoch[21](350/553): Loss: 0.4072
2020-02-09 02:19:19,394 Allocated:121.40869140625 MB
2020-02-09 02:19:19,394 Cached:2922.75 MB
2020-02-09 02:19:57,707 ====> Building Cache
2020-02-09 02:19:57,707 feature cache--->>> /home/annora/NetVLAD/output/train_feat_cache2.hdf5
2020-02-09 02:21:21,581 Allocated:121.658203125 MB
2020-02-09 02:21:21,581 Cached:2917.75 MB
2020-02-09 02:23:08,731 ==> Epoch[21](400/553): Loss: 0.0705
2020-02-09 02:23:08,734 Allocated:120.90869140625 MB
2020-02-09 02:23:08,734 Cached:2918.75 MB
2020-02-09 02:24:53,767 ==> Epoch[21](450/553): Loss: 0.0378
2020-02-09 02:24:53,769 Allocated:120.90869140625 MB
2020-02-09 02:24:53,770 Cached:4063.25 MB
2020-02-09 02:26:38,600 ==> Epoch[21](500/553): Loss: 0.2042
2020-02-09 02:26:38,601 Allocated:121.28369140625 MB
2020-02-09 02:26:38,601 Cached:4063.25 MB
2020-02-09 02:28:29,561 ==> Epoch[21](550/553): Loss: 0.0065
2020-02-09 02:28:29,562 Allocated:121.53369140625 MB
2020-02-09 02:28:29,563 Cached:4063.25 MB
2020-02-09 02:28:40,280 ===> Epoch 21 Complete: Avg. Loss: 0.1000
2020-02-09 02:28:40,281 ====> Extracting Features
2020-02-09 02:29:16,552 ==> Batch (50/108)
2020-02-09 02:29:39,230 ==> Batch (100/108)
2020-02-09 02:29:42,993 ====> Building faiss index
2020-02-09 02:29:42,995 ====> Calculating recall @ N
2020-02-09 02:29:43,403 ====> Recall@1: 0.7139
2020-02-09 02:29:43,404 ====> Recall@2: 0.7362
2020-02-09 02:29:43,404 ====> Recall@3: 0.7699
2020-02-09 02:29:43,405 ====> Recall@4: 0.7739
2020-02-09 02:29:43,405 ====> Recall@5: 0.7774
2020-02-09 02:29:43,405 ====> Recall@10: 0.7916
2020-02-09 02:29:43,405 ====> Recall@15: 0.7968
2020-02-09 02:29:43,406 ====> Recall@20: 0.8041
2020-02-09 02:29:43,406 ====> Recall@25: 0.8093
2020-02-09 02:29:43,748 Performance did not improve for 10 epochs. Stopping.
2020-02-09 02:29:43,748 => Best Recall@5: 0.7806
2020-02-09 02:34:43,847 Finished...