2020-01-09 13:35:29,293 Namespace(arch='alexnet', batchSize=12, cacheBatchSize=96, cachePath='/home/annora/NetVLAD/output/', cacheRefreshRate=3000, ckpt='best', contilearn=True, dataPath='/home/annora/NetVLAD/output/data/', dataset='robotcar', evalEvery=1, fromscratch=False, fromtask='/home/annora/NetVLAD/output/runs/2020-01-08-21-58-34_alexnet_netvlad', lr=0.0001, lrGamma=0.5, lrStep=5, margin=0.1, mode='train', momentum=0.9, nEpochs=30, nGPU=1, nocuda=False, num_clusters=64, optim='SGD', patience=10, pooling='netvlad', premodel='imagenet', resume='', runsPath='/home/annora/NetVLAD/output/runs/', savePath='checkpoints', seed=123, split='val', start_epoch=0, threads=8, vladv2=False, weightDecay=0.001)
2020-01-09 13:35:29,356 trainfile ------>>>>>> oxRobocar_doubleN_train.mat
2020-01-09 13:35:29,357 ===> Loading dataset(s)
2020-01-09 13:35:31,899 ====> Training set: oxRobocar_doubleN_train.mat, query set count:: 6404
2020-01-09 13:35:31,993 ===> Evaluating on val set: oxRobocar_doubleN_val.mat, query count: 3450
2020-01-09 13:35:31,993 ===> Building model
2020-01-09 13:35:32,040 encoder moder:
AlexNet(
  (conv1): Sequential(
    (0): Conv2d(3, 64, kernel_size=(11, 11), stride=(4, 4), padding=(2, 2))
    (1): ReLU(inplace)
    (2): MaxPool2d(kernel_size=3, stride=2, padding=0, dilation=1, ceil_mode=False)
  )
  (conv2): Sequential(
    (0): Conv2d(64, 192, kernel_size=(5, 5), stride=(1, 1), padding=(2, 2))
    (1): ReLU(inplace)
    (2): MaxPool2d(kernel_size=3, stride=2, padding=0, dilation=1, ceil_mode=False)
  )
  (conv3): Sequential(
    (0): Conv2d(192, 384, kernel_size=(3, 3), stride=(1, 1), padding=(1, 1))
    (1): ReLU(inplace)
  )
  (conv4): Sequential(
    (0): Conv2d(384, 256, kernel_size=(3, 3), stride=(1, 1), padding=(1, 1))
    (1): ReLU(inplace)
  )
  (conv5): Sequential(
    (0): Conv2d(256, 256, kernel_size=(3, 3), stride=(1, 1), padding=(1, 1))
  )
)
2020-01-09 13:35:36,108 => loading checkpoint '/home/annora/NetVLAD/output/runs/2020-01-08-21-58-34_alexnet_netvlad/checkpoints/model_best.pth.tar'
2020-01-09 13:35:36,198 => loaded checkpoint '/home/annora/NetVLAD/output/runs/2020-01-08-21-58-34_alexnet_netvlad/checkpoints/model_best.pth.tar' 
2020-01-09 13:35:36,198 ===> Training model
2020-01-09 13:35:36,200 ===> Saving state to: /home/annora/NetVLAD/output/runs/2020-01-09-13-35-36_alexnet_netvlad
2020-01-09 13:35:36,200 ====> Building Cache
2020-01-09 13:35:36,200 feature cache--->>> /home/annora/NetVLAD/output/train_feat_cache.hdf5
2020-01-09 13:37:05,318 Allocated:99.47119140625 MB
2020-01-09 13:37:05,319 Cached:2864.375 MB
2020-01-09 13:39:39,854 ==> Epoch[1](50/534): Loss: 0.1089
2020-01-09 13:39:39,856 Allocated:122.90869140625 MB
2020-01-09 13:39:39,856 Cached:9170.75 MB
2020-01-09 13:41:36,229 ==> Epoch[1](100/534): Loss: 0.1451
2020-01-09 13:41:36,231 Allocated:122.53369140625 MB
2020-01-09 13:41:36,231 Cached:9170.75 MB
2020-01-09 13:43:39,351 ==> Epoch[1](150/534): Loss: 0.1501
2020-01-09 13:43:39,353 Allocated:121.28369140625 MB
2020-01-09 13:43:39,353 Cached:9170.75 MB
2020-01-09 13:44:47,954 ====> Building Cache
2020-01-09 13:44:47,956 feature cache--->>> /home/annora/NetVLAD/output/train_feat_cache.hdf5
2020-01-09 13:46:13,636 Allocated:121.783203125 MB
2020-01-09 13:46:13,638 Cached:2944.375 MB
2020-01-09 13:47:48,107 ==> Epoch[1](200/534): Loss: 0.1524
2020-01-09 13:47:48,109 Allocated:121.78369140625 MB
2020-01-09 13:47:48,109 Cached:6835.375 MB
2020-01-09 13:50:00,314 ==> Epoch[1](250/534): Loss: 0.2097
2020-01-09 13:50:00,315 Allocated:121.03369140625 MB
2020-01-09 13:50:00,316 Cached:6835.375 MB
2020-01-09 13:52:03,669 ==> Epoch[1](300/534): Loss: 0.1887
2020-01-09 13:52:03,670 Allocated:121.15869140625 MB
2020-01-09 13:52:03,671 Cached:6835.375 MB
2020-01-09 13:53:57,077 ==> Epoch[1](350/534): Loss: 0.1444
2020-01-09 13:53:57,079 Allocated:122.53369140625 MB
2020-01-09 13:53:57,080 Cached:6835.375 MB
2020-01-09 13:54:14,441 ====> Building Cache
2020-01-09 13:54:14,442 feature cache--->>> /home/annora/NetVLAD/output/train_feat_cache.hdf5
2020-01-09 13:55:40,081 Allocated:122.033203125 MB
2020-01-09 13:55:40,081 Cached:3000.5 MB
2020-01-09 13:58:03,940 ==> Epoch[1](400/534): Loss: 0.1395
2020-01-09 13:58:03,943 Allocated:121.78369140625 MB
2020-01-09 13:58:03,943 Cached:3772.0 MB
2020-01-09 13:59:59,355 ==> Epoch[1](450/534): Loss: 0.1152
2020-01-09 13:59:59,356 Allocated:121.53369140625 MB
2020-01-09 13:59:59,356 Cached:4185.5 MB
2020-01-09 14:01:55,293 ==> Epoch[1](500/534): Loss: 0.1106
2020-01-09 14:01:55,294 Allocated:121.78369140625 MB
2020-01-09 14:01:55,294 Cached:4185.5 MB
2020-01-09 14:03:19,102 ===> Epoch 1 Complete: Avg. Loss: 0.1508
2020-01-09 14:03:19,104 ====> Extracting Features
2020-01-09 14:03:52,582 ==> Batch (50/108)
2020-01-09 14:04:14,421 ==> Batch (100/108)
2020-01-09 14:04:18,589 ====> Building faiss index
2020-01-09 14:04:18,924 ====> Calculating recall @ N
2020-01-09 14:04:21,039 ====> Recall@1: 0.6832
2020-01-09 14:04:21,040 ====> Recall@2: 0.7133
2020-01-09 14:04:21,040 ====> Recall@3: 0.7293
2020-01-09 14:04:21,041 ====> Recall@4: 0.7417
2020-01-09 14:04:21,041 ====> Recall@5: 0.7507
2020-01-09 14:04:21,041 ====> Recall@10: 0.7777
2020-01-09 14:04:21,041 ====> Recall@15: 0.7907
2020-01-09 14:04:21,041 ====> Recall@20: 0.8006
2020-01-09 14:04:21,042 ====> Recall@25: 0.8075
2020-01-09 14:04:21,334 ====> Building Cache
2020-01-09 14:04:21,334 feature cache--->>> /home/annora/NetVLAD/output/train_feat_cache.hdf5
2020-01-09 14:05:51,859 Allocated:119.03369140625 MB
2020-01-09 14:05:51,860 Cached:4220.5 MB
2020-01-09 14:08:35,622 ==> Epoch[2](50/534): Loss: 0.1679
2020-01-09 14:08:35,624 Allocated:122.90869140625 MB
2020-01-09 14:08:35,625 Cached:8109.5 MB
2020-01-09 14:10:38,946 ==> Epoch[2](100/534): Loss: 0.1937
2020-01-09 14:10:38,949 Allocated:121.78369140625 MB
2020-01-09 14:10:38,949 Cached:8109.5 MB
2020-01-09 14:12:40,602 ==> Epoch[2](150/534): Loss: 0.1480
2020-01-09 14:12:40,604 Allocated:121.65869140625 MB
2020-01-09 14:12:40,604 Cached:8109.5 MB
2020-01-09 14:13:44,436 ====> Building Cache
2020-01-09 14:13:44,437 feature cache--->>> /home/annora/NetVLAD/output/train_feat_cache.hdf5
2020-01-09 14:15:15,090 Allocated:122.658203125 MB
2020-01-09 14:15:15,090 Cached:2960.625 MB
2020-01-09 14:16:51,223 ==> Epoch[2](200/534): Loss: 0.2235
2020-01-09 14:16:51,225 Allocated:122.15869140625 MB
2020-01-09 14:16:51,225 Cached:6851.625 MB
2020-01-09 14:18:57,435 ==> Epoch[2](250/534): Loss: 0.2052
2020-01-09 14:18:57,437 Allocated:121.03369140625 MB
2020-01-09 14:18:57,437 Cached:6851.625 MB
2020-01-09 14:21:05,114 ==> Epoch[2](300/534): Loss: 0.1890
2020-01-09 14:21:05,116 Allocated:121.65869140625 MB
2020-01-09 14:21:05,116 Cached:6851.625 MB
2020-01-09 14:23:04,474 ==> Epoch[2](350/534): Loss: 0.2161
2020-01-09 14:23:04,476 Allocated:121.78369140625 MB
2020-01-09 14:23:04,477 Cached:6851.625 MB
2020-01-09 14:23:19,946 ====> Building Cache
2020-01-09 14:23:19,946 feature cache--->>> /home/annora/NetVLAD/output/train_feat_cache.hdf5
2020-01-09 14:24:57,844 Allocated:122.533203125 MB
2020-01-09 14:24:57,844 Cached:2954.375 MB
2020-01-09 14:27:33,162 ==> Epoch[2](400/534): Loss: 0.1367
2020-01-09 14:27:33,164 Allocated:122.90869140625 MB
2020-01-09 14:27:33,165 Cached:8091.875 MB
2020-01-09 14:29:32,351 ==> Epoch[2](450/534): Loss: 0.1148
2020-01-09 14:29:32,352 Allocated:121.28369140625 MB
2020-01-09 14:29:32,353 Cached:8091.875 MB
2020-01-09 14:31:29,335 ==> Epoch[2](500/534): Loss: 0.1279
2020-01-09 14:31:29,337 Allocated:121.03369140625 MB
2020-01-09 14:31:29,337 Cached:8091.875 MB
2020-01-09 14:32:45,733 ===> Epoch 2 Complete: Avg. Loss: 0.1500
2020-01-09 14:32:45,735 ====> Extracting Features
2020-01-09 14:33:24,237 ==> Batch (50/108)
2020-01-09 14:33:46,376 ==> Batch (100/108)
2020-01-09 14:33:50,991 ====> Building faiss index
2020-01-09 14:33:51,349 ====> Calculating recall @ N
2020-01-09 14:33:53,485 ====> Recall@1: 0.6841
2020-01-09 14:33:53,485 ====> Recall@2: 0.7139
2020-01-09 14:33:53,486 ====> Recall@3: 0.7296
2020-01-09 14:33:53,486 ====> Recall@4: 0.7420
2020-01-09 14:33:53,486 ====> Recall@5: 0.7507
2020-01-09 14:33:53,486 ====> Recall@10: 0.7777
2020-01-09 14:33:53,486 ====> Recall@15: 0.7913
2020-01-09 14:33:53,486 ====> Recall@20: 0.8006
2020-01-09 14:33:53,487 ====> Recall@25: 0.8081
2020-01-09 14:33:53,918 ====> Building Cache
2020-01-09 14:33:53,918 feature cache--->>> /home/annora/NetVLAD/output/train_feat_cache.hdf5
2020-01-09 14:35:25,429 Allocated:119.03369140625 MB
2020-01-09 14:35:25,430 Cached:4210.75 MB
2020-01-09 14:38:15,917 ==> Epoch[3](50/534): Loss: 0.2194
2020-01-09 14:38:15,920 Allocated:123.15869140625 MB
2020-01-09 14:38:15,920 Cached:9302.625 MB
2020-01-09 14:40:17,682 ==> Epoch[3](100/534): Loss: 0.1211
2020-01-09 14:40:17,684 Allocated:121.90869140625 MB
2020-01-09 14:40:17,685 Cached:9302.625 MB
2020-01-09 14:42:25,730 ==> Epoch[3](150/534): Loss: 0.1519
2020-01-09 14:42:25,731 Allocated:121.15869140625 MB
2020-01-09 14:42:25,732 Cached:9302.625 MB
2020-01-09 14:43:34,834 ====> Building Cache
2020-01-09 14:43:34,835 feature cache--->>> /home/annora/NetVLAD/output/train_feat_cache.hdf5
2020-01-09 14:45:02,956 Allocated:122.283203125 MB
2020-01-09 14:45:02,956 Cached:2337.25 MB
2020-01-09 14:46:41,727 ==> Epoch[3](200/534): Loss: 0.2195
2020-01-09 14:46:41,729 Allocated:122.03369140625 MB
2020-01-09 14:46:41,729 Cached:6228.25 MB
2020-01-09 14:48:43,089 ==> Epoch[3](250/534): Loss: 0.2692
2020-01-09 14:48:43,091 Allocated:121.40869140625 MB
2020-01-09 14:48:43,091 Cached:6228.25 MB
2020-01-09 14:50:43,785 ==> Epoch[3](300/534): Loss: 0.2526
2020-01-09 14:50:43,787 Allocated:122.40869140625 MB
2020-01-09 14:50:43,787 Cached:6228.25 MB
2020-01-09 14:52:43,584 ==> Epoch[3](350/534): Loss: 0.2096
2020-01-09 14:52:43,587 Allocated:121.03369140625 MB
2020-01-09 14:52:43,587 Cached:6228.25 MB
2020-01-09 14:52:57,508 ====> Building Cache
2020-01-09 14:52:57,509 feature cache--->>> /home/annora/NetVLAD/output/train_feat_cache.hdf5
2020-01-09 14:54:36,110 Allocated:122.283203125 MB
2020-01-09 14:54:36,111 Cached:2337.25 MB
2020-01-09 14:57:14,400 ==> Epoch[3](400/534): Loss: 0.1096
2020-01-09 14:57:14,402 Allocated:122.65869140625 MB
2020-01-09 14:57:14,402 Cached:3805.75 MB
2020-01-09 14:59:24,704 ==> Epoch[3](450/534): Loss: 0.1403
2020-01-09 14:59:24,708 Allocated:121.90869140625 MB
2020-01-09 14:59:24,708 Cached:4743.25 MB
2020-01-09 15:01:32,757 ==> Epoch[3](500/534): Loss: 0.1191
2020-01-09 15:01:32,759 Allocated:121.78369140625 MB
2020-01-09 15:01:32,760 Cached:4743.25 MB
2020-01-09 15:02:53,144 ===> Epoch 3 Complete: Avg. Loss: 0.1496
2020-01-09 15:02:53,146 ====> Extracting Features
2020-01-09 15:03:30,100 ==> Batch (50/108)
2020-01-09 15:03:51,855 ==> Batch (100/108)
2020-01-09 15:03:56,691 ====> Building faiss index
2020-01-09 15:03:57,038 ====> Calculating recall @ N
2020-01-09 15:03:59,151 ====> Recall@1: 0.6841
2020-01-09 15:03:59,152 ====> Recall@2: 0.7142
2020-01-09 15:03:59,152 ====> Recall@3: 0.7296
2020-01-09 15:03:59,153 ====> Recall@4: 0.7429
2020-01-09 15:03:59,153 ====> Recall@5: 0.7510
2020-01-09 15:03:59,153 ====> Recall@10: 0.7780
2020-01-09 15:03:59,153 ====> Recall@15: 0.7916
2020-01-09 15:03:59,153 ====> Recall@20: 0.8009
2020-01-09 15:03:59,153 ====> Recall@25: 0.8084
2020-01-09 15:03:59,907 ====> Building Cache
2020-01-09 15:03:59,907 feature cache--->>> /home/annora/NetVLAD/output/train_feat_cache.hdf5
2020-01-09 15:05:31,816 Allocated:119.90869140625 MB
2020-01-09 15:05:31,816 Cached:4310.5 MB
2020-01-09 15:08:30,308 ==> Epoch[4](50/534): Loss: 0.1654
2020-01-09 15:08:30,310 Allocated:121.40869140625 MB
2020-01-09 15:08:30,311 Cached:8199.5 MB
2020-01-09 15:10:34,907 ==> Epoch[4](100/534): Loss: 0.1523
2020-01-09 15:10:34,910 Allocated:122.15869140625 MB
2020-01-09 15:10:34,910 Cached:8199.5 MB
2020-01-09 15:12:43,179 ==> Epoch[4](150/534): Loss: 0.1141
2020-01-09 15:12:43,181 Allocated:122.03369140625 MB
2020-01-09 15:12:43,182 Cached:8199.5 MB
2020-01-09 15:13:58,576 ====> Building Cache
2020-01-09 15:13:58,577 feature cache--->>> /home/annora/NetVLAD/output/train_feat_cache.hdf5
2020-01-09 15:15:34,889 Allocated:122.033203125 MB
2020-01-09 15:15:34,890 Cached:2951.875 MB
2020-01-09 15:17:17,186 ==> Epoch[4](200/534): Loss: 0.1926
2020-01-09 15:17:17,189 Allocated:121.90869140625 MB
2020-01-09 15:17:17,189 Cached:9369.5 MB
2020-01-09 15:19:36,705 ==> Epoch[4](250/534): Loss: 0.2120
2020-01-09 15:19:36,707 Allocated:123.15869140625 MB
2020-01-09 15:19:36,708 Cached:9369.5 MB
2020-01-09 15:21:43,382 ==> Epoch[4](300/534): Loss: 0.1871
2020-01-09 15:21:43,385 Allocated:121.03369140625 MB
2020-01-09 15:21:43,386 Cached:9369.5 MB
2020-01-09 15:23:47,484 ==> Epoch[4](350/534): Loss: 0.2647
2020-01-09 15:23:47,486 Allocated:121.78369140625 MB
2020-01-09 15:23:47,486 Cached:9369.5 MB
2020-01-09 15:24:02,115 ====> Building Cache
2020-01-09 15:24:02,116 feature cache--->>> /home/annora/NetVLAD/output/train_feat_cache.hdf5
2020-01-09 15:25:38,681 Allocated:122.408203125 MB
2020-01-09 15:25:38,682 Cached:2951.875 MB
2020-01-09 15:28:20,763 ==> Epoch[4](400/534): Loss: 0.1187
2020-01-09 15:28:20,765 Allocated:122.03369140625 MB
2020-01-09 15:28:20,765 Cached:3670.5 MB
2020-01-09 15:30:24,308 ==> Epoch[4](450/534): Loss: 0.0901
2020-01-09 15:30:24,310 Allocated:122.40869140625 MB
2020-01-09 15:30:24,311 Cached:3671.5 MB
2020-01-09 15:32:25,233 ==> Epoch[4](500/534): Loss: 0.1380
2020-01-09 15:32:25,235 Allocated:121.78369140625 MB
2020-01-09 15:32:25,235 Cached:3671.5 MB
2020-01-09 15:33:51,928 ===> Epoch 4 Complete: Avg. Loss: 0.1493
2020-01-09 15:33:51,929 ====> Extracting Features
2020-01-09 15:34:33,742 ==> Batch (50/108)
2020-01-09 15:34:59,035 ==> Batch (100/108)
2020-01-09 15:35:03,640 ====> Building faiss index
2020-01-09 15:35:04,000 ====> Calculating recall @ N
2020-01-09 15:35:06,567 ====> Recall@1: 0.6841
2020-01-09 15:35:06,568 ====> Recall@2: 0.7145
2020-01-09 15:35:06,568 ====> Recall@3: 0.7299
2020-01-09 15:35:06,568 ====> Recall@4: 0.7432
2020-01-09 15:35:06,569 ====> Recall@5: 0.7510
2020-01-09 15:35:06,569 ====> Recall@10: 0.7780
2020-01-09 15:35:06,569 ====> Recall@15: 0.7919
2020-01-09 15:35:06,569 ====> Recall@20: 0.8014
2020-01-09 15:35:06,569 ====> Recall@25: 0.8087
2020-01-09 15:35:07,016 ====> Building Cache
2020-01-09 15:35:07,016 feature cache--->>> /home/annora/NetVLAD/output/train_feat_cache.hdf5
2020-01-09 15:36:42,677 Allocated:119.78369140625 MB
2020-01-09 15:36:42,678 Cached:4211.75 MB
2020-01-09 15:39:37,491 ==> Epoch[5](50/534): Loss: 0.1629
2020-01-09 15:39:37,493 Allocated:121.28369140625 MB
2020-01-09 15:39:37,493 Cached:4408.75 MB
2020-01-09 15:41:42,575 ==> Epoch[5](100/534): Loss: 0.1212
2020-01-09 15:41:42,577 Allocated:121.78369140625 MB
2020-01-09 15:41:42,577 Cached:4408.75 MB
2020-01-09 15:43:44,803 ==> Epoch[5](150/534): Loss: 0.0959
2020-01-09 15:43:44,807 Allocated:122.03369140625 MB
2020-01-09 15:43:44,807 Cached:4408.75 MB
2020-01-09 15:44:54,549 ====> Building Cache
2020-01-09 15:44:54,550 feature cache--->>> /home/annora/NetVLAD/output/train_feat_cache.hdf5
2020-01-09 15:46:33,264 Allocated:122.658203125 MB
2020-01-09 15:46:33,265 Cached:3037.125 MB
2020-01-09 15:48:08,291 ==> Epoch[5](200/534): Loss: 0.1828
2020-01-09 15:48:08,294 Allocated:121.40869140625 MB
2020-01-09 15:48:08,294 Cached:8187.375 MB
2020-01-09 15:50:12,368 ==> Epoch[5](250/534): Loss: 0.2025
2020-01-09 15:50:12,370 Allocated:123.03369140625 MB
2020-01-09 15:50:12,370 Cached:8187.375 MB
2020-01-09 15:52:20,108 ==> Epoch[5](300/534): Loss: 0.1404
2020-01-09 15:52:20,110 Allocated:122.65869140625 MB
2020-01-09 15:52:20,111 Cached:8187.375 MB
2020-01-09 15:54:25,521 ==> Epoch[5](350/534): Loss: 0.1462
2020-01-09 15:54:25,524 Allocated:121.78369140625 MB
2020-01-09 15:54:25,524 Cached:8187.375 MB
2020-01-09 15:54:39,896 ====> Building Cache
2020-01-09 15:54:39,897 feature cache--->>> /home/annora/NetVLAD/output/train_feat_cache.hdf5
2020-01-09 15:56:16,937 Allocated:122.533203125 MB
2020-01-09 15:56:16,938 Cached:2954.375 MB
2020-01-09 15:59:05,051 ==> Epoch[5](400/534): Loss: 0.1515
2020-01-09 15:59:05,053 Allocated:122.40869140625 MB
2020-01-09 15:59:05,053 Cached:8031.5 MB
2020-01-09 16:01:10,943 ==> Epoch[5](450/534): Loss: 0.0914
2020-01-09 16:01:10,946 Allocated:122.15869140625 MB
2020-01-09 16:01:10,946 Cached:6549.875 MB
2020-01-09 16:03:24,572 ==> Epoch[5](500/534): Loss: 0.1028
2020-01-09 16:03:24,574 Allocated:121.78369140625 MB
2020-01-09 16:03:24,575 Cached:6549.875 MB
2020-01-09 16:04:53,532 ===> Epoch 5 Complete: Avg. Loss: 0.1490
2020-01-09 16:04:53,534 ====> Extracting Features
2020-01-09 16:05:29,272 ==> Batch (50/108)
2020-01-09 16:05:53,042 ==> Batch (100/108)
2020-01-09 16:05:57,330 ====> Building faiss index
2020-01-09 16:05:57,685 ====> Calculating recall @ N
2020-01-09 16:05:59,736 ====> Recall@1: 0.6843
2020-01-09 16:05:59,737 ====> Recall@2: 0.7142
2020-01-09 16:05:59,737 ====> Recall@3: 0.7301
2020-01-09 16:05:59,738 ====> Recall@4: 0.7435
2020-01-09 16:05:59,738 ====> Recall@5: 0.7510
2020-01-09 16:05:59,738 ====> Recall@10: 0.7780
2020-01-09 16:05:59,738 ====> Recall@15: 0.7925
2020-01-09 16:05:59,738 ====> Recall@20: 0.8014
2020-01-09 16:05:59,739 ====> Recall@25: 0.8087
2020-01-09 16:06:00,180 ====> Building Cache
2020-01-09 16:06:00,180 feature cache--->>> /home/annora/NetVLAD/output/train_feat_cache.hdf5
2020-01-09 16:07:31,256 Allocated:119.78369140625 MB
2020-01-09 16:07:31,257 Cached:4285.75 MB
2020-01-09 16:10:22,686 ==> Epoch[6](50/534): Loss: 0.1840
2020-01-09 16:10:22,689 Allocated:121.03369140625 MB
2020-01-09 16:10:22,689 Cached:8175.75 MB
2020-01-09 16:12:27,659 ==> Epoch[6](100/534): Loss: 0.1094
2020-01-09 16:12:27,662 Allocated:122.15869140625 MB
2020-01-09 16:12:27,662 Cached:8175.75 MB
2020-01-09 16:14:30,321 ==> Epoch[6](150/534): Loss: 0.1243
2020-01-09 16:14:30,324 Allocated:123.40869140625 MB
2020-01-09 16:14:30,324 Cached:8175.75 MB
2020-01-09 16:15:35,171 ====> Building Cache
2020-01-09 16:15:35,172 feature cache--->>> /home/annora/NetVLAD/output/train_feat_cache.hdf5
2020-01-09 16:17:10,594 Allocated:122.283203125 MB
2020-01-09 16:17:10,595 Cached:2944.375 MB
2020-01-09 16:18:50,662 ==> Epoch[6](200/534): Loss: 0.1739
2020-01-09 16:18:50,664 Allocated:121.53369140625 MB
2020-01-09 16:18:50,665 Cached:6835.375 MB
2020-01-09 16:20:49,770 ==> Epoch[6](250/534): Loss: 0.1593
2020-01-09 16:20:49,772 Allocated:122.53369140625 MB
2020-01-09 16:20:49,773 Cached:6835.375 MB
2020-01-09 16:23:01,916 ==> Epoch[6](300/534): Loss: 0.2030
2020-01-09 16:23:01,919 Allocated:122.90869140625 MB
2020-01-09 16:23:01,919 Cached:6835.375 MB
2020-01-09 16:25:12,081 ==> Epoch[6](350/534): Loss: 0.2222
2020-01-09 16:25:12,083 Allocated:121.28369140625 MB
2020-01-09 16:25:12,083 Cached:6835.375 MB
2020-01-09 16:25:25,747 ====> Building Cache
2020-01-09 16:25:25,748 feature cache--->>> /home/annora/NetVLAD/output/train_feat_cache.hdf5
2020-01-09 16:26:58,762 Allocated:122.033203125 MB
2020-01-09 16:26:58,763 Cached:3063.625 MB
2020-01-09 16:29:30,721 ==> Epoch[6](400/534): Loss: 0.1353
2020-01-09 16:29:30,723 Allocated:122.40869140625 MB
2020-01-09 16:29:30,724 Cached:9444.5 MB
2020-01-09 16:31:32,576 ==> Epoch[6](450/534): Loss: 0.1023
2020-01-09 16:31:32,579 Allocated:122.15869140625 MB
2020-01-09 16:31:32,579 Cached:9444.5 MB
2020-01-09 16:33:31,888 ==> Epoch[6](500/534): Loss: 0.0881
2020-01-09 16:33:31,890 Allocated:121.65869140625 MB
2020-01-09 16:33:31,890 Cached:9444.5 MB
2020-01-09 16:34:54,196 ===> Epoch 6 Complete: Avg. Loss: 0.1488
2020-01-09 16:34:54,198 ====> Extracting Features
2020-01-09 16:35:31,004 ==> Batch (50/108)
2020-01-09 16:35:55,602 ==> Batch (100/108)
2020-01-09 16:35:59,829 ====> Building faiss index
2020-01-09 16:36:00,180 ====> Calculating recall @ N
2020-01-09 16:36:02,510 ====> Recall@1: 0.6841
2020-01-09 16:36:02,511 ====> Recall@2: 0.7148
2020-01-09 16:36:02,512 ====> Recall@3: 0.7304
2020-01-09 16:36:02,512 ====> Recall@4: 0.7438
2020-01-09 16:36:02,512 ====> Recall@5: 0.7519
2020-01-09 16:36:02,513 ====> Recall@10: 0.7777
2020-01-09 16:36:02,513 ====> Recall@15: 0.7925
2020-01-09 16:36:02,513 ====> Recall@20: 0.8014
2020-01-09 16:36:02,513 ====> Recall@25: 0.8096
2020-01-09 16:36:03,273 ====> Building Cache
2020-01-09 16:36:03,274 feature cache--->>> /home/annora/NetVLAD/output/train_feat_cache.hdf5
2020-01-09 16:37:32,791 Allocated:119.78369140625 MB
2020-01-09 16:37:32,792 Cached:4313.25 MB
2020-01-09 16:40:16,823 ==> Epoch[7](50/534): Loss: 0.1147
2020-01-09 16:40:16,826 Allocated:121.40869140625 MB
2020-01-09 16:40:16,826 Cached:8202.25 MB
2020-01-09 16:42:22,724 ==> Epoch[7](100/534): Loss: 0.1326
2020-01-09 16:42:22,726 Allocated:122.40869140625 MB
2020-01-09 16:42:22,726 Cached:8202.25 MB
2020-01-09 16:44:30,041 ==> Epoch[7](150/534): Loss: 0.1656
2020-01-09 16:44:30,043 Allocated:121.78369140625 MB
2020-01-09 16:44:30,043 Cached:8202.25 MB
2020-01-09 16:45:37,360 ====> Building Cache
2020-01-09 16:45:37,361 feature cache--->>> /home/annora/NetVLAD/output/train_feat_cache.hdf5
2020-01-09 16:47:09,850 Allocated:122.408203125 MB
2020-01-09 16:47:09,851 Cached:2951.875 MB
2020-01-09 16:48:46,150 ==> Epoch[7](200/534): Loss: 0.1865
2020-01-09 16:48:46,152 Allocated:122.40869140625 MB
2020-01-09 16:48:46,153 Cached:8131.75 MB
2020-01-09 16:50:44,940 ==> Epoch[7](250/534): Loss: 0.2134
2020-01-09 16:50:44,942 Allocated:122.03369140625 MB
2020-01-09 16:50:44,942 Cached:8131.75 MB
2020-01-09 16:52:43,255 ==> Epoch[7](300/534): Loss: 0.2711
2020-01-09 16:52:43,257 Allocated:121.78369140625 MB
2020-01-09 16:52:43,257 Cached:8131.75 MB
2020-01-09 16:54:43,078 ==> Epoch[7](350/534): Loss: 0.1805
2020-01-09 16:54:43,080 Allocated:121.78369140625 MB
2020-01-09 16:54:43,080 Cached:8131.75 MB
2020-01-09 16:54:56,847 ====> Building Cache
2020-01-09 16:54:56,848 feature cache--->>> /home/annora/NetVLAD/output/train_feat_cache.hdf5
2020-01-09 16:56:22,798 Allocated:122.033203125 MB
2020-01-09 16:56:22,798 Cached:2544.5 MB
2020-01-09 16:58:58,786 ==> Epoch[7](400/534): Loss: 0.1241
2020-01-09 16:58:58,789 Allocated:121.28369140625 MB
2020-01-09 16:58:58,789 Cached:6612.0 MB
2020-01-09 17:01:00,972 ==> Epoch[7](450/534): Loss: 0.1075
2020-01-09 17:01:00,974 Allocated:122.53369140625 MB
2020-01-09 17:01:00,975 Cached:6612.0 MB
2020-01-09 17:03:05,943 ==> Epoch[7](500/534): Loss: 0.0994
2020-01-09 17:03:05,945 Allocated:122.03369140625 MB
2020-01-09 17:03:05,946 Cached:6612.0 MB
2020-01-09 17:04:30,304 ===> Epoch 7 Complete: Avg. Loss: 0.1489
2020-01-09 17:04:30,306 ====> Extracting Features
2020-01-09 17:05:13,803 ==> Batch (50/108)
2020-01-09 17:05:38,211 ==> Batch (100/108)
2020-01-09 17:05:43,081 ====> Building faiss index
2020-01-09 17:05:43,571 ====> Calculating recall @ N
2020-01-09 17:05:45,760 ====> Recall@1: 0.6843
2020-01-09 17:05:45,761 ====> Recall@2: 0.7148
2020-01-09 17:05:45,762 ====> Recall@3: 0.7304
2020-01-09 17:05:45,762 ====> Recall@4: 0.7441
2020-01-09 17:05:45,762 ====> Recall@5: 0.7519
2020-01-09 17:05:45,763 ====> Recall@10: 0.7777
2020-01-09 17:05:45,763 ====> Recall@15: 0.7925
2020-01-09 17:05:45,763 ====> Recall@20: 0.8017
2020-01-09 17:05:45,763 ====> Recall@25: 0.8101
2020-01-09 17:05:46,207 ====> Building Cache
2020-01-09 17:05:46,207 feature cache--->>> /home/annora/NetVLAD/output/train_feat_cache.hdf5
2020-01-09 17:07:12,199 Allocated:120.90869140625 MB
2020-01-09 17:07:12,200 Cached:4210.75 MB
2020-01-09 17:09:58,451 ==> Epoch[8](50/534): Loss: 0.1594
2020-01-09 17:09:58,452 Allocated:121.65869140625 MB
2020-01-09 17:09:58,453 Cached:3643.625 MB
2020-01-09 17:12:05,387 ==> Epoch[8](100/534): Loss: 0.1311
2020-01-09 17:12:05,389 Allocated:122.65869140625 MB
2020-01-09 17:12:05,390 Cached:3643.625 MB
2020-01-09 17:14:08,336 ==> Epoch[8](150/534): Loss: 0.0979
2020-01-09 17:14:08,338 Allocated:121.03369140625 MB
2020-01-09 17:14:08,338 Cached:3643.625 MB
2020-01-09 17:15:21,309 ====> Building Cache
2020-01-09 17:15:21,310 feature cache--->>> /home/annora/NetVLAD/output/train_feat_cache.hdf5
2020-01-09 17:16:57,825 Allocated:121.158203125 MB
2020-01-09 17:16:57,825 Cached:3070.0 MB
2020-01-09 17:18:40,213 ==> Epoch[8](200/534): Loss: 0.1933
2020-01-09 17:18:40,215 Allocated:121.28369140625 MB
2020-01-09 17:18:40,216 Cached:6961.0 MB
2020-01-09 17:20:42,916 ==> Epoch[8](250/534): Loss: 0.1995
2020-01-09 17:20:42,917 Allocated:121.03369140625 MB
2020-01-09 17:20:42,918 Cached:6961.0 MB
2020-01-09 17:22:53,632 ==> Epoch[8](300/534): Loss: 0.1265
2020-01-09 17:22:53,634 Allocated:122.03369140625 MB
2020-01-09 17:22:53,634 Cached:6961.0 MB
2020-01-09 17:24:58,666 ==> Epoch[8](350/534): Loss: 0.1766
2020-01-09 17:24:58,668 Allocated:121.28369140625 MB
2020-01-09 17:24:58,668 Cached:6961.0 MB
2020-01-09 17:25:12,293 ====> Building Cache
2020-01-09 17:25:12,295 feature cache--->>> /home/annora/NetVLAD/output/train_feat_cache.hdf5
2020-01-09 17:26:43,631 Allocated:121.783203125 MB
2020-01-09 17:26:43,632 Cached:2945.375 MB
2020-01-09 17:29:16,951 ==> Epoch[8](400/534): Loss: 0.1434
2020-01-09 17:29:16,954 Allocated:121.78369140625 MB
2020-01-09 17:29:16,954 Cached:8105.875 MB
2020-01-09 17:31:22,758 ==> Epoch[8](450/534): Loss: 0.1061
2020-01-09 17:31:22,761 Allocated:122.65869140625 MB
2020-01-09 17:31:22,761 Cached:8105.875 MB
2020-01-09 17:33:25,128 ==> Epoch[8](500/534): Loss: 0.0852
2020-01-09 17:33:25,130 Allocated:121.78369140625 MB
2020-01-09 17:33:25,130 Cached:8105.875 MB
2020-01-09 17:34:50,034 ===> Epoch 8 Complete: Avg. Loss: 0.1483
2020-01-09 17:34:50,035 ====> Extracting Features
2020-01-09 17:35:28,118 ==> Batch (50/108)
2020-01-09 17:35:50,950 ==> Batch (100/108)
2020-01-09 17:35:55,723 ====> Building faiss index
2020-01-09 17:35:56,088 ====> Calculating recall @ N
2020-01-09 17:35:58,537 ====> Recall@1: 0.6849
2020-01-09 17:35:58,538 ====> Recall@2: 0.7148
2020-01-09 17:35:58,538 ====> Recall@3: 0.7307
2020-01-09 17:35:58,539 ====> Recall@4: 0.7441
2020-01-09 17:35:58,539 ====> Recall@5: 0.7519
2020-01-09 17:35:58,539 ====> Recall@10: 0.7780
2020-01-09 17:35:58,539 ====> Recall@15: 0.7925
2020-01-09 17:35:58,540 ====> Recall@20: 0.8023
2020-01-09 17:35:58,540 ====> Recall@25: 0.8101
2020-01-09 17:35:59,001 ====> Building Cache
2020-01-09 17:35:59,002 feature cache--->>> /home/annora/NetVLAD/output/train_feat_cache.hdf5
2020-01-09 17:37:35,122 Allocated:119.65869140625 MB
2020-01-09 17:37:35,123 Cached:4313.25 MB
2020-01-09 17:40:32,162 ==> Epoch[9](50/534): Loss: 0.1606
2020-01-09 17:40:32,164 Allocated:121.78369140625 MB
2020-01-09 17:40:32,164 Cached:9420.125 MB
2020-01-09 17:42:51,574 ==> Epoch[9](100/534): Loss: 0.1332
2020-01-09 17:42:51,576 Allocated:121.28369140625 MB
2020-01-09 17:42:51,576 Cached:9420.125 MB
2020-01-09 17:44:57,825 ==> Epoch[9](150/534): Loss: 0.1417
2020-01-09 17:44:57,827 Allocated:122.40869140625 MB
2020-01-09 17:44:57,827 Cached:9420.125 MB
2020-01-09 17:46:07,055 ====> Building Cache
2020-01-09 17:46:07,056 feature cache--->>> /home/annora/NetVLAD/output/train_feat_cache.hdf5
2020-01-09 17:47:43,226 Allocated:123.158203125 MB
2020-01-09 17:47:43,227 Cached:2951.875 MB
2020-01-09 17:49:26,723 ==> Epoch[9](200/534): Loss: 0.2564
2020-01-09 17:49:26,725 Allocated:122.53369140625 MB
2020-01-09 17:49:26,726 Cached:6842.875 MB
2020-01-09 17:51:30,861 ==> Epoch[9](250/534): Loss: 0.2101
2020-01-09 17:51:30,864 Allocated:122.03369140625 MB
2020-01-09 17:51:30,864 Cached:6842.875 MB
2020-01-09 17:53:37,990 ==> Epoch[9](300/534): Loss: 0.1905
2020-01-09 17:53:37,993 Allocated:121.03369140625 MB
2020-01-09 17:53:37,993 Cached:6842.875 MB
2020-01-09 17:55:43,100 ==> Epoch[9](350/534): Loss: 0.2226
2020-01-09 17:55:43,102 Allocated:122.15869140625 MB
2020-01-09 17:55:43,103 Cached:6842.875 MB
2020-01-09 17:55:57,811 ====> Building Cache
2020-01-09 17:55:57,812 feature cache--->>> /home/annora/NetVLAD/output/train_feat_cache.hdf5
2020-01-09 17:57:28,721 Allocated:122.158203125 MB
2020-01-09 17:57:28,722 Cached:2954.375 MB
2020-01-09 18:00:05,444 ==> Epoch[9](400/534): Loss: 0.1469
2020-01-09 18:00:05,446 Allocated:121.65869140625 MB
2020-01-09 18:00:05,447 Cached:8095.125 MB
2020-01-09 18:02:07,893 ==> Epoch[9](450/534): Loss: 0.1290
2020-01-09 18:02:07,895 Allocated:121.90869140625 MB
2020-01-09 18:02:07,895 Cached:8095.125 MB
2020-01-09 18:04:13,512 ==> Epoch[9](500/534): Loss: 0.1347
2020-01-09 18:04:13,515 Allocated:122.15869140625 MB
2020-01-09 18:04:13,515 Cached:8095.125 MB
2020-01-09 18:05:39,012 ===> Epoch 9 Complete: Avg. Loss: 0.1482
2020-01-09 18:05:39,013 ====> Extracting Features
2020-01-09 18:06:16,227 ==> Batch (50/108)
2020-01-09 18:06:39,820 ==> Batch (100/108)
2020-01-09 18:06:43,976 ====> Building faiss index
2020-01-09 18:06:44,321 ====> Calculating recall @ N
2020-01-09 18:06:46,374 ====> Recall@1: 0.6852
2020-01-09 18:06:46,375 ====> Recall@2: 0.7145
2020-01-09 18:06:46,375 ====> Recall@3: 0.7307
2020-01-09 18:06:46,375 ====> Recall@4: 0.7441
2020-01-09 18:06:46,376 ====> Recall@5: 0.7516
2020-01-09 18:06:46,376 ====> Recall@10: 0.7780
2020-01-09 18:06:46,376 ====> Recall@15: 0.7933
2020-01-09 18:06:46,376 ====> Recall@20: 0.8023
2020-01-09 18:06:46,376 ====> Recall@25: 0.8101
2020-01-09 18:06:46,850 ====> Building Cache
2020-01-09 18:06:46,851 feature cache--->>> /home/annora/NetVLAD/output/train_feat_cache.hdf5
2020-01-09 18:08:21,466 Allocated:119.03369140625 MB
2020-01-09 18:08:21,466 Cached:4244.875 MB
2020-01-09 18:11:08,128 ==> Epoch[10](50/534): Loss: 0.1434
2020-01-09 18:11:08,131 Allocated:122.40869140625 MB
2020-01-09 18:11:08,131 Cached:6383.75 MB
2020-01-09 18:13:13,684 ==> Epoch[10](100/534): Loss: 0.1005
2020-01-09 18:13:13,687 Allocated:121.65869140625 MB
2020-01-09 18:13:13,688 Cached:6383.75 MB
2020-01-09 18:15:19,465 ==> Epoch[10](150/534): Loss: 0.1356
2020-01-09 18:15:19,467 Allocated:121.03369140625 MB
2020-01-09 18:15:19,467 Cached:6383.75 MB
2020-01-09 18:16:26,995 ====> Building Cache
2020-01-09 18:16:26,996 feature cache--->>> /home/annora/NetVLAD/output/train_feat_cache.hdf5
2020-01-09 18:18:01,832 Allocated:121.783203125 MB
2020-01-09 18:18:01,833 Cached:2980.0 MB
2020-01-09 18:19:40,359 ==> Epoch[10](200/534): Loss: 0.1945
2020-01-09 18:19:40,363 Allocated:121.90869140625 MB
2020-01-09 18:19:40,363 Cached:6871.0 MB
2020-01-09 18:21:45,598 ==> Epoch[10](250/534): Loss: 0.2077
2020-01-09 18:21:45,600 Allocated:122.28369140625 MB
2020-01-09 18:21:45,600 Cached:6871.0 MB
2020-01-09 18:23:45,611 ==> Epoch[10](300/534): Loss: 0.2118
2020-01-09 18:23:45,613 Allocated:121.78369140625 MB
2020-01-09 18:23:45,613 Cached:6871.0 MB
2020-01-09 18:25:53,335 ==> Epoch[10](350/534): Loss: 0.1419
2020-01-09 18:25:53,338 Allocated:121.28369140625 MB
2020-01-09 18:25:53,338 Cached:6871.0 MB
2020-01-09 18:26:08,453 ====> Building Cache
2020-01-09 18:26:08,455 feature cache--->>> /home/annora/NetVLAD/output/train_feat_cache.hdf5
2020-01-09 18:27:40,603 Allocated:121.908203125 MB
2020-01-09 18:27:40,604 Cached:3053.625 MB
2020-01-09 18:30:16,035 ==> Epoch[10](400/534): Loss: 0.0930
2020-01-09 18:30:16,038 Allocated:121.40869140625 MB
2020-01-09 18:30:16,038 Cached:3910.75 MB
2020-01-09 18:32:18,469 ==> Epoch[10](450/534): Loss: 0.1406
2020-01-09 18:32:18,474 Allocated:121.03369140625 MB
2020-01-09 18:32:18,474 Cached:7009.625 MB
2020-01-09 18:34:21,408 ==> Epoch[10](500/534): Loss: 0.1531
2020-01-09 18:34:21,411 Allocated:121.53369140625 MB
2020-01-09 18:34:21,412 Cached:7009.625 MB
2020-01-09 18:35:43,549 ===> Epoch 10 Complete: Avg. Loss: 0.1482
2020-01-09 18:35:43,551 ====> Extracting Features
2020-01-09 18:36:22,639 ==> Batch (50/108)
2020-01-09 18:36:46,730 ==> Batch (100/108)
2020-01-09 18:36:51,927 ====> Building faiss index
2020-01-09 18:36:52,287 ====> Calculating recall @ N
2020-01-09 18:36:54,721 ====> Recall@1: 0.6852
2020-01-09 18:36:54,722 ====> Recall@2: 0.7145
2020-01-09 18:36:54,723 ====> Recall@3: 0.7310
2020-01-09 18:36:54,723 ====> Recall@4: 0.7441
2020-01-09 18:36:54,723 ====> Recall@5: 0.7516
2020-01-09 18:36:54,723 ====> Recall@10: 0.7783
2020-01-09 18:36:54,723 ====> Recall@15: 0.7939
2020-01-09 18:36:54,724 ====> Recall@20: 0.8023
2020-01-09 18:36:54,724 ====> Recall@25: 0.8101
2020-01-09 18:36:55,169 ====> Building Cache
2020-01-09 18:36:55,170 feature cache--->>> /home/annora/NetVLAD/output/train_feat_cache.hdf5
2020-01-09 18:38:25,156 Allocated:119.78369140625 MB
2020-01-09 18:38:25,157 Cached:4246.875 MB
2020-01-09 18:41:17,058 ==> Epoch[11](50/534): Loss: 0.0871
2020-01-09 18:41:17,060 Allocated:121.78369140625 MB
2020-01-09 18:41:17,060 Cached:8135.875 MB
2020-01-09 18:43:25,437 ==> Epoch[11](100/534): Loss: 0.1718
2020-01-09 18:43:25,439 Allocated:122.03369140625 MB
2020-01-09 18:43:25,440 Cached:8135.875 MB
2020-01-09 18:45:30,333 ==> Epoch[11](150/534): Loss: 0.1349
2020-01-09 18:45:30,335 Allocated:122.28369140625 MB
2020-01-09 18:45:30,335 Cached:8135.875 MB
2020-01-09 18:46:40,797 ====> Building Cache
2020-01-09 18:46:40,798 feature cache--->>> /home/annora/NetVLAD/output/train_feat_cache.hdf5
2020-01-09 18:48:10,442 Allocated:123.033203125 MB
2020-01-09 18:48:10,442 Cached:2944.375 MB
2020-01-09 18:49:50,606 ==> Epoch[11](200/534): Loss: 0.1205
2020-01-09 18:49:50,609 Allocated:121.65869140625 MB
2020-01-09 18:49:50,609 Cached:8094.625 MB
2020-01-09 18:51:57,767 ==> Epoch[11](250/534): Loss: 0.1563
2020-01-09 18:51:57,769 Allocated:121.78369140625 MB
2020-01-09 18:51:57,769 Cached:8094.625 MB
2020-01-09 18:54:01,340 ==> Epoch[11](300/534): Loss: 0.2464
2020-01-09 18:54:01,346 Allocated:122.03369140625 MB
2020-01-09 18:54:01,346 Cached:8094.625 MB
2020-01-09 18:56:08,719 ==> Epoch[11](350/534): Loss: 0.1580
2020-01-09 18:56:08,722 Allocated:122.40869140625 MB
2020-01-09 18:56:08,722 Cached:8094.625 MB
2020-01-09 18:56:24,703 ====> Building Cache
2020-01-09 18:56:24,704 feature cache--->>> /home/annora/NetVLAD/output/train_feat_cache.hdf5
2020-01-09 18:57:58,554 Allocated:121.783203125 MB
2020-01-09 18:57:58,554 Cached:3377.25 MB
2020-01-09 19:00:27,451 ==> Epoch[11](400/534): Loss: 0.1241
2020-01-09 19:00:27,454 Allocated:122.53369140625 MB
2020-01-09 19:00:27,455 Cached:8470.125 MB
2020-01-09 19:02:31,713 ==> Epoch[11](450/534): Loss: 0.1136
2020-01-09 19:02:31,715 Allocated:121.65869140625 MB
2020-01-09 19:02:31,715 Cached:8470.125 MB
2020-01-09 19:04:34,174 ==> Epoch[11](500/534): Loss: 0.1282
2020-01-09 19:04:34,176 Allocated:122.40869140625 MB
2020-01-09 19:04:34,177 Cached:8470.125 MB
2020-01-09 19:05:58,123 ===> Epoch 11 Complete: Avg. Loss: 0.1480
2020-01-09 19:05:58,125 ====> Extracting Features
2020-01-09 19:06:35,717 ==> Batch (50/108)
2020-01-09 19:06:58,203 ==> Batch (100/108)
2020-01-09 19:07:02,970 ====> Building faiss index
2020-01-09 19:07:03,316 ====> Calculating recall @ N
2020-01-09 19:07:05,403 ====> Recall@1: 0.6849
2020-01-09 19:07:05,404 ====> Recall@2: 0.7145
2020-01-09 19:07:05,404 ====> Recall@3: 0.7310
2020-01-09 19:07:05,404 ====> Recall@4: 0.7438
2020-01-09 19:07:05,404 ====> Recall@5: 0.7516
2020-01-09 19:07:05,405 ====> Recall@10: 0.7783
2020-01-09 19:07:05,405 ====> Recall@15: 0.7939
2020-01-09 19:07:05,405 ====> Recall@20: 0.8023
2020-01-09 19:07:05,405 ====> Recall@25: 0.8101
2020-01-09 19:07:05,888 ====> Building Cache
2020-01-09 19:07:05,889 feature cache--->>> /home/annora/NetVLAD/output/train_feat_cache.hdf5
2020-01-09 19:08:39,921 Allocated:119.28369140625 MB
2020-01-09 19:08:39,922 Cached:4312.25 MB
2020-01-09 19:11:28,474 ==> Epoch[12](50/534): Loss: 0.1310
2020-01-09 19:11:28,478 Allocated:121.78369140625 MB
2020-01-09 19:11:28,478 Cached:4112.75 MB
2020-01-09 19:13:30,802 ==> Epoch[12](100/534): Loss: 0.1486
2020-01-09 19:13:30,806 Allocated:123.03369140625 MB
2020-01-09 19:13:30,806 Cached:4112.75 MB
2020-01-09 19:15:36,133 ==> Epoch[12](150/534): Loss: 0.1485
2020-01-09 19:15:36,136 Allocated:121.03369140625 MB
2020-01-09 19:15:36,136 Cached:4112.75 MB
2020-01-09 19:16:48,222 ====> Building Cache
2020-01-09 19:16:48,222 feature cache--->>> /home/annora/NetVLAD/output/train_feat_cache.hdf5
2020-01-09 19:18:18,936 Allocated:123.033203125 MB
2020-01-09 19:18:18,937 Cached:2944.375 MB
2020-01-09 19:19:55,509 ==> Epoch[12](200/534): Loss: 0.2249
2020-01-09 19:19:55,512 Allocated:121.78369140625 MB
2020-01-09 19:19:55,513 Cached:6835.375 MB
2020-01-09 19:21:58,943 ==> Epoch[12](250/534): Loss: 0.2097
2020-01-09 19:21:58,946 Allocated:121.53369140625 MB
2020-01-09 19:21:58,946 Cached:6835.375 MB
2020-01-09 19:24:07,601 ==> Epoch[12](300/534): Loss: 0.1703
2020-01-09 19:24:07,603 Allocated:121.53369140625 MB
2020-01-09 19:24:07,603 Cached:6835.375 MB
2020-01-09 19:26:08,321 ==> Epoch[12](350/534): Loss: 0.1854
2020-01-09 19:26:08,324 Allocated:122.15869140625 MB
2020-01-09 19:26:08,324 Cached:6835.375 MB
2020-01-09 19:26:24,240 ====> Building Cache
2020-01-09 19:26:24,240 feature cache--->>> /home/annora/NetVLAD/output/train_feat_cache.hdf5
2020-01-09 19:27:57,330 Allocated:121.033203125 MB
2020-01-09 19:27:57,330 Cached:3063.625 MB
2020-01-09 19:30:31,222 ==> Epoch[12](400/534): Loss: 0.1116
2020-01-09 19:30:31,224 Allocated:121.40869140625 MB
2020-01-09 19:30:31,225 Cached:8033.875 MB
2020-01-09 19:32:32,008 ==> Epoch[12](450/534): Loss: 0.1502
2020-01-09 19:32:32,010 Allocated:121.03369140625 MB
2020-01-09 19:32:32,010 Cached:7100.25 MB
2020-01-09 19:34:36,149 ==> Epoch[12](500/534): Loss: 0.1332
2020-01-09 19:34:36,150 Allocated:122.40869140625 MB
2020-01-09 19:34:36,151 Cached:7100.25 MB
2020-01-09 19:35:59,644 ===> Epoch 12 Complete: Avg. Loss: 0.1479
2020-01-09 19:35:59,646 ====> Extracting Features
2020-01-09 19:36:38,891 ==> Batch (50/108)
2020-01-09 19:37:02,268 ==> Batch (100/108)
2020-01-09 19:37:07,308 ====> Building faiss index
2020-01-09 19:37:07,651 ====> Calculating recall @ N
2020-01-09 19:37:09,738 ====> Recall@1: 0.6849
2020-01-09 19:37:09,739 ====> Recall@2: 0.7148
2020-01-09 19:37:09,739 ====> Recall@3: 0.7310
2020-01-09 19:37:09,740 ====> Recall@4: 0.7438
2020-01-09 19:37:09,740 ====> Recall@5: 0.7516
2020-01-09 19:37:09,740 ====> Recall@10: 0.7786
2020-01-09 19:37:09,740 ====> Recall@15: 0.7942
2020-01-09 19:37:09,740 ====> Recall@20: 0.8023
2020-01-09 19:37:09,741 ====> Recall@25: 0.8101
2020-01-09 19:37:10,177 ====> Building Cache
2020-01-09 19:37:10,178 feature cache--->>> /home/annora/NetVLAD/output/train_feat_cache.hdf5
2020-01-09 19:38:40,134 Allocated:119.78369140625 MB
2020-01-09 19:38:40,139 Cached:4313.25 MB
2020-01-09 19:41:32,455 ==> Epoch[13](50/534): Loss: 0.1473
2020-01-09 19:41:32,457 Allocated:121.65869140625 MB
2020-01-09 19:41:32,457 Cached:8202.25 MB
2020-01-09 19:43:34,620 ==> Epoch[13](100/534): Loss: 0.0858
2020-01-09 19:43:34,623 Allocated:122.78369140625 MB
2020-01-09 19:43:34,623 Cached:8202.25 MB
2020-01-09 19:45:41,712 ==> Epoch[13](150/534): Loss: 0.0946
2020-01-09 19:45:41,715 Allocated:122.15869140625 MB
2020-01-09 19:45:41,715 Cached:8202.25 MB
2020-01-09 19:46:54,394 ====> Building Cache
2020-01-09 19:46:54,395 feature cache--->>> /home/annora/NetVLAD/output/train_feat_cache.hdf5
2020-01-09 19:48:22,330 Allocated:121.283203125 MB
2020-01-09 19:48:22,331 Cached:2951.875 MB
2020-01-09 19:49:58,266 ==> Epoch[13](200/534): Loss: 0.2000
2020-01-09 19:49:58,269 Allocated:122.03369140625 MB
2020-01-09 19:49:58,269 Cached:8102.125 MB
2020-01-09 19:51:55,424 ==> Epoch[13](250/534): Loss: 0.2607
2020-01-09 19:51:55,427 Allocated:121.28369140625 MB
2020-01-09 19:51:55,427 Cached:8102.125 MB
2020-01-09 19:53:52,753 ==> Epoch[13](300/534): Loss: 0.1560
2020-01-09 19:53:52,755 Allocated:121.78369140625 MB
2020-01-09 19:53:52,755 Cached:8102.125 MB
2020-01-09 19:55:56,687 ==> Epoch[13](350/534): Loss: 0.2337
2020-01-09 19:55:56,689 Allocated:121.03369140625 MB
2020-01-09 19:55:56,689 Cached:8102.125 MB
2020-01-09 19:56:13,496 ====> Building Cache
2020-01-09 19:56:13,497 feature cache--->>> /home/annora/NetVLAD/output/train_feat_cache.hdf5
2020-01-09 19:57:42,379 Allocated:122.408203125 MB
2020-01-09 19:57:42,379 Cached:2951.875 MB
2020-01-09 19:59:59,506 ==> Epoch[13](400/534): Loss: 0.1601
2020-01-09 19:59:59,509 Allocated:122.03369140625 MB
2020-01-09 19:59:59,509 Cached:9262.625 MB
2020-01-09 20:01:59,159 ==> Epoch[13](450/534): Loss: 0.1368
2020-01-09 20:01:59,160 Allocated:121.28369140625 MB
2020-01-09 20:01:59,161 Cached:9262.625 MB
2020-01-09 20:03:54,399 ==> Epoch[13](500/534): Loss: 0.0947
2020-01-09 20:03:54,402 Allocated:121.53369140625 MB
2020-01-09 20:03:54,402 Cached:9262.625 MB
2020-01-09 20:05:11,092 ===> Epoch 13 Complete: Avg. Loss: 0.1480
2020-01-09 20:05:11,094 ====> Extracting Features
2020-01-09 20:05:46,044 ==> Batch (50/108)
2020-01-09 20:06:07,673 ==> Batch (100/108)
2020-01-09 20:06:12,274 ====> Building faiss index
2020-01-09 20:06:12,636 ====> Calculating recall @ N
2020-01-09 20:06:14,771 ====> Recall@1: 0.6849
2020-01-09 20:06:14,772 ====> Recall@2: 0.7148
2020-01-09 20:06:14,772 ====> Recall@3: 0.7310
2020-01-09 20:06:14,773 ====> Recall@4: 0.7438
2020-01-09 20:06:14,773 ====> Recall@5: 0.7516
2020-01-09 20:06:14,773 ====> Recall@10: 0.7786
2020-01-09 20:06:14,773 ====> Recall@15: 0.7945
2020-01-09 20:06:14,774 ====> Recall@20: 0.8026
2020-01-09 20:06:14,774 ====> Recall@25: 0.8101
2020-01-09 20:06:15,200 ====> Building Cache
2020-01-09 20:06:15,201 feature cache--->>> /home/annora/NetVLAD/output/train_feat_cache.hdf5
2020-01-09 20:07:40,577 Allocated:119.28369140625 MB
2020-01-09 20:07:40,577 Cached:4312.25 MB
2020-01-09 20:10:19,954 ==> Epoch[14](50/534): Loss: 0.1570
2020-01-09 20:10:19,957 Allocated:123.15869140625 MB
2020-01-09 20:10:19,957 Cached:3745.125 MB
2020-01-09 20:12:15,583 ==> Epoch[14](100/534): Loss: 0.1220
2020-01-09 20:12:15,586 Allocated:121.78369140625 MB
2020-01-09 20:12:15,586 Cached:6000.75 MB
2020-01-09 20:14:22,155 ==> Epoch[14](150/534): Loss: 0.1490
2020-01-09 20:14:22,157 Allocated:122.03369140625 MB
2020-01-09 20:14:22,158 Cached:6000.75 MB
2020-01-09 20:15:37,251 ====> Building Cache
2020-01-09 20:15:37,252 feature cache--->>> /home/annora/NetVLAD/output/train_feat_cache.hdf5
2020-01-09 20:17:09,462 Allocated:121.658203125 MB
2020-01-09 20:17:09,463 Cached:2954.375 MB
2020-01-09 20:18:45,308 ==> Epoch[14](200/534): Loss: 0.2015
2020-01-09 20:18:45,311 Allocated:121.28369140625 MB
2020-01-09 20:18:45,312 Cached:4278.75 MB
2020-01-09 20:20:45,164 ==> Epoch[14](250/534): Loss: 0.1497
2020-01-09 20:20:45,165 Allocated:121.03369140625 MB
2020-01-09 20:20:45,166 Cached:4278.75 MB
2020-01-09 20:22:48,499 ==> Epoch[14](300/534): Loss: 0.2286
2020-01-09 20:22:48,501 Allocated:122.40869140625 MB
2020-01-09 20:22:48,501 Cached:4278.75 MB
2020-01-09 20:24:54,572 ==> Epoch[14](350/534): Loss: 0.1847
2020-01-09 20:24:54,574 Allocated:122.65869140625 MB
2020-01-09 20:24:54,574 Cached:4278.75 MB
2020-01-09 20:25:11,437 ====> Building Cache
2020-01-09 20:25:11,437 feature cache--->>> /home/annora/NetVLAD/output/train_feat_cache.hdf5
2020-01-09 20:26:37,456 Allocated:121.283203125 MB
2020-01-09 20:26:37,457 Cached:2944.375 MB
2020-01-09 20:28:59,977 ==> Epoch[14](400/534): Loss: 0.1080
2020-01-09 20:28:59,979 Allocated:121.78369140625 MB
2020-01-09 20:28:59,979 Cached:9325.25 MB
2020-01-09 20:31:00,038 ==> Epoch[14](450/534): Loss: 0.1253
2020-01-09 20:31:00,041 Allocated:122.40869140625 MB
2020-01-09 20:31:00,041 Cached:9325.25 MB
2020-01-09 20:32:54,671 ==> Epoch[14](500/534): Loss: 0.1080
2020-01-09 20:32:54,673 Allocated:122.65869140625 MB
2020-01-09 20:32:54,674 Cached:9325.25 MB
2020-01-09 20:34:13,159 ===> Epoch 14 Complete: Avg. Loss: 0.1476
2020-01-09 20:34:13,163 ====> Extracting Features
2020-01-09 20:34:52,874 ==> Batch (50/108)
2020-01-09 20:35:16,046 ==> Batch (100/108)
2020-01-09 20:35:21,215 ====> Building faiss index
2020-01-09 20:35:21,569 ====> Calculating recall @ N
2020-01-09 20:35:23,635 ====> Recall@1: 0.6849
2020-01-09 20:35:23,636 ====> Recall@2: 0.7148
2020-01-09 20:35:23,636 ====> Recall@3: 0.7310
2020-01-09 20:35:23,637 ====> Recall@4: 0.7443
2020-01-09 20:35:23,637 ====> Recall@5: 0.7516
2020-01-09 20:35:23,637 ====> Recall@10: 0.7786
2020-01-09 20:35:23,637 ====> Recall@15: 0.7945
2020-01-09 20:35:23,638 ====> Recall@20: 0.8026
2020-01-09 20:35:23,638 ====> Recall@25: 0.8104
2020-01-09 20:35:24,088 ====> Building Cache
2020-01-09 20:35:24,089 feature cache--->>> /home/annora/NetVLAD/output/train_feat_cache.hdf5
2020-01-09 20:36:49,231 Allocated:121.15869140625 MB
2020-01-09 20:36:49,232 Cached:4313.25 MB
2020-01-09 20:39:24,728 ==> Epoch[15](50/534): Loss: 0.1093
2020-01-09 20:39:24,731 Allocated:122.40869140625 MB
2020-01-09 20:39:24,731 Cached:3742.625 MB
2020-01-09 20:41:29,240 ==> Epoch[15](100/534): Loss: 0.1434
2020-01-09 20:41:29,242 Allocated:122.40869140625 MB
2020-01-09 20:41:29,243 Cached:3742.625 MB
2020-01-09 20:43:25,323 ==> Epoch[15](150/534): Loss: 0.1117
2020-01-09 20:43:25,326 Allocated:121.28369140625 MB
2020-01-09 20:43:25,326 Cached:3742.625 MB
2020-01-09 20:44:33,392 ====> Building Cache
2020-01-09 20:44:33,392 feature cache--->>> /home/annora/NetVLAD/output/train_feat_cache.hdf5
2020-01-09 20:46:05,511 Allocated:122.158203125 MB
2020-01-09 20:46:05,511 Cached:2951.875 MB
2020-01-09 20:47:52,609 ==> Epoch[15](200/534): Loss: 0.1400
2020-01-09 20:47:52,612 Allocated:122.15869140625 MB
2020-01-09 20:47:52,612 Cached:6842.875 MB
2020-01-09 20:50:02,630 ==> Epoch[15](250/534): Loss: 0.1944
2020-01-09 20:50:02,632 Allocated:122.03369140625 MB
2020-01-09 20:50:02,633 Cached:6842.875 MB
2020-01-09 20:52:13,709 ==> Epoch[15](300/534): Loss: 0.2140
2020-01-09 20:52:13,712 Allocated:122.78369140625 MB
2020-01-09 20:52:13,712 Cached:6842.875 MB
2020-01-09 20:54:13,346 ==> Epoch[15](350/534): Loss: 0.1527
2020-01-09 20:54:13,349 Allocated:121.03369140625 MB
2020-01-09 20:54:13,349 Cached:6842.875 MB
2020-01-09 20:54:27,529 ====> Building Cache
2020-01-09 20:54:27,529 feature cache--->>> /home/annora/NetVLAD/output/train_feat_cache.hdf5
2020-01-09 20:55:58,012 Allocated:121.783203125 MB
2020-01-09 20:55:58,012 Cached:2944.375 MB
2020-01-09 20:58:36,269 ==> Epoch[15](400/534): Loss: 0.1440
2020-01-09 20:58:36,271 Allocated:121.15869140625 MB
2020-01-09 20:58:36,272 Cached:9248.75 MB
2020-01-09 21:00:43,926 ==> Epoch[15](450/534): Loss: 0.1109
2020-01-09 21:00:43,928 Allocated:121.65869140625 MB
2020-01-09 21:00:43,928 Cached:9248.75 MB
2020-01-09 21:02:52,939 ==> Epoch[15](500/534): Loss: 0.1262
2020-01-09 21:02:52,942 Allocated:122.65869140625 MB
2020-01-09 21:02:52,942 Cached:9248.75 MB
2020-01-09 21:04:19,219 ===> Epoch 15 Complete: Avg. Loss: 0.1478
2020-01-09 21:04:19,220 ====> Extracting Features
2020-01-09 21:04:56,660 ==> Batch (50/108)
2020-01-09 21:05:19,981 ==> Batch (100/108)
2020-01-09 21:05:25,496 ====> Building faiss index
2020-01-09 21:05:26,001 ====> Calculating recall @ N
2020-01-09 21:05:28,747 ====> Recall@1: 0.6849
2020-01-09 21:05:28,748 ====> Recall@2: 0.7148
2020-01-09 21:05:28,749 ====> Recall@3: 0.7310
2020-01-09 21:05:28,749 ====> Recall@4: 0.7443
2020-01-09 21:05:28,750 ====> Recall@5: 0.7516
2020-01-09 21:05:28,750 ====> Recall@10: 0.7786
2020-01-09 21:05:28,750 ====> Recall@15: 0.7945
2020-01-09 21:05:28,750 ====> Recall@20: 0.8026
2020-01-09 21:05:28,751 ====> Recall@25: 0.8104
2020-01-09 21:05:29,204 ====> Building Cache
2020-01-09 21:05:29,205 feature cache--->>> /home/annora/NetVLAD/output/train_feat_cache.hdf5
2020-01-09 21:07:08,862 Allocated:120.15869140625 MB
2020-01-09 21:07:08,863 Cached:4320.0 MB
2020-01-09 21:10:14,431 ==> Epoch[16](50/534): Loss: 0.1148
2020-01-09 21:10:14,433 Allocated:121.65869140625 MB
2020-01-09 21:10:14,434 Cached:9480.5 MB
2020-01-09 21:12:28,221 ==> Epoch[16](100/534): Loss: 0.1152
2020-01-09 21:12:28,223 Allocated:122.15869140625 MB
2020-01-09 21:12:28,223 Cached:9480.5 MB
2020-01-09 21:14:37,908 ==> Epoch[16](150/534): Loss: 0.1144
2020-01-09 21:14:37,912 Allocated:122.15869140625 MB
2020-01-09 21:14:37,912 Cached:9480.5 MB
2020-01-09 21:15:50,710 ====> Building Cache
2020-01-09 21:15:50,711 feature cache--->>> /home/annora/NetVLAD/output/train_feat_cache.hdf5
2020-01-09 21:17:41,655 Allocated:121.783203125 MB
2020-01-09 21:17:41,655 Cached:3346.25 MB
2020-01-09 21:19:32,840 ==> Epoch[16](200/534): Loss: 0.1687
2020-01-09 21:19:32,843 Allocated:122.53369140625 MB
2020-01-09 21:19:32,843 Cached:7237.25 MB
2020-01-09 21:21:43,317 ==> Epoch[16](250/534): Loss: 0.2025
2020-01-09 21:21:43,320 Allocated:122.15869140625 MB
2020-01-09 21:21:43,320 Cached:7237.25 MB
2020-01-09 21:23:57,249 ==> Epoch[16](300/534): Loss: 0.1957
2020-01-09 21:23:57,251 Allocated:121.53369140625 MB
2020-01-09 21:23:57,251 Cached:7237.25 MB
2020-01-09 21:26:05,124 ==> Epoch[16](350/534): Loss: 0.1781
2020-01-09 21:26:05,126 Allocated:122.40869140625 MB
2020-01-09 21:26:05,127 Cached:7237.25 MB
2020-01-09 21:26:20,084 ====> Building Cache
2020-01-09 21:26:20,085 feature cache--->>> /home/annora/NetVLAD/output/train_feat_cache.hdf5
2020-01-09 21:27:58,798 Allocated:121.783203125 MB
2020-01-09 21:27:58,799 Cached:3377.25 MB
2020-01-09 21:30:45,437 ==> Epoch[16](400/534): Loss: 0.1053
2020-01-09 21:30:45,439 Allocated:121.03369140625 MB
2020-01-09 21:30:45,440 Cached:3566.125 MB
2020-01-09 21:32:53,613 ==> Epoch[16](450/534): Loss: 0.1575
2020-01-09 21:32:53,616 Allocated:121.03369140625 MB
2020-01-09 21:32:53,617 Cached:7188.375 MB
2020-01-09 21:35:05,452 ==> Epoch[16](500/534): Loss: 0.1272
2020-01-09 21:35:05,454 Allocated:122.40869140625 MB
2020-01-09 21:35:05,454 Cached:7188.375 MB
2020-01-09 21:36:31,770 ===> Epoch 16 Complete: Avg. Loss: 0.1476
2020-01-09 21:36:31,771 ====> Extracting Features
2020-01-09 21:37:15,213 ==> Batch (50/108)
2020-01-09 21:37:39,853 ==> Batch (100/108)
2020-01-09 21:37:45,191 ====> Building faiss index
2020-01-09 21:37:45,580 ====> Calculating recall @ N
2020-01-09 21:37:48,024 ====> Recall@1: 0.6849
2020-01-09 21:37:48,025 ====> Recall@2: 0.7148
2020-01-09 21:37:48,025 ====> Recall@3: 0.7310
2020-01-09 21:37:48,025 ====> Recall@4: 0.7443
2020-01-09 21:37:48,026 ====> Recall@5: 0.7519
2020-01-09 21:37:48,026 ====> Recall@10: 0.7786
2020-01-09 21:37:48,026 ====> Recall@15: 0.7945
2020-01-09 21:37:48,026 ====> Recall@20: 0.8026
2020-01-09 21:37:48,026 ====> Recall@25: 0.8104
2020-01-09 21:37:48,494 ====> Building Cache
2020-01-09 21:37:48,495 feature cache--->>> /home/annora/NetVLAD/output/train_feat_cache.hdf5
2020-01-09 21:39:29,523 Allocated:119.03369140625 MB
2020-01-09 21:39:29,523 Cached:4211.75 MB
2020-01-09 21:42:32,443 ==> Epoch[17](50/534): Loss: 0.1282
2020-01-09 21:42:32,448 Allocated:121.40869140625 MB
2020-01-09 21:42:32,449 Cached:4408.75 MB
2020-01-09 21:44:43,134 ==> Epoch[17](100/534): Loss: 0.1297
2020-01-09 21:44:43,138 Allocated:121.78369140625 MB
2020-01-09 21:44:43,139 Cached:4408.75 MB
2020-01-09 21:46:51,879 ==> Epoch[17](150/534): Loss: 0.1615
2020-01-09 21:46:51,883 Allocated:121.78369140625 MB
2020-01-09 21:46:51,884 Cached:4408.75 MB
2020-01-09 21:48:00,869 ====> Building Cache
2020-01-09 21:48:00,870 feature cache--->>> /home/annora/NetVLAD/output/train_feat_cache.hdf5
2020-01-09 21:49:36,491 Allocated:121.783203125 MB
2020-01-09 21:49:36,492 Cached:3239.875 MB
2020-01-09 21:51:18,216 ==> Epoch[17](200/534): Loss: 0.1891
2020-01-09 21:51:18,220 Allocated:121.03369140625 MB
2020-01-09 21:51:18,220 Cached:7130.875 MB
2020-01-09 21:53:26,895 ==> Epoch[17](250/534): Loss: 0.1806
2020-01-09 21:53:26,898 Allocated:121.40869140625 MB
2020-01-09 21:53:26,898 Cached:7130.875 MB
2020-01-09 21:55:44,832 ==> Epoch[17](300/534): Loss: 0.1802
2020-01-09 21:55:44,835 Allocated:121.03369140625 MB
2020-01-09 21:55:44,835 Cached:7130.875 MB
2020-01-09 21:57:55,413 ==> Epoch[17](350/534): Loss: 0.1941
2020-01-09 21:57:55,414 Allocated:122.65869140625 MB
2020-01-09 21:57:55,415 Cached:7130.875 MB
2020-01-09 21:58:11,252 ====> Building Cache
2020-01-09 21:58:11,255 feature cache--->>> /home/annora/NetVLAD/output/train_feat_cache.hdf5
2020-01-09 21:59:48,771 Allocated:121.283203125 MB
2020-01-09 21:59:48,772 Cached:2944.375 MB
2020-01-09 22:02:41,151 ==> Epoch[17](400/534): Loss: 0.1392
2020-01-09 22:02:41,153 Allocated:121.90869140625 MB
2020-01-09 22:02:41,153 Cached:3559.125 MB
2020-01-09 22:04:58,642 ==> Epoch[17](450/534): Loss: 0.1131
2020-01-09 22:04:58,645 Allocated:121.53369140625 MB
2020-01-09 22:04:58,645 Cached:6612.0 MB
2020-01-09 22:07:07,126 ==> Epoch[17](500/534): Loss: 0.0910
2020-01-09 22:07:07,128 Allocated:121.40869140625 MB
2020-01-09 22:07:07,128 Cached:6612.0 MB
2020-01-09 22:08:30,925 ===> Epoch 17 Complete: Avg. Loss: 0.1478
2020-01-09 22:08:30,927 ====> Extracting Features
2020-01-09 22:09:11,310 ==> Batch (50/108)
2020-01-09 22:09:37,976 ==> Batch (100/108)
2020-01-09 22:09:41,978 ====> Building faiss index
2020-01-09 22:09:42,376 ====> Calculating recall @ N
2020-01-09 22:09:44,598 ====> Recall@1: 0.6849
2020-01-09 22:09:44,599 ====> Recall@2: 0.7154
2020-01-09 22:09:44,599 ====> Recall@3: 0.7313
2020-01-09 22:09:44,599 ====> Recall@4: 0.7443
2020-01-09 22:09:44,600 ====> Recall@5: 0.7519
2020-01-09 22:09:44,600 ====> Recall@10: 0.7788
2020-01-09 22:09:44,600 ====> Recall@15: 0.7945
2020-01-09 22:09:44,600 ====> Recall@20: 0.8026
2020-01-09 22:09:44,600 ====> Recall@25: 0.8104
2020-01-09 22:09:45,053 Performance did not improve for 10 epochs. Stopping.
2020-01-09 22:09:45,053 => Best Recall@5: 0.7519
