2020-01-10 09:11:42,785 Namespace(arch='alexnet', batchSize=12, cacheBatchSize=96, cachePath='/home/annora/NetVLAD/output/', cacheRefreshRate=3000, ckpt='best', contilearn=True, dataPath='/home/annora/NetVLAD/output/data/', dataset='robotcar', evalEvery=1, fromscratch=False, fromtask='', lr=0.001, lrGamma=0.5, lrStep=5, margin=0.1, mode='train', momentum=0.9, nEpochs=50, nGPU=1, nocuda=False, num_clusters=64, optim='SGD', patience=10, pooling='max', premodel='places', resume='', runsPath='/home/annora/NetVLAD/output/runs/', savePath='checkpoints', seed=123, split='val', start_epoch=0, threads=8, vladv2=False, weightDecay=0.001)
2020-01-10 09:11:42,892 trainfile ------>>>>>> oxRobocar_single_train.mat
2020-01-10 09:11:42,892 ===> Loading dataset(s)
2020-01-10 09:11:45,457 ====> Training set: oxRobocar_single_train.mat, query set count: 6636
2020-01-10 09:11:45,555 ===> Evaluating on val set: oxRobocar_single_val.mat, query count: 3450
2020-01-10 09:11:45,555 ===> Building model
2020-01-10 09:11:45,608 encoder moder:
AlexNet(
  (conv1): Sequential(
    (0): Conv2d(3, 64, kernel_size=(11, 11), stride=(4, 4), padding=(2, 2))
    (1): ReLU(inplace)
    (2): MaxPool2d(kernel_size=3, stride=2, padding=0, dilation=1, ceil_mode=False)
  )
  (conv2): Sequential(
    (0): Conv2d(64, 192, kernel_size=(5, 5), stride=(1, 1), padding=(2, 2))
    (1): ReLU(inplace)
    (2): MaxPool2d(kernel_size=3, stride=2, padding=0, dilation=1, ceil_mode=False)
  )
  (conv3): Sequential(
    (0): Conv2d(192, 384, kernel_size=(3, 3), stride=(1, 1), padding=(1, 1))
    (1): ReLU(inplace)
  )
  (conv4): Sequential(
    (0): Conv2d(384, 256, kernel_size=(3, 3), stride=(1, 1), padding=(1, 1))
    (1): ReLU(inplace)
  )
  (conv5): Sequential(
    (0): Conv2d(256, 256, kernel_size=(3, 3), stride=(1, 1), padding=(1, 1))
  )
)
2020-01-10 09:11:53,363 ===> Training model
2020-01-10 09:11:53,366 ===> Saving state to: /home/annora/NetVLAD/output/runs/2020-01-10-09-11-53_alexnet_max
2020-01-10 09:11:53,425 ====> Building Cache
2020-01-10 09:11:53,425 feature cache--->>> /home/annora/NetVLAD/output/train_feat_cache1.hdf5
2020-01-10 09:13:09,318 Allocated:99.34619140625 MB
2020-01-10 09:13:09,318 Cached:2864.375 MB
2020-01-10 09:15:35,553 ==> Epoch[1](50/553): Loss: 0.2208
2020-01-10 09:15:35,555 Allocated:121.28369140625 MB
2020-01-10 09:15:35,555 Cached:6741.375 MB
2020-01-10 09:17:29,237 ==> Epoch[1](100/553): Loss: 0.2261
2020-01-10 09:17:29,238 Allocated:120.53369140625 MB
2020-01-10 09:17:29,238 Cached:6741.375 MB
2020-01-10 09:19:21,983 ==> Epoch[1](150/553): Loss: 0.2020
2020-01-10 09:19:21,984 Allocated:121.53369140625 MB
2020-01-10 09:19:21,985 Cached:6741.375 MB
2020-01-10 09:20:41,831 ====> Building Cache
2020-01-10 09:20:41,833 feature cache--->>> /home/annora/NetVLAD/output/train_feat_cache1.hdf5
2020-01-10 09:22:08,357 Allocated:121.283203125 MB
2020-01-10 09:22:08,358 Cached:2919.5 MB
2020-01-10 09:23:17,798 ==> Epoch[1](200/553): Loss: 0.2440
2020-01-10 09:23:17,800 Allocated:121.28369140625 MB
2020-01-10 09:23:17,801 Cached:6794.5 MB
2020-01-10 09:25:23,186 ==> Epoch[1](250/553): Loss: 0.2458
2020-01-10 09:25:23,188 Allocated:120.53369140625 MB
2020-01-10 09:25:23,188 Cached:6794.5 MB
2020-01-10 09:27:21,319 ==> Epoch[1](300/553): Loss: 0.2667
2020-01-10 09:27:21,320 Allocated:121.53369140625 MB
2020-01-10 09:27:21,321 Cached:6794.5 MB
2020-01-10 09:29:15,462 ==> Epoch[1](350/553): Loss: 0.2285
2020-01-10 09:29:15,463 Allocated:121.28369140625 MB
2020-01-10 09:29:15,463 Cached:6794.5 MB
2020-01-10 09:30:00,464 ====> Building Cache
2020-01-10 09:30:00,466 feature cache--->>> /home/annora/NetVLAD/output/train_feat_cache1.hdf5
2020-01-10 09:31:25,978 Allocated:120.533203125 MB
2020-01-10 09:31:25,978 Cached:2919.5 MB
2020-01-10 09:33:14,783 ==> Epoch[1](400/553): Loss: 0.2485
2020-01-10 09:33:14,785 Allocated:120.53369140625 MB
2020-01-10 09:33:14,786 Cached:6793.5 MB
2020-01-10 09:35:14,096 ==> Epoch[1](450/553): Loss: 0.2393
2020-01-10 09:35:14,098 Allocated:121.53369140625 MB
2020-01-10 09:35:14,098 Cached:6793.5 MB
2020-01-10 09:37:12,442 ==> Epoch[1](500/553): Loss: 0.2159
2020-01-10 09:37:12,443 Allocated:121.28369140625 MB
2020-01-10 09:37:12,444 Cached:6793.5 MB
2020-01-10 09:39:11,405 ==> Epoch[1](550/553): Loss: 0.2521
2020-01-10 09:39:11,407 Allocated:120.53369140625 MB
2020-01-10 09:39:11,407 Cached:6793.5 MB
2020-01-10 09:39:22,415 ===> Epoch 1 Complete: Avg. Loss: 0.2421
2020-01-10 09:39:22,416 ====> Extracting Features
2020-01-10 09:40:04,993 ==> Batch (50/108)
2020-01-10 09:40:31,050 ==> Batch (100/108)
2020-01-10 09:40:34,720 ====> Building faiss index
2020-01-10 09:40:34,722 ====> Calculating recall @ N
2020-01-10 09:40:35,141 ====> Recall@1: 0.7023
2020-01-10 09:40:35,141 ====> Recall@2: 0.7380
2020-01-10 09:40:35,142 ====> Recall@3: 0.7536
2020-01-10 09:40:35,142 ====> Recall@4: 0.7658
2020-01-10 09:40:35,142 ====> Recall@5: 0.7690
2020-01-10 09:40:35,142 ====> Recall@10: 0.7794
2020-01-10 09:40:35,142 ====> Recall@15: 0.7867
2020-01-10 09:40:35,143 ====> Recall@20: 0.7919
2020-01-10 09:40:35,143 ====> Recall@25: 0.7951
2020-01-10 09:40:35,376 ====> Building Cache
2020-01-10 09:40:35,377 feature cache--->>> /home/annora/NetVLAD/output/train_feat_cache1.hdf5
2020-01-10 09:41:59,694 Allocated:119.53369140625 MB
2020-01-10 09:41:59,694 Cached:4192.625 MB
2020-01-10 09:44:44,601 ==> Epoch[2](50/553): Loss: 0.1909
2020-01-10 09:44:44,602 Allocated:121.28369140625 MB
2020-01-10 09:44:44,603 Cached:8067.625 MB
2020-01-10 09:46:40,544 ==> Epoch[2](100/553): Loss: 0.2272
2020-01-10 09:46:40,546 Allocated:120.53369140625 MB
2020-01-10 09:46:40,546 Cached:8067.625 MB
2020-01-10 09:48:38,714 ==> Epoch[2](150/553): Loss: 0.2222
2020-01-10 09:48:38,715 Allocated:121.53369140625 MB
2020-01-10 09:48:38,716 Cached:8067.625 MB
2020-01-10 09:49:57,914 ====> Building Cache
2020-01-10 09:49:57,915 feature cache--->>> /home/annora/NetVLAD/output/train_feat_cache1.hdf5
2020-01-10 09:51:23,561 Allocated:121.283203125 MB
2020-01-10 09:51:23,562 Cached:2919.5 MB
2020-01-10 09:52:42,176 ==> Epoch[2](200/553): Loss: 0.2223
2020-01-10 09:52:42,178 Allocated:121.28369140625 MB
2020-01-10 09:52:42,179 Cached:6794.5 MB
2020-01-10 09:54:36,895 ==> Epoch[2](250/553): Loss: 0.2503
2020-01-10 09:54:36,897 Allocated:120.53369140625 MB
2020-01-10 09:54:36,897 Cached:6794.5 MB
2020-01-10 09:56:32,659 ==> Epoch[2](300/553): Loss: 0.2427
2020-01-10 09:56:32,661 Allocated:121.53369140625 MB
2020-01-10 09:56:32,661 Cached:6794.5 MB
2020-01-10 09:58:27,038 ==> Epoch[2](350/553): Loss: 0.2404
2020-01-10 09:58:27,039 Allocated:121.28369140625 MB
2020-01-10 09:58:27,040 Cached:6794.5 MB
2020-01-10 09:59:11,801 ====> Building Cache
2020-01-10 09:59:11,801 feature cache--->>> /home/annora/NetVLAD/output/train_feat_cache1.hdf5
2020-01-10 10:00:38,876 Allocated:120.533203125 MB
2020-01-10 10:00:38,877 Cached:2919.5 MB
2020-01-10 10:02:33,511 ==> Epoch[2](400/553): Loss: 0.2591
2020-01-10 10:02:33,513 Allocated:120.53369140625 MB
2020-01-10 10:02:33,514 Cached:6793.5 MB
2020-01-10 10:04:35,660 ==> Epoch[2](450/553): Loss: 0.2401
2020-01-10 10:04:35,661 Allocated:121.53369140625 MB
2020-01-10 10:04:35,662 Cached:6793.5 MB
2020-01-10 10:06:30,163 ==> Epoch[2](500/553): Loss: 0.2728
2020-01-10 10:06:30,164 Allocated:121.28369140625 MB
2020-01-10 10:06:30,165 Cached:6793.5 MB
2020-01-10 10:08:25,139 ==> Epoch[2](550/553): Loss: 0.2625
2020-01-10 10:08:25,141 Allocated:120.53369140625 MB
2020-01-10 10:08:25,141 Cached:6793.5 MB
2020-01-10 10:08:36,531 ===> Epoch 2 Complete: Avg. Loss: 0.2416
2020-01-10 10:08:36,533 ====> Extracting Features
2020-01-10 10:09:14,985 ==> Batch (50/108)
2020-01-10 10:09:37,488 ==> Batch (100/108)
2020-01-10 10:09:41,393 ====> Building faiss index
2020-01-10 10:09:41,395 ====> Calculating recall @ N
2020-01-10 10:09:41,849 ====> Recall@1: 0.7032
2020-01-10 10:09:41,850 ====> Recall@2: 0.7391
2020-01-10 10:09:41,850 ====> Recall@3: 0.7533
2020-01-10 10:09:41,851 ====> Recall@4: 0.7655
2020-01-10 10:09:41,851 ====> Recall@5: 0.7701
2020-01-10 10:09:41,851 ====> Recall@10: 0.7803
2020-01-10 10:09:41,852 ====> Recall@15: 0.7872
2020-01-10 10:09:41,852 ====> Recall@20: 0.7922
2020-01-10 10:09:41,852 ====> Recall@25: 0.7959
2020-01-10 10:09:42,654 ====> Building Cache
2020-01-10 10:09:42,655 feature cache--->>> /home/annora/NetVLAD/output/train_feat_cache1.hdf5
2020-01-10 10:11:25,964 Allocated:119.53369140625 MB
2020-01-10 10:11:25,965 Cached:4193.625 MB
2020-01-10 10:14:01,331 ==> Epoch[3](50/553): Loss: 0.2287
2020-01-10 10:14:01,333 Allocated:121.28369140625 MB
2020-01-10 10:14:01,334 Cached:8067.625 MB
2020-01-10 10:16:03,927 ==> Epoch[3](100/553): Loss: 0.2178
2020-01-10 10:16:03,929 Allocated:120.53369140625 MB
2020-01-10 10:16:03,929 Cached:8067.625 MB
2020-01-10 10:18:05,920 ==> Epoch[3](150/553): Loss: 0.2422
2020-01-10 10:18:05,922 Allocated:121.53369140625 MB
2020-01-10 10:18:05,922 Cached:8067.625 MB
2020-01-10 10:19:27,343 ====> Building Cache
2020-01-10 10:19:27,344 feature cache--->>> /home/annora/NetVLAD/output/train_feat_cache1.hdf5
2020-01-10 10:21:04,732 Allocated:121.283203125 MB
2020-01-10 10:21:04,733 Cached:2919.5 MB
2020-01-10 10:22:19,273 ==> Epoch[3](200/553): Loss: 0.2345
2020-01-10 10:22:19,275 Allocated:121.28369140625 MB
2020-01-10 10:22:19,275 Cached:6793.5 MB
2020-01-10 10:24:21,976 ==> Epoch[3](250/553): Loss: 0.2299
2020-01-10 10:24:21,977 Allocated:120.53369140625 MB
2020-01-10 10:24:21,977 Cached:6793.5 MB
2020-01-10 10:26:15,359 ==> Epoch[3](300/553): Loss: 0.2393
2020-01-10 10:26:15,360 Allocated:121.53369140625 MB
2020-01-10 10:26:15,361 Cached:6793.5 MB
2020-01-10 10:28:13,006 ==> Epoch[3](350/553): Loss: 0.2229
2020-01-10 10:28:13,007 Allocated:121.28369140625 MB
2020-01-10 10:28:13,007 Cached:6793.5 MB
2020-01-10 10:28:57,626 ====> Building Cache
2020-01-10 10:28:57,627 feature cache--->>> /home/annora/NetVLAD/output/train_feat_cache1.hdf5
2020-01-10 10:30:32,406 Allocated:120.533203125 MB
2020-01-10 10:30:32,407 Cached:2919.5 MB
2020-01-10 10:32:21,459 ==> Epoch[3](400/553): Loss: 0.2685
2020-01-10 10:32:21,460 Allocated:120.53369140625 MB
2020-01-10 10:32:21,460 Cached:6793.5 MB
2020-01-10 10:34:15,764 ==> Epoch[3](450/553): Loss: 0.2469
2020-01-10 10:34:15,766 Allocated:121.53369140625 MB
2020-01-10 10:34:15,766 Cached:6793.5 MB
2020-01-10 10:36:12,218 ==> Epoch[3](500/553): Loss: 0.2348
2020-01-10 10:36:12,220 Allocated:121.28369140625 MB
2020-01-10 10:36:12,220 Cached:6793.5 MB
2020-01-10 10:38:12,454 ==> Epoch[3](550/553): Loss: 0.2666
2020-01-10 10:38:12,456 Allocated:120.53369140625 MB
2020-01-10 10:38:12,456 Cached:6793.5 MB
2020-01-10 10:38:23,713 ===> Epoch 3 Complete: Avg. Loss: 0.2414
2020-01-10 10:38:23,715 ====> Extracting Features
2020-01-10 10:39:03,522 ==> Batch (50/108)
2020-01-10 10:39:29,457 ==> Batch (100/108)
2020-01-10 10:39:33,801 ====> Building faiss index
2020-01-10 10:39:33,805 ====> Calculating recall @ N
2020-01-10 10:39:34,340 ====> Recall@1: 0.7049
2020-01-10 10:39:34,341 ====> Recall@2: 0.7406
2020-01-10 10:39:34,342 ====> Recall@3: 0.7559
2020-01-10 10:39:34,342 ====> Recall@4: 0.7661
2020-01-10 10:39:34,342 ====> Recall@5: 0.7716
2020-01-10 10:39:34,343 ====> Recall@10: 0.7809
2020-01-10 10:39:34,343 ====> Recall@15: 0.7872
2020-01-10 10:39:34,343 ====> Recall@20: 0.7919
2020-01-10 10:39:34,344 ====> Recall@25: 0.7971
2020-01-10 10:39:35,107 ====> Building Cache
2020-01-10 10:39:35,108 feature cache--->>> /home/annora/NetVLAD/output/train_feat_cache1.hdf5
2020-01-10 10:41:16,488 Allocated:119.53369140625 MB
2020-01-10 10:41:16,488 Cached:4192.625 MB
2020-01-10 10:43:59,617 ==> Epoch[4](50/553): Loss: 0.2175
2020-01-10 10:43:59,619 Allocated:121.28369140625 MB
2020-01-10 10:43:59,619 Cached:8067.625 MB
2020-01-10 10:45:59,046 ==> Epoch[4](100/553): Loss: 0.2109
2020-01-10 10:45:59,048 Allocated:120.53369140625 MB
2020-01-10 10:45:59,048 Cached:8067.625 MB
2020-01-10 10:47:55,515 ==> Epoch[4](150/553): Loss: 0.2271
2020-01-10 10:47:55,517 Allocated:121.53369140625 MB
2020-01-10 10:47:55,517 Cached:8067.625 MB
2020-01-10 10:49:12,609 ====> Building Cache
2020-01-10 10:49:12,610 feature cache--->>> /home/annora/NetVLAD/output/train_feat_cache1.hdf5
2020-01-10 10:50:34,823 Allocated:121.283203125 MB
2020-01-10 10:50:34,824 Cached:2919.5 MB
2020-01-10 10:51:49,204 ==> Epoch[4](200/553): Loss: 0.2674
2020-01-10 10:51:49,206 Allocated:121.28369140625 MB
2020-01-10 10:51:49,206 Cached:6794.5 MB
2020-01-10 10:53:49,936 ==> Epoch[4](250/553): Loss: 0.2449
2020-01-10 10:53:49,938 Allocated:120.53369140625 MB
2020-01-10 10:53:49,939 Cached:6794.5 MB
2020-01-10 10:55:44,011 ==> Epoch[4](300/553): Loss: 0.2523
2020-01-10 10:55:44,013 Allocated:121.53369140625 MB
2020-01-10 10:55:44,013 Cached:6794.5 MB
2020-01-10 10:57:37,035 ==> Epoch[4](350/553): Loss: 0.2342
2020-01-10 10:57:37,037 Allocated:121.28369140625 MB
2020-01-10 10:57:37,037 Cached:6794.5 MB
2020-01-10 10:58:25,581 ====> Building Cache
2020-01-10 10:58:25,582 feature cache--->>> /home/annora/NetVLAD/output/train_feat_cache1.hdf5
2020-01-10 10:59:47,512 Allocated:120.533203125 MB
2020-01-10 10:59:47,513 Cached:2919.5 MB
2020-01-10 11:01:34,832 ==> Epoch[4](400/553): Loss: 0.2711
2020-01-10 11:01:34,834 Allocated:120.53369140625 MB
2020-01-10 11:01:34,834 Cached:6793.5 MB
2020-01-10 11:03:29,512 ==> Epoch[4](450/553): Loss: 0.2425
2020-01-10 11:03:29,513 Allocated:121.53369140625 MB
2020-01-10 11:03:29,513 Cached:6793.5 MB
2020-01-10 11:05:23,757 ==> Epoch[4](500/553): Loss: 0.2279
2020-01-10 11:05:23,758 Allocated:121.28369140625 MB
2020-01-10 11:05:23,758 Cached:6793.5 MB
2020-01-10 11:07:20,707 ==> Epoch[4](550/553): Loss: 0.2324
2020-01-10 11:07:20,709 Allocated:120.53369140625 MB
2020-01-10 11:07:20,709 Cached:6793.5 MB
2020-01-10 11:07:32,801 ===> Epoch 4 Complete: Avg. Loss: 0.2413
2020-01-10 11:07:32,802 ====> Extracting Features
2020-01-10 11:08:13,709 ==> Batch (50/108)
2020-01-10 11:08:36,526 ==> Batch (100/108)
2020-01-10 11:08:39,937 ====> Building faiss index
2020-01-10 11:08:39,939 ====> Calculating recall @ N
2020-01-10 11:08:40,502 ====> Recall@1: 0.7061
2020-01-10 11:08:40,502 ====> Recall@2: 0.7414
2020-01-10 11:08:40,503 ====> Recall@3: 0.7574
2020-01-10 11:08:40,503 ====> Recall@4: 0.7664
2020-01-10 11:08:40,503 ====> Recall@5: 0.7719
2020-01-10 11:08:40,504 ====> Recall@10: 0.7809
2020-01-10 11:08:40,504 ====> Recall@15: 0.7878
2020-01-10 11:08:40,504 ====> Recall@20: 0.7930
2020-01-10 11:08:40,504 ====> Recall@25: 0.7968
2020-01-10 11:08:41,271 ====> Building Cache
2020-01-10 11:08:41,272 feature cache--->>> /home/annora/NetVLAD/output/train_feat_cache1.hdf5
2020-01-10 11:10:16,998 Allocated:119.53369140625 MB
2020-01-10 11:10:16,999 Cached:4193.625 MB
2020-01-10 11:12:54,984 ==> Epoch[5](50/553): Loss: 0.2418
2020-01-10 11:12:54,986 Allocated:121.28369140625 MB
2020-01-10 11:12:54,987 Cached:8067.625 MB
2020-01-10 11:14:49,049 ==> Epoch[5](100/553): Loss: 0.2124
2020-01-10 11:14:49,051 Allocated:120.53369140625 MB
2020-01-10 11:14:49,051 Cached:8067.625 MB
2020-01-10 11:16:45,005 ==> Epoch[5](150/553): Loss: 0.2251
2020-01-10 11:16:45,007 Allocated:121.53369140625 MB
2020-01-10 11:16:45,007 Cached:8067.625 MB
2020-01-10 11:18:11,053 ====> Building Cache
2020-01-10 11:18:11,054 feature cache--->>> /home/annora/NetVLAD/output/train_feat_cache1.hdf5
2020-01-10 11:19:36,828 Allocated:121.533203125 MB
2020-01-10 11:19:36,829 Cached:2919.5 MB
2020-01-10 11:20:49,073 ==> Epoch[5](200/553): Loss: 0.2369
2020-01-10 11:20:49,075 Allocated:121.03369140625 MB
2020-01-10 11:20:49,075 Cached:6793.5 MB
2020-01-10 11:22:43,785 ==> Epoch[5](250/553): Loss: 0.2467
2020-01-10 11:22:43,786 Allocated:122.03369140625 MB
2020-01-10 11:22:43,786 Cached:6793.5 MB
2020-01-10 11:24:39,027 ==> Epoch[5](300/553): Loss: 0.2666
2020-01-10 11:24:39,029 Allocated:120.53369140625 MB
2020-01-10 11:24:39,029 Cached:6793.5 MB
2020-01-10 11:26:37,161 ==> Epoch[5](350/553): Loss: 0.2672
2020-01-10 11:26:37,162 Allocated:121.03369140625 MB
2020-01-10 11:26:37,163 Cached:6793.5 MB
2020-01-10 11:27:22,307 ====> Building Cache
2020-01-10 11:27:22,308 feature cache--->>> /home/annora/NetVLAD/output/train_feat_cache1.hdf5
2020-01-10 11:28:47,488 Allocated:122.033203125 MB
2020-01-10 11:28:47,488 Cached:2919.5 MB
2020-01-10 11:30:41,210 ==> Epoch[5](400/553): Loss: 0.2633
2020-01-10 11:30:41,213 Allocated:122.03369140625 MB
2020-01-10 11:30:41,213 Cached:6793.5 MB
2020-01-10 11:32:42,055 ==> Epoch[5](450/553): Loss: 0.2418
2020-01-10 11:32:42,057 Allocated:120.53369140625 MB
2020-01-10 11:32:42,057 Cached:6793.5 MB
2020-01-10 11:34:39,672 ==> Epoch[5](500/553): Loss: 0.2227
2020-01-10 11:34:39,674 Allocated:121.03369140625 MB
2020-01-10 11:34:39,675 Cached:6793.5 MB
2020-01-10 11:36:36,814 ==> Epoch[5](550/553): Loss: 0.2694
2020-01-10 11:36:36,816 Allocated:122.03369140625 MB
2020-01-10 11:36:36,816 Cached:6793.5 MB
2020-01-10 11:36:48,397 ===> Epoch 5 Complete: Avg. Loss: 0.2412
2020-01-10 11:36:48,399 ====> Extracting Features
2020-01-10 11:37:27,163 ==> Batch (50/108)
2020-01-10 11:37:51,037 ==> Batch (100/108)
2020-01-10 11:37:54,045 ====> Building faiss index
2020-01-10 11:37:54,047 ====> Calculating recall @ N
2020-01-10 11:37:54,462 ====> Recall@1: 0.7061
2020-01-10 11:37:54,463 ====> Recall@2: 0.7417
2020-01-10 11:37:54,463 ====> Recall@3: 0.7583
2020-01-10 11:37:54,463 ====> Recall@4: 0.7661
2020-01-10 11:37:54,464 ====> Recall@5: 0.7722
2020-01-10 11:37:54,464 ====> Recall@10: 0.7814
2020-01-10 11:37:54,464 ====> Recall@15: 0.7875
2020-01-10 11:37:54,464 ====> Recall@20: 0.7930
2020-01-10 11:37:54,464 ====> Recall@25: 0.7980
2020-01-10 11:37:55,186 ====> Building Cache
2020-01-10 11:37:55,187 feature cache--->>> /home/annora/NetVLAD/output/train_feat_cache1.hdf5
2020-01-10 11:39:28,114 Allocated:119.15869140625 MB
2020-01-10 11:39:28,115 Cached:4192.625 MB
2020-01-10 11:42:06,940 ==> Epoch[6](50/553): Loss: 0.2250
2020-01-10 11:42:06,941 Allocated:120.53369140625 MB
2020-01-10 11:42:06,942 Cached:8067.625 MB
2020-01-10 11:44:06,275 ==> Epoch[6](100/553): Loss: 0.2217
2020-01-10 11:44:06,276 Allocated:122.53369140625 MB
2020-01-10 11:44:06,276 Cached:8068.625 MB
2020-01-10 11:46:07,729 ==> Epoch[6](150/553): Loss: 0.2071
2020-01-10 11:46:07,731 Allocated:121.03369140625 MB
2020-01-10 11:46:07,731 Cached:8068.625 MB
2020-01-10 11:47:28,448 ====> Building Cache
2020-01-10 11:47:28,449 feature cache--->>> /home/annora/NetVLAD/output/train_feat_cache1.hdf5
2020-01-10 11:48:54,963 Allocated:120.533203125 MB
2020-01-10 11:48:54,964 Cached:2919.5 MB
2020-01-10 11:50:14,228 ==> Epoch[6](200/553): Loss: 0.2648
2020-01-10 11:50:14,230 Allocated:120.53369140625 MB
2020-01-10 11:50:14,231 Cached:6793.5 MB
2020-01-10 11:52:11,628 ==> Epoch[6](250/553): Loss: 0.2625
2020-01-10 11:52:11,630 Allocated:122.53369140625 MB
2020-01-10 11:52:11,631 Cached:6793.5 MB
2020-01-10 11:54:06,309 ==> Epoch[6](300/553): Loss: 0.2620
2020-01-10 11:54:06,310 Allocated:121.03369140625 MB
2020-01-10 11:54:06,311 Cached:6793.5 MB
2020-01-10 11:56:05,961 ==> Epoch[6](350/553): Loss: 0.2502
2020-01-10 11:56:05,961 Allocated:120.53369140625 MB
2020-01-10 11:56:05,962 Cached:6793.5 MB
2020-01-10 11:56:56,056 ====> Building Cache
2020-01-10 11:56:56,057 feature cache--->>> /home/annora/NetVLAD/output/train_feat_cache1.hdf5
2020-01-10 11:58:24,536 Allocated:122.533203125 MB
2020-01-10 11:58:24,537 Cached:2919.5 MB
2020-01-10 12:00:11,274 ==> Epoch[6](400/553): Loss: 0.2693
2020-01-10 12:00:11,276 Allocated:122.53369140625 MB
2020-01-10 12:00:11,276 Cached:6793.5 MB
2020-01-10 12:02:07,712 ==> Epoch[6](450/553): Loss: 0.2586
2020-01-10 12:02:07,713 Allocated:121.03369140625 MB
2020-01-10 12:02:07,713 Cached:6793.5 MB
2020-01-10 12:04:15,759 ==> Epoch[6](500/553): Loss: 0.2234
2020-01-10 12:04:15,761 Allocated:120.53369140625 MB
2020-01-10 12:04:15,761 Cached:6793.5 MB
2020-01-10 12:06:13,396 ==> Epoch[6](550/553): Loss: 0.2945
2020-01-10 12:06:13,399 Allocated:122.53369140625 MB
2020-01-10 12:06:13,399 Cached:6793.5 MB
2020-01-10 12:06:24,879 ===> Epoch 6 Complete: Avg. Loss: 0.2414
2020-01-10 12:06:24,881 ====> Extracting Features
2020-01-10 12:07:03,892 ==> Batch (50/108)
2020-01-10 12:07:26,079 ==> Batch (100/108)
2020-01-10 12:07:29,562 ====> Building faiss index
2020-01-10 12:07:29,564 ====> Calculating recall @ N
2020-01-10 12:07:29,994 ====> Recall@1: 0.7064
2020-01-10 12:07:29,994 ====> Recall@2: 0.7406
2020-01-10 12:07:29,995 ====> Recall@3: 0.7580
2020-01-10 12:07:29,995 ====> Recall@4: 0.7658
2020-01-10 12:07:29,996 ====> Recall@5: 0.7713
2020-01-10 12:07:29,996 ====> Recall@10: 0.7814
2020-01-10 12:07:29,996 ====> Recall@15: 0.7875
2020-01-10 12:07:29,996 ====> Recall@20: 0.7930
2020-01-10 12:07:29,996 ====> Recall@25: 0.7983
2020-01-10 12:07:30,426 ====> Building Cache
2020-01-10 12:07:30,426 feature cache--->>> /home/annora/NetVLAD/output/train_feat_cache1.hdf5
2020-01-10 12:09:05,099 Allocated:119.03369140625 MB
2020-01-10 12:09:05,100 Cached:4192.625 MB
2020-01-10 12:11:41,886 ==> Epoch[7](50/553): Loss: 0.2211
2020-01-10 12:11:41,887 Allocated:120.53369140625 MB
2020-01-10 12:11:41,887 Cached:8067.625 MB
2020-01-10 12:13:38,995 ==> Epoch[7](100/553): Loss: 0.2427
2020-01-10 12:13:38,997 Allocated:122.53369140625 MB
2020-01-10 12:13:38,997 Cached:8067.625 MB
2020-01-10 12:15:34,721 ==> Epoch[7](150/553): Loss: 0.1975
2020-01-10 12:15:34,723 Allocated:121.03369140625 MB
2020-01-10 12:15:34,723 Cached:8067.625 MB
2020-01-10 12:16:55,136 ====> Building Cache
2020-01-10 12:16:55,137 feature cache--->>> /home/annora/NetVLAD/output/train_feat_cache1.hdf5
2020-01-10 12:18:21,670 Allocated:120.533203125 MB
2020-01-10 12:18:21,670 Cached:2919.5 MB
2020-01-10 12:19:37,306 ==> Epoch[7](200/553): Loss: 0.2527
2020-01-10 12:19:37,308 Allocated:120.53369140625 MB
2020-01-10 12:19:37,308 Cached:6794.5 MB
2020-01-10 12:21:33,042 ==> Epoch[7](250/553): Loss: 0.2531
2020-01-10 12:21:33,043 Allocated:122.53369140625 MB
2020-01-10 12:21:33,044 Cached:6794.5 MB
2020-01-10 12:23:27,064 ==> Epoch[7](300/553): Loss: 0.2470
2020-01-10 12:23:27,065 Allocated:121.03369140625 MB
2020-01-10 12:23:27,065 Cached:6794.5 MB
2020-01-10 12:25:30,221 ==> Epoch[7](350/553): Loss: 0.2597
2020-01-10 12:25:30,223 Allocated:120.53369140625 MB
2020-01-10 12:25:30,223 Cached:6794.5 MB
2020-01-10 12:26:18,365 ====> Building Cache
2020-01-10 12:26:18,366 feature cache--->>> /home/annora/NetVLAD/output/train_feat_cache1.hdf5
2020-01-10 12:27:46,298 Allocated:122.533203125 MB
2020-01-10 12:27:46,299 Cached:2919.5 MB
2020-01-10 12:29:36,783 ==> Epoch[7](400/553): Loss: 0.2762
2020-01-10 12:29:36,785 Allocated:122.53369140625 MB
2020-01-10 12:29:36,785 Cached:6793.5 MB
2020-01-10 12:31:31,278 ==> Epoch[7](450/553): Loss: 0.2878
2020-01-10 12:31:31,279 Allocated:121.03369140625 MB
2020-01-10 12:31:31,280 Cached:6793.5 MB
2020-01-10 12:33:36,520 ==> Epoch[7](500/553): Loss: 0.2409
2020-01-10 12:33:36,522 Allocated:120.53369140625 MB
2020-01-10 12:33:36,522 Cached:6793.5 MB
2020-01-10 12:35:29,756 ==> Epoch[7](550/553): Loss: 0.2563
2020-01-10 12:35:29,758 Allocated:122.53369140625 MB
2020-01-10 12:35:29,758 Cached:6793.5 MB
2020-01-10 12:35:40,544 ===> Epoch 7 Complete: Avg. Loss: 0.2412
2020-01-10 12:35:40,545 ====> Extracting Features
2020-01-10 12:36:18,098 ==> Batch (50/108)
2020-01-10 12:36:39,163 ==> Batch (100/108)
2020-01-10 12:36:43,071 ====> Building faiss index
2020-01-10 12:36:43,074 ====> Calculating recall @ N
2020-01-10 12:36:43,656 ====> Recall@1: 0.7067
2020-01-10 12:36:43,657 ====> Recall@2: 0.7409
2020-01-10 12:36:43,658 ====> Recall@3: 0.7588
2020-01-10 12:36:43,658 ====> Recall@4: 0.7661
2020-01-10 12:36:43,658 ====> Recall@5: 0.7716
2020-01-10 12:36:43,658 ====> Recall@10: 0.7814
2020-01-10 12:36:43,659 ====> Recall@15: 0.7872
2020-01-10 12:36:43,659 ====> Recall@20: 0.7933
2020-01-10 12:36:43,659 ====> Recall@25: 0.7986
2020-01-10 12:36:44,076 ====> Building Cache
2020-01-10 12:36:44,077 feature cache--->>> /home/annora/NetVLAD/output/train_feat_cache1.hdf5
2020-01-10 12:38:25,436 Allocated:119.03369140625 MB
2020-01-10 12:38:25,437 Cached:4193.625 MB
2020-01-10 12:41:06,741 ==> Epoch[8](50/553): Loss: 0.2167
2020-01-10 12:41:06,743 Allocated:120.53369140625 MB
2020-01-10 12:41:06,743 Cached:8068.625 MB
2020-01-10 12:43:02,352 ==> Epoch[8](100/553): Loss: 0.2298
2020-01-10 12:43:02,353 Allocated:122.53369140625 MB
2020-01-10 12:43:02,354 Cached:8068.625 MB
2020-01-10 12:45:02,888 ==> Epoch[8](150/553): Loss: 0.2410
2020-01-10 12:45:02,889 Allocated:121.03369140625 MB
2020-01-10 12:45:02,890 Cached:8068.625 MB
2020-01-10 12:46:23,593 ====> Building Cache
2020-01-10 12:46:23,595 feature cache--->>> /home/annora/NetVLAD/output/train_feat_cache1.hdf5
2020-01-10 12:47:59,427 Allocated:120.533203125 MB
2020-01-10 12:47:59,428 Cached:2919.5 MB
2020-01-10 12:49:09,764 ==> Epoch[8](200/553): Loss: 0.2509
2020-01-10 12:49:09,766 Allocated:120.53369140625 MB
2020-01-10 12:49:09,766 Cached:6794.5 MB
2020-01-10 12:51:21,736 ==> Epoch[8](250/553): Loss: 0.2438
2020-01-10 12:51:21,737 Allocated:122.53369140625 MB
2020-01-10 12:51:21,737 Cached:6794.5 MB
2020-01-10 12:53:23,730 ==> Epoch[8](300/553): Loss: 0.2316
2020-01-10 12:53:23,731 Allocated:121.03369140625 MB
2020-01-10 12:53:23,731 Cached:6794.5 MB
2020-01-10 12:55:20,088 ==> Epoch[8](350/553): Loss: 0.2416
2020-01-10 12:55:20,090 Allocated:120.53369140625 MB
2020-01-10 12:55:20,090 Cached:6794.5 MB
2020-01-10 12:56:07,370 ====> Building Cache
2020-01-10 12:56:07,371 feature cache--->>> /home/annora/NetVLAD/output/train_feat_cache1.hdf5
2020-01-10 12:57:36,499 Allocated:122.533203125 MB
2020-01-10 12:57:36,499 Cached:2919.5 MB
2020-01-10 12:59:34,743 ==> Epoch[8](400/553): Loss: 0.2462
2020-01-10 12:59:34,745 Allocated:122.53369140625 MB
2020-01-10 12:59:34,745 Cached:6794.5 MB
2020-01-10 13:01:37,468 ==> Epoch[8](450/553): Loss: 0.2516
2020-01-10 13:01:37,469 Allocated:121.03369140625 MB
2020-01-10 13:01:37,470 Cached:6794.5 MB
2020-01-10 13:03:37,454 ==> Epoch[8](500/553): Loss: 0.2378
2020-01-10 13:03:37,455 Allocated:120.53369140625 MB
2020-01-10 13:03:37,456 Cached:6794.5 MB
2020-01-10 13:05:38,128 ==> Epoch[8](550/553): Loss: 0.2571
2020-01-10 13:05:38,131 Allocated:122.53369140625 MB
2020-01-10 13:05:38,131 Cached:6794.5 MB
2020-01-10 13:05:50,098 ===> Epoch 8 Complete: Avg. Loss: 0.2412
2020-01-10 13:05:50,100 ====> Extracting Features
2020-01-10 13:06:27,067 ==> Batch (50/108)
2020-01-10 13:06:52,990 ==> Batch (100/108)
2020-01-10 13:06:57,888 ====> Building faiss index
2020-01-10 13:06:57,891 ====> Calculating recall @ N
2020-01-10 13:06:58,430 ====> Recall@1: 0.7070
2020-01-10 13:06:58,431 ====> Recall@2: 0.7406
2020-01-10 13:06:58,432 ====> Recall@3: 0.7594
2020-01-10 13:06:58,432 ====> Recall@4: 0.7655
2020-01-10 13:06:58,433 ====> Recall@5: 0.7713
2020-01-10 13:06:58,433 ====> Recall@10: 0.7814
2020-01-10 13:06:58,433 ====> Recall@15: 0.7875
2020-01-10 13:06:58,433 ====> Recall@20: 0.7933
2020-01-10 13:06:58,434 ====> Recall@25: 0.7991
2020-01-10 13:06:58,871 ====> Building Cache
2020-01-10 13:06:58,871 feature cache--->>> /home/annora/NetVLAD/output/train_feat_cache1.hdf5
2020-01-10 13:08:35,217 Allocated:119.03369140625 MB
2020-01-10 13:08:35,217 Cached:4192.625 MB
2020-01-10 13:11:17,201 ==> Epoch[9](50/553): Loss: 0.2301
2020-01-10 13:11:17,204 Allocated:120.53369140625 MB
2020-01-10 13:11:17,205 Cached:8067.625 MB
2020-01-10 13:13:21,753 ==> Epoch[9](100/553): Loss: 0.2252
2020-01-10 13:13:21,755 Allocated:122.53369140625 MB
2020-01-10 13:13:21,755 Cached:8067.625 MB
2020-01-10 13:15:23,449 ==> Epoch[9](150/553): Loss: 0.2153
2020-01-10 13:15:23,450 Allocated:121.03369140625 MB
2020-01-10 13:15:23,450 Cached:8068.625 MB
2020-01-10 13:16:43,195 ====> Building Cache
2020-01-10 13:16:43,195 feature cache--->>> /home/annora/NetVLAD/output/train_feat_cache1.hdf5
2020-01-10 13:18:18,779 Allocated:120.533203125 MB
2020-01-10 13:18:18,785 Cached:2919.5 MB
2020-01-10 13:19:35,106 ==> Epoch[9](200/553): Loss: 0.2466
2020-01-10 13:19:35,108 Allocated:120.53369140625 MB
2020-01-10 13:19:35,108 Cached:6794.5 MB
2020-01-10 13:21:32,898 ==> Epoch[9](250/553): Loss: 0.2472
2020-01-10 13:21:32,901 Allocated:122.53369140625 MB
2020-01-10 13:21:32,902 Cached:6794.5 MB
2020-01-10 13:23:33,314 ==> Epoch[9](300/553): Loss: 0.2923
2020-01-10 13:23:33,316 Allocated:121.03369140625 MB
2020-01-10 13:23:33,316 Cached:6794.5 MB
2020-01-10 13:25:39,536 ==> Epoch[9](350/553): Loss: 0.2391
2020-01-10 13:25:39,538 Allocated:120.53369140625 MB
2020-01-10 13:25:39,538 Cached:6794.5 MB
2020-01-10 13:26:23,544 ====> Building Cache
2020-01-10 13:26:23,545 feature cache--->>> /home/annora/NetVLAD/output/train_feat_cache1.hdf5
2020-01-10 13:27:50,537 Allocated:122.533203125 MB
2020-01-10 13:27:50,538 Cached:2919.5 MB
2020-01-10 13:29:36,444 ==> Epoch[9](400/553): Loss: 0.2301
2020-01-10 13:29:36,445 Allocated:122.53369140625 MB
2020-01-10 13:29:36,446 Cached:6794.5 MB
2020-01-10 13:31:33,577 ==> Epoch[9](450/553): Loss: 0.2622
2020-01-10 13:31:33,578 Allocated:121.03369140625 MB
2020-01-10 13:31:33,579 Cached:6794.5 MB
2020-01-10 13:33:35,562 ==> Epoch[9](500/553): Loss: 0.2492
2020-01-10 13:33:35,563 Allocated:120.53369140625 MB
2020-01-10 13:33:35,564 Cached:6794.5 MB
2020-01-10 13:35:36,184 ==> Epoch[9](550/553): Loss: 0.2328
2020-01-10 13:35:36,187 Allocated:122.53369140625 MB
2020-01-10 13:35:36,187 Cached:6794.5 MB
2020-01-10 13:35:47,836 ===> Epoch 9 Complete: Avg. Loss: 0.2411
2020-01-10 13:35:47,838 ====> Extracting Features
2020-01-10 13:36:23,509 ==> Batch (50/108)
2020-01-10 13:36:57,620 ==> Batch (100/108)
2020-01-10 13:37:01,755 ====> Building faiss index
2020-01-10 13:37:01,757 ====> Calculating recall @ N
2020-01-10 13:37:02,325 ====> Recall@1: 0.7067
2020-01-10 13:37:02,326 ====> Recall@2: 0.7406
2020-01-10 13:37:02,327 ====> Recall@3: 0.7597
2020-01-10 13:37:02,327 ====> Recall@4: 0.7664
2020-01-10 13:37:02,328 ====> Recall@5: 0.7716
2020-01-10 13:37:02,328 ====> Recall@10: 0.7814
2020-01-10 13:37:02,328 ====> Recall@15: 0.7870
2020-01-10 13:37:02,328 ====> Recall@20: 0.7933
2020-01-10 13:37:02,329 ====> Recall@25: 0.8000
2020-01-10 13:37:02,752 ====> Building Cache
2020-01-10 13:37:02,753 feature cache--->>> /home/annora/NetVLAD/output/train_feat_cache1.hdf5
2020-01-10 13:38:39,106 Allocated:119.03369140625 MB
2020-01-10 13:38:39,106 Cached:4193.625 MB
2020-01-10 13:41:23,686 ==> Epoch[10](50/553): Loss: 0.2240
2020-01-10 13:41:23,688 Allocated:120.53369140625 MB
2020-01-10 13:41:23,688 Cached:8068.625 MB
2020-01-10 13:43:22,156 ==> Epoch[10](100/553): Loss: 0.2238
2020-01-10 13:43:22,158 Allocated:122.53369140625 MB
2020-01-10 13:43:22,159 Cached:8068.625 MB
2020-01-10 13:45:17,547 ==> Epoch[10](150/553): Loss: 0.2312
2020-01-10 13:45:17,549 Allocated:121.03369140625 MB
2020-01-10 13:45:17,549 Cached:8068.625 MB
2020-01-10 13:46:43,306 ====> Building Cache
2020-01-10 13:46:43,306 feature cache--->>> /home/annora/NetVLAD/output/train_feat_cache1.hdf5
2020-01-10 13:48:09,888 Allocated:120.533203125 MB
2020-01-10 13:48:09,888 Cached:2919.5 MB
2020-01-10 13:49:22,944 ==> Epoch[10](200/553): Loss: 0.2576
2020-01-10 13:49:22,946 Allocated:120.53369140625 MB
2020-01-10 13:49:22,946 Cached:6794.5 MB
2020-01-10 13:51:25,552 ==> Epoch[10](250/553): Loss: 0.2455
2020-01-10 13:51:25,553 Allocated:122.53369140625 MB
2020-01-10 13:51:25,554 Cached:6794.5 MB
2020-01-10 13:53:25,677 ==> Epoch[10](300/553): Loss: 0.2459
2020-01-10 13:53:25,678 Allocated:121.03369140625 MB
2020-01-10 13:53:25,679 Cached:6794.5 MB
2020-01-10 13:55:23,780 ==> Epoch[10](350/553): Loss: 0.2285
2020-01-10 13:55:23,782 Allocated:120.53369140625 MB
2020-01-10 13:55:23,782 Cached:6794.5 MB
2020-01-10 13:56:09,002 ====> Building Cache
2020-01-10 13:56:09,003 feature cache--->>> /home/annora/NetVLAD/output/train_feat_cache1.hdf5
2020-01-10 13:57:38,708 Allocated:122.533203125 MB
2020-01-10 13:57:38,708 Cached:2919.5 MB
2020-01-10 13:59:28,780 ==> Epoch[10](400/553): Loss: 0.2780
2020-01-10 13:59:28,781 Allocated:122.53369140625 MB
2020-01-10 13:59:28,782 Cached:6794.5 MB
2020-01-10 14:01:25,833 ==> Epoch[10](450/553): Loss: 0.2382
2020-01-10 14:01:25,834 Allocated:121.03369140625 MB
2020-01-10 14:01:25,835 Cached:6794.5 MB
2020-01-10 14:03:27,028 ==> Epoch[10](500/553): Loss: 0.2460
2020-01-10 14:03:27,029 Allocated:120.53369140625 MB
2020-01-10 14:03:27,030 Cached:6794.5 MB
2020-01-10 14:05:25,140 ==> Epoch[10](550/553): Loss: 0.2433
2020-01-10 14:05:25,142 Allocated:122.53369140625 MB
2020-01-10 14:05:25,142 Cached:6794.5 MB
2020-01-10 14:05:36,726 ===> Epoch 10 Complete: Avg. Loss: 0.2410
2020-01-10 14:05:36,728 ====> Extracting Features
2020-01-10 14:06:19,693 ==> Batch (50/108)
2020-01-10 14:06:50,267 ==> Batch (100/108)
2020-01-10 14:06:54,230 ====> Building faiss index
2020-01-10 14:06:54,232 ====> Calculating recall @ N
2020-01-10 14:06:54,695 ====> Recall@1: 0.7067
2020-01-10 14:06:54,695 ====> Recall@2: 0.7409
2020-01-10 14:06:54,696 ====> Recall@3: 0.7597
2020-01-10 14:06:54,696 ====> Recall@4: 0.7658
2020-01-10 14:06:54,696 ====> Recall@5: 0.7716
2020-01-10 14:06:54,696 ====> Recall@10: 0.7814
2020-01-10 14:06:54,697 ====> Recall@15: 0.7870
2020-01-10 14:06:54,697 ====> Recall@20: 0.7936
2020-01-10 14:06:54,697 ====> Recall@25: 0.7997
2020-01-10 14:06:55,114 ====> Building Cache
2020-01-10 14:06:55,115 feature cache--->>> /home/annora/NetVLAD/output/train_feat_cache1.hdf5
2020-01-10 14:08:25,230 Allocated:119.03369140625 MB
2020-01-10 14:08:25,230 Cached:4192.625 MB
2020-01-10 14:11:04,822 ==> Epoch[11](50/553): Loss: 0.2311
2020-01-10 14:11:04,824 Allocated:120.53369140625 MB
2020-01-10 14:11:04,824 Cached:8067.625 MB
2020-01-10 14:13:06,053 ==> Epoch[11](100/553): Loss: 0.2056
2020-01-10 14:13:06,055 Allocated:122.53369140625 MB
2020-01-10 14:13:06,055 Cached:8067.625 MB
2020-01-10 14:15:05,664 ==> Epoch[11](150/553): Loss: 0.2362
2020-01-10 14:15:05,665 Allocated:121.03369140625 MB
2020-01-10 14:15:05,666 Cached:8067.625 MB
2020-01-10 14:16:26,707 ====> Building Cache
2020-01-10 14:16:26,708 feature cache--->>> /home/annora/NetVLAD/output/train_feat_cache1.hdf5
2020-01-10 14:17:56,097 Allocated:120.533203125 MB
2020-01-10 14:17:56,097 Cached:2919.5 MB
2020-01-10 14:19:11,898 ==> Epoch[11](200/553): Loss: 0.2471
2020-01-10 14:19:11,900 Allocated:120.53369140625 MB
2020-01-10 14:19:11,900 Cached:6793.5 MB
2020-01-10 14:21:07,715 ==> Epoch[11](250/553): Loss: 0.2590
2020-01-10 14:21:07,717 Allocated:122.53369140625 MB
2020-01-10 14:21:07,717 Cached:6793.5 MB
2020-01-10 14:23:08,805 ==> Epoch[11](300/553): Loss: 0.2437
2020-01-10 14:23:08,807 Allocated:121.03369140625 MB
2020-01-10 14:23:08,807 Cached:6793.5 MB
2020-01-10 14:25:06,488 ==> Epoch[11](350/553): Loss: 0.2406
2020-01-10 14:25:06,489 Allocated:120.53369140625 MB
2020-01-10 14:25:06,490 Cached:6793.5 MB
2020-01-10 14:25:53,816 ====> Building Cache
2020-01-10 14:25:53,817 feature cache--->>> /home/annora/NetVLAD/output/train_feat_cache1.hdf5
2020-01-10 14:27:29,615 Allocated:122.533203125 MB
2020-01-10 14:27:29,616 Cached:2919.5 MB
2020-01-10 14:29:24,468 ==> Epoch[11](400/553): Loss: 0.2301
2020-01-10 14:29:24,470 Allocated:122.53369140625 MB
2020-01-10 14:29:24,470 Cached:6793.5 MB
2020-01-10 14:31:27,055 ==> Epoch[11](450/553): Loss: 0.2717
2020-01-10 14:31:27,059 Allocated:121.03369140625 MB
2020-01-10 14:31:27,059 Cached:6793.5 MB
2020-01-10 14:33:28,954 ==> Epoch[11](500/553): Loss: 0.2454
2020-01-10 14:33:28,956 Allocated:120.53369140625 MB
2020-01-10 14:33:28,956 Cached:6793.5 MB
2020-01-10 14:35:26,044 ==> Epoch[11](550/553): Loss: 0.2532
2020-01-10 14:35:26,045 Allocated:122.53369140625 MB
2020-01-10 14:35:26,046 Cached:6793.5 MB
2020-01-10 14:35:36,952 ===> Epoch 11 Complete: Avg. Loss: 0.2412
2020-01-10 14:35:36,953 ====> Extracting Features
2020-01-10 14:36:25,861 ==> Batch (50/108)
2020-01-10 14:36:53,792 ==> Batch (100/108)
2020-01-10 14:36:57,830 ====> Building faiss index
2020-01-10 14:36:57,832 ====> Calculating recall @ N
2020-01-10 14:36:58,286 ====> Recall@1: 0.7072
2020-01-10 14:36:58,286 ====> Recall@2: 0.7409
2020-01-10 14:36:58,287 ====> Recall@3: 0.7597
2020-01-10 14:36:58,287 ====> Recall@4: 0.7658
2020-01-10 14:36:58,287 ====> Recall@5: 0.7716
2020-01-10 14:36:58,287 ====> Recall@10: 0.7812
2020-01-10 14:36:58,288 ====> Recall@15: 0.7870
2020-01-10 14:36:58,288 ====> Recall@20: 0.7936
2020-01-10 14:36:58,288 ====> Recall@25: 0.8000
2020-01-10 14:36:58,651 ====> Building Cache
2020-01-10 14:36:58,651 feature cache--->>> /home/annora/NetVLAD/output/train_feat_cache1.hdf5
2020-01-10 14:38:31,514 Allocated:119.03369140625 MB
2020-01-10 14:38:31,514 Cached:4193.625 MB
2020-01-10 14:41:14,376 ==> Epoch[12](50/553): Loss: 0.2137
2020-01-10 14:41:14,378 Allocated:120.53369140625 MB
2020-01-10 14:41:14,378 Cached:8067.625 MB
2020-01-10 14:43:11,735 ==> Epoch[12](100/553): Loss: 0.2277
2020-01-10 14:43:11,738 Allocated:122.53369140625 MB
2020-01-10 14:43:11,738 Cached:8067.625 MB
2020-01-10 14:45:06,619 ==> Epoch[12](150/553): Loss: 0.2341
2020-01-10 14:45:06,620 Allocated:121.03369140625 MB
2020-01-10 14:45:06,620 Cached:8067.625 MB
2020-01-10 14:46:32,083 ====> Building Cache
2020-01-10 14:46:32,083 feature cache--->>> /home/annora/NetVLAD/output/train_feat_cache1.hdf5
2020-01-10 14:48:08,358 Allocated:120.533203125 MB
2020-01-10 14:48:08,359 Cached:2919.5 MB
2020-01-10 14:49:19,659 ==> Epoch[12](200/553): Loss: 0.2817
2020-01-10 14:49:19,661 Allocated:120.53369140625 MB
2020-01-10 14:49:19,661 Cached:6793.5 MB
2020-01-10 14:51:16,666 ==> Epoch[12](250/553): Loss: 0.2479
2020-01-10 14:51:16,667 Allocated:122.53369140625 MB
2020-01-10 14:51:16,668 Cached:6793.5 MB
2020-01-10 14:53:10,158 ==> Epoch[12](300/553): Loss: 0.2594
2020-01-10 14:53:10,159 Allocated:121.03369140625 MB
2020-01-10 14:53:10,160 Cached:6793.5 MB
2020-01-10 14:55:05,904 ==> Epoch[12](350/553): Loss: 0.2546
2020-01-10 14:55:05,906 Allocated:120.53369140625 MB
2020-01-10 14:55:05,906 Cached:6793.5 MB
2020-01-10 14:55:50,837 ====> Building Cache
2020-01-10 14:55:50,838 feature cache--->>> /home/annora/NetVLAD/output/train_feat_cache1.hdf5
2020-01-10 14:57:30,251 Allocated:122.533203125 MB
2020-01-10 14:57:30,252 Cached:2919.5 MB
2020-01-10 14:59:17,635 ==> Epoch[12](400/553): Loss: 0.1999
2020-01-10 14:59:17,636 Allocated:122.53369140625 MB
2020-01-10 14:59:17,637 Cached:6793.5 MB
2020-01-10 15:01:11,154 ==> Epoch[12](450/553): Loss: 0.2382
2020-01-10 15:01:11,155 Allocated:121.03369140625 MB
2020-01-10 15:01:11,155 Cached:6793.5 MB
2020-01-10 15:03:06,296 ==> Epoch[12](500/553): Loss: 0.2597
2020-01-10 15:03:06,297 Allocated:120.53369140625 MB
2020-01-10 15:03:06,298 Cached:6793.5 MB
2020-01-10 15:05:01,083 ==> Epoch[12](550/553): Loss: 0.2642
2020-01-10 15:05:01,085 Allocated:122.53369140625 MB
2020-01-10 15:05:01,085 Cached:6793.5 MB
2020-01-10 15:05:12,604 ===> Epoch 12 Complete: Avg. Loss: 0.2410
2020-01-10 15:05:12,606 ====> Extracting Features
2020-01-10 15:05:49,553 ==> Batch (50/108)
2020-01-10 15:06:10,866 ==> Batch (100/108)
2020-01-10 15:06:14,342 ====> Building faiss index
2020-01-10 15:06:14,345 ====> Calculating recall @ N
2020-01-10 15:06:14,753 ====> Recall@1: 0.7084
2020-01-10 15:06:14,754 ====> Recall@2: 0.7412
2020-01-10 15:06:14,754 ====> Recall@3: 0.7600
2020-01-10 15:06:14,755 ====> Recall@4: 0.7664
2020-01-10 15:06:14,755 ====> Recall@5: 0.7713
2020-01-10 15:06:14,755 ====> Recall@10: 0.7814
2020-01-10 15:06:14,755 ====> Recall@15: 0.7872
2020-01-10 15:06:14,756 ====> Recall@20: 0.7936
2020-01-10 15:06:14,756 ====> Recall@25: 0.8000
2020-01-10 15:06:15,166 ====> Building Cache
2020-01-10 15:06:15,166 feature cache--->>> /home/annora/NetVLAD/output/train_feat_cache1.hdf5
2020-01-10 15:07:34,308 Allocated:119.03369140625 MB
2020-01-10 15:07:34,309 Cached:4192.625 MB
2020-01-10 15:09:56,912 ==> Epoch[13](50/553): Loss: 0.2209
2020-01-10 15:09:56,913 Allocated:120.53369140625 MB
2020-01-10 15:09:56,913 Cached:8067.625 MB
2020-01-10 15:11:50,294 ==> Epoch[13](100/553): Loss: 0.2454
2020-01-10 15:11:50,295 Allocated:122.53369140625 MB
2020-01-10 15:11:50,295 Cached:8067.625 MB
2020-01-10 15:13:54,372 ==> Epoch[13](150/553): Loss: 0.2216
2020-01-10 15:13:54,373 Allocated:121.03369140625 MB
2020-01-10 15:13:54,373 Cached:8067.625 MB
2020-01-10 15:15:08,791 ====> Building Cache
2020-01-10 15:15:08,792 feature cache--->>> /home/annora/NetVLAD/output/train_feat_cache1.hdf5
2020-01-10 15:16:26,038 Allocated:120.533203125 MB
2020-01-10 15:16:26,039 Cached:2919.5 MB
2020-01-10 15:17:30,340 ==> Epoch[13](200/553): Loss: 0.2735
2020-01-10 15:17:30,341 Allocated:120.53369140625 MB
2020-01-10 15:17:30,342 Cached:6793.5 MB
2020-01-10 15:19:23,824 ==> Epoch[13](250/553): Loss: 0.2640
2020-01-10 15:19:23,825 Allocated:122.53369140625 MB
2020-01-10 15:19:23,825 Cached:6793.5 MB
2020-01-10 15:21:10,779 ==> Epoch[13](300/553): Loss: 0.2495
2020-01-10 15:21:10,780 Allocated:121.03369140625 MB
2020-01-10 15:21:10,780 Cached:6793.5 MB
2020-01-10 15:22:57,409 ==> Epoch[13](350/553): Loss: 0.2497
2020-01-10 15:22:57,411 Allocated:120.53369140625 MB
2020-01-10 15:22:57,411 Cached:6793.5 MB
2020-01-10 15:23:53,143 ====> Building Cache
2020-01-10 15:23:53,143 feature cache--->>> /home/annora/NetVLAD/output/train_feat_cache1.hdf5
2020-01-10 15:25:23,166 Allocated:122.533203125 MB
2020-01-10 15:25:23,167 Cached:2919.5 MB
2020-01-10 15:27:08,675 ==> Epoch[13](400/553): Loss: 0.2758
2020-01-10 15:27:08,677 Allocated:122.53369140625 MB
2020-01-10 15:27:08,677 Cached:6793.5 MB
2020-01-10 15:28:59,719 ==> Epoch[13](450/553): Loss: 0.2197
2020-01-10 15:28:59,720 Allocated:121.03369140625 MB
2020-01-10 15:28:59,721 Cached:6793.5 MB
2020-01-10 15:30:48,981 ==> Epoch[13](500/553): Loss: 0.2261
2020-01-10 15:30:48,982 Allocated:120.53369140625 MB
2020-01-10 15:30:48,983 Cached:6793.5 MB
2020-01-10 15:32:43,787 ==> Epoch[13](550/553): Loss: 0.2561
2020-01-10 15:32:43,789 Allocated:122.53369140625 MB
2020-01-10 15:32:43,789 Cached:6793.5 MB
2020-01-10 15:32:54,855 ===> Epoch 13 Complete: Avg. Loss: 0.2412
2020-01-10 15:32:54,856 ====> Extracting Features
2020-01-10 15:33:29,710 ==> Batch (50/108)
2020-01-10 15:33:52,781 ==> Batch (100/108)
2020-01-10 15:33:56,110 ====> Building faiss index
2020-01-10 15:33:56,112 ====> Calculating recall @ N
2020-01-10 15:33:56,566 ====> Recall@1: 0.7090
2020-01-10 15:33:56,567 ====> Recall@2: 0.7412
2020-01-10 15:33:56,567 ====> Recall@3: 0.7606
2020-01-10 15:33:56,567 ====> Recall@4: 0.7670
2020-01-10 15:33:56,567 ====> Recall@5: 0.7713
2020-01-10 15:33:56,568 ====> Recall@10: 0.7814
2020-01-10 15:33:56,568 ====> Recall@15: 0.7872
2020-01-10 15:33:56,568 ====> Recall@20: 0.7933
2020-01-10 15:33:56,568 ====> Recall@25: 0.8003
2020-01-10 15:33:56,968 ====> Building Cache
2020-01-10 15:33:56,969 feature cache--->>> /home/annora/NetVLAD/output/train_feat_cache1.hdf5
2020-01-10 15:35:15,387 Allocated:119.03369140625 MB
2020-01-10 15:35:15,388 Cached:4193.625 MB
2020-01-10 15:37:42,088 ==> Epoch[14](50/553): Loss: 0.2175
2020-01-10 15:37:42,090 Allocated:120.53369140625 MB
2020-01-10 15:37:42,090 Cached:8067.625 MB
2020-01-10 15:39:36,753 ==> Epoch[14](100/553): Loss: 0.2223
2020-01-10 15:39:36,755 Allocated:122.53369140625 MB
2020-01-10 15:39:36,755 Cached:8067.625 MB
2020-01-10 15:41:28,522 ==> Epoch[14](150/553): Loss: 0.2189
2020-01-10 15:41:28,523 Allocated:121.03369140625 MB
2020-01-10 15:41:28,524 Cached:8067.625 MB
2020-01-10 15:42:43,778 ====> Building Cache
2020-01-10 15:42:43,779 feature cache--->>> /home/annora/NetVLAD/output/train_feat_cache1.hdf5
2020-01-10 15:44:17,225 Allocated:120.533203125 MB
2020-01-10 15:44:17,225 Cached:2919.5 MB
2020-01-10 15:45:34,840 ==> Epoch[14](200/553): Loss: 0.2542
2020-01-10 15:45:34,843 Allocated:120.53369140625 MB
2020-01-10 15:45:34,843 Cached:6793.5 MB
2020-01-10 15:47:30,119 ==> Epoch[14](250/553): Loss: 0.2360
2020-01-10 15:47:30,121 Allocated:122.53369140625 MB
2020-01-10 15:47:30,121 Cached:6793.5 MB
2020-01-10 15:49:26,139 ==> Epoch[14](300/553): Loss: 0.2644
2020-01-10 15:49:26,140 Allocated:121.03369140625 MB
2020-01-10 15:49:26,140 Cached:6793.5 MB
2020-01-10 15:51:23,727 ==> Epoch[14](350/553): Loss: 0.2679
2020-01-10 15:51:23,729 Allocated:120.53369140625 MB
2020-01-10 15:51:23,729 Cached:6793.5 MB
2020-01-10 15:52:12,713 ====> Building Cache
2020-01-10 15:52:12,715 feature cache--->>> /home/annora/NetVLAD/output/train_feat_cache1.hdf5
2020-01-10 15:53:39,514 Allocated:122.533203125 MB
2020-01-10 15:53:39,515 Cached:2919.5 MB
2020-01-10 15:55:24,656 ==> Epoch[14](400/553): Loss: 0.2284
2020-01-10 15:55:24,657 Allocated:122.53369140625 MB
2020-01-10 15:55:24,658 Cached:6793.5 MB
2020-01-10 15:57:18,946 ==> Epoch[14](450/553): Loss: 0.2881
2020-01-10 15:57:18,948 Allocated:121.03369140625 MB
2020-01-10 15:57:18,948 Cached:6793.5 MB
2020-01-10 15:59:19,626 ==> Epoch[14](500/553): Loss: 0.2424
2020-01-10 15:59:19,628 Allocated:120.53369140625 MB
2020-01-10 15:59:19,628 Cached:6793.5 MB
2020-01-10 16:01:14,126 ==> Epoch[14](550/553): Loss: 0.2445
2020-01-10 16:01:14,128 Allocated:122.53369140625 MB
2020-01-10 16:01:14,128 Cached:6793.5 MB
2020-01-10 16:01:24,996 ===> Epoch 14 Complete: Avg. Loss: 0.2412
2020-01-10 16:01:24,998 ====> Extracting Features
2020-01-10 16:02:06,990 ==> Batch (50/108)
2020-01-10 16:02:39,492 ==> Batch (100/108)
2020-01-10 16:02:43,769 ====> Building faiss index
2020-01-10 16:02:43,771 ====> Calculating recall @ N
2020-01-10 16:02:44,283 ====> Recall@1: 0.7099
2020-01-10 16:02:44,284 ====> Recall@2: 0.7409
2020-01-10 16:02:44,284 ====> Recall@3: 0.7600
2020-01-10 16:02:44,285 ====> Recall@4: 0.7670
2020-01-10 16:02:44,285 ====> Recall@5: 0.7713
2020-01-10 16:02:44,285 ====> Recall@10: 0.7814
2020-01-10 16:02:44,285 ====> Recall@15: 0.7870
2020-01-10 16:02:44,285 ====> Recall@20: 0.7930
2020-01-10 16:02:44,286 ====> Recall@25: 0.8000
2020-01-10 16:02:44,704 ====> Building Cache
2020-01-10 16:02:44,705 feature cache--->>> /home/annora/NetVLAD/output/train_feat_cache1.hdf5
2020-01-10 16:04:12,751 Allocated:119.03369140625 MB
2020-01-10 16:04:12,751 Cached:4192.625 MB
2020-01-10 16:06:49,271 ==> Epoch[15](50/553): Loss: 0.2103
2020-01-10 16:06:49,272 Allocated:120.53369140625 MB
2020-01-10 16:06:49,273 Cached:8067.625 MB
2020-01-10 16:08:42,523 ==> Epoch[15](100/553): Loss: 0.2129
2020-01-10 16:08:42,524 Allocated:122.53369140625 MB
2020-01-10 16:08:42,525 Cached:8068.625 MB
2020-01-10 16:10:36,745 ==> Epoch[15](150/553): Loss: 0.2081
2020-01-10 16:10:36,746 Allocated:121.03369140625 MB
2020-01-10 16:10:36,746 Cached:8068.625 MB
2020-01-10 16:12:02,152 ====> Building Cache
2020-01-10 16:12:02,153 feature cache--->>> /home/annora/NetVLAD/output/train_feat_cache1.hdf5
2020-01-10 16:13:32,576 Allocated:120.533203125 MB
2020-01-10 16:13:32,577 Cached:2919.5 MB
2020-01-10 16:14:42,659 ==> Epoch[15](200/553): Loss: 0.2609
2020-01-10 16:14:42,661 Allocated:120.53369140625 MB
2020-01-10 16:14:42,661 Cached:6794.5 MB
2020-01-10 16:16:39,240 ==> Epoch[15](250/553): Loss: 0.2792
2020-01-10 16:16:39,242 Allocated:122.53369140625 MB
2020-01-10 16:16:39,242 Cached:6794.5 MB
2020-01-10 16:18:35,129 ==> Epoch[15](300/553): Loss: 0.2265
2020-01-10 16:18:35,131 Allocated:121.03369140625 MB
2020-01-10 16:18:35,131 Cached:6794.5 MB
2020-01-10 16:20:31,572 ==> Epoch[15](350/553): Loss: 0.2538
2020-01-10 16:20:31,573 Allocated:120.53369140625 MB
2020-01-10 16:20:31,574 Cached:6794.5 MB
2020-01-10 16:21:18,174 ====> Building Cache
2020-01-10 16:21:18,175 feature cache--->>> /home/annora/NetVLAD/output/train_feat_cache1.hdf5
2020-01-10 16:22:47,549 Allocated:122.533203125 MB
2020-01-10 16:22:47,550 Cached:2919.5 MB
2020-01-10 16:24:31,978 ==> Epoch[15](400/553): Loss: 0.2670
2020-01-10 16:24:31,980 Allocated:122.53369140625 MB
2020-01-10 16:24:31,980 Cached:6794.5 MB
2020-01-10 16:26:30,858 ==> Epoch[15](450/553): Loss: 0.2598
2020-01-10 16:26:30,860 Allocated:121.03369140625 MB
2020-01-10 16:26:30,860 Cached:6794.5 MB
2020-01-10 16:28:27,151 ==> Epoch[15](500/553): Loss: 0.2597
2020-01-10 16:28:27,152 Allocated:120.53369140625 MB
2020-01-10 16:28:27,152 Cached:6794.5 MB
2020-01-10 16:30:27,299 ==> Epoch[15](550/553): Loss: 0.2473
2020-01-10 16:30:27,301 Allocated:122.53369140625 MB
2020-01-10 16:30:27,301 Cached:6794.5 MB
2020-01-10 16:30:40,448 ===> Epoch 15 Complete: Avg. Loss: 0.2411
2020-01-10 16:30:40,450 ====> Extracting Features
2020-01-10 16:31:15,807 ==> Batch (50/108)
2020-01-10 16:31:48,149 ==> Batch (100/108)
2020-01-10 16:31:53,087 ====> Building faiss index
2020-01-10 16:31:53,090 ====> Calculating recall @ N
2020-01-10 16:31:53,648 ====> Recall@1: 0.7099
2020-01-10 16:31:53,649 ====> Recall@2: 0.7409
2020-01-10 16:31:53,649 ====> Recall@3: 0.7600
2020-01-10 16:31:53,650 ====> Recall@4: 0.7670
2020-01-10 16:31:53,650 ====> Recall@5: 0.7713
2020-01-10 16:31:53,650 ====> Recall@10: 0.7814
2020-01-10 16:31:53,650 ====> Recall@15: 0.7870
2020-01-10 16:31:53,650 ====> Recall@20: 0.7933
2020-01-10 16:31:53,651 ====> Recall@25: 0.8000
2020-01-10 16:31:54,049 ====> Building Cache
2020-01-10 16:31:54,049 feature cache--->>> /home/annora/NetVLAD/output/train_feat_cache1.hdf5
2020-01-10 16:33:26,268 Allocated:119.03369140625 MB
2020-01-10 16:33:26,269 Cached:4193.625 MB
2020-01-10 16:36:03,584 ==> Epoch[16](50/553): Loss: 0.2249
2020-01-10 16:36:03,585 Allocated:120.53369140625 MB
2020-01-10 16:36:03,585 Cached:8068.625 MB
2020-01-10 16:37:59,141 ==> Epoch[16](100/553): Loss: 0.2198
2020-01-10 16:37:59,143 Allocated:122.53369140625 MB
2020-01-10 16:37:59,143 Cached:8068.625 MB
2020-01-10 16:39:58,755 ==> Epoch[16](150/553): Loss: 0.2122
2020-01-10 16:39:58,756 Allocated:121.03369140625 MB
2020-01-10 16:39:58,757 Cached:8068.625 MB
2020-01-10 16:41:20,811 ====> Building Cache
2020-01-10 16:41:20,812 feature cache--->>> /home/annora/NetVLAD/output/train_feat_cache1.hdf5
2020-01-10 16:42:48,455 Allocated:120.533203125 MB
2020-01-10 16:42:48,455 Cached:2919.5 MB
2020-01-10 16:43:58,497 ==> Epoch[16](200/553): Loss: 0.2302
2020-01-10 16:43:58,499 Allocated:120.53369140625 MB
2020-01-10 16:43:58,499 Cached:6793.5 MB
2020-01-10 16:45:55,277 ==> Epoch[16](250/553): Loss: 0.2641
2020-01-10 16:45:55,278 Allocated:122.53369140625 MB
2020-01-10 16:45:55,278 Cached:6793.5 MB
2020-01-10 16:47:51,548 ==> Epoch[16](300/553): Loss: 0.2652
2020-01-10 16:47:51,549 Allocated:121.03369140625 MB
2020-01-10 16:47:51,549 Cached:6793.5 MB
2020-01-10 16:49:45,909 ==> Epoch[16](350/553): Loss: 0.2452
2020-01-10 16:49:45,910 Allocated:120.53369140625 MB
2020-01-10 16:49:45,911 Cached:6793.5 MB
2020-01-10 16:50:32,155 ====> Building Cache
2020-01-10 16:50:32,155 feature cache--->>> /home/annora/NetVLAD/output/train_feat_cache1.hdf5
2020-01-10 16:51:54,391 Allocated:122.533203125 MB
2020-01-10 16:51:54,391 Cached:2919.5 MB
2020-01-10 16:53:44,816 ==> Epoch[16](400/553): Loss: 0.2316
2020-01-10 16:53:44,817 Allocated:122.53369140625 MB
2020-01-10 16:53:44,818 Cached:6794.5 MB
2020-01-10 16:55:40,638 ==> Epoch[16](450/553): Loss: 0.2648
2020-01-10 16:55:40,639 Allocated:121.03369140625 MB
2020-01-10 16:55:40,640 Cached:6794.5 MB
2020-01-10 16:57:34,153 ==> Epoch[16](500/553): Loss: 0.2255
2020-01-10 16:57:34,154 Allocated:120.53369140625 MB
2020-01-10 16:57:34,154 Cached:6794.5 MB
2020-01-10 16:59:35,345 ==> Epoch[16](550/553): Loss: 0.2581
2020-01-10 16:59:35,347 Allocated:122.53369140625 MB
2020-01-10 16:59:35,347 Cached:6794.5 MB
2020-01-10 16:59:47,939 ===> Epoch 16 Complete: Avg. Loss: 0.2411
2020-01-10 16:59:47,941 ====> Extracting Features
2020-01-10 17:00:29,782 ==> Batch (50/108)
2020-01-10 17:00:55,750 ==> Batch (100/108)
2020-01-10 17:00:59,986 ====> Building faiss index
2020-01-10 17:00:59,987 ====> Calculating recall @ N
2020-01-10 17:01:00,458 ====> Recall@1: 0.7099
2020-01-10 17:01:00,459 ====> Recall@2: 0.7409
2020-01-10 17:01:00,459 ====> Recall@3: 0.7600
2020-01-10 17:01:00,460 ====> Recall@4: 0.7670
2020-01-10 17:01:00,460 ====> Recall@5: 0.7713
2020-01-10 17:01:00,460 ====> Recall@10: 0.7817
2020-01-10 17:01:00,461 ====> Recall@15: 0.7867
2020-01-10 17:01:00,461 ====> Recall@20: 0.7936
2020-01-10 17:01:00,461 ====> Recall@25: 0.8000
2020-01-10 17:01:00,837 Performance did not improve for 10 epochs. Stopping.
2020-01-10 17:01:00,838 => Best Recall@5: 0.7722
