2020-02-07 17:17:38,333 Namespace(arch='alexnet', batchSize=12, cacheBatchSize=96, cachePath='/home/annora/NetVLAD/output/', cacheRefreshRate=3000, ckpt='best', contilearn=True, dataPath='/home/annora/NetVLAD/output/data/', dataset='robotcar', evalEvery=1, fromscratch=False, fromtask='/home/annora/NetVLAD/output/runs/2020-02-05-12-03-25_alexnet_netvlad', lr=0.01, lrGamma=0.5, lrStep=5, margin=0.1, mode='train', momentum=0.9, nEpochs=30, nGPU=1, nocuda=False, num_clusters=64, optim='SGD', patience=10, pooling='netvlad', premodel='imagenet', resume='', runsPath='/home/annora/NetVLAD/output/runs/', savePath='checkpoints', seed=123, split='val', start_epoch=0, threads=8, vladv2=False, weightDecay=0.001)
2020-02-07 17:17:39,102 ===> Loading dataset(s)
2020-02-07 17:17:39,103 trainfile ------>>>>>> oxRobocar_single_train.mat
2020-02-07 17:17:41,867 ====> Training set: oxRobocar_single_train.mat, query set count: 6636
2020-02-07 17:17:41,972 ===> Evaluating on val set: oxRobocar_single_val.mat, query count: 3450
2020-02-07 17:17:41,972 ===> Building model
2020-02-07 17:17:42,023 encoder moder:
AlexNet(
  (conv1): Sequential(
    (0): Conv2d(3, 64, kernel_size=(11, 11), stride=(4, 4), padding=(2, 2))
    (1): ReLU(inplace)
    (2): MaxPool2d(kernel_size=3, stride=2, padding=0, dilation=1, ceil_mode=False)
  )
  (conv2): Sequential(
    (0): Conv2d(64, 192, kernel_size=(5, 5), stride=(1, 1), padding=(2, 2))
    (1): ReLU(inplace)
    (2): MaxPool2d(kernel_size=3, stride=2, padding=0, dilation=1, ceil_mode=False)
  )
  (conv3): Sequential(
    (0): Conv2d(192, 384, kernel_size=(3, 3), stride=(1, 1), padding=(1, 1))
    (1): ReLU(inplace)
  )
  (conv4): Sequential(
    (0): Conv2d(384, 256, kernel_size=(3, 3), stride=(1, 1), padding=(1, 1))
    (1): ReLU(inplace)
  )
  (conv5): Sequential(
    (0): Conv2d(256, 256, kernel_size=(3, 3), stride=(1, 1), padding=(1, 1))
  )
)
2020-02-07 17:17:47,493 => loading checkpoint '/home/annora/NetVLAD/output/runs/2020-02-05-12-03-25_alexnet_netvlad/checkpoints/model_best.pth.tar'
2020-02-07 17:17:47,825 => loaded checkpoint '/home/annora/NetVLAD/output/runs/2020-02-05-12-03-25_alexnet_netvlad/checkpoints/model_best.pth.tar' 
2020-02-07 17:17:47,825 ===> Training model
2020-02-07 17:17:47,828 ===> Saving state to: /home/annora/NetVLAD/output/runs/2020-02-07-17-17-47_alexnet_netvlad
2020-02-07 17:17:47,828 ====> Building Cache
2020-02-07 17:17:47,829 feature cache--->>> /home/annora/NetVLAD/output/train_feat_cache3.hdf5
2020-02-07 17:19:12,099 Allocated:99.47119140625 MB
2020-02-07 17:19:12,100 Cached:2865.375 MB
2020-02-07 17:22:08,726 ==> Epoch[1](50/553): Loss: 0.1052
2020-02-07 17:22:08,729 Allocated:121.28369140625 MB
2020-02-07 17:22:08,729 Cached:6757.375 MB
2020-02-07 17:24:20,326 ==> Epoch[1](100/553): Loss: 0.0665
2020-02-07 17:24:20,328 Allocated:121.53369140625 MB
2020-02-07 17:24:20,328 Cached:6757.375 MB
2020-02-07 17:26:28,579 ==> Epoch[1](150/553): Loss: 0.0452
2020-02-07 17:26:28,598 Allocated:122.28369140625 MB
2020-02-07 17:26:28,599 Cached:6757.375 MB
2020-02-07 17:28:06,358 ====> Building Cache
2020-02-07 17:28:06,360 feature cache--->>> /home/annora/NetVLAD/output/train_feat_cache3.hdf5
2020-02-07 17:29:30,379 Allocated:121.158203125 MB
2020-02-07 17:29:30,380 Cached:3389.25 MB
2020-02-07 17:30:54,270 ==> Epoch[1](200/553): Loss: 0.1829
2020-02-07 17:30:54,273 Allocated:121.65869140625 MB
2020-02-07 17:30:54,273 Cached:3586.25 MB
2020-02-07 17:32:59,422 ==> Epoch[1](250/553): Loss: 0.1563
2020-02-07 17:32:59,424 Allocated:121.28369140625 MB
2020-02-07 17:32:59,424 Cached:7202.875 MB
2020-02-07 17:35:10,926 ==> Epoch[1](300/553): Loss: 0.2547
2020-02-07 17:35:10,928 Allocated:121.40869140625 MB
2020-02-07 17:35:10,929 Cached:7202.875 MB
2020-02-07 17:37:20,809 ==> Epoch[1](350/553): Loss: 0.2759
2020-02-07 17:37:20,811 Allocated:121.53369140625 MB
2020-02-07 17:37:20,811 Cached:7202.875 MB
2020-02-07 17:38:10,813 ====> Building Cache
2020-02-07 17:38:10,814 feature cache--->>> /home/annora/NetVLAD/output/train_feat_cache3.hdf5
2020-02-07 17:39:26,786 Allocated:121.908203125 MB
2020-02-07 17:39:26,787 Cached:3561.625 MB
2020-02-07 17:41:19,865 ==> Epoch[1](400/553): Loss: 0.3015
2020-02-07 17:41:19,868 Allocated:121.15869140625 MB
2020-02-07 17:41:19,868 Cached:7450.625 MB
2020-02-07 17:43:16,140 ==> Epoch[1](450/553): Loss: 0.3032
2020-02-07 17:43:16,142 Allocated:121.90869140625 MB
2020-02-07 17:43:16,142 Cached:7450.625 MB
2020-02-07 17:45:11,528 ==> Epoch[1](500/553): Loss: 0.2933
2020-02-07 17:45:11,531 Allocated:121.90869140625 MB
2020-02-07 17:45:11,531 Cached:7450.625 MB
2020-02-07 17:47:07,380 ==> Epoch[1](550/553): Loss: 0.1742
2020-02-07 17:47:07,381 Allocated:121.15869140625 MB
2020-02-07 17:47:07,382 Cached:7450.625 MB
2020-02-07 17:47:18,392 ===> Epoch 1 Complete: Avg. Loss: 0.2042
2020-02-07 17:47:18,394 ====> Extracting Features
2020-02-07 17:47:51,726 ==> Batch (50/108)
2020-02-07 17:48:11,836 ==> Batch (100/108)
2020-02-07 17:48:16,124 ====> Building faiss index
2020-02-07 17:48:16,452 ====> Calculating recall @ N
2020-02-07 17:48:24,863 ====> Recall@1: 0.3188
2020-02-07 17:48:24,864 ====> Recall@2: 0.3762
2020-02-07 17:48:24,865 ====> Recall@3: 0.4093
2020-02-07 17:48:24,865 ====> Recall@4: 0.4304
2020-02-07 17:48:24,865 ====> Recall@5: 0.4464
2020-02-07 17:48:24,865 ====> Recall@10: 0.5203
2020-02-07 17:48:24,866 ====> Recall@15: 0.5875
2020-02-07 17:48:24,866 ====> Recall@20: 0.6119
2020-02-07 17:48:24,866 ====> Recall@25: 0.6275
2020-02-07 17:48:25,181 ====> Building Cache
2020-02-07 17:48:25,182 feature cache--->>> /home/annora/NetVLAD/output/train_feat_cache3.hdf5
2020-02-07 17:49:41,240 Allocated:120.03369140625 MB
2020-02-07 17:49:41,240 Cached:4150.875 MB
2020-02-07 17:52:22,187 ==> Epoch[2](50/553): Loss: 0.2177
2020-02-07 17:52:22,190 Allocated:121.28369140625 MB
2020-02-07 17:52:22,191 Cached:8039.875 MB
2020-02-07 17:54:27,972 ==> Epoch[2](100/553): Loss: 0.2384
2020-02-07 17:54:27,975 Allocated:121.28369140625 MB
2020-02-07 17:54:27,976 Cached:8039.875 MB
2020-02-07 17:56:31,072 ==> Epoch[2](150/553): Loss: 0.1208
2020-02-07 17:56:31,074 Allocated:121.28369140625 MB
2020-02-07 17:56:31,075 Cached:8039.875 MB
2020-02-07 17:57:52,281 ====> Building Cache
2020-02-07 17:57:52,282 feature cache--->>> /home/annora/NetVLAD/output/train_feat_cache3.hdf5
2020-02-07 17:59:07,832 Allocated:121.158203125 MB
2020-02-07 17:59:07,833 Cached:3814.25 MB
2020-02-07 18:00:30,885 ==> Epoch[2](200/553): Loss: 0.2837
2020-02-07 18:00:30,887 Allocated:121.90869140625 MB
2020-02-07 18:00:30,888 Cached:7703.25 MB
2020-02-07 18:02:42,983 ==> Epoch[2](250/553): Loss: 0.1268
2020-02-07 18:02:42,985 Allocated:121.65869140625 MB
2020-02-07 18:02:42,985 Cached:7703.25 MB
2020-02-07 18:04:51,629 ==> Epoch[2](300/553): Loss: 0.2143
2020-02-07 18:04:51,632 Allocated:121.65869140625 MB
2020-02-07 18:04:51,632 Cached:7703.25 MB
2020-02-07 18:06:56,215 ==> Epoch[2](350/553): Loss: 0.2133
2020-02-07 18:06:56,217 Allocated:121.65869140625 MB
2020-02-07 18:06:56,217 Cached:7703.25 MB
2020-02-07 18:07:41,290 ====> Building Cache
2020-02-07 18:07:41,291 feature cache--->>> /home/annora/NetVLAD/output/train_feat_cache3.hdf5
2020-02-07 18:08:59,197 Allocated:121.158203125 MB
2020-02-07 18:08:59,198 Cached:3561.625 MB
2020-02-07 18:10:52,577 ==> Epoch[2](400/553): Loss: 0.3052
2020-02-07 18:10:52,579 Allocated:122.65869140625 MB
2020-02-07 18:10:52,579 Cached:7450.625 MB
2020-02-07 18:12:59,091 ==> Epoch[2](450/553): Loss: 0.2423
2020-02-07 18:12:59,096 Allocated:121.15869140625 MB
2020-02-07 18:12:59,096 Cached:7450.625 MB
2020-02-07 18:14:56,146 ==> Epoch[2](500/553): Loss: 0.2038
2020-02-07 18:14:56,148 Allocated:122.28369140625 MB
2020-02-07 18:14:56,148 Cached:7450.625 MB
2020-02-07 18:16:52,008 ==> Epoch[2](550/553): Loss: 0.1689
2020-02-07 18:16:52,010 Allocated:121.90869140625 MB
2020-02-07 18:16:52,010 Cached:7450.625 MB
2020-02-07 18:17:03,913 ===> Epoch 2 Complete: Avg. Loss: 0.2154
2020-02-07 18:17:03,915 ====> Extracting Features
2020-02-07 18:17:42,437 ==> Batch (50/108)
2020-02-07 18:18:02,875 ==> Batch (100/108)
2020-02-07 18:18:07,679 ====> Building faiss index
2020-02-07 18:18:08,023 ====> Calculating recall @ N
2020-02-07 18:18:10,499 ====> Recall@1: 0.2930
2020-02-07 18:18:10,500 ====> Recall@2: 0.3548
2020-02-07 18:18:10,501 ====> Recall@3: 0.3887
2020-02-07 18:18:10,501 ====> Recall@4: 0.4090
2020-02-07 18:18:10,501 ====> Recall@5: 0.4322
2020-02-07 18:18:10,501 ====> Recall@10: 0.4962
2020-02-07 18:18:10,502 ====> Recall@15: 0.5362
2020-02-07 18:18:10,502 ====> Recall@20: 0.5745
2020-02-07 18:18:10,502 ====> Recall@25: 0.6026
2020-02-07 18:18:10,951 ====> Building Cache
2020-02-07 18:18:10,952 feature cache--->>> /home/annora/NetVLAD/output/train_feat_cache3.hdf5
2020-02-07 18:19:30,423 Allocated:120.03369140625 MB
2020-02-07 18:19:30,424 Cached:4150.875 MB
2020-02-07 18:22:25,357 ==> Epoch[3](50/553): Loss: 0.1962
2020-02-07 18:22:25,361 Allocated:121.28369140625 MB
2020-02-07 18:22:25,361 Cached:8039.875 MB
2020-02-07 18:24:33,843 ==> Epoch[3](100/553): Loss: 0.1202
2020-02-07 18:24:33,845 Allocated:121.28369140625 MB
2020-02-07 18:24:33,846 Cached:8039.875 MB
2020-02-07 18:26:28,173 ==> Epoch[3](150/553): Loss: 0.0899
2020-02-07 18:26:28,177 Allocated:121.65869140625 MB
2020-02-07 18:26:28,177 Cached:8039.875 MB
2020-02-07 18:27:47,032 ====> Building Cache
2020-02-07 18:27:47,033 feature cache--->>> /home/annora/NetVLAD/output/train_feat_cache3.hdf5
2020-02-07 18:29:06,099 Allocated:122.033203125 MB
2020-02-07 18:29:06,100 Cached:3389.25 MB
2020-02-07 18:30:32,146 ==> Epoch[3](200/553): Loss: 0.2936
2020-02-07 18:30:32,149 Allocated:122.78369140625 MB
2020-02-07 18:30:32,149 Cached:9740.0 MB
2020-02-07 18:32:41,504 ==> Epoch[3](250/553): Loss: 0.1735
2020-02-07 18:32:41,507 Allocated:121.28369140625 MB
2020-02-07 18:32:41,507 Cached:6664.25 MB
2020-02-07 18:34:53,496 ==> Epoch[3](300/553): Loss: 0.1089
2020-02-07 18:34:53,499 Allocated:121.15869140625 MB
2020-02-07 18:34:53,499 Cached:6664.25 MB
2020-02-07 18:36:53,394 ==> Epoch[3](350/553): Loss: 0.1163
2020-02-07 18:36:53,397 Allocated:121.53369140625 MB
2020-02-07 18:36:53,397 Cached:6664.25 MB
2020-02-07 18:37:39,774 ====> Building Cache
2020-02-07 18:37:39,775 feature cache--->>> /home/annora/NetVLAD/output/train_feat_cache3.hdf5
2020-02-07 18:39:00,368 Allocated:121.158203125 MB
2020-02-07 18:39:00,369 Cached:3388.25 MB
2020-02-07 18:41:04,630 ==> Epoch[3](400/553): Loss: 0.2161
2020-02-07 18:41:04,632 Allocated:121.90869140625 MB
2020-02-07 18:41:04,632 Cached:8669.875 MB
2020-02-07 18:43:05,194 ==> Epoch[3](450/553): Loss: 0.0923
2020-02-07 18:43:05,196 Allocated:121.78369140625 MB
2020-02-07 18:43:05,196 Cached:8669.875 MB
2020-02-07 18:45:06,570 ==> Epoch[3](500/553): Loss: 0.1051
2020-02-07 18:45:06,572 Allocated:122.03369140625 MB
2020-02-07 18:45:06,572 Cached:8669.875 MB
2020-02-07 18:47:09,427 ==> Epoch[3](550/553): Loss: 0.1119
2020-02-07 18:47:09,429 Allocated:122.03369140625 MB
2020-02-07 18:47:09,429 Cached:8669.875 MB
2020-02-07 18:47:20,792 ===> Epoch 3 Complete: Avg. Loss: 0.1419
2020-02-07 18:47:20,793 ====> Extracting Features
2020-02-07 18:47:58,938 ==> Batch (50/108)
2020-02-07 18:48:24,181 ==> Batch (100/108)
2020-02-07 18:48:29,849 ====> Building faiss index
2020-02-07 18:48:30,227 ====> Calculating recall @ N
2020-02-07 18:48:35,248 ====> Recall@1: 0.3081
2020-02-07 18:48:35,249 ====> Recall@2: 0.3577
2020-02-07 18:48:35,250 ====> Recall@3: 0.3878
2020-02-07 18:48:35,250 ====> Recall@4: 0.4101
2020-02-07 18:48:35,250 ====> Recall@5: 0.4252
2020-02-07 18:48:35,251 ====> Recall@10: 0.4881
2020-02-07 18:48:35,251 ====> Recall@15: 0.5345
2020-02-07 18:48:35,251 ====> Recall@20: 0.5626
2020-02-07 18:48:35,251 ====> Recall@25: 0.5794
2020-02-07 18:48:35,832 ====> Building Cache
2020-02-07 18:48:35,833 feature cache--->>> /home/annora/NetVLAD/output/train_feat_cache3.hdf5
2020-02-07 18:50:04,069 Allocated:119.90869140625 MB
2020-02-07 18:50:04,069 Cached:4197.125 MB
2020-02-07 18:52:54,332 ==> Epoch[4](50/553): Loss: 0.0622
2020-02-07 18:52:54,336 Allocated:121.15869140625 MB
2020-02-07 18:52:54,337 Cached:9335.875 MB
2020-02-07 18:54:57,367 ==> Epoch[4](100/553): Loss: 0.0854
2020-02-07 18:54:57,371 Allocated:121.90869140625 MB
2020-02-07 18:54:57,371 Cached:9335.875 MB
2020-02-07 18:57:00,404 ==> Epoch[4](150/553): Loss: 0.0673
2020-02-07 18:57:00,408 Allocated:121.90869140625 MB
2020-02-07 18:57:00,408 Cached:9335.875 MB
2020-02-07 18:58:28,718 ====> Building Cache
2020-02-07 18:58:28,719 feature cache--->>> /home/annora/NetVLAD/output/train_feat_cache3.hdf5
2020-02-07 18:59:52,104 Allocated:121.408203125 MB
2020-02-07 18:59:52,104 Cached:2989.125 MB
2020-02-07 19:01:11,864 ==> Epoch[4](200/553): Loss: 0.0554
2020-02-07 19:01:11,868 Allocated:121.15869140625 MB
2020-02-07 19:01:11,868 Cached:8127.875 MB
2020-02-07 19:03:11,601 ==> Epoch[4](250/553): Loss: 0.1241
2020-02-07 19:03:11,603 Allocated:121.15869140625 MB
2020-02-07 19:03:11,603 Cached:8127.875 MB
2020-02-07 19:05:14,757 ==> Epoch[4](300/553): Loss: 0.1363
2020-02-07 19:05:14,760 Allocated:122.03369140625 MB
2020-02-07 19:05:14,760 Cached:8127.875 MB
2020-02-07 19:07:17,556 ==> Epoch[4](350/553): Loss: 0.0663
2020-02-07 19:07:17,558 Allocated:122.28369140625 MB
2020-02-07 19:07:17,559 Cached:8127.875 MB
2020-02-07 19:08:05,970 ====> Building Cache
2020-02-07 19:08:05,970 feature cache--->>> /home/annora/NetVLAD/output/train_feat_cache3.hdf5
2020-02-07 19:09:25,814 Allocated:122.408203125 MB
2020-02-07 19:09:25,814 Cached:3397.25 MB
2020-02-07 19:11:22,043 ==> Epoch[4](400/553): Loss: 0.1569
2020-02-07 19:11:22,045 Allocated:123.28369140625 MB
2020-02-07 19:11:22,046 Cached:8524.25 MB
2020-02-07 19:13:24,582 ==> Epoch[4](450/553): Loss: 0.1156
2020-02-07 19:13:24,585 Allocated:121.90869140625 MB
2020-02-07 19:13:24,586 Cached:8524.25 MB
2020-02-07 19:15:27,258 ==> Epoch[4](500/553): Loss: 0.0864
2020-02-07 19:15:27,261 Allocated:121.28369140625 MB
2020-02-07 19:15:27,261 Cached:8524.25 MB
2020-02-07 19:17:33,803 ==> Epoch[4](550/553): Loss: 0.1884
2020-02-07 19:17:33,806 Allocated:121.65869140625 MB
2020-02-07 19:17:33,806 Cached:8524.25 MB
2020-02-07 19:17:48,135 ===> Epoch 4 Complete: Avg. Loss: 0.1304
2020-02-07 19:17:48,138 ====> Extracting Features
2020-02-07 19:18:23,790 ==> Batch (50/108)
2020-02-07 19:18:45,362 ==> Batch (100/108)
2020-02-07 19:18:50,148 ====> Building faiss index
2020-02-07 19:18:50,513 ====> Calculating recall @ N
2020-02-07 19:18:53,022 ====> Recall@1: 0.3217
2020-02-07 19:18:53,023 ====> Recall@2: 0.3643
2020-02-07 19:18:53,024 ====> Recall@3: 0.3887
2020-02-07 19:18:53,024 ====> Recall@4: 0.4061
2020-02-07 19:18:53,025 ====> Recall@5: 0.4206
2020-02-07 19:18:53,025 ====> Recall@10: 0.4725
2020-02-07 19:18:53,025 ====> Recall@15: 0.5403
2020-02-07 19:18:53,025 ====> Recall@20: 0.5719
2020-02-07 19:18:53,025 ====> Recall@25: 0.5916
2020-02-07 19:18:53,462 ====> Building Cache
2020-02-07 19:18:53,462 feature cache--->>> /home/annora/NetVLAD/output/train_feat_cache3.hdf5
2020-02-07 19:20:13,699 Allocated:119.65869140625 MB
2020-02-07 19:20:13,700 Cached:4313.875 MB
2020-02-07 19:23:09,861 ==> Epoch[5](50/553): Loss: 0.1008
2020-02-07 19:23:09,864 Allocated:121.53369140625 MB
2020-02-07 19:23:09,864 Cached:8202.875 MB
2020-02-07 19:25:24,752 ==> Epoch[5](100/553): Loss: 0.1018
2020-02-07 19:25:24,755 Allocated:121.53369140625 MB
2020-02-07 19:25:24,756 Cached:8202.875 MB
2020-02-07 19:27:33,664 ==> Epoch[5](150/553): Loss: 0.0901
2020-02-07 19:27:33,667 Allocated:122.28369140625 MB
2020-02-07 19:27:33,667 Cached:8202.875 MB
2020-02-07 19:28:59,360 ====> Building Cache
2020-02-07 19:28:59,361 feature cache--->>> /home/annora/NetVLAD/output/train_feat_cache3.hdf5
2020-02-07 19:30:19,315 Allocated:122.033203125 MB
2020-02-07 19:30:19,316 Cached:3398.25 MB
2020-02-07 19:31:42,532 ==> Epoch[5](200/553): Loss: 0.1450
2020-02-07 19:31:42,536 Allocated:121.15869140625 MB
2020-02-07 19:31:42,537 Cached:7084.875 MB
2020-02-07 19:33:45,831 ==> Epoch[5](250/553): Loss: 0.1615
2020-02-07 19:33:45,833 Allocated:122.03369140625 MB
2020-02-07 19:33:45,834 Cached:3842.0 MB
2020-02-07 19:35:48,864 ==> Epoch[5](300/553): Loss: 0.1681
2020-02-07 19:35:48,866 Allocated:122.15869140625 MB
2020-02-07 19:35:48,867 Cached:3842.0 MB
2020-02-07 19:37:48,379 ==> Epoch[5](350/553): Loss: 0.0757
2020-02-07 19:37:48,383 Allocated:122.53369140625 MB
2020-02-07 19:37:48,384 Cached:3842.0 MB
2020-02-07 19:38:34,600 ====> Building Cache
2020-02-07 19:38:34,601 feature cache--->>> /home/annora/NetVLAD/output/train_feat_cache3.hdf5
2020-02-07 19:39:56,706 Allocated:121.658203125 MB
2020-02-07 19:39:56,707 Cached:3429.75 MB
2020-02-07 19:41:58,305 ==> Epoch[5](400/553): Loss: 0.1329
2020-02-07 19:41:58,309 Allocated:122.03369140625 MB
2020-02-07 19:41:58,309 Cached:3595.25 MB
2020-02-07 19:44:13,965 ==> Epoch[5](450/553): Loss: 0.1101
2020-02-07 19:44:13,968 Allocated:122.03369140625 MB
2020-02-07 19:44:13,968 Cached:7211.875 MB
2020-02-07 19:46:18,975 ==> Epoch[5](500/553): Loss: 0.1436
2020-02-07 19:46:18,979 Allocated:122.40869140625 MB
2020-02-07 19:46:18,979 Cached:7211.875 MB
2020-02-07 19:48:20,900 ==> Epoch[5](550/553): Loss: 0.1486
2020-02-07 19:48:20,903 Allocated:121.28369140625 MB
2020-02-07 19:48:20,903 Cached:7211.875 MB
2020-02-07 19:48:32,726 ===> Epoch 5 Complete: Avg. Loss: 0.1262
2020-02-07 19:48:32,728 ====> Extracting Features
2020-02-07 19:49:07,169 ==> Batch (50/108)
2020-02-07 19:49:29,379 ==> Batch (100/108)
2020-02-07 19:49:33,845 ====> Building faiss index
2020-02-07 19:49:34,205 ====> Calculating recall @ N
2020-02-07 19:49:36,776 ====> Recall@1: 0.3310
2020-02-07 19:49:36,777 ====> Recall@2: 0.3954
2020-02-07 19:49:36,778 ====> Recall@3: 0.4249
2020-02-07 19:49:36,778 ====> Recall@4: 0.4423
2020-02-07 19:49:36,778 ====> Recall@5: 0.4600
2020-02-07 19:49:36,778 ====> Recall@10: 0.5072
2020-02-07 19:49:36,779 ====> Recall@15: 0.5449
2020-02-07 19:49:36,779 ====> Recall@20: 0.5774
2020-02-07 19:49:36,779 ====> Recall@25: 0.5948
2020-02-07 19:49:37,575 ====> Building Cache
2020-02-07 19:49:37,576 feature cache--->>> /home/annora/NetVLAD/output/train_feat_cache3.hdf5
2020-02-07 19:50:58,178 Allocated:119.15869140625 MB
2020-02-07 19:50:58,178 Cached:4158.875 MB
2020-02-07 19:53:46,894 ==> Epoch[6](50/553): Loss: 0.0715
2020-02-07 19:53:46,897 Allocated:121.28369140625 MB
2020-02-07 19:53:46,897 Cached:9298.625 MB
2020-02-07 19:55:51,525 ==> Epoch[6](100/553): Loss: 0.1245
2020-02-07 19:55:51,528 Allocated:121.40869140625 MB
2020-02-07 19:55:51,528 Cached:9298.625 MB
2020-02-07 19:57:53,879 ==> Epoch[6](150/553): Loss: 0.0756
2020-02-07 19:57:53,882 Allocated:121.28369140625 MB
2020-02-07 19:57:53,882 Cached:9298.625 MB
2020-02-07 19:59:17,625 ====> Building Cache
2020-02-07 19:59:17,626 feature cache--->>> /home/annora/NetVLAD/output/train_feat_cache3.hdf5
2020-02-07 20:00:37,588 Allocated:121.908203125 MB
2020-02-07 20:00:37,589 Cached:3398.25 MB
2020-02-07 20:01:53,852 ==> Epoch[6](200/553): Loss: 0.0793
2020-02-07 20:01:53,854 Allocated:121.90869140625 MB
2020-02-07 20:01:53,855 Cached:6888.5 MB
2020-02-07 20:03:56,982 ==> Epoch[6](250/553): Loss: 0.1726
2020-02-07 20:03:56,984 Allocated:122.03369140625 MB
2020-02-07 20:03:56,985 Cached:8120.125 MB
2020-02-07 20:05:52,720 ==> Epoch[6](300/553): Loss: 0.1441
2020-02-07 20:05:52,721 Allocated:121.78369140625 MB
2020-02-07 20:05:52,722 Cached:9370.875 MB
2020-02-07 20:07:53,771 ==> Epoch[6](350/553): Loss: 0.1123
2020-02-07 20:07:53,776 Allocated:122.28369140625 MB
2020-02-07 20:07:53,776 Cached:9370.875 MB
2020-02-07 20:08:40,528 ====> Building Cache
2020-02-07 20:08:40,529 feature cache--->>> /home/annora/NetVLAD/output/train_feat_cache3.hdf5
2020-02-07 20:10:07,133 Allocated:121.283203125 MB
2020-02-07 20:10:07,133 Cached:3398.25 MB
2020-02-07 20:12:16,175 ==> Epoch[6](400/553): Loss: 0.1768
2020-02-07 20:12:16,177 Allocated:122.03369140625 MB
2020-02-07 20:12:16,177 Cached:7287.25 MB
2020-02-07 20:14:17,539 ==> Epoch[6](450/553): Loss: 0.1234
2020-02-07 20:14:17,544 Allocated:122.03369140625 MB
2020-02-07 20:14:17,544 Cached:7287.25 MB
2020-02-07 20:16:22,170 ==> Epoch[6](500/553): Loss: 0.1036
2020-02-07 20:16:22,172 Allocated:121.65869140625 MB
2020-02-07 20:16:22,172 Cached:7287.25 MB
2020-02-07 20:18:30,096 ==> Epoch[6](550/553): Loss: 0.0970
2020-02-07 20:18:30,097 Allocated:122.03369140625 MB
2020-02-07 20:18:30,098 Cached:7287.25 MB
2020-02-07 20:18:42,347 ===> Epoch 6 Complete: Avg. Loss: 0.1288
2020-02-07 20:18:42,348 ====> Extracting Features
2020-02-07 20:19:16,290 ==> Batch (50/108)
2020-02-07 20:19:40,692 ==> Batch (100/108)
2020-02-07 20:19:45,402 ====> Building faiss index
2020-02-07 20:19:45,769 ====> Calculating recall @ N
2020-02-07 20:19:48,386 ====> Recall@1: 0.2643
2020-02-07 20:19:48,387 ====> Recall@2: 0.3157
2020-02-07 20:19:48,388 ====> Recall@3: 0.3513
2020-02-07 20:19:48,388 ====> Recall@4: 0.3710
2020-02-07 20:19:48,388 ====> Recall@5: 0.4003
2020-02-07 20:19:48,388 ====> Recall@10: 0.4971
2020-02-07 20:19:48,389 ====> Recall@15: 0.5452
2020-02-07 20:19:48,389 ====> Recall@20: 0.5690
2020-02-07 20:19:48,389 ====> Recall@25: 0.5942
2020-02-07 20:19:48,856 ====> Building Cache
2020-02-07 20:19:48,857 feature cache--->>> /home/annora/NetVLAD/output/train_feat_cache3.hdf5
2020-02-07 20:21:14,102 Allocated:119.90869140625 MB
2020-02-07 20:21:14,103 Cached:4159.875 MB
2020-02-07 20:24:05,666 ==> Epoch[7](50/553): Loss: 0.0494
2020-02-07 20:24:05,669 Allocated:121.90869140625 MB
2020-02-07 20:24:05,670 Cached:7881.75 MB
2020-02-07 20:26:08,336 ==> Epoch[7](100/553): Loss: 0.0553
2020-02-07 20:26:08,339 Allocated:121.15869140625 MB
2020-02-07 20:26:08,339 Cached:7881.75 MB
2020-02-07 20:28:09,102 ==> Epoch[7](150/553): Loss: 0.0480
2020-02-07 20:28:09,104 Allocated:121.28369140625 MB
2020-02-07 20:28:09,105 Cached:7881.75 MB
2020-02-07 20:29:31,573 ====> Building Cache
2020-02-07 20:29:31,573 feature cache--->>> /home/annora/NetVLAD/output/train_feat_cache3.hdf5
2020-02-07 20:30:53,254 Allocated:122.283203125 MB
2020-02-07 20:30:53,255 Cached:2834.75 MB
2020-02-07 20:32:12,152 ==> Epoch[7](200/553): Loss: 0.1619
2020-02-07 20:32:12,154 Allocated:122.03369140625 MB
2020-02-07 20:32:12,154 Cached:6141.125 MB
2020-02-07 20:34:14,926 ==> Epoch[7](250/553): Loss: 0.1977
2020-02-07 20:34:14,928 Allocated:121.15869140625 MB
2020-02-07 20:34:14,928 Cached:7356.75 MB
2020-02-07 20:36:13,607 ==> Epoch[7](300/553): Loss: 0.2275
2020-02-07 20:36:13,610 Allocated:121.28369140625 MB
2020-02-07 20:36:13,610 Cached:8575.625 MB
2020-02-07 20:38:11,672 ==> Epoch[7](350/553): Loss: 0.1642
2020-02-07 20:38:11,674 Allocated:121.90869140625 MB
2020-02-07 20:38:11,675 Cached:8575.625 MB
2020-02-07 20:38:56,147 ====> Building Cache
2020-02-07 20:38:56,147 feature cache--->>> /home/annora/NetVLAD/output/train_feat_cache3.hdf5
2020-02-07 20:40:19,430 Allocated:121.908203125 MB
2020-02-07 20:40:19,431 Cached:3398.25 MB
2020-02-07 20:42:21,676 ==> Epoch[7](400/553): Loss: 0.2153
2020-02-07 20:42:21,680 Allocated:121.90869140625 MB
2020-02-07 20:42:21,680 Cached:7287.25 MB
2020-02-07 20:44:22,417 ==> Epoch[7](450/553): Loss: 0.1249
2020-02-07 20:44:22,421 Allocated:121.90869140625 MB
2020-02-07 20:44:22,421 Cached:7287.25 MB
2020-02-07 20:46:26,629 ==> Epoch[7](500/553): Loss: 0.0845
2020-02-07 20:46:26,632 Allocated:122.28369140625 MB
2020-02-07 20:46:26,632 Cached:7287.25 MB
2020-02-07 20:48:30,934 ==> Epoch[7](550/553): Loss: 0.0897
2020-02-07 20:48:30,937 Allocated:122.15869140625 MB
2020-02-07 20:48:30,938 Cached:7287.25 MB
2020-02-07 20:48:43,876 ===> Epoch 7 Complete: Avg. Loss: 0.1164
2020-02-07 20:48:43,880 ====> Extracting Features
2020-02-07 20:49:22,395 ==> Batch (50/108)
2020-02-07 20:49:46,003 ==> Batch (100/108)
2020-02-07 20:49:50,149 ====> Building faiss index
2020-02-07 20:49:50,489 ====> Calculating recall @ N
2020-02-07 20:49:52,938 ====> Recall@1: 0.2907
2020-02-07 20:49:52,938 ====> Recall@2: 0.3362
2020-02-07 20:49:52,939 ====> Recall@3: 0.3603
2020-02-07 20:49:52,939 ====> Recall@4: 0.3864
2020-02-07 20:49:52,939 ====> Recall@5: 0.4087
2020-02-07 20:49:52,939 ====> Recall@10: 0.4835
2020-02-07 20:49:52,940 ====> Recall@15: 0.5296
2020-02-07 20:49:52,940 ====> Recall@20: 0.5577
2020-02-07 20:49:52,940 ====> Recall@25: 0.5733
2020-02-07 20:49:53,368 ====> Building Cache
2020-02-07 20:49:53,368 feature cache--->>> /home/annora/NetVLAD/output/train_feat_cache3.hdf5
2020-02-07 20:51:10,303 Allocated:119.15869140625 MB
2020-02-07 20:51:10,304 Cached:4158.875 MB
2020-02-07 20:53:48,609 ==> Epoch[8](50/553): Loss: 0.0961
2020-02-07 20:53:48,612 Allocated:121.78369140625 MB
2020-02-07 20:53:48,612 Cached:8195.25 MB
2020-02-07 20:55:46,879 ==> Epoch[8](100/553): Loss: 0.0245
2020-02-07 20:55:46,882 Allocated:122.03369140625 MB
2020-02-07 20:55:46,883 Cached:3981.625 MB
2020-02-07 20:57:42,454 ==> Epoch[8](150/553): Loss: 0.0828
2020-02-07 20:57:42,456 Allocated:121.90869140625 MB
2020-02-07 20:57:42,456 Cached:3982.625 MB
2020-02-07 20:59:05,769 ====> Building Cache
2020-02-07 20:59:05,770 feature cache--->>> /home/annora/NetVLAD/output/train_feat_cache3.hdf5
2020-02-07 21:00:22,237 Allocated:122.408203125 MB
2020-02-07 21:00:22,238 Cached:2839.125 MB
2020-02-07 21:01:35,868 ==> Epoch[8](200/553): Loss: 0.1783
2020-02-07 21:01:35,870 Allocated:122.28369140625 MB
2020-02-07 21:01:35,870 Cached:5275.0 MB
2020-02-07 21:03:30,990 ==> Epoch[8](250/553): Loss: 0.2913
2020-02-07 21:03:30,993 Allocated:121.90869140625 MB
2020-02-07 21:03:30,993 Cached:7812.625 MB
2020-02-07 21:05:29,793 ==> Epoch[8](300/553): Loss: 0.2357
2020-02-07 21:05:29,795 Allocated:121.28369140625 MB
2020-02-07 21:05:29,795 Cached:7812.625 MB
2020-02-07 21:07:36,001 ==> Epoch[8](350/553): Loss: 0.1711
2020-02-07 21:07:36,004 Allocated:122.03369140625 MB
2020-02-07 21:07:36,004 Cached:7812.625 MB
2020-02-07 21:08:18,466 ====> Building Cache
2020-02-07 21:08:18,467 feature cache--->>> /home/annora/NetVLAD/output/train_feat_cache3.hdf5
2020-02-07 21:09:34,143 Allocated:123.033203125 MB
2020-02-07 21:09:34,144 Cached:3597.75 MB
2020-02-07 21:11:44,609 ==> Epoch[8](400/553): Loss: 0.1782
2020-02-07 21:11:44,612 Allocated:122.03369140625 MB
2020-02-07 21:11:44,612 Cached:7486.75 MB
2020-02-07 21:13:48,987 ==> Epoch[8](450/553): Loss: 0.1626
2020-02-07 21:13:48,990 Allocated:122.03369140625 MB
2020-02-07 21:13:48,991 Cached:7486.75 MB
2020-02-07 21:16:03,324 ==> Epoch[8](500/553): Loss: 0.0823
2020-02-07 21:16:03,327 Allocated:122.65869140625 MB
2020-02-07 21:16:03,327 Cached:7486.75 MB
2020-02-07 21:18:05,773 ==> Epoch[8](550/553): Loss: 0.0910
2020-02-07 21:18:05,776 Allocated:121.90869140625 MB
2020-02-07 21:18:05,777 Cached:7486.75 MB
2020-02-07 21:18:16,698 ===> Epoch 8 Complete: Avg. Loss: 0.1346
2020-02-07 21:18:16,700 ====> Extracting Features
2020-02-07 21:18:50,150 ==> Batch (50/108)
2020-02-07 21:19:11,814 ==> Batch (100/108)
2020-02-07 21:19:16,634 ====> Building faiss index
2020-02-07 21:19:16,978 ====> Calculating recall @ N
2020-02-07 21:19:19,841 ====> Recall@1: 0.2481
2020-02-07 21:19:19,842 ====> Recall@2: 0.2896
2020-02-07 21:19:19,843 ====> Recall@3: 0.3174
2020-02-07 21:19:19,843 ====> Recall@4: 0.3371
2020-02-07 21:19:19,843 ====> Recall@5: 0.3559
2020-02-07 21:19:19,843 ====> Recall@10: 0.4122
2020-02-07 21:19:19,843 ====> Recall@15: 0.4533
2020-02-07 21:19:19,844 ====> Recall@20: 0.4843
2020-02-07 21:19:19,844 ====> Recall@25: 0.5154
2020-02-07 21:19:20,291 ====> Building Cache
2020-02-07 21:19:20,292 feature cache--->>> /home/annora/NetVLAD/output/train_feat_cache3.hdf5
2020-02-07 21:20:40,811 Allocated:119.65869140625 MB
2020-02-07 21:20:40,812 Cached:4150.875 MB
2020-02-07 21:23:35,904 ==> Epoch[9](50/553): Loss: 0.0660
2020-02-07 21:23:35,907 Allocated:121.15869140625 MB
2020-02-07 21:23:35,908 Cached:9328.75 MB
2020-02-07 21:25:39,047 ==> Epoch[9](100/553): Loss: 0.0713
2020-02-07 21:25:39,050 Allocated:121.28369140625 MB
2020-02-07 21:25:39,050 Cached:9328.75 MB
2020-02-07 21:27:42,871 ==> Epoch[9](150/553): Loss: 0.1335
2020-02-07 21:27:42,874 Allocated:123.40869140625 MB
2020-02-07 21:27:42,874 Cached:9328.75 MB
2020-02-07 21:29:08,378 ====> Building Cache
2020-02-07 21:29:08,379 feature cache--->>> /home/annora/NetVLAD/output/train_feat_cache3.hdf5
2020-02-07 21:30:29,242 Allocated:121.658203125 MB
2020-02-07 21:30:29,243 Cached:3559.125 MB
2020-02-07 21:31:52,320 ==> Epoch[9](200/553): Loss: 0.1049
2020-02-07 21:31:52,322 Allocated:121.15869140625 MB
2020-02-07 21:31:52,323 Cached:7148.125 MB
2020-02-07 21:33:50,566 ==> Epoch[9](250/553): Loss: 0.2530
2020-02-07 21:33:50,569 Allocated:121.28369140625 MB
2020-02-07 21:33:50,569 Cached:9619.875 MB
2020-02-07 21:35:50,259 ==> Epoch[9](300/553): Loss: 0.0896
2020-02-07 21:35:50,261 Allocated:122.40869140625 MB
2020-02-07 21:35:50,262 Cached:5614.125 MB
2020-02-07 21:37:56,577 ==> Epoch[9](350/553): Loss: 0.1536
2020-02-07 21:37:56,580 Allocated:122.65869140625 MB
2020-02-07 21:37:56,581 Cached:5614.125 MB
2020-02-07 21:38:40,979 ====> Building Cache
2020-02-07 21:38:40,980 feature cache--->>> /home/annora/NetVLAD/output/train_feat_cache3.hdf5
2020-02-07 21:40:03,443 Allocated:122.408203125 MB
2020-02-07 21:40:03,444 Cached:3397.75 MB
2020-02-07 21:42:07,133 ==> Epoch[9](400/553): Loss: 0.1901
2020-02-07 21:42:07,134 Allocated:121.90869140625 MB
2020-02-07 21:42:07,134 Cached:4435.625 MB
2020-02-07 21:44:14,345 ==> Epoch[9](450/553): Loss: 0.1098
2020-02-07 21:44:14,349 Allocated:122.28369140625 MB
2020-02-07 21:44:14,349 Cached:4435.625 MB
2020-02-07 21:46:28,301 ==> Epoch[9](500/553): Loss: 0.0523
2020-02-07 21:46:28,302 Allocated:121.15869140625 MB
2020-02-07 21:46:28,302 Cached:4435.625 MB
2020-02-07 21:48:33,412 ==> Epoch[9](550/553): Loss: 0.0759
2020-02-07 21:48:33,414 Allocated:121.78369140625 MB
2020-02-07 21:48:33,414 Cached:4435.625 MB
2020-02-07 21:48:45,292 ===> Epoch 9 Complete: Avg. Loss: 0.1195
2020-02-07 21:48:45,294 ====> Extracting Features
2020-02-07 21:49:22,288 ==> Batch (50/108)
2020-02-07 21:49:45,146 ==> Batch (100/108)
2020-02-07 21:49:49,596 ====> Building faiss index
2020-02-07 21:49:49,938 ====> Calculating recall @ N
2020-02-07 21:49:52,504 ====> Recall@1: 0.2545
2020-02-07 21:49:52,505 ====> Recall@2: 0.3020
2020-02-07 21:49:52,506 ====> Recall@3: 0.3368
2020-02-07 21:49:52,506 ====> Recall@4: 0.3655
2020-02-07 21:49:52,506 ====> Recall@5: 0.3893
2020-02-07 21:49:52,506 ====> Recall@10: 0.4788
2020-02-07 21:49:52,506 ====> Recall@15: 0.5272
2020-02-07 21:49:52,507 ====> Recall@20: 0.5626
2020-02-07 21:49:52,507 ====> Recall@25: 0.5942
2020-02-07 21:49:52,920 ====> Building Cache
2020-02-07 21:49:52,920 feature cache--->>> /home/annora/NetVLAD/output/train_feat_cache3.hdf5
2020-02-07 21:51:15,355 Allocated:120.03369140625 MB
2020-02-07 21:51:15,355 Cached:4190.125 MB
2020-02-07 21:54:06,639 ==> Epoch[10](50/553): Loss: 0.1535
2020-02-07 21:54:06,641 Allocated:121.53369140625 MB
2020-02-07 21:54:06,641 Cached:5253.375 MB
2020-02-07 21:56:10,677 ==> Epoch[10](100/553): Loss: 0.0408
2020-02-07 21:56:10,679 Allocated:121.90869140625 MB
2020-02-07 21:56:10,679 Cached:5253.375 MB
2020-02-07 21:58:15,873 ==> Epoch[10](150/553): Loss: 0.0556
2020-02-07 21:58:15,877 Allocated:121.40869140625 MB
2020-02-07 21:58:15,877 Cached:5253.375 MB
2020-02-07 21:59:44,245 ====> Building Cache
2020-02-07 21:59:44,246 feature cache--->>> /home/annora/NetVLAD/output/train_feat_cache3.hdf5
2020-02-07 22:01:10,198 Allocated:121.533203125 MB
2020-02-07 22:01:10,199 Cached:3397.75 MB
2020-02-07 22:02:28,065 ==> Epoch[10](200/553): Loss: 0.0879
2020-02-07 22:02:28,067 Allocated:121.15869140625 MB
2020-02-07 22:02:28,068 Cached:5769.0 MB
2020-02-07 22:04:26,705 ==> Epoch[10](250/553): Loss: 0.1622
2020-02-07 22:04:26,707 Allocated:121.53369140625 MB
2020-02-07 22:04:26,707 Cached:8244.875 MB
2020-02-07 22:06:29,043 ==> Epoch[10](300/553): Loss: 0.1776
2020-02-07 22:06:29,046 Allocated:122.65869140625 MB
2020-02-07 22:06:29,047 Cached:8244.875 MB
2020-02-07 22:08:32,509 ==> Epoch[10](350/553): Loss: 0.2193
2020-02-07 22:08:32,512 Allocated:122.78369140625 MB
2020-02-07 22:08:32,513 Cached:8244.875 MB
2020-02-07 22:09:18,405 ====> Building Cache
2020-02-07 22:09:18,406 feature cache--->>> /home/annora/NetVLAD/output/train_feat_cache3.hdf5
2020-02-07 22:10:38,658 Allocated:121.158203125 MB
2020-02-07 22:10:38,658 Cached:3397.75 MB
2020-02-07 22:12:50,289 ==> Epoch[10](400/553): Loss: 0.2233
2020-02-07 22:12:50,292 Allocated:121.90869140625 MB
2020-02-07 22:12:50,292 Cached:5879.375 MB
2020-02-07 22:14:53,373 ==> Epoch[10](450/553): Loss: 0.1522
2020-02-07 22:14:53,376 Allocated:121.53369140625 MB
2020-02-07 22:14:53,377 Cached:9735.875 MB
2020-02-07 22:17:04,319 ==> Epoch[10](500/553): Loss: 0.0946
2020-02-07 22:17:04,321 Allocated:122.40869140625 MB
2020-02-07 22:17:04,322 Cached:9735.875 MB
2020-02-07 22:19:03,393 ==> Epoch[10](550/553): Loss: 0.0826
2020-02-07 22:19:03,396 Allocated:121.53369140625 MB
2020-02-07 22:19:03,396 Cached:2810.125 MB
2020-02-07 22:19:14,976 ===> Epoch 10 Complete: Avg. Loss: 0.1142
2020-02-07 22:19:14,977 ====> Extracting Features
2020-02-07 22:19:51,020 ==> Batch (50/108)
2020-02-07 22:20:13,225 ==> Batch (100/108)
2020-02-07 22:20:17,695 ====> Building faiss index
2020-02-07 22:20:18,044 ====> Calculating recall @ N
2020-02-07 22:20:20,687 ====> Recall@1: 0.2887
2020-02-07 22:20:20,688 ====> Recall@2: 0.3359
2020-02-07 22:20:20,688 ====> Recall@3: 0.3667
2020-02-07 22:20:20,689 ====> Recall@4: 0.3896
2020-02-07 22:20:20,689 ====> Recall@5: 0.4087
2020-02-07 22:20:20,689 ====> Recall@10: 0.4690
2020-02-07 22:20:20,689 ====> Recall@15: 0.5072
2020-02-07 22:20:20,689 ====> Recall@20: 0.5307
2020-02-07 22:20:20,690 ====> Recall@25: 0.5499
2020-02-07 22:20:21,126 ====> Building Cache
2020-02-07 22:20:21,126 feature cache--->>> /home/annora/NetVLAD/output/train_feat_cache3.hdf5
2020-02-07 22:21:51,944 Allocated:120.15869140625 MB
2020-02-07 22:21:51,945 Cached:4193.5 MB
2020-02-07 22:24:34,492 ==> Epoch[11](50/553): Loss: 0.0429
2020-02-07 22:24:34,496 Allocated:121.53369140625 MB
2020-02-07 22:24:34,496 Cached:6749.5 MB
2020-02-07 22:26:40,086 ==> Epoch[11](100/553): Loss: 0.0912
2020-02-07 22:26:40,088 Allocated:121.40869140625 MB
2020-02-07 22:26:40,089 Cached:3994.75 MB
2020-02-07 22:28:41,371 ==> Epoch[11](150/553): Loss: 0.0550
2020-02-07 22:28:41,375 Allocated:122.28369140625 MB
2020-02-07 22:28:41,375 Cached:5303.125 MB
2020-02-07 22:30:00,843 ====> Building Cache
2020-02-07 22:30:00,844 feature cache--->>> /home/annora/NetVLAD/output/train_feat_cache3.hdf5
2020-02-07 22:31:31,012 Allocated:122.533203125 MB
2020-02-07 22:31:31,013 Cached:3397.75 MB
2020-02-07 22:32:48,945 ==> Epoch[11](200/553): Loss: 0.2364
2020-02-07 22:32:48,948 Allocated:122.53369140625 MB
2020-02-07 22:32:48,948 Cached:4631.75 MB
2020-02-07 22:34:51,487 ==> Epoch[11](250/553): Loss: 0.1204
2020-02-07 22:34:51,489 Allocated:121.28369140625 MB
2020-02-07 22:34:51,489 Cached:5856.0 MB
2020-02-07 22:36:57,166 ==> Epoch[11](300/553): Loss: 0.1776
2020-02-07 22:36:57,168 Allocated:122.03369140625 MB
2020-02-07 22:36:57,168 Cached:8317.125 MB
2020-02-07 22:38:53,535 ==> Epoch[11](350/553): Loss: 0.0753
2020-02-07 22:38:53,538 Allocated:122.53369140625 MB
2020-02-07 22:38:53,538 Cached:8317.125 MB
2020-02-07 22:39:39,785 ====> Building Cache
2020-02-07 22:39:39,787 feature cache--->>> /home/annora/NetVLAD/output/train_feat_cache3.hdf5
2020-02-07 22:41:07,036 Allocated:121.658203125 MB
2020-02-07 22:41:07,037 Cached:3397.75 MB
2020-02-07 22:43:05,600 ==> Epoch[11](400/553): Loss: 0.1049
2020-02-07 22:43:05,605 Allocated:121.78369140625 MB
2020-02-07 22:43:05,605 Cached:9488.125 MB
2020-02-07 22:45:07,712 ==> Epoch[11](450/553): Loss: 0.0704
2020-02-07 22:45:07,714 Allocated:121.40869140625 MB
2020-02-07 22:45:07,714 Cached:7197.5 MB
2020-02-07 22:47:08,250 ==> Epoch[11](500/553): Loss: 0.1115
2020-02-07 22:47:08,252 Allocated:121.53369140625 MB
2020-02-07 22:47:08,252 Cached:7197.5 MB
2020-02-07 22:49:06,421 ==> Epoch[11](550/553): Loss: 0.1605
2020-02-07 22:49:06,424 Allocated:121.15869140625 MB
2020-02-07 22:49:06,424 Cached:7197.5 MB
2020-02-07 22:49:18,763 ===> Epoch 11 Complete: Avg. Loss: 0.1119
2020-02-07 22:49:18,766 ====> Extracting Features
2020-02-07 22:49:56,017 ==> Batch (50/108)
2020-02-07 22:50:19,012 ==> Batch (100/108)
2020-02-07 22:50:23,401 ====> Building faiss index
2020-02-07 22:50:23,755 ====> Calculating recall @ N
2020-02-07 22:50:26,317 ====> Recall@1: 0.2867
2020-02-07 22:50:26,318 ====> Recall@2: 0.3443
2020-02-07 22:50:26,319 ====> Recall@3: 0.3759
2020-02-07 22:50:26,319 ====> Recall@4: 0.4020
2020-02-07 22:50:26,319 ====> Recall@5: 0.4281
2020-02-07 22:50:26,319 ====> Recall@10: 0.4884
2020-02-07 22:50:26,320 ====> Recall@15: 0.5299
2020-02-07 22:50:26,320 ====> Recall@20: 0.5583
2020-02-07 22:50:26,320 ====> Recall@25: 0.5812
2020-02-07 22:50:26,817 ====> Building Cache
2020-02-07 22:50:26,817 feature cache--->>> /home/annora/NetVLAD/output/train_feat_cache3.hdf5
2020-02-07 22:51:50,524 Allocated:119.40869140625 MB
2020-02-07 22:51:50,524 Cached:4231.125 MB
2020-02-07 22:54:32,162 ==> Epoch[12](50/553): Loss: 0.0202
2020-02-07 22:54:32,165 Allocated:121.53369140625 MB
2020-02-07 22:54:32,165 Cached:4724.5 MB
2020-02-07 22:56:34,407 ==> Epoch[12](100/553): Loss: 0.0625
2020-02-07 22:56:34,409 Allocated:121.15869140625 MB
2020-02-07 22:56:34,409 Cached:4724.5 MB
2020-02-07 22:58:46,479 ==> Epoch[12](150/553): Loss: 0.0465
2020-02-07 22:58:46,483 Allocated:121.28369140625 MB
2020-02-07 22:58:46,483 Cached:4724.5 MB
2020-02-07 23:00:06,040 ====> Building Cache
2020-02-07 23:00:06,041 feature cache--->>> /home/annora/NetVLAD/output/train_feat_cache3.hdf5
2020-02-07 23:01:28,089 Allocated:121.283203125 MB
2020-02-07 23:01:28,089 Cached:3397.75 MB
2020-02-07 23:02:46,305 ==> Epoch[12](200/553): Loss: 0.2010
2020-02-07 23:02:46,307 Allocated:121.40869140625 MB
2020-02-07 23:02:46,308 Cached:5726.5 MB
2020-02-07 23:04:42,642 ==> Epoch[12](250/553): Loss: 0.2931
2020-02-07 23:04:42,644 Allocated:121.90869140625 MB
2020-02-07 23:04:42,644 Cached:6949.5 MB
2020-02-07 23:06:40,873 ==> Epoch[12](300/553): Loss: 0.0925
2020-02-07 23:06:40,875 Allocated:121.90869140625 MB
2020-02-07 23:06:40,876 Cached:6949.5 MB
2020-02-07 23:08:41,378 ==> Epoch[12](350/553): Loss: 0.1744
2020-02-07 23:08:41,379 Allocated:121.40869140625 MB
2020-02-07 23:08:41,379 Cached:6949.5 MB
2020-02-07 23:09:23,722 ====> Building Cache
2020-02-07 23:09:23,723 feature cache--->>> /home/annora/NetVLAD/output/train_feat_cache3.hdf5
2020-02-07 23:10:45,635 Allocated:122.533203125 MB
2020-02-07 23:10:45,636 Cached:3397.75 MB
2020-02-07 23:12:51,872 ==> Epoch[12](400/553): Loss: 0.0721
2020-02-07 23:12:51,874 Allocated:121.15869140625 MB
2020-02-07 23:12:51,874 Cached:7286.75 MB
2020-02-07 23:14:53,377 ==> Epoch[12](450/553): Loss: 0.0456
2020-02-07 23:14:53,379 Allocated:121.78369140625 MB
2020-02-07 23:14:53,379 Cached:7286.75 MB
2020-02-07 23:16:58,093 ==> Epoch[12](500/553): Loss: 0.1271
2020-02-07 23:16:58,096 Allocated:121.40869140625 MB
2020-02-07 23:16:58,096 Cached:7286.75 MB
2020-02-07 23:19:02,920 ==> Epoch[12](550/553): Loss: 0.0552
2020-02-07 23:19:02,922 Allocated:121.53369140625 MB
2020-02-07 23:19:02,923 Cached:7286.75 MB
2020-02-07 23:19:14,388 ===> Epoch 12 Complete: Avg. Loss: 0.1204
2020-02-07 23:19:14,390 ====> Extracting Features
2020-02-07 23:19:50,413 ==> Batch (50/108)
2020-02-07 23:20:13,610 ==> Batch (100/108)
2020-02-07 23:20:18,093 ====> Building faiss index
2020-02-07 23:20:18,466 ====> Calculating recall @ N
2020-02-07 23:20:20,900 ====> Recall@1: 0.3551
2020-02-07 23:20:20,901 ====> Recall@2: 0.4180
2020-02-07 23:20:20,902 ====> Recall@3: 0.4478
2020-02-07 23:20:20,902 ====> Recall@4: 0.4794
2020-02-07 23:20:20,902 ====> Recall@5: 0.5023
2020-02-07 23:20:20,902 ====> Recall@10: 0.5603
2020-02-07 23:20:20,903 ====> Recall@15: 0.5971
2020-02-07 23:20:20,903 ====> Recall@20: 0.6191
2020-02-07 23:20:20,903 ====> Recall@25: 0.6374
2020-02-07 23:20:21,727 ====> Building Cache
2020-02-07 23:20:21,727 feature cache--->>> /home/annora/NetVLAD/output/train_feat_cache3.hdf5
2020-02-07 23:21:46,877 Allocated:119.15869140625 MB
2020-02-07 23:21:46,877 Cached:4158.375 MB
2020-02-07 23:24:28,828 ==> Epoch[13](50/553): Loss: 0.0322
2020-02-07 23:24:28,832 Allocated:121.15869140625 MB
2020-02-07 23:24:28,832 Cached:3428.75 MB
2020-02-07 23:26:35,394 ==> Epoch[13](100/553): Loss: 0.0217
2020-02-07 23:26:35,397 Allocated:121.15869140625 MB
2020-02-07 23:26:35,397 Cached:5710.375 MB
2020-02-07 23:28:36,259 ==> Epoch[13](150/553): Loss: 0.0482
2020-02-07 23:28:36,262 Allocated:121.28369140625 MB
2020-02-07 23:28:36,262 Cached:5710.375 MB
2020-02-07 23:30:03,794 ====> Building Cache
2020-02-07 23:30:03,795 feature cache--->>> /home/annora/NetVLAD/output/train_feat_cache3.hdf5
2020-02-07 23:31:27,710 Allocated:121.283203125 MB
2020-02-07 23:31:27,710 Cached:3049.125 MB
2020-02-07 23:32:46,766 ==> Epoch[13](200/553): Loss: 0.2349
2020-02-07 23:32:46,769 Allocated:122.03369140625 MB
2020-02-07 23:32:46,769 Cached:4275.75 MB
2020-02-07 23:34:42,112 ==> Epoch[13](250/553): Loss: 0.0888
2020-02-07 23:34:42,114 Allocated:121.28369140625 MB
2020-02-07 23:34:42,114 Cached:4275.75 MB
2020-02-07 23:36:47,444 ==> Epoch[13](300/553): Loss: 0.1426
2020-02-07 23:36:47,446 Allocated:122.03369140625 MB
2020-02-07 23:36:47,447 Cached:4275.75 MB
2020-02-07 23:38:48,142 ==> Epoch[13](350/553): Loss: 0.0876
2020-02-07 23:38:48,145 Allocated:122.03369140625 MB
2020-02-07 23:38:48,145 Cached:5501.0 MB
2020-02-07 23:39:33,006 ====> Building Cache
2020-02-07 23:39:33,007 feature cache--->>> /home/annora/NetVLAD/output/train_feat_cache3.hdf5
2020-02-07 23:40:53,920 Allocated:121.283203125 MB
2020-02-07 23:40:53,920 Cached:3389.25 MB
2020-02-07 23:42:56,417 ==> Epoch[13](400/553): Loss: 0.1266
2020-02-07 23:42:56,420 Allocated:122.90869140625 MB
2020-02-07 23:42:56,420 Cached:8537.5 MB
2020-02-07 23:45:02,599 ==> Epoch[13](450/553): Loss: 0.0905
2020-02-07 23:45:02,601 Allocated:122.03369140625 MB
2020-02-07 23:45:02,601 Cached:8537.5 MB
2020-02-07 23:47:08,089 ==> Epoch[13](500/553): Loss: 0.1035
2020-02-07 23:47:08,091 Allocated:122.03369140625 MB
2020-02-07 23:47:08,091 Cached:8537.5 MB
2020-02-07 23:49:08,296 ==> Epoch[13](550/553): Loss: 0.1089
2020-02-07 23:49:08,298 Allocated:121.15869140625 MB
2020-02-07 23:49:08,298 Cached:8537.5 MB
2020-02-07 23:49:19,808 ===> Epoch 13 Complete: Avg. Loss: 0.1135
2020-02-07 23:49:19,810 ====> Extracting Features
2020-02-07 23:49:53,608 ==> Batch (50/108)
2020-02-07 23:50:14,949 ==> Batch (100/108)
2020-02-07 23:50:19,784 ====> Building faiss index
2020-02-07 23:50:20,153 ====> Calculating recall @ N
2020-02-07 23:50:23,013 ====> Recall@1: 0.2794
2020-02-07 23:50:23,014 ====> Recall@2: 0.3255
2020-02-07 23:50:23,015 ====> Recall@3: 0.3568
2020-02-07 23:50:23,015 ====> Recall@4: 0.3791
2020-02-07 23:50:23,015 ====> Recall@5: 0.3971
2020-02-07 23:50:23,016 ====> Recall@10: 0.4661
2020-02-07 23:50:23,016 ====> Recall@15: 0.5136
2020-02-07 23:50:23,016 ====> Recall@20: 0.5612
2020-02-07 23:50:23,016 ====> Recall@25: 0.5890
2020-02-07 23:50:23,470 ====> Building Cache
2020-02-07 23:50:23,470 feature cache--->>> /home/annora/NetVLAD/output/train_feat_cache3.hdf5
2020-02-07 23:51:54,374 Allocated:119.28369140625 MB
2020-02-07 23:51:54,374 Cached:4150.875 MB
2020-02-07 23:54:41,508 ==> Epoch[14](50/553): Loss: 0.0406
2020-02-07 23:54:41,510 Allocated:121.28369140625 MB
2020-02-07 23:54:41,510 Cached:9273.625 MB
2020-02-07 23:56:46,911 ==> Epoch[14](100/553): Loss: 0.0426
2020-02-07 23:56:46,914 Allocated:122.15869140625 MB
2020-02-07 23:56:46,914 Cached:9273.625 MB
2020-02-07 23:58:47,762 ==> Epoch[14](150/553): Loss: 0.0399
2020-02-07 23:58:47,765 Allocated:121.65869140625 MB
2020-02-07 23:58:47,766 Cached:9273.625 MB
2020-02-08 00:00:11,185 ====> Building Cache
2020-02-08 00:00:11,187 feature cache--->>> /home/annora/NetVLAD/output/train_feat_cache3.hdf5
2020-02-08 00:01:32,977 Allocated:121.658203125 MB
2020-02-08 00:01:32,978 Cached:2980.125 MB
2020-02-08 00:02:51,032 ==> Epoch[14](200/553): Loss: 0.2421
2020-02-08 00:02:51,035 Allocated:121.15869140625 MB
2020-02-08 00:02:51,035 Cached:6442.875 MB
2020-02-08 00:04:54,640 ==> Epoch[14](250/553): Loss: 0.1728
2020-02-08 00:04:54,642 Allocated:122.03369140625 MB
2020-02-08 00:04:54,643 Cached:4463.375 MB
2020-02-08 00:06:53,131 ==> Epoch[14](300/553): Loss: 0.1355
2020-02-08 00:06:53,133 Allocated:121.15869140625 MB
2020-02-08 00:06:53,133 Cached:4463.375 MB
2020-02-08 00:08:54,482 ==> Epoch[14](350/553): Loss: 0.0828
2020-02-08 00:08:54,485 Allocated:121.40869140625 MB
2020-02-08 00:08:54,486 Cached:4463.375 MB
2020-02-08 00:09:46,625 ====> Building Cache
2020-02-08 00:09:46,628 feature cache--->>> /home/annora/NetVLAD/output/train_feat_cache3.hdf5
2020-02-08 00:11:06,531 Allocated:121.908203125 MB
2020-02-08 00:11:06,531 Cached:3388.25 MB
2020-02-08 00:13:09,308 ==> Epoch[14](400/553): Loss: 0.1758
2020-02-08 00:13:09,311 Allocated:121.15869140625 MB
2020-02-08 00:13:09,311 Cached:7278.25 MB
2020-02-08 00:15:10,737 ==> Epoch[14](450/553): Loss: 0.0213
2020-02-08 00:15:10,740 Allocated:121.90869140625 MB
2020-02-08 00:15:10,740 Cached:7278.25 MB
2020-02-08 00:17:09,808 ==> Epoch[14](500/553): Loss: 0.0874
2020-02-08 00:17:09,810 Allocated:121.90869140625 MB
2020-02-08 00:17:09,810 Cached:7278.25 MB
2020-02-08 00:19:08,117 ==> Epoch[14](550/553): Loss: 0.0526
2020-02-08 00:19:08,119 Allocated:121.15869140625 MB
2020-02-08 00:19:08,119 Cached:7278.25 MB
2020-02-08 00:19:20,024 ===> Epoch 14 Complete: Avg. Loss: 0.1119
2020-02-08 00:19:20,025 ====> Extracting Features
2020-02-08 00:19:55,169 ==> Batch (50/108)
2020-02-08 00:20:16,348 ==> Batch (100/108)
2020-02-08 00:20:20,675 ====> Building faiss index
2020-02-08 00:20:21,016 ====> Calculating recall @ N
2020-02-08 00:20:23,548 ====> Recall@1: 0.2957
2020-02-08 00:20:23,549 ====> Recall@2: 0.3510
2020-02-08 00:20:23,549 ====> Recall@3: 0.3823
2020-02-08 00:20:23,550 ====> Recall@4: 0.4104
2020-02-08 00:20:23,550 ====> Recall@5: 0.4290
2020-02-08 00:20:23,550 ====> Recall@10: 0.4858
2020-02-08 00:20:23,550 ====> Recall@15: 0.5258
2020-02-08 00:20:23,550 ====> Recall@20: 0.5475
2020-02-08 00:20:23,550 ====> Recall@25: 0.5710
2020-02-08 00:20:23,963 ====> Building Cache
2020-02-08 00:20:23,963 feature cache--->>> /home/annora/NetVLAD/output/train_feat_cache3.hdf5
2020-02-08 00:21:45,967 Allocated:119.90869140625 MB
2020-02-08 00:21:45,968 Cached:4304.875 MB
2020-02-08 00:24:21,330 ==> Epoch[15](50/553): Loss: 0.0883
2020-02-08 00:24:21,333 Allocated:121.15869140625 MB
2020-02-08 00:24:21,333 Cached:9199.75 MB
2020-02-08 00:26:17,171 ==> Epoch[15](100/553): Loss: 0.1063
2020-02-08 00:26:17,173 Allocated:122.78369140625 MB
2020-02-08 00:26:17,173 Cached:5775.0 MB
2020-02-08 00:28:21,706 ==> Epoch[15](150/553): Loss: 0.0303
2020-02-08 00:28:21,709 Allocated:121.28369140625 MB
2020-02-08 00:28:21,709 Cached:5775.0 MB
2020-02-08 00:29:38,773 ====> Building Cache
2020-02-08 00:29:38,774 feature cache--->>> /home/annora/NetVLAD/output/train_feat_cache3.hdf5
2020-02-08 00:31:03,963 Allocated:121.658203125 MB
2020-02-08 00:31:03,964 Cached:2828.625 MB
2020-02-08 00:32:23,845 ==> Epoch[15](200/553): Loss: 0.0729
2020-02-08 00:32:23,847 Allocated:121.15869140625 MB
2020-02-08 00:32:23,848 Cached:8674.875 MB
2020-02-08 00:34:17,979 ==> Epoch[15](250/553): Loss: 0.1523
2020-02-08 00:34:17,981 Allocated:122.03369140625 MB
2020-02-08 00:34:17,982 Cached:8674.875 MB
2020-02-08 00:36:06,563 ==> Epoch[15](300/553): Loss: 0.1623
2020-02-08 00:36:06,565 Allocated:122.40869140625 MB
2020-02-08 00:36:06,565 Cached:9906.5 MB
2020-02-08 00:37:54,318 ==> Epoch[15](350/553): Loss: 0.0520
2020-02-08 00:37:54,320 Allocated:121.90869140625 MB
2020-02-08 00:37:54,320 Cached:9906.5 MB
2020-02-08 00:38:36,738 ====> Building Cache
2020-02-08 00:38:36,739 feature cache--->>> /home/annora/NetVLAD/output/train_feat_cache3.hdf5
2020-02-08 00:39:54,820 Allocated:121.408203125 MB
2020-02-08 00:39:54,821 Cached:3596.25 MB
2020-02-08 00:41:52,800 ==> Epoch[15](400/553): Loss: 0.0953
2020-02-08 00:41:52,803 Allocated:121.15869140625 MB
2020-02-08 00:41:52,803 Cached:6087.375 MB
2020-02-08 00:43:48,424 ==> Epoch[15](450/553): Loss: 0.0560
2020-02-08 00:43:48,427 Allocated:121.28369140625 MB
2020-02-08 00:43:48,427 Cached:9906.0 MB
2020-02-08 00:45:42,574 ==> Epoch[15](500/553): Loss: 0.0963
2020-02-08 00:45:42,578 Allocated:121.28369140625 MB
2020-02-08 00:45:42,578 Cached:7461.5 MB
2020-02-08 00:47:34,769 ==> Epoch[15](550/553): Loss: 0.1675
2020-02-08 00:47:34,771 Allocated:121.15869140625 MB
2020-02-08 00:47:34,771 Cached:7461.5 MB
2020-02-08 00:47:45,248 ===> Epoch 15 Complete: Avg. Loss: 0.1032
2020-02-08 00:47:45,250 ====> Extracting Features
2020-02-08 00:48:21,091 ==> Batch (50/108)
2020-02-08 00:48:42,349 ==> Batch (100/108)
2020-02-08 00:48:46,633 ====> Building faiss index
2020-02-08 00:48:47,006 ====> Calculating recall @ N
2020-02-08 00:48:49,555 ====> Recall@1: 0.2768
2020-02-08 00:48:49,556 ====> Recall@2: 0.3441
2020-02-08 00:48:49,557 ====> Recall@3: 0.3803
2020-02-08 00:48:49,557 ====> Recall@4: 0.4107
2020-02-08 00:48:49,557 ====> Recall@5: 0.4304
2020-02-08 00:48:49,558 ====> Recall@10: 0.4925
2020-02-08 00:48:49,558 ====> Recall@15: 0.5278
2020-02-08 00:48:49,558 ====> Recall@20: 0.5638
2020-02-08 00:48:49,558 ====> Recall@25: 0.5913
2020-02-08 00:48:50,032 ====> Building Cache
2020-02-08 00:48:50,033 feature cache--->>> /home/annora/NetVLAD/output/train_feat_cache3.hdf5
2020-02-08 00:50:08,186 Allocated:121.15869140625 MB
2020-02-08 00:50:08,187 Cached:4149.875 MB
2020-02-08 00:52:40,642 ==> Epoch[16](50/553): Loss: 0.1134
2020-02-08 00:52:40,644 Allocated:121.90869140625 MB
2020-02-08 00:52:40,644 Cached:6637.75 MB
2020-02-08 00:54:35,554 ==> Epoch[16](100/553): Loss: 0.1248
2020-02-08 00:54:35,556 Allocated:121.90869140625 MB
2020-02-08 00:54:35,556 Cached:5896.625 MB
2020-02-08 00:56:26,371 ==> Epoch[16](150/553): Loss: 0.0956
2020-02-08 00:56:26,373 Allocated:121.15869140625 MB
2020-02-08 00:56:26,373 Cached:5896.625 MB
2020-02-08 00:57:44,096 ====> Building Cache
2020-02-08 00:57:44,097 feature cache--->>> /home/annora/NetVLAD/output/train_feat_cache3.hdf5
2020-02-08 00:59:00,516 Allocated:121.158203125 MB
2020-02-08 00:59:00,517 Cached:2866.25 MB
2020-02-08 01:00:23,527 ==> Epoch[16](200/553): Loss: 0.1619
2020-02-08 01:00:23,529 Allocated:121.90869140625 MB
2020-02-08 01:00:23,529 Cached:5002.75 MB
2020-02-08 01:02:21,158 ==> Epoch[16](250/553): Loss: 0.2339
2020-02-08 01:02:21,160 Allocated:121.90869140625 MB
2020-02-08 01:02:21,161 Cached:9683.75 MB
2020-02-08 01:04:08,666 ==> Epoch[16](300/553): Loss: 0.0770
2020-02-08 01:04:08,668 Allocated:121.78369140625 MB
2020-02-08 01:04:08,668 Cached:9683.75 MB
2020-02-08 01:05:56,579 ==> Epoch[16](350/553): Loss: 0.0776
2020-02-08 01:05:56,581 Allocated:121.78369140625 MB
2020-02-08 01:05:56,581 Cached:9683.75 MB
2020-02-08 01:06:38,220 ====> Building Cache
2020-02-08 01:06:38,221 feature cache--->>> /home/annora/NetVLAD/output/train_feat_cache3.hdf5
2020-02-08 01:07:54,184 Allocated:121.283203125 MB
2020-02-08 01:07:54,185 Cached:3425.375 MB
2020-02-08 01:09:50,154 ==> Epoch[16](400/553): Loss: 0.1712
2020-02-08 01:09:50,156 Allocated:122.03369140625 MB
2020-02-08 01:09:50,157 Cached:9856.125 MB
2020-02-08 01:11:51,028 ==> Epoch[16](450/553): Loss: 0.0568
2020-02-08 01:11:51,030 Allocated:122.03369140625 MB
2020-02-08 01:11:51,031 Cached:9856.125 MB
2020-02-08 01:13:46,643 ==> Epoch[16](500/553): Loss: 0.0658
2020-02-08 01:13:46,645 Allocated:122.90869140625 MB
2020-02-08 01:13:46,646 Cached:9856.125 MB
2020-02-08 01:15:40,024 ==> Epoch[16](550/553): Loss: 0.0722
2020-02-08 01:15:40,026 Allocated:122.28369140625 MB
2020-02-08 01:15:40,027 Cached:9856.125 MB
2020-02-08 01:15:51,092 ===> Epoch 16 Complete: Avg. Loss: 0.1152
2020-02-08 01:15:51,093 ====> Extracting Features
2020-02-08 01:16:25,565 ==> Batch (50/108)
2020-02-08 01:16:45,469 ==> Batch (100/108)
2020-02-08 01:16:49,868 ====> Building faiss index
2020-02-08 01:16:50,203 ====> Calculating recall @ N
2020-02-08 01:16:52,712 ====> Recall@1: 0.2849
2020-02-08 01:16:52,713 ====> Recall@2: 0.3420
2020-02-08 01:16:52,713 ====> Recall@3: 0.3780
2020-02-08 01:16:52,713 ====> Recall@4: 0.3957
2020-02-08 01:16:52,714 ====> Recall@5: 0.4151
2020-02-08 01:16:52,714 ====> Recall@10: 0.4739
2020-02-08 01:16:52,714 ====> Recall@15: 0.5104
2020-02-08 01:16:52,714 ====> Recall@20: 0.5368
2020-02-08 01:16:52,714 ====> Recall@25: 0.5565
2020-02-08 01:16:53,144 ====> Building Cache
2020-02-08 01:16:53,144 feature cache--->>> /home/annora/NetVLAD/output/train_feat_cache3.hdf5
2020-02-08 01:18:09,426 Allocated:121.15869140625 MB
2020-02-08 01:18:09,426 Cached:4307.375 MB
2020-02-08 01:20:52,729 ==> Epoch[17](50/553): Loss: 0.0784
2020-02-08 01:20:52,731 Allocated:121.90869140625 MB
2020-02-08 01:20:52,731 Cached:9325.625 MB
2020-02-08 01:22:45,134 ==> Epoch[17](100/553): Loss: 0.0311
2020-02-08 01:22:45,141 Allocated:122.15869140625 MB
2020-02-08 01:22:45,142 Cached:9325.625 MB
2020-02-08 01:24:44,950 ==> Epoch[17](150/553): Loss: 0.0348
2020-02-08 01:24:44,952 Allocated:122.03369140625 MB
2020-02-08 01:24:44,952 Cached:9325.625 MB
2020-02-08 01:26:04,816 ====> Building Cache
2020-02-08 01:26:04,817 feature cache--->>> /home/annora/NetVLAD/output/train_feat_cache3.hdf5
2020-02-08 01:27:22,051 Allocated:121.783203125 MB
2020-02-08 01:27:22,052 Cached:4156.875 MB
2020-02-08 01:28:35,044 ==> Epoch[17](200/553): Loss: 0.2714
2020-02-08 01:28:35,046 Allocated:122.65869140625 MB
2020-02-08 01:28:35,046 Cached:5337.875 MB
2020-02-08 01:30:21,895 ==> Epoch[17](250/553): Loss: 0.0883
2020-02-08 01:30:21,896 Allocated:121.28369140625 MB
2020-02-08 01:30:21,896 Cached:5337.875 MB
2020-02-08 01:32:08,795 ==> Epoch[17](300/553): Loss: 0.2016
2020-02-08 01:32:08,797 Allocated:121.90869140625 MB
2020-02-08 01:32:08,797 Cached:6523.875 MB
2020-02-08 01:33:55,756 ==> Epoch[17](350/553): Loss: 0.1294
2020-02-08 01:33:55,759 Allocated:121.15869140625 MB
2020-02-08 01:33:55,759 Cached:6523.875 MB
2020-02-08 01:34:36,169 ====> Building Cache
2020-02-08 01:34:36,170 feature cache--->>> /home/annora/NetVLAD/output/train_feat_cache3.hdf5
2020-02-08 01:35:54,516 Allocated:121.908203125 MB
2020-02-08 01:35:54,516 Cached:3388.25 MB
2020-02-08 01:37:46,862 ==> Epoch[17](400/553): Loss: 0.0831
2020-02-08 01:37:46,865 Allocated:121.15869140625 MB
2020-02-08 01:37:46,866 Cached:7278.25 MB
2020-02-08 01:39:45,654 ==> Epoch[17](450/553): Loss: 0.0991
2020-02-08 01:39:45,657 Allocated:121.15869140625 MB
2020-02-08 01:39:45,657 Cached:7278.25 MB
2020-02-08 01:41:44,393 ==> Epoch[17](500/553): Loss: 0.0500
2020-02-08 01:41:44,396 Allocated:121.90869140625 MB
2020-02-08 01:41:44,396 Cached:7278.25 MB
2020-02-08 01:43:41,541 ==> Epoch[17](550/553): Loss: 0.0053
2020-02-08 01:43:41,543 Allocated:122.03369140625 MB
2020-02-08 01:43:41,543 Cached:7278.25 MB
2020-02-08 01:43:52,778 ===> Epoch 17 Complete: Avg. Loss: 0.1159
2020-02-08 01:43:52,779 ====> Extracting Features
2020-02-08 01:44:26,861 ==> Batch (50/108)
2020-02-08 01:44:47,969 ==> Batch (100/108)
2020-02-08 01:44:51,743 ====> Building faiss index
2020-02-08 01:44:52,078 ====> Calculating recall @ N
2020-02-08 01:44:54,960 ====> Recall@1: 0.2925
2020-02-08 01:44:54,961 ====> Recall@2: 0.3333
2020-02-08 01:44:54,962 ====> Recall@3: 0.3687
2020-02-08 01:44:54,962 ====> Recall@4: 0.3977
2020-02-08 01:44:54,962 ====> Recall@5: 0.4243
2020-02-08 01:44:54,962 ====> Recall@10: 0.4925
2020-02-08 01:44:54,963 ====> Recall@15: 0.5252
2020-02-08 01:44:54,963 ====> Recall@20: 0.5504
2020-02-08 01:44:54,963 ====> Recall@25: 0.5658
2020-02-08 01:44:55,391 ====> Building Cache
2020-02-08 01:44:55,391 feature cache--->>> /home/annora/NetVLAD/output/train_feat_cache3.hdf5
2020-02-08 01:46:11,749 Allocated:120.65869140625 MB
2020-02-08 01:46:11,749 Cached:4304.875 MB
2020-02-08 01:48:49,484 ==> Epoch[18](50/553): Loss: 0.0707
2020-02-08 01:48:49,486 Allocated:121.90869140625 MB
2020-02-08 01:48:49,486 Cached:10100.0 MB
2020-02-08 01:50:38,497 ==> Epoch[18](100/553): Loss: 0.1279
2020-02-08 01:50:38,499 Allocated:121.40869140625 MB
2020-02-08 01:50:38,499 Cached:2960.125 MB
2020-02-08 01:52:25,087 ==> Epoch[18](150/553): Loss: 0.0912
2020-02-08 01:52:25,090 Allocated:121.90869140625 MB
2020-02-08 01:52:25,090 Cached:4763.5 MB
2020-02-08 01:53:39,040 ====> Building Cache
2020-02-08 01:53:39,041 feature cache--->>> /home/annora/NetVLAD/output/train_feat_cache3.hdf5
2020-02-08 01:54:55,124 Allocated:122.283203125 MB
2020-02-08 01:54:55,125 Cached:2887.75 MB
2020-02-08 01:56:11,117 ==> Epoch[18](200/553): Loss: 0.0707
2020-02-08 01:56:11,119 Allocated:121.53369140625 MB
2020-02-08 01:56:11,120 Cached:6564.875 MB
2020-02-08 01:58:10,123 ==> Epoch[18](250/553): Loss: 0.0583
2020-02-08 01:58:10,124 Allocated:122.15869140625 MB
2020-02-08 01:58:10,125 Cached:6184.0 MB
2020-02-08 02:00:12,297 ==> Epoch[18](300/553): Loss: 0.0917
2020-02-08 02:00:12,300 Allocated:122.15869140625 MB
2020-02-08 02:00:12,300 Cached:6184.0 MB
2020-02-08 02:02:07,776 ==> Epoch[18](350/553): Loss: 0.0703
2020-02-08 02:02:07,778 Allocated:122.90869140625 MB
2020-02-08 02:02:07,778 Cached:6184.0 MB
2020-02-08 02:02:52,321 ====> Building Cache
2020-02-08 02:02:52,322 feature cache--->>> /home/annora/NetVLAD/output/train_feat_cache3.hdf5
2020-02-08 02:04:08,661 Allocated:123.658203125 MB
2020-02-08 02:04:08,662 Cached:3630.875 MB
2020-02-08 02:06:00,470 ==> Epoch[18](400/553): Loss: 0.2195
2020-02-08 02:06:00,472 Allocated:122.53369140625 MB
2020-02-08 02:06:00,473 Cached:3404.875 MB
2020-02-08 02:07:55,440 ==> Epoch[18](450/553): Loss: 0.0780
2020-02-08 02:07:55,441 Allocated:122.03369140625 MB
2020-02-08 02:07:55,442 Cached:6996.5 MB
2020-02-08 02:09:46,488 ==> Epoch[18](500/553): Loss: 0.1725
2020-02-08 02:09:46,489 Allocated:121.65869140625 MB
2020-02-08 02:09:46,490 Cached:6996.5 MB
2020-02-08 02:11:35,384 ==> Epoch[18](550/553): Loss: 0.0867
2020-02-08 02:11:35,386 Allocated:122.15869140625 MB
2020-02-08 02:11:35,386 Cached:6996.5 MB
2020-02-08 02:11:46,150 ===> Epoch 18 Complete: Avg. Loss: 0.0947
2020-02-08 02:11:46,151 ====> Extracting Features
2020-02-08 02:12:21,006 ==> Batch (50/108)
2020-02-08 02:12:41,896 ==> Batch (100/108)
2020-02-08 02:12:46,583 ====> Building faiss index
2020-02-08 02:12:46,925 ====> Calculating recall @ N
2020-02-08 02:12:49,455 ====> Recall@1: 0.2736
2020-02-08 02:12:49,456 ====> Recall@2: 0.3458
2020-02-08 02:12:49,457 ====> Recall@3: 0.3754
2020-02-08 02:12:49,457 ====> Recall@4: 0.3997
2020-02-08 02:12:49,458 ====> Recall@5: 0.4238
2020-02-08 02:12:49,458 ====> Recall@10: 0.4884
2020-02-08 02:12:49,458 ====> Recall@15: 0.5243
2020-02-08 02:12:49,458 ====> Recall@20: 0.5504
2020-02-08 02:12:49,458 ====> Recall@25: 0.5681
2020-02-08 02:12:49,867 ====> Building Cache
2020-02-08 02:12:49,867 feature cache--->>> /home/annora/NetVLAD/output/train_feat_cache3.hdf5
2020-02-08 02:14:07,792 Allocated:120.03369140625 MB
2020-02-08 02:14:07,793 Cached:4158.625 MB
2020-02-08 02:16:56,048 ==> Epoch[19](50/553): Loss: 0.0935
2020-02-08 02:16:56,050 Allocated:121.40869140625 MB
2020-02-08 02:16:56,051 Cached:8927.0 MB
2020-02-08 02:18:48,094 ==> Epoch[19](100/553): Loss: 0.1094
2020-02-08 02:18:48,096 Allocated:122.40869140625 MB
2020-02-08 02:18:48,097 Cached:8927.0 MB
2020-02-08 02:20:39,935 ==> Epoch[19](150/553): Loss: 0.1270
2020-02-08 02:20:39,937 Allocated:122.15869140625 MB
2020-02-08 02:20:39,937 Cached:8927.0 MB
2020-02-08 02:21:56,483 ====> Building Cache
2020-02-08 02:21:56,484 feature cache--->>> /home/annora/NetVLAD/output/train_feat_cache3.hdf5
2020-02-08 02:23:12,734 Allocated:122.783203125 MB
2020-02-08 02:23:12,734 Cached:3398.0 MB
2020-02-08 02:24:30,536 ==> Epoch[19](200/553): Loss: 0.0627
2020-02-08 02:24:30,538 Allocated:121.78369140625 MB
2020-02-08 02:24:30,538 Cached:4602.375 MB
2020-02-08 02:26:28,952 ==> Epoch[19](250/553): Loss: 0.1647
2020-02-08 02:26:28,954 Allocated:121.15869140625 MB
2020-02-08 02:26:28,954 Cached:5844.5 MB
2020-02-08 02:28:27,096 ==> Epoch[19](300/553): Loss: 0.1738
2020-02-08 02:28:27,099 Allocated:122.03369140625 MB
2020-02-08 02:28:27,099 Cached:5844.5 MB
2020-02-08 02:30:16,831 ==> Epoch[19](350/553): Loss: 0.1448
2020-02-08 02:30:16,833 Allocated:121.28369140625 MB
2020-02-08 02:30:16,834 Cached:5844.5 MB
2020-02-08 02:31:02,479 ====> Building Cache
2020-02-08 02:31:02,479 feature cache--->>> /home/annora/NetVLAD/output/train_feat_cache3.hdf5
2020-02-08 02:32:21,345 Allocated:121.283203125 MB
2020-02-08 02:32:21,346 Cached:3398.0 MB
2020-02-08 02:34:12,847 ==> Epoch[19](400/553): Loss: 0.0788
2020-02-08 02:34:12,849 Allocated:122.90869140625 MB
2020-02-08 02:34:12,850 Cached:7287.0 MB
2020-02-08 02:36:06,908 ==> Epoch[19](450/553): Loss: 0.0742
2020-02-08 02:36:06,910 Allocated:122.90869140625 MB
2020-02-08 02:36:06,910 Cached:7287.0 MB
2020-02-08 02:38:20,310 ==> Epoch[19](500/553): Loss: 0.0419
2020-02-08 02:38:20,312 Allocated:121.40869140625 MB
2020-02-08 02:38:20,312 Cached:7287.0 MB
2020-02-08 02:40:12,557 ==> Epoch[19](550/553): Loss: 0.0230
2020-02-08 02:40:12,559 Allocated:122.40869140625 MB
2020-02-08 02:40:12,559 Cached:7287.0 MB
2020-02-08 02:40:23,952 ===> Epoch 19 Complete: Avg. Loss: 0.1018
2020-02-08 02:40:23,953 ====> Extracting Features
2020-02-08 02:40:59,823 ==> Batch (50/108)
2020-02-08 02:41:23,111 ==> Batch (100/108)
2020-02-08 02:41:27,528 ====> Building faiss index
2020-02-08 02:41:27,870 ====> Calculating recall @ N
2020-02-08 02:41:30,528 ====> Recall@1: 0.2928
2020-02-08 02:41:30,529 ====> Recall@2: 0.3423
2020-02-08 02:41:30,530 ====> Recall@3: 0.3762
2020-02-08 02:41:30,530 ====> Recall@4: 0.4017
2020-02-08 02:41:30,530 ====> Recall@5: 0.4220
2020-02-08 02:41:30,530 ====> Recall@10: 0.4887
2020-02-08 02:41:30,530 ====> Recall@15: 0.5212
2020-02-08 02:41:30,530 ====> Recall@20: 0.5446
2020-02-08 02:41:30,531 ====> Recall@25: 0.5614
2020-02-08 02:41:30,969 ====> Building Cache
2020-02-08 02:41:30,969 feature cache--->>> /home/annora/NetVLAD/output/train_feat_cache3.hdf5
2020-02-08 02:42:47,826 Allocated:120.03369140625 MB
2020-02-08 02:42:47,826 Cached:4158.625 MB
2020-02-08 02:45:18,213 ==> Epoch[20](50/553): Loss: 0.0260
2020-02-08 02:45:18,215 Allocated:122.90869140625 MB
2020-02-08 02:45:18,215 Cached:7861.25 MB
2020-02-08 02:47:10,323 ==> Epoch[20](100/553): Loss: 0.1073
2020-02-08 02:47:10,325 Allocated:122.03369140625 MB
2020-02-08 02:47:10,325 Cached:7861.25 MB
2020-02-08 02:49:05,142 ==> Epoch[20](150/553): Loss: 0.0109
2020-02-08 02:49:05,144 Allocated:121.28369140625 MB
2020-02-08 02:49:05,144 Cached:7861.25 MB
2020-02-08 02:50:20,759 ====> Building Cache
2020-02-08 02:50:20,760 feature cache--->>> /home/annora/NetVLAD/output/train_feat_cache3.hdf5
2020-02-08 02:51:37,483 Allocated:123.533203125 MB
2020-02-08 02:51:37,483 Cached:3057.875 MB
2020-02-08 02:52:55,067 ==> Epoch[20](200/553): Loss: 0.2765
2020-02-08 02:52:55,069 Allocated:122.90869140625 MB
2020-02-08 02:52:55,070 Cached:5376.125 MB
2020-02-08 02:54:46,104 ==> Epoch[20](250/553): Loss: 0.1699
2020-02-08 02:54:46,106 Allocated:122.90869140625 MB
2020-02-08 02:54:46,107 Cached:5376.125 MB
2020-02-08 02:56:33,301 ==> Epoch[20](300/553): Loss: 0.2378
2020-02-08 02:56:33,303 Allocated:121.65869140625 MB
2020-02-08 02:56:33,303 Cached:6576.875 MB
2020-02-08 02:58:20,195 ==> Epoch[20](350/553): Loss: 0.1713
2020-02-08 02:58:20,196 Allocated:121.65869140625 MB
2020-02-08 02:58:20,196 Cached:6576.875 MB
2020-02-08 02:59:01,597 ====> Building Cache
2020-02-08 02:59:01,597 feature cache--->>> /home/annora/NetVLAD/output/train_feat_cache3.hdf5
2020-02-08 03:00:18,206 Allocated:122.283203125 MB
2020-02-08 03:00:18,206 Cached:3398.0 MB
2020-02-08 03:02:04,096 ==> Epoch[20](400/553): Loss: 0.0627
2020-02-08 03:02:04,098 Allocated:121.28369140625 MB
2020-02-08 03:02:04,098 Cached:7043.25 MB
2020-02-08 03:03:54,938 ==> Epoch[20](450/553): Loss: 0.0844
2020-02-08 03:03:54,939 Allocated:121.65869140625 MB
2020-02-08 03:03:54,939 Cached:5157.0 MB
2020-02-08 03:06:02,964 ==> Epoch[20](500/553): Loss: 0.0415
2020-02-08 03:06:02,966 Allocated:122.28369140625 MB
2020-02-08 03:06:02,966 Cached:7738.25 MB
2020-02-08 03:07:54,920 ==> Epoch[20](550/553): Loss: 0.0892
2020-02-08 03:07:54,922 Allocated:122.15869140625 MB
2020-02-08 03:07:54,922 Cached:7738.25 MB
2020-02-08 03:08:05,935 ===> Epoch 20 Complete: Avg. Loss: 0.1151
2020-02-08 03:08:05,937 ====> Extracting Features
2020-02-08 03:08:40,156 ==> Batch (50/108)
2020-02-08 03:09:00,451 ==> Batch (100/108)
2020-02-08 03:09:04,046 ====> Building faiss index
2020-02-08 03:09:04,403 ====> Calculating recall @ N
2020-02-08 03:09:07,062 ====> Recall@1: 0.2612
2020-02-08 03:09:07,062 ====> Recall@2: 0.3177
2020-02-08 03:09:07,063 ====> Recall@3: 0.3542
2020-02-08 03:09:07,063 ====> Recall@4: 0.3768
2020-02-08 03:09:07,063 ====> Recall@5: 0.4000
2020-02-08 03:09:07,064 ====> Recall@10: 0.4710
2020-02-08 03:09:07,064 ====> Recall@15: 0.5119
2020-02-08 03:09:07,064 ====> Recall@20: 0.5380
2020-02-08 03:09:07,064 ====> Recall@25: 0.5574
2020-02-08 03:09:07,484 ====> Building Cache
2020-02-08 03:09:07,484 feature cache--->>> /home/annora/NetVLAD/output/train_feat_cache3.hdf5
2020-02-08 03:10:24,199 Allocated:119.40869140625 MB
2020-02-08 03:10:24,200 Cached:4313.625 MB
2020-02-08 03:12:57,880 ==> Epoch[21](50/553): Loss: 0.0902
2020-02-08 03:12:57,882 Allocated:121.28369140625 MB
2020-02-08 03:12:57,882 Cached:3743.5 MB
2020-02-08 03:15:02,415 ==> Epoch[21](100/553): Loss: 0.1108
2020-02-08 03:15:02,417 Allocated:121.28369140625 MB
2020-02-08 03:15:02,417 Cached:3743.5 MB
2020-02-08 03:16:53,863 ==> Epoch[21](150/553): Loss: 0.1864
2020-02-08 03:16:53,866 Allocated:122.65869140625 MB
2020-02-08 03:16:53,866 Cached:6083.25 MB
2020-02-08 03:18:16,202 ====> Building Cache
2020-02-08 03:18:16,203 feature cache--->>> /home/annora/NetVLAD/output/train_feat_cache3.hdf5
2020-02-08 03:19:32,648 Allocated:121.158203125 MB
2020-02-08 03:19:32,649 Cached:3398.0 MB
2020-02-08 03:20:44,331 ==> Epoch[21](200/553): Loss: 0.1801
2020-02-08 03:20:44,333 Allocated:121.65869140625 MB
2020-02-08 03:20:44,333 Cached:5750.125 MB
2020-02-08 03:22:30,857 ==> Epoch[21](250/553): Loss: 0.2224
2020-02-08 03:22:30,859 Allocated:122.90869140625 MB
2020-02-08 03:22:30,860 Cached:6958.375 MB
2020-02-08 03:24:21,069 ==> Epoch[21](300/553): Loss: 0.0565
2020-02-08 03:24:21,071 Allocated:121.90869140625 MB
2020-02-08 03:24:21,072 Cached:6958.375 MB
2020-02-08 03:26:10,498 ==> Epoch[21](350/553): Loss: 0.2016
2020-02-08 03:26:10,500 Allocated:121.40869140625 MB
2020-02-08 03:26:10,500 Cached:6958.375 MB
2020-02-08 03:26:50,952 ====> Building Cache
2020-02-08 03:26:50,953 feature cache--->>> /home/annora/NetVLAD/output/train_feat_cache3.hdf5
2020-02-08 03:28:07,645 Allocated:121.283203125 MB
2020-02-08 03:28:07,646 Cached:3398.0 MB
2020-02-08 03:29:57,172 ==> Epoch[21](400/553): Loss: 0.0388
2020-02-08 03:29:57,174 Allocated:121.15869140625 MB
2020-02-08 03:29:57,174 Cached:7287.0 MB
2020-02-08 03:31:55,534 ==> Epoch[21](450/553): Loss: 0.0549
2020-02-08 03:31:55,536 Allocated:121.78369140625 MB
2020-02-08 03:31:55,536 Cached:7287.0 MB
2020-02-08 03:33:53,671 ==> Epoch[21](500/553): Loss: 0.1195
2020-02-08 03:33:53,673 Allocated:121.40869140625 MB
2020-02-08 03:33:53,673 Cached:7287.0 MB
2020-02-08 03:35:53,088 ==> Epoch[21](550/553): Loss: 0.0390
2020-02-08 03:35:53,090 Allocated:121.78369140625 MB
2020-02-08 03:35:53,090 Cached:7287.0 MB
2020-02-08 03:36:04,280 ===> Epoch 21 Complete: Avg. Loss: 0.1065
2020-02-08 03:36:04,281 ====> Extracting Features
2020-02-08 03:36:38,904 ==> Batch (50/108)
2020-02-08 03:36:58,594 ==> Batch (100/108)
2020-02-08 03:37:02,841 ====> Building faiss index
2020-02-08 03:37:03,183 ====> Calculating recall @ N
2020-02-08 03:37:05,663 ====> Recall@1: 0.3217
2020-02-08 03:37:05,664 ====> Recall@2: 0.3809
2020-02-08 03:37:05,665 ====> Recall@3: 0.4212
2020-02-08 03:37:05,665 ====> Recall@4: 0.4522
2020-02-08 03:37:05,665 ====> Recall@5: 0.4707
2020-02-08 03:37:05,665 ====> Recall@10: 0.5423
2020-02-08 03:37:05,666 ====> Recall@15: 0.5759
2020-02-08 03:37:05,666 ====> Recall@20: 0.6020
2020-02-08 03:37:05,666 ====> Recall@25: 0.6223
2020-02-08 03:37:06,112 ====> Building Cache
2020-02-08 03:37:06,113 feature cache--->>> /home/annora/NetVLAD/output/train_feat_cache3.hdf5
2020-02-08 03:38:23,033 Allocated:119.28369140625 MB
2020-02-08 03:38:23,034 Cached:4159.625 MB
2020-02-08 03:40:48,769 ==> Epoch[22](50/553): Loss: 0.1120
2020-02-08 03:40:48,771 Allocated:122.15869140625 MB
2020-02-08 03:40:48,771 Cached:8896.375 MB
2020-02-08 03:42:35,746 ==> Epoch[22](100/553): Loss: 0.0879
2020-02-08 03:42:35,748 Allocated:122.15869140625 MB
2020-02-08 03:42:35,748 Cached:8896.375 MB
2020-02-08 03:44:22,912 ==> Epoch[22](150/553): Loss: 0.0578
2020-02-08 03:44:22,914 Allocated:122.78369140625 MB
2020-02-08 03:44:22,915 Cached:8896.375 MB
2020-02-08 03:45:39,401 ====> Building Cache
2020-02-08 03:45:39,401 feature cache--->>> /home/annora/NetVLAD/output/train_feat_cache3.hdf5
2020-02-08 03:46:55,554 Allocated:122.658203125 MB
2020-02-08 03:46:55,554 Cached:2835.0 MB
2020-02-08 03:48:05,219 ==> Epoch[22](200/553): Loss: 0.1403
2020-02-08 03:48:05,221 Allocated:123.65869140625 MB
2020-02-08 03:48:05,221 Cached:2844.0 MB
2020-02-08 03:49:52,573 ==> Epoch[22](250/553): Loss: 0.1768
2020-02-08 03:49:52,575 Allocated:122.03369140625 MB
2020-02-08 03:49:52,575 Cached:5166.875 MB
2020-02-08 03:51:37,841 ==> Epoch[22](300/553): Loss: 0.1800
2020-02-08 03:51:37,843 Allocated:121.15869140625 MB
2020-02-08 03:51:37,843 Cached:5166.875 MB
2020-02-08 03:53:23,807 ==> Epoch[22](350/553): Loss: 0.0615
2020-02-08 03:53:23,809 Allocated:121.28369140625 MB
2020-02-08 03:53:23,809 Cached:5166.875 MB
2020-02-08 03:54:06,639 ====> Building Cache
2020-02-08 03:54:06,640 feature cache--->>> /home/annora/NetVLAD/output/train_feat_cache3.hdf5
2020-02-08 03:55:23,772 Allocated:122.408203125 MB
2020-02-08 03:55:23,773 Cached:3398.0 MB
2020-02-08 03:57:14,356 ==> Epoch[22](400/553): Loss: 0.1205
2020-02-08 03:57:14,359 Allocated:121.28369140625 MB
2020-02-08 03:57:14,359 Cached:4893.25 MB
2020-02-08 03:59:10,500 ==> Epoch[22](450/553): Loss: 0.0766
2020-02-08 03:59:10,502 Allocated:121.28369140625 MB
2020-02-08 03:59:10,503 Cached:4893.25 MB
2020-02-08 04:01:09,049 ==> Epoch[22](500/553): Loss: 0.0514
2020-02-08 04:01:09,051 Allocated:122.15869140625 MB
2020-02-08 04:01:09,051 Cached:4893.25 MB
2020-02-08 04:03:00,884 ==> Epoch[22](550/553): Loss: 0.0811
2020-02-08 04:03:00,887 Allocated:121.53369140625 MB
2020-02-08 04:03:00,887 Cached:4893.25 MB
2020-02-08 04:03:13,114 ===> Epoch 22 Complete: Avg. Loss: 0.1160
2020-02-08 04:03:13,116 ====> Extracting Features
2020-02-08 04:03:49,721 ==> Batch (50/108)
2020-02-08 04:04:12,084 ==> Batch (100/108)
2020-02-08 04:04:16,508 ====> Building faiss index
2020-02-08 04:04:16,850 ====> Calculating recall @ N
2020-02-08 04:04:19,463 ====> Recall@1: 0.3443
2020-02-08 04:04:19,463 ====> Recall@2: 0.4168
2020-02-08 04:04:19,464 ====> Recall@3: 0.4501
2020-02-08 04:04:19,464 ====> Recall@4: 0.4696
2020-02-08 04:04:19,464 ====> Recall@5: 0.4838
2020-02-08 04:04:19,464 ====> Recall@10: 0.5423
2020-02-08 04:04:19,465 ====> Recall@15: 0.5693
2020-02-08 04:04:19,465 ====> Recall@20: 0.5939
2020-02-08 04:04:19,465 ====> Recall@25: 0.6284
2020-02-08 04:04:19,885 ====> Building Cache
2020-02-08 04:04:19,886 feature cache--->>> /home/annora/NetVLAD/output/train_feat_cache3.hdf5
2020-02-08 04:05:36,399 Allocated:120.15869140625 MB
2020-02-08 04:05:36,400 Cached:4159.625 MB
2020-02-08 04:08:03,912 ==> Epoch[23](50/553): Loss: 0.1600
2020-02-08 04:08:03,915 Allocated:122.90869140625 MB
2020-02-08 04:08:03,915 Cached:5320.5 MB
2020-02-08 04:09:53,935 ==> Epoch[23](100/553): Loss: 0.0638
2020-02-08 04:09:53,936 Allocated:121.15869140625 MB
2020-02-08 04:09:53,937 Cached:5320.5 MB
2020-02-08 04:11:42,997 ==> Epoch[23](150/553): Loss: 0.0680
2020-02-08 04:11:42,998 Allocated:121.15869140625 MB
2020-02-08 04:11:42,999 Cached:7671.125 MB
2020-02-08 04:12:57,211 ====> Building Cache
2020-02-08 04:12:57,212 feature cache--->>> /home/annora/NetVLAD/output/train_feat_cache3.hdf5
2020-02-08 04:14:18,651 Allocated:123.033203125 MB
2020-02-08 04:14:18,652 Cached:3057.875 MB
2020-02-08 04:15:31,321 ==> Epoch[23](200/553): Loss: 0.1019
2020-02-08 04:15:31,323 Allocated:121.28369140625 MB
2020-02-08 04:15:31,323 Cached:6595.875 MB
2020-02-08 04:17:20,917 ==> Epoch[23](250/553): Loss: 0.2301
2020-02-08 04:17:20,919 Allocated:121.90869140625 MB
2020-02-08 04:17:20,919 Cached:9006.0 MB
2020-02-08 04:19:08,422 ==> Epoch[23](300/553): Loss: 0.1171
2020-02-08 04:19:08,423 Allocated:121.15869140625 MB
2020-02-08 04:19:08,424 Cached:5193.125 MB
2020-02-08 04:20:54,853 ==> Epoch[23](350/553): Loss: 0.2564
2020-02-08 04:20:54,857 Allocated:121.28369140625 MB
2020-02-08 04:20:54,857 Cached:5193.125 MB
2020-02-08 04:21:35,889 ====> Building Cache
2020-02-08 04:21:35,889 feature cache--->>> /home/annora/NetVLAD/output/train_feat_cache3.hdf5
2020-02-08 04:22:56,623 Allocated:122.283203125 MB
2020-02-08 04:22:56,623 Cached:2835.5 MB
2020-02-08 04:24:52,189 ==> Epoch[23](400/553): Loss: 0.0765
2020-02-08 04:24:52,191 Allocated:122.03369140625 MB
2020-02-08 04:24:52,191 Cached:6585.875 MB
2020-02-08 04:26:47,313 ==> Epoch[23](450/553): Loss: 0.1055
2020-02-08 04:26:47,315 Allocated:121.90869140625 MB
2020-02-08 04:26:47,315 Cached:5922.625 MB
2020-02-08 04:28:37,637 ==> Epoch[23](500/553): Loss: 0.0703
2020-02-08 04:28:37,639 Allocated:121.28369140625 MB
2020-02-08 04:28:37,640 Cached:5922.625 MB
2020-02-08 04:30:26,659 ==> Epoch[23](550/553): Loss: 0.1990
2020-02-08 04:30:26,661 Allocated:121.40869140625 MB
2020-02-08 04:30:26,662 Cached:5922.625 MB
2020-02-08 04:30:37,174 ===> Epoch 23 Complete: Avg. Loss: 0.1253
2020-02-08 04:30:37,176 ====> Extracting Features
2020-02-08 04:31:11,596 ==> Batch (50/108)
2020-02-08 04:31:31,541 ==> Batch (100/108)
2020-02-08 04:31:35,681 ====> Building faiss index
2020-02-08 04:31:36,013 ====> Calculating recall @ N
2020-02-08 04:31:38,496 ====> Recall@1: 0.2675
2020-02-08 04:31:38,496 ====> Recall@2: 0.3336
2020-02-08 04:31:38,497 ====> Recall@3: 0.3681
2020-02-08 04:31:38,497 ====> Recall@4: 0.3954
2020-02-08 04:31:38,497 ====> Recall@5: 0.4139
2020-02-08 04:31:38,498 ====> Recall@10: 0.4672
2020-02-08 04:31:38,498 ====> Recall@15: 0.5151
2020-02-08 04:31:38,498 ====> Recall@20: 0.5403
2020-02-08 04:31:38,498 ====> Recall@25: 0.5600
2020-02-08 04:31:38,940 Performance did not improve for 10 epochs. Stopping.
2020-02-08 04:31:38,940 => Best Recall@5: 0.5023
2020-02-08 04:36:39,027 Finished...
2020-02-08 10:06:43,674 Finished...
