2020-01-13 07:51:00,327 Namespace(arch='alexnet', batchSize=12, cacheBatchSize=96, cachePath='/home/annora/NetVLAD/output/', cacheRefreshRate=3000, ckpt='best', contilearn=True, dataPath='/home/annora/NetVLAD/output/data/', dataset='robotcar', evalEvery=1, fromscratch=True, fromtask='/home/annora/NetVLAD/output/runs/2020-01-12-22-31-39_alexnet_netvlad', lr=0.01, lrGamma=0.5, lrStep=5, margin=0.1, mode='train', momentum=0.9, nEpochs=30, nGPU=1, nocuda=False, num_clusters=64, optim='SGD', patience=10, pooling='netvlad', premodel='imagenet', resume='', runsPath='/home/annora/NetVLAD/output/runs/', savePath='checkpoints', seed=123, split='val', start_epoch=0, threads=8, vladv2=False, weightDecay=0.001)
2020-01-13 07:51:00,449 ===> Loading dataset(s)
2020-01-13 07:51:00,449 trainfile ------>>>>>> oxRobocar_doubleN_train.mat
2020-01-13 07:51:03,014 ====> Training set: oxRobocar_doubleN_train.mat, query set count: 6404
2020-01-13 07:51:03,109 ===> Evaluating on val set: oxRobocar_doubleN_val.mat, query count: 3450
2020-01-13 07:51:03,109 ===> Building model
2020-01-13 07:51:03,163 encoder moder:
AlexNet(
  (conv1): Sequential(
    (0): Conv2d(3, 64, kernel_size=(11, 11), stride=(4, 4), padding=(2, 2))
    (1): ReLU(inplace)
    (2): MaxPool2d(kernel_size=3, stride=2, padding=0, dilation=1, ceil_mode=False)
  )
  (conv2): Sequential(
    (0): Conv2d(64, 192, kernel_size=(5, 5), stride=(1, 1), padding=(2, 2))
    (1): ReLU(inplace)
    (2): MaxPool2d(kernel_size=3, stride=2, padding=0, dilation=1, ceil_mode=False)
  )
  (conv3): Sequential(
    (0): Conv2d(192, 384, kernel_size=(3, 3), stride=(1, 1), padding=(1, 1))
    (1): ReLU(inplace)
  )
  (conv4): Sequential(
    (0): Conv2d(384, 256, kernel_size=(3, 3), stride=(1, 1), padding=(1, 1))
    (1): ReLU(inplace)
  )
  (conv5): Sequential(
    (0): Conv2d(256, 256, kernel_size=(3, 3), stride=(1, 1), padding=(1, 1))
  )
)
2020-01-13 07:51:09,023 => loading checkpoint '/home/annora/NetVLAD/output/runs/2020-01-12-22-31-39_alexnet_netvlad/checkpoints/model_best.pth.tar'
2020-01-13 07:51:09,305 => loaded checkpoint '/home/annora/NetVLAD/output/runs/2020-01-12-22-31-39_alexnet_netvlad/checkpoints/model_best.pth.tar' 
2020-01-13 07:51:09,306 ===> Training model
2020-01-13 07:51:09,308 ===> Saving state to: /home/annora/NetVLAD/output/runs/2020-01-13-07-51-09_alexnet_netvlad
2020-01-13 07:51:09,308 ====> Building Cache
2020-01-13 07:51:09,308 feature cache--->>> /home/annora/NetVLAD/output/train_feat_cache1.hdf5
2020-01-13 07:52:37,340 Allocated:99.47119140625 MB
2020-01-13 07:52:37,340 Cached:2864.375 MB
2020-01-13 07:55:20,369 ==> Epoch[1](50/534): Loss: 0.1843
2020-01-13 07:55:20,371 Allocated:121.28369140625 MB
2020-01-13 07:55:20,372 Cached:6757.375 MB
2020-01-13 07:57:20,758 ==> Epoch[1](100/534): Loss: 0.2488
2020-01-13 07:57:20,760 Allocated:121.28369140625 MB
2020-01-13 07:57:20,760 Cached:6757.375 MB
2020-01-13 07:59:19,601 ==> Epoch[1](150/534): Loss: 0.2397
2020-01-13 07:59:19,602 Allocated:121.65869140625 MB
2020-01-13 07:59:19,603 Cached:6757.375 MB
2020-01-13 08:00:28,671 ====> Building Cache
2020-01-13 08:00:28,672 feature cache--->>> /home/annora/NetVLAD/output/train_feat_cache1.hdf5
2020-01-13 08:01:55,794 Allocated:121.908203125 MB
2020-01-13 08:01:55,795 Cached:3149.75 MB
2020-01-13 08:03:28,902 ==> Epoch[1](200/534): Loss: 0.2739
2020-01-13 08:03:28,904 Allocated:121.65869140625 MB
2020-01-13 08:03:28,904 Cached:7040.75 MB
2020-01-13 08:05:20,888 ==> Epoch[1](250/534): Loss: 0.2156
2020-01-13 08:05:20,890 Allocated:121.65869140625 MB
2020-01-13 08:05:20,890 Cached:7040.75 MB
2020-01-13 08:07:19,684 ==> Epoch[1](300/534): Loss: 0.1837
2020-01-13 08:07:19,686 Allocated:121.65869140625 MB
2020-01-13 08:07:19,687 Cached:7040.75 MB
2020-01-13 08:09:22,648 ==> Epoch[1](350/534): Loss: 0.1248
2020-01-13 08:09:22,649 Allocated:121.65869140625 MB
2020-01-13 08:09:22,650 Cached:7040.75 MB
2020-01-13 08:09:38,035 ====> Building Cache
2020-01-13 08:09:38,036 feature cache--->>> /home/annora/NetVLAD/output/train_feat_cache1.hdf5
2020-01-13 08:11:21,575 Allocated:122.658203125 MB
2020-01-13 08:11:21,576 Cached:3149.75 MB
2020-01-13 08:14:20,512 ==> Epoch[1](400/534): Loss: 0.1248
2020-01-13 08:14:20,513 Allocated:121.65869140625 MB
2020-01-13 08:14:20,514 Cached:7040.75 MB
2020-01-13 08:16:39,402 ==> Epoch[1](450/534): Loss: 0.0518
2020-01-13 08:16:39,405 Allocated:121.65869140625 MB
2020-01-13 08:16:39,405 Cached:7040.75 MB
2020-01-13 08:19:01,945 ==> Epoch[1](500/534): Loss: 0.0681
2020-01-13 08:19:01,948 Allocated:122.03369140625 MB
2020-01-13 08:19:01,949 Cached:7040.75 MB
2020-01-13 08:20:29,718 ===> Epoch 1 Complete: Avg. Loss: 0.1840
2020-01-13 08:20:29,720 ====> Extracting Features
2020-01-13 08:21:10,725 ==> Batch (50/108)
2020-01-13 08:21:36,342 ==> Batch (100/108)
2020-01-13 08:21:41,433 ====> Building faiss index
2020-01-13 08:21:41,801 ====> Calculating recall @ N
2020-01-13 08:21:44,206 ====> Recall@1: 0.3846
2020-01-13 08:21:44,207 ====> Recall@2: 0.4336
2020-01-13 08:21:44,207 ====> Recall@3: 0.4678
2020-01-13 08:21:44,208 ====> Recall@4: 0.4925
2020-01-13 08:21:44,208 ====> Recall@5: 0.5099
2020-01-13 08:21:44,208 ====> Recall@10: 0.5722
2020-01-13 08:21:44,208 ====> Recall@15: 0.6125
2020-01-13 08:21:44,209 ====> Recall@20: 0.6374
2020-01-13 08:21:44,209 ====> Recall@25: 0.6528
2020-01-13 08:21:44,548 ====> Building Cache
2020-01-13 08:21:44,549 feature cache--->>> /home/annora/NetVLAD/output/train_feat_cache1.hdf5
2020-01-13 08:23:20,582 Allocated:119.65869140625 MB
2020-01-13 08:23:20,583 Cached:3151.75 MB
2020-01-13 08:26:32,125 ==> Epoch[2](50/534): Loss: 0.1136
2020-01-13 08:26:32,127 Allocated:121.65869140625 MB
2020-01-13 08:26:32,128 Cached:8277.75 MB
2020-01-13 08:28:41,744 ==> Epoch[2](100/534): Loss: 0.0603
2020-01-13 08:28:41,746 Allocated:122.03369140625 MB
2020-01-13 08:28:41,747 Cached:8277.75 MB
2020-01-13 08:30:54,188 ==> Epoch[2](150/534): Loss: 0.0704
2020-01-13 08:30:54,190 Allocated:121.65869140625 MB
2020-01-13 08:30:54,191 Cached:8277.75 MB
2020-01-13 08:32:09,211 ====> Building Cache
2020-01-13 08:32:09,212 feature cache--->>> /home/annora/NetVLAD/output/train_feat_cache1.hdf5
2020-01-13 08:33:38,903 Allocated:122.658203125 MB
2020-01-13 08:33:38,903 Cached:3149.75 MB
2020-01-13 08:35:40,462 ==> Epoch[2](200/534): Loss: 0.1805
2020-01-13 08:35:40,465 Allocated:122.03369140625 MB
2020-01-13 08:35:40,465 Cached:4700.375 MB
2020-01-13 08:38:03,869 ==> Epoch[2](250/534): Loss: 0.1188
2020-01-13 08:38:03,870 Allocated:121.15869140625 MB
2020-01-13 08:38:03,871 Cached:4700.375 MB
2020-01-13 08:40:14,765 ==> Epoch[2](300/534): Loss: 0.1062
2020-01-13 08:40:14,767 Allocated:121.28369140625 MB
2020-01-13 08:40:14,767 Cached:4700.375 MB
2020-01-13 08:42:28,600 ==> Epoch[2](350/534): Loss: 0.1349
2020-01-13 08:42:28,602 Allocated:122.03369140625 MB
2020-01-13 08:42:28,602 Cached:7296.0 MB
2020-01-13 08:42:43,403 ====> Building Cache
2020-01-13 08:42:43,404 feature cache--->>> /home/annora/NetVLAD/output/train_feat_cache1.hdf5
2020-01-13 08:44:16,280 Allocated:122.658203125 MB
2020-01-13 08:44:16,282 Cached:2829.5 MB
2020-01-13 08:46:52,359 ==> Epoch[2](400/534): Loss: 0.0974
2020-01-13 08:46:52,361 Allocated:122.03369140625 MB
2020-01-13 08:46:52,361 Cached:6720.5 MB
2020-01-13 08:49:03,687 ==> Epoch[2](450/534): Loss: 0.0718
2020-01-13 08:49:03,689 Allocated:122.03369140625 MB
2020-01-13 08:49:03,689 Cached:6720.5 MB
2020-01-13 08:51:15,528 ==> Epoch[2](500/534): Loss: 0.0608
2020-01-13 08:51:15,529 Allocated:121.28369140625 MB
2020-01-13 08:51:15,530 Cached:6720.5 MB
2020-01-13 08:52:35,535 ===> Epoch 2 Complete: Avg. Loss: 0.1112
2020-01-13 08:52:35,537 ====> Extracting Features
2020-01-13 08:53:15,222 ==> Batch (50/108)
2020-01-13 08:53:40,376 ==> Batch (100/108)
2020-01-13 08:53:45,512 ====> Building faiss index
2020-01-13 08:53:45,906 ====> Calculating recall @ N
2020-01-13 08:53:48,206 ====> Recall@1: 0.4528
2020-01-13 08:53:48,206 ====> Recall@2: 0.5290
2020-01-13 08:53:48,207 ====> Recall@3: 0.5774
2020-01-13 08:53:48,207 ====> Recall@4: 0.6070
2020-01-13 08:53:48,207 ====> Recall@5: 0.6200
2020-01-13 08:53:48,208 ====> Recall@10: 0.6525
2020-01-13 08:53:48,208 ====> Recall@15: 0.6722
2020-01-13 08:53:48,208 ====> Recall@20: 0.6878
2020-01-13 08:53:48,208 ====> Recall@25: 0.6980
2020-01-13 08:53:48,985 ====> Building Cache
2020-01-13 08:53:48,986 feature cache--->>> /home/annora/NetVLAD/output/train_feat_cache1.hdf5
2020-01-13 08:55:21,959 Allocated:119.28369140625 MB
2020-01-13 08:55:21,960 Cached:4477.25 MB
2020-01-13 08:58:19,734 ==> Epoch[3](50/534): Loss: 0.0821
2020-01-13 08:58:19,736 Allocated:121.28369140625 MB
2020-01-13 08:58:19,737 Cached:4429.75 MB
2020-01-13 09:00:35,656 ==> Epoch[3](100/534): Loss: 0.0925
2020-01-13 09:00:35,658 Allocated:121.28369140625 MB
2020-01-13 09:00:35,658 Cached:7025.375 MB
2020-01-13 09:02:47,126 ==> Epoch[3](150/534): Loss: 0.0590
2020-01-13 09:02:47,129 Allocated:122.03369140625 MB
2020-01-13 09:02:47,129 Cached:7025.375 MB
2020-01-13 09:03:52,947 ====> Building Cache
2020-01-13 09:03:52,948 feature cache--->>> /home/annora/NetVLAD/output/train_feat_cache1.hdf5
2020-01-13 09:05:24,933 Allocated:122.408203125 MB
2020-01-13 09:05:24,934 Cached:2942.5 MB
2020-01-13 09:07:14,826 ==> Epoch[3](200/534): Loss: 0.1189
2020-01-13 09:07:14,830 Allocated:122.28369140625 MB
2020-01-13 09:07:14,830 Cached:6103.0 MB
2020-01-13 09:09:18,546 ==> Epoch[3](250/534): Loss: 0.1725
2020-01-13 09:09:18,550 Allocated:121.15869140625 MB
2020-01-13 09:09:18,550 Cached:6103.0 MB
2020-01-13 09:11:18,836 ==> Epoch[3](300/534): Loss: 0.1280
2020-01-13 09:11:18,838 Allocated:122.78369140625 MB
2020-01-13 09:11:18,839 Cached:6103.0 MB
2020-01-13 09:13:17,228 ==> Epoch[3](350/534): Loss: 0.1448
2020-01-13 09:13:17,231 Allocated:121.28369140625 MB
2020-01-13 09:13:17,231 Cached:6103.0 MB
2020-01-13 09:13:32,495 ====> Building Cache
2020-01-13 09:13:32,497 feature cache--->>> /home/annora/NetVLAD/output/train_feat_cache1.hdf5
2020-01-13 09:15:18,422 Allocated:122.033203125 MB
2020-01-13 09:15:18,423 Cached:3396.25 MB
2020-01-13 09:17:51,903 ==> Epoch[3](400/534): Loss: 0.0756
2020-01-13 09:17:51,906 Allocated:122.03369140625 MB
2020-01-13 09:17:51,906 Cached:9816.25 MB
2020-01-13 09:19:50,161 ==> Epoch[3](450/534): Loss: 0.0837
2020-01-13 09:19:50,163 Allocated:121.28369140625 MB
2020-01-13 09:19:50,163 Cached:9816.25 MB
2020-01-13 09:21:50,741 ==> Epoch[3](500/534): Loss: 0.0370
2020-01-13 09:21:50,744 Allocated:121.28369140625 MB
2020-01-13 09:21:50,744 Cached:9816.25 MB
2020-01-13 09:23:12,102 ===> Epoch 3 Complete: Avg. Loss: 0.0993
2020-01-13 09:23:12,104 ====> Extracting Features
2020-01-13 09:23:55,902 ==> Batch (50/108)
2020-01-13 09:24:19,514 ==> Batch (100/108)
2020-01-13 09:24:24,623 ====> Building faiss index
2020-01-13 09:24:25,006 ====> Calculating recall @ N
2020-01-13 09:24:27,360 ====> Recall@1: 0.5072
2020-01-13 09:24:27,361 ====> Recall@2: 0.5568
2020-01-13 09:24:27,361 ====> Recall@3: 0.5846
2020-01-13 09:24:27,361 ====> Recall@4: 0.6064
2020-01-13 09:24:27,362 ====> Recall@5: 0.6414
2020-01-13 09:24:27,362 ====> Recall@10: 0.6762
2020-01-13 09:24:27,362 ====> Recall@15: 0.6901
2020-01-13 09:24:27,362 ====> Recall@20: 0.7003
2020-01-13 09:24:27,362 ====> Recall@25: 0.7087
2020-01-13 09:24:28,147 ====> Building Cache
2020-01-13 09:24:28,148 feature cache--->>> /home/annora/NetVLAD/output/train_feat_cache1.hdf5
2020-01-13 09:26:01,372 Allocated:119.65869140625 MB
2020-01-13 09:26:01,372 Cached:4486.25 MB
2020-01-13 09:28:45,688 ==> Epoch[4](50/534): Loss: 0.0470
2020-01-13 09:28:45,691 Allocated:121.90869140625 MB
2020-01-13 09:28:45,692 Cached:7073.25 MB
2020-01-13 09:30:40,348 ==> Epoch[4](100/534): Loss: 0.0199
2020-01-13 09:30:40,351 Allocated:121.90869140625 MB
2020-01-13 09:30:40,351 Cached:7073.25 MB
2020-01-13 09:32:51,615 ==> Epoch[4](150/534): Loss: 0.0858
2020-01-13 09:32:51,617 Allocated:122.40869140625 MB
2020-01-13 09:32:51,618 Cached:7073.25 MB
2020-01-13 09:33:55,655 ====> Building Cache
2020-01-13 09:33:55,655 feature cache--->>> /home/annora/NetVLAD/output/train_feat_cache1.hdf5
2020-01-13 09:35:26,272 Allocated:121.533203125 MB
2020-01-13 09:35:26,273 Cached:2825.25 MB
2020-01-13 09:37:01,056 ==> Epoch[4](200/534): Loss: 0.0816
2020-01-13 09:37:01,059 Allocated:121.90869140625 MB
2020-01-13 09:37:01,059 Cached:7243.75 MB
2020-01-13 09:38:58,875 ==> Epoch[4](250/534): Loss: 0.0890
2020-01-13 09:38:58,878 Allocated:121.28369140625 MB
2020-01-13 09:38:58,878 Cached:7243.75 MB
2020-01-13 09:41:13,963 ==> Epoch[4](300/534): Loss: 0.0966
2020-01-13 09:41:13,965 Allocated:121.90869140625 MB
2020-01-13 09:41:13,966 Cached:7243.75 MB
2020-01-13 09:43:13,796 ==> Epoch[4](350/534): Loss: 0.0293
2020-01-13 09:43:13,798 Allocated:122.40869140625 MB
2020-01-13 09:43:13,798 Cached:7243.75 MB
2020-01-13 09:43:28,672 ====> Building Cache
2020-01-13 09:43:28,673 feature cache--->>> /home/annora/NetVLAD/output/train_feat_cache1.hdf5
2020-01-13 09:45:01,682 Allocated:121.158203125 MB
2020-01-13 09:45:01,683 Cached:3387.25 MB
2020-01-13 09:47:31,386 ==> Epoch[4](400/534): Loss: 0.1092
2020-01-13 09:47:31,388 Allocated:121.65869140625 MB
2020-01-13 09:47:31,388 Cached:8518.375 MB
2020-01-13 09:49:39,109 ==> Epoch[4](450/534): Loss: 0.0369
2020-01-13 09:49:39,112 Allocated:121.28369140625 MB
2020-01-13 09:49:39,113 Cached:8518.375 MB
2020-01-13 09:51:41,695 ==> Epoch[4](500/534): Loss: 0.0633
2020-01-13 09:51:41,697 Allocated:122.03369140625 MB
2020-01-13 09:51:41,697 Cached:8518.375 MB
2020-01-13 09:53:02,728 ===> Epoch 4 Complete: Avg. Loss: 0.0839
2020-01-13 09:53:02,729 ====> Extracting Features
2020-01-13 09:53:41,610 ==> Batch (50/108)
2020-01-13 09:54:05,411 ==> Batch (100/108)
2020-01-13 09:54:10,567 ====> Building faiss index
2020-01-13 09:54:10,933 ====> Calculating recall @ N
2020-01-13 09:54:13,191 ====> Recall@1: 0.4336
2020-01-13 09:54:13,192 ====> Recall@2: 0.5139
2020-01-13 09:54:13,193 ====> Recall@3: 0.5420
2020-01-13 09:54:13,193 ====> Recall@4: 0.5594
2020-01-13 09:54:13,193 ====> Recall@5: 0.5725
2020-01-13 09:54:13,193 ====> Recall@10: 0.6142
2020-01-13 09:54:13,194 ====> Recall@15: 0.6452
2020-01-13 09:54:13,194 ====> Recall@20: 0.6687
2020-01-13 09:54:13,194 ====> Recall@25: 0.6852
2020-01-13 09:54:13,649 ====> Building Cache
2020-01-13 09:54:13,649 feature cache--->>> /home/annora/NetVLAD/output/train_feat_cache1.hdf5
2020-01-13 09:55:44,992 Allocated:119.65869140625 MB
2020-01-13 09:55:44,993 Cached:4476.25 MB
2020-01-13 09:58:45,818 ==> Epoch[5](50/534): Loss: 0.0952
2020-01-13 09:58:45,821 Allocated:121.28369140625 MB
2020-01-13 09:58:45,821 Cached:8051.375 MB
2020-01-13 10:00:44,910 ==> Epoch[5](100/534): Loss: 0.0542
2020-01-13 10:00:44,912 Allocated:121.28369140625 MB
2020-01-13 10:00:44,912 Cached:8051.375 MB
2020-01-13 10:02:51,450 ==> Epoch[5](150/534): Loss: 0.0440
2020-01-13 10:02:51,452 Allocated:121.15869140625 MB
2020-01-13 10:02:51,452 Cached:8051.375 MB
2020-01-13 10:04:02,867 ====> Building Cache
2020-01-13 10:04:02,868 feature cache--->>> /home/annora/NetVLAD/output/train_feat_cache1.hdf5
2020-01-13 10:05:37,666 Allocated:122.033203125 MB
2020-01-13 10:05:37,667 Cached:3559.625 MB
2020-01-13 10:07:19,719 ==> Epoch[5](200/534): Loss: 0.1706
2020-01-13 10:07:19,721 Allocated:121.90869140625 MB
2020-01-13 10:07:19,722 Cached:8420.5 MB
2020-01-13 10:09:22,938 ==> Epoch[5](250/534): Loss: 0.2151
2020-01-13 10:09:22,940 Allocated:121.28369140625 MB
2020-01-13 10:09:22,941 Cached:9684.0 MB
2020-01-13 10:11:17,244 ==> Epoch[5](300/534): Loss: 0.0985
2020-01-13 10:11:17,246 Allocated:122.40869140625 MB
2020-01-13 10:11:17,246 Cached:9684.0 MB
2020-01-13 10:13:10,376 ==> Epoch[5](350/534): Loss: 0.1000
2020-01-13 10:13:10,378 Allocated:122.53369140625 MB
2020-01-13 10:13:10,378 Cached:9684.0 MB
2020-01-13 10:13:24,960 ====> Building Cache
2020-01-13 10:13:24,961 feature cache--->>> /home/annora/NetVLAD/output/train_feat_cache1.hdf5
2020-01-13 10:14:59,356 Allocated:122.783203125 MB
2020-01-13 10:14:59,357 Cached:3559.625 MB
2020-01-13 10:17:40,249 ==> Epoch[5](400/534): Loss: 0.0489
2020-01-13 10:17:40,252 Allocated:122.03369140625 MB
2020-01-13 10:17:40,252 Cached:3449.625 MB
2020-01-13 10:19:39,045 ==> Epoch[5](450/534): Loss: 0.0546
2020-01-13 10:19:39,048 Allocated:121.15869140625 MB
2020-01-13 10:19:39,048 Cached:6496.25 MB
2020-01-13 10:21:33,061 ==> Epoch[5](500/534): Loss: 0.1046
2020-01-13 10:21:33,063 Allocated:121.90869140625 MB
2020-01-13 10:21:33,063 Cached:6496.25 MB
2020-01-13 10:22:49,636 ===> Epoch 5 Complete: Avg. Loss: 0.0859
2020-01-13 10:22:49,637 ====> Extracting Features
2020-01-13 10:23:28,830 ==> Batch (50/108)
2020-01-13 10:23:53,218 ==> Batch (100/108)
2020-01-13 10:23:57,318 ====> Building faiss index
2020-01-13 10:23:57,684 ====> Calculating recall @ N
2020-01-13 10:23:59,816 ====> Recall@1: 0.5081
2020-01-13 10:23:59,817 ====> Recall@2: 0.5588
2020-01-13 10:23:59,817 ====> Recall@3: 0.5933
2020-01-13 10:23:59,817 ====> Recall@4: 0.6113
2020-01-13 10:23:59,818 ====> Recall@5: 0.6255
2020-01-13 10:23:59,818 ====> Recall@10: 0.6667
2020-01-13 10:23:59,818 ====> Recall@15: 0.6986
2020-01-13 10:23:59,818 ====> Recall@20: 0.7197
2020-01-13 10:23:59,818 ====> Recall@25: 0.7357
2020-01-13 10:24:00,251 ====> Building Cache
2020-01-13 10:24:00,252 feature cache--->>> /home/annora/NetVLAD/output/train_feat_cache1.hdf5
2020-01-13 10:25:35,204 Allocated:120.40869140625 MB
2020-01-13 10:25:35,204 Cached:4224.375 MB
2020-01-13 10:28:32,150 ==> Epoch[6](50/534): Loss: 0.1105
2020-01-13 10:28:32,152 Allocated:121.15869140625 MB
2020-01-13 10:28:32,153 Cached:3170.625 MB
2020-01-13 10:30:20,574 ==> Epoch[6](100/534): Loss: 0.1012
2020-01-13 10:30:20,576 Allocated:121.15869140625 MB
2020-01-13 10:30:20,576 Cached:3170.625 MB
2020-01-13 10:32:29,770 ==> Epoch[6](150/534): Loss: 0.0669
2020-01-13 10:32:29,773 Allocated:122.03369140625 MB
2020-01-13 10:32:29,774 Cached:7046.625 MB
2020-01-13 10:33:39,980 ====> Building Cache
2020-01-13 10:33:39,981 feature cache--->>> /home/annora/NetVLAD/output/train_feat_cache1.hdf5
2020-01-13 10:35:25,303 Allocated:121.158203125 MB
2020-01-13 10:35:25,303 Cached:3421.125 MB
2020-01-13 10:37:06,420 ==> Epoch[6](200/534): Loss: 0.1242
2020-01-13 10:37:06,423 Allocated:122.40869140625 MB
2020-01-13 10:37:06,423 Cached:9427.625 MB
2020-01-13 10:39:08,408 ==> Epoch[6](250/534): Loss: 0.1573
2020-01-13 10:39:08,411 Allocated:121.90869140625 MB
2020-01-13 10:39:08,412 Cached:8465.125 MB
2020-01-13 10:41:16,420 ==> Epoch[6](300/534): Loss: 0.1947
2020-01-13 10:41:16,423 Allocated:122.28369140625 MB
2020-01-13 10:41:16,423 Cached:8465.125 MB
2020-01-13 10:43:14,952 ==> Epoch[6](350/534): Loss: 0.0338
2020-01-13 10:43:14,954 Allocated:121.53369140625 MB
2020-01-13 10:43:14,954 Cached:8465.125 MB
2020-01-13 10:43:27,825 ====> Building Cache
2020-01-13 10:43:27,826 feature cache--->>> /home/annora/NetVLAD/output/train_feat_cache1.hdf5
2020-01-13 10:44:59,035 Allocated:121.283203125 MB
2020-01-13 10:44:59,036 Cached:2862.75 MB
2020-01-13 10:47:34,794 ==> Epoch[6](400/534): Loss: 0.0820
2020-01-13 10:47:34,797 Allocated:121.28369140625 MB
2020-01-13 10:47:34,797 Cached:7787.375 MB
2020-01-13 10:49:30,272 ==> Epoch[6](450/534): Loss: 0.0438
2020-01-13 10:49:30,275 Allocated:121.15869140625 MB
2020-01-13 10:49:30,275 Cached:7787.375 MB
2020-01-13 10:51:39,101 ==> Epoch[6](500/534): Loss: 0.0188
2020-01-13 10:51:39,104 Allocated:121.53369140625 MB
2020-01-13 10:51:39,105 Cached:3310.875 MB
2020-01-13 10:52:57,131 ===> Epoch 6 Complete: Avg. Loss: 0.0792
2020-01-13 10:52:57,132 ====> Extracting Features
2020-01-13 10:53:36,202 ==> Batch (50/108)
2020-01-13 10:54:01,110 ==> Batch (100/108)
2020-01-13 10:54:06,075 ====> Building faiss index
2020-01-13 10:54:06,450 ====> Calculating recall @ N
2020-01-13 10:54:08,850 ====> Recall@1: 0.3945
2020-01-13 10:54:08,851 ====> Recall@2: 0.4545
2020-01-13 10:54:08,852 ====> Recall@3: 0.4994
2020-01-13 10:54:08,852 ====> Recall@4: 0.5267
2020-01-13 10:54:08,852 ====> Recall@5: 0.5435
2020-01-13 10:54:08,852 ====> Recall@10: 0.5875
2020-01-13 10:54:08,852 ====> Recall@15: 0.6133
2020-01-13 10:54:08,853 ====> Recall@20: 0.6371
2020-01-13 10:54:08,853 ====> Recall@25: 0.6609
2020-01-13 10:54:09,333 ====> Building Cache
2020-01-13 10:54:09,334 feature cache--->>> /home/annora/NetVLAD/output/train_feat_cache1.hdf5
2020-01-13 10:55:42,125 Allocated:119.15869140625 MB
2020-01-13 10:55:42,126 Cached:4222.125 MB
2020-01-13 10:58:21,638 ==> Epoch[7](50/534): Loss: 0.0546
2020-01-13 10:58:21,640 Allocated:121.28369140625 MB
2020-01-13 10:58:21,641 Cached:7924.625 MB
2020-01-13 11:00:36,958 ==> Epoch[7](100/534): Loss: 0.0622
2020-01-13 11:00:36,961 Allocated:122.15869140625 MB
2020-01-13 11:00:36,961 Cached:6127.875 MB
2020-01-13 11:02:33,679 ==> Epoch[7](150/534): Loss: 0.0169
2020-01-13 11:02:33,682 Allocated:121.15869140625 MB
2020-01-13 11:02:33,682 Cached:6127.875 MB
2020-01-13 11:03:36,604 ====> Building Cache
2020-01-13 11:03:36,606 feature cache--->>> /home/annora/NetVLAD/output/train_feat_cache1.hdf5
2020-01-13 11:05:09,949 Allocated:121.658203125 MB
2020-01-13 11:05:09,950 Cached:2827.625 MB
2020-01-13 11:06:45,979 ==> Epoch[7](200/534): Loss: 0.1740
2020-01-13 11:06:45,982 Allocated:121.15869140625 MB
2020-01-13 11:06:45,982 Cached:7427.375 MB
2020-01-13 11:08:45,559 ==> Epoch[7](250/534): Loss: 0.0607
2020-01-13 11:08:45,561 Allocated:122.15869140625 MB
2020-01-13 11:08:45,562 Cached:8657.75 MB
2020-01-13 11:10:36,463 ==> Epoch[7](300/534): Loss: 0.1743
2020-01-13 11:10:36,466 Allocated:121.15869140625 MB
2020-01-13 11:10:36,466 Cached:9888.375 MB
2020-01-13 11:12:28,114 ==> Epoch[7](350/534): Loss: 0.1229
2020-01-13 11:12:28,116 Allocated:122.53369140625 MB
2020-01-13 11:12:28,116 Cached:9888.375 MB
2020-01-13 11:12:41,233 ====> Building Cache
2020-01-13 11:12:41,233 feature cache--->>> /home/annora/NetVLAD/output/train_feat_cache1.hdf5
2020-01-13 11:14:11,561 Allocated:121.408203125 MB
2020-01-13 11:14:11,562 Cached:3559.625 MB
2020-01-13 11:16:46,203 ==> Epoch[7](400/534): Loss: 0.0869
2020-01-13 11:16:46,206 Allocated:121.15869140625 MB
2020-01-13 11:16:46,206 Cached:5403.625 MB
2020-01-13 11:18:46,922 ==> Epoch[7](450/534): Loss: 0.0309
2020-01-13 11:18:46,925 Allocated:121.15869140625 MB
2020-01-13 11:18:46,925 Cached:5404.625 MB
2020-01-13 11:20:43,988 ==> Epoch[7](500/534): Loss: 0.0180
2020-01-13 11:20:43,995 Allocated:121.53369140625 MB
2020-01-13 11:20:43,995 Cached:5404.625 MB
2020-01-13 11:22:01,970 ===> Epoch 7 Complete: Avg. Loss: 0.0771
2020-01-13 11:22:01,971 ====> Extracting Features
2020-01-13 11:22:41,299 ==> Batch (50/108)
2020-01-13 11:23:05,572 ==> Batch (100/108)
2020-01-13 11:23:09,747 ====> Building faiss index
2020-01-13 11:23:10,117 ====> Calculating recall @ N
2020-01-13 11:23:12,389 ====> Recall@1: 0.4354
2020-01-13 11:23:12,389 ====> Recall@2: 0.4881
2020-01-13 11:23:12,390 ====> Recall@3: 0.5328
2020-01-13 11:23:12,390 ====> Recall@4: 0.5675
2020-01-13 11:23:12,390 ====> Recall@5: 0.5980
2020-01-13 11:23:12,390 ====> Recall@10: 0.6414
2020-01-13 11:23:12,391 ====> Recall@15: 0.6623
2020-01-13 11:23:12,391 ====> Recall@20: 0.6823
2020-01-13 11:23:12,391 ====> Recall@25: 0.6954
2020-01-13 11:23:12,852 ====> Building Cache
2020-01-13 11:23:12,853 feature cache--->>> /home/annora/NetVLAD/output/train_feat_cache1.hdf5
2020-01-13 11:24:50,951 Allocated:119.90869140625 MB
2020-01-13 11:24:50,951 Cached:4149.875 MB
2020-01-13 11:27:43,059 ==> Epoch[8](50/534): Loss: 0.0884
2020-01-13 11:27:43,061 Allocated:121.65869140625 MB
2020-01-13 11:27:43,062 Cached:10070.375 MB
2020-01-13 11:29:57,433 ==> Epoch[8](100/534): Loss: 0.0720
2020-01-13 11:29:57,435 Allocated:121.28369140625 MB
2020-01-13 11:29:57,435 Cached:3206.5 MB
2020-01-13 11:32:11,730 ==> Epoch[8](150/534): Loss: 0.1728
2020-01-13 11:32:11,732 Allocated:121.28369140625 MB
2020-01-13 11:32:11,732 Cached:7082.5 MB
2020-01-13 11:33:21,423 ====> Building Cache
2020-01-13 11:33:21,424 feature cache--->>> /home/annora/NetVLAD/output/train_feat_cache1.hdf5
2020-01-13 11:35:00,771 Allocated:121.408203125 MB
2020-01-13 11:35:00,771 Cached:2860.25 MB
2020-01-13 11:36:42,051 ==> Epoch[8](200/534): Loss: 0.1430
2020-01-13 11:36:42,053 Allocated:122.03369140625 MB
2020-01-13 11:36:42,053 Cached:5359.75 MB
2020-01-13 11:38:56,855 ==> Epoch[8](250/534): Loss: 0.0953
2020-01-13 11:38:56,857 Allocated:121.65869140625 MB
2020-01-13 11:38:56,857 Cached:5359.75 MB
2020-01-13 11:41:05,966 ==> Epoch[8](300/534): Loss: 0.1356
2020-01-13 11:41:05,968 Allocated:121.15869140625 MB
2020-01-13 11:41:05,969 Cached:6612.625 MB
2020-01-13 11:43:07,021 ==> Epoch[8](350/534): Loss: 0.1131
2020-01-13 11:43:07,023 Allocated:121.65869140625 MB
2020-01-13 11:43:07,023 Cached:6612.625 MB
2020-01-13 11:43:20,697 ====> Building Cache
2020-01-13 11:43:20,698 feature cache--->>> /home/annora/NetVLAD/output/train_feat_cache1.hdf5
2020-01-13 11:45:02,426 Allocated:121.158203125 MB
2020-01-13 11:45:02,427 Cached:3387.25 MB
2020-01-13 11:47:54,562 ==> Epoch[8](400/534): Loss: 0.0698
2020-01-13 11:47:54,564 Allocated:122.03369140625 MB
2020-01-13 11:47:54,565 Cached:4649.75 MB
2020-01-13 11:50:13,133 ==> Epoch[8](450/534): Loss: 0.0316
2020-01-13 11:50:13,135 Allocated:122.03369140625 MB
2020-01-13 11:50:13,135 Cached:7186.375 MB
2020-01-13 11:52:23,464 ==> Epoch[8](500/534): Loss: 0.0974
2020-01-13 11:52:23,466 Allocated:121.65869140625 MB
2020-01-13 11:52:23,466 Cached:6556.875 MB
2020-01-13 11:53:51,896 ===> Epoch 8 Complete: Avg. Loss: 0.0840
2020-01-13 11:53:51,898 ====> Extracting Features
2020-01-13 11:54:29,178 ==> Batch (50/108)
2020-01-13 11:54:54,341 ==> Batch (100/108)
2020-01-13 11:54:59,363 ====> Building faiss index
2020-01-13 11:54:59,729 ====> Calculating recall @ N
2020-01-13 11:55:02,075 ====> Recall@1: 0.4748
2020-01-13 11:55:02,075 ====> Recall@2: 0.5188
2020-01-13 11:55:02,076 ====> Recall@3: 0.5478
2020-01-13 11:55:02,076 ====> Recall@4: 0.5803
2020-01-13 11:55:02,076 ====> Recall@5: 0.6017
2020-01-13 11:55:02,077 ====> Recall@10: 0.6690
2020-01-13 11:55:02,077 ====> Recall@15: 0.6954
2020-01-13 11:55:02,077 ====> Recall@20: 0.7206
2020-01-13 11:55:02,077 ====> Recall@25: 0.7325
2020-01-13 11:55:02,518 ====> Building Cache
2020-01-13 11:55:02,519 feature cache--->>> /home/annora/NetVLAD/output/train_feat_cache1.hdf5
2020-01-13 11:56:33,190 Allocated:119.78369140625 MB
2020-01-13 11:56:33,190 Cached:4244.0 MB
2020-01-13 11:59:42,449 ==> Epoch[9](50/534): Loss: 0.1344
2020-01-13 11:59:42,451 Allocated:121.53369140625 MB
2020-01-13 11:59:42,452 Cached:5428.25 MB
2020-01-13 12:01:41,448 ==> Epoch[9](100/534): Loss: 0.0650
2020-01-13 12:01:41,451 Allocated:121.53369140625 MB
2020-01-13 12:01:41,451 Cached:5428.25 MB
2020-01-13 12:03:42,720 ==> Epoch[9](150/534): Loss: 0.0941
2020-01-13 12:03:42,722 Allocated:121.15869140625 MB
2020-01-13 12:03:42,722 Cached:5428.25 MB
2020-01-13 12:04:50,278 ====> Building Cache
2020-01-13 12:04:50,279 feature cache--->>> /home/annora/NetVLAD/output/train_feat_cache1.hdf5
2020-01-13 12:06:22,029 Allocated:121.158203125 MB
2020-01-13 12:06:22,030 Cached:3140.25 MB
2020-01-13 12:08:10,373 ==> Epoch[9](200/534): Loss: 0.2666
2020-01-13 12:08:10,376 Allocated:121.40869140625 MB
2020-01-13 12:08:10,377 Cached:4627.5 MB
2020-01-13 12:10:29,205 ==> Epoch[9](250/534): Loss: 0.1076
2020-01-13 12:10:29,209 Allocated:122.15869140625 MB
2020-01-13 12:10:29,209 Cached:4627.5 MB
2020-01-13 12:12:32,927 ==> Epoch[9](300/534): Loss: 0.1071
2020-01-13 12:12:32,929 Allocated:121.28369140625 MB
2020-01-13 12:12:32,930 Cached:4627.5 MB
2020-01-13 12:14:37,627 ==> Epoch[9](350/534): Loss: 0.1254
2020-01-13 12:14:37,629 Allocated:122.03369140625 MB
2020-01-13 12:14:37,630 Cached:4627.5 MB
2020-01-13 12:14:53,100 ====> Building Cache
2020-01-13 12:14:53,101 feature cache--->>> /home/annora/NetVLAD/output/train_feat_cache1.hdf5
2020-01-13 12:16:25,417 Allocated:122.033203125 MB
2020-01-13 12:16:25,418 Cached:3387.25 MB
2020-01-13 12:19:05,566 ==> Epoch[9](400/534): Loss: 0.1285
2020-01-13 12:19:05,569 Allocated:122.03369140625 MB
2020-01-13 12:19:05,569 Cached:5886.75 MB
2020-01-13 12:21:06,840 ==> Epoch[9](450/534): Loss: 0.0961
2020-01-13 12:21:06,842 Allocated:121.28369140625 MB
2020-01-13 12:21:06,842 Cached:5886.75 MB
2020-01-13 12:23:08,256 ==> Epoch[9](500/534): Loss: 0.0661
2020-01-13 12:23:08,257 Allocated:122.15869140625 MB
2020-01-13 12:23:08,258 Cached:9724.875 MB
2020-01-13 12:24:26,285 ===> Epoch 9 Complete: Avg. Loss: 0.0935
2020-01-13 12:24:26,286 ====> Extracting Features
2020-01-13 12:25:04,332 ==> Batch (50/108)
2020-01-13 12:25:27,085 ==> Batch (100/108)
2020-01-13 12:25:31,806 ====> Building faiss index
2020-01-13 12:25:32,169 ====> Calculating recall @ N
2020-01-13 12:25:34,504 ====> Recall@1: 0.3835
2020-01-13 12:25:34,504 ====> Recall@2: 0.4623
2020-01-13 12:25:34,505 ====> Recall@3: 0.5032
2020-01-13 12:25:34,505 ====> Recall@4: 0.5267
2020-01-13 12:25:34,505 ====> Recall@5: 0.5501
2020-01-13 12:25:34,506 ====> Recall@10: 0.6151
2020-01-13 12:25:34,506 ====> Recall@15: 0.6423
2020-01-13 12:25:34,506 ====> Recall@20: 0.6658
2020-01-13 12:25:34,506 ====> Recall@25: 0.6919
2020-01-13 12:25:35,247 ====> Building Cache
2020-01-13 12:25:35,248 feature cache--->>> /home/annora/NetVLAD/output/train_feat_cache1.hdf5
2020-01-13 12:27:05,425 Allocated:119.78369140625 MB
2020-01-13 12:27:05,425 Cached:4304.875 MB
2020-01-13 12:30:08,421 ==> Epoch[10](50/534): Loss: 0.0416
2020-01-13 12:30:08,424 Allocated:121.15869140625 MB
2020-01-13 12:30:08,424 Cached:7189.5 MB
2020-01-13 12:32:14,474 ==> Epoch[10](100/534): Loss: 0.1116
2020-01-13 12:32:14,476 Allocated:121.53369140625 MB
2020-01-13 12:32:14,476 Cached:7189.5 MB
2020-01-13 12:34:25,595 ==> Epoch[10](150/534): Loss: 0.0191
2020-01-13 12:34:25,598 Allocated:122.03369140625 MB
2020-01-13 12:34:25,598 Cached:9786.125 MB
2020-01-13 12:35:35,186 ====> Building Cache
2020-01-13 12:35:35,187 feature cache--->>> /home/annora/NetVLAD/output/train_feat_cache1.hdf5
2020-01-13 12:37:15,413 Allocated:122.158203125 MB
2020-01-13 12:37:15,413 Cached:4152.375 MB
2020-01-13 12:38:55,832 ==> Epoch[10](200/534): Loss: 0.1125
2020-01-13 12:38:55,834 Allocated:121.28369140625 MB
2020-01-13 12:38:55,834 Cached:4823.125 MB
2020-01-13 12:41:07,694 ==> Epoch[10](250/534): Loss: 0.1755
2020-01-13 12:41:07,696 Allocated:122.15869140625 MB
2020-01-13 12:41:07,696 Cached:4824.125 MB
2020-01-13 12:43:11,292 ==> Epoch[10](300/534): Loss: 0.0763
2020-01-13 12:43:11,294 Allocated:122.03369140625 MB
2020-01-13 12:43:11,294 Cached:7422.75 MB
2020-01-13 12:45:09,409 ==> Epoch[10](350/534): Loss: 0.1032
2020-01-13 12:45:09,411 Allocated:121.53369140625 MB
2020-01-13 12:45:09,412 Cached:7422.75 MB
2020-01-13 12:45:22,694 ====> Building Cache
2020-01-13 12:45:22,695 feature cache--->>> /home/annora/NetVLAD/output/train_feat_cache1.hdf5
2020-01-13 12:46:53,759 Allocated:121.158203125 MB
2020-01-13 12:46:53,759 Cached:3557.125 MB
2020-01-13 12:49:17,610 ==> Epoch[10](400/534): Loss: 0.0202
2020-01-13 12:49:17,612 Allocated:122.28369140625 MB
2020-01-13 12:49:17,612 Cached:6043.875 MB
2020-01-13 12:51:06,746 ==> Epoch[10](450/534): Loss: 0.0882
2020-01-13 12:51:06,748 Allocated:121.78369140625 MB
2020-01-13 12:51:06,749 Cached:6043.875 MB
2020-01-13 12:52:55,927 ==> Epoch[10](500/534): Loss: 0.0107
2020-01-13 12:52:55,929 Allocated:121.28369140625 MB
2020-01-13 12:52:55,929 Cached:6043.875 MB
2020-01-13 12:54:09,071 ===> Epoch 10 Complete: Avg. Loss: 0.0678
2020-01-13 12:54:09,072 ====> Extracting Features
2020-01-13 12:54:44,400 ==> Batch (50/108)
2020-01-13 12:55:08,114 ==> Batch (100/108)
2020-01-13 12:55:13,329 ====> Building faiss index
2020-01-13 12:55:13,696 ====> Calculating recall @ N
2020-01-13 12:55:16,004 ====> Recall@1: 0.4174
2020-01-13 12:55:16,005 ====> Recall@2: 0.4980
2020-01-13 12:55:16,005 ====> Recall@3: 0.5380
2020-01-13 12:55:16,005 ====> Recall@4: 0.5568
2020-01-13 12:55:16,006 ====> Recall@5: 0.5748
2020-01-13 12:55:16,006 ====> Recall@10: 0.6330
2020-01-13 12:55:16,006 ====> Recall@15: 0.6719
2020-01-13 12:55:16,006 ====> Recall@20: 0.6971
2020-01-13 12:55:16,006 ====> Recall@25: 0.7145
2020-01-13 12:55:16,450 ====> Building Cache
2020-01-13 12:55:16,451 feature cache--->>> /home/annora/NetVLAD/output/train_feat_cache1.hdf5
2020-01-13 12:56:46,957 Allocated:120.15869140625 MB
2020-01-13 12:56:46,958 Cached:4243.0 MB
2020-01-13 12:59:17,098 ==> Epoch[11](50/534): Loss: 0.0557
2020-01-13 12:59:17,100 Allocated:122.28369140625 MB
2020-01-13 12:59:17,100 Cached:6562.125 MB
2020-01-13 13:01:02,626 ==> Epoch[11](100/534): Loss: 0.0242
2020-01-13 13:01:02,629 Allocated:121.65869140625 MB
2020-01-13 13:01:02,629 Cached:7736.375 MB
2020-01-13 13:02:55,731 ==> Epoch[11](150/534): Loss: 0.1185
2020-01-13 13:02:55,734 Allocated:122.15869140625 MB
2020-01-13 13:02:55,734 Cached:8922.375 MB
2020-01-13 13:03:56,189 ====> Building Cache
2020-01-13 13:03:56,190 feature cache--->>> /home/annora/NetVLAD/output/train_feat_cache1.hdf5
2020-01-13 13:05:32,168 Allocated:121.658203125 MB
2020-01-13 13:05:32,169 Cached:2885.125 MB
2020-01-13 13:07:01,949 ==> Epoch[11](200/534): Loss: 0.0768
2020-01-13 13:07:01,952 Allocated:121.40869140625 MB
2020-01-13 13:07:01,952 Cached:6399.625 MB
2020-01-13 13:08:53,552 ==> Epoch[11](250/534): Loss: 0.3322
2020-01-13 13:08:53,554 Allocated:121.90869140625 MB
2020-01-13 13:08:53,554 Cached:6399.625 MB
2020-01-13 13:10:46,152 ==> Epoch[11](300/534): Loss: 0.1545
2020-01-13 13:10:46,154 Allocated:122.03369140625 MB
2020-01-13 13:10:46,154 Cached:6399.625 MB
2020-01-13 13:12:39,866 ==> Epoch[11](350/534): Loss: 0.0684
2020-01-13 13:12:39,869 Allocated:121.90869140625 MB
2020-01-13 13:12:39,869 Cached:6399.625 MB
2020-01-13 13:12:52,923 ====> Building Cache
2020-01-13 13:12:52,924 feature cache--->>> /home/annora/NetVLAD/output/train_feat_cache1.hdf5
2020-01-13 13:14:27,873 Allocated:121.158203125 MB
2020-01-13 13:14:27,874 Cached:3387.25 MB
2020-01-13 13:16:53,786 ==> Epoch[11](400/534): Loss: 0.0644
2020-01-13 13:16:53,788 Allocated:122.03369140625 MB
2020-01-13 13:16:53,788 Cached:6991.0 MB
2020-01-13 13:18:45,583 ==> Epoch[11](450/534): Loss: 0.0315
2020-01-13 13:18:45,585 Allocated:121.28369140625 MB
2020-01-13 13:18:45,586 Cached:8208.875 MB
2020-01-13 13:20:48,972 ==> Epoch[11](500/534): Loss: 0.0279
2020-01-13 13:20:48,974 Allocated:121.90869140625 MB
2020-01-13 13:20:48,975 Cached:6261.0 MB
2020-01-13 13:22:06,428 ===> Epoch 11 Complete: Avg. Loss: 0.0942
2020-01-13 13:22:06,430 ====> Extracting Features
2020-01-13 13:22:45,114 ==> Batch (50/108)
2020-01-13 13:23:08,396 ==> Batch (100/108)
2020-01-13 13:23:12,983 ====> Building faiss index
2020-01-13 13:23:13,335 ====> Calculating recall @ N
2020-01-13 13:23:15,562 ====> Recall@1: 0.3901
2020-01-13 13:23:15,562 ====> Recall@2: 0.4722
2020-01-13 13:23:15,563 ====> Recall@3: 0.4974
2020-01-13 13:23:15,563 ====> Recall@4: 0.5151
2020-01-13 13:23:15,563 ====> Recall@5: 0.5299
2020-01-13 13:23:15,563 ====> Recall@10: 0.5745
2020-01-13 13:23:15,564 ====> Recall@15: 0.6217
2020-01-13 13:23:15,564 ====> Recall@20: 0.6493
2020-01-13 13:23:15,564 ====> Recall@25: 0.6646
2020-01-13 13:23:15,995 ====> Building Cache
2020-01-13 13:23:15,996 feature cache--->>> /home/annora/NetVLAD/output/train_feat_cache1.hdf5
2020-01-13 13:24:48,247 Allocated:120.03369140625 MB
2020-01-13 13:24:48,247 Cached:4221.625 MB
2020-01-13 13:27:22,760 ==> Epoch[12](50/534): Loss: 0.0623
2020-01-13 13:27:22,763 Allocated:121.28369140625 MB
2020-01-13 13:27:22,764 Cached:5359.25 MB
2020-01-13 13:29:10,125 ==> Epoch[12](100/534): Loss: 0.0533
2020-01-13 13:29:10,128 Allocated:122.03369140625 MB
2020-01-13 13:29:10,128 Cached:8807.625 MB
2020-01-13 13:31:04,335 ==> Epoch[12](150/534): Loss: 0.0874
2020-01-13 13:31:04,339 Allocated:121.90869140625 MB
2020-01-13 13:31:04,339 Cached:9996.75 MB
2020-01-13 13:32:03,951 ====> Building Cache
2020-01-13 13:32:03,952 feature cache--->>> /home/annora/NetVLAD/output/train_feat_cache1.hdf5
2020-01-13 13:33:36,360 Allocated:121.283203125 MB
2020-01-13 13:33:36,361 Cached:3592.5 MB
2020-01-13 13:35:12,224 ==> Epoch[12](200/534): Loss: 0.1264
2020-01-13 13:35:12,229 Allocated:122.15869140625 MB
2020-01-13 13:35:12,229 Cached:9970.125 MB
2020-01-13 13:37:35,777 ==> Epoch[12](250/534): Loss: 0.1219
2020-01-13 13:37:35,779 Allocated:122.53369140625 MB
2020-01-13 13:37:35,780 Cached:9970.125 MB
2020-01-13 13:39:32,491 ==> Epoch[12](300/534): Loss: 0.0377
2020-01-13 13:39:32,495 Allocated:121.53369140625 MB
2020-01-13 13:39:32,495 Cached:9970.125 MB
2020-01-13 13:41:30,489 ==> Epoch[12](350/534): Loss: 0.0319
2020-01-13 13:41:30,492 Allocated:121.90869140625 MB
2020-01-13 13:41:30,492 Cached:9970.125 MB
2020-01-13 13:41:44,009 ====> Building Cache
2020-01-13 13:41:44,010 feature cache--->>> /home/annora/NetVLAD/output/train_feat_cache1.hdf5
2020-01-13 13:43:19,413 Allocated:122.533203125 MB
2020-01-13 13:43:19,414 Cached:3387.25 MB
2020-01-13 13:45:35,885 ==> Epoch[12](400/534): Loss: 0.0553
2020-01-13 13:45:35,887 Allocated:121.15869140625 MB
2020-01-13 13:45:35,887 Cached:4547.0 MB
2020-01-13 13:47:26,364 ==> Epoch[12](450/534): Loss: 0.1074
2020-01-13 13:47:26,367 Allocated:121.15869140625 MB
2020-01-13 13:47:26,367 Cached:4547.0 MB
2020-01-13 13:49:20,910 ==> Epoch[12](500/534): Loss: 0.1129
2020-01-13 13:49:20,912 Allocated:123.03369140625 MB
2020-01-13 13:49:20,913 Cached:6878.5 MB
2020-01-13 13:50:35,111 ===> Epoch 12 Complete: Avg. Loss: 0.0881
2020-01-13 13:50:35,113 ====> Extracting Features
2020-01-13 13:51:13,847 ==> Batch (50/108)
2020-01-13 13:51:38,104 ==> Batch (100/108)
2020-01-13 13:51:42,899 ====> Building faiss index
2020-01-13 13:51:43,248 ====> Calculating recall @ N
2020-01-13 13:51:45,600 ====> Recall@1: 0.3548
2020-01-13 13:51:45,601 ====> Recall@2: 0.4301
2020-01-13 13:51:45,601 ====> Recall@3: 0.4733
2020-01-13 13:51:45,601 ====> Recall@4: 0.4977
2020-01-13 13:51:45,602 ====> Recall@5: 0.5165
2020-01-13 13:51:45,602 ====> Recall@10: 0.5786
2020-01-13 13:51:45,602 ====> Recall@15: 0.6154
2020-01-13 13:51:45,602 ====> Recall@20: 0.6365
2020-01-13 13:51:45,602 ====> Recall@25: 0.6525
2020-01-13 13:51:46,032 ====> Building Cache
2020-01-13 13:51:46,033 feature cache--->>> /home/annora/NetVLAD/output/train_feat_cache1.hdf5
2020-01-13 13:53:16,586 Allocated:120.15869140625 MB
2020-01-13 13:53:16,587 Cached:4304.875 MB
2020-01-13 13:56:13,359 ==> Epoch[13](50/534): Loss: 0.0212
2020-01-13 13:56:13,361 Allocated:121.15869140625 MB
2020-01-13 13:56:13,361 Cached:5485.875 MB
2020-01-13 13:58:17,476 ==> Epoch[13](100/534): Loss: 0.0519
2020-01-13 13:58:17,479 Allocated:121.53369140625 MB
2020-01-13 13:58:17,479 Cached:6692.0 MB
2020-01-13 14:00:15,675 ==> Epoch[13](150/534): Loss: 0.0568
2020-01-13 14:00:15,677 Allocated:121.28369140625 MB
2020-01-13 14:00:15,677 Cached:7917.25 MB
2020-01-13 14:01:18,156 ====> Building Cache
2020-01-13 14:01:18,156 feature cache--->>> /home/annora/NetVLAD/output/train_feat_cache1.hdf5
2020-01-13 14:02:51,218 Allocated:122.783203125 MB
2020-01-13 14:02:51,219 Cached:3387.25 MB
2020-01-13 14:04:24,920 ==> Epoch[13](200/534): Loss: 0.1648
2020-01-13 14:04:24,922 Allocated:121.15869140625 MB
2020-01-13 14:04:24,923 Cached:5766.75 MB
2020-01-13 14:06:13,748 ==> Epoch[13](250/534): Loss: 0.1647
2020-01-13 14:06:13,750 Allocated:121.28369140625 MB
2020-01-13 14:06:13,750 Cached:5766.75 MB
2020-01-13 14:08:07,051 ==> Epoch[13](300/534): Loss: 0.1159
2020-01-13 14:08:07,052 Allocated:122.53369140625 MB
2020-01-13 14:08:07,053 Cached:5766.75 MB
2020-01-13 14:09:57,483 ==> Epoch[13](350/534): Loss: 0.0768
2020-01-13 14:09:57,484 Allocated:122.53369140625 MB
2020-01-13 14:09:57,484 Cached:5766.75 MB
2020-01-13 14:10:09,410 ====> Building Cache
2020-01-13 14:10:09,411 feature cache--->>> /home/annora/NetVLAD/output/train_feat_cache1.hdf5
2020-01-13 14:11:40,620 Allocated:122.158203125 MB
2020-01-13 14:11:40,620 Cached:3387.25 MB
2020-01-13 14:14:28,048 ==> Epoch[13](400/534): Loss: 0.0852
2020-01-13 14:14:28,051 Allocated:121.53369140625 MB
2020-01-13 14:14:28,051 Cached:6151.375 MB
2020-01-13 14:16:33,451 ==> Epoch[13](450/534): Loss: 0.0116
2020-01-13 14:16:33,454 Allocated:121.28369140625 MB
2020-01-13 14:16:33,455 Cached:6151.375 MB
2020-01-13 14:18:49,090 ==> Epoch[13](500/534): Loss: 0.0103
2020-01-13 14:18:49,094 Allocated:121.28369140625 MB
2020-01-13 14:18:49,094 Cached:6151.375 MB
2020-01-13 14:20:10,959 ===> Epoch 13 Complete: Avg. Loss: 0.0923
2020-01-13 14:20:10,960 ====> Extracting Features
2020-01-13 14:20:50,992 ==> Batch (50/108)
2020-01-13 14:21:15,615 ==> Batch (100/108)
2020-01-13 14:21:20,166 ====> Building faiss index
2020-01-13 14:21:20,510 ====> Calculating recall @ N
2020-01-13 14:21:22,718 ====> Recall@1: 0.5217
2020-01-13 14:21:22,719 ====> Recall@2: 0.5646
2020-01-13 14:21:22,719 ====> Recall@3: 0.5878
2020-01-13 14:21:22,719 ====> Recall@4: 0.6038
2020-01-13 14:21:22,719 ====> Recall@5: 0.6197
2020-01-13 14:21:22,720 ====> Recall@10: 0.6577
2020-01-13 14:21:22,720 ====> Recall@15: 0.6762
2020-01-13 14:21:22,720 ====> Recall@20: 0.6899
2020-01-13 14:21:22,720 ====> Recall@25: 0.7000
2020-01-13 14:21:23,161 ====> Building Cache
2020-01-13 14:21:23,162 feature cache--->>> /home/annora/NetVLAD/output/train_feat_cache1.hdf5
2020-01-13 14:22:53,552 Allocated:119.28369140625 MB
2020-01-13 14:22:53,553 Cached:4304.875 MB
2020-01-13 14:25:27,098 ==> Epoch[14](50/534): Loss: 0.0859
2020-01-13 14:25:27,100 Allocated:121.15869140625 MB
2020-01-13 14:25:27,100 Cached:4313.875 MB
2020-01-13 14:27:09,100 ==> Epoch[14](100/534): Loss: 0.1721
2020-01-13 14:27:09,102 Allocated:121.78369140625 MB
2020-01-13 14:27:09,102 Cached:4313.875 MB
2020-01-13 14:28:53,361 ==> Epoch[14](150/534): Loss: 0.0692
2020-01-13 14:28:53,363 Allocated:121.90869140625 MB
2020-01-13 14:28:53,363 Cached:4313.875 MB
2020-01-13 14:29:49,757 ====> Building Cache
2020-01-13 14:29:49,758 feature cache--->>> /home/annora/NetVLAD/output/train_feat_cache1.hdf5
2020-01-13 14:31:23,917 Allocated:121.783203125 MB
2020-01-13 14:31:23,917 Cached:3387.25 MB
2020-01-13 14:33:28,659 ==> Epoch[14](200/534): Loss: 0.0517
2020-01-13 14:33:28,662 Allocated:122.03369140625 MB
2020-01-13 14:33:28,662 Cached:8531.125 MB
2020-01-13 14:35:45,506 ==> Epoch[14](250/534): Loss: 0.0758
2020-01-13 14:35:45,508 Allocated:122.53369140625 MB
2020-01-13 14:35:45,508 Cached:8531.125 MB
2020-01-13 14:37:57,008 ==> Epoch[14](300/534): Loss: 0.0983
2020-01-13 14:37:57,011 Allocated:121.28369140625 MB
2020-01-13 14:37:57,012 Cached:8531.125 MB
2020-01-13 14:40:06,844 ==> Epoch[14](350/534): Loss: 0.0478
2020-01-13 14:40:06,847 Allocated:121.15869140625 MB
2020-01-13 14:40:06,847 Cached:8531.125 MB
2020-01-13 14:40:21,379 ====> Building Cache
2020-01-13 14:40:21,380 feature cache--->>> /home/annora/NetVLAD/output/train_feat_cache1.hdf5
2020-01-13 14:41:52,521 Allocated:121.908203125 MB
2020-01-13 14:41:52,522 Cached:3387.25 MB
2020-01-13 14:44:27,755 ==> Epoch[14](400/534): Loss: 0.0206
2020-01-13 14:44:27,757 Allocated:122.03369140625 MB
2020-01-13 14:44:27,757 Cached:5877.25 MB
2020-01-13 14:46:35,717 ==> Epoch[14](450/534): Loss: 0.0479
2020-01-13 14:46:35,719 Allocated:121.53369140625 MB
2020-01-13 14:46:35,719 Cached:5877.25 MB
2020-01-13 14:48:40,402 ==> Epoch[14](500/534): Loss: 0.0212
2020-01-13 14:48:40,406 Allocated:122.03369140625 MB
2020-01-13 14:48:40,407 Cached:5877.25 MB
2020-01-13 14:50:02,639 ===> Epoch 14 Complete: Avg. Loss: 0.0809
2020-01-13 14:50:02,641 ====> Extracting Features
2020-01-13 14:50:41,068 ==> Batch (50/108)
2020-01-13 14:51:05,106 ==> Batch (100/108)
2020-01-13 14:51:09,694 ====> Building faiss index
2020-01-13 14:51:10,072 ====> Calculating recall @ N
2020-01-13 14:51:12,487 ====> Recall@1: 0.3951
2020-01-13 14:51:12,488 ====> Recall@2: 0.4493
2020-01-13 14:51:12,489 ====> Recall@3: 0.4783
2020-01-13 14:51:12,489 ====> Recall@4: 0.4933
2020-01-13 14:51:12,489 ====> Recall@5: 0.5101
2020-01-13 14:51:12,489 ====> Recall@10: 0.5623
2020-01-13 14:51:12,489 ====> Recall@15: 0.5925
2020-01-13 14:51:12,490 ====> Recall@20: 0.6136
2020-01-13 14:51:12,490 ====> Recall@25: 0.6307
2020-01-13 14:51:12,955 Performance did not improve for 10 epochs. Stopping.
2020-01-13 14:51:12,955 => Best Recall@5: 0.6414
