2020-01-14 02:24:19,344 Namespace(arch='alexnet', batchSize=12, cacheBatchSize=96, cachePath='/home/annora/NetVLAD/output/', cacheRefreshRate=3000, ckpt='best', contilearn=True, dataPath='/home/annora/NetVLAD/output/data/', dataset='robotcar', evalEvery=1, fromscratch=True, fromtask='/home/annora/NetVLAD/output/runs/2020-01-13-23-04-31_alexnet_netvlad', lr=0.01, lrGamma=0.5, lrStep=5, margin=0.1, mode='train', momentum=0.9, nEpochs=30, nGPU=1, nocuda=False, num_clusters=64, optim='SGD', patience=10, pooling='netvlad', premodel='imagenet', resume='', runsPath='/home/annora/NetVLAD/output/runs/', savePath='checkpoints', seed=123, split='val', start_epoch=0, threads=8, vladv2=False, weightDecay=0.001)
2020-01-14 02:24:19,409 ===> Loading dataset(s)
2020-01-14 02:24:19,409 trainfile ------>>>>>> oxRobocar_doubleN_train.mat
2020-01-14 02:24:22,120 ====> Training set: oxRobocar_doubleN_train.mat, query set count: 6404
2020-01-14 02:24:22,226 ===> Evaluating on val set: oxRobocar_doubleN_val.mat, query count: 3450
2020-01-14 02:24:22,226 ===> Building model
2020-01-14 02:24:22,278 encoder moder:
AlexNet(
  (conv1): Sequential(
    (0): Conv2d(3, 64, kernel_size=(11, 11), stride=(4, 4), padding=(2, 2))
    (1): ReLU(inplace)
    (2): MaxPool2d(kernel_size=3, stride=2, padding=0, dilation=1, ceil_mode=False)
  )
  (conv2): Sequential(
    (0): Conv2d(64, 192, kernel_size=(5, 5), stride=(1, 1), padding=(2, 2))
    (1): ReLU(inplace)
    (2): MaxPool2d(kernel_size=3, stride=2, padding=0, dilation=1, ceil_mode=False)
  )
  (conv3): Sequential(
    (0): Conv2d(192, 384, kernel_size=(3, 3), stride=(1, 1), padding=(1, 1))
    (1): ReLU(inplace)
  )
  (conv4): Sequential(
    (0): Conv2d(384, 256, kernel_size=(3, 3), stride=(1, 1), padding=(1, 1))
    (1): ReLU(inplace)
  )
  (conv5): Sequential(
    (0): Conv2d(256, 256, kernel_size=(3, 3), stride=(1, 1), padding=(1, 1))
  )
)
2020-01-14 02:24:26,476 => loading checkpoint '/home/annora/NetVLAD/output/runs/2020-01-13-23-04-31_alexnet_netvlad/checkpoints/model_best.pth.tar'
2020-01-14 02:24:26,759 => loaded checkpoint '/home/annora/NetVLAD/output/runs/2020-01-13-23-04-31_alexnet_netvlad/checkpoints/model_best.pth.tar' 
2020-01-14 02:24:26,759 ===> Training model
2020-01-14 02:24:26,761 ===> Saving state to: /home/annora/NetVLAD/output/runs/2020-01-14-02-24-26_alexnet_netvlad
2020-01-14 02:24:26,762 ====> Building Cache
2020-01-14 02:24:26,762 feature cache--->>> /home/annora/NetVLAD/output/train_feat_cache1.hdf5
2020-01-14 02:25:55,329 Allocated:99.47119140625 MB
2020-01-14 02:25:55,330 Cached:2864.375 MB
2020-01-14 02:28:46,138 ==> Epoch[1](50/534): Loss: 0.0775
2020-01-14 02:28:46,140 Allocated:121.03369140625 MB
2020-01-14 02:28:46,140 Cached:3511.75 MB
2020-01-14 02:30:46,414 ==> Epoch[1](100/534): Loss: 0.1237
2020-01-14 02:30:46,416 Allocated:121.03369140625 MB
2020-01-14 02:30:46,416 Cached:6118.375 MB
2020-01-14 02:32:46,935 ==> Epoch[1](150/534): Loss: 0.1413
2020-01-14 02:32:46,936 Allocated:121.78369140625 MB
2020-01-14 02:32:46,936 Cached:6118.375 MB
2020-01-14 02:33:54,377 ====> Building Cache
2020-01-14 02:33:54,379 feature cache--->>> /home/annora/NetVLAD/output/train_feat_cache1.hdf5
2020-01-14 02:35:24,151 Allocated:123.408203125 MB
2020-01-14 02:35:24,152 Cached:1558.125 MB
2020-01-14 02:37:02,293 ==> Epoch[1](200/534): Loss: 0.1221
2020-01-14 02:37:02,295 Allocated:122.03369140625 MB
2020-01-14 02:37:02,296 Cached:6341.375 MB
2020-01-14 02:39:04,138 ==> Epoch[1](250/534): Loss: 0.1631
2020-01-14 02:39:04,141 Allocated:121.15869140625 MB
2020-01-14 02:39:04,141 Cached:6341.375 MB
2020-01-14 02:41:03,721 ==> Epoch[1](300/534): Loss: 0.1647
2020-01-14 02:41:03,723 Allocated:121.53369140625 MB
2020-01-14 02:41:03,723 Cached:6341.375 MB
2020-01-14 02:43:00,370 ==> Epoch[1](350/534): Loss: 0.0954
2020-01-14 02:43:00,372 Allocated:122.28369140625 MB
2020-01-14 02:43:00,372 Cached:6341.375 MB
2020-01-14 02:43:13,246 ====> Building Cache
2020-01-14 02:43:13,247 feature cache--->>> /home/annora/NetVLAD/output/train_feat_cache1.hdf5
2020-01-14 02:44:44,273 Allocated:121.158203125 MB
2020-01-14 02:44:44,273 Cached:2895.875 MB
2020-01-14 02:47:19,145 ==> Epoch[1](400/534): Loss: 0.0979
2020-01-14 02:47:19,147 Allocated:122.03369140625 MB
2020-01-14 02:47:19,147 Cached:6565.5 MB
2020-01-14 02:49:19,797 ==> Epoch[1](450/534): Loss: 0.0841
2020-01-14 02:49:19,799 Allocated:121.90869140625 MB
2020-01-14 02:49:19,799 Cached:9061.75 MB
2020-01-14 02:51:19,257 ==> Epoch[1](500/534): Loss: 0.0759
2020-01-14 02:51:19,259 Allocated:121.15869140625 MB
2020-01-14 02:51:19,259 Cached:6129.5 MB
2020-01-14 02:52:34,130 ===> Epoch 1 Complete: Avg. Loss: 0.1246
2020-01-14 02:52:34,131 ====> Extracting Features
2020-01-14 02:53:11,718 ==> Batch (50/108)
2020-01-14 02:53:38,527 ==> Batch (100/108)
2020-01-14 02:53:43,137 ====> Building faiss index
2020-01-14 02:53:43,488 ====> Calculating recall @ N
2020-01-14 02:53:45,621 ====> Recall@1: 0.6806
2020-01-14 02:53:45,622 ====> Recall@2: 0.7061
2020-01-14 02:53:45,622 ====> Recall@3: 0.7188
2020-01-14 02:53:45,622 ====> Recall@4: 0.7275
2020-01-14 02:53:45,623 ====> Recall@5: 0.7354
2020-01-14 02:53:45,623 ====> Recall@10: 0.7510
2020-01-14 02:53:45,623 ====> Recall@15: 0.7606
2020-01-14 02:53:45,623 ====> Recall@20: 0.7725
2020-01-14 02:53:45,623 ====> Recall@25: 0.7783
2020-01-14 02:53:45,938 ====> Building Cache
2020-01-14 02:53:45,938 feature cache--->>> /home/annora/NetVLAD/output/train_feat_cache1.hdf5
2020-01-14 02:55:14,284 Allocated:119.65869140625 MB
2020-01-14 02:55:14,285 Cached:4347.0 MB
2020-01-14 02:58:05,558 ==> Epoch[2](50/534): Loss: 0.1314
2020-01-14 02:58:05,563 Allocated:122.78369140625 MB
2020-01-14 02:58:05,564 Cached:5787.5 MB
2020-01-14 03:00:18,935 ==> Epoch[2](100/534): Loss: 0.1578
2020-01-14 03:00:18,937 Allocated:122.40869140625 MB
2020-01-14 03:00:18,937 Cached:9662.5 MB
2020-01-14 03:02:20,494 ==> Epoch[2](150/534): Loss: 0.1262
2020-01-14 03:02:20,496 Allocated:121.90869140625 MB
2020-01-14 03:02:20,497 Cached:9662.5 MB
2020-01-14 03:03:23,722 ====> Building Cache
2020-01-14 03:03:23,723 feature cache--->>> /home/annora/NetVLAD/output/train_feat_cache1.hdf5
2020-01-14 03:04:52,694 Allocated:120.908203125 MB
2020-01-14 03:04:52,695 Cached:2931.0 MB
2020-01-14 03:06:30,192 ==> Epoch[2](200/534): Loss: 0.1819
2020-01-14 03:06:30,194 Allocated:121.15869140625 MB
2020-01-14 03:06:30,194 Cached:9308.625 MB
2020-01-14 03:08:40,064 ==> Epoch[2](250/534): Loss: 0.1614
2020-01-14 03:08:40,065 Allocated:121.90869140625 MB
2020-01-14 03:08:40,066 Cached:9308.625 MB
2020-01-14 03:10:47,002 ==> Epoch[2](300/534): Loss: 0.1434
2020-01-14 03:10:47,004 Allocated:121.15869140625 MB
2020-01-14 03:10:47,004 Cached:9308.625 MB
2020-01-14 03:12:44,664 ==> Epoch[2](350/534): Loss: 0.1790
2020-01-14 03:12:44,665 Allocated:121.28369140625 MB
2020-01-14 03:12:44,666 Cached:9308.625 MB
2020-01-14 03:12:59,026 ====> Building Cache
2020-01-14 03:12:59,027 feature cache--->>> /home/annora/NetVLAD/output/train_feat_cache1.hdf5
2020-01-14 03:14:27,438 Allocated:122.283203125 MB
2020-01-14 03:14:27,438 Cached:3491.125 MB
2020-01-14 03:17:05,939 ==> Epoch[2](400/534): Loss: 0.1126
2020-01-14 03:17:05,941 Allocated:120.90869140625 MB
2020-01-14 03:17:05,942 Cached:3551.625 MB
2020-01-14 03:19:09,305 ==> Epoch[2](450/534): Loss: 0.1041
2020-01-14 03:19:09,307 Allocated:122.90869140625 MB
2020-01-14 03:19:09,307 Cached:3552.625 MB
2020-01-14 03:21:17,480 ==> Epoch[2](500/534): Loss: 0.0809
2020-01-14 03:21:17,482 Allocated:122.28369140625 MB
2020-01-14 03:21:17,482 Cached:8263.625 MB
2020-01-14 03:22:34,978 ===> Epoch 2 Complete: Avg. Loss: 0.1203
2020-01-14 03:22:34,980 ====> Extracting Features
2020-01-14 03:23:17,704 ==> Batch (50/108)
2020-01-14 03:23:44,598 ==> Batch (100/108)
2020-01-14 03:23:49,515 ====> Building faiss index
2020-01-14 03:23:49,951 ====> Calculating recall @ N
2020-01-14 03:23:52,226 ====> Recall@1: 0.6791
2020-01-14 03:23:52,228 ====> Recall@2: 0.7099
2020-01-14 03:23:52,228 ====> Recall@3: 0.7241
2020-01-14 03:23:52,228 ====> Recall@4: 0.7304
2020-01-14 03:23:52,229 ====> Recall@5: 0.7380
2020-01-14 03:23:52,229 ====> Recall@10: 0.7559
2020-01-14 03:23:52,229 ====> Recall@15: 0.7658
2020-01-14 03:23:52,229 ====> Recall@20: 0.7733
2020-01-14 03:23:52,229 ====> Recall@25: 0.7797
2020-01-14 03:23:53,066 ====> Building Cache
2020-01-14 03:23:53,066 feature cache--->>> /home/annora/NetVLAD/output/train_feat_cache1.hdf5
2020-01-14 03:25:27,080 Allocated:119.03369140625 MB
2020-01-14 03:25:27,081 Cached:4309.5 MB
2020-01-14 03:28:10,377 ==> Epoch[3](50/534): Loss: 0.1563
2020-01-14 03:28:10,379 Allocated:121.15869140625 MB
2020-01-14 03:28:10,380 Cached:6280.125 MB
2020-01-14 03:30:24,119 ==> Epoch[3](100/534): Loss: 0.0989
2020-01-14 03:30:24,121 Allocated:120.90869140625 MB
2020-01-14 03:30:24,121 Cached:6280.125 MB
2020-01-14 03:32:28,128 ==> Epoch[3](150/534): Loss: 0.1072
2020-01-14 03:32:28,130 Allocated:122.78369140625 MB
2020-01-14 03:32:28,130 Cached:6280.125 MB
2020-01-14 03:33:41,618 ====> Building Cache
2020-01-14 03:33:41,620 feature cache--->>> /home/annora/NetVLAD/output/train_feat_cache1.hdf5
2020-01-14 03:35:13,279 Allocated:122.908203125 MB
2020-01-14 03:35:13,280 Cached:3164.75 MB
2020-01-14 03:36:53,988 ==> Epoch[3](200/534): Loss: 0.1731
2020-01-14 03:36:53,992 Allocated:121.78369140625 MB
2020-01-14 03:36:53,992 Cached:8252.625 MB
2020-01-14 03:39:11,304 ==> Epoch[3](250/534): Loss: 0.2130
2020-01-14 03:39:11,308 Allocated:121.03369140625 MB
2020-01-14 03:39:11,308 Cached:9560.0 MB
2020-01-14 03:41:15,652 ==> Epoch[3](300/534): Loss: 0.2007
2020-01-14 03:41:15,654 Allocated:121.15869140625 MB
2020-01-14 03:41:15,654 Cached:9560.0 MB
2020-01-14 03:43:16,263 ==> Epoch[3](350/534): Loss: 0.1521
2020-01-14 03:43:16,265 Allocated:121.53369140625 MB
2020-01-14 03:43:16,266 Cached:9560.0 MB
2020-01-14 03:43:30,548 ====> Building Cache
2020-01-14 03:43:30,549 feature cache--->>> /home/annora/NetVLAD/output/train_feat_cache1.hdf5
2020-01-14 03:45:02,284 Allocated:121.658203125 MB
2020-01-14 03:45:02,285 Cached:2949.0 MB
2020-01-14 03:47:50,015 ==> Epoch[3](400/534): Loss: 0.0959
2020-01-14 03:47:50,019 Allocated:121.90869140625 MB
2020-01-14 03:47:50,019 Cached:4133.875 MB
2020-01-14 03:50:02,571 ==> Epoch[3](450/534): Loss: 0.1064
2020-01-14 03:50:02,575 Allocated:121.90869140625 MB
2020-01-14 03:50:02,576 Cached:4135.875 MB
2020-01-14 03:52:02,365 ==> Epoch[3](500/534): Loss: 0.1028
2020-01-14 03:52:02,372 Allocated:122.90869140625 MB
2020-01-14 03:52:02,372 Cached:4135.875 MB
2020-01-14 03:53:25,764 ===> Epoch 3 Complete: Avg. Loss: 0.1175
2020-01-14 03:53:25,765 ====> Extracting Features
2020-01-14 03:54:08,280 ==> Batch (50/108)
2020-01-14 03:54:34,629 ==> Batch (100/108)
2020-01-14 03:54:39,789 ====> Building faiss index
2020-01-14 03:54:40,159 ====> Calculating recall @ N
2020-01-14 03:54:42,463 ====> Recall@1: 0.6803
2020-01-14 03:54:42,464 ====> Recall@2: 0.7090
2020-01-14 03:54:42,465 ====> Recall@3: 0.7203
2020-01-14 03:54:42,465 ====> Recall@4: 0.7293
2020-01-14 03:54:42,465 ====> Recall@5: 0.7368
2020-01-14 03:54:42,465 ====> Recall@10: 0.7562
2020-01-14 03:54:42,466 ====> Recall@15: 0.7670
2020-01-14 03:54:42,466 ====> Recall@20: 0.7762
2020-01-14 03:54:42,466 ====> Recall@25: 0.7812
2020-01-14 03:54:42,945 ====> Building Cache
2020-01-14 03:54:42,945 feature cache--->>> /home/annora/NetVLAD/output/train_feat_cache1.hdf5
2020-01-14 03:56:13,805 Allocated:120.78369140625 MB
2020-01-14 03:56:13,806 Cached:4337.5 MB
2020-01-14 03:59:24,679 ==> Epoch[4](50/534): Loss: 0.0947
2020-01-14 03:59:24,682 Allocated:121.28369140625 MB
2020-01-14 03:59:24,683 Cached:5948.125 MB
2020-01-14 04:01:27,181 ==> Epoch[4](100/534): Loss: 0.1336
2020-01-14 04:01:27,182 Allocated:121.15869140625 MB
2020-01-14 04:01:27,183 Cached:5948.125 MB
2020-01-14 04:03:30,892 ==> Epoch[4](150/534): Loss: 0.1053
2020-01-14 04:03:30,895 Allocated:122.03369140625 MB
2020-01-14 04:03:30,896 Cached:5948.125 MB
2020-01-14 04:04:37,519 ====> Building Cache
2020-01-14 04:04:37,521 feature cache--->>> /home/annora/NetVLAD/output/train_feat_cache1.hdf5
2020-01-14 04:06:09,047 Allocated:121.033203125 MB
2020-01-14 04:06:09,048 Cached:3041.75 MB
2020-01-14 04:07:59,567 ==> Epoch[4](200/534): Loss: 0.1394
2020-01-14 04:07:59,570 Allocated:121.15869140625 MB
2020-01-14 04:07:59,570 Cached:6016.75 MB
2020-01-14 04:10:13,069 ==> Epoch[4](250/534): Loss: 0.1715
2020-01-14 04:10:13,072 Allocated:122.28369140625 MB
2020-01-14 04:10:13,072 Cached:6016.75 MB
2020-01-14 04:12:15,178 ==> Epoch[4](300/534): Loss: 0.1406
2020-01-14 04:12:15,180 Allocated:120.90869140625 MB
2020-01-14 04:12:15,181 Cached:6016.75 MB
2020-01-14 04:14:13,906 ==> Epoch[4](350/534): Loss: 0.1583
2020-01-14 04:14:13,909 Allocated:121.15869140625 MB
2020-01-14 04:14:13,909 Cached:6016.75 MB
2020-01-14 04:14:27,269 ====> Building Cache
2020-01-14 04:14:27,269 feature cache--->>> /home/annora/NetVLAD/output/train_feat_cache1.hdf5
2020-01-14 04:15:57,113 Allocated:121.533203125 MB
2020-01-14 04:15:57,113 Cached:3017.0 MB
2020-01-14 04:18:25,024 ==> Epoch[4](400/534): Loss: 0.1168
2020-01-14 04:18:25,027 Allocated:121.15869140625 MB
2020-01-14 04:18:25,027 Cached:4465.5 MB
2020-01-14 04:20:22,742 ==> Epoch[4](450/534): Loss: 0.0678
2020-01-14 04:20:22,743 Allocated:121.03369140625 MB
2020-01-14 04:20:22,744 Cached:4466.5 MB
2020-01-14 04:22:25,487 ==> Epoch[4](500/534): Loss: 0.1143
2020-01-14 04:22:25,491 Allocated:122.03369140625 MB
2020-01-14 04:22:25,491 Cached:4466.5 MB
2020-01-14 04:23:47,959 ===> Epoch 4 Complete: Avg. Loss: 0.1152
2020-01-14 04:23:47,960 ====> Extracting Features
2020-01-14 04:24:24,752 ==> Batch (50/108)
2020-01-14 04:24:49,079 ==> Batch (100/108)
2020-01-14 04:24:53,961 ====> Building faiss index
2020-01-14 04:24:54,312 ====> Calculating recall @ N
2020-01-14 04:24:56,530 ====> Recall@1: 0.6829
2020-01-14 04:24:56,531 ====> Recall@2: 0.7055
2020-01-14 04:24:56,532 ====> Recall@3: 0.7188
2020-01-14 04:24:56,532 ====> Recall@4: 0.7275
2020-01-14 04:24:56,532 ====> Recall@5: 0.7336
2020-01-14 04:24:56,532 ====> Recall@10: 0.7525
2020-01-14 04:24:56,533 ====> Recall@15: 0.7687
2020-01-14 04:24:56,533 ====> Recall@20: 0.7765
2020-01-14 04:24:56,533 ====> Recall@25: 0.7803
2020-01-14 04:24:56,960 ====> Building Cache
2020-01-14 04:24:56,961 feature cache--->>> /home/annora/NetVLAD/output/train_feat_cache1.hdf5
2020-01-14 04:26:27,334 Allocated:119.40869140625 MB
2020-01-14 04:26:27,335 Cached:4393.875 MB
2020-01-14 04:29:11,746 ==> Epoch[5](50/534): Loss: 0.1107
2020-01-14 04:29:11,748 Allocated:120.90869140625 MB
2020-01-14 04:29:11,749 Cached:9333.375 MB
2020-01-14 04:31:17,573 ==> Epoch[5](100/534): Loss: 0.0866
2020-01-14 04:31:17,577 Allocated:122.40869140625 MB
2020-01-14 04:31:17,577 Cached:9333.375 MB
2020-01-14 04:33:28,547 ==> Epoch[5](150/534): Loss: 0.0723
2020-01-14 04:33:28,550 Allocated:122.28369140625 MB
2020-01-14 04:33:28,551 Cached:9333.375 MB
2020-01-14 04:34:37,384 ====> Building Cache
2020-01-14 04:34:37,385 feature cache--->>> /home/annora/NetVLAD/output/train_feat_cache1.hdf5
2020-01-14 04:36:06,862 Allocated:122.908203125 MB
2020-01-14 04:36:06,863 Cached:2989.0 MB
2020-01-14 04:37:49,111 ==> Epoch[5](200/534): Loss: 0.1457
2020-01-14 04:37:49,115 Allocated:121.53369140625 MB
2020-01-14 04:37:49,116 Cached:4383.125 MB
2020-01-14 04:39:51,604 ==> Epoch[5](250/534): Loss: 0.1646
2020-01-14 04:39:51,607 Allocated:121.03369140625 MB
2020-01-14 04:39:51,607 Cached:4383.125 MB
2020-01-14 04:42:07,270 ==> Epoch[5](300/534): Loss: 0.0689
2020-01-14 04:42:07,273 Allocated:122.28369140625 MB
2020-01-14 04:42:07,273 Cached:4383.125 MB
2020-01-14 04:44:21,133 ==> Epoch[5](350/534): Loss: 0.0918
2020-01-14 04:44:21,135 Allocated:121.15869140625 MB
2020-01-14 04:44:21,136 Cached:4383.125 MB
2020-01-14 04:44:36,237 ====> Building Cache
2020-01-14 04:44:36,238 feature cache--->>> /home/annora/NetVLAD/output/train_feat_cache1.hdf5
2020-01-14 04:46:06,209 Allocated:120.908203125 MB
2020-01-14 04:46:06,210 Cached:3491.125 MB
2020-01-14 04:48:43,166 ==> Epoch[5](400/534): Loss: 0.0992
2020-01-14 04:48:43,169 Allocated:122.03369140625 MB
2020-01-14 04:48:43,169 Cached:8310.5 MB
2020-01-14 04:50:43,513 ==> Epoch[5](450/534): Loss: 0.0624
2020-01-14 04:50:43,515 Allocated:121.03369140625 MB
2020-01-14 04:50:43,516 Cached:6085.375 MB
2020-01-14 04:52:52,973 ==> Epoch[5](500/534): Loss: 0.0651
2020-01-14 04:52:52,976 Allocated:121.65869140625 MB
2020-01-14 04:52:52,977 Cached:6085.375 MB
2020-01-14 04:54:17,433 ===> Epoch 5 Complete: Avg. Loss: 0.1148
2020-01-14 04:54:17,436 ====> Extracting Features
2020-01-14 04:54:57,083 ==> Batch (50/108)
2020-01-14 04:55:23,780 ==> Batch (100/108)
2020-01-14 04:55:28,651 ====> Building faiss index
2020-01-14 04:55:29,014 ====> Calculating recall @ N
2020-01-14 04:55:31,171 ====> Recall@1: 0.6864
2020-01-14 04:55:31,171 ====> Recall@2: 0.7058
2020-01-14 04:55:31,172 ====> Recall@3: 0.7214
2020-01-14 04:55:31,172 ====> Recall@4: 0.7275
2020-01-14 04:55:31,173 ====> Recall@5: 0.7362
2020-01-14 04:55:31,173 ====> Recall@10: 0.7557
2020-01-14 04:55:31,173 ====> Recall@15: 0.7696
2020-01-14 04:55:31,173 ====> Recall@20: 0.7768
2020-01-14 04:55:31,173 ====> Recall@25: 0.7814
2020-01-14 04:55:31,618 ====> Building Cache
2020-01-14 04:55:31,619 feature cache--->>> /home/annora/NetVLAD/output/train_feat_cache1.hdf5
2020-01-14 04:57:00,403 Allocated:119.78369140625 MB
2020-01-14 04:57:00,404 Cached:4317.5 MB
2020-01-14 04:59:42,201 ==> Epoch[6](50/534): Loss: 0.1400
2020-01-14 04:59:42,204 Allocated:121.90869140625 MB
2020-01-14 04:59:42,204 Cached:6139.875 MB
2020-01-14 05:01:46,837 ==> Epoch[6](100/534): Loss: 0.1088
2020-01-14 05:01:46,840 Allocated:121.53369140625 MB
2020-01-14 05:01:46,840 Cached:6139.875 MB
2020-01-14 05:03:54,314 ==> Epoch[6](150/534): Loss: 0.1276
2020-01-14 05:03:54,316 Allocated:121.15869140625 MB
2020-01-14 05:03:54,317 Cached:6139.875 MB
2020-01-14 05:05:01,709 ====> Building Cache
2020-01-14 05:05:01,710 feature cache--->>> /home/annora/NetVLAD/output/train_feat_cache1.hdf5
2020-01-14 05:06:30,292 Allocated:122.533203125 MB
2020-01-14 05:06:30,292 Cached:2933.375 MB
2020-01-14 05:08:10,704 ==> Epoch[6](200/534): Loss: 0.1313
2020-01-14 05:08:10,706 Allocated:121.65869140625 MB
2020-01-14 05:08:10,707 Cached:9314.25 MB
2020-01-14 05:10:09,331 ==> Epoch[6](250/534): Loss: 0.1300
2020-01-14 05:10:09,335 Allocated:121.53369140625 MB
2020-01-14 05:10:09,336 Cached:9314.25 MB
2020-01-14 05:12:31,311 ==> Epoch[6](300/534): Loss: 0.1668
2020-01-14 05:12:31,314 Allocated:121.15869140625 MB
2020-01-14 05:12:31,314 Cached:9314.25 MB
2020-01-14 05:14:41,379 ==> Epoch[6](350/534): Loss: 0.1338
2020-01-14 05:14:41,382 Allocated:121.28369140625 MB
2020-01-14 05:14:41,382 Cached:9314.25 MB
2020-01-14 05:14:55,137 ====> Building Cache
2020-01-14 05:14:55,138 feature cache--->>> /home/annora/NetVLAD/output/train_feat_cache1.hdf5
2020-01-14 05:16:23,774 Allocated:122.033203125 MB
2020-01-14 05:16:23,775 Cached:3144.375 MB
2020-01-14 05:18:50,473 ==> Epoch[6](400/534): Loss: 0.0866
2020-01-14 05:18:50,476 Allocated:122.03369140625 MB
2020-01-14 05:18:50,476 Cached:4400.5 MB
2020-01-14 05:21:00,667 ==> Epoch[6](450/534): Loss: 0.0864
2020-01-14 05:21:00,670 Allocated:120.90869140625 MB
2020-01-14 05:21:00,670 Cached:6937.125 MB
2020-01-14 05:23:14,192 ==> Epoch[6](500/534): Loss: 0.0446
2020-01-14 05:23:14,196 Allocated:122.03369140625 MB
2020-01-14 05:23:14,197 Cached:6937.125 MB
2020-01-14 05:24:37,506 ===> Epoch 6 Complete: Avg. Loss: 0.1135
2020-01-14 05:24:37,509 ====> Extracting Features
2020-01-14 05:25:21,969 ==> Batch (50/108)
2020-01-14 05:25:49,350 ==> Batch (100/108)
2020-01-14 05:25:54,695 ====> Building faiss index
2020-01-14 05:25:55,074 ====> Calculating recall @ N
2020-01-14 05:25:57,475 ====> Recall@1: 0.6907
2020-01-14 05:25:57,477 ====> Recall@2: 0.7104
2020-01-14 05:25:57,477 ====> Recall@3: 0.7255
2020-01-14 05:25:57,478 ====> Recall@4: 0.7345
2020-01-14 05:25:57,478 ====> Recall@5: 0.7432
2020-01-14 05:25:57,478 ====> Recall@10: 0.7612
2020-01-14 05:25:57,478 ====> Recall@15: 0.7722
2020-01-14 05:25:57,478 ====> Recall@20: 0.7803
2020-01-14 05:25:57,479 ====> Recall@25: 0.7893
2020-01-14 05:25:58,324 ====> Building Cache
2020-01-14 05:25:58,325 feature cache--->>> /home/annora/NetVLAD/output/train_feat_cache1.hdf5
2020-01-14 05:27:31,006 Allocated:118.90869140625 MB
2020-01-14 05:27:31,007 Cached:4337.5 MB
2020-01-14 05:30:16,602 ==> Epoch[7](50/534): Loss: 0.0945
2020-01-14 05:30:16,605 Allocated:121.15869140625 MB
2020-01-14 05:30:16,606 Cached:4102.0 MB
2020-01-14 05:32:26,233 ==> Epoch[7](100/534): Loss: 0.1247
2020-01-14 05:32:26,236 Allocated:121.28369140625 MB
2020-01-14 05:32:26,236 Cached:5342.125 MB
2020-01-14 05:34:31,561 ==> Epoch[7](150/534): Loss: 0.1232
2020-01-14 05:34:31,564 Allocated:121.15869140625 MB
2020-01-14 05:34:31,564 Cached:5342.125 MB
2020-01-14 05:35:37,168 ====> Building Cache
2020-01-14 05:35:37,170 feature cache--->>> /home/annora/NetVLAD/output/train_feat_cache1.hdf5
2020-01-14 05:37:10,283 Allocated:121.158203125 MB
2020-01-14 05:37:10,283 Cached:2928.625 MB
2020-01-14 05:38:54,267 ==> Epoch[7](200/534): Loss: 0.1327
2020-01-14 05:38:54,273 Allocated:122.28369140625 MB
2020-01-14 05:38:54,273 Cached:8059.75 MB
2020-01-14 05:41:06,038 ==> Epoch[7](250/534): Loss: 0.1308
2020-01-14 05:41:06,041 Allocated:122.90869140625 MB
2020-01-14 05:41:06,041 Cached:8059.75 MB
2020-01-14 05:43:19,850 ==> Epoch[7](300/534): Loss: 0.1764
2020-01-14 05:43:19,854 Allocated:122.90869140625 MB
2020-01-14 05:43:19,856 Cached:8059.75 MB
2020-01-14 05:45:29,770 ==> Epoch[7](350/534): Loss: 0.1299
2020-01-14 05:45:29,774 Allocated:122.90869140625 MB
2020-01-14 05:45:29,774 Cached:8059.75 MB
2020-01-14 05:45:43,581 ====> Building Cache
2020-01-14 05:45:43,582 feature cache--->>> /home/annora/NetVLAD/output/train_feat_cache1.hdf5
2020-01-14 05:47:13,687 Allocated:122.283203125 MB
2020-01-14 05:47:13,688 Cached:2895.875 MB
2020-01-14 05:49:32,542 ==> Epoch[7](400/534): Loss: 0.1035
2020-01-14 05:49:32,544 Allocated:121.65869140625 MB
2020-01-14 05:49:32,544 Cached:6451.75 MB
2020-01-14 05:51:35,237 ==> Epoch[7](450/534): Loss: 0.0529
2020-01-14 05:51:35,240 Allocated:121.90869140625 MB
2020-01-14 05:51:35,240 Cached:10109.5 MB
2020-01-14 05:53:32,370 ==> Epoch[7](500/534): Loss: 0.0622
2020-01-14 05:53:32,372 Allocated:121.15869140625 MB
2020-01-14 05:53:32,372 Cached:10109.5 MB
2020-01-14 05:54:52,142 ===> Epoch 7 Complete: Avg. Loss: 0.1126
2020-01-14 05:54:52,144 ====> Extracting Features
2020-01-14 05:55:30,610 ==> Batch (50/108)
2020-01-14 05:55:54,871 ==> Batch (100/108)
2020-01-14 05:56:00,093 ====> Building faiss index
2020-01-14 05:56:00,648 ====> Calculating recall @ N
2020-01-14 05:56:02,765 ====> Recall@1: 0.6994
2020-01-14 05:56:02,765 ====> Recall@2: 0.7206
2020-01-14 05:56:02,766 ====> Recall@3: 0.7357
2020-01-14 05:56:02,766 ====> Recall@4: 0.7435
2020-01-14 05:56:02,767 ====> Recall@5: 0.7504
2020-01-14 05:56:02,767 ====> Recall@10: 0.7667
2020-01-14 05:56:02,767 ====> Recall@15: 0.7803
2020-01-14 05:56:02,767 ====> Recall@20: 0.7870
2020-01-14 05:56:02,768 ====> Recall@25: 0.7933
2020-01-14 05:56:03,581 ====> Building Cache
2020-01-14 05:56:03,582 feature cache--->>> /home/annora/NetVLAD/output/train_feat_cache1.hdf5
2020-01-14 05:57:32,669 Allocated:119.03369140625 MB
2020-01-14 05:57:32,670 Cached:4317.875 MB
2020-01-14 06:00:17,566 ==> Epoch[8](50/534): Loss: 0.1054
2020-01-14 06:00:17,568 Allocated:121.03369140625 MB
2020-01-14 06:00:17,568 Cached:9042.875 MB
2020-01-14 06:02:26,935 ==> Epoch[8](100/534): Loss: 0.1068
2020-01-14 06:02:26,938 Allocated:121.15869140625 MB
2020-01-14 06:02:26,938 Cached:4498.25 MB
2020-01-14 06:04:27,689 ==> Epoch[8](150/534): Loss: 0.0652
2020-01-14 06:04:27,691 Allocated:121.03369140625 MB
2020-01-14 06:04:27,692 Cached:4498.25 MB
2020-01-14 06:05:30,783 ====> Building Cache
2020-01-14 06:05:30,784 feature cache--->>> /home/annora/NetVLAD/output/train_feat_cache1.hdf5
2020-01-14 06:06:59,987 Allocated:121.908203125 MB
2020-01-14 06:06:59,988 Cached:3041.75 MB
2020-01-14 06:08:34,313 ==> Epoch[8](200/534): Loss: 0.1391
2020-01-14 06:08:34,316 Allocated:121.90869140625 MB
2020-01-14 06:08:34,316 Cached:8179.25 MB
2020-01-14 06:10:34,401 ==> Epoch[8](250/534): Loss: 0.1777
2020-01-14 06:10:34,403 Allocated:122.78369140625 MB
2020-01-14 06:10:34,403 Cached:8179.25 MB
2020-01-14 06:12:34,708 ==> Epoch[8](300/534): Loss: 0.1078
2020-01-14 06:12:34,710 Allocated:122.03369140625 MB
2020-01-14 06:12:34,710 Cached:8179.25 MB
2020-01-14 06:14:37,515 ==> Epoch[8](350/534): Loss: 0.1438
2020-01-14 06:14:37,517 Allocated:121.03369140625 MB
2020-01-14 06:14:37,517 Cached:8179.25 MB
2020-01-14 06:14:51,487 ====> Building Cache
2020-01-14 06:14:51,487 feature cache--->>> /home/annora/NetVLAD/output/train_feat_cache1.hdf5
2020-01-14 06:16:20,625 Allocated:121.158203125 MB
2020-01-14 06:16:20,626 Cached:2895.875 MB
2020-01-14 06:18:39,145 ==> Epoch[8](400/534): Loss: 0.1272
2020-01-14 06:18:39,147 Allocated:122.15869140625 MB
2020-01-14 06:18:39,147 Cached:6455.0 MB
2020-01-14 06:20:38,762 ==> Epoch[8](450/534): Loss: 0.0721
2020-01-14 06:20:38,765 Allocated:121.90869140625 MB
2020-01-14 06:20:38,765 Cached:8904.5 MB
2020-01-14 06:22:39,463 ==> Epoch[8](500/534): Loss: 0.0541
2020-01-14 06:22:39,465 Allocated:121.53369140625 MB
2020-01-14 06:22:39,466 Cached:10141.5 MB
2020-01-14 06:24:00,643 ===> Epoch 8 Complete: Avg. Loss: 0.1106
2020-01-14 06:24:00,645 ====> Extracting Features
2020-01-14 06:24:41,251 ==> Batch (50/108)
2020-01-14 06:25:07,147 ==> Batch (100/108)
2020-01-14 06:25:11,819 ====> Building faiss index
2020-01-14 06:25:12,176 ====> Calculating recall @ N
2020-01-14 06:25:14,540 ====> Recall@1: 0.7052
2020-01-14 06:25:14,540 ====> Recall@2: 0.7284
2020-01-14 06:25:14,541 ====> Recall@3: 0.7409
2020-01-14 06:25:14,541 ====> Recall@4: 0.7499
2020-01-14 06:25:14,542 ====> Recall@5: 0.7551
2020-01-14 06:25:14,542 ====> Recall@10: 0.7730
2020-01-14 06:25:14,542 ====> Recall@15: 0.7849
2020-01-14 06:25:14,542 ====> Recall@20: 0.7913
2020-01-14 06:25:14,542 ====> Recall@25: 0.7962
2020-01-14 06:25:15,334 ====> Building Cache
2020-01-14 06:25:15,334 feature cache--->>> /home/annora/NetVLAD/output/train_feat_cache1.hdf5
2020-01-14 06:26:45,474 Allocated:118.90869140625 MB
2020-01-14 06:26:45,474 Cached:4308.5 MB
2020-01-14 06:29:22,744 ==> Epoch[9](50/534): Loss: 0.1043
2020-01-14 06:29:22,746 Allocated:122.53369140625 MB
2020-01-14 06:29:22,746 Cached:4227.25 MB
2020-01-14 06:31:27,490 ==> Epoch[9](100/534): Loss: 0.0906
2020-01-14 06:31:27,493 Allocated:120.90869140625 MB
2020-01-14 06:31:27,493 Cached:5467.375 MB
2020-01-14 06:33:33,393 ==> Epoch[9](150/534): Loss: 0.1337
2020-01-14 06:33:33,398 Allocated:120.90869140625 MB
2020-01-14 06:33:33,399 Cached:6718.125 MB
2020-01-14 06:34:38,455 ====> Building Cache
2020-01-14 06:34:38,455 feature cache--->>> /home/annora/NetVLAD/output/train_feat_cache1.hdf5
2020-01-14 06:36:08,319 Allocated:121.658203125 MB
2020-01-14 06:36:08,319 Cached:3041.75 MB
2020-01-14 06:37:54,335 ==> Epoch[9](200/534): Loss: 0.2335
2020-01-14 06:37:54,337 Allocated:122.15869140625 MB
2020-01-14 06:37:54,337 Cached:3761.375 MB
2020-01-14 06:39:54,878 ==> Epoch[9](250/534): Loss: 0.1811
2020-01-14 06:39:54,880 Allocated:121.15869140625 MB
2020-01-14 06:39:54,881 Cached:3761.375 MB
2020-01-14 06:41:55,474 ==> Epoch[9](300/534): Loss: 0.1077
2020-01-14 06:41:55,476 Allocated:122.90869140625 MB
2020-01-14 06:41:55,476 Cached:3761.375 MB
2020-01-14 06:43:56,852 ==> Epoch[9](350/534): Loss: 0.1913
2020-01-14 06:43:56,854 Allocated:123.65869140625 MB
2020-01-14 06:43:56,855 Cached:3761.375 MB
2020-01-14 06:44:10,277 ====> Building Cache
2020-01-14 06:44:10,279 feature cache--->>> /home/annora/NetVLAD/output/train_feat_cache1.hdf5
2020-01-14 06:45:39,125 Allocated:121.908203125 MB
2020-01-14 06:45:39,126 Cached:3381.875 MB
2020-01-14 06:48:05,941 ==> Epoch[9](400/534): Loss: 0.1264
2020-01-14 06:48:05,943 Allocated:121.90869140625 MB
2020-01-14 06:48:05,944 Cached:5748.625 MB
2020-01-14 06:50:03,635 ==> Epoch[9](450/534): Loss: 0.0939
2020-01-14 06:50:03,637 Allocated:121.65869140625 MB
2020-01-14 06:50:03,637 Cached:6963.25 MB
2020-01-14 06:51:58,370 ==> Epoch[9](500/534): Loss: 0.0911
2020-01-14 06:51:58,372 Allocated:121.90869140625 MB
2020-01-14 06:51:58,372 Cached:8182.125 MB
2020-01-14 06:53:15,478 ===> Epoch 9 Complete: Avg. Loss: 0.1096
2020-01-14 06:53:15,481 ====> Extracting Features
2020-01-14 06:53:51,948 ==> Batch (50/108)
2020-01-14 06:54:17,025 ==> Batch (100/108)
2020-01-14 06:54:21,148 ====> Building faiss index
2020-01-14 06:54:21,505 ====> Calculating recall @ N
2020-01-14 06:54:23,600 ====> Recall@1: 0.7136
2020-01-14 06:54:23,601 ====> Recall@2: 0.7374
2020-01-14 06:54:23,601 ====> Recall@3: 0.7487
2020-01-14 06:54:23,601 ====> Recall@4: 0.7542
2020-01-14 06:54:23,602 ====> Recall@5: 0.7597
2020-01-14 06:54:23,602 ====> Recall@10: 0.7794
2020-01-14 06:54:23,602 ====> Recall@15: 0.7872
2020-01-14 06:54:23,602 ====> Recall@20: 0.7933
2020-01-14 06:54:23,602 ====> Recall@25: 0.7988
2020-01-14 06:54:24,392 ====> Building Cache
2020-01-14 06:54:24,392 feature cache--->>> /home/annora/NetVLAD/output/train_feat_cache1.hdf5
2020-01-14 06:55:52,186 Allocated:120.40869140625 MB
2020-01-14 06:55:52,186 Cached:4309.5 MB
2020-01-14 06:58:32,332 ==> Epoch[10](50/534): Loss: 0.0887
2020-01-14 06:58:32,334 Allocated:121.78369140625 MB
2020-01-14 06:58:32,334 Cached:7898.5 MB
2020-01-14 07:00:14,964 ==> Epoch[10](100/534): Loss: 0.0585
2020-01-14 07:00:14,966 Allocated:121.15869140625 MB
2020-01-14 07:00:14,966 Cached:9156.625 MB
2020-01-14 07:02:02,527 ==> Epoch[10](150/534): Loss: 0.1328
2020-01-14 07:02:02,529 Allocated:122.90869140625 MB
2020-01-14 07:02:02,529 Cached:9156.625 MB
2020-01-14 07:02:58,155 ====> Building Cache
2020-01-14 07:02:58,156 feature cache--->>> /home/annora/NetVLAD/output/train_feat_cache1.hdf5
2020-01-14 07:04:23,154 Allocated:121.658203125 MB
2020-01-14 07:04:23,155 Cached:3041.75 MB
2020-01-14 07:05:48,962 ==> Epoch[10](200/534): Loss: 0.1412
2020-01-14 07:05:48,964 Allocated:122.28369140625 MB
2020-01-14 07:05:48,964 Cached:6717.75 MB
2020-01-14 07:07:39,991 ==> Epoch[10](250/534): Loss: 0.1500
2020-01-14 07:07:39,993 Allocated:121.90869140625 MB
2020-01-14 07:07:39,993 Cached:4528.0 MB
2020-01-14 07:09:40,616 ==> Epoch[10](300/534): Loss: 0.1518
2020-01-14 07:09:40,619 Allocated:121.15869140625 MB
2020-01-14 07:09:40,619 Cached:4529.0 MB
2020-01-14 07:11:32,563 ==> Epoch[10](350/534): Loss: 0.1087
2020-01-14 07:11:32,565 Allocated:122.03369140625 MB
2020-01-14 07:11:32,565 Cached:4529.0 MB
2020-01-14 07:11:45,155 ====> Building Cache
2020-01-14 07:11:45,157 feature cache--->>> /home/annora/NetVLAD/output/train_feat_cache1.hdf5
2020-01-14 07:13:11,146 Allocated:122.158203125 MB
2020-01-14 07:13:11,146 Cached:2959.0 MB
2020-01-14 07:15:24,168 ==> Epoch[10](400/534): Loss: 0.0495
2020-01-14 07:15:24,170 Allocated:121.03369140625 MB
2020-01-14 07:15:24,170 Cached:3326.375 MB
2020-01-14 07:17:11,861 ==> Epoch[10](450/534): Loss: 0.1358
2020-01-14 07:17:11,863 Allocated:122.90869140625 MB
2020-01-14 07:17:11,863 Cached:5474.0 MB
2020-01-14 07:18:56,394 ==> Epoch[10](500/534): Loss: 0.0904
2020-01-14 07:18:56,396 Allocated:121.15869140625 MB
2020-01-14 07:18:56,397 Cached:5474.0 MB
2020-01-14 07:20:12,622 ===> Epoch 10 Complete: Avg. Loss: 0.1094
2020-01-14 07:20:12,624 ====> Extracting Features
2020-01-14 07:20:46,590 ==> Batch (50/108)
2020-01-14 07:21:08,824 ==> Batch (100/108)
2020-01-14 07:21:12,934 ====> Building faiss index
2020-01-14 07:21:13,270 ====> Calculating recall @ N
2020-01-14 07:21:15,459 ====> Recall@1: 0.7151
2020-01-14 07:21:15,459 ====> Recall@2: 0.7388
2020-01-14 07:21:15,460 ====> Recall@3: 0.7487
2020-01-14 07:21:15,460 ====> Recall@4: 0.7571
2020-01-14 07:21:15,460 ====> Recall@5: 0.7629
2020-01-14 07:21:15,461 ====> Recall@10: 0.7794
2020-01-14 07:21:15,461 ====> Recall@15: 0.7878
2020-01-14 07:21:15,461 ====> Recall@20: 0.7928
2020-01-14 07:21:15,462 ====> Recall@25: 0.7974
2020-01-14 07:21:16,234 ====> Building Cache
2020-01-14 07:21:16,234 feature cache--->>> /home/annora/NetVLAD/output/train_feat_cache1.hdf5
2020-01-14 07:22:41,675 Allocated:119.53369140625 MB
2020-01-14 07:22:41,676 Cached:4379.25 MB
2020-01-14 07:25:11,899 ==> Epoch[11](50/534): Loss: 0.0558
2020-01-14 07:25:11,906 Allocated:122.28369140625 MB
2020-01-14 07:25:11,906 Cached:9142.5 MB
2020-01-14 07:27:15,489 ==> Epoch[11](100/534): Loss: 0.1452
2020-01-14 07:27:15,491 Allocated:121.78369140625 MB
2020-01-14 07:27:15,492 Cached:4599.625 MB
2020-01-14 07:29:04,050 ==> Epoch[11](150/534): Loss: 0.1023
2020-01-14 07:29:04,053 Allocated:122.15869140625 MB
2020-01-14 07:29:04,053 Cached:4599.625 MB
2020-01-14 07:30:00,789 ====> Building Cache
2020-01-14 07:30:00,790 feature cache--->>> /home/annora/NetVLAD/output/train_feat_cache1.hdf5
2020-01-14 07:31:26,014 Allocated:121.283203125 MB
2020-01-14 07:31:26,015 Cached:2967.125 MB
2020-01-14 07:32:52,641 ==> Epoch[11](200/534): Loss: 0.0971
2020-01-14 07:32:52,643 Allocated:121.90869140625 MB
2020-01-14 07:32:52,643 Cached:6385.875 MB
2020-01-14 07:34:46,028 ==> Epoch[11](250/534): Loss: 0.1388
2020-01-14 07:34:46,030 Allocated:121.03369140625 MB
2020-01-14 07:34:46,031 Cached:4382.125 MB
2020-01-14 07:36:41,565 ==> Epoch[11](300/534): Loss: 0.1644
2020-01-14 07:36:41,567 Allocated:121.53369140625 MB
2020-01-14 07:36:41,567 Cached:4383.125 MB
2020-01-14 07:38:29,052 ==> Epoch[11](350/534): Loss: 0.1038
2020-01-14 07:38:29,053 Allocated:121.53369140625 MB
2020-01-14 07:38:29,054 Cached:4383.125 MB
2020-01-14 07:38:41,531 ====> Building Cache
2020-01-14 07:38:41,532 feature cache--->>> /home/annora/NetVLAD/output/train_feat_cache1.hdf5
2020-01-14 07:40:08,327 Allocated:121.158203125 MB
2020-01-14 07:40:08,328 Cached:2895.875 MB
2020-01-14 07:42:27,024 ==> Epoch[11](400/534): Loss: 0.1136
2020-01-14 07:42:27,026 Allocated:123.15869140625 MB
2020-01-14 07:42:27,026 Cached:5333.75 MB
2020-01-14 07:44:14,761 ==> Epoch[11](450/534): Loss: 0.0688
2020-01-14 07:44:14,763 Allocated:121.15869140625 MB
2020-01-14 07:44:14,763 Cached:5333.75 MB
2020-01-14 07:46:01,988 ==> Epoch[11](500/534): Loss: 0.0500
2020-01-14 07:46:01,989 Allocated:121.03369140625 MB
2020-01-14 07:46:01,990 Cached:6587.625 MB
2020-01-14 07:47:30,283 ===> Epoch 11 Complete: Avg. Loss: 0.1094
2020-01-14 07:47:30,285 ====> Extracting Features
2020-01-14 07:48:06,734 ==> Batch (50/108)
2020-01-14 07:48:29,841 ==> Batch (100/108)
2020-01-14 07:48:34,297 ====> Building faiss index
2020-01-14 07:48:34,630 ====> Calculating recall @ N
2020-01-14 07:48:36,655 ====> Recall@1: 0.7177
2020-01-14 07:48:36,655 ====> Recall@2: 0.7409
2020-01-14 07:48:36,656 ====> Recall@3: 0.7499
2020-01-14 07:48:36,656 ====> Recall@4: 0.7591
2020-01-14 07:48:36,656 ====> Recall@5: 0.7632
2020-01-14 07:48:36,657 ====> Recall@10: 0.7794
2020-01-14 07:48:36,657 ====> Recall@15: 0.7887
2020-01-14 07:48:36,657 ====> Recall@20: 0.7928
2020-01-14 07:48:36,657 ====> Recall@25: 0.7994
2020-01-14 07:48:37,445 ====> Building Cache
2020-01-14 07:48:37,445 feature cache--->>> /home/annora/NetVLAD/output/train_feat_cache1.hdf5
2020-01-14 07:50:02,566 Allocated:119.90869140625 MB
2020-01-14 07:50:02,567 Cached:4309.5 MB
2020-01-14 07:52:27,042 ==> Epoch[12](50/534): Loss: 0.0736
2020-01-14 07:52:27,045 Allocated:122.40869140625 MB
2020-01-14 07:52:27,045 Cached:4160.375 MB
2020-01-14 07:54:17,839 ==> Epoch[12](100/534): Loss: 0.0816
2020-01-14 07:54:17,841 Allocated:120.90869140625 MB
2020-01-14 07:54:17,841 Cached:4160.375 MB
2020-01-14 07:56:09,929 ==> Epoch[12](150/534): Loss: 0.1004
2020-01-14 07:56:09,932 Allocated:122.40869140625 MB
2020-01-14 07:56:09,932 Cached:4160.375 MB
2020-01-14 07:57:16,359 ====> Building Cache
2020-01-14 07:57:16,360 feature cache--->>> /home/annora/NetVLAD/output/train_feat_cache1.hdf5
2020-01-14 07:58:42,685 Allocated:122.283203125 MB
2020-01-14 07:58:42,686 Cached:2895.875 MB
2020-01-14 08:00:14,600 ==> Epoch[12](200/534): Loss: 0.1515
2020-01-14 08:00:14,604 Allocated:121.15869140625 MB
2020-01-14 08:00:14,604 Cached:9257.625 MB
2020-01-14 08:02:20,865 ==> Epoch[12](250/534): Loss: 0.1662
2020-01-14 08:02:20,867 Allocated:120.90869140625 MB
2020-01-14 08:02:20,867 Cached:9257.625 MB
2020-01-14 08:04:19,779 ==> Epoch[12](300/534): Loss: 0.0793
2020-01-14 08:04:19,782 Allocated:123.03369140625 MB
2020-01-14 08:04:19,782 Cached:9257.625 MB
2020-01-14 08:06:07,599 ==> Epoch[12](350/534): Loss: 0.1041
2020-01-14 08:06:07,601 Allocated:121.65869140625 MB
2020-01-14 08:06:07,601 Cached:9257.625 MB
2020-01-14 08:06:19,733 ====> Building Cache
2020-01-14 08:06:19,734 feature cache--->>> /home/annora/NetVLAD/output/train_feat_cache1.hdf5
2020-01-14 08:07:46,273 Allocated:122.283203125 MB
2020-01-14 08:07:46,274 Cached:2959.0 MB
2020-01-14 08:10:03,959 ==> Epoch[12](400/534): Loss: 0.0804
2020-01-14 08:10:03,961 Allocated:121.90869140625 MB
2020-01-14 08:10:03,961 Cached:7547.875 MB
2020-01-14 08:11:52,404 ==> Epoch[12](450/534): Loss: 0.0943
2020-01-14 08:11:52,406 Allocated:123.15869140625 MB
2020-01-14 08:11:52,406 Cached:7547.875 MB
2020-01-14 08:13:43,367 ==> Epoch[12](500/534): Loss: 0.0871
2020-01-14 08:13:43,370 Allocated:121.90869140625 MB
2020-01-14 08:13:43,370 Cached:7547.875 MB
2020-01-14 08:14:57,679 ===> Epoch 12 Complete: Avg. Loss: 0.1082
2020-01-14 08:14:57,681 ====> Extracting Features
2020-01-14 08:15:31,644 ==> Batch (50/108)
2020-01-14 08:15:52,813 ==> Batch (100/108)
2020-01-14 08:15:57,250 ====> Building faiss index
2020-01-14 08:15:57,584 ====> Calculating recall @ N
2020-01-14 08:15:59,620 ====> Recall@1: 0.7197
2020-01-14 08:15:59,620 ====> Recall@2: 0.7409
2020-01-14 08:15:59,621 ====> Recall@3: 0.7516
2020-01-14 08:15:59,621 ====> Recall@4: 0.7617
2020-01-14 08:15:59,621 ====> Recall@5: 0.7646
2020-01-14 08:15:59,622 ====> Recall@10: 0.7809
2020-01-14 08:15:59,622 ====> Recall@15: 0.7878
2020-01-14 08:15:59,622 ====> Recall@20: 0.7933
2020-01-14 08:15:59,622 ====> Recall@25: 0.7994
2020-01-14 08:16:00,419 ====> Building Cache
2020-01-14 08:16:00,420 feature cache--->>> /home/annora/NetVLAD/output/train_feat_cache1.hdf5
2020-01-14 08:17:26,191 Allocated:120.90869140625 MB
2020-01-14 08:17:26,192 Cached:4308.5 MB
2020-01-14 08:19:52,747 ==> Epoch[13](50/534): Loss: 0.1782
2020-01-14 08:19:52,750 Allocated:121.28369140625 MB
2020-01-14 08:19:52,750 Cached:7925.0 MB
2020-01-14 08:21:55,522 ==> Epoch[13](100/534): Loss: 0.0133
2020-01-14 08:21:55,524 Allocated:121.40869140625 MB
2020-01-14 08:21:55,524 Cached:7925.0 MB
2020-01-14 08:23:49,206 ==> Epoch[13](150/534): Loss: 0.1005
2020-01-14 08:23:49,209 Allocated:121.53369140625 MB
2020-01-14 08:23:49,210 Cached:7925.0 MB
2020-01-14 08:24:46,559 ====> Building Cache
2020-01-14 08:24:46,560 feature cache--->>> /home/annora/NetVLAD/output/train_feat_cache1.hdf5
2020-01-14 08:26:12,450 Allocated:120.908203125 MB
2020-01-14 08:26:12,451 Cached:3065.875 MB
2020-01-14 08:27:39,903 ==> Epoch[13](200/534): Loss: 0.1287
2020-01-14 08:27:39,905 Allocated:120.90869140625 MB
2020-01-14 08:27:39,906 Cached:9311.75 MB
2020-01-14 08:29:32,884 ==> Epoch[13](250/534): Loss: 0.2085
2020-01-14 08:29:32,887 Allocated:122.40869140625 MB
2020-01-14 08:29:32,888 Cached:4459.0 MB
2020-01-14 08:31:25,593 ==> Epoch[13](300/534): Loss: 0.1328
2020-01-14 08:31:25,595 Allocated:122.90869140625 MB
2020-01-14 08:31:25,596 Cached:4460.0 MB
2020-01-14 08:33:12,936 ==> Epoch[13](350/534): Loss: 0.1355
2020-01-14 08:33:12,938 Allocated:121.15869140625 MB
2020-01-14 08:33:12,938 Cached:4460.0 MB
2020-01-14 08:33:24,926 ====> Building Cache
2020-01-14 08:33:24,927 feature cache--->>> /home/annora/NetVLAD/output/train_feat_cache1.hdf5
2020-01-14 08:34:50,134 Allocated:121.533203125 MB
2020-01-14 08:34:50,135 Cached:2972.75 MB
2020-01-14 08:37:02,097 ==> Epoch[13](400/534): Loss: 0.1572
2020-01-14 08:37:02,099 Allocated:122.40869140625 MB
2020-01-14 08:37:02,100 Cached:6506.375 MB
2020-01-14 08:38:56,255 ==> Epoch[13](450/534): Loss: 0.0504
2020-01-14 08:38:56,257 Allocated:122.03369140625 MB
2020-01-14 08:38:56,257 Cached:8903.75 MB
2020-01-14 08:40:51,894 ==> Epoch[13](500/534): Loss: 0.0362
2020-01-14 08:40:51,896 Allocated:120.90869140625 MB
2020-01-14 08:40:51,896 Cached:4526.375 MB
2020-01-14 08:42:15,723 ===> Epoch 13 Complete: Avg. Loss: 0.1080
2020-01-14 08:42:15,724 ====> Extracting Features
2020-01-14 08:42:49,159 ==> Batch (50/108)
2020-01-14 08:43:10,898 ==> Batch (100/108)
2020-01-14 08:43:15,544 ====> Building faiss index
2020-01-14 08:43:15,868 ====> Calculating recall @ N
2020-01-14 08:43:17,889 ====> Recall@1: 0.7212
2020-01-14 08:43:17,889 ====> Recall@2: 0.7409
2020-01-14 08:43:17,889 ====> Recall@3: 0.7530
2020-01-14 08:43:17,890 ====> Recall@4: 0.7603
2020-01-14 08:43:17,890 ====> Recall@5: 0.7643
2020-01-14 08:43:17,890 ====> Recall@10: 0.7791
2020-01-14 08:43:17,890 ====> Recall@15: 0.7884
2020-01-14 08:43:17,890 ====> Recall@20: 0.7948
2020-01-14 08:43:17,891 ====> Recall@25: 0.8000
2020-01-14 08:43:18,320 ====> Building Cache
2020-01-14 08:43:18,321 feature cache--->>> /home/annora/NetVLAD/output/train_feat_cache1.hdf5
2020-01-14 08:44:43,170 Allocated:119.40869140625 MB
2020-01-14 08:44:43,170 Cached:4344.625 MB
2020-01-14 08:47:11,021 ==> Epoch[14](50/534): Loss: 0.1347
2020-01-14 08:47:11,024 Allocated:122.03369140625 MB
2020-01-14 08:47:11,025 Cached:9046.25 MB
2020-01-14 08:48:56,770 ==> Epoch[14](100/534): Loss: 0.0471
2020-01-14 08:48:56,772 Allocated:121.15869140625 MB
2020-01-14 08:48:56,772 Cached:3103.5 MB
2020-01-14 08:50:51,603 ==> Epoch[14](150/534): Loss: 0.0738
2020-01-14 08:50:51,605 Allocated:121.53369140625 MB
2020-01-14 08:50:51,605 Cached:6979.5 MB
2020-01-14 08:51:51,001 ====> Building Cache
2020-01-14 08:51:51,002 feature cache--->>> /home/annora/NetVLAD/output/train_feat_cache1.hdf5
2020-01-14 08:53:15,548 Allocated:121.908203125 MB
2020-01-14 08:53:15,548 Cached:3074.25 MB
2020-01-14 08:54:45,432 ==> Epoch[14](200/534): Loss: 0.1649
2020-01-14 08:54:45,434 Allocated:122.28369140625 MB
2020-01-14 08:54:45,434 Cached:3713.5 MB
2020-01-14 08:56:41,224 ==> Epoch[14](250/534): Loss: 0.1065
2020-01-14 08:56:41,227 Allocated:120.90869140625 MB
2020-01-14 08:56:41,227 Cached:3714.5 MB
2020-01-14 08:58:29,903 ==> Epoch[14](300/534): Loss: 0.1407
2020-01-14 08:58:29,906 Allocated:121.40869140625 MB
2020-01-14 08:58:29,906 Cached:6311.125 MB
2020-01-14 09:00:28,291 ==> Epoch[14](350/534): Loss: 0.1447
2020-01-14 09:00:28,293 Allocated:121.15869140625 MB
2020-01-14 09:00:28,293 Cached:6311.125 MB
2020-01-14 09:00:40,288 ====> Building Cache
2020-01-14 09:00:40,289 feature cache--->>> /home/annora/NetVLAD/output/train_feat_cache1.hdf5
2020-01-14 09:02:05,986 Allocated:122.033203125 MB
2020-01-14 09:02:05,986 Cached:2895.875 MB
2020-01-14 09:04:18,664 ==> Epoch[14](400/534): Loss: 0.0843
2020-01-14 09:04:18,667 Allocated:121.03369140625 MB
2020-01-14 09:04:18,667 Cached:5253.125 MB
2020-01-14 09:06:02,735 ==> Epoch[14](450/534): Loss: 0.0743
2020-01-14 09:06:02,736 Allocated:121.90869140625 MB
2020-01-14 09:06:02,736 Cached:5253.125 MB
2020-01-14 09:07:47,206 ==> Epoch[14](500/534): Loss: 0.0741
2020-01-14 09:07:47,208 Allocated:122.03369140625 MB
2020-01-14 09:07:47,208 Cached:6448.625 MB
2020-01-14 09:08:56,219 ===> Epoch 14 Complete: Avg. Loss: 0.1072
2020-01-14 09:08:56,221 ====> Extracting Features
2020-01-14 09:09:30,716 ==> Batch (50/108)
2020-01-14 09:09:51,329 ==> Batch (100/108)
2020-01-14 09:09:55,781 ====> Building faiss index
2020-01-14 09:09:56,127 ====> Calculating recall @ N
2020-01-14 09:09:58,257 ====> Recall@1: 0.7252
2020-01-14 09:09:58,258 ====> Recall@2: 0.7412
2020-01-14 09:09:58,264 ====> Recall@3: 0.7522
2020-01-14 09:09:58,265 ====> Recall@4: 0.7588
2020-01-14 09:09:58,265 ====> Recall@5: 0.7641
2020-01-14 09:09:58,265 ====> Recall@10: 0.7777
2020-01-14 09:09:58,265 ====> Recall@15: 0.7887
2020-01-14 09:09:58,265 ====> Recall@20: 0.7942
2020-01-14 09:09:58,266 ====> Recall@25: 0.7994
2020-01-14 09:09:58,730 ====> Building Cache
2020-01-14 09:09:58,731 feature cache--->>> /home/annora/NetVLAD/output/train_feat_cache1.hdf5
2020-01-14 09:11:24,557 Allocated:120.03369140625 MB
2020-01-14 09:11:24,557 Cached:4336.5 MB
2020-01-14 09:13:55,079 ==> Epoch[15](50/534): Loss: 0.1104
2020-01-14 09:13:55,083 Allocated:121.03369140625 MB
2020-01-14 09:13:55,084 Cached:6691.75 MB
2020-01-14 09:15:43,753 ==> Epoch[15](100/534): Loss: 0.1496
2020-01-14 09:15:43,755 Allocated:122.90869140625 MB
2020-01-14 09:15:43,755 Cached:6691.75 MB
2020-01-14 09:17:32,243 ==> Epoch[15](150/534): Loss: 0.0586
2020-01-14 09:17:32,245 Allocated:121.03369140625 MB
2020-01-14 09:17:32,246 Cached:9116.625 MB
2020-01-14 09:18:40,876 ====> Building Cache
2020-01-14 09:18:40,876 feature cache--->>> /home/annora/NetVLAD/output/train_feat_cache1.hdf5
2020-01-14 09:20:07,648 Allocated:121.908203125 MB
2020-01-14 09:20:07,649 Cached:2949.0 MB
2020-01-14 09:21:36,249 ==> Epoch[15](200/534): Loss: 0.1155
2020-01-14 09:21:36,252 Allocated:121.03369140625 MB
2020-01-14 09:21:36,252 Cached:9114.75 MB
2020-01-14 09:23:25,912 ==> Epoch[15](250/534): Loss: 0.1508
2020-01-14 09:23:25,914 Allocated:123.03369140625 MB
2020-01-14 09:23:25,915 Cached:6002.0 MB
2020-01-14 09:25:22,288 ==> Epoch[15](300/534): Loss: 0.1762
2020-01-14 09:25:22,292 Allocated:122.78369140625 MB
2020-01-14 09:25:22,293 Cached:6002.0 MB
2020-01-14 09:27:10,296 ==> Epoch[15](350/534): Loss: 0.0964
2020-01-14 09:27:10,298 Allocated:121.90869140625 MB
2020-01-14 09:27:10,298 Cached:6003.0 MB
2020-01-14 09:27:23,296 ====> Building Cache
2020-01-14 09:27:23,297 feature cache--->>> /home/annora/NetVLAD/output/train_feat_cache1.hdf5
2020-01-14 09:28:51,761 Allocated:122.158203125 MB
2020-01-14 09:28:51,762 Cached:2932.625 MB
2020-01-14 09:31:00,839 ==> Epoch[15](400/534): Loss: 0.1262
2020-01-14 09:31:00,841 Allocated:120.90869140625 MB
2020-01-14 09:31:00,841 Cached:4125.25 MB
2020-01-14 09:32:52,269 ==> Epoch[15](450/534): Loss: 0.1020
2020-01-14 09:32:52,272 Allocated:121.90869140625 MB
2020-01-14 09:32:52,273 Cached:5318.625 MB
2020-01-14 09:34:51,450 ==> Epoch[15](500/534): Loss: 0.0598
2020-01-14 09:34:51,452 Allocated:121.53369140625 MB
2020-01-14 09:34:51,453 Cached:6517.375 MB
2020-01-14 09:36:09,562 ===> Epoch 15 Complete: Avg. Loss: 0.1078
2020-01-14 09:36:09,564 ====> Extracting Features
2020-01-14 09:36:56,813 ==> Batch (50/108)
2020-01-14 09:37:19,492 ==> Batch (100/108)
2020-01-14 09:37:23,533 ====> Building faiss index
2020-01-14 09:37:23,862 ====> Calculating recall @ N
2020-01-14 09:37:25,983 ====> Recall@1: 0.7264
2020-01-14 09:37:25,984 ====> Recall@2: 0.7417
2020-01-14 09:37:25,985 ====> Recall@3: 0.7510
2020-01-14 09:37:25,985 ====> Recall@4: 0.7571
2020-01-14 09:37:25,985 ====> Recall@5: 0.7614
2020-01-14 09:37:25,985 ====> Recall@10: 0.7768
2020-01-14 09:37:25,985 ====> Recall@15: 0.7875
2020-01-14 09:37:25,986 ====> Recall@20: 0.7948
2020-01-14 09:37:25,986 ====> Recall@25: 0.7983
2020-01-14 09:37:26,413 ====> Building Cache
2020-01-14 09:37:26,414 feature cache--->>> /home/annora/NetVLAD/output/train_feat_cache1.hdf5
2020-01-14 09:38:53,661 Allocated:119.40869140625 MB
2020-01-14 09:38:53,662 Cached:4337.5 MB
2020-01-14 09:41:18,654 ==> Epoch[16](50/534): Loss: 0.1181
2020-01-14 09:41:18,658 Allocated:120.90869140625 MB
2020-01-14 09:41:18,658 Cached:6668.375 MB
2020-01-14 09:43:14,547 ==> Epoch[16](100/534): Loss: 0.0654
2020-01-14 09:43:14,549 Allocated:122.65869140625 MB
2020-01-14 09:43:14,549 Cached:7862.75 MB
2020-01-14 09:44:58,863 ==> Epoch[16](150/534): Loss: 0.0596
2020-01-14 09:44:58,866 Allocated:122.03369140625 MB
2020-01-14 09:44:58,867 Cached:9064.625 MB
2020-01-14 09:45:55,794 ====> Building Cache
2020-01-14 09:45:55,795 feature cache--->>> /home/annora/NetVLAD/output/train_feat_cache1.hdf5
2020-01-14 09:47:20,837 Allocated:122.158203125 MB
2020-01-14 09:47:20,837 Cached:4015.125 MB
2020-01-14 09:48:46,942 ==> Epoch[16](200/534): Loss: 0.1080
2020-01-14 09:48:46,945 Allocated:121.78369140625 MB
2020-01-14 09:48:46,945 Cached:9966.625 MB
2020-01-14 09:50:37,594 ==> Epoch[16](250/534): Loss: 0.1541
2020-01-14 09:50:37,597 Allocated:121.15869140625 MB
2020-01-14 09:50:37,597 Cached:9966.625 MB
2020-01-14 09:52:27,460 ==> Epoch[16](300/534): Loss: 0.1404
2020-01-14 09:52:27,463 Allocated:121.90869140625 MB
2020-01-14 09:52:27,464 Cached:9966.625 MB
2020-01-14 09:54:18,305 ==> Epoch[16](350/534): Loss: 0.0824
2020-01-14 09:54:18,308 Allocated:121.03369140625 MB
2020-01-14 09:54:18,309 Cached:9966.625 MB
2020-01-14 09:54:34,792 ====> Building Cache
2020-01-14 09:54:34,793 feature cache--->>> /home/annora/NetVLAD/output/train_feat_cache1.hdf5
2020-01-14 09:56:02,574 Allocated:121.658203125 MB
2020-01-14 09:56:02,574 Cached:3233.0 MB
2020-01-14 09:58:20,850 ==> Epoch[16](400/534): Loss: 0.0366
2020-01-14 09:58:20,854 Allocated:122.28369140625 MB
2020-01-14 09:58:20,854 Cached:5582.875 MB
2020-01-14 10:00:14,867 ==> Epoch[16](450/534): Loss: 0.1486
2020-01-14 10:00:14,869 Allocated:122.15869140625 MB
2020-01-14 10:00:14,870 Cached:6818.625 MB
2020-01-14 10:02:23,362 ==> Epoch[16](500/534): Loss: 0.0875
2020-01-14 10:02:23,366 Allocated:122.28369140625 MB
2020-01-14 10:02:23,366 Cached:6818.625 MB
2020-01-14 10:03:44,106 ===> Epoch 16 Complete: Avg. Loss: 0.1072
2020-01-14 10:03:44,109 ====> Extracting Features
2020-01-14 10:04:24,260 ==> Batch (50/108)
2020-01-14 10:04:52,203 ==> Batch (100/108)
2020-01-14 10:04:58,098 ====> Building faiss index
2020-01-14 10:04:58,456 ====> Calculating recall @ N
2020-01-14 10:05:00,646 ====> Recall@1: 0.7293
2020-01-14 10:05:00,647 ====> Recall@2: 0.7432
2020-01-14 10:05:00,647 ====> Recall@3: 0.7507
2020-01-14 10:05:00,648 ====> Recall@4: 0.7551
2020-01-14 10:05:00,648 ====> Recall@5: 0.7606
2020-01-14 10:05:00,648 ====> Recall@10: 0.7783
2020-01-14 10:05:00,648 ====> Recall@15: 0.7867
2020-01-14 10:05:00,649 ====> Recall@20: 0.7945
2020-01-14 10:05:00,649 ====> Recall@25: 0.7983
2020-01-14 10:05:01,112 ====> Building Cache
2020-01-14 10:05:01,112 feature cache--->>> /home/annora/NetVLAD/output/train_feat_cache1.hdf5
2020-01-14 10:06:34,071 Allocated:120.53369140625 MB
2020-01-14 10:06:34,072 Cached:4336.5 MB
2020-01-14 10:09:13,277 ==> Epoch[17](50/534): Loss: 0.0848
2020-01-14 10:09:13,281 Allocated:121.15869140625 MB
2020-01-14 10:09:13,281 Cached:7826.75 MB
2020-01-14 10:11:28,051 ==> Epoch[17](100/534): Loss: 0.0706
2020-01-14 10:11:28,053 Allocated:123.40869140625 MB
2020-01-14 10:11:28,053 Cached:2960.0 MB
2020-01-14 10:13:30,937 ==> Epoch[17](150/534): Loss: 0.0969
2020-01-14 10:13:30,939 Allocated:121.90869140625 MB
2020-01-14 10:13:30,940 Cached:5203.375 MB
2020-01-14 10:14:40,799 ====> Building Cache
2020-01-14 10:14:40,800 feature cache--->>> /home/annora/NetVLAD/output/train_feat_cache1.hdf5
2020-01-14 10:16:12,022 Allocated:122.408203125 MB
2020-01-14 10:16:12,023 Cached:3164.75 MB
2020-01-14 10:17:49,074 ==> Epoch[17](200/534): Loss: 0.1120
2020-01-14 10:17:49,077 Allocated:120.90869140625 MB
2020-01-14 10:17:49,077 Cached:6830.125 MB
2020-01-14 10:19:50,361 ==> Epoch[17](250/534): Loss: 0.1792
2020-01-14 10:19:50,364 Allocated:120.90869140625 MB
2020-01-14 10:19:50,364 Cached:4833.0 MB
2020-01-14 10:21:53,948 ==> Epoch[17](300/534): Loss: 0.1220
2020-01-14 10:21:53,950 Allocated:122.03369140625 MB
2020-01-14 10:21:53,950 Cached:4833.0 MB
2020-01-14 10:23:52,775 ==> Epoch[17](350/534): Loss: 0.1356
2020-01-14 10:23:52,778 Allocated:121.15869140625 MB
2020-01-14 10:23:52,778 Cached:7429.625 MB
2020-01-14 10:24:08,435 ====> Building Cache
2020-01-14 10:24:08,436 feature cache--->>> /home/annora/NetVLAD/output/train_feat_cache1.hdf5
2020-01-14 10:25:37,331 Allocated:122.658203125 MB
2020-01-14 10:25:37,332 Cached:3381.875 MB
2020-01-14 10:28:11,286 ==> Epoch[17](400/534): Loss: 0.1104
2020-01-14 10:28:11,289 Allocated:122.03369140625 MB
2020-01-14 10:28:11,290 Cached:8036.75 MB
2020-01-14 10:30:12,512 ==> Epoch[17](450/534): Loss: 0.1716
2020-01-14 10:30:12,515 Allocated:121.78369140625 MB
2020-01-14 10:30:12,515 Cached:9236.5 MB
2020-01-14 10:32:06,075 ==> Epoch[17](500/534): Loss: 0.0713
2020-01-14 10:32:06,078 Allocated:121.90869140625 MB
2020-01-14 10:32:06,078 Cached:9236.5 MB
2020-01-14 10:33:22,170 ===> Epoch 17 Complete: Avg. Loss: 0.1072
2020-01-14 10:33:22,172 ====> Extracting Features
2020-01-14 10:34:12,250 ==> Batch (50/108)
2020-01-14 10:34:46,137 ==> Batch (100/108)
2020-01-14 10:34:52,137 ====> Building faiss index
2020-01-14 10:34:52,523 ====> Calculating recall @ N
2020-01-14 10:34:54,661 ====> Recall@1: 0.7290
2020-01-14 10:34:54,663 ====> Recall@2: 0.7446
2020-01-14 10:34:54,664 ====> Recall@3: 0.7516
2020-01-14 10:34:54,664 ====> Recall@4: 0.7568
2020-01-14 10:34:54,664 ====> Recall@5: 0.7606
2020-01-14 10:34:54,664 ====> Recall@10: 0.7783
2020-01-14 10:34:54,665 ====> Recall@15: 0.7870
2020-01-14 10:34:54,665 ====> Recall@20: 0.7948
2020-01-14 10:34:54,665 ====> Recall@25: 0.7988
2020-01-14 10:34:55,136 ====> Building Cache
2020-01-14 10:34:55,137 feature cache--->>> /home/annora/NetVLAD/output/train_feat_cache1.hdf5
2020-01-14 10:36:31,647 Allocated:120.28369140625 MB
2020-01-14 10:36:31,648 Cached:4372.0 MB
2020-01-14 10:39:23,531 ==> Epoch[18](50/534): Loss: 0.0554
2020-01-14 10:39:23,534 Allocated:121.15869140625 MB
2020-01-14 10:39:23,535 Cached:7932.375 MB
2020-01-14 10:41:23,906 ==> Epoch[18](100/534): Loss: 0.0887
2020-01-14 10:41:23,910 Allocated:121.90869140625 MB
2020-01-14 10:41:23,911 Cached:7932.375 MB
2020-01-14 10:43:35,770 ==> Epoch[18](150/534): Loss: 0.1799
2020-01-14 10:43:35,775 Allocated:121.03369140625 MB
2020-01-14 10:43:35,775 Cached:7932.375 MB
2020-01-14 10:44:53,008 ====> Building Cache
2020-01-14 10:44:53,009 feature cache--->>> /home/annora/NetVLAD/output/train_feat_cache1.hdf5
2020-01-14 10:46:26,242 Allocated:121.783203125 MB
2020-01-14 10:46:26,243 Cached:2949.0 MB
2020-01-14 10:48:20,049 ==> Epoch[18](200/534): Loss: 0.0921
2020-01-14 10:48:20,052 Allocated:120.90869140625 MB
2020-01-14 10:48:20,053 Cached:6092.25 MB
2020-01-14 10:50:29,847 ==> Epoch[18](250/534): Loss: 0.1580
2020-01-14 10:50:29,850 Allocated:122.15869140625 MB
2020-01-14 10:50:29,851 Cached:6092.25 MB
2020-01-14 10:52:45,889 ==> Epoch[18](300/534): Loss: 0.1701
2020-01-14 10:52:45,895 Allocated:121.03369140625 MB
2020-01-14 10:52:45,895 Cached:6092.25 MB
2020-01-14 10:54:50,953 ==> Epoch[18](350/534): Loss: 0.1623
2020-01-14 10:54:50,956 Allocated:122.53369140625 MB
2020-01-14 10:54:50,956 Cached:6092.25 MB
2020-01-14 10:55:07,365 ====> Building Cache
2020-01-14 10:55:07,367 feature cache--->>> /home/annora/NetVLAD/output/train_feat_cache1.hdf5
2020-01-14 10:56:50,421 Allocated:122.533203125 MB
2020-01-14 10:56:50,422 Cached:2942.125 MB
2020-01-14 10:59:14,056 ==> Epoch[18](400/534): Loss: 0.1011
2020-01-14 10:59:14,065 Allocated:120.90869140625 MB
2020-01-14 10:59:14,065 Cached:5298.375 MB
2020-01-14 11:01:25,342 ==> Epoch[18](450/534): Loss: 0.1117
2020-01-14 11:01:25,345 Allocated:121.65869140625 MB
2020-01-14 11:01:25,346 Cached:5298.375 MB
2020-01-14 11:03:27,023 ==> Epoch[18](500/534): Loss: 0.1352
2020-01-14 11:03:27,027 Allocated:121.03369140625 MB
2020-01-14 11:03:27,027 Cached:6504.5 MB
2020-01-14 11:04:38,852 ===> Epoch 18 Complete: Avg. Loss: 0.1068
2020-01-14 11:04:38,854 ====> Extracting Features
2020-01-14 11:05:14,063 ==> Batch (50/108)
2020-01-14 11:05:42,154 ==> Batch (100/108)
2020-01-14 11:05:47,131 ====> Building faiss index
2020-01-14 11:05:47,499 ====> Calculating recall @ N
2020-01-14 11:05:49,651 ====> Recall@1: 0.7301
2020-01-14 11:05:49,652 ====> Recall@2: 0.7438
2020-01-14 11:05:49,653 ====> Recall@3: 0.7507
2020-01-14 11:05:49,653 ====> Recall@4: 0.7562
2020-01-14 11:05:49,653 ====> Recall@5: 0.7606
2020-01-14 11:05:49,653 ====> Recall@10: 0.7786
2020-01-14 11:05:49,653 ====> Recall@15: 0.7861
2020-01-14 11:05:49,654 ====> Recall@20: 0.7951
2020-01-14 11:05:49,654 ====> Recall@25: 0.7983
2020-01-14 11:05:50,105 ====> Building Cache
2020-01-14 11:05:50,105 feature cache--->>> /home/annora/NetVLAD/output/train_feat_cache1.hdf5
2020-01-14 11:07:24,913 Allocated:120.53369140625 MB
2020-01-14 11:07:24,914 Cached:4345.5 MB
2020-01-14 11:10:12,392 ==> Epoch[19](50/534): Loss: 0.0813
2020-01-14 11:10:12,394 Allocated:123.65869140625 MB
2020-01-14 11:10:12,395 Cached:7965.25 MB
2020-01-14 11:12:13,847 ==> Epoch[19](100/534): Loss: 0.0486
2020-01-14 11:12:13,850 Allocated:121.15869140625 MB
2020-01-14 11:12:13,850 Cached:7965.25 MB
2020-01-14 11:14:20,099 ==> Epoch[19](150/534): Loss: 0.0701
2020-01-14 11:14:20,102 Allocated:122.40869140625 MB
2020-01-14 11:14:20,102 Cached:7965.25 MB
2020-01-14 11:15:31,582 ====> Building Cache
2020-01-14 11:15:31,583 feature cache--->>> /home/annora/NetVLAD/output/train_feat_cache1.hdf5
2020-01-14 11:17:31,014 Allocated:121.533203125 MB
2020-01-14 11:17:31,014 Cached:2958.0 MB
2020-01-14 11:19:13,744 ==> Epoch[19](200/534): Loss: 0.1682
2020-01-14 11:19:13,748 Allocated:121.78369140625 MB
2020-01-14 11:19:13,748 Cached:3331.75 MB
2020-01-14 11:21:26,259 ==> Epoch[19](250/534): Loss: 0.1696
2020-01-14 11:21:26,261 Allocated:122.90869140625 MB
2020-01-14 11:21:26,262 Cached:3620.75 MB
2020-01-14 11:23:29,986 ==> Epoch[19](300/534): Loss: 0.1689
2020-01-14 11:23:29,988 Allocated:121.03369140625 MB
2020-01-14 11:23:29,988 Cached:6698.75 MB
2020-01-14 11:25:29,079 ==> Epoch[19](350/534): Loss: 0.1323
2020-01-14 11:25:29,081 Allocated:121.65869140625 MB
2020-01-14 11:25:29,081 Cached:6699.75 MB
2020-01-14 11:25:43,011 ====> Building Cache
2020-01-14 11:25:43,012 feature cache--->>> /home/annora/NetVLAD/output/train_feat_cache1.hdf5
2020-01-14 11:27:14,663 Allocated:122.158203125 MB
2020-01-14 11:27:14,664 Cached:2976.125 MB
2020-01-14 11:29:35,621 ==> Epoch[19](400/534): Loss: 0.0741
2020-01-14 11:29:35,623 Allocated:122.28369140625 MB
2020-01-14 11:29:35,623 Cached:5341.875 MB
2020-01-14 11:31:37,138 ==> Epoch[19](450/534): Loss: 0.0577
2020-01-14 11:31:37,141 Allocated:122.03369140625 MB
2020-01-14 11:31:37,141 Cached:6564.875 MB
2020-01-14 11:33:35,178 ==> Epoch[19](500/534): Loss: 0.0759
2020-01-14 11:33:35,180 Allocated:121.28369140625 MB
2020-01-14 11:33:35,181 Cached:7805.0 MB
2020-01-14 11:34:53,517 ===> Epoch 19 Complete: Avg. Loss: 0.1057
2020-01-14 11:34:53,518 ====> Extracting Features
2020-01-14 11:35:29,804 ==> Batch (50/108)
2020-01-14 11:35:54,765 ==> Batch (100/108)
2020-01-14 11:35:59,708 ====> Building faiss index
2020-01-14 11:36:00,085 ====> Calculating recall @ N
2020-01-14 11:36:03,366 ====> Recall@1: 0.7310
2020-01-14 11:36:03,366 ====> Recall@2: 0.7432
2020-01-14 11:36:03,367 ====> Recall@3: 0.7496
2020-01-14 11:36:03,367 ====> Recall@4: 0.7565
2020-01-14 11:36:03,367 ====> Recall@5: 0.7612
2020-01-14 11:36:03,367 ====> Recall@10: 0.7783
2020-01-14 11:36:03,368 ====> Recall@15: 0.7864
2020-01-14 11:36:03,368 ====> Recall@20: 0.7933
2020-01-14 11:36:03,368 ====> Recall@25: 0.7980
2020-01-14 11:36:03,794 ====> Building Cache
2020-01-14 11:36:03,795 feature cache--->>> /home/annora/NetVLAD/output/train_feat_cache1.hdf5
2020-01-14 11:37:32,082 Allocated:118.90869140625 MB
2020-01-14 11:37:32,082 Cached:4334.625 MB
2020-01-14 11:40:14,364 ==> Epoch[20](50/534): Loss: 0.0798
2020-01-14 11:40:14,367 Allocated:121.40869140625 MB
2020-01-14 11:40:14,367 Cached:8965.125 MB
2020-01-14 11:42:13,349 ==> Epoch[20](100/534): Loss: 0.0239
2020-01-14 11:42:13,352 Allocated:122.15869140625 MB
2020-01-14 11:42:13,352 Cached:8965.125 MB
2020-01-14 11:44:07,292 ==> Epoch[20](150/534): Loss: 0.1130
2020-01-14 11:44:07,295 Allocated:122.15869140625 MB
2020-01-14 11:44:07,295 Cached:8965.125 MB
2020-01-14 11:45:07,680 ====> Building Cache
2020-01-14 11:45:07,681 feature cache--->>> /home/annora/NetVLAD/output/train_feat_cache1.hdf5
2020-01-14 11:46:41,074 Allocated:121.658203125 MB
2020-01-14 11:46:41,075 Cached:2981.75 MB
2020-01-14 11:48:17,993 ==> Epoch[20](200/534): Loss: 0.2052
2020-01-14 11:48:17,997 Allocated:122.28369140625 MB
2020-01-14 11:48:17,997 Cached:9114.625 MB
2020-01-14 11:50:19,244 ==> Epoch[20](250/534): Loss: 0.1258
2020-01-14 11:50:19,251 Allocated:122.40869140625 MB
2020-01-14 11:50:19,252 Cached:3327.75 MB
2020-01-14 11:52:21,014 ==> Epoch[20](300/534): Loss: 0.1050
2020-01-14 11:52:21,017 Allocated:121.15869140625 MB
2020-01-14 11:52:21,017 Cached:9718.125 MB
2020-01-14 11:54:30,700 ==> Epoch[20](350/534): Loss: 0.0404
2020-01-14 11:54:30,704 Allocated:122.65869140625 MB
2020-01-14 11:54:30,704 Cached:9718.125 MB
2020-01-14 11:54:44,886 ====> Building Cache
2020-01-14 11:54:44,887 feature cache--->>> /home/annora/NetVLAD/output/train_feat_cache1.hdf5
2020-01-14 11:56:17,859 Allocated:122.658203125 MB
2020-01-14 11:56:17,860 Cached:2939.75 MB
2020-01-14 11:58:46,769 ==> Epoch[20](400/534): Loss: 0.1165
2020-01-14 11:58:46,771 Allocated:120.90869140625 MB
2020-01-14 11:58:46,772 Cached:4109.0 MB
2020-01-14 12:00:37,494 ==> Epoch[20](450/534): Loss: 0.0305
2020-01-14 12:00:37,497 Allocated:121.15869140625 MB
2020-01-14 12:00:37,497 Cached:4109.0 MB
2020-01-14 12:02:46,388 ==> Epoch[20](500/534): Loss: 0.0837
2020-01-14 12:02:46,390 Allocated:120.90869140625 MB
2020-01-14 12:02:46,390 Cached:6443.75 MB
2020-01-14 12:04:14,271 ===> Epoch 20 Complete: Avg. Loss: 0.1055
2020-01-14 12:04:14,274 ====> Extracting Features
2020-01-14 12:04:55,775 ==> Batch (50/108)
2020-01-14 12:05:18,161 ==> Batch (100/108)
2020-01-14 12:05:22,687 ====> Building faiss index
2020-01-14 12:05:23,052 ====> Calculating recall @ N
2020-01-14 12:05:25,193 ====> Recall@1: 0.7307
2020-01-14 12:05:25,194 ====> Recall@2: 0.7429
2020-01-14 12:05:25,195 ====> Recall@3: 0.7499
2020-01-14 12:05:25,195 ====> Recall@4: 0.7577
2020-01-14 12:05:25,195 ====> Recall@5: 0.7620
2020-01-14 12:05:25,196 ====> Recall@10: 0.7777
2020-01-14 12:05:25,196 ====> Recall@15: 0.7870
2020-01-14 12:05:25,196 ====> Recall@20: 0.7936
2020-01-14 12:05:25,196 ====> Recall@25: 0.7962
2020-01-14 12:05:25,631 ====> Building Cache
2020-01-14 12:05:25,631 feature cache--->>> /home/annora/NetVLAD/output/train_feat_cache1.hdf5
2020-01-14 12:06:55,333 Allocated:120.65869140625 MB
2020-01-14 12:06:55,334 Cached:4318.5 MB
2020-01-14 12:09:38,708 ==> Epoch[21](50/534): Loss: 0.0971
2020-01-14 12:09:38,712 Allocated:122.03369140625 MB
2020-01-14 12:09:38,713 Cached:5509.125 MB
2020-01-14 12:11:35,433 ==> Epoch[21](100/534): Loss: 0.1191
2020-01-14 12:11:35,436 Allocated:121.40869140625 MB
2020-01-14 12:11:35,436 Cached:5509.125 MB
2020-01-14 12:13:28,150 ==> Epoch[21](150/534): Loss: 0.0702
2020-01-14 12:13:28,153 Allocated:123.53369140625 MB
2020-01-14 12:13:28,153 Cached:5509.125 MB
2020-01-14 12:14:33,092 ====> Building Cache
2020-01-14 12:14:33,093 feature cache--->>> /home/annora/NetVLAD/output/train_feat_cache1.hdf5
2020-01-14 12:16:05,406 Allocated:122.283203125 MB
2020-01-14 12:16:05,406 Cached:2958.0 MB
2020-01-14 12:17:46,459 ==> Epoch[21](200/534): Loss: 0.1141
2020-01-14 12:17:46,462 Allocated:121.78369140625 MB
2020-01-14 12:17:46,462 Cached:5402.25 MB
2020-01-14 12:19:46,272 ==> Epoch[21](250/534): Loss: 0.1967
2020-01-14 12:19:46,276 Allocated:122.15869140625 MB
2020-01-14 12:19:46,276 Cached:6659.375 MB
2020-01-14 12:21:48,541 ==> Epoch[21](300/534): Loss: 0.0827
2020-01-14 12:21:48,543 Allocated:122.28369140625 MB
2020-01-14 12:21:48,543 Cached:6659.375 MB
2020-01-14 12:24:06,353 ==> Epoch[21](350/534): Loss: 0.1167
2020-01-14 12:24:06,356 Allocated:121.65869140625 MB
2020-01-14 12:24:06,356 Cached:6659.375 MB
2020-01-14 12:24:21,239 ====> Building Cache
2020-01-14 12:24:21,240 feature cache--->>> /home/annora/NetVLAD/output/train_feat_cache1.hdf5
2020-01-14 12:25:55,328 Allocated:122.783203125 MB
2020-01-14 12:25:55,329 Cached:2968.0 MB
2020-01-14 12:28:12,682 ==> Epoch[21](400/534): Loss: 0.0822
2020-01-14 12:28:12,685 Allocated:120.90869140625 MB
2020-01-14 12:28:12,685 Cached:6312.5 MB
2020-01-14 12:30:13,611 ==> Epoch[21](450/534): Loss: 0.0239
2020-01-14 12:30:13,613 Allocated:121.90869140625 MB
2020-01-14 12:30:13,614 Cached:8721.5 MB
2020-01-14 12:32:27,468 ==> Epoch[21](500/534): Loss: 0.0716
2020-01-14 12:32:27,471 Allocated:121.90869140625 MB
2020-01-14 12:32:27,471 Cached:8721.5 MB
2020-01-14 12:33:49,320 ===> Epoch 21 Complete: Avg. Loss: 0.1068
2020-01-14 12:33:49,322 ====> Extracting Features
2020-01-14 12:34:25,018 ==> Batch (50/108)
2020-01-14 12:34:49,931 ==> Batch (100/108)
2020-01-14 12:34:54,475 ====> Building faiss index
2020-01-14 12:34:54,821 ====> Calculating recall @ N
2020-01-14 12:34:56,941 ====> Recall@1: 0.7307
2020-01-14 12:34:56,942 ====> Recall@2: 0.7432
2020-01-14 12:34:56,942 ====> Recall@3: 0.7501
2020-01-14 12:34:56,942 ====> Recall@4: 0.7586
2020-01-14 12:34:56,943 ====> Recall@5: 0.7626
2020-01-14 12:34:56,943 ====> Recall@10: 0.7780
2020-01-14 12:34:56,943 ====> Recall@15: 0.7878
2020-01-14 12:34:56,943 ====> Recall@20: 0.7930
2020-01-14 12:34:56,943 ====> Recall@25: 0.7968
2020-01-14 12:34:57,366 ====> Building Cache
2020-01-14 12:34:57,367 feature cache--->>> /home/annora/NetVLAD/output/train_feat_cache1.hdf5
2020-01-14 12:36:27,260 Allocated:120.03369140625 MB
2020-01-14 12:36:27,261 Cached:4309.5 MB
2020-01-14 12:39:31,873 ==> Epoch[22](50/534): Loss: 0.0975
2020-01-14 12:39:31,876 Allocated:121.03369140625 MB
2020-01-14 12:39:31,876 Cached:6696.625 MB
2020-01-14 12:41:34,839 ==> Epoch[22](100/534): Loss: 0.0250
2020-01-14 12:41:34,841 Allocated:121.40869140625 MB
2020-01-14 12:41:34,841 Cached:7915.5 MB
2020-01-14 12:43:34,672 ==> Epoch[22](150/534): Loss: 0.1174
2020-01-14 12:43:34,674 Allocated:121.03369140625 MB
2020-01-14 12:43:34,674 Cached:7915.5 MB
2020-01-14 12:44:39,046 ====> Building Cache
2020-01-14 12:44:39,047 feature cache--->>> /home/annora/NetVLAD/output/train_feat_cache1.hdf5
2020-01-14 12:46:12,936 Allocated:122.658203125 MB
2020-01-14 12:46:12,937 Cached:3074.625 MB
2020-01-14 12:48:10,703 ==> Epoch[22](200/534): Loss: 0.1543
2020-01-14 12:48:10,706 Allocated:120.90869140625 MB
2020-01-14 12:48:10,706 Cached:5551.875 MB
2020-01-14 12:50:11,925 ==> Epoch[22](250/534): Loss: 0.1422
2020-01-14 12:50:11,927 Allocated:120.90869140625 MB
2020-01-14 12:50:11,927 Cached:4530.375 MB
2020-01-14 12:52:26,820 ==> Epoch[22](300/534): Loss: 0.1178
2020-01-14 12:52:26,824 Allocated:120.90869140625 MB
2020-01-14 12:52:26,825 Cached:4530.375 MB
2020-01-14 12:54:43,827 ==> Epoch[22](350/534): Loss: 0.1340
2020-01-14 12:54:43,830 Allocated:121.15869140625 MB
2020-01-14 12:54:43,831 Cached:4530.375 MB
2020-01-14 12:54:58,499 ====> Building Cache
2020-01-14 12:54:58,500 feature cache--->>> /home/annora/NetVLAD/output/train_feat_cache1.hdf5
2020-01-14 12:56:30,342 Allocated:121.408203125 MB
2020-01-14 12:56:30,343 Cached:2949.0 MB
2020-01-14 12:59:06,080 ==> Epoch[22](400/534): Loss: 0.0844
2020-01-14 12:59:06,086 Allocated:121.90869140625 MB
2020-01-14 12:59:06,087 Cached:5371.0 MB
2020-01-14 13:01:14,686 ==> Epoch[22](450/534): Loss: 0.1143
2020-01-14 13:01:14,688 Allocated:122.28369140625 MB
2020-01-14 13:01:14,688 Cached:5371.0 MB
2020-01-14 13:03:27,961 ==> Epoch[22](500/534): Loss: 0.1117
2020-01-14 13:03:27,963 Allocated:123.28369140625 MB
2020-01-14 13:03:27,963 Cached:5371.0 MB
2020-01-14 13:04:45,646 ===> Epoch 22 Complete: Avg. Loss: 0.1062
2020-01-14 13:04:45,648 ====> Extracting Features
2020-01-14 13:05:23,293 ==> Batch (50/108)
2020-01-14 13:05:46,915 ==> Batch (100/108)
2020-01-14 13:05:51,704 ====> Building faiss index
2020-01-14 13:05:52,063 ====> Calculating recall @ N
2020-01-14 13:05:54,174 ====> Recall@1: 0.7293
2020-01-14 13:05:54,174 ====> Recall@2: 0.7432
2020-01-14 13:05:54,175 ====> Recall@3: 0.7507
2020-01-14 13:05:54,175 ====> Recall@4: 0.7580
2020-01-14 13:05:54,176 ====> Recall@5: 0.7632
2020-01-14 13:05:54,176 ====> Recall@10: 0.7774
2020-01-14 13:05:54,176 ====> Recall@15: 0.7881
2020-01-14 13:05:54,176 ====> Recall@20: 0.7930
2020-01-14 13:05:54,177 ====> Recall@25: 0.7974
2020-01-14 13:05:54,624 ====> Building Cache
2020-01-14 13:05:54,625 feature cache--->>> /home/annora/NetVLAD/output/train_feat_cache1.hdf5
2020-01-14 13:07:24,058 Allocated:119.03369140625 MB
2020-01-14 13:07:24,060 Cached:4361.625 MB
2020-01-14 13:10:19,020 ==> Epoch[23](50/534): Loss: 0.0773
2020-01-14 13:10:19,022 Allocated:121.15869140625 MB
2020-01-14 13:10:19,022 Cached:6685.0 MB
2020-01-14 13:12:26,492 ==> Epoch[23](100/534): Loss: 0.0984
2020-01-14 13:12:26,494 Allocated:121.78369140625 MB
2020-01-14 13:12:26,494 Cached:7867.75 MB
2020-01-14 13:14:26,738 ==> Epoch[23](150/534): Loss: 0.0621
2020-01-14 13:14:26,740 Allocated:121.03369140625 MB
2020-01-14 13:14:26,741 Cached:9100.375 MB
2020-01-14 13:15:37,265 ====> Building Cache
2020-01-14 13:15:37,266 feature cache--->>> /home/annora/NetVLAD/output/train_feat_cache1.hdf5
2020-01-14 13:17:09,297 Allocated:123.158203125 MB
2020-01-14 13:17:09,298 Cached:2989.0 MB
2020-01-14 13:18:50,664 ==> Epoch[23](200/534): Loss: 0.2257
2020-01-14 13:18:50,668 Allocated:122.40869140625 MB
2020-01-14 13:18:50,668 Cached:4254.75 MB
2020-01-14 13:20:50,740 ==> Epoch[23](250/534): Loss: 0.1159
2020-01-14 13:20:50,742 Allocated:121.15869140625 MB
2020-01-14 13:20:50,742 Cached:4254.75 MB
2020-01-14 13:23:11,295 ==> Epoch[23](300/534): Loss: 0.0775
2020-01-14 13:23:11,297 Allocated:121.15869140625 MB
2020-01-14 13:23:11,297 Cached:8129.75 MB
2020-01-14 13:25:27,564 ==> Epoch[23](350/534): Loss: 0.1609
2020-01-14 13:25:27,567 Allocated:121.15869140625 MB
2020-01-14 13:25:27,567 Cached:8129.75 MB
2020-01-14 13:25:42,479 ====> Building Cache
2020-01-14 13:25:42,480 feature cache--->>> /home/annora/NetVLAD/output/train_feat_cache1.hdf5
2020-01-14 13:27:12,716 Allocated:120.908203125 MB
2020-01-14 13:27:12,717 Cached:2989.0 MB
2020-01-14 13:29:35,693 ==> Epoch[23](400/534): Loss: 0.0947
2020-01-14 13:29:35,696 Allocated:121.65869140625 MB
2020-01-14 13:29:35,696 Cached:7631.125 MB
2020-01-14 13:31:51,570 ==> Epoch[23](450/534): Loss: 0.0356
2020-01-14 13:31:51,572 Allocated:120.90869140625 MB
2020-01-14 13:31:51,572 Cached:7631.125 MB
2020-01-14 13:34:06,433 ==> Epoch[23](500/534): Loss: 0.0562
2020-01-14 13:34:06,435 Allocated:122.03369140625 MB
2020-01-14 13:34:06,435 Cached:10015.75 MB
2020-01-14 13:35:29,275 ===> Epoch 23 Complete: Avg. Loss: 0.1055
2020-01-14 13:35:29,277 ====> Extracting Features
2020-01-14 13:36:06,913 ==> Batch (50/108)
2020-01-14 13:36:30,151 ==> Batch (100/108)
2020-01-14 13:36:34,904 ====> Building faiss index
2020-01-14 13:36:35,252 ====> Calculating recall @ N
2020-01-14 13:36:37,376 ====> Recall@1: 0.7287
2020-01-14 13:36:37,377 ====> Recall@2: 0.7435
2020-01-14 13:36:37,377 ====> Recall@3: 0.7504
2020-01-14 13:36:37,377 ====> Recall@4: 0.7580
2020-01-14 13:36:37,378 ====> Recall@5: 0.7629
2020-01-14 13:36:37,378 ====> Recall@10: 0.7765
2020-01-14 13:36:37,378 ====> Recall@15: 0.7881
2020-01-14 13:36:37,378 ====> Recall@20: 0.7930
2020-01-14 13:36:37,378 ====> Recall@25: 0.7971
2020-01-14 13:36:37,817 Performance did not improve for 10 epochs. Stopping.
2020-01-14 13:36:37,817 => Best Recall@5: 0.7646
