2020-01-12 11:20:30,879 Namespace(arch='alexnet', batchSize=12, cacheBatchSize=96, cachePath='/home/annora/NetVLAD/output/', cacheRefreshRate=3000, ckpt='best', contilearn=True, dataPath='/home/annora/NetVLAD/output/data/', dataset='robotcar', evalEvery=1, fromscratch=False, fromtask='', lr=0.01, lrGamma=0.5, lrStep=5, margin=0.1, mode='train', momentum=0.9, nEpochs=30, nGPU=1, nocuda=False, num_clusters=64, optim='SGD', patience=10, pooling='netvlad', premodel='places', resume='', runsPath='/home/annora/NetVLAD/output/runs/', savePath='checkpoints', seed=123, split='val', start_epoch=0, threads=8, vladv2=False, weightDecay=0.001)
2020-01-12 11:20:30,991 ===> Loading dataset(s)
2020-01-12 11:20:30,991 trainfile ------>>>>>> oxRobocar_doubleN_train.mat
2020-01-12 11:20:33,766 ====> Training set: oxRobocar_doubleN_train.mat, query set count: 6404
2020-01-12 11:20:33,868 ===> Evaluating on val set: oxRobocar_doubleN_val.mat, query count: 3450
2020-01-12 11:20:33,868 ===> Building model
2020-01-12 11:20:33,921 encoder moder:
AlexNet(
  (conv1): Sequential(
    (0): Conv2d(3, 64, kernel_size=(11, 11), stride=(4, 4), padding=(2, 2))
    (1): ReLU(inplace)
    (2): MaxPool2d(kernel_size=3, stride=2, padding=0, dilation=1, ceil_mode=False)
  )
  (conv2): Sequential(
    (0): Conv2d(64, 192, kernel_size=(5, 5), stride=(1, 1), padding=(2, 2))
    (1): ReLU(inplace)
    (2): MaxPool2d(kernel_size=3, stride=2, padding=0, dilation=1, ceil_mode=False)
  )
  (conv3): Sequential(
    (0): Conv2d(192, 384, kernel_size=(3, 3), stride=(1, 1), padding=(1, 1))
    (1): ReLU(inplace)
  )
  (conv4): Sequential(
    (0): Conv2d(384, 256, kernel_size=(3, 3), stride=(1, 1), padding=(1, 1))
    (1): ReLU(inplace)
  )
  (conv5): Sequential(
    (0): Conv2d(256, 256, kernel_size=(3, 3), stride=(1, 1), padding=(1, 1))
  )
)
2020-01-12 11:20:38,939 ===> Training model
2020-01-12 11:20:38,943 ===> Saving state to: /home/annora/NetVLAD/output/runs/2020-01-12-11-20-38_alexnet_netvlad
2020-01-12 11:20:38,996 ====> Building Cache
2020-01-12 11:20:38,999 feature cache--->>> /home/annora/NetVLAD/output/train_feat_cache2.hdf5
2020-01-12 11:22:30,973 Allocated:99.47119140625 MB
2020-01-12 11:22:30,974 Cached:2864.375 MB
2020-01-12 11:25:41,804 ==> Epoch[1](50/534): Loss: 0.0669
2020-01-12 11:25:41,807 Allocated:121.65869140625 MB
2020-01-12 11:25:41,807 Cached:4352.625 MB
2020-01-12 11:27:47,296 ==> Epoch[1](100/534): Loss: 0.1198
2020-01-12 11:27:47,298 Allocated:121.15869140625 MB
2020-01-12 11:27:47,298 Cached:4353.625 MB
2020-01-12 11:30:04,063 ==> Epoch[1](150/534): Loss: 0.1321
2020-01-12 11:30:04,065 Allocated:121.40869140625 MB
2020-01-12 11:30:04,065 Cached:4353.625 MB
2020-01-12 11:31:13,990 ====> Building Cache
2020-01-12 11:31:13,993 feature cache--->>> /home/annora/NetVLAD/output/train_feat_cache2.hdf5
2020-01-12 11:33:06,544 Allocated:123.533203125 MB
2020-01-12 11:33:06,544 Cached:2354.25 MB
2020-01-12 11:34:57,431 ==> Epoch[1](200/534): Loss: 0.1148
2020-01-12 11:34:57,433 Allocated:121.65869140625 MB
2020-01-12 11:34:57,433 Cached:6118.875 MB
2020-01-12 11:37:12,959 ==> Epoch[1](250/534): Loss: 0.1479
2020-01-12 11:37:12,961 Allocated:122.53369140625 MB
2020-01-12 11:37:12,961 Cached:6118.875 MB
2020-01-12 11:39:30,280 ==> Epoch[1](300/534): Loss: 0.1680
2020-01-12 11:39:30,281 Allocated:122.15869140625 MB
2020-01-12 11:39:30,281 Cached:6118.875 MB
2020-01-12 11:41:57,004 ==> Epoch[1](350/534): Loss: 0.1050
2020-01-12 11:41:57,007 Allocated:121.40869140625 MB
2020-01-12 11:41:57,007 Cached:6118.875 MB
2020-01-12 11:42:10,786 ====> Building Cache
2020-01-12 11:42:10,787 feature cache--->>> /home/annora/NetVLAD/output/train_feat_cache2.hdf5
2020-01-12 11:43:49,716 Allocated:121.908203125 MB
2020-01-12 11:43:49,716 Cached:2979.875 MB
2020-01-12 11:46:29,778 ==> Epoch[1](400/534): Loss: 0.1035
2020-01-12 11:46:29,780 Allocated:121.78369140625 MB
2020-01-12 11:46:29,781 Cached:10169.0 MB
2020-01-12 11:48:43,843 ==> Epoch[1](450/534): Loss: 0.0874
2020-01-12 11:48:43,845 Allocated:121.03369140625 MB
2020-01-12 11:48:43,845 Cached:3295.875 MB
2020-01-12 11:50:44,243 ==> Epoch[1](500/534): Loss: 0.0813
2020-01-12 11:50:44,246 Allocated:122.40869140625 MB
2020-01-12 11:50:44,247 Cached:7206.0 MB
2020-01-12 11:52:11,158 ===> Epoch 1 Complete: Avg. Loss: 0.1212
2020-01-12 11:52:11,161 ====> Extracting Features
2020-01-12 11:52:52,945 ==> Batch (50/108)
2020-01-12 11:53:18,656 ==> Batch (100/108)
2020-01-12 11:53:23,046 ====> Building faiss index
2020-01-12 11:53:23,426 ====> Calculating recall @ N
2020-01-12 11:53:25,671 ====> Recall@1: 0.6699
2020-01-12 11:53:25,672 ====> Recall@2: 0.6977
2020-01-12 11:53:25,673 ====> Recall@3: 0.7104
2020-01-12 11:53:25,673 ====> Recall@4: 0.7194
2020-01-12 11:53:25,673 ====> Recall@5: 0.7278
2020-01-12 11:53:25,673 ====> Recall@10: 0.7464
2020-01-12 11:53:25,674 ====> Recall@15: 0.7588
2020-01-12 11:53:25,674 ====> Recall@20: 0.7675
2020-01-12 11:53:25,674 ====> Recall@25: 0.7742
2020-01-12 11:53:26,004 ====> Building Cache
2020-01-12 11:53:26,005 feature cache--->>> /home/annora/NetVLAD/output/train_feat_cache2.hdf5
2020-01-12 11:55:16,732 Allocated:121.28369140625 MB
2020-01-12 11:55:16,732 Cached:4360.75 MB
2020-01-12 11:58:14,171 ==> Epoch[2](50/534): Loss: 0.1107
2020-01-12 11:58:14,191 Allocated:121.90869140625 MB
2020-01-12 11:58:14,191 Cached:9297.125 MB
2020-01-12 12:00:25,911 ==> Epoch[2](100/534): Loss: 0.1480
2020-01-12 12:00:25,926 Allocated:122.53369140625 MB
2020-01-12 12:00:25,931 Cached:6150.5 MB
2020-01-12 12:02:43,468 ==> Epoch[2](150/534): Loss: 0.1220
2020-01-12 12:02:43,469 Allocated:121.15869140625 MB
2020-01-12 12:02:43,470 Cached:6150.5 MB
2020-01-12 12:03:51,795 ====> Building Cache
2020-01-12 12:03:51,795 feature cache--->>> /home/annora/NetVLAD/output/train_feat_cache2.hdf5
2020-01-12 12:05:48,692 Allocated:120.908203125 MB
2020-01-12 12:05:48,693 Cached:3005.125 MB
2020-01-12 12:07:33,759 ==> Epoch[2](200/534): Loss: 0.1783
2020-01-12 12:07:33,761 Allocated:121.15869140625 MB
2020-01-12 12:07:33,762 Cached:9382.875 MB
2020-01-12 12:09:59,470 ==> Epoch[2](250/534): Loss: 0.1552
2020-01-12 12:09:59,472 Allocated:121.03369140625 MB
2020-01-12 12:09:59,472 Cached:9382.875 MB
2020-01-12 12:12:10,279 ==> Epoch[2](300/534): Loss: 0.1361
2020-01-12 12:12:10,281 Allocated:121.40869140625 MB
2020-01-12 12:12:10,281 Cached:9382.875 MB
2020-01-12 12:14:15,488 ==> Epoch[2](350/534): Loss: 0.1669
2020-01-12 12:14:15,490 Allocated:121.53369140625 MB
2020-01-12 12:14:15,491 Cached:9382.875 MB
2020-01-12 12:14:31,811 ====> Building Cache
2020-01-12 12:14:31,812 feature cache--->>> /home/annora/NetVLAD/output/train_feat_cache2.hdf5
2020-01-12 12:16:18,263 Allocated:122.283203125 MB
2020-01-12 12:16:18,263 Cached:3381.875 MB
2020-01-12 12:19:00,213 ==> Epoch[2](400/534): Loss: 0.1033
2020-01-12 12:19:00,215 Allocated:121.03369140625 MB
2020-01-12 12:19:00,215 Cached:4242.375 MB
2020-01-12 12:21:08,333 ==> Epoch[2](450/534): Loss: 0.1006
2020-01-12 12:21:08,335 Allocated:121.15869140625 MB
2020-01-12 12:21:08,336 Cached:4243.375 MB
2020-01-12 12:23:21,709 ==> Epoch[2](500/534): Loss: 0.0767
2020-01-12 12:23:21,711 Allocated:120.90869140625 MB
2020-01-12 12:23:21,711 Cached:5541.625 MB
2020-01-12 12:24:47,783 ===> Epoch 2 Complete: Avg. Loss: 0.1163
2020-01-12 12:24:47,784 ====> Extracting Features
2020-01-12 12:25:31,129 ==> Batch (50/108)
2020-01-12 12:25:55,069 ==> Batch (100/108)
2020-01-12 12:26:00,021 ====> Building faiss index
2020-01-12 12:26:00,409 ====> Calculating recall @ N
2020-01-12 12:26:02,523 ====> Recall@1: 0.6693
2020-01-12 12:26:02,524 ====> Recall@2: 0.7014
2020-01-12 12:26:02,524 ====> Recall@3: 0.7151
2020-01-12 12:26:02,524 ====> Recall@4: 0.7232
2020-01-12 12:26:02,524 ====> Recall@5: 0.7281
2020-01-12 12:26:02,525 ====> Recall@10: 0.7504
2020-01-12 12:26:02,525 ====> Recall@15: 0.7597
2020-01-12 12:26:02,525 ====> Recall@20: 0.7687
2020-01-12 12:26:02,525 ====> Recall@25: 0.7730
2020-01-12 12:26:03,294 ====> Building Cache
2020-01-12 12:26:03,294 feature cache--->>> /home/annora/NetVLAD/output/train_feat_cache2.hdf5
2020-01-12 12:27:50,048 Allocated:119.15869140625 MB
2020-01-12 12:27:50,049 Cached:4309.5 MB
2020-01-12 12:30:50,645 ==> Epoch[3](50/534): Loss: 0.1372
2020-01-12 12:30:50,649 Allocated:121.40869140625 MB
2020-01-12 12:30:50,649 Cached:3532.75 MB
2020-01-12 12:33:07,685 ==> Epoch[3](100/534): Loss: 0.0851
2020-01-12 12:33:07,687 Allocated:120.90869140625 MB
2020-01-12 12:33:07,687 Cached:5846.625 MB
2020-01-12 12:35:24,551 ==> Epoch[3](150/534): Loss: 0.1023
2020-01-12 12:35:24,553 Allocated:122.28369140625 MB
2020-01-12 12:35:24,553 Cached:5846.625 MB
2020-01-12 12:36:27,563 ====> Building Cache
2020-01-12 12:36:27,564 feature cache--->>> /home/annora/NetVLAD/output/train_feat_cache2.hdf5
2020-01-12 12:38:10,305 Allocated:122.283203125 MB
2020-01-12 12:38:10,306 Cached:2895.875 MB
2020-01-12 12:40:30,999 ==> Epoch[3](200/534): Loss: 0.1645
2020-01-12 12:40:31,002 Allocated:121.28369140625 MB
2020-01-12 12:40:31,002 Cached:6094.25 MB
2020-01-12 12:42:45,215 ==> Epoch[3](250/534): Loss: 0.2111
2020-01-12 12:42:45,218 Allocated:122.03369140625 MB
2020-01-12 12:42:45,218 Cached:6094.25 MB
2020-01-12 12:44:49,045 ==> Epoch[3](300/534): Loss: 0.2020
2020-01-12 12:44:49,061 Allocated:121.03369140625 MB
2020-01-12 12:44:49,062 Cached:6094.25 MB
2020-01-12 12:47:02,777 ==> Epoch[3](350/534): Loss: 0.1525
2020-01-12 12:47:02,784 Allocated:121.03369140625 MB
2020-01-12 12:47:02,785 Cached:6094.25 MB
2020-01-12 12:47:18,513 ====> Building Cache
2020-01-12 12:47:18,514 feature cache--->>> /home/annora/NetVLAD/output/train_feat_cache2.hdf5
2020-01-12 12:49:10,056 Allocated:121.908203125 MB
2020-01-12 12:49:10,057 Cached:3042.625 MB
2020-01-12 12:51:55,729 ==> Epoch[3](400/534): Loss: 0.0819
2020-01-12 12:51:55,732 Allocated:122.90869140625 MB
2020-01-12 12:51:55,732 Cached:9347.0 MB
2020-01-12 12:54:11,571 ==> Epoch[3](450/534): Loss: 0.1003
2020-01-12 12:54:11,574 Allocated:121.90869140625 MB
2020-01-12 12:54:11,575 Cached:9347.0 MB
2020-01-12 12:56:28,220 ==> Epoch[3](500/534): Loss: 0.0971
2020-01-12 12:56:28,222 Allocated:121.53369140625 MB
2020-01-12 12:56:28,223 Cached:9347.0 MB
2020-01-12 12:57:46,329 ===> Epoch 3 Complete: Avg. Loss: 0.1144
2020-01-12 12:57:46,332 ====> Extracting Features
2020-01-12 12:58:25,314 ==> Batch (50/108)
2020-01-12 12:58:49,158 ==> Batch (100/108)
2020-01-12 12:58:54,299 ====> Building faiss index
2020-01-12 12:58:54,651 ====> Calculating recall @ N
2020-01-12 12:58:57,361 ====> Recall@1: 0.6713
2020-01-12 12:58:57,362 ====> Recall@2: 0.7012
2020-01-12 12:58:57,362 ====> Recall@3: 0.7116
2020-01-12 12:58:57,362 ====> Recall@4: 0.7229
2020-01-12 12:58:57,362 ====> Recall@5: 0.7301
2020-01-12 12:58:57,363 ====> Recall@10: 0.7499
2020-01-12 12:58:57,363 ====> Recall@15: 0.7603
2020-01-12 12:58:57,363 ====> Recall@20: 0.7687
2020-01-12 12:58:57,363 ====> Recall@25: 0.7754
2020-01-12 12:58:58,226 ====> Building Cache
2020-01-12 12:58:58,226 feature cache--->>> /home/annora/NetVLAD/output/train_feat_cache2.hdf5
2020-01-12 13:00:38,091 Allocated:121.15869140625 MB
2020-01-12 13:00:38,092 Cached:4317.875 MB
2020-01-12 13:03:53,371 ==> Epoch[4](50/534): Loss: 0.0921
2020-01-12 13:03:53,373 Allocated:122.03369140625 MB
2020-01-12 13:03:53,374 Cached:9257.375 MB
2020-01-12 13:05:50,540 ==> Epoch[4](100/534): Loss: 0.1065
2020-01-12 13:05:50,543 Allocated:122.28369140625 MB
2020-01-12 13:05:50,543 Cached:9257.375 MB
2020-01-12 13:08:01,420 ==> Epoch[4](150/534): Loss: 0.0953
2020-01-12 13:08:01,424 Allocated:121.03369140625 MB
2020-01-12 13:08:01,424 Cached:6108.25 MB
2020-01-12 13:09:16,208 ====> Building Cache
2020-01-12 13:09:16,209 feature cache--->>> /home/annora/NetVLAD/output/train_feat_cache2.hdf5
2020-01-12 13:10:53,712 Allocated:121.658203125 MB
2020-01-12 13:10:53,713 Cached:2970.875 MB
2020-01-12 13:12:41,253 ==> Epoch[4](200/534): Loss: 0.1523
2020-01-12 13:12:41,255 Allocated:121.90869140625 MB
2020-01-12 13:12:41,256 Cached:9372.5 MB
2020-01-12 13:14:52,656 ==> Epoch[4](250/534): Loss: 0.1623
2020-01-12 13:14:52,660 Allocated:122.53369140625 MB
2020-01-12 13:14:52,660 Cached:9372.5 MB
2020-01-12 13:17:09,960 ==> Epoch[4](300/534): Loss: 0.1375
2020-01-12 13:17:09,963 Allocated:122.03369140625 MB
2020-01-12 13:17:09,963 Cached:9372.5 MB
2020-01-12 13:19:21,391 ==> Epoch[4](350/534): Loss: 0.1623
2020-01-12 13:19:21,393 Allocated:121.03369140625 MB
2020-01-12 13:19:21,394 Cached:9372.5 MB
2020-01-12 13:19:35,185 ====> Building Cache
2020-01-12 13:19:35,185 feature cache--->>> /home/annora/NetVLAD/output/train_feat_cache2.hdf5
2020-01-12 13:21:11,844 Allocated:121.408203125 MB
2020-01-12 13:21:11,845 Cached:2895.875 MB
2020-01-12 13:24:10,061 ==> Epoch[4](400/534): Loss: 0.1012
2020-01-12 13:24:10,064 Allocated:122.15869140625 MB
2020-01-12 13:24:10,064 Cached:3214.625 MB
2020-01-12 13:26:14,310 ==> Epoch[4](450/534): Loss: 0.0785
2020-01-12 13:26:14,316 Allocated:121.15869140625 MB
2020-01-12 13:26:14,317 Cached:3461.5 MB
2020-01-12 13:28:24,545 ==> Epoch[4](500/534): Loss: 0.1037
2020-01-12 13:28:24,548 Allocated:122.53369140625 MB
2020-01-12 13:28:24,548 Cached:3461.5 MB
2020-01-12 13:29:48,643 ===> Epoch 4 Complete: Avg. Loss: 0.1129
2020-01-12 13:29:48,646 ====> Extracting Features
2020-01-12 13:30:30,397 ==> Batch (50/108)
2020-01-12 13:30:57,436 ==> Batch (100/108)
2020-01-12 13:31:02,591 ====> Building faiss index
2020-01-12 13:31:02,951 ====> Calculating recall @ N
2020-01-12 13:31:05,694 ====> Recall@1: 0.6730
2020-01-12 13:31:05,695 ====> Recall@2: 0.7003
2020-01-12 13:31:05,695 ====> Recall@3: 0.7125
2020-01-12 13:31:05,696 ====> Recall@4: 0.7217
2020-01-12 13:31:05,696 ====> Recall@5: 0.7299
2020-01-12 13:31:05,696 ====> Recall@10: 0.7487
2020-01-12 13:31:05,696 ====> Recall@15: 0.7609
2020-01-12 13:31:05,696 ====> Recall@20: 0.7693
2020-01-12 13:31:05,696 ====> Recall@25: 0.7748
2020-01-12 13:31:06,181 ====> Building Cache
2020-01-12 13:31:06,181 feature cache--->>> /home/annora/NetVLAD/output/train_feat_cache2.hdf5
2020-01-12 13:32:44,518 Allocated:120.15869140625 MB
2020-01-12 13:32:44,519 Cached:4352.125 MB
2020-01-12 13:35:48,239 ==> Epoch[5](50/534): Loss: 0.1169
2020-01-12 13:35:48,242 Allocated:121.65869140625 MB
2020-01-12 13:35:48,243 Cached:9208.75 MB
2020-01-12 13:37:59,725 ==> Epoch[5](100/534): Loss: 0.0910
2020-01-12 13:37:59,728 Allocated:121.28369140625 MB
2020-01-12 13:37:59,728 Cached:9208.75 MB
2020-01-12 13:40:03,662 ==> Epoch[5](150/534): Loss: 0.0574
2020-01-12 13:40:03,664 Allocated:121.90869140625 MB
2020-01-12 13:40:03,664 Cached:9208.75 MB
2020-01-12 13:41:13,516 ====> Building Cache
2020-01-12 13:41:13,517 feature cache--->>> /home/annora/NetVLAD/output/train_feat_cache2.hdf5
2020-01-12 13:42:50,005 Allocated:121.283203125 MB
2020-01-12 13:42:50,005 Cached:2964.75 MB
2020-01-12 13:44:44,986 ==> Epoch[5](200/534): Loss: 0.1420
2020-01-12 13:44:44,991 Allocated:121.65869140625 MB
2020-01-12 13:44:44,991 Cached:8083.125 MB
2020-01-12 13:46:57,332 ==> Epoch[5](250/534): Loss: 0.1702
2020-01-12 13:46:57,336 Allocated:122.90869140625 MB
2020-01-12 13:46:57,336 Cached:8083.125 MB
2020-01-12 13:49:13,391 ==> Epoch[5](300/534): Loss: 0.0802
2020-01-12 13:49:13,393 Allocated:121.28369140625 MB
2020-01-12 13:49:13,393 Cached:8083.125 MB
2020-01-12 13:51:27,185 ==> Epoch[5](350/534): Loss: 0.0874
2020-01-12 13:51:27,188 Allocated:122.28369140625 MB
2020-01-12 13:51:27,188 Cached:8083.125 MB
2020-01-12 13:51:41,855 ====> Building Cache
2020-01-12 13:51:41,856 feature cache--->>> /home/annora/NetVLAD/output/train_feat_cache2.hdf5
2020-01-12 13:53:22,438 Allocated:122.158203125 MB
2020-01-12 13:53:22,439 Cached:2904.125 MB
2020-01-12 13:56:05,161 ==> Epoch[5](400/534): Loss: 0.1001
2020-01-12 13:56:05,164 Allocated:121.90869140625 MB
2020-01-12 13:56:05,164 Cached:5317.5 MB
2020-01-12 13:58:11,667 ==> Epoch[5](450/534): Loss: 0.0623
2020-01-12 13:58:11,670 Allocated:121.03369140625 MB
2020-01-12 13:58:11,671 Cached:9174.0 MB
2020-01-12 14:00:16,591 ==> Epoch[5](500/534): Loss: 0.0615
2020-01-12 14:00:16,595 Allocated:122.03369140625 MB
2020-01-12 14:00:16,595 Cached:9174.0 MB
2020-01-12 14:01:38,132 ===> Epoch 5 Complete: Avg. Loss: 0.1138
2020-01-12 14:01:38,135 ====> Extracting Features
2020-01-12 14:02:14,439 ==> Batch (50/108)
2020-01-12 14:02:40,199 ==> Batch (100/108)
2020-01-12 14:02:44,938 ====> Building faiss index
2020-01-12 14:02:45,316 ====> Calculating recall @ N
2020-01-12 14:02:47,653 ====> Recall@1: 0.6751
2020-01-12 14:02:47,654 ====> Recall@2: 0.7017
2020-01-12 14:02:47,655 ====> Recall@3: 0.7171
2020-01-12 14:02:47,655 ====> Recall@4: 0.7246
2020-01-12 14:02:47,655 ====> Recall@5: 0.7307
2020-01-12 14:02:47,656 ====> Recall@10: 0.7493
2020-01-12 14:02:47,656 ====> Recall@15: 0.7609
2020-01-12 14:02:47,656 ====> Recall@20: 0.7690
2020-01-12 14:02:47,656 ====> Recall@25: 0.7751
2020-01-12 14:02:48,492 ====> Building Cache
2020-01-12 14:02:48,493 feature cache--->>> /home/annora/NetVLAD/output/train_feat_cache2.hdf5
2020-01-12 14:04:26,179 Allocated:119.03369140625 MB
2020-01-12 14:04:26,180 Cached:4317.75 MB
2020-01-12 14:07:32,772 ==> Epoch[6](50/534): Loss: 0.1430
2020-01-12 14:07:32,775 Allocated:121.78369140625 MB
2020-01-12 14:07:32,775 Cached:8482.875 MB
2020-01-12 14:09:41,381 ==> Epoch[6](100/534): Loss: 0.0905
2020-01-12 14:09:41,383 Allocated:121.03369140625 MB
2020-01-12 14:09:41,384 Cached:8482.875 MB
2020-01-12 14:11:49,408 ==> Epoch[6](150/534): Loss: 0.1351
2020-01-12 14:11:49,411 Allocated:121.03369140625 MB
2020-01-12 14:11:49,412 Cached:8482.875 MB
2020-01-12 14:12:57,726 ====> Building Cache
2020-01-12 14:12:57,728 feature cache--->>> /home/annora/NetVLAD/output/train_feat_cache2.hdf5
2020-01-12 14:14:35,688 Allocated:121.783203125 MB
2020-01-12 14:14:35,689 Cached:2972.75 MB
2020-01-12 14:16:22,001 ==> Epoch[6](200/534): Loss: 0.1413
2020-01-12 14:16:22,005 Allocated:121.03369140625 MB
2020-01-12 14:16:22,005 Cached:9363.125 MB
2020-01-12 14:18:41,610 ==> Epoch[6](250/534): Loss: 0.1175
2020-01-12 14:18:41,613 Allocated:121.90869140625 MB
2020-01-12 14:18:41,614 Cached:9363.125 MB
2020-01-12 14:21:02,640 ==> Epoch[6](300/534): Loss: 0.1781
2020-01-12 14:21:02,642 Allocated:122.28369140625 MB
2020-01-12 14:21:02,643 Cached:9363.125 MB
2020-01-12 14:23:04,660 ==> Epoch[6](350/534): Loss: 0.1417
2020-01-12 14:23:04,662 Allocated:121.90869140625 MB
2020-01-12 14:23:04,662 Cached:9363.125 MB
2020-01-12 14:23:18,395 ====> Building Cache
2020-01-12 14:23:18,396 feature cache--->>> /home/annora/NetVLAD/output/train_feat_cache2.hdf5
2020-01-12 14:25:00,669 Allocated:121.908203125 MB
2020-01-12 14:25:00,670 Cached:2949.0 MB
2020-01-12 14:27:54,148 ==> Epoch[6](400/534): Loss: 0.0837
2020-01-12 14:27:54,151 Allocated:122.40869140625 MB
2020-01-12 14:27:54,151 Cached:4204.125 MB
2020-01-12 14:30:06,195 ==> Epoch[6](450/534): Loss: 0.0937
2020-01-12 14:30:06,197 Allocated:121.15869140625 MB
2020-01-12 14:30:06,197 Cached:9326.625 MB
2020-01-12 14:32:04,287 ==> Epoch[6](500/534): Loss: 0.0427
2020-01-12 14:32:04,290 Allocated:123.28369140625 MB
2020-01-12 14:32:04,290 Cached:9326.625 MB
2020-01-12 14:33:30,275 ===> Epoch 6 Complete: Avg. Loss: 0.1136
2020-01-12 14:33:30,277 ====> Extracting Features
2020-01-12 14:34:13,818 ==> Batch (50/108)
2020-01-12 14:34:41,534 ==> Batch (100/108)
2020-01-12 14:34:46,762 ====> Building faiss index
2020-01-12 14:34:47,125 ====> Calculating recall @ N
2020-01-12 14:34:49,297 ====> Recall@1: 0.6759
2020-01-12 14:34:49,297 ====> Recall@2: 0.7020
2020-01-12 14:34:49,298 ====> Recall@3: 0.7157
2020-01-12 14:34:49,298 ====> Recall@4: 0.7214
2020-01-12 14:34:49,298 ====> Recall@5: 0.7270
2020-01-12 14:34:49,299 ====> Recall@10: 0.7472
2020-01-12 14:34:49,299 ====> Recall@15: 0.7594
2020-01-12 14:34:49,299 ====> Recall@20: 0.7664
2020-01-12 14:34:49,299 ====> Recall@25: 0.7733
2020-01-12 14:34:49,755 ====> Building Cache
2020-01-12 14:34:49,755 feature cache--->>> /home/annora/NetVLAD/output/train_feat_cache2.hdf5
2020-01-12 14:36:26,142 Allocated:119.15869140625 MB
2020-01-12 14:36:26,143 Cached:4309.5 MB
2020-01-12 14:39:04,499 ==> Epoch[7](50/534): Loss: 0.0860
2020-01-12 14:39:04,501 Allocated:122.40869140625 MB
2020-01-12 14:39:04,502 Cached:4464.0 MB
2020-01-12 14:41:02,777 ==> Epoch[7](100/534): Loss: 0.1182
2020-01-12 14:41:02,779 Allocated:122.53369140625 MB
2020-01-12 14:41:02,780 Cached:4464.0 MB
2020-01-12 14:42:57,582 ==> Epoch[7](150/534): Loss: 0.1007
2020-01-12 14:42:57,585 Allocated:122.15869140625 MB
2020-01-12 14:42:57,585 Cached:5772.375 MB
2020-01-12 14:44:03,086 ====> Building Cache
2020-01-12 14:44:03,087 feature cache--->>> /home/annora/NetVLAD/output/train_feat_cache2.hdf5
2020-01-12 14:45:34,819 Allocated:121.533203125 MB
2020-01-12 14:45:34,819 Cached:2895.875 MB
2020-01-12 14:47:24,138 ==> Epoch[7](200/534): Loss: 0.1436
2020-01-12 14:47:24,141 Allocated:121.15869140625 MB
2020-01-12 14:47:24,141 Cached:8027.0 MB
2020-01-12 14:49:30,182 ==> Epoch[7](250/534): Loss: 0.1481
2020-01-12 14:49:30,184 Allocated:121.90869140625 MB
2020-01-12 14:49:30,184 Cached:8027.0 MB
2020-01-12 14:51:32,728 ==> Epoch[7](300/534): Loss: 0.1857
2020-01-12 14:51:32,732 Allocated:122.28369140625 MB
2020-01-12 14:51:32,733 Cached:8027.0 MB
2020-01-12 14:53:36,081 ==> Epoch[7](350/534): Loss: 0.1340
2020-01-12 14:53:36,086 Allocated:121.78369140625 MB
2020-01-12 14:53:36,086 Cached:8027.0 MB
2020-01-12 14:53:50,577 ====> Building Cache
2020-01-12 14:53:50,578 feature cache--->>> /home/annora/NetVLAD/output/train_feat_cache2.hdf5
2020-01-12 14:55:17,820 Allocated:121.033203125 MB
2020-01-12 14:55:17,820 Cached:2549.125 MB
2020-01-12 14:57:38,102 ==> Epoch[7](400/534): Loss: 0.0965
2020-01-12 14:57:38,104 Allocated:121.40869140625 MB
2020-01-12 14:57:38,104 Cached:6122.125 MB
2020-01-12 14:59:35,013 ==> Epoch[7](450/534): Loss: 0.0603
2020-01-12 14:59:35,016 Allocated:121.53369140625 MB
2020-01-12 14:59:35,016 Cached:8616.25 MB
2020-01-12 15:01:31,861 ==> Epoch[7](500/534): Loss: 0.0665
2020-01-12 15:01:31,863 Allocated:122.90869140625 MB
2020-01-12 15:01:31,864 Cached:8616.25 MB
2020-01-12 15:02:54,040 ===> Epoch 7 Complete: Avg. Loss: 0.1128
2020-01-12 15:02:54,042 ====> Extracting Features
2020-01-12 15:03:28,887 ==> Batch (50/108)
2020-01-12 15:03:52,152 ==> Batch (100/108)
2020-01-12 15:03:58,346 ====> Building faiss index
2020-01-12 15:03:58,805 ====> Calculating recall @ N
2020-01-12 15:04:04,134 ====> Recall@1: 0.6736
2020-01-12 15:04:04,135 ====> Recall@2: 0.7014
2020-01-12 15:04:04,136 ====> Recall@3: 0.7136
2020-01-12 15:04:04,137 ====> Recall@4: 0.7200
2020-01-12 15:04:04,137 ====> Recall@5: 0.7255
2020-01-12 15:04:04,137 ====> Recall@10: 0.7452
2020-01-12 15:04:04,138 ====> Recall@15: 0.7571
2020-01-12 15:04:04,138 ====> Recall@20: 0.7655
2020-01-12 15:04:04,138 ====> Recall@25: 0.7725
2020-01-12 15:04:04,665 ====> Building Cache
2020-01-12 15:04:04,665 feature cache--->>> /home/annora/NetVLAD/output/train_feat_cache2.hdf5
2020-01-12 15:05:44,154 Allocated:119.78369140625 MB
2020-01-12 15:05:44,155 Cached:4309.5 MB
2020-01-12 15:08:52,033 ==> Epoch[8](50/534): Loss: 0.0991
2020-01-12 15:08:52,035 Allocated:121.65869140625 MB
2020-01-12 15:08:52,036 Cached:6550.625 MB
2020-01-12 15:11:05,576 ==> Epoch[8](100/534): Loss: 0.0929
2020-01-12 15:11:05,578 Allocated:122.90869140625 MB
2020-01-12 15:11:05,578 Cached:6550.625 MB
2020-01-12 15:13:11,785 ==> Epoch[8](150/534): Loss: 0.0822
2020-01-12 15:13:11,787 Allocated:120.90869140625 MB
2020-01-12 15:13:11,787 Cached:6550.625 MB
2020-01-12 15:14:14,762 ====> Building Cache
2020-01-12 15:14:14,763 feature cache--->>> /home/annora/NetVLAD/output/train_feat_cache2.hdf5
2020-01-12 15:15:54,957 Allocated:121.033203125 MB
2020-01-12 15:15:54,958 Cached:2929.125 MB
2020-01-12 15:18:01,719 ==> Epoch[8](200/534): Loss: 0.1413
2020-01-12 15:18:01,723 Allocated:121.90869140625 MB
2020-01-12 15:18:01,724 Cached:8109.0 MB
2020-01-12 15:20:15,196 ==> Epoch[8](250/534): Loss: 0.1689
2020-01-12 15:20:15,200 Allocated:122.03369140625 MB
2020-01-12 15:20:15,200 Cached:8109.0 MB
2020-01-12 15:22:20,264 ==> Epoch[8](300/534): Loss: 0.1035
2020-01-12 15:22:20,267 Allocated:121.03369140625 MB
2020-01-12 15:22:20,267 Cached:8109.0 MB
2020-01-12 15:24:29,697 ==> Epoch[8](350/534): Loss: 0.1281
2020-01-12 15:24:29,700 Allocated:122.15869140625 MB
2020-01-12 15:24:29,700 Cached:8109.0 MB
2020-01-12 15:24:45,258 ====> Building Cache
2020-01-12 15:24:45,260 feature cache--->>> /home/annora/NetVLAD/output/train_feat_cache2.hdf5
2020-01-12 15:26:30,671 Allocated:121.783203125 MB
2020-01-12 15:26:30,672 Cached:3381.875 MB
2020-01-12 15:29:09,275 ==> Epoch[8](400/534): Loss: 0.1211
2020-01-12 15:29:09,277 Allocated:121.03369140625 MB
2020-01-12 15:29:09,277 Cached:4610.5 MB
2020-01-12 15:31:20,001 ==> Epoch[8](450/534): Loss: 0.0714
2020-01-12 15:31:20,004 Allocated:121.15869140625 MB
2020-01-12 15:31:20,004 Cached:7105.5 MB
2020-01-12 15:33:45,271 ==> Epoch[8](500/534): Loss: 0.0579
2020-01-12 15:33:45,274 Allocated:121.15869140625 MB
2020-01-12 15:33:45,274 Cached:9642.125 MB
2020-01-12 15:35:11,157 ===> Epoch 8 Complete: Avg. Loss: 0.1120
2020-01-12 15:35:11,159 ====> Extracting Features
2020-01-12 15:35:52,872 ==> Batch (50/108)
2020-01-12 15:36:22,881 ==> Batch (100/108)
2020-01-12 15:36:27,910 ====> Building faiss index
2020-01-12 15:36:28,253 ====> Calculating recall @ N
2020-01-12 15:36:30,333 ====> Recall@1: 0.6762
2020-01-12 15:36:30,334 ====> Recall@2: 0.7012
2020-01-12 15:36:30,335 ====> Recall@3: 0.7130
2020-01-12 15:36:30,335 ====> Recall@4: 0.7183
2020-01-12 15:36:30,335 ====> Recall@5: 0.7238
2020-01-12 15:36:30,335 ====> Recall@10: 0.7429
2020-01-12 15:36:30,336 ====> Recall@15: 0.7539
2020-01-12 15:36:30,336 ====> Recall@20: 0.7649
2020-01-12 15:36:30,336 ====> Recall@25: 0.7716
2020-01-12 15:36:30,774 ====> Building Cache
2020-01-12 15:36:30,774 feature cache--->>> /home/annora/NetVLAD/output/train_feat_cache2.hdf5
2020-01-12 15:38:07,939 Allocated:120.03369140625 MB
2020-01-12 15:38:07,939 Cached:4337.5 MB
2020-01-12 15:41:12,424 ==> Epoch[9](50/534): Loss: 0.0910
2020-01-12 15:41:12,427 Allocated:121.65869140625 MB
2020-01-12 15:41:12,428 Cached:6655.5 MB
2020-01-12 15:43:27,210 ==> Epoch[9](100/534): Loss: 0.0974
2020-01-12 15:43:27,220 Allocated:120.90869140625 MB
2020-01-12 15:43:27,220 Cached:6655.5 MB
2020-01-12 15:45:33,330 ==> Epoch[9](150/534): Loss: 0.1231
2020-01-12 15:45:33,332 Allocated:121.03369140625 MB
2020-01-12 15:45:33,332 Cached:3417.5 MB
2020-01-12 15:46:39,134 ====> Building Cache
2020-01-12 15:46:39,137 feature cache--->>> /home/annora/NetVLAD/output/train_feat_cache2.hdf5
2020-01-12 15:48:16,833 Allocated:122.658203125 MB
2020-01-12 15:48:16,834 Cached:3164.75 MB
2020-01-12 15:50:35,810 ==> Epoch[9](200/534): Loss: 0.2306
2020-01-12 15:50:35,813 Allocated:122.40869140625 MB
2020-01-12 15:50:35,813 Cached:8295.875 MB
2020-01-12 15:52:46,216 ==> Epoch[9](250/534): Loss: 0.1864
2020-01-12 15:52:46,219 Allocated:120.90869140625 MB
2020-01-12 15:52:46,219 Cached:8295.875 MB
2020-01-12 15:54:47,885 ==> Epoch[9](300/534): Loss: 0.1064
2020-01-12 15:54:47,892 Allocated:122.28369140625 MB
2020-01-12 15:54:47,893 Cached:8295.875 MB
2020-01-12 15:57:02,316 ==> Epoch[9](350/534): Loss: 0.1778
2020-01-12 15:57:02,318 Allocated:121.78369140625 MB
2020-01-12 15:57:02,318 Cached:8295.875 MB
2020-01-12 15:57:17,203 ====> Building Cache
2020-01-12 15:57:17,205 feature cache--->>> /home/annora/NetVLAD/output/train_feat_cache2.hdf5
2020-01-12 15:59:05,524 Allocated:122.158203125 MB
2020-01-12 15:59:05,524 Cached:2959.0 MB
2020-01-12 16:01:46,899 ==> Epoch[9](400/534): Loss: 0.1203
2020-01-12 16:01:46,901 Allocated:122.03369140625 MB
2020-01-12 16:01:46,902 Cached:6559.5 MB
2020-01-12 16:03:53,120 ==> Epoch[9](450/534): Loss: 0.1043
2020-01-12 16:03:53,123 Allocated:120.90869140625 MB
2020-01-12 16:03:53,123 Cached:9064.125 MB
2020-01-12 16:06:16,015 ==> Epoch[9](500/534): Loss: 0.0945
2020-01-12 16:06:16,017 Allocated:121.03369140625 MB
2020-01-12 16:06:16,018 Cached:9064.125 MB
2020-01-12 16:07:34,416 ===> Epoch 9 Complete: Avg. Loss: 0.1116
2020-01-12 16:07:34,418 ====> Extracting Features
2020-01-12 16:08:13,453 ==> Batch (50/108)
2020-01-12 16:08:36,892 ==> Batch (100/108)
2020-01-12 16:08:41,216 ====> Building faiss index
2020-01-12 16:08:41,587 ====> Calculating recall @ N
2020-01-12 16:08:43,922 ====> Recall@1: 0.6791
2020-01-12 16:08:43,923 ====> Recall@2: 0.7032
2020-01-12 16:08:43,923 ====> Recall@3: 0.7128
2020-01-12 16:08:43,923 ====> Recall@4: 0.7212
2020-01-12 16:08:43,924 ====> Recall@5: 0.7252
2020-01-12 16:08:43,924 ====> Recall@10: 0.7414
2020-01-12 16:08:43,925 ====> Recall@15: 0.7559
2020-01-12 16:08:43,925 ====> Recall@20: 0.7658
2020-01-12 16:08:43,925 ====> Recall@25: 0.7719
2020-01-12 16:08:44,426 ====> Building Cache
2020-01-12 16:08:44,426 feature cache--->>> /home/annora/NetVLAD/output/train_feat_cache2.hdf5
2020-01-12 16:10:21,393 Allocated:120.03369140625 MB
2020-01-12 16:10:21,394 Cached:4309.5 MB
2020-01-12 16:13:31,457 ==> Epoch[10](50/534): Loss: 0.0800
2020-01-12 16:13:31,461 Allocated:121.90869140625 MB
2020-01-12 16:13:31,462 Cached:9142.75 MB
2020-01-12 16:15:33,791 ==> Epoch[10](100/534): Loss: 0.0667
2020-01-12 16:15:33,793 Allocated:121.65869140625 MB
2020-01-12 16:15:33,793 Cached:5955.375 MB
2020-01-12 16:17:30,939 ==> Epoch[10](150/534): Loss: 0.1097
2020-01-12 16:17:30,942 Allocated:121.03369140625 MB
2020-01-12 16:17:30,942 Cached:5955.375 MB
2020-01-12 16:18:42,159 ====> Building Cache
2020-01-12 16:18:42,160 feature cache--->>> /home/annora/NetVLAD/output/train_feat_cache2.hdf5
2020-01-12 16:20:24,493 Allocated:121.158203125 MB
2020-01-12 16:20:24,494 Cached:2949.0 MB
2020-01-12 16:22:26,156 ==> Epoch[10](200/534): Loss: 0.1644
2020-01-12 16:22:26,160 Allocated:122.28369140625 MB
2020-01-12 16:22:26,161 Cached:5530.125 MB
2020-01-12 16:24:32,223 ==> Epoch[10](250/534): Loss: 0.1506
2020-01-12 16:24:32,228 Allocated:121.03369140625 MB
2020-01-12 16:24:32,229 Cached:6838.5 MB
2020-01-12 16:26:52,701 ==> Epoch[10](300/534): Loss: 0.1433
2020-01-12 16:26:52,703 Allocated:122.03369140625 MB
2020-01-12 16:26:52,704 Cached:6838.5 MB
2020-01-12 16:29:08,347 ==> Epoch[10](350/534): Loss: 0.1237
2020-01-12 16:29:08,350 Allocated:121.15869140625 MB
2020-01-12 16:29:08,350 Cached:6838.5 MB
2020-01-12 16:29:22,167 ====> Building Cache
2020-01-12 16:29:22,168 feature cache--->>> /home/annora/NetVLAD/output/train_feat_cache2.hdf5
2020-01-12 16:30:56,700 Allocated:122.033203125 MB
2020-01-12 16:30:56,701 Cached:2949.0 MB
2020-01-12 16:33:47,426 ==> Epoch[10](400/534): Loss: 0.0742
2020-01-12 16:33:47,429 Allocated:121.15869140625 MB
2020-01-12 16:33:47,429 Cached:4434.25 MB
2020-01-12 16:35:49,559 ==> Epoch[10](450/534): Loss: 0.1225
2020-01-12 16:35:49,561 Allocated:122.15869140625 MB
2020-01-12 16:35:49,561 Cached:4434.25 MB
2020-01-12 16:37:51,214 ==> Epoch[10](500/534): Loss: 0.0973
2020-01-12 16:37:51,217 Allocated:121.15869140625 MB
2020-01-12 16:37:51,217 Cached:4434.25 MB
2020-01-12 16:39:16,714 ===> Epoch 10 Complete: Avg. Loss: 0.1119
2020-01-12 16:39:16,716 ====> Extracting Features
2020-01-12 16:39:59,662 ==> Batch (50/108)
2020-01-12 16:40:25,380 ==> Batch (100/108)
2020-01-12 16:40:30,482 ====> Building faiss index
2020-01-12 16:40:30,845 ====> Calculating recall @ N
2020-01-12 16:40:32,977 ====> Recall@1: 0.6783
2020-01-12 16:40:32,977 ====> Recall@2: 0.7009
2020-01-12 16:40:32,978 ====> Recall@3: 0.7110
2020-01-12 16:40:32,978 ====> Recall@4: 0.7197
2020-01-12 16:40:32,978 ====> Recall@5: 0.7229
2020-01-12 16:40:32,978 ====> Recall@10: 0.7417
2020-01-12 16:40:32,978 ====> Recall@15: 0.7533
2020-01-12 16:40:32,979 ====> Recall@20: 0.7655
2020-01-12 16:40:32,979 ====> Recall@25: 0.7719
2020-01-12 16:40:33,417 ====> Building Cache
2020-01-12 16:40:33,417 feature cache--->>> /home/annora/NetVLAD/output/train_feat_cache2.hdf5
2020-01-12 16:42:11,283 Allocated:121.28369140625 MB
2020-01-12 16:42:11,283 Cached:4325.625 MB
2020-01-12 16:45:08,137 ==> Epoch[11](50/534): Loss: 0.0636
2020-01-12 16:45:08,139 Allocated:121.90869140625 MB
2020-01-12 16:45:08,139 Cached:7966.625 MB
2020-01-12 16:47:17,786 ==> Epoch[11](100/534): Loss: 0.1102
2020-01-12 16:47:17,789 Allocated:120.90869140625 MB
2020-01-12 16:47:17,789 Cached:9223.75 MB
2020-01-12 16:49:30,338 ==> Epoch[11](150/534): Loss: 0.1055
2020-01-12 16:49:30,341 Allocated:121.40869140625 MB
2020-01-12 16:49:30,341 Cached:9223.75 MB
2020-01-12 16:50:34,801 ====> Building Cache
2020-01-12 16:50:34,802 feature cache--->>> /home/annora/NetVLAD/output/train_feat_cache2.hdf5
2020-01-12 16:52:17,267 Allocated:121.158203125 MB
2020-01-12 16:52:17,267 Cached:2980.25 MB
2020-01-12 16:54:11,609 ==> Epoch[11](200/534): Loss: 0.0938
2020-01-12 16:54:11,613 Allocated:122.03369140625 MB
2020-01-12 16:54:11,614 Cached:9186.5 MB
2020-01-12 16:56:19,406 ==> Epoch[11](250/534): Loss: 0.1367
2020-01-12 16:56:19,408 Allocated:122.15869140625 MB
2020-01-12 16:56:19,409 Cached:7484.25 MB
2020-01-12 16:58:27,319 ==> Epoch[11](300/534): Loss: 0.1677
2020-01-12 16:58:27,321 Allocated:120.90869140625 MB
2020-01-12 16:58:27,321 Cached:7484.25 MB
2020-01-12 17:00:37,642 ==> Epoch[11](350/534): Loss: 0.0969
2020-01-12 17:00:37,644 Allocated:121.53369140625 MB
2020-01-12 17:00:37,644 Cached:7484.25 MB
2020-01-12 17:00:52,359 ====> Building Cache
2020-01-12 17:00:52,360 feature cache--->>> /home/annora/NetVLAD/output/train_feat_cache2.hdf5
2020-01-12 17:02:30,508 Allocated:121.033203125 MB
2020-01-12 17:02:30,508 Cached:2945.125 MB
2020-01-12 17:05:27,604 ==> Epoch[11](400/534): Loss: 0.0930
2020-01-12 17:05:27,607 Allocated:121.90869140625 MB
2020-01-12 17:05:27,608 Cached:5441.375 MB
2020-01-12 17:07:29,631 ==> Epoch[11](450/534): Loss: 0.0658
2020-01-12 17:07:29,635 Allocated:122.40869140625 MB
2020-01-12 17:07:29,636 Cached:5441.375 MB
2020-01-12 17:09:52,315 ==> Epoch[11](500/534): Loss: 0.0636
2020-01-12 17:09:52,317 Allocated:122.78369140625 MB
2020-01-12 17:09:52,318 Cached:7978.0 MB
2020-01-12 17:11:19,968 ===> Epoch 11 Complete: Avg. Loss: 0.1117
2020-01-12 17:11:19,970 ====> Extracting Features
2020-01-12 17:12:00,331 ==> Batch (50/108)
2020-01-12 17:12:28,356 ==> Batch (100/108)
2020-01-12 17:12:33,073 ====> Building faiss index
2020-01-12 17:12:33,440 ====> Calculating recall @ N
2020-01-12 17:12:35,642 ====> Recall@1: 0.6817
2020-01-12 17:12:35,642 ====> Recall@2: 0.7009
2020-01-12 17:12:35,643 ====> Recall@3: 0.7113
2020-01-12 17:12:35,643 ====> Recall@4: 0.7180
2020-01-12 17:12:35,643 ====> Recall@5: 0.7241
2020-01-12 17:12:35,643 ====> Recall@10: 0.7409
2020-01-12 17:12:35,644 ====> Recall@15: 0.7545
2020-01-12 17:12:35,644 ====> Recall@20: 0.7641
2020-01-12 17:12:35,644 ====> Recall@25: 0.7719
2020-01-12 17:12:36,113 ====> Building Cache
2020-01-12 17:12:36,114 feature cache--->>> /home/annora/NetVLAD/output/train_feat_cache2.hdf5
2020-01-12 17:14:10,431 Allocated:119.65869140625 MB
2020-01-12 17:14:10,431 Cached:4333.625 MB
2020-01-12 17:17:08,414 ==> Epoch[12](50/534): Loss: 0.0680
2020-01-12 17:17:08,416 Allocated:122.03369140625 MB
2020-01-12 17:17:08,416 Cached:5468.375 MB
2020-01-12 17:19:21,086 ==> Epoch[12](100/534): Loss: 0.0906
2020-01-12 17:19:21,089 Allocated:122.15869140625 MB
2020-01-12 17:19:21,090 Cached:5468.375 MB
2020-01-12 17:21:24,840 ==> Epoch[12](150/534): Loss: 0.0818
2020-01-12 17:21:24,842 Allocated:122.15869140625 MB
2020-01-12 17:21:24,842 Cached:5468.375 MB
2020-01-12 17:22:34,751 ====> Building Cache
2020-01-12 17:22:34,754 feature cache--->>> /home/annora/NetVLAD/output/train_feat_cache2.hdf5
2020-01-12 17:24:16,742 Allocated:121.783203125 MB
2020-01-12 17:24:16,743 Cached:2938.25 MB
2020-01-12 17:26:21,244 ==> Epoch[12](200/534): Loss: 0.1653
2020-01-12 17:26:21,250 Allocated:120.90869140625 MB
2020-01-12 17:26:21,250 Cached:3707.5 MB
2020-01-12 17:28:32,755 ==> Epoch[12](250/534): Loss: 0.1878
2020-01-12 17:28:32,757 Allocated:121.78369140625 MB
2020-01-12 17:28:32,758 Cached:4083.5 MB
2020-01-12 17:30:47,701 ==> Epoch[12](300/534): Loss: 0.0922
2020-01-12 17:30:47,703 Allocated:121.03369140625 MB
2020-01-12 17:30:47,703 Cached:4083.5 MB
2020-01-12 17:32:58,967 ==> Epoch[12](350/534): Loss: 0.1318
2020-01-12 17:32:58,969 Allocated:122.03369140625 MB
2020-01-12 17:32:58,970 Cached:4083.5 MB
2020-01-12 17:33:12,799 ====> Building Cache
2020-01-12 17:33:12,800 feature cache--->>> /home/annora/NetVLAD/output/train_feat_cache2.hdf5
2020-01-12 17:34:45,626 Allocated:122.533203125 MB
2020-01-12 17:34:45,627 Cached:3005.125 MB
2020-01-12 17:37:31,791 ==> Epoch[12](400/534): Loss: 0.0835
2020-01-12 17:37:31,793 Allocated:121.28369140625 MB
2020-01-12 17:37:31,794 Cached:6551.625 MB
2020-01-12 17:39:36,785 ==> Epoch[12](450/534): Loss: 0.0924
2020-01-12 17:39:36,787 Allocated:121.65869140625 MB
2020-01-12 17:39:36,787 Cached:7773.625 MB
2020-01-12 17:41:36,787 ==> Epoch[12](500/534): Loss: 0.0916
2020-01-12 17:41:36,789 Allocated:121.03369140625 MB
2020-01-12 17:41:36,790 Cached:7773.625 MB
2020-01-12 17:42:53,892 ===> Epoch 12 Complete: Avg. Loss: 0.1107
2020-01-12 17:42:53,895 ====> Extracting Features
2020-01-12 17:43:35,085 ==> Batch (50/108)
2020-01-12 17:44:00,403 ==> Batch (100/108)
2020-01-12 17:44:05,333 ====> Building faiss index
2020-01-12 17:44:05,704 ====> Calculating recall @ N
2020-01-12 17:44:07,886 ====> Recall@1: 0.6823
2020-01-12 17:44:07,887 ====> Recall@2: 0.7014
2020-01-12 17:44:07,888 ====> Recall@3: 0.7119
2020-01-12 17:44:07,888 ====> Recall@4: 0.7200
2020-01-12 17:44:07,888 ====> Recall@5: 0.7249
2020-01-12 17:44:07,889 ====> Recall@10: 0.7458
2020-01-12 17:44:07,889 ====> Recall@15: 0.7565
2020-01-12 17:44:07,889 ====> Recall@20: 0.7652
2020-01-12 17:44:07,889 ====> Recall@25: 0.7736
2020-01-12 17:44:08,337 ====> Building Cache
2020-01-12 17:44:08,337 feature cache--->>> /home/annora/NetVLAD/output/train_feat_cache2.hdf5
2020-01-12 17:45:43,660 Allocated:119.78369140625 MB
2020-01-12 17:45:43,661 Cached:4317.875 MB
2020-01-12 17:48:38,386 ==> Epoch[13](50/534): Loss: 0.1421
2020-01-12 17:48:38,388 Allocated:120.90869140625 MB
2020-01-12 17:48:38,388 Cached:6805.75 MB
2020-01-12 17:50:43,872 ==> Epoch[13](100/534): Loss: 0.0281
2020-01-12 17:50:43,874 Allocated:121.53369140625 MB
2020-01-12 17:50:43,875 Cached:8049.125 MB
2020-01-12 17:53:00,966 ==> Epoch[13](150/534): Loss: 0.1114
2020-01-12 17:53:00,982 Allocated:121.03369140625 MB
2020-01-12 17:53:00,982 Cached:8049.125 MB
2020-01-12 17:54:06,527 ====> Building Cache
2020-01-12 17:54:06,529 feature cache--->>> /home/annora/NetVLAD/output/train_feat_cache2.hdf5
2020-01-12 17:55:41,511 Allocated:123.283203125 MB
2020-01-12 17:55:41,511 Cached:3041.75 MB
2020-01-12 17:57:44,324 ==> Epoch[13](200/534): Loss: 0.1408
2020-01-12 17:57:44,327 Allocated:120.90869140625 MB
2020-01-12 17:57:44,328 Cached:8011.625 MB
2020-01-12 18:00:05,300 ==> Epoch[13](250/534): Loss: 0.2177
2020-01-12 18:00:05,303 Allocated:121.28369140625 MB
2020-01-12 18:00:05,303 Cached:6356.125 MB
2020-01-12 18:02:13,530 ==> Epoch[13](300/534): Loss: 0.1477
2020-01-12 18:02:13,532 Allocated:121.78369140625 MB
2020-01-12 18:02:13,532 Cached:6356.125 MB
2020-01-12 18:04:13,377 ==> Epoch[13](350/534): Loss: 0.1651
2020-01-12 18:04:13,379 Allocated:121.90869140625 MB
2020-01-12 18:04:13,379 Cached:6356.125 MB
2020-01-12 18:04:27,725 ====> Building Cache
2020-01-12 18:04:27,726 feature cache--->>> /home/annora/NetVLAD/output/train_feat_cache2.hdf5
2020-01-12 18:06:05,980 Allocated:122.033203125 MB
2020-01-12 18:06:05,981 Cached:2925.5 MB
2020-01-12 18:08:51,665 ==> Epoch[13](400/534): Loss: 0.1561
2020-01-12 18:08:51,667 Allocated:121.90869140625 MB
2020-01-12 18:08:51,668 Cached:7537.75 MB
2020-01-12 18:10:49,052 ==> Epoch[13](450/534): Loss: 0.0677
2020-01-12 18:10:49,054 Allocated:120.90869140625 MB
2020-01-12 18:10:49,054 Cached:8778.875 MB
2020-01-12 18:13:00,185 ==> Epoch[13](500/534): Loss: 0.0532
2020-01-12 18:13:00,189 Allocated:122.65869140625 MB
2020-01-12 18:13:00,189 Cached:4737.875 MB
2020-01-12 18:14:26,596 ===> Epoch 13 Complete: Avg. Loss: 0.1111
2020-01-12 18:14:26,598 ====> Extracting Features
2020-01-12 18:15:07,116 ==> Batch (50/108)
2020-01-12 18:15:32,122 ==> Batch (100/108)
2020-01-12 18:15:37,074 ====> Building faiss index
2020-01-12 18:15:37,442 ====> Calculating recall @ N
2020-01-12 18:15:39,789 ====> Recall@1: 0.6843
2020-01-12 18:15:39,790 ====> Recall@2: 0.7029
2020-01-12 18:15:39,791 ====> Recall@3: 0.7116
2020-01-12 18:15:39,791 ====> Recall@4: 0.7197
2020-01-12 18:15:39,791 ====> Recall@5: 0.7261
2020-01-12 18:15:39,792 ====> Recall@10: 0.7484
2020-01-12 18:15:39,792 ====> Recall@15: 0.7588
2020-01-12 18:15:39,792 ====> Recall@20: 0.7678
2020-01-12 18:15:39,792 ====> Recall@25: 0.7748
2020-01-12 18:15:40,281 ====> Building Cache
2020-01-12 18:15:40,282 feature cache--->>> /home/annora/NetVLAD/output/train_feat_cache2.hdf5
2020-01-12 18:17:14,757 Allocated:119.15869140625 MB
2020-01-12 18:17:14,758 Cached:4337.5 MB
2020-01-12 18:20:14,818 ==> Epoch[14](50/534): Loss: 0.1270
2020-01-12 18:20:14,822 Allocated:121.28369140625 MB
2020-01-12 18:20:14,823 Cached:3168.25 MB
2020-01-12 18:22:18,082 ==> Epoch[14](100/534): Loss: 0.0693
2020-01-12 18:22:18,085 Allocated:121.90869140625 MB
2020-01-12 18:22:18,085 Cached:4409.375 MB
2020-01-12 18:24:19,919 ==> Epoch[14](150/534): Loss: 0.0870
2020-01-12 18:24:19,921 Allocated:121.28369140625 MB
2020-01-12 18:24:19,922 Cached:8284.375 MB
2020-01-12 18:25:24,190 ====> Building Cache
2020-01-12 18:25:24,191 feature cache--->>> /home/annora/NetVLAD/output/train_feat_cache2.hdf5
2020-01-12 18:27:07,953 Allocated:122.408203125 MB
2020-01-12 18:27:07,953 Cached:3164.75 MB
2020-01-12 18:29:03,947 ==> Epoch[14](200/534): Loss: 0.1447
2020-01-12 18:29:03,950 Allocated:122.40869140625 MB
2020-01-12 18:29:03,951 Cached:9466.0 MB
2020-01-12 18:31:12,308 ==> Epoch[14](250/534): Loss: 0.1014
2020-01-12 18:31:12,311 Allocated:121.65869140625 MB
2020-01-12 18:31:12,311 Cached:9466.0 MB
2020-01-12 18:33:24,235 ==> Epoch[14](300/534): Loss: 0.1641
2020-01-12 18:33:24,239 Allocated:121.90869140625 MB
2020-01-12 18:33:24,239 Cached:9466.0 MB
2020-01-12 18:35:37,852 ==> Epoch[14](350/534): Loss: 0.1424
2020-01-12 18:35:37,855 Allocated:122.15869140625 MB
2020-01-12 18:35:37,855 Cached:9466.0 MB
2020-01-12 18:35:51,209 ====> Building Cache
2020-01-12 18:35:51,210 feature cache--->>> /home/annora/NetVLAD/output/train_feat_cache2.hdf5
2020-01-12 18:37:26,006 Allocated:121.908203125 MB
2020-01-12 18:37:26,007 Cached:3381.875 MB
2020-01-12 18:40:09,952 ==> Epoch[14](400/534): Loss: 0.0994
2020-01-12 18:40:09,955 Allocated:120.90869140625 MB
2020-01-12 18:40:09,955 Cached:5771.0 MB
2020-01-12 18:42:16,690 ==> Epoch[14](450/534): Loss: 0.0818
2020-01-12 18:42:16,692 Allocated:121.28369140625 MB
2020-01-12 18:42:16,692 Cached:6993.0 MB
2020-01-12 18:44:16,084 ==> Epoch[14](500/534): Loss: 0.0814
2020-01-12 18:44:16,087 Allocated:121.65869140625 MB
2020-01-12 18:44:16,087 Cached:8220.375 MB
2020-01-12 18:45:35,345 ===> Epoch 14 Complete: Avg. Loss: 0.1099
2020-01-12 18:45:35,347 ====> Extracting Features
2020-01-12 18:46:22,848 ==> Batch (50/108)
2020-01-12 18:46:52,472 ==> Batch (100/108)
2020-01-12 18:46:57,562 ====> Building faiss index
2020-01-12 18:46:57,961 ====> Calculating recall @ N
2020-01-12 18:47:00,103 ====> Recall@1: 0.6878
2020-01-12 18:47:00,103 ====> Recall@2: 0.7061
2020-01-12 18:47:00,104 ====> Recall@3: 0.7171
2020-01-12 18:47:00,104 ====> Recall@4: 0.7229
2020-01-12 18:47:00,104 ====> Recall@5: 0.7316
2020-01-12 18:47:00,105 ====> Recall@10: 0.7499
2020-01-12 18:47:00,105 ====> Recall@15: 0.7632
2020-01-12 18:47:00,105 ====> Recall@20: 0.7699
2020-01-12 18:47:00,105 ====> Recall@25: 0.7780
2020-01-12 18:47:00,953 ====> Building Cache
2020-01-12 18:47:00,954 feature cache--->>> /home/annora/NetVLAD/output/train_feat_cache2.hdf5
2020-01-12 18:48:40,749 Allocated:120.40869140625 MB
2020-01-12 18:48:40,750 Cached:4309.5 MB
2020-01-12 18:51:33,479 ==> Epoch[15](50/534): Loss: 0.1055
2020-01-12 18:51:33,482 Allocated:122.28369140625 MB
2020-01-12 18:51:33,482 Cached:4251.625 MB
2020-01-12 18:53:46,044 ==> Epoch[15](100/534): Loss: 0.1319
2020-01-12 18:53:46,046 Allocated:122.03369140625 MB
2020-01-12 18:53:46,047 Cached:4251.625 MB
2020-01-12 18:55:56,208 ==> Epoch[15](150/534): Loss: 0.0643
2020-01-12 18:55:56,210 Allocated:121.90869140625 MB
2020-01-12 18:55:56,211 Cached:6728.75 MB
2020-01-12 18:57:01,067 ====> Building Cache
2020-01-12 18:57:01,067 feature cache--->>> /home/annora/NetVLAD/output/train_feat_cache2.hdf5
2020-01-12 18:58:33,343 Allocated:122.283203125 MB
2020-01-12 18:58:33,343 Cached:2968.75 MB
2020-01-12 19:00:35,793 ==> Epoch[15](200/534): Loss: 0.1145
2020-01-12 19:00:35,796 Allocated:122.53369140625 MB
2020-01-12 19:00:35,796 Cached:9343.875 MB
2020-01-12 19:02:58,305 ==> Epoch[15](250/534): Loss: 0.1624
2020-01-12 19:02:58,309 Allocated:121.90869140625 MB
2020-01-12 19:02:58,309 Cached:6104.875 MB
2020-01-12 19:05:08,363 ==> Epoch[15](300/534): Loss: 0.1880
2020-01-12 19:05:08,365 Allocated:121.15869140625 MB
2020-01-12 19:05:08,366 Cached:6104.875 MB
2020-01-12 19:07:21,549 ==> Epoch[15](350/534): Loss: 0.1183
2020-01-12 19:07:21,551 Allocated:122.78369140625 MB
2020-01-12 19:07:21,552 Cached:6104.875 MB
2020-01-12 19:07:36,807 ====> Building Cache
2020-01-12 19:07:36,808 feature cache--->>> /home/annora/NetVLAD/output/train_feat_cache2.hdf5
2020-01-12 19:09:13,550 Allocated:122.783203125 MB
2020-01-12 19:09:13,550 Cached:3013.0 MB
2020-01-12 19:11:54,219 ==> Epoch[15](400/534): Loss: 0.1322
2020-01-12 19:11:54,222 Allocated:121.03369140625 MB
2020-01-12 19:11:54,222 Cached:5421.25 MB
2020-01-12 19:14:08,041 ==> Epoch[15](450/534): Loss: 0.1217
2020-01-12 19:14:08,043 Allocated:121.28369140625 MB
2020-01-12 19:14:08,044 Cached:6632.75 MB
2020-01-12 19:16:18,625 ==> Epoch[15](500/534): Loss: 0.0747
2020-01-12 19:16:18,630 Allocated:121.90869140625 MB
2020-01-12 19:16:18,631 Cached:7873.875 MB
2020-01-12 19:17:40,340 ===> Epoch 15 Complete: Avg. Loss: 0.1106
2020-01-12 19:17:40,343 ====> Extracting Features
2020-01-12 19:18:20,812 ==> Batch (50/108)
2020-01-12 19:18:46,640 ==> Batch (100/108)
2020-01-12 19:18:51,938 ====> Building faiss index
2020-01-12 19:18:52,327 ====> Calculating recall @ N
2020-01-12 19:18:55,457 ====> Recall@1: 0.6896
2020-01-12 19:18:55,458 ====> Recall@2: 0.7067
2020-01-12 19:18:55,458 ====> Recall@3: 0.7183
2020-01-12 19:18:55,459 ====> Recall@4: 0.7252
2020-01-12 19:18:55,459 ====> Recall@5: 0.7342
2020-01-12 19:18:55,459 ====> Recall@10: 0.7528
2020-01-12 19:18:55,459 ====> Recall@15: 0.7635
2020-01-12 19:18:55,460 ====> Recall@20: 0.7722
2020-01-12 19:18:55,460 ====> Recall@25: 0.7806
2020-01-12 19:18:56,351 ====> Building Cache
2020-01-12 19:18:56,352 feature cache--->>> /home/annora/NetVLAD/output/train_feat_cache2.hdf5
2020-01-12 19:20:38,466 Allocated:121.28369140625 MB
2020-01-12 19:20:38,466 Cached:4317.375 MB
2020-01-12 19:23:37,915 ==> Epoch[16](50/534): Loss: 0.0876
2020-01-12 19:23:37,919 Allocated:121.53369140625 MB
2020-01-12 19:23:37,919 Cached:9079.625 MB
2020-01-12 19:25:37,251 ==> Epoch[16](100/534): Loss: 0.0734
2020-01-12 19:25:37,254 Allocated:123.03369140625 MB
2020-01-12 19:25:37,254 Cached:4284.5 MB
2020-01-12 19:27:27,380 ==> Epoch[16](150/534): Loss: 0.0548
2020-01-12 19:27:27,383 Allocated:121.28369140625 MB
2020-01-12 19:27:27,383 Cached:4284.5 MB
2020-01-12 19:28:36,151 ====> Building Cache
2020-01-12 19:28:36,152 feature cache--->>> /home/annora/NetVLAD/output/train_feat_cache2.hdf5
2020-01-12 19:30:02,696 Allocated:122.033203125 MB
2020-01-12 19:30:02,697 Cached:1483.125 MB
2020-01-12 19:31:38,172 ==> Epoch[16](200/534): Loss: 0.1163
2020-01-12 19:31:38,174 Allocated:121.15869140625 MB
2020-01-12 19:31:38,174 Cached:9867.0 MB
2020-01-12 19:33:34,528 ==> Epoch[16](250/534): Loss: 0.1610
2020-01-12 19:33:34,530 Allocated:120.90869140625 MB
2020-01-12 19:33:34,531 Cached:9867.0 MB
2020-01-12 19:35:24,600 ==> Epoch[16](300/534): Loss: 0.1506
2020-01-12 19:35:24,602 Allocated:121.90869140625 MB
2020-01-12 19:35:24,603 Cached:9867.0 MB
2020-01-12 19:37:11,040 ==> Epoch[16](350/534): Loss: 0.0870
2020-01-12 19:37:11,042 Allocated:121.90869140625 MB
2020-01-12 19:37:11,042 Cached:9867.0 MB
2020-01-12 19:37:26,017 ====> Building Cache
2020-01-12 19:37:26,018 feature cache--->>> /home/annora/NetVLAD/output/train_feat_cache2.hdf5
2020-01-12 19:38:53,214 Allocated:121.033203125 MB
2020-01-12 19:38:53,215 Cached:2988.125 MB
2020-01-12 19:41:07,514 ==> Epoch[16](400/534): Loss: 0.0453
2020-01-12 19:41:07,516 Allocated:121.15869140625 MB
2020-01-12 19:41:07,516 Cached:7698.125 MB
2020-01-12 19:42:52,909 ==> Epoch[16](450/534): Loss: 0.1427
2020-01-12 19:42:52,911 Allocated:120.90869140625 MB
2020-01-12 19:42:52,911 Cached:10169.875 MB
2020-01-12 19:44:41,303 ==> Epoch[16](500/534): Loss: 0.1022
2020-01-12 19:44:41,306 Allocated:122.15869140625 MB
2020-01-12 19:44:41,306 Cached:10170.875 MB
2020-01-12 19:45:50,851 ===> Epoch 16 Complete: Avg. Loss: 0.1103
2020-01-12 19:45:50,853 ====> Extracting Features
2020-01-12 19:46:23,943 ==> Batch (50/108)
2020-01-12 19:46:44,997 ==> Batch (100/108)
2020-01-12 19:46:49,475 ====> Building faiss index
2020-01-12 19:46:49,958 ====> Calculating recall @ N
2020-01-12 19:46:52,057 ====> Recall@1: 0.6910
2020-01-12 19:46:52,058 ====> Recall@2: 0.7093
2020-01-12 19:46:52,058 ====> Recall@3: 0.7209
2020-01-12 19:46:52,058 ====> Recall@4: 0.7272
2020-01-12 19:46:52,059 ====> Recall@5: 0.7359
2020-01-12 19:46:52,059 ====> Recall@10: 0.7533
2020-01-12 19:46:52,059 ====> Recall@15: 0.7652
2020-01-12 19:46:52,059 ====> Recall@20: 0.7736
2020-01-12 19:46:52,059 ====> Recall@25: 0.7835
2020-01-12 19:46:52,814 ====> Building Cache
2020-01-12 19:46:52,814 feature cache--->>> /home/annora/NetVLAD/output/train_feat_cache2.hdf5
2020-01-12 19:48:16,945 Allocated:119.03369140625 MB
2020-01-12 19:48:16,946 Cached:4337.5 MB
2020-01-12 19:50:48,257 ==> Epoch[17](50/534): Loss: 0.0762
2020-01-12 19:50:48,259 Allocated:120.90869140625 MB
2020-01-12 19:50:48,261 Cached:3032.0 MB
2020-01-12 19:52:36,076 ==> Epoch[17](100/534): Loss: 0.0779
2020-01-12 19:52:36,079 Allocated:122.53369140625 MB
2020-01-12 19:52:36,079 Cached:6378.875 MB
2020-01-12 19:54:26,020 ==> Epoch[17](150/534): Loss: 0.0943
2020-01-12 19:54:26,023 Allocated:122.03369140625 MB
2020-01-12 19:54:26,024 Cached:6378.875 MB
2020-01-12 19:55:23,297 ====> Building Cache
2020-01-12 19:55:23,298 feature cache--->>> /home/annora/NetVLAD/output/train_feat_cache2.hdf5
2020-01-12 19:56:51,974 Allocated:121.283203125 MB
2020-01-12 19:56:51,976 Cached:3197.0 MB
2020-01-12 19:58:21,371 ==> Epoch[17](200/534): Loss: 0.1425
2020-01-12 19:58:21,373 Allocated:121.15869140625 MB
2020-01-12 19:58:21,374 Cached:5728.375 MB
2020-01-12 20:00:24,112 ==> Epoch[17](250/534): Loss: 0.1833
2020-01-12 20:00:24,115 Allocated:121.90869140625 MB
2020-01-12 20:00:24,116 Cached:9603.375 MB
2020-01-12 20:02:22,436 ==> Epoch[17](300/534): Loss: 0.1320
2020-01-12 20:02:22,443 Allocated:122.28369140625 MB
2020-01-12 20:02:22,444 Cached:9603.375 MB
2020-01-12 20:04:26,016 ==> Epoch[17](350/534): Loss: 0.1365
2020-01-12 20:04:26,019 Allocated:121.53369140625 MB
2020-01-12 20:04:26,019 Cached:9603.375 MB
2020-01-12 20:04:42,630 ====> Building Cache
2020-01-12 20:04:42,631 feature cache--->>> /home/annora/NetVLAD/output/train_feat_cache2.hdf5
2020-01-12 20:06:08,622 Allocated:121.908203125 MB
2020-01-12 20:06:08,622 Cached:3760.0 MB
2020-01-12 20:08:22,521 ==> Epoch[17](400/534): Loss: 0.1040
2020-01-12 20:08:22,523 Allocated:121.15869140625 MB
2020-01-12 20:08:22,523 Cached:7309.625 MB
2020-01-12 20:10:08,137 ==> Epoch[17](450/534): Loss: 0.1294
2020-01-12 20:10:08,139 Allocated:121.65869140625 MB
2020-01-12 20:10:08,140 Cached:8524.25 MB
2020-01-12 20:11:51,168 ==> Epoch[17](500/534): Loss: 0.0636
2020-01-12 20:11:51,170 Allocated:122.65869140625 MB
2020-01-12 20:11:51,170 Cached:3121.0 MB
2020-01-12 20:12:59,948 ===> Epoch 17 Complete: Avg. Loss: 0.1101
2020-01-12 20:12:59,950 ====> Extracting Features
2020-01-12 20:13:34,388 ==> Batch (50/108)
2020-01-12 20:13:55,299 ==> Batch (100/108)
2020-01-12 20:13:59,939 ====> Building faiss index
2020-01-12 20:14:00,283 ====> Calculating recall @ N
2020-01-12 20:14:02,357 ====> Recall@1: 0.6933
2020-01-12 20:14:02,358 ====> Recall@2: 0.7133
2020-01-12 20:14:02,358 ====> Recall@3: 0.7235
2020-01-12 20:14:02,358 ====> Recall@4: 0.7284
2020-01-12 20:14:02,359 ====> Recall@5: 0.7377
2020-01-12 20:14:02,359 ====> Recall@10: 0.7551
2020-01-12 20:14:02,359 ====> Recall@15: 0.7667
2020-01-12 20:14:02,359 ====> Recall@20: 0.7777
2020-01-12 20:14:02,359 ====> Recall@25: 0.7846
2020-01-12 20:14:03,153 ====> Building Cache
2020-01-12 20:14:03,153 feature cache--->>> /home/annora/NetVLAD/output/train_feat_cache2.hdf5
2020-01-12 20:15:31,173 Allocated:120.65869140625 MB
2020-01-12 20:15:31,173 Cached:4342.5 MB
2020-01-12 20:17:56,941 ==> Epoch[18](50/534): Loss: 0.0622
2020-01-12 20:17:56,944 Allocated:122.90869140625 MB
2020-01-12 20:17:56,944 Cached:5581.875 MB
2020-01-12 20:19:45,739 ==> Epoch[18](100/534): Loss: 0.0868
2020-01-12 20:19:45,742 Allocated:122.03369140625 MB
2020-01-12 20:19:45,742 Cached:5583.875 MB
2020-01-12 20:21:34,628 ==> Epoch[18](150/534): Loss: 0.1560
2020-01-12 20:21:34,631 Allocated:122.28369140625 MB
2020-01-12 20:21:34,631 Cached:5583.875 MB
2020-01-12 20:22:34,188 ====> Building Cache
2020-01-12 20:22:34,189 feature cache--->>> /home/annora/NetVLAD/output/train_feat_cache2.hdf5
2020-01-12 20:23:59,003 Allocated:123.033203125 MB
2020-01-12 20:23:59,003 Cached:3041.75 MB
2020-01-12 20:25:31,140 ==> Epoch[18](200/534): Loss: 0.0885
2020-01-12 20:25:31,143 Allocated:121.90869140625 MB
2020-01-12 20:25:31,144 Cached:4261.0 MB
2020-01-12 20:27:20,471 ==> Epoch[18](250/534): Loss: 0.1545
2020-01-12 20:27:20,473 Allocated:122.28369140625 MB
2020-01-12 20:27:20,473 Cached:4262.0 MB
2020-01-12 20:29:12,526 ==> Epoch[18](300/534): Loss: 0.1710
2020-01-12 20:29:12,529 Allocated:121.15869140625 MB
2020-01-12 20:29:12,529 Cached:6592.5 MB
2020-01-12 20:30:59,537 ==> Epoch[18](350/534): Loss: 0.1848
2020-01-12 20:30:59,539 Allocated:122.40869140625 MB
2020-01-12 20:30:59,539 Cached:6592.5 MB
2020-01-12 20:31:12,196 ====> Building Cache
2020-01-12 20:31:12,196 feature cache--->>> /home/annora/NetVLAD/output/train_feat_cache2.hdf5
2020-01-12 20:32:40,487 Allocated:121.033203125 MB
2020-01-12 20:32:40,488 Cached:2949.0 MB
2020-01-12 20:34:56,767 ==> Epoch[18](400/534): Loss: 0.0932
2020-01-12 20:34:56,770 Allocated:121.53369140625 MB
2020-01-12 20:34:56,770 Cached:5409.25 MB
2020-01-12 20:36:40,372 ==> Epoch[18](450/534): Loss: 0.1069
2020-01-12 20:36:40,374 Allocated:121.90869140625 MB
2020-01-12 20:36:40,374 Cached:5409.25 MB
2020-01-12 20:38:32,254 ==> Epoch[18](500/534): Loss: 0.1588
2020-01-12 20:38:32,256 Allocated:121.65869140625 MB
2020-01-12 20:38:32,257 Cached:5409.25 MB
2020-01-12 20:39:46,276 ===> Epoch 18 Complete: Avg. Loss: 0.1098
2020-01-12 20:39:46,277 ====> Extracting Features
2020-01-12 20:40:18,923 ==> Batch (50/108)
2020-01-12 20:40:40,893 ==> Batch (100/108)
2020-01-12 20:40:45,018 ====> Building faiss index
2020-01-12 20:40:45,351 ====> Calculating recall @ N
2020-01-12 20:40:47,370 ====> Recall@1: 0.6965
2020-01-12 20:40:47,370 ====> Recall@2: 0.7154
2020-01-12 20:40:47,371 ====> Recall@3: 0.7249
2020-01-12 20:40:47,371 ====> Recall@4: 0.7304
2020-01-12 20:40:47,371 ====> Recall@5: 0.7383
2020-01-12 20:40:47,371 ====> Recall@10: 0.7557
2020-01-12 20:40:47,371 ====> Recall@15: 0.7701
2020-01-12 20:40:47,372 ====> Recall@20: 0.7794
2020-01-12 20:40:47,372 ====> Recall@25: 0.7872
2020-01-12 20:40:48,159 ====> Building Cache
2020-01-12 20:40:48,160 feature cache--->>> /home/annora/NetVLAD/output/train_feat_cache2.hdf5
2020-01-12 20:42:13,972 Allocated:119.28369140625 MB
2020-01-12 20:42:13,972 Cached:4308.5 MB
2020-01-12 20:45:00,280 ==> Epoch[19](50/534): Loss: 0.0797
2020-01-12 20:45:00,282 Allocated:121.78369140625 MB
2020-01-12 20:45:00,282 Cached:6794.25 MB
2020-01-12 20:46:48,809 ==> Epoch[19](100/534): Loss: 0.0583
2020-01-12 20:46:48,811 Allocated:120.90869140625 MB
2020-01-12 20:46:48,811 Cached:8050.375 MB
2020-01-12 20:48:31,620 ==> Epoch[19](150/534): Loss: 0.0836
2020-01-12 20:48:31,622 Allocated:121.90869140625 MB
2020-01-12 20:48:31,622 Cached:8050.375 MB
2020-01-12 20:49:27,250 ====> Building Cache
2020-01-12 20:49:27,251 feature cache--->>> /home/annora/NetVLAD/output/train_feat_cache2.hdf5
2020-01-12 20:50:54,263 Allocated:121.033203125 MB
2020-01-12 20:50:54,263 Cached:3041.75 MB
2020-01-12 20:52:25,743 ==> Epoch[19](200/534): Loss: 0.1792
2020-01-12 20:52:25,745 Allocated:121.03369140625 MB
2020-01-12 20:52:25,746 Cached:3503.25 MB
2020-01-12 20:54:15,834 ==> Epoch[19](250/534): Loss: 0.1401
2020-01-12 20:54:15,836 Allocated:122.03369140625 MB
2020-01-12 20:54:15,836 Cached:6577.0 MB
2020-01-12 20:56:16,812 ==> Epoch[19](300/534): Loss: 0.1802
2020-01-12 20:56:16,814 Allocated:121.90869140625 MB
2020-01-12 20:56:16,814 Cached:6577.0 MB
2020-01-12 20:58:17,209 ==> Epoch[19](350/534): Loss: 0.1535
2020-01-12 20:58:17,212 Allocated:122.28369140625 MB
2020-01-12 20:58:17,212 Cached:6577.0 MB
2020-01-12 20:58:33,503 ====> Building Cache
2020-01-12 20:58:33,504 feature cache--->>> /home/annora/NetVLAD/output/train_feat_cache2.hdf5
2020-01-12 20:59:59,436 Allocated:121.783203125 MB
2020-01-12 20:59:59,436 Cached:2933.375 MB
2020-01-12 21:02:12,297 ==> Epoch[19](400/534): Loss: 0.0853
2020-01-12 21:02:12,299 Allocated:121.90869140625 MB
2020-01-12 21:02:12,299 Cached:5344.875 MB
2020-01-12 21:04:00,610 ==> Epoch[19](450/534): Loss: 0.0724
2020-01-12 21:04:00,613 Allocated:122.28369140625 MB
2020-01-12 21:04:00,613 Cached:6579.625 MB
2020-01-12 21:06:00,884 ==> Epoch[19](500/534): Loss: 0.0508
2020-01-12 21:06:00,886 Allocated:121.03369140625 MB
2020-01-12 21:06:00,886 Cached:7816.625 MB
2020-01-12 21:07:09,656 ===> Epoch 19 Complete: Avg. Loss: 0.1092
2020-01-12 21:07:09,658 ====> Extracting Features
2020-01-12 21:07:42,254 ==> Batch (50/108)
2020-01-12 21:08:03,824 ==> Batch (100/108)
2020-01-12 21:08:08,056 ====> Building faiss index
2020-01-12 21:08:08,390 ====> Calculating recall @ N
2020-01-12 21:08:10,562 ====> Recall@1: 0.7009
2020-01-12 21:08:10,563 ====> Recall@2: 0.7162
2020-01-12 21:08:10,564 ====> Recall@3: 0.7258
2020-01-12 21:08:10,564 ====> Recall@4: 0.7328
2020-01-12 21:08:10,564 ====> Recall@5: 0.7386
2020-01-12 21:08:10,565 ====> Recall@10: 0.7580
2020-01-12 21:08:10,565 ====> Recall@15: 0.7728
2020-01-12 21:08:10,565 ====> Recall@20: 0.7814
2020-01-12 21:08:10,565 ====> Recall@25: 0.7899
2020-01-12 21:08:11,334 ====> Building Cache
2020-01-12 21:08:11,335 feature cache--->>> /home/annora/NetVLAD/output/train_feat_cache2.hdf5
2020-01-12 21:09:35,425 Allocated:119.53369140625 MB
2020-01-12 21:09:35,426 Cached:4191.625 MB
2020-01-12 21:12:08,709 ==> Epoch[20](50/534): Loss: 0.1000
2020-01-12 21:12:08,711 Allocated:120.90869140625 MB
2020-01-12 21:12:08,711 Cached:8926.25 MB
2020-01-12 21:14:04,217 ==> Epoch[20](100/534): Loss: 0.0210
2020-01-12 21:14:04,220 Allocated:121.03369140625 MB
2020-01-12 21:14:04,220 Cached:8926.25 MB
2020-01-12 21:15:52,932 ==> Epoch[20](150/534): Loss: 0.1116
2020-01-12 21:15:52,934 Allocated:121.78369140625 MB
2020-01-12 21:15:52,934 Cached:8926.25 MB
2020-01-12 21:17:01,184 ====> Building Cache
2020-01-12 21:17:01,185 feature cache--->>> /home/annora/NetVLAD/output/train_feat_cache2.hdf5
2020-01-12 21:18:35,485 Allocated:122.783203125 MB
2020-01-12 21:18:35,485 Cached:2949.0 MB
2020-01-12 21:20:16,724 ==> Epoch[20](200/534): Loss: 0.1917
2020-01-12 21:20:16,727 Allocated:122.40869140625 MB
2020-01-12 21:20:16,727 Cached:5594.75 MB
2020-01-12 21:22:16,557 ==> Epoch[20](250/534): Loss: 0.1392
2020-01-12 21:22:16,559 Allocated:122.03369140625 MB
2020-01-12 21:22:16,560 Cached:6902.125 MB
2020-01-12 21:24:09,405 ==> Epoch[20](300/534): Loss: 0.1117
2020-01-12 21:24:09,407 Allocated:121.03369140625 MB
2020-01-12 21:24:09,407 Cached:6902.125 MB
2020-01-12 21:26:01,003 ==> Epoch[20](350/534): Loss: 0.0495
2020-01-12 21:26:01,005 Allocated:122.15869140625 MB
2020-01-12 21:26:01,005 Cached:6902.125 MB
2020-01-12 21:26:14,400 ====> Building Cache
2020-01-12 21:26:14,401 feature cache--->>> /home/annora/NetVLAD/output/train_feat_cache2.hdf5
2020-01-12 21:27:43,045 Allocated:121.908203125 MB
2020-01-12 21:27:43,046 Cached:3381.875 MB
2020-01-12 21:29:57,900 ==> Epoch[20](400/534): Loss: 0.1063
2020-01-12 21:29:57,903 Allocated:121.65869140625 MB
2020-01-12 21:29:57,903 Cached:8127.0 MB
2020-01-12 21:31:46,985 ==> Epoch[20](450/534): Loss: 0.0505
2020-01-12 21:31:46,987 Allocated:121.15869140625 MB
2020-01-12 21:31:46,987 Cached:9338.5 MB
2020-01-12 21:33:38,777 ==> Epoch[20](500/534): Loss: 0.0865
2020-01-12 21:33:38,779 Allocated:121.28369140625 MB
2020-01-12 21:33:38,780 Cached:3204.75 MB
2020-01-12 21:34:50,775 ===> Epoch 20 Complete: Avg. Loss: 0.1092
2020-01-12 21:34:50,776 ====> Extracting Features
2020-01-12 21:35:27,170 ==> Batch (50/108)
2020-01-12 21:35:49,780 ==> Batch (100/108)
2020-01-12 21:35:54,581 ====> Building faiss index
2020-01-12 21:35:54,914 ====> Calculating recall @ N
2020-01-12 21:35:57,021 ====> Recall@1: 0.7020
2020-01-12 21:35:57,022 ====> Recall@2: 0.7174
2020-01-12 21:35:57,023 ====> Recall@3: 0.7264
2020-01-12 21:35:57,023 ====> Recall@4: 0.7328
2020-01-12 21:35:57,023 ====> Recall@5: 0.7394
2020-01-12 21:35:57,024 ====> Recall@10: 0.7594
2020-01-12 21:35:57,024 ====> Recall@15: 0.7728
2020-01-12 21:35:57,024 ====> Recall@20: 0.7838
2020-01-12 21:35:57,024 ====> Recall@25: 0.7907
2020-01-12 21:35:57,768 ====> Building Cache
2020-01-12 21:35:57,768 feature cache--->>> /home/annora/NetVLAD/output/train_feat_cache2.hdf5
2020-01-12 21:37:33,903 Allocated:120.28369140625 MB
2020-01-12 21:37:33,904 Cached:4317.75 MB
2020-01-12 21:40:51,403 ==> Epoch[21](50/534): Loss: 0.0959
2020-01-12 21:40:51,407 Allocated:122.15869140625 MB
2020-01-12 21:40:51,408 Cached:6731.375 MB
2020-01-12 21:43:04,850 ==> Epoch[21](100/534): Loss: 0.1181
2020-01-12 21:43:04,853 Allocated:121.03369140625 MB
2020-01-12 21:43:04,853 Cached:6731.375 MB
2020-01-12 21:45:17,225 ==> Epoch[21](150/534): Loss: 0.0900
2020-01-12 21:45:17,230 Allocated:121.65869140625 MB
2020-01-12 21:45:17,230 Cached:6731.375 MB
2020-01-12 21:46:31,020 ====> Building Cache
2020-01-12 21:46:31,023 feature cache--->>> /home/annora/NetVLAD/output/train_feat_cache2.hdf5
2020-01-12 21:48:24,937 Allocated:122.908203125 MB
2020-01-12 21:48:24,937 Cached:3173.0 MB
2020-01-12 21:50:28,772 ==> Epoch[21](200/534): Loss: 0.1167
2020-01-12 21:50:28,778 Allocated:122.78369140625 MB
2020-01-12 21:50:28,778 Cached:8291.375 MB
2020-01-12 21:52:57,480 ==> Epoch[21](250/534): Loss: 0.1780
2020-01-12 21:52:57,483 Allocated:122.15869140625 MB
2020-01-12 21:52:57,484 Cached:8291.375 MB
2020-01-12 21:55:11,066 ==> Epoch[21](300/534): Loss: 0.0975
2020-01-12 21:55:11,112 Allocated:123.03369140625 MB
2020-01-12 21:55:11,116 Cached:8291.375 MB
2020-01-12 21:57:31,037 ==> Epoch[21](350/534): Loss: 0.1187
2020-01-12 21:57:31,042 Allocated:120.90869140625 MB
2020-01-12 21:57:31,042 Cached:8291.375 MB
2020-01-12 21:57:46,569 ====> Building Cache
2020-01-12 21:57:46,570 feature cache--->>> /home/annora/NetVLAD/output/train_feat_cache2.hdf5
2020-01-12 21:59:36,902 Allocated:121.783203125 MB
2020-01-12 21:59:36,902 Cached:2904.125 MB
2020-01-12 22:02:25,475 ==> Epoch[21](400/534): Loss: 0.0736
2020-01-12 22:02:25,479 Allocated:121.65869140625 MB
2020-01-12 22:02:25,479 Cached:6399.625 MB
2020-01-12 22:04:44,502 ==> Epoch[21](450/534): Loss: 0.0237
2020-01-12 22:04:44,505 Allocated:121.53369140625 MB
2020-01-12 22:04:44,505 Cached:8855.5 MB
2020-01-12 22:07:12,546 ==> Epoch[21](500/534): Loss: 0.0888
2020-01-12 22:07:12,550 Allocated:121.15869140625 MB
2020-01-12 22:07:12,550 Cached:8855.5 MB
2020-01-12 22:08:51,734 ===> Epoch 21 Complete: Avg. Loss: 0.1095
2020-01-12 22:08:51,737 ====> Extracting Features
2020-01-12 22:09:45,339 ==> Batch (50/108)
2020-01-12 22:10:21,829 ==> Batch (100/108)
2020-01-12 22:10:27,028 ====> Building faiss index
2020-01-12 22:10:27,400 ====> Calculating recall @ N
2020-01-12 22:10:29,577 ====> Recall@1: 0.7038
2020-01-12 22:10:29,578 ====> Recall@2: 0.7180
2020-01-12 22:10:29,578 ====> Recall@3: 0.7267
2020-01-12 22:10:29,579 ====> Recall@4: 0.7336
2020-01-12 22:10:29,579 ====> Recall@5: 0.7412
2020-01-12 22:10:29,579 ====> Recall@10: 0.7614
2020-01-12 22:10:29,579 ====> Recall@15: 0.7742
2020-01-12 22:10:29,579 ====> Recall@20: 0.7861
2020-01-12 22:10:29,580 ====> Recall@25: 0.7904
2020-01-12 22:10:30,479 ====> Building Cache
2020-01-12 22:10:30,480 feature cache--->>> /home/annora/NetVLAD/output/train_feat_cache2.hdf5
2020-01-12 22:12:25,412 Allocated:118.90869140625 MB
2020-01-12 22:12:25,413 Cached:4309.5 MB
2020-01-12 22:15:34,260 ==> Epoch[22](50/534): Loss: 0.0954
2020-01-12 22:15:34,288 Allocated:122.15869140625 MB
2020-01-12 22:15:34,291 Cached:8976.125 MB
2020-01-12 22:17:59,437 ==> Epoch[22](100/534): Loss: 0.0351
2020-01-12 22:17:59,456 Allocated:122.15869140625 MB
2020-01-12 22:17:59,456 Cached:4466.75 MB
2020-01-12 22:19:52,567 ==> Epoch[22](150/534): Loss: 0.1171
2020-01-12 22:19:52,569 Allocated:120.90869140625 MB
2020-01-12 22:19:52,569 Cached:4466.75 MB
2020-01-12 22:20:58,498 ====> Building Cache
2020-01-12 22:20:58,499 feature cache--->>> /home/annora/NetVLAD/output/train_feat_cache2.hdf5
2020-01-12 22:22:27,270 Allocated:122.033203125 MB
2020-01-12 22:22:27,271 Cached:3050.0 MB
2020-01-12 22:24:01,650 ==> Epoch[22](200/534): Loss: 0.1597
2020-01-12 22:24:01,653 Allocated:122.78369140625 MB
2020-01-12 22:24:01,653 Cached:3767.625 MB
2020-01-12 22:25:57,326 ==> Epoch[22](250/534): Loss: 0.1444
2020-01-12 22:25:57,329 Allocated:121.90869140625 MB
2020-01-12 22:25:57,329 Cached:3769.625 MB
2020-01-12 22:27:48,289 ==> Epoch[22](300/534): Loss: 0.1338
2020-01-12 22:27:48,291 Allocated:121.53369140625 MB
2020-01-12 22:27:48,291 Cached:3769.625 MB
2020-01-12 22:29:48,583 ==> Epoch[22](350/534): Loss: 0.1561
2020-01-12 22:29:48,585 Allocated:121.40869140625 MB
2020-01-12 22:29:48,586 Cached:3769.625 MB
2020-01-12 22:30:01,920 ====> Building Cache
2020-01-12 22:30:01,921 feature cache--->>> /home/annora/NetVLAD/output/train_feat_cache2.hdf5
2020-01-12 22:31:33,243 Allocated:121.033203125 MB
2020-01-12 22:31:33,243 Cached:2980.25 MB
2020-01-12 22:34:14,247 ==> Epoch[22](400/534): Loss: 0.0850
2020-01-12 22:34:14,252 Allocated:121.90869140625 MB
2020-01-12 22:34:14,252 Cached:4222.625 MB
2020-01-12 22:36:24,731 ==> Epoch[22](450/534): Loss: 0.0831
2020-01-12 22:36:24,734 Allocated:121.15869140625 MB
2020-01-12 22:36:24,735 Cached:5462.75 MB
2020-01-12 22:38:39,562 ==> Epoch[22](500/534): Loss: 0.1090
2020-01-12 22:38:39,582 Allocated:122.78369140625 MB
2020-01-12 22:38:39,585 Cached:5462.75 MB
2020-01-12 22:40:05,415 ===> Epoch 22 Complete: Avg. Loss: 0.1090
2020-01-12 22:40:05,417 ====> Extracting Features
2020-01-12 22:40:53,033 ==> Batch (50/108)
2020-01-12 22:41:23,032 ==> Batch (100/108)
2020-01-12 22:41:27,827 ====> Building faiss index
2020-01-12 22:41:28,218 ====> Calculating recall @ N
2020-01-12 22:41:30,434 ====> Recall@1: 0.7038
2020-01-12 22:41:30,435 ====> Recall@2: 0.7183
2020-01-12 22:41:30,435 ====> Recall@3: 0.7278
2020-01-12 22:41:30,435 ====> Recall@4: 0.7342
2020-01-12 22:41:30,436 ====> Recall@5: 0.7423
2020-01-12 22:41:30,436 ====> Recall@10: 0.7635
2020-01-12 22:41:30,436 ====> Recall@15: 0.7742
2020-01-12 22:41:30,436 ====> Recall@20: 0.7867
2020-01-12 22:41:30,436 ====> Recall@25: 0.7913
2020-01-12 22:41:31,257 ====> Building Cache
2020-01-12 22:41:31,257 feature cache--->>> /home/annora/NetVLAD/output/train_feat_cache2.hdf5
2020-01-12 22:43:10,740 Allocated:119.03369140625 MB
2020-01-12 22:43:10,742 Cached:4308.5 MB
2020-01-12 22:46:24,894 ==> Epoch[23](50/534): Loss: 0.0778
2020-01-12 22:46:24,934 Allocated:120.90869140625 MB
2020-01-12 22:46:24,935 Cached:6693.5 MB
2020-01-12 22:49:02,051 ==> Epoch[23](100/534): Loss: 0.1098
2020-01-12 22:49:02,054 Allocated:122.15869140625 MB
2020-01-12 22:49:02,054 Cached:7901.75 MB
2020-01-12 22:51:40,128 ==> Epoch[23](150/534): Loss: 0.0542
2020-01-12 22:51:40,133 Allocated:120.90869140625 MB
2020-01-12 22:51:40,134 Cached:9127.0 MB
2020-01-12 22:52:56,152 ====> Building Cache
2020-01-12 22:52:56,155 feature cache--->>> /home/annora/NetVLAD/output/train_feat_cache2.hdf5
2020-01-12 22:55:15,745 Allocated:120.908203125 MB
2020-01-12 22:55:15,745 Cached:2895.875 MB
2020-01-12 22:57:28,417 ==> Epoch[23](200/534): Loss: 0.1791
2020-01-12 22:57:28,421 Allocated:122.03369140625 MB
2020-01-12 22:57:28,422 Cached:9048.25 MB
2020-01-12 22:59:51,742 ==> Epoch[23](250/534): Loss: 0.1177
2020-01-12 22:59:51,751 Allocated:121.28369140625 MB
2020-01-12 22:59:51,751 Cached:9048.25 MB
2020-01-12 23:02:44,641 ==> Epoch[23](300/534): Loss: 0.0889
2020-01-12 23:02:44,646 Allocated:120.90869140625 MB
2020-01-12 23:02:44,646 Cached:5001.25 MB
2020-01-12 23:05:10,822 ==> Epoch[23](350/534): Loss: 0.1369
2020-01-12 23:05:10,826 Allocated:120.90869140625 MB
2020-01-12 23:05:10,826 Cached:5001.25 MB
2020-01-12 23:05:26,651 ====> Building Cache
2020-01-12 23:05:26,653 feature cache--->>> /home/annora/NetVLAD/output/train_feat_cache2.hdf5
2020-01-12 23:07:35,510 Allocated:121.908203125 MB
2020-01-12 23:07:35,511 Cached:2933.375 MB
2020-01-12 23:10:49,387 ==> Epoch[23](400/534): Loss: 0.0906
2020-01-12 23:10:49,390 Allocated:121.03369140625 MB
2020-01-12 23:10:49,391 Cached:7668.875 MB
2020-01-12 23:13:02,526 ==> Epoch[23](450/534): Loss: 0.0587
2020-01-12 23:13:02,529 Allocated:120.90869140625 MB
2020-01-12 23:13:02,529 Cached:7668.875 MB
2020-01-12 23:15:27,727 ==> Epoch[23](500/534): Loss: 0.0527
2020-01-12 23:15:27,730 Allocated:121.15869140625 MB
2020-01-12 23:15:27,730 Cached:8906.875 MB
2020-01-12 23:18:02,114 ===> Epoch 23 Complete: Avg. Loss: 0.1085
2020-01-12 23:18:02,129 ====> Extracting Features
2020-01-12 23:19:08,384 ==> Batch (50/108)
2020-01-12 23:19:51,854 ==> Batch (100/108)
2020-01-12 23:20:00,868 ====> Building faiss index
2020-01-12 23:20:01,342 ====> Calculating recall @ N
2020-01-12 23:20:05,056 ====> Recall@1: 0.7032
2020-01-12 23:20:05,060 ====> Recall@2: 0.7194
2020-01-12 23:20:05,061 ====> Recall@3: 0.7284
2020-01-12 23:20:05,061 ====> Recall@4: 0.7359
2020-01-12 23:20:05,062 ====> Recall@5: 0.7432
2020-01-12 23:20:05,062 ====> Recall@10: 0.7646
2020-01-12 23:20:05,062 ====> Recall@15: 0.7768
2020-01-12 23:20:05,062 ====> Recall@20: 0.7867
2020-01-12 23:20:05,063 ====> Recall@25: 0.7919
2020-01-12 23:20:06,071 ====> Building Cache
2020-01-12 23:20:06,072 feature cache--->>> /home/annora/NetVLAD/output/train_feat_cache2.hdf5
2020-01-12 23:22:23,532 Allocated:118.90869140625 MB
2020-01-12 23:22:23,533 Cached:4337.5 MB
2020-01-12 23:25:52,197 ==> Epoch[24](50/534): Loss: 0.1159
2020-01-12 23:25:52,201 Allocated:121.28369140625 MB
2020-01-12 23:25:52,201 Cached:7895.625 MB
2020-01-12 23:28:08,347 ==> Epoch[24](100/534): Loss: 0.1326
2020-01-12 23:28:08,350 Allocated:121.28369140625 MB
2020-01-12 23:28:08,351 Cached:7895.625 MB
2020-01-12 23:29:13,277 DataLoader worker (pid 39600) is killed by signal: Killed. 
Traceback (most recent call last):
  File "rawlearning_vlad.py", line 812, in <module>
    train(epoch)
  File "rawlearning_vlad.py", line 201, in train
    alpha=alpha_array[0], stride=2)
  File "rawlearning_vlad.py", line 180, in pro_weight
    S: j * S + WW].contiguous().view(1, -1)
  File "/home/annora/anaconda3/envs/pytorch_netvlad/lib/python3.6/site-packages/torch/utils/data/dataloader.py", line 274, in handler
    _error_if_any_worker_fails()
RuntimeError: DataLoader worker (pid 39600) is killed by signal: Killed. 
