2020-01-12 08:07:43,276 Namespace(arch='alexnet', batchSize=12, cacheBatchSize=96, cachePath='/home/annora/NetVLAD/output/', cacheRefreshRate=3000, ckpt='best', contilearn=True, dataPath='/home/annora/NetVLAD/output/data/', dataset='robotcar', evalEvery=1, fromscratch=False, fromtask='/home/annora/NetVLAD/output/runs/2020-01-10-17-07-00_alexnet_max', lr=0.01, lrGamma=0.5, lrStep=5, margin=0.1, mode='train', momentum=0.9, nEpochs=30, nGPU=1, nocuda=False, num_clusters=64, optim='SGD', patience=10, pooling='max', premodel='places', resume='', runsPath='/home/annora/NetVLAD/output/runs/', savePath='checkpoints', seed=123, split='val', start_epoch=0, threads=8, vladv2=False, weightDecay=0.001)
2020-01-12 08:07:43,346 ===> Loading dataset(s)
2020-01-12 08:07:43,346 trainfile ------>>>>>> oxRobocar_doubleN_train.mat
2020-01-12 08:07:45,990 ====> Training set: oxRobocar_doubleN_train.mat, query set count: 6404
2020-01-12 08:07:46,095 ===> Evaluating on val set: oxRobocar_doubleN_val.mat, query count: 3450
2020-01-12 08:07:46,096 ===> Building model
2020-01-12 08:07:46,159 encoder moder:
AlexNet(
  (conv1): Sequential(
    (0): Conv2d(3, 64, kernel_size=(11, 11), stride=(4, 4), padding=(2, 2))
    (1): ReLU(inplace)
    (2): MaxPool2d(kernel_size=3, stride=2, padding=0, dilation=1, ceil_mode=False)
  )
  (conv2): Sequential(
    (0): Conv2d(64, 192, kernel_size=(5, 5), stride=(1, 1), padding=(2, 2))
    (1): ReLU(inplace)
    (2): MaxPool2d(kernel_size=3, stride=2, padding=0, dilation=1, ceil_mode=False)
  )
  (conv3): Sequential(
    (0): Conv2d(192, 384, kernel_size=(3, 3), stride=(1, 1), padding=(1, 1))
    (1): ReLU(inplace)
  )
  (conv4): Sequential(
    (0): Conv2d(384, 256, kernel_size=(3, 3), stride=(1, 1), padding=(1, 1))
    (1): ReLU(inplace)
  )
  (conv5): Sequential(
    (0): Conv2d(256, 256, kernel_size=(3, 3), stride=(1, 1), padding=(1, 1))
  )
)
2020-01-12 08:07:52,471 => loading checkpoint '/home/annora/NetVLAD/output/runs/2020-01-10-17-07-00_alexnet_max/checkpoints/model_best.pth.tar'
2020-01-12 08:07:52,743 => loaded checkpoint '/home/annora/NetVLAD/output/runs/2020-01-10-17-07-00_alexnet_max/checkpoints/model_best.pth.tar' 
2020-01-12 08:07:52,743 ===> Training model
2020-01-12 08:07:52,746 ===> Saving state to: /home/annora/NetVLAD/output/runs/2020-01-12-08-07-52_alexnet_max
2020-01-12 08:07:52,747 ====> Building Cache
2020-01-12 08:07:52,747 feature cache--->>> /home/annora/NetVLAD/output/train_feat_cache1.hdf5
2020-01-12 08:09:19,049 Allocated:99.34619140625 MB
2020-01-12 08:09:19,049 Cached:2864.375 MB
2020-01-12 08:11:56,711 ==> Epoch[1](50/534): Loss: 0.2545
2020-01-12 08:11:56,714 Allocated:121.28369140625 MB
2020-01-12 08:11:56,714 Cached:6741.375 MB
2020-01-12 08:13:56,788 ==> Epoch[1](100/534): Loss: 0.2338
2020-01-12 08:13:56,790 Allocated:120.53369140625 MB
2020-01-12 08:13:56,790 Cached:6741.375 MB
2020-01-12 08:16:00,270 ==> Epoch[1](150/534): Loss: 0.2474
2020-01-12 08:16:00,272 Allocated:121.53369140625 MB
2020-01-12 08:16:00,272 Cached:6741.375 MB
2020-01-12 08:17:06,403 ====> Building Cache
2020-01-12 08:17:06,404 feature cache--->>> /home/annora/NetVLAD/output/train_feat_cache1.hdf5
2020-01-12 08:18:45,376 Allocated:121.033203125 MB
2020-01-12 08:18:45,376 Cached:2919.5 MB
2020-01-12 08:20:11,709 ==> Epoch[1](200/534): Loss: 0.2824
2020-01-12 08:20:11,711 Allocated:121.28369140625 MB
2020-01-12 08:20:11,712 Cached:6794.5 MB
2020-01-12 08:22:16,807 ==> Epoch[1](250/534): Loss: 0.2638
2020-01-12 08:22:16,809 Allocated:120.53369140625 MB
2020-01-12 08:22:16,809 Cached:6794.5 MB
2020-01-12 08:24:26,622 ==> Epoch[1](300/534): Loss: 0.2546
2020-01-12 08:24:26,623 Allocated:121.53369140625 MB
2020-01-12 08:24:26,623 Cached:6794.5 MB
2020-01-12 08:26:38,046 ==> Epoch[1](350/534): Loss: 0.2805
2020-01-12 08:26:38,048 Allocated:121.28369140625 MB
2020-01-12 08:26:38,048 Cached:6794.5 MB
2020-01-12 08:26:56,069 ====> Building Cache
2020-01-12 08:26:56,070 feature cache--->>> /home/annora/NetVLAD/output/train_feat_cache1.hdf5
2020-01-12 08:28:26,448 Allocated:121.033203125 MB
2020-01-12 08:28:26,449 Cached:2919.5 MB
2020-01-12 08:30:57,982 ==> Epoch[1](400/534): Loss: 0.2523
2020-01-12 08:30:57,985 Allocated:120.53369140625 MB
2020-01-12 08:30:57,985 Cached:6793.5 MB
2020-01-12 08:33:04,106 ==> Epoch[1](450/534): Loss: 0.2349
2020-01-12 08:33:04,107 Allocated:121.53369140625 MB
2020-01-12 08:33:04,107 Cached:6793.5 MB
2020-01-12 08:34:59,648 ==> Epoch[1](500/534): Loss: 0.2429
2020-01-12 08:34:59,650 Allocated:121.28369140625 MB
2020-01-12 08:34:59,650 Cached:6793.5 MB
2020-01-12 08:36:27,220 ===> Epoch 1 Complete: Avg. Loss: 0.2553
2020-01-12 08:36:27,222 ====> Extracting Features
2020-01-12 08:37:14,975 ==> Batch (50/108)
2020-01-12 08:37:43,338 ==> Batch (100/108)
2020-01-12 08:37:47,257 ====> Building faiss index
2020-01-12 08:37:47,259 ====> Calculating recall @ N
2020-01-12 08:37:47,789 ====> Recall@1: 0.5362
2020-01-12 08:37:47,789 ====> Recall@2: 0.5829
2020-01-12 08:37:47,789 ====> Recall@3: 0.6055
2020-01-12 08:37:47,790 ====> Recall@4: 0.6203
2020-01-12 08:37:47,791 ====> Recall@5: 0.6330
2020-01-12 08:37:47,791 ====> Recall@10: 0.6681
2020-01-12 08:37:47,791 ====> Recall@15: 0.6901
2020-01-12 08:37:47,791 ====> Recall@20: 0.7043
2020-01-12 08:37:47,791 ====> Recall@25: 0.7203
2020-01-12 08:37:48,048 ====> Building Cache
2020-01-12 08:37:48,048 feature cache--->>> /home/annora/NetVLAD/output/train_feat_cache1.hdf5
2020-01-12 08:39:21,941 Allocated:119.53369140625 MB
2020-01-12 08:39:21,941 Cached:4209.75 MB
2020-01-12 08:41:57,494 ==> Epoch[2](50/534): Loss: 0.2346
2020-01-12 08:41:57,496 Allocated:121.90869140625 MB
2020-01-12 08:41:57,496 Cached:8083.75 MB
2020-01-12 08:43:58,524 ==> Epoch[2](100/534): Loss: 0.2423
2020-01-12 08:43:58,526 Allocated:121.03369140625 MB
2020-01-12 08:43:58,526 Cached:8083.75 MB
2020-01-12 08:46:01,463 ==> Epoch[2](150/534): Loss: 0.2664
2020-01-12 08:46:01,465 Allocated:121.15869140625 MB
2020-01-12 08:46:01,465 Cached:8083.75 MB
2020-01-12 08:47:08,406 ====> Building Cache
2020-01-12 08:47:08,407 feature cache--->>> /home/annora/NetVLAD/output/train_feat_cache1.hdf5
2020-01-12 08:48:42,192 Allocated:121.033203125 MB
2020-01-12 08:48:42,193 Cached:2919.5 MB
2020-01-12 08:50:15,960 ==> Epoch[2](200/534): Loss: 0.2944
2020-01-12 08:50:15,961 Allocated:121.90869140625 MB
2020-01-12 08:50:15,962 Cached:6794.5 MB
2020-01-12 08:52:14,343 ==> Epoch[2](250/534): Loss: 0.2776
2020-01-12 08:52:14,345 Allocated:121.03369140625 MB
2020-01-12 08:52:14,345 Cached:6794.5 MB
2020-01-12 08:54:15,319 ==> Epoch[2](300/534): Loss: 0.2648
2020-01-12 08:54:15,321 Allocated:121.15869140625 MB
2020-01-12 08:54:15,321 Cached:6794.5 MB
2020-01-12 08:56:23,980 ==> Epoch[2](350/534): Loss: 0.2708
2020-01-12 08:56:23,982 Allocated:121.90869140625 MB
2020-01-12 08:56:23,982 Cached:6794.5 MB
2020-01-12 08:56:40,778 ====> Building Cache
2020-01-12 08:56:40,778 feature cache--->>> /home/annora/NetVLAD/output/train_feat_cache1.hdf5
2020-01-12 08:58:15,888 Allocated:121.658203125 MB
2020-01-12 08:58:15,888 Cached:2919.5 MB
2020-01-12 09:00:40,097 ==> Epoch[2](400/534): Loss: 0.2326
2020-01-12 09:00:40,100 Allocated:121.03369140625 MB
2020-01-12 09:00:40,100 Cached:6793.5 MB
2020-01-12 09:02:47,826 ==> Epoch[2](450/534): Loss: 0.2072
2020-01-12 09:02:47,827 Allocated:121.15869140625 MB
2020-01-12 09:02:47,827 Cached:6793.5 MB
2020-01-12 09:04:50,106 ==> Epoch[2](500/534): Loss: 0.2239
2020-01-12 09:04:50,107 Allocated:121.90869140625 MB
2020-01-12 09:04:50,107 Cached:6793.5 MB
2020-01-12 09:06:13,096 ===> Epoch 2 Complete: Avg. Loss: 0.2544
2020-01-12 09:06:13,098 ====> Extracting Features
2020-01-12 09:06:58,577 ==> Batch (50/108)
2020-01-12 09:07:25,207 ==> Batch (100/108)
2020-01-12 09:07:29,030 ====> Building faiss index
2020-01-12 09:07:29,033 ====> Calculating recall @ N
2020-01-12 09:07:29,519 ====> Recall@1: 0.5400
2020-01-12 09:07:29,519 ====> Recall@2: 0.5843
2020-01-12 09:07:29,520 ====> Recall@3: 0.6096
2020-01-12 09:07:29,520 ====> Recall@4: 0.6287
2020-01-12 09:07:29,520 ====> Recall@5: 0.6386
2020-01-12 09:07:29,521 ====> Recall@10: 0.6713
2020-01-12 09:07:29,521 ====> Recall@15: 0.6945
2020-01-12 09:07:29,521 ====> Recall@20: 0.7107
2020-01-12 09:07:29,521 ====> Recall@25: 0.7243
2020-01-12 09:07:30,248 ====> Building Cache
2020-01-12 09:07:30,248 feature cache--->>> /home/annora/NetVLAD/output/train_feat_cache1.hdf5
2020-01-12 09:09:16,460 Allocated:118.53369140625 MB
2020-01-12 09:09:16,461 Cached:4209.75 MB
2020-01-12 09:11:54,472 ==> Epoch[3](50/534): Loss: 0.2478
2020-01-12 09:11:54,473 Allocated:121.15869140625 MB
2020-01-12 09:11:54,474 Cached:8083.75 MB
2020-01-12 09:13:58,272 ==> Epoch[3](100/534): Loss: 0.2632
2020-01-12 09:13:58,274 Allocated:121.90869140625 MB
2020-01-12 09:13:58,275 Cached:8083.75 MB
2020-01-12 09:16:02,480 ==> Epoch[3](150/534): Loss: 0.2368
2020-01-12 09:16:02,482 Allocated:121.03369140625 MB
2020-01-12 09:16:02,482 Cached:8083.75 MB
2020-01-12 09:17:09,718 ====> Building Cache
2020-01-12 09:17:09,719 feature cache--->>> /home/annora/NetVLAD/output/train_feat_cache1.hdf5
2020-01-12 09:18:43,631 Allocated:122.533203125 MB
2020-01-12 09:18:43,631 Cached:2919.5 MB
2020-01-12 09:20:10,229 ==> Epoch[3](200/534): Loss: 0.2913
2020-01-12 09:20:10,231 Allocated:121.15869140625 MB
2020-01-12 09:20:10,231 Cached:6794.5 MB
2020-01-12 09:22:04,333 ==> Epoch[3](250/534): Loss: 0.2687
2020-01-12 09:22:04,335 Allocated:121.90869140625 MB
2020-01-12 09:22:04,335 Cached:6794.5 MB
2020-01-12 09:24:04,713 ==> Epoch[3](300/534): Loss: 0.2938
2020-01-12 09:24:04,715 Allocated:121.03369140625 MB
2020-01-12 09:24:04,715 Cached:6794.5 MB
2020-01-12 09:25:57,362 ==> Epoch[3](350/534): Loss: 0.2818
2020-01-12 09:25:57,363 Allocated:121.15869140625 MB
2020-01-12 09:25:57,364 Cached:6794.5 MB
2020-01-12 09:26:10,657 ====> Building Cache
2020-01-12 09:26:10,658 feature cache--->>> /home/annora/NetVLAD/output/train_feat_cache1.hdf5
2020-01-12 09:27:43,815 Allocated:121.533203125 MB
2020-01-12 09:27:43,816 Cached:2919.5 MB
2020-01-12 09:29:59,440 ==> Epoch[3](400/534): Loss: 0.2506
2020-01-12 09:29:59,442 Allocated:121.90869140625 MB
2020-01-12 09:29:59,442 Cached:6793.5 MB
2020-01-12 09:31:57,743 ==> Epoch[3](450/534): Loss: 0.2180
2020-01-12 09:31:57,745 Allocated:121.03369140625 MB
2020-01-12 09:31:57,745 Cached:6793.5 MB
2020-01-12 09:33:57,732 ==> Epoch[3](500/534): Loss: 0.2235
2020-01-12 09:33:57,733 Allocated:121.15869140625 MB
2020-01-12 09:33:57,733 Cached:6793.5 MB
2020-01-12 09:35:13,536 ===> Epoch 3 Complete: Avg. Loss: 0.2533
2020-01-12 09:35:13,538 ====> Extracting Features
2020-01-12 09:35:51,485 ==> Batch (50/108)
2020-01-12 09:36:15,064 ==> Batch (100/108)
2020-01-12 09:36:18,826 ====> Building faiss index
2020-01-12 09:36:18,828 ====> Calculating recall @ N
2020-01-12 09:36:19,299 ====> Recall@1: 0.5449
2020-01-12 09:36:19,300 ====> Recall@2: 0.5867
2020-01-12 09:36:19,300 ====> Recall@3: 0.6128
2020-01-12 09:36:19,300 ====> Recall@4: 0.6301
2020-01-12 09:36:19,300 ====> Recall@5: 0.6446
2020-01-12 09:36:19,301 ====> Recall@10: 0.6768
2020-01-12 09:36:19,301 ====> Recall@15: 0.6997
2020-01-12 09:36:19,301 ====> Recall@20: 0.7209
2020-01-12 09:36:19,301 ====> Recall@25: 0.7351
2020-01-12 09:36:20,056 ====> Building Cache
2020-01-12 09:36:20,056 feature cache--->>> /home/annora/NetVLAD/output/train_feat_cache1.hdf5
2020-01-12 09:37:52,363 Allocated:119.28369140625 MB
2020-01-12 09:37:52,363 Cached:4209.75 MB
2020-01-12 09:40:25,095 ==> Epoch[4](50/534): Loss: 0.2409
2020-01-12 09:40:25,097 Allocated:120.53369140625 MB
2020-01-12 09:40:25,098 Cached:8083.75 MB
2020-01-12 09:42:17,487 ==> Epoch[4](100/534): Loss: 0.2396
2020-01-12 09:42:17,489 Allocated:121.53369140625 MB
2020-01-12 09:42:17,489 Cached:8083.75 MB
2020-01-12 09:44:11,555 ==> Epoch[4](150/534): Loss: 0.2327
2020-01-12 09:44:11,557 Allocated:121.65869140625 MB
2020-01-12 09:44:11,557 Cached:8083.75 MB
2020-01-12 09:45:14,284 ====> Building Cache
2020-01-12 09:45:14,285 feature cache--->>> /home/annora/NetVLAD/output/train_feat_cache1.hdf5
2020-01-12 09:46:50,772 Allocated:120.533203125 MB
2020-01-12 09:46:50,773 Cached:2919.5 MB
2020-01-12 09:48:15,939 ==> Epoch[4](200/534): Loss: 0.2731
2020-01-12 09:48:15,940 Allocated:120.53369140625 MB
2020-01-12 09:48:15,940 Cached:6794.5 MB
2020-01-12 09:50:14,803 ==> Epoch[4](250/534): Loss: 0.2652
2020-01-12 09:50:14,805 Allocated:121.53369140625 MB
2020-01-12 09:50:14,805 Cached:6794.5 MB
2020-01-12 09:52:15,280 ==> Epoch[4](300/534): Loss: 0.2955
2020-01-12 09:52:15,282 Allocated:121.65869140625 MB
2020-01-12 09:52:15,282 Cached:6794.5 MB
2020-01-12 09:54:18,290 ==> Epoch[4](350/534): Loss: 0.2439
2020-01-12 09:54:18,291 Allocated:120.53369140625 MB
2020-01-12 09:54:18,291 Cached:6794.5 MB
2020-01-12 09:54:34,749 ====> Building Cache
2020-01-12 09:54:34,750 feature cache--->>> /home/annora/NetVLAD/output/train_feat_cache1.hdf5
2020-01-12 09:56:08,376 Allocated:120.533203125 MB
2020-01-12 09:56:08,376 Cached:2919.5 MB
2020-01-12 09:58:25,541 ==> Epoch[4](400/534): Loss: 0.2310
2020-01-12 09:58:25,542 Allocated:121.53369140625 MB
2020-01-12 09:58:25,543 Cached:6793.5 MB
2020-01-12 10:00:20,903 ==> Epoch[4](450/534): Loss: 0.2366
2020-01-12 10:00:20,904 Allocated:121.65869140625 MB
2020-01-12 10:00:20,904 Cached:6793.5 MB
2020-01-12 10:02:11,752 ==> Epoch[4](500/534): Loss: 0.2563
2020-01-12 10:02:11,754 Allocated:120.53369140625 MB
2020-01-12 10:02:11,754 Cached:6793.5 MB
2020-01-12 10:03:43,719 ===> Epoch 4 Complete: Avg. Loss: 0.2520
2020-01-12 10:03:43,721 ====> Extracting Features
2020-01-12 10:04:22,404 ==> Batch (50/108)
2020-01-12 10:04:47,241 ==> Batch (100/108)
2020-01-12 10:04:51,124 ====> Building faiss index
2020-01-12 10:04:51,126 ====> Calculating recall @ N
2020-01-12 10:04:51,633 ====> Recall@1: 0.5426
2020-01-12 10:04:51,634 ====> Recall@2: 0.5904
2020-01-12 10:04:51,635 ====> Recall@3: 0.6188
2020-01-12 10:04:51,635 ====> Recall@4: 0.6368
2020-01-12 10:04:51,635 ====> Recall@5: 0.6493
2020-01-12 10:04:51,636 ====> Recall@10: 0.6864
2020-01-12 10:04:51,636 ====> Recall@15: 0.7116
2020-01-12 10:04:51,636 ====> Recall@20: 0.7319
2020-01-12 10:04:51,636 ====> Recall@25: 0.7455
2020-01-12 10:04:52,378 ====> Building Cache
2020-01-12 10:04:52,379 feature cache--->>> /home/annora/NetVLAD/output/train_feat_cache1.hdf5
2020-01-12 10:06:27,215 Allocated:119.90869140625 MB
2020-01-12 10:06:27,215 Cached:4209.75 MB
2020-01-12 10:08:54,106 ==> Epoch[5](50/534): Loss: 0.2292
2020-01-12 10:08:54,107 Allocated:121.53369140625 MB
2020-01-12 10:08:54,108 Cached:8083.75 MB
2020-01-12 10:10:53,793 ==> Epoch[5](100/534): Loss: 0.2249
2020-01-12 10:10:53,794 Allocated:121.28369140625 MB
2020-01-12 10:10:53,794 Cached:8083.75 MB
2020-01-12 10:12:54,727 ==> Epoch[5](150/534): Loss: 0.2277
2020-01-12 10:12:54,728 Allocated:120.53369140625 MB
2020-01-12 10:12:54,728 Cached:8083.75 MB
2020-01-12 10:13:55,996 ====> Building Cache
2020-01-12 10:13:55,997 feature cache--->>> /home/annora/NetVLAD/output/train_feat_cache1.hdf5
2020-01-12 10:15:25,604 Allocated:120.533203125 MB
2020-01-12 10:15:25,605 Cached:2919.5 MB
2020-01-12 10:16:58,508 ==> Epoch[5](200/534): Loss: 0.2809
2020-01-12 10:16:58,510 Allocated:121.53369140625 MB
2020-01-12 10:16:58,510 Cached:6794.5 MB
2020-01-12 10:18:59,893 ==> Epoch[5](250/534): Loss: 0.2807
2020-01-12 10:18:59,894 Allocated:121.28369140625 MB
2020-01-12 10:18:59,895 Cached:6794.5 MB
2020-01-12 10:20:56,944 ==> Epoch[5](300/534): Loss: 0.2559
2020-01-12 10:20:56,945 Allocated:120.53369140625 MB
2020-01-12 10:20:56,945 Cached:6794.5 MB
2020-01-12 10:23:03,376 ==> Epoch[5](350/534): Loss: 0.2604
2020-01-12 10:23:03,377 Allocated:121.53369140625 MB
2020-01-12 10:23:03,378 Cached:6794.5 MB
2020-01-12 10:23:17,446 ====> Building Cache
2020-01-12 10:23:17,446 feature cache--->>> /home/annora/NetVLAD/output/train_feat_cache1.hdf5
2020-01-12 10:24:57,135 Allocated:121.908203125 MB
2020-01-12 10:24:57,136 Cached:2919.5 MB
2020-01-12 10:27:10,851 ==> Epoch[5](400/534): Loss: 0.2264
2020-01-12 10:27:10,853 Allocated:121.28369140625 MB
2020-01-12 10:27:10,853 Cached:6793.5 MB
2020-01-12 10:29:06,344 ==> Epoch[5](450/534): Loss: 0.2496
2020-01-12 10:29:06,345 Allocated:120.53369140625 MB
2020-01-12 10:29:06,346 Cached:6793.5 MB
2020-01-12 10:31:06,656 ==> Epoch[5](500/534): Loss: 0.2506
2020-01-12 10:31:06,657 Allocated:121.53369140625 MB
2020-01-12 10:31:06,657 Cached:6793.5 MB
2020-01-12 10:32:22,483 ===> Epoch 5 Complete: Avg. Loss: 0.2503
2020-01-12 10:32:22,484 ====> Extracting Features
2020-01-12 10:32:57,689 ==> Batch (50/108)
2020-01-12 10:33:20,153 ==> Batch (100/108)
2020-01-12 10:33:23,652 ====> Building faiss index
2020-01-12 10:33:23,653 ====> Calculating recall @ N
2020-01-12 10:33:24,121 ====> Recall@1: 0.5441
2020-01-12 10:33:24,122 ====> Recall@2: 0.5945
2020-01-12 10:33:24,122 ====> Recall@3: 0.6246
2020-01-12 10:33:24,123 ====> Recall@4: 0.6397
2020-01-12 10:33:24,123 ====> Recall@5: 0.6525
2020-01-12 10:33:24,123 ====> Recall@10: 0.6881
2020-01-12 10:33:24,123 ====> Recall@15: 0.7125
2020-01-12 10:33:24,123 ====> Recall@20: 0.7330
2020-01-12 10:33:24,124 ====> Recall@25: 0.7475
2020-01-12 10:33:24,832 ====> Building Cache
2020-01-12 10:33:24,833 feature cache--->>> /home/annora/NetVLAD/output/train_feat_cache1.hdf5
2020-01-12 10:34:54,786 Allocated:118.53369140625 MB
2020-01-12 10:34:54,787 Cached:4209.75 MB
2020-01-12 10:37:36,654 ==> Epoch[6](50/534): Loss: 0.2237
2020-01-12 10:37:36,656 Allocated:121.90869140625 MB
2020-01-12 10:37:36,656 Cached:8083.75 MB
2020-01-12 10:39:28,914 ==> Epoch[6](100/534): Loss: 0.2312
2020-01-12 10:39:28,915 Allocated:121.03369140625 MB
2020-01-12 10:39:28,915 Cached:8083.75 MB
2020-01-12 10:41:25,258 ==> Epoch[6](150/534): Loss: 0.2150
2020-01-12 10:41:25,259 Allocated:121.15869140625 MB
2020-01-12 10:41:25,259 Cached:8083.75 MB
2020-01-12 10:42:26,670 ====> Building Cache
2020-01-12 10:42:26,671 feature cache--->>> /home/annora/NetVLAD/output/train_feat_cache1.hdf5
2020-01-12 10:44:03,962 Allocated:121.033203125 MB
2020-01-12 10:44:03,963 Cached:2919.5 MB
2020-01-12 10:45:30,560 ==> Epoch[6](200/534): Loss: 0.2679
2020-01-12 10:45:30,562 Allocated:121.90869140625 MB
2020-01-12 10:45:30,563 Cached:6794.5 MB
2020-01-12 10:47:23,275 ==> Epoch[6](250/534): Loss: 0.2470
2020-01-12 10:47:23,276 Allocated:121.03369140625 MB
2020-01-12 10:47:23,276 Cached:6794.5 MB
2020-01-12 10:49:22,736 ==> Epoch[6](300/534): Loss: 0.2802
2020-01-12 10:49:22,738 Allocated:121.15869140625 MB
2020-01-12 10:49:22,738 Cached:6794.5 MB
2020-01-12 10:51:19,938 ==> Epoch[6](350/534): Loss: 0.2709
2020-01-12 10:51:19,940 Allocated:121.90869140625 MB
2020-01-12 10:51:19,940 Cached:6794.5 MB
2020-01-12 10:51:33,594 ====> Building Cache
2020-01-12 10:51:33,594 feature cache--->>> /home/annora/NetVLAD/output/train_feat_cache1.hdf5
2020-01-12 10:53:03,959 Allocated:121.658203125 MB
2020-01-12 10:53:03,959 Cached:2919.5 MB
2020-01-12 10:55:26,345 ==> Epoch[6](400/534): Loss: 0.2447
2020-01-12 10:55:26,346 Allocated:121.03369140625 MB
2020-01-12 10:55:26,347 Cached:6793.5 MB
2020-01-12 10:57:27,797 ==> Epoch[6](450/534): Loss: 0.2382
2020-01-12 10:57:27,800 Allocated:121.15869140625 MB
2020-01-12 10:57:27,800 Cached:6793.5 MB
2020-01-12 10:59:37,482 ==> Epoch[6](500/534): Loss: 0.2254
2020-01-12 10:59:37,483 Allocated:121.90869140625 MB
2020-01-12 10:59:37,484 Cached:6793.5 MB
2020-01-12 11:00:59,136 ===> Epoch 6 Complete: Avg. Loss: 0.2489
2020-01-12 11:00:59,138 ====> Extracting Features
2020-01-12 11:01:35,669 ==> Batch (50/108)
2020-01-12 11:01:58,371 ==> Batch (100/108)
2020-01-12 11:02:02,710 ====> Building faiss index
2020-01-12 11:02:02,712 ====> Calculating recall @ N
2020-01-12 11:02:03,204 ====> Recall@1: 0.5484
2020-01-12 11:02:03,205 ====> Recall@2: 0.5986
2020-01-12 11:02:03,205 ====> Recall@3: 0.6255
2020-01-12 11:02:03,206 ====> Recall@4: 0.6420
2020-01-12 11:02:03,206 ====> Recall@5: 0.6545
2020-01-12 11:02:03,206 ====> Recall@10: 0.6867
2020-01-12 11:02:03,206 ====> Recall@15: 0.7113
2020-01-12 11:02:03,207 ====> Recall@20: 0.7325
2020-01-12 11:02:03,207 ====> Recall@25: 0.7470
2020-01-12 11:02:03,915 ====> Building Cache
2020-01-12 11:02:03,915 feature cache--->>> /home/annora/NetVLAD/output/train_feat_cache1.hdf5
2020-01-12 11:03:43,737 Allocated:118.53369140625 MB
2020-01-12 11:03:43,737 Cached:4209.75 MB
2020-01-12 11:06:26,666 ==> Epoch[7](50/534): Loss: 0.2420
2020-01-12 11:06:26,668 Allocated:121.15869140625 MB
2020-01-12 11:06:26,668 Cached:8083.75 MB
2020-01-12 11:08:17,349 ==> Epoch[7](100/534): Loss: 0.2530
2020-01-12 11:08:17,350 Allocated:121.90869140625 MB
2020-01-12 11:08:17,351 Cached:8083.75 MB
2020-01-12 11:10:22,422 ==> Epoch[7](150/534): Loss: 0.2405
2020-01-12 11:10:22,424 Allocated:121.03369140625 MB
2020-01-12 11:10:22,424 Cached:8083.75 MB
2020-01-12 11:11:25,670 ====> Building Cache
2020-01-12 11:11:25,671 feature cache--->>> /home/annora/NetVLAD/output/train_feat_cache1.hdf5
2020-01-12 11:13:03,460 Allocated:122.533203125 MB
2020-01-12 11:13:03,461 Cached:2919.5 MB
2020-01-12 11:14:27,459 ==> Epoch[7](200/534): Loss: 0.2859
2020-01-12 11:14:27,460 Allocated:121.15869140625 MB
2020-01-12 11:14:27,460 Cached:6794.5 MB
2020-01-12 11:16:25,629 ==> Epoch[7](250/534): Loss: 0.2548
2020-01-12 11:16:25,630 Allocated:121.90869140625 MB
2020-01-12 11:16:25,630 Cached:6794.5 MB
2020-01-12 11:18:18,441 ==> Epoch[7](300/534): Loss: 0.2676
2020-01-12 11:18:18,442 Allocated:121.03369140625 MB
2020-01-12 11:18:18,442 Cached:6794.5 MB
2020-01-12 11:20:14,976 ==> Epoch[7](350/534): Loss: 0.2658
2020-01-12 11:20:14,977 Allocated:121.15869140625 MB
2020-01-12 11:20:14,978 Cached:6794.5 MB
2020-01-12 11:20:28,323 ====> Building Cache
2020-01-12 11:20:28,324 feature cache--->>> /home/annora/NetVLAD/output/train_feat_cache1.hdf5
2020-01-12 11:22:17,205 Allocated:121.533203125 MB
2020-01-12 11:22:17,205 Cached:2919.5 MB
2020-01-12 11:24:59,094 ==> Epoch[7](400/534): Loss: 0.2257
2020-01-12 11:24:59,096 Allocated:121.90869140625 MB
2020-01-12 11:24:59,096 Cached:6793.5 MB
2020-01-12 11:27:13,897 ==> Epoch[7](450/534): Loss: 0.2402
2020-01-12 11:27:13,899 Allocated:121.03369140625 MB
2020-01-12 11:27:13,899 Cached:6793.5 MB
2020-01-12 11:29:24,135 ==> Epoch[7](500/534): Loss: 0.2150
2020-01-12 11:29:24,137 Allocated:121.15869140625 MB
2020-01-12 11:29:24,137 Cached:6793.5 MB
2020-01-12 11:30:52,444 ===> Epoch 7 Complete: Avg. Loss: 0.2469
2020-01-12 11:30:52,446 ====> Extracting Features
2020-01-12 11:31:34,818 ==> Batch (50/108)
2020-01-12 11:32:04,865 ==> Batch (100/108)
2020-01-12 11:32:08,711 ====> Building faiss index
2020-01-12 11:32:08,714 ====> Calculating recall @ N
2020-01-12 11:32:09,276 ====> Recall@1: 0.5554
2020-01-12 11:32:09,277 ====> Recall@2: 0.6043
2020-01-12 11:32:09,277 ====> Recall@3: 0.6301
2020-01-12 11:32:09,278 ====> Recall@4: 0.6461
2020-01-12 11:32:09,278 ====> Recall@5: 0.6562
2020-01-12 11:32:09,278 ====> Recall@10: 0.6896
2020-01-12 11:32:09,278 ====> Recall@15: 0.7101
2020-01-12 11:32:09,278 ====> Recall@20: 0.7307
2020-01-12 11:32:09,279 ====> Recall@25: 0.7441
2020-01-12 11:32:10,022 ====> Building Cache
2020-01-12 11:32:10,023 feature cache--->>> /home/annora/NetVLAD/output/train_feat_cache1.hdf5
2020-01-12 11:33:51,420 Allocated:119.28369140625 MB
2020-01-12 11:33:51,421 Cached:4209.75 MB
2020-01-12 11:36:51,555 ==> Epoch[8](50/534): Loss: 0.2150
2020-01-12 11:36:51,557 Allocated:120.53369140625 MB
2020-01-12 11:36:51,558 Cached:8083.75 MB
2020-01-12 11:39:14,262 ==> Epoch[8](100/534): Loss: 0.2428
2020-01-12 11:39:14,264 Allocated:121.53369140625 MB
2020-01-12 11:39:14,264 Cached:8083.75 MB
2020-01-12 11:41:34,308 ==> Epoch[8](150/534): Loss: 0.2367
2020-01-12 11:41:34,309 Allocated:121.65869140625 MB
2020-01-12 11:41:34,309 Cached:8083.75 MB
2020-01-12 11:42:40,176 ====> Building Cache
2020-01-12 11:42:40,176 feature cache--->>> /home/annora/NetVLAD/output/train_feat_cache1.hdf5
2020-01-12 11:44:18,543 Allocated:120.533203125 MB
2020-01-12 11:44:18,543 Cached:2919.5 MB
2020-01-12 11:46:05,949 ==> Epoch[8](200/534): Loss: 0.2790
2020-01-12 11:46:05,951 Allocated:120.53369140625 MB
2020-01-12 11:46:05,952 Cached:6794.5 MB
2020-01-12 11:48:22,366 ==> Epoch[8](250/534): Loss: 0.2700
2020-01-12 11:48:22,368 Allocated:121.53369140625 MB
2020-01-12 11:48:22,368 Cached:6794.5 MB
2020-01-12 11:50:25,273 ==> Epoch[8](300/534): Loss: 0.2897
2020-01-12 11:50:25,274 Allocated:121.65869140625 MB
2020-01-12 11:50:25,275 Cached:6794.5 MB
2020-01-12 11:52:34,776 ==> Epoch[8](350/534): Loss: 0.2537
2020-01-12 11:52:34,779 Allocated:120.53369140625 MB
2020-01-12 11:52:34,779 Cached:6794.5 MB
2020-01-12 11:52:53,898 ====> Building Cache
2020-01-12 11:52:53,899 feature cache--->>> /home/annora/NetVLAD/output/train_feat_cache1.hdf5
2020-01-12 11:54:56,272 Allocated:120.533203125 MB
2020-01-12 11:54:56,272 Cached:2919.5 MB
2020-01-12 11:57:30,043 ==> Epoch[8](400/534): Loss: 0.2164
2020-01-12 11:57:30,046 Allocated:121.53369140625 MB
2020-01-12 11:57:30,047 Cached:6793.5 MB
2020-01-12 11:59:51,374 ==> Epoch[8](450/534): Loss: 0.2204
2020-01-12 11:59:51,388 Allocated:121.65869140625 MB
2020-01-12 11:59:51,389 Cached:6793.5 MB
2020-01-12 12:02:23,699 ==> Epoch[8](500/534): Loss: 0.2240
2020-01-12 12:02:23,701 Allocated:120.53369140625 MB
2020-01-12 12:02:23,701 Cached:6793.5 MB
2020-01-12 12:03:47,553 ===> Epoch 8 Complete: Avg. Loss: 0.2443
2020-01-12 12:03:47,555 ====> Extracting Features
2020-01-12 12:04:29,151 ==> Batch (50/108)
2020-01-12 12:04:55,178 ==> Batch (100/108)
2020-01-12 12:04:58,273 ====> Building faiss index
2020-01-12 12:04:58,275 ====> Calculating recall @ N
2020-01-12 12:04:58,742 ====> Recall@1: 0.5623
2020-01-12 12:04:58,743 ====> Recall@2: 0.6058
2020-01-12 12:04:58,743 ====> Recall@3: 0.6330
2020-01-12 12:04:58,744 ====> Recall@4: 0.6513
2020-01-12 12:04:58,744 ====> Recall@5: 0.6632
2020-01-12 12:04:58,744 ====> Recall@10: 0.6971
2020-01-12 12:04:58,744 ====> Recall@15: 0.7139
2020-01-12 12:04:58,744 ====> Recall@20: 0.7296
2020-01-12 12:04:58,745 ====> Recall@25: 0.7394
2020-01-12 12:04:59,508 ====> Building Cache
2020-01-12 12:04:59,508 feature cache--->>> /home/annora/NetVLAD/output/train_feat_cache1.hdf5
2020-01-12 12:06:42,680 Allocated:119.90869140625 MB
2020-01-12 12:06:42,681 Cached:4209.75 MB
2020-01-12 12:10:12,774 ==> Epoch[9](50/534): Loss: 0.2109
2020-01-12 12:10:12,776 Allocated:121.53369140625 MB
2020-01-12 12:10:12,776 Cached:8083.75 MB
2020-01-12 12:12:23,034 ==> Epoch[9](100/534): Loss: 0.2296
2020-01-12 12:12:23,036 Allocated:121.28369140625 MB
2020-01-12 12:12:23,036 Cached:8083.75 MB
2020-01-12 12:14:30,451 ==> Epoch[9](150/534): Loss: 0.2332
2020-01-12 12:14:30,452 Allocated:120.53369140625 MB
2020-01-12 12:14:30,452 Cached:8083.75 MB
2020-01-12 12:15:43,395 ====> Building Cache
2020-01-12 12:15:43,396 feature cache--->>> /home/annora/NetVLAD/output/train_feat_cache1.hdf5
2020-01-12 12:17:30,495 Allocated:120.533203125 MB
2020-01-12 12:17:30,495 Cached:2919.5 MB
2020-01-12 12:19:20,878 ==> Epoch[9](200/534): Loss: 0.2650
2020-01-12 12:19:20,880 Allocated:121.53369140625 MB
2020-01-12 12:19:20,880 Cached:6794.5 MB
2020-01-12 12:21:39,262 ==> Epoch[9](250/534): Loss: 0.2694
2020-01-12 12:21:39,264 Allocated:121.28369140625 MB
2020-01-12 12:21:39,265 Cached:6794.5 MB
2020-01-12 12:24:02,754 ==> Epoch[9](300/534): Loss: 0.2717
2020-01-12 12:24:02,755 Allocated:120.53369140625 MB
2020-01-12 12:24:02,756 Cached:6794.5 MB
2020-01-12 12:26:06,293 ==> Epoch[9](350/534): Loss: 0.2520
2020-01-12 12:26:06,296 Allocated:121.53369140625 MB
2020-01-12 12:26:06,296 Cached:6794.5 MB
2020-01-12 12:26:20,497 ====> Building Cache
2020-01-12 12:26:20,499 feature cache--->>> /home/annora/NetVLAD/output/train_feat_cache1.hdf5
2020-01-12 12:28:08,720 Allocated:121.908203125 MB
2020-01-12 12:28:08,720 Cached:2919.5 MB
2020-01-12 12:30:58,929 ==> Epoch[9](400/534): Loss: 0.2306
2020-01-12 12:30:58,931 Allocated:121.28369140625 MB
2020-01-12 12:30:58,932 Cached:6794.5 MB
2020-01-12 12:33:28,173 ==> Epoch[9](450/534): Loss: 0.2293
2020-01-12 12:33:28,174 Allocated:120.53369140625 MB
2020-01-12 12:33:28,175 Cached:6794.5 MB
2020-01-12 12:35:44,141 ==> Epoch[9](500/534): Loss: 0.2216
2020-01-12 12:35:44,143 Allocated:121.53369140625 MB
2020-01-12 12:35:44,143 Cached:6794.5 MB
2020-01-12 12:37:02,126 ===> Epoch 9 Complete: Avg. Loss: 0.2407
2020-01-12 12:37:02,129 ====> Extracting Features
2020-01-12 12:37:52,422 ==> Batch (50/108)
2020-01-12 12:38:25,710 ==> Batch (100/108)
2020-01-12 12:38:30,068 ====> Building faiss index
2020-01-12 12:38:30,070 ====> Calculating recall @ N
2020-01-12 12:38:30,569 ====> Recall@1: 0.5626
2020-01-12 12:38:30,570 ====> Recall@2: 0.6113
2020-01-12 12:38:30,570 ====> Recall@3: 0.6371
2020-01-12 12:38:30,570 ====> Recall@4: 0.6530
2020-01-12 12:38:30,571 ====> Recall@5: 0.6655
2020-01-12 12:38:30,571 ====> Recall@10: 0.7014
2020-01-12 12:38:30,571 ====> Recall@15: 0.7180
2020-01-12 12:38:30,571 ====> Recall@20: 0.7313
2020-01-12 12:38:30,571 ====> Recall@25: 0.7403
2020-01-12 12:38:31,304 ====> Building Cache
2020-01-12 12:38:31,304 feature cache--->>> /home/annora/NetVLAD/output/train_feat_cache1.hdf5
2020-01-12 12:40:42,488 Allocated:118.53369140625 MB
2020-01-12 12:40:42,489 Cached:4209.75 MB
2020-01-12 12:43:48,151 ==> Epoch[10](50/534): Loss: 0.2099
2020-01-12 12:43:48,153 Allocated:121.90869140625 MB
2020-01-12 12:43:48,153 Cached:8083.75 MB
2020-01-12 12:46:07,189 ==> Epoch[10](100/534): Loss: 0.2153
2020-01-12 12:46:07,191 Allocated:121.03369140625 MB
2020-01-12 12:46:07,191 Cached:8083.75 MB
2020-01-12 12:48:19,685 ==> Epoch[10](150/534): Loss: 0.2227
2020-01-12 12:48:19,692 Allocated:121.15869140625 MB
2020-01-12 12:48:19,692 Cached:8083.75 MB
2020-01-12 12:49:28,021 ====> Building Cache
2020-01-12 12:49:28,023 feature cache--->>> /home/annora/NetVLAD/output/train_feat_cache1.hdf5
2020-01-12 12:51:14,862 Allocated:121.033203125 MB
2020-01-12 12:51:14,863 Cached:2919.5 MB
2020-01-12 12:52:54,579 ==> Epoch[10](200/534): Loss: 0.2668
2020-01-12 12:52:54,580 Allocated:121.90869140625 MB
2020-01-12 12:52:54,581 Cached:6794.5 MB
2020-01-12 12:55:21,231 ==> Epoch[10](250/534): Loss: 0.2755
2020-01-12 12:55:21,233 Allocated:121.03369140625 MB
2020-01-12 12:55:21,233 Cached:6794.5 MB
2020-01-12 12:57:39,663 ==> Epoch[10](300/534): Loss: 0.2617
2020-01-12 12:57:39,665 Allocated:121.15869140625 MB
2020-01-12 12:57:39,666 Cached:6794.5 MB
2020-01-12 12:59:40,151 ==> Epoch[10](350/534): Loss: 0.2672
2020-01-12 12:59:40,154 Allocated:121.90869140625 MB
2020-01-12 12:59:40,154 Cached:6794.5 MB
2020-01-12 12:59:55,165 ====> Building Cache
2020-01-12 12:59:55,167 feature cache--->>> /home/annora/NetVLAD/output/train_feat_cache1.hdf5
2020-01-12 13:01:46,084 Allocated:121.658203125 MB
2020-01-12 13:01:46,085 Cached:2919.5 MB
2020-01-12 13:04:34,542 ==> Epoch[10](400/534): Loss: 0.2330
2020-01-12 13:04:34,544 Allocated:121.03369140625 MB
2020-01-12 13:04:34,545 Cached:6794.5 MB
2020-01-12 13:06:49,272 ==> Epoch[10](450/534): Loss: 0.2144
2020-01-12 13:06:49,273 Allocated:121.15869140625 MB
2020-01-12 13:06:49,274 Cached:6794.5 MB
2020-01-12 13:09:12,469 ==> Epoch[10](500/534): Loss: 0.2087
2020-01-12 13:09:12,470 Allocated:121.90869140625 MB
2020-01-12 13:09:12,471 Cached:6794.5 MB
2020-01-12 13:10:34,817 ===> Epoch 10 Complete: Avg. Loss: 0.2368
2020-01-12 13:10:34,819 ====> Extracting Features
2020-01-12 13:11:15,202 ==> Batch (50/108)
2020-01-12 13:11:40,951 ==> Batch (100/108)
2020-01-12 13:11:45,321 ====> Building faiss index
2020-01-12 13:11:45,330 ====> Calculating recall @ N
2020-01-12 13:11:46,088 ====> Recall@1: 0.5617
2020-01-12 13:11:46,089 ====> Recall@2: 0.6125
2020-01-12 13:11:46,089 ====> Recall@3: 0.6386
2020-01-12 13:11:46,090 ====> Recall@4: 0.6539
2020-01-12 13:11:46,090 ====> Recall@5: 0.6670
2020-01-12 13:11:46,090 ====> Recall@10: 0.7000
2020-01-12 13:11:46,091 ====> Recall@15: 0.7197
2020-01-12 13:11:46,091 ====> Recall@20: 0.7325
2020-01-12 13:11:46,091 ====> Recall@25: 0.7400
2020-01-12 13:11:46,897 ====> Building Cache
2020-01-12 13:11:46,898 feature cache--->>> /home/annora/NetVLAD/output/train_feat_cache1.hdf5
2020-01-12 13:13:35,610 Allocated:118.53369140625 MB
2020-01-12 13:13:35,610 Cached:4209.75 MB
2020-01-12 13:16:44,847 ==> Epoch[11](50/534): Loss: 0.1885
2020-01-12 13:16:44,849 Allocated:121.15869140625 MB
2020-01-12 13:16:44,849 Cached:8083.75 MB
2020-01-12 13:18:55,038 ==> Epoch[11](100/534): Loss: 0.2323
2020-01-12 13:18:55,040 Allocated:121.90869140625 MB
2020-01-12 13:18:55,040 Cached:8083.75 MB
2020-01-12 13:21:10,566 ==> Epoch[11](150/534): Loss: 0.2241
2020-01-12 13:21:10,568 Allocated:121.03369140625 MB
2020-01-12 13:21:10,568 Cached:8083.75 MB
2020-01-12 13:22:23,376 ====> Building Cache
2020-01-12 13:22:23,377 feature cache--->>> /home/annora/NetVLAD/output/train_feat_cache1.hdf5
2020-01-12 13:24:17,031 Allocated:122.533203125 MB
2020-01-12 13:24:17,032 Cached:2919.5 MB
2020-01-12 13:25:47,766 ==> Epoch[11](200/534): Loss: 0.2754
2020-01-12 13:25:47,767 Allocated:121.15869140625 MB
2020-01-12 13:25:47,768 Cached:6794.5 MB
2020-01-12 13:27:59,954 ==> Epoch[11](250/534): Loss: 0.2571
2020-01-12 13:27:59,956 Allocated:121.90869140625 MB
2020-01-12 13:27:59,957 Cached:6794.5 MB
2020-01-12 13:30:16,883 ==> Epoch[11](300/534): Loss: 0.2446
2020-01-12 13:30:16,885 Allocated:121.03369140625 MB
2020-01-12 13:30:16,885 Cached:6794.5 MB
2020-01-12 13:32:22,035 ==> Epoch[11](350/534): Loss: 0.2684
2020-01-12 13:32:22,037 Allocated:121.15869140625 MB
2020-01-12 13:32:22,037 Cached:6794.5 MB
2020-01-12 13:32:36,668 ====> Building Cache
2020-01-12 13:32:36,669 feature cache--->>> /home/annora/NetVLAD/output/train_feat_cache1.hdf5
2020-01-12 13:34:22,058 Allocated:121.533203125 MB
2020-01-12 13:34:22,059 Cached:2919.5 MB
2020-01-12 13:37:10,006 ==> Epoch[11](400/534): Loss: 0.2134
2020-01-12 13:37:10,009 Allocated:121.90869140625 MB
2020-01-12 13:37:10,009 Cached:6794.5 MB
2020-01-12 13:39:21,956 ==> Epoch[11](450/534): Loss: 0.2043
2020-01-12 13:39:21,958 Allocated:121.03369140625 MB
2020-01-12 13:39:21,958 Cached:6794.5 MB
2020-01-12 13:41:28,723 ==> Epoch[11](500/534): Loss: 0.1987
2020-01-12 13:41:28,725 Allocated:121.15869140625 MB
2020-01-12 13:41:28,725 Cached:6794.5 MB
2020-01-12 13:42:52,252 ===> Epoch 11 Complete: Avg. Loss: 0.2336
2020-01-12 13:42:52,255 ====> Extracting Features
2020-01-12 13:43:34,842 ==> Batch (50/108)
2020-01-12 13:44:10,302 ==> Batch (100/108)
2020-01-12 13:44:16,163 ====> Building faiss index
2020-01-12 13:44:16,169 ====> Calculating recall @ N
2020-01-12 13:44:16,736 ====> Recall@1: 0.5620
2020-01-12 13:44:16,737 ====> Recall@2: 0.6104
2020-01-12 13:44:16,737 ====> Recall@3: 0.6357
2020-01-12 13:44:16,738 ====> Recall@4: 0.6548
2020-01-12 13:44:16,738 ====> Recall@5: 0.6675
2020-01-12 13:44:16,738 ====> Recall@10: 0.6977
2020-01-12 13:44:16,738 ====> Recall@15: 0.7188
2020-01-12 13:44:16,738 ====> Recall@20: 0.7299
2020-01-12 13:44:16,739 ====> Recall@25: 0.7397
2020-01-12 13:44:17,503 ====> Building Cache
2020-01-12 13:44:17,504 feature cache--->>> /home/annora/NetVLAD/output/train_feat_cache1.hdf5
2020-01-12 13:46:04,096 Allocated:119.28369140625 MB
2020-01-12 13:46:04,097 Cached:4209.75 MB
2020-01-12 13:48:54,264 ==> Epoch[12](50/534): Loss: 0.2391
2020-01-12 13:48:54,266 Allocated:120.53369140625 MB
2020-01-12 13:48:54,266 Cached:8083.75 MB
2020-01-12 13:51:15,177 ==> Epoch[12](100/534): Loss: 0.2109
2020-01-12 13:51:15,179 Allocated:121.53369140625 MB
2020-01-12 13:51:15,179 Cached:8083.75 MB
2020-01-12 13:53:15,474 ==> Epoch[12](150/534): Loss: 0.2073
2020-01-12 13:53:15,476 Allocated:121.65869140625 MB
2020-01-12 13:53:15,477 Cached:8083.75 MB
2020-01-12 13:54:29,326 ====> Building Cache
2020-01-12 13:54:29,327 feature cache--->>> /home/annora/NetVLAD/output/train_feat_cache1.hdf5
2020-01-12 13:56:09,753 Allocated:120.533203125 MB
2020-01-12 13:56:09,754 Cached:2919.5 MB
2020-01-12 13:57:50,666 ==> Epoch[12](200/534): Loss: 0.2375
2020-01-12 13:57:50,668 Allocated:120.53369140625 MB
2020-01-12 13:57:50,668 Cached:6794.5 MB
2020-01-12 13:59:59,969 ==> Epoch[12](250/534): Loss: 0.2653
2020-01-12 13:59:59,970 Allocated:121.53369140625 MB
2020-01-12 13:59:59,971 Cached:6794.5 MB
2020-01-12 14:02:03,041 ==> Epoch[12](300/534): Loss: 0.2505
2020-01-12 14:02:03,042 Allocated:121.65869140625 MB
2020-01-12 14:02:03,042 Cached:6794.5 MB
2020-01-12 14:04:03,874 ==> Epoch[12](350/534): Loss: 0.2643
2020-01-12 14:04:03,876 Allocated:120.53369140625 MB
2020-01-12 14:04:03,876 Cached:6794.5 MB
2020-01-12 14:04:18,466 ====> Building Cache
2020-01-12 14:04:18,467 feature cache--->>> /home/annora/NetVLAD/output/train_feat_cache1.hdf5
2020-01-12 14:06:10,261 Allocated:120.533203125 MB
2020-01-12 14:06:10,261 Cached:2919.5 MB
2020-01-12 14:08:46,470 ==> Epoch[12](400/534): Loss: 0.1993
2020-01-12 14:08:46,472 Allocated:121.53369140625 MB
2020-01-12 14:08:46,472 Cached:6793.5 MB
2020-01-12 14:10:59,957 ==> Epoch[12](450/534): Loss: 0.1809
2020-01-12 14:10:59,959 Allocated:121.65869140625 MB
2020-01-12 14:10:59,960 Cached:6794.5 MB
2020-01-12 14:13:18,744 ==> Epoch[12](500/534): Loss: 0.2099
2020-01-12 14:13:18,745 Allocated:120.53369140625 MB
2020-01-12 14:13:18,745 Cached:6794.5 MB
2020-01-12 14:14:40,547 ===> Epoch 12 Complete: Avg. Loss: 0.2294
2020-01-12 14:14:40,548 ====> Extracting Features
2020-01-12 14:15:20,439 ==> Batch (50/108)
2020-01-12 14:15:49,718 ==> Batch (100/108)
2020-01-12 14:15:53,653 ====> Building faiss index
2020-01-12 14:15:53,657 ====> Calculating recall @ N
2020-01-12 14:15:54,339 ====> Recall@1: 0.5612
2020-01-12 14:15:54,340 ====> Recall@2: 0.6081
2020-01-12 14:15:54,340 ====> Recall@3: 0.6316
2020-01-12 14:15:54,341 ====> Recall@4: 0.6493
2020-01-12 14:15:54,341 ====> Recall@5: 0.6594
2020-01-12 14:15:54,341 ====> Recall@10: 0.6942
2020-01-12 14:15:54,341 ====> Recall@15: 0.7122
2020-01-12 14:15:54,342 ====> Recall@20: 0.7252
2020-01-12 14:15:54,342 ====> Recall@25: 0.7365
2020-01-12 14:15:54,742 ====> Building Cache
2020-01-12 14:15:54,742 feature cache--->>> /home/annora/NetVLAD/output/train_feat_cache1.hdf5
2020-01-12 14:17:46,070 Allocated:119.90869140625 MB
2020-01-12 14:17:46,071 Cached:4209.75 MB
2020-01-12 14:20:58,597 ==> Epoch[13](50/534): Loss: 0.2125
2020-01-12 14:20:58,599 Allocated:121.53369140625 MB
2020-01-12 14:20:58,599 Cached:8083.75 MB
2020-01-12 14:23:01,850 ==> Epoch[13](100/534): Loss: 0.2167
2020-01-12 14:23:01,851 Allocated:121.28369140625 MB
2020-01-12 14:23:01,852 Cached:8083.75 MB
2020-01-12 14:25:05,559 ==> Epoch[13](150/534): Loss: 0.2373
2020-01-12 14:25:05,561 Allocated:120.53369140625 MB
2020-01-12 14:25:05,561 Cached:8083.75 MB
2020-01-12 14:26:12,958 ====> Building Cache
2020-01-12 14:26:12,960 feature cache--->>> /home/annora/NetVLAD/output/train_feat_cache1.hdf5
2020-01-12 14:28:16,686 Allocated:120.533203125 MB
2020-01-12 14:28:16,687 Cached:2919.5 MB
2020-01-12 14:29:54,452 ==> Epoch[13](200/534): Loss: 0.2618
2020-01-12 14:29:54,454 Allocated:121.53369140625 MB
2020-01-12 14:29:54,454 Cached:6794.5 MB
2020-01-12 14:31:56,693 ==> Epoch[13](250/534): Loss: 0.2609
2020-01-12 14:31:56,695 Allocated:121.28369140625 MB
2020-01-12 14:31:56,696 Cached:6794.5 MB
2020-01-12 14:34:04,192 ==> Epoch[13](300/534): Loss: 0.2720
2020-01-12 14:34:04,194 Allocated:120.53369140625 MB
2020-01-12 14:34:04,194 Cached:6794.5 MB
2020-01-12 14:36:08,521 ==> Epoch[13](350/534): Loss: 0.2736
2020-01-12 14:36:08,523 Allocated:121.53369140625 MB
2020-01-12 14:36:08,524 Cached:6794.5 MB
2020-01-12 14:36:23,464 ====> Building Cache
2020-01-12 14:36:23,465 feature cache--->>> /home/annora/NetVLAD/output/train_feat_cache1.hdf5
2020-01-12 14:37:53,160 Allocated:121.908203125 MB
2020-01-12 14:37:53,160 Cached:2919.5 MB
2020-01-12 14:40:13,844 ==> Epoch[13](400/534): Loss: 0.1821
2020-01-12 14:40:13,846 Allocated:121.28369140625 MB
2020-01-12 14:40:13,846 Cached:9334.75 MB
2020-01-12 14:42:09,319 ==> Epoch[13](450/534): Loss: 0.2080
2020-01-12 14:42:09,320 Allocated:120.53369140625 MB
2020-01-12 14:42:09,320 Cached:9334.75 MB
2020-01-12 14:44:01,261 ==> Epoch[13](500/534): Loss: 0.2119
2020-01-12 14:44:01,262 Allocated:121.53369140625 MB
2020-01-12 14:44:01,262 Cached:9334.75 MB
2020-01-12 14:45:25,510 ===> Epoch 13 Complete: Avg. Loss: 0.2243
2020-01-12 14:45:25,513 ====> Extracting Features
2020-01-12 14:46:16,640 ==> Batch (50/108)
2020-01-12 14:46:41,548 ==> Batch (100/108)
2020-01-12 14:46:45,523 ====> Building faiss index
2020-01-12 14:46:45,526 ====> Calculating recall @ N
2020-01-12 14:46:46,040 ====> Recall@1: 0.5580
2020-01-12 14:46:46,041 ====> Recall@2: 0.6038
2020-01-12 14:46:46,041 ====> Recall@3: 0.6278
2020-01-12 14:46:46,041 ====> Recall@4: 0.6449
2020-01-12 14:46:46,042 ====> Recall@5: 0.6551
2020-01-12 14:46:46,042 ====> Recall@10: 0.6907
2020-01-12 14:46:46,042 ====> Recall@15: 0.7107
2020-01-12 14:46:46,042 ====> Recall@20: 0.7232
2020-01-12 14:46:46,043 ====> Recall@25: 0.7354
2020-01-12 14:46:46,452 ====> Building Cache
2020-01-12 14:46:46,452 feature cache--->>> /home/annora/NetVLAD/output/train_feat_cache1.hdf5
2020-01-12 14:48:18,421 Allocated:118.53369140625 MB
2020-01-12 14:48:18,422 Cached:4209.75 MB
2020-01-12 14:51:01,970 ==> Epoch[14](50/534): Loss: 0.2153
2020-01-12 14:51:01,972 Allocated:121.90869140625 MB
2020-01-12 14:51:01,972 Cached:8083.75 MB
2020-01-12 14:52:58,118 ==> Epoch[14](100/534): Loss: 0.2218
2020-01-12 14:52:58,120 Allocated:121.03369140625 MB
2020-01-12 14:52:58,120 Cached:8083.75 MB
2020-01-12 14:54:48,008 ==> Epoch[14](150/534): Loss: 0.2062
2020-01-12 14:54:48,009 Allocated:121.15869140625 MB
2020-01-12 14:54:48,009 Cached:8083.75 MB
2020-01-12 14:55:46,348 ====> Building Cache
2020-01-12 14:55:46,349 feature cache--->>> /home/annora/NetVLAD/output/train_feat_cache1.hdf5
2020-01-12 14:57:17,040 Allocated:121.033203125 MB
2020-01-12 14:57:17,041 Cached:2919.5 MB
2020-01-12 14:58:46,903 ==> Epoch[14](200/534): Loss: 0.2487
2020-01-12 14:58:46,905 Allocated:121.90869140625 MB
2020-01-12 14:58:46,905 Cached:6794.5 MB
2020-01-12 15:00:39,951 ==> Epoch[14](250/534): Loss: 0.2445
2020-01-12 15:00:39,953 Allocated:121.03369140625 MB
2020-01-12 15:00:39,953 Cached:6794.5 MB
2020-01-12 15:02:31,463 ==> Epoch[14](300/534): Loss: 0.2500
2020-01-12 15:02:31,465 Allocated:121.15869140625 MB
2020-01-12 15:02:31,465 Cached:6794.5 MB
2020-01-12 15:04:31,734 ==> Epoch[14](350/534): Loss: 0.2522
2020-01-12 15:04:31,736 Allocated:121.90869140625 MB
2020-01-12 15:04:31,736 Cached:6794.5 MB
2020-01-12 15:04:46,365 ====> Building Cache
2020-01-12 15:04:46,368 feature cache--->>> /home/annora/NetVLAD/output/train_feat_cache1.hdf5
2020-01-12 15:06:25,624 Allocated:121.658203125 MB
2020-01-12 15:06:25,625 Cached:2919.5 MB
2020-01-12 15:09:17,752 ==> Epoch[14](400/534): Loss: 0.1832
2020-01-12 15:09:17,754 Allocated:121.03369140625 MB
2020-01-12 15:09:17,754 Cached:6794.5 MB
2020-01-12 15:11:43,654 ==> Epoch[14](450/534): Loss: 0.1914
2020-01-12 15:11:43,656 Allocated:121.28369140625 MB
2020-01-12 15:11:43,656 Cached:6794.5 MB
2020-01-12 15:13:52,940 ==> Epoch[14](500/534): Loss: 0.1777
2020-01-12 15:13:52,942 Allocated:120.53369140625 MB
2020-01-12 15:13:52,943 Cached:6794.5 MB
2020-01-12 15:15:13,210 ===> Epoch 14 Complete: Avg. Loss: 0.2179
2020-01-12 15:15:13,212 ====> Extracting Features
2020-01-12 15:15:59,830 ==> Batch (50/108)
2020-01-12 15:16:25,026 ==> Batch (100/108)
2020-01-12 15:16:29,134 ====> Building faiss index
2020-01-12 15:16:29,139 ====> Calculating recall @ N
2020-01-12 15:16:29,777 ====> Recall@1: 0.5542
2020-01-12 15:16:29,778 ====> Recall@2: 0.5971
2020-01-12 15:16:29,778 ====> Recall@3: 0.6214
2020-01-12 15:16:29,779 ====> Recall@4: 0.6403
2020-01-12 15:16:29,779 ====> Recall@5: 0.6519
2020-01-12 15:16:29,780 ====> Recall@10: 0.6858
2020-01-12 15:16:29,780 ====> Recall@15: 0.7055
2020-01-12 15:16:29,780 ====> Recall@20: 0.7206
2020-01-12 15:16:29,781 ====> Recall@25: 0.7322
2020-01-12 15:16:30,212 ====> Building Cache
2020-01-12 15:16:30,212 feature cache--->>> /home/annora/NetVLAD/output/train_feat_cache1.hdf5
2020-01-12 15:18:36,105 Allocated:118.53369140625 MB
2020-01-12 15:18:36,106 Cached:4209.75 MB
2020-01-12 15:21:30,307 ==> Epoch[15](50/534): Loss: 0.2026
2020-01-12 15:21:30,309 Allocated:120.53369140625 MB
2020-01-12 15:21:30,309 Cached:8083.75 MB
2020-01-12 15:23:40,828 ==> Epoch[15](100/534): Loss: 0.2234
2020-01-12 15:23:40,830 Allocated:121.53369140625 MB
2020-01-12 15:23:40,830 Cached:8084.75 MB
2020-01-12 15:26:02,481 ==> Epoch[15](150/534): Loss: 0.2148
2020-01-12 15:26:02,483 Allocated:121.65869140625 MB
2020-01-12 15:26:02,483 Cached:8084.75 MB
2020-01-12 15:27:09,531 ====> Building Cache
2020-01-12 15:27:09,531 feature cache--->>> /home/annora/NetVLAD/output/train_feat_cache1.hdf5
2020-01-12 15:28:57,194 Allocated:120.533203125 MB
2020-01-12 15:28:57,195 Cached:2919.5 MB
2020-01-12 15:30:36,007 ==> Epoch[15](200/534): Loss: 0.2377
2020-01-12 15:30:36,009 Allocated:120.53369140625 MB
2020-01-12 15:30:36,009 Cached:6793.5 MB
2020-01-12 15:33:08,935 ==> Epoch[15](250/534): Loss: 0.2593
2020-01-12 15:33:08,937 Allocated:121.53369140625 MB
2020-01-12 15:33:08,937 Cached:6793.5 MB
2020-01-12 15:35:28,025 ==> Epoch[15](300/534): Loss: 0.2683
2020-01-12 15:35:28,027 Allocated:121.65869140625 MB
2020-01-12 15:35:28,027 Cached:6793.5 MB
2020-01-12 15:37:35,277 ==> Epoch[15](350/534): Loss: 0.2369
2020-01-12 15:37:35,278 Allocated:120.53369140625 MB
2020-01-12 15:37:35,278 Cached:6794.5 MB
2020-01-12 15:37:49,805 ====> Building Cache
2020-01-12 15:37:49,806 feature cache--->>> /home/annora/NetVLAD/output/train_feat_cache1.hdf5
2020-01-12 15:39:37,526 Allocated:120.533203125 MB
2020-01-12 15:39:37,527 Cached:2919.5 MB
2020-01-12 15:42:32,299 ==> Epoch[15](400/534): Loss: 0.1785
2020-01-12 15:42:32,300 Allocated:121.53369140625 MB
2020-01-12 15:42:32,300 Cached:8053.75 MB
2020-01-12 15:44:44,109 ==> Epoch[15](450/534): Loss: 0.1827
2020-01-12 15:44:44,111 Allocated:121.53369140625 MB
2020-01-12 15:44:44,111 Cached:8053.75 MB
2020-01-12 15:46:53,299 ==> Epoch[15](500/534): Loss: 0.2255
2020-01-12 15:46:53,303 Allocated:121.65869140625 MB
2020-01-12 15:46:53,303 Cached:8053.75 MB
2020-01-12 15:48:14,106 ===> Epoch 15 Complete: Avg. Loss: 0.2113
2020-01-12 15:48:14,108 ====> Extracting Features
2020-01-12 15:48:54,229 ==> Batch (50/108)
2020-01-12 15:49:20,968 ==> Batch (100/108)
2020-01-12 15:49:24,892 ====> Building faiss index
2020-01-12 15:49:24,895 ====> Calculating recall @ N
2020-01-12 15:49:25,425 ====> Recall@1: 0.5519
2020-01-12 15:49:25,426 ====> Recall@2: 0.5913
2020-01-12 15:49:25,426 ====> Recall@3: 0.6191
2020-01-12 15:49:25,427 ====> Recall@4: 0.6380
2020-01-12 15:49:25,427 ====> Recall@5: 0.6504
2020-01-12 15:49:25,427 ====> Recall@10: 0.6838
2020-01-12 15:49:25,428 ====> Recall@15: 0.7023
2020-01-12 15:49:25,428 ====> Recall@20: 0.7194
2020-01-12 15:49:25,428 ====> Recall@25: 0.7322
2020-01-12 15:49:25,829 ====> Building Cache
2020-01-12 15:49:25,830 feature cache--->>> /home/annora/NetVLAD/output/train_feat_cache1.hdf5
2020-01-12 15:51:20,820 Allocated:118.53369140625 MB
2020-01-12 15:51:20,820 Cached:4209.75 MB
2020-01-12 15:54:11,501 ==> Epoch[16](50/534): Loss: 0.1704
2020-01-12 15:54:11,503 Allocated:121.15869140625 MB
2020-01-12 15:54:11,503 Cached:8083.75 MB
2020-01-12 15:56:33,729 ==> Epoch[16](100/534): Loss: 0.2166
2020-01-12 15:56:33,732 Allocated:121.90869140625 MB
2020-01-12 15:56:33,733 Cached:8084.75 MB
2020-01-12 15:58:48,988 ==> Epoch[16](150/534): Loss: 0.1869
2020-01-12 15:58:48,990 Allocated:121.03369140625 MB
2020-01-12 15:58:48,990 Cached:8084.75 MB
2020-01-12 16:00:04,739 ====> Building Cache
2020-01-12 16:00:04,740 feature cache--->>> /home/annora/NetVLAD/output/train_feat_cache1.hdf5
2020-01-12 16:01:51,679 Allocated:122.533203125 MB
2020-01-12 16:01:51,679 Cached:2919.5 MB
2020-01-12 16:03:39,192 ==> Epoch[16](200/534): Loss: 0.2503
2020-01-12 16:03:39,195 Allocated:121.15869140625 MB
2020-01-12 16:03:39,195 Cached:6793.5 MB
2020-01-12 16:05:57,142 ==> Epoch[16](250/534): Loss: 0.2511
2020-01-12 16:05:57,144 Allocated:121.90869140625 MB
2020-01-12 16:05:57,144 Cached:6793.5 MB
2020-01-12 16:07:55,234 ==> Epoch[16](300/534): Loss: 0.2301
2020-01-12 16:07:55,236 Allocated:121.03369140625 MB
2020-01-12 16:07:55,237 Cached:6793.5 MB
2020-01-12 16:09:54,031 ==> Epoch[16](350/534): Loss: 0.2391
2020-01-12 16:09:54,033 Allocated:121.15869140625 MB
2020-01-12 16:09:54,034 Cached:6793.5 MB
2020-01-12 16:10:08,550 ====> Building Cache
2020-01-12 16:10:08,551 feature cache--->>> /home/annora/NetVLAD/output/train_feat_cache1.hdf5
2020-01-12 16:11:58,706 Allocated:121.533203125 MB
2020-01-12 16:11:58,707 Cached:2919.5 MB
2020-01-12 16:14:47,504 ==> Epoch[16](400/534): Loss: 0.1725
2020-01-12 16:14:47,506 Allocated:121.90869140625 MB
2020-01-12 16:14:47,506 Cached:9333.75 MB
2020-01-12 16:17:05,521 ==> Epoch[16](450/534): Loss: 0.1820
2020-01-12 16:17:05,523 Allocated:120.53369140625 MB
2020-01-12 16:17:05,523 Cached:9334.75 MB
2020-01-12 16:19:21,136 ==> Epoch[16](500/534): Loss: 0.1818
2020-01-12 16:19:21,138 Allocated:120.53369140625 MB
2020-01-12 16:19:21,138 Cached:9334.75 MB
2020-01-12 16:20:44,267 ===> Epoch 16 Complete: Avg. Loss: 0.2058
2020-01-12 16:20:44,269 ====> Extracting Features
2020-01-12 16:21:32,927 ==> Batch (50/108)
2020-01-12 16:22:04,124 ==> Batch (100/108)
2020-01-12 16:22:07,917 ====> Building faiss index
2020-01-12 16:22:07,921 ====> Calculating recall @ N
2020-01-12 16:22:08,394 ====> Recall@1: 0.5530
2020-01-12 16:22:08,395 ====> Recall@2: 0.5916
2020-01-12 16:22:08,395 ====> Recall@3: 0.6159
2020-01-12 16:22:08,396 ====> Recall@4: 0.6330
2020-01-12 16:22:08,396 ====> Recall@5: 0.6449
2020-01-12 16:22:08,396 ====> Recall@10: 0.6803
2020-01-12 16:22:08,396 ====> Recall@15: 0.7017
2020-01-12 16:22:08,396 ====> Recall@20: 0.7183
2020-01-12 16:22:08,397 ====> Recall@25: 0.7278
2020-01-12 16:22:08,787 ====> Building Cache
2020-01-12 16:22:08,787 feature cache--->>> /home/annora/NetVLAD/output/train_feat_cache1.hdf5
2020-01-12 16:23:56,704 Allocated:119.53369140625 MB
2020-01-12 16:23:56,704 Cached:4209.75 MB
2020-01-12 16:27:10,060 ==> Epoch[17](50/534): Loss: 0.1940
2020-01-12 16:27:10,062 Allocated:121.03369140625 MB
2020-01-12 16:27:10,063 Cached:8084.75 MB
2020-01-12 16:29:19,518 ==> Epoch[17](100/534): Loss: 0.1773
2020-01-12 16:29:19,520 Allocated:121.15869140625 MB
2020-01-12 16:29:19,520 Cached:8084.75 MB
2020-01-12 16:31:14,650 ==> Epoch[17](150/534): Loss: 0.1596
2020-01-12 16:31:14,651 Allocated:121.90869140625 MB
2020-01-12 16:31:14,651 Cached:8084.75 MB
2020-01-12 16:32:32,333 ====> Building Cache
2020-01-12 16:32:32,334 feature cache--->>> /home/annora/NetVLAD/output/train_feat_cache1.hdf5
2020-01-12 16:34:26,696 Allocated:120.533203125 MB
2020-01-12 16:34:26,697 Cached:2919.5 MB
2020-01-12 16:36:10,058 ==> Epoch[17](200/534): Loss: 0.2621
2020-01-12 16:36:10,060 Allocated:121.03369140625 MB
2020-01-12 16:36:10,060 Cached:6794.5 MB
2020-01-12 16:38:22,561 ==> Epoch[17](250/534): Loss: 0.2948
2020-01-12 16:38:22,563 Allocated:121.15869140625 MB
2020-01-12 16:38:22,563 Cached:6794.5 MB
2020-01-12 16:40:29,911 ==> Epoch[17](300/534): Loss: 0.2502
2020-01-12 16:40:29,913 Allocated:121.90869140625 MB
2020-01-12 16:40:29,913 Cached:6794.5 MB
2020-01-12 16:42:34,252 ==> Epoch[17](350/534): Loss: 0.2608
2020-01-12 16:42:34,253 Allocated:121.03369140625 MB
2020-01-12 16:42:34,255 Cached:6794.5 MB
2020-01-12 16:42:49,454 ====> Building Cache
2020-01-12 16:42:49,456 feature cache--->>> /home/annora/NetVLAD/output/train_feat_cache1.hdf5
2020-01-12 16:44:35,502 Allocated:120.533203125 MB
2020-01-12 16:44:35,502 Cached:2919.5 MB
2020-01-12 16:47:13,599 ==> Epoch[17](400/534): Loss: 0.1738
2020-01-12 16:47:13,601 Allocated:120.53369140625 MB
2020-01-12 16:47:13,601 Cached:9277.0 MB
2020-01-12 16:49:29,513 ==> Epoch[17](450/534): Loss: 0.1413
2020-01-12 16:49:29,515 Allocated:122.53369140625 MB
2020-01-12 16:49:29,515 Cached:9278.0 MB
2020-01-12 16:51:31,541 ==> Epoch[17](500/534): Loss: 0.1441
2020-01-12 16:51:31,542 Allocated:122.03369140625 MB
2020-01-12 16:51:31,543 Cached:9278.0 MB
2020-01-12 16:52:54,328 ===> Epoch 17 Complete: Avg. Loss: 0.1991
2020-01-12 16:52:54,331 ====> Extracting Features
2020-01-12 16:53:47,409 ==> Batch (50/108)
2020-01-12 16:54:20,644 ==> Batch (100/108)
2020-01-12 16:54:24,792 ====> Building faiss index
2020-01-12 16:54:24,797 ====> Calculating recall @ N
2020-01-12 16:54:25,319 ====> Recall@1: 0.5504
2020-01-12 16:54:25,320 ====> Recall@2: 0.5913
2020-01-12 16:54:25,321 ====> Recall@3: 0.6136
2020-01-12 16:54:25,321 ====> Recall@4: 0.6307
2020-01-12 16:54:25,321 ====> Recall@5: 0.6432
2020-01-12 16:54:25,321 ====> Recall@10: 0.6774
2020-01-12 16:54:25,321 ====> Recall@15: 0.6968
2020-01-12 16:54:25,322 ====> Recall@20: 0.7159
2020-01-12 16:54:25,322 ====> Recall@25: 0.7278
2020-01-12 16:54:25,745 ====> Building Cache
2020-01-12 16:54:25,745 feature cache--->>> /home/annora/NetVLAD/output/train_feat_cache1.hdf5
2020-01-12 16:56:23,478 Allocated:119.53369140625 MB
2020-01-12 16:56:23,479 Cached:4209.75 MB
2020-01-12 16:59:21,863 ==> Epoch[18](50/534): Loss: 0.1383
2020-01-12 16:59:21,865 Allocated:121.65869140625 MB
2020-01-12 16:59:21,865 Cached:8084.75 MB
2020-01-12 17:01:22,190 ==> Epoch[18](100/534): Loss: 0.2070
2020-01-12 17:01:22,192 Allocated:120.53369140625 MB
2020-01-12 17:01:22,192 Cached:8084.75 MB
2020-01-12 17:03:32,500 ==> Epoch[18](150/534): Loss: 0.1648
2020-01-12 17:03:32,502 Allocated:121.53369140625 MB
2020-01-12 17:03:32,503 Cached:8084.75 MB
2020-01-12 17:04:52,630 ====> Building Cache
2020-01-12 17:04:52,632 feature cache--->>> /home/annora/NetVLAD/output/train_feat_cache1.hdf5
2020-01-12 17:06:42,656 Allocated:121.283203125 MB
2020-01-12 17:06:42,656 Cached:2919.5 MB
2020-01-12 17:08:30,792 ==> Epoch[18](200/534): Loss: 0.2271
2020-01-12 17:08:30,795 Allocated:121.65869140625 MB
2020-01-12 17:08:30,795 Cached:6794.5 MB
2020-01-12 17:10:48,015 ==> Epoch[18](250/534): Loss: 0.1880
2020-01-12 17:10:48,016 Allocated:120.53369140625 MB
2020-01-12 17:10:48,017 Cached:6794.5 MB
2020-01-12 17:12:57,895 ==> Epoch[18](300/534): Loss: 0.2346
2020-01-12 17:12:57,896 Allocated:121.53369140625 MB
2020-01-12 17:12:57,897 Cached:6794.5 MB
2020-01-12 17:14:57,298 ==> Epoch[18](350/534): Loss: 0.1955
2020-01-12 17:14:57,300 Allocated:121.65869140625 MB
2020-01-12 17:14:57,300 Cached:6794.5 MB
2020-01-12 17:15:14,266 ====> Building Cache
2020-01-12 17:15:14,267 feature cache--->>> /home/annora/NetVLAD/output/train_feat_cache1.hdf5
2020-01-12 17:17:09,818 Allocated:122.033203125 MB
2020-01-12 17:17:09,818 Cached:2919.5 MB
2020-01-12 17:19:56,432 ==> Epoch[18](400/534): Loss: 0.2005
2020-01-12 17:19:56,434 Allocated:120.53369140625 MB
2020-01-12 17:19:56,434 Cached:8015.5 MB
2020-01-12 17:22:05,328 ==> Epoch[18](450/534): Loss: 0.1520
2020-01-12 17:22:05,330 Allocated:121.53369140625 MB
2020-01-12 17:22:05,330 Cached:8015.5 MB
2020-01-12 17:24:12,789 ==> Epoch[18](500/534): Loss: 0.1594
2020-01-12 17:24:12,791 Allocated:121.90869140625 MB
2020-01-12 17:24:12,791 Cached:8015.5 MB
2020-01-12 17:25:39,063 ===> Epoch 18 Complete: Avg. Loss: 0.1910
2020-01-12 17:25:39,064 ====> Extracting Features
2020-01-12 17:26:24,523 ==> Batch (50/108)
2020-01-12 17:26:54,084 ==> Batch (100/108)
2020-01-12 17:26:58,151 ====> Building faiss index
2020-01-12 17:26:58,154 ====> Calculating recall @ N
2020-01-12 17:26:58,653 ====> Recall@1: 0.5490
2020-01-12 17:26:58,653 ====> Recall@2: 0.5875
2020-01-12 17:26:58,654 ====> Recall@3: 0.6119
2020-01-12 17:26:58,654 ====> Recall@4: 0.6275
2020-01-12 17:26:58,654 ====> Recall@5: 0.6377
2020-01-12 17:26:58,654 ====> Recall@10: 0.6751
2020-01-12 17:26:58,655 ====> Recall@15: 0.6959
2020-01-12 17:26:58,655 ====> Recall@20: 0.7122
2020-01-12 17:26:58,655 ====> Recall@25: 0.7267
2020-01-12 17:26:59,110 ====> Building Cache
2020-01-12 17:26:59,111 feature cache--->>> /home/annora/NetVLAD/output/train_feat_cache1.hdf5
2020-01-12 17:28:48,324 Allocated:118.53369140625 MB
2020-01-12 17:28:48,325 Cached:4209.75 MB
2020-01-12 17:31:51,646 ==> Epoch[19](50/534): Loss: 0.1808
2020-01-12 17:31:51,647 Allocated:121.03369140625 MB
2020-01-12 17:31:51,648 Cached:9324.875 MB
2020-01-12 17:33:52,315 ==> Epoch[19](100/534): Loss: 0.1658
2020-01-12 17:33:52,317 Allocated:121.15869140625 MB
2020-01-12 17:33:52,317 Cached:9324.875 MB
2020-01-12 17:35:49,692 ==> Epoch[19](150/534): Loss: 0.2061
2020-01-12 17:35:49,695 Allocated:120.53369140625 MB
2020-01-12 17:35:49,696 Cached:9324.875 MB
2020-01-12 17:36:57,098 ====> Building Cache
2020-01-12 17:36:57,099 feature cache--->>> /home/annora/NetVLAD/output/train_feat_cache1.hdf5
2020-01-12 17:38:43,706 Allocated:120.533203125 MB
2020-01-12 17:38:43,707 Cached:2919.5 MB
2020-01-12 17:40:21,788 ==> Epoch[19](200/534): Loss: 0.2695
2020-01-12 17:40:21,790 Allocated:121.53369140625 MB
2020-01-12 17:40:21,791 Cached:6793.5 MB
2020-01-12 17:42:25,271 ==> Epoch[19](250/534): Loss: 0.2369
2020-01-12 17:42:25,273 Allocated:121.28369140625 MB
2020-01-12 17:42:25,273 Cached:6794.5 MB
2020-01-12 17:44:37,689 ==> Epoch[19](300/534): Loss: 0.2176
2020-01-12 17:44:37,692 Allocated:120.53369140625 MB
2020-01-12 17:44:37,692 Cached:6794.5 MB
2020-01-12 17:46:37,889 ==> Epoch[19](350/534): Loss: 0.2257
2020-01-12 17:46:37,891 Allocated:121.53369140625 MB
2020-01-12 17:46:37,891 Cached:6794.5 MB
2020-01-12 17:46:52,928 ====> Building Cache
2020-01-12 17:46:52,930 feature cache--->>> /home/annora/NetVLAD/output/train_feat_cache1.hdf5
2020-01-12 17:48:31,494 Allocated:121.908203125 MB
2020-01-12 17:48:31,494 Cached:2919.5 MB
2020-01-12 17:51:19,973 ==> Epoch[19](400/534): Loss: 0.1210
2020-01-12 17:51:19,975 Allocated:121.28369140625 MB
2020-01-12 17:51:19,975 Cached:7967.75 MB
2020-01-12 17:53:36,958 ==> Epoch[19](450/534): Loss: 0.1514
2020-01-12 17:53:36,959 Allocated:121.28369140625 MB
2020-01-12 17:53:36,960 Cached:7967.75 MB
2020-01-12 17:55:33,403 ==> Epoch[19](500/534): Loss: 0.1618
2020-01-12 17:55:33,404 Allocated:121.65869140625 MB
2020-01-12 17:55:33,405 Cached:7967.75 MB
2020-01-12 17:56:55,399 ===> Epoch 19 Complete: Avg. Loss: 0.1818
2020-01-12 17:56:55,401 ====> Extracting Features
2020-01-12 17:57:45,076 ==> Batch (50/108)
2020-01-12 17:58:15,121 ==> Batch (100/108)
2020-01-12 17:58:20,059 ====> Building faiss index
2020-01-12 17:58:20,063 ====> Calculating recall @ N
2020-01-12 17:58:20,624 ====> Recall@1: 0.5394
2020-01-12 17:58:20,625 ====> Recall@2: 0.5826
2020-01-12 17:58:20,634 ====> Recall@3: 0.6075
2020-01-12 17:58:20,634 ====> Recall@4: 0.6264
2020-01-12 17:58:20,635 ====> Recall@5: 0.6359
2020-01-12 17:58:20,635 ====> Recall@10: 0.6736
2020-01-12 17:58:20,635 ====> Recall@15: 0.6997
2020-01-12 17:58:20,641 ====> Recall@20: 0.7151
2020-01-12 17:58:20,641 ====> Recall@25: 0.7264
2020-01-12 17:58:21,063 ====> Building Cache
2020-01-12 17:58:21,063 feature cache--->>> /home/annora/NetVLAD/output/train_feat_cache1.hdf5
2020-01-12 18:00:18,394 Allocated:120.03369140625 MB
2020-01-12 18:00:18,395 Cached:4193.625 MB
2020-01-12 18:03:13,389 ==> Epoch[20](50/534): Loss: 0.1261
2020-01-12 18:03:13,391 Allocated:121.65869140625 MB
2020-01-12 18:03:13,391 Cached:2600.25 MB
2020-01-12 18:05:14,232 ==> Epoch[20](100/534): Loss: 0.1508
2020-01-12 18:05:14,234 Allocated:120.53369140625 MB
2020-01-12 18:05:14,234 Cached:2600.25 MB
2020-01-12 18:07:22,940 ==> Epoch[20](150/534): Loss: 0.1473
2020-01-12 18:07:22,941 Allocated:121.53369140625 MB
2020-01-12 18:07:22,941 Cached:2600.25 MB
2020-01-12 18:08:34,630 ====> Building Cache
2020-01-12 18:08:34,632 feature cache--->>> /home/annora/NetVLAD/output/train_feat_cache1.hdf5
2020-01-12 18:10:18,786 Allocated:121.283203125 MB
2020-01-12 18:10:18,787 Cached:2919.5 MB
2020-01-12 18:12:15,309 ==> Epoch[20](200/534): Loss: 0.1634
2020-01-12 18:12:15,310 Allocated:121.65869140625 MB
2020-01-12 18:12:15,310 Cached:6794.5 MB
2020-01-12 18:14:35,998 ==> Epoch[20](250/534): Loss: 0.2380
2020-01-12 18:14:36,000 Allocated:120.53369140625 MB
2020-01-12 18:14:36,000 Cached:6794.5 MB
2020-01-12 18:16:36,322 ==> Epoch[20](300/534): Loss: 0.2255
2020-01-12 18:16:36,324 Allocated:121.53369140625 MB
2020-01-12 18:16:36,324 Cached:6794.5 MB
2020-01-12 18:18:32,782 ==> Epoch[20](350/534): Loss: 0.2274
2020-01-12 18:18:32,785 Allocated:121.65869140625 MB
2020-01-12 18:18:32,785 Cached:6794.5 MB
2020-01-12 18:18:47,373 ====> Building Cache
2020-01-12 18:18:47,374 feature cache--->>> /home/annora/NetVLAD/output/train_feat_cache1.hdf5
2020-01-12 18:20:50,112 Allocated:122.033203125 MB
2020-01-12 18:20:50,112 Cached:2919.5 MB
2020-01-12 18:23:26,865 ==> Epoch[20](400/534): Loss: 0.1368
2020-01-12 18:23:26,868 Allocated:121.53369140625 MB
2020-01-12 18:23:26,868 Cached:8044.25 MB
2020-01-12 18:25:28,237 ==> Epoch[20](450/534): Loss: 0.1631
2020-01-12 18:25:28,240 Allocated:122.65869140625 MB
2020-01-12 18:25:28,240 Cached:8044.25 MB
2020-01-12 18:27:38,594 ==> Epoch[20](500/534): Loss: 0.1655
2020-01-12 18:27:38,595 Allocated:120.53369140625 MB
2020-01-12 18:27:38,596 Cached:8044.25 MB
2020-01-12 18:29:07,280 ===> Epoch 20 Complete: Avg. Loss: 0.1753
2020-01-12 18:29:07,282 ====> Extracting Features
2020-01-12 18:29:52,900 ==> Batch (50/108)
2020-01-12 18:30:23,697 ==> Batch (100/108)
2020-01-12 18:30:27,062 ====> Building faiss index
2020-01-12 18:30:27,065 ====> Calculating recall @ N
2020-01-12 18:30:27,615 ====> Recall@1: 0.5386
2020-01-12 18:30:27,616 ====> Recall@2: 0.5797
2020-01-12 18:30:27,617 ====> Recall@3: 0.6081
2020-01-12 18:30:27,617 ====> Recall@4: 0.6255
2020-01-12 18:30:27,617 ====> Recall@5: 0.6348
2020-01-12 18:30:27,617 ====> Recall@10: 0.6762
2020-01-12 18:30:27,618 ====> Recall@15: 0.7003
2020-01-12 18:30:27,618 ====> Recall@20: 0.7183
2020-01-12 18:30:27,618 ====> Recall@25: 0.7281
2020-01-12 18:30:28,022 ====> Building Cache
2020-01-12 18:30:28,023 feature cache--->>> /home/annora/NetVLAD/output/train_feat_cache1.hdf5
2020-01-12 18:32:12,670 Allocated:118.53369140625 MB
2020-01-12 18:32:12,671 Cached:4193.625 MB
2020-01-12 18:35:24,331 ==> Epoch[21](50/534): Loss: 0.1313
2020-01-12 18:35:24,334 Allocated:121.53369140625 MB
2020-01-12 18:35:24,334 Cached:9327.875 MB
2020-01-12 18:37:19,667 ==> Epoch[21](100/534): Loss: 0.1815
2020-01-12 18:37:19,669 Allocated:121.65869140625 MB
2020-01-12 18:37:19,669 Cached:9327.875 MB
2020-01-12 18:39:23,470 ==> Epoch[21](150/534): Loss: 0.1240
2020-01-12 18:39:23,472 Allocated:122.53369140625 MB
2020-01-12 18:39:23,472 Cached:9327.875 MB
2020-01-12 18:40:39,776 ====> Building Cache
2020-01-12 18:40:39,778 feature cache--->>> /home/annora/NetVLAD/output/train_feat_cache1.hdf5
2020-01-12 18:42:28,326 Allocated:122.033203125 MB
2020-01-12 18:42:28,327 Cached:2919.5 MB
2020-01-12 18:44:10,098 ==> Epoch[21](200/534): Loss: 0.2195
2020-01-12 18:44:10,101 Allocated:121.03369140625 MB
2020-01-12 18:44:10,101 Cached:9309.875 MB
2020-01-12 18:46:15,462 ==> Epoch[21](250/534): Loss: 0.1639
2020-01-12 18:46:15,468 Allocated:120.53369140625 MB
2020-01-12 18:46:15,469 Cached:9309.875 MB
2020-01-12 18:48:28,261 ==> Epoch[21](300/534): Loss: 0.2127
2020-01-12 18:48:28,263 Allocated:122.53369140625 MB
2020-01-12 18:48:28,264 Cached:9309.875 MB
2020-01-12 18:50:28,335 ==> Epoch[21](350/534): Loss: 0.2308
2020-01-12 18:50:28,336 Allocated:121.03369140625 MB
2020-01-12 18:50:28,337 Cached:9309.875 MB
2020-01-12 18:50:43,057 ====> Building Cache
2020-01-12 18:50:43,058 feature cache--->>> /home/annora/NetVLAD/output/train_feat_cache1.hdf5
2020-01-12 18:52:33,557 Allocated:121.283203125 MB
2020-01-12 18:52:33,558 Cached:2919.5 MB
2020-01-12 18:55:28,902 ==> Epoch[21](400/534): Loss: 0.1465
2020-01-12 18:55:28,904 Allocated:122.03369140625 MB
2020-01-12 18:55:28,904 Cached:6794.5 MB
2020-01-12 18:57:29,847 ==> Epoch[21](450/534): Loss: 0.1661
2020-01-12 18:57:29,849 Allocated:122.28369140625 MB
2020-01-12 18:57:29,849 Cached:6794.5 MB
2020-01-12 18:59:29,877 ==> Epoch[21](500/534): Loss: 0.1619
2020-01-12 18:59:29,879 Allocated:121.15869140625 MB
2020-01-12 18:59:29,880 Cached:6794.5 MB
2020-01-12 19:01:07,338 ===> Epoch 21 Complete: Avg. Loss: 0.1706
2020-01-12 19:01:07,341 ====> Extracting Features
2020-01-12 19:01:57,263 ==> Batch (50/108)
2020-01-12 19:02:29,183 ==> Batch (100/108)
2020-01-12 19:02:33,547 ====> Building faiss index
2020-01-12 19:02:33,550 ====> Calculating recall @ N
2020-01-12 19:02:34,068 ====> Recall@1: 0.5351
2020-01-12 19:02:34,068 ====> Recall@2: 0.5783
2020-01-12 19:02:34,069 ====> Recall@3: 0.6052
2020-01-12 19:02:34,070 ====> Recall@4: 0.6243
2020-01-12 19:02:34,070 ====> Recall@5: 0.6354
2020-01-12 19:02:34,070 ====> Recall@10: 0.6780
2020-01-12 19:02:34,071 ====> Recall@15: 0.7023
2020-01-12 19:02:34,071 ====> Recall@20: 0.7200
2020-01-12 19:02:34,071 ====> Recall@25: 0.7319
2020-01-12 19:02:34,487 ====> Building Cache
2020-01-12 19:02:34,487 feature cache--->>> /home/annora/NetVLAD/output/train_feat_cache1.hdf5
2020-01-12 19:04:21,341 Allocated:119.15869140625 MB
2020-01-12 19:04:21,341 Cached:4209.75 MB
2020-01-12 19:07:10,050 ==> Epoch[22](50/534): Loss: 0.1158
2020-01-12 19:07:10,052 Allocated:120.53369140625 MB
2020-01-12 19:07:10,052 Cached:8084.75 MB
2020-01-12 19:09:21,721 ==> Epoch[22](100/534): Loss: 0.1526
2020-01-12 19:09:21,723 Allocated:121.78369140625 MB
2020-01-12 19:09:21,723 Cached:8084.75 MB
2020-01-12 19:11:29,528 ==> Epoch[22](150/534): Loss: 0.1361
2020-01-12 19:11:29,529 Allocated:121.90869140625 MB
2020-01-12 19:11:29,529 Cached:8084.75 MB
2020-01-12 19:12:41,414 ====> Building Cache
2020-01-12 19:12:41,415 feature cache--->>> /home/annora/NetVLAD/output/train_feat_cache1.hdf5
2020-01-12 19:14:34,239 Allocated:120.533203125 MB
2020-01-12 19:14:34,239 Cached:2919.5 MB
2020-01-12 19:16:23,364 ==> Epoch[22](200/534): Loss: 0.2709
2020-01-12 19:16:23,366 Allocated:122.53369140625 MB
2020-01-12 19:16:23,367 Cached:8053.75 MB
2020-01-12 19:18:25,546 ==> Epoch[22](250/534): Loss: 0.2571
2020-01-12 19:18:25,548 Allocated:121.03369140625 MB
2020-01-12 19:18:25,548 Cached:8053.75 MB
2020-01-12 19:20:38,098 ==> Epoch[22](300/534): Loss: 0.2452
2020-01-12 19:20:38,100 Allocated:120.53369140625 MB
2020-01-12 19:20:38,101 Cached:8053.75 MB
2020-01-12 19:22:52,476 ==> Epoch[22](350/534): Loss: 0.2667
2020-01-12 19:22:52,478 Allocated:121.28369140625 MB
2020-01-12 19:22:52,478 Cached:8053.75 MB
2020-01-12 19:23:07,524 ====> Building Cache
2020-01-12 19:23:07,525 feature cache--->>> /home/annora/NetVLAD/output/train_feat_cache1.hdf5
2020-01-12 19:24:53,097 Allocated:121.033203125 MB
2020-01-12 19:24:53,097 Cached:2919.5 MB
2020-01-12 19:27:19,616 ==> Epoch[22](400/534): Loss: 0.1689
2020-01-12 19:27:19,617 Allocated:121.65869140625 MB
2020-01-12 19:27:19,618 Cached:2992.25 MB
2020-01-12 19:29:12,793 ==> Epoch[22](450/534): Loss: 0.1450
2020-01-12 19:29:12,795 Allocated:121.03369140625 MB
2020-01-12 19:29:12,795 Cached:2993.25 MB
2020-01-12 19:31:08,421 ==> Epoch[22](500/534): Loss: 0.0991
2020-01-12 19:31:08,422 Allocated:120.53369140625 MB
2020-01-12 19:31:08,422 Cached:2993.25 MB
2020-01-12 19:32:28,568 ===> Epoch 22 Complete: Avg. Loss: 0.1670
2020-01-12 19:32:28,570 ====> Extracting Features
2020-01-12 19:33:06,402 ==> Batch (50/108)
2020-01-12 19:33:29,311 ==> Batch (100/108)
2020-01-12 19:33:32,886 ====> Building faiss index
2020-01-12 19:33:32,888 ====> Calculating recall @ N
2020-01-12 19:33:33,369 ====> Recall@1: 0.5351
2020-01-12 19:33:33,370 ====> Recall@2: 0.5765
2020-01-12 19:33:33,370 ====> Recall@3: 0.6084
2020-01-12 19:33:33,370 ====> Recall@4: 0.6252
2020-01-12 19:33:33,370 ====> Recall@5: 0.6388
2020-01-12 19:33:33,371 ====> Recall@10: 0.6803
2020-01-12 19:33:33,371 ====> Recall@15: 0.7061
2020-01-12 19:33:33,371 ====> Recall@20: 0.7206
2020-01-12 19:33:33,371 ====> Recall@25: 0.7357
2020-01-12 19:33:33,739 Performance did not improve for 10 epochs. Stopping.
2020-01-12 19:33:33,739 => Best Recall@5: 0.6675
