2020-01-29 11:35:08,094 Namespace(arch='alexnet', batchSize=12, cacheBatchSize=96, cachePath='/home/annora/NetVLAD/output/', cacheRefreshRate=3000, ckpt='best', contilearn=True, dataPath='/home/annora/NetVLAD/output/data/', dataset='robotcar', evalEvery=1, fromscratch=False, fromtask='', lr=0.001, lrGamma=0.5, lrStep=5, margin=0.1, mode='train', momentum=0.9, nEpochs=30, nGPU=1, nocuda=False, num_clusters=64, optim='SGD', patience=10, pooling='netvlad', premodel='imagenet', resume='', runsPath='/home/annora/NetVLAD/output/runs/', savePath='checkpoints', seed=123, split='val', start_epoch=0, threads=8, vladv2=False, weightDecay=0.001)
2020-01-29 11:35:08,133 ===> Loading dataset(s)
2020-01-29 11:35:08,133 trainfile ------>>>>>> oxRobocar_doubleN_train.mat
2020-01-29 11:35:11,125 ====> Training set: oxRobocar_doubleN_train.mat, query set count: 6404
2020-01-29 11:35:11,230 ===> Evaluating on val set: oxRobocar_doubleN_val.mat, query count: 3450
2020-01-29 11:35:11,230 ===> Building model
2020-01-29 11:35:11,283 encoder moder:
AlexNet(
  (conv1): Sequential(
    (0): Conv2d(3, 64, kernel_size=(11, 11), stride=(4, 4), padding=(2, 2))
    (1): ReLU(inplace)
    (2): MaxPool2d(kernel_size=3, stride=2, padding=0, dilation=1, ceil_mode=False)
  )
  (conv2): Sequential(
    (0): Conv2d(64, 192, kernel_size=(5, 5), stride=(1, 1), padding=(2, 2))
    (1): ReLU(inplace)
    (2): MaxPool2d(kernel_size=3, stride=2, padding=0, dilation=1, ceil_mode=False)
  )
  (conv3): Sequential(
    (0): Conv2d(192, 384, kernel_size=(3, 3), stride=(1, 1), padding=(1, 1))
    (1): ReLU(inplace)
  )
  (conv4): Sequential(
    (0): Conv2d(384, 256, kernel_size=(3, 3), stride=(1, 1), padding=(1, 1))
    (1): ReLU(inplace)
  )
  (conv5): Sequential(
    (0): Conv2d(256, 256, kernel_size=(3, 3), stride=(1, 1), padding=(1, 1))
  )
)
2020-01-29 11:35:17,700 ===> Training model
2020-01-29 11:35:17,707 ===> Saving state to: /home/annora/NetVLAD/output/runs/2020-01-29-11-35-17_alexnet_netvlad
2020-01-29 11:35:17,764 ====> Building Cache
2020-01-29 11:35:17,765 feature cache--->>> /home/annora/NetVLAD/output/train_feat_cache2.hdf5
2020-01-29 11:36:55,146 Allocated:99.47119140625 MB
2020-01-29 11:36:55,147 Cached:2864.375 MB
2020-01-29 11:39:50,704 ==> Epoch[1](50/534): Loss: 0.2200
2020-01-29 11:39:50,707 Allocated:121.28369140625 MB
2020-01-29 11:39:50,707 Cached:6757.375 MB
2020-01-29 11:43:07,144 ==> Epoch[1](100/534): Loss: 0.2425
2020-01-29 11:43:07,147 Allocated:121.53369140625 MB
2020-01-29 11:43:07,147 Cached:6757.375 MB
2020-01-29 11:46:39,855 ==> Epoch[1](150/534): Loss: 0.2579
2020-01-29 11:46:39,859 Allocated:122.28369140625 MB
2020-01-29 11:46:39,859 Cached:6757.375 MB
2020-01-29 11:48:38,402 ====> Building Cache
2020-01-29 11:48:38,403 feature cache--->>> /home/annora/NetVLAD/output/train_feat_cache2.hdf5
2020-01-29 11:50:18,859 Allocated:121.283203125 MB
2020-01-29 11:50:18,859 Cached:3387.25 MB
2020-01-29 11:52:55,351 ==> Epoch[1](200/534): Loss: 0.2661
2020-01-29 11:52:55,355 Allocated:121.53369140625 MB
2020-01-29 11:52:55,355 Cached:7278.25 MB
2020-01-29 11:56:55,267 ==> Epoch[1](250/534): Loss: 0.2996
2020-01-29 11:56:55,271 Allocated:121.53369140625 MB
2020-01-29 11:56:55,273 Cached:7278.25 MB
2020-01-29 12:00:21,725 ==> Epoch[1](300/534): Loss: 0.2746
2020-01-29 12:00:21,729 Allocated:121.53369140625 MB
2020-01-29 12:00:21,729 Cached:7278.25 MB
2020-01-29 12:04:06,219 ==> Epoch[1](350/534): Loss: 0.2781
2020-01-29 12:04:06,224 Allocated:121.53369140625 MB
2020-01-29 12:04:06,225 Cached:7278.25 MB
2020-01-29 12:04:37,047 ====> Building Cache
2020-01-29 12:04:37,052 feature cache--->>> /home/annora/NetVLAD/output/train_feat_cache2.hdf5
2020-01-29 12:06:10,973 Allocated:121.283203125 MB
2020-01-29 12:06:10,974 Cached:3387.25 MB
2020-01-29 12:10:19,639 ==> Epoch[1](400/534): Loss: 0.2380
2020-01-29 12:10:19,644 Allocated:122.03369140625 MB
2020-01-29 12:10:19,645 Cached:7278.25 MB
2020-01-29 12:14:03,393 ==> Epoch[1](450/534): Loss: 0.2322
2020-01-29 12:14:03,397 Allocated:121.28369140625 MB
2020-01-29 12:14:03,397 Cached:7278.25 MB
2020-01-29 12:17:43,746 ==> Epoch[1](500/534): Loss: 0.2312
2020-01-29 12:17:43,749 Allocated:122.03369140625 MB
2020-01-29 12:17:43,749 Cached:7278.25 MB
2020-01-29 12:20:20,636 ===> Epoch 1 Complete: Avg. Loss: 0.2554
2020-01-29 12:20:20,644 ====> Extracting Features
2020-01-29 12:21:08,191 ==> Batch (50/108)
2020-01-29 12:21:36,097 ==> Batch (100/108)
2020-01-29 12:21:41,208 ====> Building faiss index
2020-01-29 12:21:41,879 ====> Calculating recall @ N
2020-01-29 12:21:48,578 ====> Recall@1: 0.4342
2020-01-29 12:21:48,579 ====> Recall@2: 0.4896
2020-01-29 12:21:48,581 ====> Recall@3: 0.5241
2020-01-29 12:21:48,582 ====> Recall@4: 0.5426
2020-01-29 12:21:48,583 ====> Recall@5: 0.5649
2020-01-29 12:21:48,585 ====> Recall@10: 0.6148
2020-01-29 12:21:48,586 ====> Recall@15: 0.6446
2020-01-29 12:21:48,586 ====> Recall@20: 0.6594
2020-01-29 12:21:48,587 ====> Recall@25: 0.6762
2020-01-29 12:21:49,235 ====> Building Cache
2020-01-29 12:21:49,235 feature cache--->>> /home/annora/NetVLAD/output/train_feat_cache2.hdf5
2020-01-29 12:23:22,665 Allocated:119.28369140625 MB
2020-01-29 12:23:22,665 Cached:4477.25 MB
2020-01-29 12:28:00,892 ==> Epoch[2](50/534): Loss: 0.2654
2020-01-29 12:28:00,896 Allocated:121.40869140625 MB
2020-01-29 12:28:00,897 Cached:8366.25 MB
2020-01-29 12:31:40,395 ==> Epoch[2](100/534): Loss: 0.2667
2020-01-29 12:31:40,401 Allocated:122.03369140625 MB
2020-01-29 12:31:40,404 Cached:8366.25 MB
2020-01-29 12:35:41,964 ==> Epoch[2](150/534): Loss: 0.2545
2020-01-29 12:35:41,967 Allocated:121.40869140625 MB
2020-01-29 12:35:41,968 Cached:8366.25 MB
2020-01-29 12:38:52,668 ====> Building Cache
2020-01-29 12:38:52,671 feature cache--->>> /home/annora/NetVLAD/output/train_feat_cache2.hdf5
2020-01-29 12:40:36,914 Allocated:122.158203125 MB
2020-01-29 12:40:36,915 Cached:2942.5 MB
2020-01-29 12:43:48,456 ==> Epoch[2](200/534): Loss: 0.2951
2020-01-29 12:43:48,470 Allocated:121.28369140625 MB
2020-01-29 12:43:48,472 Cached:6833.5 MB
2020-01-29 12:49:30,000 ==> Epoch[2](250/534): Loss: 0.2896
2020-01-29 12:49:30,014 Allocated:122.03369140625 MB
2020-01-29 12:49:30,015 Cached:6833.5 MB
2020-01-29 12:55:07,445 ==> Epoch[2](300/534): Loss: 0.2776
2020-01-29 12:55:07,449 Allocated:121.28369140625 MB
2020-01-29 12:55:07,450 Cached:6833.5 MB
2020-01-29 13:00:47,583 ==> Epoch[2](350/534): Loss: 0.2922
2020-01-29 13:00:47,589 Allocated:121.28369140625 MB
2020-01-29 13:00:47,592 Cached:6833.5 MB
2020-01-29 13:01:38,361 ====> Building Cache
2020-01-29 13:01:38,361 feature cache--->>> /home/annora/NetVLAD/output/train_feat_cache2.hdf5
2020-01-29 13:03:21,867 Allocated:121.283203125 MB
2020-01-29 13:03:21,869 Cached:2942.5 MB
2020-01-29 13:07:58,194 ==> Epoch[2](400/534): Loss: 0.2422
2020-01-29 13:07:58,196 Allocated:121.28369140625 MB
2020-01-29 13:07:58,198 Cached:6833.5 MB
2020-01-29 13:12:17,867 ==> Epoch[2](450/534): Loss: 0.2296
2020-01-29 13:12:17,871 Allocated:121.28369140625 MB
2020-01-29 13:12:17,871 Cached:6833.5 MB
2020-01-29 13:16:53,806 ==> Epoch[2](500/534): Loss: 0.2222
2020-01-29 13:16:53,815 Allocated:121.28369140625 MB
2020-01-29 13:16:53,822 Cached:6833.5 MB
2020-01-29 13:20:15,893 ===> Epoch 2 Complete: Avg. Loss: 0.2512
2020-01-29 13:20:15,901 ====> Extracting Features
2020-01-29 13:21:02,213 ==> Batch (50/108)
2020-01-29 13:21:27,114 ==> Batch (100/108)
2020-01-29 13:21:32,644 ====> Building faiss index
2020-01-29 13:21:33,302 ====> Calculating recall @ N
2020-01-29 13:21:36,970 ====> Recall@1: 0.4388
2020-01-29 13:21:36,970 ====> Recall@2: 0.4951
2020-01-29 13:21:36,971 ====> Recall@3: 0.5241
2020-01-29 13:21:36,971 ====> Recall@4: 0.5475
2020-01-29 13:21:36,971 ====> Recall@5: 0.5672
2020-01-29 13:21:36,971 ====> Recall@10: 0.6186
2020-01-29 13:21:36,971 ====> Recall@15: 0.6461
2020-01-29 13:21:36,972 ====> Recall@20: 0.6641
2020-01-29 13:21:36,972 ====> Recall@25: 0.6800
2020-01-29 13:21:38,170 ====> Building Cache
2020-01-29 13:21:38,173 feature cache--->>> /home/annora/NetVLAD/output/train_feat_cache2.hdf5
2020-01-29 13:23:13,858 Allocated:119.28369140625 MB
2020-01-29 13:23:13,858 Cached:4244.0 MB
2020-01-29 13:29:19,314 ==> Epoch[3](50/534): Loss: 0.2721
2020-01-29 13:29:19,325 Allocated:121.65869140625 MB
2020-01-29 13:29:19,331 Cached:8133.0 MB
2020-01-29 13:34:36,071 ==> Epoch[3](100/534): Loss: 0.2512
2020-01-29 13:34:36,075 Allocated:121.65869140625 MB
2020-01-29 13:34:36,078 Cached:8133.0 MB
2020-01-29 13:38:52,317 ==> Epoch[3](150/534): Loss: 0.2540
2020-01-29 13:38:52,329 Allocated:121.65869140625 MB
2020-01-29 13:38:52,330 Cached:8133.0 MB
2020-01-29 13:40:58,188 ====> Building Cache
2020-01-29 13:40:58,189 feature cache--->>> /home/annora/NetVLAD/output/train_feat_cache2.hdf5
2020-01-29 13:42:29,410 Allocated:121.158203125 MB
2020-01-29 13:42:29,410 Cached:3387.25 MB
2020-01-29 13:44:20,121 ==> Epoch[3](200/534): Loss: 0.2972
2020-01-29 13:44:20,124 Allocated:121.90869140625 MB
2020-01-29 13:44:20,124 Cached:7278.25 MB
2020-01-29 13:47:33,879 ==> Epoch[3](250/534): Loss: 0.3030
2020-01-29 13:47:33,881 Allocated:121.90869140625 MB
2020-01-29 13:47:33,882 Cached:7278.25 MB
2020-01-29 13:51:53,392 ==> Epoch[3](300/534): Loss: 0.3155
2020-01-29 13:51:53,403 Allocated:121.15869140625 MB
2020-01-29 13:51:53,404 Cached:7278.25 MB
2020-01-29 13:55:30,704 ==> Epoch[3](350/534): Loss: 0.2781
2020-01-29 13:55:30,709 Allocated:121.90869140625 MB
2020-01-29 13:55:30,713 Cached:7278.25 MB
2020-01-29 13:55:53,959 ====> Building Cache
2020-01-29 13:55:53,960 feature cache--->>> /home/annora/NetVLAD/output/train_feat_cache2.hdf5
2020-01-29 13:57:27,451 Allocated:121.908203125 MB
2020-01-29 13:57:27,452 Cached:3387.25 MB
2020-01-29 14:01:59,603 ==> Epoch[3](400/534): Loss: 0.2185
2020-01-29 14:01:59,607 Allocated:121.90869140625 MB
2020-01-29 14:01:59,607 Cached:7278.25 MB
2020-01-29 14:05:57,134 ==> Epoch[3](450/534): Loss: 0.2445
2020-01-29 14:05:57,143 Allocated:121.90869140625 MB
2020-01-29 14:05:57,144 Cached:7278.25 MB
2020-01-29 14:10:05,925 ==> Epoch[3](500/534): Loss: 0.2265
2020-01-29 14:10:05,928 Allocated:121.15869140625 MB
2020-01-29 14:10:05,928 Cached:7278.25 MB
2020-01-29 14:13:03,026 ===> Epoch 3 Complete: Avg. Loss: 0.2478
2020-01-29 14:13:03,029 ====> Extracting Features
2020-01-29 14:13:43,822 ==> Batch (50/108)
2020-01-29 14:14:11,387 ==> Batch (100/108)
2020-01-29 14:14:15,399 ====> Building faiss index
2020-01-29 14:14:15,924 ====> Calculating recall @ N
2020-01-29 14:14:18,571 ====> Recall@1: 0.4438
2020-01-29 14:14:18,572 ====> Recall@2: 0.4997
2020-01-29 14:14:18,573 ====> Recall@3: 0.5293
2020-01-29 14:14:18,573 ====> Recall@4: 0.5533
2020-01-29 14:14:18,573 ====> Recall@5: 0.5716
2020-01-29 14:14:18,573 ====> Recall@10: 0.6214
2020-01-29 14:14:18,574 ====> Recall@15: 0.6496
2020-01-29 14:14:18,574 ====> Recall@20: 0.6672
2020-01-29 14:14:18,574 ====> Recall@25: 0.6832
2020-01-29 14:14:19,463 ====> Building Cache
2020-01-29 14:14:19,464 feature cache--->>> /home/annora/NetVLAD/output/train_feat_cache2.hdf5
2020-01-29 14:15:52,245 Allocated:119.15869140625 MB
2020-01-29 14:15:52,246 Cached:4476.25 MB
2020-01-29 14:20:50,391 ==> Epoch[4](50/534): Loss: 0.2255
2020-01-29 14:20:50,396 Allocated:121.90869140625 MB
2020-01-29 14:20:50,397 Cached:8366.25 MB
2020-01-29 14:24:17,780 ==> Epoch[4](100/534): Loss: 0.2236
2020-01-29 14:24:17,786 Allocated:121.28369140625 MB
2020-01-29 14:24:17,787 Cached:8366.25 MB
2020-01-29 14:27:37,128 ==> Epoch[4](150/534): Loss: 0.2272
2020-01-29 14:27:37,141 Allocated:121.90869140625 MB
2020-01-29 14:27:37,142 Cached:8366.25 MB
2020-01-29 14:29:32,825 ====> Building Cache
2020-01-29 14:29:32,827 feature cache--->>> /home/annora/NetVLAD/output/train_feat_cache2.hdf5
2020-01-29 14:31:05,146 Allocated:121.658203125 MB
2020-01-29 14:31:05,146 Cached:3559.625 MB
2020-01-29 14:33:26,124 ==> Epoch[4](200/534): Loss: 0.2791
2020-01-29 14:33:26,128 Allocated:121.90869140625 MB
2020-01-29 14:33:26,129 Cached:7450.625 MB
2020-01-29 14:39:16,508 ==> Epoch[4](250/534): Loss: 0.2683
2020-01-29 14:39:16,515 Allocated:121.90869140625 MB
2020-01-29 14:39:16,516 Cached:7450.625 MB
2020-01-29 14:44:05,942 ==> Epoch[4](300/534): Loss: 0.2848
2020-01-29 14:44:05,946 Allocated:121.15869140625 MB
2020-01-29 14:44:05,947 Cached:7450.625 MB
2020-01-29 14:50:10,715 ==> Epoch[4](350/534): Loss: 0.3217
2020-01-29 14:50:10,721 Allocated:121.90869140625 MB
2020-01-29 14:50:10,727 Cached:7450.625 MB
2020-01-29 14:50:44,967 ====> Building Cache
2020-01-29 14:50:44,971 feature cache--->>> /home/annora/NetVLAD/output/train_feat_cache2.hdf5
2020-01-29 14:52:21,597 Allocated:121.658203125 MB
2020-01-29 14:52:21,598 Cached:3559.625 MB
2020-01-29 14:55:58,237 ==> Epoch[4](400/534): Loss: 0.2274
2020-01-29 14:55:58,239 Allocated:121.15869140625 MB
2020-01-29 14:55:58,239 Cached:7450.625 MB
2020-01-29 14:59:36,100 ==> Epoch[4](450/534): Loss: 0.2202
2020-01-29 14:59:36,115 Allocated:121.90869140625 MB
2020-01-29 14:59:36,118 Cached:7450.625 MB
2020-01-29 15:03:17,683 ==> Epoch[4](500/534): Loss: 0.2319
2020-01-29 15:03:17,689 Allocated:121.90869140625 MB
2020-01-29 15:03:17,689 Cached:7450.625 MB
2020-01-29 15:05:01,524 ===> Epoch 4 Complete: Avg. Loss: 0.2443
2020-01-29 15:05:01,527 ====> Extracting Features
2020-01-29 15:05:41,123 ==> Batch (50/108)
2020-01-29 15:06:02,591 ==> Batch (100/108)
2020-01-29 15:06:07,367 ====> Building faiss index
2020-01-29 15:06:08,042 ====> Calculating recall @ N
2020-01-29 15:06:11,143 ====> Recall@1: 0.4490
2020-01-29 15:06:11,144 ====> Recall@2: 0.5020
2020-01-29 15:06:11,144 ====> Recall@3: 0.5316
2020-01-29 15:06:11,145 ====> Recall@4: 0.5516
2020-01-29 15:06:11,145 ====> Recall@5: 0.5710
2020-01-29 15:06:11,145 ====> Recall@10: 0.6223
2020-01-29 15:06:11,145 ====> Recall@15: 0.6507
2020-01-29 15:06:11,146 ====> Recall@20: 0.6707
2020-01-29 15:06:11,146 ====> Recall@25: 0.6838
2020-01-29 15:06:11,650 ====> Building Cache
2020-01-29 15:06:11,650 feature cache--->>> /home/annora/NetVLAD/output/train_feat_cache2.hdf5
2020-01-29 15:07:41,999 Allocated:119.15869140625 MB
2020-01-29 15:07:42,000 Cached:4477.25 MB
2020-01-29 15:12:02,917 ==> Epoch[5](50/534): Loss: 0.2552
2020-01-29 15:12:02,921 Allocated:121.53369140625 MB
2020-01-29 15:12:02,921 Cached:8366.25 MB
2020-01-29 15:15:59,059 ==> Epoch[5](100/534): Loss: 0.2307
2020-01-29 15:15:59,063 Allocated:122.03369140625 MB
2020-01-29 15:15:59,064 Cached:8366.25 MB
2020-01-29 15:20:23,791 ==> Epoch[5](150/534): Loss: 0.2098
2020-01-29 15:20:23,800 Allocated:121.53369140625 MB
2020-01-29 15:20:23,801 Cached:8366.25 MB
2020-01-29 15:23:04,525 ====> Building Cache
2020-01-29 15:23:04,528 feature cache--->>> /home/annora/NetVLAD/output/train_feat_cache2.hdf5
2020-01-29 15:24:36,563 Allocated:121.533203125 MB
2020-01-29 15:24:36,564 Cached:3559.625 MB
2020-01-29 15:27:11,542 ==> Epoch[5](200/534): Loss: 0.2606
2020-01-29 15:27:11,549 Allocated:121.90869140625 MB
2020-01-29 15:27:11,549 Cached:7450.625 MB
2020-01-29 15:32:54,530 ==> Epoch[5](250/534): Loss: 0.2812
2020-01-29 15:32:54,541 Allocated:121.90869140625 MB
2020-01-29 15:32:54,542 Cached:7450.625 MB
2020-01-29 15:36:36,621 ==> Epoch[5](300/534): Loss: 0.2376
2020-01-29 15:36:36,626 Allocated:121.15869140625 MB
2020-01-29 15:36:36,626 Cached:7450.625 MB
2020-01-29 15:40:22,194 ==> Epoch[5](350/534): Loss: 0.2421
2020-01-29 15:40:22,201 Allocated:121.90869140625 MB
2020-01-29 15:40:22,204 Cached:7450.625 MB
2020-01-29 15:40:48,962 ====> Building Cache
2020-01-29 15:40:48,964 feature cache--->>> /home/annora/NetVLAD/output/train_feat_cache2.hdf5
2020-01-29 15:42:20,329 Allocated:121.658203125 MB
2020-01-29 15:42:20,330 Cached:3559.625 MB
2020-01-29 15:46:08,198 ==> Epoch[5](400/534): Loss: 0.2485
2020-01-29 15:46:08,203 Allocated:121.15869140625 MB
2020-01-29 15:46:08,203 Cached:7450.625 MB
2020-01-29 15:49:19,996 ==> Epoch[5](450/534): Loss: 0.1948
2020-01-29 15:49:20,007 Allocated:121.90869140625 MB
2020-01-29 15:49:20,008 Cached:7450.625 MB
2020-01-29 15:52:41,849 ==> Epoch[5](500/534): Loss: 0.2067
2020-01-29 15:52:41,856 Allocated:121.90869140625 MB
2020-01-29 15:52:41,857 Cached:7450.625 MB
2020-01-29 15:54:42,326 ===> Epoch 5 Complete: Avg. Loss: 0.2416
2020-01-29 15:54:42,333 ====> Extracting Features
2020-01-29 15:55:28,136 ==> Batch (50/108)
2020-01-29 15:55:51,754 ==> Batch (100/108)
2020-01-29 15:55:58,014 ====> Building faiss index
2020-01-29 15:55:58,834 ====> Calculating recall @ N
2020-01-29 15:56:01,938 ====> Recall@1: 0.4501
2020-01-29 15:56:01,939 ====> Recall@2: 0.5035
2020-01-29 15:56:01,940 ====> Recall@3: 0.5351
2020-01-29 15:56:01,940 ====> Recall@4: 0.5557
2020-01-29 15:56:01,941 ====> Recall@5: 0.5722
2020-01-29 15:56:01,941 ====> Recall@10: 0.6258
2020-01-29 15:56:01,942 ====> Recall@15: 0.6507
2020-01-29 15:56:01,942 ====> Recall@20: 0.6725
2020-01-29 15:56:01,943 ====> Recall@25: 0.6829
2020-01-29 15:56:02,922 ====> Building Cache
2020-01-29 15:56:02,924 feature cache--->>> /home/annora/NetVLAD/output/train_feat_cache2.hdf5
2020-01-29 15:57:34,289 Allocated:119.15869140625 MB
2020-01-29 15:57:34,289 Cached:4477.25 MB
2020-01-29 16:01:20,357 ==> Epoch[6](50/534): Loss: 0.2505
2020-01-29 16:01:20,361 Allocated:121.53369140625 MB
2020-01-29 16:01:20,361 Cached:8366.25 MB
2020-01-29 16:04:08,392 ==> Epoch[6](100/534): Loss: 0.2065
2020-01-29 16:04:08,402 Allocated:122.03369140625 MB
2020-01-29 16:04:08,404 Cached:8366.25 MB
2020-01-29 16:07:36,509 ==> Epoch[6](150/534): Loss: 0.2373
2020-01-29 16:07:36,519 Allocated:121.53369140625 MB
2020-01-29 16:07:36,520 Cached:8366.25 MB
2020-01-29 16:09:41,277 ====> Building Cache
2020-01-29 16:09:41,279 feature cache--->>> /home/annora/NetVLAD/output/train_feat_cache2.hdf5
2020-01-29 16:11:12,896 Allocated:121.533203125 MB
2020-01-29 16:11:12,896 Cached:3559.625 MB
2020-01-29 16:13:36,983 ==> Epoch[6](200/534): Loss: 0.2621
2020-01-29 16:13:36,991 Allocated:121.90869140625 MB
2020-01-29 16:13:36,992 Cached:7450.625 MB
2020-01-29 16:16:42,357 ==> Epoch[6](250/534): Loss: 0.2568
2020-01-29 16:16:42,362 Allocated:121.90869140625 MB
2020-01-29 16:16:42,363 Cached:7450.625 MB
2020-01-29 16:19:41,204 ==> Epoch[6](300/534): Loss: 0.2940
2020-01-29 16:19:41,212 Allocated:121.15869140625 MB
2020-01-29 16:19:41,212 Cached:7450.625 MB
2020-01-29 16:23:40,571 ==> Epoch[6](350/534): Loss: 0.3086
2020-01-29 16:23:40,582 Allocated:121.90869140625 MB
2020-01-29 16:23:40,587 Cached:7450.625 MB
2020-01-29 16:24:05,595 ====> Building Cache
2020-01-29 16:24:05,596 feature cache--->>> /home/annora/NetVLAD/output/train_feat_cache2.hdf5
2020-01-29 16:25:36,180 Allocated:121.658203125 MB
2020-01-29 16:25:36,181 Cached:3559.625 MB
2020-01-29 16:29:03,305 ==> Epoch[6](400/534): Loss: 0.2074
2020-01-29 16:29:03,310 Allocated:121.15869140625 MB
2020-01-29 16:29:03,313 Cached:7450.625 MB
2020-01-29 16:32:43,970 ==> Epoch[6](450/534): Loss: 0.1910
2020-01-29 16:32:43,972 Allocated:121.90869140625 MB
2020-01-29 16:32:43,973 Cached:7450.625 MB
2020-01-29 16:35:17,337 ==> Epoch[6](500/534): Loss: 0.1854
2020-01-29 16:35:17,339 Allocated:121.90869140625 MB
2020-01-29 16:35:17,339 Cached:7450.625 MB
2020-01-29 16:37:28,070 ===> Epoch 6 Complete: Avg. Loss: 0.2396
2020-01-29 16:37:28,073 ====> Extracting Features
2020-01-29 16:38:06,312 ==> Batch (50/108)
2020-01-29 16:38:29,675 ==> Batch (100/108)
2020-01-29 16:38:34,345 ====> Building faiss index
2020-01-29 16:38:34,735 ====> Calculating recall @ N
2020-01-29 16:38:37,298 ====> Recall@1: 0.4528
2020-01-29 16:38:37,298 ====> Recall@2: 0.5058
2020-01-29 16:38:37,299 ====> Recall@3: 0.5330
2020-01-29 16:38:37,299 ====> Recall@4: 0.5565
2020-01-29 16:38:37,299 ====> Recall@5: 0.5719
2020-01-29 16:38:37,300 ====> Recall@10: 0.6243
2020-01-29 16:38:37,300 ====> Recall@15: 0.6528
2020-01-29 16:38:37,300 ====> Recall@20: 0.6704
2020-01-29 16:38:37,300 ====> Recall@25: 0.6861
2020-01-29 16:38:37,832 ====> Building Cache
2020-01-29 16:38:37,832 feature cache--->>> /home/annora/NetVLAD/output/train_feat_cache2.hdf5
2020-01-29 16:40:08,801 Allocated:119.15869140625 MB
2020-01-29 16:40:08,802 Cached:4476.25 MB
2020-01-29 16:44:02,959 ==> Epoch[7](50/534): Loss: 0.2272
2020-01-29 16:44:02,964 Allocated:121.53369140625 MB
2020-01-29 16:44:02,968 Cached:8366.25 MB
2020-01-29 16:48:32,650 ==> Epoch[7](100/534): Loss: 0.2274
2020-01-29 16:48:32,653 Allocated:122.03369140625 MB
2020-01-29 16:48:32,653 Cached:8366.25 MB
2020-01-29 16:52:33,833 ==> Epoch[7](150/534): Loss: 0.2393
2020-01-29 16:52:33,840 Allocated:121.53369140625 MB
2020-01-29 16:52:33,840 Cached:8366.25 MB
2020-01-29 16:54:18,357 ====> Building Cache
2020-01-29 16:54:18,359 feature cache--->>> /home/annora/NetVLAD/output/train_feat_cache2.hdf5
2020-01-29 16:55:58,514 Allocated:121.533203125 MB
2020-01-29 16:55:58,515 Cached:3559.625 MB
2020-01-29 16:57:53,630 ==> Epoch[7](200/534): Loss: 0.2694
2020-01-29 16:57:53,632 Allocated:121.90869140625 MB
2020-01-29 16:57:53,633 Cached:7450.625 MB
2020-01-29 17:01:18,239 ==> Epoch[7](250/534): Loss: 0.2865
2020-01-29 17:01:18,246 Allocated:121.90869140625 MB
2020-01-29 17:01:18,246 Cached:7450.625 MB
2020-01-29 17:05:00,026 ==> Epoch[7](300/534): Loss: 0.3092
2020-01-29 17:05:00,030 Allocated:121.15869140625 MB
2020-01-29 17:05:00,030 Cached:7450.625 MB
2020-01-29 17:09:21,150 ==> Epoch[7](350/534): Loss: 0.2550
2020-01-29 17:09:21,154 Allocated:121.90869140625 MB
2020-01-29 17:09:21,155 Cached:7450.625 MB
2020-01-29 17:09:48,486 ====> Building Cache
2020-01-29 17:09:48,502 feature cache--->>> /home/annora/NetVLAD/output/train_feat_cache2.hdf5
2020-01-29 17:11:24,448 Allocated:121.658203125 MB
2020-01-29 17:11:24,449 Cached:3559.625 MB
2020-01-29 17:15:46,626 ==> Epoch[7](400/534): Loss: 0.2183
2020-01-29 17:15:46,630 Allocated:121.15869140625 MB
2020-01-29 17:15:46,631 Cached:7450.625 MB
2020-01-29 17:18:52,765 ==> Epoch[7](450/534): Loss: 0.2234
2020-01-29 17:18:52,769 Allocated:121.90869140625 MB
2020-01-29 17:18:52,769 Cached:7450.625 MB
2020-01-29 17:22:14,396 ==> Epoch[7](500/534): Loss: 0.2201
2020-01-29 17:22:14,399 Allocated:121.90869140625 MB
2020-01-29 17:22:14,400 Cached:7450.625 MB
2020-01-29 17:24:04,401 ===> Epoch 7 Complete: Avg. Loss: 0.2374
2020-01-29 17:24:04,408 ====> Extracting Features
2020-01-29 17:24:44,375 ==> Batch (50/108)
2020-01-29 17:25:05,465 ==> Batch (100/108)
2020-01-29 17:25:11,849 ====> Building faiss index
2020-01-29 17:25:12,561 ====> Calculating recall @ N
2020-01-29 17:25:16,935 ====> Recall@1: 0.4536
2020-01-29 17:25:16,936 ====> Recall@2: 0.5081
2020-01-29 17:25:16,937 ====> Recall@3: 0.5342
2020-01-29 17:25:16,938 ====> Recall@4: 0.5545
2020-01-29 17:25:16,938 ====> Recall@5: 0.5719
2020-01-29 17:25:16,939 ====> Recall@10: 0.6252
2020-01-29 17:25:16,940 ====> Recall@15: 0.6519
2020-01-29 17:25:16,941 ====> Recall@20: 0.6707
2020-01-29 17:25:16,941 ====> Recall@25: 0.6852
2020-01-29 17:25:17,807 ====> Building Cache
2020-01-29 17:25:17,809 feature cache--->>> /home/annora/NetVLAD/output/train_feat_cache2.hdf5
2020-01-29 17:26:50,077 Allocated:119.15869140625 MB
2020-01-29 17:26:50,078 Cached:4477.25 MB
2020-01-29 17:30:24,125 ==> Epoch[8](50/534): Loss: 0.2393
2020-01-29 17:30:24,128 Allocated:121.53369140625 MB
2020-01-29 17:30:24,129 Cached:8366.25 MB
2020-01-29 17:32:45,649 ==> Epoch[8](100/534): Loss: 0.2118
2020-01-29 17:32:45,651 Allocated:122.03369140625 MB
2020-01-29 17:32:45,651 Cached:8366.25 MB
2020-01-29 17:36:41,275 ==> Epoch[8](150/534): Loss: 0.2109
2020-01-29 17:36:41,288 Allocated:121.53369140625 MB
2020-01-29 17:36:41,288 Cached:8366.25 MB
2020-01-29 17:38:47,625 ====> Building Cache
2020-01-29 17:38:47,627 feature cache--->>> /home/annora/NetVLAD/output/train_feat_cache2.hdf5
2020-01-29 17:40:20,558 Allocated:121.533203125 MB
2020-01-29 17:40:20,559 Cached:3559.625 MB
2020-01-29 17:43:11,019 ==> Epoch[8](200/534): Loss: 0.2709
2020-01-29 17:43:11,024 Allocated:121.90869140625 MB
2020-01-29 17:43:11,025 Cached:7450.625 MB
2020-01-29 17:45:55,949 ==> Epoch[8](250/534): Loss: 0.2628
2020-01-29 17:45:55,953 Allocated:121.90869140625 MB
2020-01-29 17:45:55,953 Cached:7450.625 MB
2020-01-29 17:49:35,568 ==> Epoch[8](300/534): Loss: 0.2372
2020-01-29 17:49:35,577 Allocated:121.15869140625 MB
2020-01-29 17:49:35,578 Cached:7450.625 MB
2020-01-29 17:52:33,781 ==> Epoch[8](350/534): Loss: 0.2491
2020-01-29 17:52:33,785 Allocated:121.90869140625 MB
2020-01-29 17:52:33,787 Cached:7450.625 MB
2020-01-29 17:53:12,659 ====> Building Cache
2020-01-29 17:53:12,662 feature cache--->>> /home/annora/NetVLAD/output/train_feat_cache2.hdf5
2020-01-29 17:54:51,869 Allocated:121.658203125 MB
2020-01-29 17:54:51,871 Cached:3559.625 MB
2020-01-29 18:00:21,444 ==> Epoch[8](400/534): Loss: 0.2174
2020-01-29 18:00:21,450 Allocated:121.90869140625 MB
2020-01-29 18:00:21,450 Cached:7450.625 MB
2020-01-29 18:04:08,797 ==> Epoch[8](450/534): Loss: 0.2144
2020-01-29 18:04:08,819 Allocated:121.15869140625 MB
2020-01-29 18:04:08,822 Cached:7450.625 MB
2020-01-29 18:08:24,620 ==> Epoch[8](500/534): Loss: 0.2023
2020-01-29 18:08:24,624 Allocated:121.15869140625 MB
2020-01-29 18:08:24,624 Cached:7450.625 MB
2020-01-29 18:12:28,562 ===> Epoch 8 Complete: Avg. Loss: 0.2352
2020-01-29 18:12:28,565 ====> Extracting Features
2020-01-29 18:13:12,891 ==> Batch (50/108)
2020-01-29 18:13:43,417 ==> Batch (100/108)
2020-01-29 18:13:47,424 ====> Building faiss index
2020-01-29 18:13:48,321 ====> Calculating recall @ N
2020-01-29 18:13:52,336 ====> Recall@1: 0.4591
2020-01-29 18:13:52,337 ====> Recall@2: 0.5090
2020-01-29 18:13:52,340 ====> Recall@3: 0.5359
2020-01-29 18:13:52,340 ====> Recall@4: 0.5588
2020-01-29 18:13:52,340 ====> Recall@5: 0.5722
2020-01-29 18:13:52,341 ====> Recall@10: 0.6249
2020-01-29 18:13:52,341 ====> Recall@15: 0.6513
2020-01-29 18:13:52,341 ====> Recall@20: 0.6713
2020-01-29 18:13:52,342 ====> Recall@25: 0.6875
2020-01-29 18:13:53,080 ====> Building Cache
2020-01-29 18:13:53,082 feature cache--->>> /home/annora/NetVLAD/output/train_feat_cache2.hdf5
2020-01-29 18:15:27,796 Allocated:119.15869140625 MB
2020-01-29 18:15:27,797 Cached:4477.25 MB
2020-01-29 18:21:25,524 ==> Epoch[9](50/534): Loss: 0.2373
2020-01-29 18:21:25,529 Allocated:121.28369140625 MB
2020-01-29 18:21:25,530 Cached:8366.25 MB
2020-01-29 18:26:02,994 ==> Epoch[9](100/534): Loss: 0.2163
2020-01-29 18:26:02,998 Allocated:121.90869140625 MB
2020-01-29 18:26:02,998 Cached:8366.25 MB
2020-01-29 18:31:36,964 ==> Epoch[9](150/534): Loss: 0.2235
2020-01-29 18:31:36,974 Allocated:121.28369140625 MB
2020-01-29 18:31:36,976 Cached:8366.25 MB
2020-01-29 18:34:21,778 ====> Building Cache
2020-01-29 18:34:21,780 feature cache--->>> /home/annora/NetVLAD/output/train_feat_cache2.hdf5
2020-01-29 18:35:54,278 Allocated:122.033203125 MB
2020-01-29 18:35:54,281 Cached:2942.5 MB
2020-01-29 18:40:17,240 ==> Epoch[9](200/534): Loss: 0.3083
2020-01-29 18:40:17,244 Allocated:121.15869140625 MB
2020-01-29 18:40:17,247 Cached:6833.5 MB
2020-01-29 18:45:15,535 ==> Epoch[9](250/534): Loss: 0.2851
2020-01-29 18:45:15,543 Allocated:121.90869140625 MB
2020-01-29 18:45:15,545 Cached:6833.5 MB
2020-01-29 18:49:50,920 ==> Epoch[9](300/534): Loss: 0.2475
2020-01-29 18:49:50,923 Allocated:121.15869140625 MB
2020-01-29 18:49:50,924 Cached:6833.5 MB
2020-01-29 18:53:17,320 ==> Epoch[9](350/534): Loss: 0.2884
2020-01-29 18:53:17,323 Allocated:121.15869140625 MB
2020-01-29 18:53:17,324 Cached:6833.5 MB
2020-01-29 18:53:32,383 ====> Building Cache
2020-01-29 18:53:32,384 feature cache--->>> /home/annora/NetVLAD/output/train_feat_cache2.hdf5
2020-01-29 18:55:12,604 Allocated:121.158203125 MB
2020-01-29 18:55:12,605 Cached:2942.5 MB
2020-01-29 18:58:50,523 ==> Epoch[9](400/534): Loss: 0.2321
2020-01-29 18:58:50,534 Allocated:121.90869140625 MB
2020-01-29 18:58:50,535 Cached:9373.75 MB
2020-01-29 19:02:58,854 ==> Epoch[9](450/534): Loss: 0.2236
2020-01-29 19:02:58,856 Allocated:121.15869140625 MB
2020-01-29 19:02:58,857 Cached:9373.75 MB
2020-01-29 19:06:37,788 ==> Epoch[9](500/534): Loss: 0.2262
2020-01-29 19:06:37,790 Allocated:121.15869140625 MB
2020-01-29 19:06:37,790 Cached:9373.75 MB
2020-01-29 19:09:00,218 ===> Epoch 9 Complete: Avg. Loss: 0.2327
2020-01-29 19:09:00,221 ====> Extracting Features
2020-01-29 19:09:42,488 ==> Batch (50/108)
2020-01-29 19:10:05,335 ==> Batch (100/108)
2020-01-29 19:10:09,916 ====> Building faiss index
2020-01-29 19:10:10,269 ====> Calculating recall @ N
2020-01-29 19:10:12,453 ====> Recall@1: 0.4612
2020-01-29 19:10:12,453 ====> Recall@2: 0.5122
2020-01-29 19:10:12,454 ====> Recall@3: 0.5388
2020-01-29 19:10:12,454 ====> Recall@4: 0.5594
2020-01-29 19:10:12,454 ====> Recall@5: 0.5733
2020-01-29 19:10:12,454 ====> Recall@10: 0.6261
2020-01-29 19:10:12,454 ====> Recall@15: 0.6530
2020-01-29 19:10:12,455 ====> Recall@20: 0.6725
2020-01-29 19:10:12,455 ====> Recall@25: 0.6875
2020-01-29 19:10:13,223 ====> Building Cache
2020-01-29 19:10:13,224 feature cache--->>> /home/annora/NetVLAD/output/train_feat_cache2.hdf5
2020-01-29 19:11:45,117 Allocated:119.15869140625 MB
2020-01-29 19:11:45,118 Cached:4243.0 MB
2020-01-29 19:15:09,772 ==> Epoch[10](50/534): Loss: 0.2288
2020-01-29 19:15:09,784 Allocated:122.40869140625 MB
2020-01-29 19:15:09,785 Cached:8133.0 MB
2020-01-29 19:17:26,997 ==> Epoch[10](100/534): Loss: 0.1907
2020-01-29 19:17:27,001 Allocated:121.28369140625 MB
2020-01-29 19:17:27,001 Cached:8133.0 MB
2020-01-29 19:19:45,921 ==> Epoch[10](150/534): Loss: 0.2209
2020-01-29 19:19:45,924 Allocated:122.40869140625 MB
2020-01-29 19:19:45,925 Cached:8133.0 MB
2020-01-29 19:21:07,231 ====> Building Cache
2020-01-29 19:21:07,233 feature cache--->>> /home/annora/NetVLAD/output/train_feat_cache2.hdf5
2020-01-29 19:22:40,531 Allocated:121.908203125 MB
2020-01-29 19:22:40,532 Cached:3387.25 MB
2020-01-29 19:24:34,417 ==> Epoch[10](200/534): Loss: 0.2805
2020-01-29 19:24:34,421 Allocated:121.40869140625 MB
2020-01-29 19:24:34,421 Cached:7278.25 MB
2020-01-29 19:26:56,745 ==> Epoch[10](250/534): Loss: 0.2751
2020-01-29 19:26:56,748 Allocated:121.40869140625 MB
2020-01-29 19:26:56,748 Cached:7278.25 MB
2020-01-29 19:29:10,588 ==> Epoch[10](300/534): Loss: 0.2916
2020-01-29 19:29:10,590 Allocated:121.40869140625 MB
2020-01-29 19:29:10,590 Cached:7278.25 MB
2020-01-29 19:31:25,878 ==> Epoch[10](350/534): Loss: 0.2296
2020-01-29 19:31:25,881 Allocated:121.40869140625 MB
2020-01-29 19:31:25,881 Cached:7278.25 MB
2020-01-29 19:32:08,173 ====> Building Cache
2020-01-29 19:32:08,174 feature cache--->>> /home/annora/NetVLAD/output/train_feat_cache2.hdf5
2020-01-29 19:33:41,678 Allocated:121.158203125 MB
2020-01-29 19:33:41,678 Cached:3387.25 MB
2020-01-29 19:38:15,783 ==> Epoch[10](400/534): Loss: 0.2221
2020-01-29 19:38:15,790 Allocated:121.90869140625 MB
2020-01-29 19:38:15,793 Cached:7278.25 MB
2020-01-29 19:41:39,226 ==> Epoch[10](450/534): Loss: 0.2227
2020-01-29 19:41:39,237 Allocated:121.15869140625 MB
2020-01-29 19:41:39,238 Cached:7278.25 MB
2020-01-29 19:44:56,286 ==> Epoch[10](500/534): Loss: 0.2060
2020-01-29 19:44:56,291 Allocated:121.90869140625 MB
2020-01-29 19:44:56,292 Cached:7278.25 MB
2020-01-29 19:46:55,790 ===> Epoch 10 Complete: Avg. Loss: 0.2308
2020-01-29 19:46:55,793 ====> Extracting Features
2020-01-29 19:47:34,653 ==> Batch (50/108)
2020-01-29 19:47:57,304 ==> Batch (100/108)
2020-01-29 19:48:03,318 ====> Building faiss index
2020-01-29 19:48:04,166 ====> Calculating recall @ N
2020-01-29 19:48:08,405 ====> Recall@1: 0.4629
2020-01-29 19:48:08,405 ====> Recall@2: 0.5119
2020-01-29 19:48:08,406 ====> Recall@3: 0.5391
2020-01-29 19:48:08,406 ====> Recall@4: 0.5591
2020-01-29 19:48:08,406 ====> Recall@5: 0.5736
2020-01-29 19:48:08,407 ====> Recall@10: 0.6272
2020-01-29 19:48:08,407 ====> Recall@15: 0.6533
2020-01-29 19:48:08,407 ====> Recall@20: 0.6725
2020-01-29 19:48:08,408 ====> Recall@25: 0.6890
2020-01-29 19:48:09,273 ====> Building Cache
2020-01-29 19:48:09,273 feature cache--->>> /home/annora/NetVLAD/output/train_feat_cache2.hdf5
2020-01-29 19:49:41,088 Allocated:119.15869140625 MB
2020-01-29 19:49:41,090 Cached:4477.25 MB
2020-01-29 19:54:44,692 ==> Epoch[11](50/534): Loss: 0.1895
2020-01-29 19:54:44,695 Allocated:121.28369140625 MB
2020-01-29 19:54:44,695 Cached:8366.25 MB
2020-01-29 20:00:14,486 ==> Epoch[11](100/534): Loss: 0.2328
2020-01-29 20:00:14,499 Allocated:121.90869140625 MB
2020-01-29 20:00:14,501 Cached:8366.25 MB
2020-01-29 20:05:47,208 ==> Epoch[11](150/534): Loss: 0.1866
2020-01-29 20:05:47,213 Allocated:121.28369140625 MB
2020-01-29 20:05:47,215 Cached:8366.25 MB
2020-01-29 20:07:21,687 ====> Building Cache
2020-01-29 20:07:21,688 feature cache--->>> /home/annora/NetVLAD/output/train_feat_cache2.hdf5
2020-01-29 20:08:52,632 Allocated:122.033203125 MB
2020-01-29 20:08:52,632 Cached:2942.5 MB
2020-01-29 20:11:08,726 ==> Epoch[11](200/534): Loss: 0.2207
2020-01-29 20:11:08,730 Allocated:121.15869140625 MB
2020-01-29 20:11:08,730 Cached:6833.5 MB
2020-01-29 20:13:58,254 ==> Epoch[11](250/534): Loss: 0.2313
2020-01-29 20:13:58,257 Allocated:121.90869140625 MB
2020-01-29 20:13:58,257 Cached:6833.5 MB
2020-01-29 20:17:26,484 ==> Epoch[11](300/534): Loss: 0.2785
2020-01-29 20:17:26,487 Allocated:121.15869140625 MB
2020-01-29 20:17:26,487 Cached:6833.5 MB
2020-01-29 20:20:40,872 ==> Epoch[11](350/534): Loss: 0.2471
2020-01-29 20:20:40,875 Allocated:121.15869140625 MB
2020-01-29 20:20:40,876 Cached:6833.5 MB
2020-01-29 20:21:05,963 ====> Building Cache
2020-01-29 20:21:05,964 feature cache--->>> /home/annora/NetVLAD/output/train_feat_cache2.hdf5
2020-01-29 20:22:36,941 Allocated:121.158203125 MB
2020-01-29 20:22:36,941 Cached:2942.5 MB
2020-01-29 20:26:20,980 ==> Epoch[11](400/534): Loss: 0.2228
2020-01-29 20:26:20,986 Allocated:121.90869140625 MB
2020-01-29 20:26:20,986 Cached:6833.5 MB
2020-01-29 20:29:46,247 ==> Epoch[11](450/534): Loss: 0.1764
2020-01-29 20:29:46,256 Allocated:121.15869140625 MB
2020-01-29 20:29:46,259 Cached:6833.5 MB
2020-01-29 20:34:11,880 ==> Epoch[11](500/534): Loss: 0.1640
2020-01-29 20:34:11,889 Allocated:121.15869140625 MB
2020-01-29 20:34:11,889 Cached:6833.5 MB
2020-01-29 20:36:51,228 ===> Epoch 11 Complete: Avg. Loss: 0.2292
2020-01-29 20:36:51,235 ====> Extracting Features
2020-01-29 20:37:30,993 ==> Batch (50/108)
2020-01-29 20:37:51,543 ==> Batch (100/108)
2020-01-29 20:37:56,572 ====> Building faiss index
2020-01-29 20:37:57,180 ====> Calculating recall @ N
2020-01-29 20:38:00,562 ====> Recall@1: 0.4652
2020-01-29 20:38:00,564 ====> Recall@2: 0.5125
2020-01-29 20:38:00,565 ====> Recall@3: 0.5400
2020-01-29 20:38:00,567 ====> Recall@4: 0.5583
2020-01-29 20:38:00,567 ====> Recall@5: 0.5748
2020-01-29 20:38:00,569 ====> Recall@10: 0.6270
2020-01-29 20:38:00,569 ====> Recall@15: 0.6548
2020-01-29 20:38:00,570 ====> Recall@20: 0.6730
2020-01-29 20:38:00,572 ====> Recall@25: 0.6904
2020-01-29 20:38:01,655 ====> Building Cache
2020-01-29 20:38:01,655 feature cache--->>> /home/annora/NetVLAD/output/train_feat_cache2.hdf5
2020-01-29 20:39:45,067 Allocated:119.15869140625 MB
2020-01-29 20:39:45,068 Cached:4150.875 MB
2020-01-29 20:44:54,412 ==> Epoch[12](50/534): Loss: 0.2126
2020-01-29 20:44:54,419 Allocated:121.28369140625 MB
2020-01-29 20:44:54,419 Cached:8039.875 MB
2020-01-29 20:49:18,802 ==> Epoch[12](100/534): Loss: 0.2250
2020-01-29 20:49:18,807 Allocated:121.65869140625 MB
2020-01-29 20:49:18,808 Cached:8039.875 MB
2020-01-29 20:53:09,667 ==> Epoch[12](150/534): Loss: 0.2330
2020-01-29 20:53:09,672 Allocated:121.15869140625 MB
2020-01-29 20:53:09,673 Cached:8039.875 MB
2020-01-29 20:55:00,870 ====> Building Cache
2020-01-29 20:55:00,871 feature cache--->>> /home/annora/NetVLAD/output/train_feat_cache2.hdf5
2020-01-29 20:56:32,022 Allocated:121.158203125 MB
2020-01-29 20:56:32,023 Cached:3557.125 MB
2020-01-29 20:58:54,365 ==> Epoch[12](200/534): Loss: 0.2889
2020-01-29 20:58:54,377 Allocated:122.03369140625 MB
2020-01-29 20:58:54,378 Cached:7448.125 MB
2020-01-29 21:02:21,150 ==> Epoch[12](250/534): Loss: 0.2702
2020-01-29 21:02:21,155 Allocated:122.03369140625 MB
2020-01-29 21:02:21,155 Cached:7448.125 MB
2020-01-29 21:05:31,437 ==> Epoch[12](300/534): Loss: 0.2761
2020-01-29 21:05:31,440 Allocated:121.28369140625 MB
2020-01-29 21:05:31,440 Cached:7448.125 MB
2020-01-29 21:08:25,222 ==> Epoch[12](350/534): Loss: 0.2575
2020-01-29 21:08:25,226 Allocated:122.03369140625 MB
2020-01-29 21:08:25,226 Cached:7448.125 MB
2020-01-29 21:08:49,859 ====> Building Cache
2020-01-29 21:08:49,861 feature cache--->>> /home/annora/NetVLAD/output/train_feat_cache2.hdf5
2020-01-29 21:10:20,298 Allocated:121.783203125 MB
2020-01-29 21:10:20,300 Cached:3559.625 MB
2020-01-29 21:14:19,176 ==> Epoch[12](400/534): Loss: 0.2055
2020-01-29 21:14:19,186 Allocated:121.28369140625 MB
2020-01-29 21:14:19,187 Cached:7450.625 MB
2020-01-29 21:17:46,080 ==> Epoch[12](450/534): Loss: 0.2432
2020-01-29 21:17:46,082 Allocated:122.03369140625 MB
2020-01-29 21:17:46,083 Cached:7450.625 MB
2020-01-29 21:21:12,118 ==> Epoch[12](500/534): Loss: 0.2233
2020-01-29 21:21:12,120 Allocated:121.65869140625 MB
2020-01-29 21:21:12,121 Cached:7450.625 MB
2020-01-29 21:24:07,528 ===> Epoch 12 Complete: Avg. Loss: 0.2279
2020-01-29 21:24:07,531 ====> Extracting Features
2020-01-29 21:24:51,268 ==> Batch (50/108)
2020-01-29 21:25:17,530 ==> Batch (100/108)
2020-01-29 21:25:22,614 ====> Building faiss index
2020-01-29 21:25:23,100 ====> Calculating recall @ N
2020-01-29 21:25:25,917 ====> Recall@1: 0.4661
2020-01-29 21:25:25,919 ====> Recall@2: 0.5113
2020-01-29 21:25:25,922 ====> Recall@3: 0.5403
2020-01-29 21:25:25,924 ====> Recall@4: 0.5588
2020-01-29 21:25:25,925 ====> Recall@5: 0.5765
2020-01-29 21:25:25,926 ====> Recall@10: 0.6264
2020-01-29 21:25:25,927 ====> Recall@15: 0.6554
2020-01-29 21:25:25,927 ====> Recall@20: 0.6728
2020-01-29 21:25:25,928 ====> Recall@25: 0.6907
2020-01-29 21:25:26,929 ====> Building Cache
2020-01-29 21:25:26,930 feature cache--->>> /home/annora/NetVLAD/output/train_feat_cache2.hdf5
2020-01-29 21:27:03,114 Allocated:119.28369140625 MB
2020-01-29 21:27:03,115 Cached:4476.25 MB
2020-01-29 21:32:03,979 ==> Epoch[13](50/534): Loss: 0.2239
2020-01-29 21:32:03,986 Allocated:121.65869140625 MB
2020-01-29 21:32:03,987 Cached:8366.25 MB
2020-01-29 21:35:46,257 ==> Epoch[13](100/534): Loss: 0.1907
2020-01-29 21:35:46,264 Allocated:122.15869140625 MB
2020-01-29 21:35:46,264 Cached:8366.25 MB
2020-01-29 21:40:17,869 ==> Epoch[13](150/534): Loss: 0.1773
2020-01-29 21:40:17,873 Allocated:121.65869140625 MB
2020-01-29 21:40:17,873 Cached:8366.25 MB
2020-01-29 21:42:56,022 ====> Building Cache
2020-01-29 21:42:56,043 feature cache--->>> /home/annora/NetVLAD/output/train_feat_cache2.hdf5
2020-01-29 21:44:28,661 Allocated:121.658203125 MB
2020-01-29 21:44:28,662 Cached:3559.625 MB
2020-01-29 21:48:19,099 ==> Epoch[13](200/534): Loss: 0.2756
2020-01-29 21:48:19,104 Allocated:122.03369140625 MB
2020-01-29 21:48:19,105 Cached:7450.625 MB
2020-01-29 21:53:10,711 ==> Epoch[13](250/534): Loss: 0.2989
2020-01-29 21:53:10,714 Allocated:122.03369140625 MB
2020-01-29 21:53:10,715 Cached:7450.625 MB
2020-01-29 21:57:49,481 ==> Epoch[13](300/534): Loss: 0.2371
2020-01-29 21:57:49,485 Allocated:121.28369140625 MB
2020-01-29 21:57:49,485 Cached:7450.625 MB
2020-01-29 22:03:09,621 ==> Epoch[13](350/534): Loss: 0.2791
2020-01-29 22:03:09,628 Allocated:122.03369140625 MB
2020-01-29 22:03:09,630 Cached:7450.625 MB
2020-01-29 22:03:44,127 ====> Building Cache
2020-01-29 22:03:44,133 feature cache--->>> /home/annora/NetVLAD/output/train_feat_cache2.hdf5
2020-01-29 22:05:27,065 Allocated:121.783203125 MB
2020-01-29 22:05:27,066 Cached:3559.625 MB
2020-01-29 22:09:38,214 ==> Epoch[13](400/534): Loss: 0.2245
2020-01-29 22:09:38,224 Allocated:121.28369140625 MB
2020-01-29 22:09:38,224 Cached:7450.625 MB
2020-01-29 22:13:34,520 ==> Epoch[13](450/534): Loss: 0.2251
2020-01-29 22:13:34,527 Allocated:122.03369140625 MB
2020-01-29 22:13:34,527 Cached:7450.625 MB
2020-01-29 22:17:32,459 ==> Epoch[13](500/534): Loss: 0.1768
2020-01-29 22:17:32,465 Allocated:122.03369140625 MB
2020-01-29 22:17:32,466 Cached:7450.625 MB
2020-01-29 22:20:05,420 ===> Epoch 13 Complete: Avg. Loss: 0.2263
2020-01-29 22:20:05,423 ====> Extracting Features
2020-01-29 22:20:46,987 ==> Batch (50/108)
2020-01-29 22:21:09,609 ==> Batch (100/108)
2020-01-29 22:21:14,264 ====> Building faiss index
2020-01-29 22:21:14,821 ====> Calculating recall @ N
2020-01-29 22:21:17,980 ====> Recall@1: 0.4664
2020-01-29 22:21:17,981 ====> Recall@2: 0.5122
2020-01-29 22:21:17,982 ====> Recall@3: 0.5412
2020-01-29 22:21:17,982 ====> Recall@4: 0.5591
2020-01-29 22:21:17,982 ====> Recall@5: 0.5788
2020-01-29 22:21:17,982 ====> Recall@10: 0.6258
2020-01-29 22:21:17,983 ====> Recall@15: 0.6571
2020-01-29 22:21:17,983 ====> Recall@20: 0.6736
2020-01-29 22:21:17,983 ====> Recall@25: 0.6910
2020-01-29 22:21:18,913 ====> Building Cache
2020-01-29 22:21:18,914 feature cache--->>> /home/annora/NetVLAD/output/train_feat_cache2.hdf5
2020-01-29 22:22:51,158 Allocated:119.28369140625 MB
2020-01-29 22:22:51,159 Cached:4477.25 MB
2020-01-29 22:27:01,824 ==> Epoch[14](50/534): Loss: 0.2259
2020-01-29 22:27:01,830 Allocated:122.03369140625 MB
2020-01-29 22:27:01,831 Cached:8366.25 MB
2020-01-29 22:30:56,706 ==> Epoch[14](100/534): Loss: 0.1791
2020-01-29 22:30:56,712 Allocated:121.40869140625 MB
2020-01-29 22:30:56,713 Cached:8366.25 MB
2020-01-29 22:34:03,373 ==> Epoch[14](150/534): Loss: 0.2251
2020-01-29 22:34:03,376 Allocated:122.03369140625 MB
2020-01-29 22:34:03,377 Cached:8366.25 MB
2020-01-29 22:35:28,894 ====> Building Cache
2020-01-29 22:35:28,896 feature cache--->>> /home/annora/NetVLAD/output/train_feat_cache2.hdf5
2020-01-29 22:36:59,480 Allocated:121.783203125 MB
2020-01-29 22:36:59,481 Cached:3559.625 MB
2020-01-29 22:39:26,272 ==> Epoch[14](200/534): Loss: 0.2517
2020-01-29 22:39:26,275 Allocated:122.03369140625 MB
2020-01-29 22:39:26,275 Cached:7450.625 MB
2020-01-29 22:43:12,455 ==> Epoch[14](250/534): Loss: 0.2289
2020-01-29 22:43:12,458 Allocated:122.03369140625 MB
2020-01-29 22:43:12,458 Cached:7450.625 MB
2020-01-29 22:47:14,438 ==> Epoch[14](300/534): Loss: 0.2969
2020-01-29 22:47:14,440 Allocated:121.28369140625 MB
2020-01-29 22:47:14,441 Cached:7450.625 MB
2020-01-29 22:51:29,800 ==> Epoch[14](350/534): Loss: 0.2530
2020-01-29 22:51:29,809 Allocated:122.03369140625 MB
2020-01-29 22:51:29,816 Cached:7450.625 MB
2020-01-29 22:52:03,615 ====> Building Cache
2020-01-29 22:52:03,617 feature cache--->>> /home/annora/NetVLAD/output/train_feat_cache2.hdf5
2020-01-29 22:53:36,585 Allocated:121.783203125 MB
2020-01-29 22:53:36,586 Cached:3559.625 MB
2020-01-29 22:59:04,852 ==> Epoch[14](400/534): Loss: 0.1984
2020-01-29 22:59:04,857 Allocated:121.28369140625 MB
2020-01-29 22:59:04,858 Cached:7450.625 MB
2020-01-29 23:02:54,264 ==> Epoch[14](450/534): Loss: 0.1874
2020-01-29 23:02:54,269 Allocated:122.03369140625 MB
2020-01-29 23:02:54,269 Cached:7450.625 MB
2020-01-29 23:06:49,406 ==> Epoch[14](500/534): Loss: 0.2091
2020-01-29 23:06:49,408 Allocated:121.28369140625 MB
2020-01-29 23:06:49,409 Cached:7450.625 MB
2020-01-29 23:08:42,982 ===> Epoch 14 Complete: Avg. Loss: 0.2245
2020-01-29 23:08:42,984 ====> Extracting Features
2020-01-29 23:09:22,233 ==> Batch (50/108)
2020-01-29 23:09:45,868 ==> Batch (100/108)
2020-01-29 23:09:50,172 ====> Building faiss index
2020-01-29 23:09:51,168 ====> Calculating recall @ N
2020-01-29 23:09:53,835 ====> Recall@1: 0.4678
2020-01-29 23:09:53,836 ====> Recall@2: 0.5136
2020-01-29 23:09:53,836 ====> Recall@3: 0.5403
2020-01-29 23:09:53,837 ====> Recall@4: 0.5597
2020-01-29 23:09:53,837 ====> Recall@5: 0.5765
2020-01-29 23:09:53,837 ====> Recall@10: 0.6246
2020-01-29 23:09:53,837 ====> Recall@15: 0.6571
2020-01-29 23:09:53,837 ====> Recall@20: 0.6757
2020-01-29 23:09:53,838 ====> Recall@25: 0.6901
2020-01-29 23:09:54,312 ====> Building Cache
2020-01-29 23:09:54,312 feature cache--->>> /home/annora/NetVLAD/output/train_feat_cache2.hdf5
2020-01-29 23:11:25,928 Allocated:119.28369140625 MB
2020-01-29 23:11:25,929 Cached:4477.25 MB
2020-01-29 23:15:33,639 ==> Epoch[15](50/534): Loss: 0.2081
2020-01-29 23:15:33,648 Allocated:121.40869140625 MB
2020-01-29 23:15:33,651 Cached:8366.25 MB
2020-01-29 23:19:25,726 ==> Epoch[15](100/534): Loss: 0.2115
2020-01-29 23:19:25,730 Allocated:122.03369140625 MB
2020-01-29 23:19:25,731 Cached:8366.25 MB
2020-01-29 23:22:49,442 ==> Epoch[15](150/534): Loss: 0.2198
2020-01-29 23:22:49,450 Allocated:121.40869140625 MB
2020-01-29 23:22:49,452 Cached:8366.25 MB
2020-01-29 23:24:47,532 ====> Building Cache
2020-01-29 23:24:47,533 feature cache--->>> /home/annora/NetVLAD/output/train_feat_cache2.hdf5
2020-01-29 23:26:20,369 Allocated:122.158203125 MB
2020-01-29 23:26:20,370 Cached:2942.5 MB
2020-01-29 23:28:58,438 ==> Epoch[15](200/534): Loss: 0.2331
2020-01-29 23:28:58,443 Allocated:121.28369140625 MB
2020-01-29 23:28:58,444 Cached:6833.5 MB
2020-01-29 23:34:07,790 ==> Epoch[15](250/534): Loss: 0.2618
2020-01-29 23:34:07,801 Allocated:122.03369140625 MB
2020-01-29 23:34:07,802 Cached:6833.5 MB
2020-01-29 23:39:03,635 ==> Epoch[15](300/534): Loss: 0.2739
2020-01-29 23:39:03,638 Allocated:121.28369140625 MB
2020-01-29 23:39:03,638 Cached:6833.5 MB
2020-01-29 23:42:14,506 ==> Epoch[15](350/534): Loss: 0.2387
2020-01-29 23:42:14,518 Allocated:121.28369140625 MB
2020-01-29 23:42:14,520 Cached:6833.5 MB
2020-01-29 23:42:41,168 ====> Building Cache
2020-01-29 23:42:41,169 feature cache--->>> /home/annora/NetVLAD/output/train_feat_cache2.hdf5
2020-01-29 23:44:08,700 Allocated:121.283203125 MB
2020-01-29 23:44:08,701 Cached:2942.5 MB
2020-01-29 23:48:02,141 ==> Epoch[15](400/534): Loss: 0.2070
2020-01-29 23:48:02,144 Allocated:122.40869140625 MB
2020-01-29 23:48:02,144 Cached:6833.5 MB
2020-01-29 23:53:28,577 ==> Epoch[15](450/534): Loss: 0.1774
2020-01-29 23:53:28,579 Allocated:121.53369140625 MB
2020-01-29 23:53:28,579 Cached:6833.5 MB
2020-01-29 23:56:52,672 ==> Epoch[15](500/534): Loss: 0.2125
2020-01-29 23:56:52,677 Allocated:121.28369140625 MB
2020-01-29 23:56:52,678 Cached:6833.5 MB
2020-01-29 23:59:19,407 ===> Epoch 15 Complete: Avg. Loss: 0.2232
2020-01-29 23:59:19,413 ====> Extracting Features
2020-01-30 00:00:02,463 ==> Batch (50/108)
2020-01-30 00:00:36,251 ==> Batch (100/108)
2020-01-30 00:00:43,476 ====> Building faiss index
2020-01-30 00:00:44,659 ====> Calculating recall @ N
2020-01-30 00:00:48,715 ====> Recall@1: 0.4687
2020-01-30 00:00:48,717 ====> Recall@2: 0.5136
2020-01-30 00:00:48,718 ====> Recall@3: 0.5403
2020-01-30 00:00:48,718 ====> Recall@4: 0.5597
2020-01-30 00:00:48,719 ====> Recall@5: 0.5759
2020-01-30 00:00:48,720 ====> Recall@10: 0.6246
2020-01-30 00:00:48,720 ====> Recall@15: 0.6562
2020-01-30 00:00:48,721 ====> Recall@20: 0.6757
2020-01-30 00:00:48,721 ====> Recall@25: 0.6901
2020-01-30 00:00:49,319 ====> Building Cache
2020-01-30 00:00:49,320 feature cache--->>> /home/annora/NetVLAD/output/train_feat_cache2.hdf5
2020-01-30 00:02:19,499 Allocated:120.03369140625 MB
2020-01-30 00:02:19,501 Cached:4149.875 MB
2020-01-30 00:09:06,188 ==> Epoch[16](50/534): Loss: 0.1979
2020-01-30 00:09:06,193 Allocated:121.28369140625 MB
2020-01-30 00:09:06,194 Cached:8039.875 MB
2020-01-30 00:13:53,625 ==> Epoch[16](100/534): Loss: 0.2031
2020-01-30 00:13:53,627 Allocated:121.28369140625 MB
2020-01-30 00:13:53,627 Cached:8039.875 MB
2020-01-30 00:17:45,538 ==> Epoch[16](150/534): Loss: 0.2160
2020-01-30 00:17:45,551 Allocated:121.28369140625 MB
2020-01-30 00:17:45,552 Cached:8039.875 MB
2020-01-30 00:19:44,271 ====> Building Cache
2020-01-30 00:19:44,273 feature cache--->>> /home/annora/NetVLAD/output/train_feat_cache2.hdf5
2020-01-30 00:21:13,042 Allocated:121.158203125 MB
2020-01-30 00:21:13,043 Cached:2978.125 MB
2020-01-30 00:24:36,527 ==> Epoch[16](200/534): Loss: 0.2493
2020-01-30 00:24:36,530 Allocated:121.90869140625 MB
2020-01-30 00:24:36,531 Cached:6869.125 MB
2020-01-30 00:28:12,797 ==> Epoch[16](250/534): Loss: 0.2635
2020-01-30 00:28:12,799 Allocated:121.15869140625 MB
2020-01-30 00:28:12,800 Cached:6869.125 MB
2020-01-30 00:33:02,818 ==> Epoch[16](300/534): Loss: 0.2739
2020-01-30 00:33:02,821 Allocated:121.90869140625 MB
2020-01-30 00:33:02,821 Cached:6869.125 MB
2020-01-30 00:37:14,774 ==> Epoch[16](350/534): Loss: 0.2465
2020-01-30 00:37:14,776 Allocated:121.90869140625 MB
2020-01-30 00:37:14,777 Cached:6869.125 MB
2020-01-30 00:37:32,656 ====> Building Cache
2020-01-30 00:37:32,658 feature cache--->>> /home/annora/NetVLAD/output/train_feat_cache2.hdf5
2020-01-30 00:39:02,061 Allocated:121.908203125 MB
2020-01-30 00:39:02,063 Cached:3387.25 MB
2020-01-30 00:42:45,040 ==> Epoch[16](400/534): Loss: 0.1914
2020-01-30 00:42:45,044 Allocated:121.90869140625 MB
2020-01-30 00:42:45,045 Cached:7278.25 MB
2020-01-30 00:46:53,424 ==> Epoch[16](450/534): Loss: 0.2304
2020-01-30 00:46:53,426 Allocated:121.40869140625 MB
2020-01-30 00:46:53,426 Cached:7278.25 MB
2020-01-30 00:51:24,746 ==> Epoch[16](500/534): Loss: 0.1986
2020-01-30 00:51:24,749 Allocated:121.90869140625 MB
2020-01-30 00:51:24,749 Cached:7278.25 MB
2020-01-30 00:54:16,561 ===> Epoch 16 Complete: Avg. Loss: 0.2223
2020-01-30 00:54:16,563 ====> Extracting Features
2020-01-30 00:54:55,763 ==> Batch (50/108)
2020-01-30 00:55:21,938 ==> Batch (100/108)
2020-01-30 00:55:27,916 ====> Building faiss index
2020-01-30 00:55:28,283 ====> Calculating recall @ N
2020-01-30 00:55:31,074 ====> Recall@1: 0.4693
2020-01-30 00:55:31,076 ====> Recall@2: 0.5130
2020-01-30 00:55:31,078 ====> Recall@3: 0.5417
2020-01-30 00:55:31,081 ====> Recall@4: 0.5597
2020-01-30 00:55:31,082 ====> Recall@5: 0.5768
2020-01-30 00:55:31,082 ====> Recall@10: 0.6249
2020-01-30 00:55:31,083 ====> Recall@15: 0.6557
2020-01-30 00:55:31,083 ====> Recall@20: 0.6759
2020-01-30 00:55:31,084 ====> Recall@25: 0.6910
2020-01-30 00:55:31,814 ====> Building Cache
2020-01-30 00:55:31,815 feature cache--->>> /home/annora/NetVLAD/output/train_feat_cache2.hdf5
2020-01-30 00:57:08,065 Allocated:119.15869140625 MB
2020-01-30 00:57:08,066 Cached:5072.5 MB
2020-01-30 01:00:54,223 ==> Epoch[17](50/534): Loss: 0.1936
2020-01-30 01:00:54,226 Allocated:121.40869140625 MB
2020-01-30 01:00:54,226 Cached:8961.5 MB
2020-01-30 01:03:11,800 ==> Epoch[17](100/534): Loss: 0.2016
2020-01-30 01:03:11,802 Allocated:121.40869140625 MB
2020-01-30 01:03:11,803 Cached:8961.5 MB
2020-01-30 01:05:47,897 ==> Epoch[17](150/534): Loss: 0.2196
2020-01-30 01:05:47,899 Allocated:121.40869140625 MB
2020-01-30 01:05:47,900 Cached:8961.5 MB
2020-01-30 01:07:12,744 ====> Building Cache
2020-01-30 01:07:12,746 feature cache--->>> /home/annora/NetVLAD/output/train_feat_cache2.hdf5
2020-01-30 01:08:39,817 Allocated:121.658203125 MB
2020-01-30 01:08:39,818 Cached:4154.875 MB
2020-01-30 01:10:28,925 ==> Epoch[17](200/534): Loss: 0.2690
2020-01-30 01:10:28,927 Allocated:121.90869140625 MB
2020-01-30 01:10:28,927 Cached:8045.875 MB
2020-01-30 01:14:23,305 ==> Epoch[17](250/534): Loss: 0.2398
2020-01-30 01:14:23,308 Allocated:121.53369140625 MB
2020-01-30 01:14:23,308 Cached:8045.875 MB
2020-01-30 01:17:44,519 ==> Epoch[17](300/534): Loss: 0.2364
2020-01-30 01:17:44,521 Allocated:121.53369140625 MB
2020-01-30 01:17:44,521 Cached:8045.875 MB
2020-01-30 01:22:19,437 ==> Epoch[17](350/534): Loss: 0.2631
2020-01-30 01:22:19,444 Allocated:121.90869140625 MB
2020-01-30 01:22:19,445 Cached:8045.875 MB
2020-01-30 01:23:11,653 ====> Building Cache
2020-01-30 01:23:11,656 feature cache--->>> /home/annora/NetVLAD/output/train_feat_cache2.hdf5
2020-01-30 01:24:42,516 Allocated:121.908203125 MB
2020-01-30 01:24:42,517 Cached:3559.625 MB
2020-01-30 01:30:32,764 ==> Epoch[17](400/534): Loss: 0.1668
2020-01-30 01:30:32,767 Allocated:121.90869140625 MB
2020-01-30 01:30:32,767 Cached:7450.625 MB
2020-01-30 01:36:16,253 ==> Epoch[17](450/534): Loss: 0.1906
2020-01-30 01:36:16,257 Allocated:121.15869140625 MB
2020-01-30 01:36:16,257 Cached:7450.625 MB
2020-01-30 01:42:13,941 ==> Epoch[17](500/534): Loss: 0.1875
2020-01-30 01:42:13,943 Allocated:121.65869140625 MB
2020-01-30 01:42:13,943 Cached:7450.625 MB
2020-01-30 01:45:10,346 ===> Epoch 17 Complete: Avg. Loss: 0.2214
2020-01-30 01:45:10,349 ====> Extracting Features
2020-01-30 01:45:47,802 ==> Batch (50/108)
2020-01-30 01:46:12,444 ==> Batch (100/108)
2020-01-30 01:46:17,272 ====> Building faiss index
2020-01-30 01:46:17,880 ====> Calculating recall @ N
2020-01-30 01:46:22,500 ====> Recall@1: 0.4699
2020-01-30 01:46:22,503 ====> Recall@2: 0.5130
2020-01-30 01:46:22,506 ====> Recall@3: 0.5420
2020-01-30 01:46:22,507 ====> Recall@4: 0.5597
2020-01-30 01:46:22,508 ====> Recall@5: 0.5768
2020-01-30 01:46:22,509 ====> Recall@10: 0.6258
2020-01-30 01:46:22,510 ====> Recall@15: 0.6559
2020-01-30 01:46:22,513 ====> Recall@20: 0.6762
2020-01-30 01:46:22,518 ====> Recall@25: 0.6910
2020-01-30 01:46:23,342 ====> Building Cache
2020-01-30 01:46:23,345 feature cache--->>> /home/annora/NetVLAD/output/train_feat_cache2.hdf5
2020-01-30 01:47:54,273 Allocated:119.15869140625 MB
2020-01-30 01:47:54,274 Cached:4477.25 MB
2020-01-30 01:54:59,529 ==> Epoch[18](50/534): Loss: 0.2051
2020-01-30 01:54:59,532 Allocated:121.53369140625 MB
2020-01-30 01:54:59,532 Cached:8366.25 MB
2020-01-30 02:00:29,166 ==> Epoch[18](100/534): Loss: 0.2088
2020-01-30 02:00:29,171 Allocated:122.03369140625 MB
2020-01-30 02:00:29,171 Cached:8366.25 MB
