2020-01-30 12:11:50,626 Namespace(arch='alexnet', batchSize=12, cacheBatchSize=96, cachePath='/home/annora/NetVLAD/output/', cacheRefreshRate=3000, ckpt='best', contilearn=True, dataPath='/home/annora/NetVLAD/output/data/', dataset='robotcar', evalEvery=1, fromscratch=True, fromtask='', lr=0.1, lrGamma=0.5, lrStep=5, margin=0.1, mode='train', momentum=0.9, nEpochs=30, nGPU=1, nocuda=False, num_clusters=64, optim='SGD', patience=10, pooling='netvlad', premodel='imagenet', resume='', runsPath='/home/annora/NetVLAD/output/runs/', savePath='checkpoints', seed=123, split='val', start_epoch=0, threads=8, vladv2=False, weightDecay=0.001)
2020-01-30 12:11:50,722 ===> Loading dataset(s)
2020-01-30 12:11:50,723 trainfile ------>>>>>> oxRobocar_doubleN_train.mat
2020-01-30 12:11:53,468 ====> Training set: oxRobocar_doubleN_train.mat, query set count: 6404
2020-01-30 12:11:53,572 ===> Evaluating on val set: oxRobocar_doubleN_val.mat, query count: 3450
2020-01-30 12:11:53,572 ===> Building model
2020-01-30 12:11:53,626 encoder moder:
AlexNet(
  (conv1): Sequential(
    (0): Conv2d(3, 64, kernel_size=(11, 11), stride=(4, 4), padding=(2, 2))
    (1): ReLU(inplace)
    (2): MaxPool2d(kernel_size=3, stride=2, padding=0, dilation=1, ceil_mode=False)
  )
  (conv2): Sequential(
    (0): Conv2d(64, 192, kernel_size=(5, 5), stride=(1, 1), padding=(2, 2))
    (1): ReLU(inplace)
    (2): MaxPool2d(kernel_size=3, stride=2, padding=0, dilation=1, ceil_mode=False)
  )
  (conv3): Sequential(
    (0): Conv2d(192, 384, kernel_size=(3, 3), stride=(1, 1), padding=(1, 1))
    (1): ReLU(inplace)
  )
  (conv4): Sequential(
    (0): Conv2d(384, 256, kernel_size=(3, 3), stride=(1, 1), padding=(1, 1))
    (1): ReLU(inplace)
  )
  (conv5): Sequential(
    (0): Conv2d(256, 256, kernel_size=(3, 3), stride=(1, 1), padding=(1, 1))
  )
)
2020-01-30 12:11:57,801 ===> Training model
2020-01-30 12:11:57,804 ===> Saving state to: /home/annora/NetVLAD/output/runs/2020-01-30-12-11-57_alexnet_netvlad
2020-01-30 12:11:57,842 ====> Building Cache
2020-01-30 12:11:57,843 feature cache--->>> /home/annora/NetVLAD/output/train_feat_cache1.hdf5
2020-01-30 12:13:32,210 Allocated:99.47119140625 MB
2020-01-30 12:13:32,210 Cached:2864.375 MB
2020-01-30 12:16:28,510 ==> Epoch[1](50/534): Loss: 0.1676
2020-01-30 12:16:28,512 Allocated:121.28369140625 MB
2020-01-30 12:16:28,513 Cached:6757.375 MB
2020-01-30 12:18:39,303 ==> Epoch[1](100/534): Loss: 0.1440
2020-01-30 12:18:39,306 Allocated:121.53369140625 MB
2020-01-30 12:18:39,306 Cached:6757.375 MB
2020-01-30 12:20:51,991 ==> Epoch[1](150/534): Loss: 0.0645
2020-01-30 12:20:51,993 Allocated:122.28369140625 MB
2020-01-30 12:20:51,993 Cached:6757.375 MB
2020-01-30 12:22:00,330 ====> Building Cache
2020-01-30 12:22:00,331 feature cache--->>> /home/annora/NetVLAD/output/train_feat_cache1.hdf5
2020-01-30 12:23:30,070 Allocated:121.283203125 MB
2020-01-30 12:23:30,071 Cached:3387.25 MB
2020-01-30 12:25:06,523 ==> Epoch[1](200/534): Loss: 0.1469
2020-01-30 12:25:06,525 Allocated:121.65869140625 MB
2020-01-30 12:25:06,525 Cached:7278.25 MB
2020-01-30 12:27:34,275 ==> Epoch[1](250/534): Loss: 0.1138
2020-01-30 12:27:34,277 Allocated:121.28369140625 MB
2020-01-30 12:27:34,277 Cached:7278.25 MB
2020-01-30 12:29:51,890 ==> Epoch[1](300/534): Loss: 0.0753
2020-01-30 12:29:51,895 Allocated:121.28369140625 MB
2020-01-30 12:29:51,895 Cached:7278.25 MB
2020-01-30 12:31:57,153 ==> Epoch[1](350/534): Loss: 0.0800
2020-01-30 12:31:57,155 Allocated:121.90869140625 MB
2020-01-30 12:31:57,155 Cached:7278.25 MB
2020-01-30 12:32:11,159 ====> Building Cache
2020-01-30 12:32:11,159 feature cache--->>> /home/annora/NetVLAD/output/train_feat_cache1.hdf5
2020-01-30 12:33:39,679 Allocated:121.158203125 MB
2020-01-30 12:33:39,679 Cached:3388.25 MB
2020-01-30 12:36:21,061 ==> Epoch[1](400/534): Loss: 0.0868
2020-01-30 12:36:21,064 Allocated:122.40869140625 MB
2020-01-30 12:36:21,064 Cached:5077.5 MB
2020-01-30 12:38:39,581 ==> Epoch[1](450/534): Loss: 0.1252
2020-01-30 12:38:39,583 Allocated:121.40869140625 MB
2020-01-30 12:38:39,584 Cached:5077.5 MB
2020-01-30 12:40:39,016 ==> Epoch[1](500/534): Loss: 0.0613
2020-01-30 12:40:39,018 Allocated:121.15869140625 MB
2020-01-30 12:40:39,018 Cached:5077.5 MB
2020-01-30 12:41:56,696 ===> Epoch 1 Complete: Avg. Loss: 0.1107
2020-01-30 12:41:56,698 ====> Extracting Features
2020-01-30 12:42:35,974 ==> Batch (50/108)
2020-01-30 12:43:00,942 ==> Batch (100/108)
2020-01-30 12:43:05,958 ====> Building faiss index
2020-01-30 12:43:06,317 ====> Calculating recall @ N
2020-01-30 12:43:08,906 ====> Recall@1: 0.1797
2020-01-30 12:43:08,907 ====> Recall@2: 0.2568
2020-01-30 12:43:08,907 ====> Recall@3: 0.2971
2020-01-30 12:43:08,907 ====> Recall@4: 0.3220
2020-01-30 12:43:08,908 ====> Recall@5: 0.3487
2020-01-30 12:43:08,908 ====> Recall@10: 0.4136
2020-01-30 12:43:08,908 ====> Recall@15: 0.4620
2020-01-30 12:43:08,908 ====> Recall@20: 0.4988
2020-01-30 12:43:08,908 ====> Recall@25: 0.5246
2020-01-30 12:43:09,245 ====> Building Cache
2020-01-30 12:43:09,245 feature cache--->>> /home/annora/NetVLAD/output/train_feat_cache1.hdf5
2020-01-30 12:44:41,424 Allocated:119.28369140625 MB
2020-01-30 12:44:41,424 Cached:3747.0 MB
2020-01-30 12:47:35,666 ==> Epoch[2](50/534): Loss: 0.0587
2020-01-30 12:47:35,668 Allocated:122.03369140625 MB
2020-01-30 12:47:35,669 Cached:5145.625 MB
2020-01-30 12:49:48,832 ==> Epoch[2](100/534): Loss: 0.0400
2020-01-30 12:49:48,836 Allocated:121.28369140625 MB
2020-01-30 12:49:48,836 Cached:5145.625 MB
2020-01-30 12:52:07,150 ==> Epoch[2](150/534): Loss: 0.0860
2020-01-30 12:52:07,153 Allocated:121.15869140625 MB
2020-01-30 12:52:07,153 Cached:5145.625 MB
2020-01-30 12:53:16,623 ====> Building Cache
2020-01-30 12:53:16,624 feature cache--->>> /home/annora/NetVLAD/output/train_feat_cache1.hdf5
2020-01-30 12:54:47,335 Allocated:121.158203125 MB
2020-01-30 12:54:47,335 Cached:3387.25 MB
2020-01-30 12:56:28,717 ==> Epoch[2](200/534): Loss: 0.2751
2020-01-30 12:56:28,720 Allocated:121.15869140625 MB
2020-01-30 12:56:28,720 Cached:3586.25 MB
2020-01-30 12:58:44,517 ==> Epoch[2](250/534): Loss: 0.1048
2020-01-30 12:58:44,521 Allocated:121.53369140625 MB
2020-01-30 12:58:44,522 Cached:5733.875 MB
2020-01-30 13:00:49,960 ==> Epoch[2](300/534): Loss: 0.0416
2020-01-30 13:00:49,962 Allocated:121.15869140625 MB
2020-01-30 13:00:49,962 Cached:5733.875 MB
2020-01-30 13:02:41,658 ==> Epoch[2](350/534): Loss: 0.1450
2020-01-30 13:02:41,660 Allocated:121.53369140625 MB
2020-01-30 13:02:41,660 Cached:5733.875 MB
2020-01-30 13:02:54,971 ====> Building Cache
2020-01-30 13:02:54,972 feature cache--->>> /home/annora/NetVLAD/output/train_feat_cache1.hdf5
2020-01-30 13:04:24,203 Allocated:121.158203125 MB
2020-01-30 13:04:24,204 Cached:3559.625 MB
2020-01-30 13:07:05,589 ==> Epoch[2](400/534): Loss: 0.1199
2020-01-30 13:07:05,591 Allocated:121.15869140625 MB
2020-01-30 13:07:05,592 Cached:7450.625 MB
2020-01-30 13:09:11,166 ==> Epoch[2](450/534): Loss: 0.0815
2020-01-30 13:09:11,169 Allocated:121.90869140625 MB
2020-01-30 13:09:11,169 Cached:7450.625 MB
2020-01-30 13:11:07,815 ==> Epoch[2](500/534): Loss: 0.0704
2020-01-30 13:11:07,817 Allocated:121.15869140625 MB
2020-01-30 13:11:07,817 Cached:7450.625 MB
2020-01-30 13:12:28,057 ===> Epoch 2 Complete: Avg. Loss: 0.1146
2020-01-30 13:12:28,059 ====> Extracting Features
2020-01-30 13:13:07,620 ==> Batch (50/108)
2020-01-30 13:13:32,706 ==> Batch (100/108)
2020-01-30 13:13:37,248 ====> Building faiss index
2020-01-30 13:13:37,600 ====> Calculating recall @ N
2020-01-30 13:13:40,291 ====> Recall@1: 0.2206
2020-01-30 13:13:40,291 ====> Recall@2: 0.2707
2020-01-30 13:13:40,292 ====> Recall@3: 0.3009
2020-01-30 13:13:40,292 ====> Recall@4: 0.3316
2020-01-30 13:13:40,292 ====> Recall@5: 0.3522
2020-01-30 13:13:40,293 ====> Recall@10: 0.4113
2020-01-30 13:13:40,293 ====> Recall@15: 0.4612
2020-01-30 13:13:40,293 ====> Recall@20: 0.4904
2020-01-30 13:13:40,293 ====> Recall@25: 0.5116
2020-01-30 13:13:41,088 ====> Building Cache
2020-01-30 13:13:41,089 feature cache--->>> /home/annora/NetVLAD/output/train_feat_cache1.hdf5
2020-01-30 13:15:18,489 Allocated:119.90869140625 MB
2020-01-30 13:15:18,490 Cached:4477.25 MB
2020-01-30 13:18:13,418 ==> Epoch[3](50/534): Loss: 0.1807
2020-01-30 13:18:13,422 Allocated:121.15869140625 MB
2020-01-30 13:18:13,422 Cached:9612.75 MB
2020-01-30 13:20:13,429 ==> Epoch[3](100/534): Loss: 0.1631
2020-01-30 13:20:13,432 Allocated:122.15869140625 MB
2020-01-30 13:20:13,432 Cached:9612.75 MB
2020-01-30 13:22:12,666 ==> Epoch[3](150/534): Loss: 0.0957
2020-01-30 13:22:12,669 Allocated:122.03369140625 MB
2020-01-30 13:22:12,669 Cached:9612.75 MB
2020-01-30 13:23:19,820 ====> Building Cache
2020-01-30 13:23:19,822 feature cache--->>> /home/annora/NetVLAD/output/train_feat_cache1.hdf5
2020-01-30 13:24:59,502 Allocated:122.033203125 MB
2020-01-30 13:24:59,503 Cached:3557.125 MB
2020-01-30 13:26:53,725 ==> Epoch[3](200/534): Loss: 0.1189
2020-01-30 13:26:53,729 Allocated:121.28369140625 MB
2020-01-30 13:26:53,730 Cached:7448.125 MB
2020-01-30 13:29:01,720 ==> Epoch[3](250/534): Loss: 0.0817
2020-01-30 13:29:01,722 Allocated:121.28369140625 MB
2020-01-30 13:29:01,722 Cached:7448.125 MB
2020-01-30 13:31:03,308 ==> Epoch[3](300/534): Loss: 0.1320
2020-01-30 13:31:03,311 Allocated:122.03369140625 MB
2020-01-30 13:31:03,311 Cached:7448.125 MB
2020-01-30 13:33:04,327 ==> Epoch[3](350/534): Loss: 0.1428
2020-01-30 13:33:04,329 Allocated:122.03369140625 MB
2020-01-30 13:33:04,330 Cached:7448.125 MB
2020-01-30 13:33:18,962 ====> Building Cache
2020-01-30 13:33:18,963 feature cache--->>> /home/annora/NetVLAD/output/train_feat_cache1.hdf5
2020-01-30 13:34:55,890 Allocated:121.783203125 MB
2020-01-30 13:34:55,891 Cached:3559.625 MB
2020-01-30 13:37:36,780 ==> Epoch[3](400/534): Loss: 0.1703
2020-01-30 13:37:36,783 Allocated:122.03369140625 MB
2020-01-30 13:37:36,783 Cached:9987.25 MB
2020-01-30 13:39:42,905 ==> Epoch[3](450/534): Loss: 0.0968
2020-01-30 13:39:42,908 Allocated:121.28369140625 MB
2020-01-30 13:39:42,909 Cached:9987.25 MB
2020-01-30 13:41:51,004 ==> Epoch[3](500/534): Loss: 0.1149
2020-01-30 13:41:51,007 Allocated:121.28369140625 MB
2020-01-30 13:41:51,007 Cached:9987.25 MB
2020-01-30 13:43:15,947 ===> Epoch 3 Complete: Avg. Loss: 0.1559
2020-01-30 13:43:15,949 ====> Extracting Features
2020-01-30 13:43:59,818 ==> Batch (50/108)
2020-01-30 13:44:30,130 ==> Batch (100/108)
2020-01-30 13:44:34,664 ====> Building faiss index
2020-01-30 13:44:35,036 ====> Calculating recall @ N
2020-01-30 13:44:37,736 ====> Recall@1: 0.0849
2020-01-30 13:44:37,737 ====> Recall@2: 0.1116
2020-01-30 13:44:37,737 ====> Recall@3: 0.1339
2020-01-30 13:44:37,737 ====> Recall@4: 0.1478
2020-01-30 13:44:37,738 ====> Recall@5: 0.1614
2020-01-30 13:44:37,738 ====> Recall@10: 0.2067
2020-01-30 13:44:37,738 ====> Recall@15: 0.2435
2020-01-30 13:44:37,738 ====> Recall@20: 0.2710
2020-01-30 13:44:37,738 ====> Recall@25: 0.2945
2020-01-30 13:44:38,233 ====> Building Cache
2020-01-30 13:44:38,233 feature cache--->>> /home/annora/NetVLAD/output/train_feat_cache1.hdf5
2020-01-30 13:46:12,850 Allocated:119.28369140625 MB
2020-01-30 13:46:12,851 Cached:4477.25 MB
2020-01-30 13:49:17,875 ==> Epoch[4](50/534): Loss: 0.1628
2020-01-30 13:49:17,878 Allocated:121.90869140625 MB
2020-01-30 13:49:17,878 Cached:8366.25 MB
2020-01-30 13:51:28,169 ==> Epoch[4](100/534): Loss: 0.0946
2020-01-30 13:51:28,171 Allocated:122.03369140625 MB
2020-01-30 13:51:28,171 Cached:8366.25 MB
2020-01-30 13:53:30,993 ==> Epoch[4](150/534): Loss: 0.1949
2020-01-30 13:53:30,996 Allocated:122.03369140625 MB
2020-01-30 13:53:30,996 Cached:8366.25 MB
2020-01-30 13:54:43,717 ====> Building Cache
2020-01-30 13:54:43,718 feature cache--->>> /home/annora/NetVLAD/output/train_feat_cache1.hdf5
2020-01-30 13:56:26,894 Allocated:122.158203125 MB
2020-01-30 13:56:26,895 Cached:2942.5 MB
2020-01-30 13:58:21,397 ==> Epoch[4](200/534): Loss: 0.2020
2020-01-30 13:58:21,401 Allocated:121.28369140625 MB
2020-01-30 13:58:21,401 Cached:6833.5 MB
2020-01-30 14:00:35,582 ==> Epoch[4](250/534): Loss: 0.1198
2020-01-30 14:00:35,584 Allocated:122.03369140625 MB
2020-01-30 14:00:35,584 Cached:6833.5 MB
2020-01-30 14:02:45,615 ==> Epoch[4](300/534): Loss: 0.1148
2020-01-30 14:02:45,619 Allocated:121.28369140625 MB
2020-01-30 14:02:45,619 Cached:6833.5 MB
2020-01-30 14:04:54,731 ==> Epoch[4](350/534): Loss: 0.0505
2020-01-30 14:04:54,733 Allocated:121.28369140625 MB
2020-01-30 14:04:54,733 Cached:6833.5 MB
2020-01-30 14:05:08,869 ====> Building Cache
2020-01-30 14:05:08,869 feature cache--->>> /home/annora/NetVLAD/output/train_feat_cache1.hdf5
2020-01-30 14:06:40,242 Allocated:121.283203125 MB
2020-01-30 14:06:40,242 Cached:2942.5 MB
2020-01-30 14:09:16,135 ==> Epoch[4](400/534): Loss: 0.2031
2020-01-30 14:09:16,138 Allocated:121.28369140625 MB
2020-01-30 14:09:16,138 Cached:6833.5 MB
2020-01-30 14:11:26,440 ==> Epoch[4](450/534): Loss: 0.1741
2020-01-30 14:11:26,443 Allocated:121.28369140625 MB
2020-01-30 14:11:26,443 Cached:6833.5 MB
2020-01-30 14:13:30,194 ==> Epoch[4](500/534): Loss: 0.1196
2020-01-30 14:13:30,196 Allocated:121.28369140625 MB
2020-01-30 14:13:30,196 Cached:6833.5 MB
2020-01-30 14:14:52,566 ===> Epoch 4 Complete: Avg. Loss: 0.1632
2020-01-30 14:14:52,567 ====> Extracting Features
2020-01-30 14:15:35,744 ==> Batch (50/108)
2020-01-30 14:16:00,394 ==> Batch (100/108)
2020-01-30 14:16:05,335 ====> Building faiss index
2020-01-30 14:16:05,690 ====> Calculating recall @ N
2020-01-30 14:16:08,409 ====> Recall@1: 0.0507
2020-01-30 14:16:08,410 ====> Recall@2: 0.0835
2020-01-30 14:16:08,411 ====> Recall@3: 0.1087
2020-01-30 14:16:08,411 ====> Recall@4: 0.1275
2020-01-30 14:16:08,411 ====> Recall@5: 0.1455
2020-01-30 14:16:08,412 ====> Recall@10: 0.2154
2020-01-30 14:16:08,412 ====> Recall@15: 0.2620
2020-01-30 14:16:08,412 ====> Recall@20: 0.2991
2020-01-30 14:16:08,412 ====> Recall@25: 0.3293
2020-01-30 14:16:08,876 ====> Building Cache
2020-01-30 14:16:08,877 feature cache--->>> /home/annora/NetVLAD/output/train_feat_cache1.hdf5
2020-01-30 14:17:41,220 Allocated:119.28369140625 MB
2020-01-30 14:17:41,221 Cached:4243.0 MB
2020-01-30 14:20:35,840 ==> Epoch[5](50/534): Loss: 0.1767
2020-01-30 14:20:35,843 Allocated:121.65869140625 MB
2020-01-30 14:20:35,843 Cached:8133.0 MB
2020-01-30 14:22:42,558 ==> Epoch[5](100/534): Loss: 0.0652
2020-01-30 14:22:42,560 Allocated:121.65869140625 MB
2020-01-30 14:22:42,561 Cached:8133.0 MB
2020-01-30 14:24:52,684 ==> Epoch[5](150/534): Loss: 0.1231
2020-01-30 14:24:52,688 Allocated:121.65869140625 MB
2020-01-30 14:24:52,688 Cached:8133.0 MB
2020-01-30 14:26:00,591 ====> Building Cache
2020-01-30 14:26:00,592 feature cache--->>> /home/annora/NetVLAD/output/train_feat_cache1.hdf5
2020-01-30 14:27:33,860 Allocated:121.158203125 MB
2020-01-30 14:27:33,861 Cached:3387.25 MB
2020-01-30 14:29:14,595 ==> Epoch[5](200/534): Loss: 0.2154
2020-01-30 14:29:14,598 Allocated:121.90869140625 MB
2020-01-30 14:29:14,598 Cached:7278.25 MB
2020-01-30 14:31:34,009 ==> Epoch[5](250/534): Loss: 0.0743
2020-01-30 14:31:34,012 Allocated:121.90869140625 MB
2020-01-30 14:31:34,012 Cached:7278.25 MB
2020-01-30 14:33:41,685 ==> Epoch[5](300/534): Loss: 0.0630
2020-01-30 14:33:41,687 Allocated:121.15869140625 MB
2020-01-30 14:33:41,687 Cached:7278.25 MB
2020-01-30 14:35:44,657 ==> Epoch[5](350/534): Loss: 0.0251
2020-01-30 14:35:44,660 Allocated:121.90869140625 MB
2020-01-30 14:35:44,660 Cached:7278.25 MB
2020-01-30 14:35:59,008 ====> Building Cache
2020-01-30 14:35:59,009 feature cache--->>> /home/annora/NetVLAD/output/train_feat_cache1.hdf5
2020-01-30 14:37:34,742 Allocated:121.908203125 MB
2020-01-30 14:37:34,742 Cached:3387.25 MB
2020-01-30 14:40:18,440 ==> Epoch[5](400/534): Loss: 0.1252
2020-01-30 14:40:18,444 Allocated:121.90869140625 MB
2020-01-30 14:40:18,444 Cached:7278.25 MB
2020-01-30 14:42:27,036 ==> Epoch[5](450/534): Loss: 0.0657
2020-01-30 14:42:27,038 Allocated:121.90869140625 MB
2020-01-30 14:42:27,038 Cached:7278.25 MB
2020-01-30 14:44:40,370 ==> Epoch[5](500/534): Loss: 0.1464
2020-01-30 14:44:40,375 Allocated:121.15869140625 MB
2020-01-30 14:44:40,375 Cached:7278.25 MB
2020-01-30 14:46:10,006 ===> Epoch 5 Complete: Avg. Loss: 0.1173
2020-01-30 14:46:10,008 ====> Extracting Features
2020-01-30 14:46:49,566 ==> Batch (50/108)
2020-01-30 14:47:15,874 ==> Batch (100/108)
2020-01-30 14:47:20,198 ====> Building faiss index
2020-01-30 14:47:20,572 ====> Calculating recall @ N
2020-01-30 14:47:23,461 ====> Recall@1: 0.0565
2020-01-30 14:47:23,462 ====> Recall@2: 0.0884
2020-01-30 14:47:23,463 ====> Recall@3: 0.1064
2020-01-30 14:47:23,463 ====> Recall@4: 0.1226
2020-01-30 14:47:23,463 ====> Recall@5: 0.1377
2020-01-30 14:47:23,463 ====> Recall@10: 0.1933
2020-01-30 14:47:23,464 ====> Recall@15: 0.2383
2020-01-30 14:47:23,464 ====> Recall@20: 0.2704
2020-01-30 14:47:23,464 ====> Recall@25: 0.2951
2020-01-30 14:47:23,917 ====> Building Cache
2020-01-30 14:47:23,918 feature cache--->>> /home/annora/NetVLAD/output/train_feat_cache1.hdf5
2020-01-30 14:48:56,036 Allocated:119.15869140625 MB
2020-01-30 14:48:56,036 Cached:4477.25 MB
2020-01-30 14:51:50,262 ==> Epoch[6](50/534): Loss: 0.2948
2020-01-30 14:51:50,265 Allocated:121.90869140625 MB
2020-01-30 14:51:50,265 Cached:8366.25 MB
2020-01-30 14:54:05,308 ==> Epoch[6](100/534): Loss: 0.2200
2020-01-30 14:54:05,310 Allocated:121.28369140625 MB
2020-01-30 14:54:05,311 Cached:8366.25 MB
2020-01-30 14:56:08,195 ==> Epoch[6](150/534): Loss: 0.3157
2020-01-30 14:56:08,198 Allocated:121.90869140625 MB
2020-01-30 14:56:08,198 Cached:8366.25 MB
2020-01-30 14:57:17,143 ====> Building Cache
2020-01-30 14:57:17,145 feature cache--->>> /home/annora/NetVLAD/output/train_feat_cache1.hdf5
2020-01-30 14:58:51,008 Allocated:121.658203125 MB
2020-01-30 14:58:51,008 Cached:3559.625 MB
2020-01-30 15:00:37,864 ==> Epoch[6](200/534): Loss: 0.3165
2020-01-30 15:00:37,867 Allocated:121.90869140625 MB
2020-01-30 15:00:37,867 Cached:7450.625 MB
2020-01-30 15:02:50,351 ==> Epoch[6](250/534): Loss: 0.3163
2020-01-30 15:02:50,353 Allocated:121.90869140625 MB
2020-01-30 15:02:50,353 Cached:7450.625 MB
2020-01-30 15:05:07,364 ==> Epoch[6](300/534): Loss: 0.3164
2020-01-30 15:05:07,367 Allocated:121.15869140625 MB
2020-01-30 15:05:07,367 Cached:7450.625 MB
2020-01-30 15:07:16,337 ==> Epoch[6](350/534): Loss: 0.3163
2020-01-30 15:07:16,340 Allocated:121.90869140625 MB
2020-01-30 15:07:16,340 Cached:7450.625 MB
2020-01-30 15:07:30,210 ====> Building Cache
2020-01-30 15:07:30,211 feature cache--->>> /home/annora/NetVLAD/output/train_feat_cache1.hdf5
2020-01-30 15:09:01,200 Allocated:121.658203125 MB
2020-01-30 15:09:01,201 Cached:3559.625 MB
2020-01-30 15:11:41,732 ==> Epoch[6](400/534): Loss: 0.3162
2020-01-30 15:11:41,735 Allocated:121.15869140625 MB
2020-01-30 15:11:41,735 Cached:7450.625 MB
2020-01-30 15:13:50,463 ==> Epoch[6](450/534): Loss: 0.3162
2020-01-30 15:13:50,466 Allocated:121.90869140625 MB
2020-01-30 15:13:50,466 Cached:7450.625 MB
2020-01-30 15:15:54,498 ==> Epoch[6](500/534): Loss: 0.3162
2020-01-30 15:15:54,500 Allocated:121.90869140625 MB
2020-01-30 15:15:54,500 Cached:7450.625 MB
2020-01-30 15:17:19,441 ===> Epoch 6 Complete: Avg. Loss: 0.3064
2020-01-30 15:17:19,443 ====> Extracting Features
2020-01-30 15:17:59,846 ==> Batch (50/108)
2020-01-30 15:18:25,570 ==> Batch (100/108)
2020-01-30 15:18:30,437 ====> Building faiss index
2020-01-30 15:18:30,797 ====> Calculating recall @ N
2020-01-30 15:18:33,517 ====> Recall@1: 0.0362
2020-01-30 15:18:33,518 ====> Recall@2: 0.0362
2020-01-30 15:18:33,518 ====> Recall@3: 0.0362
2020-01-30 15:18:33,518 ====> Recall@4: 0.0362
2020-01-30 15:18:33,518 ====> Recall@5: 0.0362
2020-01-30 15:18:33,519 ====> Recall@10: 0.0362
2020-01-30 15:18:33,519 ====> Recall@15: 0.0362
2020-01-30 15:18:33,519 ====> Recall@20: 0.0362
2020-01-30 15:18:33,519 ====> Recall@25: 0.0362
2020-01-30 15:18:33,975 ====> Building Cache
2020-01-30 15:18:33,976 feature cache--->>> /home/annora/NetVLAD/output/train_feat_cache1.hdf5
2020-01-30 15:20:08,113 Allocated:119.15869140625 MB
2020-01-30 15:20:08,113 Cached:4476.25 MB
2020-01-30 15:23:04,422 ==> Epoch[7](50/534): Loss: 0.3162
2020-01-30 15:23:04,425 Allocated:121.53369140625 MB
2020-01-30 15:23:04,426 Cached:8366.25 MB
2020-01-30 15:25:16,848 ==> Epoch[7](100/534): Loss: 0.3162
2020-01-30 15:25:16,850 Allocated:122.03369140625 MB
2020-01-30 15:25:16,851 Cached:8366.25 MB
2020-01-30 15:27:27,351 ==> Epoch[7](150/534): Loss: 0.3162
2020-01-30 15:27:27,353 Allocated:121.53369140625 MB
2020-01-30 15:27:27,353 Cached:8366.25 MB
2020-01-30 15:28:35,159 ====> Building Cache
2020-01-30 15:28:35,160 feature cache--->>> /home/annora/NetVLAD/output/train_feat_cache1.hdf5
2020-01-30 15:30:05,076 Allocated:121.533203125 MB
2020-01-30 15:30:05,077 Cached:3559.625 MB
2020-01-30 15:31:50,696 ==> Epoch[7](200/534): Loss: 0.3162
2020-01-30 15:31:50,699 Allocated:121.90869140625 MB
2020-01-30 15:31:50,699 Cached:7450.625 MB
2020-01-30 15:34:01,620 ==> Epoch[7](250/534): Loss: 0.3162
2020-01-30 15:34:01,623 Allocated:121.90869140625 MB
2020-01-30 15:34:01,623 Cached:7450.625 MB
2020-01-30 15:36:05,669 ==> Epoch[7](300/534): Loss: 0.3162
2020-01-30 15:36:05,671 Allocated:121.15869140625 MB
2020-01-30 15:36:05,672 Cached:7450.625 MB
2020-01-30 15:38:11,335 ==> Epoch[7](350/534): Loss: 0.3162
2020-01-30 15:38:11,338 Allocated:121.90869140625 MB
2020-01-30 15:38:11,338 Cached:7450.625 MB
2020-01-30 15:38:25,988 ====> Building Cache
2020-01-30 15:38:25,989 feature cache--->>> /home/annora/NetVLAD/output/train_feat_cache1.hdf5
2020-01-30 15:40:00,333 Allocated:121.658203125 MB
2020-01-30 15:40:00,334 Cached:3559.625 MB
2020-01-30 15:42:37,044 ==> Epoch[7](400/534): Loss: 0.3162
2020-01-30 15:42:37,046 Allocated:121.15869140625 MB
2020-01-30 15:42:37,046 Cached:7450.625 MB
2020-01-30 15:44:41,113 ==> Epoch[7](450/534): Loss: 0.3162
2020-01-30 15:44:41,115 Allocated:121.90869140625 MB
2020-01-30 15:44:41,115 Cached:7450.625 MB
2020-01-30 15:46:54,218 ==> Epoch[7](500/534): Loss: 0.3162
2020-01-30 15:46:54,220 Allocated:121.90869140625 MB
2020-01-30 15:46:54,221 Cached:7450.625 MB
2020-01-30 15:48:17,482 ===> Epoch 7 Complete: Avg. Loss: 0.3162
2020-01-30 15:48:17,484 ====> Extracting Features
2020-01-30 15:48:55,940 ==> Batch (50/108)
2020-01-30 15:49:21,831 ==> Batch (100/108)
2020-01-30 15:49:26,030 ====> Building faiss index
2020-01-30 15:49:26,379 ====> Calculating recall @ N
2020-01-30 15:49:29,254 ====> Recall@1: 0.0052
2020-01-30 15:49:29,254 ====> Recall@2: 0.0104
2020-01-30 15:49:29,255 ====> Recall@3: 0.0157
2020-01-30 15:49:29,255 ====> Recall@4: 0.0258
2020-01-30 15:49:29,256 ====> Recall@5: 0.0345
2020-01-30 15:49:29,256 ====> Recall@10: 0.0583
2020-01-30 15:49:29,256 ====> Recall@15: 0.0838
2020-01-30 15:49:29,256 ====> Recall@20: 0.1032
2020-01-30 15:49:29,257 ====> Recall@25: 0.1223
2020-01-30 15:49:29,717 ====> Building Cache
2020-01-30 15:49:29,717 feature cache--->>> /home/annora/NetVLAD/output/train_feat_cache1.hdf5
2020-01-30 15:51:00,328 Allocated:119.15869140625 MB
2020-01-30 15:51:00,328 Cached:4477.25 MB
2020-01-30 15:54:10,142 ==> Epoch[8](50/534): Loss: 0.3162
2020-01-30 15:54:10,145 Allocated:121.53369140625 MB
2020-01-30 15:54:10,145 Cached:8366.25 MB
2020-01-30 15:56:19,707 ==> Epoch[8](100/534): Loss: 0.3162
2020-01-30 15:56:19,710 Allocated:122.03369140625 MB
2020-01-30 15:56:19,710 Cached:8366.25 MB
2020-01-30 15:58:27,841 ==> Epoch[8](150/534): Loss: 0.3162
2020-01-30 15:58:27,844 Allocated:121.53369140625 MB
2020-01-30 15:58:27,844 Cached:8366.25 MB
2020-01-30 15:59:38,060 ====> Building Cache
2020-01-30 15:59:38,061 feature cache--->>> /home/annora/NetVLAD/output/train_feat_cache1.hdf5
2020-01-30 16:01:11,635 Allocated:121.533203125 MB
2020-01-30 16:01:11,636 Cached:3559.625 MB
2020-01-30 16:02:50,954 ==> Epoch[8](200/534): Loss: 0.3162
2020-01-30 16:02:50,959 Allocated:121.90869140625 MB
2020-01-30 16:02:50,959 Cached:7450.625 MB
2020-01-30 16:04:58,840 ==> Epoch[8](250/534): Loss: 0.3162
2020-01-30 16:04:58,842 Allocated:121.90869140625 MB
2020-01-30 16:04:58,843 Cached:7450.625 MB
2020-01-30 16:07:10,983 ==> Epoch[8](300/534): Loss: 0.3162
2020-01-30 16:07:10,985 Allocated:121.15869140625 MB
2020-01-30 16:07:10,985 Cached:7450.625 MB
2020-01-30 16:09:15,878 ==> Epoch[8](350/534): Loss: 0.3162
2020-01-30 16:09:15,880 Allocated:121.90869140625 MB
2020-01-30 16:09:15,880 Cached:7450.625 MB
2020-01-30 16:09:31,840 ====> Building Cache
2020-01-30 16:09:31,841 feature cache--->>> /home/annora/NetVLAD/output/train_feat_cache1.hdf5
2020-01-30 16:11:01,282 Allocated:121.658203125 MB
2020-01-30 16:11:01,282 Cached:3559.625 MB
2020-01-30 16:13:50,885 ==> Epoch[8](400/534): Loss: 0.3162
2020-01-30 16:13:50,888 Allocated:121.15869140625 MB
2020-01-30 16:13:50,888 Cached:7450.625 MB
2020-01-30 16:15:56,134 ==> Epoch[8](450/534): Loss: 0.3162
2020-01-30 16:15:56,135 Allocated:121.90869140625 MB
2020-01-30 16:15:56,136 Cached:7450.625 MB
2020-01-30 16:18:04,937 ==> Epoch[8](500/534): Loss: 0.3162
2020-01-30 16:18:04,939 Allocated:121.90869140625 MB
2020-01-30 16:18:04,939 Cached:7450.625 MB
2020-01-30 16:19:35,476 ===> Epoch 8 Complete: Avg. Loss: 0.3162
2020-01-30 16:19:35,477 ====> Extracting Features
2020-01-30 16:20:16,281 ==> Batch (50/108)
2020-01-30 16:20:39,867 ==> Batch (100/108)
2020-01-30 16:20:44,602 ====> Building faiss index
2020-01-30 16:20:45,075 ====> Calculating recall @ N
2020-01-30 16:20:47,874 ====> Recall@1: 0.0020
2020-01-30 16:20:47,874 ====> Recall@2: 0.0043
2020-01-30 16:20:47,875 ====> Recall@3: 0.0070
2020-01-30 16:20:47,875 ====> Recall@4: 0.0113
2020-01-30 16:20:47,875 ====> Recall@5: 0.0133
2020-01-30 16:20:47,875 ====> Recall@10: 0.0290
2020-01-30 16:20:47,875 ====> Recall@15: 0.0412
2020-01-30 16:20:47,876 ====> Recall@20: 0.0568
2020-01-30 16:20:47,876 ====> Recall@25: 0.0728
2020-01-30 16:20:48,362 ====> Building Cache
2020-01-30 16:20:48,362 feature cache--->>> /home/annora/NetVLAD/output/train_feat_cache1.hdf5
2020-01-30 16:22:21,737 Allocated:119.15869140625 MB
2020-01-30 16:22:21,738 Cached:4477.25 MB
2020-01-30 16:25:17,584 ==> Epoch[9](50/534): Loss: 0.3162
2020-01-30 16:25:17,590 Allocated:121.53369140625 MB
2020-01-30 16:25:17,590 Cached:8366.25 MB
2020-01-30 16:27:24,525 ==> Epoch[9](100/534): Loss: 0.3162
2020-01-30 16:27:24,528 Allocated:122.03369140625 MB
2020-01-30 16:27:24,528 Cached:8366.25 MB
2020-01-30 16:29:33,342 ==> Epoch[9](150/534): Loss: 0.3162
2020-01-30 16:29:33,344 Allocated:121.53369140625 MB
2020-01-30 16:29:33,344 Cached:8366.25 MB
2020-01-30 16:30:40,213 ====> Building Cache
2020-01-30 16:30:40,214 feature cache--->>> /home/annora/NetVLAD/output/train_feat_cache1.hdf5
2020-01-30 16:32:13,914 Allocated:121.533203125 MB
2020-01-30 16:32:13,914 Cached:3559.625 MB
2020-01-30 16:34:05,911 ==> Epoch[9](200/534): Loss: 0.3162
2020-01-30 16:34:05,913 Allocated:121.90869140625 MB
2020-01-30 16:34:05,913 Cached:7450.625 MB
2020-01-30 16:36:18,010 ==> Epoch[9](250/534): Loss: 0.3162
2020-01-30 16:36:18,013 Allocated:121.90869140625 MB
2020-01-30 16:36:18,013 Cached:7450.625 MB
2020-01-30 16:38:24,168 ==> Epoch[9](300/534): Loss: 0.3162
2020-01-30 16:38:24,170 Allocated:121.15869140625 MB
2020-01-30 16:38:24,170 Cached:7450.625 MB
2020-01-30 16:40:33,758 ==> Epoch[9](350/534): Loss: 0.3162
2020-01-30 16:40:33,760 Allocated:121.90869140625 MB
2020-01-30 16:40:33,761 Cached:7450.625 MB
2020-01-30 16:40:48,443 ====> Building Cache
2020-01-30 16:40:48,444 feature cache--->>> /home/annora/NetVLAD/output/train_feat_cache1.hdf5
2020-01-30 16:42:21,742 Allocated:121.658203125 MB
2020-01-30 16:42:21,742 Cached:3559.625 MB
2020-01-30 16:44:51,856 ==> Epoch[9](400/534): Loss: 0.3162
2020-01-30 16:44:51,859 Allocated:121.15869140625 MB
2020-01-30 16:44:51,859 Cached:7450.625 MB
2020-01-30 16:47:01,046 ==> Epoch[9](450/534): Loss: 0.3162
2020-01-30 16:47:01,049 Allocated:121.90869140625 MB
2020-01-30 16:47:01,049 Cached:7450.625 MB
2020-01-30 16:49:14,325 ==> Epoch[9](500/534): Loss: 0.3162
2020-01-30 16:49:14,328 Allocated:121.90869140625 MB
2020-01-30 16:49:14,328 Cached:7450.625 MB
2020-01-30 16:50:36,424 ===> Epoch 9 Complete: Avg. Loss: 0.3162
2020-01-30 16:50:36,426 ====> Extracting Features
2020-01-30 16:51:17,030 ==> Batch (50/108)
2020-01-30 16:51:41,751 ==> Batch (100/108)
2020-01-30 16:51:46,294 ====> Building faiss index
2020-01-30 16:51:46,658 ====> Calculating recall @ N
2020-01-30 16:51:49,475 ====> Recall@1: 0.0061
2020-01-30 16:51:49,476 ====> Recall@2: 0.0067
2020-01-30 16:51:49,476 ====> Recall@3: 0.0075
2020-01-30 16:51:49,477 ====> Recall@4: 0.0157
2020-01-30 16:51:49,477 ====> Recall@5: 0.0186
2020-01-30 16:51:49,477 ====> Recall@10: 0.0217
2020-01-30 16:51:49,477 ====> Recall@15: 0.0290
2020-01-30 16:51:49,478 ====> Recall@20: 0.0299
2020-01-30 16:51:49,478 ====> Recall@25: 0.0325
2020-01-30 16:51:49,935 ====> Building Cache
2020-01-30 16:51:49,935 feature cache--->>> /home/annora/NetVLAD/output/train_feat_cache1.hdf5
2020-01-30 16:53:22,115 Allocated:119.15869140625 MB
2020-01-30 16:53:22,115 Cached:4476.25 MB
2020-01-30 16:56:18,174 ==> Epoch[10](50/534): Loss: 0.3162
2020-01-30 16:56:18,177 Allocated:121.53369140625 MB
2020-01-30 16:56:18,177 Cached:8366.25 MB
2020-01-30 16:58:22,852 ==> Epoch[10](100/534): Loss: 0.3162
2020-01-30 16:58:22,855 Allocated:122.03369140625 MB
2020-01-30 16:58:22,855 Cached:8366.25 MB
2020-01-30 17:00:47,493 ==> Epoch[10](150/534): Loss: 0.3162
2020-01-30 17:00:47,495 Allocated:121.53369140625 MB
2020-01-30 17:00:47,496 Cached:8366.25 MB
2020-01-30 17:01:55,207 ====> Building Cache
2020-01-30 17:01:55,207 feature cache--->>> /home/annora/NetVLAD/output/train_feat_cache1.hdf5
2020-01-30 17:03:28,370 Allocated:121.533203125 MB
2020-01-30 17:03:28,371 Cached:3559.625 MB
2020-01-30 17:05:06,211 ==> Epoch[10](200/534): Loss: 0.3162
2020-01-30 17:05:06,214 Allocated:121.90869140625 MB
2020-01-30 17:05:06,214 Cached:7450.625 MB
2020-01-30 17:07:18,856 ==> Epoch[10](250/534): Loss: 0.3162
2020-01-30 17:07:18,858 Allocated:121.90869140625 MB
2020-01-30 17:07:18,858 Cached:7450.625 MB
2020-01-30 17:09:23,563 ==> Epoch[10](300/534): Loss: 0.3162
2020-01-30 17:09:23,568 Allocated:121.15869140625 MB
2020-01-30 17:09:23,568 Cached:7450.625 MB
2020-01-30 17:11:25,814 ==> Epoch[10](350/534): Loss: 0.3162
2020-01-30 17:11:25,816 Allocated:121.90869140625 MB
2020-01-30 17:11:25,816 Cached:7450.625 MB
2020-01-30 17:11:40,778 ====> Building Cache
2020-01-30 17:11:40,779 feature cache--->>> /home/annora/NetVLAD/output/train_feat_cache1.hdf5
2020-01-30 17:13:13,705 Allocated:121.658203125 MB
2020-01-30 17:13:13,706 Cached:3559.625 MB
2020-01-30 17:16:02,405 ==> Epoch[10](400/534): Loss: 0.3162
2020-01-30 17:16:02,411 Allocated:121.15869140625 MB
2020-01-30 17:16:02,412 Cached:7450.625 MB
2020-01-30 17:18:03,902 ==> Epoch[10](450/534): Loss: 0.3162
2020-01-30 17:18:03,905 Allocated:121.90869140625 MB
2020-01-30 17:18:03,905 Cached:7450.625 MB
2020-01-30 17:20:09,204 ==> Epoch[10](500/534): Loss: 0.3162
2020-01-30 17:20:09,206 Allocated:121.90869140625 MB
2020-01-30 17:20:09,207 Cached:7450.625 MB
2020-01-30 17:21:38,141 ===> Epoch 10 Complete: Avg. Loss: 0.3162
2020-01-30 17:21:38,143 ====> Extracting Features
2020-01-30 17:22:17,713 ==> Batch (50/108)
2020-01-30 17:22:41,258 ==> Batch (100/108)
2020-01-30 17:22:46,000 ====> Building faiss index
2020-01-30 17:22:46,360 ====> Calculating recall @ N
2020-01-30 17:22:49,168 ====> Recall@1: 0.0362
2020-01-30 17:22:49,169 ====> Recall@2: 0.0362
2020-01-30 17:22:49,170 ====> Recall@3: 0.0362
2020-01-30 17:22:49,170 ====> Recall@4: 0.0362
2020-01-30 17:22:49,170 ====> Recall@5: 0.0362
2020-01-30 17:22:49,170 ====> Recall@10: 0.0362
2020-01-30 17:22:49,171 ====> Recall@15: 0.0362
2020-01-30 17:22:49,171 ====> Recall@20: 0.0362
2020-01-30 17:22:49,171 ====> Recall@25: 0.0362
2020-01-30 17:22:49,632 ====> Building Cache
2020-01-30 17:22:49,632 feature cache--->>> /home/annora/NetVLAD/output/train_feat_cache1.hdf5
2020-01-30 17:24:18,787 Allocated:119.15869140625 MB
2020-01-30 17:24:18,787 Cached:4477.25 MB
2020-01-30 17:27:27,126 ==> Epoch[11](50/534): Loss: 0.3162
2020-01-30 17:27:27,129 Allocated:121.53369140625 MB
2020-01-30 17:27:27,129 Cached:8366.25 MB
2020-01-30 17:29:32,659 ==> Epoch[11](100/534): Loss: 0.3162
2020-01-30 17:29:32,661 Allocated:122.03369140625 MB
2020-01-30 17:29:32,662 Cached:8366.25 MB
2020-01-30 17:31:31,181 ==> Epoch[11](150/534): Loss: 0.3162
2020-01-30 17:31:31,185 Allocated:121.53369140625 MB
2020-01-30 17:31:31,186 Cached:8366.25 MB
2020-01-30 17:32:39,210 ====> Building Cache
2020-01-30 17:32:39,211 feature cache--->>> /home/annora/NetVLAD/output/train_feat_cache1.hdf5
2020-01-30 17:34:14,078 Allocated:121.533203125 MB
2020-01-30 17:34:14,078 Cached:3559.625 MB
2020-01-30 17:35:54,850 ==> Epoch[11](200/534): Loss: 0.3162
2020-01-30 17:35:54,853 Allocated:121.90869140625 MB
2020-01-30 17:35:54,853 Cached:7450.625 MB
2020-01-30 17:38:06,503 ==> Epoch[11](250/534): Loss: 0.3162
2020-01-30 17:38:06,507 Allocated:121.90869140625 MB
2020-01-30 17:38:06,508 Cached:7450.625 MB
2020-01-30 17:40:34,576 ==> Epoch[11](300/534): Loss: 0.3162
2020-01-30 17:40:34,579 Allocated:121.15869140625 MB
2020-01-30 17:40:34,579 Cached:7450.625 MB
2020-01-30 17:42:46,676 ==> Epoch[11](350/534): Loss: 0.3162
2020-01-30 17:42:46,679 Allocated:121.90869140625 MB
2020-01-30 17:42:46,679 Cached:7450.625 MB
2020-01-30 17:43:00,844 ====> Building Cache
2020-01-30 17:43:00,845 feature cache--->>> /home/annora/NetVLAD/output/train_feat_cache1.hdf5
2020-01-30 17:44:27,299 Allocated:121.658203125 MB
2020-01-30 17:44:27,299 Cached:3559.625 MB
2020-01-30 17:46:46,197 ==> Epoch[11](400/534): Loss: 0.3162
2020-01-30 17:46:46,200 Allocated:121.15869140625 MB
2020-01-30 17:46:46,200 Cached:7450.625 MB
2020-01-30 17:48:39,226 ==> Epoch[11](450/534): Loss: 0.3162
2020-01-30 17:48:39,228 Allocated:121.90869140625 MB
2020-01-30 17:48:39,228 Cached:7450.625 MB
2020-01-30 17:50:38,296 ==> Epoch[11](500/534): Loss: 0.3162
2020-01-30 17:50:38,298 Allocated:121.90869140625 MB
2020-01-30 17:50:38,298 Cached:7450.625 MB
2020-01-30 17:51:53,717 ===> Epoch 11 Complete: Avg. Loss: 0.3162
2020-01-30 17:51:53,718 ====> Extracting Features
2020-01-30 17:52:27,795 ==> Batch (50/108)
2020-01-30 17:52:49,876 ==> Batch (100/108)
2020-01-30 17:52:54,582 ====> Building faiss index
2020-01-30 17:52:54,912 ====> Calculating recall @ N
2020-01-30 17:52:57,589 ====> Recall@1: 0.0362
2020-01-30 17:52:57,590 ====> Recall@2: 0.0362
2020-01-30 17:52:57,591 ====> Recall@3: 0.0362
2020-01-30 17:52:57,591 ====> Recall@4: 0.0362
2020-01-30 17:52:57,591 ====> Recall@5: 0.0362
2020-01-30 17:52:57,591 ====> Recall@10: 0.0362
2020-01-30 17:52:57,592 ====> Recall@15: 0.0362
2020-01-30 17:52:57,592 ====> Recall@20: 0.0362
2020-01-30 17:52:57,592 ====> Recall@25: 0.0362
2020-01-30 17:52:58,044 ====> Building Cache
2020-01-30 17:52:58,044 feature cache--->>> /home/annora/NetVLAD/output/train_feat_cache1.hdf5
2020-01-30 17:54:23,771 Allocated:119.15869140625 MB
2020-01-30 17:54:23,772 Cached:4477.25 MB
2020-01-30 17:57:03,166 ==> Epoch[12](50/534): Loss: 0.3162
2020-01-30 17:57:03,169 Allocated:121.53369140625 MB
2020-01-30 17:57:03,170 Cached:8366.25 MB
2020-01-30 17:59:08,035 ==> Epoch[12](100/534): Loss: 0.3162
2020-01-30 17:59:08,037 Allocated:122.03369140625 MB
2020-01-30 17:59:08,038 Cached:8366.25 MB
2020-01-30 18:01:07,600 ==> Epoch[12](150/534): Loss: 0.3162
2020-01-30 18:01:07,602 Allocated:121.53369140625 MB
2020-01-30 18:01:07,602 Cached:8366.25 MB
2020-01-30 18:02:14,975 ====> Building Cache
2020-01-30 18:02:14,976 feature cache--->>> /home/annora/NetVLAD/output/train_feat_cache1.hdf5
2020-01-30 18:03:39,875 Allocated:121.533203125 MB
2020-01-30 18:03:39,876 Cached:3559.625 MB
2020-01-30 18:05:11,854 ==> Epoch[12](200/534): Loss: 0.3162
2020-01-30 18:05:11,857 Allocated:121.90869140625 MB
2020-01-30 18:05:11,857 Cached:7450.625 MB
2020-01-30 18:07:12,567 ==> Epoch[12](250/534): Loss: 0.3162
2020-01-30 18:07:12,570 Allocated:121.90869140625 MB
2020-01-30 18:07:12,570 Cached:7450.625 MB
2020-01-30 18:09:15,666 ==> Epoch[12](300/534): Loss: 0.3162
2020-01-30 18:09:15,669 Allocated:121.15869140625 MB
2020-01-30 18:09:15,669 Cached:7450.625 MB
2020-01-30 18:11:10,464 ==> Epoch[12](350/534): Loss: 0.3162
2020-01-30 18:11:10,466 Allocated:121.90869140625 MB
2020-01-30 18:11:10,466 Cached:7450.625 MB
2020-01-30 18:11:25,472 ====> Building Cache
2020-01-30 18:11:25,473 feature cache--->>> /home/annora/NetVLAD/output/train_feat_cache1.hdf5
2020-01-30 18:12:51,831 Allocated:121.658203125 MB
2020-01-30 18:12:51,832 Cached:3559.625 MB
2020-01-30 18:15:13,881 ==> Epoch[12](400/534): Loss: 0.3162
2020-01-30 18:15:13,883 Allocated:121.15869140625 MB
2020-01-30 18:15:13,883 Cached:7450.625 MB
2020-01-30 18:17:22,234 ==> Epoch[12](450/534): Loss: 0.3162
2020-01-30 18:17:22,237 Allocated:121.90869140625 MB
2020-01-30 18:17:22,238 Cached:7450.625 MB
2020-01-30 18:19:22,182 ==> Epoch[12](500/534): Loss: 0.3162
2020-01-30 18:19:22,184 Allocated:121.90869140625 MB
2020-01-30 18:19:22,184 Cached:7450.625 MB
2020-01-30 18:20:37,433 ===> Epoch 12 Complete: Avg. Loss: 0.3162
2020-01-30 18:20:37,435 ====> Extracting Features
2020-01-30 18:21:12,397 ==> Batch (50/108)
2020-01-30 18:21:35,217 ==> Batch (100/108)
2020-01-30 18:21:39,851 ====> Building faiss index
2020-01-30 18:21:40,229 ====> Calculating recall @ N
2020-01-30 18:21:43,227 ====> Recall@1: 0.0362
2020-01-30 18:21:43,228 ====> Recall@2: 0.0362
2020-01-30 18:21:43,228 ====> Recall@3: 0.0362
2020-01-30 18:21:43,229 ====> Recall@4: 0.0362
2020-01-30 18:21:43,229 ====> Recall@5: 0.0362
2020-01-30 18:21:43,229 ====> Recall@10: 0.0362
2020-01-30 18:21:43,229 ====> Recall@15: 0.0362
2020-01-30 18:21:43,230 ====> Recall@20: 0.0362
2020-01-30 18:21:43,230 ====> Recall@25: 0.0362
2020-01-30 18:21:43,724 ====> Building Cache
2020-01-30 18:21:43,725 feature cache--->>> /home/annora/NetVLAD/output/train_feat_cache1.hdf5
2020-01-30 18:23:07,473 Allocated:119.15869140625 MB
2020-01-30 18:23:07,474 Cached:4476.25 MB
2020-01-30 18:25:36,918 ==> Epoch[13](50/534): Loss: 0.3162
2020-01-30 18:25:36,920 Allocated:121.53369140625 MB
2020-01-30 18:25:36,920 Cached:8366.25 MB
2020-01-30 18:27:26,440 ==> Epoch[13](100/534): Loss: 0.3162
2020-01-30 18:27:26,442 Allocated:122.03369140625 MB
2020-01-30 18:27:26,442 Cached:8366.25 MB
2020-01-30 18:29:15,777 ==> Epoch[13](150/534): Loss: 0.3162
2020-01-30 18:29:15,779 Allocated:121.53369140625 MB
2020-01-30 18:29:15,780 Cached:8366.25 MB
2020-01-30 18:30:29,738 ====> Building Cache
2020-01-30 18:30:29,739 feature cache--->>> /home/annora/NetVLAD/output/train_feat_cache1.hdf5
2020-01-30 18:31:52,593 Allocated:121.533203125 MB
2020-01-30 18:31:52,594 Cached:3559.625 MB
2020-01-30 18:33:21,671 ==> Epoch[13](200/534): Loss: 0.3162
2020-01-30 18:33:21,673 Allocated:121.90869140625 MB
2020-01-30 18:33:21,674 Cached:7450.625 MB
2020-01-30 18:35:24,308 ==> Epoch[13](250/534): Loss: 0.3162
2020-01-30 18:35:24,310 Allocated:121.90869140625 MB
2020-01-30 18:35:24,311 Cached:7450.625 MB
2020-01-30 18:37:21,938 ==> Epoch[13](300/534): Loss: 0.3162
2020-01-30 18:37:21,940 Allocated:121.15869140625 MB
2020-01-30 18:37:21,940 Cached:7450.625 MB
2020-01-30 18:39:22,773 ==> Epoch[13](350/534): Loss: 0.3162
2020-01-30 18:39:22,775 Allocated:121.90869140625 MB
2020-01-30 18:39:22,775 Cached:7450.625 MB
2020-01-30 18:39:39,304 ====> Building Cache
2020-01-30 18:39:39,305 feature cache--->>> /home/annora/NetVLAD/output/train_feat_cache1.hdf5
2020-01-30 18:41:02,481 Allocated:121.658203125 MB
2020-01-30 18:41:02,481 Cached:3559.625 MB
2020-01-30 18:43:22,813 ==> Epoch[13](400/534): Loss: 0.3162
2020-01-30 18:43:22,817 Allocated:121.15869140625 MB
2020-01-30 18:43:22,817 Cached:7450.625 MB
2020-01-30 18:45:21,313 ==> Epoch[13](450/534): Loss: 0.3162
2020-01-30 18:45:21,315 Allocated:121.90869140625 MB
2020-01-30 18:45:21,315 Cached:7450.625 MB
2020-01-30 18:47:18,902 ==> Epoch[13](500/534): Loss: 0.3162
2020-01-30 18:47:18,905 Allocated:121.90869140625 MB
2020-01-30 18:47:18,906 Cached:7450.625 MB
2020-01-30 18:48:34,672 ===> Epoch 13 Complete: Avg. Loss: 0.3162
2020-01-30 18:48:34,674 ====> Extracting Features
2020-01-30 18:49:07,990 ==> Batch (50/108)
2020-01-30 18:49:28,074 ==> Batch (100/108)
2020-01-30 18:49:32,222 ====> Building faiss index
2020-01-30 18:49:32,544 ====> Calculating recall @ N
2020-01-30 18:49:34,755 ====> Recall@1: 0.0362
2020-01-30 18:49:34,755 ====> Recall@2: 0.0362
2020-01-30 18:49:34,756 ====> Recall@3: 0.0362
2020-01-30 18:49:34,756 ====> Recall@4: 0.0362
2020-01-30 18:49:34,757 ====> Recall@5: 0.0362
2020-01-30 18:49:34,757 ====> Recall@10: 0.0362
2020-01-30 18:49:34,757 ====> Recall@15: 0.0362
2020-01-30 18:49:34,757 ====> Recall@20: 0.0362
2020-01-30 18:49:34,757 ====> Recall@25: 0.0362
2020-01-30 18:49:35,205 Performance did not improve for 10 epochs. Stopping.
2020-01-30 18:49:35,206 => Best Recall@5: 0.3522
