2020-02-02 10:57:46,680 Namespace(arch='alexnet', batchSize=12, cacheBatchSize=96, cachePath='/home/annora/NetVLAD/output/', cacheRefreshRate=3000, ckpt='best', contilearn=True, dataPath='/home/annora/NetVLAD/output/data/', dataset='robotcar', evalEvery=1, fromscratch=False, fromtask='/home/annora/NetVLAD/output/runs/2020-01-08-21-58-34_alexnet_netvlad', lr=0.1, lrGamma=0.5, lrStep=5, margin=0.1, mode='train', momentum=0.9, nEpochs=30, nGPU=1, nocuda=False, num_clusters=64, optim='SGD', patience=10, pooling='netvlad', premodel='imagenet', resume='', runsPath='/home/annora/NetVLAD/output/runs/', savePath='checkpoints', seed=123, split='val', start_epoch=0, threads=8, vladv2=False, weightDecay=0.001)
2020-02-02 10:57:46,745 ===> Loading dataset(s)
2020-02-02 10:57:46,745 trainfile ------>>>>>> oxRobocar_doubleN_train.mat
2020-02-02 10:57:49,924 ====> Training set: oxRobocar_doubleN_train.mat, query set count: 6404
2020-02-02 10:57:50,050 ===> Evaluating on val set: oxRobocar_doubleN_val.mat, query count: 3450
2020-02-02 10:57:50,050 ===> Building model
2020-02-02 10:57:50,120 encoder moder:
AlexNet(
  (conv1): Sequential(
    (0): Conv2d(3, 64, kernel_size=(11, 11), stride=(4, 4), padding=(2, 2))
    (1): ReLU(inplace)
    (2): MaxPool2d(kernel_size=3, stride=2, padding=0, dilation=1, ceil_mode=False)
  )
  (conv2): Sequential(
    (0): Conv2d(64, 192, kernel_size=(5, 5), stride=(1, 1), padding=(2, 2))
    (1): ReLU(inplace)
    (2): MaxPool2d(kernel_size=3, stride=2, padding=0, dilation=1, ceil_mode=False)
  )
  (conv3): Sequential(
    (0): Conv2d(192, 384, kernel_size=(3, 3), stride=(1, 1), padding=(1, 1))
    (1): ReLU(inplace)
  )
  (conv4): Sequential(
    (0): Conv2d(384, 256, kernel_size=(3, 3), stride=(1, 1), padding=(1, 1))
    (1): ReLU(inplace)
  )
  (conv5): Sequential(
    (0): Conv2d(256, 256, kernel_size=(3, 3), stride=(1, 1), padding=(1, 1))
  )
)
2020-02-02 10:57:55,684 => loading checkpoint '/home/annora/NetVLAD/output/runs/2020-01-08-21-58-34_alexnet_netvlad/checkpoints/model_best.pth.tar'
2020-02-02 10:57:55,957 => loaded checkpoint '/home/annora/NetVLAD/output/runs/2020-01-08-21-58-34_alexnet_netvlad/checkpoints/model_best.pth.tar' 
2020-02-02 10:57:55,957 ===> Training model
2020-02-02 10:57:55,960 ===> Saving state to: /home/annora/NetVLAD/output/runs/2020-02-02-10-57-55_alexnet_netvlad
2020-02-02 10:57:55,960 ====> Building Cache
2020-02-02 10:57:55,960 feature cache--->>> /home/annora/NetVLAD/output/train_feat_cache1.hdf5
2020-02-02 10:59:25,338 Allocated:99.47119140625 MB
2020-02-02 10:59:25,339 Cached:2864.375 MB
2020-02-02 11:02:10,650 ==> Epoch[1](50/534): Loss: 0.1812
2020-02-02 11:02:10,653 Allocated:121.28369140625 MB
2020-02-02 11:02:10,653 Cached:6757.375 MB
2020-02-02 11:04:08,526 ==> Epoch[1](100/534): Loss: 0.1293
2020-02-02 11:04:08,528 Allocated:121.53369140625 MB
2020-02-02 11:04:08,528 Cached:6757.375 MB
2020-02-02 11:06:09,527 ==> Epoch[1](150/534): Loss: 0.1172
2020-02-02 11:06:09,529 Allocated:122.28369140625 MB
2020-02-02 11:06:09,529 Cached:6757.375 MB
2020-02-02 11:07:15,441 ====> Building Cache
2020-02-02 11:07:15,442 feature cache--->>> /home/annora/NetVLAD/output/train_feat_cache1.hdf5
2020-02-02 11:08:43,826 Allocated:121.283203125 MB
2020-02-02 11:08:43,826 Cached:3387.25 MB
2020-02-02 11:10:24,849 ==> Epoch[1](200/534): Loss: 0.1828
2020-02-02 11:10:24,852 Allocated:121.28369140625 MB
2020-02-02 11:10:24,852 Cached:7278.25 MB
2020-02-02 11:12:27,873 ==> Epoch[1](250/534): Loss: 0.1518
2020-02-02 11:12:27,875 Allocated:121.78369140625 MB
2020-02-02 11:12:27,875 Cached:7278.25 MB
2020-02-02 11:14:31,271 ==> Epoch[1](300/534): Loss: 0.1031
2020-02-02 11:14:31,273 Allocated:122.03369140625 MB
2020-02-02 11:14:31,274 Cached:7278.25 MB
2020-02-02 11:16:29,019 ==> Epoch[1](350/534): Loss: 0.0880
2020-02-02 11:16:29,022 Allocated:121.15869140625 MB
2020-02-02 11:16:29,022 Cached:7278.25 MB
2020-02-02 11:16:42,832 ====> Building Cache
2020-02-02 11:16:42,833 feature cache--->>> /home/annora/NetVLAD/output/train_feat_cache1.hdf5
2020-02-02 11:18:16,513 Allocated:121.408203125 MB
2020-02-02 11:18:16,513 Cached:3560.625 MB
2020-02-02 11:20:39,621 ==> Epoch[1](400/534): Loss: 0.1071
2020-02-02 11:20:39,623 Allocated:121.15869140625 MB
2020-02-02 11:20:39,624 Cached:6172.25 MB
2020-02-02 11:22:40,466 ==> Epoch[1](450/534): Loss: 0.0549
2020-02-02 11:22:40,468 Allocated:121.15869140625 MB
2020-02-02 11:22:40,468 Cached:6172.25 MB
2020-02-02 11:24:45,520 ==> Epoch[1](500/534): Loss: 0.0443
2020-02-02 11:24:45,522 Allocated:121.28369140625 MB
2020-02-02 11:24:45,523 Cached:6172.25 MB
2020-02-02 11:26:13,120 ===> Epoch 1 Complete: Avg. Loss: 0.1276
2020-02-02 11:26:13,123 ====> Extracting Features
2020-02-02 11:26:48,794 ==> Batch (50/108)
2020-02-02 11:27:12,134 ==> Batch (100/108)
2020-02-02 11:27:17,242 ====> Building faiss index
2020-02-02 11:27:17,603 ====> Calculating recall @ N
2020-02-02 11:27:19,809 ====> Recall@1: 0.5339
2020-02-02 11:27:19,810 ====> Recall@2: 0.5777
2020-02-02 11:27:19,810 ====> Recall@3: 0.6014
2020-02-02 11:27:19,811 ====> Recall@4: 0.6197
2020-02-02 11:27:19,811 ====> Recall@5: 0.6336
2020-02-02 11:27:19,811 ====> Recall@10: 0.6739
2020-02-02 11:27:19,811 ====> Recall@15: 0.6907
2020-02-02 11:27:19,811 ====> Recall@20: 0.6994
2020-02-02 11:27:19,811 ====> Recall@25: 0.7099
2020-02-02 11:27:20,120 ====> Building Cache
2020-02-02 11:27:20,120 feature cache--->>> /home/annora/NetVLAD/output/train_feat_cache1.hdf5
2020-02-02 11:28:50,413 Allocated:119.15869140625 MB
2020-02-02 11:28:50,414 Cached:4150.875 MB
2020-02-02 11:31:26,060 ==> Epoch[2](50/534): Loss: 0.0396
2020-02-02 11:31:26,063 Allocated:122.15869140625 MB
2020-02-02 11:31:26,063 Cached:7672.0 MB
2020-02-02 11:33:22,272 ==> Epoch[2](100/534): Loss: 0.0626
2020-02-02 11:33:22,274 Allocated:122.03369140625 MB
2020-02-02 11:33:22,274 Cached:8854.75 MB
2020-02-02 11:35:17,648 ==> Epoch[2](150/534): Loss: 0.0459
2020-02-02 11:35:17,651 Allocated:121.15869140625 MB
2020-02-02 11:35:17,651 Cached:10067.25 MB
2020-02-02 11:36:18,501 ====> Building Cache
2020-02-02 11:36:18,501 feature cache--->>> /home/annora/NetVLAD/output/train_feat_cache1.hdf5
2020-02-02 11:37:49,398 Allocated:121.908203125 MB
2020-02-02 11:37:49,399 Cached:3557.125 MB
2020-02-02 11:39:24,158 ==> Epoch[2](200/534): Loss: 0.1513
2020-02-02 11:39:24,159 Allocated:122.03369140625 MB
2020-02-02 11:39:24,159 Cached:6078.625 MB
2020-02-02 11:41:29,863 ==> Epoch[2](250/534): Loss: 0.0647
2020-02-02 11:41:29,865 Allocated:121.90869140625 MB
2020-02-02 11:41:29,866 Cached:6078.625 MB
2020-02-02 11:43:27,610 ==> Epoch[2](300/534): Loss: 0.0230
2020-02-02 11:43:27,613 Allocated:122.03369140625 MB
2020-02-02 11:43:27,613 Cached:6078.625 MB
2020-02-02 11:45:19,284 ==> Epoch[2](350/534): Loss: 0.1030
2020-02-02 11:45:19,286 Allocated:122.90869140625 MB
2020-02-02 11:45:19,286 Cached:6078.625 MB
2020-02-02 11:45:33,782 ====> Building Cache
2020-02-02 11:45:33,783 feature cache--->>> /home/annora/NetVLAD/output/train_feat_cache1.hdf5
2020-02-02 11:47:07,927 Allocated:121.283203125 MB
2020-02-02 11:47:07,927 Cached:2838.25 MB
2020-02-02 11:49:28,782 ==> Epoch[2](400/534): Loss: 0.0285
2020-02-02 11:49:28,784 Allocated:122.40869140625 MB
2020-02-02 11:49:28,784 Cached:6530.125 MB
2020-02-02 11:51:29,001 ==> Epoch[2](450/534): Loss: 0.0224
2020-02-02 11:51:29,002 Allocated:122.03369140625 MB
2020-02-02 11:51:29,003 Cached:6530.125 MB
2020-02-02 11:53:27,236 ==> Epoch[2](500/534): Loss: 0.0218
2020-02-02 11:53:27,241 Allocated:122.53369140625 MB
2020-02-02 11:53:27,241 Cached:6530.125 MB
2020-02-02 11:54:51,708 ===> Epoch 2 Complete: Avg. Loss: 0.0646
2020-02-02 11:54:51,710 ====> Extracting Features
2020-02-02 11:55:26,829 ==> Batch (50/108)
2020-02-02 11:55:51,164 ==> Batch (100/108)
2020-02-02 11:55:56,051 ====> Building faiss index
2020-02-02 11:55:56,401 ====> Calculating recall @ N
2020-02-02 11:55:58,620 ====> Recall@1: 0.5762
2020-02-02 11:55:58,621 ====> Recall@2: 0.6072
2020-02-02 11:55:58,622 ====> Recall@3: 0.6301
2020-02-02 11:55:58,622 ====> Recall@4: 0.6435
2020-02-02 11:55:58,622 ====> Recall@5: 0.6513
2020-02-02 11:55:58,622 ====> Recall@10: 0.6806
2020-02-02 11:55:58,623 ====> Recall@15: 0.6933
2020-02-02 11:55:58,623 ====> Recall@20: 0.7020
2020-02-02 11:55:58,623 ====> Recall@25: 0.7096
2020-02-02 11:55:59,437 ====> Building Cache
2020-02-02 11:55:59,438 feature cache--->>> /home/annora/NetVLAD/output/train_feat_cache1.hdf5
2020-02-02 11:57:29,522 Allocated:119.90869140625 MB
2020-02-02 11:57:29,522 Cached:4159.875 MB
2020-02-02 12:00:12,368 ==> Epoch[3](50/534): Loss: 0.0464
2020-02-02 12:00:12,371 Allocated:121.15869140625 MB
2020-02-02 12:00:12,371 Cached:7717.125 MB
2020-02-02 12:02:05,385 ==> Epoch[3](100/534): Loss: 0.0141
2020-02-02 12:02:05,389 Allocated:122.40869140625 MB
2020-02-02 12:02:05,389 Cached:7717.125 MB
2020-02-02 12:03:58,615 ==> Epoch[3](150/534): Loss: 0.0402
2020-02-02 12:03:58,616 Allocated:122.28369140625 MB
2020-02-02 12:03:58,617 Cached:8968.875 MB
2020-02-02 12:04:58,707 ====> Building Cache
2020-02-02 12:04:58,708 feature cache--->>> /home/annora/NetVLAD/output/train_feat_cache1.hdf5
2020-02-02 12:06:32,202 Allocated:121.158203125 MB
2020-02-02 12:06:32,203 Cached:3056.125 MB
2020-02-02 12:08:09,085 ==> Epoch[3](200/534): Loss: 0.1222
2020-02-02 12:08:09,088 Allocated:121.65869140625 MB
2020-02-02 12:08:09,089 Cached:9435.5 MB
2020-02-02 12:10:07,286 ==> Epoch[3](250/534): Loss: 0.1544
2020-02-02 12:10:07,288 Allocated:122.03369140625 MB
2020-02-02 12:10:07,288 Cached:9435.5 MB
2020-02-02 12:12:07,547 ==> Epoch[3](300/534): Loss: 0.1290
2020-02-02 12:12:07,549 Allocated:121.90869140625 MB
2020-02-02 12:12:07,549 Cached:9435.5 MB
2020-02-02 12:14:04,468 ==> Epoch[3](350/534): Loss: 0.0931
2020-02-02 12:14:04,471 Allocated:121.90869140625 MB
2020-02-02 12:14:04,471 Cached:9435.5 MB
2020-02-02 12:14:18,945 ====> Building Cache
2020-02-02 12:14:18,945 feature cache--->>> /home/annora/NetVLAD/output/train_feat_cache1.hdf5
2020-02-02 12:15:50,494 Allocated:121.908203125 MB
2020-02-02 12:15:50,495 Cached:3396.25 MB
2020-02-02 12:18:17,831 ==> Epoch[3](400/534): Loss: 0.0918
2020-02-02 12:18:17,834 Allocated:122.53369140625 MB
2020-02-02 12:18:17,834 Cached:9739.5 MB
2020-02-02 12:20:18,017 ==> Epoch[3](450/534): Loss: 0.0324
2020-02-02 12:20:18,019 Allocated:122.15869140625 MB
2020-02-02 12:20:18,019 Cached:6355.75 MB
2020-02-02 12:22:14,187 ==> Epoch[3](500/534): Loss: 0.0675
2020-02-02 12:22:14,190 Allocated:121.28369140625 MB
2020-02-02 12:22:14,190 Cached:6355.75 MB
2020-02-02 12:23:34,101 ===> Epoch 3 Complete: Avg. Loss: 0.0735
2020-02-02 12:23:34,103 ====> Extracting Features
2020-02-02 12:24:11,532 ==> Batch (50/108)
2020-02-02 12:24:33,938 ==> Batch (100/108)
2020-02-02 12:24:38,622 ====> Building faiss index
2020-02-02 12:24:38,976 ====> Calculating recall @ N
2020-02-02 12:24:41,162 ====> Recall@1: 0.6017
2020-02-02 12:24:41,162 ====> Recall@2: 0.6336
2020-02-02 12:24:41,163 ====> Recall@3: 0.6530
2020-02-02 12:24:41,163 ====> Recall@4: 0.6643
2020-02-02 12:24:41,163 ====> Recall@5: 0.6765
2020-02-02 12:24:41,164 ====> Recall@10: 0.7046
2020-02-02 12:24:41,164 ====> Recall@15: 0.7241
2020-02-02 12:24:41,164 ====> Recall@20: 0.7386
2020-02-02 12:24:41,164 ====> Recall@25: 0.7452
2020-02-02 12:24:41,938 ====> Building Cache
2020-02-02 12:24:41,939 feature cache--->>> /home/annora/NetVLAD/output/train_feat_cache1.hdf5
2020-02-02 12:26:11,282 Allocated:120.03369140625 MB
2020-02-02 12:26:11,283 Cached:4157.75 MB
2020-02-02 12:28:55,774 ==> Epoch[4](50/534): Loss: 0.1540
2020-02-02 12:28:55,776 Allocated:121.15869140625 MB
2020-02-02 12:28:55,776 Cached:5472.875 MB
2020-02-02 12:30:52,720 ==> Epoch[4](100/534): Loss: 0.1482
2020-02-02 12:30:52,722 Allocated:121.53369140625 MB
2020-02-02 12:30:52,722 Cached:5510.375 MB
2020-02-02 12:32:50,275 ==> Epoch[4](150/534): Loss: 0.0811
2020-02-02 12:32:50,277 Allocated:122.03369140625 MB
2020-02-02 12:32:50,277 Cached:5510.375 MB
2020-02-02 12:33:56,861 ====> Building Cache
2020-02-02 12:33:56,861 feature cache--->>> /home/annora/NetVLAD/output/train_feat_cache1.hdf5
2020-02-02 12:35:30,756 Allocated:121.283203125 MB
2020-02-02 12:35:30,756 Cached:2829.75 MB
2020-02-02 12:37:07,718 ==> Epoch[4](200/534): Loss: 0.2634
2020-02-02 12:37:07,721 Allocated:122.03369140625 MB
2020-02-02 12:37:07,721 Cached:6720.75 MB
2020-02-02 12:39:10,173 ==> Epoch[4](250/534): Loss: 0.3089
2020-02-02 12:39:10,176 Allocated:122.03369140625 MB
2020-02-02 12:39:10,176 Cached:6720.75 MB
2020-02-02 12:41:10,820 ==> Epoch[4](300/534): Loss: 0.3076
2020-02-02 12:41:10,823 Allocated:121.65869140625 MB
2020-02-02 12:41:10,823 Cached:6720.75 MB
2020-02-02 12:43:10,794 ==> Epoch[4](350/534): Loss: 0.3113
2020-02-02 12:43:10,797 Allocated:121.28369140625 MB
2020-02-02 12:43:10,797 Cached:6720.75 MB
2020-02-02 12:43:25,206 ====> Building Cache
2020-02-02 12:43:25,207 feature cache--->>> /home/annora/NetVLAD/output/train_feat_cache1.hdf5
2020-02-02 12:44:56,958 Allocated:122.033203125 MB
2020-02-02 12:44:56,959 Cached:3395.125 MB
2020-02-02 12:47:30,046 ==> Epoch[4](400/534): Loss: 0.3128
2020-02-02 12:47:30,052 Allocated:121.28369140625 MB
2020-02-02 12:47:30,053 Cached:7286.125 MB
2020-02-02 12:49:44,118 ==> Epoch[4](450/534): Loss: 0.3126
2020-02-02 12:49:44,124 Allocated:121.28369140625 MB
2020-02-02 12:49:44,124 Cached:7286.125 MB
2020-02-02 12:51:53,954 ==> Epoch[4](500/534): Loss: 0.3144
2020-02-02 12:51:53,957 Allocated:121.28369140625 MB
2020-02-02 12:51:53,958 Cached:7286.125 MB
2020-02-02 12:53:12,599 ===> Epoch 4 Complete: Avg. Loss: 0.2476
2020-02-02 12:53:12,601 ====> Extracting Features
2020-02-02 12:53:50,749 ==> Batch (50/108)
2020-02-02 12:54:13,549 ==> Batch (100/108)
2020-02-02 12:54:18,284 ====> Building faiss index
2020-02-02 12:54:18,650 ====> Calculating recall @ N
2020-02-02 12:54:21,120 ====> Recall@1: 0.2241
2020-02-02 12:54:21,121 ====> Recall@2: 0.2742
2020-02-02 12:54:21,121 ====> Recall@3: 0.3038
2020-02-02 12:54:21,121 ====> Recall@4: 0.3243
2020-02-02 12:54:21,122 ====> Recall@5: 0.3519
2020-02-02 12:54:21,122 ====> Recall@10: 0.4026
2020-02-02 12:54:21,122 ====> Recall@15: 0.4359
2020-02-02 12:54:21,122 ====> Recall@20: 0.4707
2020-02-02 12:54:21,122 ====> Recall@25: 0.4904
2020-02-02 12:54:21,568 ====> Building Cache
2020-02-02 12:54:21,569 feature cache--->>> /home/annora/NetVLAD/output/train_feat_cache1.hdf5
2020-02-02 12:55:50,768 Allocated:119.28369140625 MB
2020-02-02 12:55:50,768 Cached:4485.125 MB
2020-02-02 12:58:39,395 ==> Epoch[5](50/534): Loss: 0.3144
2020-02-02 12:58:39,398 Allocated:122.03369140625 MB
2020-02-02 12:58:39,398 Cached:8374.125 MB
2020-02-02 13:00:40,760 ==> Epoch[5](100/534): Loss: 0.3141
2020-02-02 13:00:40,762 Allocated:122.03369140625 MB
2020-02-02 13:00:40,763 Cached:8374.125 MB
2020-02-02 13:02:44,797 ==> Epoch[5](150/534): Loss: 0.3126
2020-02-02 13:02:44,800 Allocated:121.28369140625 MB
2020-02-02 13:02:44,800 Cached:8374.125 MB
2020-02-02 13:03:50,352 ====> Building Cache
2020-02-02 13:03:50,352 feature cache--->>> /home/annora/NetVLAD/output/train_feat_cache1.hdf5
2020-02-02 13:05:19,299 Allocated:122.033203125 MB
2020-02-02 13:05:19,299 Cached:3395.125 MB
2020-02-02 13:07:00,872 ==> Epoch[5](200/534): Loss: 0.3146
2020-02-02 13:07:00,875 Allocated:121.28369140625 MB
2020-02-02 13:07:00,876 Cached:7286.125 MB
2020-02-02 13:09:02,117 ==> Epoch[5](250/534): Loss: 0.3149
2020-02-02 13:09:02,119 Allocated:121.28369140625 MB
2020-02-02 13:09:02,120 Cached:7286.125 MB
2020-02-02 13:11:01,979 ==> Epoch[5](300/534): Loss: 0.3137
2020-02-02 13:11:01,982 Allocated:121.28369140625 MB
2020-02-02 13:11:01,982 Cached:7286.125 MB
2020-02-02 13:13:03,719 ==> Epoch[5](350/534): Loss: 0.3133
2020-02-02 13:13:03,721 Allocated:121.28369140625 MB
2020-02-02 13:13:03,721 Cached:7286.125 MB
2020-02-02 13:13:18,225 ====> Building Cache
2020-02-02 13:13:18,226 feature cache--->>> /home/annora/NetVLAD/output/train_feat_cache1.hdf5
2020-02-02 13:14:50,332 Allocated:122.033203125 MB
2020-02-02 13:14:50,333 Cached:3395.125 MB
2020-02-02 13:17:22,409 ==> Epoch[5](400/534): Loss: 0.3155
2020-02-02 13:17:22,411 Allocated:121.28369140625 MB
2020-02-02 13:17:22,411 Cached:7286.125 MB
2020-02-02 13:19:24,942 ==> Epoch[5](450/534): Loss: 0.3139
2020-02-02 13:19:24,945 Allocated:121.28369140625 MB
2020-02-02 13:19:24,945 Cached:7286.125 MB
2020-02-02 13:21:24,276 ==> Epoch[5](500/534): Loss: 0.3158
2020-02-02 13:21:24,279 Allocated:121.28369140625 MB
2020-02-02 13:21:24,279 Cached:7286.125 MB
2020-02-02 13:22:44,362 ===> Epoch 5 Complete: Avg. Loss: 0.3143
2020-02-02 13:22:44,364 ====> Extracting Features
2020-02-02 13:23:24,130 ==> Batch (50/108)
2020-02-02 13:23:45,822 ==> Batch (100/108)
2020-02-02 13:23:50,084 ====> Building faiss index
2020-02-02 13:23:50,440 ====> Calculating recall @ N
2020-02-02 13:23:53,006 ====> Recall@1: 0.1084
2020-02-02 13:23:53,007 ====> Recall@2: 0.1461
2020-02-02 13:23:53,007 ====> Recall@3: 0.1733
2020-02-02 13:23:53,008 ====> Recall@4: 0.1951
2020-02-02 13:23:53,008 ====> Recall@5: 0.2151
2020-02-02 13:23:53,008 ====> Recall@10: 0.2771
2020-02-02 13:23:53,008 ====> Recall@15: 0.3139
2020-02-02 13:23:53,008 ====> Recall@20: 0.3432
2020-02-02 13:23:53,008 ====> Recall@25: 0.3730
2020-02-02 13:23:53,526 ====> Building Cache
2020-02-02 13:23:53,527 feature cache--->>> /home/annora/NetVLAD/output/train_feat_cache1.hdf5
2020-02-02 13:25:23,821 Allocated:119.28369140625 MB
2020-02-02 13:25:23,822 Cached:4484.125 MB
2020-02-02 13:28:14,670 ==> Epoch[6](50/534): Loss: 0.3158
2020-02-02 13:28:14,672 Allocated:122.03369140625 MB
2020-02-02 13:28:14,673 Cached:8374.125 MB
2020-02-02 13:30:23,004 ==> Epoch[6](100/534): Loss: 0.3159
2020-02-02 13:30:23,007 Allocated:122.03369140625 MB
2020-02-02 13:30:23,007 Cached:8374.125 MB
2020-02-02 13:32:30,599 ==> Epoch[6](150/534): Loss: 0.3159
2020-02-02 13:32:30,602 Allocated:121.28369140625 MB
2020-02-02 13:32:30,602 Cached:8374.125 MB
2020-02-02 13:33:36,938 ====> Building Cache
2020-02-02 13:33:36,939 feature cache--->>> /home/annora/NetVLAD/output/train_feat_cache1.hdf5
2020-02-02 13:35:16,754 Allocated:122.033203125 MB
2020-02-02 13:35:16,755 Cached:3395.125 MB
2020-02-02 13:37:12,176 ==> Epoch[6](200/534): Loss: 0.3161
2020-02-02 13:37:12,179 Allocated:121.28369140625 MB
2020-02-02 13:37:12,179 Cached:7286.125 MB
2020-02-02 13:39:32,326 ==> Epoch[6](250/534): Loss: 0.3161
2020-02-02 13:39:32,328 Allocated:121.28369140625 MB
2020-02-02 13:39:32,329 Cached:7286.125 MB
2020-02-02 13:41:44,966 ==> Epoch[6](300/534): Loss: 0.3162
2020-02-02 13:41:44,970 Allocated:121.28369140625 MB
2020-02-02 13:41:44,970 Cached:7286.125 MB
2020-02-02 13:43:52,664 ==> Epoch[6](350/534): Loss: 0.3162
2020-02-02 13:43:52,667 Allocated:121.28369140625 MB
2020-02-02 13:43:52,668 Cached:7286.125 MB
2020-02-02 13:44:08,284 ====> Building Cache
2020-02-02 13:44:08,286 feature cache--->>> /home/annora/NetVLAD/output/train_feat_cache1.hdf5
2020-02-02 13:45:44,094 Allocated:122.033203125 MB
2020-02-02 13:45:44,094 Cached:3395.125 MB
2020-02-02 13:48:44,598 ==> Epoch[6](400/534): Loss: 0.3160
2020-02-02 13:48:44,601 Allocated:121.28369140625 MB
2020-02-02 13:48:44,601 Cached:7286.125 MB
2020-02-02 13:50:59,582 ==> Epoch[6](450/534): Loss: 0.3160
2020-02-02 13:50:59,584 Allocated:121.28369140625 MB
2020-02-02 13:50:59,585 Cached:7286.125 MB
2020-02-02 13:53:16,372 ==> Epoch[6](500/534): Loss: 0.3159
2020-02-02 13:53:16,374 Allocated:121.28369140625 MB
2020-02-02 13:53:16,375 Cached:7286.125 MB
2020-02-02 13:54:43,162 ===> Epoch 6 Complete: Avg. Loss: 0.3160
2020-02-02 13:54:43,164 ====> Extracting Features
2020-02-02 13:55:23,906 ==> Batch (50/108)
2020-02-02 13:55:46,735 ==> Batch (100/108)
2020-02-02 13:55:51,335 ====> Building faiss index
2020-02-02 13:55:51,682 ====> Calculating recall @ N
2020-02-02 13:55:54,367 ====> Recall@1: 0.0400
2020-02-02 13:55:54,367 ====> Recall@2: 0.0426
2020-02-02 13:55:54,368 ====> Recall@3: 0.0461
2020-02-02 13:55:54,368 ====> Recall@4: 0.0472
2020-02-02 13:55:54,368 ====> Recall@5: 0.0496
2020-02-02 13:55:54,368 ====> Recall@10: 0.0594
2020-02-02 13:55:54,369 ====> Recall@15: 0.0661
2020-02-02 13:55:54,369 ====> Recall@20: 0.0701
2020-02-02 13:55:54,369 ====> Recall@25: 0.0751
2020-02-02 13:55:54,789 ====> Building Cache
2020-02-02 13:55:54,789 feature cache--->>> /home/annora/NetVLAD/output/train_feat_cache1.hdf5
2020-02-02 13:57:36,737 Allocated:119.28369140625 MB
2020-02-02 13:57:36,738 Cached:4485.125 MB
2020-02-02 14:00:45,741 ==> Epoch[7](50/534): Loss: 0.3161
2020-02-02 14:00:45,743 Allocated:122.03369140625 MB
2020-02-02 14:00:45,744 Cached:8374.125 MB
2020-02-02 14:03:03,290 ==> Epoch[7](100/534): Loss: 0.3161
2020-02-02 14:03:03,293 Allocated:122.03369140625 MB
2020-02-02 14:03:03,294 Cached:8374.125 MB
2020-02-02 14:05:11,204 ==> Epoch[7](150/534): Loss: 0.3161
2020-02-02 14:05:11,207 Allocated:121.28369140625 MB
2020-02-02 14:05:11,207 Cached:8374.125 MB
2020-02-02 14:06:21,071 ====> Building Cache
2020-02-02 14:06:21,073 feature cache--->>> /home/annora/NetVLAD/output/train_feat_cache1.hdf5
2020-02-02 14:07:54,102 Allocated:122.033203125 MB
2020-02-02 14:07:54,103 Cached:3395.125 MB
2020-02-02 14:09:51,304 ==> Epoch[7](200/534): Loss: 0.3162
2020-02-02 14:09:51,308 Allocated:121.28369140625 MB
2020-02-02 14:09:51,308 Cached:7286.125 MB
2020-02-02 14:12:02,442 ==> Epoch[7](250/534): Loss: 0.3162
2020-02-02 14:12:02,446 Allocated:121.28369140625 MB
2020-02-02 14:12:02,446 Cached:7286.125 MB
2020-02-02 14:14:12,306 ==> Epoch[7](300/534): Loss: 0.3163
2020-02-02 14:14:12,309 Allocated:121.28369140625 MB
2020-02-02 14:14:12,309 Cached:7286.125 MB
2020-02-02 14:16:16,180 ==> Epoch[7](350/534): Loss: 0.3162
2020-02-02 14:16:16,182 Allocated:121.28369140625 MB
2020-02-02 14:16:16,183 Cached:7286.125 MB
2020-02-02 14:16:29,810 ====> Building Cache
2020-02-02 14:16:29,812 feature cache--->>> /home/annora/NetVLAD/output/train_feat_cache1.hdf5
2020-02-02 14:18:07,761 Allocated:122.033203125 MB
2020-02-02 14:18:07,761 Cached:3395.125 MB
2020-02-02 14:20:54,084 ==> Epoch[7](400/534): Loss: 0.3161
2020-02-02 14:20:54,087 Allocated:121.28369140625 MB
2020-02-02 14:20:54,087 Cached:7286.125 MB
2020-02-02 14:23:02,477 ==> Epoch[7](450/534): Loss: 0.3161
2020-02-02 14:23:02,480 Allocated:121.28369140625 MB
2020-02-02 14:23:02,480 Cached:7286.125 MB
2020-02-02 14:25:02,797 ==> Epoch[7](500/534): Loss: 0.3162
2020-02-02 14:25:02,799 Allocated:121.28369140625 MB
2020-02-02 14:25:02,800 Cached:7286.125 MB
2020-02-02 14:26:22,639 ===> Epoch 7 Complete: Avg. Loss: 0.3161
2020-02-02 14:26:22,641 ====> Extracting Features
2020-02-02 14:27:20,128 ==> Batch (50/108)
2020-02-02 14:27:45,947 ==> Batch (100/108)
2020-02-02 14:27:51,646 ====> Building faiss index
2020-02-02 14:27:52,010 ====> Calculating recall @ N
2020-02-02 14:27:55,099 ====> Recall@1: 0.0380
2020-02-02 14:27:55,100 ====> Recall@2: 0.0397
2020-02-02 14:27:55,101 ====> Recall@3: 0.0397
2020-02-02 14:27:55,101 ====> Recall@4: 0.0397
2020-02-02 14:27:55,101 ====> Recall@5: 0.0403
2020-02-02 14:27:55,102 ====> Recall@10: 0.0423
2020-02-02 14:27:55,102 ====> Recall@15: 0.0429
2020-02-02 14:27:55,102 ====> Recall@20: 0.0432
2020-02-02 14:27:55,102 ====> Recall@25: 0.0441
2020-02-02 14:27:55,591 ====> Building Cache
2020-02-02 14:27:55,591 feature cache--->>> /home/annora/NetVLAD/output/train_feat_cache1.hdf5
2020-02-02 14:29:36,450 Allocated:119.28369140625 MB
2020-02-02 14:29:36,451 Cached:4485.125 MB
2020-02-02 14:32:28,846 ==> Epoch[8](50/534): Loss: 0.3162
2020-02-02 14:32:28,849 Allocated:122.03369140625 MB
2020-02-02 14:32:28,849 Cached:8374.125 MB
2020-02-02 14:34:28,886 ==> Epoch[8](100/534): Loss: 0.3161
2020-02-02 14:34:28,888 Allocated:122.03369140625 MB
2020-02-02 14:34:28,888 Cached:8374.125 MB
2020-02-02 14:36:30,862 ==> Epoch[8](150/534): Loss: 0.3162
2020-02-02 14:36:30,864 Allocated:121.28369140625 MB
2020-02-02 14:36:30,864 Cached:8374.125 MB
2020-02-02 14:37:36,320 ====> Building Cache
2020-02-02 14:37:36,321 feature cache--->>> /home/annora/NetVLAD/output/train_feat_cache1.hdf5
2020-02-02 14:39:16,489 Allocated:122.033203125 MB
2020-02-02 14:39:16,490 Cached:3395.125 MB
2020-02-02 14:41:06,579 ==> Epoch[8](200/534): Loss: 0.3162
2020-02-02 14:41:06,581 Allocated:121.28369140625 MB
2020-02-02 14:41:06,581 Cached:7286.125 MB
2020-02-02 14:43:07,513 ==> Epoch[8](250/534): Loss: 0.3162
2020-02-02 14:43:07,515 Allocated:121.28369140625 MB
2020-02-02 14:43:07,516 Cached:7286.125 MB
2020-02-02 14:45:11,591 ==> Epoch[8](300/534): Loss: 0.3162
2020-02-02 14:45:11,593 Allocated:121.28369140625 MB
2020-02-02 14:45:11,594 Cached:7286.125 MB
2020-02-02 14:47:11,285 ==> Epoch[8](350/534): Loss: 0.3162
2020-02-02 14:47:11,287 Allocated:121.28369140625 MB
2020-02-02 14:47:11,287 Cached:7286.125 MB
2020-02-02 14:47:25,602 ====> Building Cache
2020-02-02 14:47:25,603 feature cache--->>> /home/annora/NetVLAD/output/train_feat_cache1.hdf5
2020-02-02 14:49:11,789 Allocated:122.033203125 MB
2020-02-02 14:49:11,789 Cached:3395.125 MB
2020-02-02 14:51:43,350 ==> Epoch[8](400/534): Loss: 0.3162
2020-02-02 14:51:43,352 Allocated:121.28369140625 MB
2020-02-02 14:51:43,353 Cached:7286.125 MB
2020-02-02 14:53:48,020 ==> Epoch[8](450/534): Loss: 0.3162
2020-02-02 14:53:48,021 Allocated:121.28369140625 MB
2020-02-02 14:53:48,021 Cached:7286.125 MB
2020-02-02 14:55:47,929 ==> Epoch[8](500/534): Loss: 0.3162
2020-02-02 14:55:47,931 Allocated:121.28369140625 MB
2020-02-02 14:55:47,932 Cached:7286.125 MB
2020-02-02 14:57:17,968 ===> Epoch 8 Complete: Avg. Loss: 0.3162
2020-02-02 14:57:17,970 ====> Extracting Features
2020-02-02 14:58:05,960 ==> Batch (50/108)
2020-02-02 14:58:31,113 ==> Batch (100/108)
2020-02-02 14:58:35,259 ====> Building faiss index
2020-02-02 14:58:35,603 ====> Calculating recall @ N
2020-02-02 14:58:38,507 ====> Recall@1: 0.0354
2020-02-02 14:58:38,507 ====> Recall@2: 0.0359
2020-02-02 14:58:38,508 ====> Recall@3: 0.0362
2020-02-02 14:58:38,508 ====> Recall@4: 0.0365
2020-02-02 14:58:38,508 ====> Recall@5: 0.0365
2020-02-02 14:58:38,509 ====> Recall@10: 0.0368
2020-02-02 14:58:38,509 ====> Recall@15: 0.0371
2020-02-02 14:58:38,509 ====> Recall@20: 0.0374
2020-02-02 14:58:38,509 ====> Recall@25: 0.0377
2020-02-02 14:58:38,980 ====> Building Cache
2020-02-02 14:58:38,980 feature cache--->>> /home/annora/NetVLAD/output/train_feat_cache1.hdf5
2020-02-02 15:00:12,930 Allocated:119.28369140625 MB
2020-02-02 15:00:12,931 Cached:4484.125 MB
2020-02-02 15:03:05,414 ==> Epoch[9](50/534): Loss: 0.3162
2020-02-02 15:03:05,418 Allocated:122.03369140625 MB
2020-02-02 15:03:05,419 Cached:8374.125 MB
2020-02-02 15:05:08,026 ==> Epoch[9](100/534): Loss: 0.3162
2020-02-02 15:05:08,029 Allocated:122.03369140625 MB
2020-02-02 15:05:08,029 Cached:8374.125 MB
2020-02-02 15:07:12,161 ==> Epoch[9](150/534): Loss: 0.3162
2020-02-02 15:07:12,163 Allocated:121.28369140625 MB
2020-02-02 15:07:12,164 Cached:8374.125 MB
2020-02-02 15:08:24,671 ====> Building Cache
2020-02-02 15:08:24,672 feature cache--->>> /home/annora/NetVLAD/output/train_feat_cache1.hdf5
2020-02-02 15:10:10,091 Allocated:122.033203125 MB
2020-02-02 15:10:10,091 Cached:3395.125 MB
2020-02-02 15:11:51,196 ==> Epoch[9](200/534): Loss: 0.3162
2020-02-02 15:11:51,200 Allocated:121.28369140625 MB
2020-02-02 15:11:51,200 Cached:7286.125 MB
2020-02-02 15:13:58,240 ==> Epoch[9](250/534): Loss: 0.3162
2020-02-02 15:13:58,242 Allocated:121.28369140625 MB
2020-02-02 15:13:58,242 Cached:7286.125 MB
2020-02-02 15:16:02,525 ==> Epoch[9](300/534): Loss: 0.3162
2020-02-02 15:16:02,528 Allocated:121.28369140625 MB
2020-02-02 15:16:02,528 Cached:7286.125 MB
2020-02-02 15:18:13,687 ==> Epoch[9](350/534): Loss: 0.3162
2020-02-02 15:18:13,690 Allocated:121.28369140625 MB
2020-02-02 15:18:13,690 Cached:7286.125 MB
2020-02-02 15:18:28,852 ====> Building Cache
2020-02-02 15:18:28,853 feature cache--->>> /home/annora/NetVLAD/output/train_feat_cache1.hdf5
2020-02-02 15:20:08,104 Allocated:122.033203125 MB
2020-02-02 15:20:08,105 Cached:3395.125 MB
2020-02-02 15:22:46,244 ==> Epoch[9](400/534): Loss: 0.3162
2020-02-02 15:22:46,251 Allocated:121.28369140625 MB
2020-02-02 15:22:46,251 Cached:7286.125 MB
2020-02-02 15:25:00,283 ==> Epoch[9](450/534): Loss: 0.3162
2020-02-02 15:25:00,286 Allocated:121.28369140625 MB
2020-02-02 15:25:00,287 Cached:7286.125 MB
2020-02-02 15:27:16,059 ==> Epoch[9](500/534): Loss: 0.3162
2020-02-02 15:27:16,065 Allocated:121.28369140625 MB
2020-02-02 15:27:16,065 Cached:7286.125 MB
2020-02-02 15:28:43,049 ===> Epoch 9 Complete: Avg. Loss: 0.3162
2020-02-02 15:28:43,051 ====> Extracting Features
2020-02-02 15:29:26,181 ==> Batch (50/108)
2020-02-02 15:29:51,745 ==> Batch (100/108)
2020-02-02 15:29:57,125 ====> Building faiss index
2020-02-02 15:29:57,486 ====> Calculating recall @ N
2020-02-02 15:30:00,349 ====> Recall@1: 0.0243
2020-02-02 15:30:00,350 ====> Recall@2: 0.0284
2020-02-02 15:30:00,351 ====> Recall@3: 0.0296
2020-02-02 15:30:00,351 ====> Recall@4: 0.0325
2020-02-02 15:30:00,351 ====> Recall@5: 0.0336
2020-02-02 15:30:00,351 ====> Recall@10: 0.0351
2020-02-02 15:30:00,352 ====> Recall@15: 0.0371
2020-02-02 15:30:00,352 ====> Recall@20: 0.0394
2020-02-02 15:30:00,352 ====> Recall@25: 0.0400
2020-02-02 15:30:00,812 ====> Building Cache
2020-02-02 15:30:00,813 feature cache--->>> /home/annora/NetVLAD/output/train_feat_cache1.hdf5
2020-02-02 15:31:41,187 Allocated:119.28369140625 MB
2020-02-02 15:31:41,187 Cached:4485.125 MB
2020-02-02 15:34:34,472 ==> Epoch[10](50/534): Loss: 0.3162
2020-02-02 15:34:34,475 Allocated:122.03369140625 MB
2020-02-02 15:34:34,476 Cached:8374.125 MB
2020-02-02 15:36:44,393 ==> Epoch[10](100/534): Loss: 0.3162
2020-02-02 15:36:44,396 Allocated:122.03369140625 MB
2020-02-02 15:36:44,396 Cached:8374.125 MB
2020-02-02 15:38:50,476 ==> Epoch[10](150/534): Loss: 0.3162
2020-02-02 15:38:50,478 Allocated:121.28369140625 MB
2020-02-02 15:38:50,478 Cached:8374.125 MB
2020-02-02 15:40:02,449 ====> Building Cache
2020-02-02 15:40:02,450 feature cache--->>> /home/annora/NetVLAD/output/train_feat_cache1.hdf5
2020-02-02 15:41:38,758 Allocated:122.033203125 MB
2020-02-02 15:41:38,758 Cached:3395.125 MB
2020-02-02 15:43:22,989 ==> Epoch[10](200/534): Loss: 0.3162
2020-02-02 15:43:22,995 Allocated:121.28369140625 MB
2020-02-02 15:43:22,996 Cached:7286.125 MB
2020-02-02 15:45:33,093 ==> Epoch[10](250/534): Loss: 0.3162
2020-02-02 15:45:33,096 Allocated:121.28369140625 MB
2020-02-02 15:45:33,096 Cached:7286.125 MB
2020-02-02 15:47:37,119 ==> Epoch[10](300/534): Loss: 0.3162
2020-02-02 15:47:37,121 Allocated:121.28369140625 MB
2020-02-02 15:47:37,121 Cached:7286.125 MB
2020-02-02 15:49:46,269 ==> Epoch[10](350/534): Loss: 0.3162
2020-02-02 15:49:46,271 Allocated:121.28369140625 MB
2020-02-02 15:49:46,272 Cached:7286.125 MB
2020-02-02 15:50:00,334 ====> Building Cache
2020-02-02 15:50:00,335 feature cache--->>> /home/annora/NetVLAD/output/train_feat_cache1.hdf5
2020-02-02 15:51:34,255 Allocated:122.033203125 MB
2020-02-02 15:51:34,255 Cached:3395.125 MB
2020-02-02 15:54:14,783 ==> Epoch[10](400/534): Loss: 0.3162
2020-02-02 15:54:14,786 Allocated:121.28369140625 MB
2020-02-02 15:54:14,786 Cached:7286.125 MB
2020-02-02 15:56:16,517 ==> Epoch[10](450/534): Loss: 0.3162
2020-02-02 15:56:16,520 Allocated:121.28369140625 MB
2020-02-02 15:56:16,520 Cached:7286.125 MB
2020-02-02 15:58:23,100 ==> Epoch[10](500/534): Loss: 0.3162
2020-02-02 15:58:23,102 Allocated:121.28369140625 MB
2020-02-02 15:58:23,103 Cached:7286.125 MB
2020-02-02 15:59:51,315 ===> Epoch 10 Complete: Avg. Loss: 0.3162
2020-02-02 15:59:51,317 ====> Extracting Features
2020-02-02 16:00:39,029 ==> Batch (50/108)
2020-02-02 16:01:10,609 ==> Batch (100/108)
2020-02-02 16:01:16,201 ====> Building faiss index
2020-02-02 16:01:16,573 ====> Calculating recall @ N
2020-02-02 16:01:19,623 ====> Recall@1: 0.0081
2020-02-02 16:01:19,623 ====> Recall@2: 0.0159
2020-02-02 16:01:19,624 ====> Recall@3: 0.0191
2020-02-02 16:01:19,624 ====> Recall@4: 0.0229
2020-02-02 16:01:19,624 ====> Recall@5: 0.0272
2020-02-02 16:01:19,624 ====> Recall@10: 0.0423
2020-02-02 16:01:19,624 ====> Recall@15: 0.0539
2020-02-02 16:01:19,625 ====> Recall@20: 0.0620
2020-02-02 16:01:19,625 ====> Recall@25: 0.0725
2020-02-02 16:01:20,081 ====> Building Cache
2020-02-02 16:01:20,081 feature cache--->>> /home/annora/NetVLAD/output/train_feat_cache1.hdf5
2020-02-02 16:02:59,761 Allocated:119.28369140625 MB
2020-02-02 16:02:59,761 Cached:4485.125 MB
2020-02-02 16:05:53,869 ==> Epoch[11](50/534): Loss: 0.3162
2020-02-02 16:05:53,872 Allocated:122.03369140625 MB
2020-02-02 16:05:53,873 Cached:8374.125 MB
2020-02-02 16:07:57,754 ==> Epoch[11](100/534): Loss: 0.3162
2020-02-02 16:07:57,756 Allocated:122.03369140625 MB
2020-02-02 16:07:57,756 Cached:8374.125 MB
2020-02-02 16:10:01,123 ==> Epoch[11](150/534): Loss: 0.3162
2020-02-02 16:10:01,125 Allocated:121.28369140625 MB
2020-02-02 16:10:01,126 Cached:8374.125 MB
2020-02-02 16:11:11,575 ====> Building Cache
2020-02-02 16:11:11,575 feature cache--->>> /home/annora/NetVLAD/output/train_feat_cache1.hdf5
2020-02-02 16:12:48,908 Allocated:122.033203125 MB
2020-02-02 16:12:48,910 Cached:3395.125 MB
2020-02-02 16:14:33,049 ==> Epoch[11](200/534): Loss: 0.3162
2020-02-02 16:14:33,051 Allocated:121.28369140625 MB
2020-02-02 16:14:33,051 Cached:7286.125 MB
2020-02-02 16:16:32,781 ==> Epoch[11](250/534): Loss: 0.3162
2020-02-02 16:16:32,783 Allocated:121.28369140625 MB
2020-02-02 16:16:32,784 Cached:7286.125 MB
2020-02-02 16:18:38,404 ==> Epoch[11](300/534): Loss: 0.3162
2020-02-02 16:18:38,407 Allocated:121.28369140625 MB
2020-02-02 16:18:38,407 Cached:7286.125 MB
2020-02-02 16:20:38,527 ==> Epoch[11](350/534): Loss: 0.3162
2020-02-02 16:20:38,529 Allocated:121.28369140625 MB
2020-02-02 16:20:38,530 Cached:7286.125 MB
2020-02-02 16:20:52,986 ====> Building Cache
2020-02-02 16:20:52,986 feature cache--->>> /home/annora/NetVLAD/output/train_feat_cache1.hdf5
2020-02-02 16:22:36,998 Allocated:122.033203125 MB
2020-02-02 16:22:36,999 Cached:3395.125 MB
2020-02-02 16:25:15,390 ==> Epoch[11](400/534): Loss: 0.3162
2020-02-02 16:25:15,392 Allocated:121.28369140625 MB
2020-02-02 16:25:15,393 Cached:7286.125 MB
2020-02-02 16:27:19,689 ==> Epoch[11](450/534): Loss: 0.3162
2020-02-02 16:27:19,691 Allocated:121.28369140625 MB
2020-02-02 16:27:19,692 Cached:7286.125 MB
2020-02-02 16:29:23,077 ==> Epoch[11](500/534): Loss: 0.3162
2020-02-02 16:29:23,079 Allocated:121.28369140625 MB
2020-02-02 16:29:23,079 Cached:7286.125 MB
2020-02-02 16:30:48,978 ===> Epoch 11 Complete: Avg. Loss: 0.3162
2020-02-02 16:30:48,981 ====> Extracting Features
2020-02-02 16:31:37,412 ==> Batch (50/108)
2020-02-02 16:32:06,218 ==> Batch (100/108)
2020-02-02 16:32:11,267 ====> Building faiss index
2020-02-02 16:32:11,642 ====> Calculating recall @ N
2020-02-02 16:32:14,490 ====> Recall@1: 0.0406
2020-02-02 16:32:14,491 ====> Recall@2: 0.0458
2020-02-02 16:32:14,492 ====> Recall@3: 0.0478
2020-02-02 16:32:14,492 ====> Recall@4: 0.0539
2020-02-02 16:32:14,492 ====> Recall@5: 0.0551
2020-02-02 16:32:14,493 ====> Recall@10: 0.0557
2020-02-02 16:32:14,493 ====> Recall@15: 0.0559
2020-02-02 16:32:14,493 ====> Recall@20: 0.0562
2020-02-02 16:32:14,493 ====> Recall@25: 0.0568
2020-02-02 16:32:15,007 ====> Building Cache
2020-02-02 16:32:15,008 feature cache--->>> /home/annora/NetVLAD/output/train_feat_cache1.hdf5
2020-02-02 16:33:53,851 Allocated:119.28369140625 MB
2020-02-02 16:33:53,852 Cached:4484.125 MB
2020-02-02 16:36:46,820 ==> Epoch[12](50/534): Loss: 0.3162
2020-02-02 16:36:46,823 Allocated:122.03369140625 MB
2020-02-02 16:36:46,823 Cached:8374.125 MB
2020-02-02 16:38:48,752 ==> Epoch[12](100/534): Loss: 0.3162
2020-02-02 16:38:48,755 Allocated:122.03369140625 MB
2020-02-02 16:38:48,755 Cached:8374.125 MB
2020-02-02 16:40:52,611 ==> Epoch[12](150/534): Loss: 0.3162
2020-02-02 16:40:52,614 Allocated:121.28369140625 MB
2020-02-02 16:40:52,614 Cached:8374.125 MB
2020-02-02 16:42:01,273 ====> Building Cache
2020-02-02 16:42:01,274 feature cache--->>> /home/annora/NetVLAD/output/train_feat_cache1.hdf5
2020-02-02 16:43:49,282 Allocated:122.033203125 MB
2020-02-02 16:43:49,282 Cached:3395.125 MB
2020-02-02 16:45:38,833 ==> Epoch[12](200/534): Loss: 0.3162
2020-02-02 16:45:38,836 Allocated:121.28369140625 MB
2020-02-02 16:45:38,836 Cached:7286.125 MB
2020-02-02 16:47:38,717 ==> Epoch[12](250/534): Loss: 0.3162
2020-02-02 16:47:38,719 Allocated:121.28369140625 MB
2020-02-02 16:47:38,720 Cached:7286.125 MB
2020-02-02 16:49:47,311 ==> Epoch[12](300/534): Loss: 0.3162
2020-02-02 16:49:47,313 Allocated:121.28369140625 MB
2020-02-02 16:49:47,314 Cached:7286.125 MB
2020-02-02 16:51:47,508 ==> Epoch[12](350/534): Loss: 0.3162
2020-02-02 16:51:47,510 Allocated:121.28369140625 MB
2020-02-02 16:51:47,510 Cached:7286.125 MB
2020-02-02 16:52:02,856 ====> Building Cache
2020-02-02 16:52:02,857 feature cache--->>> /home/annora/NetVLAD/output/train_feat_cache1.hdf5
2020-02-02 16:53:48,638 Allocated:122.033203125 MB
2020-02-02 16:53:48,639 Cached:3395.125 MB
2020-02-02 16:56:30,589 ==> Epoch[12](400/534): Loss: 0.3162
2020-02-02 16:56:30,593 Allocated:121.28369140625 MB
2020-02-02 16:56:30,593 Cached:7286.125 MB
2020-02-02 16:58:30,721 ==> Epoch[12](450/534): Loss: 0.3162
2020-02-02 16:58:30,723 Allocated:121.28369140625 MB
2020-02-02 16:58:30,723 Cached:7286.125 MB
2020-02-02 17:00:28,241 ==> Epoch[12](500/534): Loss: 0.3162
2020-02-02 17:00:28,243 Allocated:121.28369140625 MB
2020-02-02 17:00:28,243 Cached:7286.125 MB
2020-02-02 17:01:49,769 ===> Epoch 12 Complete: Avg. Loss: 0.3162
2020-02-02 17:01:49,771 ====> Extracting Features
2020-02-02 17:02:24,731 ==> Batch (50/108)
2020-02-02 17:02:47,255 ==> Batch (100/108)
2020-02-02 17:02:52,171 ====> Building faiss index
2020-02-02 17:02:52,522 ====> Calculating recall @ N
2020-02-02 17:02:55,267 ====> Recall@1: 0.0362
2020-02-02 17:02:55,268 ====> Recall@2: 0.0362
2020-02-02 17:02:55,269 ====> Recall@3: 0.0362
2020-02-02 17:02:55,269 ====> Recall@4: 0.0362
2020-02-02 17:02:55,269 ====> Recall@5: 0.0362
2020-02-02 17:02:55,269 ====> Recall@10: 0.0362
2020-02-02 17:02:55,270 ====> Recall@15: 0.0362
2020-02-02 17:02:55,270 ====> Recall@20: 0.0362
2020-02-02 17:02:55,270 ====> Recall@25: 0.0362
2020-02-02 17:02:55,739 ====> Building Cache
2020-02-02 17:02:55,739 feature cache--->>> /home/annora/NetVLAD/output/train_feat_cache1.hdf5
2020-02-02 17:04:28,295 Allocated:119.28369140625 MB
2020-02-02 17:04:28,295 Cached:4485.125 MB
2020-02-02 17:07:04,067 ==> Epoch[13](50/534): Loss: 0.3162
2020-02-02 17:07:04,069 Allocated:122.03369140625 MB
2020-02-02 17:07:04,069 Cached:8374.125 MB
2020-02-02 17:09:02,914 ==> Epoch[13](100/534): Loss: 0.3162
2020-02-02 17:09:02,916 Allocated:122.03369140625 MB
2020-02-02 17:09:02,917 Cached:8374.125 MB
2020-02-02 17:11:03,433 ==> Epoch[13](150/534): Loss: 0.3162
2020-02-02 17:11:03,435 Allocated:121.28369140625 MB
2020-02-02 17:11:03,435 Cached:8374.125 MB
2020-02-02 17:12:08,299 ====> Building Cache
2020-02-02 17:12:08,300 feature cache--->>> /home/annora/NetVLAD/output/train_feat_cache1.hdf5
2020-02-02 17:13:38,633 Allocated:122.033203125 MB
2020-02-02 17:13:38,634 Cached:3395.125 MB
2020-02-02 17:15:11,152 ==> Epoch[13](200/534): Loss: 0.3162
2020-02-02 17:15:11,154 Allocated:121.28369140625 MB
2020-02-02 17:15:11,154 Cached:7286.125 MB
2020-02-02 17:17:06,803 ==> Epoch[13](250/534): Loss: 0.3162
2020-02-02 17:17:06,806 Allocated:121.28369140625 MB
2020-02-02 17:17:06,806 Cached:7286.125 MB
2020-02-02 17:18:59,774 ==> Epoch[13](300/534): Loss: 0.3162
2020-02-02 17:18:59,776 Allocated:121.28369140625 MB
2020-02-02 17:18:59,776 Cached:7286.125 MB
2020-02-02 17:20:57,068 ==> Epoch[13](350/534): Loss: 0.3162
2020-02-02 17:20:57,070 Allocated:121.28369140625 MB
2020-02-02 17:20:57,070 Cached:7286.125 MB
2020-02-02 17:21:10,678 ====> Building Cache
2020-02-02 17:21:10,679 feature cache--->>> /home/annora/NetVLAD/output/train_feat_cache1.hdf5
2020-02-02 17:22:37,985 Allocated:122.033203125 MB
2020-02-02 17:22:37,986 Cached:3395.125 MB
2020-02-02 17:25:04,189 ==> Epoch[13](400/534): Loss: 0.3162
2020-02-02 17:25:04,192 Allocated:121.28369140625 MB
2020-02-02 17:25:04,192 Cached:7286.125 MB
2020-02-02 17:26:56,939 ==> Epoch[13](450/534): Loss: 0.3162
2020-02-02 17:26:56,942 Allocated:121.28369140625 MB
2020-02-02 17:26:56,942 Cached:7286.125 MB
2020-02-02 17:28:55,246 ==> Epoch[13](500/534): Loss: 0.3162
2020-02-02 17:28:55,248 Allocated:121.28369140625 MB
2020-02-02 17:28:55,249 Cached:7286.125 MB
2020-02-02 17:30:13,629 ===> Epoch 13 Complete: Avg. Loss: 0.3162
2020-02-02 17:30:13,631 ====> Extracting Features
2020-02-02 17:30:50,691 ==> Batch (50/108)
2020-02-02 17:31:13,036 ==> Batch (100/108)
2020-02-02 17:31:17,739 ====> Building faiss index
2020-02-02 17:31:18,094 ====> Calculating recall @ N
2020-02-02 17:31:20,810 ====> Recall@1: 0.0362
2020-02-02 17:31:20,811 ====> Recall@2: 0.0362
2020-02-02 17:31:20,812 ====> Recall@3: 0.0362
2020-02-02 17:31:20,812 ====> Recall@4: 0.0362
2020-02-02 17:31:20,812 ====> Recall@5: 0.0362
2020-02-02 17:31:20,812 ====> Recall@10: 0.0362
2020-02-02 17:31:20,813 ====> Recall@15: 0.0362
2020-02-02 17:31:20,813 ====> Recall@20: 0.0362
2020-02-02 17:31:20,813 ====> Recall@25: 0.0362
2020-02-02 17:31:21,272 ====> Building Cache
2020-02-02 17:31:21,273 feature cache--->>> /home/annora/NetVLAD/output/train_feat_cache1.hdf5
2020-02-02 17:32:53,893 Allocated:119.28369140625 MB
2020-02-02 17:32:53,894 Cached:4485.125 MB
2020-02-02 17:35:30,870 ==> Epoch[14](50/534): Loss: 0.3162
2020-02-02 17:35:30,873 Allocated:122.03369140625 MB
2020-02-02 17:35:30,873 Cached:8374.125 MB
2020-02-02 17:37:27,668 ==> Epoch[14](100/534): Loss: 0.3162
2020-02-02 17:37:27,670 Allocated:122.03369140625 MB
2020-02-02 17:37:27,670 Cached:8374.125 MB
2020-02-02 17:39:21,845 ==> Epoch[14](150/534): Loss: 0.3162
2020-02-02 17:39:21,847 Allocated:121.28369140625 MB
2020-02-02 17:39:21,847 Cached:8374.125 MB
2020-02-02 17:40:27,980 ====> Building Cache
2020-02-02 17:40:27,981 feature cache--->>> /home/annora/NetVLAD/output/train_feat_cache1.hdf5
2020-02-02 17:41:57,099 Allocated:122.033203125 MB
2020-02-02 17:41:57,099 Cached:3395.125 MB
2020-02-02 17:43:29,907 ==> Epoch[14](200/534): Loss: 0.3162
2020-02-02 17:43:29,909 Allocated:121.28369140625 MB
2020-02-02 17:43:29,909 Cached:7286.125 MB
2020-02-02 17:45:32,760 ==> Epoch[14](250/534): Loss: 0.3162
2020-02-02 17:45:32,762 Allocated:121.28369140625 MB
2020-02-02 17:45:32,763 Cached:7286.125 MB
2020-02-02 17:47:26,046 ==> Epoch[14](300/534): Loss: 0.3162
2020-02-02 17:47:26,048 Allocated:121.28369140625 MB
2020-02-02 17:47:26,048 Cached:7286.125 MB
2020-02-02 17:49:28,495 ==> Epoch[14](350/534): Loss: 0.3162
2020-02-02 17:49:28,498 Allocated:121.28369140625 MB
2020-02-02 17:49:28,498 Cached:7286.125 MB
2020-02-02 17:49:44,114 ====> Building Cache
2020-02-02 17:49:44,115 feature cache--->>> /home/annora/NetVLAD/output/train_feat_cache1.hdf5
2020-02-02 17:51:12,484 Allocated:122.033203125 MB
2020-02-02 17:51:12,485 Cached:3395.125 MB
2020-02-02 17:53:42,464 ==> Epoch[14](400/534): Loss: 0.3162
2020-02-02 17:53:42,466 Allocated:121.28369140625 MB
2020-02-02 17:53:42,467 Cached:7286.125 MB
2020-02-02 17:55:36,690 ==> Epoch[14](450/534): Loss: 0.3162
2020-02-02 17:55:36,692 Allocated:121.28369140625 MB
2020-02-02 17:55:36,692 Cached:7286.125 MB
2020-02-02 17:57:36,127 ==> Epoch[14](500/534): Loss: 0.3162
2020-02-02 17:57:36,130 Allocated:121.28369140625 MB
2020-02-02 17:57:36,130 Cached:7286.125 MB
2020-02-02 17:58:58,149 ===> Epoch 14 Complete: Avg. Loss: 0.3162
2020-02-02 17:58:58,151 ====> Extracting Features
2020-02-02 17:59:37,555 ==> Batch (50/108)
2020-02-02 18:00:03,841 ==> Batch (100/108)
2020-02-02 18:00:08,982 ====> Building faiss index
2020-02-02 18:00:09,333 ====> Calculating recall @ N
2020-02-02 18:00:12,198 ====> Recall@1: 0.0368
2020-02-02 18:00:12,199 ====> Recall@2: 0.0368
2020-02-02 18:00:12,200 ====> Recall@3: 0.0377
2020-02-02 18:00:12,200 ====> Recall@4: 0.0377
2020-02-02 18:00:12,200 ====> Recall@5: 0.0380
2020-02-02 18:00:12,200 ====> Recall@10: 0.0394
2020-02-02 18:00:12,200 ====> Recall@15: 0.0403
2020-02-02 18:00:12,201 ====> Recall@20: 0.0409
2020-02-02 18:00:12,201 ====> Recall@25: 0.0412
2020-02-02 18:00:12,640 Performance did not improve for 10 epochs. Stopping.
2020-02-02 18:00:12,641 => Best Recall@5: 0.6765
