2020-01-08 10:46:20,013 Namespace(arch='alexnet', batchSize=4, cacheBatchSize=24, cachePath='/home/annora/NetVLAD/output/', cacheRefreshRate=3000, ckpt='best', contilearn=False, dataPath='/home/annora/NetVLAD/output/data/', dataset='pittsburgh', evalEvery=1, fromscratch=False, lr=0.0001, lrGamma=0.5, lrStep=5, margin=0.1, mode='train', momentum=0.9, nEpochs=30, nGPU=1, nocuda=False, num_clusters=64, optim='SGD', patience=10, pooling='netvlad', premodel='imagenet', resume='', runsPath='/home/annora/NetVLAD/output/runs/', savePath='checkpoints', seed=123, split='val', start_epoch=0, threads=8, vladv2=True, weightDecay=0.001)
2020-01-08 10:46:20,156 ===> Loading dataset(s)
2020-01-08 10:46:22,639 ====> Training query set: 7320
2020-01-08 10:46:22,917 ===> Evaluating on val set, query count: 7608
2020-01-08 10:46:22,918 ===> Building model
2020-01-08 10:46:22,994 encoder moder:
AlexNet(
  (conv1): Sequential(
    (0): Conv2d(3, 64, kernel_size=(11, 11), stride=(4, 4), padding=(2, 2))
    (1): ReLU(inplace)
    (2): MaxPool2d(kernel_size=3, stride=2, padding=0, dilation=1, ceil_mode=False)
  )
  (conv2): Sequential(
    (0): Conv2d(64, 192, kernel_size=(5, 5), stride=(1, 1), padding=(2, 2))
    (1): ReLU(inplace)
    (2): MaxPool2d(kernel_size=3, stride=2, padding=0, dilation=1, ceil_mode=False)
  )
  (conv3): Sequential(
    (0): Conv2d(192, 384, kernel_size=(3, 3), stride=(1, 1), padding=(1, 1))
    (1): ReLU(inplace)
  )
  (conv4): Sequential(
    (0): Conv2d(384, 256, kernel_size=(3, 3), stride=(1, 1), padding=(1, 1))
    (1): ReLU(inplace)
  )
  (conv5): Sequential(
    (0): Conv2d(256, 256, kernel_size=(3, 3), stride=(1, 1), padding=(1, 1))
  )
)
2020-01-08 10:46:28,925 ===> Training model
2020-01-08 10:46:28,929 ===> Saving state to: /home/annora/NetVLAD/output/runs/2020-01-08-10-46-28_alexnet_netvlad
2020-01-08 10:46:28,930 ====> Building Cache
2020-01-08 10:46:28,930 feature cache--->>> /home/annora/NetVLAD/output/train_feat_cache.hdf5
