2020-02-07 10:11:49,060 Namespace(arch='alexnet', batchSize=12, cacheBatchSize=96, cachePath='/home/annora/NetVLAD/output/', cacheRefreshRate=3000, ckpt='best', contilearn=False, dataPath='/home/annora/NetVLAD/output/data/', dataset='pittsburgh', evalEvery=1, fromscratch=False, fromtask='/home/annora/NetVLAD/output/runs/2020-01-06-20-36-10_alexnet_max', lr=0.01, lrGamma=0.5, lrStep=5, margin=0.1, mode='train', momentum=0.9, nEpochs=30, nGPU=1, nocuda=False, num_clusters=64, optim='SGD', patience=10, pooling='max', premodel='imagenet', resume='', runsPath='/home/annora/NetVLAD/output/runs/', savePath='checkpoints', seed=123, split='val', start_epoch=0, threads=8, vladv2=False, weightDecay=0.001)
2020-02-07 10:11:49,127 ===> Loading dataset(s)
2020-02-07 10:11:49,127 trainfile ------>>>>>> pitts30k_train.mat
2020-02-07 10:11:51,517 ====> Training set: pitts30k_train.mat, query set count: 7320
2020-02-07 10:11:51,679 ===> Evaluating on val set: pitts30k_val.mat, query count: 7608
2020-02-07 10:11:51,679 ===> Building model
2020-02-07 10:11:51,728 encoder moder:
AlexNet(
  (conv1): Sequential(
    (0): Conv2d(3, 64, kernel_size=(11, 11), stride=(4, 4), padding=(2, 2))
    (1): ReLU(inplace)
    (2): MaxPool2d(kernel_size=3, stride=2, padding=0, dilation=1, ceil_mode=False)
  )
  (conv2): Sequential(
    (0): Conv2d(64, 192, kernel_size=(5, 5), stride=(1, 1), padding=(2, 2))
    (1): ReLU(inplace)
    (2): MaxPool2d(kernel_size=3, stride=2, padding=0, dilation=1, ceil_mode=False)
  )
  (conv3): Sequential(
    (0): Conv2d(192, 384, kernel_size=(3, 3), stride=(1, 1), padding=(1, 1))
    (1): ReLU(inplace)
  )
  (conv4): Sequential(
    (0): Conv2d(384, 256, kernel_size=(3, 3), stride=(1, 1), padding=(1, 1))
    (1): ReLU(inplace)
  )
  (conv5): Sequential(
    (0): Conv2d(256, 256, kernel_size=(3, 3), stride=(1, 1), padding=(1, 1))
  )
)
2020-02-07 10:11:55,745 => loading checkpoint '/home/annora/NetVLAD/output/runs/2020-01-06-20-36-10_alexnet_max/checkpoints/model_best.pth.tar'
2020-02-07 10:11:55,762 => loaded checkpoint '/home/annora/NetVLAD/output/runs/2020-01-06-20-36-10_alexnet_max/checkpoints/model_best.pth.tar' 
2020-02-07 10:11:55,762 ===> Training model
2020-02-07 10:11:55,764 ===> Saving state to: /home/annora/NetVLAD/output/runs/2020-02-07-10-11-55_alexnet_max
2020-02-07 10:11:55,765 ====> Building Cache
2020-02-07 10:11:55,765 feature cache--->>> /home/annora/NetVLAD/output/train_feat_cache0.hdf5
2020-02-07 10:12:27,248 Allocated:11.59326171875 MB
2020-02-07 10:12:27,249 Cached:2776.125 MB
2020-02-07 10:13:10,132 ==> Epoch[1](50/610): Loss: 0.3037
2020-02-07 10:13:10,135 Allocated:32.78076171875 MB
2020-02-07 10:13:10,136 Cached:6652.125 MB
2020-02-07 10:13:25,066 ==> Epoch[1](100/610): Loss: 0.2667
2020-02-07 10:13:25,068 Allocated:32.78076171875 MB
2020-02-07 10:13:25,068 Cached:6652.125 MB
2020-02-07 10:13:39,752 ==> Epoch[1](150/610): Loss: 0.2990
2020-02-07 10:13:39,754 Allocated:32.78076171875 MB
2020-02-07 10:13:39,754 Cached:6652.125 MB
2020-02-07 10:13:54,574 ==> Epoch[1](200/610): Loss: 0.3005
2020-02-07 10:13:54,575 Allocated:32.78076171875 MB
2020-02-07 10:13:54,575 Cached:6652.125 MB
2020-02-07 10:13:55,912 ====> Building Cache
2020-02-07 10:13:55,913 feature cache--->>> /home/annora/NetVLAD/output/train_feat_cache0.hdf5
2020-02-07 10:14:24,668 Allocated:32.7802734375 MB
2020-02-07 10:14:24,669 Cached:2862.5 MB
2020-02-07 10:15:04,801 ==> Epoch[1](250/610): Loss: 0.2714
2020-02-07 10:15:04,803 Allocated:32.78076171875 MB
2020-02-07 10:15:04,804 Cached:7976.625 MB
2020-02-07 10:15:19,359 ==> Epoch[1](300/610): Loss: 0.3483
2020-02-07 10:15:19,362 Allocated:32.78076171875 MB
2020-02-07 10:15:19,362 Cached:7976.625 MB
2020-02-07 10:15:34,019 ==> Epoch[1](350/610): Loss: 0.2045
2020-02-07 10:15:34,022 Allocated:32.78076171875 MB
2020-02-07 10:15:34,023 Cached:7976.625 MB
2020-02-07 10:15:48,734 ==> Epoch[1](400/610): Loss: 0.1955
2020-02-07 10:15:48,736 Allocated:32.78076171875 MB
2020-02-07 10:15:48,737 Cached:7976.625 MB
2020-02-07 10:15:51,104 ====> Building Cache
2020-02-07 10:15:51,105 feature cache--->>> /home/annora/NetVLAD/output/train_feat_cache0.hdf5
2020-02-07 10:16:19,867 Allocated:32.7802734375 MB
2020-02-07 10:16:19,868 Cached:2862.5 MB
2020-02-07 10:16:59,607 ==> Epoch[1](450/610): Loss: 0.3076
2020-02-07 10:16:59,609 Allocated:32.78076171875 MB
2020-02-07 10:16:59,610 Cached:6736.5 MB
2020-02-07 10:17:14,202 ==> Epoch[1](500/610): Loss: 0.2879
2020-02-07 10:17:14,204 Allocated:32.78076171875 MB
2020-02-07 10:17:14,204 Cached:6736.5 MB
2020-02-07 10:17:28,673 ==> Epoch[1](550/610): Loss: 0.3063
2020-02-07 10:17:28,675 Allocated:32.78076171875 MB
2020-02-07 10:17:28,675 Cached:6736.5 MB
2020-02-07 10:17:44,698 ==> Epoch[1](600/610): Loss: 0.2425
2020-02-07 10:17:44,700 Allocated:32.78076171875 MB
2020-02-07 10:17:44,700 Cached:6736.5 MB
2020-02-07 10:17:48,604 ===> Epoch 1 Complete: Avg. Loss: 0.2798
2020-02-07 10:17:48,606 ====> Extracting Features
2020-02-07 10:18:03,572 ==> Batch (50/184)
2020-02-07 10:18:09,129 ==> Batch (100/184)
2020-02-07 10:18:14,658 ==> Batch (150/184)
2020-02-07 10:18:18,610 ====> Building faiss index
2020-02-07 10:18:18,616 ====> Calculating recall @ N
2020-02-07 10:18:20,925 ====> Recall@1: 0.0768
2020-02-07 10:18:20,925 ====> Recall@2: 0.1120
2020-02-07 10:18:20,926 ====> Recall@3: 0.1418
2020-02-07 10:18:20,926 ====> Recall@4: 0.1643
2020-02-07 10:18:20,926 ====> Recall@5: 0.1861
2020-02-07 10:18:20,927 ====> Recall@10: 0.2801
2020-02-07 10:18:20,927 ====> Recall@15: 0.3506
2020-02-07 10:18:20,927 ====> Recall@20: 0.4047
2020-02-07 10:18:20,927 ====> Recall@25: 0.4458
2020-02-07 10:18:20,967 ====> Building Cache
2020-02-07 10:18:20,968 feature cache--->>> /home/annora/NetVLAD/output/train_feat_cache0.hdf5
2020-02-07 10:18:56,768 Allocated:30.78076171875 MB
2020-02-07 10:18:56,769 Cached:2862.5 MB
2020-02-07 10:19:51,475 ==> Epoch[2](50/610): Loss: 0.3147
2020-02-07 10:19:51,478 Allocated:32.78076171875 MB
2020-02-07 10:19:51,479 Cached:6736.5 MB
2020-02-07 10:20:13,353 ==> Epoch[2](100/610): Loss: 0.2530
2020-02-07 10:20:13,357 Allocated:32.78076171875 MB
2020-02-07 10:20:13,357 Cached:6736.5 MB
2020-02-07 10:20:34,776 ==> Epoch[2](150/610): Loss: 0.2731
2020-02-07 10:20:34,778 Allocated:32.78076171875 MB
2020-02-07 10:20:34,778 Cached:6736.5 MB
2020-02-07 10:20:51,730 ==> Epoch[2](200/610): Loss: 0.3058
2020-02-07 10:20:51,732 Allocated:32.78076171875 MB
2020-02-07 10:20:51,732 Cached:6736.5 MB
2020-02-07 10:20:53,372 ====> Building Cache
2020-02-07 10:20:53,373 feature cache--->>> /home/annora/NetVLAD/output/train_feat_cache0.hdf5
2020-02-07 10:21:32,406 Allocated:32.7802734375 MB
2020-02-07 10:21:32,407 Cached:2862.5 MB
2020-02-07 10:22:23,136 ==> Epoch[2](250/610): Loss: 0.3207
2020-02-07 10:22:23,139 Allocated:32.78076171875 MB
2020-02-07 10:22:23,140 Cached:6737.5 MB
2020-02-07 10:22:44,608 ==> Epoch[2](300/610): Loss: 0.1892
2020-02-07 10:22:44,610 Allocated:32.78076171875 MB
2020-02-07 10:22:44,611 Cached:6737.5 MB
2020-02-07 10:23:04,807 ==> Epoch[2](350/610): Loss: 0.1723
2020-02-07 10:23:04,809 Allocated:32.78076171875 MB
2020-02-07 10:23:04,809 Cached:6737.5 MB
2020-02-07 10:23:24,264 ==> Epoch[2](400/610): Loss: 0.2602
2020-02-07 10:23:24,266 Allocated:32.78076171875 MB
2020-02-07 10:23:24,266 Cached:6737.5 MB
2020-02-07 10:23:26,752 ====> Building Cache
2020-02-07 10:23:26,752 feature cache--->>> /home/annora/NetVLAD/output/train_feat_cache0.hdf5
2020-02-07 10:23:57,827 Allocated:32.7802734375 MB
2020-02-07 10:23:57,828 Cached:2862.5 MB
2020-02-07 10:24:38,897 ==> Epoch[2](450/610): Loss: 0.2633
2020-02-07 10:24:38,899 Allocated:32.78076171875 MB
2020-02-07 10:24:38,900 Cached:6737.5 MB
2020-02-07 10:24:55,339 ==> Epoch[2](500/610): Loss: 0.3353
2020-02-07 10:24:55,342 Allocated:32.78076171875 MB
2020-02-07 10:24:55,342 Cached:6737.5 MB
2020-02-07 10:25:11,541 ==> Epoch[2](550/610): Loss: 0.2921
2020-02-07 10:25:11,543 Allocated:32.78076171875 MB
2020-02-07 10:25:11,544 Cached:6737.5 MB
2020-02-07 10:25:27,753 ==> Epoch[2](600/610): Loss: 0.1833
2020-02-07 10:25:27,754 Allocated:32.78076171875 MB
2020-02-07 10:25:27,755 Cached:6737.5 MB
2020-02-07 10:25:31,622 ===> Epoch 2 Complete: Avg. Loss: 0.2796
2020-02-07 10:25:31,623 ====> Extracting Features
2020-02-07 10:25:50,337 ==> Batch (50/184)
2020-02-07 10:25:57,371 ==> Batch (100/184)
2020-02-07 10:26:04,098 ==> Batch (150/184)
2020-02-07 10:26:08,914 ====> Building faiss index
2020-02-07 10:26:08,922 ====> Calculating recall @ N
2020-02-07 10:26:11,570 ====> Recall@1: 0.0808
2020-02-07 10:26:11,571 ====> Recall@2: 0.1222
2020-02-07 10:26:11,571 ====> Recall@3: 0.1510
2020-02-07 10:26:11,572 ====> Recall@4: 0.1780
2020-02-07 10:26:11,572 ====> Recall@5: 0.2023
2020-02-07 10:26:11,572 ====> Recall@10: 0.2917
2020-02-07 10:26:11,573 ====> Recall@15: 0.3657
2020-02-07 10:26:11,573 ====> Recall@20: 0.4227
2020-02-07 10:26:11,573 ====> Recall@25: 0.4782
2020-02-07 10:26:11,691 ====> Building Cache
2020-02-07 10:26:11,691 feature cache--->>> /home/annora/NetVLAD/output/train_feat_cache0.hdf5
2020-02-07 10:26:46,311 Allocated:30.78076171875 MB
2020-02-07 10:26:46,312 Cached:2862.5 MB
2020-02-07 10:27:38,181 ==> Epoch[3](50/610): Loss: 0.2409
2020-02-07 10:27:38,184 Allocated:32.78076171875 MB
2020-02-07 10:27:38,184 Cached:6736.5 MB
2020-02-07 10:28:01,623 ==> Epoch[3](100/610): Loss: 0.2262
2020-02-07 10:28:01,627 Allocated:32.78076171875 MB
2020-02-07 10:28:01,627 Cached:6736.5 MB
2020-02-07 10:28:26,056 ==> Epoch[3](150/610): Loss: 0.2771
2020-02-07 10:28:26,058 Allocated:32.78076171875 MB
2020-02-07 10:28:26,058 Cached:6736.5 MB
2020-02-07 10:28:42,687 ==> Epoch[3](200/610): Loss: 0.3156
2020-02-07 10:28:42,689 Allocated:32.78076171875 MB
2020-02-07 10:28:42,689 Cached:6736.5 MB
2020-02-07 10:28:44,230 ====> Building Cache
2020-02-07 10:28:44,231 feature cache--->>> /home/annora/NetVLAD/output/train_feat_cache0.hdf5
2020-02-07 10:29:20,469 Allocated:32.7802734375 MB
2020-02-07 10:29:20,470 Cached:2862.5 MB
2020-02-07 10:30:09,859 ==> Epoch[3](250/610): Loss: 0.3081
2020-02-07 10:30:09,863 Allocated:32.78076171875 MB
2020-02-07 10:30:09,863 Cached:6736.5 MB
2020-02-07 10:30:26,530 ==> Epoch[3](300/610): Loss: 0.2517
2020-02-07 10:30:26,532 Allocated:32.78076171875 MB
2020-02-07 10:30:26,532 Cached:6737.5 MB
2020-02-07 10:30:44,523 ==> Epoch[3](350/610): Loss: 0.2518
2020-02-07 10:30:44,526 Allocated:32.78076171875 MB
2020-02-07 10:30:44,526 Cached:6737.5 MB
2020-02-07 10:31:02,113 ==> Epoch[3](400/610): Loss: 0.3194
2020-02-07 10:31:02,115 Allocated:32.78076171875 MB
2020-02-07 10:31:02,115 Cached:6737.5 MB
2020-02-07 10:31:04,842 ====> Building Cache
2020-02-07 10:31:04,843 feature cache--->>> /home/annora/NetVLAD/output/train_feat_cache0.hdf5
2020-02-07 10:31:47,363 Allocated:32.7802734375 MB
2020-02-07 10:31:47,363 Cached:2862.5 MB
2020-02-07 10:32:43,434 ==> Epoch[3](450/610): Loss: 0.3093
2020-02-07 10:32:43,439 Allocated:32.78076171875 MB
2020-02-07 10:32:43,440 Cached:6737.5 MB
2020-02-07 10:33:01,425 ==> Epoch[3](500/610): Loss: 0.2800
2020-02-07 10:33:01,428 Allocated:32.78076171875 MB
2020-02-07 10:33:01,428 Cached:6737.5 MB
2020-02-07 10:33:17,531 ==> Epoch[3](550/610): Loss: 0.2120
2020-02-07 10:33:17,533 Allocated:32.78076171875 MB
2020-02-07 10:33:17,533 Cached:6737.5 MB
2020-02-07 10:33:33,783 ==> Epoch[3](600/610): Loss: 0.2021
2020-02-07 10:33:33,785 Allocated:32.78076171875 MB
2020-02-07 10:33:33,785 Cached:6737.5 MB
2020-02-07 10:33:37,580 ===> Epoch 3 Complete: Avg. Loss: 0.2621
2020-02-07 10:33:37,581 ====> Extracting Features
2020-02-07 10:33:56,022 ==> Batch (50/184)
2020-02-07 10:34:02,131 ==> Batch (100/184)
2020-02-07 10:34:08,404 ==> Batch (150/184)
2020-02-07 10:34:12,858 ====> Building faiss index
2020-02-07 10:34:12,867 ====> Calculating recall @ N
2020-02-07 10:34:15,170 ====> Recall@1: 0.0798
2020-02-07 10:34:15,171 ====> Recall@2: 0.1111
2020-02-07 10:34:15,172 ====> Recall@3: 0.1339
2020-02-07 10:34:15,172 ====> Recall@4: 0.1576
2020-02-07 10:34:15,172 ====> Recall@5: 0.1784
2020-02-07 10:34:15,172 ====> Recall@10: 0.2609
2020-02-07 10:34:15,172 ====> Recall@15: 0.3201
2020-02-07 10:34:15,173 ====> Recall@20: 0.3715
2020-02-07 10:34:15,173 ====> Recall@25: 0.4172
2020-02-07 10:34:15,236 ====> Building Cache
2020-02-07 10:34:15,236 feature cache--->>> /home/annora/NetVLAD/output/train_feat_cache0.hdf5
2020-02-07 10:34:48,889 Allocated:30.78076171875 MB
2020-02-07 10:34:48,890 Cached:2862.5 MB
2020-02-07 10:35:35,211 ==> Epoch[4](50/610): Loss: 0.2680
2020-02-07 10:35:35,213 Allocated:32.78076171875 MB
2020-02-07 10:35:35,214 Cached:6736.5 MB
2020-02-07 10:35:51,343 ==> Epoch[4](100/610): Loss: 0.2774
2020-02-07 10:35:51,346 Allocated:32.78076171875 MB
2020-02-07 10:35:51,346 Cached:6736.5 MB
2020-02-07 10:36:08,504 ==> Epoch[4](150/610): Loss: 0.2267
2020-02-07 10:36:08,506 Allocated:32.78076171875 MB
2020-02-07 10:36:08,506 Cached:6736.5 MB
2020-02-07 10:36:24,244 ==> Epoch[4](200/610): Loss: 0.2518
2020-02-07 10:36:24,245 Allocated:32.78076171875 MB
2020-02-07 10:36:24,246 Cached:6736.5 MB
2020-02-07 10:36:25,685 ====> Building Cache
2020-02-07 10:36:25,685 feature cache--->>> /home/annora/NetVLAD/output/train_feat_cache0.hdf5
2020-02-07 10:36:54,873 Allocated:32.7802734375 MB
2020-02-07 10:36:54,874 Cached:2862.5 MB
2020-02-07 10:37:39,092 ==> Epoch[4](250/610): Loss: 0.3080
2020-02-07 10:37:39,094 Allocated:32.78076171875 MB
2020-02-07 10:37:39,094 Cached:2936.25 MB
2020-02-07 10:37:54,578 ==> Epoch[4](300/610): Loss: 0.2332
2020-02-07 10:37:54,580 Allocated:32.78076171875 MB
2020-02-07 10:37:54,581 Cached:2936.25 MB
2020-02-07 10:38:09,623 ==> Epoch[4](350/610): Loss: 0.1787
2020-02-07 10:38:09,627 Allocated:32.78076171875 MB
2020-02-07 10:38:09,627 Cached:2936.25 MB
2020-02-07 10:38:24,777 ==> Epoch[4](400/610): Loss: 0.1869
2020-02-07 10:38:24,779 Allocated:32.78076171875 MB
2020-02-07 10:38:24,779 Cached:2936.25 MB
2020-02-07 10:38:27,319 ====> Building Cache
2020-02-07 10:38:27,319 feature cache--->>> /home/annora/NetVLAD/output/train_feat_cache0.hdf5
2020-02-07 10:39:01,025 Allocated:32.7802734375 MB
2020-02-07 10:39:01,025 Cached:2862.5 MB
2020-02-07 10:39:48,486 ==> Epoch[4](450/610): Loss: 0.2711
2020-02-07 10:39:48,489 Allocated:32.78076171875 MB
2020-02-07 10:39:48,490 Cached:9240.125 MB
2020-02-07 10:40:06,171 ==> Epoch[4](500/610): Loss: 0.2170
2020-02-07 10:40:06,173 Allocated:32.78076171875 MB
2020-02-07 10:40:06,173 Cached:9240.125 MB
2020-02-07 10:40:22,248 ==> Epoch[4](550/610): Loss: 0.2890
2020-02-07 10:40:22,252 Allocated:32.78076171875 MB
2020-02-07 10:40:22,252 Cached:9240.125 MB
2020-02-07 10:40:38,047 ==> Epoch[4](600/610): Loss: 0.2548
2020-02-07 10:40:38,050 Allocated:32.78076171875 MB
2020-02-07 10:40:38,050 Cached:9240.125 MB
2020-02-07 10:40:41,873 ===> Epoch 4 Complete: Avg. Loss: 0.2535
2020-02-07 10:40:41,874 ====> Extracting Features
2020-02-07 10:41:00,693 ==> Batch (50/184)
2020-02-07 10:41:07,303 ==> Batch (100/184)
2020-02-07 10:41:14,042 ==> Batch (150/184)
2020-02-07 10:41:18,441 ====> Building faiss index
2020-02-07 10:41:18,449 ====> Calculating recall @ N
2020-02-07 10:41:20,583 ====> Recall@1: 0.0969
2020-02-07 10:41:20,584 ====> Recall@2: 0.1393
2020-02-07 10:41:20,585 ====> Recall@3: 0.1748
2020-02-07 10:41:20,585 ====> Recall@4: 0.2053
2020-02-07 10:41:20,585 ====> Recall@5: 0.2321
2020-02-07 10:41:20,585 ====> Recall@10: 0.3308
2020-02-07 10:41:20,586 ====> Recall@15: 0.4022
2020-02-07 10:41:20,586 ====> Recall@20: 0.4611
2020-02-07 10:41:20,586 ====> Recall@25: 0.5078
2020-02-07 10:41:20,703 ====> Building Cache
2020-02-07 10:41:20,703 feature cache--->>> /home/annora/NetVLAD/output/train_feat_cache0.hdf5
2020-02-07 10:41:51,670 Allocated:30.78076171875 MB
2020-02-07 10:41:51,670 Cached:2862.5 MB
2020-02-07 10:42:40,710 ==> Epoch[5](50/610): Loss: 0.2852
2020-02-07 10:42:40,713 Allocated:32.78076171875 MB
2020-02-07 10:42:40,714 Cached:6736.5 MB
2020-02-07 10:43:02,727 ==> Epoch[5](100/610): Loss: 0.2501
2020-02-07 10:43:02,729 Allocated:32.78076171875 MB
2020-02-07 10:43:02,729 Cached:6736.5 MB
2020-02-07 10:43:21,659 ==> Epoch[5](150/610): Loss: 0.2163
2020-02-07 10:43:21,661 Allocated:32.78076171875 MB
2020-02-07 10:43:21,662 Cached:6736.5 MB
2020-02-07 10:43:37,632 ==> Epoch[5](200/610): Loss: 0.2021
2020-02-07 10:43:37,634 Allocated:32.78076171875 MB
2020-02-07 10:43:37,634 Cached:6736.5 MB
2020-02-07 10:43:39,046 ====> Building Cache
2020-02-07 10:43:39,046 feature cache--->>> /home/annora/NetVLAD/output/train_feat_cache0.hdf5
2020-02-07 10:44:16,714 Allocated:32.7802734375 MB
2020-02-07 10:44:16,714 Cached:2862.5 MB
2020-02-07 10:45:12,339 ==> Epoch[5](250/610): Loss: 0.2834
2020-02-07 10:45:12,342 Allocated:32.78076171875 MB
2020-02-07 10:45:12,343 Cached:5504.625 MB
2020-02-07 10:45:33,468 ==> Epoch[5](300/610): Loss: 0.3257
2020-02-07 10:45:33,470 Allocated:32.78076171875 MB
2020-02-07 10:45:33,471 Cached:5504.625 MB
2020-02-07 10:45:53,175 ==> Epoch[5](350/610): Loss: 0.2197
2020-02-07 10:45:53,178 Allocated:32.78076171875 MB
2020-02-07 10:45:53,178 Cached:5504.625 MB
2020-02-07 10:46:15,229 ==> Epoch[5](400/610): Loss: 0.2090
2020-02-07 10:46:15,232 Allocated:32.78076171875 MB
2020-02-07 10:46:15,232 Cached:5504.625 MB
2020-02-07 10:46:18,621 ====> Building Cache
2020-02-07 10:46:18,621 feature cache--->>> /home/annora/NetVLAD/output/train_feat_cache0.hdf5
2020-02-07 10:47:04,871 Allocated:32.7802734375 MB
2020-02-07 10:47:04,871 Cached:2862.5 MB
2020-02-07 10:47:56,518 ==> Epoch[5](450/610): Loss: 0.2748
2020-02-07 10:47:56,521 Allocated:32.78076171875 MB
2020-02-07 10:47:56,521 Cached:8000.0 MB
2020-02-07 10:48:12,857 ==> Epoch[5](500/610): Loss: 0.2324
2020-02-07 10:48:12,860 Allocated:32.78076171875 MB
2020-02-07 10:48:12,860 Cached:8000.0 MB
2020-02-07 10:48:32,685 ==> Epoch[5](550/610): Loss: 0.1607
2020-02-07 10:48:32,688 Allocated:32.78076171875 MB
2020-02-07 10:48:32,688 Cached:8000.0 MB
2020-02-07 10:48:51,655 ==> Epoch[5](600/610): Loss: 0.2953
2020-02-07 10:48:51,657 Allocated:32.78076171875 MB
2020-02-07 10:48:51,657 Cached:8000.0 MB
2020-02-07 10:48:55,913 ===> Epoch 5 Complete: Avg. Loss: 0.2567
2020-02-07 10:48:55,914 ====> Extracting Features
2020-02-07 10:49:17,055 ==> Batch (50/184)
2020-02-07 10:49:25,992 ==> Batch (100/184)
2020-02-07 10:49:35,938 ==> Batch (150/184)
2020-02-07 10:49:41,314 ====> Building faiss index
2020-02-07 10:49:41,324 ====> Calculating recall @ N
2020-02-07 10:49:43,872 ====> Recall@1: 0.1237
2020-02-07 10:49:43,873 ====> Recall@2: 0.1686
2020-02-07 10:49:43,874 ====> Recall@3: 0.2085
2020-02-07 10:49:43,874 ====> Recall@4: 0.2390
2020-02-07 10:49:43,875 ====> Recall@5: 0.2637
2020-02-07 10:49:43,875 ====> Recall@10: 0.3544
2020-02-07 10:49:43,875 ====> Recall@15: 0.4173
2020-02-07 10:49:43,875 ====> Recall@20: 0.4688
2020-02-07 10:49:43,875 ====> Recall@25: 0.5117
2020-02-07 10:49:44,009 ====> Building Cache
2020-02-07 10:49:44,009 feature cache--->>> /home/annora/NetVLAD/output/train_feat_cache0.hdf5
2020-02-07 10:50:26,882 Allocated:30.78076171875 MB
2020-02-07 10:50:26,883 Cached:2862.5 MB
2020-02-07 10:51:23,671 ==> Epoch[6](50/610): Loss: 0.1969
2020-02-07 10:51:23,674 Allocated:32.78076171875 MB
2020-02-07 10:51:23,674 Cached:6736.5 MB
2020-02-07 10:51:44,976 ==> Epoch[6](100/610): Loss: 0.2539
2020-02-07 10:51:44,980 Allocated:32.78076171875 MB
2020-02-07 10:51:44,981 Cached:6736.5 MB
2020-02-07 10:52:05,806 ==> Epoch[6](150/610): Loss: 0.2125
2020-02-07 10:52:05,808 Allocated:32.78076171875 MB
2020-02-07 10:52:05,809 Cached:6736.5 MB
2020-02-07 10:52:23,884 ==> Epoch[6](200/610): Loss: 0.2600
2020-02-07 10:52:23,885 Allocated:32.78076171875 MB
2020-02-07 10:52:23,886 Cached:6736.5 MB
2020-02-07 10:52:25,328 ====> Building Cache
2020-02-07 10:52:25,329 feature cache--->>> /home/annora/NetVLAD/output/train_feat_cache0.hdf5
2020-02-07 10:53:04,232 Allocated:32.7802734375 MB
2020-02-07 10:53:04,233 Cached:2862.5 MB
2020-02-07 10:53:58,689 ==> Epoch[6](250/610): Loss: 0.2749
2020-02-07 10:53:58,692 Allocated:32.78076171875 MB
2020-02-07 10:53:58,692 Cached:6737.5 MB
2020-02-07 10:54:19,483 ==> Epoch[6](300/610): Loss: 0.2141
2020-02-07 10:54:19,485 Allocated:32.78076171875 MB
2020-02-07 10:54:19,486 Cached:6737.5 MB
2020-02-07 10:54:37,307 ==> Epoch[6](350/610): Loss: 0.3104
2020-02-07 10:54:37,310 Allocated:32.78076171875 MB
2020-02-07 10:54:37,311 Cached:6737.5 MB
2020-02-07 10:54:54,003 ==> Epoch[6](400/610): Loss: 0.1348
2020-02-07 10:54:54,005 Allocated:32.78076171875 MB
2020-02-07 10:54:54,006 Cached:6737.5 MB
2020-02-07 10:54:57,311 ====> Building Cache
2020-02-07 10:54:57,312 feature cache--->>> /home/annora/NetVLAD/output/train_feat_cache0.hdf5
2020-02-07 10:55:38,535 Allocated:32.7802734375 MB
2020-02-07 10:55:38,536 Cached:2862.5 MB
2020-02-07 10:56:27,075 ==> Epoch[6](450/610): Loss: 0.1732
2020-02-07 10:56:27,077 Allocated:32.78076171875 MB
2020-02-07 10:56:27,077 Cached:7974.5 MB
2020-02-07 10:56:46,553 ==> Epoch[6](500/610): Loss: 0.1931
2020-02-07 10:56:46,559 Allocated:32.78076171875 MB
2020-02-07 10:56:46,559 Cached:7974.5 MB
2020-02-07 10:57:10,299 ==> Epoch[6](550/610): Loss: 0.1425
2020-02-07 10:57:10,302 Allocated:32.78076171875 MB
2020-02-07 10:57:10,303 Cached:7974.5 MB
2020-02-07 10:57:34,169 ==> Epoch[6](600/610): Loss: 0.2390
2020-02-07 10:57:34,173 Allocated:32.78076171875 MB
2020-02-07 10:57:34,173 Cached:7974.5 MB
2020-02-07 10:57:39,606 ===> Epoch 6 Complete: Avg. Loss: 0.2330
2020-02-07 10:57:39,609 ====> Extracting Features
2020-02-07 10:58:06,093 ==> Batch (50/184)
2020-02-07 10:58:14,659 ==> Batch (100/184)
2020-02-07 10:58:23,791 ==> Batch (150/184)
2020-02-07 10:58:30,446 ====> Building faiss index
2020-02-07 10:58:30,456 ====> Calculating recall @ N
2020-02-07 10:58:32,885 ====> Recall@1: 0.1631
2020-02-07 10:58:32,886 ====> Recall@2: 0.2206
2020-02-07 10:58:32,886 ====> Recall@3: 0.2597
2020-02-07 10:58:32,886 ====> Recall@4: 0.2926
2020-02-07 10:58:32,887 ====> Recall@5: 0.3202
2020-02-07 10:58:32,887 ====> Recall@10: 0.4231
2020-02-07 10:58:32,887 ====> Recall@15: 0.4907
2020-02-07 10:58:32,887 ====> Recall@20: 0.5423
2020-02-07 10:58:32,887 ====> Recall@25: 0.5815
2020-02-07 10:58:33,019 ====> Building Cache
2020-02-07 10:58:33,019 feature cache--->>> /home/annora/NetVLAD/output/train_feat_cache0.hdf5
2020-02-07 10:59:16,337 Allocated:30.78076171875 MB
2020-02-07 10:59:16,337 Cached:2862.5 MB
2020-02-07 11:00:14,338 ==> Epoch[7](50/610): Loss: 0.1711
2020-02-07 11:00:14,343 Allocated:32.78076171875 MB
2020-02-07 11:00:14,343 Cached:6736.5 MB
2020-02-07 11:00:35,292 ==> Epoch[7](100/610): Loss: 0.1510
2020-02-07 11:00:35,295 Allocated:32.78076171875 MB
2020-02-07 11:00:35,295 Cached:6736.5 MB
2020-02-07 11:00:54,648 ==> Epoch[7](150/610): Loss: 0.1598
2020-02-07 11:00:54,651 Allocated:32.78076171875 MB
2020-02-07 11:00:54,651 Cached:6736.5 MB
2020-02-07 11:01:11,370 ==> Epoch[7](200/610): Loss: 0.1554
2020-02-07 11:01:11,372 Allocated:32.78076171875 MB
2020-02-07 11:01:11,372 Cached:6736.5 MB
2020-02-07 11:01:12,851 ====> Building Cache
2020-02-07 11:01:12,852 feature cache--->>> /home/annora/NetVLAD/output/train_feat_cache0.hdf5
2020-02-07 11:01:56,066 Allocated:32.7802734375 MB
2020-02-07 11:01:56,067 Cached:2862.5 MB
2020-02-07 11:02:48,990 ==> Epoch[7](250/610): Loss: 0.2042
2020-02-07 11:02:48,996 Allocated:32.78076171875 MB
2020-02-07 11:02:48,996 Cached:6774.25 MB
2020-02-07 11:03:06,599 ==> Epoch[7](300/610): Loss: 0.1782
2020-02-07 11:03:06,601 Allocated:32.78076171875 MB
2020-02-07 11:03:06,601 Cached:6774.25 MB
2020-02-07 11:03:21,111 ==> Epoch[7](350/610): Loss: 0.1815
2020-02-07 11:03:21,113 Allocated:32.78076171875 MB
2020-02-07 11:03:21,113 Cached:6774.25 MB
2020-02-07 11:03:38,549 ==> Epoch[7](400/610): Loss: 0.1722
2020-02-07 11:03:38,553 Allocated:32.78076171875 MB
2020-02-07 11:03:38,553 Cached:6774.25 MB
2020-02-07 11:03:41,757 ====> Building Cache
2020-02-07 11:03:41,758 feature cache--->>> /home/annora/NetVLAD/output/train_feat_cache0.hdf5
2020-02-07 11:04:28,722 Allocated:32.7802734375 MB
2020-02-07 11:04:28,723 Cached:2862.5 MB
2020-02-07 11:05:25,343 ==> Epoch[7](450/610): Loss: 0.2419
2020-02-07 11:05:25,348 Allocated:32.78076171875 MB
2020-02-07 11:05:25,349 Cached:8007.0 MB
2020-02-07 11:05:45,783 ==> Epoch[7](500/610): Loss: 0.2157
2020-02-07 11:05:45,788 Allocated:32.78076171875 MB
2020-02-07 11:05:45,788 Cached:8007.0 MB
2020-02-07 11:06:08,831 ==> Epoch[7](550/610): Loss: 0.1786
2020-02-07 11:06:08,833 Allocated:32.78076171875 MB
2020-02-07 11:06:08,834 Cached:8007.0 MB
2020-02-07 11:06:29,102 ==> Epoch[7](600/610): Loss: 0.2312
2020-02-07 11:06:29,105 Allocated:32.78076171875 MB
2020-02-07 11:06:29,105 Cached:8007.0 MB
2020-02-07 11:06:34,021 ===> Epoch 7 Complete: Avg. Loss: 0.2106
2020-02-07 11:06:34,022 ====> Extracting Features
2020-02-07 11:06:58,260 ==> Batch (50/184)
2020-02-07 11:07:08,875 ==> Batch (100/184)
2020-02-07 11:07:18,926 ==> Batch (150/184)
2020-02-07 11:07:24,885 ====> Building faiss index
2020-02-07 11:07:24,897 ====> Calculating recall @ N
2020-02-07 11:07:27,024 ====> Recall@1: 0.1977
2020-02-07 11:07:27,025 ====> Recall@2: 0.2662
2020-02-07 11:07:27,025 ====> Recall@3: 0.3124
2020-02-07 11:07:27,025 ====> Recall@4: 0.3487
2020-02-07 11:07:27,026 ====> Recall@5: 0.3782
2020-02-07 11:07:27,026 ====> Recall@10: 0.4817
2020-02-07 11:07:27,026 ====> Recall@15: 0.5539
2020-02-07 11:07:27,026 ====> Recall@20: 0.5986
2020-02-07 11:07:27,026 ====> Recall@25: 0.6380
2020-02-07 11:07:27,158 ====> Building Cache
2020-02-07 11:07:27,158 feature cache--->>> /home/annora/NetVLAD/output/train_feat_cache0.hdf5
2020-02-07 11:08:08,678 Allocated:30.78076171875 MB
2020-02-07 11:08:08,679 Cached:2862.5 MB
2020-02-07 11:09:05,969 ==> Epoch[8](50/610): Loss: 0.3025
2020-02-07 11:09:05,972 Allocated:32.78076171875 MB
2020-02-07 11:09:05,972 Cached:6737.5 MB
2020-02-07 11:09:22,662 ==> Epoch[8](100/610): Loss: 0.2598
2020-02-07 11:09:22,664 Allocated:32.78076171875 MB
2020-02-07 11:09:22,665 Cached:6737.5 MB
2020-02-07 11:09:39,388 ==> Epoch[8](150/610): Loss: 0.1284
2020-02-07 11:09:39,423 Allocated:32.78076171875 MB
2020-02-07 11:09:39,423 Cached:6737.5 MB
2020-02-07 11:09:54,892 ==> Epoch[8](200/610): Loss: 0.1855
2020-02-07 11:09:54,894 Allocated:32.78076171875 MB
2020-02-07 11:09:54,894 Cached:6737.5 MB
2020-02-07 11:09:56,312 ====> Building Cache
2020-02-07 11:09:56,313 feature cache--->>> /home/annora/NetVLAD/output/train_feat_cache0.hdf5
2020-02-07 11:10:38,622 Allocated:32.7802734375 MB
2020-02-07 11:10:38,622 Cached:2862.5 MB
2020-02-07 11:11:28,365 ==> Epoch[8](250/610): Loss: 0.3065
2020-02-07 11:11:28,368 Allocated:32.78076171875 MB
2020-02-07 11:11:28,369 Cached:4224.5 MB
2020-02-07 11:11:47,386 ==> Epoch[8](300/610): Loss: 0.1452
2020-02-07 11:11:47,389 Allocated:32.78076171875 MB
2020-02-07 11:11:47,390 Cached:4224.5 MB
2020-02-07 11:12:08,716 ==> Epoch[8](350/610): Loss: 0.1558
2020-02-07 11:12:08,719 Allocated:32.78076171875 MB
2020-02-07 11:12:08,719 Cached:4224.5 MB
2020-02-07 11:12:27,830 ==> Epoch[8](400/610): Loss: 0.1834
2020-02-07 11:12:27,832 Allocated:32.78076171875 MB
2020-02-07 11:12:27,832 Cached:4224.5 MB
2020-02-07 11:12:30,540 ====> Building Cache
2020-02-07 11:12:30,541 feature cache--->>> /home/annora/NetVLAD/output/train_feat_cache0.hdf5
2020-02-07 11:13:14,562 Allocated:32.7802734375 MB
2020-02-07 11:13:14,562 Cached:2862.5 MB
2020-02-07 11:14:07,391 ==> Epoch[8](450/610): Loss: 0.2270
2020-02-07 11:14:07,394 Allocated:32.78076171875 MB
2020-02-07 11:14:07,395 Cached:2936.25 MB
2020-02-07 11:14:27,989 ==> Epoch[8](500/610): Loss: 0.1677
2020-02-07 11:14:27,992 Allocated:32.78076171875 MB
2020-02-07 11:14:27,992 Cached:2936.25 MB
2020-02-07 11:14:49,849 ==> Epoch[8](550/610): Loss: 0.1215
2020-02-07 11:14:49,852 Allocated:32.78076171875 MB
2020-02-07 11:14:49,852 Cached:2936.25 MB
2020-02-07 11:15:10,146 ==> Epoch[8](600/610): Loss: 0.1757
2020-02-07 11:15:10,148 Allocated:32.78076171875 MB
2020-02-07 11:15:10,148 Cached:2936.25 MB
2020-02-07 11:15:13,786 ===> Epoch 8 Complete: Avg. Loss: 0.2051
2020-02-07 11:15:13,787 ====> Extracting Features
2020-02-07 11:15:34,267 ==> Batch (50/184)
2020-02-07 11:15:43,118 ==> Batch (100/184)
2020-02-07 11:15:51,896 ==> Batch (150/184)
2020-02-07 11:15:58,204 ====> Building faiss index
2020-02-07 11:15:58,214 ====> Calculating recall @ N
2020-02-07 11:16:00,185 ====> Recall@1: 0.2148
2020-02-07 11:16:00,186 ====> Recall@2: 0.2730
2020-02-07 11:16:00,187 ====> Recall@3: 0.3098
2020-02-07 11:16:00,187 ====> Recall@4: 0.3448
2020-02-07 11:16:00,187 ====> Recall@5: 0.3699
2020-02-07 11:16:00,188 ====> Recall@10: 0.4723
2020-02-07 11:16:00,188 ====> Recall@15: 0.5348
2020-02-07 11:16:00,188 ====> Recall@20: 0.5835
2020-02-07 11:16:00,188 ====> Recall@25: 0.6203
2020-02-07 11:16:00,259 ====> Building Cache
2020-02-07 11:16:00,259 feature cache--->>> /home/annora/NetVLAD/output/train_feat_cache0.hdf5
2020-02-07 11:16:41,311 Allocated:30.78076171875 MB
2020-02-07 11:16:41,311 Cached:2862.5 MB
2020-02-07 11:17:31,532 ==> Epoch[9](50/610): Loss: 0.1510
2020-02-07 11:17:31,534 Allocated:32.78076171875 MB
2020-02-07 11:17:31,535 Cached:6736.5 MB
2020-02-07 11:17:51,574 ==> Epoch[9](100/610): Loss: 0.1696
2020-02-07 11:17:51,576 Allocated:32.78076171875 MB
2020-02-07 11:17:51,576 Cached:6736.5 MB
2020-02-07 11:18:12,995 ==> Epoch[9](150/610): Loss: 0.1347
2020-02-07 11:18:12,997 Allocated:32.78076171875 MB
2020-02-07 11:18:12,998 Cached:6736.5 MB
2020-02-07 11:18:33,863 ==> Epoch[9](200/610): Loss: 0.1292
2020-02-07 11:18:33,872 Allocated:32.78076171875 MB
2020-02-07 11:18:33,873 Cached:6737.5 MB
2020-02-07 11:18:35,964 ====> Building Cache
2020-02-07 11:18:35,965 feature cache--->>> /home/annora/NetVLAD/output/train_feat_cache0.hdf5
2020-02-07 11:19:16,132 Allocated:32.7802734375 MB
2020-02-07 11:19:16,133 Cached:2862.5 MB
2020-02-07 11:20:07,820 ==> Epoch[9](250/610): Loss: 0.1836
2020-02-07 11:20:07,822 Allocated:32.78076171875 MB
2020-02-07 11:20:07,823 Cached:9230.5 MB
2020-02-07 11:20:30,109 ==> Epoch[9](300/610): Loss: 0.0734
2020-02-07 11:20:30,112 Allocated:32.78076171875 MB
2020-02-07 11:20:30,113 Cached:9230.5 MB
2020-02-07 11:20:50,043 ==> Epoch[9](350/610): Loss: 0.1583
2020-02-07 11:20:50,047 Allocated:32.78076171875 MB
2020-02-07 11:20:50,047 Cached:9230.5 MB
2020-02-07 11:21:10,294 ==> Epoch[9](400/610): Loss: 0.1349
2020-02-07 11:21:10,297 Allocated:32.78076171875 MB
2020-02-07 11:21:10,297 Cached:9230.5 MB
2020-02-07 11:21:13,380 ====> Building Cache
2020-02-07 11:21:13,380 feature cache--->>> /home/annora/NetVLAD/output/train_feat_cache0.hdf5
2020-02-07 11:21:58,492 Allocated:32.7802734375 MB
2020-02-07 11:21:58,493 Cached:2862.5 MB
2020-02-07 11:22:49,825 ==> Epoch[9](450/610): Loss: 0.2588
2020-02-07 11:22:49,828 Allocated:32.78076171875 MB
2020-02-07 11:22:49,828 Cached:6737.5 MB
2020-02-07 11:23:05,222 ==> Epoch[9](500/610): Loss: 0.1997
2020-02-07 11:23:05,224 Allocated:32.78076171875 MB
2020-02-07 11:23:05,225 Cached:6737.5 MB
2020-02-07 11:23:21,612 ==> Epoch[9](550/610): Loss: 0.1794
2020-02-07 11:23:21,616 Allocated:32.78076171875 MB
2020-02-07 11:23:21,616 Cached:6737.5 MB
2020-02-07 11:23:43,826 ==> Epoch[9](600/610): Loss: 0.2549
2020-02-07 11:23:43,829 Allocated:32.78076171875 MB
2020-02-07 11:23:43,829 Cached:6737.5 MB
2020-02-07 11:23:48,102 ===> Epoch 9 Complete: Avg. Loss: 0.1822
2020-02-07 11:23:48,104 ====> Extracting Features
2020-02-07 11:24:07,457 ==> Batch (50/184)
2020-02-07 11:24:13,715 ==> Batch (100/184)
2020-02-07 11:24:21,092 ==> Batch (150/184)
2020-02-07 11:24:26,686 ====> Building faiss index
2020-02-07 11:24:26,696 ====> Calculating recall @ N
2020-02-07 11:24:28,648 ====> Recall@1: 0.2078
2020-02-07 11:24:28,649 ====> Recall@2: 0.2796
2020-02-07 11:24:28,649 ====> Recall@3: 0.3256
2020-02-07 11:24:28,650 ====> Recall@4: 0.3640
2020-02-07 11:24:28,650 ====> Recall@5: 0.3916
2020-02-07 11:24:28,650 ====> Recall@10: 0.4887
2020-02-07 11:24:28,650 ====> Recall@15: 0.5513
2020-02-07 11:24:28,650 ====> Recall@20: 0.5986
2020-02-07 11:24:28,651 ====> Recall@25: 0.6325
2020-02-07 11:24:28,775 ====> Building Cache
2020-02-07 11:24:28,776 feature cache--->>> /home/annora/NetVLAD/output/train_feat_cache0.hdf5
2020-02-07 11:25:12,649 Allocated:30.78076171875 MB
2020-02-07 11:25:12,649 Cached:2862.5 MB
2020-02-07 11:26:05,558 ==> Epoch[10](50/610): Loss: 0.1889
2020-02-07 11:26:05,562 Allocated:32.78076171875 MB
2020-02-07 11:26:05,563 Cached:6737.5 MB
2020-02-07 11:26:27,199 ==> Epoch[10](100/610): Loss: 0.1919
2020-02-07 11:26:27,204 Allocated:32.78076171875 MB
2020-02-07 11:26:27,204 Cached:6737.5 MB
2020-02-07 11:26:48,884 ==> Epoch[10](150/610): Loss: 0.1441
2020-02-07 11:26:48,888 Allocated:32.78076171875 MB
2020-02-07 11:26:48,888 Cached:6737.5 MB
2020-02-07 11:27:06,998 ==> Epoch[10](200/610): Loss: 0.1324
2020-02-07 11:27:07,001 Allocated:32.78076171875 MB
2020-02-07 11:27:07,001 Cached:6737.5 MB
2020-02-07 11:27:08,623 ====> Building Cache
2020-02-07 11:27:08,624 feature cache--->>> /home/annora/NetVLAD/output/train_feat_cache0.hdf5
2020-02-07 11:27:52,325 Allocated:32.7802734375 MB
2020-02-07 11:27:52,325 Cached:2862.5 MB
2020-02-07 11:28:51,353 ==> Epoch[10](250/610): Loss: 0.2417
2020-02-07 11:28:51,356 Allocated:32.78076171875 MB
2020-02-07 11:28:51,357 Cached:7945.75 MB
2020-02-07 11:29:09,312 ==> Epoch[10](300/610): Loss: 0.2183
2020-02-07 11:29:09,314 Allocated:32.78076171875 MB
2020-02-07 11:29:09,315 Cached:7945.75 MB
2020-02-07 11:29:28,416 ==> Epoch[10](350/610): Loss: 0.1337
2020-02-07 11:29:28,419 Allocated:32.78076171875 MB
2020-02-07 11:29:28,420 Cached:7945.75 MB
2020-02-07 11:29:44,135 ==> Epoch[10](400/610): Loss: 0.1675
2020-02-07 11:29:44,137 Allocated:32.78076171875 MB
2020-02-07 11:29:44,137 Cached:7945.75 MB
2020-02-07 11:29:46,504 ====> Building Cache
2020-02-07 11:29:46,505 feature cache--->>> /home/annora/NetVLAD/output/train_feat_cache0.hdf5
2020-02-07 11:30:27,825 Allocated:32.7802734375 MB
2020-02-07 11:30:27,826 Cached:2862.5 MB
2020-02-07 11:31:19,571 ==> Epoch[10](450/610): Loss: 0.1704
2020-02-07 11:31:19,575 Allocated:32.78076171875 MB
2020-02-07 11:31:19,575 Cached:6737.5 MB
2020-02-07 11:31:40,627 ==> Epoch[10](500/610): Loss: 0.1391
2020-02-07 11:31:40,630 Allocated:32.78076171875 MB
2020-02-07 11:31:40,630 Cached:6737.5 MB
2020-02-07 11:32:01,955 ==> Epoch[10](550/610): Loss: 0.1134
2020-02-07 11:32:01,957 Allocated:32.78076171875 MB
2020-02-07 11:32:01,958 Cached:6737.5 MB
2020-02-07 11:32:24,314 ==> Epoch[10](600/610): Loss: 0.1856
2020-02-07 11:32:24,317 Allocated:32.78076171875 MB
2020-02-07 11:32:24,317 Cached:6737.5 MB
2020-02-07 11:32:28,146 ===> Epoch 10 Complete: Avg. Loss: 0.1657
2020-02-07 11:32:28,147 ====> Extracting Features
2020-02-07 11:32:52,136 ==> Batch (50/184)
2020-02-07 11:33:01,962 ==> Batch (100/184)
2020-02-07 11:33:12,033 ==> Batch (150/184)
2020-02-07 11:33:17,678 ====> Building faiss index
2020-02-07 11:33:17,687 ====> Calculating recall @ N
2020-02-07 11:33:19,578 ====> Recall@1: 0.2798
2020-02-07 11:33:19,579 ====> Recall@2: 0.3561
2020-02-07 11:33:19,580 ====> Recall@3: 0.4055
2020-02-07 11:33:19,580 ====> Recall@4: 0.4437
2020-02-07 11:33:19,580 ====> Recall@5: 0.4753
2020-02-07 11:33:19,580 ====> Recall@10: 0.5781
2020-02-07 11:33:19,581 ====> Recall@15: 0.6347
2020-02-07 11:33:19,581 ====> Recall@20: 0.6814
2020-02-07 11:33:19,581 ====> Recall@25: 0.7149
2020-02-07 11:33:19,710 ====> Building Cache
2020-02-07 11:33:19,711 feature cache--->>> /home/annora/NetVLAD/output/train_feat_cache0.hdf5
2020-02-07 11:34:00,838 Allocated:30.78076171875 MB
2020-02-07 11:34:00,839 Cached:2862.5 MB
2020-02-07 11:34:58,637 ==> Epoch[11](50/610): Loss: 0.1656
2020-02-07 11:34:58,639 Allocated:32.78076171875 MB
2020-02-07 11:34:58,639 Cached:6737.5 MB
2020-02-07 11:35:19,877 ==> Epoch[11](100/610): Loss: 0.1504
2020-02-07 11:35:19,880 Allocated:32.78076171875 MB
2020-02-07 11:35:19,880 Cached:6737.5 MB
2020-02-07 11:35:35,908 ==> Epoch[11](150/610): Loss: 0.1101
2020-02-07 11:35:35,910 Allocated:32.78076171875 MB
2020-02-07 11:35:35,910 Cached:6737.5 MB
2020-02-07 11:35:55,572 ==> Epoch[11](200/610): Loss: 0.1379
2020-02-07 11:35:55,574 Allocated:32.78076171875 MB
2020-02-07 11:35:55,574 Cached:6737.5 MB
2020-02-07 11:35:57,016 ====> Building Cache
2020-02-07 11:35:57,017 feature cache--->>> /home/annora/NetVLAD/output/train_feat_cache0.hdf5
2020-02-07 11:36:34,252 Allocated:32.7802734375 MB
2020-02-07 11:36:34,253 Cached:2862.5 MB
2020-02-07 11:37:21,980 ==> Epoch[11](250/610): Loss: 0.1870
2020-02-07 11:37:21,982 Allocated:32.78076171875 MB
2020-02-07 11:37:21,982 Cached:7958.5 MB
2020-02-07 11:37:38,086 ==> Epoch[11](300/610): Loss: 0.1011
2020-02-07 11:37:38,088 Allocated:32.78076171875 MB
2020-02-07 11:37:38,089 Cached:7958.5 MB
2020-02-07 11:37:55,936 ==> Epoch[11](350/610): Loss: 0.1290
2020-02-07 11:37:55,939 Allocated:32.78076171875 MB
2020-02-07 11:37:55,939 Cached:7958.5 MB
2020-02-07 11:38:11,413 ==> Epoch[11](400/610): Loss: 0.1610
2020-02-07 11:38:11,416 Allocated:32.78076171875 MB
2020-02-07 11:38:11,416 Cached:7958.5 MB
2020-02-07 11:38:14,180 ====> Building Cache
2020-02-07 11:38:14,181 feature cache--->>> /home/annora/NetVLAD/output/train_feat_cache0.hdf5
2020-02-07 11:39:02,524 Allocated:32.7802734375 MB
2020-02-07 11:39:02,525 Cached:2862.5 MB
2020-02-07 11:39:55,192 ==> Epoch[11](450/610): Loss: 0.1382
2020-02-07 11:39:55,196 Allocated:32.78076171875 MB
2020-02-07 11:39:55,197 Cached:9233.75 MB
2020-02-07 11:40:15,654 ==> Epoch[11](500/610): Loss: 0.1959
2020-02-07 11:40:15,657 Allocated:32.78076171875 MB
2020-02-07 11:40:15,657 Cached:9233.75 MB
2020-02-07 11:40:35,583 ==> Epoch[11](550/610): Loss: 0.1743
2020-02-07 11:40:35,587 Allocated:32.78076171875 MB
2020-02-07 11:40:35,587 Cached:9233.75 MB
2020-02-07 11:40:55,066 ==> Epoch[11](600/610): Loss: 0.0940
2020-02-07 11:40:55,068 Allocated:32.78076171875 MB
2020-02-07 11:40:55,069 Cached:9233.75 MB
2020-02-07 11:40:59,660 ===> Epoch 11 Complete: Avg. Loss: 0.1618
2020-02-07 11:40:59,662 ====> Extracting Features
2020-02-07 11:41:23,512 ==> Batch (50/184)
2020-02-07 11:41:35,239 ==> Batch (100/184)
2020-02-07 11:41:43,994 ==> Batch (150/184)
2020-02-07 11:41:49,474 ====> Building faiss index
2020-02-07 11:41:49,483 ====> Calculating recall @ N
2020-02-07 11:41:51,249 ====> Recall@1: 0.2944
2020-02-07 11:41:51,249 ====> Recall@2: 0.3718
2020-02-07 11:41:51,250 ====> Recall@3: 0.4234
2020-02-07 11:41:51,250 ====> Recall@4: 0.4547
2020-02-07 11:41:51,250 ====> Recall@5: 0.4833
2020-02-07 11:41:51,251 ====> Recall@10: 0.5791
2020-02-07 11:41:51,251 ====> Recall@15: 0.6427
2020-02-07 11:41:51,251 ====> Recall@20: 0.6839
2020-02-07 11:41:51,251 ====> Recall@25: 0.7137
2020-02-07 11:41:51,374 ====> Building Cache
2020-02-07 11:41:51,374 feature cache--->>> /home/annora/NetVLAD/output/train_feat_cache0.hdf5
2020-02-07 11:42:35,089 Allocated:30.78076171875 MB
2020-02-07 11:42:35,090 Cached:2862.5 MB
2020-02-07 11:43:26,861 ==> Epoch[12](50/610): Loss: 0.2419
2020-02-07 11:43:26,863 Allocated:32.78076171875 MB
2020-02-07 11:43:26,863 Cached:7980.875 MB
2020-02-07 11:43:42,263 ==> Epoch[12](100/610): Loss: 0.1565
2020-02-07 11:43:42,265 Allocated:32.78076171875 MB
2020-02-07 11:43:42,265 Cached:7980.875 MB
2020-02-07 11:44:00,980 ==> Epoch[12](150/610): Loss: 0.2237
2020-02-07 11:44:00,983 Allocated:32.78076171875 MB
2020-02-07 11:44:00,983 Cached:7980.875 MB
2020-02-07 11:44:19,991 ==> Epoch[12](200/610): Loss: 0.1341
2020-02-07 11:44:19,992 Allocated:32.78076171875 MB
2020-02-07 11:44:19,992 Cached:7980.875 MB
2020-02-07 11:44:21,376 ====> Building Cache
2020-02-07 11:44:21,377 feature cache--->>> /home/annora/NetVLAD/output/train_feat_cache0.hdf5
2020-02-07 11:44:52,443 Allocated:32.7802734375 MB
2020-02-07 11:44:52,444 Cached:2862.5 MB
2020-02-07 11:45:44,157 ==> Epoch[12](250/610): Loss: 0.1017
2020-02-07 11:45:44,159 Allocated:32.78076171875 MB
2020-02-07 11:45:44,160 Cached:4225.5 MB
2020-02-07 11:46:04,940 ==> Epoch[12](300/610): Loss: 0.1903
2020-02-07 11:46:04,944 Allocated:32.78076171875 MB
2020-02-07 11:46:04,944 Cached:4225.5 MB
2020-02-07 11:46:21,898 ==> Epoch[12](350/610): Loss: 0.1839
2020-02-07 11:46:21,901 Allocated:32.78076171875 MB
2020-02-07 11:46:21,902 Cached:4225.5 MB
2020-02-07 11:46:40,594 ==> Epoch[12](400/610): Loss: 0.0807
2020-02-07 11:46:40,599 Allocated:32.78076171875 MB
2020-02-07 11:46:40,599 Cached:4225.5 MB
2020-02-07 11:46:44,118 ====> Building Cache
2020-02-07 11:46:44,119 feature cache--->>> /home/annora/NetVLAD/output/train_feat_cache0.hdf5
2020-02-07 11:47:34,091 Allocated:32.7802734375 MB
2020-02-07 11:47:34,092 Cached:2863.5 MB
2020-02-07 11:48:25,859 ==> Epoch[12](450/610): Loss: 0.1068
2020-02-07 11:48:25,861 Allocated:32.78076171875 MB
2020-02-07 11:48:25,862 Cached:9166.875 MB
2020-02-07 11:48:47,992 ==> Epoch[12](500/610): Loss: 0.1682
2020-02-07 11:48:47,994 Allocated:32.78076171875 MB
2020-02-07 11:48:47,995 Cached:9166.875 MB
2020-02-07 11:49:06,172 ==> Epoch[12](550/610): Loss: 0.1061
2020-02-07 11:49:06,174 Allocated:32.78076171875 MB
2020-02-07 11:49:06,175 Cached:9166.875 MB
2020-02-07 11:49:26,917 ==> Epoch[12](600/610): Loss: 0.1787
2020-02-07 11:49:26,919 Allocated:32.78076171875 MB
2020-02-07 11:49:26,919 Cached:9166.875 MB
2020-02-07 11:49:31,020 ===> Epoch 12 Complete: Avg. Loss: 0.1496
2020-02-07 11:49:31,022 ====> Extracting Features
2020-02-07 11:49:54,289 ==> Batch (50/184)
2020-02-07 11:50:02,364 ==> Batch (100/184)
2020-02-07 11:50:08,635 ==> Batch (150/184)
2020-02-07 11:50:13,141 ====> Building faiss index
2020-02-07 11:50:13,149 ====> Calculating recall @ N
2020-02-07 11:50:14,797 ====> Recall@1: 0.3077
2020-02-07 11:50:14,798 ====> Recall@2: 0.3920
2020-02-07 11:50:14,798 ====> Recall@3: 0.4451
2020-02-07 11:50:14,798 ====> Recall@4: 0.4825
2020-02-07 11:50:14,799 ====> Recall@5: 0.5103
2020-02-07 11:50:14,799 ====> Recall@10: 0.6032
2020-02-07 11:50:14,799 ====> Recall@15: 0.6597
2020-02-07 11:50:14,799 ====> Recall@20: 0.7035
2020-02-07 11:50:14,800 ====> Recall@25: 0.7345
2020-02-07 11:50:14,922 ====> Building Cache
2020-02-07 11:50:14,922 feature cache--->>> /home/annora/NetVLAD/output/train_feat_cache0.hdf5
2020-02-07 11:50:51,110 Allocated:30.78076171875 MB
2020-02-07 11:50:51,111 Cached:2862.5 MB
2020-02-07 11:51:40,205 ==> Epoch[13](50/610): Loss: 0.1175
2020-02-07 11:51:40,208 Allocated:32.78076171875 MB
2020-02-07 11:51:40,208 Cached:9282.5 MB
2020-02-07 11:52:03,317 ==> Epoch[13](100/610): Loss: 0.2127
2020-02-07 11:52:03,320 Allocated:32.78076171875 MB
2020-02-07 11:52:03,320 Cached:9282.5 MB
2020-02-07 11:52:19,005 ==> Epoch[13](150/610): Loss: 0.0881
2020-02-07 11:52:19,007 Allocated:32.78076171875 MB
2020-02-07 11:52:19,007 Cached:9282.5 MB
2020-02-07 11:52:34,769 ==> Epoch[13](200/610): Loss: 0.1157
2020-02-07 11:52:34,770 Allocated:32.78076171875 MB
2020-02-07 11:52:34,771 Cached:9282.5 MB
2020-02-07 11:52:36,242 ====> Building Cache
2020-02-07 11:52:36,243 feature cache--->>> /home/annora/NetVLAD/output/train_feat_cache0.hdf5
2020-02-07 11:53:22,211 Allocated:32.7802734375 MB
2020-02-07 11:53:22,212 Cached:2862.5 MB
2020-02-07 11:54:16,396 ==> Epoch[13](250/610): Loss: 0.1772
2020-02-07 11:54:16,399 Allocated:32.78076171875 MB
2020-02-07 11:54:16,400 Cached:6558.375 MB
2020-02-07 11:54:35,608 ==> Epoch[13](300/610): Loss: 0.0683
2020-02-07 11:54:35,611 Allocated:32.78076171875 MB
2020-02-07 11:54:35,611 Cached:4194.0 MB
2020-02-07 11:54:53,695 ==> Epoch[13](350/610): Loss: 0.1177
2020-02-07 11:54:53,697 Allocated:32.78076171875 MB
2020-02-07 11:54:53,697 Cached:6799.625 MB
2020-02-07 11:55:12,709 ==> Epoch[13](400/610): Loss: 0.1606
2020-02-07 11:55:12,711 Allocated:32.78076171875 MB
2020-02-07 11:55:12,711 Cached:6799.625 MB
2020-02-07 11:55:15,707 ====> Building Cache
2020-02-07 11:55:15,708 feature cache--->>> /home/annora/NetVLAD/output/train_feat_cache0.hdf5
2020-02-07 11:56:01,438 Allocated:32.7802734375 MB
2020-02-07 11:56:01,439 Cached:2862.5 MB
2020-02-07 11:56:48,988 ==> Epoch[13](450/610): Loss: 0.1793
2020-02-07 11:56:48,991 Allocated:32.78076171875 MB
2020-02-07 11:56:48,992 Cached:9151.0 MB
2020-02-07 11:57:08,281 ==> Epoch[13](500/610): Loss: 0.1737
2020-02-07 11:57:08,284 Allocated:32.78076171875 MB
2020-02-07 11:57:08,285 Cached:4224.5 MB
2020-02-07 11:57:26,145 ==> Epoch[13](550/610): Loss: 0.1141
2020-02-07 11:57:26,146 Allocated:32.78076171875 MB
2020-02-07 11:57:26,147 Cached:4224.5 MB
2020-02-07 11:57:41,963 ==> Epoch[13](600/610): Loss: 0.1396
2020-02-07 11:57:41,965 Allocated:32.78076171875 MB
2020-02-07 11:57:41,965 Cached:4224.5 MB
2020-02-07 11:57:46,049 ===> Epoch 13 Complete: Avg. Loss: 0.1334
2020-02-07 11:57:46,052 ====> Extracting Features
2020-02-07 11:58:07,977 ==> Batch (50/184)
2020-02-07 11:58:14,175 ==> Batch (100/184)
2020-02-07 11:58:20,630 ==> Batch (150/184)
2020-02-07 11:58:25,078 ====> Building faiss index
2020-02-07 11:58:25,086 ====> Calculating recall @ N
2020-02-07 11:58:26,672 ====> Recall@1: 0.3484
2020-02-07 11:58:26,672 ====> Recall@2: 0.4373
2020-02-07 11:58:26,673 ====> Recall@3: 0.4932
2020-02-07 11:58:26,673 ====> Recall@4: 0.5281
2020-02-07 11:58:26,673 ====> Recall@5: 0.5573
2020-02-07 11:58:26,673 ====> Recall@10: 0.6470
2020-02-07 11:58:26,673 ====> Recall@15: 0.6978
2020-02-07 11:58:26,674 ====> Recall@20: 0.7342
2020-02-07 11:58:26,674 ====> Recall@25: 0.7631
2020-02-07 11:58:26,803 ====> Building Cache
2020-02-07 11:58:26,803 feature cache--->>> /home/annora/NetVLAD/output/train_feat_cache0.hdf5
2020-02-07 11:59:02,859 Allocated:30.78076171875 MB
2020-02-07 11:59:02,859 Cached:2862.5 MB
2020-02-07 12:00:03,224 ==> Epoch[14](50/610): Loss: 0.1772
2020-02-07 12:00:03,228 Allocated:32.78076171875 MB
2020-02-07 12:00:03,228 Cached:7968.125 MB
2020-02-07 12:00:21,100 ==> Epoch[14](100/610): Loss: 0.1243
2020-02-07 12:00:21,102 Allocated:32.78076171875 MB
2020-02-07 12:00:21,102 Cached:7968.125 MB
2020-02-07 12:00:38,727 ==> Epoch[14](150/610): Loss: 0.1466
2020-02-07 12:00:38,733 Allocated:32.78076171875 MB
2020-02-07 12:00:38,734 Cached:7968.125 MB
2020-02-07 12:00:58,378 ==> Epoch[14](200/610): Loss: 0.1202
2020-02-07 12:00:58,380 Allocated:32.78076171875 MB
2020-02-07 12:00:58,380 Cached:7968.125 MB
2020-02-07 12:00:59,761 ====> Building Cache
2020-02-07 12:00:59,762 feature cache--->>> /home/annora/NetVLAD/output/train_feat_cache0.hdf5
2020-02-07 12:01:40,822 Allocated:32.7802734375 MB
2020-02-07 12:01:40,822 Cached:2862.5 MB
2020-02-07 12:02:24,214 ==> Epoch[14](250/610): Loss: 0.1143
2020-02-07 12:02:24,217 Allocated:32.78076171875 MB
2020-02-07 12:02:24,218 Cached:7210.75 MB
2020-02-07 12:02:39,802 ==> Epoch[14](300/610): Loss: 0.1743
2020-02-07 12:02:39,805 Allocated:32.78076171875 MB
2020-02-07 12:02:39,806 Cached:7210.75 MB
2020-02-07 12:03:00,709 ==> Epoch[14](350/610): Loss: 0.0545
2020-02-07 12:03:00,713 Allocated:32.78076171875 MB
2020-02-07 12:03:00,713 Cached:7210.75 MB
2020-02-07 12:03:19,970 ==> Epoch[14](400/610): Loss: 0.1193
2020-02-07 12:03:19,973 Allocated:32.78076171875 MB
2020-02-07 12:03:19,973 Cached:7210.75 MB
2020-02-07 12:03:22,767 ====> Building Cache
2020-02-07 12:03:22,768 feature cache--->>> /home/annora/NetVLAD/output/train_feat_cache0.hdf5
2020-02-07 12:04:01,659 Allocated:32.7802734375 MB
2020-02-07 12:04:01,660 Cached:2863.5 MB
2020-02-07 12:04:48,744 ==> Epoch[14](450/610): Loss: 0.1073
2020-02-07 12:04:48,746 Allocated:32.78076171875 MB
2020-02-07 12:04:48,747 Cached:4844.5 MB
2020-02-07 12:05:03,560 ==> Epoch[14](500/610): Loss: 0.1358
2020-02-07 12:05:03,563 Allocated:32.78076171875 MB
2020-02-07 12:05:03,563 Cached:4844.5 MB
2020-02-07 12:05:23,960 ==> Epoch[14](550/610): Loss: 0.0601
2020-02-07 12:05:23,965 Allocated:32.78076171875 MB
2020-02-07 12:05:23,966 Cached:4844.5 MB
2020-02-07 12:05:45,327 ==> Epoch[14](600/610): Loss: 0.0312
2020-02-07 12:05:45,330 Allocated:32.78076171875 MB
2020-02-07 12:05:45,330 Cached:4844.5 MB
2020-02-07 12:05:50,072 ===> Epoch 14 Complete: Avg. Loss: 0.1221
2020-02-07 12:05:50,074 ====> Extracting Features
2020-02-07 12:06:15,081 ==> Batch (50/184)
2020-02-07 12:06:23,805 ==> Batch (100/184)
2020-02-07 12:06:32,894 ==> Batch (150/184)
2020-02-07 12:06:39,415 ====> Building faiss index
2020-02-07 12:06:39,427 ====> Calculating recall @ N
2020-02-07 12:06:41,442 ====> Recall@1: 0.3470
2020-02-07 12:06:41,442 ====> Recall@2: 0.4323
2020-02-07 12:06:41,443 ====> Recall@3: 0.4815
2020-02-07 12:06:41,444 ====> Recall@4: 0.5176
2020-02-07 12:06:41,444 ====> Recall@5: 0.5464
2020-02-07 12:06:41,444 ====> Recall@10: 0.6396
2020-02-07 12:06:41,444 ====> Recall@15: 0.6948
2020-02-07 12:06:41,444 ====> Recall@20: 0.7355
2020-02-07 12:06:41,445 ====> Recall@25: 0.7635
2020-02-07 12:06:41,517 ====> Building Cache
2020-02-07 12:06:41,517 feature cache--->>> /home/annora/NetVLAD/output/train_feat_cache0.hdf5
2020-02-07 12:07:26,594 Allocated:30.78076171875 MB
2020-02-07 12:07:26,594 Cached:2863.5 MB
2020-02-07 12:08:20,066 ==> Epoch[15](50/610): Loss: 0.1470
2020-02-07 12:08:20,068 Allocated:32.78076171875 MB
2020-02-07 12:08:20,069 Cached:4224.5 MB
2020-02-07 12:08:38,998 ==> Epoch[15](100/610): Loss: 0.0785
2020-02-07 12:08:39,001 Allocated:32.78076171875 MB
2020-02-07 12:08:39,001 Cached:4224.5 MB
2020-02-07 12:08:57,756 ==> Epoch[15](150/610): Loss: 0.0912
2020-02-07 12:08:57,759 Allocated:32.78076171875 MB
2020-02-07 12:08:57,760 Cached:4224.5 MB
2020-02-07 12:09:15,185 ==> Epoch[15](200/610): Loss: 0.1121
2020-02-07 12:09:15,187 Allocated:32.78076171875 MB
2020-02-07 12:09:15,188 Cached:4224.5 MB
2020-02-07 12:09:17,382 ====> Building Cache
2020-02-07 12:09:17,383 feature cache--->>> /home/annora/NetVLAD/output/train_feat_cache0.hdf5
2020-02-07 12:09:57,840 Allocated:32.7802734375 MB
2020-02-07 12:09:57,841 Cached:2863.5 MB
2020-02-07 12:10:41,360 ==> Epoch[15](250/610): Loss: 0.1055
2020-02-07 12:10:41,362 Allocated:32.78076171875 MB
2020-02-07 12:10:41,363 Cached:7760.375 MB
2020-02-07 12:10:57,276 ==> Epoch[15](300/610): Loss: 0.0452
2020-02-07 12:10:57,279 Allocated:32.78076171875 MB
2020-02-07 12:10:57,279 Cached:2047.875 MB
2020-02-07 12:11:16,956 ==> Epoch[15](350/610): Loss: 0.1304
2020-02-07 12:11:16,960 Allocated:32.78076171875 MB
2020-02-07 12:11:16,960 Cached:8407.375 MB
2020-02-07 12:11:30,734 ==> Epoch[15](400/610): Loss: 0.1187
2020-02-07 12:11:30,736 Allocated:32.78076171875 MB
2020-02-07 12:11:30,736 Cached:8407.375 MB
2020-02-07 12:11:33,164 ====> Building Cache
2020-02-07 12:11:33,165 feature cache--->>> /home/annora/NetVLAD/output/train_feat_cache0.hdf5
2020-02-07 12:12:15,952 Allocated:32.7802734375 MB
2020-02-07 12:12:15,952 Cached:2862.5 MB
2020-02-07 12:13:08,070 ==> Epoch[15](450/610): Loss: 0.0655
2020-02-07 12:13:08,072 Allocated:32.78076171875 MB
2020-02-07 12:13:08,072 Cached:7320.0 MB
2020-02-07 12:13:28,403 ==> Epoch[15](500/610): Loss: 0.1216
2020-02-07 12:13:28,406 Allocated:32.78076171875 MB
2020-02-07 12:13:28,406 Cached:7321.0 MB
2020-02-07 12:13:47,511 ==> Epoch[15](550/610): Loss: 0.0756
2020-02-07 12:13:47,513 Allocated:32.78076171875 MB
2020-02-07 12:13:47,514 Cached:7321.0 MB
2020-02-07 12:14:05,537 ==> Epoch[15](600/610): Loss: 0.0959
2020-02-07 12:14:05,541 Allocated:32.78076171875 MB
2020-02-07 12:14:05,541 Cached:7321.0 MB
2020-02-07 12:14:09,858 ===> Epoch 15 Complete: Avg. Loss: 0.1108
2020-02-07 12:14:09,861 ====> Extracting Features
2020-02-07 12:14:33,638 ==> Batch (50/184)
2020-02-07 12:14:42,506 ==> Batch (100/184)
2020-02-07 12:14:51,368 ==> Batch (150/184)
2020-02-07 12:14:56,274 ====> Building faiss index
2020-02-07 12:14:56,283 ====> Calculating recall @ N
2020-02-07 12:14:57,810 ====> Recall@1: 0.3557
2020-02-07 12:14:57,811 ====> Recall@2: 0.4449
2020-02-07 12:14:57,812 ====> Recall@3: 0.5004
2020-02-07 12:14:57,812 ====> Recall@4: 0.5327
2020-02-07 12:14:57,813 ====> Recall@5: 0.5627
2020-02-07 12:14:57,813 ====> Recall@10: 0.6535
2020-02-07 12:14:57,813 ====> Recall@15: 0.7079
2020-02-07 12:14:57,813 ====> Recall@20: 0.7463
2020-02-07 12:14:57,813 ====> Recall@25: 0.7756
2020-02-07 12:14:57,944 ====> Building Cache
2020-02-07 12:14:57,944 feature cache--->>> /home/annora/NetVLAD/output/train_feat_cache0.hdf5
2020-02-07 12:15:35,630 Allocated:30.78076171875 MB
2020-02-07 12:15:35,630 Cached:2862.5 MB
2020-02-07 12:16:28,633 ==> Epoch[16](50/610): Loss: 0.0776
2020-02-07 12:16:28,636 Allocated:32.78076171875 MB
2020-02-07 12:16:28,636 Cached:5504.625 MB
2020-02-07 12:16:47,487 ==> Epoch[16](100/610): Loss: 0.1023
2020-02-07 12:16:47,491 Allocated:32.78076171875 MB
2020-02-07 12:16:47,491 Cached:5504.625 MB
2020-02-07 12:17:02,825 ==> Epoch[16](150/610): Loss: 0.1412
2020-02-07 12:17:02,828 Allocated:32.78076171875 MB
2020-02-07 12:17:02,829 Cached:5504.625 MB
2020-02-07 12:17:15,989 ==> Epoch[16](200/610): Loss: 0.0620
2020-02-07 12:17:15,992 Allocated:32.78076171875 MB
2020-02-07 12:17:15,992 Cached:5504.625 MB
2020-02-07 12:17:17,327 ====> Building Cache
2020-02-07 12:17:17,328 feature cache--->>> /home/annora/NetVLAD/output/train_feat_cache0.hdf5
2020-02-07 12:17:54,957 Allocated:32.7802734375 MB
2020-02-07 12:17:54,958 Cached:2862.5 MB
2020-02-07 12:18:44,244 ==> Epoch[16](250/610): Loss: 0.0458
2020-02-07 12:18:44,246 Allocated:32.78076171875 MB
2020-02-07 12:18:44,247 Cached:6539.375 MB
2020-02-07 12:19:01,585 ==> Epoch[16](300/610): Loss: 0.0458
2020-02-07 12:19:01,587 Allocated:32.78076171875 MB
2020-02-07 12:19:01,587 Cached:2935.25 MB
2020-02-07 12:19:18,939 ==> Epoch[16](350/610): Loss: 0.0606
2020-02-07 12:19:18,942 Allocated:32.78076171875 MB
2020-02-07 12:19:18,944 Cached:2936.25 MB
2020-02-07 12:19:37,520 ==> Epoch[16](400/610): Loss: 0.0582
2020-02-07 12:19:37,523 Allocated:32.78076171875 MB
2020-02-07 12:19:37,523 Cached:2936.25 MB
2020-02-07 12:19:40,050 ====> Building Cache
2020-02-07 12:19:40,052 feature cache--->>> /home/annora/NetVLAD/output/train_feat_cache0.hdf5
2020-02-07 12:20:24,689 Allocated:32.7802734375 MB
2020-02-07 12:20:24,689 Cached:2862.5 MB
2020-02-07 12:21:17,267 ==> Epoch[16](450/610): Loss: 0.1179
2020-02-07 12:21:17,270 Allocated:32.78076171875 MB
2020-02-07 12:21:17,270 Cached:4178.625 MB
2020-02-07 12:21:37,514 ==> Epoch[16](500/610): Loss: 0.1320
2020-02-07 12:21:37,517 Allocated:32.78076171875 MB
2020-02-07 12:21:37,518 Cached:4178.625 MB
2020-02-07 12:21:53,765 ==> Epoch[16](550/610): Loss: 0.0959
2020-02-07 12:21:53,769 Allocated:32.78076171875 MB
2020-02-07 12:21:53,769 Cached:4178.625 MB
2020-02-07 12:22:12,891 ==> Epoch[16](600/610): Loss: 0.0737
2020-02-07 12:22:12,894 Allocated:32.78076171875 MB
2020-02-07 12:22:12,895 Cached:4178.625 MB
2020-02-07 12:22:17,050 ===> Epoch 16 Complete: Avg. Loss: 0.0986
2020-02-07 12:22:17,053 ====> Extracting Features
2020-02-07 12:22:41,202 ==> Batch (50/184)
2020-02-07 12:22:50,616 ==> Batch (100/184)
2020-02-07 12:22:58,970 ==> Batch (150/184)
2020-02-07 12:23:05,072 ====> Building faiss index
2020-02-07 12:23:05,082 ====> Calculating recall @ N
2020-02-07 12:23:06,642 ====> Recall@1: 0.3690
2020-02-07 12:23:06,642 ====> Recall@2: 0.4520
2020-02-07 12:23:06,643 ====> Recall@3: 0.5038
2020-02-07 12:23:06,644 ====> Recall@4: 0.5422
2020-02-07 12:23:06,644 ====> Recall@5: 0.5708
2020-02-07 12:23:06,644 ====> Recall@10: 0.6671
2020-02-07 12:23:06,644 ====> Recall@15: 0.7267
2020-02-07 12:23:06,645 ====> Recall@20: 0.7656
2020-02-07 12:23:06,645 ====> Recall@25: 0.7914
2020-02-07 12:23:06,780 ====> Building Cache
2020-02-07 12:23:06,780 feature cache--->>> /home/annora/NetVLAD/output/train_feat_cache0.hdf5
2020-02-07 12:23:49,621 Allocated:30.78076171875 MB
2020-02-07 12:23:49,621 Cached:2862.5 MB
2020-02-07 12:24:38,085 ==> Epoch[17](50/610): Loss: 0.0734
2020-02-07 12:24:38,089 Allocated:32.78076171875 MB
2020-02-07 12:24:38,089 Cached:2936.25 MB
2020-02-07 12:24:55,202 ==> Epoch[17](100/610): Loss: 0.0829
2020-02-07 12:24:55,205 Allocated:32.78076171875 MB
2020-02-07 12:24:55,206 Cached:2936.25 MB
2020-02-07 12:25:12,486 ==> Epoch[17](150/610): Loss: 0.0544
2020-02-07 12:25:12,488 Allocated:32.78076171875 MB
2020-02-07 12:25:12,489 Cached:2936.25 MB
2020-02-07 12:25:26,758 ==> Epoch[17](200/610): Loss: 0.0509
2020-02-07 12:25:26,761 Allocated:32.78076171875 MB
2020-02-07 12:25:26,761 Cached:2936.25 MB
2020-02-07 12:25:27,998 ====> Building Cache
2020-02-07 12:25:27,999 feature cache--->>> /home/annora/NetVLAD/output/train_feat_cache0.hdf5
2020-02-07 12:26:12,054 Allocated:32.7802734375 MB
2020-02-07 12:26:12,055 Cached:2862.5 MB
2020-02-07 12:26:59,453 ==> Epoch[17](250/610): Loss: 0.0462
2020-02-07 12:26:59,455 Allocated:32.78076171875 MB
2020-02-07 12:26:59,455 Cached:4224.5 MB
2020-02-07 12:27:13,844 ==> Epoch[17](300/610): Loss: 0.0891
2020-02-07 12:27:13,848 Allocated:32.78076171875 MB
2020-02-07 12:27:13,849 Cached:4224.5 MB
2020-02-07 12:27:32,051 ==> Epoch[17](350/610): Loss: 0.0268
2020-02-07 12:27:32,054 Allocated:32.78076171875 MB
2020-02-07 12:27:32,055 Cached:4224.5 MB
2020-02-07 12:27:50,567 ==> Epoch[17](400/610): Loss: 0.0644
2020-02-07 12:27:50,569 Allocated:32.78076171875 MB
2020-02-07 12:27:50,569 Cached:4224.5 MB
2020-02-07 12:27:53,008 ====> Building Cache
2020-02-07 12:27:53,009 feature cache--->>> /home/annora/NetVLAD/output/train_feat_cache0.hdf5
2020-02-07 12:28:43,728 Allocated:32.7802734375 MB
2020-02-07 12:28:43,728 Cached:2862.5 MB
2020-02-07 12:29:38,768 ==> Epoch[17](450/610): Loss: 0.0837
2020-02-07 12:29:38,772 Allocated:32.78076171875 MB
2020-02-07 12:29:38,773 Cached:5339.625 MB
2020-02-07 12:29:58,452 ==> Epoch[17](500/610): Loss: 0.0807
2020-02-07 12:29:58,455 Allocated:32.78076171875 MB
2020-02-07 12:29:58,456 Cached:4234.5 MB
2020-02-07 12:30:17,717 ==> Epoch[17](550/610): Loss: 0.0628
2020-02-07 12:30:17,720 Allocated:32.78076171875 MB
2020-02-07 12:30:17,720 Cached:4234.5 MB
2020-02-07 12:30:35,166 ==> Epoch[17](600/610): Loss: 0.0327
2020-02-07 12:30:35,169 Allocated:32.78076171875 MB
2020-02-07 12:30:35,169 Cached:4234.5 MB
2020-02-07 12:30:38,806 ===> Epoch 17 Complete: Avg. Loss: 0.0890
2020-02-07 12:30:38,809 ====> Extracting Features
2020-02-07 12:30:58,248 ==> Batch (50/184)
2020-02-07 12:31:05,743 ==> Batch (100/184)
2020-02-07 12:31:14,355 ==> Batch (150/184)
2020-02-07 12:31:20,077 ====> Building faiss index
2020-02-07 12:31:20,087 ====> Calculating recall @ N
2020-02-07 12:31:21,787 ====> Recall@1: 0.3442
2020-02-07 12:31:21,788 ====> Recall@2: 0.4276
2020-02-07 12:31:21,789 ====> Recall@3: 0.4816
2020-02-07 12:31:21,789 ====> Recall@4: 0.5204
2020-02-07 12:31:21,789 ====> Recall@5: 0.5521
2020-02-07 12:31:21,790 ====> Recall@10: 0.6497
2020-02-07 12:31:21,790 ====> Recall@15: 0.7124
2020-02-07 12:31:21,790 ====> Recall@20: 0.7475
2020-02-07 12:31:21,790 ====> Recall@25: 0.7777
2020-02-07 12:31:21,861 ====> Building Cache
2020-02-07 12:31:21,861 feature cache--->>> /home/annora/NetVLAD/output/train_feat_cache0.hdf5
2020-02-07 12:31:57,678 Allocated:30.78076171875 MB
2020-02-07 12:31:57,679 Cached:2862.5 MB
2020-02-07 12:32:49,274 ==> Epoch[18](50/610): Loss: 0.0676
2020-02-07 12:32:49,277 Allocated:32.78076171875 MB
2020-02-07 12:32:49,278 Cached:4234.5 MB
2020-02-07 12:33:08,961 ==> Epoch[18](100/610): Loss: 0.0645
2020-02-07 12:33:08,964 Allocated:32.78076171875 MB
2020-02-07 12:33:08,964 Cached:4234.5 MB
2020-02-07 12:33:30,110 ==> Epoch[18](150/610): Loss: 0.0321
2020-02-07 12:33:30,112 Allocated:32.78076171875 MB
2020-02-07 12:33:30,113 Cached:4234.5 MB
2020-02-07 12:33:49,197 ==> Epoch[18](200/610): Loss: 0.0603
2020-02-07 12:33:49,199 Allocated:32.78076171875 MB
2020-02-07 12:33:49,200 Cached:4234.5 MB
2020-02-07 12:33:50,793 ====> Building Cache
2020-02-07 12:33:50,794 feature cache--->>> /home/annora/NetVLAD/output/train_feat_cache0.hdf5
2020-02-07 12:34:25,558 Allocated:32.7802734375 MB
2020-02-07 12:34:25,559 Cached:2862.5 MB
2020-02-07 12:35:16,290 ==> Epoch[18](250/610): Loss: 0.0605
2020-02-07 12:35:16,293 Allocated:32.78076171875 MB
2020-02-07 12:35:16,293 Cached:6522.5 MB
2020-02-07 12:35:35,840 ==> Epoch[18](300/610): Loss: 0.0505
2020-02-07 12:35:35,843 Allocated:32.78076171875 MB
2020-02-07 12:35:35,843 Cached:7782.75 MB
2020-02-07 12:35:53,854 ==> Epoch[18](350/610): Loss: 0.0775
2020-02-07 12:35:53,858 Allocated:32.78076171875 MB
2020-02-07 12:35:53,859 Cached:7782.75 MB
2020-02-07 12:36:13,116 ==> Epoch[18](400/610): Loss: 0.0930
2020-02-07 12:36:13,118 Allocated:32.78076171875 MB
2020-02-07 12:36:13,119 Cached:7782.75 MB
2020-02-07 12:36:15,942 ====> Building Cache
2020-02-07 12:36:15,942 feature cache--->>> /home/annora/NetVLAD/output/train_feat_cache0.hdf5
2020-02-07 12:37:01,694 Allocated:32.7802734375 MB
2020-02-07 12:37:01,695 Cached:2862.5 MB
2020-02-07 12:37:52,383 ==> Epoch[18](450/610): Loss: 0.1248
2020-02-07 12:37:52,386 Allocated:32.78076171875 MB
2020-02-07 12:37:52,387 Cached:5366.125 MB
2020-02-07 12:38:09,591 ==> Epoch[18](500/610): Loss: 0.0614
2020-02-07 12:38:09,593 Allocated:32.78076171875 MB
2020-02-07 12:38:09,594 Cached:9240.125 MB
2020-02-07 12:38:28,627 ==> Epoch[18](550/610): Loss: 0.0599
2020-02-07 12:38:28,631 Allocated:32.78076171875 MB
2020-02-07 12:38:28,632 Cached:9240.125 MB
2020-02-07 12:38:49,372 ==> Epoch[18](600/610): Loss: 0.0317
2020-02-07 12:38:49,374 Allocated:32.78076171875 MB
2020-02-07 12:38:49,374 Cached:9240.125 MB
2020-02-07 12:38:52,664 ===> Epoch 18 Complete: Avg. Loss: 0.0782
2020-02-07 12:38:52,665 ====> Extracting Features
2020-02-07 12:39:13,978 ==> Batch (50/184)
2020-02-07 12:39:20,478 ==> Batch (100/184)
2020-02-07 12:39:27,509 ==> Batch (150/184)
2020-02-07 12:39:33,040 ====> Building faiss index
2020-02-07 12:39:33,050 ====> Calculating recall @ N
2020-02-07 12:39:34,663 ====> Recall@1: 0.3458
2020-02-07 12:39:34,664 ====> Recall@2: 0.4368
2020-02-07 12:39:34,664 ====> Recall@3: 0.4895
2020-02-07 12:39:34,665 ====> Recall@4: 0.5290
2020-02-07 12:39:34,665 ====> Recall@5: 0.5595
2020-02-07 12:39:34,665 ====> Recall@10: 0.6575
2020-02-07 12:39:34,665 ====> Recall@15: 0.7129
2020-02-07 12:39:34,666 ====> Recall@20: 0.7526
2020-02-07 12:39:34,666 ====> Recall@25: 0.7831
2020-02-07 12:39:34,730 ====> Building Cache
2020-02-07 12:39:34,730 feature cache--->>> /home/annora/NetVLAD/output/train_feat_cache0.hdf5
2020-02-07 12:40:12,982 Allocated:30.78076171875 MB
2020-02-07 12:40:12,983 Cached:2862.5 MB
2020-02-07 12:41:07,033 ==> Epoch[19](50/610): Loss: 0.0581
2020-02-07 12:41:07,036 Allocated:32.78076171875 MB
2020-02-07 12:41:07,036 Cached:6115.0 MB
2020-02-07 12:41:25,172 ==> Epoch[19](100/610): Loss: 0.0449
2020-02-07 12:41:25,174 Allocated:32.78076171875 MB
2020-02-07 12:41:25,175 Cached:6115.0 MB
2020-02-07 12:41:39,546 ==> Epoch[19](150/610): Loss: 0.0785
2020-02-07 12:41:39,548 Allocated:32.78076171875 MB
2020-02-07 12:41:39,548 Cached:6115.0 MB
2020-02-07 12:41:53,189 ==> Epoch[19](200/610): Loss: 0.1042
2020-02-07 12:41:53,191 Allocated:32.78076171875 MB
2020-02-07 12:41:53,192 Cached:6115.0 MB
2020-02-07 12:41:54,618 ====> Building Cache
2020-02-07 12:41:54,618 feature cache--->>> /home/annora/NetVLAD/output/train_feat_cache0.hdf5
2020-02-07 12:42:42,653 Allocated:32.7802734375 MB
2020-02-07 12:42:42,653 Cached:2862.5 MB
2020-02-07 12:43:34,146 ==> Epoch[19](250/610): Loss: 0.0395
2020-02-07 12:43:34,149 Allocated:32.78076171875 MB
2020-02-07 12:43:34,150 Cached:4224.5 MB
2020-02-07 12:43:54,031 ==> Epoch[19](300/610): Loss: 0.1249
2020-02-07 12:43:54,035 Allocated:32.78076171875 MB
2020-02-07 12:43:54,035 Cached:4224.5 MB
2020-02-07 12:44:13,034 ==> Epoch[19](350/610): Loss: 0.0332
2020-02-07 12:44:13,036 Allocated:32.78076171875 MB
2020-02-07 12:44:13,036 Cached:4224.5 MB
2020-02-07 12:44:27,457 ==> Epoch[19](400/610): Loss: 0.1252
2020-02-07 12:44:27,459 Allocated:32.78076171875 MB
2020-02-07 12:44:27,460 Cached:4224.5 MB
2020-02-07 12:44:29,780 ====> Building Cache
2020-02-07 12:44:29,781 feature cache--->>> /home/annora/NetVLAD/output/train_feat_cache0.hdf5
2020-02-07 12:45:10,440 Allocated:32.7802734375 MB
2020-02-07 12:45:10,441 Cached:2862.5 MB
2020-02-07 12:45:57,729 ==> Epoch[19](450/610): Loss: 0.0873
2020-02-07 12:45:57,732 Allocated:32.78076171875 MB
2020-02-07 12:45:57,732 Cached:6621.125 MB
2020-02-07 12:46:14,040 ==> Epoch[19](500/610): Loss: 0.1106
2020-02-07 12:46:14,042 Allocated:32.78076171875 MB
2020-02-07 12:46:14,043 Cached:6621.125 MB
2020-02-07 12:46:32,519 ==> Epoch[19](550/610): Loss: 0.0772
2020-02-07 12:46:32,522 Allocated:32.78076171875 MB
2020-02-07 12:46:32,522 Cached:6621.125 MB
2020-02-07 12:46:51,123 ==> Epoch[19](600/610): Loss: 0.0984
2020-02-07 12:46:51,126 Allocated:32.78076171875 MB
2020-02-07 12:46:51,126 Cached:6621.125 MB
2020-02-07 12:46:54,865 ===> Epoch 19 Complete: Avg. Loss: 0.0735
2020-02-07 12:46:54,867 ====> Extracting Features
2020-02-07 12:47:19,334 ==> Batch (50/184)
2020-02-07 12:47:28,437 ==> Batch (100/184)
2020-02-07 12:47:37,428 ==> Batch (150/184)
2020-02-07 12:47:43,731 ====> Building faiss index
2020-02-07 12:47:43,747 ====> Calculating recall @ N
2020-02-07 12:47:45,930 ====> Recall@1: 0.3528
2020-02-07 12:47:45,931 ====> Recall@2: 0.4405
2020-02-07 12:47:45,932 ====> Recall@3: 0.4945
2020-02-07 12:47:45,932 ====> Recall@4: 0.5339
2020-02-07 12:47:45,932 ====> Recall@5: 0.5665
2020-02-07 12:47:45,933 ====> Recall@10: 0.6605
2020-02-07 12:47:45,933 ====> Recall@15: 0.7131
2020-02-07 12:47:45,933 ====> Recall@20: 0.7513
2020-02-07 12:47:45,934 ====> Recall@25: 0.7780
2020-02-07 12:47:46,005 ====> Building Cache
2020-02-07 12:47:46,005 feature cache--->>> /home/annora/NetVLAD/output/train_feat_cache0.hdf5
2020-02-07 12:48:31,916 Allocated:30.78076171875 MB
2020-02-07 12:48:31,916 Cached:2862.5 MB
2020-02-07 12:49:27,109 ==> Epoch[20](50/610): Loss: 0.0626
2020-02-07 12:49:27,111 Allocated:32.78076171875 MB
2020-02-07 12:49:27,112 Cached:4224.5 MB
2020-02-07 12:49:45,236 ==> Epoch[20](100/610): Loss: 0.0757
2020-02-07 12:49:45,239 Allocated:32.78076171875 MB
2020-02-07 12:49:45,239 Cached:4225.5 MB
2020-02-07 12:50:03,695 ==> Epoch[20](150/610): Loss: 0.0619
2020-02-07 12:50:03,698 Allocated:32.78076171875 MB
2020-02-07 12:50:03,699 Cached:4225.5 MB
2020-02-07 12:50:22,177 ==> Epoch[20](200/610): Loss: 0.0269
2020-02-07 12:50:22,179 Allocated:32.78076171875 MB
2020-02-07 12:50:22,179 Cached:4225.5 MB
2020-02-07 12:50:24,390 ====> Building Cache
2020-02-07 12:50:24,390 feature cache--->>> /home/annora/NetVLAD/output/train_feat_cache0.hdf5
2020-02-07 12:50:58,570 Allocated:32.7802734375 MB
2020-02-07 12:50:58,571 Cached:2863.5 MB
2020-02-07 12:51:39,713 ==> Epoch[20](250/610): Loss: 0.0711
2020-02-07 12:51:39,716 Allocated:32.78076171875 MB
2020-02-07 12:51:39,716 Cached:5343.875 MB
2020-02-07 12:51:52,831 ==> Epoch[20](300/610): Loss: 0.0578
2020-02-07 12:51:52,833 Allocated:32.78076171875 MB
2020-02-07 12:51:52,833 Cached:5343.875 MB
2020-02-07 12:52:10,352 ==> Epoch[20](350/610): Loss: 0.0635
2020-02-07 12:52:10,355 Allocated:32.78076171875 MB
2020-02-07 12:52:10,355 Cached:2908.0 MB
2020-02-07 12:52:26,870 ==> Epoch[20](400/610): Loss: 0.0514
2020-02-07 12:52:26,872 Allocated:32.78076171875 MB
2020-02-07 12:52:26,872 Cached:2908.0 MB
2020-02-07 12:52:29,851 ====> Building Cache
2020-02-07 12:52:29,852 feature cache--->>> /home/annora/NetVLAD/output/train_feat_cache0.hdf5
2020-02-07 12:53:15,503 Allocated:32.7802734375 MB
2020-02-07 12:53:15,504 Cached:2862.5 MB
2020-02-07 12:54:06,071 ==> Epoch[20](450/610): Loss: 0.0494
2020-02-07 12:54:06,074 Allocated:32.78076171875 MB
2020-02-07 12:54:06,074 Cached:5266.25 MB
2020-02-07 12:54:22,897 ==> Epoch[20](500/610): Loss: 0.0571
2020-02-07 12:54:22,900 Allocated:32.78076171875 MB
2020-02-07 12:54:22,901 Cached:7781.625 MB
2020-02-07 12:54:42,893 ==> Epoch[20](550/610): Loss: 0.0454
2020-02-07 12:54:42,895 Allocated:32.78076171875 MB
2020-02-07 12:54:42,896 Cached:7781.625 MB
2020-02-07 12:54:59,492 ==> Epoch[20](600/610): Loss: 0.0454
2020-02-07 12:54:59,494 Allocated:32.78076171875 MB
2020-02-07 12:54:59,495 Cached:7781.625 MB
2020-02-07 12:55:03,026 ===> Epoch 20 Complete: Avg. Loss: 0.0635
2020-02-07 12:55:03,035 ====> Extracting Features
2020-02-07 12:55:27,295 ==> Batch (50/184)
2020-02-07 12:55:37,622 ==> Batch (100/184)
2020-02-07 12:55:47,102 ==> Batch (150/184)
2020-02-07 12:55:53,095 ====> Building faiss index
2020-02-07 12:55:53,104 ====> Calculating recall @ N
2020-02-07 12:55:54,679 ====> Recall@1: 0.3436
2020-02-07 12:55:54,680 ====> Recall@2: 0.4323
2020-02-07 12:55:54,681 ====> Recall@3: 0.4854
2020-02-07 12:55:54,681 ====> Recall@4: 0.5248
2020-02-07 12:55:54,681 ====> Recall@5: 0.5589
2020-02-07 12:55:54,682 ====> Recall@10: 0.6585
2020-02-07 12:55:54,682 ====> Recall@15: 0.7115
2020-02-07 12:55:54,682 ====> Recall@20: 0.7500
2020-02-07 12:55:54,682 ====> Recall@25: 0.7785
2020-02-07 12:55:54,750 ====> Building Cache
2020-02-07 12:55:54,751 feature cache--->>> /home/annora/NetVLAD/output/train_feat_cache0.hdf5
2020-02-07 12:56:31,082 Allocated:30.78076171875 MB
2020-02-07 12:56:31,082 Cached:2862.5 MB
2020-02-07 12:57:20,463 ==> Epoch[21](50/610): Loss: 0.0282
2020-02-07 12:57:20,465 Allocated:32.78076171875 MB
2020-02-07 12:57:20,465 Cached:4223.5 MB
2020-02-07 12:57:39,776 ==> Epoch[21](100/610): Loss: 0.0903
2020-02-07 12:57:39,778 Allocated:32.78076171875 MB
2020-02-07 12:57:39,779 Cached:4224.5 MB
2020-02-07 12:57:59,511 ==> Epoch[21](150/610): Loss: 0.0485
2020-02-07 12:57:59,513 Allocated:32.78076171875 MB
2020-02-07 12:57:59,514 Cached:4224.5 MB
2020-02-07 12:58:15,136 ==> Epoch[21](200/610): Loss: 0.0419
2020-02-07 12:58:15,138 Allocated:32.78076171875 MB
2020-02-07 12:58:15,138 Cached:4224.5 MB
2020-02-07 12:58:16,903 ====> Building Cache
2020-02-07 12:58:16,904 feature cache--->>> /home/annora/NetVLAD/output/train_feat_cache0.hdf5
2020-02-07 12:58:59,653 Allocated:32.7802734375 MB
2020-02-07 12:58:59,654 Cached:2862.5 MB
2020-02-07 12:59:49,157 ==> Epoch[21](250/610): Loss: 0.0480
2020-02-07 12:59:49,159 Allocated:32.78076171875 MB
2020-02-07 12:59:49,160 Cached:6434.125 MB
2020-02-07 13:00:08,235 ==> Epoch[21](300/610): Loss: 0.0117
2020-02-07 13:00:08,237 Allocated:32.78076171875 MB
2020-02-07 13:00:08,238 Cached:8970.75 MB
2020-02-07 13:00:25,834 ==> Epoch[21](350/610): Loss: 0.0391
2020-02-07 13:00:25,836 Allocated:32.78076171875 MB
2020-02-07 13:00:25,837 Cached:8970.75 MB
2020-02-07 13:00:42,994 ==> Epoch[21](400/610): Loss: 0.0551
2020-02-07 13:00:42,996 Allocated:32.78076171875 MB
2020-02-07 13:00:42,997 Cached:4807.625 MB
2020-02-07 13:00:45,549 ====> Building Cache
2020-02-07 13:00:45,550 feature cache--->>> /home/annora/NetVLAD/output/train_feat_cache0.hdf5
2020-02-07 13:01:31,122 Allocated:32.7802734375 MB
2020-02-07 13:01:31,122 Cached:2863.5 MB
2020-02-07 13:02:21,761 ==> Epoch[21](450/610): Loss: 0.0236
2020-02-07 13:02:21,763 Allocated:32.78076171875 MB
2020-02-07 13:02:21,764 Cached:4065.375 MB
2020-02-07 13:02:38,072 ==> Epoch[21](500/610): Loss: 0.0455
2020-02-07 13:02:38,074 Allocated:32.78076171875 MB
2020-02-07 13:02:38,075 Cached:7712.625 MB
2020-02-07 13:02:55,637 ==> Epoch[21](550/610): Loss: 0.0340
2020-02-07 13:02:55,639 Allocated:32.78076171875 MB
2020-02-07 13:02:55,640 Cached:7712.625 MB
2020-02-07 13:03:11,209 ==> Epoch[21](600/610): Loss: 0.0176
2020-02-07 13:03:11,212 Allocated:32.78076171875 MB
2020-02-07 13:03:11,213 Cached:3462.125 MB
2020-02-07 13:03:15,003 ===> Epoch 21 Complete: Avg. Loss: 0.0553
2020-02-07 13:03:15,005 ====> Extracting Features
2020-02-07 13:03:35,824 ==> Batch (50/184)
2020-02-07 13:03:42,430 ==> Batch (100/184)
2020-02-07 13:03:49,040 ==> Batch (150/184)
2020-02-07 13:03:54,218 ====> Building faiss index
2020-02-07 13:03:54,227 ====> Calculating recall @ N
2020-02-07 13:03:55,834 ====> Recall@1: 0.3316
2020-02-07 13:03:55,835 ====> Recall@2: 0.4159
2020-02-07 13:03:55,835 ====> Recall@3: 0.4679
2020-02-07 13:03:55,835 ====> Recall@4: 0.5081
2020-02-07 13:03:55,836 ====> Recall@5: 0.5400
2020-02-07 13:03:55,836 ====> Recall@10: 0.6359
2020-02-07 13:03:55,836 ====> Recall@15: 0.6976
2020-02-07 13:03:55,836 ====> Recall@20: 0.7366
2020-02-07 13:03:55,836 ====> Recall@25: 0.7667
2020-02-07 13:03:55,898 ====> Building Cache
2020-02-07 13:03:55,898 feature cache--->>> /home/annora/NetVLAD/output/train_feat_cache0.hdf5
2020-02-07 13:04:30,406 Allocated:30.78076171875 MB
2020-02-07 13:04:30,406 Cached:2862.5 MB
2020-02-07 13:05:14,538 ==> Epoch[22](50/610): Loss: 0.0675
2020-02-07 13:05:14,540 Allocated:32.78076171875 MB
2020-02-07 13:05:14,540 Cached:2936.25 MB
2020-02-07 13:05:26,798 ==> Epoch[22](100/610): Loss: 0.0443
2020-02-07 13:05:26,800 Allocated:32.78076171875 MB
2020-02-07 13:05:26,800 Cached:2936.25 MB
2020-02-07 13:05:42,510 ==> Epoch[22](150/610): Loss: 0.0247
2020-02-07 13:05:42,513 Allocated:32.78076171875 MB
2020-02-07 13:05:42,513 Cached:2936.25 MB
2020-02-07 13:06:02,787 ==> Epoch[22](200/610): Loss: 0.0195
2020-02-07 13:06:02,790 Allocated:32.78076171875 MB
2020-02-07 13:06:02,790 Cached:2936.25 MB
2020-02-07 13:06:04,355 ====> Building Cache
2020-02-07 13:06:04,356 feature cache--->>> /home/annora/NetVLAD/output/train_feat_cache0.hdf5
2020-02-07 13:06:49,972 Allocated:32.7802734375 MB
2020-02-07 13:06:49,972 Cached:2862.5 MB
2020-02-07 13:07:45,361 ==> Epoch[22](250/610): Loss: 0.0357
2020-02-07 13:07:45,364 Allocated:32.78076171875 MB
2020-02-07 13:07:45,365 Cached:6459.625 MB
2020-02-07 13:08:03,653 ==> Epoch[22](300/610): Loss: 0.0594
2020-02-07 13:08:03,656 Allocated:32.78076171875 MB
2020-02-07 13:08:03,656 Cached:2936.25 MB
2020-02-07 13:08:23,396 ==> Epoch[22](350/610): Loss: 0.0596
2020-02-07 13:08:23,399 Allocated:32.78076171875 MB
2020-02-07 13:08:23,399 Cached:2936.25 MB
2020-02-07 13:08:41,585 ==> Epoch[22](400/610): Loss: 0.0526
2020-02-07 13:08:41,587 Allocated:32.78076171875 MB
2020-02-07 13:08:41,588 Cached:2936.25 MB
2020-02-07 13:08:44,068 ====> Building Cache
2020-02-07 13:08:44,069 feature cache--->>> /home/annora/NetVLAD/output/train_feat_cache0.hdf5
2020-02-07 13:09:29,653 Allocated:32.7802734375 MB
2020-02-07 13:09:29,654 Cached:2863.5 MB
2020-02-07 13:10:25,818 ==> Epoch[22](450/610): Loss: 0.0502
2020-02-07 13:10:25,822 Allocated:32.78076171875 MB
2020-02-07 13:10:25,823 Cached:6434.125 MB
2020-02-07 13:10:42,982 ==> Epoch[22](500/610): Loss: 0.0386
2020-02-07 13:10:42,987 Allocated:32.78076171875 MB
2020-02-07 13:10:42,988 Cached:6434.125 MB
2020-02-07 13:11:00,908 ==> Epoch[22](550/610): Loss: 0.0183
2020-02-07 13:11:00,911 Allocated:32.78076171875 MB
2020-02-07 13:11:00,912 Cached:7677.5 MB
2020-02-07 13:11:14,382 ==> Epoch[22](600/610): Loss: 0.0439
2020-02-07 13:11:14,385 Allocated:32.78076171875 MB
2020-02-07 13:11:14,385 Cached:7677.5 MB
2020-02-07 13:11:17,763 ===> Epoch 22 Complete: Avg. Loss: 0.0497
2020-02-07 13:11:17,765 ====> Extracting Features
2020-02-07 13:11:37,901 ==> Batch (50/184)
2020-02-07 13:11:45,687 ==> Batch (100/184)
2020-02-07 13:11:54,048 ==> Batch (150/184)
2020-02-07 13:12:00,058 ====> Building faiss index
2020-02-07 13:12:00,067 ====> Calculating recall @ N
2020-02-07 13:12:01,610 ====> Recall@1: 0.3323
2020-02-07 13:12:01,610 ====> Recall@2: 0.4197
2020-02-07 13:12:01,611 ====> Recall@3: 0.4685
2020-02-07 13:12:01,611 ====> Recall@4: 0.5087
2020-02-07 13:12:01,611 ====> Recall@5: 0.5419
2020-02-07 13:12:01,611 ====> Recall@10: 0.6313
2020-02-07 13:12:01,611 ====> Recall@15: 0.6924
2020-02-07 13:12:01,612 ====> Recall@20: 0.7337
2020-02-07 13:12:01,612 ====> Recall@25: 0.7649
2020-02-07 13:12:01,676 ====> Building Cache
2020-02-07 13:12:01,676 feature cache--->>> /home/annora/NetVLAD/output/train_feat_cache0.hdf5
2020-02-07 13:12:33,679 Allocated:30.78076171875 MB
2020-02-07 13:12:33,680 Cached:2862.5 MB
2020-02-07 13:13:26,120 ==> Epoch[23](50/610): Loss: 0.0435
2020-02-07 13:13:26,123 Allocated:32.78076171875 MB
2020-02-07 13:13:26,123 Cached:2935.25 MB
2020-02-07 13:13:42,739 ==> Epoch[23](100/610): Loss: 0.0095
2020-02-07 13:13:42,742 Allocated:32.78076171875 MB
2020-02-07 13:13:42,742 Cached:2936.25 MB
2020-02-07 13:14:01,567 ==> Epoch[23](150/610): Loss: 0.0202
2020-02-07 13:14:01,569 Allocated:32.78076171875 MB
2020-02-07 13:14:01,569 Cached:2936.25 MB
2020-02-07 13:14:18,576 ==> Epoch[23](200/610): Loss: 0.0348
2020-02-07 13:14:18,577 Allocated:32.78076171875 MB
2020-02-07 13:14:18,578 Cached:2936.25 MB
2020-02-07 13:14:20,122 ====> Building Cache
2020-02-07 13:14:20,124 feature cache--->>> /home/annora/NetVLAD/output/train_feat_cache0.hdf5
2020-02-07 13:15:04,162 Allocated:32.7802734375 MB
2020-02-07 13:15:04,162 Cached:2862.5 MB
2020-02-07 13:15:50,297 ==> Epoch[23](250/610): Loss: 0.0372
2020-02-07 13:15:50,311 Allocated:32.78076171875 MB
2020-02-07 13:15:50,312 Cached:5276.875 MB
2020-02-07 13:16:07,898 ==> Epoch[23](300/610): Loss: 0.0432
2020-02-07 13:16:07,900 Allocated:32.78076171875 MB
2020-02-07 13:16:07,901 Cached:9050.5 MB
2020-02-07 13:16:24,554 ==> Epoch[23](350/610): Loss: 0.0376
2020-02-07 13:16:24,557 Allocated:32.78076171875 MB
2020-02-07 13:16:24,557 Cached:9050.5 MB
2020-02-07 13:16:41,883 ==> Epoch[23](400/610): Loss: 0.0395
2020-02-07 13:16:41,885 Allocated:32.78076171875 MB
2020-02-07 13:16:41,886 Cached:9050.5 MB
2020-02-07 13:16:44,575 ====> Building Cache
2020-02-07 13:16:44,576 feature cache--->>> /home/annora/NetVLAD/output/train_feat_cache0.hdf5
2020-02-07 13:17:32,611 Allocated:32.7802734375 MB
2020-02-07 13:17:32,612 Cached:2863.5 MB
2020-02-07 13:18:20,408 ==> Epoch[23](450/610): Loss: 0.0349
2020-02-07 13:18:20,412 Allocated:32.78076171875 MB
2020-02-07 13:18:20,412 Cached:7588.25 MB
2020-02-07 13:18:35,548 ==> Epoch[23](500/610): Loss: 0.0203
2020-02-07 13:18:35,551 Allocated:32.78076171875 MB
2020-02-07 13:18:35,551 Cached:7588.25 MB
2020-02-07 13:18:49,279 ==> Epoch[23](550/610): Loss: 0.0382
2020-02-07 13:18:49,282 Allocated:32.78076171875 MB
2020-02-07 13:18:49,282 Cached:7588.25 MB
2020-02-07 13:19:06,762 ==> Epoch[23](600/610): Loss: 0.0639
2020-02-07 13:19:06,764 Allocated:32.78076171875 MB
2020-02-07 13:19:06,764 Cached:8834.75 MB
2020-02-07 13:19:10,196 ===> Epoch 23 Complete: Avg. Loss: 0.0459
2020-02-07 13:19:10,198 ====> Extracting Features
2020-02-07 13:19:31,174 ==> Batch (50/184)
2020-02-07 13:19:37,685 ==> Batch (100/184)
2020-02-07 13:19:43,897 ==> Batch (150/184)
2020-02-07 13:19:48,776 ====> Building faiss index
2020-02-07 13:19:48,784 ====> Calculating recall @ N
2020-02-07 13:19:50,376 ====> Recall@1: 0.3279
2020-02-07 13:19:50,377 ====> Recall@2: 0.4184
2020-02-07 13:19:50,378 ====> Recall@3: 0.4708
2020-02-07 13:19:50,378 ====> Recall@4: 0.5143
2020-02-07 13:19:50,378 ====> Recall@5: 0.5490
2020-02-07 13:19:50,379 ====> Recall@10: 0.6504
2020-02-07 13:19:50,379 ====> Recall@15: 0.7045
2020-02-07 13:19:50,379 ====> Recall@20: 0.7468
2020-02-07 13:19:50,379 ====> Recall@25: 0.7763
2020-02-07 13:19:50,445 ====> Building Cache
2020-02-07 13:19:50,445 feature cache--->>> /home/annora/NetVLAD/output/train_feat_cache0.hdf5
2020-02-07 13:20:27,433 Allocated:30.78076171875 MB
2020-02-07 13:20:27,434 Cached:2862.5 MB
2020-02-07 13:21:24,006 ==> Epoch[24](50/610): Loss: 0.0527
2020-02-07 13:21:24,009 Allocated:32.78076171875 MB
2020-02-07 13:21:24,009 Cached:7725.375 MB
2020-02-07 13:21:42,970 ==> Epoch[24](100/610): Loss: 0.0591
2020-02-07 13:21:42,973 Allocated:32.78076171875 MB
2020-02-07 13:21:42,973 Cached:4223.5 MB
2020-02-07 13:22:01,356 ==> Epoch[24](150/610): Loss: 0.0315
2020-02-07 13:22:01,359 Allocated:32.78076171875 MB
2020-02-07 13:22:01,359 Cached:4224.5 MB
2020-02-07 13:22:16,480 ==> Epoch[24](200/610): Loss: 0.0417
2020-02-07 13:22:16,482 Allocated:32.78076171875 MB
2020-02-07 13:22:16,483 Cached:4224.5 MB
2020-02-07 13:22:17,831 ====> Building Cache
2020-02-07 13:22:17,832 feature cache--->>> /home/annora/NetVLAD/output/train_feat_cache0.hdf5
2020-02-07 13:23:01,423 Allocated:32.7802734375 MB
2020-02-07 13:23:01,424 Cached:2862.5 MB
2020-02-07 13:23:57,546 ==> Epoch[24](250/610): Loss: 0.0616
2020-02-07 13:23:57,550 Allocated:32.78076171875 MB
2020-02-07 13:23:57,551 Cached:7747.625 MB
2020-02-07 13:24:15,310 ==> Epoch[24](300/610): Loss: 0.0349
2020-02-07 13:24:15,313 Allocated:32.78076171875 MB
2020-02-07 13:24:15,314 Cached:9003.75 MB
2020-02-07 13:24:34,315 ==> Epoch[24](350/610): Loss: 0.0139
2020-02-07 13:24:34,319 Allocated:32.78076171875 MB
2020-02-07 13:24:34,320 Cached:9003.75 MB
2020-02-07 13:24:53,633 ==> Epoch[24](400/610): Loss: 0.0101
2020-02-07 13:24:53,637 Allocated:32.78076171875 MB
2020-02-07 13:24:53,638 Cached:9003.75 MB
2020-02-07 13:24:56,333 ====> Building Cache
2020-02-07 13:24:56,334 feature cache--->>> /home/annora/NetVLAD/output/train_feat_cache0.hdf5
2020-02-07 13:25:39,237 Allocated:32.7802734375 MB
2020-02-07 13:25:39,237 Cached:2862.5 MB
2020-02-07 13:26:26,291 ==> Epoch[24](450/610): Loss: 0.0176
2020-02-07 13:26:26,293 Allocated:32.78076171875 MB
2020-02-07 13:26:26,294 Cached:5296.0 MB
2020-02-07 13:26:38,953 ==> Epoch[24](500/610): Loss: 0.0346
2020-02-07 13:26:38,955 Allocated:32.78076171875 MB
2020-02-07 13:26:38,956 Cached:5296.0 MB
2020-02-07 13:26:51,615 ==> Epoch[24](550/610): Loss: 0.0224
2020-02-07 13:26:51,618 Allocated:32.78076171875 MB
2020-02-07 13:26:51,618 Cached:5296.0 MB
2020-02-07 13:27:06,311 ==> Epoch[24](600/610): Loss: 0.0155
2020-02-07 13:27:06,313 Allocated:32.78076171875 MB
2020-02-07 13:27:06,314 Cached:5296.0 MB
2020-02-07 13:27:10,308 ===> Epoch 24 Complete: Avg. Loss: 0.0441
2020-02-07 13:27:10,309 ====> Extracting Features
2020-02-07 13:27:36,175 ==> Batch (50/184)
2020-02-07 13:27:46,315 ==> Batch (100/184)
2020-02-07 13:27:54,947 ==> Batch (150/184)
2020-02-07 13:27:59,808 ====> Building faiss index
2020-02-07 13:27:59,816 ====> Calculating recall @ N
2020-02-07 13:28:01,401 ====> Recall@1: 0.3281
2020-02-07 13:28:01,402 ====> Recall@2: 0.4122
2020-02-07 13:28:01,403 ====> Recall@3: 0.4685
2020-02-07 13:28:01,403 ====> Recall@4: 0.5060
2020-02-07 13:28:01,403 ====> Recall@5: 0.5385
2020-02-07 13:28:01,403 ====> Recall@10: 0.6376
2020-02-07 13:28:01,404 ====> Recall@15: 0.6964
2020-02-07 13:28:01,404 ====> Recall@20: 0.7405
2020-02-07 13:28:01,404 ====> Recall@25: 0.7674
2020-02-07 13:28:01,472 ====> Building Cache
2020-02-07 13:28:01,472 feature cache--->>> /home/annora/NetVLAD/output/train_feat_cache0.hdf5
2020-02-07 13:28:43,177 Allocated:30.78076171875 MB
2020-02-07 13:28:43,178 Cached:2862.5 MB
2020-02-07 13:29:35,727 ==> Epoch[25](50/610): Loss: 0.0674
2020-02-07 13:29:35,729 Allocated:32.78076171875 MB
2020-02-07 13:29:35,730 Cached:4193.0 MB
2020-02-07 13:29:50,352 ==> Epoch[25](100/610): Loss: 0.0702
2020-02-07 13:29:50,353 Allocated:32.78076171875 MB
2020-02-07 13:29:50,354 Cached:4193.0 MB
2020-02-07 13:30:03,795 ==> Epoch[25](150/610): Loss: 0.0604
2020-02-07 13:30:03,797 Allocated:32.78076171875 MB
2020-02-07 13:30:03,797 Cached:4194.0 MB
2020-02-07 13:30:17,781 ==> Epoch[25](200/610): Loss: 0.0148
2020-02-07 13:30:17,783 Allocated:32.78076171875 MB
2020-02-07 13:30:17,783 Cached:5501.375 MB
2020-02-07 13:30:19,281 ====> Building Cache
2020-02-07 13:30:19,282 feature cache--->>> /home/annora/NetVLAD/output/train_feat_cache0.hdf5
2020-02-07 13:31:03,777 Allocated:32.7802734375 MB
2020-02-07 13:31:03,777 Cached:2862.5 MB
2020-02-07 13:31:52,311 ==> Epoch[25](250/610): Loss: 0.0556
2020-02-07 13:31:52,313 Allocated:32.78076171875 MB
2020-02-07 13:31:52,314 Cached:6415.125 MB
2020-02-07 13:32:04,689 ==> Epoch[25](300/610): Loss: 0.0000
2020-02-07 13:32:04,690 Allocated:32.78076171875 MB
2020-02-07 13:32:04,690 Cached:7648.875 MB
2020-02-07 13:32:18,316 ==> Epoch[25](350/610): Loss: 0.0328
2020-02-07 13:32:18,318 Allocated:32.78076171875 MB
2020-02-07 13:32:18,319 Cached:7648.875 MB
2020-02-07 13:32:33,037 ==> Epoch[25](400/610): Loss: 0.0054
2020-02-07 13:32:33,039 Allocated:32.78076171875 MB
2020-02-07 13:32:33,039 Cached:7648.875 MB
2020-02-07 13:32:36,784 ====> Building Cache
2020-02-07 13:32:36,785 feature cache--->>> /home/annora/NetVLAD/output/train_feat_cache0.hdf5
2020-02-07 13:33:10,667 Allocated:32.7802734375 MB
2020-02-07 13:33:10,668 Cached:2863.5 MB
2020-02-07 13:33:59,366 ==> Epoch[25](450/610): Loss: 0.0363
2020-02-07 13:33:59,368 Allocated:32.78076171875 MB
2020-02-07 13:33:59,369 Cached:6389.5 MB
2020-02-07 13:34:15,345 ==> Epoch[25](500/610): Loss: 0.0172
2020-02-07 13:34:15,347 Allocated:32.78076171875 MB
2020-02-07 13:34:15,348 Cached:8815.625 MB
2020-02-07 13:34:31,288 ==> Epoch[25](550/610): Loss: 0.0120
2020-02-07 13:34:31,291 Allocated:32.78076171875 MB
2020-02-07 13:34:31,292 Cached:8815.625 MB
2020-02-07 13:34:46,535 ==> Epoch[25](600/610): Loss: 0.0238
2020-02-07 13:34:46,538 Allocated:32.78076171875 MB
2020-02-07 13:34:46,539 Cached:10036.625 MB
2020-02-07 13:34:49,802 ===> Epoch 25 Complete: Avg. Loss: 0.0386
2020-02-07 13:34:49,805 ====> Extracting Features
2020-02-07 13:35:14,730 ==> Batch (50/184)
2020-02-07 13:35:23,455 ==> Batch (100/184)
2020-02-07 13:35:33,051 ==> Batch (150/184)
2020-02-07 13:35:39,553 ====> Building faiss index
2020-02-07 13:35:39,566 ====> Calculating recall @ N
2020-02-07 13:35:41,243 ====> Recall@1: 0.3257
2020-02-07 13:35:41,243 ====> Recall@2: 0.4098
2020-02-07 13:35:41,244 ====> Recall@3: 0.4671
2020-02-07 13:35:41,244 ====> Recall@4: 0.5066
2020-02-07 13:35:41,244 ====> Recall@5: 0.5402
2020-02-07 13:35:41,244 ====> Recall@10: 0.6413
2020-02-07 13:35:41,245 ====> Recall@15: 0.6973
2020-02-07 13:35:41,245 ====> Recall@20: 0.7375
2020-02-07 13:35:41,245 ====> Recall@25: 0.7702
2020-02-07 13:35:41,316 ====> Building Cache
2020-02-07 13:35:41,316 feature cache--->>> /home/annora/NetVLAD/output/train_feat_cache0.hdf5
2020-02-07 13:36:19,483 Allocated:30.78076171875 MB
2020-02-07 13:36:19,484 Cached:2862.5 MB
2020-02-07 13:37:21,719 ==> Epoch[26](50/610): Loss: 0.0452
2020-02-07 13:37:21,721 Allocated:32.78076171875 MB
2020-02-07 13:37:21,721 Cached:7738.0 MB
2020-02-07 13:37:38,498 ==> Epoch[26](100/610): Loss: 0.0129
2020-02-07 13:37:38,499 Allocated:32.78076171875 MB
2020-02-07 13:37:38,500 Cached:7738.0 MB
2020-02-07 13:37:57,259 ==> Epoch[26](150/610): Loss: 0.0427
2020-02-07 13:37:57,261 Allocated:32.78076171875 MB
2020-02-07 13:37:57,261 Cached:5515.5 MB
2020-02-07 13:38:15,140 ==> Epoch[26](200/610): Loss: 0.0251
2020-02-07 13:38:15,142 Allocated:32.78076171875 MB
2020-02-07 13:38:15,142 Cached:5515.5 MB
2020-02-07 13:38:16,474 ====> Building Cache
2020-02-07 13:38:16,475 feature cache--->>> /home/annora/NetVLAD/output/train_feat_cache0.hdf5
2020-02-07 13:38:53,026 Allocated:32.7802734375 MB
2020-02-07 13:38:53,027 Cached:2862.5 MB
2020-02-07 13:39:33,269 ==> Epoch[26](250/610): Loss: 0.0652
2020-02-07 13:39:33,271 Allocated:32.78076171875 MB
2020-02-07 13:39:33,271 Cached:7667.875 MB
2020-02-07 13:39:49,614 ==> Epoch[26](300/610): Loss: 0.0207
2020-02-07 13:39:49,616 Allocated:32.78076171875 MB
2020-02-07 13:39:49,616 Cached:7667.875 MB
2020-02-07 13:40:03,493 ==> Epoch[26](350/610): Loss: 0.0352
2020-02-07 13:40:03,495 Allocated:32.78076171875 MB
2020-02-07 13:40:03,495 Cached:7667.875 MB
2020-02-07 13:40:15,463 ==> Epoch[26](400/610): Loss: 0.0343
2020-02-07 13:40:15,466 Allocated:32.78076171875 MB
2020-02-07 13:40:15,466 Cached:7667.875 MB
2020-02-07 13:40:17,807 ====> Building Cache
2020-02-07 13:40:17,808 feature cache--->>> /home/annora/NetVLAD/output/train_feat_cache0.hdf5
2020-02-07 13:41:02,917 Allocated:32.7802734375 MB
2020-02-07 13:41:02,917 Cached:2862.5 MB
2020-02-07 13:41:51,823 ==> Epoch[26](450/610): Loss: 0.0141
2020-02-07 13:41:51,826 Allocated:32.78076171875 MB
2020-02-07 13:41:51,827 Cached:5206.75 MB
2020-02-07 13:42:07,021 ==> Epoch[26](500/610): Loss: 0.0254
2020-02-07 13:42:07,023 Allocated:32.78076171875 MB
2020-02-07 13:42:07,024 Cached:5206.75 MB
2020-02-07 13:42:21,299 ==> Epoch[26](550/610): Loss: 0.0228
2020-02-07 13:42:21,301 Allocated:32.78076171875 MB
2020-02-07 13:42:21,301 Cached:5206.75 MB
2020-02-07 13:42:35,241 ==> Epoch[26](600/610): Loss: 0.0097
2020-02-07 13:42:35,243 Allocated:32.78076171875 MB
2020-02-07 13:42:35,243 Cached:7591.375 MB
2020-02-07 13:42:39,225 ===> Epoch 26 Complete: Avg. Loss: 0.0373
2020-02-07 13:42:39,227 ====> Extracting Features
2020-02-07 13:43:03,598 ==> Batch (50/184)
2020-02-07 13:43:13,564 ==> Batch (100/184)
2020-02-07 13:43:21,929 ==> Batch (150/184)
2020-02-07 13:43:27,838 ====> Building faiss index
2020-02-07 13:43:27,849 ====> Calculating recall @ N
2020-02-07 13:43:29,530 ====> Recall@1: 0.3185
2020-02-07 13:43:29,531 ====> Recall@2: 0.4023
2020-02-07 13:43:29,531 ====> Recall@3: 0.4556
2020-02-07 13:43:29,532 ====> Recall@4: 0.4991
2020-02-07 13:43:29,532 ====> Recall@5: 0.5277
2020-02-07 13:43:29,532 ====> Recall@10: 0.6338
2020-02-07 13:43:29,532 ====> Recall@15: 0.6914
2020-02-07 13:43:29,533 ====> Recall@20: 0.7311
2020-02-07 13:43:29,533 ====> Recall@25: 0.7650
2020-02-07 13:43:29,602 ====> Building Cache
2020-02-07 13:43:29,603 feature cache--->>> /home/annora/NetVLAD/output/train_feat_cache0.hdf5
2020-02-07 13:44:11,160 Allocated:30.78076171875 MB
2020-02-07 13:44:11,161 Cached:2862.5 MB
2020-02-07 13:45:05,973 ==> Epoch[27](50/610): Loss: 0.0919
2020-02-07 13:45:05,976 Allocated:32.78076171875 MB
2020-02-07 13:45:05,976 Cached:5289.625 MB
2020-02-07 13:45:21,878 ==> Epoch[27](100/610): Loss: 0.0478
2020-02-07 13:45:21,881 Allocated:32.78076171875 MB
2020-02-07 13:45:21,882 Cached:9108.25 MB
2020-02-07 13:45:35,533 ==> Epoch[27](150/610): Loss: 0.0446
2020-02-07 13:45:35,534 Allocated:32.78076171875 MB
2020-02-07 13:45:35,534 Cached:4224.5 MB
2020-02-07 13:45:48,926 ==> Epoch[27](200/610): Loss: 0.0178
2020-02-07 13:45:48,927 Allocated:32.78076171875 MB
2020-02-07 13:45:48,927 Cached:4224.5 MB
2020-02-07 13:45:50,246 ====> Building Cache
2020-02-07 13:45:50,247 feature cache--->>> /home/annora/NetVLAD/output/train_feat_cache0.hdf5
2020-02-07 13:46:28,687 Allocated:32.7802734375 MB
2020-02-07 13:46:28,688 Cached:2862.5 MB
2020-02-07 13:47:22,118 ==> Epoch[27](250/610): Loss: 0.0597
2020-02-07 13:47:22,122 Allocated:32.78076171875 MB
2020-02-07 13:47:22,122 Cached:7537.25 MB
2020-02-07 13:47:37,881 ==> Epoch[27](300/610): Loss: 0.0190
2020-02-07 13:47:37,885 Allocated:32.78076171875 MB
2020-02-07 13:47:37,886 Cached:7537.25 MB
2020-02-07 13:47:55,813 ==> Epoch[27](350/610): Loss: 0.0247
2020-02-07 13:47:55,816 Allocated:32.78076171875 MB
2020-02-07 13:47:55,817 Cached:7537.25 MB
2020-02-07 13:48:12,639 ==> Epoch[27](400/610): Loss: 0.0179
2020-02-07 13:48:12,641 Allocated:32.78076171875 MB
2020-02-07 13:48:12,641 Cached:7537.25 MB
2020-02-07 13:48:14,707 ====> Building Cache
2020-02-07 13:48:14,708 feature cache--->>> /home/annora/NetVLAD/output/train_feat_cache0.hdf5
2020-02-07 13:49:01,387 Allocated:32.7802734375 MB
2020-02-07 13:49:01,388 Cached:2862.5 MB
2020-02-07 13:49:47,553 ==> Epoch[27](450/610): Loss: 0.0103
2020-02-07 13:49:47,556 Allocated:32.78076171875 MB
2020-02-07 13:49:47,556 Cached:5127.125 MB
2020-02-07 13:50:03,101 ==> Epoch[27](500/610): Loss: 0.0201
2020-02-07 13:50:03,103 Allocated:32.78076171875 MB
2020-02-07 13:50:03,104 Cached:6351.375 MB
2020-02-07 13:50:17,753 ==> Epoch[27](550/610): Loss: 0.0093
2020-02-07 13:50:17,755 Allocated:32.78076171875 MB
2020-02-07 13:50:17,755 Cached:6351.375 MB
2020-02-07 13:50:32,088 ==> Epoch[27](600/610): Loss: 0.0401
2020-02-07 13:50:32,090 Allocated:32.78076171875 MB
2020-02-07 13:50:32,091 Cached:6351.375 MB
2020-02-07 13:50:35,847 ===> Epoch 27 Complete: Avg. Loss: 0.0346
2020-02-07 13:50:35,848 ====> Extracting Features
2020-02-07 13:51:00,241 ==> Batch (50/184)
2020-02-07 13:51:08,772 ==> Batch (100/184)
2020-02-07 13:51:15,015 ==> Batch (150/184)
2020-02-07 13:51:19,589 ====> Building faiss index
2020-02-07 13:51:19,596 ====> Calculating recall @ N
2020-02-07 13:51:21,157 ====> Recall@1: 0.3282
2020-02-07 13:51:21,157 ====> Recall@2: 0.4122
2020-02-07 13:51:21,158 ====> Recall@3: 0.4641
2020-02-07 13:51:21,158 ====> Recall@4: 0.5028
2020-02-07 13:51:21,158 ====> Recall@5: 0.5355
2020-02-07 13:51:21,159 ====> Recall@10: 0.6401
2020-02-07 13:51:21,159 ====> Recall@15: 0.6989
2020-02-07 13:51:21,159 ====> Recall@20: 0.7407
2020-02-07 13:51:21,159 ====> Recall@25: 0.7700
2020-02-07 13:51:21,217 Performance did not improve for 10 epochs. Stopping.
2020-02-07 13:51:21,217 => Best Recall@5: 0.5708
2020-02-07 13:56:21,315 Finished...