2020-01-09 17:09:01,912 Namespace(arch='alexnet', batchSize=12, cacheBatchSize=96, cachePath='/home/annora/NetVLAD/output/', cacheRefreshRate=3000, ckpt='best', contilearn=False, dataPath='/home/annora/NetVLAD/output/data/', dataset='robotcar', evalEvery=1, fromscratch=False, fromtask='/home/annora/NetVLAD/output/runs/2020-01-07-08-55-25_alexnet_max', lr=0.0001, lrGamma=0.5, lrStep=5, margin=0.1, mode='train', momentum=0.9, nEpochs=30, nGPU=1, nocuda=False, num_clusters=64, optim='SGD', patience=10, pooling='max', premodel='places', resume='', runsPath='/home/annora/NetVLAD/output/runs/', savePath='checkpoints', seed=123, split='val', start_epoch=0, threads=8, vladv2=False, weightDecay=0.001)
2020-01-09 17:09:01,987 trainfile ------>>>>>> oxRobocar_doubleN_train.mat
2020-01-09 17:09:01,987 ===> Loading dataset(s)
2020-01-09 17:09:05,060 ====> Training set: oxRobocar_doubleN_train.mat, query set count:: 6404
2020-01-09 17:09:05,180 ===> Evaluating on val set: oxRobocar_doubleN_val.mat, query count: 3450
2020-01-09 17:09:05,180 ===> Building model
2020-01-09 17:09:05,235 encoder moder:
AlexNet(
  (conv1): Sequential(
    (0): Conv2d(3, 64, kernel_size=(11, 11), stride=(4, 4), padding=(2, 2))
    (1): ReLU(inplace)
    (2): MaxPool2d(kernel_size=3, stride=2, padding=0, dilation=1, ceil_mode=False)
  )
  (conv2): Sequential(
    (0): Conv2d(64, 192, kernel_size=(5, 5), stride=(1, 1), padding=(2, 2))
    (1): ReLU(inplace)
    (2): MaxPool2d(kernel_size=3, stride=2, padding=0, dilation=1, ceil_mode=False)
  )
  (conv3): Sequential(
    (0): Conv2d(192, 384, kernel_size=(3, 3), stride=(1, 1), padding=(1, 1))
    (1): ReLU(inplace)
  )
  (conv4): Sequential(
    (0): Conv2d(384, 256, kernel_size=(3, 3), stride=(1, 1), padding=(1, 1))
    (1): ReLU(inplace)
  )
  (conv5): Sequential(
    (0): Conv2d(256, 256, kernel_size=(3, 3), stride=(1, 1), padding=(1, 1))
  )
)
2020-01-09 17:09:10,099 => loading checkpoint '/home/annora/NetVLAD/output/runs/2020-01-07-08-55-25_alexnet_max/checkpoints/model_best.pth.tar'
2020-01-09 17:09:10,157 => loaded checkpoint '/home/annora/NetVLAD/output/runs/2020-01-07-08-55-25_alexnet_max/checkpoints/model_best.pth.tar' 
2020-01-09 17:09:10,157 ===> Training model
2020-01-09 17:09:10,159 ===> Saving state to: /home/annora/NetVLAD/output/runs/2020-01-09-17-09-10_alexnet_max
2020-01-09 17:09:10,160 ====> Building Cache
2020-01-09 17:09:10,160 feature cache--->>> /home/annora/NetVLAD/output/train_feat_cache1.hdf5
2020-01-09 17:10:42,236 Allocated:11.59326171875 MB
2020-01-09 17:10:42,237 Cached:2776.125 MB
2020-01-09 17:11:56,788 ==> Epoch[1](50/534): Loss: 0.2311
2020-01-09 17:11:56,791 Allocated:32.78076171875 MB
2020-01-09 17:11:56,791 Cached:6652.125 MB
2020-01-09 17:12:31,693 ==> Epoch[1](100/534): Loss: 0.1844
2020-01-09 17:12:31,694 Allocated:32.78076171875 MB
2020-01-09 17:12:31,694 Cached:6652.125 MB
2020-01-09 17:13:06,586 ==> Epoch[1](150/534): Loss: 0.1829
2020-01-09 17:13:06,588 Allocated:32.78076171875 MB
2020-01-09 17:13:06,588 Cached:6652.125 MB
2020-01-09 17:13:28,274 ====> Building Cache
2020-01-09 17:13:28,275 feature cache--->>> /home/annora/NetVLAD/output/train_feat_cache1.hdf5
2020-01-09 17:14:59,265 Allocated:32.7802734375 MB
2020-01-09 17:14:59,265 Cached:2862.5 MB
2020-01-09 17:15:48,474 ==> Epoch[1](200/534): Loss: 0.2580
2020-01-09 17:15:48,476 Allocated:32.78076171875 MB
2020-01-09 17:15:48,476 Cached:6736.5 MB
2020-01-09 17:16:25,003 ==> Epoch[1](250/534): Loss: 0.2218
2020-01-09 17:16:25,005 Allocated:32.78076171875 MB
2020-01-09 17:16:25,006 Cached:6736.5 MB
2020-01-09 17:17:03,008 ==> Epoch[1](300/534): Loss: 0.1843
2020-01-09 17:17:03,010 Allocated:32.78076171875 MB
2020-01-09 17:17:03,010 Cached:6736.5 MB
2020-01-09 17:17:40,115 ==> Epoch[1](350/534): Loss: 0.2261
2020-01-09 17:17:40,117 Allocated:32.78076171875 MB
2020-01-09 17:17:40,118 Cached:6736.5 MB
2020-01-09 17:17:44,288 ====> Building Cache
2020-01-09 17:17:44,290 feature cache--->>> /home/annora/NetVLAD/output/train_feat_cache1.hdf5
2020-01-09 17:19:17,893 Allocated:32.7802734375 MB
2020-01-09 17:19:17,894 Cached:2862.5 MB
2020-01-09 17:20:22,176 ==> Epoch[1](400/534): Loss: 0.2170
2020-01-09 17:20:22,178 Allocated:32.78076171875 MB
2020-01-09 17:20:22,178 Cached:7995.75 MB
2020-01-09 17:20:56,684 ==> Epoch[1](450/534): Loss: 0.1573
2020-01-09 17:20:56,686 Allocated:32.78076171875 MB
2020-01-09 17:20:56,686 Cached:7995.75 MB
2020-01-09 17:21:32,371 ==> Epoch[1](500/534): Loss: 0.1731
2020-01-09 17:21:32,374 Allocated:32.78076171875 MB
2020-01-09 17:21:32,374 Cached:7995.75 MB
2020-01-09 17:22:00,927 ===> Epoch 1 Complete: Avg. Loss: 0.2012
2020-01-09 17:22:00,928 ====> Extracting Features
2020-01-09 17:22:39,707 ==> Batch (50/108)
2020-01-09 17:23:03,490 ==> Batch (100/108)
2020-01-09 17:23:07,289 ====> Building faiss index
2020-01-09 17:23:07,292 ====> Calculating recall @ N
2020-01-09 17:23:07,834 ====> Recall@1: 0.5557
2020-01-09 17:23:07,835 ====> Recall@2: 0.6110
2020-01-09 17:23:07,835 ====> Recall@3: 0.6362
2020-01-09 17:23:07,835 ====> Recall@4: 0.6559
2020-01-09 17:23:07,836 ====> Recall@5: 0.6667
2020-01-09 17:23:07,836 ====> Recall@10: 0.7052
2020-01-09 17:23:07,836 ====> Recall@15: 0.7278
2020-01-09 17:23:07,836 ====> Recall@20: 0.7432
2020-01-09 17:23:07,836 ====> Recall@25: 0.7528
2020-01-09 17:23:07,884 ====> Building Cache
2020-01-09 17:23:07,885 feature cache--->>> /home/annora/NetVLAD/output/train_feat_cache1.hdf5
2020-01-09 17:24:42,971 Allocated:30.78076171875 MB
2020-01-09 17:24:42,972 Cached:4189.75 MB
2020-01-09 17:25:48,624 ==> Epoch[2](50/534): Loss: 0.1092
2020-01-09 17:25:48,627 Allocated:32.78076171875 MB
2020-01-09 17:25:48,628 Cached:3883.625 MB
2020-01-09 17:26:23,714 ==> Epoch[2](100/534): Loss: 0.1235
2020-01-09 17:26:23,715 Allocated:32.78076171875 MB
2020-01-09 17:26:23,715 Cached:3884.625 MB
2020-01-09 17:26:57,571 ==> Epoch[2](150/534): Loss: 0.1485
2020-01-09 17:26:57,573 Allocated:32.78076171875 MB
2020-01-09 17:26:57,573 Cached:3884.625 MB
2020-01-09 17:27:17,644 ====> Building Cache
2020-01-09 17:27:17,645 feature cache--->>> /home/annora/NetVLAD/output/train_feat_cache1.hdf5
2020-01-09 17:28:56,617 Allocated:32.7802734375 MB
2020-01-09 17:28:56,618 Cached:2862.5 MB
2020-01-09 17:29:46,159 ==> Epoch[2](200/534): Loss: 0.2407
2020-01-09 17:29:46,161 Allocated:32.78076171875 MB
2020-01-09 17:29:46,162 Cached:6736.5 MB
2020-01-09 17:30:23,485 ==> Epoch[2](250/534): Loss: 0.1663
2020-01-09 17:30:23,487 Allocated:32.78076171875 MB
2020-01-09 17:30:23,488 Cached:6736.5 MB
2020-01-09 17:31:02,852 ==> Epoch[2](300/534): Loss: 0.1486
2020-01-09 17:31:02,854 Allocated:32.78076171875 MB
2020-01-09 17:31:02,855 Cached:6736.5 MB
2020-01-09 17:31:37,044 ==> Epoch[2](350/534): Loss: 0.1515
2020-01-09 17:31:37,046 Allocated:32.78076171875 MB
2020-01-09 17:31:37,046 Cached:6736.5 MB
2020-01-09 17:31:42,349 ====> Building Cache
2020-01-09 17:31:42,350 feature cache--->>> /home/annora/NetVLAD/output/train_feat_cache1.hdf5
2020-01-09 17:33:12,526 Allocated:32.7802734375 MB
2020-01-09 17:33:12,527 Cached:2862.5 MB
2020-01-09 17:34:16,954 ==> Epoch[2](400/534): Loss: 0.1247
2020-01-09 17:34:16,956 Allocated:32.78076171875 MB
2020-01-09 17:34:16,956 Cached:9259.25 MB
2020-01-09 17:34:49,493 ==> Epoch[2](450/534): Loss: 0.0680
2020-01-09 17:34:49,496 Allocated:32.78076171875 MB
2020-01-09 17:34:49,497 Cached:9259.25 MB
2020-01-09 17:35:22,670 ==> Epoch[2](500/534): Loss: 0.0914
2020-01-09 17:35:22,672 Allocated:32.78076171875 MB
2020-01-09 17:35:22,673 Cached:9259.25 MB
2020-01-09 17:35:45,900 ===> Epoch 2 Complete: Avg. Loss: 0.1459
2020-01-09 17:35:45,902 ====> Extracting Features
2020-01-09 17:36:25,344 ==> Batch (50/108)
2020-01-09 17:36:50,278 ==> Batch (100/108)
2020-01-09 17:36:54,374 ====> Building faiss index
2020-01-09 17:36:54,376 ====> Calculating recall @ N
2020-01-09 17:36:55,027 ====> Recall@1: 0.5559
2020-01-09 17:36:55,028 ====> Recall@2: 0.6061
2020-01-09 17:36:55,028 ====> Recall@3: 0.6345
2020-01-09 17:36:55,028 ====> Recall@4: 0.6525
2020-01-09 17:36:55,029 ====> Recall@5: 0.6638
2020-01-09 17:36:55,029 ====> Recall@10: 0.7032
2020-01-09 17:36:55,029 ====> Recall@15: 0.7287
2020-01-09 17:36:55,029 ====> Recall@20: 0.7435
2020-01-09 17:36:55,029 ====> Recall@25: 0.7551
2020-01-09 17:36:55,087 ====> Building Cache
2020-01-09 17:36:55,087 feature cache--->>> /home/annora/NetVLAD/output/train_feat_cache1.hdf5
2020-01-09 17:38:27,271 Allocated:30.78076171875 MB
2020-01-09 17:38:27,271 Cached:4189.75 MB
2020-01-09 17:39:41,529 ==> Epoch[3](50/534): Loss: 0.0680
2020-01-09 17:39:41,533 Allocated:32.78076171875 MB
2020-01-09 17:39:41,533 Cached:2290.25 MB
2020-01-09 17:40:18,478 ==> Epoch[3](100/534): Loss: 0.0842
2020-01-09 17:40:18,480 Allocated:32.78076171875 MB
2020-01-09 17:40:18,481 Cached:4885.875 MB
2020-01-09 17:40:55,262 ==> Epoch[3](150/534): Loss: 0.1122
2020-01-09 17:40:55,265 Allocated:32.78076171875 MB
2020-01-09 17:40:55,265 Cached:4885.875 MB
2020-01-09 17:41:15,037 ====> Building Cache
2020-01-09 17:41:15,038 feature cache--->>> /home/annora/NetVLAD/output/train_feat_cache1.hdf5
2020-01-09 17:42:49,552 Allocated:32.7802734375 MB
2020-01-09 17:42:49,553 Cached:2862.5 MB
2020-01-09 17:43:38,513 ==> Epoch[3](200/534): Loss: 0.1625
2020-01-09 17:43:38,516 Allocated:32.78076171875 MB
2020-01-09 17:43:38,517 Cached:2935.25 MB
2020-01-09 17:44:12,067 ==> Epoch[3](250/534): Loss: 0.1633
2020-01-09 17:44:12,071 Allocated:32.78076171875 MB
2020-01-09 17:44:12,071 Cached:2936.25 MB
2020-01-09 17:44:49,057 ==> Epoch[3](300/534): Loss: 0.2030
2020-01-09 17:44:49,059 Allocated:32.78076171875 MB
2020-01-09 17:44:49,059 Cached:2936.25 MB
2020-01-09 17:45:20,914 ==> Epoch[3](350/534): Loss: 0.1172
2020-01-09 17:45:20,916 Allocated:32.78076171875 MB
2020-01-09 17:45:20,916 Cached:2936.25 MB
2020-01-09 17:45:25,643 ====> Building Cache
2020-01-09 17:45:25,644 feature cache--->>> /home/annora/NetVLAD/output/train_feat_cache1.hdf5
2020-01-09 17:47:01,158 Allocated:32.7802734375 MB
2020-01-09 17:47:01,158 Cached:2862.5 MB
2020-01-09 17:47:56,479 ==> Epoch[3](400/534): Loss: 0.1277
2020-01-09 17:47:56,481 Allocated:32.78076171875 MB
2020-01-09 17:47:56,481 Cached:8939.875 MB
2020-01-09 17:48:25,511 ==> Epoch[3](450/534): Loss: 0.0502
2020-01-09 17:48:25,513 Allocated:32.78076171875 MB
2020-01-09 17:48:25,514 Cached:8607.75 MB
2020-01-09 17:49:00,404 ==> Epoch[3](500/534): Loss: 0.0667
2020-01-09 17:49:00,406 Allocated:32.78076171875 MB
2020-01-09 17:49:00,407 Cached:8607.75 MB
2020-01-09 17:49:20,872 ===> Epoch 3 Complete: Avg. Loss: 0.1092
2020-01-09 17:49:20,873 ====> Extracting Features
2020-01-09 17:49:57,956 ==> Batch (50/108)
2020-01-09 17:50:20,795 ==> Batch (100/108)
2020-01-09 17:50:24,153 ====> Building faiss index
2020-01-09 17:50:24,155 ====> Calculating recall @ N
2020-01-09 17:50:24,622 ====> Recall@1: 0.5693
2020-01-09 17:50:24,623 ====> Recall@2: 0.6226
2020-01-09 17:50:24,623 ====> Recall@3: 0.6496
2020-01-09 17:50:24,624 ====> Recall@4: 0.6661
2020-01-09 17:50:24,624 ====> Recall@5: 0.6791
2020-01-09 17:50:24,624 ====> Recall@10: 0.7203
2020-01-09 17:50:24,624 ====> Recall@15: 0.7400
2020-01-09 17:50:24,624 ====> Recall@20: 0.7536
2020-01-09 17:50:24,625 ====> Recall@25: 0.7612
2020-01-09 17:50:24,738 ====> Building Cache
2020-01-09 17:50:24,739 feature cache--->>> /home/annora/NetVLAD/output/train_feat_cache1.hdf5
2020-01-09 17:51:54,436 Allocated:30.78076171875 MB
2020-01-09 17:51:54,436 Cached:4189.75 MB
2020-01-09 17:52:55,346 ==> Epoch[4](50/534): Loss: 0.1057
2020-01-09 17:52:55,348 Allocated:32.78076171875 MB
2020-01-09 17:52:55,349 Cached:3486.25 MB
2020-01-09 17:53:25,559 ==> Epoch[4](100/534): Loss: 0.0782
2020-01-09 17:53:25,561 Allocated:32.78076171875 MB
2020-01-09 17:53:25,561 Cached:3486.25 MB
2020-01-09 17:53:49,085 ==> Epoch[4](150/534): Loss: 0.0403
2020-01-09 17:53:49,087 Allocated:32.78076171875 MB
2020-01-09 17:53:49,088 Cached:3486.25 MB
2020-01-09 17:54:05,120 ====> Building Cache
2020-01-09 17:54:05,122 feature cache--->>> /home/annora/NetVLAD/output/train_feat_cache1.hdf5
2020-01-09 17:55:40,005 Allocated:32.7802734375 MB
2020-01-09 17:55:40,006 Cached:2862.5 MB
2020-01-09 17:56:22,036 ==> Epoch[4](200/534): Loss: 0.0949
2020-01-09 17:56:22,039 Allocated:32.78076171875 MB
2020-01-09 17:56:22,039 Cached:6544.75 MB
2020-01-09 17:56:52,973 ==> Epoch[4](250/534): Loss: 0.1133
2020-01-09 17:56:52,974 Allocated:32.78076171875 MB
2020-01-09 17:56:52,975 Cached:5504.625 MB
2020-01-09 17:57:21,431 ==> Epoch[4](300/534): Loss: 0.1901
2020-01-09 17:57:21,433 Allocated:32.78076171875 MB
2020-01-09 17:57:21,433 Cached:5504.625 MB
2020-01-09 17:57:50,165 ==> Epoch[4](350/534): Loss: 0.0895
2020-01-09 17:57:50,167 Allocated:32.78076171875 MB
2020-01-09 17:57:50,167 Cached:5504.625 MB
2020-01-09 17:57:52,124 ====> Building Cache
2020-01-09 17:57:52,125 feature cache--->>> /home/annora/NetVLAD/output/train_feat_cache1.hdf5
2020-01-09 17:59:26,960 Allocated:32.7802734375 MB
2020-01-09 17:59:26,960 Cached:2862.5 MB
2020-01-09 18:00:19,132 ==> Epoch[4](400/534): Loss: 0.0975
2020-01-09 18:00:19,134 Allocated:32.78076171875 MB
2020-01-09 18:00:19,135 Cached:7584.0 MB
2020-01-09 18:00:42,697 ==> Epoch[4](450/534): Loss: 0.1225
2020-01-09 18:00:42,699 Allocated:32.78076171875 MB
2020-01-09 18:00:42,699 Cached:8798.625 MB
2020-01-09 18:01:08,386 ==> Epoch[4](500/534): Loss: 0.0998
2020-01-09 18:01:08,388 Allocated:32.78076171875 MB
2020-01-09 18:01:08,389 Cached:8798.625 MB
2020-01-09 18:01:26,390 ===> Epoch 4 Complete: Avg. Loss: 0.0910
2020-01-09 18:01:26,391 ====> Extracting Features
2020-01-09 18:02:04,535 ==> Batch (50/108)
2020-01-09 18:02:27,401 ==> Batch (100/108)
2020-01-09 18:02:31,274 ====> Building faiss index
2020-01-09 18:02:31,277 ====> Calculating recall @ N
2020-01-09 18:02:31,823 ====> Recall@1: 0.5571
2020-01-09 18:02:31,823 ====> Recall@2: 0.6142
2020-01-09 18:02:31,824 ====> Recall@3: 0.6435
2020-01-09 18:02:31,824 ====> Recall@4: 0.6600
2020-01-09 18:02:31,824 ====> Recall@5: 0.6733
2020-01-09 18:02:31,825 ====> Recall@10: 0.7090
2020-01-09 18:02:31,825 ====> Recall@15: 0.7301
2020-01-09 18:02:31,825 ====> Recall@20: 0.7452
2020-01-09 18:02:31,825 ====> Recall@25: 0.7551
2020-01-09 18:02:31,889 ====> Building Cache
2020-01-09 18:02:31,890 feature cache--->>> /home/annora/NetVLAD/output/train_feat_cache1.hdf5
2020-01-09 18:04:01,955 Allocated:30.78076171875 MB
2020-01-09 18:04:01,956 Cached:4189.75 MB
2020-01-09 18:04:54,303 ==> Epoch[5](50/534): Loss: 0.0714
2020-01-09 18:04:54,304 Allocated:32.78076171875 MB
2020-01-09 18:04:54,305 Cached:6539.375 MB
2020-01-09 18:05:17,157 ==> Epoch[5](100/534): Loss: 0.0728
2020-01-09 18:05:17,159 Allocated:32.78076171875 MB
2020-01-09 18:05:17,159 Cached:7766.75 MB
2020-01-09 18:05:36,861 ==> Epoch[5](150/534): Loss: 0.0464
2020-01-09 18:05:36,863 Allocated:32.78076171875 MB
2020-01-09 18:05:36,863 Cached:9001.5 MB
2020-01-09 18:05:48,390 ====> Building Cache
2020-01-09 18:05:48,391 feature cache--->>> /home/annora/NetVLAD/output/train_feat_cache1.hdf5
2020-01-09 18:07:23,589 Allocated:32.7802734375 MB
2020-01-09 18:07:23,589 Cached:2862.5 MB
2020-01-09 18:08:07,774 ==> Epoch[5](200/534): Loss: 0.1963
2020-01-09 18:08:07,776 Allocated:32.78076171875 MB
2020-01-09 18:08:07,776 Cached:8818.875 MB
2020-01-09 18:08:32,128 ==> Epoch[5](250/534): Loss: 0.0841
2020-01-09 18:08:32,129 Allocated:32.78076171875 MB
2020-01-09 18:08:32,129 Cached:10065.375 MB
2020-01-09 18:08:59,196 ==> Epoch[5](300/534): Loss: 0.1368
2020-01-09 18:08:59,198 Allocated:32.78076171875 MB
2020-01-09 18:08:59,199 Cached:10065.375 MB
2020-01-09 18:09:23,005 ==> Epoch[5](350/534): Loss: 0.0877
2020-01-09 18:09:23,007 Allocated:32.78076171875 MB
2020-01-09 18:09:23,007 Cached:10065.375 MB
2020-01-09 18:09:24,631 ====> Building Cache
2020-01-09 18:09:24,632 feature cache--->>> /home/annora/NetVLAD/output/train_feat_cache1.hdf5
2020-01-09 18:10:55,364 Allocated:32.7802734375 MB
2020-01-09 18:10:55,364 Cached:2862.5 MB
2020-01-09 18:11:50,985 ==> Epoch[5](400/534): Loss: 0.0806
2020-01-09 18:11:50,987 Allocated:32.78076171875 MB
2020-01-09 18:11:50,988 Cached:4042.125 MB
2020-01-09 18:12:12,385 ==> Epoch[5](450/534): Loss: 0.1243
2020-01-09 18:12:12,387 Allocated:32.78076171875 MB
2020-01-09 18:12:12,387 Cached:4043.125 MB
2020-01-09 18:12:31,536 ==> Epoch[5](500/534): Loss: 0.0947
2020-01-09 18:12:31,537 Allocated:32.78076171875 MB
2020-01-09 18:12:31,538 Cached:4043.125 MB
2020-01-09 18:12:46,526 ===> Epoch 5 Complete: Avg. Loss: 0.0979
2020-01-09 18:12:46,528 ====> Extracting Features
2020-01-09 18:13:24,891 ==> Batch (50/108)
2020-01-09 18:13:49,630 ==> Batch (100/108)
2020-01-09 18:13:54,260 ====> Building faiss index
2020-01-09 18:13:54,262 ====> Calculating recall @ N
2020-01-09 18:13:54,789 ====> Recall@1: 0.5652
2020-01-09 18:13:54,790 ====> Recall@2: 0.6148
2020-01-09 18:13:54,791 ====> Recall@3: 0.6403
2020-01-09 18:13:54,791 ====> Recall@4: 0.6568
2020-01-09 18:13:54,791 ====> Recall@5: 0.6725
2020-01-09 18:13:54,791 ====> Recall@10: 0.7090
2020-01-09 18:13:54,792 ====> Recall@15: 0.7261
2020-01-09 18:13:54,792 ====> Recall@20: 0.7426
2020-01-09 18:13:54,792 ====> Recall@25: 0.7530
2020-01-09 18:13:54,858 ====> Building Cache
2020-01-09 18:13:54,858 feature cache--->>> /home/annora/NetVLAD/output/train_feat_cache1.hdf5
2020-01-09 18:15:26,850 Allocated:30.78076171875 MB
2020-01-09 18:15:26,850 Cached:4189.75 MB
2020-01-09 18:16:14,134 ==> Epoch[6](50/534): Loss: 0.0836
2020-01-09 18:16:14,136 Allocated:32.78076171875 MB
2020-01-09 18:16:14,136 Cached:4189.75 MB
2020-01-09 18:16:34,669 ==> Epoch[6](100/534): Loss: 0.0668
2020-01-09 18:16:34,672 Allocated:32.78076171875 MB
2020-01-09 18:16:34,673 Cached:4189.75 MB
2020-01-09 18:16:51,672 ==> Epoch[6](150/534): Loss: 0.0708
2020-01-09 18:16:51,673 Allocated:32.78076171875 MB
2020-01-09 18:16:51,674 Cached:6510.75 MB
2020-01-09 18:17:02,205 ====> Building Cache
2020-01-09 18:17:02,206 feature cache--->>> /home/annora/NetVLAD/output/train_feat_cache1.hdf5
2020-01-09 18:18:36,643 Allocated:32.7802734375 MB
2020-01-09 18:18:36,643 Cached:2862.5 MB
2020-01-09 18:19:18,911 ==> Epoch[6](200/534): Loss: 0.1758
2020-01-09 18:19:18,913 Allocated:32.78076171875 MB
2020-01-09 18:19:18,913 Cached:5210.0 MB
2020-01-09 18:19:44,093 ==> Epoch[6](250/534): Loss: 0.1052
2020-01-09 18:19:44,095 Allocated:32.78076171875 MB
2020-01-09 18:19:44,095 Cached:5210.0 MB
2020-01-09 18:20:06,344 ==> Epoch[6](300/534): Loss: 0.2477
2020-01-09 18:20:06,346 Allocated:32.78076171875 MB
2020-01-09 18:20:06,347 Cached:9084.0 MB
2020-01-09 18:20:30,105 ==> Epoch[6](350/534): Loss: 0.2167
2020-01-09 18:20:30,106 Allocated:32.78076171875 MB
2020-01-09 18:20:30,107 Cached:9084.0 MB
2020-01-09 18:20:32,000 ====> Building Cache
2020-01-09 18:20:32,001 feature cache--->>> /home/annora/NetVLAD/output/train_feat_cache1.hdf5
2020-01-09 18:22:03,010 Allocated:32.7802734375 MB
2020-01-09 18:22:03,010 Cached:2862.5 MB
2020-01-09 18:22:51,796 ==> Epoch[6](400/534): Loss: 0.0767
2020-01-09 18:22:51,798 Allocated:32.78076171875 MB
2020-01-09 18:22:51,798 Cached:2863.5 MB
2020-01-09 18:23:09,583 ==> Epoch[6](450/534): Loss: 0.0936
2020-01-09 18:23:09,585 Allocated:32.78076171875 MB
2020-01-09 18:23:09,585 Cached:2863.5 MB
2020-01-09 18:23:29,046 ==> Epoch[6](500/534): Loss: 0.0876
2020-01-09 18:23:29,048 Allocated:32.78076171875 MB
2020-01-09 18:23:29,048 Cached:4017.625 MB
2020-01-09 18:23:43,689 ===> Epoch 6 Complete: Avg. Loss: 0.0969
2020-01-09 18:23:43,691 ====> Extracting Features
2020-01-09 18:24:24,676 ==> Batch (50/108)
2020-01-09 18:24:48,835 ==> Batch (100/108)
2020-01-09 18:24:52,178 ====> Building faiss index
2020-01-09 18:24:52,179 ====> Calculating recall @ N
2020-01-09 18:24:52,669 ====> Recall@1: 0.5620
2020-01-09 18:24:52,669 ====> Recall@2: 0.6101
2020-01-09 18:24:52,670 ====> Recall@3: 0.6362
2020-01-09 18:24:52,670 ====> Recall@4: 0.6551
2020-01-09 18:24:52,670 ====> Recall@5: 0.6678
2020-01-09 18:24:52,670 ====> Recall@10: 0.7081
2020-01-09 18:24:52,670 ====> Recall@15: 0.7238
2020-01-09 18:24:52,671 ====> Recall@20: 0.7354
2020-01-09 18:24:52,671 ====> Recall@25: 0.7455
2020-01-09 18:24:52,726 ====> Building Cache
2020-01-09 18:24:52,726 feature cache--->>> /home/annora/NetVLAD/output/train_feat_cache1.hdf5
2020-01-09 18:26:23,381 Allocated:30.78076171875 MB
2020-01-09 18:26:23,381 Cached:4189.75 MB
2020-01-09 18:27:11,776 ==> Epoch[7](50/534): Loss: 0.0805
2020-01-09 18:27:11,778 Allocated:32.78076171875 MB
2020-01-09 18:27:11,778 Cached:5318.375 MB
2020-01-09 18:27:29,049 ==> Epoch[7](100/534): Loss: 0.0820
2020-01-09 18:27:29,051 Allocated:32.78076171875 MB
2020-01-09 18:27:29,051 Cached:5318.375 MB
2020-01-09 18:27:46,677 ==> Epoch[7](150/534): Loss: 0.0370
2020-01-09 18:27:46,679 Allocated:32.78076171875 MB
2020-01-09 18:27:46,679 Cached:7613.75 MB
2020-01-09 18:27:55,287 ====> Building Cache
2020-01-09 18:27:55,287 feature cache--->>> /home/annora/NetVLAD/output/train_feat_cache1.hdf5
2020-01-09 18:29:25,592 Allocated:32.7802734375 MB
2020-01-09 18:29:25,593 Cached:2862.5 MB
2020-01-09 18:30:10,232 ==> Epoch[7](200/534): Loss: 0.2130
2020-01-09 18:30:10,234 Allocated:32.78076171875 MB
2020-01-09 18:30:10,234 Cached:5215.375 MB
2020-01-09 18:30:30,523 ==> Epoch[7](250/534): Loss: 0.0481
2020-01-09 18:30:30,525 Allocated:32.78076171875 MB
2020-01-09 18:30:30,525 Cached:5216.375 MB
2020-01-09 18:30:53,919 ==> Epoch[7](300/534): Loss: 0.1301
2020-01-09 18:30:53,920 Allocated:32.78076171875 MB
2020-01-09 18:30:53,920 Cached:6399.125 MB
2020-01-09 18:31:15,234 ==> Epoch[7](350/534): Loss: 0.1462
2020-01-09 18:31:15,236 Allocated:32.78076171875 MB
2020-01-09 18:31:15,236 Cached:6399.125 MB
2020-01-09 18:31:17,145 ====> Building Cache
2020-01-09 18:31:17,146 feature cache--->>> /home/annora/NetVLAD/output/train_feat_cache1.hdf5
2020-01-09 18:32:50,708 Allocated:32.7802734375 MB
2020-01-09 18:32:50,709 Cached:2862.5 MB
2020-01-09 18:33:37,468 ==> Epoch[7](400/534): Loss: 0.0718
2020-01-09 18:33:37,471 Allocated:32.78076171875 MB
2020-01-09 18:33:37,471 Cached:2863.5 MB
2020-01-09 18:33:52,640 ==> Epoch[7](450/534): Loss: 0.0703
2020-01-09 18:33:52,642 Allocated:32.78076171875 MB
2020-01-09 18:33:52,643 Cached:2863.5 MB
2020-01-09 18:34:10,580 ==> Epoch[7](500/534): Loss: 0.0653
2020-01-09 18:34:10,582 Allocated:32.78076171875 MB
2020-01-09 18:34:10,582 Cached:2863.5 MB
2020-01-09 18:34:23,060 ===> Epoch 7 Complete: Avg. Loss: 0.0983
2020-01-09 18:34:23,061 ====> Extracting Features
2020-01-09 18:34:59,847 ==> Batch (50/108)
2020-01-09 18:35:22,835 ==> Batch (100/108)
2020-01-09 18:35:26,296 ====> Building faiss index
2020-01-09 18:35:26,298 ====> Calculating recall @ N
2020-01-09 18:35:26,800 ====> Recall@1: 0.5635
2020-01-09 18:35:26,800 ====> Recall@2: 0.6113
2020-01-09 18:35:26,801 ====> Recall@3: 0.6336
2020-01-09 18:35:26,801 ====> Recall@4: 0.6530
2020-01-09 18:35:26,802 ====> Recall@5: 0.6696
2020-01-09 18:35:26,802 ====> Recall@10: 0.7087
2020-01-09 18:35:26,802 ====> Recall@15: 0.7255
2020-01-09 18:35:26,802 ====> Recall@20: 0.7351
2020-01-09 18:35:26,802 ====> Recall@25: 0.7461
2020-01-09 18:35:26,859 ====> Building Cache
2020-01-09 18:35:26,860 feature cache--->>> /home/annora/NetVLAD/output/train_feat_cache1.hdf5
2020-01-09 18:37:02,530 Allocated:30.78076171875 MB
2020-01-09 18:37:02,530 Cached:4189.75 MB
2020-01-09 18:37:50,816 ==> Epoch[8](50/534): Loss: 0.0516
2020-01-09 18:37:50,818 Allocated:32.78076171875 MB
2020-01-09 18:37:50,818 Cached:5324.75 MB
2020-01-09 18:38:06,652 ==> Epoch[8](100/534): Loss: 0.0673
2020-01-09 18:38:06,653 Allocated:32.78076171875 MB
2020-01-09 18:38:06,653 Cached:5324.75 MB
2020-01-09 18:38:23,212 ==> Epoch[8](150/534): Loss: 0.0925
2020-01-09 18:38:23,214 Allocated:32.78076171875 MB
2020-01-09 18:38:23,214 Cached:5325.75 MB
2020-01-09 18:38:33,581 ====> Building Cache
2020-01-09 18:38:33,581 feature cache--->>> /home/annora/NetVLAD/output/train_feat_cache1.hdf5
2020-01-09 18:40:09,288 Allocated:32.7802734375 MB
2020-01-09 18:40:09,289 Cached:2862.5 MB
2020-01-09 18:40:49,539 ==> Epoch[8](200/534): Loss: 0.1478
2020-01-09 18:40:49,541 Allocated:32.78076171875 MB
2020-01-09 18:40:49,541 Cached:3995.25 MB
2020-01-09 18:41:10,562 ==> Epoch[8](250/534): Loss: 0.2296
2020-01-09 18:41:10,564 Allocated:32.78076171875 MB
2020-01-09 18:41:10,564 Cached:7448.0 MB
2020-01-09 18:41:33,490 ==> Epoch[8](300/534): Loss: 0.3190
2020-01-09 18:41:33,491 Allocated:32.78076171875 MB
2020-01-09 18:41:33,491 Cached:8611.625 MB
2020-01-09 18:41:51,627 ==> Epoch[8](350/534): Loss: 0.0494
2020-01-09 18:41:51,629 Allocated:32.78076171875 MB
2020-01-09 18:41:51,629 Cached:8611.625 MB
2020-01-09 18:41:54,239 ====> Building Cache
2020-01-09 18:41:54,239 feature cache--->>> /home/annora/NetVLAD/output/train_feat_cache1.hdf5
2020-01-09 18:43:29,634 Allocated:32.7802734375 MB
2020-01-09 18:43:29,635 Cached:2862.5 MB
2020-01-09 18:44:15,424 ==> Epoch[8](400/534): Loss: 0.1040
2020-01-09 18:44:15,426 Allocated:32.78076171875 MB
2020-01-09 18:44:15,427 Cached:2863.5 MB
2020-01-09 18:44:30,632 ==> Epoch[8](450/534): Loss: 0.0548
2020-01-09 18:44:30,633 Allocated:32.78076171875 MB
2020-01-09 18:44:30,633 Cached:2863.5 MB
2020-01-09 18:44:45,571 ==> Epoch[8](500/534): Loss: 0.0384
2020-01-09 18:44:45,573 Allocated:32.78076171875 MB
2020-01-09 18:44:45,573 Cached:2863.5 MB
2020-01-09 18:44:57,634 ===> Epoch 8 Complete: Avg. Loss: 0.0942
2020-01-09 18:44:57,636 ====> Extracting Features
2020-01-09 18:45:38,299 ==> Batch (50/108)
2020-01-09 18:46:00,426 ==> Batch (100/108)
2020-01-09 18:46:04,069 ====> Building faiss index
2020-01-09 18:46:04,071 ====> Calculating recall @ N
2020-01-09 18:46:04,546 ====> Recall@1: 0.5661
2020-01-09 18:46:04,547 ====> Recall@2: 0.6157
2020-01-09 18:46:04,547 ====> Recall@3: 0.6391
2020-01-09 18:46:04,547 ====> Recall@4: 0.6588
2020-01-09 18:46:04,547 ====> Recall@5: 0.6713
2020-01-09 18:46:04,548 ====> Recall@10: 0.7084
2020-01-09 18:46:04,548 ====> Recall@15: 0.7252
2020-01-09 18:46:04,548 ====> Recall@20: 0.7365
2020-01-09 18:46:04,548 ====> Recall@25: 0.7464
2020-01-09 18:46:04,605 ====> Building Cache
2020-01-09 18:46:04,605 feature cache--->>> /home/annora/NetVLAD/output/train_feat_cache1.hdf5
2020-01-09 18:47:31,881 Allocated:30.78076171875 MB
2020-01-09 18:47:31,881 Cached:4189.75 MB
2020-01-09 18:48:15,929 ==> Epoch[9](50/534): Loss: 0.0081
2020-01-09 18:48:15,931 Allocated:32.78076171875 MB
2020-01-09 18:48:15,931 Cached:4189.75 MB
2020-01-09 18:48:31,734 ==> Epoch[9](100/534): Loss: 0.0534
2020-01-09 18:48:31,736 Allocated:32.78076171875 MB
2020-01-09 18:48:31,736 Cached:4189.75 MB
2020-01-09 18:48:47,994 ==> Epoch[9](150/534): Loss: 0.0478
2020-01-09 18:48:47,996 Allocated:32.78076171875 MB
2020-01-09 18:48:47,996 Cached:5347.0 MB
2020-01-09 18:48:56,993 ====> Building Cache
2020-01-09 18:48:56,994 feature cache--->>> /home/annora/NetVLAD/output/train_feat_cache1.hdf5
2020-01-09 18:50:31,012 Allocated:32.7802734375 MB
2020-01-09 18:50:31,012 Cached:2862.5 MB
2020-01-09 18:51:10,032 ==> Epoch[9](200/534): Loss: 0.0718
2020-01-09 18:51:10,034 Allocated:32.78076171875 MB
2020-01-09 18:51:10,034 Cached:2862.5 MB
2020-01-09 18:51:30,418 ==> Epoch[9](250/534): Loss: 0.1953
2020-01-09 18:51:30,420 Allocated:32.78076171875 MB
2020-01-09 18:51:30,420 Cached:5146.125 MB
2020-01-09 18:51:52,181 ==> Epoch[9](300/534): Loss: 0.0447
2020-01-09 18:51:52,182 Allocated:32.78076171875 MB
2020-01-09 18:51:52,182 Cached:7499.0 MB
2020-01-09 18:52:11,670 ==> Epoch[9](350/534): Loss: 0.1091
2020-01-09 18:52:11,671 Allocated:32.78076171875 MB
2020-01-09 18:52:11,671 Cached:7499.0 MB
2020-01-09 18:52:12,921 ====> Building Cache
2020-01-09 18:52:12,922 feature cache--->>> /home/annora/NetVLAD/output/train_feat_cache1.hdf5
2020-01-09 18:53:43,216 Allocated:32.7802734375 MB
2020-01-09 18:53:43,216 Cached:2862.5 MB
2020-01-09 18:54:27,140 ==> Epoch[9](400/534): Loss: 0.1099
2020-01-09 18:54:27,142 Allocated:32.78076171875 MB
2020-01-09 18:54:27,142 Cached:2862.5 MB
2020-01-09 18:54:43,828 ==> Epoch[9](450/534): Loss: 0.1134
2020-01-09 18:54:43,830 Allocated:32.78076171875 MB
2020-01-09 18:54:43,831 Cached:2862.5 MB
2020-01-09 18:54:58,934 ==> Epoch[9](500/534): Loss: 0.0678
2020-01-09 18:54:58,941 Allocated:32.78076171875 MB
2020-01-09 18:54:58,942 Cached:2862.5 MB
2020-01-09 18:55:09,944 ===> Epoch 9 Complete: Avg. Loss: 0.0904
2020-01-09 18:55:09,945 ====> Extracting Features
2020-01-09 18:55:51,531 ==> Batch (50/108)
2020-01-09 18:56:13,852 ==> Batch (100/108)
2020-01-09 18:56:17,503 ====> Building faiss index
2020-01-09 18:56:17,508 ====> Calculating recall @ N
2020-01-09 18:56:17,973 ====> Recall@1: 0.5667
2020-01-09 18:56:17,973 ====> Recall@2: 0.6119
2020-01-09 18:56:17,974 ====> Recall@3: 0.6365
2020-01-09 18:56:17,974 ====> Recall@4: 0.6545
2020-01-09 18:56:17,974 ====> Recall@5: 0.6667
2020-01-09 18:56:17,974 ====> Recall@10: 0.7078
2020-01-09 18:56:17,975 ====> Recall@15: 0.7241
2020-01-09 18:56:17,975 ====> Recall@20: 0.7365
2020-01-09 18:56:17,975 ====> Recall@25: 0.7467
2020-01-09 18:56:18,035 ====> Building Cache
2020-01-09 18:56:18,036 feature cache--->>> /home/annora/NetVLAD/output/train_feat_cache1.hdf5
2020-01-09 18:57:50,818 Allocated:30.78076171875 MB
2020-01-09 18:57:50,819 Cached:4189.75 MB
2020-01-09 18:58:33,460 ==> Epoch[10](50/534): Loss: 0.0539
2020-01-09 18:58:33,461 Allocated:32.78076171875 MB
2020-01-09 18:58:33,462 Cached:4194.75 MB
2020-01-09 18:58:49,899 ==> Epoch[10](100/534): Loss: 0.0425
2020-01-09 18:58:49,900 Allocated:32.78076171875 MB
2020-01-09 18:58:49,900 Cached:4194.75 MB
2020-01-09 18:59:04,391 ==> Epoch[10](150/534): Loss: 0.0391
2020-01-09 18:59:04,393 Allocated:32.78076171875 MB
2020-01-09 18:59:04,393 Cached:4194.75 MB
2020-01-09 18:59:13,877 ====> Building Cache
2020-01-09 18:59:13,877 feature cache--->>> /home/annora/NetVLAD/output/train_feat_cache1.hdf5
2020-01-09 19:00:45,264 Allocated:32.7802734375 MB
2020-01-09 19:00:45,265 Cached:2862.5 MB
2020-01-09 19:01:26,243 ==> Epoch[10](200/534): Loss: 0.2340
2020-01-09 19:01:26,245 Allocated:32.78076171875 MB
2020-01-09 19:01:26,245 Cached:2862.5 MB
2020-01-09 19:01:46,095 ==> Epoch[10](250/534): Loss: 0.0249
2020-01-09 19:01:46,097 Allocated:32.78076171875 MB
2020-01-09 19:01:46,097 Cached:2862.5 MB
2020-01-09 19:02:03,677 ==> Epoch[10](300/534): Loss: 0.1535
2020-01-09 19:02:03,678 Allocated:32.78076171875 MB
2020-01-09 19:02:03,679 Cached:2863.5 MB
2020-01-09 19:02:22,426 ==> Epoch[10](350/534): Loss: 0.1643
2020-01-09 19:02:22,427 Allocated:32.78076171875 MB
2020-01-09 19:02:22,428 Cached:4049.5 MB
2020-01-09 19:02:25,684 ====> Building Cache
2020-01-09 19:02:25,684 feature cache--->>> /home/annora/NetVLAD/output/train_feat_cache1.hdf5
2020-01-09 19:03:59,100 Allocated:32.7802734375 MB
2020-01-09 19:03:59,100 Cached:2862.5 MB
2020-01-09 19:04:44,054 ==> Epoch[10](400/534): Loss: 0.0584
2020-01-09 19:04:44,056 Allocated:32.78076171875 MB
2020-01-09 19:04:44,056 Cached:2863.5 MB
2020-01-09 19:04:58,373 ==> Epoch[10](450/534): Loss: 0.0809
2020-01-09 19:04:58,375 Allocated:32.78076171875 MB
2020-01-09 19:04:58,375 Cached:2863.5 MB
2020-01-09 19:05:12,168 ==> Epoch[10](500/534): Loss: 0.0356
2020-01-09 19:05:12,170 Allocated:32.78076171875 MB
2020-01-09 19:05:12,170 Cached:2863.5 MB
2020-01-09 19:05:20,858 ===> Epoch 10 Complete: Avg. Loss: 0.0930
2020-01-09 19:05:20,859 ====> Extracting Features
2020-01-09 19:05:55,849 ==> Batch (50/108)
2020-01-09 19:06:19,566 ==> Batch (100/108)
2020-01-09 19:06:22,805 ====> Building faiss index
2020-01-09 19:06:22,807 ====> Calculating recall @ N
2020-01-09 19:06:23,288 ====> Recall@1: 0.5646
2020-01-09 19:06:23,289 ====> Recall@2: 0.6128
2020-01-09 19:06:23,289 ====> Recall@3: 0.6377
2020-01-09 19:06:23,290 ====> Recall@4: 0.6562
2020-01-09 19:06:23,290 ====> Recall@5: 0.6725
2020-01-09 19:06:23,290 ====> Recall@10: 0.7093
2020-01-09 19:06:23,290 ====> Recall@15: 0.7238
2020-01-09 19:06:23,290 ====> Recall@20: 0.7359
2020-01-09 19:06:23,290 ====> Recall@25: 0.7441
2020-01-09 19:06:23,352 ====> Building Cache
2020-01-09 19:06:23,353 feature cache--->>> /home/annora/NetVLAD/output/train_feat_cache1.hdf5
2020-01-09 19:07:58,038 Allocated:30.78076171875 MB
2020-01-09 19:07:58,039 Cached:4189.75 MB
2020-01-09 19:08:44,236 ==> Epoch[11](50/534): Loss: 0.0165
2020-01-09 19:08:44,237 Allocated:32.78076171875 MB
2020-01-09 19:08:44,238 Cached:4189.75 MB
2020-01-09 19:08:55,899 ==> Epoch[11](100/534): Loss: 0.0677
2020-01-09 19:08:55,900 Allocated:32.78076171875 MB
2020-01-09 19:08:55,900 Cached:4194.75 MB
2020-01-09 19:09:09,985 ==> Epoch[11](150/534): Loss: 0.0488
2020-01-09 19:09:09,987 Allocated:32.78076171875 MB
2020-01-09 19:09:09,987 Cached:4194.75 MB
2020-01-09 19:09:18,480 ====> Building Cache
2020-01-09 19:09:18,481 feature cache--->>> /home/annora/NetVLAD/output/train_feat_cache1.hdf5
2020-01-09 19:10:54,589 Allocated:32.7802734375 MB
2020-01-09 19:10:54,589 Cached:2862.5 MB
2020-01-09 19:11:33,365 ==> Epoch[11](200/534): Loss: 0.1574
2020-01-09 19:11:33,367 Allocated:32.78076171875 MB
2020-01-09 19:11:33,367 Cached:3994.25 MB
2020-01-09 19:11:49,927 ==> Epoch[11](250/534): Loss: 0.1443
2020-01-09 19:11:49,929 Allocated:32.78076171875 MB
2020-01-09 19:11:49,929 Cached:3994.25 MB
2020-01-09 19:12:08,156 ==> Epoch[11](300/534): Loss: 0.1449
2020-01-09 19:12:08,158 Allocated:32.78076171875 MB
2020-01-09 19:12:08,158 Cached:3994.25 MB
2020-01-09 19:12:27,435 ==> Epoch[11](350/534): Loss: 0.1650
2020-01-09 19:12:27,437 Allocated:32.78076171875 MB
2020-01-09 19:12:27,437 Cached:3994.25 MB
2020-01-09 19:12:28,437 ====> Building Cache
2020-01-09 19:12:28,437 feature cache--->>> /home/annora/NetVLAD/output/train_feat_cache1.hdf5
2020-01-09 19:14:01,118 Allocated:32.7802734375 MB
2020-01-09 19:14:01,119 Cached:2862.5 MB
2020-01-09 19:14:46,242 ==> Epoch[11](400/534): Loss: 0.0292
2020-01-09 19:14:46,244 Allocated:32.78076171875 MB
2020-01-09 19:14:46,244 Cached:2867.5 MB
2020-01-09 19:15:00,869 ==> Epoch[11](450/534): Loss: 0.0998
2020-01-09 19:15:00,871 Allocated:32.78076171875 MB
2020-01-09 19:15:00,871 Cached:2867.5 MB
2020-01-09 19:15:15,296 ==> Epoch[11](500/534): Loss: 0.0517
2020-01-09 19:15:15,297 Allocated:32.78076171875 MB
2020-01-09 19:15:15,297 Cached:2867.5 MB
2020-01-09 19:15:26,489 ===> Epoch 11 Complete: Avg. Loss: 0.0926
2020-01-09 19:15:26,491 ====> Extracting Features
2020-01-09 19:16:04,870 ==> Batch (50/108)
2020-01-09 19:16:28,904 ==> Batch (100/108)
2020-01-09 19:16:32,694 ====> Building faiss index
2020-01-09 19:16:32,695 ====> Calculating recall @ N
2020-01-09 19:16:33,213 ====> Recall@1: 0.5646
2020-01-09 19:16:33,214 ====> Recall@2: 0.6133
2020-01-09 19:16:33,214 ====> Recall@3: 0.6359
2020-01-09 19:16:33,215 ====> Recall@4: 0.6542
2020-01-09 19:16:33,215 ====> Recall@5: 0.6678
2020-01-09 19:16:33,215 ====> Recall@10: 0.7067
2020-01-09 19:16:33,215 ====> Recall@15: 0.7232
2020-01-09 19:16:33,215 ====> Recall@20: 0.7351
2020-01-09 19:16:33,216 ====> Recall@25: 0.7443
2020-01-09 19:16:33,272 ====> Building Cache
2020-01-09 19:16:33,273 feature cache--->>> /home/annora/NetVLAD/output/train_feat_cache1.hdf5
2020-01-09 19:18:03,891 Allocated:30.78076171875 MB
2020-01-09 19:18:03,891 Cached:4189.75 MB
2020-01-09 19:18:44,516 ==> Epoch[12](50/534): Loss: 0.0377
2020-01-09 19:18:44,518 Allocated:32.78076171875 MB
2020-01-09 19:18:44,518 Cached:4189.75 MB
2020-01-09 19:18:58,872 ==> Epoch[12](100/534): Loss: 0.0910
2020-01-09 19:18:58,874 Allocated:32.78076171875 MB
2020-01-09 19:18:58,874 Cached:4189.75 MB
2020-01-09 19:19:12,926 ==> Epoch[12](150/534): Loss: 0.0585
2020-01-09 19:19:12,928 Allocated:32.78076171875 MB
2020-01-09 19:19:12,929 Cached:4189.75 MB
2020-01-09 19:19:21,021 ====> Building Cache
2020-01-09 19:19:21,021 feature cache--->>> /home/annora/NetVLAD/output/train_feat_cache1.hdf5
2020-01-09 19:20:57,331 Allocated:32.7802734375 MB
2020-01-09 19:20:57,331 Cached:2862.5 MB
2020-01-09 19:21:37,957 ==> Epoch[12](200/534): Loss: 0.1199
2020-01-09 19:21:37,959 Allocated:32.78076171875 MB
2020-01-09 19:21:37,959 Cached:2862.5 MB
2020-01-09 19:21:54,976 ==> Epoch[12](250/534): Loss: 0.0522
2020-01-09 19:21:54,978 Allocated:32.78076171875 MB
2020-01-09 19:21:54,978 Cached:2862.5 MB
2020-01-09 19:22:14,681 ==> Epoch[12](300/534): Loss: 0.0798
2020-01-09 19:22:14,683 Allocated:32.78076171875 MB
2020-01-09 19:22:14,684 Cached:4007.0 MB
2020-01-09 19:22:34,438 ==> Epoch[12](350/534): Loss: 0.0978
2020-01-09 19:22:34,439 Allocated:32.78076171875 MB
2020-01-09 19:22:34,439 Cached:4007.0 MB
2020-01-09 19:22:36,878 ====> Building Cache
2020-01-09 19:22:36,879 feature cache--->>> /home/annora/NetVLAD/output/train_feat_cache1.hdf5
2020-01-09 19:24:11,709 Allocated:32.7802734375 MB
2020-01-09 19:24:11,710 Cached:2862.5 MB
2020-01-09 19:24:56,437 ==> Epoch[12](400/534): Loss: 0.0503
2020-01-09 19:24:56,440 Allocated:32.78076171875 MB
2020-01-09 19:24:56,440 Cached:2862.5 MB
2020-01-09 19:25:11,245 ==> Epoch[12](450/534): Loss: 0.0768
2020-01-09 19:25:11,247 Allocated:32.78076171875 MB
2020-01-09 19:25:11,247 Cached:2862.5 MB
2020-01-09 19:25:24,138 ==> Epoch[12](500/534): Loss: 0.0291
2020-01-09 19:25:24,139 Allocated:32.78076171875 MB
2020-01-09 19:25:24,139 Cached:2862.5 MB
2020-01-09 19:25:33,544 ===> Epoch 12 Complete: Avg. Loss: 0.0901
2020-01-09 19:25:33,545 ====> Extracting Features
2020-01-09 19:26:10,835 ==> Batch (50/108)
2020-01-09 19:26:32,755 ==> Batch (100/108)
2020-01-09 19:26:36,862 ====> Building faiss index
2020-01-09 19:26:36,865 ====> Calculating recall @ N
2020-01-09 19:26:37,449 ====> Recall@1: 0.5620
2020-01-09 19:26:37,450 ====> Recall@2: 0.6136
2020-01-09 19:26:37,450 ====> Recall@3: 0.6357
2020-01-09 19:26:37,451 ====> Recall@4: 0.6551
2020-01-09 19:26:37,451 ====> Recall@5: 0.6667
2020-01-09 19:26:37,451 ====> Recall@10: 0.7064
2020-01-09 19:26:37,452 ====> Recall@15: 0.7246
2020-01-09 19:26:37,452 ====> Recall@20: 0.7362
2020-01-09 19:26:37,452 ====> Recall@25: 0.7446
2020-01-09 19:26:37,517 ====> Building Cache
2020-01-09 19:26:37,517 feature cache--->>> /home/annora/NetVLAD/output/train_feat_cache1.hdf5
2020-01-09 19:28:10,379 Allocated:30.78076171875 MB
2020-01-09 19:28:10,380 Cached:4189.75 MB
2020-01-09 19:28:58,152 ==> Epoch[13](50/534): Loss: 0.0394
2020-01-09 19:28:58,155 Allocated:32.78076171875 MB
2020-01-09 19:28:58,155 Cached:4189.75 MB
2020-01-09 19:29:12,594 ==> Epoch[13](100/534): Loss: 0.0430
2020-01-09 19:29:12,600 Allocated:32.78076171875 MB
2020-01-09 19:29:12,601 Cached:4189.75 MB
2020-01-09 19:29:26,024 ==> Epoch[13](150/534): Loss: 0.0337
2020-01-09 19:29:26,026 Allocated:32.78076171875 MB
2020-01-09 19:29:26,026 Cached:4189.75 MB
2020-01-09 19:29:32,624 ====> Building Cache
2020-01-09 19:29:32,625 feature cache--->>> /home/annora/NetVLAD/output/train_feat_cache1.hdf5
2020-01-09 19:31:02,597 Allocated:32.7802734375 MB
2020-01-09 19:31:02,598 Cached:2862.5 MB
2020-01-09 19:31:39,913 ==> Epoch[13](200/534): Loss: 0.0749
2020-01-09 19:31:39,914 Allocated:32.78076171875 MB
2020-01-09 19:31:39,914 Cached:2862.5 MB
2020-01-09 19:31:57,639 ==> Epoch[13](250/534): Loss: 0.3012
2020-01-09 19:31:57,641 Allocated:32.78076171875 MB
2020-01-09 19:31:57,641 Cached:3995.25 MB
2020-01-09 19:32:15,325 ==> Epoch[13](300/534): Loss: 0.0310
2020-01-09 19:32:15,327 Allocated:32.78076171875 MB
2020-01-09 19:32:15,327 Cached:5133.375 MB
2020-01-09 19:32:35,796 ==> Epoch[13](350/534): Loss: 0.1075
2020-01-09 19:32:35,798 Allocated:32.78076171875 MB
2020-01-09 19:32:35,798 Cached:6309.75 MB
2020-01-09 19:32:36,773 ====> Building Cache
2020-01-09 19:32:36,774 feature cache--->>> /home/annora/NetVLAD/output/train_feat_cache1.hdf5
2020-01-09 19:34:10,921 Allocated:32.7802734375 MB
2020-01-09 19:34:10,921 Cached:2862.5 MB
2020-01-09 19:34:56,504 ==> Epoch[13](400/534): Loss: 0.0641
2020-01-09 19:34:56,505 Allocated:32.78076171875 MB
2020-01-09 19:34:56,506 Cached:2862.5 MB
2020-01-09 19:35:13,159 ==> Epoch[13](450/534): Loss: 0.0599
2020-01-09 19:35:13,160 Allocated:32.78076171875 MB
2020-01-09 19:35:13,160 Cached:2862.5 MB
2020-01-09 19:35:27,604 ==> Epoch[13](500/534): Loss: 0.0505
2020-01-09 19:35:27,605 Allocated:32.78076171875 MB
2020-01-09 19:35:27,606 Cached:2862.5 MB
2020-01-09 19:35:36,862 ===> Epoch 13 Complete: Avg. Loss: 0.0887
2020-01-09 19:35:36,863 ====> Extracting Features
2020-01-09 19:36:10,896 ==> Batch (50/108)
2020-01-09 19:36:35,375 ==> Batch (100/108)
2020-01-09 19:36:39,693 ====> Building faiss index
2020-01-09 19:36:39,695 ====> Calculating recall @ N
2020-01-09 19:36:40,210 ====> Recall@1: 0.5620
2020-01-09 19:36:40,211 ====> Recall@2: 0.6110
2020-01-09 19:36:40,212 ====> Recall@3: 0.6351
2020-01-09 19:36:40,212 ====> Recall@4: 0.6545
2020-01-09 19:36:40,212 ====> Recall@5: 0.6684
2020-01-09 19:36:40,212 ====> Recall@10: 0.7055
2020-01-09 19:36:40,212 ====> Recall@15: 0.7223
2020-01-09 19:36:40,212 ====> Recall@20: 0.7362
2020-01-09 19:36:40,213 ====> Recall@25: 0.7461
2020-01-09 19:36:40,270 ====> Building Cache
2020-01-09 19:36:40,271 feature cache--->>> /home/annora/NetVLAD/output/train_feat_cache1.hdf5
2020-01-09 19:38:11,828 Allocated:30.78076171875 MB
2020-01-09 19:38:11,828 Cached:4189.75 MB
2020-01-09 19:38:56,330 ==> Epoch[14](50/534): Loss: 0.0534
2020-01-09 19:38:56,332 Allocated:32.78076171875 MB
2020-01-09 19:38:56,333 Cached:4189.75 MB
2020-01-09 19:39:09,900 ==> Epoch[14](100/534): Loss: 0.0353
2020-01-09 19:39:09,901 Allocated:32.78076171875 MB
2020-01-09 19:39:09,901 Cached:4189.75 MB
2020-01-09 19:39:24,339 ==> Epoch[14](150/534): Loss: 0.0247
2020-01-09 19:39:24,340 Allocated:32.78076171875 MB
2020-01-09 19:39:24,340 Cached:4189.75 MB
2020-01-09 19:39:31,431 ====> Building Cache
2020-01-09 19:39:31,432 feature cache--->>> /home/annora/NetVLAD/output/train_feat_cache1.hdf5
2020-01-09 19:41:04,372 Allocated:32.7802734375 MB
2020-01-09 19:41:04,373 Cached:2862.5 MB
2020-01-09 19:41:44,820 ==> Epoch[14](200/534): Loss: 0.2132
2020-01-09 19:41:44,824 Allocated:32.78076171875 MB
2020-01-09 19:41:44,824 Cached:4007.0 MB
2020-01-09 19:42:01,438 ==> Epoch[14](250/534): Loss: 0.0477
2020-01-09 19:42:01,441 Allocated:32.78076171875 MB
2020-01-09 19:42:01,441 Cached:4007.0 MB
2020-01-09 19:42:17,545 ==> Epoch[14](300/534): Loss: 0.0518
2020-01-09 19:42:17,547 Allocated:32.78076171875 MB
2020-01-09 19:42:17,547 Cached:4007.0 MB
2020-01-09 19:42:33,580 ==> Epoch[14](350/534): Loss: 0.0107
2020-01-09 19:42:33,582 Allocated:32.78076171875 MB
2020-01-09 19:42:33,582 Cached:4007.0 MB
2020-01-09 19:42:36,093 ====> Building Cache
2020-01-09 19:42:36,094 feature cache--->>> /home/annora/NetVLAD/output/train_feat_cache1.hdf5
2020-01-09 19:44:05,877 Allocated:32.7802734375 MB
2020-01-09 19:44:05,878 Cached:2862.5 MB
2020-01-09 19:44:50,075 ==> Epoch[14](400/534): Loss: 0.0484
2020-01-09 19:44:50,077 Allocated:32.78076171875 MB
2020-01-09 19:44:50,077 Cached:2862.5 MB
2020-01-09 19:45:05,461 ==> Epoch[14](450/534): Loss: 0.0179
2020-01-09 19:45:05,463 Allocated:32.78076171875 MB
2020-01-09 19:45:05,463 Cached:2862.5 MB
2020-01-09 19:45:19,870 ==> Epoch[14](500/534): Loss: 0.0975
2020-01-09 19:45:19,871 Allocated:32.78076171875 MB
2020-01-09 19:45:19,871 Cached:2867.5 MB
2020-01-09 19:45:28,350 ===> Epoch 14 Complete: Avg. Loss: 0.0882
2020-01-09 19:45:28,352 ====> Extracting Features
2020-01-09 19:46:07,866 ==> Batch (50/108)
2020-01-09 19:46:30,009 ==> Batch (100/108)
2020-01-09 19:46:33,325 ====> Building faiss index
2020-01-09 19:46:33,327 ====> Calculating recall @ N
2020-01-09 19:46:33,787 ====> Recall@1: 0.5617
2020-01-09 19:46:33,787 ====> Recall@2: 0.6128
2020-01-09 19:46:33,788 ====> Recall@3: 0.6354
2020-01-09 19:46:33,788 ====> Recall@4: 0.6539
2020-01-09 19:46:33,788 ====> Recall@5: 0.6693
2020-01-09 19:46:33,788 ====> Recall@10: 0.7064
2020-01-09 19:46:33,788 ====> Recall@15: 0.7241
2020-01-09 19:46:33,789 ====> Recall@20: 0.7351
2020-01-09 19:46:33,789 ====> Recall@25: 0.7461
2020-01-09 19:46:33,850 Performance did not improve for 10 epochs. Stopping.
2020-01-09 19:46:33,850 => Best Recall@5: 0.6791
