2020-01-13 16:28:31,886 Namespace(arch='alexnet', batchSize=12, cacheBatchSize=96, cachePath='/home/annora/NetVLAD/output/', cacheRefreshRate=3000, ckpt='best', contilearn=True, dataPath='/home/annora/NetVLAD/output/data/', dataset='robotcar', evalEvery=1, fromscratch=False, fromtask='', lr=0.01, lrGamma=0.5, lrStep=5, margin=0.1, mode='train', momentum=0.9, nEpochs=30, nGPU=1, nocuda=False, num_clusters=64, optim='SGD', patience=10, pooling='netvlad', premodel='places', resume='', runsPath='/home/annora/NetVLAD/output/runs/', savePath='checkpoints', seed=123, split='val', start_epoch=0, threads=8, vladv2=False, weightDecay=0.001)
2020-01-13 16:28:31,951 ===> Loading dataset(s)
2020-01-13 16:28:31,951 trainfile ------>>>>>> oxRobocar_single_train.mat
2020-01-13 16:28:34,831 ====> Training set: oxRobocar_single_train.mat, query set count: 6636
2020-01-13 16:28:34,962 ===> Evaluating on val set: oxRobocar_single_val.mat, query count: 3450
2020-01-13 16:28:34,963 ===> Building model
2020-01-13 16:28:35,012 encoder moder:
AlexNet(
  (conv1): Sequential(
    (0): Conv2d(3, 64, kernel_size=(11, 11), stride=(4, 4), padding=(2, 2))
    (1): ReLU(inplace)
    (2): MaxPool2d(kernel_size=3, stride=2, padding=0, dilation=1, ceil_mode=False)
  )
  (conv2): Sequential(
    (0): Conv2d(64, 192, kernel_size=(5, 5), stride=(1, 1), padding=(2, 2))
    (1): ReLU(inplace)
    (2): MaxPool2d(kernel_size=3, stride=2, padding=0, dilation=1, ceil_mode=False)
  )
  (conv3): Sequential(
    (0): Conv2d(192, 384, kernel_size=(3, 3), stride=(1, 1), padding=(1, 1))
    (1): ReLU(inplace)
  )
  (conv4): Sequential(
    (0): Conv2d(384, 256, kernel_size=(3, 3), stride=(1, 1), padding=(1, 1))
    (1): ReLU(inplace)
  )
  (conv5): Sequential(
    (0): Conv2d(256, 256, kernel_size=(3, 3), stride=(1, 1), padding=(1, 1))
  )
)
2020-01-13 16:28:39,264 ===> Training model
2020-01-13 16:28:39,266 ===> Saving state to: /home/annora/NetVLAD/output/runs/2020-01-13-16-28-39_alexnet_netvlad
2020-01-13 16:28:39,305 ====> Building Cache
2020-01-13 16:28:39,306 feature cache--->>> /home/annora/NetVLAD/output/train_feat_cache1.hdf5
2020-01-13 16:30:01,772 Allocated:99.47119140625 MB
2020-01-13 16:30:01,773 Cached:2865.375 MB
2020-01-13 16:32:54,764 ==> Epoch[1](50/553): Loss: 0.1032
2020-01-13 16:32:54,766 Allocated:121.15869140625 MB
2020-01-13 16:32:54,767 Cached:9237.75 MB
2020-01-13 16:34:57,156 ==> Epoch[1](100/553): Loss: 0.0561
2020-01-13 16:34:57,158 Allocated:121.90869140625 MB
2020-01-13 16:34:57,158 Cached:9237.75 MB
2020-01-13 16:37:11,660 ==> Epoch[1](150/553): Loss: 0.0561
2020-01-13 16:37:11,662 Allocated:120.90869140625 MB
2020-01-13 16:37:11,662 Cached:9237.75 MB
2020-01-13 16:38:38,144 ====> Building Cache
2020-01-13 16:38:38,145 feature cache--->>> /home/annora/NetVLAD/output/train_feat_cache1.hdf5
2020-01-13 16:40:01,736 Allocated:122.033203125 MB
2020-01-13 16:40:01,736 Cached:2384.125 MB
2020-01-13 16:41:23,673 ==> Epoch[1](200/553): Loss: 0.1336
2020-01-13 16:41:23,676 Allocated:120.90869140625 MB
2020-01-13 16:41:23,676 Cached:7068.625 MB
2020-01-13 16:43:30,538 ==> Epoch[1](250/553): Loss: 0.1225
2020-01-13 16:43:30,540 Allocated:122.40869140625 MB
2020-01-13 16:43:30,540 Cached:4875.875 MB
2020-01-13 16:45:32,630 ==> Epoch[1](300/553): Loss: 0.0937
2020-01-13 16:45:32,632 Allocated:120.90869140625 MB
2020-01-13 16:45:32,632 Cached:4875.875 MB
2020-01-13 16:47:42,496 ==> Epoch[1](350/553): Loss: 0.1779
2020-01-13 16:47:42,498 Allocated:122.40869140625 MB
2020-01-13 16:47:42,498 Cached:4875.875 MB
2020-01-13 16:48:29,401 ====> Building Cache
2020-01-13 16:48:29,403 feature cache--->>> /home/annora/NetVLAD/output/train_feat_cache1.hdf5
2020-01-13 16:49:54,348 Allocated:121.283203125 MB
2020-01-13 16:49:54,348 Cached:2895.0 MB
2020-01-13 16:51:52,287 ==> Epoch[1](400/553): Loss: 0.1687
2020-01-13 16:51:52,289 Allocated:121.53369140625 MB
2020-01-13 16:51:52,290 Cached:6082.0 MB
2020-01-13 16:53:56,525 ==> Epoch[1](450/553): Loss: 0.1770
2020-01-13 16:53:56,526 Allocated:121.65869140625 MB
2020-01-13 16:53:56,526 Cached:6082.0 MB
2020-01-13 16:56:03,687 ==> Epoch[1](500/553): Loss: 0.1455
2020-01-13 16:56:03,689 Allocated:121.90869140625 MB
2020-01-13 16:56:03,689 Cached:6082.0 MB
2020-01-13 16:57:59,884 ==> Epoch[1](550/553): Loss: 0.1768
2020-01-13 16:57:59,885 Allocated:120.90869140625 MB
2020-01-13 16:57:59,886 Cached:6082.0 MB
2020-01-13 16:58:11,453 ===> Epoch 1 Complete: Avg. Loss: 0.1205
2020-01-13 16:58:11,455 ====> Extracting Features
2020-01-13 16:58:47,130 ==> Batch (50/108)
2020-01-13 16:59:10,049 ==> Batch (100/108)
2020-01-13 16:59:14,736 ====> Building faiss index
2020-01-13 16:59:15,083 ====> Calculating recall @ N
2020-01-13 16:59:17,244 ====> Recall@1: 0.7771
2020-01-13 16:59:17,245 ====> Recall@2: 0.7843
2020-01-13 16:59:17,245 ====> Recall@3: 0.7872
2020-01-13 16:59:17,245 ====> Recall@4: 0.7899
2020-01-13 16:59:17,246 ====> Recall@5: 0.7910
2020-01-13 16:59:17,246 ====> Recall@10: 0.8003
2020-01-13 16:59:17,246 ====> Recall@15: 0.8070
2020-01-13 16:59:17,246 ====> Recall@20: 0.8125
2020-01-13 16:59:17,246 ====> Recall@25: 0.8157
2020-01-13 16:59:17,550 ====> Building Cache
2020-01-13 16:59:17,550 feature cache--->>> /home/annora/NetVLAD/output/train_feat_cache1.hdf5
2020-01-13 17:00:36,667 Allocated:119.40869140625 MB
2020-01-13 17:00:36,667 Cached:4291.375 MB
2020-01-13 17:03:15,382 ==> Epoch[2](50/553): Loss: 0.0662
2020-01-13 17:03:15,384 Allocated:121.78369140625 MB
2020-01-13 17:03:15,385 Cached:4454.75 MB
2020-01-13 17:05:12,599 ==> Epoch[2](100/553): Loss: 0.0287
2020-01-13 17:05:12,601 Allocated:120.90869140625 MB
2020-01-13 17:05:12,602 Cached:5718.25 MB
2020-01-13 17:07:12,632 ==> Epoch[2](150/553): Loss: 0.0707
2020-01-13 17:07:12,634 Allocated:121.78369140625 MB
2020-01-13 17:07:12,634 Cached:5718.25 MB
2020-01-13 17:08:36,437 ====> Building Cache
2020-01-13 17:08:36,438 feature cache--->>> /home/annora/NetVLAD/output/train_feat_cache1.hdf5
2020-01-13 17:09:55,948 Allocated:121.658203125 MB
2020-01-13 17:09:55,949 Cached:2942.0 MB
2020-01-13 17:11:21,028 ==> Epoch[2](200/553): Loss: 0.1481
2020-01-13 17:11:21,030 Allocated:122.53369140625 MB
2020-01-13 17:11:21,030 Cached:9079.125 MB
2020-01-13 17:13:21,768 ==> Epoch[2](250/553): Loss: 0.0688
2020-01-13 17:13:21,770 Allocated:120.90869140625 MB
2020-01-13 17:13:21,770 Cached:6030.5 MB
2020-01-13 17:15:26,878 ==> Epoch[2](300/553): Loss: 0.1734
2020-01-13 17:15:26,880 Allocated:122.03369140625 MB
2020-01-13 17:15:26,880 Cached:7337.875 MB
2020-01-13 17:17:32,382 ==> Epoch[2](350/553): Loss: 0.1360
2020-01-13 17:17:32,384 Allocated:122.53369140625 MB
2020-01-13 17:17:32,384 Cached:7337.875 MB
2020-01-13 17:18:18,248 ====> Building Cache
2020-01-13 17:18:18,249 feature cache--->>> /home/annora/NetVLAD/output/train_feat_cache1.hdf5
2020-01-13 17:19:36,418 Allocated:122.533203125 MB
2020-01-13 17:19:36,419 Cached:2973.625 MB
2020-01-13 17:21:35,750 ==> Epoch[2](400/553): Loss: 0.2117
2020-01-13 17:21:35,752 Allocated:121.90869140625 MB
2020-01-13 17:21:35,753 Cached:6653.875 MB
2020-01-13 17:23:37,263 ==> Epoch[2](450/553): Loss: 0.2006
2020-01-13 17:23:37,265 Allocated:120.90869140625 MB
2020-01-13 17:23:37,265 Cached:7916.375 MB
2020-01-13 17:25:36,051 ==> Epoch[2](500/553): Loss: 0.2149
2020-01-13 17:25:36,052 Allocated:122.15869140625 MB
2020-01-13 17:25:36,052 Cached:6880.75 MB
2020-01-13 17:27:37,527 ==> Epoch[2](550/553): Loss: 0.1523
2020-01-13 17:27:37,529 Allocated:121.65869140625 MB
2020-01-13 17:27:37,530 Cached:6880.75 MB
2020-01-13 17:27:49,154 ===> Epoch 2 Complete: Avg. Loss: 0.1158
2020-01-13 17:27:49,156 ====> Extracting Features
2020-01-13 17:28:25,546 ==> Batch (50/108)
2020-01-13 17:28:47,459 ==> Batch (100/108)
2020-01-13 17:28:51,770 ====> Building faiss index
2020-01-13 17:28:52,124 ====> Calculating recall @ N
2020-01-13 17:28:54,230 ====> Recall@1: 0.7780
2020-01-13 17:28:54,231 ====> Recall@2: 0.7838
2020-01-13 17:28:54,231 ====> Recall@3: 0.7875
2020-01-13 17:28:54,232 ====> Recall@4: 0.7893
2020-01-13 17:28:54,232 ====> Recall@5: 0.7919
2020-01-13 17:28:54,232 ====> Recall@10: 0.7997
2020-01-13 17:28:54,232 ====> Recall@15: 0.8070
2020-01-13 17:28:54,232 ====> Recall@20: 0.8136
2020-01-13 17:28:54,233 ====> Recall@25: 0.8168
2020-01-13 17:28:54,991 ====> Building Cache
2020-01-13 17:28:54,991 feature cache--->>> /home/annora/NetVLAD/output/train_feat_cache1.hdf5
2020-01-13 17:30:13,405 Allocated:120.15869140625 MB
2020-01-13 17:30:13,406 Cached:4303.875 MB
2020-01-13 17:33:01,871 ==> Epoch[3](50/553): Loss: 0.0798
2020-01-13 17:33:01,874 Allocated:121.78369140625 MB
2020-01-13 17:33:01,874 Cached:5956.625 MB
2020-01-13 17:34:58,594 ==> Epoch[3](100/553): Loss: 0.0908
2020-01-13 17:34:58,596 Allocated:120.90869140625 MB
2020-01-13 17:34:58,596 Cached:5956.625 MB
2020-01-13 17:36:58,623 ==> Epoch[3](150/553): Loss: 0.1112
2020-01-13 17:36:58,626 Allocated:122.65869140625 MB
2020-01-13 17:36:58,626 Cached:5956.625 MB
2020-01-13 17:38:22,234 ====> Building Cache
2020-01-13 17:38:22,235 feature cache--->>> /home/annora/NetVLAD/output/train_feat_cache1.hdf5
2020-01-13 17:39:40,688 Allocated:121.908203125 MB
2020-01-13 17:39:40,689 Cached:3216.875 MB
2020-01-13 17:41:04,621 ==> Epoch[3](200/553): Loss: 0.2126
2020-01-13 17:41:04,625 Allocated:121.78369140625 MB
2020-01-13 17:41:04,625 Cached:9252.125 MB
2020-01-13 17:43:06,627 ==> Epoch[3](250/553): Loss: 0.1397
2020-01-13 17:43:06,630 Allocated:122.03369140625 MB
2020-01-13 17:43:06,630 Cached:7239.75 MB
2020-01-13 17:45:19,276 ==> Epoch[3](300/553): Loss: 0.1048
2020-01-13 17:45:19,279 Allocated:121.53369140625 MB
2020-01-13 17:45:19,279 Cached:7239.75 MB
2020-01-13 17:47:22,275 ==> Epoch[3](350/553): Loss: 0.1127
2020-01-13 17:47:22,277 Allocated:121.65869140625 MB
2020-01-13 17:47:22,277 Cached:7239.75 MB
2020-01-13 17:48:10,664 ====> Building Cache
2020-01-13 17:48:10,665 feature cache--->>> /home/annora/NetVLAD/output/train_feat_cache1.hdf5
2020-01-13 17:49:29,272 Allocated:120.908203125 MB
2020-01-13 17:49:29,273 Cached:2895.0 MB
2020-01-13 17:51:29,337 ==> Epoch[3](400/553): Loss: 0.1398
2020-01-13 17:51:29,340 Allocated:121.28369140625 MB
2020-01-13 17:51:29,340 Cached:9165.5 MB
2020-01-13 17:53:34,630 ==> Epoch[3](450/553): Loss: 0.1048
2020-01-13 17:53:34,633 Allocated:121.65869140625 MB
2020-01-13 17:53:34,633 Cached:9165.5 MB
2020-01-13 17:55:36,654 ==> Epoch[3](500/553): Loss: 0.1458
2020-01-13 17:55:36,656 Allocated:121.90869140625 MB
2020-01-13 17:55:36,656 Cached:9165.5 MB
2020-01-13 17:57:39,302 ==> Epoch[3](550/553): Loss: 0.1110
2020-01-13 17:57:39,304 Allocated:121.65869140625 MB
2020-01-13 17:57:39,304 Cached:9165.5 MB
2020-01-13 17:57:54,429 ===> Epoch 3 Complete: Avg. Loss: 0.1138
2020-01-13 17:57:54,431 ====> Extracting Features
2020-01-13 17:58:32,136 ==> Batch (50/108)
2020-01-13 17:58:53,867 ==> Batch (100/108)
2020-01-13 17:58:58,259 ====> Building faiss index
2020-01-13 17:58:58,623 ====> Calculating recall @ N
2020-01-13 17:59:01,130 ====> Recall@1: 0.7771
2020-01-13 17:59:01,131 ====> Recall@2: 0.7841
2020-01-13 17:59:01,132 ====> Recall@3: 0.7864
2020-01-13 17:59:01,133 ====> Recall@4: 0.7899
2020-01-13 17:59:01,133 ====> Recall@5: 0.7916
2020-01-13 17:59:01,133 ====> Recall@10: 0.8003
2020-01-13 17:59:01,133 ====> Recall@15: 0.8096
2020-01-13 17:59:01,134 ====> Recall@20: 0.8148
2020-01-13 17:59:01,134 ====> Recall@25: 0.8168
2020-01-13 17:59:01,619 ====> Building Cache
2020-01-13 17:59:01,619 feature cache--->>> /home/annora/NetVLAD/output/train_feat_cache1.hdf5
2020-01-13 18:00:20,560 Allocated:118.90869140625 MB
2020-01-13 18:00:20,561 Cached:4225.875 MB
2020-01-13 18:03:05,215 ==> Epoch[4](50/553): Loss: 0.0612
2020-01-13 18:03:05,218 Allocated:122.90869140625 MB
2020-01-13 18:03:05,219 Cached:4578.0 MB
2020-01-13 18:05:04,893 ==> Epoch[4](100/553): Loss: 0.0895
2020-01-13 18:05:04,895 Allocated:122.90869140625 MB
2020-01-13 18:05:04,895 Cached:4578.0 MB
2020-01-13 18:07:06,678 ==> Epoch[4](150/553): Loss: 0.0445
2020-01-13 18:07:06,679 Allocated:120.90869140625 MB
2020-01-13 18:07:06,680 Cached:5840.5 MB
2020-01-13 18:08:27,740 ====> Building Cache
2020-01-13 18:08:27,740 feature cache--->>> /home/annora/NetVLAD/output/train_feat_cache1.hdf5
2020-01-13 18:09:48,214 Allocated:121.408203125 MB
2020-01-13 18:09:48,215 Cached:2970.375 MB
2020-01-13 18:11:08,614 ==> Epoch[4](200/553): Loss: 0.0736
2020-01-13 18:11:08,617 Allocated:121.53369140625 MB
2020-01-13 18:11:08,617 Cached:6840.875 MB
2020-01-13 18:13:10,212 ==> Epoch[4](250/553): Loss: 0.1044
2020-01-13 18:13:10,214 Allocated:121.03369140625 MB
2020-01-13 18:13:10,215 Cached:6840.875 MB
2020-01-13 18:15:10,304 ==> Epoch[4](300/553): Loss: 0.1270
2020-01-13 18:15:10,306 Allocated:122.28369140625 MB
2020-01-13 18:15:10,306 Cached:8148.25 MB
2020-01-13 18:17:12,497 ==> Epoch[4](350/553): Loss: 0.0542
2020-01-13 18:17:12,499 Allocated:122.90869140625 MB
2020-01-13 18:17:12,499 Cached:8148.25 MB
2020-01-13 18:17:58,798 ====> Building Cache
2020-01-13 18:17:58,798 feature cache--->>> /home/annora/NetVLAD/output/train_feat_cache1.hdf5
2020-01-13 18:19:17,555 Allocated:121.408203125 MB
2020-01-13 18:19:17,555 Cached:3389.25 MB
2020-01-13 18:21:16,853 ==> Epoch[4](400/553): Loss: 0.1798
2020-01-13 18:21:16,856 Allocated:122.53369140625 MB
2020-01-13 18:21:16,856 Cached:9653.375 MB
2020-01-13 18:23:16,781 ==> Epoch[4](450/553): Loss: 0.1734
2020-01-13 18:23:16,783 Allocated:121.90869140625 MB
2020-01-13 18:23:16,784 Cached:9653.375 MB
2020-01-13 18:25:23,415 ==> Epoch[4](500/553): Loss: 0.1617
2020-01-13 18:25:23,418 Allocated:121.40869140625 MB
2020-01-13 18:25:23,418 Cached:9653.375 MB
2020-01-13 18:27:21,585 ==> Epoch[4](550/553): Loss: 0.1501
2020-01-13 18:27:21,588 Allocated:121.15869140625 MB
2020-01-13 18:27:21,588 Cached:9653.375 MB
2020-01-13 18:27:33,128 ===> Epoch 4 Complete: Avg. Loss: 0.1121
2020-01-13 18:27:33,131 ====> Extracting Features
2020-01-13 18:28:09,098 ==> Batch (50/108)
2020-01-13 18:28:30,964 ==> Batch (100/108)
2020-01-13 18:28:35,700 ====> Building faiss index
2020-01-13 18:28:36,048 ====> Calculating recall @ N
2020-01-13 18:28:38,182 ====> Recall@1: 0.7762
2020-01-13 18:28:38,182 ====> Recall@2: 0.7838
2020-01-13 18:28:38,183 ====> Recall@3: 0.7867
2020-01-13 18:28:38,183 ====> Recall@4: 0.7890
2020-01-13 18:28:38,183 ====> Recall@5: 0.7910
2020-01-13 18:28:38,183 ====> Recall@10: 0.8003
2020-01-13 18:28:38,184 ====> Recall@15: 0.8096
2020-01-13 18:28:38,184 ====> Recall@20: 0.8130
2020-01-13 18:28:38,184 ====> Recall@25: 0.8154
2020-01-13 18:28:38,625 ====> Building Cache
2020-01-13 18:28:38,625 feature cache--->>> /home/annora/NetVLAD/output/train_feat_cache1.hdf5
2020-01-13 18:30:01,801 Allocated:119.65869140625 MB
2020-01-13 18:30:01,802 Cached:4141.5 MB
2020-01-13 18:32:41,988 ==> Epoch[5](50/553): Loss: 0.0502
2020-01-13 18:32:41,990 Allocated:121.78369140625 MB
2020-01-13 18:32:41,990 Cached:6632.625 MB
2020-01-13 18:34:40,827 ==> Epoch[5](100/553): Loss: 0.0643
2020-01-13 18:34:40,830 Allocated:121.65869140625 MB
2020-01-13 18:34:40,830 Cached:3504.875 MB
2020-01-13 18:36:36,714 ==> Epoch[5](150/553): Loss: 0.0799
2020-01-13 18:36:36,716 Allocated:122.28369140625 MB
2020-01-13 18:36:36,716 Cached:3504.875 MB
2020-01-13 18:37:56,115 ====> Building Cache
2020-01-13 18:37:56,116 feature cache--->>> /home/annora/NetVLAD/output/train_feat_cache1.hdf5
2020-01-13 18:39:17,042 Allocated:121.658203125 MB
2020-01-13 18:39:17,042 Cached:2914.625 MB
2020-01-13 18:40:37,807 ==> Epoch[5](200/553): Loss: 0.1252
2020-01-13 18:40:37,809 Allocated:122.15869140625 MB
2020-01-13 18:40:37,809 Cached:9093.25 MB
2020-01-13 18:42:42,400 ==> Epoch[5](250/553): Loss: 0.1162
2020-01-13 18:42:42,402 Allocated:121.03369140625 MB
2020-01-13 18:42:42,402 Cached:6020.75 MB
2020-01-13 18:44:48,127 ==> Epoch[5](300/553): Loss: 0.1514
2020-01-13 18:44:48,129 Allocated:121.65869140625 MB
2020-01-13 18:44:48,129 Cached:6020.75 MB
2020-01-13 18:46:48,655 ==> Epoch[5](350/553): Loss: 0.0708
2020-01-13 18:46:48,657 Allocated:122.15869140625 MB
2020-01-13 18:46:48,658 Cached:7328.125 MB
2020-01-13 18:47:41,377 ====> Building Cache
2020-01-13 18:47:41,378 feature cache--->>> /home/annora/NetVLAD/output/train_feat_cache1.hdf5
2020-01-13 18:49:08,232 Allocated:121.408203125 MB
2020-01-13 18:49:08,233 Cached:2942.375 MB
2020-01-13 18:51:02,160 ==> Epoch[5](400/553): Loss: 0.1570
2020-01-13 18:51:02,163 Allocated:121.28369140625 MB
2020-01-13 18:51:02,163 Cached:3136.375 MB
2020-01-13 18:53:02,637 ==> Epoch[5](450/553): Loss: 0.1676
2020-01-13 18:53:02,639 Allocated:122.53369140625 MB
2020-01-13 18:53:02,639 Cached:5997.125 MB
2020-01-13 18:55:05,120 ==> Epoch[5](500/553): Loss: 0.1608
2020-01-13 18:55:05,122 Allocated:122.03369140625 MB
2020-01-13 18:55:05,122 Cached:5997.125 MB
2020-01-13 18:57:00,723 ==> Epoch[5](550/553): Loss: 0.1603
2020-01-13 18:57:00,725 Allocated:122.40869140625 MB
2020-01-13 18:57:00,725 Cached:5997.125 MB
2020-01-13 18:57:12,459 ===> Epoch 5 Complete: Avg. Loss: 0.1152
2020-01-13 18:57:12,461 ====> Extracting Features
2020-01-13 18:57:53,676 ==> Batch (50/108)
2020-01-13 18:58:15,245 ==> Batch (100/108)
2020-01-13 18:58:20,671 ====> Building faiss index
2020-01-13 18:58:21,067 ====> Calculating recall @ N
2020-01-13 18:58:23,317 ====> Recall@1: 0.7768
2020-01-13 18:58:23,318 ====> Recall@2: 0.7838
2020-01-13 18:58:23,318 ====> Recall@3: 0.7878
2020-01-13 18:58:23,319 ====> Recall@4: 0.7887
2020-01-13 18:58:23,319 ====> Recall@5: 0.7893
2020-01-13 18:58:23,319 ====> Recall@10: 0.8003
2020-01-13 18:58:23,319 ====> Recall@15: 0.8096
2020-01-13 18:58:23,320 ====> Recall@20: 0.8128
2020-01-13 18:58:23,320 ====> Recall@25: 0.8151
2020-01-13 18:58:23,794 ====> Building Cache
2020-01-13 18:58:23,795 feature cache--->>> /home/annora/NetVLAD/output/train_feat_cache1.hdf5
2020-01-13 18:59:42,911 Allocated:120.03369140625 MB
2020-01-13 18:59:42,912 Cached:4190.75 MB
2020-01-13 19:02:19,958 ==> Epoch[6](50/553): Loss: 0.0974
2020-01-13 19:02:19,961 Allocated:121.53369140625 MB
2020-01-13 19:02:19,961 Cached:4426.625 MB
2020-01-13 19:04:19,339 ==> Epoch[6](100/553): Loss: 0.1117
2020-01-13 19:04:19,341 Allocated:121.40869140625 MB
2020-01-13 19:04:19,341 Cached:4426.625 MB
2020-01-13 19:06:16,240 ==> Epoch[6](150/553): Loss: 0.0758
2020-01-13 19:06:16,242 Allocated:120.90869140625 MB
2020-01-13 19:06:16,242 Cached:5677.375 MB
2020-01-13 19:07:35,619 ====> Building Cache
2020-01-13 19:07:35,620 feature cache--->>> /home/annora/NetVLAD/output/train_feat_cache1.hdf5
2020-01-13 19:08:56,461 Allocated:121.783203125 MB
2020-01-13 19:08:56,462 Cached:2959.375 MB
2020-01-13 19:10:15,773 ==> Epoch[6](200/553): Loss: 0.0765
2020-01-13 19:10:15,775 Allocated:122.40869140625 MB
2020-01-13 19:10:15,776 Cached:7790.5 MB
2020-01-13 19:12:14,256 ==> Epoch[6](250/553): Loss: 0.1499
2020-01-13 19:12:14,258 Allocated:121.28369140625 MB
2020-01-13 19:12:14,258 Cached:9111.875 MB
2020-01-13 19:14:14,405 ==> Epoch[6](300/553): Loss: 0.0357
2020-01-13 19:14:14,407 Allocated:121.28369140625 MB
2020-01-13 19:14:14,407 Cached:9111.875 MB
2020-01-13 19:16:16,217 ==> Epoch[6](350/553): Loss: 0.0529
2020-01-13 19:16:16,219 Allocated:122.03369140625 MB
2020-01-13 19:16:16,220 Cached:9111.875 MB
2020-01-13 19:17:07,303 ====> Building Cache
2020-01-13 19:17:07,304 feature cache--->>> /home/annora/NetVLAD/output/train_feat_cache1.hdf5
2020-01-13 19:18:28,607 Allocated:121.533203125 MB
2020-01-13 19:18:28,608 Cached:2925.0 MB
2020-01-13 19:20:28,777 ==> Epoch[6](400/553): Loss: 0.2292
2020-01-13 19:20:28,779 Allocated:121.90869140625 MB
2020-01-13 19:20:28,779 Cached:5349.25 MB
2020-01-13 19:22:29,730 ==> Epoch[6](450/553): Loss: 0.1503
2020-01-13 19:22:29,733 Allocated:122.78369140625 MB
2020-01-13 19:22:29,734 Cached:5349.25 MB
2020-01-13 19:24:30,759 ==> Epoch[6](500/553): Loss: 0.2136
2020-01-13 19:24:30,761 Allocated:121.78369140625 MB
2020-01-13 19:24:30,761 Cached:9224.25 MB
2020-01-13 19:26:28,828 ==> Epoch[6](550/553): Loss: 0.1985
2020-01-13 19:26:28,830 Allocated:121.28369140625 MB
2020-01-13 19:26:28,830 Cached:9224.25 MB
2020-01-13 19:26:39,826 ===> Epoch 6 Complete: Avg. Loss: 0.1155
2020-01-13 19:26:39,827 ====> Extracting Features
2020-01-13 19:27:14,733 ==> Batch (50/108)
2020-01-13 19:27:35,376 ==> Batch (100/108)
2020-01-13 19:27:39,758 ====> Building faiss index
2020-01-13 19:27:40,094 ====> Calculating recall @ N
2020-01-13 19:27:42,229 ====> Recall@1: 0.7754
2020-01-13 19:27:42,229 ====> Recall@2: 0.7835
2020-01-13 19:27:42,230 ====> Recall@3: 0.7872
2020-01-13 19:27:42,231 ====> Recall@4: 0.7881
2020-01-13 19:27:42,231 ====> Recall@5: 0.7896
2020-01-13 19:27:42,231 ====> Recall@10: 0.8003
2020-01-13 19:27:42,232 ====> Recall@15: 0.8084
2020-01-13 19:27:42,232 ====> Recall@20: 0.8125
2020-01-13 19:27:42,232 ====> Recall@25: 0.8151
2020-01-13 19:27:42,717 ====> Building Cache
2020-01-13 19:27:42,717 feature cache--->>> /home/annora/NetVLAD/output/train_feat_cache1.hdf5
2020-01-13 19:29:02,420 Allocated:122.40869140625 MB
2020-01-13 19:29:02,420 Cached:4177.5 MB
2020-01-13 19:31:46,061 ==> Epoch[7](50/553): Loss: 0.0616
2020-01-13 19:31:46,064 Allocated:122.78369140625 MB
2020-01-13 19:31:46,064 Cached:7751.5 MB
2020-01-13 19:33:58,731 ==> Epoch[7](100/553): Loss: 0.0580
2020-01-13 19:33:58,733 Allocated:122.78369140625 MB
2020-01-13 19:33:58,733 Cached:8969.375 MB
2020-01-13 19:35:54,497 ==> Epoch[7](150/553): Loss: 0.0621
2020-01-13 19:35:54,499 Allocated:121.28369140625 MB
2020-01-13 19:35:54,499 Cached:4391.625 MB
2020-01-13 19:37:11,421 ====> Building Cache
2020-01-13 19:37:11,422 feature cache--->>> /home/annora/NetVLAD/output/train_feat_cache1.hdf5
2020-01-13 19:38:29,286 Allocated:121.533203125 MB
2020-01-13 19:38:29,286 Cached:2910.0 MB
2020-01-13 19:39:48,675 ==> Epoch[7](200/553): Loss: 0.0679
2020-01-13 19:39:48,677 Allocated:122.40869140625 MB
2020-01-13 19:39:48,677 Cached:8964.375 MB
2020-01-13 19:41:48,919 ==> Epoch[7](250/553): Loss: 0.0942
2020-01-13 19:41:48,921 Allocated:122.15869140625 MB
2020-01-13 19:41:48,922 Cached:8165.75 MB
2020-01-13 19:43:50,336 ==> Epoch[7](300/553): Loss: 0.1439
2020-01-13 19:43:50,338 Allocated:121.65869140625 MB
2020-01-13 19:43:50,338 Cached:8165.75 MB
2020-01-13 19:45:50,980 ==> Epoch[7](350/553): Loss: 0.1388
2020-01-13 19:45:50,982 Allocated:120.90869140625 MB
2020-01-13 19:45:50,982 Cached:4712.25 MB
2020-01-13 19:46:37,195 ====> Building Cache
2020-01-13 19:46:37,196 feature cache--->>> /home/annora/NetVLAD/output/train_feat_cache1.hdf5
2020-01-13 19:47:55,285 Allocated:122.658203125 MB
2020-01-13 19:47:55,285 Cached:2895.0 MB
2020-01-13 19:49:49,708 ==> Epoch[7](400/553): Loss: 0.2489
2020-01-13 19:49:49,711 Allocated:120.90869140625 MB
2020-01-13 19:49:49,711 Cached:7812.25 MB
2020-01-13 19:51:52,865 ==> Epoch[7](450/553): Loss: 0.1699
2020-01-13 19:51:52,868 Allocated:121.78369140625 MB
2020-01-13 19:51:52,868 Cached:9692.875 MB
2020-01-13 19:53:53,778 ==> Epoch[7](500/553): Loss: 0.1607
2020-01-13 19:53:53,781 Allocated:121.78369140625 MB
2020-01-13 19:53:53,781 Cached:9692.875 MB
2020-01-13 19:55:54,019 ==> Epoch[7](550/553): Loss: 0.1430
2020-01-13 19:55:54,021 Allocated:122.65869140625 MB
2020-01-13 19:55:54,021 Cached:9692.875 MB
2020-01-13 19:56:05,521 ===> Epoch 7 Complete: Avg. Loss: 0.1154
2020-01-13 19:56:05,522 ====> Extracting Features
2020-01-13 19:56:41,317 ==> Batch (50/108)
2020-01-13 19:57:02,881 ==> Batch (100/108)
2020-01-13 19:57:07,540 ====> Building faiss index
2020-01-13 19:57:07,901 ====> Calculating recall @ N
2020-01-13 19:57:10,032 ====> Recall@1: 0.7745
2020-01-13 19:57:10,033 ====> Recall@2: 0.7820
2020-01-13 19:57:10,033 ====> Recall@3: 0.7867
2020-01-13 19:57:10,034 ====> Recall@4: 0.7881
2020-01-13 19:57:10,034 ====> Recall@5: 0.7896
2020-01-13 19:57:10,034 ====> Recall@10: 0.8000
2020-01-13 19:57:10,034 ====> Recall@15: 0.8072
2020-01-13 19:57:10,034 ====> Recall@20: 0.8128
2020-01-13 19:57:10,035 ====> Recall@25: 0.8148
2020-01-13 19:57:10,473 ====> Building Cache
2020-01-13 19:57:10,473 feature cache--->>> /home/annora/NetVLAD/output/train_feat_cache1.hdf5
2020-01-13 19:58:28,000 Allocated:119.28369140625 MB
2020-01-13 19:58:28,001 Cached:4186.0 MB
2020-01-13 20:01:12,517 ==> Epoch[8](50/553): Loss: 0.0362
2020-01-13 20:01:12,520 Allocated:122.78369140625 MB
2020-01-13 20:01:12,520 Cached:7816.375 MB
2020-01-13 20:03:06,341 ==> Epoch[8](100/553): Loss: 0.0731
2020-01-13 20:03:06,343 Allocated:121.15869140625 MB
2020-01-13 20:03:06,343 Cached:7816.375 MB
2020-01-13 20:05:08,915 ==> Epoch[8](150/553): Loss: 0.0412
2020-01-13 20:05:08,923 Allocated:120.90869140625 MB
2020-01-13 20:05:08,923 Cached:7816.375 MB
2020-01-13 20:06:30,478 ====> Building Cache
2020-01-13 20:06:30,479 feature cache--->>> /home/annora/NetVLAD/output/train_feat_cache1.hdf5
2020-01-13 20:07:51,683 Allocated:121.158203125 MB
2020-01-13 20:07:51,684 Cached:2940.5 MB
2020-01-13 20:09:17,799 ==> Epoch[8](200/553): Loss: 0.1420
2020-01-13 20:09:17,802 Allocated:121.78369140625 MB
2020-01-13 20:09:17,802 Cached:6651.625 MB
2020-01-13 20:11:18,092 ==> Epoch[8](250/553): Loss: 0.1867
2020-01-13 20:11:18,094 Allocated:121.40869140625 MB
2020-01-13 20:11:18,095 Cached:7914.125 MB
2020-01-13 20:13:11,845 ==> Epoch[8](300/553): Loss: 0.1628
2020-01-13 20:13:11,847 Allocated:120.90869140625 MB
2020-01-13 20:13:11,847 Cached:3061.25 MB
2020-01-13 20:15:08,149 ==> Epoch[8](350/553): Loss: 0.1379
2020-01-13 20:15:08,152 Allocated:121.78369140625 MB
2020-01-13 20:15:08,152 Cached:5233.5 MB
2020-01-13 20:15:53,236 ====> Building Cache
2020-01-13 20:15:53,237 feature cache--->>> /home/annora/NetVLAD/output/train_feat_cache1.hdf5
2020-01-13 20:17:11,515 Allocated:121.283203125 MB
2020-01-13 20:17:11,516 Cached:2931.25 MB
2020-01-13 20:19:06,604 ==> Epoch[8](400/553): Loss: 0.1103
2020-01-13 20:19:06,606 Allocated:122.15869140625 MB
2020-01-13 20:19:06,607 Cached:7773.125 MB
2020-01-13 20:21:04,295 ==> Epoch[8](450/553): Loss: 0.1765
2020-01-13 20:21:04,297 Allocated:121.28369140625 MB
2020-01-13 20:21:04,298 Cached:5962.125 MB
2020-01-13 20:23:05,715 ==> Epoch[8](500/553): Loss: 0.1402
2020-01-13 20:23:05,718 Allocated:121.65869140625 MB
2020-01-13 20:23:05,718 Cached:5962.125 MB
2020-01-13 20:25:00,590 ==> Epoch[8](550/553): Loss: 0.1219
2020-01-13 20:25:00,592 Allocated:121.65869140625 MB
2020-01-13 20:25:00,593 Cached:5962.125 MB
2020-01-13 20:25:13,404 ===> Epoch 8 Complete: Avg. Loss: 0.1157
2020-01-13 20:25:13,405 ====> Extracting Features
2020-01-13 20:25:49,301 ==> Batch (50/108)
2020-01-13 20:26:11,293 ==> Batch (100/108)
2020-01-13 20:26:15,585 ====> Building faiss index
2020-01-13 20:26:15,948 ====> Calculating recall @ N
2020-01-13 20:26:18,123 ====> Recall@1: 0.7745
2020-01-13 20:26:18,123 ====> Recall@2: 0.7820
2020-01-13 20:26:18,124 ====> Recall@3: 0.7843
2020-01-13 20:26:18,124 ====> Recall@4: 0.7872
2020-01-13 20:26:18,124 ====> Recall@5: 0.7896
2020-01-13 20:26:18,125 ====> Recall@10: 0.7986
2020-01-13 20:26:18,125 ====> Recall@15: 0.8070
2020-01-13 20:26:18,125 ====> Recall@20: 0.8113
2020-01-13 20:26:18,125 ====> Recall@25: 0.8145
2020-01-13 20:26:18,555 ====> Building Cache
2020-01-13 20:26:18,556 feature cache--->>> /home/annora/NetVLAD/output/train_feat_cache1.hdf5
2020-01-13 20:27:36,491 Allocated:120.28369140625 MB
2020-01-13 20:27:36,492 Cached:4150.125 MB
2020-01-13 20:30:26,916 ==> Epoch[9](50/553): Loss: 0.0635
2020-01-13 20:30:26,918 Allocated:120.90869140625 MB
2020-01-13 20:30:26,918 Cached:7666.875 MB
2020-01-13 20:32:24,991 ==> Epoch[9](100/553): Loss: 0.1157
2020-01-13 20:32:24,993 Allocated:122.28369140625 MB
2020-01-13 20:32:24,993 Cached:4428.375 MB
2020-01-13 20:34:16,380 ==> Epoch[9](150/553): Loss: 0.0663
2020-01-13 20:34:16,383 Allocated:121.15869140625 MB
2020-01-13 20:34:16,383 Cached:4428.375 MB
2020-01-13 20:35:31,360 ====> Building Cache
2020-01-13 20:35:31,361 feature cache--->>> /home/annora/NetVLAD/output/train_feat_cache1.hdf5
2020-01-13 20:36:48,184 Allocated:121.158203125 MB
2020-01-13 20:36:48,184 Cached:2911.375 MB
2020-01-13 20:38:08,180 ==> Epoch[9](200/553): Loss: 0.1028
2020-01-13 20:38:08,184 Allocated:121.53369140625 MB
2020-01-13 20:38:08,185 Cached:8878.625 MB
2020-01-13 20:40:03,709 ==> Epoch[9](250/553): Loss: 0.1115
2020-01-13 20:40:03,711 Allocated:120.90869140625 MB
2020-01-13 20:40:03,711 Cached:4448.0 MB
2020-01-13 20:42:00,846 ==> Epoch[9](300/553): Loss: 0.1431
2020-01-13 20:42:00,849 Allocated:121.53369140625 MB
2020-01-13 20:42:00,849 Cached:4448.0 MB
2020-01-13 20:43:58,756 ==> Epoch[9](350/553): Loss: 0.1010
2020-01-13 20:43:58,758 Allocated:121.40869140625 MB
2020-01-13 20:43:58,759 Cached:5698.75 MB
2020-01-13 20:44:41,310 ====> Building Cache
2020-01-13 20:44:41,310 feature cache--->>> /home/annora/NetVLAD/output/train_feat_cache1.hdf5
2020-01-13 20:46:02,969 Allocated:122.408203125 MB
2020-01-13 20:46:02,970 Cached:2911.375 MB
2020-01-13 20:47:59,224 ==> Epoch[9](400/553): Loss: 0.1523
2020-01-13 20:47:59,227 Allocated:120.90869140625 MB
2020-01-13 20:47:59,227 Cached:3123.25 MB
2020-01-13 20:49:54,160 ==> Epoch[9](450/553): Loss: 0.1667
2020-01-13 20:49:54,162 Allocated:120.90869140625 MB
2020-01-13 20:49:54,162 Cached:3440.25 MB
2020-01-13 20:51:52,315 ==> Epoch[9](500/553): Loss: 0.1931
2020-01-13 20:51:52,317 Allocated:122.40869140625 MB
2020-01-13 20:51:52,317 Cached:3443.25 MB
2020-01-13 20:53:50,357 ==> Epoch[9](550/553): Loss: 0.1669
2020-01-13 20:53:50,359 Allocated:121.90869140625 MB
2020-01-13 20:53:50,359 Cached:3443.25 MB
2020-01-13 20:54:01,151 ===> Epoch 9 Complete: Avg. Loss: 0.1154
2020-01-13 20:54:01,153 ====> Extracting Features
2020-01-13 20:54:36,481 ==> Batch (50/108)
2020-01-13 20:54:56,134 ==> Batch (100/108)
2020-01-13 20:55:00,543 ====> Building faiss index
2020-01-13 20:55:00,882 ====> Calculating recall @ N
2020-01-13 20:55:02,947 ====> Recall@1: 0.7745
2020-01-13 20:55:02,948 ====> Recall@2: 0.7817
2020-01-13 20:55:02,948 ====> Recall@3: 0.7849
2020-01-13 20:55:02,948 ====> Recall@4: 0.7870
2020-01-13 20:55:02,948 ====> Recall@5: 0.7893
2020-01-13 20:55:02,949 ====> Recall@10: 0.7980
2020-01-13 20:55:02,949 ====> Recall@15: 0.8067
2020-01-13 20:55:02,949 ====> Recall@20: 0.8128
2020-01-13 20:55:02,949 ====> Recall@25: 0.8148
2020-01-13 20:55:03,375 ====> Building Cache
2020-01-13 20:55:03,376 feature cache--->>> /home/annora/NetVLAD/output/train_feat_cache1.hdf5
2020-01-13 20:56:27,437 Allocated:119.53369140625 MB
2020-01-13 20:56:27,438 Cached:3091.25 MB
2020-01-13 20:59:05,422 ==> Epoch[10](50/553): Loss: 0.0969
2020-01-13 20:59:05,424 Allocated:121.40869140625 MB
2020-01-13 20:59:05,424 Cached:5322.125 MB
2020-01-13 21:00:56,295 ==> Epoch[10](100/553): Loss: 0.0449
2020-01-13 21:00:56,297 Allocated:121.90869140625 MB
2020-01-13 21:00:56,297 Cached:6533.625 MB
2020-01-13 21:02:46,280 ==> Epoch[10](150/553): Loss: 0.0549
2020-01-13 21:02:46,282 Allocated:121.78369140625 MB
2020-01-13 21:02:46,282 Cached:7774.75 MB
2020-01-13 21:04:02,975 ====> Building Cache
2020-01-13 21:04:02,976 feature cache--->>> /home/annora/NetVLAD/output/train_feat_cache1.hdf5
2020-01-13 21:05:23,504 Allocated:122.408203125 MB
2020-01-13 21:05:23,505 Cached:2928.25 MB
2020-01-13 21:06:39,137 ==> Epoch[10](200/553): Loss: 0.0734
2020-01-13 21:06:39,140 Allocated:122.15869140625 MB
2020-01-13 21:06:39,140 Cached:5298.375 MB
2020-01-13 21:08:33,230 ==> Epoch[10](250/553): Loss: 0.1244
2020-01-13 21:08:33,232 Allocated:120.90869140625 MB
2020-01-13 21:08:33,232 Cached:4403.5 MB
2020-01-13 21:10:32,751 ==> Epoch[10](300/553): Loss: 0.1069
2020-01-13 21:10:32,753 Allocated:122.40869140625 MB
2020-01-13 21:10:32,753 Cached:5654.25 MB
2020-01-13 21:12:27,461 ==> Epoch[10](350/553): Loss: 0.2288
2020-01-13 21:12:27,463 Allocated:122.03369140625 MB
2020-01-13 21:12:27,464 Cached:5654.25 MB
2020-01-13 21:13:14,950 ====> Building Cache
2020-01-13 21:13:14,951 feature cache--->>> /home/annora/NetVLAD/output/train_feat_cache1.hdf5
2020-01-13 21:14:34,374 Allocated:122.283203125 MB
2020-01-13 21:14:34,375 Cached:2936.125 MB
2020-01-13 21:16:27,903 ==> Epoch[10](400/553): Loss: 0.1881
2020-01-13 21:16:27,906 Allocated:120.90869140625 MB
2020-01-13 21:16:27,906 Cached:7872.5 MB
2020-01-13 21:18:25,692 ==> Epoch[10](450/553): Loss: 0.1731
2020-01-13 21:18:25,695 Allocated:121.90869140625 MB
2020-01-13 21:18:25,696 Cached:3267.125 MB
2020-01-13 21:20:22,626 ==> Epoch[10](500/553): Loss: 0.1157
2020-01-13 21:20:22,628 Allocated:122.40869140625 MB
2020-01-13 21:20:22,629 Cached:3619.875 MB
2020-01-13 21:22:20,272 ==> Epoch[10](550/553): Loss: 0.1876
2020-01-13 21:22:20,274 Allocated:120.90869140625 MB
2020-01-13 21:22:20,275 Cached:7494.875 MB
2020-01-13 21:22:31,543 ===> Epoch 10 Complete: Avg. Loss: 0.1166
2020-01-13 21:22:31,545 ====> Extracting Features
2020-01-13 21:23:06,384 ==> Batch (50/108)
2020-01-13 21:23:28,481 ==> Batch (100/108)
2020-01-13 21:23:32,468 ====> Building faiss index
2020-01-13 21:23:32,818 ====> Calculating recall @ N
2020-01-13 21:23:34,934 ====> Recall@1: 0.7745
2020-01-13 21:23:34,934 ====> Recall@2: 0.7800
2020-01-13 21:23:34,935 ====> Recall@3: 0.7846
2020-01-13 21:23:34,935 ====> Recall@4: 0.7861
2020-01-13 21:23:34,935 ====> Recall@5: 0.7893
2020-01-13 21:23:34,936 ====> Recall@10: 0.7957
2020-01-13 21:23:34,936 ====> Recall@15: 0.8055
2020-01-13 21:23:34,936 ====> Recall@20: 0.8125
2020-01-13 21:23:34,936 ====> Recall@25: 0.8151
2020-01-13 21:23:35,370 ====> Building Cache
2020-01-13 21:23:35,371 feature cache--->>> /home/annora/NetVLAD/output/train_feat_cache1.hdf5
2020-01-13 21:24:53,560 Allocated:118.90869140625 MB
2020-01-13 21:24:53,560 Cached:4175.875 MB
2020-01-13 21:27:28,570 ==> Epoch[11](50/553): Loss: 0.0500
2020-01-13 21:27:28,572 Allocated:122.65869140625 MB
2020-01-13 21:27:28,572 Cached:7685.25 MB
2020-01-13 21:29:20,913 ==> Epoch[11](100/553): Loss: 0.1081
2020-01-13 21:29:20,915 Allocated:121.03369140625 MB
2020-01-13 21:29:20,916 Cached:8885.0 MB
2020-01-13 21:31:14,292 ==> Epoch[11](150/553): Loss: 0.0388
2020-01-13 21:31:14,295 Allocated:121.40869140625 MB
2020-01-13 21:31:14,295 Cached:10107.0 MB
2020-01-13 21:32:30,725 ====> Building Cache
2020-01-13 21:32:30,726 feature cache--->>> /home/annora/NetVLAD/output/train_feat_cache1.hdf5
2020-01-13 21:33:48,765 Allocated:121.283203125 MB
2020-01-13 21:33:48,766 Cached:2902.75 MB
2020-01-13 21:35:05,105 ==> Epoch[11](200/553): Loss: 0.1544
2020-01-13 21:35:05,108 Allocated:122.40869140625 MB
2020-01-13 21:35:05,108 Cached:7694.625 MB
2020-01-13 21:37:02,731 ==> Epoch[11](250/553): Loss: 0.1656
2020-01-13 21:37:02,734 Allocated:121.90869140625 MB
2020-01-13 21:37:02,734 Cached:6036.5 MB
2020-01-13 21:38:58,436 ==> Epoch[11](300/553): Loss: 0.1184
2020-01-13 21:38:58,438 Allocated:121.15869140625 MB
2020-01-13 21:38:58,438 Cached:6036.5 MB
2020-01-13 21:40:52,723 ==> Epoch[11](350/553): Loss: 0.1595
2020-01-13 21:40:52,725 Allocated:122.15869140625 MB
2020-01-13 21:40:52,725 Cached:6036.5 MB
2020-01-13 21:41:36,361 ====> Building Cache
2020-01-13 21:41:36,361 feature cache--->>> /home/annora/NetVLAD/output/train_feat_cache1.hdf5
2020-01-13 21:42:54,665 Allocated:121.783203125 MB
2020-01-13 21:42:54,665 Cached:2942.375 MB
2020-01-13 21:44:41,657 ==> Epoch[11](400/553): Loss: 0.1563
2020-01-13 21:44:41,660 Allocated:122.03369140625 MB
2020-01-13 21:44:41,660 Cached:5892.75 MB
2020-01-13 21:46:38,509 ==> Epoch[11](450/553): Loss: 0.2049
2020-01-13 21:46:38,511 Allocated:121.28369140625 MB
2020-01-13 21:46:38,511 Cached:9711.375 MB
2020-01-13 21:48:43,309 ==> Epoch[11](500/553): Loss: 0.1476
2020-01-13 21:48:43,310 Allocated:120.90869140625 MB
2020-01-13 21:48:43,311 Cached:9711.375 MB
2020-01-13 21:50:47,454 ==> Epoch[11](550/553): Loss: 0.1712
2020-01-13 21:50:47,456 Allocated:120.90869140625 MB
2020-01-13 21:50:47,456 Cached:9711.375 MB
2020-01-13 21:50:58,447 ===> Epoch 11 Complete: Avg. Loss: 0.1180
2020-01-13 21:50:58,448 ====> Extracting Features
2020-01-13 21:51:33,743 ==> Batch (50/108)
2020-01-13 21:51:54,881 ==> Batch (100/108)
2020-01-13 21:51:59,441 ====> Building faiss index
2020-01-13 21:51:59,791 ====> Calculating recall @ N
2020-01-13 21:52:01,961 ====> Recall@1: 0.7745
2020-01-13 21:52:01,961 ====> Recall@2: 0.7806
2020-01-13 21:52:01,962 ====> Recall@3: 0.7846
2020-01-13 21:52:01,962 ====> Recall@4: 0.7861
2020-01-13 21:52:01,962 ====> Recall@5: 0.7878
2020-01-13 21:52:01,963 ====> Recall@10: 0.7962
2020-01-13 21:52:01,963 ====> Recall@15: 0.8043
2020-01-13 21:52:01,963 ====> Recall@20: 0.8128
2020-01-13 21:52:01,963 ====> Recall@25: 0.8148
2020-01-13 21:52:02,387 ====> Building Cache
2020-01-13 21:52:02,388 feature cache--->>> /home/annora/NetVLAD/output/train_feat_cache1.hdf5
2020-01-13 21:53:21,037 Allocated:120.40869140625 MB
2020-01-13 21:53:21,038 Cached:4213.75 MB
2020-01-13 21:55:50,703 ==> Epoch[12](50/553): Loss: 0.0319
2020-01-13 21:55:50,706 Allocated:121.28369140625 MB
2020-01-13 21:55:50,706 Cached:7729.5 MB
2020-01-13 21:57:46,525 ==> Epoch[12](100/553): Loss: 0.0561
2020-01-13 21:57:46,527 Allocated:121.78369140625 MB
2020-01-13 21:57:46,527 Cached:10154.375 MB
2020-01-13 21:59:38,328 ==> Epoch[12](150/553): Loss: 0.0541
2020-01-13 21:59:38,329 Allocated:122.03369140625 MB
2020-01-13 21:59:38,330 Cached:10154.375 MB
2020-01-13 22:00:55,089 ====> Building Cache
2020-01-13 22:00:55,090 feature cache--->>> /home/annora/NetVLAD/output/train_feat_cache1.hdf5
2020-01-13 22:02:13,613 Allocated:122.158203125 MB
2020-01-13 22:02:13,613 Cached:2904.5 MB
2020-01-13 22:03:26,324 ==> Epoch[12](200/553): Loss: 0.1401
2020-01-13 22:03:26,326 Allocated:122.40869140625 MB
2020-01-13 22:03:26,326 Cached:5307.625 MB
2020-01-13 22:05:24,625 ==> Epoch[12](250/553): Loss: 0.1492
2020-01-13 22:05:24,627 Allocated:121.15869140625 MB
2020-01-13 22:05:24,627 Cached:7774.0 MB
2020-01-13 22:07:29,714 ==> Epoch[12](300/553): Loss: 0.0281
2020-01-13 22:07:29,716 Allocated:120.90869140625 MB
2020-01-13 22:07:29,716 Cached:7774.0 MB
2020-01-13 22:09:29,246 ==> Epoch[12](350/553): Loss: 0.1170
2020-01-13 22:09:29,249 Allocated:120.90869140625 MB
2020-01-13 22:09:29,249 Cached:7774.0 MB
2020-01-13 22:10:13,147 ====> Building Cache
2020-01-13 22:10:13,148 feature cache--->>> /home/annora/NetVLAD/output/train_feat_cache1.hdf5
2020-01-13 22:11:31,577 Allocated:122.783203125 MB
2020-01-13 22:11:31,577 Cached:2919.875 MB
2020-01-13 22:13:23,934 ==> Epoch[12](400/553): Loss: 0.1235
2020-01-13 22:13:23,937 Allocated:121.15869140625 MB
2020-01-13 22:13:23,937 Cached:4250.875 MB
2020-01-13 22:15:22,854 ==> Epoch[12](450/553): Loss: 0.1618
2020-01-13 22:15:22,856 Allocated:121.90869140625 MB
2020-01-13 22:15:22,857 Cached:5561.25 MB
2020-01-13 22:17:31,653 ==> Epoch[12](500/553): Loss: 0.2080
2020-01-13 22:17:31,655 Allocated:122.53369140625 MB
2020-01-13 22:17:31,655 Cached:5561.25 MB
2020-01-13 22:19:23,655 ==> Epoch[12](550/553): Loss: 0.1256
2020-01-13 22:19:23,656 Allocated:122.65869140625 MB
2020-01-13 22:19:23,657 Cached:5561.25 MB
2020-01-13 22:19:34,522 ===> Epoch 12 Complete: Avg. Loss: 0.1176
2020-01-13 22:19:34,523 ====> Extracting Features
2020-01-13 22:20:09,732 ==> Batch (50/108)
2020-01-13 22:20:30,934 ==> Batch (100/108)
2020-01-13 22:20:35,213 ====> Building faiss index
2020-01-13 22:20:35,564 ====> Calculating recall @ N
2020-01-13 22:20:37,653 ====> Recall@1: 0.7748
2020-01-13 22:20:37,654 ====> Recall@2: 0.7803
2020-01-13 22:20:37,654 ====> Recall@3: 0.7838
2020-01-13 22:20:37,655 ====> Recall@4: 0.7855
2020-01-13 22:20:37,655 ====> Recall@5: 0.7875
2020-01-13 22:20:37,655 ====> Recall@10: 0.7959
2020-01-13 22:20:37,655 ====> Recall@15: 0.8032
2020-01-13 22:20:37,655 ====> Recall@20: 0.8116
2020-01-13 22:20:37,656 ====> Recall@25: 0.8151
2020-01-13 22:20:38,078 ====> Building Cache
2020-01-13 22:20:38,078 feature cache--->>> /home/annora/NetVLAD/output/train_feat_cache1.hdf5
2020-01-13 22:21:56,639 Allocated:119.40869140625 MB
2020-01-13 22:21:56,640 Cached:4157.625 MB
2020-01-13 22:24:23,404 ==> Epoch[13](50/553): Loss: 0.0475
2020-01-13 22:24:23,406 Allocated:121.40869140625 MB
2020-01-13 22:24:23,407 Cached:7658.375 MB
2020-01-13 22:26:13,873 ==> Epoch[13](100/553): Loss: 0.0258
2020-01-13 22:26:13,875 Allocated:122.28369140625 MB
2020-01-13 22:26:13,876 Cached:7658.375 MB
2020-01-13 22:28:03,029 ==> Epoch[13](150/553): Loss: 0.0616
2020-01-13 22:28:03,031 Allocated:121.90869140625 MB
2020-01-13 22:28:03,031 Cached:8877.25 MB
2020-01-13 22:29:19,069 ====> Building Cache
2020-01-13 22:29:19,070 feature cache--->>> /home/annora/NetVLAD/output/train_feat_cache1.hdf5
2020-01-13 22:30:37,298 Allocated:121.783203125 MB
2020-01-13 22:30:37,299 Cached:2895.0 MB
2020-01-13 22:31:50,968 ==> Epoch[13](200/553): Loss: 0.1792
2020-01-13 22:31:50,970 Allocated:121.65869140625 MB
2020-01-13 22:31:50,970 Cached:5360.625 MB
2020-01-13 22:33:45,134 ==> Epoch[13](250/553): Loss: 0.1700
2020-01-13 22:33:45,138 Allocated:121.90869140625 MB
2020-01-13 22:33:45,139 Cached:5360.625 MB
2020-01-13 22:35:42,895 ==> Epoch[13](300/553): Loss: 0.1335
2020-01-13 22:35:42,898 Allocated:121.90869140625 MB
2020-01-13 22:35:42,898 Cached:5360.625 MB
2020-01-13 22:37:38,882 ==> Epoch[13](350/553): Loss: 0.0591
2020-01-13 22:37:38,884 Allocated:121.15869140625 MB
2020-01-13 22:37:38,884 Cached:5360.625 MB
2020-01-13 22:38:21,156 ====> Building Cache
2020-01-13 22:38:21,156 feature cache--->>> /home/annora/NetVLAD/output/train_feat_cache1.hdf5
2020-01-13 22:39:40,328 Allocated:122.158203125 MB
2020-01-13 22:39:40,328 Cached:2878.375 MB
2020-01-13 22:41:39,727 ==> Epoch[13](400/553): Loss: 0.1607
2020-01-13 22:41:39,730 Allocated:121.65869140625 MB
2020-01-13 22:41:39,730 Cached:6465.125 MB
2020-01-13 22:43:34,825 ==> Epoch[13](450/553): Loss: 0.1978
2020-01-13 22:43:34,826 Allocated:123.03369140625 MB
2020-01-13 22:43:34,827 Cached:7725.375 MB
2020-01-13 22:45:33,200 ==> Epoch[13](500/553): Loss: 0.1721
2020-01-13 22:45:33,202 Allocated:120.90869140625 MB
2020-01-13 22:45:33,202 Cached:7725.375 MB
2020-01-13 22:47:34,961 ==> Epoch[13](550/553): Loss: 0.1711
2020-01-13 22:47:34,964 Allocated:121.65869140625 MB
2020-01-13 22:47:34,964 Cached:3593.0 MB
2020-01-13 22:47:49,108 ===> Epoch 13 Complete: Avg. Loss: 0.1184
2020-01-13 22:47:49,109 ====> Extracting Features
2020-01-13 22:48:24,337 ==> Batch (50/108)
2020-01-13 22:48:46,730 ==> Batch (100/108)
2020-01-13 22:48:51,915 ====> Building faiss index
2020-01-13 22:48:52,428 ====> Calculating recall @ N
2020-01-13 22:48:54,600 ====> Recall@1: 0.7745
2020-01-13 22:48:54,601 ====> Recall@2: 0.7788
2020-01-13 22:48:54,602 ====> Recall@3: 0.7835
2020-01-13 22:48:54,602 ====> Recall@4: 0.7858
2020-01-13 22:48:54,602 ====> Recall@5: 0.7870
2020-01-13 22:48:54,602 ====> Recall@10: 0.7974
2020-01-13 22:48:54,602 ====> Recall@15: 0.8032
2020-01-13 22:48:54,603 ====> Recall@20: 0.8084
2020-01-13 22:48:54,603 ====> Recall@25: 0.8145
2020-01-13 22:48:55,029 Performance did not improve for 10 epochs. Stopping.
2020-01-13 22:48:55,029 => Best Recall@5: 0.7919
