2020-01-13 23:04:24,092 Namespace(arch='alexnet', batchSize=12, cacheBatchSize=96, cachePath='/home/annora/NetVLAD/output/', cacheRefreshRate=3000, ckpt='best', contilearn=True, dataPath='/home/annora/NetVLAD/output/data/', dataset='robotcar', evalEvery=1, fromscratch=False, fromtask='/home/annora/NetVLAD/output/runs/2020-01-13-16-28-39_alexnet_netvlad', lr=0.001, lrGamma=0.5, lrStep=5, margin=0.1, mode='train', momentum=0.9, nEpochs=30, nGPU=1, nocuda=False, num_clusters=64, optim='SGD', patience=10, pooling='netvlad', premodel='places', resume='', runsPath='/home/annora/NetVLAD/output/runs/', savePath='checkpoints', seed=123, split='val', start_epoch=0, threads=8, vladv2=False, weightDecay=0.001)
2020-01-13 23:04:24,154 ===> Loading dataset(s)
2020-01-13 23:04:24,154 trainfile ------>>>>>> oxRobocar_doubleN_train.mat
2020-01-13 23:04:26,839 ====> Training set: oxRobocar_doubleN_train.mat, query set count: 6404
2020-01-13 23:04:26,942 ===> Evaluating on val set: oxRobocar_doubleN_val.mat, query count: 3450
2020-01-13 23:04:26,943 ===> Building model
2020-01-13 23:04:26,992 encoder moder:
AlexNet(
  (conv1): Sequential(
    (0): Conv2d(3, 64, kernel_size=(11, 11), stride=(4, 4), padding=(2, 2))
    (1): ReLU(inplace)
    (2): MaxPool2d(kernel_size=3, stride=2, padding=0, dilation=1, ceil_mode=False)
  )
  (conv2): Sequential(
    (0): Conv2d(64, 192, kernel_size=(5, 5), stride=(1, 1), padding=(2, 2))
    (1): ReLU(inplace)
    (2): MaxPool2d(kernel_size=3, stride=2, padding=0, dilation=1, ceil_mode=False)
  )
  (conv3): Sequential(
    (0): Conv2d(192, 384, kernel_size=(3, 3), stride=(1, 1), padding=(1, 1))
    (1): ReLU(inplace)
  )
  (conv4): Sequential(
    (0): Conv2d(384, 256, kernel_size=(3, 3), stride=(1, 1), padding=(1, 1))
    (1): ReLU(inplace)
  )
  (conv5): Sequential(
    (0): Conv2d(256, 256, kernel_size=(3, 3), stride=(1, 1), padding=(1, 1))
  )
)
2020-01-13 23:04:31,287 => loading checkpoint '/home/annora/NetVLAD/output/runs/2020-01-13-16-28-39_alexnet_netvlad/checkpoints/model_best.pth.tar'
2020-01-13 23:04:31,405 => loaded checkpoint '/home/annora/NetVLAD/output/runs/2020-01-13-16-28-39_alexnet_netvlad/checkpoints/model_best.pth.tar' 
2020-01-13 23:04:31,405 ===> Training model
2020-01-13 23:04:31,407 ===> Saving state to: /home/annora/NetVLAD/output/runs/2020-01-13-23-04-31_alexnet_netvlad
2020-01-13 23:04:31,407 ====> Building Cache
2020-01-13 23:04:31,408 feature cache--->>> /home/annora/NetVLAD/output/train_feat_cache1.hdf5
2020-01-13 23:06:00,693 Allocated:99.47119140625 MB
2020-01-13 23:06:00,693 Cached:2864.375 MB
2020-01-13 23:08:49,122 ==> Epoch[1](50/534): Loss: 0.0864
2020-01-13 23:08:49,125 Allocated:121.28369140625 MB
2020-01-13 23:08:49,125 Cached:6122.125 MB
2020-01-13 23:10:58,086 ==> Epoch[1](100/534): Loss: 0.1416
2020-01-13 23:10:58,088 Allocated:121.78369140625 MB
2020-01-13 23:10:58,088 Cached:6122.125 MB
2020-01-13 23:13:02,360 ==> Epoch[1](150/534): Loss: 0.1531
2020-01-13 23:13:02,362 Allocated:121.40869140625 MB
2020-01-13 23:13:02,362 Cached:6122.125 MB
2020-01-13 23:14:08,132 ====> Building Cache
2020-01-13 23:14:08,133 feature cache--->>> /home/annora/NetVLAD/output/train_feat_cache1.hdf5
2020-01-13 23:15:37,403 Allocated:122.908203125 MB
2020-01-13 23:15:37,404 Cached:2970.875 MB
2020-01-13 23:17:13,805 ==> Epoch[1](200/534): Loss: 0.1239
2020-01-13 23:17:13,808 Allocated:121.90869140625 MB
2020-01-13 23:17:13,808 Cached:6861.875 MB
2020-01-13 23:19:22,981 ==> Epoch[1](250/534): Loss: 0.1807
2020-01-13 23:19:22,983 Allocated:121.65869140625 MB
2020-01-13 23:19:22,983 Cached:6861.875 MB
2020-01-13 23:21:30,423 ==> Epoch[1](300/534): Loss: 0.1703
2020-01-13 23:21:30,425 Allocated:121.90869140625 MB
2020-01-13 23:21:30,425 Cached:6861.875 MB
2020-01-13 23:23:34,967 ==> Epoch[1](350/534): Loss: 0.1183
2020-01-13 23:23:34,970 Allocated:120.90869140625 MB
2020-01-13 23:23:34,970 Cached:6861.875 MB
2020-01-13 23:23:53,121 ====> Building Cache
2020-01-13 23:23:53,122 feature cache--->>> /home/annora/NetVLAD/output/train_feat_cache1.hdf5
2020-01-13 23:25:23,013 Allocated:122.033203125 MB
2020-01-13 23:25:23,013 Cached:2959.0 MB
2020-01-13 23:27:56,698 ==> Epoch[1](400/534): Loss: 0.1133
2020-01-13 23:27:56,700 Allocated:122.78369140625 MB
2020-01-13 23:27:56,700 Cached:3205.25 MB
2020-01-13 23:29:58,954 ==> Epoch[1](450/534): Loss: 0.0939
2020-01-13 23:29:58,956 Allocated:122.65869140625 MB
2020-01-13 23:29:58,956 Cached:6686.75 MB
2020-01-13 23:32:03,177 ==> Epoch[1](500/534): Loss: 0.0949
2020-01-13 23:32:03,180 Allocated:122.90869140625 MB
2020-01-13 23:32:03,180 Cached:5831.75 MB
2020-01-13 23:33:22,135 ===> Epoch 1 Complete: Avg. Loss: 0.1361
2020-01-13 23:33:22,137 ====> Extracting Features
2020-01-13 23:33:59,213 ==> Batch (50/108)
2020-01-13 23:34:21,774 ==> Batch (100/108)
2020-01-13 23:34:26,358 ====> Building faiss index
2020-01-13 23:34:26,777 ====> Calculating recall @ N
2020-01-13 23:34:29,198 ====> Recall@1: 0.6788
2020-01-13 23:34:29,198 ====> Recall@2: 0.7012
2020-01-13 23:34:29,199 ====> Recall@3: 0.7136
2020-01-13 23:34:29,199 ====> Recall@4: 0.7226
2020-01-13 23:34:29,199 ====> Recall@5: 0.7304
2020-01-13 23:34:29,200 ====> Recall@10: 0.7528
2020-01-13 23:34:29,200 ====> Recall@15: 0.7606
2020-01-13 23:34:29,200 ====> Recall@20: 0.7693
2020-01-13 23:34:29,200 ====> Recall@25: 0.7751
2020-01-13 23:34:29,502 ====> Building Cache
2020-01-13 23:34:29,502 feature cache--->>> /home/annora/NetVLAD/output/train_feat_cache1.hdf5
2020-01-13 23:35:58,685 Allocated:120.90869140625 MB
2020-01-13 23:35:58,685 Cached:4223.625 MB
2020-01-13 23:38:39,937 ==> Epoch[2](50/534): Loss: 0.1533
2020-01-13 23:38:39,940 Allocated:122.03369140625 MB
2020-01-13 23:38:39,940 Cached:7118.0 MB
2020-01-13 23:40:38,692 ==> Epoch[2](100/534): Loss: 0.1813
2020-01-13 23:40:38,695 Allocated:121.53369140625 MB
2020-01-13 23:40:38,695 Cached:3609.375 MB
2020-01-13 23:42:49,903 ==> Epoch[2](150/534): Loss: 0.1453
2020-01-13 23:42:49,906 Allocated:122.28369140625 MB
2020-01-13 23:42:49,906 Cached:6207.0 MB
2020-01-13 23:43:56,808 ====> Building Cache
2020-01-13 23:43:56,810 feature cache--->>> /home/annora/NetVLAD/output/train_feat_cache1.hdf5
2020-01-13 23:45:27,686 Allocated:121.908203125 MB
2020-01-13 23:45:27,687 Cached:2904.125 MB
2020-01-13 23:47:07,625 ==> Epoch[2](200/534): Loss: 0.1992
2020-01-13 23:47:07,627 Allocated:121.03369140625 MB
2020-01-13 23:47:07,628 Cached:6433.25 MB
2020-01-13 23:49:11,666 ==> Epoch[2](250/534): Loss: 0.1686
2020-01-13 23:49:11,668 Allocated:122.40869140625 MB
2020-01-13 23:49:11,668 Cached:6433.25 MB
2020-01-13 23:51:16,026 ==> Epoch[2](300/534): Loss: 0.1611
2020-01-13 23:51:16,028 Allocated:120.90869140625 MB
2020-01-13 23:51:16,028 Cached:6433.25 MB
2020-01-13 23:53:18,401 ==> Epoch[2](350/534): Loss: 0.1998
2020-01-13 23:53:18,402 Allocated:121.78369140625 MB
2020-01-13 23:53:18,403 Cached:6433.25 MB
2020-01-13 23:53:32,762 ====> Building Cache
2020-01-13 23:53:32,763 feature cache--->>> /home/annora/NetVLAD/output/train_feat_cache1.hdf5
2020-01-13 23:55:04,233 Allocated:122.908203125 MB
2020-01-13 23:55:04,234 Cached:3002.875 MB
2020-01-13 23:57:38,550 ==> Epoch[2](400/534): Loss: 0.1202
2020-01-13 23:57:38,552 Allocated:121.90869140625 MB
2020-01-13 23:57:38,552 Cached:4882.0 MB
2020-01-13 23:59:36,340 ==> Epoch[2](450/534): Loss: 0.1102
2020-01-13 23:59:36,342 Allocated:121.90869140625 MB
2020-01-13 23:59:36,342 Cached:4883.0 MB
2020-01-14 00:01:37,183 ==> Epoch[2](500/534): Loss: 0.0926
2020-01-14 00:01:37,185 Allocated:121.40869140625 MB
2020-01-14 00:01:37,185 Cached:4883.0 MB
2020-01-14 00:02:56,551 ===> Epoch 2 Complete: Avg. Loss: 0.1332
2020-01-14 00:02:56,552 ====> Extracting Features
2020-01-14 00:03:33,412 ==> Batch (50/108)
2020-01-14 00:03:56,429 ==> Batch (100/108)
2020-01-14 00:04:00,397 ====> Building faiss index
2020-01-14 00:04:00,738 ====> Calculating recall @ N
2020-01-14 00:04:02,967 ====> Recall@1: 0.6791
2020-01-14 00:04:02,968 ====> Recall@2: 0.7029
2020-01-14 00:04:02,968 ====> Recall@3: 0.7148
2020-01-14 00:04:02,968 ====> Recall@4: 0.7223
2020-01-14 00:04:02,969 ====> Recall@5: 0.7293
2020-01-14 00:04:02,969 ====> Recall@10: 0.7530
2020-01-14 00:04:02,969 ====> Recall@15: 0.7614
2020-01-14 00:04:02,969 ====> Recall@20: 0.7704
2020-01-14 00:04:02,969 ====> Recall@25: 0.7759
2020-01-14 00:04:03,392 ====> Building Cache
2020-01-14 00:04:03,393 feature cache--->>> /home/annora/NetVLAD/output/train_feat_cache1.hdf5
2020-01-14 00:05:31,359 Allocated:120.28369140625 MB
2020-01-14 00:05:31,360 Cached:4316.875 MB
2020-01-14 00:08:19,560 ==> Epoch[3](50/534): Loss: 0.1962
2020-01-14 00:08:19,564 Allocated:120.90869140625 MB
2020-01-14 00:08:19,565 Cached:5897.375 MB
2020-01-14 00:10:28,387 ==> Epoch[3](100/534): Loss: 0.1070
2020-01-14 00:10:28,389 Allocated:120.90869140625 MB
2020-01-14 00:10:28,389 Cached:5897.375 MB
2020-01-14 00:12:27,089 ==> Epoch[3](150/534): Loss: 0.1337
2020-01-14 00:12:27,090 Allocated:121.53369140625 MB
2020-01-14 00:12:27,091 Cached:5897.375 MB
2020-01-14 00:13:30,648 ====> Building Cache
2020-01-14 00:13:30,649 feature cache--->>> /home/annora/NetVLAD/output/train_feat_cache1.hdf5
2020-01-14 00:15:00,474 Allocated:120.908203125 MB
2020-01-14 00:15:00,475 Cached:3214.125 MB
2020-01-14 00:16:43,763 ==> Epoch[3](200/534): Loss: 0.1846
2020-01-14 00:16:43,765 Allocated:121.78369140625 MB
2020-01-14 00:16:43,766 Cached:9612.625 MB
2020-01-14 00:18:45,657 ==> Epoch[3](250/534): Loss: 0.2332
2020-01-14 00:18:45,660 Allocated:121.03369140625 MB
2020-01-14 00:18:45,661 Cached:9612.625 MB
2020-01-14 00:20:52,379 ==> Epoch[3](300/534): Loss: 0.2300
2020-01-14 00:20:52,382 Allocated:120.90869140625 MB
2020-01-14 00:20:52,382 Cached:9612.625 MB
2020-01-14 00:22:57,260 ==> Epoch[3](350/534): Loss: 0.1754
2020-01-14 00:22:57,263 Allocated:120.90869140625 MB
2020-01-14 00:22:57,263 Cached:9612.625 MB
2020-01-14 00:23:10,964 ====> Building Cache
2020-01-14 00:23:10,965 feature cache--->>> /home/annora/NetVLAD/output/train_feat_cache1.hdf5
2020-01-14 00:24:38,630 Allocated:120.908203125 MB
2020-01-14 00:24:38,631 Cached:3726.625 MB
2020-01-14 00:27:08,471 ==> Epoch[3](400/534): Loss: 0.0987
2020-01-14 00:27:08,476 Allocated:121.90869140625 MB
2020-01-14 00:27:08,476 Cached:7418.375 MB
2020-01-14 00:29:14,112 ==> Epoch[3](450/534): Loss: 0.1161
2020-01-14 00:29:14,114 Allocated:122.15869140625 MB
2020-01-14 00:29:14,115 Cached:8680.875 MB
2020-01-14 00:31:15,208 ==> Epoch[3](500/534): Loss: 0.1183
2020-01-14 00:31:15,210 Allocated:122.65869140625 MB
2020-01-14 00:31:15,210 Cached:8680.875 MB
2020-01-14 00:32:35,129 ===> Epoch 3 Complete: Avg. Loss: 0.1311
2020-01-14 00:32:35,131 ====> Extracting Features
2020-01-14 00:33:11,040 ==> Batch (50/108)
2020-01-14 00:33:34,759 ==> Batch (100/108)
2020-01-14 00:33:38,680 ====> Building faiss index
2020-01-14 00:33:39,015 ====> Calculating recall @ N
2020-01-14 00:33:41,124 ====> Recall@1: 0.6786
2020-01-14 00:33:41,125 ====> Recall@2: 0.7032
2020-01-14 00:33:41,125 ====> Recall@3: 0.7159
2020-01-14 00:33:41,126 ====> Recall@4: 0.7249
2020-01-14 00:33:41,126 ====> Recall@5: 0.7307
2020-01-14 00:33:41,126 ====> Recall@10: 0.7528
2020-01-14 00:33:41,126 ====> Recall@15: 0.7620
2020-01-14 00:33:41,126 ====> Recall@20: 0.7696
2020-01-14 00:33:41,126 ====> Recall@25: 0.7762
2020-01-14 00:33:41,879 ====> Building Cache
2020-01-14 00:33:41,879 feature cache--->>> /home/annora/NetVLAD/output/train_feat_cache1.hdf5
2020-01-14 00:35:09,729 Allocated:119.40869140625 MB
2020-01-14 00:35:09,730 Cached:4316.875 MB
2020-01-14 00:37:58,816 ==> Epoch[4](50/534): Loss: 0.1185
2020-01-14 00:37:58,819 Allocated:121.90869140625 MB
2020-01-14 00:37:58,820 Cached:9283.0 MB
2020-01-14 00:39:57,381 ==> Epoch[4](100/534): Loss: 0.1540
2020-01-14 00:39:57,383 Allocated:121.28369140625 MB
2020-01-14 00:39:57,383 Cached:9283.0 MB
2020-01-14 00:41:59,695 ==> Epoch[4](150/534): Loss: 0.1382
2020-01-14 00:41:59,697 Allocated:121.90869140625 MB
2020-01-14 00:41:59,697 Cached:6126.25 MB
2020-01-14 00:43:06,534 ====> Building Cache
2020-01-14 00:43:06,535 feature cache--->>> /home/annora/NetVLAD/output/train_feat_cache1.hdf5
2020-01-14 00:44:36,451 Allocated:121.283203125 MB
2020-01-14 00:44:36,451 Cached:2913.875 MB
2020-01-14 00:46:19,404 ==> Epoch[4](200/534): Loss: 0.1656
2020-01-14 00:46:19,407 Allocated:122.28369140625 MB
2020-01-14 00:46:19,407 Cached:4655.125 MB
2020-01-14 00:48:29,662 ==> Epoch[4](250/534): Loss: 0.1786
2020-01-14 00:48:29,664 Allocated:121.65869140625 MB
2020-01-14 00:48:29,665 Cached:4655.125 MB
2020-01-14 00:50:32,658 ==> Epoch[4](300/534): Loss: 0.1540
2020-01-14 00:50:32,660 Allocated:121.90869140625 MB
2020-01-14 00:50:32,660 Cached:4655.125 MB
2020-01-14 00:52:36,756 ==> Epoch[4](350/534): Loss: 0.2154
2020-01-14 00:52:36,758 Allocated:120.90869140625 MB
2020-01-14 00:52:36,758 Cached:4655.125 MB
2020-01-14 00:52:50,598 ====> Building Cache
2020-01-14 00:52:50,598 feature cache--->>> /home/annora/NetVLAD/output/train_feat_cache1.hdf5
2020-01-14 00:54:18,509 Allocated:121.408203125 MB
2020-01-14 00:54:18,510 Cached:2967.125 MB
2020-01-14 00:56:50,671 ==> Epoch[4](400/534): Loss: 0.1084
2020-01-14 00:56:50,673 Allocated:122.40869140625 MB
2020-01-14 00:56:50,674 Cached:6129.5 MB
2020-01-14 00:58:54,216 ==> Epoch[4](450/534): Loss: 0.0712
2020-01-14 00:58:54,219 Allocated:120.90869140625 MB
2020-01-14 00:58:54,220 Cached:6129.5 MB
2020-01-14 01:00:59,484 ==> Epoch[4](500/534): Loss: 0.1229
2020-01-14 01:00:59,487 Allocated:121.28369140625 MB
2020-01-14 01:00:59,487 Cached:6129.5 MB
2020-01-14 01:02:20,049 ===> Epoch 4 Complete: Avg. Loss: 0.1294
2020-01-14 01:02:20,051 ====> Extracting Features
2020-01-14 01:02:56,008 ==> Batch (50/108)
2020-01-14 01:03:19,865 ==> Batch (100/108)
2020-01-14 01:03:24,004 ====> Building faiss index
2020-01-14 01:03:24,354 ====> Calculating recall @ N
2020-01-14 01:03:26,550 ====> Recall@1: 0.6783
2020-01-14 01:03:26,551 ====> Recall@2: 0.7049
2020-01-14 01:03:26,552 ====> Recall@3: 0.7171
2020-01-14 01:03:26,552 ====> Recall@4: 0.7252
2020-01-14 01:03:26,552 ====> Recall@5: 0.7319
2020-01-14 01:03:26,552 ====> Recall@10: 0.7533
2020-01-14 01:03:26,552 ====> Recall@15: 0.7609
2020-01-14 01:03:26,553 ====> Recall@20: 0.7690
2020-01-14 01:03:26,553 ====> Recall@25: 0.7762
2020-01-14 01:03:27,322 ====> Building Cache
2020-01-14 01:03:27,322 feature cache--->>> /home/annora/NetVLAD/output/train_feat_cache1.hdf5
2020-01-14 01:04:56,297 Allocated:118.90869140625 MB
2020-01-14 01:04:56,298 Cached:4252.875 MB
2020-01-14 01:07:48,783 ==> Epoch[5](50/534): Loss: 0.1338
2020-01-14 01:07:48,785 Allocated:121.78369140625 MB
2020-01-14 01:07:48,786 Cached:5838.875 MB
2020-01-14 01:09:56,651 ==> Epoch[5](100/534): Loss: 0.1103
2020-01-14 01:09:56,653 Allocated:121.40869140625 MB
2020-01-14 01:09:56,653 Cached:5838.875 MB
2020-01-14 01:12:09,995 ==> Epoch[5](150/534): Loss: 0.0670
2020-01-14 01:12:09,998 Allocated:121.78369140625 MB
2020-01-14 01:12:09,998 Cached:5838.875 MB
2020-01-14 01:13:13,434 ====> Building Cache
2020-01-14 01:13:13,435 feature cache--->>> /home/annora/NetVLAD/output/train_feat_cache1.hdf5
2020-01-14 01:14:41,004 Allocated:121.033203125 MB
2020-01-14 01:14:41,005 Cached:2931.5 MB
2020-01-14 01:16:19,447 ==> Epoch[5](200/534): Loss: 0.1524
2020-01-14 01:16:19,450 Allocated:121.03369140625 MB
2020-01-14 01:16:19,450 Cached:9229.75 MB
2020-01-14 01:18:26,371 ==> Epoch[5](250/534): Loss: 0.1960
2020-01-14 01:18:26,373 Allocated:121.03369140625 MB
2020-01-14 01:18:26,374 Cached:9229.75 MB
2020-01-14 01:20:34,022 ==> Epoch[5](300/534): Loss: 0.1003
2020-01-14 01:20:34,025 Allocated:121.03369140625 MB
2020-01-14 01:20:34,026 Cached:9229.75 MB
2020-01-14 01:22:41,692 ==> Epoch[5](350/534): Loss: 0.1102
2020-01-14 01:22:41,694 Allocated:121.78369140625 MB
2020-01-14 01:22:41,695 Cached:9229.75 MB
2020-01-14 01:22:55,271 ====> Building Cache
2020-01-14 01:22:55,272 feature cache--->>> /home/annora/NetVLAD/output/train_feat_cache1.hdf5
2020-01-14 01:24:24,529 Allocated:121.658203125 MB
2020-01-14 01:24:24,529 Cached:3068.25 MB
2020-01-14 01:26:52,063 ==> Epoch[5](400/534): Loss: 0.1095
2020-01-14 01:26:52,066 Allocated:121.40869140625 MB
2020-01-14 01:26:52,066 Cached:5497.625 MB
2020-01-14 01:28:48,894 ==> Epoch[5](450/534): Loss: 0.0741
2020-01-14 01:28:48,896 Allocated:120.90869140625 MB
2020-01-14 01:28:48,896 Cached:8016.25 MB
2020-01-14 01:30:46,092 ==> Epoch[5](500/534): Loss: 0.0671
2020-01-14 01:30:46,094 Allocated:122.28369140625 MB
2020-01-14 01:30:46,094 Cached:8016.25 MB
2020-01-14 01:32:12,863 ===> Epoch 5 Complete: Avg. Loss: 0.1286
2020-01-14 01:32:12,865 ====> Extracting Features
2020-01-14 01:32:48,555 ==> Batch (50/108)
2020-01-14 01:33:14,267 ==> Batch (100/108)
2020-01-14 01:33:19,386 ====> Building faiss index
2020-01-14 01:33:19,895 ====> Calculating recall @ N
2020-01-14 01:33:21,988 ====> Recall@1: 0.6788
2020-01-14 01:33:21,989 ====> Recall@2: 0.7043
2020-01-14 01:33:21,989 ====> Recall@3: 0.7171
2020-01-14 01:33:21,990 ====> Recall@4: 0.7264
2020-01-14 01:33:21,990 ====> Recall@5: 0.7319
2020-01-14 01:33:21,990 ====> Recall@10: 0.7533
2020-01-14 01:33:21,990 ====> Recall@15: 0.7600
2020-01-14 01:33:21,990 ====> Recall@20: 0.7690
2020-01-14 01:33:21,990 ====> Recall@25: 0.7757
2020-01-14 01:33:22,412 ====> Building Cache
2020-01-14 01:33:22,413 feature cache--->>> /home/annora/NetVLAD/output/train_feat_cache1.hdf5
2020-01-14 01:34:55,745 Allocated:119.53369140625 MB
2020-01-14 01:34:55,745 Cached:4215.375 MB
2020-01-14 01:37:40,382 ==> Epoch[6](50/534): Loss: 0.1635
2020-01-14 01:37:40,384 Allocated:122.03369140625 MB
2020-01-14 01:37:40,384 Cached:6121.75 MB
2020-01-14 01:39:43,014 ==> Epoch[6](100/534): Loss: 0.0925
2020-01-14 01:39:43,016 Allocated:121.15869140625 MB
2020-01-14 01:39:43,016 Cached:6121.75 MB
2020-01-14 01:41:45,634 ==> Epoch[6](150/534): Loss: 0.1326
2020-01-14 01:41:45,636 Allocated:121.90869140625 MB
2020-01-14 01:41:45,636 Cached:6121.75 MB
2020-01-14 01:42:50,190 ====> Building Cache
2020-01-14 01:42:50,191 feature cache--->>> /home/annora/NetVLAD/output/train_feat_cache1.hdf5
2020-01-14 01:44:21,120 Allocated:121.533203125 MB
2020-01-14 01:44:21,121 Cached:3017.75 MB
2020-01-14 01:46:03,386 ==> Epoch[6](200/534): Loss: 0.1585
2020-01-14 01:46:03,389 Allocated:121.90869140625 MB
2020-01-14 01:46:03,389 Cached:9405.0 MB
2020-01-14 01:48:19,026 ==> Epoch[6](250/534): Loss: 0.1323
2020-01-14 01:48:19,030 Allocated:122.65869140625 MB
2020-01-14 01:48:19,030 Cached:9405.0 MB
2020-01-14 01:50:36,910 ==> Epoch[6](300/534): Loss: 0.1883
2020-01-14 01:50:36,915 Allocated:121.40869140625 MB
2020-01-14 01:50:36,915 Cached:9405.0 MB
2020-01-14 01:52:54,679 ==> Epoch[6](350/534): Loss: 0.1775
2020-01-14 01:52:54,681 Allocated:123.15869140625 MB
2020-01-14 01:52:54,682 Cached:9405.0 MB
2020-01-14 01:53:08,823 ====> Building Cache
2020-01-14 01:53:08,824 feature cache--->>> /home/annora/NetVLAD/output/train_feat_cache1.hdf5
2020-01-14 01:54:38,858 Allocated:121.908203125 MB
2020-01-14 01:54:38,859 Cached:3005.125 MB
2020-01-14 01:57:14,273 ==> Epoch[6](400/534): Loss: 0.0999
2020-01-14 01:57:14,276 Allocated:121.90869140625 MB
2020-01-14 01:57:14,276 Cached:5514.125 MB
2020-01-14 01:59:15,903 ==> Epoch[6](450/534): Loss: 0.1039
2020-01-14 01:59:15,905 Allocated:120.90869140625 MB
2020-01-14 01:59:15,905 Cached:9389.125 MB
2020-01-14 02:01:23,220 ==> Epoch[6](500/534): Loss: 0.0664
2020-01-14 02:01:23,222 Allocated:122.03369140625 MB
2020-01-14 02:01:23,222 Cached:9389.125 MB
2020-01-14 02:02:43,983 ===> Epoch 6 Complete: Avg. Loss: 0.1282
2020-01-14 02:02:43,985 ====> Extracting Features
2020-01-14 02:03:21,726 ==> Batch (50/108)
2020-01-14 02:03:46,395 ==> Batch (100/108)
2020-01-14 02:03:51,486 ====> Building faiss index
2020-01-14 02:03:51,935 ====> Calculating recall @ N
2020-01-14 02:03:55,463 ====> Recall@1: 0.6791
2020-01-14 02:03:55,464 ====> Recall@2: 0.7046
2020-01-14 02:03:55,464 ====> Recall@3: 0.7174
2020-01-14 02:03:55,464 ====> Recall@4: 0.7278
2020-01-14 02:03:55,465 ====> Recall@5: 0.7316
2020-01-14 02:03:55,465 ====> Recall@10: 0.7539
2020-01-14 02:03:55,465 ====> Recall@15: 0.7597
2020-01-14 02:03:55,465 ====> Recall@20: 0.7690
2020-01-14 02:03:55,465 ====> Recall@25: 0.7757
2020-01-14 02:03:55,875 ====> Building Cache
2020-01-14 02:03:55,875 feature cache--->>> /home/annora/NetVLAD/output/train_feat_cache1.hdf5
2020-01-14 02:05:26,958 Allocated:119.15869140625 MB
2020-01-14 02:05:26,959 Cached:4081.375 MB
2020-01-14 02:08:10,684 ==> Epoch[7](50/534): Loss: 0.1093
2020-01-14 02:08:10,686 Allocated:121.90869140625 MB
2020-01-14 02:08:10,687 Cached:4277.375 MB
2020-01-14 02:10:09,639 ==> Epoch[7](100/534): Loss: 0.1109
2020-01-14 02:10:09,640 Allocated:121.90869140625 MB
2020-01-14 02:10:09,641 Cached:4279.375 MB
2020-01-14 02:12:09,309 ==> Epoch[7](150/534): Loss: 0.1291
2020-01-14 02:12:09,312 Allocated:121.90869140625 MB
2020-01-14 02:12:09,312 Cached:4279.375 MB
2020-01-14 02:13:16,751 ====> Building Cache
2020-01-14 02:13:16,752 feature cache--->>> /home/annora/NetVLAD/output/train_feat_cache1.hdf5
2020-01-14 02:14:48,408 Allocated:123.283203125 MB
2020-01-14 02:14:48,409 Cached:2956.5 MB
2020-01-14 02:16:32,997 ==> Epoch[7](200/534): Loss: 0.1465
2020-01-14 02:16:32,999 Allocated:120.90869140625 MB
2020-01-14 02:16:32,999 Cached:8087.625 MB
2020-01-14 02:18:36,539 ==> Epoch[7](250/534): Loss: 0.1811
2020-01-14 02:18:36,541 Allocated:122.15869140625 MB
2020-01-14 02:18:36,541 Cached:8087.625 MB
2020-01-14 02:20:36,554 ==> Epoch[7](300/534): Loss: 0.2167
2020-01-14 02:20:36,556 Allocated:121.90869140625 MB
2020-01-14 02:20:36,556 Cached:8087.625 MB
2020-01-14 02:22:33,955 ==> Epoch[7](350/534): Loss: 0.1513
2020-01-14 02:22:33,958 Allocated:122.40869140625 MB
2020-01-14 02:22:33,958 Cached:8087.625 MB
2020-01-14 02:22:47,811 ====> Building Cache
2020-01-14 02:22:47,811 feature cache--->>> /home/annora/NetVLAD/output/train_feat_cache1.hdf5
