2020-01-06 15:02:52,702 Namespace(arch='alexnet', batchSize=16, cacheBatchSize=144, cachePath='/home/annora/NetVLAD/output/', cacheRefreshRate=0, ckpt='best', ckpt_diy='model_best0.pth.tar', contilearn=False, dataPath='/home/annora/NetVLAD/output/data/', dataset='pittsburgh', debug_file='', evalEvery=1, fromscratch=True, lr=0.001, lrGamma=0.5, lrStep=5, margin=0.1, mode='train', momentum=0.9, nEpochs=30, nGPU=1, nocuda=False, num_clusters=64, optim='SGD', patience=10, pooling='max', resume='', runsPath='/home/annora/NetVLAD/output/runs/', savePath='checkpoints', seed=123, split='val', start_epoch=0, threads=4, vladv2=False, weightDecay=0.001)
2020-01-06 15:02:52,760 ===> Loading dataset(s)
2020-01-06 15:02:52,760 ===> Building model
2020-01-06 15:02:52,807 encoder moder:
AlexNet(
  (conv1): Sequential(
    (0): Conv2d(3, 64, kernel_size=(11, 11), stride=(4, 4), padding=(2, 2))
    (1): ReLU(inplace)
    (2): MaxPool2d(kernel_size=3, stride=2, padding=0, dilation=1, ceil_mode=False)
  )
  (conv2): Sequential(
    (0): Conv2d(64, 192, kernel_size=(5, 5), stride=(1, 1), padding=(2, 2))
    (1): ReLU(inplace)
    (2): MaxPool2d(kernel_size=3, stride=2, padding=0, dilation=1, ceil_mode=False)
  )
  (conv3): Sequential(
    (0): Conv2d(192, 384, kernel_size=(3, 3), stride=(1, 1), padding=(1, 1))
    (1): ReLU(inplace)
  )
  (conv4): Sequential(
    (0): Conv2d(384, 256, kernel_size=(3, 3), stride=(1, 1), padding=(1, 1))
    (1): ReLU(inplace)
  )
  (conv5): Sequential(
    (0): Conv2d(256, 256, kernel_size=(3, 3), stride=(1, 1), padding=(1, 1))
  )
)
2020-01-06 15:02:56,282 ---->>>> trainfiles: ['pitts30k_train.mat']
2020-01-06 15:02:56,284 ===> Saving state to: /home/annora/NetVLAD/output/runs/2020-01-06-15-02-56_alexnet_max
2020-01-06 15:02:58,495 ====> Training query set:7320
2020-01-06 15:02:58,648 ===> Evaluating on val set, query count:7608
2020-01-06 15:02:58,648 ---->>>> testfile: pitts30k_val.mat
2020-01-06 15:02:58,648 ===> Training model
2020-01-06 15:02:58,648 ====> Building Cache
2020-01-06 15:02:58,648 h5feat cache at: /home/annora/NetVLAD/output/train_feat_cache.hdf5
2020-01-06 15:03:41,803 Allocated:11.59326171875 MB
2020-01-06 15:03:41,804 Cached:2595.125 MB
2020-01-06 15:04:32,371 ==> Task[1]Epoch[1](50/458): Loss: 0.3178
2020-01-06 15:04:32,373 Allocated:33.03076171875 MB
2020-01-06 15:04:32,373 Cached:1112.5 MB
2020-01-06 15:05:07,413 ==> Task[1]Epoch[1](100/458): Loss: 0.3213
2020-01-06 15:05:07,415 Allocated:33.03076171875 MB
2020-01-06 15:05:07,415 Cached:1112.5 MB
2020-01-06 15:05:43,625 ==> Task[1]Epoch[1](150/458): Loss: 0.3097
2020-01-06 15:05:43,627 Allocated:33.03076171875 MB
2020-01-06 15:05:43,627 Cached:1112.5 MB
2020-01-06 15:06:17,936 ==> Task[1]Epoch[1](200/458): Loss: 0.3137
2020-01-06 15:06:17,938 Allocated:33.03076171875 MB
2020-01-06 15:06:17,938 Cached:1112.5 MB
2020-01-06 15:06:54,542 ==> Task[1]Epoch[1](250/458): Loss: 0.2058
2020-01-06 15:06:54,543 Allocated:33.03076171875 MB
2020-01-06 15:06:54,544 Cached:1112.5 MB
2020-01-06 15:07:30,198 ==> Task[1]Epoch[1](300/458): Loss: 0.2714
2020-01-06 15:07:30,200 Allocated:33.03076171875 MB
2020-01-06 15:07:30,200 Cached:1112.5 MB
2020-01-06 15:08:06,834 ==> Task[1]Epoch[1](350/458): Loss: 0.3355
2020-01-06 15:08:06,835 Allocated:33.03076171875 MB
2020-01-06 15:08:06,835 Cached:1112.5 MB
2020-01-06 15:08:41,871 ==> Task[1]Epoch[1](400/458): Loss: 0.3210
2020-01-06 15:08:41,873 Allocated:33.03076171875 MB
2020-01-06 15:08:41,873 Cached:1112.5 MB
2020-01-06 15:09:18,663 ==> Task[1]Epoch[1](450/458): Loss: 0.3059
2020-01-06 15:09:18,665 Allocated:33.03076171875 MB
2020-01-06 15:09:18,665 Cached:1112.5 MB
2020-01-06 15:09:23,759 ===> Task 1 Epoch 1 Complete: Avg. Loss: 0.3031
2020-01-06 15:09:23,760 begin test:
2020-01-06 15:09:23,761 ====> Extracting Features
2020-01-06 15:09:45,102 ==> Batch (50/123)
2020-01-06 15:10:01,315 ==> Batch (100/123)
2020-01-06 15:10:09,234 ====> Building faiss index
2020-01-06 15:10:09,241 ====> Calculating recall @ N
2020-01-06 15:10:11,419 ====> Recall@1: 0.1360
2020-01-06 15:10:11,420 ====> Recall@2: 0.1876
2020-01-06 15:10:11,421 ====> Recall@3: 0.2182
2020-01-06 15:10:11,421 ====> Recall@4: 0.2438
2020-01-06 15:10:11,421 ====> Recall@5: 0.2658
2020-01-06 15:10:11,421 ====> Recall@10: 0.3498
2020-01-06 15:10:11,421 ====> Recall@15: 0.4119
2020-01-06 15:10:11,421 ====> Recall@20: 0.4600
2020-01-06 15:10:11,422 ====> Recall@25: 0.5029
2020-01-06 15:10:11,460 ====> Building Cache
2020-01-06 15:10:11,460 h5feat cache at: /home/annora/NetVLAD/output/train_feat_cache.hdf5
2020-01-06 15:10:55,310 Allocated:31.03076171875 MB
2020-01-06 15:10:55,311 Cached:3283.125 MB
2020-01-06 15:11:46,779 ==> Task[1]Epoch[2](50/458): Loss: 0.3185
2020-01-06 15:11:46,780 Allocated:33.03076171875 MB
2020-01-06 15:11:46,780 Cached:1112.5 MB
2020-01-06 15:12:21,992 ==> Task[1]Epoch[2](100/458): Loss: 0.2991
2020-01-06 15:12:21,993 Allocated:33.03076171875 MB
2020-01-06 15:12:21,994 Cached:1112.5 MB
2020-01-06 15:12:58,319 ==> Task[1]Epoch[2](150/458): Loss: 0.3184
2020-01-06 15:12:58,321 Allocated:33.03076171875 MB
2020-01-06 15:12:58,321 Cached:1112.5 MB
2020-01-06 15:13:33,093 ==> Task[1]Epoch[2](200/458): Loss: 0.3184
2020-01-06 15:13:33,095 Allocated:33.03076171875 MB
2020-01-06 15:13:33,095 Cached:1112.5 MB
2020-01-06 15:14:09,582 ==> Task[1]Epoch[2](250/458): Loss: 0.2034
2020-01-06 15:14:09,583 Allocated:33.03076171875 MB
2020-01-06 15:14:09,583 Cached:1111.5 MB
2020-01-06 15:14:44,110 ==> Task[1]Epoch[2](300/458): Loss: 0.2591
2020-01-06 15:14:44,111 Allocated:33.03076171875 MB
2020-01-06 15:14:44,112 Cached:1111.5 MB
2020-01-06 15:15:20,218 ==> Task[1]Epoch[2](350/458): Loss: 0.2994
2020-01-06 15:15:20,219 Allocated:33.03076171875 MB
2020-01-06 15:15:20,220 Cached:1111.5 MB
2020-01-06 15:15:54,256 ==> Task[1]Epoch[2](400/458): Loss: 0.3407
2020-01-06 15:15:54,258 Allocated:33.03076171875 MB
2020-01-06 15:15:54,258 Cached:1112.5 MB
2020-01-06 15:16:30,301 ==> Task[1]Epoch[2](450/458): Loss: 0.2646
2020-01-06 15:16:30,302 Allocated:33.03076171875 MB
2020-01-06 15:16:30,302 Cached:1112.5 MB
2020-01-06 15:16:34,912 ===> Task 1 Epoch 2 Complete: Avg. Loss: 0.2968
2020-01-06 15:16:34,913 begin test:
2020-01-06 15:16:34,914 ====> Extracting Features
2020-01-06 15:16:56,978 ==> Batch (50/123)
2020-01-06 15:17:13,637 ==> Batch (100/123)
2020-01-06 15:17:20,594 ====> Building faiss index
2020-01-06 15:17:20,603 ====> Calculating recall @ N
2020-01-06 15:17:22,649 ====> Recall@1: 0.1446
2020-01-06 15:17:22,650 ====> Recall@2: 0.1874
2020-01-06 15:17:22,650 ====> Recall@3: 0.2208
2020-01-06 15:17:22,651 ====> Recall@4: 0.2466
2020-01-06 15:17:22,651 ====> Recall@5: 0.2706
2020-01-06 15:17:22,651 ====> Recall@10: 0.3537
2020-01-06 15:17:22,651 ====> Recall@15: 0.4203
2020-01-06 15:17:22,651 ====> Recall@20: 0.4708
2020-01-06 15:17:22,652 ====> Recall@25: 0.5138
2020-01-06 15:17:22,775 ====> Building Cache
2020-01-06 15:17:22,776 h5feat cache at: /home/annora/NetVLAD/output/train_feat_cache.hdf5
2020-01-06 15:18:06,188 Allocated:31.03076171875 MB
2020-01-06 15:18:06,189 Cached:3283.125 MB
2020-01-06 15:18:56,055 ==> Task[1]Epoch[3](50/458): Loss: 0.2991
2020-01-06 15:18:56,056 Allocated:33.03076171875 MB
2020-01-06 15:18:56,056 Cached:1112.5 MB
2020-01-06 15:19:32,511 ==> Task[1]Epoch[3](100/458): Loss: 0.2509
2020-01-06 15:19:32,512 Allocated:33.03076171875 MB
2020-01-06 15:19:32,513 Cached:1112.5 MB
2020-01-06 15:20:08,152 ==> Task[1]Epoch[3](150/458): Loss: 0.2831
2020-01-06 15:20:08,153 Allocated:33.03076171875 MB
2020-01-06 15:20:08,153 Cached:1112.5 MB
2020-01-06 15:20:45,270 ==> Task[1]Epoch[3](200/458): Loss: 0.2985
2020-01-06 15:20:45,271 Allocated:33.03076171875 MB
2020-01-06 15:20:45,272 Cached:1112.5 MB
2020-01-06 15:21:20,731 ==> Task[1]Epoch[3](250/458): Loss: 0.0685
2020-01-06 15:21:20,733 Allocated:33.03076171875 MB
2020-01-06 15:21:20,733 Cached:1111.5 MB
2020-01-06 15:21:58,986 ==> Task[1]Epoch[3](300/458): Loss: 0.2182
2020-01-06 15:21:58,988 Allocated:33.03076171875 MB
2020-01-06 15:21:58,988 Cached:1111.5 MB
2020-01-06 15:22:35,725 ==> Task[1]Epoch[3](350/458): Loss: 0.3346
2020-01-06 15:22:35,726 Allocated:33.03076171875 MB
2020-01-06 15:22:35,727 Cached:1112.5 MB
2020-01-06 15:23:11,919 ==> Task[1]Epoch[3](400/458): Loss: 0.3105
2020-01-06 15:23:11,921 Allocated:33.03076171875 MB
2020-01-06 15:23:11,921 Cached:1112.5 MB
2020-01-06 15:23:47,136 ==> Task[1]Epoch[3](450/458): Loss: 0.2919
2020-01-06 15:23:47,138 Allocated:33.03076171875 MB
2020-01-06 15:23:47,138 Cached:1112.5 MB
2020-01-06 15:23:52,837 ===> Task 1 Epoch 3 Complete: Avg. Loss: 0.2795
2020-01-06 15:23:52,838 begin test:
2020-01-06 15:23:52,839 ====> Extracting Features
2020-01-06 15:24:14,919 ==> Batch (50/123)
2020-01-06 15:24:31,151 ==> Batch (100/123)
2020-01-06 15:24:39,012 ====> Building faiss index
2020-01-06 15:24:39,020 ====> Calculating recall @ N
2020-01-06 15:24:41,155 ====> Recall@1: 0.1112
2020-01-06 15:24:41,156 ====> Recall@2: 0.1526
2020-01-06 15:24:41,157 ====> Recall@3: 0.1826
2020-01-06 15:24:41,157 ====> Recall@4: 0.2098
2020-01-06 15:24:41,157 ====> Recall@5: 0.2333
2020-01-06 15:24:41,157 ====> Recall@10: 0.3216
2020-01-06 15:24:41,158 ====> Recall@15: 0.3866
2020-01-06 15:24:41,158 ====> Recall@20: 0.4372
2020-01-06 15:24:41,158 ====> Recall@25: 0.4777
2020-01-06 15:24:41,218 ====> Building Cache
2020-01-06 15:24:41,218 h5feat cache at: /home/annora/NetVLAD/output/train_feat_cache.hdf5
2020-01-06 15:25:28,093 Allocated:31.03076171875 MB
2020-01-06 15:25:28,094 Cached:3283.125 MB
2020-01-06 15:26:23,475 ==> Task[1]Epoch[4](50/458): Loss: 0.3140
2020-01-06 15:26:23,477 Allocated:33.03076171875 MB
2020-01-06 15:26:23,477 Cached:1112.5 MB
2020-01-06 15:27:00,911 ==> Task[1]Epoch[4](100/458): Loss: 0.3222
2020-01-06 15:27:00,912 Allocated:33.03076171875 MB
2020-01-06 15:27:00,913 Cached:1112.5 MB
2020-01-06 15:27:38,671 ==> Task[1]Epoch[4](150/458): Loss: 0.3081
2020-01-06 15:27:38,673 Allocated:33.03076171875 MB
2020-01-06 15:27:38,673 Cached:1112.5 MB
2020-01-06 15:28:14,523 ==> Task[1]Epoch[4](200/458): Loss: 0.3385
2020-01-06 15:28:14,525 Allocated:33.03076171875 MB
2020-01-06 15:28:14,525 Cached:1112.5 MB
2020-01-06 15:28:51,795 ==> Task[1]Epoch[4](250/458): Loss: 0.0239
2020-01-06 15:28:51,796 Allocated:33.03076171875 MB
2020-01-06 15:28:51,797 Cached:1112.5 MB
2020-01-06 15:29:27,065 ==> Task[1]Epoch[4](300/458): Loss: 0.1988
2020-01-06 15:29:27,067 Allocated:33.03076171875 MB
2020-01-06 15:29:27,067 Cached:1112.5 MB
2020-01-06 15:30:03,945 ==> Task[1]Epoch[4](350/458): Loss: 0.3116
2020-01-06 15:30:03,947 Allocated:33.03076171875 MB
2020-01-06 15:30:03,947 Cached:1112.5 MB
2020-01-06 15:30:39,825 ==> Task[1]Epoch[4](400/458): Loss: 0.2984
2020-01-06 15:30:39,826 Allocated:33.03076171875 MB
2020-01-06 15:30:39,827 Cached:1112.5 MB
2020-01-06 15:31:16,610 ==> Task[1]Epoch[4](450/458): Loss: 0.2291
2020-01-06 15:31:16,612 Allocated:33.03076171875 MB
2020-01-06 15:31:16,612 Cached:1112.5 MB
2020-01-06 15:31:21,175 ===> Task 1 Epoch 4 Complete: Avg. Loss: 0.2842
2020-01-06 15:31:21,176 begin test:
2020-01-06 15:31:21,177 ====> Extracting Features
2020-01-06 15:31:43,578 ==> Batch (50/123)
2020-01-06 15:31:59,423 ==> Batch (100/123)
2020-01-06 15:32:07,483 ====> Building faiss index
2020-01-06 15:32:07,491 ====> Calculating recall @ N
2020-01-06 15:32:09,509 ====> Recall@1: 0.1304
2020-01-06 15:32:09,509 ====> Recall@2: 0.1696
2020-01-06 15:32:09,510 ====> Recall@3: 0.2018
2020-01-06 15:32:09,510 ====> Recall@4: 0.2271
2020-01-06 15:32:09,511 ====> Recall@5: 0.2517
2020-01-06 15:32:09,511 ====> Recall@10: 0.3370
2020-01-06 15:32:09,511 ====> Recall@15: 0.3946
2020-01-06 15:32:09,511 ====> Recall@20: 0.4409
2020-01-06 15:32:09,512 ====> Recall@25: 0.4796
2020-01-06 15:32:09,569 ====> Building Cache
2020-01-06 15:32:09,569 h5feat cache at: /home/annora/NetVLAD/output/train_feat_cache.hdf5
2020-01-06 15:32:53,784 Allocated:31.03076171875 MB
2020-01-06 15:32:53,785 Cached:3283.125 MB
2020-01-06 15:33:45,524 ==> Task[1]Epoch[5](50/458): Loss: 0.2909
2020-01-06 15:33:45,526 Allocated:33.03076171875 MB
2020-01-06 15:33:45,526 Cached:1112.5 MB
2020-01-06 15:34:20,940 ==> Task[1]Epoch[5](100/458): Loss: 0.2857
2020-01-06 15:34:20,942 Allocated:33.03076171875 MB
2020-01-06 15:34:20,942 Cached:1112.5 MB
2020-01-06 15:34:57,473 ==> Task[1]Epoch[5](150/458): Loss: 0.3113
2020-01-06 15:34:57,475 Allocated:33.03076171875 MB
2020-01-06 15:34:57,475 Cached:1112.5 MB
2020-01-06 15:35:32,052 ==> Task[1]Epoch[5](200/458): Loss: 0.3257
2020-01-06 15:35:32,053 Allocated:33.03076171875 MB
2020-01-06 15:35:32,053 Cached:1112.5 MB
2020-01-06 15:36:04,087 ==> Task[1]Epoch[5](250/458): Loss: 0.0168
2020-01-06 15:36:04,088 Allocated:33.03076171875 MB
2020-01-06 15:36:04,089 Cached:1111.5 MB
2020-01-06 15:36:40,622 ==> Task[1]Epoch[5](300/458): Loss: 0.1483
2020-01-06 15:36:40,624 Allocated:33.03076171875 MB
2020-01-06 15:36:40,624 Cached:1111.5 MB
2020-01-06 15:37:15,451 ==> Task[1]Epoch[5](350/458): Loss: 0.3151
2020-01-06 15:37:15,452 Allocated:33.03076171875 MB
2020-01-06 15:37:15,453 Cached:1111.5 MB
2020-01-06 15:37:49,437 ==> Task[1]Epoch[5](400/458): Loss: 0.4003
2020-01-06 15:37:49,439 Allocated:33.03076171875 MB
2020-01-06 15:37:49,439 Cached:1112.5 MB
2020-01-06 15:38:25,047 ==> Task[1]Epoch[5](450/458): Loss: 0.2131
2020-01-06 15:38:25,049 Allocated:33.03076171875 MB
2020-01-06 15:38:25,049 Cached:1112.5 MB
2020-01-06 15:38:30,824 ===> Task 1 Epoch 5 Complete: Avg. Loss: 0.2616
2020-01-06 15:38:30,825 begin test:
2020-01-06 15:38:30,825 ====> Extracting Features
2020-01-06 15:38:53,118 ==> Batch (50/123)
2020-01-06 15:39:09,839 ==> Batch (100/123)
2020-01-06 15:39:17,182 ====> Building faiss index
2020-01-06 15:39:17,185 ====> Calculating recall @ N
2020-01-06 15:39:19,198 ====> Recall@1: 0.1422
2020-01-06 15:39:19,199 ====> Recall@2: 0.1994
2020-01-06 15:39:19,200 ====> Recall@3: 0.2367
2020-01-06 15:39:19,200 ====> Recall@4: 0.2671
2020-01-06 15:39:19,200 ====> Recall@5: 0.2943
2020-01-06 15:39:19,200 ====> Recall@10: 0.3895
2020-01-06 15:39:19,201 ====> Recall@15: 0.4577
2020-01-06 15:39:19,201 ====> Recall@20: 0.5096
2020-01-06 15:39:19,201 ====> Recall@25: 0.5475
2020-01-06 15:39:19,318 ====> Building Cache
2020-01-06 15:39:19,319 h5feat cache at: /home/annora/NetVLAD/output/train_feat_cache.hdf5
2020-01-06 15:40:03,662 Allocated:31.03076171875 MB
2020-01-06 15:40:03,663 Cached:3283.125 MB
2020-01-06 15:40:55,920 ==> Task[1]Epoch[6](50/458): Loss: 0.2778
2020-01-06 15:40:55,922 Allocated:33.03076171875 MB
2020-01-06 15:40:55,922 Cached:1112.5 MB
2020-01-06 15:41:31,532 ==> Task[1]Epoch[6](100/458): Loss: 0.2991
2020-01-06 15:41:31,534 Allocated:33.03076171875 MB
2020-01-06 15:41:31,534 Cached:1112.5 MB
2020-01-06 15:42:08,484 ==> Task[1]Epoch[6](150/458): Loss: 0.1873
2020-01-06 15:42:08,487 Allocated:33.03076171875 MB
2020-01-06 15:42:08,488 Cached:1112.5 MB
2020-01-06 15:42:44,396 ==> Task[1]Epoch[6](200/458): Loss: 0.2436
2020-01-06 15:42:44,397 Allocated:33.03076171875 MB
2020-01-06 15:42:44,399 Cached:1112.5 MB
2020-01-06 15:43:16,158 ==> Task[1]Epoch[6](250/458): Loss: 0.0086
2020-01-06 15:43:16,160 Allocated:33.03076171875 MB
2020-01-06 15:43:16,161 Cached:1111.5 MB
2020-01-06 15:43:52,220 ==> Task[1]Epoch[6](300/458): Loss: 0.1042
2020-01-06 15:43:52,223 Allocated:33.03076171875 MB
2020-01-06 15:43:52,224 Cached:1111.5 MB
2020-01-06 15:44:27,442 ==> Task[1]Epoch[6](350/458): Loss: 0.2972
2020-01-06 15:44:27,444 Allocated:33.03076171875 MB
2020-01-06 15:44:27,444 Cached:1111.5 MB
2020-01-06 15:45:00,400 ==> Task[1]Epoch[6](400/458): Loss: 0.3586
2020-01-06 15:45:00,402 Allocated:33.03076171875 MB
2020-01-06 15:45:00,402 Cached:1112.5 MB
2020-01-06 15:45:35,500 ==> Task[1]Epoch[6](450/458): Loss: 0.2745
2020-01-06 15:45:35,502 Allocated:33.03076171875 MB
2020-01-06 15:45:35,502 Cached:1112.5 MB
2020-01-06 15:45:41,579 ===> Task 1 Epoch 6 Complete: Avg. Loss: 0.2454
2020-01-06 15:45:41,581 begin test:
2020-01-06 15:45:41,581 ====> Extracting Features
2020-01-06 15:46:04,209 ==> Batch (50/123)
2020-01-06 15:46:20,094 ==> Batch (100/123)
2020-01-06 15:46:28,535 ====> Building faiss index
2020-01-06 15:46:28,544 ====> Calculating recall @ N
2020-01-06 15:46:30,546 ====> Recall@1: 0.1420
2020-01-06 15:46:30,547 ====> Recall@2: 0.1885
2020-01-06 15:46:30,548 ====> Recall@3: 0.2206
2020-01-06 15:46:30,548 ====> Recall@4: 0.2426
2020-01-06 15:46:30,548 ====> Recall@5: 0.2671
2020-01-06 15:46:30,548 ====> Recall@10: 0.3541
2020-01-06 15:46:30,549 ====> Recall@15: 0.4110
2020-01-06 15:46:30,549 ====> Recall@20: 0.4552
2020-01-06 15:46:30,549 ====> Recall@25: 0.4904
2020-01-06 15:46:30,615 ====> Building Cache
2020-01-06 15:46:30,616 h5feat cache at: /home/annora/NetVLAD/output/train_feat_cache.hdf5
2020-01-06 15:47:14,789 Allocated:31.03076171875 MB
2020-01-06 15:47:14,789 Cached:3283.125 MB
2020-01-06 15:48:05,970 ==> Task[1]Epoch[7](50/458): Loss: 0.2745
2020-01-06 15:48:05,971 Allocated:33.03076171875 MB
2020-01-06 15:48:05,972 Cached:1112.5 MB
2020-01-06 15:48:40,876 ==> Task[1]Epoch[7](100/458): Loss: 0.2477
2020-01-06 15:48:40,877 Allocated:33.03076171875 MB
2020-01-06 15:48:40,878 Cached:1112.5 MB
2020-01-06 15:49:17,111 ==> Task[1]Epoch[7](150/458): Loss: 0.1133
2020-01-06 15:49:17,112 Allocated:33.03076171875 MB
2020-01-06 15:49:17,112 Cached:1112.5 MB
2020-01-06 15:49:52,917 ==> Task[1]Epoch[7](200/458): Loss: 0.2015
2020-01-06 15:49:52,918 Allocated:33.03076171875 MB
2020-01-06 15:49:52,918 Cached:1112.5 MB
2020-01-06 15:50:25,284 ==> Task[1]Epoch[7](250/458): Loss: 0.0073
2020-01-06 15:50:25,286 Allocated:33.03076171875 MB
2020-01-06 15:50:25,286 Cached:1111.5 MB
2020-01-06 15:51:00,952 ==> Task[1]Epoch[7](300/458): Loss: 0.1687
2020-01-06 15:51:00,954 Allocated:33.03076171875 MB
2020-01-06 15:51:00,954 Cached:1111.5 MB
2020-01-06 15:51:35,484 ==> Task[1]Epoch[7](350/458): Loss: 0.2617
2020-01-06 15:51:35,486 Allocated:33.03076171875 MB
2020-01-06 15:51:35,486 Cached:1111.5 MB
2020-01-06 15:52:09,626 ==> Task[1]Epoch[7](400/458): Loss: 0.2407
2020-01-06 15:52:09,627 Allocated:33.03076171875 MB
2020-01-06 15:52:09,628 Cached:1111.5 MB
2020-01-06 15:52:43,907 ==> Task[1]Epoch[7](450/458): Loss: 0.1679
2020-01-06 15:52:43,909 Allocated:33.03076171875 MB
2020-01-06 15:52:43,909 Cached:1111.5 MB
2020-01-06 15:52:49,492 ===> Task 1 Epoch 7 Complete: Avg. Loss: 0.2213
2020-01-06 15:52:49,493 begin test:
2020-01-06 15:52:49,493 ====> Extracting Features
2020-01-06 15:53:11,643 ==> Batch (50/123)
2020-01-06 15:53:28,263 ==> Batch (100/123)
2020-01-06 15:53:35,663 ====> Building faiss index
2020-01-06 15:53:35,671 ====> Calculating recall @ N
2020-01-06 15:53:37,609 ====> Recall@1: 0.1433
2020-01-06 15:53:37,609 ====> Recall@2: 0.1932
2020-01-06 15:53:37,610 ====> Recall@3: 0.2312
2020-01-06 15:53:37,610 ====> Recall@4: 0.2589
2020-01-06 15:53:37,610 ====> Recall@5: 0.2843
2020-01-06 15:53:37,611 ====> Recall@10: 0.3797
2020-01-06 15:53:37,611 ====> Recall@15: 0.4544
2020-01-06 15:53:37,611 ====> Recall@20: 0.5114
2020-01-06 15:53:37,611 ====> Recall@25: 0.5580
2020-01-06 15:53:37,675 ====> Building Cache
2020-01-06 15:53:37,676 h5feat cache at: /home/annora/NetVLAD/output/train_feat_cache.hdf5
2020-01-06 15:54:21,354 Allocated:31.03076171875 MB
2020-01-06 15:54:21,355 Cached:3282.125 MB
2020-01-06 15:55:13,111 ==> Task[1]Epoch[8](50/458): Loss: 0.2868
2020-01-06 15:55:13,113 Allocated:33.03076171875 MB
2020-01-06 15:55:13,113 Cached:1112.5 MB
2020-01-06 15:55:49,158 ==> Task[1]Epoch[8](100/458): Loss: 0.3174
2020-01-06 15:55:49,159 Allocated:33.03076171875 MB
2020-01-06 15:55:49,160 Cached:1112.5 MB
2020-01-06 15:56:26,290 ==> Task[1]Epoch[8](150/458): Loss: 0.2807
2020-01-06 15:56:26,293 Allocated:33.03076171875 MB
2020-01-06 15:56:26,294 Cached:1112.5 MB
2020-01-06 15:57:02,541 ==> Task[1]Epoch[8](200/458): Loss: 0.3302
2020-01-06 15:57:02,543 Allocated:33.03076171875 MB
2020-01-06 15:57:02,543 Cached:1112.5 MB
2020-01-06 15:57:35,409 ==> Task[1]Epoch[8](250/458): Loss: 0.0136
2020-01-06 15:57:35,411 Allocated:33.03076171875 MB
2020-01-06 15:57:35,411 Cached:1111.5 MB
2020-01-06 15:58:10,281 ==> Task[1]Epoch[8](300/458): Loss: 0.1133
2020-01-06 15:58:10,283 Allocated:33.03076171875 MB
2020-01-06 15:58:10,284 Cached:1111.5 MB
2020-01-06 15:58:45,744 ==> Task[1]Epoch[8](350/458): Loss: 0.3201
2020-01-06 15:58:45,746 Allocated:33.03076171875 MB
2020-01-06 15:58:45,747 Cached:1112.5 MB
2020-01-06 15:59:18,232 ==> Task[1]Epoch[8](400/458): Loss: 0.2386
2020-01-06 15:59:18,234 Allocated:33.03076171875 MB
2020-01-06 15:59:18,234 Cached:1111.5 MB
2020-01-06 15:59:53,938 ==> Task[1]Epoch[8](450/458): Loss: 0.2567
2020-01-06 15:59:53,939 Allocated:33.03076171875 MB
2020-01-06 15:59:53,940 Cached:1111.5 MB
2020-01-06 15:59:59,706 ===> Task 1 Epoch 8 Complete: Avg. Loss: 0.2563
2020-01-06 15:59:59,710 begin test:
2020-01-06 15:59:59,711 ====> Extracting Features
2020-01-06 16:00:22,103 ==> Batch (50/123)
2020-01-06 16:00:37,905 ==> Batch (100/123)
2020-01-06 16:00:45,915 ====> Building faiss index
2020-01-06 16:00:45,930 ====> Calculating recall @ N
2020-01-06 16:00:47,944 ====> Recall@1: 0.1571
2020-01-06 16:00:47,944 ====> Recall@2: 0.1979
2020-01-06 16:00:47,945 ====> Recall@3: 0.2266
2020-01-06 16:00:47,945 ====> Recall@4: 0.2507
2020-01-06 16:00:47,946 ====> Recall@5: 0.2712
2020-01-06 16:00:47,946 ====> Recall@10: 0.3453
2020-01-06 16:00:47,946 ====> Recall@15: 0.3998
2020-01-06 16:00:47,946 ====> Recall@20: 0.4437
2020-01-06 16:00:47,946 ====> Recall@25: 0.4817
2020-01-06 16:00:48,009 ====> Building Cache
2020-01-06 16:00:48,010 h5feat cache at: /home/annora/NetVLAD/output/train_feat_cache.hdf5
2020-01-06 16:01:31,906 Allocated:31.03076171875 MB
2020-01-06 16:01:31,907 Cached:3282.125 MB
2020-01-06 16:02:22,989 ==> Task[1]Epoch[9](50/458): Loss: 0.3159
2020-01-06 16:02:22,991 Allocated:33.03076171875 MB
2020-01-06 16:02:22,991 Cached:1112.5 MB
2020-01-06 16:02:58,057 ==> Task[1]Epoch[9](100/458): Loss: 0.2114
2020-01-06 16:02:58,059 Allocated:33.03076171875 MB
2020-01-06 16:02:58,059 Cached:1112.5 MB
2020-01-06 16:03:33,757 ==> Task[1]Epoch[9](150/458): Loss: 0.1958
2020-01-06 16:03:33,758 Allocated:33.03076171875 MB
2020-01-06 16:03:33,759 Cached:1112.5 MB
2020-01-06 16:04:09,057 ==> Task[1]Epoch[9](200/458): Loss: 0.1889
2020-01-06 16:04:09,059 Allocated:33.03076171875 MB
2020-01-06 16:04:09,059 Cached:1112.5 MB
2020-01-06 16:04:43,150 ==> Task[1]Epoch[9](250/458): Loss: 0.0122
2020-01-06 16:04:43,152 Allocated:33.03076171875 MB
2020-01-06 16:04:43,152 Cached:1111.5 MB
2020-01-06 16:05:18,906 ==> Task[1]Epoch[9](300/458): Loss: 0.1248
2020-01-06 16:05:18,908 Allocated:33.03076171875 MB
2020-01-06 16:05:18,908 Cached:1111.5 MB
2020-01-06 16:05:53,921 ==> Task[1]Epoch[9](350/458): Loss: 0.2674
2020-01-06 16:05:53,924 Allocated:33.03076171875 MB
2020-01-06 16:05:53,925 Cached:1111.5 MB
2020-01-06 16:06:29,047 ==> Task[1]Epoch[9](400/458): Loss: 0.2020
2020-01-06 16:06:29,048 Allocated:33.03076171875 MB
2020-01-06 16:06:29,049 Cached:1112.5 MB
2020-01-06 16:07:03,810 ==> Task[1]Epoch[9](450/458): Loss: 0.1635
2020-01-06 16:07:03,812 Allocated:33.03076171875 MB
2020-01-06 16:07:03,812 Cached:1112.5 MB
2020-01-06 16:07:10,485 ===> Task 1 Epoch 9 Complete: Avg. Loss: 0.2155
2020-01-06 16:07:10,488 begin test:
2020-01-06 16:07:10,489 ====> Extracting Features
2020-01-06 16:07:32,718 ==> Batch (50/123)
2020-01-06 16:07:49,377 ==> Batch (100/123)
2020-01-06 16:07:56,537 ====> Building faiss index
2020-01-06 16:07:56,544 ====> Calculating recall @ N
2020-01-06 16:07:58,404 ====> Recall@1: 0.1682
2020-01-06 16:07:58,405 ====> Recall@2: 0.2240
2020-01-06 16:07:58,405 ====> Recall@3: 0.2696
2020-01-06 16:07:58,405 ====> Recall@4: 0.3056
2020-01-06 16:07:58,406 ====> Recall@5: 0.3370
2020-01-06 16:07:58,406 ====> Recall@10: 0.4361
2020-01-06 16:07:58,406 ====> Recall@15: 0.5068
2020-01-06 16:07:58,406 ====> Recall@20: 0.5556
2020-01-06 16:07:58,406 ====> Recall@25: 0.5988
2020-01-06 16:07:58,528 ====> Building Cache
2020-01-06 16:07:58,528 h5feat cache at: /home/annora/NetVLAD/output/train_feat_cache.hdf5
2020-01-06 16:08:43,271 Allocated:31.03076171875 MB
2020-01-06 16:08:43,272 Cached:3283.125 MB
2020-01-06 16:09:34,888 ==> Task[1]Epoch[10](50/458): Loss: 0.2906
2020-01-06 16:09:34,890 Allocated:33.03076171875 MB
2020-01-06 16:09:34,890 Cached:1112.5 MB
2020-01-06 16:10:10,405 ==> Task[1]Epoch[10](100/458): Loss: 0.3246
2020-01-06 16:10:10,407 Allocated:33.03076171875 MB
2020-01-06 16:10:10,408 Cached:1111.5 MB
2020-01-06 16:10:47,013 ==> Task[1]Epoch[10](150/458): Loss: 0.2392
2020-01-06 16:10:47,015 Allocated:33.03076171875 MB
2020-01-06 16:10:47,015 Cached:1111.5 MB
2020-01-06 16:11:22,053 ==> Task[1]Epoch[10](200/458): Loss: 0.2027
2020-01-06 16:11:22,055 Allocated:33.03076171875 MB
2020-01-06 16:11:22,055 Cached:1111.5 MB
2020-01-06 16:11:54,167 ==> Task[1]Epoch[10](250/458): Loss: 0.0022
2020-01-06 16:11:54,168 Allocated:33.03076171875 MB
2020-01-06 16:11:54,169 Cached:1111.5 MB
2020-01-06 16:12:29,629 ==> Task[1]Epoch[10](300/458): Loss: 0.1162
2020-01-06 16:12:29,631 Allocated:33.03076171875 MB
2020-01-06 16:12:29,631 Cached:1111.5 MB
2020-01-06 16:13:06,162 ==> Task[1]Epoch[10](350/458): Loss: 0.2452
2020-01-06 16:13:06,168 Allocated:33.03076171875 MB
2020-01-06 16:13:06,173 Cached:1111.5 MB
2020-01-06 16:13:39,307 ==> Task[1]Epoch[10](400/458): Loss: 0.2598
2020-01-06 16:13:39,309 Allocated:33.03076171875 MB
2020-01-06 16:13:39,309 Cached:1111.5 MB
2020-01-06 16:14:15,868 ==> Task[1]Epoch[10](450/458): Loss: 0.1749
2020-01-06 16:14:15,869 Allocated:33.03076171875 MB
2020-01-06 16:14:15,870 Cached:1111.5 MB
2020-01-06 16:14:21,766 ===> Task 1 Epoch 10 Complete: Avg. Loss: 0.2283
2020-01-06 16:14:21,767 begin test:
2020-01-06 16:14:21,768 ====> Extracting Features
2020-01-06 16:14:45,212 ==> Batch (50/123)
2020-01-06 16:15:02,349 ==> Batch (100/123)
2020-01-06 16:15:10,713 ====> Building faiss index
2020-01-06 16:15:10,721 ====> Calculating recall @ N
2020-01-06 16:15:14,423 ====> Recall@1: 0.1718
2020-01-06 16:15:14,424 ====> Recall@2: 0.2227
2020-01-06 16:15:14,428 ====> Recall@3: 0.2542
2020-01-06 16:15:14,428 ====> Recall@4: 0.2809
2020-01-06 16:15:14,432 ====> Recall@5: 0.3013
2020-01-06 16:15:14,433 ====> Recall@10: 0.3783
2020-01-06 16:15:14,433 ====> Recall@15: 0.4332
2020-01-06 16:15:14,434 ====> Recall@20: 0.4719
2020-01-06 16:15:14,435 ====> Recall@25: 0.5057
2020-01-06 16:15:14,528 ====> Building Cache
2020-01-06 16:15:14,530 h5feat cache at: /home/annora/NetVLAD/output/train_feat_cache.hdf5
2020-01-06 16:16:00,313 Allocated:31.03076171875 MB
2020-01-06 16:16:00,314 Cached:3282.125 MB
2020-01-06 16:16:57,299 ==> Task[1]Epoch[11](50/458): Loss: 0.2987
2020-01-06 16:16:57,301 Allocated:33.03076171875 MB
2020-01-06 16:16:57,301 Cached:1112.5 MB
2020-01-06 16:17:35,488 ==> Task[1]Epoch[11](100/458): Loss: 0.2133
2020-01-06 16:17:35,490 Allocated:33.03076171875 MB
2020-01-06 16:17:35,490 Cached:1111.5 MB
2020-01-06 16:18:13,612 ==> Task[1]Epoch[11](150/458): Loss: 0.1009
2020-01-06 16:18:13,614 Allocated:33.03076171875 MB
2020-01-06 16:18:13,614 Cached:1111.5 MB
2020-01-06 16:18:52,085 ==> Task[1]Epoch[11](200/458): Loss: 0.1692
2020-01-06 16:18:52,086 Allocated:33.03076171875 MB
2020-01-06 16:18:52,087 Cached:1111.5 MB
2020-01-06 16:19:24,556 ==> Task[1]Epoch[11](250/458): Loss: 0.0000
2020-01-06 16:19:24,558 Allocated:33.03076171875 MB
2020-01-06 16:19:24,558 Cached:1111.5 MB
2020-01-06 16:20:00,498 ==> Task[1]Epoch[11](300/458): Loss: 0.0930
2020-01-06 16:20:00,500 Allocated:33.03076171875 MB
2020-01-06 16:20:00,500 Cached:1111.5 MB
2020-01-06 16:20:37,333 ==> Task[1]Epoch[11](350/458): Loss: 0.2487
2020-01-06 16:20:37,335 Allocated:33.03076171875 MB
2020-01-06 16:20:37,335 Cached:1111.5 MB
2020-01-06 16:21:10,931 ==> Task[1]Epoch[11](400/458): Loss: 0.1813
2020-01-06 16:21:10,933 Allocated:33.03076171875 MB
2020-01-06 16:21:10,933 Cached:1111.5 MB
2020-01-06 16:21:48,689 ==> Task[1]Epoch[11](450/458): Loss: 0.1280
2020-01-06 16:21:48,690 Allocated:33.03076171875 MB
2020-01-06 16:21:48,691 Cached:1111.5 MB
2020-01-06 16:21:54,614 ===> Task 1 Epoch 11 Complete: Avg. Loss: 0.1964
2020-01-06 16:21:54,615 begin test:
2020-01-06 16:21:54,616 ====> Extracting Features
2020-01-06 16:22:17,769 ==> Batch (50/123)
2020-01-06 16:22:34,769 ==> Batch (100/123)
2020-01-06 16:22:41,939 ====> Building faiss index
2020-01-06 16:22:41,948 ====> Calculating recall @ N
2020-01-06 16:22:43,894 ====> Recall@1: 0.1747
2020-01-06 16:22:43,895 ====> Recall@2: 0.2357
2020-01-06 16:22:43,895 ====> Recall@3: 0.2810
2020-01-06 16:22:43,896 ====> Recall@4: 0.3165
2020-01-06 16:22:43,896 ====> Recall@5: 0.3458
2020-01-06 16:22:43,896 ====> Recall@10: 0.4472
2020-01-06 16:22:43,896 ====> Recall@15: 0.5184
2020-01-06 16:22:43,896 ====> Recall@20: 0.5697
2020-01-06 16:22:43,896 ====> Recall@25: 0.6107
2020-01-06 16:22:44,010 ====> Building Cache
2020-01-06 16:22:44,010 h5feat cache at: /home/annora/NetVLAD/output/train_feat_cache.hdf5
2020-01-06 16:23:30,116 Allocated:31.03076171875 MB
2020-01-06 16:23:30,116 Cached:3282.125 MB
2020-01-06 16:24:26,180 ==> Task[1]Epoch[12](50/458): Loss: 0.2893
2020-01-06 16:24:26,181 Allocated:33.03076171875 MB
2020-01-06 16:24:26,182 Cached:1112.5 MB
2020-01-06 16:25:03,699 ==> Task[1]Epoch[12](100/458): Loss: 0.2699
2020-01-06 16:25:03,701 Allocated:33.03076171875 MB
2020-01-06 16:25:03,701 Cached:1112.5 MB
2020-01-06 16:25:42,434 ==> Task[1]Epoch[12](150/458): Loss: 0.0965
2020-01-06 16:25:42,435 Allocated:33.03076171875 MB
2020-01-06 16:25:42,435 Cached:1112.5 MB
2020-01-06 16:26:19,897 ==> Task[1]Epoch[12](200/458): Loss: 0.2527
2020-01-06 16:26:19,898 Allocated:33.03076171875 MB
2020-01-06 16:26:19,899 Cached:1112.5 MB
2020-01-06 16:26:52,156 ==> Task[1]Epoch[12](250/458): Loss: 0.0061
2020-01-06 16:26:52,157 Allocated:33.03076171875 MB
2020-01-06 16:26:52,157 Cached:1111.5 MB
2020-01-06 16:27:27,688 ==> Task[1]Epoch[12](300/458): Loss: 0.1722
2020-01-06 16:27:27,690 Allocated:33.03076171875 MB
2020-01-06 16:27:27,690 Cached:1111.5 MB
2020-01-06 16:28:04,824 ==> Task[1]Epoch[12](350/458): Loss: 0.2351
2020-01-06 16:28:04,827 Allocated:33.03076171875 MB
2020-01-06 16:28:04,827 Cached:1111.5 MB
2020-01-06 16:28:36,665 ==> Task[1]Epoch[12](400/458): Loss: 0.2229
2020-01-06 16:28:36,668 Allocated:33.03076171875 MB
2020-01-06 16:28:36,669 Cached:1111.5 MB
2020-01-06 16:29:13,277 ==> Task[1]Epoch[12](450/458): Loss: 0.1468
2020-01-06 16:29:13,279 Allocated:33.03076171875 MB
2020-01-06 16:29:13,279 Cached:1112.5 MB
2020-01-06 16:29:19,329 ===> Task 1 Epoch 12 Complete: Avg. Loss: 0.2157
2020-01-06 16:29:19,331 begin test:
2020-01-06 16:29:19,332 ====> Extracting Features
2020-01-06 16:29:42,853 ==> Batch (50/123)
2020-01-06 16:29:59,357 ==> Batch (100/123)
2020-01-06 16:30:07,577 ====> Building faiss index
2020-01-06 16:30:07,591 ====> Calculating recall @ N
2020-01-06 16:30:09,977 ====> Recall@1: 0.1835
2020-01-06 16:30:09,978 ====> Recall@2: 0.2303
2020-01-06 16:30:09,978 ====> Recall@3: 0.2617
2020-01-06 16:30:09,979 ====> Recall@4: 0.2872
2020-01-06 16:30:09,979 ====> Recall@5: 0.3065
2020-01-06 16:30:09,979 ====> Recall@10: 0.3801
2020-01-06 16:30:09,979 ====> Recall@15: 0.4318
2020-01-06 16:30:09,980 ====> Recall@20: 0.4725
2020-01-06 16:30:09,980 ====> Recall@25: 0.5029
2020-01-06 16:30:10,039 ====> Building Cache
2020-01-06 16:30:10,039 h5feat cache at: /home/annora/NetVLAD/output/train_feat_cache.hdf5
2020-01-06 16:30:55,619 Allocated:31.03076171875 MB
2020-01-06 16:30:55,620 Cached:3283.125 MB
2020-01-06 16:31:47,392 ==> Task[1]Epoch[13](50/458): Loss: 0.2676
2020-01-06 16:31:47,394 Allocated:33.03076171875 MB
2020-01-06 16:31:47,394 Cached:1112.5 MB
2020-01-06 16:32:23,791 ==> Task[1]Epoch[13](100/458): Loss: 0.1789
2020-01-06 16:32:23,793 Allocated:33.03076171875 MB
2020-01-06 16:32:23,793 Cached:1111.5 MB
2020-01-06 16:33:01,166 ==> Task[1]Epoch[13](150/458): Loss: 0.0994
2020-01-06 16:33:01,168 Allocated:33.03076171875 MB
2020-01-06 16:33:01,168 Cached:1111.5 MB
2020-01-06 16:33:37,762 ==> Task[1]Epoch[13](200/458): Loss: 0.1498
2020-01-06 16:33:37,765 Allocated:33.03076171875 MB
2020-01-06 16:33:37,766 Cached:1111.5 MB
2020-01-06 16:34:11,361 ==> Task[1]Epoch[13](250/458): Loss: 0.0000
2020-01-06 16:34:11,364 Allocated:33.03076171875 MB
2020-01-06 16:34:11,364 Cached:1111.5 MB
2020-01-06 16:34:46,989 ==> Task[1]Epoch[13](300/458): Loss: 0.0873
2020-01-06 16:34:46,990 Allocated:33.03076171875 MB
2020-01-06 16:34:46,990 Cached:1111.5 MB
2020-01-06 16:35:23,527 ==> Task[1]Epoch[13](350/458): Loss: 0.2203
2020-01-06 16:35:23,528 Allocated:33.03076171875 MB
2020-01-06 16:35:23,528 Cached:1111.5 MB
2020-01-06 16:35:57,141 ==> Task[1]Epoch[13](400/458): Loss: 0.1930
2020-01-06 16:35:57,142 Allocated:33.03076171875 MB
2020-01-06 16:35:57,143 Cached:1111.5 MB
2020-01-06 16:36:32,845 ==> Task[1]Epoch[13](450/458): Loss: 0.1528
2020-01-06 16:36:32,847 Allocated:33.03076171875 MB
2020-01-06 16:36:32,847 Cached:1111.5 MB
2020-01-06 16:36:38,704 ===> Task 1 Epoch 13 Complete: Avg. Loss: 0.1832
2020-01-06 16:36:38,705 begin test:
2020-01-06 16:36:38,705 ====> Extracting Features
2020-01-06 16:37:01,889 ==> Batch (50/123)
2020-01-06 16:37:18,814 ==> Batch (100/123)
2020-01-06 16:37:26,641 ====> Building faiss index
2020-01-06 16:37:26,649 ====> Calculating recall @ N
2020-01-06 16:37:29,434 ====> Recall@1: 0.1901
2020-01-06 16:37:29,435 ====> Recall@2: 0.2555
2020-01-06 16:37:29,438 ====> Recall@3: 0.2992
2020-01-06 16:37:29,439 ====> Recall@4: 0.3324
2020-01-06 16:37:29,439 ====> Recall@5: 0.3595
2020-01-06 16:37:29,440 ====> Recall@10: 0.4711
2020-01-06 16:37:29,441 ====> Recall@15: 0.5394
2020-01-06 16:37:29,442 ====> Recall@20: 0.5896
2020-01-06 16:37:29,443 ====> Recall@25: 0.6291
2020-01-06 16:37:29,589 ====> Building Cache
2020-01-06 16:37:29,590 h5feat cache at: /home/annora/NetVLAD/output/train_feat_cache.hdf5
2020-01-06 16:38:15,491 Allocated:31.03076171875 MB
2020-01-06 16:38:15,492 Cached:3282.125 MB
2020-01-06 16:39:11,757 ==> Task[1]Epoch[14](50/458): Loss: 0.2920
2020-01-06 16:39:11,759 Allocated:33.03076171875 MB
2020-01-06 16:39:11,759 Cached:1112.5 MB
2020-01-06 16:39:49,337 ==> Task[1]Epoch[14](100/458): Loss: 0.2558
2020-01-06 16:39:49,339 Allocated:33.03076171875 MB
2020-01-06 16:39:49,339 Cached:1111.5 MB
2020-01-06 16:40:27,116 ==> Task[1]Epoch[14](150/458): Loss: 0.1098
2020-01-06 16:40:27,117 Allocated:33.03076171875 MB
2020-01-06 16:40:27,118 Cached:1111.5 MB
2020-01-06 16:41:03,600 ==> Task[1]Epoch[14](200/458): Loss: 0.1949
2020-01-06 16:41:03,601 Allocated:33.03076171875 MB
2020-01-06 16:41:03,602 Cached:1111.5 MB
2020-01-06 16:41:35,059 ==> Task[1]Epoch[14](250/458): Loss: 0.0015
2020-01-06 16:41:35,060 Allocated:33.03076171875 MB
2020-01-06 16:41:35,060 Cached:1111.5 MB
2020-01-06 16:42:11,018 ==> Task[1]Epoch[14](300/458): Loss: 0.1199
2020-01-06 16:42:11,021 Allocated:33.03076171875 MB
2020-01-06 16:42:11,021 Cached:1111.5 MB
2020-01-06 16:42:48,011 ==> Task[1]Epoch[14](350/458): Loss: 0.2177
2020-01-06 16:42:48,013 Allocated:33.03076171875 MB
2020-01-06 16:42:48,014 Cached:1112.5 MB
2020-01-06 16:43:18,769 ==> Task[1]Epoch[14](400/458): Loss: 0.2258
2020-01-06 16:43:18,771 Allocated:33.03076171875 MB
2020-01-06 16:43:18,771 Cached:1111.5 MB
2020-01-06 16:43:55,129 ==> Task[1]Epoch[14](450/458): Loss: 0.1540
2020-01-06 16:43:55,131 Allocated:33.03076171875 MB
2020-01-06 16:43:55,131 Cached:1111.5 MB
2020-01-06 16:44:01,353 ===> Task 1 Epoch 14 Complete: Avg. Loss: 0.2025
2020-01-06 16:44:01,354 begin test:
2020-01-06 16:44:01,354 ====> Extracting Features
2020-01-06 16:44:25,000 ==> Batch (50/123)
2020-01-06 16:44:41,608 ==> Batch (100/123)
2020-01-06 16:44:50,039 ====> Building faiss index
2020-01-06 16:44:50,046 ====> Calculating recall @ N
2020-01-06 16:44:52,208 ====> Recall@1: 0.2020
2020-01-06 16:44:52,209 ====> Recall@2: 0.2547
2020-01-06 16:44:52,210 ====> Recall@3: 0.2867
2020-01-06 16:44:52,211 ====> Recall@4: 0.3169
2020-01-06 16:44:52,212 ====> Recall@5: 0.3392
2020-01-06 16:44:52,213 ====> Recall@10: 0.4227
2020-01-06 16:44:52,213 ====> Recall@15: 0.4774
2020-01-06 16:44:52,214 ====> Recall@20: 0.5171
2020-01-06 16:44:52,215 ====> Recall@25: 0.5499
2020-01-06 16:44:52,294 ====> Building Cache
2020-01-06 16:44:52,295 h5feat cache at: /home/annora/NetVLAD/output/train_feat_cache.hdf5
2020-01-06 16:45:38,703 Allocated:31.03076171875 MB
2020-01-06 16:45:38,704 Cached:3282.125 MB
2020-01-06 16:46:34,767 ==> Task[1]Epoch[15](50/458): Loss: 0.2713
2020-01-06 16:46:34,769 Allocated:33.03076171875 MB
2020-01-06 16:46:34,770 Cached:1112.5 MB
2020-01-06 16:47:12,711 ==> Task[1]Epoch[15](100/458): Loss: 0.2364
2020-01-06 16:47:12,713 Allocated:33.03076171875 MB
2020-01-06 16:47:12,713 Cached:1112.5 MB
2020-01-06 16:47:51,263 ==> Task[1]Epoch[15](150/458): Loss: 0.0686
2020-01-06 16:47:51,265 Allocated:33.03076171875 MB
2020-01-06 16:47:51,265 Cached:1112.5 MB
2020-01-06 16:48:28,307 ==> Task[1]Epoch[15](200/458): Loss: 0.1926
2020-01-06 16:48:28,309 Allocated:33.03076171875 MB
2020-01-06 16:48:28,309 Cached:1112.5 MB
2020-01-06 16:49:00,344 ==> Task[1]Epoch[15](250/458): Loss: 0.0142
2020-01-06 16:49:00,345 Allocated:33.03076171875 MB
2020-01-06 16:49:00,345 Cached:1111.5 MB
2020-01-06 16:49:36,492 ==> Task[1]Epoch[15](300/458): Loss: 0.0978
2020-01-06 16:49:36,494 Allocated:33.03076171875 MB
2020-01-06 16:49:36,495 Cached:1111.5 MB
2020-01-06 16:50:11,800 ==> Task[1]Epoch[15](350/458): Loss: 0.1736
2020-01-06 16:50:11,804 Allocated:33.03076171875 MB
2020-01-06 16:50:11,804 Cached:1111.5 MB
2020-01-06 16:50:44,265 ==> Task[1]Epoch[15](400/458): Loss: 0.1858
2020-01-06 16:50:44,267 Allocated:33.03076171875 MB
2020-01-06 16:50:44,267 Cached:1111.5 MB
2020-01-06 16:51:19,997 ==> Task[1]Epoch[15](450/458): Loss: 0.1758
2020-01-06 16:51:20,000 Allocated:33.03076171875 MB
2020-01-06 16:51:20,000 Cached:1111.5 MB
2020-01-06 16:51:25,699 ===> Task 1 Epoch 15 Complete: Avg. Loss: 0.1842
2020-01-06 16:51:25,700 begin test:
2020-01-06 16:51:25,701 ====> Extracting Features
2020-01-06 16:51:48,850 ==> Batch (50/123)
2020-01-06 16:52:05,480 ==> Batch (100/123)
2020-01-06 16:52:13,747 ====> Building faiss index
2020-01-06 16:52:13,755 ====> Calculating recall @ N
2020-01-06 16:52:15,731 ====> Recall@1: 0.2014
2020-01-06 16:52:15,732 ====> Recall@2: 0.2616
2020-01-06 16:52:15,732 ====> Recall@3: 0.3053
2020-01-06 16:52:15,733 ====> Recall@4: 0.3403
2020-01-06 16:52:15,733 ====> Recall@5: 0.3679
2020-01-06 16:52:15,733 ====> Recall@10: 0.4777
2020-01-06 16:52:15,733 ====> Recall@15: 0.5498
2020-01-06 16:52:15,733 ====> Recall@20: 0.5950
2020-01-06 16:52:15,734 ====> Recall@25: 0.6326
2020-01-06 16:52:15,846 ====> Building Cache
2020-01-06 16:52:15,847 h5feat cache at: /home/annora/NetVLAD/output/train_feat_cache.hdf5
2020-01-06 16:53:02,314 Allocated:31.03076171875 MB
2020-01-06 16:53:02,314 Cached:3282.125 MB
2020-01-06 16:53:56,882 ==> Task[1]Epoch[16](50/458): Loss: 0.2114
2020-01-06 16:53:56,884 Allocated:33.03076171875 MB
2020-01-06 16:53:56,884 Cached:1112.5 MB
2020-01-06 16:54:37,577 ==> Task[1]Epoch[16](100/458): Loss: 0.2205
2020-01-06 16:54:37,578 Allocated:33.03076171875 MB
2020-01-06 16:54:37,578 Cached:1112.5 MB
2020-01-06 16:55:17,501 ==> Task[1]Epoch[16](150/458): Loss: 0.0980
2020-01-06 16:55:17,503 Allocated:33.03076171875 MB
2020-01-06 16:55:17,503 Cached:1112.5 MB
2020-01-06 16:55:55,401 ==> Task[1]Epoch[16](200/458): Loss: 0.2147
2020-01-06 16:55:55,403 Allocated:33.03076171875 MB
2020-01-06 16:55:55,403 Cached:1112.5 MB
2020-01-06 16:56:27,221 ==> Task[1]Epoch[16](250/458): Loss: 0.0000
2020-01-06 16:56:27,223 Allocated:33.03076171875 MB
2020-01-06 16:56:27,223 Cached:1111.5 MB
2020-01-06 16:57:02,240 ==> Task[1]Epoch[16](300/458): Loss: 0.1304
2020-01-06 16:57:02,241 Allocated:33.03076171875 MB
2020-01-06 16:57:02,241 Cached:1111.5 MB
2020-01-06 16:57:37,628 ==> Task[1]Epoch[16](350/458): Loss: 0.1595
2020-01-06 16:57:37,629 Allocated:33.03076171875 MB
2020-01-06 16:57:37,630 Cached:1111.5 MB
2020-01-06 16:58:07,803 ==> Task[1]Epoch[16](400/458): Loss: 0.1696
2020-01-06 16:58:07,805 Allocated:33.03076171875 MB
2020-01-06 16:58:07,805 Cached:1111.5 MB
2020-01-06 16:58:45,693 ==> Task[1]Epoch[16](450/458): Loss: 0.1819
2020-01-06 16:58:45,695 Allocated:33.03076171875 MB
2020-01-06 16:58:45,695 Cached:1111.5 MB
2020-01-06 16:58:51,333 ===> Task 1 Epoch 16 Complete: Avg. Loss: 0.1827
2020-01-06 16:58:51,335 begin test:
2020-01-06 16:58:51,336 ====> Extracting Features
2020-01-06 16:59:14,674 ==> Batch (50/123)
2020-01-06 16:59:32,053 ==> Batch (100/123)
2020-01-06 16:59:39,501 ====> Building faiss index
2020-01-06 16:59:39,509 ====> Calculating recall @ N
2020-01-06 16:59:42,730 ====> Recall@1: 0.1931
2020-01-06 16:59:42,731 ====> Recall@2: 0.2467
2020-01-06 16:59:42,732 ====> Recall@3: 0.2805
2020-01-06 16:59:42,732 ====> Recall@4: 0.3081
2020-01-06 16:59:42,732 ====> Recall@5: 0.3270
2020-01-06 16:59:42,733 ====> Recall@10: 0.4073
2020-01-06 16:59:42,735 ====> Recall@15: 0.4545
2020-01-06 16:59:42,736 ====> Recall@20: 0.4946
2020-01-06 16:59:42,737 ====> Recall@25: 0.5289
2020-01-06 16:59:42,802 ====> Building Cache
2020-01-06 16:59:42,802 h5feat cache at: /home/annora/NetVLAD/output/train_feat_cache.hdf5
2020-01-06 17:00:29,268 Allocated:31.03076171875 MB
2020-01-06 17:00:29,269 Cached:3282.125 MB
2020-01-06 17:01:25,577 ==> Task[1]Epoch[17](50/458): Loss: 0.2634
2020-01-06 17:01:25,578 Allocated:33.03076171875 MB
2020-01-06 17:01:25,579 Cached:1112.5 MB
2020-01-06 17:02:01,663 ==> Task[1]Epoch[17](100/458): Loss: 0.1601
2020-01-06 17:02:01,665 Allocated:33.03076171875 MB
2020-01-06 17:02:01,665 Cached:1112.5 MB
2020-01-06 17:02:39,601 ==> Task[1]Epoch[17](150/458): Loss: 0.0661
2020-01-06 17:02:39,602 Allocated:33.03076171875 MB
2020-01-06 17:02:39,603 Cached:1112.5 MB
2020-01-06 17:03:16,187 ==> Task[1]Epoch[17](200/458): Loss: 0.1375
2020-01-06 17:03:16,189 Allocated:33.03076171875 MB
2020-01-06 17:03:16,189 Cached:1112.5 MB
2020-01-06 17:03:47,728 ==> Task[1]Epoch[17](250/458): Loss: 0.0019
2020-01-06 17:03:47,730 Allocated:33.03076171875 MB
2020-01-06 17:03:47,730 Cached:1111.5 MB
2020-01-06 17:04:24,357 ==> Task[1]Epoch[17](300/458): Loss: 0.0652
2020-01-06 17:04:24,359 Allocated:33.03076171875 MB
2020-01-06 17:04:24,360 Cached:1111.5 MB
2020-01-06 17:05:01,016 ==> Task[1]Epoch[17](350/458): Loss: 0.1358
2020-01-06 17:05:01,020 Allocated:33.03076171875 MB
2020-01-06 17:05:01,020 Cached:1111.5 MB
2020-01-06 17:05:34,549 ==> Task[1]Epoch[17](400/458): Loss: 0.1585
2020-01-06 17:05:34,551 Allocated:33.03076171875 MB
2020-01-06 17:05:34,551 Cached:1111.5 MB
2020-01-06 17:06:11,956 ==> Task[1]Epoch[17](450/458): Loss: 0.1670
2020-01-06 17:06:11,958 Allocated:33.03076171875 MB
2020-01-06 17:06:11,958 Cached:1111.5 MB
2020-01-06 17:06:17,664 ===> Task 1 Epoch 17 Complete: Avg. Loss: 0.1658
2020-01-06 17:06:17,665 begin test:
2020-01-06 17:06:17,665 ====> Extracting Features
2020-01-06 17:06:40,854 ==> Batch (50/123)
2020-01-06 17:06:58,012 ==> Batch (100/123)
2020-01-06 17:07:05,955 ====> Building faiss index
2020-01-06 17:07:05,963 ====> Calculating recall @ N
2020-01-06 17:07:07,854 ====> Recall@1: 0.2091
2020-01-06 17:07:07,855 ====> Recall@2: 0.2721
2020-01-06 17:07:07,855 ====> Recall@3: 0.3174
2020-01-06 17:07:07,855 ====> Recall@4: 0.3540
2020-01-06 17:07:07,856 ====> Recall@5: 0.3851
2020-01-06 17:07:07,856 ====> Recall@10: 0.4971
2020-01-06 17:07:07,856 ====> Recall@15: 0.5669
2020-01-06 17:07:07,856 ====> Recall@20: 0.6133
2020-01-06 17:07:07,856 ====> Recall@25: 0.6542
2020-01-06 17:07:07,977 ====> Building Cache
2020-01-06 17:07:07,977 h5feat cache at: /home/annora/NetVLAD/output/train_feat_cache.hdf5
2020-01-06 17:07:54,917 Allocated:31.03076171875 MB
2020-01-06 17:07:54,917 Cached:3282.125 MB
2020-01-06 17:08:49,366 ==> Task[1]Epoch[18](50/458): Loss: 0.2285
2020-01-06 17:08:49,368 Allocated:33.03076171875 MB
2020-01-06 17:08:49,368 Cached:1112.5 MB
2020-01-06 17:09:25,503 ==> Task[1]Epoch[18](100/458): Loss: 0.1837
2020-01-06 17:09:25,504 Allocated:33.03076171875 MB
2020-01-06 17:09:25,505 Cached:1111.5 MB
2020-01-06 17:10:03,375 ==> Task[1]Epoch[18](150/458): Loss: 0.1083
2020-01-06 17:10:03,377 Allocated:33.03076171875 MB
2020-01-06 17:10:03,377 Cached:1111.5 MB
2020-01-06 17:10:40,299 ==> Task[1]Epoch[18](200/458): Loss: 0.2421
2020-01-06 17:10:40,300 Allocated:33.03076171875 MB
2020-01-06 17:10:40,301 Cached:1111.5 MB
2020-01-06 17:11:12,008 ==> Task[1]Epoch[18](250/458): Loss: 0.0000
2020-01-06 17:11:12,010 Allocated:33.03076171875 MB
2020-01-06 17:11:12,010 Cached:1111.5 MB
2020-01-06 17:11:48,137 ==> Task[1]Epoch[18](300/458): Loss: 0.1187
2020-01-06 17:11:48,138 Allocated:33.03076171875 MB
2020-01-06 17:11:48,138 Cached:1111.5 MB
2020-01-06 17:12:24,462 ==> Task[1]Epoch[18](350/458): Loss: 0.1588
2020-01-06 17:12:24,464 Allocated:33.03076171875 MB
2020-01-06 17:12:24,464 Cached:1112.5 MB
2020-01-06 17:12:54,831 ==> Task[1]Epoch[18](400/458): Loss: 0.1481
2020-01-06 17:12:54,833 Allocated:33.03076171875 MB
2020-01-06 17:12:54,833 Cached:1111.5 MB
2020-01-06 17:13:31,044 ==> Task[1]Epoch[18](450/458): Loss: 0.1935
2020-01-06 17:13:31,046 Allocated:33.03076171875 MB
2020-01-06 17:13:31,046 Cached:1112.5 MB
2020-01-06 17:13:36,881 ===> Task 1 Epoch 18 Complete: Avg. Loss: 0.1784
2020-01-06 17:13:36,882 begin test:
2020-01-06 17:13:36,883 ====> Extracting Features
2020-01-06 17:13:59,965 ==> Batch (50/123)
2020-01-06 17:14:16,694 ==> Batch (100/123)
2020-01-06 17:14:24,732 ====> Building faiss index
2020-01-06 17:14:24,739 ====> Calculating recall @ N
2020-01-06 17:14:26,678 ====> Recall@1: 0.2001
2020-01-06 17:14:26,679 ====> Recall@2: 0.2501
2020-01-06 17:14:26,679 ====> Recall@3: 0.2830
2020-01-06 17:14:26,680 ====> Recall@4: 0.3090
2020-01-06 17:14:26,680 ====> Recall@5: 0.3286
2020-01-06 17:14:26,680 ====> Recall@10: 0.4046
2020-01-06 17:14:26,680 ====> Recall@15: 0.4557
2020-01-06 17:14:26,680 ====> Recall@20: 0.5016
2020-01-06 17:14:26,681 ====> Recall@25: 0.5344
2020-01-06 17:14:26,737 ====> Building Cache
2020-01-06 17:14:26,737 h5feat cache at: /home/annora/NetVLAD/output/train_feat_cache.hdf5
2020-01-06 17:15:13,235 Allocated:31.03076171875 MB
2020-01-06 17:15:13,235 Cached:3283.125 MB
2020-01-06 17:16:06,744 ==> Task[1]Epoch[19](50/458): Loss: 0.2477
2020-01-06 17:16:06,745 Allocated:33.03076171875 MB
2020-01-06 17:16:06,746 Cached:1112.5 MB
2020-01-06 17:16:43,265 ==> Task[1]Epoch[19](100/458): Loss: 0.1566
2020-01-06 17:16:43,266 Allocated:33.03076171875 MB
2020-01-06 17:16:43,266 Cached:1111.5 MB
2020-01-06 17:17:22,120 ==> Task[1]Epoch[19](150/458): Loss: 0.0761
2020-01-06 17:17:22,121 Allocated:33.03076171875 MB
2020-01-06 17:17:22,121 Cached:1111.5 MB
2020-01-06 17:18:01,180 ==> Task[1]Epoch[19](200/458): Loss: 0.1482
2020-01-06 17:18:01,184 Allocated:33.03076171875 MB
2020-01-06 17:18:01,186 Cached:1111.5 MB
2020-01-06 17:18:33,681 ==> Task[1]Epoch[19](250/458): Loss: 0.0077
2020-01-06 17:18:33,683 Allocated:33.03076171875 MB
2020-01-06 17:18:33,683 Cached:1111.5 MB
2020-01-06 17:19:09,326 ==> Task[1]Epoch[19](300/458): Loss: 0.0618
2020-01-06 17:19:09,328 Allocated:33.03076171875 MB
2020-01-06 17:19:09,328 Cached:1111.5 MB
2020-01-06 17:19:47,164 ==> Task[1]Epoch[19](350/458): Loss: 0.1213
2020-01-06 17:19:47,166 Allocated:33.03076171875 MB
2020-01-06 17:19:47,166 Cached:1111.5 MB
2020-01-06 17:20:20,197 ==> Task[1]Epoch[19](400/458): Loss: 0.1461
2020-01-06 17:20:20,199 Allocated:33.03076171875 MB
2020-01-06 17:20:20,199 Cached:1111.5 MB
2020-01-06 17:20:56,449 ==> Task[1]Epoch[19](450/458): Loss: 0.1302
2020-01-06 17:20:56,451 Allocated:33.03076171875 MB
2020-01-06 17:20:56,451 Cached:1111.5 MB
2020-01-06 17:21:02,516 ===> Task 1 Epoch 19 Complete: Avg. Loss: 0.1567
2020-01-06 17:21:02,517 begin test:
2020-01-06 17:21:02,517 ====> Extracting Features
2020-01-06 17:21:25,296 ==> Batch (50/123)
2020-01-06 17:21:41,713 ==> Batch (100/123)
2020-01-06 17:21:49,798 ====> Building faiss index
2020-01-06 17:21:49,806 ====> Calculating recall @ N
2020-01-06 17:21:51,623 ====> Recall@1: 0.2142
2020-01-06 17:21:51,624 ====> Recall@2: 0.2829
2020-01-06 17:21:51,624 ====> Recall@3: 0.3285
2020-01-06 17:21:51,625 ====> Recall@4: 0.3650
2020-01-06 17:21:51,625 ====> Recall@5: 0.3962
2020-01-06 17:21:51,625 ====> Recall@10: 0.5072
2020-01-06 17:21:51,625 ====> Recall@15: 0.5728
2020-01-06 17:21:51,625 ====> Recall@20: 0.6228
2020-01-06 17:21:51,626 ====> Recall@25: 0.6659
2020-01-06 17:21:51,743 ====> Building Cache
2020-01-06 17:21:51,744 h5feat cache at: /home/annora/NetVLAD/output/train_feat_cache.hdf5
2020-01-06 17:22:37,549 Allocated:31.03076171875 MB
2020-01-06 17:22:37,550 Cached:3282.125 MB
2020-01-06 17:23:30,606 ==> Task[1]Epoch[20](50/458): Loss: 0.2742
2020-01-06 17:23:30,608 Allocated:33.03076171875 MB
2020-01-06 17:23:30,608 Cached:1112.5 MB
2020-01-06 17:24:06,555 ==> Task[1]Epoch[20](100/458): Loss: 0.1818
2020-01-06 17:24:06,557 Allocated:33.03076171875 MB
2020-01-06 17:24:06,557 Cached:1111.5 MB
2020-01-06 17:24:47,032 ==> Task[1]Epoch[20](150/458): Loss: 0.0988
2020-01-06 17:24:47,033 Allocated:33.03076171875 MB
2020-01-06 17:24:47,034 Cached:1112.5 MB
2020-01-06 17:25:28,677 ==> Task[1]Epoch[20](200/458): Loss: 0.2277
2020-01-06 17:25:28,678 Allocated:33.03076171875 MB
2020-01-06 17:25:28,679 Cached:1112.5 MB
2020-01-06 17:26:01,703 ==> Task[1]Epoch[20](250/458): Loss: 0.0024
2020-01-06 17:26:01,706 Allocated:33.03076171875 MB
2020-01-06 17:26:01,706 Cached:1111.5 MB
2020-01-06 17:26:36,899 ==> Task[1]Epoch[20](300/458): Loss: 0.1230
2020-01-06 17:26:36,900 Allocated:33.03076171875 MB
2020-01-06 17:26:36,900 Cached:1111.5 MB
2020-01-06 17:27:13,235 ==> Task[1]Epoch[20](350/458): Loss: 0.1643
2020-01-06 17:27:13,238 Allocated:33.03076171875 MB
2020-01-06 17:27:13,241 Cached:1111.5 MB
2020-01-06 17:27:43,533 ==> Task[1]Epoch[20](400/458): Loss: 0.1396
2020-01-06 17:27:43,534 Allocated:33.03076171875 MB
2020-01-06 17:27:43,534 Cached:1111.5 MB
2020-01-06 17:28:19,757 ==> Task[1]Epoch[20](450/458): Loss: 0.1465
2020-01-06 17:28:19,758 Allocated:33.03076171875 MB
2020-01-06 17:28:19,759 Cached:1111.5 MB
2020-01-06 17:28:25,849 ===> Task 1 Epoch 20 Complete: Avg. Loss: 0.1761
2020-01-06 17:28:25,850 begin test:
2020-01-06 17:28:25,852 ====> Extracting Features
2020-01-06 17:28:49,314 ==> Batch (50/123)
2020-01-06 17:29:05,611 ==> Batch (100/123)
2020-01-06 17:29:13,626 ====> Building faiss index
2020-01-06 17:29:13,631 ====> Calculating recall @ N
2020-01-06 17:29:17,031 ====> Recall@1: 0.2050
2020-01-06 17:29:17,032 ====> Recall@2: 0.2543
2020-01-06 17:29:17,032 ====> Recall@3: 0.2901
2020-01-06 17:29:17,033 ====> Recall@4: 0.3153
2020-01-06 17:29:17,033 ====> Recall@5: 0.3394
2020-01-06 17:29:17,033 ====> Recall@10: 0.4269
2020-01-06 17:29:17,033 ====> Recall@15: 0.4840
2020-01-06 17:29:17,033 ====> Recall@20: 0.5235
2020-01-06 17:29:17,034 ====> Recall@25: 0.5531
2020-01-06 17:29:17,097 ====> Building Cache
2020-01-06 17:29:17,098 h5feat cache at: /home/annora/NetVLAD/output/train_feat_cache.hdf5
2020-01-06 17:30:03,203 Allocated:31.03076171875 MB
2020-01-06 17:30:03,204 Cached:3282.125 MB
2020-01-06 17:31:01,916 ==> Task[1]Epoch[21](50/458): Loss: 0.2867
2020-01-06 17:31:01,917 Allocated:33.03076171875 MB
2020-01-06 17:31:01,918 Cached:1112.5 MB
2020-01-06 17:31:39,264 ==> Task[1]Epoch[21](100/458): Loss: 0.1672
2020-01-06 17:31:39,265 Allocated:33.03076171875 MB
2020-01-06 17:31:39,266 Cached:1112.5 MB
2020-01-06 17:32:16,810 ==> Task[1]Epoch[21](150/458): Loss: 0.0800
2020-01-06 17:32:16,813 Allocated:33.03076171875 MB
2020-01-06 17:32:16,815 Cached:1112.5 MB
2020-01-06 17:32:52,840 ==> Task[1]Epoch[21](200/458): Loss: 0.1245
2020-01-06 17:32:52,841 Allocated:33.03076171875 MB
2020-01-06 17:32:52,842 Cached:1112.5 MB
2020-01-06 17:33:23,792 ==> Task[1]Epoch[21](250/458): Loss: 0.0000
2020-01-06 17:33:23,794 Allocated:33.03076171875 MB
2020-01-06 17:33:23,794 Cached:1111.5 MB
2020-01-06 17:33:58,319 ==> Task[1]Epoch[21](300/458): Loss: 0.0878
2020-01-06 17:33:58,321 Allocated:33.03076171875 MB
2020-01-06 17:33:58,322 Cached:1111.5 MB
2020-01-06 17:34:33,960 ==> Task[1]Epoch[21](350/458): Loss: 0.1209
2020-01-06 17:34:33,964 Allocated:33.03076171875 MB
2020-01-06 17:34:33,964 Cached:1111.5 MB
2020-01-06 17:35:05,895 ==> Task[1]Epoch[21](400/458): Loss: 0.1311
2020-01-06 17:35:05,897 Allocated:33.03076171875 MB
2020-01-06 17:35:05,897 Cached:1111.5 MB
2020-01-06 17:35:41,712 ==> Task[1]Epoch[21](450/458): Loss: 0.1363
2020-01-06 17:35:41,715 Allocated:33.03076171875 MB
2020-01-06 17:35:41,715 Cached:1111.5 MB
2020-01-06 17:35:47,723 ===> Task 1 Epoch 21 Complete: Avg. Loss: 0.1626
2020-01-06 17:35:47,727 begin test:
2020-01-06 17:35:47,730 ====> Extracting Features
2020-01-06 17:36:12,312 ==> Batch (50/123)
2020-01-06 17:36:29,364 ==> Batch (100/123)
2020-01-06 17:36:37,904 ====> Building faiss index
2020-01-06 17:36:37,916 ====> Calculating recall @ N
2020-01-06 17:36:40,968 ====> Recall@1: 0.2223
2020-01-06 17:36:40,969 ====> Recall@2: 0.2930
2020-01-06 17:36:40,970 ====> Recall@3: 0.3412
2020-01-06 17:36:40,971 ====> Recall@4: 0.3804
2020-01-06 17:36:40,971 ====> Recall@5: 0.4102
2020-01-06 17:36:40,973 ====> Recall@10: 0.5158
2020-01-06 17:36:40,974 ====> Recall@15: 0.5820
2020-01-06 17:36:40,974 ====> Recall@20: 0.6328
2020-01-06 17:36:40,975 ====> Recall@25: 0.6725
2020-01-06 17:36:41,107 ====> Building Cache
2020-01-06 17:36:41,108 h5feat cache at: /home/annora/NetVLAD/output/train_feat_cache.hdf5
2020-01-06 17:37:31,453 Allocated:31.03076171875 MB
2020-01-06 17:37:31,454 Cached:3282.125 MB
2020-01-06 17:38:25,762 ==> Task[1]Epoch[22](50/458): Loss: 0.2652
2020-01-06 17:38:25,764 Allocated:33.03076171875 MB
2020-01-06 17:38:25,765 Cached:1112.5 MB
2020-01-06 17:39:02,143 ==> Task[1]Epoch[22](100/458): Loss: 0.2070
2020-01-06 17:39:02,144 Allocated:33.03076171875 MB
2020-01-06 17:39:02,145 Cached:1112.5 MB
2020-01-06 17:39:40,122 ==> Task[1]Epoch[22](150/458): Loss: 0.0767
2020-01-06 17:39:40,124 Allocated:33.03076171875 MB
2020-01-06 17:39:40,124 Cached:1112.5 MB
2020-01-06 17:40:16,739 ==> Task[1]Epoch[22](200/458): Loss: 0.1926
2020-01-06 17:40:16,741 Allocated:33.03076171875 MB
2020-01-06 17:40:16,742 Cached:1112.5 MB
2020-01-06 17:40:48,609 ==> Task[1]Epoch[22](250/458): Loss: 0.0001
2020-01-06 17:40:48,611 Allocated:33.03076171875 MB
2020-01-06 17:40:48,611 Cached:1111.5 MB
2020-01-06 17:41:24,263 ==> Task[1]Epoch[22](300/458): Loss: 0.1342
2020-01-06 17:41:24,265 Allocated:33.03076171875 MB
2020-01-06 17:41:24,265 Cached:1111.5 MB
2020-01-06 17:42:01,318 ==> Task[1]Epoch[22](350/458): Loss: 0.1727
2020-01-06 17:42:01,320 Allocated:33.03076171875 MB
2020-01-06 17:42:01,320 Cached:1111.5 MB
2020-01-06 17:42:33,720 ==> Task[1]Epoch[22](400/458): Loss: 0.1341
2020-01-06 17:42:33,722 Allocated:33.03076171875 MB
2020-01-06 17:42:33,722 Cached:1111.5 MB
2020-01-06 17:43:12,885 ==> Task[1]Epoch[22](450/458): Loss: 0.1383
2020-01-06 17:43:12,886 Allocated:33.03076171875 MB
2020-01-06 17:43:12,886 Cached:1111.5 MB
2020-01-06 17:43:18,708 ===> Task 1 Epoch 22 Complete: Avg. Loss: 0.1743
2020-01-06 17:43:18,709 begin test:
2020-01-06 17:43:18,710 ====> Extracting Features
2020-01-06 17:43:42,035 ==> Batch (50/123)
2020-01-06 17:43:59,145 ==> Batch (100/123)
2020-01-06 17:44:07,514 ====> Building faiss index
2020-01-06 17:44:07,521 ====> Calculating recall @ N
2020-01-06 17:44:09,502 ====> Recall@1: 0.2112
2020-01-06 17:44:09,503 ====> Recall@2: 0.2638
2020-01-06 17:44:09,503 ====> Recall@3: 0.3002
2020-01-06 17:44:09,504 ====> Recall@4: 0.3245
2020-01-06 17:44:09,504 ====> Recall@5: 0.3461
2020-01-06 17:44:09,504 ====> Recall@10: 0.4344
2020-01-06 17:44:09,504 ====> Recall@15: 0.4940
2020-01-06 17:44:09,504 ====> Recall@20: 0.5325
2020-01-06 17:44:09,504 ====> Recall@25: 0.5657
2020-01-06 17:44:09,562 ====> Building Cache
2020-01-06 17:44:09,563 h5feat cache at: /home/annora/NetVLAD/output/train_feat_cache.hdf5
2020-01-06 17:44:55,693 Allocated:31.03076171875 MB
2020-01-06 17:44:55,693 Cached:3282.125 MB
2020-01-06 17:45:48,936 ==> Task[1]Epoch[23](50/458): Loss: 0.2644
2020-01-06 17:45:48,937 Allocated:33.03076171875 MB
2020-01-06 17:45:48,937 Cached:1112.5 MB
2020-01-06 17:46:24,303 ==> Task[1]Epoch[23](100/458): Loss: 0.1551
2020-01-06 17:46:24,305 Allocated:33.03076171875 MB
2020-01-06 17:46:24,305 Cached:1112.5 MB
2020-01-06 17:47:01,918 ==> Task[1]Epoch[23](150/458): Loss: 0.0889
2020-01-06 17:47:01,919 Allocated:33.03076171875 MB
2020-01-06 17:47:01,919 Cached:1111.5 MB
2020-01-06 17:47:39,988 ==> Task[1]Epoch[23](200/458): Loss: 0.1366
2020-01-06 17:47:39,995 Allocated:33.03076171875 MB
2020-01-06 17:47:39,997 Cached:1111.5 MB
2020-01-06 17:48:14,095 ==> Task[1]Epoch[23](250/458): Loss: 0.0000
2020-01-06 17:48:14,096 Allocated:33.03076171875 MB
2020-01-06 17:48:14,097 Cached:1111.5 MB
2020-01-06 17:48:50,383 ==> Task[1]Epoch[23](300/458): Loss: 0.0677
2020-01-06 17:48:50,385 Allocated:33.03076171875 MB
2020-01-06 17:48:50,386 Cached:1111.5 MB
2020-01-06 17:49:26,839 ==> Task[1]Epoch[23](350/458): Loss: 0.1083
2020-01-06 17:49:26,842 Allocated:33.03076171875 MB
2020-01-06 17:49:26,842 Cached:1111.5 MB
2020-01-06 17:49:59,009 ==> Task[1]Epoch[23](400/458): Loss: 0.1582
2020-01-06 17:49:59,013 Allocated:33.03076171875 MB
2020-01-06 17:49:59,013 Cached:1111.5 MB
2020-01-06 17:50:35,295 ==> Task[1]Epoch[23](450/458): Loss: 0.1426
2020-01-06 17:50:35,299 Allocated:33.03076171875 MB
2020-01-06 17:50:35,299 Cached:1112.5 MB
2020-01-06 17:50:40,852 ===> Task 1 Epoch 23 Complete: Avg. Loss: 0.1620
2020-01-06 17:50:40,853 begin test:
2020-01-06 17:50:40,853 ====> Extracting Features
2020-01-06 17:51:04,245 ==> Batch (50/123)
2020-01-06 17:51:20,975 ==> Batch (100/123)
2020-01-06 17:51:28,675 ====> Building faiss index
2020-01-06 17:51:28,682 ====> Calculating recall @ N
2020-01-06 17:51:30,679 ====> Recall@1: 0.2220
2020-01-06 17:51:30,680 ====> Recall@2: 0.2959
2020-01-06 17:51:30,686 ====> Recall@3: 0.3474
2020-01-06 17:51:30,690 ====> Recall@4: 0.3837
2020-01-06 17:51:30,690 ====> Recall@5: 0.4127
2020-01-06 17:51:30,693 ====> Recall@10: 0.5163
2020-01-06 17:51:30,693 ====> Recall@15: 0.5865
2020-01-06 17:51:30,696 ====> Recall@20: 0.6387
2020-01-06 17:51:30,697 ====> Recall@25: 0.6756
2020-01-06 17:51:30,844 ====> Building Cache
2020-01-06 17:51:30,845 h5feat cache at: /home/annora/NetVLAD/output/train_feat_cache.hdf5
2020-01-06 17:52:17,040 Allocated:31.03076171875 MB
2020-01-06 17:52:17,041 Cached:3283.125 MB
2020-01-06 17:53:11,037 ==> Task[1]Epoch[24](50/458): Loss: 0.2580
2020-01-06 17:53:11,039 Allocated:33.03076171875 MB
2020-01-06 17:53:11,039 Cached:1111.5 MB
2020-01-06 17:53:48,466 ==> Task[1]Epoch[24](100/458): Loss: 0.1895
2020-01-06 17:53:48,469 Allocated:33.03076171875 MB
2020-01-06 17:53:48,469 Cached:1112.5 MB
2020-01-06 17:54:29,105 ==> Task[1]Epoch[24](150/458): Loss: 0.0798
2020-01-06 17:54:29,106 Allocated:33.03076171875 MB
2020-01-06 17:54:29,107 Cached:1112.5 MB
2020-01-06 17:55:07,218 ==> Task[1]Epoch[24](200/458): Loss: 0.1895
2020-01-06 17:55:07,220 Allocated:33.03076171875 MB
2020-01-06 17:55:07,220 Cached:1111.5 MB
2020-01-06 17:55:38,946 ==> Task[1]Epoch[24](250/458): Loss: 0.0020
2020-01-06 17:55:38,948 Allocated:33.03076171875 MB
2020-01-06 17:55:38,948 Cached:1111.5 MB
2020-01-06 17:56:14,294 ==> Task[1]Epoch[24](300/458): Loss: 0.1379
2020-01-06 17:56:14,297 Allocated:33.03076171875 MB
2020-01-06 17:56:14,297 Cached:1111.5 MB
2020-01-06 17:56:52,071 ==> Task[1]Epoch[24](350/458): Loss: 0.1480
2020-01-06 17:56:52,075 Allocated:33.03076171875 MB
2020-01-06 17:56:52,076 Cached:1112.5 MB
2020-01-06 17:57:22,187 ==> Task[1]Epoch[24](400/458): Loss: 0.1357
2020-01-06 17:57:22,196 Allocated:33.03076171875 MB
2020-01-06 17:57:22,204 Cached:1111.5 MB
2020-01-06 17:57:58,929 ==> Task[1]Epoch[24](450/458): Loss: 0.1440
2020-01-06 17:57:58,933 Allocated:33.03076171875 MB
2020-01-06 17:57:58,934 Cached:1112.5 MB
2020-01-06 17:58:04,776 ===> Task 1 Epoch 24 Complete: Avg. Loss: 0.1674
2020-01-06 17:58:04,778 begin test:
2020-01-06 17:58:04,784 ====> Extracting Features
2020-01-06 17:58:29,024 ==> Batch (50/123)
2020-01-06 17:58:46,665 ==> Batch (100/123)
2020-01-06 17:58:54,182 ====> Building faiss index
2020-01-06 17:58:54,189 ====> Calculating recall @ N
2020-01-06 17:58:56,094 ====> Recall@1: 0.2165
2020-01-06 17:58:56,094 ====> Recall@2: 0.2675
2020-01-06 17:58:56,095 ====> Recall@3: 0.3038
2020-01-06 17:58:56,095 ====> Recall@4: 0.3287
2020-01-06 17:58:56,095 ====> Recall@5: 0.3521
2020-01-06 17:58:56,095 ====> Recall@10: 0.4415
2020-01-06 17:58:56,095 ====> Recall@15: 0.5017
2020-01-06 17:58:56,095 ====> Recall@20: 0.5382
2020-01-06 17:58:56,096 ====> Recall@25: 0.5703
2020-01-06 17:58:56,155 ====> Building Cache
2020-01-06 17:58:56,155 h5feat cache at: /home/annora/NetVLAD/output/train_feat_cache.hdf5
2020-01-06 17:59:42,540 Allocated:31.03076171875 MB
2020-01-06 17:59:42,540 Cached:3283.125 MB
2020-01-06 18:00:35,352 ==> Task[1]Epoch[25](50/458): Loss: 0.2800
2020-01-06 18:00:35,354 Allocated:33.03076171875 MB
2020-01-06 18:00:35,354 Cached:1112.5 MB
2020-01-06 18:01:10,553 ==> Task[1]Epoch[25](100/458): Loss: 0.1689
2020-01-06 18:01:10,554 Allocated:33.03076171875 MB
2020-01-06 18:01:10,555 Cached:1111.5 MB
2020-01-06 18:01:47,403 ==> Task[1]Epoch[25](150/458): Loss: 0.1297
2020-01-06 18:01:47,405 Allocated:33.03076171875 MB
2020-01-06 18:01:47,405 Cached:1111.5 MB
2020-01-06 18:02:23,657 ==> Task[1]Epoch[25](200/458): Loss: 0.1915
2020-01-06 18:02:23,659 Allocated:33.03076171875 MB
2020-01-06 18:02:23,659 Cached:1112.5 MB
2020-01-06 18:03:32,347 ==> Task[1]Epoch[25](300/458): Loss: 0.1039
2020-01-06 18:03:32,349 Allocated:33.03076171875 MB
2020-01-06 18:03:32,350 Cached:1111.5 MB
2020-01-06 18:04:09,019 ==> Task[1]Epoch[25](350/458): Loss: 0.1338
2020-01-06 18:04:09,021 Allocated:33.03076171875 MB
2020-01-06 18:04:09,021 Cached:1111.5 MB
2020-01-06 18:04:42,574 ==> Task[1]Epoch[25](400/458): Loss: 0.1628
2020-01-06 18:04:42,575 Allocated:33.03076171875 MB
2020-01-06 18:04:42,576 Cached:1111.5 MB
2020-01-06 18:05:18,689 ==> Task[1]Epoch[25](450/458): Loss: 0.1106
2020-01-06 18:05:18,691 Allocated:33.03076171875 MB
2020-01-06 18:05:18,692 Cached:1111.5 MB
2020-01-06 18:05:25,239 ===> Task 1 Epoch 25 Complete: Avg. Loss: 0.1691
2020-01-06 18:05:25,240 begin test:
2020-01-06 18:05:25,243 ====> Extracting Features
2020-01-06 18:05:49,012 ==> Batch (50/123)
2020-01-06 18:06:06,704 ==> Batch (100/123)
2020-01-06 18:06:14,752 ====> Building faiss index
2020-01-06 18:06:14,766 ====> Calculating recall @ N
2020-01-06 18:06:18,193 ====> Recall@1: 0.2348
2020-01-06 18:06:18,194 ====> Recall@2: 0.3057
2020-01-06 18:06:18,195 ====> Recall@3: 0.3527
2020-01-06 18:06:18,196 ====> Recall@4: 0.3904
2020-01-06 18:06:18,196 ====> Recall@5: 0.4225
2020-01-06 18:06:18,197 ====> Recall@10: 0.5285
2020-01-06 18:06:18,197 ====> Recall@15: 0.5949
2020-01-06 18:06:18,197 ====> Recall@20: 0.6452
2020-01-06 18:06:18,198 ====> Recall@25: 0.6798
2020-01-06 18:06:18,336 ====> Building Cache
2020-01-06 18:06:18,337 h5feat cache at: /home/annora/NetVLAD/output/train_feat_cache.hdf5
2020-01-06 18:07:06,689 Allocated:31.03076171875 MB
2020-01-06 18:07:06,690 Cached:3282.125 MB
2020-01-06 18:08:04,048 ==> Task[1]Epoch[26](50/458): Loss: 0.2509
2020-01-06 18:08:04,049 Allocated:33.03076171875 MB
2020-01-06 18:08:04,049 Cached:1112.5 MB
2020-01-06 18:08:40,578 ==> Task[1]Epoch[26](100/458): Loss: 0.2082
2020-01-06 18:08:40,580 Allocated:33.03076171875 MB
2020-01-06 18:08:40,580 Cached:1112.5 MB
2020-01-06 18:09:18,811 ==> Task[1]Epoch[26](150/458): Loss: 0.0832
2020-01-06 18:09:18,812 Allocated:33.03076171875 MB
2020-01-06 18:09:18,813 Cached:1112.5 MB
2020-01-06 18:09:54,660 ==> Task[1]Epoch[26](200/458): Loss: 0.1889
2020-01-06 18:09:54,662 Allocated:33.03076171875 MB
2020-01-06 18:09:54,662 Cached:1112.5 MB
2020-01-06 18:10:26,322 ==> Task[1]Epoch[26](250/458): Loss: 0.0014
2020-01-06 18:10:26,324 Allocated:33.03076171875 MB
2020-01-06 18:10:26,324 Cached:1111.5 MB
2020-01-06 18:11:01,293 ==> Task[1]Epoch[26](300/458): Loss: 0.1126
2020-01-06 18:11:01,295 Allocated:33.03076171875 MB
2020-01-06 18:11:01,295 Cached:1111.5 MB
2020-01-06 18:11:36,959 ==> Task[1]Epoch[26](350/458): Loss: 0.1879
2020-01-06 18:11:36,961 Allocated:33.03076171875 MB
2020-01-06 18:11:36,961 Cached:1111.5 MB
2020-01-06 18:12:06,365 ==> Task[1]Epoch[26](400/458): Loss: 0.1340
2020-01-06 18:12:06,366 Allocated:33.03076171875 MB
2020-01-06 18:12:06,367 Cached:1111.5 MB
2020-01-06 18:12:41,944 ==> Task[1]Epoch[26](450/458): Loss: 0.1467
2020-01-06 18:12:41,945 Allocated:33.03076171875 MB
2020-01-06 18:12:41,945 Cached:1111.5 MB
2020-01-06 18:12:48,051 ===> Task 1 Epoch 26 Complete: Avg. Loss: 0.1769
2020-01-06 18:12:48,052 begin test:
2020-01-06 18:12:48,053 ====> Extracting Features
2020-01-06 18:13:11,268 ==> Batch (50/123)
2020-01-06 18:13:28,433 ==> Batch (100/123)
2020-01-06 18:13:36,597 ====> Building faiss index
2020-01-06 18:13:36,611 ====> Calculating recall @ N
2020-01-06 18:13:38,716 ====> Recall@1: 0.2262
2020-01-06 18:13:38,717 ====> Recall@2: 0.2865
2020-01-06 18:13:38,717 ====> Recall@3: 0.3223
2020-01-06 18:13:38,718 ====> Recall@4: 0.3506
2020-01-06 18:13:38,718 ====> Recall@5: 0.3766
2020-01-06 18:13:38,718 ====> Recall@10: 0.4631
2020-01-06 18:13:38,718 ====> Recall@15: 0.5192
2020-01-06 18:13:38,718 ====> Recall@20: 0.5615
2020-01-06 18:13:38,719 ====> Recall@25: 0.5962
2020-01-06 18:13:38,783 ====> Building Cache
2020-01-06 18:13:38,783 h5feat cache at: /home/annora/NetVLAD/output/train_feat_cache.hdf5
2020-01-06 18:14:30,289 Allocated:31.03076171875 MB
2020-01-06 18:14:30,290 Cached:3282.125 MB
2020-01-06 18:15:25,295 ==> Task[1]Epoch[27](50/458): Loss: 0.2777
2020-01-06 18:15:25,297 Allocated:33.03076171875 MB
2020-01-06 18:15:25,297 Cached:1111.5 MB
2020-01-06 18:15:59,826 ==> Task[1]Epoch[27](100/458): Loss: 0.1792
2020-01-06 18:15:59,827 Allocated:33.03076171875 MB
2020-01-06 18:15:59,827 Cached:1111.5 MB
2020-01-06 18:16:37,358 ==> Task[1]Epoch[27](150/458): Loss: 0.1379
2020-01-06 18:16:37,359 Allocated:33.03076171875 MB
2020-01-06 18:16:37,359 Cached:1112.5 MB
2020-01-06 18:17:13,403 ==> Task[1]Epoch[27](200/458): Loss: 0.1964
2020-01-06 18:17:13,405 Allocated:33.03076171875 MB
2020-01-06 18:17:13,405 Cached:1112.5 MB
2020-01-06 18:17:44,163 ==> Task[1]Epoch[27](250/458): Loss: 0.0160
2020-01-06 18:17:44,164 Allocated:33.03076171875 MB
2020-01-06 18:17:44,164 Cached:1112.5 MB
2020-01-06 18:18:18,761 ==> Task[1]Epoch[27](300/458): Loss: 0.0849
2020-01-06 18:18:18,764 Allocated:33.03076171875 MB
2020-01-06 18:18:18,764 Cached:1111.5 MB
2020-01-06 18:18:55,242 ==> Task[1]Epoch[27](350/458): Loss: 0.1451
2020-01-06 18:18:55,244 Allocated:33.03076171875 MB
2020-01-06 18:18:55,244 Cached:1111.5 MB
2020-01-06 18:19:26,832 ==> Task[1]Epoch[27](400/458): Loss: 0.1563
2020-01-06 18:19:26,834 Allocated:33.03076171875 MB
2020-01-06 18:19:26,835 Cached:1112.5 MB
2020-01-06 18:20:04,587 ==> Task[1]Epoch[27](450/458): Loss: 0.1253
2020-01-06 18:20:04,589 Allocated:33.03076171875 MB
2020-01-06 18:20:04,589 Cached:1111.5 MB
2020-01-06 18:20:10,632 ===> Task 1 Epoch 27 Complete: Avg. Loss: 0.1716
2020-01-06 18:20:10,634 begin test:
2020-01-06 18:20:10,635 ====> Extracting Features
2020-01-06 18:20:36,178 ==> Batch (50/123)
2020-01-06 18:20:53,803 ==> Batch (100/123)
2020-01-06 18:21:01,999 ====> Building faiss index
2020-01-06 18:21:02,007 ====> Calculating recall @ N
2020-01-06 18:21:03,812 ====> Recall@1: 0.2357
2020-01-06 18:21:03,813 ====> Recall@2: 0.3082
2020-01-06 18:21:03,814 ====> Recall@3: 0.3554
2020-01-06 18:21:03,814 ====> Recall@4: 0.3956
2020-01-06 18:21:03,815 ====> Recall@5: 0.4272
2020-01-06 18:21:03,815 ====> Recall@10: 0.5283
2020-01-06 18:21:03,815 ====> Recall@15: 0.5986
2020-01-06 18:21:03,815 ====> Recall@20: 0.6488
2020-01-06 18:21:03,815 ====> Recall@25: 0.6805
2020-01-06 18:21:03,939 ====> Building Cache
2020-01-06 18:21:03,939 h5feat cache at: /home/annora/NetVLAD/output/train_feat_cache.hdf5
2020-01-06 18:21:50,640 Allocated:31.03076171875 MB
2020-01-06 18:21:50,641 Cached:3282.125 MB
2020-01-06 18:22:44,435 ==> Task[1]Epoch[28](50/458): Loss: 0.2511
2020-01-06 18:22:44,437 Allocated:33.03076171875 MB
2020-01-06 18:22:44,438 Cached:1112.5 MB
2020-01-06 18:23:19,974 ==> Task[1]Epoch[28](100/458): Loss: 0.2108
2020-01-06 18:23:19,976 Allocated:33.03076171875 MB
2020-01-06 18:23:19,976 Cached:1112.5 MB
2020-01-06 18:23:59,304 ==> Task[1]Epoch[28](150/458): Loss: 0.0783
2020-01-06 18:23:59,305 Allocated:33.03076171875 MB
2020-01-06 18:23:59,305 Cached:1111.5 MB
2020-01-06 18:24:37,494 ==> Task[1]Epoch[28](200/458): Loss: 0.1975
2020-01-06 18:24:37,495 Allocated:33.03076171875 MB
2020-01-06 18:24:37,495 Cached:1111.5 MB
2020-01-06 18:25:09,778 ==> Task[1]Epoch[28](250/458): Loss: 0.0014
2020-01-06 18:25:09,779 Allocated:33.03076171875 MB
2020-01-06 18:25:09,779 Cached:1111.5 MB
2020-01-06 18:25:47,244 ==> Task[1]Epoch[28](300/458): Loss: 0.1283
2020-01-06 18:25:47,246 Allocated:33.03076171875 MB
2020-01-06 18:25:47,246 Cached:1111.5 MB
2020-01-06 18:26:27,583 ==> Task[1]Epoch[28](350/458): Loss: 0.1760
2020-01-06 18:26:27,586 Allocated:33.03076171875 MB
2020-01-06 18:26:27,587 Cached:1112.5 MB
2020-01-06 18:26:57,413 ==> Task[1]Epoch[28](400/458): Loss: 0.1143
2020-01-06 18:26:57,415 Allocated:33.03076171875 MB
2020-01-06 18:26:57,416 Cached:1112.5 MB
2020-01-06 18:27:33,448 ==> Task[1]Epoch[28](450/458): Loss: 0.1498
2020-01-06 18:27:33,450 Allocated:33.03076171875 MB
2020-01-06 18:27:33,450 Cached:1111.5 MB
2020-01-06 18:27:39,327 ===> Task 1 Epoch 28 Complete: Avg. Loss: 0.1731
2020-01-06 18:27:39,328 begin test:
2020-01-06 18:27:39,328 ====> Extracting Features
2020-01-06 18:28:02,422 ==> Batch (50/123)
2020-01-06 18:28:18,785 ==> Batch (100/123)
2020-01-06 18:28:26,588 ====> Building faiss index
2020-01-06 18:28:26,595 ====> Calculating recall @ N
2020-01-06 18:28:28,498 ====> Recall@1: 0.2300
2020-01-06 18:28:28,499 ====> Recall@2: 0.2913
2020-01-06 18:28:28,500 ====> Recall@3: 0.3282
2020-01-06 18:28:28,500 ====> Recall@4: 0.3584
2020-01-06 18:28:28,500 ====> Recall@5: 0.3835
2020-01-06 18:28:28,501 ====> Recall@10: 0.4673
2020-01-06 18:28:28,501 ====> Recall@15: 0.5243
2020-01-06 18:28:28,501 ====> Recall@20: 0.5689
2020-01-06 18:28:28,501 ====> Recall@25: 0.6032
2020-01-06 18:28:28,570 ====> Building Cache
2020-01-06 18:28:28,571 h5feat cache at: /home/annora/NetVLAD/output/train_feat_cache.hdf5
2020-01-06 18:29:14,092 Allocated:31.03076171875 MB
2020-01-06 18:29:14,093 Cached:3282.125 MB
2020-01-06 18:30:11,051 ==> Task[1]Epoch[29](50/458): Loss: 0.2789
2020-01-06 18:30:11,056 Allocated:33.03076171875 MB
2020-01-06 18:30:11,057 Cached:1112.5 MB
2020-01-06 18:30:46,005 ==> Task[1]Epoch[29](100/458): Loss: 0.1726
2020-01-06 18:30:46,007 Allocated:33.03076171875 MB
2020-01-06 18:30:46,007 Cached:1111.5 MB
2020-01-06 18:31:22,906 ==> Task[1]Epoch[29](150/458): Loss: 0.1253
2020-01-06 18:31:22,908 Allocated:33.03076171875 MB
2020-01-06 18:31:22,908 Cached:1112.5 MB
2020-01-06 18:32:03,482 ==> Task[1]Epoch[29](200/458): Loss: 0.1935
2020-01-06 18:32:03,484 Allocated:33.03076171875 MB
2020-01-06 18:32:03,485 Cached:1111.5 MB
2020-01-06 18:32:37,631 ==> Task[1]Epoch[29](250/458): Loss: 0.0000
2020-01-06 18:32:37,632 Allocated:33.03076171875 MB
2020-01-06 18:32:37,632 Cached:1111.5 MB
2020-01-06 18:33:12,454 ==> Task[1]Epoch[29](300/458): Loss: 0.0835
2020-01-06 18:33:12,458 Allocated:33.03076171875 MB
2020-01-06 18:33:12,460 Cached:1111.5 MB
2020-01-06 18:33:48,425 ==> Task[1]Epoch[29](350/458): Loss: 0.1438
2020-01-06 18:33:48,429 Allocated:33.03076171875 MB
2020-01-06 18:33:48,430 Cached:1111.5 MB
2020-01-06 18:34:19,804 ==> Task[1]Epoch[29](400/458): Loss: 0.1572
2020-01-06 18:34:19,807 Allocated:33.03076171875 MB
2020-01-06 18:34:19,809 Cached:1111.5 MB
2020-01-06 18:34:55,985 ==> Task[1]Epoch[29](450/458): Loss: 0.1281
2020-01-06 18:34:55,991 Allocated:33.03076171875 MB
2020-01-06 18:34:55,992 Cached:1111.5 MB
2020-01-06 18:35:01,814 ===> Task 1 Epoch 29 Complete: Avg. Loss: 0.1685
2020-01-06 18:35:01,815 begin test:
2020-01-06 18:35:01,816 ====> Extracting Features
2020-01-06 18:35:24,755 ==> Batch (50/123)
2020-01-06 18:35:41,160 ==> Batch (100/123)
2020-01-06 18:35:49,015 ====> Building faiss index
2020-01-06 18:35:49,024 ====> Calculating recall @ N
2020-01-06 18:35:51,591 ====> Recall@1: 0.2362
2020-01-06 18:35:51,592 ====> Recall@2: 0.3089
2020-01-06 18:35:51,596 ====> Recall@3: 0.3594
2020-01-06 18:35:51,597 ====> Recall@4: 0.3963
2020-01-06 18:35:51,600 ====> Recall@5: 0.4303
2020-01-06 18:35:51,600 ====> Recall@10: 0.5327
2020-01-06 18:35:51,601 ====> Recall@15: 0.5990
2020-01-06 18:35:51,601 ====> Recall@20: 0.6492
2020-01-06 18:35:51,602 ====> Recall@25: 0.6851
2020-01-06 18:35:51,753 ====> Building Cache
2020-01-06 18:35:51,754 h5feat cache at: /home/annora/NetVLAD/output/train_feat_cache.hdf5
2020-01-06 18:36:37,737 Allocated:31.03076171875 MB
2020-01-06 18:36:37,738 Cached:3282.125 MB
2020-01-06 18:37:36,413 ==> Task[1]Epoch[30](50/458): Loss: 0.2689
2020-01-06 18:37:36,415 Allocated:33.03076171875 MB
2020-01-06 18:37:36,415 Cached:1111.5 MB
2020-01-06 18:38:17,028 ==> Task[1]Epoch[30](100/458): Loss: 0.2429
2020-01-06 18:38:17,030 Allocated:33.03076171875 MB
2020-01-06 18:38:17,031 Cached:1112.5 MB
2020-01-06 18:38:55,605 ==> Task[1]Epoch[30](150/458): Loss: 0.1038
2020-01-06 18:38:55,607 Allocated:33.03076171875 MB
2020-01-06 18:38:55,607 Cached:1112.5 MB
2020-01-06 18:39:33,278 ==> Task[1]Epoch[30](200/458): Loss: 0.2095
2020-01-06 18:39:33,281 Allocated:33.03076171875 MB
2020-01-06 18:39:33,281 Cached:1111.5 MB
2020-01-06 18:40:04,243 ==> Task[1]Epoch[30](250/458): Loss: 0.0000
2020-01-06 18:40:04,244 Allocated:33.03076171875 MB
2020-01-06 18:40:04,245 Cached:1111.5 MB
2020-01-06 18:40:38,690 ==> Task[1]Epoch[30](300/458): Loss: 0.1161
2020-01-06 18:40:38,692 Allocated:33.03076171875 MB
2020-01-06 18:40:38,692 Cached:1111.5 MB
2020-01-06 18:41:14,019 ==> Task[1]Epoch[30](350/458): Loss: 0.1933
2020-01-06 18:41:14,023 Allocated:33.03076171875 MB
2020-01-06 18:41:14,024 Cached:1111.5 MB
2020-01-06 18:41:43,449 ==> Task[1]Epoch[30](400/458): Loss: 0.1195
2020-01-06 18:41:43,451 Allocated:33.03076171875 MB
2020-01-06 18:41:43,451 Cached:1111.5 MB
2020-01-06 18:42:19,184 ==> Task[1]Epoch[30](450/458): Loss: 0.1631
2020-01-06 18:42:19,186 Allocated:33.03076171875 MB
2020-01-06 18:42:19,186 Cached:1111.5 MB
2020-01-06 18:42:24,883 ===> Task 1 Epoch 30 Complete: Avg. Loss: 0.1834
2020-01-06 18:42:24,884 begin test:
2020-01-06 18:42:24,885 ====> Extracting Features
2020-01-06 18:42:47,594 ==> Batch (50/123)
2020-01-06 18:43:05,109 ==> Batch (100/123)
2020-01-06 18:43:14,264 ====> Building faiss index
2020-01-06 18:43:14,271 ====> Calculating recall @ N
2020-01-06 18:43:16,291 ====> Recall@1: 0.2491
2020-01-06 18:43:16,291 ====> Recall@2: 0.3144
2020-01-06 18:43:16,292 ====> Recall@3: 0.3558
2020-01-06 18:43:16,292 ====> Recall@4: 0.3893
2020-01-06 18:43:16,292 ====> Recall@5: 0.4148
2020-01-06 18:43:16,292 ====> Recall@10: 0.5070
2020-01-06 18:43:16,293 ====> Recall@15: 0.5685
2020-01-06 18:43:16,293 ====> Recall@20: 0.6111
2020-01-06 18:43:16,293 ====> Recall@25: 0.6452
2020-01-06 18:43:16,351 => Best Recall@5: 0.4303
