2020-01-11 19:45:23,457 Namespace(arch='alexnet', batchSize=12, cacheBatchSize=96, cachePath='/home/annora/NetVLAD/output/', cacheRefreshRate=3000, ckpt='best', contilearn=False, dataPath='/home/annora/NetVLAD/output/data/', dataset='robotcar', evalEvery=1, fromscratch=True, fromtask='', lr=0.0001, lrGamma=0.5, lrStep=5, margin=0.1, mode='train', momentum=0.9, nEpochs=30, nGPU=1, nocuda=False, num_clusters=64, optim='SGD', patience=10, pooling='netvlad', premodel='imagenet', resume='', runsPath='/home/annora/NetVLAD/output/runs/', savePath='checkpoints', seed=123, split='val', start_epoch=0, threads=8, vladv2=False, weightDecay=0.001)
2020-01-11 19:45:23,551 ===> Loading dataset(s)
2020-01-11 19:45:23,551 trainfile ------>>>>>> oxRobocar_single_train.mat
2020-01-11 19:45:26,320 ====> Training set: oxRobocar_single_train.mat, query set count: 6636
2020-01-11 19:45:26,429 ===> Evaluating on val set: oxRobocar_single_val.mat, query count: 3450
2020-01-11 19:45:26,429 ===> Building model
2020-01-11 19:45:26,479 encoder moder:
AlexNet(
  (conv1): Sequential(
    (0): Conv2d(3, 64, kernel_size=(11, 11), stride=(4, 4), padding=(2, 2))
    (1): ReLU(inplace)
    (2): MaxPool2d(kernel_size=3, stride=2, padding=0, dilation=1, ceil_mode=False)
  )
  (conv2): Sequential(
    (0): Conv2d(64, 192, kernel_size=(5, 5), stride=(1, 1), padding=(2, 2))
    (1): ReLU(inplace)
    (2): MaxPool2d(kernel_size=3, stride=2, padding=0, dilation=1, ceil_mode=False)
  )
  (conv3): Sequential(
    (0): Conv2d(192, 384, kernel_size=(3, 3), stride=(1, 1), padding=(1, 1))
    (1): ReLU(inplace)
  )
  (conv4): Sequential(
    (0): Conv2d(384, 256, kernel_size=(3, 3), stride=(1, 1), padding=(1, 1))
    (1): ReLU(inplace)
  )
  (conv5): Sequential(
    (0): Conv2d(256, 256, kernel_size=(3, 3), stride=(1, 1), padding=(1, 1))
  )
)
2020-01-11 19:45:30,536 ===> Training model
2020-01-11 19:45:30,538 ===> Saving state to: /home/annora/NetVLAD/output/runs/2020-01-11-19-45-30_alexnet_netvlad
2020-01-11 19:45:30,538 ====> Building Cache
2020-01-11 19:45:30,539 feature cache--->>> /home/annora/NetVLAD/output/train_feat_cache3.hdf5
2020-01-11 19:46:55,331 Allocated:11.71826171875 MB
2020-01-11 19:46:55,332 Cached:2778.125 MB
2020-01-11 19:49:00,575 ==> Epoch[1](50/553): Loss: 0.2083
2020-01-11 19:49:00,579 Allocated:33.15576171875 MB
2020-01-11 19:49:00,579 Cached:6669.125 MB
2020-01-11 19:50:23,009 ==> Epoch[1](100/553): Loss: 0.1371
2020-01-11 19:50:23,010 Allocated:33.15576171875 MB
2020-01-11 19:50:23,011 Cached:6669.125 MB
2020-01-11 19:51:42,880 ==> Epoch[1](150/553): Loss: 0.1354
2020-01-11 19:51:42,881 Allocated:33.15576171875 MB
2020-01-11 19:51:42,882 Cached:6669.125 MB
2020-01-11 19:52:41,052 ====> Building Cache
2020-01-11 19:52:41,053 feature cache--->>> /home/annora/NetVLAD/output/train_feat_cache3.hdf5
2020-01-11 19:54:04,381 Allocated:33.1552734375 MB
2020-01-11 19:54:04,382 Cached:3386.375 MB
2020-01-11 19:55:05,542 ==> Epoch[1](200/553): Loss: 0.2709
2020-01-11 19:55:05,546 Allocated:33.15576171875 MB
2020-01-11 19:55:05,547 Cached:7274.375 MB
2020-01-11 19:56:44,026 ==> Epoch[1](250/553): Loss: 0.1508
2020-01-11 19:56:44,028 Allocated:33.15576171875 MB
2020-01-11 19:56:44,029 Cached:7274.375 MB
2020-01-11 19:58:04,647 ==> Epoch[1](300/553): Loss: 0.0913
2020-01-11 19:58:04,649 Allocated:33.15576171875 MB
2020-01-11 19:58:04,649 Cached:7274.375 MB
2020-01-11 19:59:23,768 ==> Epoch[1](350/553): Loss: 0.1933
2020-01-11 19:59:23,771 Allocated:33.15576171875 MB
2020-01-11 19:59:23,771 Cached:7274.375 MB
2020-01-11 19:59:52,613 ====> Building Cache
2020-01-11 19:59:52,614 feature cache--->>> /home/annora/NetVLAD/output/train_feat_cache3.hdf5
2020-01-11 20:01:12,398 Allocated:33.1552734375 MB
2020-01-11 20:01:12,399 Cached:3385.375 MB
2020-01-11 20:02:51,419 ==> Epoch[1](400/553): Loss: 0.2230
2020-01-11 20:02:51,422 Allocated:33.15576171875 MB
2020-01-11 20:02:51,422 Cached:7274.375 MB
2020-01-11 20:04:19,191 ==> Epoch[1](450/553): Loss: 0.1680
2020-01-11 20:04:19,193 Allocated:33.15576171875 MB
2020-01-11 20:04:19,193 Cached:7274.375 MB
2020-01-11 20:05:50,029 ==> Epoch[1](500/553): Loss: 0.1448
2020-01-11 20:05:50,031 Allocated:33.15576171875 MB
2020-01-11 20:05:50,031 Cached:7274.375 MB
2020-01-11 20:07:12,528 ==> Epoch[1](550/553): Loss: 0.1341
2020-01-11 20:07:12,530 Allocated:33.15576171875 MB
2020-01-11 20:07:12,530 Cached:7274.375 MB
2020-01-11 20:07:14,780 ===> Epoch 1 Complete: Avg. Loss: 0.1684
2020-01-11 20:07:14,781 ====> Extracting Features
2020-01-11 20:07:52,390 ==> Batch (50/108)
2020-01-11 20:08:17,056 ==> Batch (100/108)
2020-01-11 20:08:22,211 ====> Building faiss index
2020-01-11 20:08:22,566 ====> Calculating recall @ N
2020-01-11 20:08:25,151 ====> Recall@1: 0.3368
2020-01-11 20:08:25,152 ====> Recall@2: 0.4070
2020-01-11 20:08:25,152 ====> Recall@3: 0.4406
2020-01-11 20:08:25,152 ====> Recall@4: 0.4791
2020-01-11 20:08:25,153 ====> Recall@5: 0.5000
2020-01-11 20:08:25,153 ====> Recall@10: 0.5623
2020-01-11 20:08:25,153 ====> Recall@15: 0.5913
2020-01-11 20:08:25,154 ====> Recall@20: 0.6177
2020-01-11 20:08:25,154 ====> Recall@25: 0.6348
2020-01-11 20:08:25,269 ====> Building Cache
2020-01-11 20:08:25,269 feature cache--->>> /home/annora/NetVLAD/output/train_feat_cache3.hdf5
2020-01-11 20:09:45,620 Allocated:31.15576171875 MB
2020-01-11 20:09:45,620 Cached:4239.125 MB
2020-01-11 20:11:50,236 ==> Epoch[2](50/553): Loss: 0.1003
2020-01-11 20:11:50,238 Allocated:33.15576171875 MB
2020-01-11 20:11:50,238 Cached:8129.125 MB
2020-01-11 20:13:12,724 ==> Epoch[2](100/553): Loss: 0.0626
2020-01-11 20:13:12,726 Allocated:33.15576171875 MB
2020-01-11 20:13:12,726 Cached:8129.125 MB
2020-01-11 20:14:41,694 ==> Epoch[2](150/553): Loss: 0.0347
2020-01-11 20:14:41,697 Allocated:33.15576171875 MB
2020-01-11 20:14:41,697 Cached:8129.125 MB
2020-01-11 20:15:38,377 ====> Building Cache
2020-01-11 20:15:38,378 feature cache--->>> /home/annora/NetVLAD/output/train_feat_cache3.hdf5
2020-01-11 20:16:57,465 Allocated:33.1552734375 MB
2020-01-11 20:16:57,466 Cached:3386.375 MB
2020-01-11 20:17:57,649 ==> Epoch[2](200/553): Loss: 0.1946
2020-01-11 20:17:57,652 Allocated:33.15576171875 MB
2020-01-11 20:17:57,652 Cached:7275.375 MB
2020-01-11 20:19:28,756 ==> Epoch[2](250/553): Loss: 0.0487
2020-01-11 20:19:28,758 Allocated:33.15576171875 MB
2020-01-11 20:19:28,758 Cached:7275.375 MB
2020-01-11 20:20:53,216 ==> Epoch[2](300/553): Loss: 0.1378
2020-01-11 20:20:53,219 Allocated:33.15576171875 MB
2020-01-11 20:20:53,219 Cached:7275.375 MB
2020-01-11 20:22:15,520 ==> Epoch[2](350/553): Loss: 0.1394
2020-01-11 20:22:15,523 Allocated:33.15576171875 MB
2020-01-11 20:22:15,523 Cached:7275.375 MB
2020-01-11 20:22:42,754 ====> Building Cache
2020-01-11 20:22:42,755 feature cache--->>> /home/annora/NetVLAD/output/train_feat_cache3.hdf5
2020-01-11 20:24:04,000 Allocated:33.1552734375 MB
2020-01-11 20:24:04,001 Cached:3386.375 MB
2020-01-11 20:25:30,878 ==> Epoch[2](400/553): Loss: 0.2022
2020-01-11 20:25:30,882 Allocated:33.15576171875 MB
2020-01-11 20:25:30,883 Cached:7275.375 MB
2020-01-11 20:26:52,486 ==> Epoch[2](450/553): Loss: 0.1772
2020-01-11 20:26:52,488 Allocated:33.15576171875 MB
2020-01-11 20:26:52,489 Cached:7275.375 MB
2020-01-11 20:28:28,645 ==> Epoch[2](500/553): Loss: 0.1151
2020-01-11 20:28:28,647 Allocated:33.15576171875 MB
2020-01-11 20:28:28,647 Cached:7275.375 MB
2020-01-11 20:29:49,493 ==> Epoch[2](550/553): Loss: 0.0409
2020-01-11 20:29:49,494 Allocated:33.15576171875 MB
2020-01-11 20:29:49,495 Cached:7275.375 MB
2020-01-11 20:29:51,980 ===> Epoch 2 Complete: Avg. Loss: 0.1107
2020-01-11 20:29:51,981 ====> Extracting Features
2020-01-11 20:30:27,181 ==> Batch (50/108)
2020-01-11 20:30:48,570 ==> Batch (100/108)
2020-01-11 20:30:53,008 ====> Building faiss index
2020-01-11 20:30:53,351 ====> Calculating recall @ N
2020-01-11 20:30:55,837 ====> Recall@1: 0.3826
2020-01-11 20:30:55,838 ====> Recall@2: 0.4449
2020-01-11 20:30:55,839 ====> Recall@3: 0.4809
2020-01-11 20:30:55,839 ====> Recall@4: 0.5003
2020-01-11 20:30:55,840 ====> Recall@5: 0.5243
2020-01-11 20:30:55,840 ====> Recall@10: 0.5942
2020-01-11 20:30:55,840 ====> Recall@15: 0.6249
2020-01-11 20:30:55,840 ====> Recall@20: 0.6470
2020-01-11 20:30:55,840 ====> Recall@25: 0.6664
2020-01-11 20:30:56,039 ====> Building Cache
2020-01-11 20:30:56,040 feature cache--->>> /home/annora/NetVLAD/output/train_feat_cache3.hdf5
2020-01-11 20:32:17,435 Allocated:31.15576171875 MB
2020-01-11 20:32:17,436 Cached:4239.125 MB
2020-01-11 20:34:32,470 ==> Epoch[3](50/553): Loss: 0.1279
2020-01-11 20:34:32,473 Allocated:33.15576171875 MB
2020-01-11 20:34:32,474 Cached:8129.125 MB
2020-01-11 20:35:53,704 ==> Epoch[3](100/553): Loss: 0.0950
2020-01-11 20:35:53,707 Allocated:33.15576171875 MB
2020-01-11 20:35:53,707 Cached:8129.125 MB
2020-01-11 20:37:09,030 ==> Epoch[3](150/553): Loss: 0.0505
2020-01-11 20:37:09,033 Allocated:33.15576171875 MB
2020-01-11 20:37:09,033 Cached:8129.125 MB
2020-01-11 20:38:00,900 ====> Building Cache
2020-01-11 20:38:00,901 feature cache--->>> /home/annora/NetVLAD/output/train_feat_cache3.hdf5
2020-01-11 20:39:20,303 Allocated:33.1552734375 MB
2020-01-11 20:39:20,304 Cached:3386.375 MB
2020-01-11 20:40:21,440 ==> Epoch[3](200/553): Loss: 0.2370
2020-01-11 20:40:21,444 Allocated:33.15576171875 MB
2020-01-11 20:40:21,444 Cached:5889.25 MB
2020-01-11 20:41:43,526 ==> Epoch[3](250/553): Loss: 0.1622
2020-01-11 20:41:43,528 Allocated:33.15576171875 MB
2020-01-11 20:41:43,529 Cached:7152.75 MB
2020-01-11 20:42:57,042 ==> Epoch[3](300/553): Loss: 0.1101
2020-01-11 20:42:57,045 Allocated:33.15576171875 MB
2020-01-11 20:42:57,045 Cached:9689.375 MB
2020-01-11 20:44:17,314 ==> Epoch[3](350/553): Loss: 0.0937
2020-01-11 20:44:17,316 Allocated:33.15576171875 MB
2020-01-11 20:44:17,317 Cached:5982.375 MB
2020-01-11 20:44:42,388 ====> Building Cache
2020-01-11 20:44:42,389 feature cache--->>> /home/annora/NetVLAD/output/train_feat_cache3.hdf5
2020-01-11 20:46:02,467 Allocated:33.1552734375 MB
2020-01-11 20:46:02,467 Cached:3386.375 MB
2020-01-11 20:47:27,928 ==> Epoch[3](400/553): Loss: 0.0921
2020-01-11 20:47:27,931 Allocated:33.15576171875 MB
2020-01-11 20:47:27,931 Cached:8458.125 MB
2020-01-11 20:48:44,404 ==> Epoch[3](450/553): Loss: 0.0629
2020-01-11 20:48:44,406 Allocated:33.15576171875 MB
2020-01-11 20:48:44,407 Cached:8458.125 MB
2020-01-11 20:50:09,718 ==> Epoch[3](500/553): Loss: 0.0505
2020-01-11 20:50:09,720 Allocated:33.15576171875 MB
2020-01-11 20:50:09,721 Cached:8458.125 MB
2020-01-11 20:51:24,785 ==> Epoch[3](550/553): Loss: 0.0565
2020-01-11 20:51:24,788 Allocated:33.15576171875 MB
2020-01-11 20:51:24,788 Cached:8458.125 MB
2020-01-11 20:51:27,717 ===> Epoch 3 Complete: Avg. Loss: 0.0970
2020-01-11 20:51:27,718 ====> Extracting Features
2020-01-11 20:52:00,287 ==> Batch (50/108)
2020-01-11 20:52:26,755 ==> Batch (100/108)
2020-01-11 20:52:31,986 ====> Building faiss index
2020-01-11 20:52:32,433 ====> Calculating recall @ N
2020-01-11 20:52:35,744 ====> Recall@1: 0.4333
2020-01-11 20:52:35,745 ====> Recall@2: 0.4907
2020-01-11 20:52:35,746 ====> Recall@3: 0.5171
2020-01-11 20:52:35,746 ====> Recall@4: 0.5354
2020-01-11 20:52:35,746 ====> Recall@5: 0.5568
2020-01-11 20:52:35,746 ====> Recall@10: 0.6243
2020-01-11 20:52:35,746 ====> Recall@15: 0.6586
2020-01-11 20:52:35,747 ====> Recall@20: 0.6806
2020-01-11 20:52:35,747 ====> Recall@25: 0.6977
2020-01-11 20:52:35,953 ====> Building Cache
2020-01-11 20:52:35,954 feature cache--->>> /home/annora/NetVLAD/output/train_feat_cache3.hdf5
2020-01-11 20:54:03,862 Allocated:31.15576171875 MB
2020-01-11 20:54:03,863 Cached:4239.125 MB
2020-01-11 20:55:58,574 ==> Epoch[4](50/553): Loss: 0.0419
2020-01-11 20:55:58,577 Allocated:33.15576171875 MB
2020-01-11 20:55:58,578 Cached:3996.25 MB
2020-01-11 20:57:13,106 ==> Epoch[4](100/553): Loss: 0.0821
2020-01-11 20:57:13,108 Allocated:33.15576171875 MB
2020-01-11 20:57:13,108 Cached:6591.875 MB
2020-01-11 20:58:25,342 ==> Epoch[4](150/553): Loss: 0.0291
2020-01-11 20:58:25,344 Allocated:33.15576171875 MB
2020-01-11 20:58:25,345 Cached:6591.875 MB
2020-01-11 20:59:17,525 ====> Building Cache
2020-01-11 20:59:17,526 feature cache--->>> /home/annora/NetVLAD/output/train_feat_cache3.hdf5
2020-01-11 21:00:37,688 Allocated:33.1552734375 MB
2020-01-11 21:00:37,689 Cached:3386.375 MB
2020-01-11 21:01:32,903 ==> Epoch[4](200/553): Loss: 0.0765
2020-01-11 21:01:32,905 Allocated:33.15576171875 MB
2020-01-11 21:01:32,905 Cached:5866.875 MB
2020-01-11 21:03:05,452 ==> Epoch[4](250/553): Loss: 0.1509
2020-01-11 21:03:05,455 Allocated:33.15576171875 MB
2020-01-11 21:03:05,455 Cached:4855.25 MB
2020-01-11 21:04:34,157 ==> Epoch[4](300/553): Loss: 0.0759
2020-01-11 21:04:34,159 Allocated:33.15576171875 MB
2020-01-11 21:04:34,159 Cached:6162.625 MB
2020-01-11 21:05:57,091 ==> Epoch[4](350/553): Loss: 0.0589
2020-01-11 21:05:57,094 Allocated:33.15576171875 MB
2020-01-11 21:05:57,094 Cached:6162.625 MB
2020-01-11 21:06:23,783 ====> Building Cache
2020-01-11 21:06:23,783 feature cache--->>> /home/annora/NetVLAD/output/train_feat_cache3.hdf5
2020-01-11 21:07:42,952 Allocated:33.1552734375 MB
2020-01-11 21:07:42,953 Cached:3386.375 MB
2020-01-11 21:09:03,679 ==> Epoch[4](400/553): Loss: 0.0577
2020-01-11 21:09:03,682 Allocated:33.15576171875 MB
2020-01-11 21:09:03,682 Cached:7133.5 MB
2020-01-11 21:10:18,896 ==> Epoch[4](450/553): Loss: 0.0558
2020-01-11 21:10:18,898 Allocated:33.15576171875 MB
2020-01-11 21:10:18,899 Cached:4881.625 MB
2020-01-11 21:11:47,108 ==> Epoch[4](500/553): Loss: 0.1005
2020-01-11 21:11:47,111 Allocated:33.15576171875 MB
2020-01-11 21:11:47,111 Cached:4881.625 MB
2020-01-11 21:13:03,728 ==> Epoch[4](550/553): Loss: 0.0441
2020-01-11 21:13:03,729 Allocated:33.15576171875 MB
2020-01-11 21:13:03,730 Cached:4881.625 MB
2020-01-11 21:13:07,163 ===> Epoch 4 Complete: Avg. Loss: 0.0830
2020-01-11 21:13:07,165 ====> Extracting Features
2020-01-11 21:13:50,594 ==> Batch (50/108)
2020-01-11 21:14:14,044 ==> Batch (100/108)
2020-01-11 21:14:18,474 ====> Building faiss index
2020-01-11 21:14:18,819 ====> Calculating recall @ N
2020-01-11 21:14:21,215 ====> Recall@1: 0.4522
2020-01-11 21:14:21,215 ====> Recall@2: 0.5023
2020-01-11 21:14:21,216 ====> Recall@3: 0.5490
2020-01-11 21:14:21,216 ====> Recall@4: 0.5838
2020-01-11 21:14:21,216 ====> Recall@5: 0.6014
2020-01-11 21:14:21,216 ====> Recall@10: 0.6472
2020-01-11 21:14:21,217 ====> Recall@15: 0.6814
2020-01-11 21:14:21,217 ====> Recall@20: 0.7012
2020-01-11 21:14:21,217 ====> Recall@25: 0.7162
2020-01-11 21:14:21,405 ====> Building Cache
2020-01-11 21:14:21,406 feature cache--->>> /home/annora/NetVLAD/output/train_feat_cache3.hdf5
2020-01-11 21:15:40,517 Allocated:31.15576171875 MB
2020-01-11 21:15:40,517 Cached:4239.125 MB
2020-01-11 21:17:35,841 ==> Epoch[5](50/553): Loss: 0.0724
2020-01-11 21:17:35,844 Allocated:33.15576171875 MB
2020-01-11 21:17:35,844 Cached:3126.125 MB
2020-01-11 21:18:56,935 ==> Epoch[5](100/553): Loss: 0.0590
2020-01-11 21:18:56,937 Allocated:33.15576171875 MB
2020-01-11 21:18:56,937 Cached:4379.0 MB
2020-01-11 21:20:12,203 ==> Epoch[5](150/553): Loss: 0.0467
2020-01-11 21:20:12,205 Allocated:33.15576171875 MB
2020-01-11 21:20:12,205 Cached:6916.625 MB
2020-01-11 21:20:59,390 ====> Building Cache
2020-01-11 21:20:59,390 feature cache--->>> /home/annora/NetVLAD/output/train_feat_cache3.hdf5
2020-01-11 21:22:17,497 Allocated:33.1552734375 MB
2020-01-11 21:22:17,497 Cached:3386.375 MB
2020-01-11 21:23:14,675 ==> Epoch[5](200/553): Loss: 0.1556
2020-01-11 21:23:14,678 Allocated:33.15576171875 MB
2020-01-11 21:23:14,679 Cached:6917.125 MB
2020-01-11 21:24:35,874 ==> Epoch[5](250/553): Loss: 0.1569
2020-01-11 21:24:35,877 Allocated:33.15576171875 MB
2020-01-11 21:24:35,877 Cached:9318.75 MB
2020-01-11 21:25:50,021 ==> Epoch[5](300/553): Loss: 0.1284
2020-01-11 21:25:50,024 Allocated:33.15576171875 MB
2020-01-11 21:25:50,024 Cached:9318.75 MB
2020-01-11 21:26:58,186 ==> Epoch[5](350/553): Loss: 0.1640
2020-01-11 21:26:58,188 Allocated:33.15576171875 MB
2020-01-11 21:26:58,188 Cached:4182.375 MB
2020-01-11 21:27:22,448 ====> Building Cache
2020-01-11 21:27:22,449 feature cache--->>> /home/annora/NetVLAD/output/train_feat_cache3.hdf5
2020-01-11 21:28:41,638 Allocated:33.1552734375 MB
2020-01-11 21:28:41,638 Cached:3386.375 MB
2020-01-11 21:30:01,511 ==> Epoch[5](400/553): Loss: 0.0584
2020-01-11 21:30:01,513 Allocated:33.15576171875 MB
2020-01-11 21:30:01,513 Cached:2922.625 MB
2020-01-11 21:31:18,378 ==> Epoch[5](450/553): Loss: 0.0288
2020-01-11 21:31:18,380 Allocated:33.15576171875 MB
2020-01-11 21:31:18,380 Cached:5143.25 MB
2020-01-11 21:33:02,708 ==> Epoch[5](500/553): Loss: 0.0549
2020-01-11 21:33:02,710 Allocated:33.15576171875 MB
2020-01-11 21:33:02,711 Cached:5143.25 MB
2020-01-11 21:34:37,268 ==> Epoch[5](550/553): Loss: 0.0771
2020-01-11 21:34:37,269 Allocated:33.15576171875 MB
2020-01-11 21:34:37,270 Cached:5143.25 MB
2020-01-11 21:34:43,111 ===> Epoch 5 Complete: Avg. Loss: 0.0844
2020-01-11 21:34:43,112 ====> Extracting Features
2020-01-11 21:35:19,026 ==> Batch (50/108)
2020-01-11 21:35:41,444 ==> Batch (100/108)
2020-01-11 21:35:45,974 ====> Building faiss index
2020-01-11 21:35:46,321 ====> Calculating recall @ N
2020-01-11 21:35:48,594 ====> Recall@1: 0.5119
2020-01-11 21:35:48,594 ====> Recall@2: 0.5690
2020-01-11 21:35:48,595 ====> Recall@3: 0.6180
2020-01-11 21:35:48,595 ====> Recall@4: 0.6313
2020-01-11 21:35:48,595 ====> Recall@5: 0.6449
2020-01-11 21:35:48,595 ====> Recall@10: 0.6829
2020-01-11 21:35:48,596 ====> Recall@15: 0.7020
2020-01-11 21:35:48,596 ====> Recall@20: 0.7139
2020-01-11 21:35:48,596 ====> Recall@25: 0.7275
2020-01-11 21:35:48,779 ====> Building Cache
2020-01-11 21:35:48,780 feature cache--->>> /home/annora/NetVLAD/output/train_feat_cache3.hdf5
2020-01-11 21:37:08,555 Allocated:31.15576171875 MB
2020-01-11 21:37:08,555 Cached:4239.125 MB
2020-01-11 21:39:01,105 ==> Epoch[6](50/553): Loss: 0.1542
2020-01-11 21:39:01,108 Allocated:33.15576171875 MB
2020-01-11 21:39:01,108 Cached:6585.875 MB
2020-01-11 21:40:11,372 ==> Epoch[6](100/553): Loss: 0.1236
2020-01-11 21:40:11,374 Allocated:33.15576171875 MB
2020-01-11 21:40:11,374 Cached:7795.125 MB
2020-01-11 21:41:21,584 ==> Epoch[6](150/553): Loss: 0.0425
2020-01-11 21:41:21,587 Allocated:33.15576171875 MB
2020-01-11 21:41:21,587 Cached:9056.375 MB
2020-01-11 21:42:08,436 ====> Building Cache
2020-01-11 21:42:08,437 feature cache--->>> /home/annora/NetVLAD/output/train_feat_cache3.hdf5
2020-01-11 21:43:30,588 Allocated:33.1552734375 MB
2020-01-11 21:43:30,589 Cached:3386.375 MB
2020-01-11 21:44:31,561 ==> Epoch[6](200/553): Loss: 0.0998
2020-01-11 21:44:31,564 Allocated:33.15576171875 MB
2020-01-11 21:44:31,565 Cached:5714.125 MB
2020-01-11 21:45:50,932 ==> Epoch[6](250/553): Loss: 0.1342
2020-01-11 21:45:50,935 Allocated:33.15576171875 MB
2020-01-11 21:45:50,935 Cached:8061.5 MB
2020-01-11 21:47:04,101 ==> Epoch[6](300/553): Loss: 0.0534
2020-01-11 21:47:04,104 Allocated:33.15576171875 MB
2020-01-11 21:47:04,104 Cached:8061.5 MB
2020-01-11 21:48:12,763 ==> Epoch[6](350/553): Loss: 0.0614
2020-01-11 21:48:12,765 Allocated:33.15576171875 MB
2020-01-11 21:48:12,765 Cached:9253.875 MB
2020-01-11 21:48:36,676 ====> Building Cache
2020-01-11 21:48:36,676 feature cache--->>> /home/annora/NetVLAD/output/train_feat_cache3.hdf5
2020-01-11 21:49:55,361 Allocated:33.1552734375 MB
2020-01-11 21:49:55,361 Cached:3386.375 MB
2020-01-11 21:51:18,695 ==> Epoch[6](400/553): Loss: 0.1442
2020-01-11 21:51:18,697 Allocated:33.15576171875 MB
2020-01-11 21:51:18,697 Cached:8153.75 MB
2020-01-11 21:52:35,933 ==> Epoch[6](450/553): Loss: 0.0748
2020-01-11 21:52:35,935 Allocated:33.15576171875 MB
2020-01-11 21:52:35,936 Cached:6652.75 MB
2020-01-11 21:53:57,129 ==> Epoch[6](500/553): Loss: 0.1238
2020-01-11 21:53:57,132 Allocated:33.15576171875 MB
2020-01-11 21:53:57,132 Cached:6652.75 MB
2020-01-11 21:55:20,891 ==> Epoch[6](550/553): Loss: 0.0660
2020-01-11 21:55:20,894 Allocated:33.15576171875 MB
2020-01-11 21:55:20,894 Cached:6652.75 MB
2020-01-11 21:55:24,694 ===> Epoch 6 Complete: Avg. Loss: 0.0906
2020-01-11 21:55:24,696 ====> Extracting Features
2020-01-11 21:55:59,105 ==> Batch (50/108)
2020-01-11 21:56:23,485 ==> Batch (100/108)
2020-01-11 21:56:28,297 ====> Building faiss index
2020-01-11 21:56:28,677 ====> Calculating recall @ N
2020-01-11 21:56:31,335 ====> Recall@1: 0.5174
2020-01-11 21:56:31,336 ====> Recall@2: 0.6035
2020-01-11 21:56:31,337 ====> Recall@3: 0.6220
2020-01-11 21:56:31,337 ====> Recall@4: 0.6380
2020-01-11 21:56:31,337 ====> Recall@5: 0.6499
2020-01-11 21:56:31,337 ====> Recall@10: 0.6910
2020-01-11 21:56:31,338 ====> Recall@15: 0.7113
2020-01-11 21:56:31,338 ====> Recall@20: 0.7313
2020-01-11 21:56:31,338 ====> Recall@25: 0.7426
2020-01-11 21:56:31,547 ====> Building Cache
2020-01-11 21:56:31,547 feature cache--->>> /home/annora/NetVLAD/output/train_feat_cache3.hdf5
2020-01-11 21:57:53,953 Allocated:31.15576171875 MB
2020-01-11 21:57:53,954 Cached:4239.125 MB
2020-01-11 21:59:40,659 ==> Epoch[7](50/553): Loss: 0.0323
2020-01-11 21:59:40,661 Allocated:33.15576171875 MB
2020-01-11 21:59:40,661 Cached:6566.625 MB
2020-01-11 22:00:46,326 ==> Epoch[7](100/553): Loss: 0.0238
2020-01-11 22:00:46,328 Allocated:33.15576171875 MB
2020-01-11 22:00:46,328 Cached:7762.125 MB
2020-01-11 22:01:57,175 ==> Epoch[7](150/553): Loss: 0.0418
2020-01-11 22:01:57,178 Allocated:33.15576171875 MB
2020-01-11 22:01:57,179 Cached:7762.125 MB
2020-01-11 22:02:46,744 ====> Building Cache
2020-01-11 22:02:46,744 feature cache--->>> /home/annora/NetVLAD/output/train_feat_cache3.hdf5
2020-01-11 22:04:15,757 Allocated:33.1552734375 MB
2020-01-11 22:04:15,757 Cached:3386.375 MB
2020-01-11 22:05:07,646 ==> Epoch[7](200/553): Loss: 0.0804
2020-01-11 22:05:07,648 Allocated:33.15576171875 MB
2020-01-11 22:05:07,648 Cached:4592.875 MB
2020-01-11 22:06:28,404 ==> Epoch[7](250/553): Loss: 0.0433
2020-01-11 22:06:28,407 Allocated:33.15576171875 MB
2020-01-11 22:06:28,407 Cached:5791.625 MB
2020-01-11 22:07:36,985 ==> Epoch[7](300/553): Loss: 0.1479
2020-01-11 22:07:36,988 Allocated:33.15576171875 MB
2020-01-11 22:07:36,989 Cached:7010.5 MB
2020-01-11 22:08:50,961 ==> Epoch[7](350/553): Loss: 0.2082
2020-01-11 22:08:50,963 Allocated:33.15576171875 MB
2020-01-11 22:08:50,964 Cached:8248.5 MB
2020-01-11 22:09:21,329 ====> Building Cache
2020-01-11 22:09:21,330 feature cache--->>> /home/annora/NetVLAD/output/train_feat_cache3.hdf5
2020-01-11 22:10:43,608 Allocated:33.1552734375 MB
2020-01-11 22:10:43,609 Cached:3386.375 MB
2020-01-11 22:12:04,100 ==> Epoch[7](400/553): Loss: 0.1232
2020-01-11 22:12:04,102 Allocated:33.15576171875 MB
2020-01-11 22:12:04,102 Cached:9711.375 MB
2020-01-11 22:13:21,545 ==> Epoch[7](450/553): Loss: 0.0434
2020-01-11 22:13:21,547 Allocated:33.15576171875 MB
2020-01-11 22:13:21,548 Cached:3573.25 MB
2020-01-11 22:14:39,991 ==> Epoch[7](500/553): Loss: 0.0814
2020-01-11 22:14:39,992 Allocated:33.15576171875 MB
2020-01-11 22:14:39,993 Cached:4880.625 MB
2020-01-11 22:16:09,205 ==> Epoch[7](550/553): Loss: 0.0546
2020-01-11 22:16:09,207 Allocated:33.15576171875 MB
2020-01-11 22:16:09,208 Cached:4880.625 MB
2020-01-11 22:16:11,397 ===> Epoch 7 Complete: Avg. Loss: 0.0816
2020-01-11 22:16:11,398 ====> Extracting Features
2020-01-11 22:16:50,213 ==> Batch (50/108)
2020-01-11 22:17:12,503 ==> Batch (100/108)
2020-01-11 22:17:16,591 ====> Building faiss index
2020-01-11 22:17:16,937 ====> Calculating recall @ N
2020-01-11 22:17:19,154 ====> Recall@1: 0.5255
2020-01-11 22:17:19,154 ====> Recall@2: 0.6072
2020-01-11 22:17:19,155 ====> Recall@3: 0.6380
2020-01-11 22:17:19,155 ====> Recall@4: 0.6528
2020-01-11 22:17:19,155 ====> Recall@5: 0.6635
2020-01-11 22:17:19,156 ====> Recall@10: 0.7029
2020-01-11 22:17:19,156 ====> Recall@15: 0.7304
2020-01-11 22:17:19,156 ====> Recall@20: 0.7414
2020-01-11 22:17:19,156 ====> Recall@25: 0.7504
2020-01-11 22:17:19,337 ====> Building Cache
2020-01-11 22:17:19,338 feature cache--->>> /home/annora/NetVLAD/output/train_feat_cache3.hdf5
2020-01-11 22:18:37,792 Allocated:31.15576171875 MB
2020-01-11 22:18:37,793 Cached:4239.125 MB
2020-01-11 22:20:25,484 ==> Epoch[8](50/553): Loss: 0.0410
2020-01-11 22:20:25,487 Allocated:33.15576171875 MB
2020-01-11 22:20:25,488 Cached:6578.5 MB
2020-01-11 22:21:30,348 ==> Epoch[8](100/553): Loss: 0.0267
2020-01-11 22:21:30,350 Allocated:33.15576171875 MB
2020-01-11 22:21:30,350 Cached:6578.5 MB
2020-01-11 22:22:40,108 ==> Epoch[8](150/553): Loss: 0.0203
2020-01-11 22:22:40,110 Allocated:33.15576171875 MB
2020-01-11 22:22:40,111 Cached:6578.5 MB
2020-01-11 22:23:29,040 ====> Building Cache
2020-01-11 22:23:29,041 feature cache--->>> /home/annora/NetVLAD/output/train_feat_cache3.hdf5
2020-01-11 22:24:49,029 Allocated:33.1552734375 MB
2020-01-11 22:24:49,030 Cached:3386.375 MB
2020-01-11 22:25:41,576 ==> Epoch[8](200/553): Loss: 0.2486
2020-01-11 22:25:41,579 Allocated:33.15576171875 MB
2020-01-11 22:25:41,579 Cached:3394.375 MB
2020-01-11 22:26:57,064 ==> Epoch[8](250/553): Loss: 0.1599
2020-01-11 22:26:57,067 Allocated:33.15576171875 MB
2020-01-11 22:26:57,068 Cached:5710.875 MB
2020-01-11 22:28:02,023 ==> Epoch[8](300/553): Loss: 0.0938
2020-01-11 22:28:02,025 Allocated:33.15576171875 MB
2020-01-11 22:28:02,025 Cached:5710.875 MB
2020-01-11 22:29:12,608 ==> Epoch[8](350/553): Loss: 0.0978
2020-01-11 22:29:12,610 Allocated:33.15576171875 MB
2020-01-11 22:29:12,610 Cached:5710.875 MB
2020-01-11 22:29:35,725 ====> Building Cache
2020-01-11 22:29:35,726 feature cache--->>> /home/annora/NetVLAD/output/train_feat_cache3.hdf5
2020-01-11 22:30:58,234 Allocated:33.1552734375 MB
2020-01-11 22:30:58,235 Cached:3386.375 MB
2020-01-11 22:32:19,292 ==> Epoch[8](400/553): Loss: 0.0527
2020-01-11 22:32:19,297 Allocated:33.15576171875 MB
2020-01-11 22:32:19,297 Cached:7066.625 MB
2020-01-11 22:33:38,056 ==> Epoch[8](450/553): Loss: 0.1649
2020-01-11 22:33:38,058 Allocated:33.15576171875 MB
2020-01-11 22:33:38,059 Cached:3581.375 MB
2020-01-11 22:35:08,871 ==> Epoch[8](500/553): Loss: 0.0651
2020-01-11 22:35:08,875 Allocated:33.15576171875 MB
2020-01-11 22:35:08,875 Cached:3582.375 MB
2020-01-11 22:36:30,857 ==> Epoch[8](550/553): Loss: 0.0442
2020-01-11 22:36:30,858 Allocated:33.15576171875 MB
2020-01-11 22:36:30,859 Cached:3582.375 MB
2020-01-11 22:36:33,980 ===> Epoch 8 Complete: Avg. Loss: 0.0900
2020-01-11 22:36:33,981 ====> Extracting Features
2020-01-11 22:37:09,034 ==> Batch (50/108)
2020-01-11 22:37:31,510 ==> Batch (100/108)
2020-01-11 22:37:36,060 ====> Building faiss index
2020-01-11 22:37:36,487 ====> Calculating recall @ N
2020-01-11 22:37:38,696 ====> Recall@1: 0.5728
2020-01-11 22:37:38,696 ====> Recall@2: 0.6125
2020-01-11 22:37:38,697 ====> Recall@3: 0.6374
2020-01-11 22:37:38,697 ====> Recall@4: 0.6548
2020-01-11 22:37:38,698 ====> Recall@5: 0.6672
2020-01-11 22:37:38,698 ====> Recall@10: 0.7130
2020-01-11 22:37:38,698 ====> Recall@15: 0.7330
2020-01-11 22:37:38,698 ====> Recall@20: 0.7435
2020-01-11 22:37:38,698 ====> Recall@25: 0.7539
2020-01-11 22:37:38,887 ====> Building Cache
2020-01-11 22:37:38,888 feature cache--->>> /home/annora/NetVLAD/output/train_feat_cache3.hdf5
2020-01-11 22:38:57,426 Allocated:31.15576171875 MB
2020-01-11 22:38:57,426 Cached:4239.125 MB
2020-01-11 22:40:43,452 ==> Epoch[9](50/553): Loss: 0.0610
2020-01-11 22:40:43,455 Allocated:33.15576171875 MB
2020-01-11 22:40:43,455 Cached:6635.625 MB
2020-01-11 22:41:52,759 ==> Epoch[9](100/553): Loss: 0.0946
2020-01-11 22:41:52,761 Allocated:33.15576171875 MB
2020-01-11 22:41:52,762 Cached:6635.625 MB
2020-01-11 22:42:57,711 ==> Epoch[9](150/553): Loss: 0.0523
2020-01-11 22:42:57,713 Allocated:33.15576171875 MB
2020-01-11 22:42:57,714 Cached:6635.625 MB
2020-01-11 22:43:38,638 ====> Building Cache
2020-01-11 22:43:38,639 feature cache--->>> /home/annora/NetVLAD/output/train_feat_cache3.hdf5
2020-01-11 22:45:00,082 Allocated:33.1552734375 MB
2020-01-11 22:45:00,083 Cached:3386.375 MB
2020-01-11 22:45:53,847 ==> Epoch[9](200/553): Loss: 0.0433
2020-01-11 22:45:53,849 Allocated:33.15576171875 MB
2020-01-11 22:45:53,849 Cached:5674.875 MB
2020-01-11 22:47:02,717 ==> Epoch[9](250/553): Loss: 0.1906
2020-01-11 22:47:02,719 Allocated:33.15576171875 MB
2020-01-11 22:47:02,720 Cached:8056.125 MB
2020-01-11 22:48:23,178 ==> Epoch[9](300/553): Loss: 0.0434
2020-01-11 22:48:23,181 Allocated:33.15576171875 MB
2020-01-11 22:48:23,181 Cached:8056.125 MB
2020-01-11 22:49:32,060 ==> Epoch[9](350/553): Loss: 0.2030
2020-01-11 22:49:32,062 Allocated:33.15576171875 MB
2020-01-11 22:49:32,062 Cached:8056.125 MB
2020-01-11 22:49:57,850 ====> Building Cache
2020-01-11 22:49:57,850 feature cache--->>> /home/annora/NetVLAD/output/train_feat_cache3.hdf5
2020-01-11 22:51:16,047 Allocated:33.1552734375 MB
2020-01-11 22:51:16,047 Cached:3386.375 MB
2020-01-11 22:52:37,761 ==> Epoch[9](400/553): Loss: 0.0650
2020-01-11 22:52:37,764 Allocated:33.15576171875 MB
2020-01-11 22:52:37,764 Cached:7119.875 MB
2020-01-11 22:53:54,080 ==> Epoch[9](450/553): Loss: 0.0514
2020-01-11 22:53:54,083 Allocated:33.15576171875 MB
2020-01-11 22:53:54,084 Cached:8377.0 MB
2020-01-11 22:55:21,459 ==> Epoch[9](500/553): Loss: 0.0107
2020-01-11 22:55:21,462 Allocated:33.15576171875 MB
2020-01-11 22:55:21,462 Cached:4057.125 MB
2020-01-11 22:56:40,475 ==> Epoch[9](550/553): Loss: 0.0726
2020-01-11 22:56:40,477 Allocated:33.15576171875 MB
2020-01-11 22:56:40,477 Cached:4057.125 MB
2020-01-11 22:56:43,669 ===> Epoch 9 Complete: Avg. Loss: 0.0837
2020-01-11 22:56:43,671 ====> Extracting Features
2020-01-11 22:57:18,379 ==> Batch (50/108)
2020-01-11 22:57:40,190 ==> Batch (100/108)
2020-01-11 22:57:44,490 ====> Building faiss index
2020-01-11 22:57:44,839 ====> Calculating recall @ N
2020-01-11 22:57:47,483 ====> Recall@1: 0.5652
2020-01-11 22:57:47,484 ====> Recall@2: 0.6139
2020-01-11 22:57:47,484 ====> Recall@3: 0.6397
2020-01-11 22:57:47,484 ====> Recall@4: 0.6562
2020-01-11 22:57:47,485 ====> Recall@5: 0.6693
2020-01-11 22:57:47,485 ====> Recall@10: 0.7078
2020-01-11 22:57:47,485 ====> Recall@15: 0.7304
2020-01-11 22:57:47,485 ====> Recall@20: 0.7429
2020-01-11 22:57:47,485 ====> Recall@25: 0.7557
2020-01-11 22:57:47,679 ====> Building Cache
2020-01-11 22:57:47,680 feature cache--->>> /home/annora/NetVLAD/output/train_feat_cache3.hdf5
2020-01-11 22:59:07,056 Allocated:31.15576171875 MB
2020-01-11 22:59:07,057 Cached:4239.125 MB
2020-01-11 23:01:09,878 ==> Epoch[10](50/553): Loss: 0.0359
2020-01-11 23:01:09,880 Allocated:33.15576171875 MB
2020-01-11 23:01:09,881 Cached:6566.75 MB
2020-01-11 23:02:19,267 ==> Epoch[10](100/553): Loss: 0.0395
2020-01-11 23:02:19,270 Allocated:33.15576171875 MB
2020-01-11 23:02:19,270 Cached:6566.75 MB
2020-01-11 23:03:28,759 ==> Epoch[10](150/553): Loss: 0.0629
2020-01-11 23:03:28,762 Allocated:33.15576171875 MB
2020-01-11 23:03:28,762 Cached:6566.75 MB
2020-01-11 23:04:11,880 ====> Building Cache
2020-01-11 23:04:11,881 feature cache--->>> /home/annora/NetVLAD/output/train_feat_cache3.hdf5
2020-01-11 23:05:33,225 Allocated:33.1552734375 MB
2020-01-11 23:05:33,226 Cached:3386.375 MB
2020-01-11 23:06:25,754 ==> Epoch[10](200/553): Loss: 0.1482
2020-01-11 23:06:25,757 Allocated:33.15576171875 MB
2020-01-11 23:06:25,758 Cached:3393.375 MB
2020-01-11 23:07:43,524 ==> Epoch[10](250/553): Loss: 0.1362
2020-01-11 23:07:43,526 Allocated:33.15576171875 MB
2020-01-11 23:07:43,526 Cached:5712.0 MB
2020-01-11 23:08:46,901 ==> Epoch[10](300/553): Loss: 0.0987
2020-01-11 23:08:46,904 Allocated:33.15576171875 MB
2020-01-11 23:08:46,904 Cached:5712.0 MB
2020-01-11 23:09:53,859 ==> Epoch[10](350/553): Loss: 0.2266
2020-01-11 23:09:53,861 Allocated:33.15576171875 MB
2020-01-11 23:09:53,861 Cached:6907.5 MB
2020-01-11 23:10:18,162 ====> Building Cache
2020-01-11 23:10:18,163 feature cache--->>> /home/annora/NetVLAD/output/train_feat_cache3.hdf5
2020-01-11 23:11:35,918 Allocated:33.1552734375 MB
2020-01-11 23:11:35,919 Cached:3386.375 MB
2020-01-11 23:13:02,072 ==> Epoch[10](400/553): Loss: 0.0869
2020-01-11 23:13:02,075 Allocated:33.15576171875 MB
2020-01-11 23:13:02,075 Cached:7091.25 MB
2020-01-11 23:14:22,251 ==> Epoch[10](450/553): Loss: 0.0676
2020-01-11 23:14:22,253 Allocated:33.15576171875 MB
2020-01-11 23:14:22,253 Cached:5641.75 MB
2020-01-11 23:15:47,879 ==> Epoch[10](500/553): Loss: 0.0730
2020-01-11 23:15:47,882 Allocated:33.15576171875 MB
2020-01-11 23:15:47,882 Cached:5642.75 MB
2020-01-11 23:17:00,608 ==> Epoch[10](550/553): Loss: 0.0421
2020-01-11 23:17:00,610 Allocated:33.15576171875 MB
2020-01-11 23:17:00,610 Cached:5642.75 MB
2020-01-11 23:17:07,336 ===> Epoch 10 Complete: Avg. Loss: 0.0828
2020-01-11 23:17:07,337 ====> Extracting Features
2020-01-11 23:17:40,690 ==> Batch (50/108)
2020-01-11 23:18:03,410 ==> Batch (100/108)
2020-01-11 23:18:07,569 ====> Building faiss index
2020-01-11 23:18:07,930 ====> Calculating recall @ N
2020-01-11 23:18:10,298 ====> Recall@1: 0.5904
2020-01-11 23:18:10,298 ====> Recall@2: 0.6278
2020-01-11 23:18:10,299 ====> Recall@3: 0.6496
2020-01-11 23:18:10,299 ====> Recall@4: 0.6623
2020-01-11 23:18:10,300 ====> Recall@5: 0.6788
2020-01-11 23:18:10,300 ====> Recall@10: 0.7154
2020-01-11 23:18:10,300 ====> Recall@15: 0.7391
2020-01-11 23:18:10,300 ====> Recall@20: 0.7551
2020-01-11 23:18:10,300 ====> Recall@25: 0.7696
2020-01-11 23:18:10,485 ====> Building Cache
2020-01-11 23:18:10,485 feature cache--->>> /home/annora/NetVLAD/output/train_feat_cache3.hdf5
2020-01-11 23:19:31,331 Allocated:31.15576171875 MB
2020-01-11 23:19:31,331 Cached:4239.125 MB
2020-01-11 23:21:19,894 ==> Epoch[11](50/553): Loss: 0.0392
2020-01-11 23:21:19,896 Allocated:33.15576171875 MB
2020-01-11 23:21:19,897 Cached:6549.75 MB
2020-01-11 23:22:22,762 ==> Epoch[11](100/553): Loss: 0.1614
2020-01-11 23:22:22,765 Allocated:33.15576171875 MB
2020-01-11 23:22:22,765 Cached:6549.75 MB
2020-01-11 23:23:27,842 ==> Epoch[11](150/553): Loss: 0.0436
2020-01-11 23:23:27,844 Allocated:33.15576171875 MB
2020-01-11 23:23:27,844 Cached:6549.75 MB
2020-01-11 23:24:10,644 ====> Building Cache
2020-01-11 23:24:10,644 feature cache--->>> /home/annora/NetVLAD/output/train_feat_cache3.hdf5
2020-01-11 23:25:30,386 Allocated:33.1552734375 MB
2020-01-11 23:25:30,386 Cached:3386.375 MB
2020-01-11 23:26:26,203 ==> Epoch[11](200/553): Loss: 0.1892
2020-01-11 23:26:26,205 Allocated:33.15576171875 MB
2020-01-11 23:26:26,206 Cached:4539.875 MB
2020-01-11 23:27:45,517 ==> Epoch[11](250/553): Loss: 0.2051
2020-01-11 23:27:45,519 Allocated:33.15576171875 MB
2020-01-11 23:27:45,520 Cached:4539.875 MB
2020-01-11 23:28:56,804 ==> Epoch[11](300/553): Loss: 0.1723
2020-01-11 23:28:56,806 Allocated:33.15576171875 MB
2020-01-11 23:28:56,806 Cached:6907.375 MB
2020-01-11 23:29:59,895 ==> Epoch[11](350/553): Loss: 0.2221
2020-01-11 23:29:59,898 Allocated:33.15576171875 MB
2020-01-11 23:29:59,898 Cached:6907.375 MB
2020-01-11 23:30:20,686 ====> Building Cache
2020-01-11 23:30:20,687 feature cache--->>> /home/annora/NetVLAD/output/train_feat_cache3.hdf5
2020-01-11 23:31:38,542 Allocated:33.1552734375 MB
2020-01-11 23:31:38,543 Cached:3386.375 MB
2020-01-11 23:32:58,509 ==> Epoch[11](400/553): Loss: 0.1168
2020-01-11 23:32:58,512 Allocated:33.15576171875 MB
2020-01-11 23:32:58,512 Cached:5822.25 MB
2020-01-11 23:34:21,214 ==> Epoch[11](450/553): Loss: 0.0274
2020-01-11 23:34:21,217 Allocated:33.15576171875 MB
2020-01-11 23:34:21,217 Cached:9641.875 MB
2020-01-11 23:35:49,591 ==> Epoch[11](500/553): Loss: 0.0130
2020-01-11 23:35:49,593 Allocated:33.15576171875 MB
2020-01-11 23:35:49,593 Cached:9641.875 MB
2020-01-11 23:37:05,071 ==> Epoch[11](550/553): Loss: 0.1147
2020-01-11 23:37:05,073 Allocated:33.15576171875 MB
2020-01-11 23:37:05,074 Cached:9641.875 MB
2020-01-11 23:37:08,134 ===> Epoch 11 Complete: Avg. Loss: 0.0854
2020-01-11 23:37:08,136 ====> Extracting Features
2020-01-11 23:37:43,208 ==> Batch (50/108)
2020-01-11 23:38:07,541 ==> Batch (100/108)
2020-01-11 23:38:11,883 ====> Building faiss index
2020-01-11 23:38:12,233 ====> Calculating recall @ N
2020-01-11 23:38:14,435 ====> Recall@1: 0.5783
2020-01-11 23:38:14,436 ====> Recall@2: 0.6168
2020-01-11 23:38:14,436 ====> Recall@3: 0.6391
2020-01-11 23:38:14,436 ====> Recall@4: 0.6545
2020-01-11 23:38:14,437 ====> Recall@5: 0.6675
2020-01-11 23:38:14,437 ====> Recall@10: 0.7104
2020-01-11 23:38:14,437 ====> Recall@15: 0.7325
2020-01-11 23:38:14,437 ====> Recall@20: 0.7441
2020-01-11 23:38:14,437 ====> Recall@25: 0.7533
2020-01-11 23:38:14,560 ====> Building Cache
2020-01-11 23:38:14,560 feature cache--->>> /home/annora/NetVLAD/output/train_feat_cache3.hdf5
2020-01-11 23:39:38,259 Allocated:31.15576171875 MB
2020-01-11 23:39:38,263 Cached:4239.125 MB
2020-01-11 23:41:25,121 ==> Epoch[12](50/553): Loss: 0.0066
2020-01-11 23:41:25,124 Allocated:33.15576171875 MB
2020-01-11 23:41:25,124 Cached:5397.875 MB
2020-01-11 23:42:26,011 ==> Epoch[12](100/553): Loss: 0.0177
2020-01-11 23:42:26,014 Allocated:33.15576171875 MB
2020-01-11 23:42:26,014 Cached:5397.875 MB
2020-01-11 23:43:27,330 ==> Epoch[12](150/553): Loss: 0.0190
2020-01-11 23:43:27,332 Allocated:33.15576171875 MB
2020-01-11 23:43:27,333 Cached:6579.5 MB
2020-01-11 23:44:10,724 ====> Building Cache
2020-01-11 23:44:10,725 feature cache--->>> /home/annora/NetVLAD/output/train_feat_cache3.hdf5
2020-01-11 23:45:34,906 Allocated:33.1552734375 MB
2020-01-11 23:45:34,907 Cached:3386.375 MB
2020-01-11 23:46:32,863 ==> Epoch[12](200/553): Loss: 0.1397
2020-01-11 23:46:32,865 Allocated:33.15576171875 MB
2020-01-11 23:46:32,866 Cached:3394.375 MB
2020-01-11 23:47:44,127 ==> Epoch[12](250/553): Loss: 0.1667
2020-01-11 23:47:44,129 Allocated:33.15576171875 MB
2020-01-11 23:47:44,129 Cached:4556.875 MB
2020-01-11 23:48:54,513 ==> Epoch[12](300/553): Loss: 0.0263
2020-01-11 23:48:54,516 Allocated:33.15576171875 MB
2020-01-11 23:48:54,516 Cached:5726.875 MB
2020-01-11 23:49:58,503 ==> Epoch[12](350/553): Loss: 0.1490
2020-01-11 23:49:58,505 Allocated:33.15576171875 MB
2020-01-11 23:49:58,505 Cached:5726.875 MB
2020-01-11 23:50:19,315 ====> Building Cache
2020-01-11 23:50:19,316 feature cache--->>> /home/annora/NetVLAD/output/train_feat_cache3.hdf5
2020-01-11 23:51:37,823 Allocated:33.1552734375 MB
2020-01-11 23:51:37,824 Cached:3386.375 MB
2020-01-11 23:53:02,946 ==> Epoch[12](400/553): Loss: 0.0296
2020-01-11 23:53:02,949 Allocated:33.15576171875 MB
2020-01-11 23:53:02,949 Cached:3579.375 MB
2020-01-11 23:54:16,606 ==> Epoch[12](450/553): Loss: 0.0405
2020-01-11 23:54:16,610 Allocated:33.15576171875 MB
2020-01-11 23:54:16,610 Cached:3581.375 MB
2020-01-11 23:55:41,898 ==> Epoch[12](500/553): Loss: 0.0705
2020-01-11 23:55:41,901 Allocated:33.15576171875 MB
2020-01-11 23:55:41,902 Cached:3581.375 MB
2020-01-11 23:56:58,106 ==> Epoch[12](550/553): Loss: 0.0239
2020-01-11 23:56:58,108 Allocated:33.15576171875 MB
2020-01-11 23:56:58,109 Cached:3581.375 MB
2020-01-11 23:57:00,217 ===> Epoch 12 Complete: Avg. Loss: 0.0808
2020-01-11 23:57:00,219 ====> Extracting Features
2020-01-11 23:57:37,935 ==> Batch (50/108)
2020-01-11 23:58:02,231 ==> Batch (100/108)
2020-01-11 23:58:07,303 ====> Building faiss index
2020-01-11 23:58:07,651 ====> Calculating recall @ N
2020-01-11 23:58:10,049 ====> Recall@1: 0.5823
2020-01-11 23:58:10,050 ====> Recall@2: 0.6281
2020-01-11 23:58:10,050 ====> Recall@3: 0.6472
2020-01-11 23:58:10,050 ====> Recall@4: 0.6661
2020-01-11 23:58:10,050 ====> Recall@5: 0.6786
2020-01-11 23:58:10,051 ====> Recall@10: 0.7162
2020-01-11 23:58:10,051 ====> Recall@15: 0.7377
2020-01-11 23:58:10,051 ====> Recall@20: 0.7510
2020-01-11 23:58:10,051 ====> Recall@25: 0.7562
2020-01-11 23:58:10,178 ====> Building Cache
2020-01-11 23:58:10,179 feature cache--->>> /home/annora/NetVLAD/output/train_feat_cache3.hdf5
2020-01-11 23:59:34,327 Allocated:31.15576171875 MB
2020-01-11 23:59:34,328 Cached:4239.125 MB
2020-01-12 00:01:21,339 ==> Epoch[13](50/553): Loss: 0.0319
2020-01-12 00:01:21,341 Allocated:33.15576171875 MB
2020-01-12 00:01:21,341 Cached:4250.125 MB
2020-01-12 00:02:24,940 ==> Epoch[13](100/553): Loss: 0.0074
2020-01-12 00:02:24,942 Allocated:33.15576171875 MB
2020-01-12 00:02:24,942 Cached:6546.5 MB
2020-01-12 00:03:24,654 ==> Epoch[13](150/553): Loss: 0.0459
2020-01-12 00:03:24,657 Allocated:33.15576171875 MB
2020-01-12 00:03:24,658 Cached:6546.5 MB
2020-01-12 00:04:11,869 ====> Building Cache
2020-01-12 00:04:11,869 feature cache--->>> /home/annora/NetVLAD/output/train_feat_cache3.hdf5
2020-01-12 00:05:41,152 Allocated:33.1552734375 MB
2020-01-12 00:05:41,152 Cached:3386.375 MB
2020-01-12 00:06:39,160 ==> Epoch[13](200/553): Loss: 0.2918
2020-01-12 00:06:39,163 Allocated:33.15576171875 MB
2020-01-12 00:06:39,163 Cached:3395.375 MB
2020-01-12 00:07:54,034 ==> Epoch[13](250/553): Loss: 0.1752
2020-01-12 00:07:54,036 Allocated:33.15576171875 MB
2020-01-12 00:07:54,037 Cached:4544.125 MB
2020-01-12 00:08:59,341 ==> Epoch[13](300/553): Loss: 0.0809
2020-01-12 00:08:59,342 Allocated:33.15576171875 MB
2020-01-12 00:08:59,343 Cached:5718.375 MB
2020-01-12 00:10:01,906 ==> Epoch[13](350/553): Loss: 0.0377
2020-01-12 00:10:01,908 Allocated:33.15576171875 MB
2020-01-12 00:10:01,908 Cached:5718.375 MB
2020-01-12 00:10:24,473 ====> Building Cache
2020-01-12 00:10:24,474 feature cache--->>> /home/annora/NetVLAD/output/train_feat_cache3.hdf5
2020-01-12 00:11:48,446 Allocated:33.1552734375 MB
2020-01-12 00:11:48,446 Cached:3386.375 MB
2020-01-12 00:13:04,438 ==> Epoch[13](400/553): Loss: 0.1327
2020-01-12 00:13:04,441 Allocated:33.15576171875 MB
2020-01-12 00:13:04,441 Cached:2945.75 MB
2020-01-12 00:14:15,570 ==> Epoch[13](450/553): Loss: 0.0613
2020-01-12 00:14:15,572 Allocated:33.15576171875 MB
2020-01-12 00:14:15,573 Cached:5387.875 MB
2020-01-12 00:15:33,051 ==> Epoch[13](500/553): Loss: 0.0255
2020-01-12 00:15:33,054 Allocated:33.15576171875 MB
2020-01-12 00:15:33,054 Cached:6629.0 MB
2020-01-12 00:16:49,763 ==> Epoch[13](550/553): Loss: 0.0218
2020-01-12 00:16:49,765 Allocated:33.15576171875 MB
2020-01-12 00:16:49,765 Cached:6629.0 MB
2020-01-12 00:16:53,448 ===> Epoch 13 Complete: Avg. Loss: 0.0850
2020-01-12 00:16:53,450 ====> Extracting Features
2020-01-12 00:17:31,164 ==> Batch (50/108)
2020-01-12 00:17:54,890 ==> Batch (100/108)
2020-01-12 00:17:59,501 ====> Building faiss index
2020-01-12 00:17:59,843 ====> Calculating recall @ N
2020-01-12 00:18:02,030 ====> Recall@1: 0.6177
2020-01-12 00:18:02,031 ====> Recall@2: 0.6533
2020-01-12 00:18:02,031 ====> Recall@3: 0.6728
2020-01-12 00:18:02,031 ====> Recall@4: 0.6849
2020-01-12 00:18:02,031 ====> Recall@5: 0.6930
2020-01-12 00:18:02,031 ====> Recall@10: 0.7339
2020-01-12 00:18:02,032 ====> Recall@15: 0.7530
2020-01-12 00:18:02,032 ====> Recall@20: 0.7690
2020-01-12 00:18:02,032 ====> Recall@25: 0.7748
2020-01-12 00:18:02,213 ====> Building Cache
2020-01-12 00:18:02,213 feature cache--->>> /home/annora/NetVLAD/output/train_feat_cache3.hdf5
2020-01-12 00:19:20,123 Allocated:31.15576171875 MB
2020-01-12 00:19:20,123 Cached:4239.125 MB
2020-01-12 00:21:01,485 ==> Epoch[14](50/553): Loss: 0.0626
2020-01-12 00:21:01,488 Allocated:33.15576171875 MB
2020-01-12 00:21:01,488 Cached:5378.75 MB
2020-01-12 00:22:05,504 ==> Epoch[14](100/553): Loss: 0.0279
2020-01-12 00:22:05,507 Allocated:33.15576171875 MB
2020-01-12 00:22:05,507 Cached:5378.75 MB
2020-01-12 00:23:08,805 ==> Epoch[14](150/553): Loss: 0.0443
2020-01-12 00:23:08,808 Allocated:33.15576171875 MB
2020-01-12 00:23:08,809 Cached:5378.75 MB
2020-01-12 00:23:55,301 ====> Building Cache
2020-01-12 00:23:55,301 feature cache--->>> /home/annora/NetVLAD/output/train_feat_cache3.hdf5
2020-01-12 00:25:20,064 Allocated:33.1552734375 MB
2020-01-12 00:25:20,065 Cached:3386.375 MB
2020-01-12 00:26:19,488 ==> Epoch[14](200/553): Loss: 0.1674
2020-01-12 00:26:19,492 Allocated:33.15576171875 MB
2020-01-12 00:26:19,492 Cached:3394.375 MB
2020-01-12 00:27:34,939 ==> Epoch[14](250/553): Loss: 0.1501
2020-01-12 00:27:34,942 Allocated:33.15576171875 MB
2020-01-12 00:27:34,942 Cached:4539.875 MB
2020-01-12 00:28:39,124 ==> Epoch[14](300/553): Loss: 0.0397
2020-01-12 00:28:39,127 Allocated:33.15576171875 MB
2020-01-12 00:28:39,127 Cached:4539.875 MB
2020-01-12 00:29:46,328 ==> Epoch[14](350/553): Loss: 0.0647
2020-01-12 00:29:46,331 Allocated:33.15576171875 MB
2020-01-12 00:29:46,331 Cached:5701.375 MB
2020-01-12 00:30:11,578 ====> Building Cache
2020-01-12 00:30:11,579 feature cache--->>> /home/annora/NetVLAD/output/train_feat_cache3.hdf5
2020-01-12 00:31:31,824 Allocated:33.1552734375 MB
2020-01-12 00:31:31,825 Cached:3386.375 MB
2020-01-12 00:32:58,420 ==> Epoch[14](400/553): Loss: 0.0708
2020-01-12 00:32:58,423 Allocated:33.15576171875 MB
2020-01-12 00:32:58,423 Cached:7072.0 MB
2020-01-12 00:34:17,499 ==> Epoch[14](450/553): Loss: 0.0010
2020-01-12 00:34:17,502 Allocated:33.15576171875 MB
2020-01-12 00:34:17,502 Cached:9609.625 MB
2020-01-12 00:35:38,685 ==> Epoch[14](500/553): Loss: 0.0779
2020-01-12 00:35:38,687 Allocated:33.15576171875 MB
2020-01-12 00:35:38,687 Cached:9609.625 MB
2020-01-12 00:37:02,908 ==> Epoch[14](550/553): Loss: 0.0054
2020-01-12 00:37:02,910 Allocated:33.15576171875 MB
2020-01-12 00:37:02,911 Cached:9609.625 MB
2020-01-12 00:37:04,566 ===> Epoch 14 Complete: Avg. Loss: 0.0822
2020-01-12 00:37:04,567 ====> Extracting Features
2020-01-12 00:37:40,161 ==> Batch (50/108)
2020-01-12 00:38:01,625 ==> Batch (100/108)
2020-01-12 00:38:06,172 ====> Building faiss index
2020-01-12 00:38:06,672 ====> Calculating recall @ N
2020-01-12 00:38:08,945 ====> Recall@1: 0.6023
2020-01-12 00:38:08,945 ====> Recall@2: 0.6400
2020-01-12 00:38:08,946 ====> Recall@3: 0.6571
2020-01-12 00:38:08,946 ====> Recall@4: 0.6699
2020-01-12 00:38:08,946 ====> Recall@5: 0.6820
2020-01-12 00:38:08,947 ====> Recall@10: 0.7101
2020-01-12 00:38:08,947 ====> Recall@15: 0.7365
2020-01-12 00:38:08,947 ====> Recall@20: 0.7470
2020-01-12 00:38:08,947 ====> Recall@25: 0.7614
2020-01-12 00:38:09,066 ====> Building Cache
2020-01-12 00:38:09,067 feature cache--->>> /home/annora/NetVLAD/output/train_feat_cache3.hdf5
2020-01-12 00:39:27,378 Allocated:31.15576171875 MB
2020-01-12 00:39:27,379 Cached:4239.125 MB
2020-01-12 00:41:08,013 ==> Epoch[15](50/553): Loss: 0.1030
2020-01-12 00:41:08,015 Allocated:33.15576171875 MB
2020-01-12 00:41:08,015 Cached:5388.25 MB
2020-01-12 00:42:11,057 ==> Epoch[15](100/553): Loss: 0.0545
2020-01-12 00:42:11,059 Allocated:33.15576171875 MB
2020-01-12 00:42:11,059 Cached:5388.25 MB
2020-01-12 00:43:20,526 ==> Epoch[15](150/553): Loss: 0.0091
2020-01-12 00:43:20,528 Allocated:33.15576171875 MB
2020-01-12 00:43:20,529 Cached:5388.25 MB
2020-01-12 00:44:04,443 ====> Building Cache
2020-01-12 00:44:04,444 feature cache--->>> /home/annora/NetVLAD/output/train_feat_cache3.hdf5
2020-01-12 00:45:28,302 Allocated:33.1552734375 MB
2020-01-12 00:45:28,303 Cached:3386.375 MB
2020-01-12 00:46:18,837 ==> Epoch[15](200/553): Loss: 0.0890
2020-01-12 00:46:18,839 Allocated:33.15576171875 MB
2020-01-12 00:46:18,839 Cached:4524.0 MB
2020-01-12 00:47:31,865 ==> Epoch[15](250/553): Loss: 0.2293
2020-01-12 00:47:31,867 Allocated:33.15576171875 MB
2020-01-12 00:47:31,868 Cached:4524.0 MB
2020-01-12 00:48:36,778 ==> Epoch[15](300/553): Loss: 0.1519
2020-01-12 00:48:36,780 Allocated:33.15576171875 MB
2020-01-12 00:48:36,780 Cached:5672.75 MB
2020-01-12 00:49:44,423 ==> Epoch[15](350/553): Loss: 0.0610
2020-01-12 00:49:44,425 Allocated:33.15576171875 MB
2020-01-12 00:49:44,426 Cached:6892.625 MB
2020-01-12 00:50:07,489 ====> Building Cache
2020-01-12 00:50:07,489 feature cache--->>> /home/annora/NetVLAD/output/train_feat_cache3.hdf5
2020-01-12 00:51:25,472 Allocated:33.1552734375 MB
2020-01-12 00:51:25,473 Cached:3386.375 MB
2020-01-12 00:52:46,349 ==> Epoch[15](400/553): Loss: 0.1044
2020-01-12 00:52:46,352 Allocated:33.15576171875 MB
2020-01-12 00:52:46,352 Cached:5754.375 MB
2020-01-12 00:54:10,589 ==> Epoch[15](450/553): Loss: 0.0343
2020-01-12 00:54:10,592 Allocated:33.15576171875 MB
2020-01-12 00:54:10,593 Cached:8251.625 MB
2020-01-12 00:55:49,566 ==> Epoch[15](500/553): Loss: 0.0053
2020-01-12 00:55:49,569 Allocated:33.15576171875 MB
2020-01-12 00:55:49,569 Cached:8251.625 MB
2020-01-12 00:56:59,711 ==> Epoch[15](550/553): Loss: 0.0316
2020-01-12 00:56:59,713 Allocated:33.15576171875 MB
2020-01-12 00:56:59,713 Cached:8251.625 MB
2020-01-12 00:57:04,543 ===> Epoch 15 Complete: Avg. Loss: 0.0839
2020-01-12 00:57:04,545 ====> Extracting Features
2020-01-12 00:57:39,613 ==> Batch (50/108)
2020-01-12 00:58:01,216 ==> Batch (100/108)
2020-01-12 00:58:05,737 ====> Building faiss index
2020-01-12 00:58:06,094 ====> Calculating recall @ N
2020-01-12 00:58:08,729 ====> Recall@1: 0.6209
2020-01-12 00:58:08,729 ====> Recall@2: 0.6484
2020-01-12 00:58:08,730 ====> Recall@3: 0.6707
2020-01-12 00:58:08,730 ====> Recall@4: 0.6875
2020-01-12 00:58:08,730 ====> Recall@5: 0.6962
2020-01-12 00:58:08,730 ====> Recall@10: 0.7330
2020-01-12 00:58:08,731 ====> Recall@15: 0.7536
2020-01-12 00:58:08,731 ====> Recall@20: 0.7655
2020-01-12 00:58:08,731 ====> Recall@25: 0.7754
2020-01-12 00:58:08,914 ====> Building Cache
2020-01-12 00:58:08,914 feature cache--->>> /home/annora/NetVLAD/output/train_feat_cache3.hdf5
2020-01-12 00:59:27,827 Allocated:31.15576171875 MB
2020-01-12 00:59:27,827 Cached:4239.125 MB
2020-01-12 01:01:07,587 ==> Epoch[16](50/553): Loss: 0.0594
2020-01-12 01:01:07,590 Allocated:33.15576171875 MB
2020-01-12 01:01:07,590 Cached:4249.125 MB
2020-01-12 01:02:22,823 ==> Epoch[16](100/553): Loss: 0.1136
2020-01-12 01:02:22,825 Allocated:33.15576171875 MB
2020-01-12 01:02:22,825 Cached:5402.0 MB
2020-01-12 01:03:25,610 ==> Epoch[16](150/553): Loss: 0.0415
2020-01-12 01:03:25,612 Allocated:33.15576171875 MB
2020-01-12 01:03:25,613 Cached:5402.0 MB
2020-01-12 01:04:11,567 ====> Building Cache
2020-01-12 01:04:11,568 feature cache--->>> /home/annora/NetVLAD/output/train_feat_cache3.hdf5
2020-01-12 01:05:30,869 Allocated:33.1552734375 MB
2020-01-12 01:05:30,869 Cached:3386.375 MB
2020-01-12 01:06:22,923 ==> Epoch[16](200/553): Loss: 0.1714
2020-01-12 01:06:22,925 Allocated:33.15576171875 MB
2020-01-12 01:06:22,925 Cached:3393.375 MB
2020-01-12 01:07:33,392 ==> Epoch[16](250/553): Loss: 0.1962
2020-01-12 01:07:33,394 Allocated:33.15576171875 MB
2020-01-12 01:07:33,395 Cached:4606.625 MB
2020-01-12 01:08:39,422 ==> Epoch[16](300/553): Loss: 0.0324
2020-01-12 01:08:39,425 Allocated:33.15576171875 MB
2020-01-12 01:08:39,425 Cached:4606.625 MB
2020-01-12 01:09:43,706 ==> Epoch[16](350/553): Loss: 0.1394
2020-01-12 01:09:43,708 Allocated:33.15576171875 MB
2020-01-12 01:09:43,708 Cached:4606.625 MB
2020-01-12 01:10:06,635 ====> Building Cache
2020-01-12 01:10:06,636 feature cache--->>> /home/annora/NetVLAD/output/train_feat_cache3.hdf5
2020-01-12 01:11:24,216 Allocated:33.1552734375 MB
2020-01-12 01:11:24,217 Cached:3386.375 MB
2020-01-12 01:12:47,811 ==> Epoch[16](400/553): Loss: 0.0716
2020-01-12 01:12:47,814 Allocated:33.15576171875 MB
2020-01-12 01:12:47,814 Cached:8177.375 MB
2020-01-12 01:14:05,465 ==> Epoch[16](450/553): Loss: 0.0233
2020-01-12 01:14:05,467 Allocated:33.15576171875 MB
2020-01-12 01:14:05,467 Cached:3132.875 MB
2020-01-12 01:15:31,967 ==> Epoch[16](500/553): Loss: 0.1058
2020-01-12 01:15:31,969 Allocated:33.15576171875 MB
2020-01-12 01:15:31,970 Cached:3132.875 MB
2020-01-12 01:16:38,659 ==> Epoch[16](550/553): Loss: 0.0347
2020-01-12 01:16:38,660 Allocated:33.15576171875 MB
2020-01-12 01:16:38,661 Cached:3132.875 MB
2020-01-12 01:16:41,285 ===> Epoch 16 Complete: Avg. Loss: 0.0847
2020-01-12 01:16:41,286 ====> Extracting Features
2020-01-12 01:17:17,326 ==> Batch (50/108)
2020-01-12 01:17:39,199 ==> Batch (100/108)
2020-01-12 01:17:43,522 ====> Building faiss index
2020-01-12 01:17:43,872 ====> Calculating recall @ N
2020-01-12 01:17:46,060 ====> Recall@1: 0.6090
2020-01-12 01:17:46,061 ====> Recall@2: 0.6414
2020-01-12 01:17:46,061 ====> Recall@3: 0.6597
2020-01-12 01:17:46,061 ====> Recall@4: 0.6771
2020-01-12 01:17:46,062 ====> Recall@5: 0.6870
2020-01-12 01:17:46,062 ====> Recall@10: 0.7217
2020-01-12 01:17:46,062 ====> Recall@15: 0.7467
2020-01-12 01:17:46,062 ====> Recall@20: 0.7600
2020-01-12 01:17:46,062 ====> Recall@25: 0.7719
2020-01-12 01:17:46,181 ====> Building Cache
2020-01-12 01:17:46,182 feature cache--->>> /home/annora/NetVLAD/output/train_feat_cache3.hdf5
2020-01-12 01:19:04,856 Allocated:31.15576171875 MB
2020-01-12 01:19:04,856 Cached:4239.125 MB
2020-01-12 01:20:47,344 ==> Epoch[17](50/553): Loss: 0.1156
2020-01-12 01:20:47,346 Allocated:33.15576171875 MB
2020-01-12 01:20:47,346 Cached:4248.125 MB
2020-01-12 01:21:56,731 ==> Epoch[17](100/553): Loss: 0.0555
2020-01-12 01:21:56,733 Allocated:33.15576171875 MB
2020-01-12 01:21:56,734 Cached:5428.5 MB
2020-01-12 01:23:06,352 ==> Epoch[17](150/553): Loss: 0.0461
2020-01-12 01:23:06,354 Allocated:33.15576171875 MB
2020-01-12 01:23:06,354 Cached:5428.5 MB
2020-01-12 01:23:46,806 ====> Building Cache
2020-01-12 01:23:46,807 feature cache--->>> /home/annora/NetVLAD/output/train_feat_cache3.hdf5
2020-01-12 01:25:05,038 Allocated:33.1552734375 MB
2020-01-12 01:25:05,038 Cached:3386.375 MB
2020-01-12 01:25:53,678 ==> Epoch[17](200/553): Loss: 0.1438
2020-01-12 01:25:53,680 Allocated:33.15576171875 MB
2020-01-12 01:25:53,680 Cached:3393.375 MB
2020-01-12 01:27:05,941 ==> Epoch[17](250/553): Loss: 0.0323
2020-01-12 01:27:05,944 Allocated:33.15576171875 MB
2020-01-12 01:27:05,944 Cached:4536.75 MB
2020-01-12 01:28:14,622 ==> Epoch[17](300/553): Loss: 0.1545
2020-01-12 01:28:14,625 Allocated:33.15576171875 MB
2020-01-12 01:28:14,625 Cached:5724.75 MB
2020-01-12 01:29:15,169 ==> Epoch[17](350/553): Loss: 0.1939
2020-01-12 01:29:15,170 Allocated:33.15576171875 MB
2020-01-12 01:29:15,170 Cached:5724.75 MB
2020-01-12 01:29:36,663 ====> Building Cache
2020-01-12 01:29:36,664 feature cache--->>> /home/annora/NetVLAD/output/train_feat_cache3.hdf5
2020-01-12 01:30:58,644 Allocated:33.1552734375 MB
2020-01-12 01:30:58,644 Cached:3386.375 MB
2020-01-12 01:32:26,745 ==> Epoch[17](400/553): Loss: 0.0664
2020-01-12 01:32:26,747 Allocated:33.15576171875 MB
2020-01-12 01:32:26,748 Cached:6972.125 MB
2020-01-12 01:33:40,066 ==> Epoch[17](450/553): Loss: 0.0455
2020-01-12 01:33:40,068 Allocated:33.15576171875 MB
2020-01-12 01:33:40,068 Cached:6972.125 MB
2020-01-12 01:34:59,234 ==> Epoch[17](500/553): Loss: 0.0333
2020-01-12 01:34:59,237 Allocated:33.15576171875 MB
2020-01-12 01:34:59,237 Cached:8210.125 MB
2020-01-12 01:36:07,959 ==> Epoch[17](550/553): Loss: 0.0047
2020-01-12 01:36:07,960 Allocated:33.15576171875 MB
2020-01-12 01:36:07,960 Cached:9463.0 MB
2020-01-12 01:36:09,566 ===> Epoch 17 Complete: Avg. Loss: 0.0819
2020-01-12 01:36:09,567 ====> Extracting Features
2020-01-12 01:36:45,113 ==> Batch (50/108)
2020-01-12 01:37:06,811 ==> Batch (100/108)
2020-01-12 01:37:11,152 ====> Building faiss index
2020-01-12 01:37:11,501 ====> Calculating recall @ N
2020-01-12 01:37:13,713 ====> Recall@1: 0.6232
2020-01-12 01:37:13,714 ====> Recall@2: 0.6551
2020-01-12 01:37:13,714 ====> Recall@3: 0.6728
2020-01-12 01:37:13,714 ====> Recall@4: 0.6855
2020-01-12 01:37:13,715 ====> Recall@5: 0.6959
2020-01-12 01:37:13,715 ====> Recall@10: 0.7351
2020-01-12 01:37:13,715 ====> Recall@15: 0.7571
2020-01-12 01:37:13,715 ====> Recall@20: 0.7684
2020-01-12 01:37:13,716 ====> Recall@25: 0.7780
2020-01-12 01:37:13,833 ====> Building Cache
2020-01-12 01:37:13,834 feature cache--->>> /home/annora/NetVLAD/output/train_feat_cache3.hdf5
2020-01-12 01:38:32,075 Allocated:31.15576171875 MB
2020-01-12 01:38:32,076 Cached:4239.125 MB
2020-01-12 01:40:15,608 ==> Epoch[18](50/553): Loss: 0.0132
2020-01-12 01:40:15,611 Allocated:33.15576171875 MB
2020-01-12 01:40:15,611 Cached:4248.125 MB
2020-01-12 01:41:28,470 ==> Epoch[18](100/553): Loss: 0.0795
2020-01-12 01:41:28,472 Allocated:33.15576171875 MB
2020-01-12 01:41:28,472 Cached:4249.125 MB
2020-01-12 01:42:33,803 ==> Epoch[18](150/553): Loss: 0.0161
2020-01-12 01:42:33,805 Allocated:33.15576171875 MB
2020-01-12 01:42:33,806 Cached:4249.125 MB
2020-01-12 01:43:15,697 ====> Building Cache
2020-01-12 01:43:15,698 feature cache--->>> /home/annora/NetVLAD/output/train_feat_cache3.hdf5
2020-01-12 01:44:35,147 Allocated:33.1552734375 MB
2020-01-12 01:44:35,147 Cached:3386.375 MB
2020-01-12 01:45:25,149 ==> Epoch[18](200/553): Loss: 0.1070
2020-01-12 01:45:25,151 Allocated:33.15576171875 MB
2020-01-12 01:45:25,151 Cached:3394.375 MB
2020-01-12 01:46:37,274 ==> Epoch[18](250/553): Loss: 0.0841
2020-01-12 01:46:37,276 Allocated:33.15576171875 MB
2020-01-12 01:46:37,276 Cached:5668.5 MB
2020-01-12 01:47:43,016 ==> Epoch[18](300/553): Loss: 0.1683
2020-01-12 01:47:43,017 Allocated:33.15576171875 MB
2020-01-12 01:47:43,018 Cached:5669.5 MB
2020-01-12 01:48:46,613 ==> Epoch[18](350/553): Loss: 0.1002
2020-01-12 01:48:46,615 Allocated:33.15576171875 MB
2020-01-12 01:48:46,616 Cached:5669.5 MB
2020-01-12 01:49:07,344 ====> Building Cache
2020-01-12 01:49:07,344 feature cache--->>> /home/annora/NetVLAD/output/train_feat_cache3.hdf5
2020-01-12 01:50:28,218 Allocated:33.1552734375 MB
2020-01-12 01:50:28,219 Cached:3386.375 MB
2020-01-12 01:52:05,443 ==> Epoch[18](400/553): Loss: 0.1277
2020-01-12 01:52:05,446 Allocated:33.15576171875 MB
2020-01-12 01:52:05,446 Cached:6924.5 MB
2020-01-12 01:53:25,318 ==> Epoch[18](450/553): Loss: 0.0217
2020-01-12 01:53:25,321 Allocated:33.15576171875 MB
2020-01-12 01:53:25,321 Cached:6924.5 MB
2020-01-12 01:54:44,547 ==> Epoch[18](500/553): Loss: 0.1225
2020-01-12 01:54:44,549 Allocated:33.15576171875 MB
2020-01-12 01:54:44,549 Cached:6924.5 MB
2020-01-12 01:55:51,077 ==> Epoch[18](550/553): Loss: 0.0660
2020-01-12 01:55:51,079 Allocated:33.15576171875 MB
2020-01-12 01:55:51,079 Cached:6924.5 MB
2020-01-12 01:55:55,653 ===> Epoch 18 Complete: Avg. Loss: 0.0811
2020-01-12 01:55:55,655 ====> Extracting Features
2020-01-12 01:56:31,065 ==> Batch (50/108)
2020-01-12 01:56:52,355 ==> Batch (100/108)
2020-01-12 01:56:56,695 ====> Building faiss index
2020-01-12 01:56:57,050 ====> Calculating recall @ N
2020-01-12 01:56:59,243 ====> Recall@1: 0.6177
2020-01-12 01:56:59,243 ====> Recall@2: 0.6533
2020-01-12 01:56:59,244 ====> Recall@3: 0.6759
2020-01-12 01:56:59,244 ====> Recall@4: 0.6890
2020-01-12 01:56:59,244 ====> Recall@5: 0.6980
2020-01-12 01:56:59,244 ====> Recall@10: 0.7362
2020-01-12 01:56:59,244 ====> Recall@15: 0.7562
2020-01-12 01:56:59,245 ====> Recall@20: 0.7670
2020-01-12 01:56:59,245 ====> Recall@25: 0.7754
2020-01-12 01:56:59,422 ====> Building Cache
2020-01-12 01:56:59,422 feature cache--->>> /home/annora/NetVLAD/output/train_feat_cache3.hdf5
2020-01-12 01:58:18,760 Allocated:31.15576171875 MB
2020-01-12 01:58:18,761 Cached:4239.125 MB
2020-01-12 02:00:18,780 ==> Epoch[19](50/553): Loss: 0.2096
2020-01-12 02:00:18,782 Allocated:33.15576171875 MB
2020-01-12 02:00:18,782 Cached:4250.125 MB
2020-01-12 02:01:28,012 ==> Epoch[19](100/553): Loss: 0.0319
2020-01-12 02:01:28,014 Allocated:33.15576171875 MB
2020-01-12 02:01:28,014 Cached:4250.125 MB
2020-01-12 02:02:29,886 ==> Epoch[19](150/553): Loss: 0.0366
2020-01-12 02:02:29,888 Allocated:33.15576171875 MB
2020-01-12 02:02:29,888 Cached:4250.125 MB
2020-01-12 02:03:11,162 ====> Building Cache
2020-01-12 02:03:11,163 feature cache--->>> /home/annora/NetVLAD/output/train_feat_cache3.hdf5
2020-01-12 02:04:29,708 Allocated:33.1552734375 MB
2020-01-12 02:04:29,709 Cached:3386.375 MB
2020-01-12 02:05:21,949 ==> Epoch[19](200/553): Loss: 0.0905
2020-01-12 02:05:21,951 Allocated:33.15576171875 MB
2020-01-12 02:05:21,951 Cached:3393.375 MB
2020-01-12 02:06:38,340 ==> Epoch[19](250/553): Loss: 0.1401
2020-01-12 02:06:38,342 Allocated:33.15576171875 MB
2020-01-12 02:06:38,343 Cached:4536.75 MB
2020-01-12 02:07:38,590 ==> Epoch[19](300/553): Loss: 0.2405
2020-01-12 02:07:38,593 Allocated:33.15576171875 MB
2020-01-12 02:07:38,593 Cached:5682.25 MB
2020-01-12 02:08:41,306 ==> Epoch[19](350/553): Loss: 0.1762
2020-01-12 02:08:41,309 Allocated:33.15576171875 MB
2020-01-12 02:08:41,309 Cached:6856.5 MB
2020-01-12 02:09:02,802 ====> Building Cache
2020-01-12 02:09:02,803 feature cache--->>> /home/annora/NetVLAD/output/train_feat_cache3.hdf5
2020-01-12 02:10:32,465 Allocated:33.1552734375 MB
2020-01-12 02:10:32,466 Cached:3386.375 MB
2020-01-12 02:11:53,023 ==> Epoch[19](400/553): Loss: 0.0236
2020-01-12 02:11:53,025 Allocated:33.15576171875 MB
2020-01-12 02:11:53,026 Cached:2863.5 MB
2020-01-12 02:13:09,714 ==> Epoch[19](450/553): Loss: 0.0304
2020-01-12 02:13:09,717 Allocated:33.15576171875 MB
2020-01-12 02:13:09,717 Cached:5296.0 MB
2020-01-12 02:14:26,693 ==> Epoch[19](500/553): Loss: 0.0068
2020-01-12 02:14:26,695 Allocated:33.15576171875 MB
2020-01-12 02:14:26,695 Cached:5296.0 MB
2020-01-12 02:15:39,799 ==> Epoch[19](550/553): Loss: 0.0370
2020-01-12 02:15:39,801 Allocated:33.15576171875 MB
2020-01-12 02:15:39,801 Cached:5296.0 MB
2020-01-12 02:15:41,474 ===> Epoch 19 Complete: Avg. Loss: 0.0814
2020-01-12 02:15:41,475 ====> Extracting Features
2020-01-12 02:16:17,246 ==> Batch (50/108)
2020-01-12 02:16:39,108 ==> Batch (100/108)
2020-01-12 02:16:42,910 ====> Building faiss index
2020-01-12 02:16:43,248 ====> Calculating recall @ N
2020-01-12 02:16:45,427 ====> Recall@1: 0.5997
2020-01-12 02:16:45,428 ====> Recall@2: 0.6386
2020-01-12 02:16:45,428 ====> Recall@3: 0.6586
2020-01-12 02:16:45,429 ====> Recall@4: 0.6728
2020-01-12 02:16:45,429 ====> Recall@5: 0.6820
2020-01-12 02:16:45,429 ====> Recall@10: 0.7159
2020-01-12 02:16:45,429 ====> Recall@15: 0.7409
2020-01-12 02:16:45,429 ====> Recall@20: 0.7548
2020-01-12 02:16:45,430 ====> Recall@25: 0.7649
2020-01-12 02:16:45,546 ====> Building Cache
2020-01-12 02:16:45,546 feature cache--->>> /home/annora/NetVLAD/output/train_feat_cache3.hdf5
2020-01-12 02:18:05,965 Allocated:31.15576171875 MB
2020-01-12 02:18:05,966 Cached:4239.125 MB
2020-01-12 02:20:05,535 ==> Epoch[20](50/553): Loss: 0.0303
2020-01-12 02:20:05,539 Allocated:33.15576171875 MB
2020-01-12 02:20:05,539 Cached:5418.0 MB
2020-01-12 02:21:13,851 ==> Epoch[20](100/553): Loss: 0.0547
2020-01-12 02:21:13,853 Allocated:33.15576171875 MB
2020-01-12 02:21:13,853 Cached:5418.0 MB
2020-01-12 02:22:15,507 ==> Epoch[20](150/553): Loss: 0.0050
2020-01-12 02:22:15,509 Allocated:33.15576171875 MB
2020-01-12 02:22:15,509 Cached:5418.0 MB
2020-01-12 02:22:55,913 ====> Building Cache
2020-01-12 02:22:55,914 feature cache--->>> /home/annora/NetVLAD/output/train_feat_cache3.hdf5
2020-01-12 02:24:15,188 Allocated:33.1552734375 MB
2020-01-12 02:24:15,188 Cached:3386.375 MB
2020-01-12 02:25:08,527 ==> Epoch[20](200/553): Loss: 0.2747
2020-01-12 02:25:08,530 Allocated:33.15576171875 MB
2020-01-12 02:25:08,530 Cached:4539.875 MB
2020-01-12 02:26:13,965 ==> Epoch[20](250/553): Loss: 0.1372
2020-01-12 02:26:13,967 Allocated:33.15576171875 MB
2020-01-12 02:26:13,967 Cached:4539.875 MB
2020-01-12 02:27:19,933 ==> Epoch[20](300/553): Loss: 0.3019
2020-01-12 02:27:19,935 Allocated:33.15576171875 MB
2020-01-12 02:27:19,935 Cached:4539.875 MB
2020-01-12 02:28:26,669 ==> Epoch[20](350/553): Loss: 0.0821
2020-01-12 02:28:26,672 Allocated:33.15576171875 MB
2020-01-12 02:28:26,672 Cached:4539.875 MB
2020-01-12 02:28:49,387 ====> Building Cache
2020-01-12 02:28:49,388 feature cache--->>> /home/annora/NetVLAD/output/train_feat_cache3.hdf5
2020-01-12 02:30:15,673 Allocated:33.1552734375 MB
2020-01-12 02:30:15,674 Cached:3386.375 MB
2020-01-12 02:31:39,234 ==> Epoch[20](400/553): Loss: 0.0570
2020-01-12 02:31:39,236 Allocated:33.15576171875 MB
2020-01-12 02:31:39,236 Cached:8090.25 MB
2020-01-12 02:32:49,619 ==> Epoch[20](450/553): Loss: 0.0701
2020-01-12 02:32:49,621 Allocated:33.15576171875 MB
2020-01-12 02:32:49,621 Cached:9305.875 MB
2020-01-12 02:34:00,770 ==> Epoch[20](500/553): Loss: 0.0050
2020-01-12 02:34:00,772 Allocated:33.15576171875 MB
2020-01-12 02:34:00,772 Cached:3078.875 MB
2020-01-12 02:35:11,910 ==> Epoch[20](550/553): Loss: 0.0259
2020-01-12 02:35:11,912 Allocated:33.15576171875 MB
2020-01-12 02:35:11,912 Cached:3078.875 MB
2020-01-12 02:35:13,792 ===> Epoch 20 Complete: Avg. Loss: 0.0842
2020-01-12 02:35:13,793 ====> Extracting Features
2020-01-12 02:35:49,550 ==> Batch (50/108)
2020-01-12 02:36:12,261 ==> Batch (100/108)
2020-01-12 02:36:16,462 ====> Building faiss index
2020-01-12 02:36:16,806 ====> Calculating recall @ N
2020-01-12 02:36:19,030 ====> Recall@1: 0.6128
2020-01-12 02:36:19,031 ====> Recall@2: 0.6499
2020-01-12 02:36:19,031 ====> Recall@3: 0.6725
2020-01-12 02:36:19,031 ====> Recall@4: 0.6861
2020-01-12 02:36:19,032 ====> Recall@5: 0.6954
2020-01-12 02:36:19,032 ====> Recall@10: 0.7383
2020-01-12 02:36:19,032 ====> Recall@15: 0.7522
2020-01-12 02:36:19,032 ====> Recall@20: 0.7664
2020-01-12 02:36:19,032 ====> Recall@25: 0.7757
2020-01-12 02:36:19,152 ====> Building Cache
2020-01-12 02:36:19,153 feature cache--->>> /home/annora/NetVLAD/output/train_feat_cache3.hdf5
2020-01-12 02:37:42,651 Allocated:31.15576171875 MB
2020-01-12 02:37:42,652 Cached:4239.125 MB
2020-01-12 02:39:38,034 ==> Epoch[21](50/553): Loss: 0.0289
2020-01-12 02:39:38,037 Allocated:33.15576171875 MB
2020-01-12 02:39:38,037 Cached:4248.125 MB
2020-01-12 02:40:40,919 ==> Epoch[21](100/553): Loss: 0.0561
2020-01-12 02:40:40,921 Allocated:33.15576171875 MB
2020-01-12 02:40:40,922 Cached:5381.875 MB
2020-01-12 02:41:42,972 ==> Epoch[21](150/553): Loss: 0.0705
2020-01-12 02:41:42,974 Allocated:33.15576171875 MB
2020-01-12 02:41:42,975 Cached:5381.875 MB
2020-01-12 02:42:31,544 ====> Building Cache
2020-01-12 02:42:31,545 feature cache--->>> /home/annora/NetVLAD/output/train_feat_cache3.hdf5
2020-01-12 02:43:55,742 Allocated:33.1552734375 MB
2020-01-12 02:43:55,743 Cached:3386.375 MB
2020-01-12 02:44:45,575 ==> Epoch[21](200/553): Loss: 0.1751
2020-01-12 02:44:45,577 Allocated:33.15576171875 MB
2020-01-12 02:44:45,578 Cached:4573.75 MB
2020-01-12 02:45:54,910 ==> Epoch[21](250/553): Loss: 0.0547
2020-01-12 02:45:54,912 Allocated:33.15576171875 MB
2020-01-12 02:45:54,913 Cached:4573.75 MB
2020-01-12 02:46:57,438 ==> Epoch[21](300/553): Loss: 0.0040
2020-01-12 02:46:57,439 Allocated:33.15576171875 MB
2020-01-12 02:46:57,440 Cached:4573.75 MB
2020-01-12 02:48:08,031 ==> Epoch[21](350/553): Loss: 0.1968
2020-01-12 02:48:08,033 Allocated:33.15576171875 MB
2020-01-12 02:48:08,034 Cached:4573.75 MB
2020-01-12 02:48:34,856 ====> Building Cache
2020-01-12 02:48:34,856 feature cache--->>> /home/annora/NetVLAD/output/train_feat_cache3.hdf5
2020-01-12 02:50:00,269 Allocated:33.1552734375 MB
2020-01-12 02:50:00,270 Cached:3386.375 MB
2020-01-12 02:51:20,923 ==> Epoch[21](400/553): Loss: 0.0834
2020-01-12 02:51:20,925 Allocated:33.15576171875 MB
2020-01-12 02:51:20,925 Cached:6964.875 MB
2020-01-12 02:52:31,977 ==> Epoch[21](450/553): Loss: 0.0500
2020-01-12 02:52:31,979 Allocated:33.15576171875 MB
2020-01-12 02:52:31,979 Cached:8177.375 MB
2020-01-12 02:53:49,677 ==> Epoch[21](500/553): Loss: 0.0846
2020-01-12 02:53:49,679 Allocated:33.15576171875 MB
2020-01-12 02:53:49,680 Cached:9404.75 MB
2020-01-12 02:55:05,119 ==> Epoch[21](550/553): Loss: 0.0793
2020-01-12 02:55:05,121 Allocated:33.15576171875 MB
2020-01-12 02:55:05,121 Cached:9404.75 MB
2020-01-12 02:55:11,542 ===> Epoch 21 Complete: Avg. Loss: 0.0852
2020-01-12 02:55:11,544 ====> Extracting Features
2020-01-12 02:55:48,173 ==> Batch (50/108)
2020-01-12 02:56:12,356 ==> Batch (100/108)
2020-01-12 02:56:17,057 ====> Building faiss index
2020-01-12 02:56:17,411 ====> Calculating recall @ N
2020-01-12 02:56:19,740 ====> Recall@1: 0.6096
2020-01-12 02:56:19,740 ====> Recall@2: 0.6475
2020-01-12 02:56:19,741 ====> Recall@3: 0.6664
2020-01-12 02:56:19,741 ====> Recall@4: 0.6800
2020-01-12 02:56:19,741 ====> Recall@5: 0.6907
2020-01-12 02:56:19,741 ====> Recall@10: 0.7267
2020-01-12 02:56:19,741 ====> Recall@15: 0.7487
2020-01-12 02:56:19,742 ====> Recall@20: 0.7623
2020-01-12 02:56:19,742 ====> Recall@25: 0.7722
2020-01-12 02:56:19,860 ====> Building Cache
2020-01-12 02:56:19,861 feature cache--->>> /home/annora/NetVLAD/output/train_feat_cache3.hdf5
2020-01-12 02:57:43,611 Allocated:31.15576171875 MB
2020-01-12 02:57:43,611 Cached:4239.125 MB
2020-01-12 02:59:35,672 ==> Epoch[22](50/553): Loss: 0.1204
2020-01-12 02:59:35,675 Allocated:33.15576171875 MB
2020-01-12 02:59:35,675 Cached:4248.125 MB
2020-01-12 03:00:38,757 ==> Epoch[22](100/553): Loss: 0.0303
2020-01-12 03:00:38,759 Allocated:33.15576171875 MB
2020-01-12 03:00:38,760 Cached:4249.125 MB
2020-01-12 03:01:40,611 ==> Epoch[22](150/553): Loss: 0.0441
2020-01-12 03:01:40,614 Allocated:33.15576171875 MB
2020-01-12 03:01:40,615 Cached:4249.125 MB
2020-01-12 03:02:23,324 ====> Building Cache
2020-01-12 03:02:23,325 feature cache--->>> /home/annora/NetVLAD/output/train_feat_cache3.hdf5
2020-01-12 03:03:44,005 Allocated:33.1552734375 MB
2020-01-12 03:03:44,006 Cached:3386.375 MB
2020-01-12 03:04:36,745 ==> Epoch[22](200/553): Loss: 0.1102
2020-01-12 03:04:36,748 Allocated:33.15576171875 MB
2020-01-12 03:04:36,749 Cached:3394.375 MB
2020-01-12 03:05:47,215 ==> Epoch[22](250/553): Loss: 0.0231
2020-01-12 03:05:47,218 Allocated:33.15576171875 MB
2020-01-12 03:05:47,219 Cached:4570.625 MB
2020-01-12 03:07:02,865 ==> Epoch[22](300/553): Loss: 0.0892
2020-01-12 03:07:02,867 Allocated:33.15576171875 MB
2020-01-12 03:07:02,867 Cached:4570.625 MB
2020-01-12 03:08:07,106 ==> Epoch[22](350/553): Loss: 0.1759
2020-01-12 03:08:07,123 Allocated:33.15576171875 MB
2020-01-12 03:08:07,124 Cached:4570.625 MB
2020-01-12 03:08:32,456 ====> Building Cache
2020-01-12 03:08:32,457 feature cache--->>> /home/annora/NetVLAD/output/train_feat_cache3.hdf5
2020-01-12 03:10:00,122 Allocated:33.1552734375 MB
2020-01-12 03:10:00,123 Cached:3386.375 MB
2020-01-12 03:11:20,154 ==> Epoch[22](400/553): Loss: 0.0884
2020-01-12 03:11:20,156 Allocated:33.15576171875 MB
2020-01-12 03:11:20,157 Cached:5792.625 MB
2020-01-12 03:12:27,345 ==> Epoch[22](450/553): Loss: 0.0623
2020-01-12 03:12:27,348 Allocated:33.15576171875 MB
2020-01-12 03:12:27,349 Cached:5792.625 MB
2020-01-12 03:13:42,346 ==> Epoch[22](500/553): Loss: 0.0296
2020-01-12 03:13:42,348 Allocated:33.15576171875 MB
2020-01-12 03:13:42,348 Cached:5792.625 MB
2020-01-12 03:14:51,992 ==> Epoch[22](550/553): Loss: 0.0389
2020-01-12 03:14:51,994 Allocated:33.15576171875 MB
2020-01-12 03:14:51,994 Cached:7004.125 MB
2020-01-12 03:14:56,860 ===> Epoch 22 Complete: Avg. Loss: 0.0847
2020-01-12 03:14:56,861 ====> Extracting Features
2020-01-12 03:15:41,164 ==> Batch (50/108)
2020-01-12 03:16:04,544 ==> Batch (100/108)
2020-01-12 03:16:09,513 ====> Building faiss index
2020-01-12 03:16:09,858 ====> Calculating recall @ N
2020-01-12 03:16:12,041 ====> Recall@1: 0.6203
2020-01-12 03:16:12,041 ====> Recall@2: 0.6583
2020-01-12 03:16:12,042 ====> Recall@3: 0.6759
2020-01-12 03:16:12,042 ====> Recall@4: 0.6861
2020-01-12 03:16:12,042 ====> Recall@5: 0.6959
2020-01-12 03:16:12,042 ====> Recall@10: 0.7374
2020-01-12 03:16:12,042 ====> Recall@15: 0.7571
2020-01-12 03:16:12,043 ====> Recall@20: 0.7675
2020-01-12 03:16:12,043 ====> Recall@25: 0.7754
2020-01-12 03:16:12,161 ====> Building Cache
2020-01-12 03:16:12,161 feature cache--->>> /home/annora/NetVLAD/output/train_feat_cache3.hdf5
2020-01-12 03:17:30,808 Allocated:31.15576171875 MB
2020-01-12 03:17:30,809 Cached:4239.125 MB
2020-01-12 03:19:13,907 ==> Epoch[23](50/553): Loss: 0.0857
2020-01-12 03:19:13,910 Allocated:33.15576171875 MB
2020-01-12 03:19:13,910 Cached:4248.125 MB
2020-01-12 03:20:14,748 ==> Epoch[23](100/553): Loss: 0.0951
2020-01-12 03:20:14,751 Allocated:33.15576171875 MB
2020-01-12 03:20:14,751 Cached:4249.125 MB
2020-01-12 03:21:19,827 ==> Epoch[23](150/553): Loss: 0.0585
2020-01-12 03:21:19,829 Allocated:33.15576171875 MB
2020-01-12 03:21:19,829 Cached:5397.875 MB
2020-01-12 03:22:01,623 ====> Building Cache
2020-01-12 03:22:01,624 feature cache--->>> /home/annora/NetVLAD/output/train_feat_cache3.hdf5
2020-01-12 03:23:19,802 Allocated:33.1552734375 MB
2020-01-12 03:23:19,802 Cached:3386.375 MB
2020-01-12 03:24:09,175 ==> Epoch[23](200/553): Loss: 0.0343
2020-01-12 03:24:09,178 Allocated:33.15576171875 MB
2020-01-12 03:24:09,178 Cached:4533.5 MB
2020-01-12 03:25:27,432 ==> Epoch[23](250/553): Loss: 0.2099
2020-01-12 03:25:27,434 Allocated:33.15576171875 MB
2020-01-12 03:25:27,435 Cached:4533.5 MB
2020-01-12 03:26:48,134 ==> Epoch[23](300/553): Loss: 0.0653
2020-01-12 03:26:48,136 Allocated:33.15576171875 MB
2020-01-12 03:26:48,137 Cached:4533.5 MB
2020-01-12 03:28:13,993 ==> Epoch[23](350/553): Loss: 0.1658
2020-01-12 03:28:13,995 Allocated:33.15576171875 MB
2020-01-12 03:28:13,996 Cached:4533.5 MB
2020-01-12 03:28:34,144 ====> Building Cache
2020-01-12 03:28:34,145 feature cache--->>> /home/annora/NetVLAD/output/train_feat_cache3.hdf5
2020-01-12 03:29:50,022 Allocated:33.1552734375 MB
2020-01-12 03:29:50,023 Cached:3386.375 MB
2020-01-12 03:31:00,606 ==> Epoch[23](400/553): Loss: 0.0534
2020-01-12 03:31:00,608 Allocated:33.15576171875 MB
2020-01-12 03:31:00,608 Cached:5782.125 MB
2020-01-12 03:32:05,400 ==> Epoch[23](450/553): Loss: 0.0737
2020-01-12 03:32:05,402 Allocated:33.15576171875 MB
2020-01-12 03:32:05,402 Cached:5782.125 MB
2020-01-12 03:33:19,131 ==> Epoch[23](500/553): Loss: 0.0744
2020-01-12 03:33:19,133 Allocated:33.15576171875 MB
2020-01-12 03:33:19,134 Cached:7001.0 MB
2020-01-12 03:34:27,935 ==> Epoch[23](550/553): Loss: 0.1857
2020-01-12 03:34:27,937 Allocated:33.15576171875 MB
2020-01-12 03:34:27,937 Cached:7001.0 MB
2020-01-12 03:34:30,965 ===> Epoch 23 Complete: Avg. Loss: 0.0847
2020-01-12 03:34:30,967 ====> Extracting Features
2020-01-12 03:35:06,728 ==> Batch (50/108)
2020-01-12 03:35:28,114 ==> Batch (100/108)
2020-01-12 03:35:32,563 ====> Building faiss index
2020-01-12 03:35:32,899 ====> Calculating recall @ N
2020-01-12 03:35:35,054 ====> Recall@1: 0.6183
2020-01-12 03:35:35,055 ====> Recall@2: 0.6574
2020-01-12 03:35:35,055 ====> Recall@3: 0.6745
2020-01-12 03:35:35,055 ====> Recall@4: 0.6855
2020-01-12 03:35:35,056 ====> Recall@5: 0.6954
2020-01-12 03:35:35,056 ====> Recall@10: 0.7357
2020-01-12 03:35:35,056 ====> Recall@15: 0.7591
2020-01-12 03:35:35,056 ====> Recall@20: 0.7690
2020-01-12 03:35:35,056 ====> Recall@25: 0.7774
2020-01-12 03:35:35,167 ====> Building Cache
2020-01-12 03:35:35,168 feature cache--->>> /home/annora/NetVLAD/output/train_feat_cache3.hdf5
2020-01-12 03:36:51,561 Allocated:31.15576171875 MB
2020-01-12 03:36:51,561 Cached:4239.125 MB
2020-01-12 03:38:27,993 ==> Epoch[24](50/553): Loss: 0.0380
2020-01-12 03:38:27,995 Allocated:33.15576171875 MB
2020-01-12 03:38:27,995 Cached:4249.125 MB
2020-01-12 03:39:28,930 ==> Epoch[24](100/553): Loss: 0.0629
2020-01-12 03:39:28,932 Allocated:33.15576171875 MB
2020-01-12 03:39:28,933 Cached:4249.125 MB
2020-01-12 03:40:31,090 ==> Epoch[24](150/553): Loss: 0.0266
2020-01-12 03:40:31,092 Allocated:33.15576171875 MB
2020-01-12 03:40:31,092 Cached:4249.125 MB
2020-01-12 03:41:13,472 ====> Building Cache
2020-01-12 03:41:13,473 feature cache--->>> /home/annora/NetVLAD/output/train_feat_cache3.hdf5
2020-01-12 03:42:30,840 Allocated:33.1552734375 MB
2020-01-12 03:42:30,841 Cached:3386.375 MB
2020-01-12 03:43:19,766 ==> Epoch[24](200/553): Loss: 0.1264
2020-01-12 03:43:19,768 Allocated:33.15576171875 MB
2020-01-12 03:43:19,769 Cached:3392.375 MB
2020-01-12 03:44:30,261 ==> Epoch[24](250/553): Loss: 0.1776
2020-01-12 03:44:30,263 Allocated:33.15576171875 MB
2020-01-12 03:44:30,264 Cached:4533.5 MB
2020-01-12 03:45:30,671 ==> Epoch[24](300/553): Loss: 0.0371
2020-01-12 03:45:30,673 Allocated:33.15576171875 MB
2020-01-12 03:45:30,673 Cached:4533.5 MB
2020-01-12 03:46:32,936 ==> Epoch[24](350/553): Loss: 0.1549
2020-01-12 03:46:32,938 Allocated:33.15576171875 MB
2020-01-12 03:46:32,938 Cached:5721.5 MB
2020-01-12 03:46:55,993 ====> Building Cache
2020-01-12 03:46:55,993 feature cache--->>> /home/annora/NetVLAD/output/train_feat_cache3.hdf5
2020-01-12 03:48:13,306 Allocated:33.1552734375 MB
2020-01-12 03:48:13,307 Cached:3386.375 MB
2020-01-12 03:49:23,803 ==> Epoch[24](400/553): Loss: 0.1005
2020-01-12 03:49:23,805 Allocated:33.15576171875 MB
2020-01-12 03:49:23,805 Cached:4547.25 MB
2020-01-12 03:50:30,672 ==> Epoch[24](450/553): Loss: 0.0300
2020-01-12 03:50:30,674 Allocated:33.15576171875 MB
2020-01-12 03:50:30,674 Cached:6907.375 MB
2020-01-12 03:51:53,112 ==> Epoch[24](500/553): Loss: 0.0701
2020-01-12 03:51:53,115 Allocated:33.15576171875 MB
2020-01-12 03:51:53,115 Cached:9357.875 MB
2020-01-12 03:52:59,416 ==> Epoch[24](550/553): Loss: 0.0617
2020-01-12 03:52:59,418 Allocated:33.15576171875 MB
2020-01-12 03:52:59,418 Cached:9357.875 MB
2020-01-12 03:53:01,110 ===> Epoch 24 Complete: Avg. Loss: 0.0842
2020-01-12 03:53:01,112 ====> Extracting Features
2020-01-12 03:53:35,831 ==> Batch (50/108)
2020-01-12 03:53:56,774 ==> Batch (100/108)
2020-01-12 03:54:01,058 ====> Building faiss index
2020-01-12 03:54:01,401 ====> Calculating recall @ N
2020-01-12 03:54:03,833 ====> Recall@1: 0.6177
2020-01-12 03:54:03,834 ====> Recall@2: 0.6586
2020-01-12 03:54:03,834 ====> Recall@3: 0.6754
2020-01-12 03:54:03,834 ====> Recall@4: 0.6881
2020-01-12 03:54:03,835 ====> Recall@5: 0.7003
2020-01-12 03:54:03,835 ====> Recall@10: 0.7403
2020-01-12 03:54:03,835 ====> Recall@15: 0.7603
2020-01-12 03:54:03,835 ====> Recall@20: 0.7704
2020-01-12 03:54:03,836 ====> Recall@25: 0.7774
2020-01-12 03:54:04,008 ====> Building Cache
2020-01-12 03:54:04,008 feature cache--->>> /home/annora/NetVLAD/output/train_feat_cache3.hdf5
2020-01-12 03:55:19,454 Allocated:31.15576171875 MB
2020-01-12 03:55:19,454 Cached:4239.125 MB
2020-01-12 03:56:54,284 ==> Epoch[25](50/553): Loss: 0.0861
2020-01-12 03:56:54,286 Allocated:33.15576171875 MB
2020-01-12 03:56:54,286 Cached:5385.125 MB
2020-01-12 03:57:54,810 ==> Epoch[25](100/553): Loss: 0.0350
2020-01-12 03:57:54,812 Allocated:33.15576171875 MB
2020-01-12 03:57:54,812 Cached:5385.125 MB
2020-01-12 03:58:54,995 ==> Epoch[25](150/553): Loss: 0.0668
2020-01-12 03:58:54,997 Allocated:33.15576171875 MB
2020-01-12 03:58:54,997 Cached:5385.125 MB
2020-01-12 03:59:41,041 ====> Building Cache
2020-01-12 03:59:41,042 feature cache--->>> /home/annora/NetVLAD/output/train_feat_cache3.hdf5
2020-01-12 04:00:57,798 Allocated:33.1552734375 MB
2020-01-12 04:00:57,798 Cached:3386.375 MB
2020-01-12 04:01:46,261 ==> Epoch[25](200/553): Loss: 0.1624
2020-01-12 04:01:46,264 Allocated:33.15576171875 MB
2020-01-12 04:01:46,264 Cached:3393.375 MB
2020-01-12 04:02:51,539 ==> Epoch[25](250/553): Loss: 0.0362
2020-01-12 04:02:51,541 Allocated:33.15576171875 MB
2020-01-12 04:02:51,542 Cached:3394.375 MB
2020-01-12 04:03:57,666 ==> Epoch[25](300/553): Loss: 0.1976
2020-01-12 04:03:57,668 Allocated:33.15576171875 MB
2020-01-12 04:03:57,669 Cached:4560.0 MB
2020-01-12 04:05:01,437 ==> Epoch[25](350/553): Loss: 0.1254
2020-01-12 04:05:01,441 Allocated:33.15576171875 MB
2020-01-12 04:05:01,442 Cached:4560.0 MB
2020-01-12 04:05:22,743 ====> Building Cache
2020-01-12 04:05:22,744 feature cache--->>> /home/annora/NetVLAD/output/train_feat_cache3.hdf5
2020-01-12 04:06:40,938 Allocated:33.1552734375 MB
2020-01-12 04:06:40,939 Cached:3386.375 MB
2020-01-12 04:07:53,081 ==> Epoch[25](400/553): Loss: 0.1427
2020-01-12 04:07:53,084 Allocated:33.15576171875 MB
2020-01-12 04:07:53,084 Cached:4619.375 MB
2020-01-12 04:09:00,544 ==> Epoch[25](450/553): Loss: 0.1091
2020-01-12 04:09:00,546 Allocated:33.15576171875 MB
2020-01-12 04:09:00,547 Cached:4619.375 MB
2020-01-12 04:10:10,813 ==> Epoch[25](500/553): Loss: 0.0532
2020-01-12 04:10:10,816 Allocated:33.15576171875 MB
2020-01-12 04:10:10,816 Cached:4619.375 MB
2020-01-12 04:11:16,625 ==> Epoch[25](550/553): Loss: 0.0350
2020-01-12 04:11:16,627 Allocated:33.15576171875 MB
2020-01-12 04:11:16,628 Cached:4619.375 MB
2020-01-12 04:11:18,773 ===> Epoch 25 Complete: Avg. Loss: 0.0929
2020-01-12 04:11:18,774 ====> Extracting Features
2020-01-12 04:11:53,347 ==> Batch (50/108)
2020-01-12 04:12:15,252 ==> Batch (100/108)
2020-01-12 04:12:20,267 ====> Building faiss index
2020-01-12 04:12:20,601 ====> Calculating recall @ N
2020-01-12 04:12:22,798 ====> Recall@1: 0.6128
2020-01-12 04:12:22,799 ====> Recall@2: 0.6484
2020-01-12 04:12:22,800 ====> Recall@3: 0.6681
2020-01-12 04:12:22,800 ====> Recall@4: 0.6786
2020-01-12 04:12:22,800 ====> Recall@5: 0.6962
2020-01-12 04:12:22,801 ====> Recall@10: 0.7336
2020-01-12 04:12:22,801 ====> Recall@15: 0.7574
2020-01-12 04:12:22,801 ====> Recall@20: 0.7681
2020-01-12 04:12:22,801 ====> Recall@25: 0.7803
2020-01-12 04:12:22,920 ====> Building Cache
2020-01-12 04:12:22,920 feature cache--->>> /home/annora/NetVLAD/output/train_feat_cache3.hdf5
2020-01-12 04:13:38,289 Allocated:31.15576171875 MB
2020-01-12 04:13:38,289 Cached:4239.125 MB
2020-01-12 04:15:12,007 ==> Epoch[26](50/553): Loss: 0.0449
2020-01-12 04:15:12,009 Allocated:33.15576171875 MB
2020-01-12 04:15:12,009 Cached:4249.125 MB
2020-01-12 04:16:11,249 ==> Epoch[26](100/553): Loss: 0.1002
2020-01-12 04:16:11,252 Allocated:33.15576171875 MB
2020-01-12 04:16:11,252 Cached:4249.125 MB
2020-01-12 04:17:08,984 ==> Epoch[26](150/553): Loss: 0.0122
2020-01-12 04:17:08,986 Allocated:33.15576171875 MB
2020-01-12 04:17:08,987 Cached:5378.75 MB
2020-01-12 04:17:52,418 ====> Building Cache
2020-01-12 04:17:52,419 feature cache--->>> /home/annora/NetVLAD/output/train_feat_cache3.hdf5
2020-01-12 04:19:10,949 Allocated:33.1552734375 MB
2020-01-12 04:19:10,949 Cached:3386.375 MB
2020-01-12 04:20:00,875 ==> Epoch[26](200/553): Loss: 0.1700
2020-01-12 04:20:00,878 Allocated:33.15576171875 MB
2020-01-12 04:20:00,879 Cached:4533.5 MB
2020-01-12 04:21:13,453 ==> Epoch[26](250/553): Loss: 0.0320
2020-01-12 04:21:13,455 Allocated:33.15576171875 MB
2020-01-12 04:21:13,456 Cached:4533.5 MB
2020-01-12 04:22:17,395 ==> Epoch[26](300/553): Loss: 0.1513
2020-01-12 04:22:17,397 Allocated:33.15576171875 MB
2020-01-12 04:22:17,397 Cached:4533.5 MB
2020-01-12 04:23:22,036 ==> Epoch[26](350/553): Loss: 0.1710
2020-01-12 04:23:22,038 Allocated:33.15576171875 MB
2020-01-12 04:23:22,038 Cached:4533.5 MB
2020-01-12 04:23:43,468 ====> Building Cache
2020-01-12 04:23:43,469 feature cache--->>> /home/annora/NetVLAD/output/train_feat_cache3.hdf5
2020-01-12 04:25:03,016 Allocated:33.1552734375 MB
2020-01-12 04:25:03,017 Cached:3386.375 MB
2020-01-12 04:26:15,579 ==> Epoch[26](400/553): Loss: 0.0394
2020-01-12 04:26:15,582 Allocated:33.15576171875 MB
2020-01-12 04:26:15,583 Cached:5679.125 MB
2020-01-12 04:27:19,541 ==> Epoch[26](450/553): Loss: 0.0532
2020-01-12 04:27:19,543 Allocated:33.15576171875 MB
2020-01-12 04:27:19,543 Cached:8075.375 MB
2020-01-12 04:28:31,815 ==> Epoch[26](500/553): Loss: 0.0353
2020-01-12 04:28:31,817 Allocated:33.15576171875 MB
2020-01-12 04:28:31,818 Cached:9300.625 MB
2020-01-12 04:29:35,902 ==> Epoch[26](550/553): Loss: 0.0907
2020-01-12 04:29:35,904 Allocated:33.15576171875 MB
2020-01-12 04:29:35,904 Cached:9300.625 MB
2020-01-12 04:29:37,520 ===> Epoch 26 Complete: Avg. Loss: 0.0934
2020-01-12 04:29:37,522 ====> Extracting Features
2020-01-12 04:30:13,084 ==> Batch (50/108)
2020-01-12 04:30:36,091 ==> Batch (100/108)
2020-01-12 04:30:40,716 ====> Building faiss index
2020-01-12 04:30:41,081 ====> Calculating recall @ N
2020-01-12 04:30:43,469 ====> Recall@1: 0.6151
2020-01-12 04:30:43,469 ====> Recall@2: 0.6507
2020-01-12 04:30:43,470 ====> Recall@3: 0.6696
2020-01-12 04:30:43,471 ====> Recall@4: 0.6806
2020-01-12 04:30:43,471 ====> Recall@5: 0.6983
2020-01-12 04:30:43,471 ====> Recall@10: 0.7351
2020-01-12 04:30:43,471 ====> Recall@15: 0.7606
2020-01-12 04:30:43,471 ====> Recall@20: 0.7730
2020-01-12 04:30:43,472 ====> Recall@25: 0.7846
2020-01-12 04:30:43,589 ====> Building Cache
2020-01-12 04:30:43,590 feature cache--->>> /home/annora/NetVLAD/output/train_feat_cache3.hdf5
2020-01-12 04:31:59,498 Allocated:31.15576171875 MB
2020-01-12 04:31:59,499 Cached:4239.125 MB
2020-01-12 04:33:34,510 ==> Epoch[27](50/553): Loss: 0.0792
2020-01-12 04:33:34,512 Allocated:33.15576171875 MB
2020-01-12 04:33:34,512 Cached:4248.125 MB
2020-01-12 04:34:36,389 ==> Epoch[27](100/553): Loss: 0.0218
2020-01-12 04:34:36,391 Allocated:33.15576171875 MB
2020-01-12 04:34:36,391 Cached:4248.125 MB
2020-01-12 04:35:35,771 ==> Epoch[27](150/553): Loss: 0.1134
2020-01-12 04:35:35,773 Allocated:33.15576171875 MB
2020-01-12 04:35:35,774 Cached:4249.125 MB
2020-01-12 04:36:15,789 ====> Building Cache
2020-01-12 04:36:15,789 feature cache--->>> /home/annora/NetVLAD/output/train_feat_cache3.hdf5
2020-01-12 04:37:35,050 Allocated:33.1552734375 MB
2020-01-12 04:37:35,050 Cached:3386.375 MB
2020-01-12 04:38:23,254 ==> Epoch[27](200/553): Loss: 0.1541
2020-01-12 04:38:23,257 Allocated:33.15576171875 MB
2020-01-12 04:38:23,257 Cached:3394.375 MB
2020-01-12 04:39:26,569 ==> Epoch[27](250/553): Loss: 0.0465
2020-01-12 04:39:26,571 Allocated:33.15576171875 MB
2020-01-12 04:39:26,572 Cached:4544.125 MB
2020-01-12 04:40:33,003 ==> Epoch[27](300/553): Loss: 0.0868
2020-01-12 04:40:33,004 Allocated:33.15576171875 MB
2020-01-12 04:40:33,005 Cached:4544.125 MB
2020-01-12 04:41:37,407 ==> Epoch[27](350/553): Loss: 0.0997
2020-01-12 04:41:37,410 Allocated:33.15576171875 MB
2020-01-12 04:41:37,410 Cached:4544.125 MB
2020-01-12 04:41:58,445 ====> Building Cache
2020-01-12 04:41:58,446 feature cache--->>> /home/annora/NetVLAD/output/train_feat_cache3.hdf5
2020-01-12 04:43:20,385 Allocated:33.1552734375 MB
2020-01-12 04:43:20,385 Cached:3386.375 MB
2020-01-12 04:44:31,403 ==> Epoch[27](400/553): Loss: 0.0399
2020-01-12 04:44:31,405 Allocated:33.15576171875 MB
2020-01-12 04:44:31,406 Cached:4547.25 MB
2020-01-12 04:45:38,955 ==> Epoch[27](450/553): Loss: 0.1710
2020-01-12 04:45:38,958 Allocated:33.15576171875 MB
2020-01-12 04:45:38,958 Cached:6901.125 MB
2020-01-12 04:46:50,964 ==> Epoch[27](500/553): Loss: 0.0223
2020-01-12 04:46:50,966 Allocated:33.15576171875 MB
2020-01-12 04:46:50,966 Cached:6901.125 MB
2020-01-12 04:47:59,028 ==> Epoch[27](550/553): Loss: 0.0362
2020-01-12 04:47:59,029 Allocated:33.15576171875 MB
2020-01-12 04:47:59,030 Cached:8126.375 MB
2020-01-12 04:48:01,110 ===> Epoch 27 Complete: Avg. Loss: 0.0922
2020-01-12 04:48:01,112 ====> Extracting Features
2020-01-12 04:48:34,155 ==> Batch (50/108)
2020-01-12 04:48:56,676 ==> Batch (100/108)
2020-01-12 04:49:00,941 ====> Building faiss index
2020-01-12 04:49:01,294 ====> Calculating recall @ N
2020-01-12 04:49:03,566 ====> Recall@1: 0.6159
2020-01-12 04:49:03,566 ====> Recall@2: 0.6510
2020-01-12 04:49:03,566 ====> Recall@3: 0.6725
2020-01-12 04:49:03,567 ====> Recall@4: 0.6849
2020-01-12 04:49:03,567 ====> Recall@5: 0.6988
2020-01-12 04:49:03,567 ====> Recall@10: 0.7452
2020-01-12 04:49:03,567 ====> Recall@15: 0.7638
2020-01-12 04:49:03,567 ====> Recall@20: 0.7783
2020-01-12 04:49:03,567 ====> Recall@25: 0.7878
2020-01-12 04:49:03,681 ====> Building Cache
2020-01-12 04:49:03,682 feature cache--->>> /home/annora/NetVLAD/output/train_feat_cache3.hdf5
2020-01-12 04:50:20,529 Allocated:31.15576171875 MB
2020-01-12 04:50:20,530 Cached:4239.125 MB
2020-01-12 04:51:57,376 ==> Epoch[28](50/553): Loss: 0.0573
2020-01-12 04:51:57,378 Allocated:33.15576171875 MB
2020-01-12 04:51:57,378 Cached:4248.125 MB
2020-01-12 04:52:53,254 ==> Epoch[28](100/553): Loss: 0.0774
2020-01-12 04:52:53,256 Allocated:33.15576171875 MB
2020-01-12 04:52:53,257 Cached:5414.75 MB
2020-01-12 04:53:52,149 ==> Epoch[28](150/553): Loss: 0.0332
2020-01-12 04:53:52,151 Allocated:33.15576171875 MB
2020-01-12 04:53:52,151 Cached:5414.75 MB
2020-01-12 04:54:31,399 ====> Building Cache
2020-01-12 04:54:31,400 feature cache--->>> /home/annora/NetVLAD/output/train_feat_cache3.hdf5
2020-01-12 04:55:52,496 Allocated:33.1552734375 MB
2020-01-12 04:55:52,497 Cached:3386.375 MB
2020-01-12 04:56:40,551 ==> Epoch[28](200/553): Loss: 0.0778
2020-01-12 04:56:40,553 Allocated:33.15576171875 MB
2020-01-12 04:56:40,554 Cached:5682.25 MB
2020-01-12 04:57:48,177 ==> Epoch[28](250/553): Loss: 0.3150
2020-01-12 04:57:48,179 Allocated:33.15576171875 MB
2020-01-12 04:57:48,179 Cached:5682.25 MB
2020-01-12 04:58:47,644 ==> Epoch[28](300/553): Loss: 0.1476
2020-01-12 04:58:47,646 Allocated:33.15576171875 MB
2020-01-12 04:58:47,646 Cached:6862.875 MB
2020-01-12 04:59:50,182 ==> Epoch[28](350/553): Loss: 0.1235
2020-01-12 04:59:50,184 Allocated:33.15576171875 MB
2020-01-12 04:59:50,184 Cached:6862.875 MB
2020-01-12 05:00:13,610 ====> Building Cache
2020-01-12 05:00:13,611 feature cache--->>> /home/annora/NetVLAD/output/train_feat_cache3.hdf5
2020-01-12 05:01:35,122 Allocated:33.1552734375 MB
2020-01-12 05:01:35,122 Cached:3386.375 MB
2020-01-12 05:02:50,364 ==> Epoch[28](400/553): Loss: 0.0795
2020-01-12 05:02:50,366 Allocated:33.15576171875 MB
2020-01-12 05:02:50,367 Cached:4603.5 MB
2020-01-12 05:03:53,325 ==> Epoch[28](450/553): Loss: 0.1040
2020-01-12 05:03:53,327 Allocated:33.15576171875 MB
2020-01-12 05:03:53,328 Cached:4603.5 MB
2020-01-12 05:05:08,214 ==> Epoch[28](500/553): Loss: 0.0272
2020-01-12 05:05:08,216 Allocated:33.15576171875 MB
2020-01-12 05:05:08,216 Cached:4603.5 MB
2020-01-12 05:06:16,314 ==> Epoch[28](550/553): Loss: 0.0965
2020-01-12 05:06:16,316 Allocated:33.15576171875 MB
2020-01-12 05:06:16,316 Cached:4603.5 MB
2020-01-12 05:06:17,808 ===> Epoch 28 Complete: Avg. Loss: 0.0925
2020-01-12 05:06:17,809 ====> Extracting Features
2020-01-12 05:06:50,361 ==> Batch (50/108)
2020-01-12 05:07:11,759 ==> Batch (100/108)
2020-01-12 05:07:16,140 ====> Building faiss index
2020-01-12 05:07:16,497 ====> Calculating recall @ N
2020-01-12 05:07:18,817 ====> Recall@1: 0.6093
2020-01-12 05:07:18,818 ====> Recall@2: 0.6452
2020-01-12 05:07:18,818 ====> Recall@3: 0.6652
2020-01-12 05:07:18,818 ====> Recall@4: 0.6843
2020-01-12 05:07:18,818 ====> Recall@5: 0.6954
2020-01-12 05:07:18,819 ====> Recall@10: 0.7290
2020-01-12 05:07:18,819 ====> Recall@15: 0.7522
2020-01-12 05:07:18,819 ====> Recall@20: 0.7690
2020-01-12 05:07:18,819 ====> Recall@25: 0.7823
2020-01-12 05:07:18,935 ====> Building Cache
2020-01-12 05:07:18,936 feature cache--->>> /home/annora/NetVLAD/output/train_feat_cache3.hdf5
2020-01-12 05:08:38,263 Allocated:31.15576171875 MB
2020-01-12 05:08:38,264 Cached:4239.125 MB
2020-01-12 05:10:15,705 ==> Epoch[29](50/553): Loss: 0.0451
2020-01-12 05:10:15,708 Allocated:33.15576171875 MB
2020-01-12 05:10:15,708 Cached:4248.125 MB
2020-01-12 05:11:13,189 ==> Epoch[29](100/553): Loss: 0.0235
2020-01-12 05:11:13,191 Allocated:33.15576171875 MB
2020-01-12 05:11:13,191 Cached:4250.125 MB
2020-01-12 05:12:10,337 ==> Epoch[29](150/553): Loss: 0.0129
2020-01-12 05:12:10,339 Allocated:33.15576171875 MB
2020-01-12 05:12:10,339 Cached:4250.125 MB
2020-01-12 05:12:49,842 ====> Building Cache
2020-01-12 05:12:49,843 feature cache--->>> /home/annora/NetVLAD/output/train_feat_cache3.hdf5
2020-01-12 05:14:10,048 Allocated:33.1552734375 MB
2020-01-12 05:14:10,048 Cached:3386.375 MB
2020-01-12 05:14:59,091 ==> Epoch[29](200/553): Loss: 0.2558
2020-01-12 05:14:59,093 Allocated:33.15576171875 MB
2020-01-12 05:14:59,094 Cached:3393.375 MB
2020-01-12 05:16:06,238 ==> Epoch[29](250/553): Loss: 0.1964
2020-01-12 05:16:06,240 Allocated:33.15576171875 MB
2020-01-12 05:16:06,240 Cached:3394.375 MB
2020-01-12 05:17:09,542 ==> Epoch[29](300/553): Loss: 0.0982
2020-01-12 05:17:09,545 Allocated:33.15576171875 MB
2020-01-12 05:17:09,545 Cached:3394.375 MB
2020-01-12 05:18:12,209 ==> Epoch[29](350/553): Loss: 0.1793
2020-01-12 05:18:12,212 Allocated:33.15576171875 MB
2020-01-12 05:18:12,212 Cached:4530.375 MB
2020-01-12 05:18:32,898 ====> Building Cache
2020-01-12 05:18:32,899 feature cache--->>> /home/annora/NetVLAD/output/train_feat_cache3.hdf5
2020-01-12 05:19:51,131 Allocated:33.1552734375 MB
2020-01-12 05:19:51,132 Cached:3386.375 MB
2020-01-12 05:21:06,136 ==> Epoch[29](400/553): Loss: 0.1458
2020-01-12 05:21:06,139 Allocated:33.15576171875 MB
2020-01-12 05:21:06,139 Cached:8003.25 MB
2020-01-12 05:22:12,168 ==> Epoch[29](450/553): Loss: 0.0465
2020-01-12 05:22:12,170 Allocated:33.15576171875 MB
2020-01-12 05:22:12,170 Cached:2940.875 MB
2020-01-12 05:23:21,409 ==> Epoch[29](500/553): Loss: 0.0925
2020-01-12 05:23:21,411 Allocated:33.15576171875 MB
2020-01-12 05:23:21,411 Cached:2940.875 MB
2020-01-12 05:24:32,564 ==> Epoch[29](550/553): Loss: 0.0221
2020-01-12 05:24:32,565 Allocated:33.15576171875 MB
2020-01-12 05:24:32,566 Cached:2940.875 MB
2020-01-12 05:24:34,110 ===> Epoch 29 Complete: Avg. Loss: 0.0938
2020-01-12 05:24:34,112 ====> Extracting Features
2020-01-12 05:25:07,030 ==> Batch (50/108)
2020-01-12 05:25:27,810 ==> Batch (100/108)
2020-01-12 05:25:31,556 ====> Building faiss index
2020-01-12 05:25:31,917 ====> Calculating recall @ N
2020-01-12 05:25:34,204 ====> Recall@1: 0.6116
2020-01-12 05:25:34,205 ====> Recall@2: 0.6501
2020-01-12 05:25:34,205 ====> Recall@3: 0.6699
2020-01-12 05:25:34,206 ====> Recall@4: 0.6884
2020-01-12 05:25:34,206 ====> Recall@5: 0.7029
2020-01-12 05:25:34,206 ====> Recall@10: 0.7354
2020-01-12 05:25:34,206 ====> Recall@15: 0.7675
2020-01-12 05:25:34,206 ====> Recall@20: 0.7794
2020-01-12 05:25:34,207 ====> Recall@25: 0.7878
2020-01-12 05:25:34,455 ====> Building Cache
2020-01-12 05:25:34,456 feature cache--->>> /home/annora/NetVLAD/output/train_feat_cache3.hdf5
2020-01-12 05:26:58,117 Allocated:31.15576171875 MB
2020-01-12 05:26:58,118 Cached:4239.125 MB
2020-01-12 05:28:33,639 ==> Epoch[30](50/553): Loss: 0.0223
2020-01-12 05:28:33,641 Allocated:33.15576171875 MB
2020-01-12 05:28:33,641 Cached:4308.125 MB
2020-01-12 05:29:31,405 ==> Epoch[30](100/553): Loss: 0.0370
2020-01-12 05:29:31,407 Allocated:33.15576171875 MB
2020-01-12 05:29:31,407 Cached:4308.125 MB
2020-01-12 05:30:31,529 ==> Epoch[30](150/553): Loss: 0.0486
2020-01-12 05:30:31,531 Allocated:33.15576171875 MB
2020-01-12 05:30:31,531 Cached:4308.125 MB
2020-01-12 05:31:12,639 ====> Building Cache
2020-01-12 05:31:12,639 feature cache--->>> /home/annora/NetVLAD/output/train_feat_cache3.hdf5
2020-01-12 05:32:31,458 Allocated:33.1552734375 MB
2020-01-12 05:32:31,459 Cached:3386.375 MB
2020-01-12 05:33:22,923 ==> Epoch[30](200/553): Loss: 0.1614
2020-01-12 05:33:22,925 Allocated:33.15576171875 MB
2020-01-12 05:33:22,925 Cached:3394.375 MB
2020-01-12 05:34:28,107 ==> Epoch[30](250/553): Loss: 0.0910
2020-01-12 05:34:28,110 Allocated:33.15576171875 MB
2020-01-12 05:34:28,110 Cached:3394.375 MB
2020-01-12 05:35:34,405 ==> Epoch[30](300/553): Loss: 0.1428
2020-01-12 05:35:34,407 Allocated:33.15576171875 MB
2020-01-12 05:35:34,408 Cached:3395.375 MB
2020-01-12 05:36:33,402 ==> Epoch[30](350/553): Loss: 0.1704
2020-01-12 05:36:33,405 Allocated:33.15576171875 MB
2020-01-12 05:36:33,406 Cached:3395.375 MB
2020-01-12 05:36:55,639 ====> Building Cache
2020-01-12 05:36:55,640 feature cache--->>> /home/annora/NetVLAD/output/train_feat_cache3.hdf5
2020-01-12 05:38:11,917 Allocated:33.1552734375 MB
2020-01-12 05:38:11,918 Cached:3386.375 MB
2020-01-12 05:39:25,971 ==> Epoch[30](400/553): Loss: 0.0903
2020-01-12 05:39:25,974 Allocated:33.15576171875 MB
2020-01-12 05:39:25,974 Cached:5655.75 MB
2020-01-12 05:40:28,349 ==> Epoch[30](450/553): Loss: 0.1786
2020-01-12 05:40:28,351 Allocated:33.15576171875 MB
2020-01-12 05:40:28,352 Cached:5655.75 MB
2020-01-12 05:41:35,592 ==> Epoch[30](500/553): Loss: 0.0929
2020-01-12 05:41:35,594 Allocated:33.15576171875 MB
2020-01-12 05:41:35,594 Cached:7997.875 MB
2020-01-12 05:42:45,335 ==> Epoch[30](550/553): Loss: 0.0337
2020-01-12 05:42:45,337 Allocated:33.15576171875 MB
2020-01-12 05:42:45,337 Cached:7997.875 MB
2020-01-12 05:42:46,821 ===> Epoch 30 Complete: Avg. Loss: 0.1022
2020-01-12 05:42:46,823 ====> Extracting Features
2020-01-12 05:43:21,461 ==> Batch (50/108)
2020-01-12 05:43:41,972 ==> Batch (100/108)
2020-01-12 05:43:46,138 ====> Building faiss index
2020-01-12 05:43:46,485 ====> Calculating recall @ N
2020-01-12 05:43:48,694 ====> Recall@1: 0.6154
2020-01-12 05:43:48,694 ====> Recall@2: 0.6426
2020-01-12 05:43:48,695 ====> Recall@3: 0.6635
2020-01-12 05:43:48,695 ====> Recall@4: 0.6774
2020-01-12 05:43:48,695 ====> Recall@5: 0.6913
2020-01-12 05:43:48,695 ====> Recall@10: 0.7217
2020-01-12 05:43:48,695 ====> Recall@15: 0.7499
2020-01-12 05:43:48,695 ====> Recall@20: 0.7690
2020-01-12 05:43:48,696 ====> Recall@25: 0.7838
2020-01-12 05:43:48,815 => Best Recall@5: 0.7029
