2020-01-06 20:36:06,938 Namespace(arch='alexnet', batchSize=16, cacheBatchSize=144, cachePath='/home/annora/NetVLAD/output/', cacheRefreshRate=0, ckpt='best', ckpt_diy='model_best0.pth.tar', contilearn=False, dataPath='/home/annora/NetVLAD/output/data/', dataset='pittsburgh', debug_file='', evalEvery=1, fromscratch=True, lr=0.0001, lrGamma=0.5, lrStep=5, margin=0.1, mode='train', momentum=0.9, nEpochs=30, nGPU=1, nocuda=False, num_clusters=64, optim='SGD', patience=10, pooling='max', resume='', runsPath='/home/annora/NetVLAD/output/runs/', savePath='checkpoints', seed=123, split='val', start_epoch=0, threads=4, vladv2=False, weightDecay=0.001)
2020-01-06 20:36:07,002 ===> Loading dataset(s)
2020-01-06 20:36:07,002 ===> Building model
2020-01-06 20:36:07,052 encoder moder:
AlexNet(
  (conv1): Sequential(
    (0): Conv2d(3, 64, kernel_size=(11, 11), stride=(4, 4), padding=(2, 2))
    (1): ReLU(inplace)
    (2): MaxPool2d(kernel_size=3, stride=2, padding=0, dilation=1, ceil_mode=False)
  )
  (conv2): Sequential(
    (0): Conv2d(64, 192, kernel_size=(5, 5), stride=(1, 1), padding=(2, 2))
    (1): ReLU(inplace)
    (2): MaxPool2d(kernel_size=3, stride=2, padding=0, dilation=1, ceil_mode=False)
  )
  (conv3): Sequential(
    (0): Conv2d(192, 384, kernel_size=(3, 3), stride=(1, 1), padding=(1, 1))
    (1): ReLU(inplace)
  )
  (conv4): Sequential(
    (0): Conv2d(384, 256, kernel_size=(3, 3), stride=(1, 1), padding=(1, 1))
    (1): ReLU(inplace)
  )
  (conv5): Sequential(
    (0): Conv2d(256, 256, kernel_size=(3, 3), stride=(1, 1), padding=(1, 1))
  )
)
2020-01-06 20:36:10,798 ---->>>> trainfiles: ['oxRobocar_doubleN_train.mat']
2020-01-06 20:36:10,799 ===> Saving state to: /home/annora/NetVLAD/output/runs/2020-01-06-20-36-10_alexnet_max
2020-01-06 20:36:13,467 ====> Training query set:6404
2020-01-06 20:36:13,571 ===> Evaluating on val set, query count:3450
2020-01-06 20:36:13,572 ---->>>> testfile: oxRobocar_doubleN_val.mat
2020-01-06 20:36:13,572 ===> Training model
2020-01-06 20:36:13,572 ====> Building Cache
2020-01-06 20:36:13,572 h5feat cache at: /home/annora/NetVLAD/output/train_feat_cache1.hdf5
2020-01-06 20:38:58,910 Allocated:11.59326171875 MB
2020-01-06 20:38:58,910 Cached:2595.125 MB
2020-01-06 20:40:50,572 ==> Task[1]Epoch[1](50/401): Loss: 0.3297
2020-01-06 20:40:50,574 Allocated:33.03076171875 MB
2020-01-06 20:40:50,575 Cached:1112.5 MB
2020-01-06 20:42:20,704 ==> Task[1]Epoch[1](100/401): Loss: 0.3190
2020-01-06 20:42:20,706 Allocated:33.03076171875 MB
2020-01-06 20:42:20,706 Cached:1112.5 MB
2020-01-06 20:43:56,443 ==> Task[1]Epoch[1](150/401): Loss: 0.3317
2020-01-06 20:43:56,445 Allocated:33.03076171875 MB
2020-01-06 20:43:56,445 Cached:1112.5 MB
2020-01-06 20:45:26,583 ==> Task[1]Epoch[1](200/401): Loss: 0.3050
2020-01-06 20:45:26,584 Allocated:33.03076171875 MB
2020-01-06 20:45:26,585 Cached:1112.5 MB
2020-01-06 20:46:58,480 ==> Task[1]Epoch[1](250/401): Loss: 0.3275
2020-01-06 20:46:58,481 Allocated:33.03076171875 MB
2020-01-06 20:46:58,481 Cached:1112.5 MB
2020-01-06 20:48:32,421 ==> Task[1]Epoch[1](300/401): Loss: 0.2803
2020-01-06 20:48:32,422 Allocated:33.03076171875 MB
2020-01-06 20:48:32,423 Cached:1112.5 MB
2020-01-06 20:50:00,744 ==> Task[1]Epoch[1](350/401): Loss: 0.2803
2020-01-06 20:50:00,746 Allocated:33.03076171875 MB
2020-01-06 20:50:00,746 Cached:1112.5 MB
2020-01-06 20:51:36,081 ==> Task[1]Epoch[1](400/401): Loss: 0.3292
2020-01-06 20:51:36,084 Allocated:33.03076171875 MB
2020-01-06 20:51:36,085 Cached:1112.5 MB
2020-01-06 20:51:36,599 ===> Task 1 Epoch 1 Complete: Avg. Loss: 0.2969
2020-01-06 20:51:36,605 begin test:
2020-01-06 20:51:36,605 ====> Extracting Features
2020-01-06 20:52:54,049 ==> Batch (50/72)
2020-01-06 20:53:21,602 ====> Building faiss index
2020-01-06 20:53:21,604 ====> Calculating recall @ N
2020-01-06 20:53:22,460 ====> Recall@1: 0.5452
2020-01-06 20:53:22,462 ====> Recall@2: 0.5835
2020-01-06 20:53:22,463 ====> Recall@3: 0.6026
2020-01-06 20:53:22,468 ====> Recall@4: 0.6180
2020-01-06 20:53:22,470 ====> Recall@5: 0.6287
2020-01-06 20:53:22,471 ====> Recall@10: 0.6646
2020-01-06 20:53:22,475 ====> Recall@15: 0.6832
2020-01-06 20:53:22,476 ====> Recall@20: 0.6965
2020-01-06 20:53:22,477 ====> Recall@25: 0.7061
2020-01-06 20:53:22,566 ====> Building Cache
2020-01-06 20:53:22,567 h5feat cache at: /home/annora/NetVLAD/output/train_feat_cache1.hdf5
2020-01-06 20:56:03,042 Allocated:31.03076171875 MB
2020-01-06 20:56:03,045 Cached:9902.625 MB
2020-01-06 20:57:57,254 ==> Task[1]Epoch[2](50/401): Loss: 0.3383
2020-01-06 20:57:57,257 Allocated:33.03076171875 MB
2020-01-06 20:57:57,258 Cached:1113.5 MB
2020-01-06 20:59:27,132 ==> Task[1]Epoch[2](100/401): Loss: 0.3094
2020-01-06 20:59:27,133 Allocated:33.03076171875 MB
2020-01-06 20:59:27,134 Cached:1113.5 MB
2020-01-06 21:01:00,691 ==> Task[1]Epoch[2](150/401): Loss: 0.3022
2020-01-06 21:01:00,693 Allocated:33.03076171875 MB
2020-01-06 21:01:00,694 Cached:1113.5 MB
2020-01-06 21:02:29,225 ==> Task[1]Epoch[2](200/401): Loss: 0.3021
2020-01-06 21:02:29,227 Allocated:33.03076171875 MB
2020-01-06 21:02:29,227 Cached:1113.5 MB
2020-01-06 21:04:05,935 ==> Task[1]Epoch[2](250/401): Loss: 0.3351
2020-01-06 21:04:05,937 Allocated:33.03076171875 MB
2020-01-06 21:04:05,937 Cached:1113.5 MB
2020-01-06 21:05:39,475 ==> Task[1]Epoch[2](300/401): Loss: 0.2738
2020-01-06 21:05:39,478 Allocated:33.03076171875 MB
2020-01-06 21:05:39,478 Cached:1113.5 MB
2020-01-06 21:07:12,917 ==> Task[1]Epoch[2](350/401): Loss: 0.2774
2020-01-06 21:07:12,920 Allocated:33.03076171875 MB
2020-01-06 21:07:12,920 Cached:1113.5 MB
2020-01-06 21:08:42,787 ==> Task[1]Epoch[2](400/401): Loss: 0.3272
2020-01-06 21:08:42,795 Allocated:33.03076171875 MB
2020-01-06 21:08:42,796 Cached:1113.5 MB
2020-01-06 21:08:43,441 ===> Task 1 Epoch 2 Complete: Avg. Loss: 0.2875
2020-01-06 21:08:43,444 begin test:
2020-01-06 21:08:43,450 ====> Extracting Features
2020-01-06 21:09:58,169 ==> Batch (50/72)
2020-01-06 21:10:26,641 ====> Building faiss index
2020-01-06 21:10:26,647 ====> Calculating recall @ N
2020-01-06 21:10:27,538 ====> Recall@1: 0.5241
2020-01-06 21:10:27,539 ====> Recall@2: 0.5658
2020-01-06 21:10:27,543 ====> Recall@3: 0.5846
2020-01-06 21:10:27,544 ====> Recall@4: 0.5974
2020-01-06 21:10:27,544 ====> Recall@5: 0.6107
2020-01-06 21:10:27,544 ====> Recall@10: 0.6528
2020-01-06 21:10:27,544 ====> Recall@15: 0.6699
2020-01-06 21:10:27,545 ====> Recall@20: 0.6838
2020-01-06 21:10:27,548 ====> Recall@25: 0.6962
2020-01-06 21:10:27,635 ====> Building Cache
2020-01-06 21:10:27,637 h5feat cache at: /home/annora/NetVLAD/output/train_feat_cache1.hdf5
2020-01-06 21:13:08,835 Allocated:31.03076171875 MB
2020-01-06 21:13:08,836 Cached:9902.625 MB
2020-01-06 21:15:00,297 ==> Task[1]Epoch[3](50/401): Loss: 0.3294
2020-01-06 21:15:00,301 Allocated:33.03076171875 MB
2020-01-06 21:15:00,301 Cached:1113.5 MB
2020-01-06 21:16:29,272 ==> Task[1]Epoch[3](100/401): Loss: 0.2982
2020-01-06 21:16:29,274 Allocated:33.03076171875 MB
2020-01-06 21:16:29,275 Cached:1113.5 MB
2020-01-06 21:18:05,062 ==> Task[1]Epoch[3](150/401): Loss: 0.2706
2020-01-06 21:18:05,065 Allocated:33.03076171875 MB
2020-01-06 21:18:05,065 Cached:1113.5 MB
2020-01-06 21:19:34,275 ==> Task[1]Epoch[3](200/401): Loss: 0.2944
2020-01-06 21:19:34,278 Allocated:33.03076171875 MB
2020-01-06 21:19:34,278 Cached:1113.5 MB
2020-01-06 21:21:08,664 ==> Task[1]Epoch[3](250/401): Loss: 0.3309
2020-01-06 21:21:08,666 Allocated:33.03076171875 MB
2020-01-06 21:21:08,667 Cached:1113.5 MB
2020-01-06 21:22:41,223 ==> Task[1]Epoch[3](300/401): Loss: 0.2617
2020-01-06 21:22:41,225 Allocated:33.03076171875 MB
2020-01-06 21:22:41,226 Cached:1113.5 MB
2020-01-06 21:24:16,365 ==> Task[1]Epoch[3](350/401): Loss: 0.2704
2020-01-06 21:24:16,367 Allocated:33.03076171875 MB
2020-01-06 21:24:16,367 Cached:1113.5 MB
2020-01-06 21:25:45,312 ==> Task[1]Epoch[3](400/401): Loss: 0.3166
2020-01-06 21:25:45,314 Allocated:33.03076171875 MB
2020-01-06 21:25:45,314 Cached:1113.5 MB
2020-01-06 21:25:45,761 ===> Task 1 Epoch 3 Complete: Avg. Loss: 0.2761
2020-01-06 21:25:45,762 begin test:
2020-01-06 21:25:45,762 ====> Extracting Features
2020-01-06 21:27:01,217 ==> Batch (50/72)
2020-01-06 21:27:28,957 ====> Building faiss index
2020-01-06 21:27:28,959 ====> Calculating recall @ N
2020-01-06 21:27:29,464 ====> Recall@1: 0.5261
2020-01-06 21:27:29,465 ====> Recall@2: 0.5803
2020-01-06 21:27:29,466 ====> Recall@3: 0.6032
2020-01-06 21:27:29,466 ====> Recall@4: 0.6154
2020-01-06 21:27:29,467 ====> Recall@5: 0.6255
2020-01-06 21:27:29,467 ====> Recall@10: 0.6577
2020-01-06 21:27:29,467 ====> Recall@15: 0.6762
2020-01-06 21:27:29,467 ====> Recall@20: 0.6939
2020-01-06 21:27:29,468 ====> Recall@25: 0.7043
2020-01-06 21:27:29,537 ====> Building Cache
2020-01-06 21:27:29,537 h5feat cache at: /home/annora/NetVLAD/output/train_feat_cache1.hdf5
2020-01-06 21:30:09,146 Allocated:31.03076171875 MB
2020-01-06 21:30:09,147 Cached:9902.625 MB
2020-01-06 21:31:59,852 ==> Task[1]Epoch[4](50/401): Loss: 0.3254
2020-01-06 21:31:59,855 Allocated:33.03076171875 MB
2020-01-06 21:31:59,856 Cached:1113.5 MB
2020-01-06 21:33:30,126 ==> Task[1]Epoch[4](100/401): Loss: 0.2922
2020-01-06 21:33:30,129 Allocated:33.03076171875 MB
2020-01-06 21:33:30,130 Cached:1113.5 MB
2020-01-06 21:35:06,695 ==> Task[1]Epoch[4](150/401): Loss: 0.2380
2020-01-06 21:35:06,697 Allocated:33.03076171875 MB
2020-01-06 21:35:06,698 Cached:1113.5 MB
2020-01-06 21:36:35,633 ==> Task[1]Epoch[4](200/401): Loss: 0.2860
2020-01-06 21:36:35,638 Allocated:33.03076171875 MB
2020-01-06 21:36:35,639 Cached:1113.5 MB
2020-01-06 21:38:08,619 ==> Task[1]Epoch[4](250/401): Loss: 0.3279
2020-01-06 21:38:08,621 Allocated:33.03076171875 MB
2020-01-06 21:38:08,621 Cached:1113.5 MB
2020-01-06 21:39:38,459 ==> Task[1]Epoch[4](300/401): Loss: 0.2341
2020-01-06 21:39:38,461 Allocated:33.03076171875 MB
2020-01-06 21:39:38,461 Cached:1113.5 MB
2020-01-06 21:41:09,379 ==> Task[1]Epoch[4](350/401): Loss: 0.2633
2020-01-06 21:41:09,381 Allocated:33.03076171875 MB
2020-01-06 21:41:09,381 Cached:1113.5 MB
2020-01-06 21:42:40,062 ==> Task[1]Epoch[4](400/401): Loss: 0.3100
2020-01-06 21:42:40,064 Allocated:33.03076171875 MB
2020-01-06 21:42:40,064 Cached:1113.5 MB
2020-01-06 21:42:40,542 ===> Task 1 Epoch 4 Complete: Avg. Loss: 0.2650
2020-01-06 21:42:40,543 begin test:
2020-01-06 21:42:40,543 ====> Extracting Features
2020-01-06 21:43:54,961 ==> Batch (50/72)
2020-01-06 21:44:22,449 ====> Building faiss index
2020-01-06 21:44:22,455 ====> Calculating recall @ N
2020-01-06 21:44:23,475 ====> Recall@1: 0.5351
2020-01-06 21:44:23,475 ====> Recall@2: 0.5710
2020-01-06 21:44:23,476 ====> Recall@3: 0.5965
2020-01-06 21:44:23,476 ====> Recall@4: 0.6099
2020-01-06 21:44:23,476 ====> Recall@5: 0.6212
2020-01-06 21:44:23,477 ====> Recall@10: 0.6562
2020-01-06 21:44:23,477 ====> Recall@15: 0.6849
2020-01-06 21:44:23,477 ====> Recall@20: 0.6974
2020-01-06 21:44:23,477 ====> Recall@25: 0.7049
2020-01-06 21:44:23,539 ====> Building Cache
2020-01-06 21:44:23,539 h5feat cache at: /home/annora/NetVLAD/output/train_feat_cache1.hdf5
2020-01-06 21:47:03,354 Allocated:31.03076171875 MB
2020-01-06 21:47:03,355 Cached:9902.625 MB
2020-01-06 21:48:53,354 ==> Task[1]Epoch[5](50/401): Loss: 0.3173
2020-01-06 21:48:53,357 Allocated:33.03076171875 MB
2020-01-06 21:48:53,357 Cached:1113.5 MB
2020-01-06 21:50:23,750 ==> Task[1]Epoch[5](100/401): Loss: 0.2872
2020-01-06 21:50:23,752 Allocated:33.03076171875 MB
2020-01-06 21:50:23,752 Cached:1113.5 MB
2020-01-06 21:51:58,950 ==> Task[1]Epoch[5](150/401): Loss: 0.2086
2020-01-06 21:51:58,952 Allocated:33.03076171875 MB
2020-01-06 21:51:58,952 Cached:1113.5 MB
2020-01-06 21:53:28,670 ==> Task[1]Epoch[5](200/401): Loss: 0.2823
2020-01-06 21:53:28,672 Allocated:33.03076171875 MB
2020-01-06 21:53:28,672 Cached:1113.5 MB
2020-01-06 21:55:03,632 ==> Task[1]Epoch[5](250/401): Loss: 0.3161
2020-01-06 21:55:03,634 Allocated:33.03076171875 MB
2020-01-06 21:55:03,635 Cached:1113.5 MB
2020-01-06 21:56:34,637 ==> Task[1]Epoch[5](300/401): Loss: 0.2163
2020-01-06 21:56:34,642 Allocated:33.03076171875 MB
2020-01-06 21:56:34,643 Cached:1113.5 MB
2020-01-06 21:58:12,005 ==> Task[1]Epoch[5](350/401): Loss: 0.2571
2020-01-06 21:58:12,007 Allocated:33.03076171875 MB
2020-01-06 21:58:12,008 Cached:1113.5 MB
2020-01-06 21:59:40,361 ==> Task[1]Epoch[5](400/401): Loss: 0.3091
2020-01-06 21:59:40,363 Allocated:33.03076171875 MB
2020-01-06 21:59:40,363 Cached:1113.5 MB
2020-01-06 21:59:40,840 ===> Task 1 Epoch 5 Complete: Avg. Loss: 0.2539
2020-01-06 21:59:40,840 begin test:
2020-01-06 21:59:40,841 ====> Extracting Features
2020-01-06 22:00:55,545 ==> Batch (50/72)
2020-01-06 22:01:23,153 ====> Building faiss index
2020-01-06 22:01:23,155 ====> Calculating recall @ N
2020-01-06 22:01:23,968 ====> Recall@1: 0.5400
2020-01-06 22:01:23,969 ====> Recall@2: 0.5820
2020-01-06 22:01:23,971 ====> Recall@3: 0.6009
2020-01-06 22:01:23,971 ====> Recall@4: 0.6174
2020-01-06 22:01:23,972 ====> Recall@5: 0.6284
2020-01-06 22:01:23,973 ====> Recall@10: 0.6641
2020-01-06 22:01:23,973 ====> Recall@15: 0.6841
2020-01-06 22:01:23,974 ====> Recall@20: 0.6968
2020-01-06 22:01:23,974 ====> Recall@25: 0.7072
2020-01-06 22:01:24,049 ====> Building Cache
2020-01-06 22:01:24,052 h5feat cache at: /home/annora/NetVLAD/output/train_feat_cache1.hdf5
2020-01-06 22:04:04,118 Allocated:31.03076171875 MB
2020-01-06 22:04:04,118 Cached:9902.625 MB
2020-01-06 22:05:55,146 ==> Task[1]Epoch[6](50/401): Loss: 0.3114
2020-01-06 22:05:55,148 Allocated:33.03076171875 MB
2020-01-06 22:05:55,149 Cached:1113.5 MB
2020-01-06 22:07:28,486 ==> Task[1]Epoch[6](100/401): Loss: 0.2825
2020-01-06 22:07:28,488 Allocated:33.03076171875 MB
2020-01-06 22:07:28,489 Cached:1113.5 MB
2020-01-06 22:09:04,877 ==> Task[1]Epoch[6](150/401): Loss: 0.1861
2020-01-06 22:09:04,886 Allocated:33.03076171875 MB
2020-01-06 22:09:04,888 Cached:1113.5 MB
2020-01-06 22:10:34,665 ==> Task[1]Epoch[6](200/401): Loss: 0.2784
2020-01-06 22:10:34,669 Allocated:33.03076171875 MB
2020-01-06 22:10:34,671 Cached:1113.5 MB
2020-01-06 22:12:07,069 ==> Task[1]Epoch[6](250/401): Loss: 0.3131
2020-01-06 22:12:07,071 Allocated:33.03076171875 MB
2020-01-06 22:12:07,071 Cached:1113.5 MB
2020-01-06 22:13:38,579 ==> Task[1]Epoch[6](300/401): Loss: 0.1996
2020-01-06 22:13:38,581 Allocated:33.03076171875 MB
2020-01-06 22:13:38,582 Cached:1113.5 MB
2020-01-06 22:15:10,293 ==> Task[1]Epoch[6](350/401): Loss: 0.2515
2020-01-06 22:15:10,295 Allocated:33.03076171875 MB
2020-01-06 22:15:10,296 Cached:1113.5 MB
2020-01-06 22:16:40,303 ==> Task[1]Epoch[6](400/401): Loss: 0.3018
2020-01-06 22:16:40,305 Allocated:33.03076171875 MB
2020-01-06 22:16:40,305 Cached:1113.5 MB
2020-01-06 22:16:40,805 ===> Task 1 Epoch 6 Complete: Avg. Loss: 0.2462
2020-01-06 22:16:40,806 begin test:
2020-01-06 22:16:40,806 ====> Extracting Features
2020-01-06 22:17:55,251 ==> Batch (50/72)
2020-01-06 22:18:21,969 ====> Building faiss index
2020-01-06 22:18:21,971 ====> Calculating recall @ N
2020-01-06 22:18:22,468 ====> Recall@1: 0.5357
2020-01-06 22:18:22,468 ====> Recall@2: 0.5797
2020-01-06 22:18:22,469 ====> Recall@3: 0.6006
2020-01-06 22:18:22,469 ====> Recall@4: 0.6154
2020-01-06 22:18:22,469 ====> Recall@5: 0.6299
2020-01-06 22:18:22,470 ====> Recall@10: 0.6635
2020-01-06 22:18:22,470 ====> Recall@15: 0.6820
2020-01-06 22:18:22,470 ====> Recall@20: 0.6930
2020-01-06 22:18:22,470 ====> Recall@25: 0.7009
2020-01-06 22:18:22,599 ====> Building Cache
2020-01-06 22:18:22,600 h5feat cache at: /home/annora/NetVLAD/output/train_feat_cache1.hdf5
2020-01-06 22:21:01,649 Allocated:31.03076171875 MB
2020-01-06 22:21:01,650 Cached:9902.625 MB
2020-01-06 22:22:53,911 ==> Task[1]Epoch[7](50/401): Loss: 0.3087
2020-01-06 22:22:53,914 Allocated:33.03076171875 MB
2020-01-06 22:22:53,914 Cached:1113.5 MB
2020-01-06 22:24:23,079 ==> Task[1]Epoch[7](100/401): Loss: 0.2798
2020-01-06 22:24:23,081 Allocated:33.03076171875 MB
2020-01-06 22:24:23,081 Cached:1113.5 MB
2020-01-06 22:25:57,516 ==> Task[1]Epoch[7](150/401): Loss: 0.1726
2020-01-06 22:25:57,517 Allocated:33.03076171875 MB
2020-01-06 22:25:57,518 Cached:1113.5 MB
2020-01-06 22:27:27,532 ==> Task[1]Epoch[7](200/401): Loss: 0.2757
2020-01-06 22:27:27,534 Allocated:33.03076171875 MB
2020-01-06 22:27:27,534 Cached:1113.5 MB
2020-01-06 22:29:00,721 ==> Task[1]Epoch[7](250/401): Loss: 0.3110
2020-01-06 22:29:00,723 Allocated:33.03076171875 MB
2020-01-06 22:29:00,723 Cached:1113.5 MB
2020-01-06 22:30:28,494 ==> Task[1]Epoch[7](300/401): Loss: 0.1785
2020-01-06 22:30:28,496 Allocated:33.03076171875 MB
2020-01-06 22:30:28,496 Cached:1113.5 MB
2020-01-06 22:32:01,835 ==> Task[1]Epoch[7](350/401): Loss: 0.2446
2020-01-06 22:32:01,837 Allocated:33.03076171875 MB
2020-01-06 22:32:01,837 Cached:1113.5 MB
2020-01-06 22:33:29,646 ==> Task[1]Epoch[7](400/401): Loss: 0.3006
2020-01-06 22:33:29,648 Allocated:33.03076171875 MB
2020-01-06 22:33:29,649 Cached:1113.5 MB
2020-01-06 22:33:30,105 ===> Task 1 Epoch 7 Complete: Avg. Loss: 0.2384
2020-01-06 22:33:30,106 begin test:
2020-01-06 22:33:30,107 ====> Extracting Features
2020-01-06 22:34:44,369 ==> Batch (50/72)
2020-01-06 22:35:12,346 ====> Building faiss index
2020-01-06 22:35:12,348 ====> Calculating recall @ N
2020-01-06 22:35:12,830 ====> Recall@1: 0.5426
2020-01-06 22:35:12,831 ====> Recall@2: 0.5826
2020-01-06 22:35:12,832 ====> Recall@3: 0.6035
2020-01-06 22:35:12,832 ====> Recall@4: 0.6209
2020-01-06 22:35:12,832 ====> Recall@5: 0.6333
2020-01-06 22:35:12,832 ====> Recall@10: 0.6661
2020-01-06 22:35:12,833 ====> Recall@15: 0.6814
2020-01-06 22:35:12,833 ====> Recall@20: 0.6928
2020-01-06 22:35:12,833 ====> Recall@25: 0.7017
2020-01-06 22:35:12,958 ====> Building Cache
2020-01-06 22:35:12,959 h5feat cache at: /home/annora/NetVLAD/output/train_feat_cache1.hdf5
2020-01-06 22:37:53,382 Allocated:31.03076171875 MB
2020-01-06 22:37:53,383 Cached:9902.625 MB
2020-01-06 22:39:45,525 ==> Task[1]Epoch[8](50/401): Loss: 0.3055
2020-01-06 22:39:45,527 Allocated:33.03076171875 MB
2020-01-06 22:39:45,527 Cached:1113.5 MB
2020-01-06 22:41:13,930 ==> Task[1]Epoch[8](100/401): Loss: 0.2761
2020-01-06 22:41:13,934 Allocated:33.03076171875 MB
2020-01-06 22:41:13,934 Cached:1113.5 MB
2020-01-06 22:42:48,882 ==> Task[1]Epoch[8](150/401): Loss: 0.1536
2020-01-06 22:42:48,884 Allocated:33.03076171875 MB
2020-01-06 22:42:48,884 Cached:1113.5 MB
2020-01-06 22:44:17,696 ==> Task[1]Epoch[8](200/401): Loss: 0.2686
2020-01-06 22:44:17,700 Allocated:33.03076171875 MB
2020-01-06 22:44:17,700 Cached:1113.5 MB
2020-01-06 22:45:52,281 ==> Task[1]Epoch[8](250/401): Loss: 0.3102
2020-01-06 22:45:52,283 Allocated:33.03076171875 MB
2020-01-06 22:45:52,283 Cached:1113.5 MB
2020-01-06 22:47:21,692 ==> Task[1]Epoch[8](300/401): Loss: 0.1627
2020-01-06 22:47:21,694 Allocated:33.03076171875 MB
2020-01-06 22:47:21,694 Cached:1113.5 MB
2020-01-06 22:48:55,834 ==> Task[1]Epoch[8](350/401): Loss: 0.2390
2020-01-06 22:48:55,835 Allocated:33.03076171875 MB
2020-01-06 22:48:55,836 Cached:1113.5 MB
2020-01-06 22:50:24,072 ==> Task[1]Epoch[8](400/401): Loss: 0.2995
2020-01-06 22:50:24,076 Allocated:33.03076171875 MB
2020-01-06 22:50:24,076 Cached:1113.5 MB
2020-01-06 22:50:24,577 ===> Task 1 Epoch 8 Complete: Avg. Loss: 0.2301
2020-01-06 22:50:24,578 begin test:
2020-01-06 22:50:24,579 ====> Extracting Features
2020-01-06 22:51:40,330 ==> Batch (50/72)
2020-01-06 22:52:08,346 ====> Building faiss index
2020-01-06 22:52:08,348 ====> Calculating recall @ N
2020-01-06 22:52:08,896 ====> Recall@1: 0.5383
2020-01-06 22:52:08,896 ====> Recall@2: 0.5812
2020-01-06 22:52:08,897 ====> Recall@3: 0.6035
2020-01-06 22:52:08,897 ====> Recall@4: 0.6183
2020-01-06 22:52:08,897 ====> Recall@5: 0.6313
2020-01-06 22:52:08,897 ====> Recall@10: 0.6661
2020-01-06 22:52:08,897 ====> Recall@15: 0.6803
2020-01-06 22:52:08,898 ====> Recall@20: 0.6922
2020-01-06 22:52:08,898 ====> Recall@25: 0.7014
2020-01-06 22:52:08,962 ====> Building Cache
2020-01-06 22:52:08,962 h5feat cache at: /home/annora/NetVLAD/output/train_feat_cache1.hdf5
2020-01-06 22:54:52,775 Allocated:31.03076171875 MB
2020-01-06 22:54:52,776 Cached:9902.625 MB
2020-01-06 22:56:45,960 ==> Task[1]Epoch[9](50/401): Loss: 0.3052
2020-01-06 22:56:45,962 Allocated:33.03076171875 MB
2020-01-06 22:56:45,962 Cached:1113.5 MB
2020-01-06 22:58:16,447 ==> Task[1]Epoch[9](100/401): Loss: 0.2715
2020-01-06 22:58:16,449 Allocated:33.03076171875 MB
2020-01-06 22:58:16,449 Cached:1113.5 MB
2020-01-06 22:59:50,650 ==> Task[1]Epoch[9](150/401): Loss: 0.1345
2020-01-06 22:59:50,652 Allocated:33.03076171875 MB
2020-01-06 22:59:50,652 Cached:1113.5 MB
2020-01-06 23:01:19,473 ==> Task[1]Epoch[9](200/401): Loss: 0.2677
2020-01-06 23:01:19,475 Allocated:33.03076171875 MB
2020-01-06 23:01:19,475 Cached:1113.5 MB
2020-01-06 23:02:54,910 ==> Task[1]Epoch[9](250/401): Loss: 0.3090
2020-01-06 23:02:54,912 Allocated:33.03076171875 MB
2020-01-06 23:02:54,912 Cached:1113.5 MB
2020-01-06 23:04:27,150 ==> Task[1]Epoch[9](300/401): Loss: 0.1417
2020-01-06 23:04:27,151 Allocated:33.03076171875 MB
2020-01-06 23:04:27,152 Cached:1113.5 MB
2020-01-06 23:05:59,544 ==> Task[1]Epoch[9](350/401): Loss: 0.2310
2020-01-06 23:05:59,546 Allocated:33.03076171875 MB
2020-01-06 23:05:59,546 Cached:1113.5 MB
2020-01-06 23:07:29,853 ==> Task[1]Epoch[9](400/401): Loss: 0.3005
2020-01-06 23:07:29,855 Allocated:33.03076171875 MB
2020-01-06 23:07:29,855 Cached:1113.5 MB
2020-01-06 23:07:30,378 ===> Task 1 Epoch 9 Complete: Avg. Loss: 0.2196
2020-01-06 23:07:30,379 begin test:
2020-01-06 23:07:30,380 ====> Extracting Features
2020-01-06 23:08:44,323 ==> Batch (50/72)
2020-01-06 23:09:14,286 ====> Building faiss index
2020-01-06 23:09:14,287 ====> Calculating recall @ N
2020-01-06 23:09:14,783 ====> Recall@1: 0.5374
2020-01-06 23:09:14,783 ====> Recall@2: 0.5757
2020-01-06 23:09:14,784 ====> Recall@3: 0.6023
2020-01-06 23:09:14,784 ====> Recall@4: 0.6159
2020-01-06 23:09:14,784 ====> Recall@5: 0.6275
2020-01-06 23:09:14,784 ====> Recall@10: 0.6617
2020-01-06 23:09:14,784 ====> Recall@15: 0.6768
2020-01-06 23:09:14,785 ====> Recall@20: 0.6855
2020-01-06 23:09:14,785 ====> Recall@25: 0.6957
2020-01-06 23:09:14,843 ====> Building Cache
2020-01-06 23:09:14,844 h5feat cache at: /home/annora/NetVLAD/output/train_feat_cache1.hdf5
2020-01-06 23:11:57,380 Allocated:31.03076171875 MB
2020-01-06 23:11:57,381 Cached:9902.625 MB
2020-01-06 23:13:48,206 ==> Task[1]Epoch[10](50/401): Loss: 0.3008
2020-01-06 23:13:48,208 Allocated:33.03076171875 MB
2020-01-06 23:13:48,208 Cached:1113.5 MB
2020-01-06 23:15:17,253 ==> Task[1]Epoch[10](100/401): Loss: 0.2650
2020-01-06 23:15:17,255 Allocated:33.03076171875 MB
2020-01-06 23:15:17,256 Cached:1113.5 MB
2020-01-06 23:16:55,060 ==> Task[1]Epoch[10](150/401): Loss: 0.1118
2020-01-06 23:16:55,063 Allocated:33.03076171875 MB
2020-01-06 23:16:55,064 Cached:1113.5 MB
2020-01-06 23:18:28,823 ==> Task[1]Epoch[10](200/401): Loss: 0.2605
2020-01-06 23:18:28,825 Allocated:33.03076171875 MB
2020-01-06 23:18:28,826 Cached:1113.5 MB
2020-01-06 23:20:03,910 ==> Task[1]Epoch[10](250/401): Loss: 0.3014
2020-01-06 23:20:03,912 Allocated:33.03076171875 MB
2020-01-06 23:20:03,912 Cached:1113.5 MB
2020-01-06 23:21:32,017 ==> Task[1]Epoch[10](300/401): Loss: 0.1192
2020-01-06 23:21:32,019 Allocated:33.03076171875 MB
2020-01-06 23:21:32,019 Cached:1113.5 MB
2020-01-06 23:23:05,540 ==> Task[1]Epoch[10](350/401): Loss: 0.2200
2020-01-06 23:23:05,543 Allocated:33.03076171875 MB
2020-01-06 23:23:05,543 Cached:1113.5 MB
2020-01-06 23:24:32,688 ==> Task[1]Epoch[10](400/401): Loss: 0.2976
2020-01-06 23:24:32,691 Allocated:33.03076171875 MB
2020-01-06 23:24:32,692 Cached:1113.5 MB
2020-01-06 23:24:33,175 ===> Task 1 Epoch 10 Complete: Avg. Loss: 0.2086
2020-01-06 23:24:33,177 begin test:
2020-01-06 23:24:33,178 ====> Extracting Features
2020-01-06 23:25:47,563 ==> Batch (50/72)
2020-01-06 23:26:15,316 ====> Building faiss index
2020-01-06 23:26:15,318 ====> Calculating recall @ N
2020-01-06 23:26:15,833 ====> Recall@1: 0.5339
2020-01-06 23:26:15,834 ====> Recall@2: 0.5739
2020-01-06 23:26:15,835 ====> Recall@3: 0.5988
2020-01-06 23:26:15,835 ====> Recall@4: 0.6145
2020-01-06 23:26:15,836 ====> Recall@5: 0.6246
2020-01-06 23:26:15,836 ====> Recall@10: 0.6612
2020-01-06 23:26:15,836 ====> Recall@15: 0.6762
2020-01-06 23:26:15,836 ====> Recall@20: 0.6846
2020-01-06 23:26:15,837 ====> Recall@25: 0.6933
2020-01-06 23:26:15,898 ====> Building Cache
2020-01-06 23:26:15,898 h5feat cache at: /home/annora/NetVLAD/output/train_feat_cache1.hdf5
2020-01-06 23:28:56,741 Allocated:31.03076171875 MB
2020-01-06 23:28:56,741 Cached:9902.625 MB
2020-01-06 23:30:47,053 ==> Task[1]Epoch[11](50/401): Loss: 0.2979
2020-01-06 23:30:47,055 Allocated:33.03076171875 MB
2020-01-06 23:30:47,055 Cached:1113.5 MB
2020-01-06 23:32:16,043 ==> Task[1]Epoch[11](100/401): Loss: 0.2591
2020-01-06 23:32:16,045 Allocated:33.03076171875 MB
2020-01-06 23:32:16,045 Cached:1113.5 MB
2020-01-06 23:33:49,260 ==> Task[1]Epoch[11](150/401): Loss: 0.0927
2020-01-06 23:33:49,264 Allocated:33.03076171875 MB
2020-01-06 23:33:49,264 Cached:1113.5 MB
2020-01-06 23:35:21,994 ==> Task[1]Epoch[11](200/401): Loss: 0.2538
2020-01-06 23:35:21,996 Allocated:33.03076171875 MB
2020-01-06 23:35:21,997 Cached:1113.5 MB
2020-01-06 23:36:53,008 ==> Task[1]Epoch[11](250/401): Loss: 0.3019
2020-01-06 23:36:53,010 Allocated:33.03076171875 MB
2020-01-06 23:36:53,010 Cached:1113.5 MB
2020-01-06 23:38:26,623 ==> Task[1]Epoch[11](300/401): Loss: 0.1042
2020-01-06 23:38:26,625 Allocated:33.03076171875 MB
2020-01-06 23:38:26,626 Cached:1113.5 MB
2020-01-06 23:39:54,914 ==> Task[1]Epoch[11](350/401): Loss: 0.2143
2020-01-06 23:39:54,916 Allocated:33.03076171875 MB
2020-01-06 23:39:54,917 Cached:1113.5 MB
2020-01-06 23:41:24,821 ==> Task[1]Epoch[11](400/401): Loss: 0.2982
2020-01-06 23:41:24,823 Allocated:33.03076171875 MB
2020-01-06 23:41:24,823 Cached:1113.5 MB
2020-01-06 23:41:25,311 ===> Task 1 Epoch 11 Complete: Avg. Loss: 0.1998
2020-01-06 23:41:25,312 begin test:
2020-01-06 23:41:25,312 ====> Extracting Features
2020-01-06 23:42:37,200 ==> Batch (50/72)
2020-01-06 23:43:06,217 ====> Building faiss index
2020-01-06 23:43:06,226 ====> Calculating recall @ N
2020-01-06 23:43:08,862 ====> Recall@1: 0.5313
2020-01-06 23:43:08,863 ====> Recall@2: 0.5736
2020-01-06 23:43:08,863 ====> Recall@3: 0.5974
2020-01-06 23:43:08,864 ====> Recall@4: 0.6107
2020-01-06 23:43:08,864 ====> Recall@5: 0.6206
2020-01-06 23:43:08,864 ====> Recall@10: 0.6562
2020-01-06 23:43:08,865 ====> Recall@15: 0.6745
2020-01-06 23:43:08,865 ====> Recall@20: 0.6843
2020-01-06 23:43:08,865 ====> Recall@25: 0.6928
2020-01-06 23:43:08,925 ====> Building Cache
2020-01-06 23:43:08,926 h5feat cache at: /home/annora/NetVLAD/output/train_feat_cache1.hdf5
2020-01-06 23:45:45,029 Allocated:31.03076171875 MB
2020-01-06 23:45:45,030 Cached:9902.625 MB
2020-01-06 23:47:36,812 ==> Task[1]Epoch[12](50/401): Loss: 0.2938
2020-01-06 23:47:36,815 Allocated:33.03076171875 MB
2020-01-06 23:47:36,816 Cached:1113.5 MB
2020-01-06 23:49:01,672 ==> Task[1]Epoch[12](100/401): Loss: 0.2550
2020-01-06 23:49:01,674 Allocated:33.03076171875 MB
2020-01-06 23:49:01,674 Cached:1113.5 MB
2020-01-06 23:50:33,037 ==> Task[1]Epoch[12](150/401): Loss: 0.0735
2020-01-06 23:50:33,039 Allocated:33.03076171875 MB
2020-01-06 23:50:33,039 Cached:1113.5 MB
2020-01-06 23:51:58,001 ==> Task[1]Epoch[12](200/401): Loss: 0.2487
2020-01-06 23:51:58,003 Allocated:33.03076171875 MB
2020-01-06 23:51:58,003 Cached:1113.5 MB
2020-01-06 23:53:30,746 ==> Task[1]Epoch[12](250/401): Loss: 0.3047
2020-01-06 23:53:30,748 Allocated:33.03076171875 MB
2020-01-06 23:53:30,748 Cached:1113.5 MB
2020-01-06 23:54:58,299 ==> Task[1]Epoch[12](300/401): Loss: 0.0803
2020-01-06 23:54:58,302 Allocated:33.03076171875 MB
2020-01-06 23:54:58,302 Cached:1113.5 MB
2020-01-06 23:56:27,324 ==> Task[1]Epoch[12](350/401): Loss: 0.2057
2020-01-06 23:56:27,326 Allocated:33.03076171875 MB
2020-01-06 23:56:27,326 Cached:1113.5 MB
2020-01-06 23:57:55,292 ==> Task[1]Epoch[12](400/401): Loss: 0.3015
2020-01-06 23:57:55,294 Allocated:33.03076171875 MB
2020-01-06 23:57:55,294 Cached:1113.5 MB
2020-01-06 23:57:55,741 ===> Task 1 Epoch 12 Complete: Avg. Loss: 0.1894
2020-01-06 23:57:55,742 begin test:
2020-01-06 23:57:55,743 ====> Extracting Features
2020-01-06 23:59:08,330 ==> Batch (50/72)
2020-01-06 23:59:36,785 ====> Building faiss index
2020-01-06 23:59:36,786 ====> Calculating recall @ N
2020-01-06 23:59:37,294 ====> Recall@1: 0.5232
2020-01-06 23:59:37,294 ====> Recall@2: 0.5658
2020-01-06 23:59:37,295 ====> Recall@3: 0.5901
2020-01-06 23:59:37,295 ====> Recall@4: 0.6020
2020-01-06 23:59:37,295 ====> Recall@5: 0.6110
2020-01-06 23:59:37,295 ====> Recall@10: 0.6519
2020-01-06 23:59:37,296 ====> Recall@15: 0.6725
2020-01-06 23:59:37,296 ====> Recall@20: 0.6809
2020-01-06 23:59:37,296 ====> Recall@25: 0.6887
2020-01-06 23:59:37,357 ====> Building Cache
2020-01-06 23:59:37,357 h5feat cache at: /home/annora/NetVLAD/output/train_feat_cache1.hdf5
2020-01-07 00:02:18,457 Allocated:31.03076171875 MB
2020-01-07 00:02:18,458 Cached:9902.625 MB
2020-01-07 00:04:09,304 ==> Task[1]Epoch[13](50/401): Loss: 0.2916
2020-01-07 00:04:09,307 Allocated:33.03076171875 MB
2020-01-07 00:04:09,307 Cached:1113.5 MB
2020-01-07 00:05:40,125 ==> Task[1]Epoch[13](100/401): Loss: 0.2507
2020-01-07 00:05:40,128 Allocated:33.03076171875 MB
2020-01-07 00:05:40,128 Cached:1113.5 MB
2020-01-07 00:07:13,203 ==> Task[1]Epoch[13](150/401): Loss: 0.0508
2020-01-07 00:07:13,205 Allocated:33.03076171875 MB
2020-01-07 00:07:13,206 Cached:1113.5 MB
2020-01-07 00:08:39,462 ==> Task[1]Epoch[13](200/401): Loss: 0.2445
2020-01-07 00:08:39,464 Allocated:33.03076171875 MB
2020-01-07 00:08:39,464 Cached:1113.5 MB
2020-01-07 00:10:12,532 ==> Task[1]Epoch[13](250/401): Loss: 0.3126
2020-01-07 00:10:12,534 Allocated:33.03076171875 MB
2020-01-07 00:10:12,534 Cached:1113.5 MB
2020-01-07 00:11:47,485 ==> Task[1]Epoch[13](300/401): Loss: 0.0553
2020-01-07 00:11:47,486 Allocated:33.03076171875 MB
2020-01-07 00:11:47,487 Cached:1113.5 MB
2020-01-07 00:13:18,088 ==> Task[1]Epoch[13](350/401): Loss: 0.1941
2020-01-07 00:13:18,090 Allocated:33.03076171875 MB
2020-01-07 00:13:18,090 Cached:1113.5 MB
2020-01-07 00:14:47,367 ==> Task[1]Epoch[13](400/401): Loss: 0.2996
2020-01-07 00:14:47,369 Allocated:33.03076171875 MB
2020-01-07 00:14:47,369 Cached:1113.5 MB
2020-01-07 00:14:47,830 ===> Task 1 Epoch 13 Complete: Avg. Loss: 0.1767
2020-01-07 00:14:47,832 begin test:
2020-01-07 00:14:47,833 ====> Extracting Features
2020-01-07 00:16:01,970 ==> Batch (50/72)
2020-01-07 00:16:29,867 ====> Building faiss index
2020-01-07 00:16:29,869 ====> Calculating recall @ N
2020-01-07 00:16:30,384 ====> Recall@1: 0.5151
2020-01-07 00:16:30,385 ====> Recall@2: 0.5530
2020-01-07 00:16:30,385 ====> Recall@3: 0.5786
2020-01-07 00:16:30,386 ====> Recall@4: 0.5916
2020-01-07 00:16:30,386 ====> Recall@5: 0.6035
2020-01-07 00:16:30,386 ====> Recall@10: 0.6400
2020-01-07 00:16:30,386 ====> Recall@15: 0.6612
2020-01-07 00:16:30,386 ====> Recall@20: 0.6730
2020-01-07 00:16:30,387 ====> Recall@25: 0.6861
2020-01-07 00:16:30,458 ====> Building Cache
2020-01-07 00:16:30,458 h5feat cache at: /home/annora/NetVLAD/output/train_feat_cache1.hdf5
2020-01-07 00:19:16,120 Allocated:31.03076171875 MB
2020-01-07 00:19:16,121 Cached:9902.625 MB
2020-01-07 00:21:02,428 ==> Task[1]Epoch[14](50/401): Loss: 0.2819
2020-01-07 00:21:02,433 Allocated:33.03076171875 MB
2020-01-07 00:21:02,434 Cached:1112.5 MB
2020-01-07 00:22:29,606 ==> Task[1]Epoch[14](100/401): Loss: 0.2392
2020-01-07 00:22:29,608 Allocated:33.03076171875 MB
2020-01-07 00:22:29,608 Cached:1112.5 MB
2020-01-07 00:24:05,076 ==> Task[1]Epoch[14](150/401): Loss: 0.0427
2020-01-07 00:24:05,078 Allocated:33.03076171875 MB
2020-01-07 00:24:05,078 Cached:1113.5 MB
2020-01-07 00:25:25,675 ==> Task[1]Epoch[14](200/401): Loss: 0.2342
2020-01-07 00:25:25,681 Allocated:33.03076171875 MB
2020-01-07 00:25:25,681 Cached:1112.5 MB
2020-01-07 00:26:52,473 ==> Task[1]Epoch[14](250/401): Loss: 0.3218
2020-01-07 00:26:52,476 Allocated:33.03076171875 MB
2020-01-07 00:26:52,476 Cached:1113.5 MB
2020-01-07 00:28:20,969 ==> Task[1]Epoch[14](300/401): Loss: 0.0229
2020-01-07 00:28:20,971 Allocated:33.03076171875 MB
2020-01-07 00:28:20,971 Cached:1112.5 MB
2020-01-07 00:29:55,436 ==> Task[1]Epoch[14](350/401): Loss: 0.1749
2020-01-07 00:29:55,440 Allocated:33.03076171875 MB
2020-01-07 00:29:55,440 Cached:1112.5 MB
2020-01-07 00:31:24,571 ==> Task[1]Epoch[14](400/401): Loss: 0.3106
2020-01-07 00:31:24,572 Allocated:33.03076171875 MB
2020-01-07 00:31:24,573 Cached:1113.5 MB
2020-01-07 00:31:25,069 ===> Task 1 Epoch 14 Complete: Avg. Loss: 0.1601
2020-01-07 00:31:25,070 begin test:
2020-01-07 00:31:25,071 ====> Extracting Features
2020-01-07 00:32:38,483 ==> Batch (50/72)
2020-01-07 00:33:07,356 ====> Building faiss index
2020-01-07 00:33:07,358 ====> Calculating recall @ N
2020-01-07 00:33:08,462 ====> Recall@1: 0.5052
2020-01-07 00:33:08,464 ====> Recall@2: 0.5470
2020-01-07 00:33:08,466 ====> Recall@3: 0.5678
2020-01-07 00:33:08,467 ====> Recall@4: 0.5826
2020-01-07 00:33:08,473 ====> Recall@5: 0.5936
2020-01-07 00:33:08,473 ====> Recall@10: 0.6258
2020-01-07 00:33:08,473 ====> Recall@15: 0.6432
2020-01-07 00:33:08,474 ====> Recall@20: 0.6588
2020-01-07 00:33:08,474 ====> Recall@25: 0.6719
2020-01-07 00:33:08,560 ====> Building Cache
2020-01-07 00:33:08,561 h5feat cache at: /home/annora/NetVLAD/output/train_feat_cache1.hdf5
2020-01-07 00:35:47,434 Allocated:31.03076171875 MB
2020-01-07 00:35:47,435 Cached:9902.625 MB
2020-01-07 00:37:36,428 ==> Task[1]Epoch[15](50/401): Loss: 0.2688
2020-01-07 00:37:36,430 Allocated:33.03076171875 MB
2020-01-07 00:37:36,430 Cached:1113.5 MB
2020-01-07 00:39:05,373 ==> Task[1]Epoch[15](100/401): Loss: 0.2255
2020-01-07 00:39:05,376 Allocated:33.03076171875 MB
2020-01-07 00:39:05,377 Cached:1113.5 MB
2020-01-07 00:40:29,923 ==> Task[1]Epoch[15](150/401): Loss: 0.0587
2020-01-07 00:40:29,927 Allocated:33.03076171875 MB
2020-01-07 00:40:29,928 Cached:1113.5 MB
2020-01-07 00:41:46,353 ==> Task[1]Epoch[15](200/401): Loss: 0.2316
2020-01-07 00:41:46,356 Allocated:33.03076171875 MB
2020-01-07 00:41:46,359 Cached:1113.5 MB
2020-01-07 00:43:16,429 ==> Task[1]Epoch[15](250/401): Loss: 0.3233
2020-01-07 00:43:16,431 Allocated:33.03076171875 MB
2020-01-07 00:43:16,431 Cached:1113.5 MB
2020-01-07 00:44:38,439 ==> Task[1]Epoch[15](300/401): Loss: 0.0370
2020-01-07 00:44:38,441 Allocated:33.03076171875 MB
2020-01-07 00:44:38,441 Cached:1112.5 MB
2020-01-07 00:46:09,322 ==> Task[1]Epoch[15](350/401): Loss: 0.1541
2020-01-07 00:46:09,325 Allocated:33.03076171875 MB
2020-01-07 00:46:09,325 Cached:1113.5 MB
2020-01-07 00:47:32,614 ==> Task[1]Epoch[15](400/401): Loss: 0.3087
2020-01-07 00:47:32,616 Allocated:33.03076171875 MB
2020-01-07 00:47:32,616 Cached:1113.5 MB
2020-01-07 00:47:33,077 ===> Task 1 Epoch 15 Complete: Avg. Loss: 0.1439
2020-01-07 00:47:33,078 begin test:
2020-01-07 00:47:33,079 ====> Extracting Features
2020-01-07 00:48:51,322 ==> Batch (50/72)
2020-01-07 00:49:20,401 ====> Building faiss index
2020-01-07 00:49:20,404 ====> Calculating recall @ N
2020-01-07 00:49:21,074 ====> Recall@1: 0.5023
2020-01-07 00:49:21,075 ====> Recall@2: 0.5449
2020-01-07 00:49:21,075 ====> Recall@3: 0.5658
2020-01-07 00:49:21,075 ====> Recall@4: 0.5794
2020-01-07 00:49:21,075 ====> Recall@5: 0.5887
2020-01-07 00:49:21,076 ====> Recall@10: 0.6194
2020-01-07 00:49:21,076 ====> Recall@15: 0.6406
2020-01-07 00:49:21,076 ====> Recall@20: 0.6545
2020-01-07 00:49:21,076 ====> Recall@25: 0.6661
2020-01-07 00:49:21,134 ====> Building Cache
2020-01-07 00:49:21,135 h5feat cache at: /home/annora/NetVLAD/output/train_feat_cache1.hdf5
2020-01-07 00:51:59,617 Allocated:31.03076171875 MB
2020-01-07 00:51:59,618 Cached:9902.625 MB
2020-01-07 00:53:33,851 ==> Task[1]Epoch[16](50/401): Loss: 0.2650
2020-01-07 00:53:33,853 Allocated:33.03076171875 MB
2020-01-07 00:53:33,854 Cached:1112.5 MB
2020-01-07 00:55:06,657 ==> Task[1]Epoch[16](100/401): Loss: 0.2155
2020-01-07 00:55:06,663 Allocated:33.03076171875 MB
2020-01-07 00:55:06,663 Cached:1112.5 MB
2020-01-07 00:56:25,978 ==> Task[1]Epoch[16](150/401): Loss: 0.0625
2020-01-07 00:56:25,980 Allocated:33.03076171875 MB
2020-01-07 00:56:25,980 Cached:1112.5 MB
2020-01-07 00:57:35,814 ==> Task[1]Epoch[16](200/401): Loss: 0.2204
2020-01-07 00:57:35,817 Allocated:33.03076171875 MB
2020-01-07 00:57:35,817 Cached:1112.5 MB
2020-01-07 00:58:57,734 ==> Task[1]Epoch[16](250/401): Loss: 0.3362
2020-01-07 00:58:57,736 Allocated:33.03076171875 MB
2020-01-07 00:58:57,736 Cached:1112.5 MB
2020-01-07 01:00:13,079 ==> Task[1]Epoch[16](300/401): Loss: 0.0175
2020-01-07 01:00:13,080 Allocated:33.03076171875 MB
2020-01-07 01:00:13,080 Cached:1112.5 MB
2020-01-07 01:01:48,796 ==> Task[1]Epoch[16](350/401): Loss: 0.1383
2020-01-07 01:01:48,799 Allocated:33.03076171875 MB
2020-01-07 01:01:48,800 Cached:1113.5 MB
2020-01-07 01:03:04,479 ==> Task[1]Epoch[16](400/401): Loss: 0.3148
2020-01-07 01:03:04,481 Allocated:33.03076171875 MB
2020-01-07 01:03:04,481 Cached:1112.5 MB
2020-01-07 01:03:04,984 ===> Task 1 Epoch 16 Complete: Avg. Loss: 0.1315
2020-01-07 01:03:04,985 begin test:
2020-01-07 01:03:04,986 ====> Extracting Features
2020-01-07 01:04:20,723 ==> Batch (50/72)
2020-01-07 01:04:48,092 ====> Building faiss index
2020-01-07 01:04:48,094 ====> Calculating recall @ N
2020-01-07 01:04:48,616 ====> Recall@1: 0.4922
2020-01-07 01:04:48,617 ====> Recall@2: 0.5330
2020-01-07 01:04:48,617 ====> Recall@3: 0.5557
2020-01-07 01:04:48,618 ====> Recall@4: 0.5696
2020-01-07 01:04:48,618 ====> Recall@5: 0.5794
2020-01-07 01:04:48,618 ====> Recall@10: 0.6075
2020-01-07 01:04:48,618 ====> Recall@15: 0.6301
2020-01-07 01:04:48,618 ====> Recall@20: 0.6452
2020-01-07 01:04:48,619 ====> Recall@25: 0.6568
2020-01-07 01:04:48,679 ====> Building Cache
2020-01-07 01:04:48,680 h5feat cache at: /home/annora/NetVLAD/output/train_feat_cache1.hdf5
2020-01-07 01:07:28,914 Allocated:31.03076171875 MB
2020-01-07 01:07:28,914 Cached:9902.625 MB
2020-01-07 01:08:59,655 ==> Task[1]Epoch[17](50/401): Loss: 0.2514
2020-01-07 01:08:59,658 Allocated:33.03076171875 MB
2020-01-07 01:08:59,658 Cached:1113.5 MB
2020-01-07 01:10:30,066 ==> Task[1]Epoch[17](100/401): Loss: 0.1963
2020-01-07 01:10:30,068 Allocated:33.03076171875 MB
2020-01-07 01:10:30,068 Cached:1113.5 MB
2020-01-07 01:11:42,808 ==> Task[1]Epoch[17](150/401): Loss: 0.0678
2020-01-07 01:11:42,810 Allocated:33.03076171875 MB
2020-01-07 01:11:42,810 Cached:1112.5 MB
2020-01-07 01:12:46,557 ==> Task[1]Epoch[17](200/401): Loss: 0.2174
2020-01-07 01:12:46,559 Allocated:33.03076171875 MB
2020-01-07 01:12:46,559 Cached:1113.5 MB
2020-01-07 01:14:08,601 ==> Task[1]Epoch[17](250/401): Loss: 0.3580
2020-01-07 01:14:08,603 Allocated:33.03076171875 MB
2020-01-07 01:14:08,603 Cached:1111.5 MB
2020-01-07 01:15:21,499 ==> Task[1]Epoch[17](300/401): Loss: 0.0185
2020-01-07 01:15:21,500 Allocated:33.03076171875 MB
2020-01-07 01:15:21,500 Cached:1112.5 MB
2020-01-07 01:16:52,221 ==> Task[1]Epoch[17](350/401): Loss: 0.1147
2020-01-07 01:16:52,222 Allocated:33.03076171875 MB
2020-01-07 01:16:52,223 Cached:1113.5 MB
2020-01-07 01:18:00,701 ==> Task[1]Epoch[17](400/401): Loss: 0.3246
2020-01-07 01:18:00,703 Allocated:33.03076171875 MB
2020-01-07 01:18:00,703 Cached:1113.5 MB
2020-01-07 01:18:01,167 ===> Task 1 Epoch 17 Complete: Avg. Loss: 0.1163
2020-01-07 01:18:01,169 begin test:
2020-01-07 01:18:01,169 ====> Extracting Features
2020-01-07 01:19:13,556 ==> Batch (50/72)
2020-01-07 01:19:41,751 ====> Building faiss index
2020-01-07 01:19:41,753 ====> Calculating recall @ N
2020-01-07 01:19:42,352 ====> Recall@1: 0.4843
2020-01-07 01:19:42,353 ====> Recall@2: 0.5261
2020-01-07 01:19:42,354 ====> Recall@3: 0.5441
2020-01-07 01:19:42,354 ====> Recall@4: 0.5594
2020-01-07 01:19:42,354 ====> Recall@5: 0.5719
2020-01-07 01:19:42,354 ====> Recall@10: 0.6014
2020-01-07 01:19:42,354 ====> Recall@15: 0.6191
2020-01-07 01:19:42,355 ====> Recall@20: 0.6357
2020-01-07 01:19:42,355 ====> Recall@25: 0.6464
2020-01-07 01:19:42,428 ====> Building Cache
2020-01-07 01:19:42,429 h5feat cache at: /home/annora/NetVLAD/output/train_feat_cache1.hdf5
2020-01-07 01:22:27,468 Allocated:31.03076171875 MB
2020-01-07 01:22:27,469 Cached:9902.625 MB
2020-01-07 01:23:47,941 ==> Task[1]Epoch[18](50/401): Loss: 0.2241
2020-01-07 01:23:47,943 Allocated:33.03076171875 MB
2020-01-07 01:23:47,943 Cached:1113.5 MB
2020-01-07 01:25:06,451 ==> Task[1]Epoch[18](100/401): Loss: 0.1812
2020-01-07 01:25:06,454 Allocated:33.03076171875 MB
2020-01-07 01:25:06,454 Cached:1112.5 MB
2020-01-07 01:26:15,667 ==> Task[1]Epoch[18](150/401): Loss: 0.0542
2020-01-07 01:26:15,668 Allocated:33.03076171875 MB
2020-01-07 01:26:15,669 Cached:1111.5 MB
2020-01-07 01:27:16,526 ==> Task[1]Epoch[18](200/401): Loss: 0.2255
2020-01-07 01:27:16,528 Allocated:33.03076171875 MB
2020-01-07 01:27:16,529 Cached:1113.5 MB
2020-01-07 01:28:28,443 ==> Task[1]Epoch[18](250/401): Loss: 0.3721
2020-01-07 01:28:28,444 Allocated:33.03076171875 MB
2020-01-07 01:28:28,445 Cached:1112.5 MB
2020-01-07 01:29:37,819 ==> Task[1]Epoch[18](300/401): Loss: 0.0493
2020-01-07 01:29:37,821 Allocated:33.03076171875 MB
2020-01-07 01:29:37,821 Cached:1112.5 MB
2020-01-07 01:31:03,365 ==> Task[1]Epoch[18](350/401): Loss: 0.0929
2020-01-07 01:31:03,366 Allocated:33.03076171875 MB
2020-01-07 01:31:03,366 Cached:1113.5 MB
2020-01-07 01:32:06,266 ==> Task[1]Epoch[18](400/401): Loss: 0.3391
2020-01-07 01:32:06,268 Allocated:33.03076171875 MB
2020-01-07 01:32:06,268 Cached:1111.5 MB
2020-01-07 01:32:06,732 ===> Task 1 Epoch 18 Complete: Avg. Loss: 0.1017
2020-01-07 01:32:06,733 begin test:
2020-01-07 01:32:06,734 ====> Extracting Features
2020-01-07 01:33:23,751 ==> Batch (50/72)
2020-01-07 01:33:52,962 ====> Building faiss index
2020-01-07 01:33:52,964 ====> Calculating recall @ N
2020-01-07 01:33:53,511 ====> Recall@1: 0.4728
2020-01-07 01:33:53,512 ====> Recall@2: 0.5142
2020-01-07 01:33:53,512 ====> Recall@3: 0.5391
2020-01-07 01:33:53,512 ====> Recall@4: 0.5530
2020-01-07 01:33:53,513 ====> Recall@5: 0.5629
2020-01-07 01:33:53,513 ====> Recall@10: 0.5951
2020-01-07 01:33:53,513 ====> Recall@15: 0.6151
2020-01-07 01:33:53,513 ====> Recall@20: 0.6252
2020-01-07 01:33:53,513 ====> Recall@25: 0.6345
2020-01-07 01:33:53,579 Performance did not improve for 10 epochs. Stopping.
2020-01-07 01:33:53,579 => Best Recall@5: 0.6333
