2020-01-12 23:53:47,179 Namespace(arch='alexnet', batchSize=12, cacheBatchSize=96, cachePath='/home/annora/NetVLAD/output/', cacheRefreshRate=3000, ckpt='best', contilearn=True, dataPath='/home/annora/NetVLAD/output/data/', dataset='robotcar', evalEvery=1, fromscratch=True, fromtask='', lr=0.01, lrGamma=0.5, lrStep=5, margin=0.1, mode='train', momentum=0.9, nEpochs=30, nGPU=1, nocuda=False, num_clusters=64, optim='SGD', patience=10, pooling='max', premodel='imagenet', resume='', runsPath='/home/annora/NetVLAD/output/runs/', savePath='checkpoints', seed=123, split='val', start_epoch=0, threads=8, vladv2=False, weightDecay=0.001)
2020-01-12 23:53:47,218 ===> Loading dataset(s)
2020-01-12 23:53:47,218 trainfile ------>>>>>> oxRobocar_doubleN_train.mat
2020-01-12 23:53:50,047 ====> Training set: oxRobocar_doubleN_train.mat, query set count: 6404
2020-01-12 23:53:50,157 ===> Evaluating on val set: oxRobocar_doubleN_val.mat, query count: 3450
2020-01-12 23:53:50,157 ===> Building model
2020-01-12 23:53:50,214 encoder moder:
AlexNet(
  (conv1): Sequential(
    (0): Conv2d(3, 64, kernel_size=(11, 11), stride=(4, 4), padding=(2, 2))
    (1): ReLU(inplace)
    (2): MaxPool2d(kernel_size=3, stride=2, padding=0, dilation=1, ceil_mode=False)
  )
  (conv2): Sequential(
    (0): Conv2d(64, 192, kernel_size=(5, 5), stride=(1, 1), padding=(2, 2))
    (1): ReLU(inplace)
    (2): MaxPool2d(kernel_size=3, stride=2, padding=0, dilation=1, ceil_mode=False)
  )
  (conv3): Sequential(
    (0): Conv2d(192, 384, kernel_size=(3, 3), stride=(1, 1), padding=(1, 1))
    (1): ReLU(inplace)
  )
  (conv4): Sequential(
    (0): Conv2d(384, 256, kernel_size=(3, 3), stride=(1, 1), padding=(1, 1))
    (1): ReLU(inplace)
  )
  (conv5): Sequential(
    (0): Conv2d(256, 256, kernel_size=(3, 3), stride=(1, 1), padding=(1, 1))
  )
)
2020-01-12 23:53:56,028 ===> Training model
2020-01-12 23:53:56,030 ===> Saving state to: /home/annora/NetVLAD/output/runs/2020-01-12-23-53-56_alexnet_max
2020-01-12 23:53:56,102 ====> Building Cache
2020-01-12 23:53:56,103 feature cache--->>> /home/annora/NetVLAD/output/train_feat_cache0.hdf5
2020-01-12 23:55:33,975 Allocated:99.34619140625 MB
2020-01-12 23:55:33,975 Cached:2864.375 MB
2020-01-12 23:58:15,885 ==> Epoch[1](50/534): Loss: 0.2794
2020-01-12 23:58:15,888 Allocated:121.28369140625 MB
2020-01-12 23:58:15,888 Cached:6741.375 MB
2020-01-13 00:00:22,690 ==> Epoch[1](100/534): Loss: 0.2671
2020-01-13 00:00:22,692 Allocated:120.53369140625 MB
2020-01-13 00:00:22,692 Cached:6741.375 MB
2020-01-13 00:02:23,684 ==> Epoch[1](150/534): Loss: 0.2112
2020-01-13 00:02:23,685 Allocated:121.53369140625 MB
2020-01-13 00:02:23,685 Cached:6741.375 MB
2020-01-13 00:03:29,773 ====> Building Cache
2020-01-13 00:03:29,774 feature cache--->>> /home/annora/NetVLAD/output/train_feat_cache0.hdf5
2020-01-13 00:05:04,996 Allocated:121.033203125 MB
2020-01-13 00:05:04,997 Cached:2919.5 MB
2020-01-13 00:06:41,509 ==> Epoch[1](200/534): Loss: 0.2775
2020-01-13 00:06:41,511 Allocated:121.28369140625 MB
2020-01-13 00:06:41,512 Cached:6794.5 MB
2020-01-13 00:08:41,012 ==> Epoch[1](250/534): Loss: 0.2378
2020-01-13 00:08:41,014 Allocated:120.53369140625 MB
2020-01-13 00:08:41,014 Cached:6794.5 MB
2020-01-13 00:10:44,501 ==> Epoch[1](300/534): Loss: 0.1974
2020-01-13 00:10:44,502 Allocated:121.53369140625 MB
2020-01-13 00:10:44,502 Cached:6794.5 MB
2020-01-13 00:12:40,952 ==> Epoch[1](350/534): Loss: 0.1825
2020-01-13 00:12:40,953 Allocated:121.28369140625 MB
2020-01-13 00:12:40,954 Cached:6794.5 MB
2020-01-13 00:12:55,495 ====> Building Cache
2020-01-13 00:12:55,496 feature cache--->>> /home/annora/NetVLAD/output/train_feat_cache0.hdf5
2020-01-13 00:14:33,633 Allocated:121.033203125 MB
2020-01-13 00:14:33,634 Cached:2919.5 MB
2020-01-13 00:16:57,556 ==> Epoch[1](400/534): Loss: 0.1091
2020-01-13 00:16:57,558 Allocated:120.53369140625 MB
2020-01-13 00:16:57,558 Cached:6793.5 MB
2020-01-13 00:18:53,030 ==> Epoch[1](450/534): Loss: 0.0452
2020-01-13 00:18:53,031 Allocated:121.53369140625 MB
2020-01-13 00:18:53,032 Cached:6793.5 MB
2020-01-13 00:20:52,437 ==> Epoch[1](500/534): Loss: 0.0400
2020-01-13 00:20:52,438 Allocated:121.28369140625 MB
2020-01-13 00:20:52,438 Cached:6793.5 MB
2020-01-13 00:22:21,450 ===> Epoch 1 Complete: Avg. Loss: 0.1867
2020-01-13 00:22:21,452 ====> Extracting Features
2020-01-13 00:23:05,730 ==> Batch (50/108)
2020-01-13 00:23:32,414 ==> Batch (100/108)
2020-01-13 00:23:36,247 ====> Building faiss index
2020-01-13 00:23:36,249 ====> Calculating recall @ N
2020-01-13 00:23:36,814 ====> Recall@1: 0.4519
2020-01-13 00:23:36,815 ====> Recall@2: 0.5003
2020-01-13 00:23:36,815 ====> Recall@3: 0.5275
2020-01-13 00:23:36,816 ====> Recall@4: 0.5528
2020-01-13 00:23:36,816 ====> Recall@5: 0.5710
2020-01-13 00:23:36,816 ====> Recall@10: 0.6165
2020-01-13 00:23:36,816 ====> Recall@15: 0.6409
2020-01-13 00:23:36,817 ====> Recall@20: 0.6591
2020-01-13 00:23:36,817 ====> Recall@25: 0.6716
2020-01-13 00:23:37,070 ====> Building Cache
2020-01-13 00:23:37,070 feature cache--->>> /home/annora/NetVLAD/output/train_feat_cache0.hdf5
2020-01-13 00:25:15,109 Allocated:119.53369140625 MB
2020-01-13 00:25:15,109 Cached:4209.75 MB
2020-01-13 00:27:47,882 ==> Epoch[2](50/534): Loss: 0.0832
2020-01-13 00:27:47,884 Allocated:121.53369140625 MB
2020-01-13 00:27:47,885 Cached:7835.625 MB
2020-01-13 00:29:33,492 ==> Epoch[2](100/534): Loss: 0.0360
2020-01-13 00:29:33,494 Allocated:122.03369140625 MB
2020-01-13 00:29:33,494 Cached:7835.625 MB
2020-01-13 00:31:20,560 ==> Epoch[2](150/534): Loss: 0.0295
2020-01-13 00:31:20,562 Allocated:121.53369140625 MB
2020-01-13 00:31:20,562 Cached:7835.625 MB
2020-01-13 00:32:25,402 ====> Building Cache
2020-01-13 00:32:25,403 feature cache--->>> /home/annora/NetVLAD/output/train_feat_cache0.hdf5
2020-01-13 00:34:05,733 Allocated:121.533203125 MB
2020-01-13 00:34:05,734 Cached:2919.5 MB
2020-01-13 00:35:40,872 ==> Epoch[2](200/534): Loss: 0.0895
2020-01-13 00:35:40,874 Allocated:121.53369140625 MB
2020-01-13 00:35:40,874 Cached:6596.25 MB
2020-01-13 00:37:31,854 ==> Epoch[2](250/534): Loss: 0.0697
2020-01-13 00:37:31,855 Allocated:121.28369140625 MB
2020-01-13 00:37:31,856 Cached:6596.25 MB
2020-01-13 00:39:28,623 ==> Epoch[2](300/534): Loss: 0.0300
2020-01-13 00:39:28,624 Allocated:120.53369140625 MB
2020-01-13 00:39:28,624 Cached:7855.5 MB
2020-01-13 00:41:30,404 ==> Epoch[2](350/534): Loss: 0.0661
2020-01-13 00:41:30,406 Allocated:120.53369140625 MB
2020-01-13 00:41:30,406 Cached:7855.5 MB
2020-01-13 00:41:44,288 ====> Building Cache
2020-01-13 00:41:44,289 feature cache--->>> /home/annora/NetVLAD/output/train_feat_cache0.hdf5
2020-01-13 00:43:28,610 Allocated:120.658203125 MB
2020-01-13 00:43:28,610 Cached:2944.375 MB
2020-01-13 00:46:06,329 ==> Epoch[2](400/534): Loss: 0.0439
2020-01-13 00:46:06,332 Allocated:120.53369140625 MB
2020-01-13 00:46:06,332 Cached:5297.25 MB
2020-01-13 00:48:17,376 ==> Epoch[2](450/534): Loss: 0.0219
2020-01-13 00:48:17,379 Allocated:121.53369140625 MB
2020-01-13 00:48:17,379 Cached:5297.25 MB
2020-01-13 00:50:14,100 ==> Epoch[2](500/534): Loss: 0.0121
2020-01-13 00:50:14,101 Allocated:120.53369140625 MB
2020-01-13 00:50:14,102 Cached:5297.25 MB
2020-01-13 00:51:28,176 ===> Epoch 2 Complete: Avg. Loss: 0.0645
2020-01-13 00:51:28,179 ====> Extracting Features
2020-01-13 00:52:08,454 ==> Batch (50/108)
2020-01-13 00:52:35,254 ==> Batch (100/108)
2020-01-13 00:52:39,154 ====> Building faiss index
2020-01-13 00:52:39,157 ====> Calculating recall @ N
2020-01-13 00:52:39,653 ====> Recall@1: 0.5217
2020-01-13 00:52:39,653 ====> Recall@2: 0.5797
2020-01-13 00:52:39,654 ====> Recall@3: 0.6075
2020-01-13 00:52:39,654 ====> Recall@4: 0.6214
2020-01-13 00:52:39,654 ====> Recall@5: 0.6345
2020-01-13 00:52:39,654 ====> Recall@10: 0.6768
2020-01-13 00:52:39,654 ====> Recall@15: 0.6957
2020-01-13 00:52:39,655 ====> Recall@20: 0.7125
2020-01-13 00:52:39,655 ====> Recall@25: 0.7197
2020-01-13 00:52:40,378 ====> Building Cache
2020-01-13 00:52:40,379 feature cache--->>> /home/annora/NetVLAD/output/train_feat_cache0.hdf5
2020-01-13 00:54:26,264 Allocated:118.53369140625 MB
2020-01-13 00:54:26,264 Cached:4193.625 MB
2020-01-13 00:56:50,083 ==> Epoch[3](50/534): Loss: 0.0083
2020-01-13 00:56:50,085 Allocated:122.53369140625 MB
2020-01-13 00:56:50,085 Cached:4193.625 MB
2020-01-13 00:58:38,524 ==> Epoch[3](100/534): Loss: 0.0491
2020-01-13 00:58:38,525 Allocated:120.53369140625 MB
2020-01-13 00:58:38,526 Cached:4193.625 MB
2020-01-13 01:00:23,421 ==> Epoch[3](150/534): Loss: 0.0467
2020-01-13 01:00:23,422 Allocated:121.28369140625 MB
2020-01-13 01:00:23,422 Cached:4193.625 MB
2020-01-13 01:01:20,080 ====> Building Cache
2020-01-13 01:01:20,080 feature cache--->>> /home/annora/NetVLAD/output/train_feat_cache0.hdf5
2020-01-13 01:03:02,595 Allocated:121.283203125 MB
2020-01-13 01:03:02,596 Cached:2919.5 MB
2020-01-13 01:04:22,924 ==> Epoch[3](200/534): Loss: 0.0298
2020-01-13 01:04:22,926 Allocated:121.53369140625 MB
2020-01-13 01:04:22,926 Cached:2920.5 MB
2020-01-13 01:06:10,287 ==> Epoch[3](250/534): Loss: 0.0481
2020-01-13 01:06:10,289 Allocated:121.40869140625 MB
2020-01-13 01:06:10,289 Cached:4055.5 MB
2020-01-13 01:08:01,239 ==> Epoch[3](300/534): Loss: 0.0892
2020-01-13 01:08:01,241 Allocated:121.53369140625 MB
2020-01-13 01:08:01,241 Cached:5216.0 MB
2020-01-13 01:09:46,247 ==> Epoch[3](350/534): Loss: 0.0222
2020-01-13 01:09:46,248 Allocated:121.28369140625 MB
2020-01-13 01:09:46,249 Cached:6382.875 MB
2020-01-13 01:10:03,509 ====> Building Cache
2020-01-13 01:10:03,509 feature cache--->>> /home/annora/NetVLAD/output/train_feat_cache0.hdf5
2020-01-13 01:11:45,916 Allocated:122.033203125 MB
2020-01-13 01:11:45,917 Cached:2919.5 MB
2020-01-13 01:14:00,112 ==> Epoch[3](400/534): Loss: 0.1012
2020-01-13 01:14:00,114 Allocated:120.65869140625 MB
2020-01-13 01:14:00,114 Cached:2920.5 MB
2020-01-13 01:16:04,668 ==> Epoch[3](450/534): Loss: 0.0231
2020-01-13 01:16:04,670 Allocated:121.53369140625 MB
2020-01-13 01:16:04,670 Cached:5203.25 MB
2020-01-13 01:17:54,637 ==> Epoch[3](500/534): Loss: 0.0212
2020-01-13 01:17:54,638 Allocated:121.65869140625 MB
2020-01-13 01:17:54,639 Cached:5203.25 MB
2020-01-13 01:19:08,440 ===> Epoch 3 Complete: Avg. Loss: 0.0555
2020-01-13 01:19:08,441 ====> Extracting Features
2020-01-13 01:19:54,415 ==> Batch (50/108)
2020-01-13 01:20:28,047 ==> Batch (100/108)
2020-01-13 01:20:32,574 ====> Building faiss index
2020-01-13 01:20:32,576 ====> Calculating recall @ N
2020-01-13 01:20:33,011 ====> Recall@1: 0.5365
2020-01-13 01:20:33,012 ====> Recall@2: 0.5901
2020-01-13 01:20:33,013 ====> Recall@3: 0.6157
2020-01-13 01:20:33,013 ====> Recall@4: 0.6301
2020-01-13 01:20:33,013 ====> Recall@5: 0.6420
2020-01-13 01:20:33,013 ====> Recall@10: 0.6814
2020-01-13 01:20:33,014 ====> Recall@15: 0.7020
2020-01-13 01:20:33,014 ====> Recall@20: 0.7142
2020-01-13 01:20:33,014 ====> Recall@25: 0.7226
2020-01-13 01:20:33,803 ====> Building Cache
2020-01-13 01:20:33,803 feature cache--->>> /home/annora/NetVLAD/output/train_feat_cache0.hdf5
2020-01-13 01:22:20,395 Allocated:118.78369140625 MB
2020-01-13 01:22:20,396 Cached:4193.625 MB
2020-01-13 01:24:35,283 ==> Epoch[4](50/534): Loss: 0.0236
2020-01-13 01:24:35,285 Allocated:121.28369140625 MB
2020-01-13 01:24:35,285 Cached:4194.625 MB
2020-01-13 01:26:20,406 ==> Epoch[4](100/534): Loss: 0.0566
2020-01-13 01:26:20,408 Allocated:121.15869140625 MB
2020-01-13 01:26:20,408 Cached:4197.625 MB
2020-01-13 01:28:03,051 ==> Epoch[4](150/534): Loss: 0.0339
2020-01-13 01:28:03,053 Allocated:120.53369140625 MB
2020-01-13 01:28:03,053 Cached:4197.625 MB
2020-01-13 01:29:00,075 ====> Building Cache
2020-01-13 01:29:00,076 feature cache--->>> /home/annora/NetVLAD/output/train_feat_cache0.hdf5
2020-01-13 01:30:34,065 Allocated:121.158203125 MB
2020-01-13 01:30:34,066 Cached:2919.5 MB
2020-01-13 01:31:55,229 ==> Epoch[4](200/534): Loss: 0.0495
2020-01-13 01:31:55,230 Allocated:120.53369140625 MB
2020-01-13 01:31:55,231 Cached:4087.375 MB
2020-01-13 01:33:51,273 ==> Epoch[4](250/534): Loss: 0.0778
2020-01-13 01:33:51,274 Allocated:120.65869140625 MB
2020-01-13 01:33:51,275 Cached:7622.875 MB
2020-01-13 01:35:49,277 ==> Epoch[4](300/534): Loss: 0.0622
2020-01-13 01:35:49,279 Allocated:122.03369140625 MB
2020-01-13 01:35:49,279 Cached:7622.875 MB
2020-01-13 01:37:38,362 ==> Epoch[4](350/534): Loss: 0.0169
2020-01-13 01:37:38,363 Allocated:121.15869140625 MB
2020-01-13 01:37:38,363 Cached:10014.0 MB
2020-01-13 01:37:52,069 ====> Building Cache
2020-01-13 01:37:52,070 feature cache--->>> /home/annora/NetVLAD/output/train_feat_cache0.hdf5
2020-01-13 01:39:32,018 Allocated:121.533203125 MB
2020-01-13 01:39:32,019 Cached:2972.625 MB
2020-01-13 01:41:37,265 ==> Epoch[4](400/534): Loss: 0.0687
2020-01-13 01:41:37,266 Allocated:120.65869140625 MB
2020-01-13 01:41:37,266 Cached:2977.625 MB
2020-01-13 01:43:19,530 ==> Epoch[4](450/534): Loss: 0.0111
2020-01-13 01:43:19,531 Allocated:121.03369140625 MB
2020-01-13 01:43:19,532 Cached:2977.625 MB
2020-01-13 01:45:05,794 ==> Epoch[4](500/534): Loss: 0.0381
2020-01-13 01:45:05,796 Allocated:121.03369140625 MB
2020-01-13 01:45:05,796 Cached:2977.625 MB
2020-01-13 01:46:27,038 ===> Epoch 4 Complete: Avg. Loss: 0.0397
2020-01-13 01:46:27,041 ====> Extracting Features
2020-01-13 01:47:31,680 ==> Batch (50/108)
2020-01-13 01:48:08,843 ==> Batch (100/108)
2020-01-13 01:48:14,004 ====> Building faiss index
2020-01-13 01:48:14,007 ====> Calculating recall @ N
2020-01-13 01:48:14,546 ====> Recall@1: 0.5267
2020-01-13 01:48:14,547 ====> Recall@2: 0.5757
2020-01-13 01:48:14,547 ====> Recall@3: 0.6029
2020-01-13 01:48:14,548 ====> Recall@4: 0.6296
2020-01-13 01:48:14,548 ====> Recall@5: 0.6441
2020-01-13 01:48:14,548 ====> Recall@10: 0.6817
2020-01-13 01:48:14,548 ====> Recall@15: 0.6983
2020-01-13 01:48:14,549 ====> Recall@20: 0.7148
2020-01-13 01:48:14,549 ====> Recall@25: 0.7235
2020-01-13 01:48:15,363 ====> Building Cache
2020-01-13 01:48:15,364 feature cache--->>> /home/annora/NetVLAD/output/train_feat_cache0.hdf5
2020-01-13 01:50:02,034 Allocated:119.15869140625 MB
2020-01-13 01:50:02,035 Cached:4193.625 MB
2020-01-13 01:52:23,966 ==> Epoch[5](50/534): Loss: 0.0169
2020-01-13 01:52:23,968 Allocated:121.15869140625 MB
2020-01-13 01:52:23,968 Cached:4194.625 MB
2020-01-13 01:54:02,074 ==> Epoch[5](100/534): Loss: 0.0033
2020-01-13 01:54:02,076 Allocated:121.15869140625 MB
2020-01-13 01:54:02,076 Cached:4194.625 MB
2020-01-13 01:55:47,644 ==> Epoch[5](150/534): Loss: 0.0192
2020-01-13 01:55:47,645 Allocated:121.15869140625 MB
2020-01-13 01:55:47,645 Cached:4198.625 MB
2020-01-13 01:56:47,824 ====> Building Cache
2020-01-13 01:56:47,825 feature cache--->>> /home/annora/NetVLAD/output/train_feat_cache0.hdf5
2020-01-13 01:58:22,960 Allocated:120.908203125 MB
2020-01-13 01:58:22,961 Cached:2919.5 MB
2020-01-13 01:59:38,238 ==> Epoch[5](200/534): Loss: 0.0538
2020-01-13 01:59:38,239 Allocated:121.40869140625 MB
2020-01-13 01:59:38,240 Cached:2920.5 MB
2020-01-13 02:01:17,817 ==> Epoch[5](250/534): Loss: 0.0491
2020-01-13 02:01:17,819 Allocated:121.53369140625 MB
2020-01-13 02:01:17,819 Cached:2920.5 MB
2020-01-13 02:03:03,267 ==> Epoch[5](300/534): Loss: 0.1259
2020-01-13 02:03:03,269 Allocated:120.53369140625 MB
2020-01-13 02:03:03,269 Cached:2924.5 MB
2020-01-13 02:04:43,675 ==> Epoch[5](350/534): Loss: 0.0191
2020-01-13 02:04:43,676 Allocated:121.90869140625 MB
2020-01-13 02:04:43,677 Cached:2924.5 MB
2020-01-13 02:04:56,111 ====> Building Cache
2020-01-13 02:04:56,112 feature cache--->>> /home/annora/NetVLAD/output/train_feat_cache0.hdf5
2020-01-13 02:06:35,821 Allocated:121.533203125 MB
2020-01-13 02:06:35,821 Cached:2919.5 MB
2020-01-13 02:08:47,698 ==> Epoch[5](400/534): Loss: 0.0027
2020-01-13 02:08:47,701 Allocated:120.53369140625 MB
2020-01-13 02:08:47,701 Cached:2920.5 MB
2020-01-13 02:10:30,972 ==> Epoch[5](450/534): Loss: 0.1781
2020-01-13 02:10:30,973 Allocated:121.53369140625 MB
2020-01-13 02:10:30,974 Cached:2920.5 MB
2020-01-13 02:12:07,737 ==> Epoch[5](500/534): Loss: 0.0264
2020-01-13 02:12:07,738 Allocated:120.53369140625 MB
2020-01-13 02:12:07,739 Cached:2920.5 MB
2020-01-13 02:13:16,445 ===> Epoch 5 Complete: Avg. Loss: 0.0349
2020-01-13 02:13:16,447 ====> Extracting Features
2020-01-13 02:13:52,579 ==> Batch (50/108)
2020-01-13 02:14:15,062 ==> Batch (100/108)
2020-01-13 02:14:17,985 ====> Building faiss index
2020-01-13 02:14:17,987 ====> Calculating recall @ N
2020-01-13 02:14:18,471 ====> Recall@1: 0.5162
2020-01-13 02:14:18,471 ====> Recall@2: 0.5803
2020-01-13 02:14:18,472 ====> Recall@3: 0.6122
2020-01-13 02:14:18,472 ====> Recall@4: 0.6377
2020-01-13 02:14:18,473 ====> Recall@5: 0.6496
2020-01-13 02:14:18,473 ====> Recall@10: 0.6820
2020-01-13 02:14:18,473 ====> Recall@15: 0.6980
2020-01-13 02:14:18,473 ====> Recall@20: 0.7133
2020-01-13 02:14:18,474 ====> Recall@25: 0.7226
2020-01-13 02:14:19,181 ====> Building Cache
2020-01-13 02:14:19,181 feature cache--->>> /home/annora/NetVLAD/output/train_feat_cache0.hdf5
2020-01-13 02:15:49,049 Allocated:119.53369140625 MB
2020-01-13 02:15:49,049 Cached:4277.0 MB
2020-01-13 02:17:58,786 ==> Epoch[6](50/534): Loss: 0.0504
2020-01-13 02:17:58,787 Allocated:121.78369140625 MB
2020-01-13 02:17:58,787 Cached:4282.0 MB
2020-01-13 02:19:28,138 ==> Epoch[6](100/534): Loss: 0.0281
2020-01-13 02:19:28,139 Allocated:120.90869140625 MB
2020-01-13 02:19:28,140 Cached:4283.0 MB
2020-01-13 02:21:55,428 ====> Building Cache
2020-01-13 02:21:55,429 feature cache--->>> /home/annora/NetVLAD/output/train_feat_cache0.hdf5
2020-01-13 02:23:24,557 Allocated:120.533203125 MB
2020-01-13 02:23:24,557 Cached:2919.5 MB
2020-01-13 02:24:42,423 ==> Epoch[6](200/534): Loss: 0.0443
2020-01-13 02:24:42,425 Allocated:121.03369140625 MB
2020-01-13 02:24:42,425 Cached:2920.5 MB
2020-01-13 02:26:25,619 ==> Epoch[6](250/534): Loss: 0.0191
2020-01-13 02:26:25,620 Allocated:120.53369140625 MB
2020-01-13 02:26:25,621 Cached:2920.5 MB
2020-01-13 02:28:06,651 ==> Epoch[6](300/534): Loss: 0.0188
2020-01-13 02:28:06,652 Allocated:121.53369140625 MB
2020-01-13 02:28:06,653 Cached:2921.5 MB
2020-01-13 02:29:44,413 ==> Epoch[6](350/534): Loss: 0.0189
2020-01-13 02:29:44,414 Allocated:121.53369140625 MB
2020-01-13 02:29:44,415 Cached:4072.375 MB
2020-01-13 02:29:56,569 ====> Building Cache
2020-01-13 02:29:56,569 feature cache--->>> /home/annora/NetVLAD/output/train_feat_cache0.hdf5
2020-01-13 02:31:26,616 Allocated:121.533203125 MB
2020-01-13 02:31:26,616 Cached:2919.5 MB
2020-01-13 02:33:24,680 ==> Epoch[6](400/534): Loss: 0.0553
2020-01-13 02:33:24,682 Allocated:120.65869140625 MB
2020-01-13 02:33:24,682 Cached:2919.5 MB
2020-01-13 02:35:03,912 ==> Epoch[6](450/534): Loss: 0.0479
2020-01-13 02:35:03,914 Allocated:120.65869140625 MB
2020-01-13 02:35:03,914 Cached:2923.5 MB
2020-01-13 02:36:39,547 ==> Epoch[6](500/534): Loss: 0.1040
2020-01-13 02:36:39,548 Allocated:121.53369140625 MB
2020-01-13 02:36:39,548 Cached:2923.5 MB
2020-01-13 02:37:39,129 ===> Epoch 6 Complete: Avg. Loss: 0.0332
2020-01-13 02:37:39,131 ====> Extracting Features
2020-01-13 02:38:15,558 ==> Batch (50/108)
2020-01-13 02:38:37,011 ==> Batch (100/108)
2020-01-13 02:38:40,925 ====> Building faiss index
2020-01-13 02:38:40,931 ====> Calculating recall @ N
2020-01-13 02:38:41,366 ====> Recall@1: 0.5281
2020-01-13 02:38:41,367 ====> Recall@2: 0.5928
2020-01-13 02:38:41,368 ====> Recall@3: 0.6188
2020-01-13 02:38:41,368 ====> Recall@4: 0.6319
2020-01-13 02:38:41,369 ====> Recall@5: 0.6458
2020-01-13 02:38:41,369 ====> Recall@10: 0.6788
2020-01-13 02:38:41,369 ====> Recall@15: 0.6954
2020-01-13 02:38:41,369 ====> Recall@20: 0.7096
2020-01-13 02:38:41,370 ====> Recall@25: 0.7214
2020-01-13 02:38:41,774 ====> Building Cache
2020-01-13 02:38:41,775 feature cache--->>> /home/annora/NetVLAD/output/train_feat_cache0.hdf5
2020-01-13 02:40:12,859 Allocated:119.90869140625 MB
2020-01-13 02:40:12,860 Cached:4192.625 MB
2020-01-13 02:42:28,651 ==> Epoch[7](50/534): Loss: 0.0040
2020-01-13 02:42:28,653 Allocated:122.65869140625 MB
2020-01-13 02:42:28,653 Cached:4193.625 MB
2020-01-13 02:44:04,109 ==> Epoch[7](100/534): Loss: 0.0022
2020-01-13 02:44:04,110 Allocated:121.03369140625 MB
2020-01-13 02:44:04,111 Cached:4193.625 MB
2020-01-13 02:45:37,773 ==> Epoch[7](150/534): Loss: 0.0032
2020-01-13 02:45:37,775 Allocated:121.53369140625 MB
2020-01-13 02:45:37,775 Cached:4194.625 MB
2020-01-13 02:46:32,005 ====> Building Cache
2020-01-13 02:46:32,006 feature cache--->>> /home/annora/NetVLAD/output/train_feat_cache0.hdf5
2020-01-13 02:48:00,923 Allocated:120.533203125 MB
2020-01-13 02:48:00,924 Cached:2919.5 MB
2020-01-13 02:49:16,672 ==> Epoch[7](200/534): Loss: 0.0401
2020-01-13 02:49:16,674 Allocated:121.65869140625 MB
2020-01-13 02:49:16,674 Cached:2920.5 MB
2020-01-13 02:50:59,233 ==> Epoch[7](250/534): Loss: 0.0374
2020-01-13 02:50:59,235 Allocated:121.53369140625 MB
2020-01-13 02:50:59,235 Cached:2920.5 MB
2020-01-13 02:52:40,337 ==> Epoch[7](300/534): Loss: 0.0603
2020-01-13 02:52:40,339 Allocated:122.65869140625 MB
2020-01-13 02:52:40,339 Cached:2920.5 MB
2020-01-13 02:54:20,327 ==> Epoch[7](350/534): Loss: 0.0444
2020-01-13 02:54:20,329 Allocated:122.15869140625 MB
2020-01-13 02:54:20,329 Cached:2920.5 MB
2020-01-13 02:54:32,349 ====> Building Cache
2020-01-13 02:54:32,350 feature cache--->>> /home/annora/NetVLAD/output/train_feat_cache0.hdf5
2020-01-13 02:56:00,370 Allocated:121.408203125 MB
2020-01-13 02:56:00,371 Cached:2919.5 MB
2020-01-13 02:58:14,012 ==> Epoch[7](400/534): Loss: 0.0033
2020-01-13 02:58:14,014 Allocated:121.53369140625 MB
2020-01-13 02:58:14,014 Cached:2920.5 MB
2020-01-13 02:59:48,991 ==> Epoch[7](450/534): Loss: 0.0040
2020-01-13 02:59:48,992 Allocated:120.53369140625 MB
2020-01-13 02:59:48,993 Cached:2920.5 MB
2020-01-13 03:01:38,905 ==> Epoch[7](500/534): Loss: 0.0101
2020-01-13 03:01:38,907 Allocated:121.03369140625 MB
2020-01-13 03:01:38,907 Cached:2920.5 MB
2020-01-13 03:02:54,843 ===> Epoch 7 Complete: Avg. Loss: 0.0232
2020-01-13 03:02:54,845 ====> Extracting Features
2020-01-13 03:03:29,908 ==> Batch (50/108)
2020-01-13 03:03:51,331 ==> Batch (100/108)
2020-01-13 03:03:54,655 ====> Building faiss index
2020-01-13 03:03:54,657 ====> Calculating recall @ N
2020-01-13 03:03:55,139 ====> Recall@1: 0.5319
2020-01-13 03:03:55,140 ====> Recall@2: 0.5841
2020-01-13 03:03:55,140 ====> Recall@3: 0.6194
2020-01-13 03:03:55,140 ====> Recall@4: 0.6371
2020-01-13 03:03:55,141 ====> Recall@5: 0.6519
2020-01-13 03:03:55,141 ====> Recall@10: 0.6867
2020-01-13 03:03:55,141 ====> Recall@15: 0.7035
2020-01-13 03:03:55,141 ====> Recall@20: 0.7200
2020-01-13 03:03:55,141 ====> Recall@25: 0.7316
2020-01-13 03:03:55,823 ====> Building Cache
2020-01-13 03:03:55,824 feature cache--->>> /home/annora/NetVLAD/output/train_feat_cache0.hdf5
2020-01-13 03:05:23,801 Allocated:119.03369140625 MB
2020-01-13 03:05:23,802 Cached:4246.75 MB
2020-01-13 03:07:29,499 ==> Epoch[8](50/534): Loss: 0.0439
2020-01-13 03:07:29,500 Allocated:121.90869140625 MB
2020-01-13 03:07:29,501 Cached:4250.75 MB
2020-01-13 03:08:56,511 ==> Epoch[8](100/534): Loss: 0.1621
2020-01-13 03:08:56,513 Allocated:120.53369140625 MB
2020-01-13 03:08:56,513 Cached:4250.75 MB
2020-01-13 03:10:27,623 ==> Epoch[8](150/534): Loss: 0.1479
2020-01-13 03:10:27,624 Allocated:120.90869140625 MB
2020-01-13 03:10:27,625 Cached:4251.75 MB
2020-01-13 03:11:26,518 ====> Building Cache
2020-01-13 03:11:26,518 feature cache--->>> /home/annora/NetVLAD/output/train_feat_cache0.hdf5
2020-01-13 03:12:54,251 Allocated:121.033203125 MB
2020-01-13 03:12:54,251 Cached:2919.5 MB
2020-01-13 03:14:13,601 ==> Epoch[8](200/534): Loss: 0.0405
2020-01-13 03:14:13,602 Allocated:121.03369140625 MB
2020-01-13 03:14:13,603 Cached:4074.625 MB
2020-01-13 03:15:56,068 ==> Epoch[8](250/534): Loss: 0.0289
2020-01-13 03:15:56,070 Allocated:122.65869140625 MB
2020-01-13 03:15:56,070 Cached:4074.625 MB
2020-01-13 03:17:43,101 ==> Epoch[8](300/534): Loss: 0.0508
2020-01-13 03:17:43,103 Allocated:121.03369140625 MB
2020-01-13 03:17:43,103 Cached:4074.625 MB
2020-01-13 03:19:28,976 ==> Epoch[8](350/534): Loss: 0.0029
2020-01-13 03:19:28,977 Allocated:121.15869140625 MB
2020-01-13 03:19:28,978 Cached:5254.25 MB
2020-01-13 03:19:45,051 ====> Building Cache
2020-01-13 03:19:45,051 feature cache--->>> /home/annora/NetVLAD/output/train_feat_cache0.hdf5
2020-01-13 03:21:14,536 Allocated:121.658203125 MB
2020-01-13 03:21:14,537 Cached:2919.5 MB
2020-01-13 03:23:02,814 ==> Epoch[8](400/534): Loss: 0.0904
2020-01-13 03:23:02,815 Allocated:121.28369140625 MB
2020-01-13 03:23:02,815 Cached:2924.5 MB
2020-01-13 03:24:34,228 ==> Epoch[8](450/534): Loss: 0.0687
2020-01-13 03:24:34,229 Allocated:120.53369140625 MB
2020-01-13 03:24:34,229 Cached:2924.5 MB
2020-01-13 03:26:12,506 ==> Epoch[8](500/534): Loss: 0.0414
2020-01-13 03:26:12,507 Allocated:121.03369140625 MB
2020-01-13 03:26:12,507 Cached:2924.5 MB
2020-01-13 03:27:21,686 ===> Epoch 8 Complete: Avg. Loss: 0.0433
2020-01-13 03:27:21,687 ====> Extracting Features
2020-01-13 03:27:57,827 ==> Batch (50/108)
2020-01-13 03:28:20,652 ==> Batch (100/108)
2020-01-13 03:28:23,871 ====> Building faiss index
2020-01-13 03:28:23,877 ====> Calculating recall @ N
2020-01-13 03:28:24,338 ====> Recall@1: 0.5643
2020-01-13 03:28:24,338 ====> Recall@2: 0.6032
2020-01-13 03:28:24,339 ====> Recall@3: 0.6275
2020-01-13 03:28:24,339 ====> Recall@4: 0.6420
2020-01-13 03:28:24,339 ====> Recall@5: 0.6554
2020-01-13 03:28:24,339 ====> Recall@10: 0.6907
2020-01-13 03:28:24,340 ====> Recall@15: 0.7139
2020-01-13 03:28:24,340 ====> Recall@20: 0.7275
2020-01-13 03:28:24,340 ====> Recall@25: 0.7345
2020-01-13 03:28:25,060 ====> Building Cache
2020-01-13 03:28:25,060 feature cache--->>> /home/annora/NetVLAD/output/train_feat_cache0.hdf5
2020-01-13 03:29:53,941 Allocated:119.40869140625 MB
2020-01-13 03:29:53,942 Cached:4192.625 MB
2020-01-13 03:31:54,993 ==> Epoch[9](50/534): Loss: 0.0000
2020-01-13 03:31:54,994 Allocated:121.53369140625 MB
2020-01-13 03:31:54,994 Cached:4193.625 MB
2020-01-13 03:33:29,794 ==> Epoch[9](100/534): Loss: 0.0000
2020-01-13 03:33:29,796 Allocated:121.53369140625 MB
2020-01-13 03:33:29,796 Cached:4193.625 MB
2020-01-13 03:35:04,501 ==> Epoch[9](150/534): Loss: 0.0145
2020-01-13 03:35:04,502 Allocated:121.15869140625 MB
2020-01-13 03:35:04,503 Cached:4194.625 MB
2020-01-13 03:35:57,078 ====> Building Cache
2020-01-13 03:35:57,079 feature cache--->>> /home/annora/NetVLAD/output/train_feat_cache0.hdf5
2020-01-13 03:37:25,295 Allocated:122.033203125 MB
2020-01-13 03:37:25,296 Cached:2919.5 MB
2020-01-13 03:38:39,493 ==> Epoch[9](200/534): Loss: 0.0367
2020-01-13 03:38:39,494 Allocated:121.53369140625 MB
2020-01-13 03:38:39,494 Cached:2919.5 MB
2020-01-13 03:40:13,385 ==> Epoch[9](250/534): Loss: 0.0606
2020-01-13 03:40:13,386 Allocated:121.53369140625 MB
2020-01-13 03:40:13,386 Cached:2920.5 MB
2020-01-13 03:42:13,261 ==> Epoch[9](300/534): Loss: 0.0410
2020-01-13 03:42:13,262 Allocated:120.53369140625 MB
2020-01-13 03:42:13,262 Cached:2920.5 MB
2020-01-13 03:44:03,570 ==> Epoch[9](350/534): Loss: 0.0250
2020-01-13 03:44:03,572 Allocated:120.53369140625 MB
2020-01-13 03:44:03,572 Cached:2920.5 MB
2020-01-13 03:44:15,197 ====> Building Cache
2020-01-13 03:44:15,198 feature cache--->>> /home/annora/NetVLAD/output/train_feat_cache0.hdf5
2020-01-13 03:45:44,111 Allocated:120.533203125 MB
2020-01-13 03:45:44,111 Cached:2919.5 MB
2020-01-13 03:47:39,505 ==> Epoch[9](400/534): Loss: 0.0627
2020-01-13 03:47:39,507 Allocated:121.15869140625 MB
2020-01-13 03:47:39,507 Cached:2919.5 MB
2020-01-13 03:49:24,808 ==> Epoch[9](450/534): Loss: 0.0038
2020-01-13 03:49:24,810 Allocated:121.53369140625 MB
2020-01-13 03:49:24,810 Cached:2920.5 MB
2020-01-13 03:51:23,893 ==> Epoch[9](500/534): Loss: 0.0049
2020-01-13 03:51:23,895 Allocated:121.53369140625 MB
2020-01-13 03:51:23,895 Cached:4071.375 MB
2020-01-13 03:52:50,957 ===> Epoch 9 Complete: Avg. Loss: 0.0224
2020-01-13 03:52:50,959 ====> Extracting Features
2020-01-13 03:53:27,740 ==> Batch (50/108)
2020-01-13 03:53:49,749 ==> Batch (100/108)
2020-01-13 03:53:52,871 ====> Building faiss index
2020-01-13 03:53:52,873 ====> Calculating recall @ N
2020-01-13 03:53:53,316 ====> Recall@1: 0.5301
2020-01-13 03:53:53,317 ====> Recall@2: 0.5959
2020-01-13 03:53:53,318 ====> Recall@3: 0.6243
2020-01-13 03:53:53,318 ====> Recall@4: 0.6417
2020-01-13 03:53:53,318 ====> Recall@5: 0.6571
2020-01-13 03:53:53,318 ====> Recall@10: 0.6899
2020-01-13 03:53:53,318 ====> Recall@15: 0.7041
2020-01-13 03:53:53,319 ====> Recall@20: 0.7186
2020-01-13 03:53:53,319 ====> Recall@25: 0.7287
2020-01-13 03:53:54,025 ====> Building Cache
2020-01-13 03:53:54,026 feature cache--->>> /home/annora/NetVLAD/output/train_feat_cache0.hdf5
2020-01-13 03:55:24,275 Allocated:119.53369140625 MB
2020-01-13 03:55:24,276 Cached:4293.125 MB
2020-01-13 03:57:17,134 ==> Epoch[10](50/534): Loss: 0.0436
2020-01-13 03:57:17,135 Allocated:121.15869140625 MB
2020-01-13 03:57:17,136 Cached:4299.125 MB
2020-01-13 03:58:46,646 ==> Epoch[10](100/534): Loss: 0.0371
2020-01-13 03:58:46,647 Allocated:120.53369140625 MB
2020-01-13 03:58:46,647 Cached:4299.125 MB
2020-01-13 04:00:17,792 ==> Epoch[10](150/534): Loss: 0.0407
2020-01-13 04:00:17,793 Allocated:121.15869140625 MB
2020-01-13 04:00:17,794 Cached:4299.125 MB
2020-01-13 04:01:06,158 ====> Building Cache
2020-01-13 04:01:06,159 feature cache--->>> /home/annora/NetVLAD/output/train_feat_cache0.hdf5
2020-01-13 04:02:34,927 Allocated:121.658203125 MB
2020-01-13 04:02:34,927 Cached:2919.5 MB
2020-01-13 04:03:49,644 ==> Epoch[10](200/534): Loss: 0.0681
2020-01-13 04:03:49,646 Allocated:121.53369140625 MB
2020-01-13 04:03:49,646 Cached:4071.375 MB
2020-01-13 04:05:33,289 ==> Epoch[10](250/534): Loss: 0.0014
2020-01-13 04:05:33,290 Allocated:120.53369140625 MB
2020-01-13 04:05:33,291 Cached:4071.375 MB
2020-01-13 04:07:11,298 ==> Epoch[10](300/534): Loss: 0.0095
2020-01-13 04:07:11,300 Allocated:121.53369140625 MB
2020-01-13 04:07:11,300 Cached:4071.375 MB
2020-01-13 04:08:54,209 ==> Epoch[10](350/534): Loss: 0.0286
2020-01-13 04:08:54,210 Allocated:122.03369140625 MB
2020-01-13 04:08:54,211 Cached:4071.375 MB
2020-01-13 04:09:05,924 ====> Building Cache
2020-01-13 04:09:05,925 feature cache--->>> /home/annora/NetVLAD/output/train_feat_cache0.hdf5
2020-01-13 04:10:35,082 Allocated:121.533203125 MB
2020-01-13 04:10:35,083 Cached:2919.5 MB
2020-01-13 04:12:20,895 ==> Epoch[10](400/534): Loss: 0.0000
2020-01-13 04:12:20,896 Allocated:121.78369140625 MB
2020-01-13 04:12:20,896 Cached:2923.5 MB
2020-01-13 04:14:16,495 ==> Epoch[10](450/534): Loss: 0.0475
2020-01-13 04:14:16,496 Allocated:120.90869140625 MB
2020-01-13 04:14:16,496 Cached:2923.5 MB
2020-01-13 04:15:42,891 ==> Epoch[10](500/534): Loss: 0.0768
2020-01-13 04:15:42,891 Allocated:122.15869140625 MB
2020-01-13 04:15:42,892 Cached:2923.5 MB
2020-01-13 04:16:40,401 ===> Epoch 10 Complete: Avg. Loss: 0.0319
2020-01-13 04:16:40,403 ====> Extracting Features
2020-01-13 04:17:17,412 ==> Batch (50/108)
2020-01-13 04:17:39,678 ==> Batch (100/108)
2020-01-13 04:17:43,159 ====> Building faiss index
2020-01-13 04:17:43,164 ====> Calculating recall @ N
2020-01-13 04:17:43,620 ====> Recall@1: 0.5464
2020-01-13 04:17:43,620 ====> Recall@2: 0.5959
2020-01-13 04:17:43,621 ====> Recall@3: 0.6261
2020-01-13 04:17:43,621 ====> Recall@4: 0.6499
2020-01-13 04:17:43,621 ====> Recall@5: 0.6620
2020-01-13 04:17:43,621 ====> Recall@10: 0.6965
2020-01-13 04:17:43,622 ====> Recall@15: 0.7148
2020-01-13 04:17:43,622 ====> Recall@20: 0.7330
2020-01-13 04:17:43,622 ====> Recall@25: 0.7461
2020-01-13 04:17:44,343 ====> Building Cache
2020-01-13 04:17:44,343 feature cache--->>> /home/annora/NetVLAD/output/train_feat_cache0.hdf5
2020-01-13 04:19:14,453 Allocated:118.65869140625 MB
2020-01-13 04:19:14,454 Cached:4192.625 MB
2020-01-13 04:21:29,171 ==> Epoch[11](50/534): Loss: 0.0000
2020-01-13 04:21:29,173 Allocated:122.03369140625 MB
2020-01-13 04:21:29,174 Cached:4194.625 MB
2020-01-13 04:23:00,462 ==> Epoch[11](100/534): Loss: 0.0012
2020-01-13 04:23:00,463 Allocated:121.15869140625 MB
2020-01-13 04:23:00,463 Cached:4194.625 MB
2020-01-13 04:24:31,824 ==> Epoch[11](150/534): Loss: 0.0000
2020-01-13 04:24:31,825 Allocated:120.53369140625 MB
2020-01-13 04:24:31,826 Cached:4194.625 MB
2020-01-13 04:25:22,567 ====> Building Cache
2020-01-13 04:25:22,568 feature cache--->>> /home/annora/NetVLAD/output/train_feat_cache0.hdf5
2020-01-13 04:26:51,223 Allocated:121.158203125 MB
2020-01-13 04:26:51,224 Cached:2919.5 MB
2020-01-13 04:28:03,831 ==> Epoch[11](200/534): Loss: 0.0528
2020-01-13 04:28:03,833 Allocated:120.53369140625 MB
2020-01-13 04:28:03,833 Cached:2919.5 MB
2020-01-13 04:29:46,126 ==> Epoch[11](250/534): Loss: 0.0234
2020-01-13 04:29:46,128 Allocated:121.15869140625 MB
2020-01-13 04:29:46,128 Cached:2919.5 MB
2020-01-13 04:31:24,196 ==> Epoch[11](300/534): Loss: 0.0028
2020-01-13 04:31:24,197 Allocated:121.28369140625 MB
2020-01-13 04:31:24,197 Cached:2919.5 MB
2020-01-13 04:32:58,431 ==> Epoch[11](350/534): Loss: 0.0279
2020-01-13 04:32:58,432 Allocated:121.28369140625 MB
2020-01-13 04:32:58,432 Cached:2919.5 MB
2020-01-13 04:33:10,010 ====> Building Cache
2020-01-13 04:33:10,010 feature cache--->>> /home/annora/NetVLAD/output/train_feat_cache0.hdf5
2020-01-13 04:34:39,004 Allocated:120.783203125 MB
2020-01-13 04:34:39,005 Cached:2972.625 MB
2020-01-13 04:36:29,891 ==> Epoch[11](400/534): Loss: 0.0178
2020-01-13 04:36:29,892 Allocated:121.15869140625 MB
2020-01-13 04:36:29,892 Cached:2972.625 MB
2020-01-13 04:38:01,681 ==> Epoch[11](450/534): Loss: 0.0069
2020-01-13 04:38:01,682 Allocated:122.15869140625 MB
2020-01-13 04:38:01,683 Cached:2977.625 MB
2020-01-13 04:39:32,822 ==> Epoch[11](500/534): Loss: 0.0219
2020-01-13 04:39:32,824 Allocated:121.53369140625 MB
2020-01-13 04:39:32,824 Cached:2977.625 MB
2020-01-13 04:40:34,233 ===> Epoch 11 Complete: Avg. Loss: 0.0185
2020-01-13 04:40:34,234 ====> Extracting Features
2020-01-13 04:41:08,878 ==> Batch (50/108)
2020-01-13 04:41:31,501 ==> Batch (100/108)
2020-01-13 04:41:34,706 ====> Building faiss index
2020-01-13 04:41:34,711 ====> Calculating recall @ N
2020-01-13 04:41:35,178 ====> Recall@1: 0.5452
2020-01-13 04:41:35,179 ====> Recall@2: 0.5991
2020-01-13 04:41:35,179 ====> Recall@3: 0.6226
2020-01-13 04:41:35,179 ====> Recall@4: 0.6371
2020-01-13 04:41:35,179 ====> Recall@5: 0.6481
2020-01-13 04:41:35,180 ====> Recall@10: 0.6858
2020-01-13 04:41:35,180 ====> Recall@15: 0.7020
2020-01-13 04:41:35,180 ====> Recall@20: 0.7139
2020-01-13 04:41:35,180 ====> Recall@25: 0.7267
2020-01-13 04:41:35,552 ====> Building Cache
2020-01-13 04:41:35,553 feature cache--->>> /home/annora/NetVLAD/output/train_feat_cache0.hdf5
2020-01-13 04:43:04,921 Allocated:118.90869140625 MB
2020-01-13 04:43:04,922 Cached:4192.625 MB
2020-01-13 04:45:06,514 ==> Epoch[12](50/534): Loss: 0.0151
2020-01-13 04:45:06,515 Allocated:121.40869140625 MB
2020-01-13 04:45:06,516 Cached:4198.625 MB
2020-01-13 04:46:36,447 ==> Epoch[12](100/534): Loss: 0.0208
2020-01-13 04:46:36,448 Allocated:120.65869140625 MB
2020-01-13 04:46:36,448 Cached:4198.625 MB
2020-01-13 04:48:08,306 ==> Epoch[12](150/534): Loss: 0.0266
2020-01-13 04:48:08,307 Allocated:120.53369140625 MB
2020-01-13 04:48:08,307 Cached:4198.625 MB
2020-01-13 04:48:59,325 ====> Building Cache
2020-01-13 04:48:59,326 feature cache--->>> /home/annora/NetVLAD/output/train_feat_cache0.hdf5
2020-01-13 04:50:26,353 Allocated:120.533203125 MB
2020-01-13 04:50:26,353 Cached:2919.5 MB
2020-01-13 04:51:38,020 ==> Epoch[12](200/534): Loss: 0.0560
2020-01-13 04:51:38,021 Allocated:121.28369140625 MB
2020-01-13 04:51:38,022 Cached:2919.5 MB
2020-01-13 04:53:13,319 ==> Epoch[12](250/534): Loss: 0.0137
2020-01-13 04:53:13,320 Allocated:121.53369140625 MB
2020-01-13 04:53:13,320 Cached:2920.5 MB
2020-01-13 04:55:11,930 ==> Epoch[12](300/534): Loss: 0.0141
2020-01-13 04:55:11,931 Allocated:121.65869140625 MB
2020-01-13 04:55:11,932 Cached:2920.5 MB
2020-01-13 04:57:00,729 ==> Epoch[12](350/534): Loss: 0.0049
2020-01-13 04:57:00,730 Allocated:122.40869140625 MB
2020-01-13 04:57:00,731 Cached:2920.5 MB
2020-01-13 04:57:12,447 ====> Building Cache
2020-01-13 04:57:12,448 feature cache--->>> /home/annora/NetVLAD/output/train_feat_cache0.hdf5
2020-01-13 04:58:41,183 Allocated:121.158203125 MB
2020-01-13 04:58:41,183 Cached:2919.5 MB
2020-01-13 05:00:31,348 ==> Epoch[12](400/534): Loss: 0.0099
2020-01-13 05:00:31,350 Allocated:120.53369140625 MB
2020-01-13 05:00:31,350 Cached:2923.5 MB
2020-01-13 05:02:03,057 ==> Epoch[12](450/534): Loss: 0.0041
2020-01-13 05:02:03,059 Allocated:120.53369140625 MB
2020-01-13 05:02:03,059 Cached:2923.5 MB
2020-01-13 05:03:36,486 ==> Epoch[12](500/534): Loss: 0.0088
2020-01-13 05:03:36,487 Allocated:120.53369140625 MB
2020-01-13 05:03:36,487 Cached:2924.5 MB
2020-01-13 05:04:40,279 ===> Epoch 12 Complete: Avg. Loss: 0.0192
2020-01-13 05:04:40,280 ====> Extracting Features
2020-01-13 05:05:16,125 ==> Batch (50/108)
2020-01-13 05:05:38,674 ==> Batch (100/108)
2020-01-13 05:05:42,121 ====> Building faiss index
2020-01-13 05:05:42,123 ====> Calculating recall @ N
2020-01-13 05:05:42,593 ====> Recall@1: 0.5423
2020-01-13 05:05:42,593 ====> Recall@2: 0.5875
2020-01-13 05:05:42,594 ====> Recall@3: 0.6130
2020-01-13 05:05:42,594 ====> Recall@4: 0.6301
2020-01-13 05:05:42,594 ====> Recall@5: 0.6499
2020-01-13 05:05:42,594 ====> Recall@10: 0.6980
2020-01-13 05:05:42,594 ====> Recall@15: 0.7252
2020-01-13 05:05:42,595 ====> Recall@20: 0.7414
2020-01-13 05:05:42,595 ====> Recall@25: 0.7528
2020-01-13 05:05:42,964 ====> Building Cache
2020-01-13 05:05:42,965 feature cache--->>> /home/annora/NetVLAD/output/train_feat_cache0.hdf5
2020-01-13 05:07:11,299 Allocated:119.78369140625 MB
2020-01-13 05:07:11,300 Cached:4245.75 MB
2020-01-13 05:09:30,142 ==> Epoch[13](50/534): Loss: 0.0146
2020-01-13 05:09:30,144 Allocated:120.53369140625 MB
2020-01-13 05:09:30,144 Cached:4251.75 MB
2020-01-13 05:11:20,277 ==> Epoch[13](100/534): Loss: 0.0277
2020-01-13 05:11:20,278 Allocated:121.53369140625 MB
2020-01-13 05:11:20,279 Cached:4251.75 MB
2020-01-13 05:12:53,738 ==> Epoch[13](150/534): Loss: 0.0022
2020-01-13 05:12:53,740 Allocated:120.90869140625 MB
2020-01-13 05:12:53,740 Cached:4251.75 MB
2020-01-13 05:13:44,290 ====> Building Cache
2020-01-13 05:13:44,290 feature cache--->>> /home/annora/NetVLAD/output/train_feat_cache0.hdf5
2020-01-13 05:15:12,126 Allocated:120.533203125 MB
2020-01-13 05:15:12,126 Cached:2928.25 MB
2020-01-13 05:16:24,420 ==> Epoch[13](200/534): Loss: 0.0126
2020-01-13 05:16:24,421 Allocated:121.90869140625 MB
2020-01-13 05:16:24,421 Cached:2929.25 MB
2020-01-13 05:18:02,759 ==> Epoch[13](250/534): Loss: 0.0119
2020-01-13 05:18:02,761 Allocated:121.53369140625 MB
2020-01-13 05:18:02,761 Cached:4064.25 MB
2020-01-13 05:19:41,218 ==> Epoch[13](300/534): Loss: 0.0008
2020-01-13 05:19:41,219 Allocated:121.53369140625 MB
2020-01-13 05:19:41,219 Cached:5205.625 MB
2020-01-13 05:21:19,046 ==> Epoch[13](350/534): Loss: 0.0125
2020-01-13 05:21:19,047 Allocated:121.90869140625 MB
2020-01-13 05:21:19,047 Cached:6350.125 MB
2020-01-13 05:21:31,171 ====> Building Cache
2020-01-13 05:21:31,171 feature cache--->>> /home/annora/NetVLAD/output/train_feat_cache0.hdf5
2020-01-13 05:23:00,353 Allocated:120.533203125 MB
2020-01-13 05:23:00,354 Cached:2919.5 MB
2020-01-13 05:24:39,341 ==> Epoch[13](400/534): Loss: 0.0509
2020-01-13 05:24:39,343 Allocated:121.53369140625 MB
2020-01-13 05:24:39,343 Cached:2924.5 MB
2020-01-13 05:26:07,193 ==> Epoch[13](450/534): Loss: 0.0715
2020-01-13 05:26:07,195 Allocated:121.03369140625 MB
2020-01-13 05:26:07,195 Cached:2924.5 MB
2020-01-13 05:27:44,572 ==> Epoch[13](500/534): Loss: 0.0206
2020-01-13 05:27:44,574 Allocated:121.28369140625 MB
2020-01-13 05:27:44,574 Cached:2924.5 MB
2020-01-13 05:28:43,946 ===> Epoch 13 Complete: Avg. Loss: 0.0282
2020-01-13 05:28:43,947 ====> Extracting Features
2020-01-13 05:29:20,351 ==> Batch (50/108)
2020-01-13 05:29:42,909 ==> Batch (100/108)
2020-01-13 05:29:46,170 ====> Building faiss index
2020-01-13 05:29:46,172 ====> Calculating recall @ N
2020-01-13 05:29:46,632 ====> Recall@1: 0.5426
2020-01-13 05:29:46,633 ====> Recall@2: 0.5910
2020-01-13 05:29:46,633 ====> Recall@3: 0.6154
2020-01-13 05:29:46,633 ====> Recall@4: 0.6359
2020-01-13 05:29:46,634 ====> Recall@5: 0.6478
2020-01-13 05:29:46,634 ====> Recall@10: 0.6783
2020-01-13 05:29:46,634 ====> Recall@15: 0.6986
2020-01-13 05:29:46,634 ====> Recall@20: 0.7110
2020-01-13 05:29:46,634 ====> Recall@25: 0.7220
2020-01-13 05:29:47,004 ====> Building Cache
2020-01-13 05:29:47,004 feature cache--->>> /home/annora/NetVLAD/output/train_feat_cache0.hdf5
2020-01-13 05:31:14,543 Allocated:118.65869140625 MB
2020-01-13 05:31:14,543 Cached:4245.75 MB
2020-01-13 05:33:24,854 ==> Epoch[14](50/534): Loss: 0.0061
2020-01-13 05:33:24,855 Allocated:121.53369140625 MB
2020-01-13 05:33:24,856 Cached:4250.75 MB
2020-01-13 05:34:56,952 ==> Epoch[14](100/534): Loss: 0.0054
2020-01-13 05:34:56,953 Allocated:120.53369140625 MB
2020-01-13 05:34:56,953 Cached:4250.75 MB
2020-01-13 05:36:32,060 ==> Epoch[14](150/534): Loss: 0.0268
2020-01-13 05:36:32,060 Allocated:121.65869140625 MB
2020-01-13 05:36:32,061 Cached:4251.75 MB
2020-01-13 05:37:25,847 ====> Building Cache
2020-01-13 05:37:25,848 feature cache--->>> /home/annora/NetVLAD/output/train_feat_cache0.hdf5
2020-01-13 05:38:53,092 Allocated:122.658203125 MB
2020-01-13 05:38:53,092 Cached:2919.5 MB
2020-01-13 05:40:06,009 ==> Epoch[14](200/534): Loss: 0.0596
2020-01-13 05:40:06,010 Allocated:120.90869140625 MB
2020-01-13 05:40:06,010 Cached:2920.5 MB
2020-01-13 05:41:57,028 ==> Epoch[14](250/534): Loss: 0.0503
2020-01-13 05:41:57,029 Allocated:121.15869140625 MB
2020-01-13 05:41:57,029 Cached:2920.5 MB
2020-01-13 05:43:31,893 ==> Epoch[14](300/534): Loss: 0.0516
2020-01-13 05:43:31,894 Allocated:120.53369140625 MB
2020-01-13 05:43:31,894 Cached:2920.5 MB
2020-01-13 05:45:06,217 ==> Epoch[14](350/534): Loss: 0.0014
2020-01-13 05:45:06,219 Allocated:120.53369140625 MB
2020-01-13 05:45:06,219 Cached:2920.5 MB
2020-01-13 05:45:17,968 ====> Building Cache
2020-01-13 05:45:17,969 feature cache--->>> /home/annora/NetVLAD/output/train_feat_cache0.hdf5
2020-01-13 05:46:48,117 Allocated:121.533203125 MB
2020-01-13 05:46:48,118 Cached:2920.5 MB
2020-01-13 05:48:36,870 ==> Epoch[14](400/534): Loss: 0.0517
2020-01-13 05:48:36,872 Allocated:120.53369140625 MB
2020-01-13 05:48:36,873 Cached:2920.5 MB
2020-01-13 05:50:06,510 ==> Epoch[14](450/534): Loss: 0.0096
2020-01-13 05:50:06,511 Allocated:121.90869140625 MB
2020-01-13 05:50:06,512 Cached:2920.5 MB
2020-01-13 05:51:48,494 ==> Epoch[14](500/534): Loss: 0.0131
2020-01-13 05:51:48,495 Allocated:120.65869140625 MB
2020-01-13 05:51:48,495 Cached:2921.5 MB
2020-01-13 05:52:51,416 ===> Epoch 14 Complete: Avg. Loss: 0.0232
2020-01-13 05:52:51,418 ====> Extracting Features
2020-01-13 05:53:28,553 ==> Batch (50/108)
2020-01-13 05:53:50,832 ==> Batch (100/108)
2020-01-13 05:53:54,693 ====> Building faiss index
2020-01-13 05:53:54,695 ====> Calculating recall @ N
2020-01-13 05:53:55,167 ====> Recall@1: 0.5435
2020-01-13 05:53:55,168 ====> Recall@2: 0.5922
2020-01-13 05:53:55,168 ====> Recall@3: 0.6180
2020-01-13 05:53:55,169 ====> Recall@4: 0.6365
2020-01-13 05:53:55,169 ====> Recall@5: 0.6507
2020-01-13 05:53:55,169 ====> Recall@10: 0.6809
2020-01-13 05:53:55,169 ====> Recall@15: 0.7014
2020-01-13 05:53:55,170 ====> Recall@20: 0.7148
2020-01-13 05:53:55,170 ====> Recall@25: 0.7249
2020-01-13 05:53:55,482 ====> Building Cache
2020-01-13 05:53:55,483 feature cache--->>> /home/annora/NetVLAD/output/train_feat_cache0.hdf5
2020-01-13 05:55:24,134 Allocated:118.53369140625 MB
2020-01-13 05:55:24,135 Cached:4193.625 MB
2020-01-13 05:57:27,323 ==> Epoch[15](50/534): Loss: 0.0253
2020-01-13 05:57:27,325 Allocated:121.40869140625 MB
2020-01-13 05:57:27,325 Cached:4197.625 MB
2020-01-13 05:59:00,719 ==> Epoch[15](100/534): Loss: 0.0215
2020-01-13 05:59:00,720 Allocated:122.03369140625 MB
2020-01-13 05:59:00,721 Cached:4198.625 MB
2020-01-13 06:00:34,945 ==> Epoch[15](150/534): Loss: 0.0142
2020-01-13 06:00:34,946 Allocated:121.53369140625 MB
2020-01-13 06:00:34,947 Cached:4198.625 MB
2020-01-13 06:01:28,385 ====> Building Cache
2020-01-13 06:01:28,386 feature cache--->>> /home/annora/NetVLAD/output/train_feat_cache0.hdf5
2020-01-13 06:02:59,482 Allocated:120.533203125 MB
2020-01-13 06:02:59,483 Cached:2919.5 MB
2020-01-13 06:04:11,982 ==> Epoch[15](200/534): Loss: 0.0326
2020-01-13 06:04:11,984 Allocated:122.53369140625 MB
2020-01-13 06:04:11,984 Cached:2919.5 MB
2020-01-13 06:06:03,636 ==> Epoch[15](250/534): Loss: 0.0061
2020-01-13 06:06:03,637 Allocated:121.53369140625 MB
2020-01-13 06:06:03,638 Cached:2920.5 MB
2020-01-13 06:08:04,949 ==> Epoch[15](300/534): Loss: 0.0162
2020-01-13 06:08:04,950 Allocated:121.53369140625 MB
2020-01-13 06:08:04,951 Cached:2924.5 MB
2020-01-13 06:09:45,928 ==> Epoch[15](350/534): Loss: 0.0099
2020-01-13 06:09:45,930 Allocated:121.28369140625 MB
2020-01-13 06:09:45,930 Cached:2924.5 MB
2020-01-13 06:09:57,730 ====> Building Cache
2020-01-13 06:09:57,731 feature cache--->>> /home/annora/NetVLAD/output/train_feat_cache0.hdf5
2020-01-13 06:11:27,089 Allocated:120.533203125 MB
2020-01-13 06:11:27,089 Cached:2919.5 MB
2020-01-13 06:13:16,122 ==> Epoch[15](400/534): Loss: 0.0555
2020-01-13 06:13:16,124 Allocated:121.53369140625 MB
2020-01-13 06:13:16,124 Cached:2924.5 MB
2020-01-13 06:14:51,900 ==> Epoch[15](450/534): Loss: 0.0300
2020-01-13 06:14:51,902 Allocated:121.53369140625 MB
2020-01-13 06:14:51,902 Cached:2924.5 MB
2020-01-13 06:16:28,354 ==> Epoch[15](500/534): Loss: 0.0000
2020-01-13 06:16:28,356 Allocated:121.15869140625 MB
2020-01-13 06:16:28,356 Cached:2924.5 MB
2020-01-13 06:17:29,486 ===> Epoch 15 Complete: Avg. Loss: 0.0237
2020-01-13 06:17:29,488 ====> Extracting Features
2020-01-13 06:18:04,854 ==> Batch (50/108)
2020-01-13 06:18:26,664 ==> Batch (100/108)
2020-01-13 06:18:30,609 ====> Building faiss index
2020-01-13 06:18:30,611 ====> Calculating recall @ N
2020-01-13 06:18:31,086 ====> Recall@1: 0.5330
2020-01-13 06:18:31,087 ====> Recall@2: 0.5867
2020-01-13 06:18:31,087 ====> Recall@3: 0.6130
2020-01-13 06:18:31,088 ====> Recall@4: 0.6325
2020-01-13 06:18:31,088 ====> Recall@5: 0.6464
2020-01-13 06:18:31,088 ====> Recall@10: 0.6841
2020-01-13 06:18:31,088 ====> Recall@15: 0.7020
2020-01-13 06:18:31,088 ====> Recall@20: 0.7145
2020-01-13 06:18:31,089 ====> Recall@25: 0.7226
2020-01-13 06:18:31,468 ====> Building Cache
2020-01-13 06:18:31,468 feature cache--->>> /home/annora/NetVLAD/output/train_feat_cache0.hdf5
2020-01-13 06:20:00,366 Allocated:119.53369140625 MB
2020-01-13 06:20:00,367 Cached:4192.625 MB
2020-01-13 06:22:05,694 ==> Epoch[16](50/534): Loss: 0.0227
2020-01-13 06:22:05,695 Allocated:120.53369140625 MB
2020-01-13 06:22:05,696 Cached:4198.625 MB
2020-01-13 06:23:41,329 ==> Epoch[16](100/534): Loss: 0.0116
2020-01-13 06:23:41,331 Allocated:121.53369140625 MB
2020-01-13 06:23:41,331 Cached:4198.625 MB
2020-01-13 06:25:13,096 ==> Epoch[16](150/534): Loss: 0.0000
2020-01-13 06:25:13,098 Allocated:121.90869140625 MB
2020-01-13 06:25:13,098 Cached:4198.625 MB
2020-01-13 06:26:04,563 ====> Building Cache
2020-01-13 06:26:04,564 feature cache--->>> /home/annora/NetVLAD/output/train_feat_cache0.hdf5
2020-01-13 06:27:32,444 Allocated:121.533203125 MB
2020-01-13 06:27:32,445 Cached:2919.5 MB
2020-01-13 06:28:46,107 ==> Epoch[16](200/534): Loss: 0.0121
2020-01-13 06:28:46,109 Allocated:120.78369140625 MB
2020-01-13 06:28:46,109 Cached:2920.5 MB
2020-01-13 06:30:20,815 ==> Epoch[16](250/534): Loss: 0.0178
2020-01-13 06:30:20,816 Allocated:121.53369140625 MB
2020-01-13 06:30:20,816 Cached:2920.5 MB
2020-01-13 06:31:56,389 ==> Epoch[16](300/534): Loss: 0.0018
2020-01-13 06:31:56,391 Allocated:121.53369140625 MB
2020-01-13 06:31:56,391 Cached:2920.5 MB
2020-01-13 06:33:40,258 ==> Epoch[16](350/534): Loss: 0.0744
2020-01-13 06:33:40,260 Allocated:121.53369140625 MB
2020-01-13 06:33:40,260 Cached:2920.5 MB
2020-01-13 06:33:51,894 ====> Building Cache
2020-01-13 06:33:51,895 feature cache--->>> /home/annora/NetVLAD/output/train_feat_cache0.hdf5
2020-01-13 06:35:21,101 Allocated:120.533203125 MB
2020-01-13 06:35:21,101 Cached:2919.5 MB
2020-01-13 06:37:12,689 ==> Epoch[16](400/534): Loss: 0.0195
2020-01-13 06:37:12,691 Allocated:121.15869140625 MB
2020-01-13 06:37:12,691 Cached:2924.5 MB
2020-01-13 06:38:35,940 ==> Epoch[16](450/534): Loss: 0.0150
2020-01-13 06:38:35,941 Allocated:122.40869140625 MB
2020-01-13 06:38:35,942 Cached:2924.5 MB
2020-01-13 06:40:18,123 ==> Epoch[16](500/534): Loss: 0.0482
2020-01-13 06:40:18,125 Allocated:121.53369140625 MB
2020-01-13 06:40:18,126 Cached:2924.5 MB
2020-01-13 06:41:25,294 ===> Epoch 16 Complete: Avg. Loss: 0.0218
2020-01-13 06:41:25,296 ====> Extracting Features
2020-01-13 06:42:00,375 ==> Batch (50/108)
2020-01-13 06:42:24,238 ==> Batch (100/108)
2020-01-13 06:42:27,912 ====> Building faiss index
2020-01-13 06:42:27,913 ====> Calculating recall @ N
2020-01-13 06:42:28,353 ====> Recall@1: 0.5368
2020-01-13 06:42:28,354 ====> Recall@2: 0.5855
2020-01-13 06:42:28,354 ====> Recall@3: 0.6197
2020-01-13 06:42:28,354 ====> Recall@4: 0.6414
2020-01-13 06:42:28,354 ====> Recall@5: 0.6533
2020-01-13 06:42:28,355 ====> Recall@10: 0.6884
2020-01-13 06:42:28,355 ====> Recall@15: 0.7090
2020-01-13 06:42:28,355 ====> Recall@20: 0.7212
2020-01-13 06:42:28,355 ====> Recall@25: 0.7290
2020-01-13 06:42:28,808 ====> Building Cache
2020-01-13 06:42:28,808 feature cache--->>> /home/annora/NetVLAD/output/train_feat_cache0.hdf5
2020-01-13 06:43:56,315 Allocated:118.53369140625 MB
2020-01-13 06:43:56,316 Cached:4277.0 MB
2020-01-13 06:45:55,294 ==> Epoch[17](50/534): Loss: 0.0120
2020-01-13 06:45:55,296 Allocated:120.53369140625 MB
2020-01-13 06:45:55,296 Cached:4283.0 MB
2020-01-13 06:47:31,610 ==> Epoch[17](100/534): Loss: 0.0113
2020-01-13 06:47:31,612 Allocated:120.53369140625 MB
2020-01-13 06:47:31,613 Cached:4283.0 MB
2020-01-13 06:49:00,059 ==> Epoch[17](150/534): Loss: 0.0000
2020-01-13 06:49:00,060 Allocated:122.03369140625 MB
2020-01-13 06:49:00,061 Cached:4283.0 MB
2020-01-13 06:49:49,695 ====> Building Cache
2020-01-13 06:49:49,696 feature cache--->>> /home/annora/NetVLAD/output/train_feat_cache0.hdf5
2020-01-13 06:51:17,338 Allocated:120.658203125 MB
2020-01-13 06:51:17,338 Cached:2919.5 MB
2020-01-13 06:52:29,579 ==> Epoch[17](200/534): Loss: 0.0137
2020-01-13 06:52:29,581 Allocated:121.15869140625 MB
2020-01-13 06:52:29,581 Cached:2919.5 MB
2020-01-13 06:54:17,725 ==> Epoch[17](250/534): Loss: 0.0077
2020-01-13 06:54:17,727 Allocated:120.78369140625 MB
2020-01-13 06:54:17,727 Cached:2919.5 MB
2020-01-13 06:56:08,226 ==> Epoch[17](300/534): Loss: 0.0105
2020-01-13 06:56:08,227 Allocated:121.90869140625 MB
2020-01-13 06:56:08,227 Cached:2920.5 MB
2020-01-13 06:57:55,206 ==> Epoch[17](350/534): Loss: 0.0051
2020-01-13 06:57:55,207 Allocated:121.03369140625 MB
2020-01-13 06:57:55,208 Cached:2920.5 MB
2020-01-13 06:58:10,689 ====> Building Cache
2020-01-13 06:58:10,690 feature cache--->>> /home/annora/NetVLAD/output/train_feat_cache0.hdf5
2020-01-13 06:59:39,481 Allocated:121.283203125 MB
2020-01-13 06:59:39,482 Cached:2950.75 MB
2020-01-13 07:01:19,964 ==> Epoch[17](400/534): Loss: 0.0164
2020-01-13 07:01:19,965 Allocated:120.53369140625 MB
2020-01-13 07:01:19,966 Cached:2955.75 MB
2020-01-13 07:02:41,059 ==> Epoch[17](450/534): Loss: 0.0490
2020-01-13 07:02:41,060 Allocated:121.15869140625 MB
2020-01-13 07:02:41,061 Cached:2955.75 MB
2020-01-13 07:04:06,530 ==> Epoch[17](500/534): Loss: 0.0410
2020-01-13 07:04:06,531 Allocated:121.78369140625 MB
2020-01-13 07:04:06,531 Cached:2955.75 MB
2020-01-13 07:05:07,070 ===> Epoch 17 Complete: Avg. Loss: 0.0255
2020-01-13 07:05:07,072 ====> Extracting Features
2020-01-13 07:05:44,308 ==> Batch (50/108)
2020-01-13 07:06:06,550 ==> Batch (100/108)
2020-01-13 07:06:10,343 ====> Building faiss index
2020-01-13 07:06:10,345 ====> Calculating recall @ N
2020-01-13 07:06:10,760 ====> Recall@1: 0.5484
2020-01-13 07:06:10,761 ====> Recall@2: 0.6052
2020-01-13 07:06:10,761 ====> Recall@3: 0.6310
2020-01-13 07:06:10,762 ====> Recall@4: 0.6441
2020-01-13 07:06:10,762 ====> Recall@5: 0.6536
2020-01-13 07:06:10,762 ====> Recall@10: 0.6846
2020-01-13 07:06:10,762 ====> Recall@15: 0.7014
2020-01-13 07:06:10,762 ====> Recall@20: 0.7145
2020-01-13 07:06:10,762 ====> Recall@25: 0.7235
2020-01-13 07:06:11,100 ====> Building Cache
2020-01-13 07:06:11,100 feature cache--->>> /home/annora/NetVLAD/output/train_feat_cache0.hdf5
2020-01-13 07:07:38,076 Allocated:118.53369140625 MB
2020-01-13 07:07:38,076 Cached:4192.625 MB
2020-01-13 07:09:53,190 ==> Epoch[18](50/534): Loss: 0.0043
2020-01-13 07:09:53,191 Allocated:120.90869140625 MB
2020-01-13 07:09:53,192 Cached:4193.625 MB
2020-01-13 07:11:48,740 ==> Epoch[18](100/534): Loss: 0.0009
2020-01-13 07:11:48,741 Allocated:120.65869140625 MB
2020-01-13 07:11:48,742 Cached:4193.625 MB
2020-01-13 07:13:46,276 ==> Epoch[18](150/534): Loss: 0.0005
2020-01-13 07:13:46,277 Allocated:121.53369140625 MB
2020-01-13 07:13:46,277 Cached:4193.625 MB
2020-01-13 07:14:52,425 ====> Building Cache
2020-01-13 07:14:52,426 feature cache--->>> /home/annora/NetVLAD/output/train_feat_cache0.hdf5
2020-01-13 07:16:17,408 Allocated:121.158203125 MB
2020-01-13 07:16:17,408 Cached:2919.5 MB
2020-01-13 07:17:22,786 ==> Epoch[18](200/534): Loss: 0.0158
2020-01-13 07:17:22,787 Allocated:121.53369140625 MB
2020-01-13 07:17:22,788 Cached:2920.5 MB
2020-01-13 07:19:09,400 ==> Epoch[18](250/534): Loss: 0.0109
2020-01-13 07:19:09,400 Allocated:120.53369140625 MB
2020-01-13 07:19:09,401 Cached:2924.5 MB
2020-01-13 07:21:02,164 ==> Epoch[18](300/534): Loss: 0.0083
2020-01-13 07:21:02,165 Allocated:121.15869140625 MB
2020-01-13 07:21:02,165 Cached:2924.5 MB
2020-01-13 07:22:43,779 ==> Epoch[18](350/534): Loss: 0.0280
2020-01-13 07:22:43,780 Allocated:121.53369140625 MB
2020-01-13 07:22:43,780 Cached:2924.5 MB
2020-01-13 07:22:54,351 ====> Building Cache
2020-01-13 07:22:54,351 feature cache--->>> /home/annora/NetVLAD/output/train_feat_cache0.hdf5
2020-01-13 07:24:17,499 Allocated:120.533203125 MB
2020-01-13 07:24:17,499 Cached:2920.5 MB
2020-01-13 07:26:00,187 ==> Epoch[18](400/534): Loss: 0.0133
2020-01-13 07:26:00,189 Allocated:121.15869140625 MB
2020-01-13 07:26:00,189 Cached:2920.5 MB
2020-01-13 07:27:25,754 ==> Epoch[18](450/534): Loss: 0.0035
2020-01-13 07:27:25,755 Allocated:121.03369140625 MB
2020-01-13 07:27:25,755 Cached:2923.5 MB
2020-01-13 07:28:51,291 ==> Epoch[18](500/534): Loss: 0.0055
2020-01-13 07:28:51,292 Allocated:121.53369140625 MB
2020-01-13 07:28:51,292 Cached:2924.5 MB
2020-01-13 07:29:49,635 ===> Epoch 18 Complete: Avg. Loss: 0.0174
2020-01-13 07:29:49,636 ====> Extracting Features
2020-01-13 07:30:22,845 ==> Batch (50/108)
2020-01-13 07:30:43,696 ==> Batch (100/108)
2020-01-13 07:30:46,737 ====> Building faiss index
2020-01-13 07:30:46,739 ====> Calculating recall @ N
2020-01-13 07:30:47,155 ====> Recall@1: 0.5406
2020-01-13 07:30:47,155 ====> Recall@2: 0.5910
2020-01-13 07:30:47,156 ====> Recall@3: 0.6249
2020-01-13 07:30:47,156 ====> Recall@4: 0.6467
2020-01-13 07:30:47,156 ====> Recall@5: 0.6597
2020-01-13 07:30:47,157 ====> Recall@10: 0.6852
2020-01-13 07:30:47,157 ====> Recall@15: 0.7043
2020-01-13 07:30:47,157 ====> Recall@20: 0.7212
2020-01-13 07:30:47,157 ====> Recall@25: 0.7301
2020-01-13 07:30:47,526 ====> Building Cache
2020-01-13 07:30:47,527 feature cache--->>> /home/annora/NetVLAD/output/train_feat_cache0.hdf5
2020-01-13 07:32:13,195 Allocated:119.03369140625 MB
2020-01-13 07:32:13,195 Cached:4192.625 MB
2020-01-13 07:33:57,618 ==> Epoch[19](50/534): Loss: 0.0353
2020-01-13 07:33:57,619 Allocated:121.53369140625 MB
2020-01-13 07:33:57,620 Cached:4198.625 MB
2020-01-13 07:35:12,195 ==> Epoch[19](100/534): Loss: 0.0187
2020-01-13 07:35:12,196 Allocated:120.53369140625 MB
2020-01-13 07:35:12,197 Cached:4198.625 MB
2020-01-13 07:36:31,730 ==> Epoch[19](150/534): Loss: 0.0000
2020-01-13 07:36:31,731 Allocated:121.53369140625 MB
2020-01-13 07:36:31,732 Cached:4198.625 MB
2020-01-13 07:37:14,517 ====> Building Cache
2020-01-13 07:37:14,518 feature cache--->>> /home/annora/NetVLAD/output/train_feat_cache0.hdf5
2020-01-13 07:38:39,985 Allocated:120.658203125 MB
2020-01-13 07:38:39,986 Cached:2919.5 MB
2020-01-13 07:39:48,437 ==> Epoch[19](200/534): Loss: 0.0123
2020-01-13 07:39:48,438 Allocated:122.15869140625 MB
2020-01-13 07:39:48,439 Cached:5235.0 MB
2020-01-13 07:41:17,776 ==> Epoch[19](250/534): Loss: 0.0086
2020-01-13 07:41:17,777 Allocated:120.53369140625 MB
2020-01-13 07:41:17,777 Cached:5235.0 MB
2020-01-13 07:42:47,291 ==> Epoch[19](300/534): Loss: 0.0015
2020-01-13 07:42:47,292 Allocated:121.53369140625 MB
2020-01-13 07:42:47,292 Cached:5235.0 MB
2020-01-13 07:44:16,610 ==> Epoch[19](350/534): Loss: 0.0033
2020-01-13 07:44:16,611 Allocated:122.65869140625 MB
2020-01-13 07:44:16,611 Cached:5235.0 MB
2020-01-13 07:44:27,632 ====> Building Cache
2020-01-13 07:44:27,633 feature cache--->>> /home/annora/NetVLAD/output/train_feat_cache0.hdf5
2020-01-13 07:45:52,229 Allocated:121.533203125 MB
2020-01-13 07:45:52,230 Cached:2919.5 MB
2020-01-13 07:47:38,156 ==> Epoch[19](400/534): Loss: 0.0242
2020-01-13 07:47:38,157 Allocated:122.65869140625 MB
2020-01-13 07:47:38,157 Cached:2923.5 MB
2020-01-13 07:49:15,583 ==> Epoch[19](450/534): Loss: 0.0599
2020-01-13 07:49:15,584 Allocated:121.53369140625 MB
2020-01-13 07:49:15,585 Cached:2923.5 MB
2020-01-13 07:50:53,952 ==> Epoch[19](500/534): Loss: 0.0334
2020-01-13 07:50:53,953 Allocated:121.15869140625 MB
2020-01-13 07:50:53,953 Cached:2923.5 MB
2020-01-13 07:51:50,205 ===> Epoch 19 Complete: Avg. Loss: 0.0360
2020-01-13 07:51:50,207 ====> Extracting Features
2020-01-13 07:52:26,004 ==> Batch (50/108)
2020-01-13 07:52:47,533 ==> Batch (100/108)
2020-01-13 07:52:50,584 ====> Building faiss index
2020-01-13 07:52:50,586 ====> Calculating recall @ N
2020-01-13 07:52:51,104 ====> Recall@1: 0.5649
2020-01-13 07:52:51,104 ====> Recall@2: 0.6139
2020-01-13 07:52:51,105 ====> Recall@3: 0.6388
2020-01-13 07:52:51,105 ====> Recall@4: 0.6554
2020-01-13 07:52:51,105 ====> Recall@5: 0.6643
2020-01-13 07:52:51,106 ====> Recall@10: 0.6933
2020-01-13 07:52:51,106 ====> Recall@15: 0.7081
2020-01-13 07:52:51,106 ====> Recall@20: 0.7200
2020-01-13 07:52:51,106 ====> Recall@25: 0.7351
2020-01-13 07:52:51,770 ====> Building Cache
2020-01-13 07:52:51,770 feature cache--->>> /home/annora/NetVLAD/output/train_feat_cache0.hdf5
2020-01-13 07:54:20,222 Allocated:118.65869140625 MB
2020-01-13 07:54:20,222 Cached:4192.625 MB
2020-01-13 07:56:30,961 ==> Epoch[20](50/534): Loss: 0.0027
2020-01-13 07:56:30,963 Allocated:122.90869140625 MB
2020-01-13 07:56:30,963 Cached:4193.625 MB
2020-01-13 07:58:33,301 ==> Epoch[20](100/534): Loss: 0.0027
2020-01-13 07:58:33,304 Allocated:120.53369140625 MB
2020-01-13 07:58:33,304 Cached:4193.625 MB
2020-01-13 08:00:18,981 ==> Epoch[20](150/534): Loss: 0.0156
2020-01-13 08:00:18,982 Allocated:120.53369140625 MB
2020-01-13 08:00:18,983 Cached:4193.625 MB
2020-01-13 08:01:13,450 ====> Building Cache
2020-01-13 08:01:13,451 feature cache--->>> /home/annora/NetVLAD/output/train_feat_cache0.hdf5
2020-01-13 08:02:42,289 Allocated:121.158203125 MB
2020-01-13 08:02:42,289 Cached:2919.5 MB
2020-01-13 08:04:02,192 ==> Epoch[20](200/534): Loss: 0.0544
2020-01-13 08:04:02,194 Allocated:120.53369140625 MB
2020-01-13 08:04:02,194 Cached:2919.5 MB
2020-01-13 08:05:40,926 ==> Epoch[20](250/534): Loss: 0.0809
2020-01-13 08:05:40,927 Allocated:121.03369140625 MB
2020-01-13 08:05:40,928 Cached:2920.5 MB
2020-01-13 08:07:19,012 ==> Epoch[20](300/534): Loss: 0.0143
2020-01-13 08:07:19,013 Allocated:120.78369140625 MB
2020-01-13 08:07:19,013 Cached:2920.5 MB
2020-01-13 08:08:59,756 ==> Epoch[20](350/534): Loss: 0.0330
2020-01-13 08:08:59,759 Allocated:121.15869140625 MB
2020-01-13 08:08:59,760 Cached:2923.5 MB
2020-01-13 08:09:13,287 ====> Building Cache
2020-01-13 08:09:13,288 feature cache--->>> /home/annora/NetVLAD/output/train_feat_cache0.hdf5
2020-01-13 08:10:59,591 Allocated:120.908203125 MB
2020-01-13 08:10:59,592 Cached:2920.5 MB
2020-01-13 08:13:14,092 ==> Epoch[20](400/534): Loss: 0.0225
2020-01-13 08:13:14,096 Allocated:121.53369140625 MB
2020-01-13 08:13:14,096 Cached:2923.5 MB
2020-01-13 08:14:56,277 ==> Epoch[20](450/534): Loss: 0.0159
2020-01-13 08:14:56,280 Allocated:120.78369140625 MB
2020-01-13 08:14:56,280 Cached:2923.5 MB
2020-01-13 08:16:55,286 ==> Epoch[20](500/534): Loss: 0.0071
2020-01-13 08:16:55,288 Allocated:122.15869140625 MB
2020-01-13 08:16:55,288 Cached:2923.5 MB
2020-01-13 08:18:13,127 ===> Epoch 20 Complete: Avg. Loss: 0.0180
2020-01-13 08:18:13,128 ====> Extracting Features
2020-01-13 08:19:04,391 ==> Batch (50/108)
2020-01-13 08:19:42,243 ==> Batch (100/108)
2020-01-13 08:19:45,622 ====> Building faiss index
2020-01-13 08:19:45,625 ====> Calculating recall @ N
2020-01-13 08:19:46,122 ====> Recall@1: 0.5380
2020-01-13 08:19:46,123 ====> Recall@2: 0.5942
2020-01-13 08:19:46,123 ====> Recall@3: 0.6287
2020-01-13 08:19:46,124 ====> Recall@4: 0.6446
2020-01-13 08:19:46,124 ====> Recall@5: 0.6586
2020-01-13 08:19:46,124 ====> Recall@10: 0.6896
2020-01-13 08:19:46,124 ====> Recall@15: 0.7084
2020-01-13 08:19:46,125 ====> Recall@20: 0.7188
2020-01-13 08:19:46,125 ====> Recall@25: 0.7270
2020-01-13 08:19:46,508 ====> Building Cache
2020-01-13 08:19:46,509 feature cache--->>> /home/annora/NetVLAD/output/train_feat_cache0.hdf5
2020-01-13 08:21:21,678 Allocated:119.90869140625 MB
2020-01-13 08:21:21,679 Cached:4245.75 MB
2020-01-13 08:23:41,831 ==> Epoch[21](50/534): Loss: 0.0000
2020-01-13 08:23:41,832 Allocated:121.40869140625 MB
2020-01-13 08:23:41,833 Cached:4251.75 MB
2020-01-13 08:25:31,994 ==> Epoch[21](100/534): Loss: 0.0332
2020-01-13 08:25:31,996 Allocated:121.90869140625 MB
2020-01-13 08:25:31,996 Cached:4251.75 MB
2020-01-13 08:27:20,508 ==> Epoch[21](150/534): Loss: 0.0178
2020-01-13 08:27:20,510 Allocated:122.28369140625 MB
2020-01-13 08:27:20,510 Cached:4251.75 MB
2020-01-13 08:28:24,601 ====> Building Cache
2020-01-13 08:28:24,602 feature cache--->>> /home/annora/NetVLAD/output/train_feat_cache0.hdf5
2020-01-13 08:30:12,005 Allocated:121.783203125 MB
2020-01-13 08:30:12,006 Cached:2972.625 MB
2020-01-13 08:31:44,526 ==> Epoch[21](200/534): Loss: 0.0164
2020-01-13 08:31:44,528 Allocated:120.53369140625 MB
2020-01-13 08:31:44,528 Cached:2972.625 MB
2020-01-13 08:33:27,076 ==> Epoch[21](250/534): Loss: 0.0076
2020-01-13 08:33:27,078 Allocated:120.78369140625 MB
2020-01-13 08:33:27,078 Cached:2973.625 MB
2020-01-13 08:35:21,831 ==> Epoch[21](300/534): Loss: 0.0186
2020-01-13 08:35:21,833 Allocated:121.53369140625 MB
2020-01-13 08:35:21,833 Cached:2973.625 MB
2020-01-13 08:37:29,174 ==> Epoch[21](350/534): Loss: 0.0000
2020-01-13 08:37:29,176 Allocated:121.53369140625 MB
2020-01-13 08:37:29,176 Cached:2973.625 MB
2020-01-13 08:37:45,138 ====> Building Cache
2020-01-13 08:37:45,139 feature cache--->>> /home/annora/NetVLAD/output/train_feat_cache0.hdf5
2020-01-13 08:39:28,500 Allocated:121.033203125 MB
2020-01-13 08:39:28,501 Cached:2972.625 MB
2020-01-13 08:41:33,973 ==> Epoch[21](400/534): Loss: 0.0021
2020-01-13 08:41:33,975 Allocated:122.15869140625 MB
2020-01-13 08:41:33,975 Cached:2976.625 MB
2020-01-13 08:43:10,937 ==> Epoch[21](450/534): Loss: 0.0206
2020-01-13 08:43:10,938 Allocated:122.53369140625 MB
2020-01-13 08:43:10,938 Cached:2976.625 MB
2020-01-13 08:44:43,243 ==> Epoch[21](500/534): Loss: 0.0236
2020-01-13 08:44:43,245 Allocated:121.28369140625 MB
2020-01-13 08:44:43,246 Cached:2976.625 MB
2020-01-13 08:45:51,268 ===> Epoch 21 Complete: Avg. Loss: 0.0183
2020-01-13 08:45:51,270 ====> Extracting Features
2020-01-13 08:46:29,728 ==> Batch (50/108)
2020-01-13 08:47:03,434 ==> Batch (100/108)
2020-01-13 08:47:07,333 ====> Building faiss index
2020-01-13 08:47:07,336 ====> Calculating recall @ N
2020-01-13 08:47:07,901 ====> Recall@1: 0.5475
2020-01-13 08:47:07,902 ====> Recall@2: 0.5994
2020-01-13 08:47:07,903 ====> Recall@3: 0.6241
2020-01-13 08:47:07,903 ====> Recall@4: 0.6409
2020-01-13 08:47:07,904 ====> Recall@5: 0.6522
2020-01-13 08:47:07,904 ====> Recall@10: 0.6846
2020-01-13 08:47:07,904 ====> Recall@15: 0.7043
2020-01-13 08:47:07,904 ====> Recall@20: 0.7157
2020-01-13 08:47:07,905 ====> Recall@25: 0.7252
2020-01-13 08:47:08,314 ====> Building Cache
2020-01-13 08:47:08,314 feature cache--->>> /home/annora/NetVLAD/output/train_feat_cache0.hdf5
2020-01-13 08:48:54,665 Allocated:119.28369140625 MB
2020-01-13 08:48:54,665 Cached:4245.75 MB
2020-01-13 08:51:19,659 ==> Epoch[22](50/534): Loss: 0.0007
2020-01-13 08:51:19,660 Allocated:120.90869140625 MB
2020-01-13 08:51:19,661 Cached:4250.75 MB
2020-01-13 08:53:07,916 ==> Epoch[22](100/534): Loss: 0.0000
2020-01-13 08:53:07,917 Allocated:121.40869140625 MB
2020-01-13 08:53:07,918 Cached:4251.75 MB
2020-01-13 08:54:51,575 ==> Epoch[22](150/534): Loss: 0.0000
2020-01-13 08:54:51,576 Allocated:122.53369140625 MB
2020-01-13 08:54:51,577 Cached:4251.75 MB
2020-01-13 08:55:48,110 ====> Building Cache
2020-01-13 08:55:48,111 feature cache--->>> /home/annora/NetVLAD/output/train_feat_cache0.hdf5
2020-01-13 08:57:35,219 Allocated:122.408203125 MB
2020-01-13 08:57:35,220 Cached:2919.5 MB
2020-01-13 08:59:03,643 ==> Epoch[22](200/534): Loss: 0.0316
2020-01-13 08:59:03,645 Allocated:123.03369140625 MB
2020-01-13 08:59:03,645 Cached:2924.5 MB
2020-01-13 09:01:05,451 ==> Epoch[22](250/534): Loss: 0.0048
2020-01-13 09:01:05,454 Allocated:121.53369140625 MB
2020-01-13 09:01:05,454 Cached:2924.5 MB
2020-01-13 09:03:05,339 ==> Epoch[22](300/534): Loss: 0.0145
2020-01-13 09:03:05,341 Allocated:120.53369140625 MB
2020-01-13 09:03:05,341 Cached:2924.5 MB
2020-01-13 09:04:50,188 ==> Epoch[22](350/534): Loss: 0.0086
2020-01-13 09:04:50,190 Allocated:120.53369140625 MB
2020-01-13 09:04:50,190 Cached:2924.5 MB
2020-01-13 09:05:04,679 ====> Building Cache
2020-01-13 09:05:04,680 feature cache--->>> /home/annora/NetVLAD/output/train_feat_cache0.hdf5
2020-01-13 09:06:46,823 Allocated:121.158203125 MB
2020-01-13 09:06:46,823 Cached:2919.5 MB
2020-01-13 09:08:49,521 ==> Epoch[22](400/534): Loss: 0.0200
2020-01-13 09:08:49,523 Allocated:120.65869140625 MB
2020-01-13 09:08:49,523 Cached:2923.5 MB
2020-01-13 09:10:15,209 ==> Epoch[22](450/534): Loss: 0.0169
2020-01-13 09:10:15,211 Allocated:120.78369140625 MB
2020-01-13 09:10:15,211 Cached:2923.5 MB
2020-01-13 09:11:41,771 ==> Epoch[22](500/534): Loss: 0.0000
2020-01-13 09:11:41,773 Allocated:122.90869140625 MB
2020-01-13 09:11:41,773 Cached:2923.5 MB
2020-01-13 09:12:47,401 ===> Epoch 22 Complete: Avg. Loss: 0.0193
2020-01-13 09:12:47,404 ====> Extracting Features
2020-01-13 09:13:28,734 ==> Batch (50/108)
2020-01-13 09:13:57,415 ==> Batch (100/108)
2020-01-13 09:14:01,669 ====> Building faiss index
2020-01-13 09:14:01,673 ====> Calculating recall @ N
2020-01-13 09:14:02,212 ====> Recall@1: 0.5386
2020-01-13 09:14:02,212 ====> Recall@2: 0.5817
2020-01-13 09:14:02,213 ====> Recall@3: 0.6125
2020-01-13 09:14:02,213 ====> Recall@4: 0.6316
2020-01-13 09:14:02,213 ====> Recall@5: 0.6533
2020-01-13 09:14:02,213 ====> Recall@10: 0.6925
2020-01-13 09:14:02,214 ====> Recall@15: 0.7110
2020-01-13 09:14:02,214 ====> Recall@20: 0.7249
2020-01-13 09:14:02,214 ====> Recall@25: 0.7342
2020-01-13 09:14:02,614 ====> Building Cache
2020-01-13 09:14:02,614 feature cache--->>> /home/annora/NetVLAD/output/train_feat_cache0.hdf5
2020-01-13 09:15:49,016 Allocated:119.53369140625 MB
2020-01-13 09:15:49,016 Cached:4245.75 MB
2020-01-13 09:18:06,360 ==> Epoch[23](50/534): Loss: 0.0000
2020-01-13 09:18:06,362 Allocated:121.40869140625 MB
2020-01-13 09:18:06,362 Cached:4250.75 MB
2020-01-13 09:19:44,386 ==> Epoch[23](100/534): Loss: 0.0000
2020-01-13 09:19:44,388 Allocated:121.53369140625 MB
2020-01-13 09:19:44,388 Cached:4251.75 MB
2020-01-13 09:21:21,631 ==> Epoch[23](150/534): Loss: 0.0208
2020-01-13 09:21:21,632 Allocated:121.78369140625 MB
2020-01-13 09:21:21,632 Cached:4251.75 MB
2020-01-13 09:22:08,090 ====> Building Cache
2020-01-13 09:22:08,091 feature cache--->>> /home/annora/NetVLAD/output/train_feat_cache0.hdf5
2020-01-13 09:23:45,883 Allocated:120.908203125 MB
2020-01-13 09:23:45,884 Cached:2928.25 MB
2020-01-13 09:25:03,494 ==> Epoch[23](200/534): Loss: 0.0005
2020-01-13 09:25:03,496 Allocated:122.03369140625 MB
2020-01-13 09:25:03,496 Cached:2929.25 MB
2020-01-13 09:26:45,599 ==> Epoch[23](250/534): Loss: 0.0038
2020-01-13 09:26:45,601 Allocated:121.15869140625 MB
2020-01-13 09:26:45,601 Cached:2929.25 MB
2020-01-13 09:28:48,526 ==> Epoch[23](300/534): Loss: 0.0127
2020-01-13 09:28:48,528 Allocated:121.53369140625 MB
2020-01-13 09:28:48,528 Cached:2929.25 MB
2020-01-13 09:30:39,748 ==> Epoch[23](350/534): Loss: 0.0105
2020-01-13 09:30:39,750 Allocated:121.53369140625 MB
2020-01-13 09:30:39,750 Cached:2932.25 MB
2020-01-13 09:30:53,695 ====> Building Cache
2020-01-13 09:30:53,696 feature cache--->>> /home/annora/NetVLAD/output/train_feat_cache0.hdf5
2020-01-13 09:32:42,722 Allocated:121.533203125 MB
2020-01-13 09:32:42,723 Cached:2919.5 MB
2020-01-13 09:34:41,421 ==> Epoch[23](400/534): Loss: 0.0086
2020-01-13 09:34:41,422 Allocated:120.53369140625 MB
2020-01-13 09:34:41,422 Cached:2923.5 MB
2020-01-13 09:38:43,529 ===> Epoch 23 Complete: Avg. Loss: 0.0234
2020-01-13 09:38:43,531 ====> Extracting Features
2020-01-13 09:39:39,756 ==> Batch (50/108)
2020-01-13 09:40:16,280 ==> Batch (100/108)
2020-01-13 09:40:21,378 ====> Building faiss index
2020-01-13 09:40:21,382 ====> Calculating recall @ N
2020-01-13 09:40:22,026 ====> Recall@1: 0.5252
2020-01-13 09:40:22,027 ====> Recall@2: 0.5855
2020-01-13 09:40:22,027 ====> Recall@3: 0.6232
2020-01-13 09:40:22,027 ====> Recall@4: 0.6354
2020-01-13 09:40:22,028 ====> Recall@5: 0.6452
2020-01-13 09:40:22,028 ====> Recall@10: 0.6826
2020-01-13 09:40:22,028 ====> Recall@15: 0.7017
2020-01-13 09:40:22,028 ====> Recall@20: 0.7171
2020-01-13 09:40:22,029 ====> Recall@25: 0.7284
2020-01-13 09:40:22,444 ====> Building Cache
2020-01-13 09:40:22,444 feature cache--->>> /home/annora/NetVLAD/output/train_feat_cache0.hdf5
2020-01-13 09:42:05,485 Allocated:119.53369140625 MB
2020-01-13 09:42:05,485 Cached:4192.625 MB
2020-01-13 09:44:09,444 ==> Epoch[24](50/534): Loss: 0.0559
2020-01-13 09:44:09,446 Allocated:120.90869140625 MB
2020-01-13 09:44:09,446 Cached:4198.625 MB
2020-01-13 09:45:43,187 ==> Epoch[24](100/534): Loss: 0.0542
2020-01-13 09:45:43,189 Allocated:121.53369140625 MB
2020-01-13 09:45:43,189 Cached:4198.625 MB
2020-01-13 09:47:21,656 ==> Epoch[24](150/534): Loss: 0.0111
2020-01-13 09:47:21,658 Allocated:120.90869140625 MB
2020-01-13 09:47:21,658 Cached:4198.625 MB
2020-01-13 09:48:22,264 ====> Building Cache
2020-01-13 09:48:22,264 feature cache--->>> /home/annora/NetVLAD/output/train_feat_cache0.hdf5
2020-01-13 09:50:02,092 Allocated:121.533203125 MB
2020-01-13 09:50:02,093 Cached:2919.5 MB
2020-01-13 09:51:35,328 ==> Epoch[24](200/534): Loss: 0.0776
2020-01-13 09:51:35,331 Allocated:120.53369140625 MB
2020-01-13 09:51:35,331 Cached:2919.5 MB
2020-01-13 09:53:26,881 ==> Epoch[24](250/534): Loss: 0.0080
2020-01-13 09:53:26,883 Allocated:120.53369140625 MB
2020-01-13 09:53:26,883 Cached:2919.5 MB
2020-01-13 09:55:07,637 ==> Epoch[24](300/534): Loss: 0.1005
2020-01-13 09:55:07,638 Allocated:120.65869140625 MB
2020-01-13 09:55:07,639 Cached:2920.5 MB
2020-01-13 09:56:59,822 ==> Epoch[24](350/534): Loss: 0.0100
2020-01-13 09:56:59,827 Allocated:121.15869140625 MB
2020-01-13 09:56:59,827 Cached:2920.5 MB
2020-01-13 09:57:15,797 ====> Building Cache
2020-01-13 09:57:15,798 feature cache--->>> /home/annora/NetVLAD/output/train_feat_cache0.hdf5
2020-01-13 09:59:05,107 Allocated:121.533203125 MB
2020-01-13 09:59:05,107 Cached:2919.5 MB
2020-01-13 10:01:24,294 ==> Epoch[24](400/534): Loss: 0.0082
2020-01-13 10:01:24,295 Allocated:121.90869140625 MB
2020-01-13 10:01:24,296 Cached:2923.5 MB
2020-01-13 10:03:17,134 ==> Epoch[24](450/534): Loss: 0.0000
2020-01-13 10:03:17,136 Allocated:121.78369140625 MB
2020-01-13 10:03:17,136 Cached:2923.5 MB
2020-01-13 10:04:52,830 ==> Epoch[24](500/534): Loss: 0.0451
2020-01-13 10:04:52,832 Allocated:122.03369140625 MB
2020-01-13 10:04:52,832 Cached:2923.5 MB
2020-01-13 10:05:56,108 ===> Epoch 24 Complete: Avg. Loss: 0.0279
2020-01-13 10:05:56,110 ====> Extracting Features
2020-01-13 10:06:37,482 ==> Batch (50/108)
2020-01-13 10:07:07,783 ==> Batch (100/108)
2020-01-13 10:07:11,707 ====> Building faiss index
2020-01-13 10:07:11,709 ====> Calculating recall @ N
2020-01-13 10:07:12,201 ====> Recall@1: 0.5467
2020-01-13 10:07:12,202 ====> Recall@2: 0.5977
2020-01-13 10:07:12,202 ====> Recall@3: 0.6267
2020-01-13 10:07:12,202 ====> Recall@4: 0.6432
2020-01-13 10:07:12,203 ====> Recall@5: 0.6533
2020-01-13 10:07:12,203 ====> Recall@10: 0.6890
2020-01-13 10:07:12,203 ====> Recall@15: 0.7067
2020-01-13 10:07:12,203 ====> Recall@20: 0.7191
2020-01-13 10:07:12,203 ====> Recall@25: 0.7281
2020-01-13 10:07:12,584 ====> Building Cache
2020-01-13 10:07:12,584 feature cache--->>> /home/annora/NetVLAD/output/train_feat_cache0.hdf5
2020-01-13 10:08:49,961 Allocated:118.53369140625 MB
2020-01-13 10:08:49,961 Cached:4192.625 MB
2020-01-13 10:11:22,940 ==> Epoch[25](50/534): Loss: 0.0000
2020-01-13 10:11:22,943 Allocated:121.53369140625 MB
2020-01-13 10:11:22,943 Cached:4193.625 MB
2020-01-13 10:13:02,788 ==> Epoch[25](100/534): Loss: 0.0028
2020-01-13 10:13:02,790 Allocated:120.90869140625 MB
2020-01-13 10:13:02,790 Cached:4193.625 MB
2020-01-13 10:14:45,745 ==> Epoch[25](150/534): Loss: 0.0011
2020-01-13 10:14:45,747 Allocated:121.15869140625 MB
2020-01-13 10:14:45,747 Cached:4193.625 MB
2020-01-13 10:15:41,642 ====> Building Cache
2020-01-13 10:15:41,644 feature cache--->>> /home/annora/NetVLAD/output/train_feat_cache0.hdf5
2020-01-13 10:17:32,194 Allocated:120.533203125 MB
2020-01-13 10:17:32,194 Cached:2928.25 MB
2020-01-13 10:18:52,158 ==> Epoch[25](200/534): Loss: 0.0141
2020-01-13 10:18:52,161 Allocated:121.78369140625 MB
2020-01-13 10:18:52,161 Cached:2928.25 MB
2020-01-13 10:20:34,696 ==> Epoch[25](250/534): Loss: 0.0111
2020-01-13 10:20:34,699 Allocated:120.78369140625 MB
2020-01-13 10:20:34,699 Cached:2932.25 MB
2020-01-13 10:22:34,162 ==> Epoch[25](300/534): Loss: 0.0082
2020-01-13 10:22:34,164 Allocated:121.15869140625 MB
2020-01-13 10:22:34,164 Cached:2932.25 MB
2020-01-13 10:24:11,832 ==> Epoch[25](350/534): Loss: 0.0302
2020-01-13 10:24:11,833 Allocated:121.28369140625 MB
2020-01-13 10:24:11,834 Cached:2933.25 MB
2020-01-13 10:24:22,277 ====> Building Cache
2020-01-13 10:24:22,278 feature cache--->>> /home/annora/NetVLAD/output/train_feat_cache0.hdf5
2020-01-13 10:26:00,223 Allocated:121.033203125 MB
2020-01-13 10:26:00,224 Cached:2919.5 MB
2020-01-13 10:28:10,496 ==> Epoch[25](400/534): Loss: 0.0000
2020-01-13 10:28:10,498 Allocated:120.53369140625 MB
2020-01-13 10:28:10,498 Cached:2924.5 MB
2020-01-13 10:29:37,557 ==> Epoch[25](450/534): Loss: 0.0450
2020-01-13 10:29:37,559 Allocated:121.53369140625 MB
2020-01-13 10:29:37,560 Cached:2924.5 MB
2020-01-13 10:31:07,780 ==> Epoch[25](500/534): Loss: 0.0000
2020-01-13 10:31:07,782 Allocated:120.53369140625 MB
2020-01-13 10:31:07,782 Cached:2924.5 MB
2020-01-13 10:32:13,632 ===> Epoch 25 Complete: Avg. Loss: 0.0194
2020-01-13 10:32:13,634 ====> Extracting Features
2020-01-13 10:33:02,520 ==> Batch (50/108)
2020-01-13 10:33:26,043 ==> Batch (100/108)
2020-01-13 10:33:30,260 ====> Building faiss index
2020-01-13 10:33:30,262 ====> Calculating recall @ N
2020-01-13 10:33:30,740 ====> Recall@1: 0.5348
2020-01-13 10:33:30,741 ====> Recall@2: 0.5872
2020-01-13 10:33:30,741 ====> Recall@3: 0.6157
2020-01-13 10:33:30,742 ====> Recall@4: 0.6406
2020-01-13 10:33:30,742 ====> Recall@5: 0.6522
2020-01-13 10:33:30,742 ====> Recall@10: 0.6884
2020-01-13 10:33:30,742 ====> Recall@15: 0.7096
2020-01-13 10:33:30,742 ====> Recall@20: 0.7212
2020-01-13 10:33:30,743 ====> Recall@25: 0.7310
2020-01-13 10:33:31,129 ====> Building Cache
2020-01-13 10:33:31,129 feature cache--->>> /home/annora/NetVLAD/output/train_feat_cache0.hdf5
2020-01-13 10:35:19,209 Allocated:118.90869140625 MB
2020-01-13 10:35:19,210 Cached:4192.625 MB
2020-01-13 10:37:32,824 ==> Epoch[26](50/534): Loss: 0.0040
2020-01-13 10:37:32,827 Allocated:120.53369140625 MB
2020-01-13 10:37:32,828 Cached:4198.625 MB
2020-01-13 10:39:06,917 ==> Epoch[26](100/534): Loss: 0.0065
2020-01-13 10:39:06,918 Allocated:122.53369140625 MB
2020-01-13 10:39:06,918 Cached:4198.625 MB
2020-01-13 10:40:50,946 ==> Epoch[26](150/534): Loss: 0.0000
2020-01-13 10:40:50,947 Allocated:121.53369140625 MB
2020-01-13 10:40:50,948 Cached:4198.625 MB
2020-01-13 10:41:45,238 ====> Building Cache
2020-01-13 10:41:45,239 feature cache--->>> /home/annora/NetVLAD/output/train_feat_cache0.hdf5
2020-01-13 10:43:22,015 Allocated:120.533203125 MB
2020-01-13 10:43:22,015 Cached:2919.5 MB
2020-01-13 10:44:37,156 ==> Epoch[26](200/534): Loss: 0.0200
2020-01-13 10:44:37,157 Allocated:121.90869140625 MB
2020-01-13 10:44:37,158 Cached:2920.5 MB
2020-01-13 10:46:18,263 ==> Epoch[26](250/534): Loss: 0.0082
2020-01-13 10:46:18,265 Allocated:121.53369140625 MB
2020-01-13 10:46:18,265 Cached:2924.5 MB
2020-01-13 10:48:09,060 ==> Epoch[26](300/534): Loss: 0.0199
2020-01-13 10:48:09,062 Allocated:121.90869140625 MB
2020-01-13 10:48:09,063 Cached:2924.5 MB
2020-01-13 10:49:53,154 ==> Epoch[26](350/534): Loss: 0.0002
2020-01-13 10:49:53,155 Allocated:121.28369140625 MB
2020-01-13 10:49:53,156 Cached:2924.5 MB
2020-01-13 10:50:04,889 ====> Building Cache
2020-01-13 10:50:04,889 feature cache--->>> /home/annora/NetVLAD/output/train_feat_cache0.hdf5
2020-01-13 10:51:52,770 Allocated:121.908203125 MB
2020-01-13 10:51:52,771 Cached:2919.5 MB
2020-01-13 10:53:55,534 ==> Epoch[26](400/534): Loss: 0.0758
2020-01-13 10:53:55,536 Allocated:121.78369140625 MB
2020-01-13 10:53:55,536 Cached:2924.5 MB
2020-01-13 10:55:19,484 ==> Epoch[26](450/534): Loss: 0.0130
2020-01-13 10:55:19,485 Allocated:121.40869140625 MB
2020-01-13 10:55:19,486 Cached:2924.5 MB
2020-01-13 10:56:46,037 ==> Epoch[26](500/534): Loss: 0.0000
2020-01-13 10:56:46,038 Allocated:121.53369140625 MB
2020-01-13 10:56:46,038 Cached:2924.5 MB
2020-01-13 10:57:52,414 ===> Epoch 26 Complete: Avg. Loss: 0.0195
2020-01-13 10:57:52,417 ====> Extracting Features
2020-01-13 10:58:40,594 ==> Batch (50/108)
2020-01-13 10:59:13,022 ==> Batch (100/108)
2020-01-13 10:59:16,652 ====> Building faiss index
2020-01-13 10:59:16,654 ====> Calculating recall @ N
2020-01-13 10:59:17,172 ====> Recall@1: 0.5380
2020-01-13 10:59:17,173 ====> Recall@2: 0.5872
2020-01-13 10:59:17,173 ====> Recall@3: 0.6229
2020-01-13 10:59:17,174 ====> Recall@4: 0.6455
2020-01-13 10:59:17,174 ====> Recall@5: 0.6562
2020-01-13 10:59:17,174 ====> Recall@10: 0.6910
2020-01-13 10:59:17,174 ====> Recall@15: 0.7087
2020-01-13 10:59:17,174 ====> Recall@20: 0.7226
2020-01-13 10:59:17,174 ====> Recall@25: 0.7325
2020-01-13 10:59:17,565 ====> Building Cache
2020-01-13 10:59:17,565 feature cache--->>> /home/annora/NetVLAD/output/train_feat_cache0.hdf5
2020-01-13 11:00:58,082 Allocated:120.03369140625 MB
2020-01-13 11:00:58,083 Cached:4192.625 MB
2020-01-13 11:02:59,379 ==> Epoch[27](50/534): Loss: 0.0000
2020-01-13 11:02:59,381 Allocated:121.90869140625 MB
2020-01-13 11:02:59,381 Cached:4198.625 MB
2020-01-13 11:06:08,174 ==> Epoch[27](150/534): Loss: 0.0040
2020-01-13 11:06:08,176 Allocated:122.03369140625 MB
2020-01-13 11:06:08,176 Cached:4198.625 MB
2020-01-13 11:07:03,589 ====> Building Cache
2020-01-13 11:07:03,590 feature cache--->>> /home/annora/NetVLAD/output/train_feat_cache0.hdf5
2020-01-13 11:08:44,623 Allocated:120.533203125 MB
2020-01-13 11:08:44,624 Cached:2919.5 MB
2020-01-13 11:10:12,985 ==> Epoch[27](200/534): Loss: 0.0453
2020-01-13 11:10:12,987 Allocated:120.53369140625 MB
2020-01-13 11:10:12,988 Cached:2923.5 MB
2020-01-13 11:12:00,419 ==> Epoch[27](250/534): Loss: 0.0206
2020-01-13 11:12:00,421 Allocated:121.15869140625 MB
2020-01-13 11:12:00,422 Cached:2923.5 MB
2020-01-13 11:13:41,936 ==> Epoch[27](300/534): Loss: 0.0534
2020-01-13 11:13:41,938 Allocated:121.53369140625 MB
2020-01-13 11:13:41,938 Cached:2923.5 MB
2020-01-13 11:15:24,612 ==> Epoch[27](350/534): Loss: 0.0549
2020-01-13 11:15:24,614 Allocated:120.53369140625 MB
2020-01-13 11:15:24,614 Cached:2923.5 MB
2020-01-13 11:15:35,029 ====> Building Cache
2020-01-13 11:15:35,030 feature cache--->>> /home/annora/NetVLAD/output/train_feat_cache0.hdf5
2020-01-13 11:17:22,408 Allocated:121.408203125 MB
2020-01-13 11:17:22,408 Cached:2972.625 MB
2020-01-13 11:19:18,912 ==> Epoch[27](400/534): Loss: 0.0095
2020-01-13 11:19:18,914 Allocated:121.03369140625 MB
2020-01-13 11:19:18,914 Cached:2976.625 MB
2020-01-13 11:21:02,402 ==> Epoch[27](450/534): Loss: 0.0095
2020-01-13 11:21:02,403 Allocated:122.03369140625 MB
2020-01-13 11:21:02,403 Cached:2976.625 MB
2020-01-13 11:22:37,054 ==> Epoch[27](500/534): Loss: 0.0296
2020-01-13 11:22:37,056 Allocated:120.53369140625 MB
2020-01-13 11:22:37,056 Cached:2976.625 MB
2020-01-13 11:23:44,187 ===> Epoch 27 Complete: Avg. Loss: 0.0211
2020-01-13 11:23:44,189 ====> Extracting Features
2020-01-13 11:24:32,646 ==> Batch (50/108)
2020-01-13 11:25:03,280 ==> Batch (100/108)
2020-01-13 11:25:06,589 ====> Building faiss index
2020-01-13 11:25:06,592 ====> Calculating recall @ N
2020-01-13 11:25:07,052 ====> Recall@1: 0.5330
2020-01-13 11:25:07,053 ====> Recall@2: 0.5899
2020-01-13 11:25:07,054 ====> Recall@3: 0.6249
2020-01-13 11:25:07,054 ====> Recall@4: 0.6391
2020-01-13 11:25:07,054 ====> Recall@5: 0.6519
2020-01-13 11:25:07,054 ====> Recall@10: 0.6817
2020-01-13 11:25:07,055 ====> Recall@15: 0.7003
2020-01-13 11:25:07,055 ====> Recall@20: 0.7148
2020-01-13 11:25:07,055 ====> Recall@25: 0.7258
2020-01-13 11:25:07,432 ====> Building Cache
2020-01-13 11:25:07,432 feature cache--->>> /home/annora/NetVLAD/output/train_feat_cache0.hdf5
2020-01-13 11:26:51,947 Allocated:119.53369140625 MB
2020-01-13 11:26:51,947 Cached:4192.625 MB
2020-01-13 11:31:02,605 ==> Epoch[28](100/534): Loss: 0.0493
2020-01-13 11:31:02,607 Allocated:121.53369140625 MB
2020-01-13 11:31:02,608 Cached:4198.625 MB
2020-01-13 11:32:32,801 ==> Epoch[28](150/534): Loss: 0.0294
2020-01-13 11:32:32,803 Allocated:121.90869140625 MB
2020-01-13 11:32:32,804 Cached:4198.625 MB
2020-01-13 11:33:18,994 ====> Building Cache
2020-01-13 11:33:18,995 feature cache--->>> /home/annora/NetVLAD/output/train_feat_cache0.hdf5
2020-01-13 11:34:59,538 Allocated:120.533203125 MB
2020-01-13 11:34:59,538 Cached:2919.5 MB
2020-01-13 11:36:22,094 ==> Epoch[28](200/534): Loss: 0.0285
2020-01-13 11:36:22,096 Allocated:120.65869140625 MB
2020-01-13 11:36:22,096 Cached:2920.5 MB
2020-01-13 11:38:24,453 ==> Epoch[28](250/534): Loss: 0.0046
2020-01-13 11:38:24,455 Allocated:120.65869140625 MB
2020-01-13 11:38:24,455 Cached:2923.5 MB
2020-01-13 11:40:26,201 ==> Epoch[28](300/534): Loss: 0.0145
2020-01-13 11:40:26,202 Allocated:121.53369140625 MB
2020-01-13 11:40:26,203 Cached:2923.5 MB
2020-01-13 11:42:16,701 ==> Epoch[28](350/534): Loss: 0.0062
2020-01-13 11:42:16,703 Allocated:121.53369140625 MB
2020-01-13 11:42:16,703 Cached:2924.5 MB
2020-01-13 11:42:31,884 ====> Building Cache
2020-01-13 11:42:31,885 feature cache--->>> /home/annora/NetVLAD/output/train_feat_cache0.hdf5
2020-01-13 11:44:12,818 Allocated:120.783203125 MB
2020-01-13 11:44:12,819 Cached:2919.5 MB
2020-01-13 11:46:12,532 ==> Epoch[28](400/534): Loss: 0.0000
2020-01-13 11:46:12,534 Allocated:121.03369140625 MB
2020-01-13 11:46:12,535 Cached:2924.5 MB
2020-01-13 11:47:51,239 ==> Epoch[28](450/534): Loss: 0.0406
2020-01-13 11:47:51,241 Allocated:121.65869140625 MB
2020-01-13 11:47:51,241 Cached:2924.5 MB
2020-01-13 11:49:42,000 ==> Epoch[28](500/534): Loss: 0.0288
2020-01-13 11:49:42,002 Allocated:120.53369140625 MB
2020-01-13 11:49:42,002 Cached:2924.5 MB
2020-01-13 11:50:59,098 ===> Epoch 28 Complete: Avg. Loss: 0.0252
2020-01-13 11:50:59,100 ====> Extracting Features
2020-01-13 11:51:48,058 ==> Batch (50/108)
2020-01-13 11:52:16,249 ==> Batch (100/108)
2020-01-13 11:52:20,577 ====> Building faiss index
2020-01-13 11:52:20,580 ====> Calculating recall @ N
2020-01-13 11:52:21,108 ====> Recall@1: 0.5478
2020-01-13 11:52:21,109 ====> Recall@2: 0.5916
2020-01-13 11:52:21,110 ====> Recall@3: 0.6217
2020-01-13 11:52:21,110 ====> Recall@4: 0.6386
2020-01-13 11:52:21,110 ====> Recall@5: 0.6501
2020-01-13 11:52:21,110 ====> Recall@10: 0.6843
2020-01-13 11:52:21,111 ====> Recall@15: 0.7026
2020-01-13 11:52:21,111 ====> Recall@20: 0.7139
2020-01-13 11:52:21,111 ====> Recall@25: 0.7223
2020-01-13 11:52:21,506 ====> Building Cache
2020-01-13 11:52:21,508 feature cache--->>> /home/annora/NetVLAD/output/train_feat_cache0.hdf5
2020-01-13 11:53:58,906 Allocated:119.90869140625 MB
2020-01-13 11:53:58,906 Cached:4245.75 MB
2020-01-13 11:56:03,833 ==> Epoch[29](50/534): Loss: 0.0818
2020-01-13 11:56:03,835 Allocated:121.28369140625 MB
2020-01-13 11:56:03,835 Cached:4251.75 MB
2020-01-13 11:57:35,258 ==> Epoch[29](100/534): Loss: 0.0196
2020-01-13 11:57:35,260 Allocated:121.53369140625 MB
2020-01-13 11:57:35,260 Cached:4251.75 MB
2020-01-13 12:00:33,074 ====> Building Cache
2020-01-13 12:00:33,075 feature cache--->>> /home/annora/NetVLAD/output/train_feat_cache0.hdf5
2020-01-13 12:02:07,772 Allocated:120.533203125 MB
2020-01-13 12:02:07,772 Cached:2919.5 MB
2020-01-13 12:03:36,646 ==> Epoch[29](200/534): Loss: 0.0168
2020-01-13 12:03:36,648 Allocated:121.53369140625 MB
2020-01-13 12:03:36,648 Cached:2920.5 MB
2020-01-13 12:05:25,734 ==> Epoch[29](250/534): Loss: 0.0016
2020-01-13 12:05:25,735 Allocated:121.03369140625 MB
2020-01-13 12:05:25,736 Cached:2924.5 MB
2020-01-13 12:07:07,344 ==> Epoch[29](300/534): Loss: 0.0047
2020-01-13 12:07:07,346 Allocated:121.90869140625 MB
2020-01-13 12:07:07,346 Cached:2924.5 MB
2020-01-13 12:09:10,119 ==> Epoch[29](350/534): Loss: 0.0125
2020-01-13 12:09:10,121 Allocated:121.65869140625 MB
2020-01-13 12:09:10,121 Cached:2924.5 MB
2020-01-13 12:09:25,593 ====> Building Cache
2020-01-13 12:09:25,594 feature cache--->>> /home/annora/NetVLAD/output/train_feat_cache0.hdf5
2020-01-13 12:11:14,796 Allocated:122.283203125 MB
2020-01-13 12:11:14,796 Cached:2919.5 MB
2020-01-13 12:13:24,353 ==> Epoch[29](400/534): Loss: 0.0126
2020-01-13 12:13:24,355 Allocated:122.03369140625 MB
2020-01-13 12:13:24,355 Cached:2924.5 MB
2020-01-13 12:14:56,969 ==> Epoch[29](450/534): Loss: 0.0071
2020-01-13 12:14:56,970 Allocated:120.53369140625 MB
2020-01-13 12:14:56,970 Cached:2924.5 MB
2020-01-13 12:16:25,356 ==> Epoch[29](500/534): Loss: 0.0000
2020-01-13 12:16:25,358 Allocated:121.03369140625 MB
2020-01-13 12:16:25,358 Cached:2924.5 MB
2020-01-13 12:17:35,488 ===> Epoch 29 Complete: Avg. Loss: 0.0213
2020-01-13 12:17:35,489 ====> Extracting Features
2020-01-13 12:18:26,421 ==> Batch (50/108)
2020-01-13 12:18:54,910 ==> Batch (100/108)
2020-01-13 12:18:59,402 ====> Building faiss index
2020-01-13 12:18:59,404 ====> Calculating recall @ N
2020-01-13 12:18:59,887 ====> Recall@1: 0.5377
2020-01-13 12:18:59,887 ====> Recall@2: 0.5841
2020-01-13 12:18:59,888 ====> Recall@3: 0.6226
2020-01-13 12:18:59,888 ====> Recall@4: 0.6414
2020-01-13 12:18:59,888 ====> Recall@5: 0.6525
2020-01-13 12:18:59,888 ====> Recall@10: 0.6878
2020-01-13 12:18:59,889 ====> Recall@15: 0.7061
2020-01-13 12:18:59,889 ====> Recall@20: 0.7151
2020-01-13 12:18:59,889 ====> Recall@25: 0.7249
2020-01-13 12:19:00,260 ====> Building Cache
2020-01-13 12:19:00,261 feature cache--->>> /home/annora/NetVLAD/output/train_feat_cache0.hdf5
2020-01-13 12:20:36,726 Allocated:118.53369140625 MB
2020-01-13 12:20:36,726 Cached:4245.75 MB
2020-01-13 12:22:51,039 ==> Epoch[30](50/534): Loss: 0.0060
2020-01-13 12:22:51,041 Allocated:121.53369140625 MB
2020-01-13 12:22:51,041 Cached:4251.75 MB
2020-01-13 12:24:35,145 ==> Epoch[30](100/534): Loss: 0.0000
2020-01-13 12:24:35,147 Allocated:121.53369140625 MB
2020-01-13 12:24:35,147 Cached:4251.75 MB
2020-01-13 12:25:58,786 ==> Epoch[30](150/534): Loss: 0.0007
2020-01-13 12:25:58,787 Allocated:120.53369140625 MB
2020-01-13 12:25:58,788 Cached:4251.75 MB
2020-01-13 12:26:52,653 ====> Building Cache
2020-01-13 12:26:52,654 feature cache--->>> /home/annora/NetVLAD/output/train_feat_cache0.hdf5
2020-01-13 12:28:35,564 Allocated:121.033203125 MB
2020-01-13 12:28:35,564 Cached:2919.5 MB
2020-01-13 12:30:01,340 ==> Epoch[30](200/534): Loss: 0.0096
2020-01-13 12:30:01,342 Allocated:120.53369140625 MB
2020-01-13 12:30:01,342 Cached:2923.5 MB
2020-01-13 12:31:50,415 ==> Epoch[30](250/534): Loss: 0.0135
2020-01-13 12:31:50,417 Allocated:121.40869140625 MB
2020-01-13 12:31:50,417 Cached:2923.5 MB
2020-01-13 12:33:36,195 ==> Epoch[30](300/534): Loss: 0.0749
2020-01-13 12:33:36,197 Allocated:122.65869140625 MB
2020-01-13 12:33:36,197 Cached:2923.5 MB
2020-01-13 12:35:21,294 ==> Epoch[30](350/534): Loss: 0.0000
2020-01-13 12:35:21,295 Allocated:121.28369140625 MB
2020-01-13 12:35:21,295 Cached:2923.5 MB
2020-01-13 12:35:34,357 ====> Building Cache
2020-01-13 12:35:34,358 feature cache--->>> /home/annora/NetVLAD/output/train_feat_cache0.hdf5
2020-01-13 12:37:16,630 Allocated:120.533203125 MB
2020-01-13 12:37:16,630 Cached:2919.5 MB
2020-01-13 12:39:10,872 ==> Epoch[30](400/534): Loss: 0.0177
2020-01-13 12:39:10,873 Allocated:120.53369140625 MB
2020-01-13 12:39:10,874 Cached:2923.5 MB
2020-01-13 12:40:41,439 ==> Epoch[30](450/534): Loss: 0.0000
2020-01-13 12:40:41,441 Allocated:120.53369140625 MB
2020-01-13 12:40:41,441 Cached:2923.5 MB
2020-01-13 12:42:53,690 ===> Epoch 30 Complete: Avg. Loss: 0.0217
2020-01-13 12:42:53,692 ====> Extracting Features
2020-01-13 12:43:32,593 ==> Batch (50/108)
2020-01-13 12:44:02,779 ==> Batch (100/108)
2020-01-13 12:44:07,230 ====> Building faiss index
2020-01-13 12:44:07,233 ====> Calculating recall @ N
2020-01-13 12:44:07,731 ====> Recall@1: 0.5322
2020-01-13 12:44:07,731 ====> Recall@2: 0.5791
2020-01-13 12:44:07,732 ====> Recall@3: 0.6128
2020-01-13 12:44:07,732 ====> Recall@4: 0.6386
2020-01-13 12:44:07,732 ====> Recall@5: 0.6501
2020-01-13 12:44:07,733 ====> Recall@10: 0.6887
2020-01-13 12:44:07,733 ====> Recall@15: 0.7049
2020-01-13 12:44:07,733 ====> Recall@20: 0.7174
2020-01-13 12:44:07,733 ====> Recall@25: 0.7264
2020-01-13 12:44:08,070 Performance did not improve for 10 epochs. Stopping.
2020-01-13 12:44:08,071 => Best Recall@5: 0.6643
