2020-01-14 09:58:15,745 Namespace(arch='alexnet', batchSize=12, cacheBatchSize=96, cachePath='/home/annora/NetVLAD/output/', cacheRefreshRate=3000, ckpt='best', contilearn=False, dataPath='/home/annora/NetVLAD/output/data/', dataset='robotcar', evalEvery=1, fromscratch=True, fromtask='', lr=0.001, lrGamma=0.5, lrStep=5, margin=0.1, mode='train', momentum=0.9, nEpochs=30, nGPU=1, nocuda=False, num_clusters=64, optim='SGD', patience=10, pooling='netvlad', premodel='imagenet', resume='', runsPath='/home/annora/NetVLAD/output/runs/', savePath='checkpoints', seed=123, split='val', start_epoch=0, threads=8, vladv2=False, weightDecay=0.001)
2020-01-14 09:58:15,779 ===> Loading dataset(s)
2020-01-14 09:58:15,779 trainfile ------>>>>>> oxRobocar_doubleN_train.mat
2020-01-14 09:58:18,546 ====> Training set: oxRobocar_doubleN_train.mat, query set count: 6404
2020-01-14 09:58:18,652 ===> Evaluating on val set: oxRobocar_doubleN_val.mat, query count: 3450
2020-01-14 09:58:18,652 ===> Building model
2020-01-14 09:58:18,706 encoder moder:
AlexNet(
  (conv1): Sequential(
    (0): Conv2d(3, 64, kernel_size=(11, 11), stride=(4, 4), padding=(2, 2))
    (1): ReLU(inplace)
    (2): MaxPool2d(kernel_size=3, stride=2, padding=0, dilation=1, ceil_mode=False)
  )
  (conv2): Sequential(
    (0): Conv2d(64, 192, kernel_size=(5, 5), stride=(1, 1), padding=(2, 2))
    (1): ReLU(inplace)
    (2): MaxPool2d(kernel_size=3, stride=2, padding=0, dilation=1, ceil_mode=False)
  )
  (conv3): Sequential(
    (0): Conv2d(192, 384, kernel_size=(3, 3), stride=(1, 1), padding=(1, 1))
    (1): ReLU(inplace)
  )
  (conv4): Sequential(
    (0): Conv2d(384, 256, kernel_size=(3, 3), stride=(1, 1), padding=(1, 1))
    (1): ReLU(inplace)
  )
  (conv5): Sequential(
    (0): Conv2d(256, 256, kernel_size=(3, 3), stride=(1, 1), padding=(1, 1))
  )
)
2020-01-14 09:58:22,791 ===> Training model
2020-01-14 09:58:22,794 ===> Saving state to: /home/annora/NetVLAD/output/runs/2020-01-14-09-58-22_alexnet_netvlad
2020-01-14 09:58:22,794 ====> Building Cache
2020-01-14 09:58:22,794 feature cache--->>> /home/annora/NetVLAD/output/train_feat_cache3.hdf5
2020-01-14 09:59:53,497 Allocated:11.71826171875 MB
2020-01-14 09:59:53,498 Cached:2776.125 MB
2020-01-14 10:02:27,864 ==> Epoch[1](50/534): Loss: 0.1556
2020-01-14 10:02:27,869 Allocated:33.15576171875 MB
2020-01-14 10:02:27,870 Cached:6669.125 MB
2020-01-14 10:03:55,342 ==> Epoch[1](100/534): Loss: 0.0918
2020-01-14 10:03:55,345 Allocated:33.15576171875 MB
2020-01-14 10:03:55,345 Cached:6669.125 MB
2020-01-14 10:05:34,209 ==> Epoch[1](150/534): Loss: 0.0347
2020-01-14 10:05:34,211 Allocated:33.15576171875 MB
2020-01-14 10:05:34,211 Cached:6669.125 MB
2020-01-14 10:06:30,855 ====> Building Cache
2020-01-14 10:06:30,856 feature cache--->>> /home/annora/NetVLAD/output/train_feat_cache3.hdf5
2020-01-14 10:08:00,106 Allocated:33.1552734375 MB
2020-01-14 10:08:00,107 Cached:3384.375 MB
2020-01-14 10:09:31,637 ==> Epoch[1](200/534): Loss: 0.1314
2020-01-14 10:09:31,639 Allocated:33.15576171875 MB
2020-01-14 10:09:31,640 Cached:7274.375 MB
2020-01-14 10:11:29,989 ==> Epoch[1](250/534): Loss: 0.0683
2020-01-14 10:11:29,992 Allocated:33.15576171875 MB
2020-01-14 10:11:29,992 Cached:7274.375 MB
2020-01-14 10:13:10,668 ==> Epoch[1](300/534): Loss: 0.1095
2020-01-14 10:13:10,669 Allocated:33.15576171875 MB
2020-01-14 10:13:10,670 Cached:7274.375 MB
2020-01-14 10:14:41,463 ==> Epoch[1](350/534): Loss: 0.1355
2020-01-14 10:14:41,465 Allocated:33.15576171875 MB
2020-01-14 10:14:41,465 Cached:7274.375 MB
2020-01-14 10:14:53,280 ====> Building Cache
2020-01-14 10:14:53,281 feature cache--->>> /home/annora/NetVLAD/output/train_feat_cache3.hdf5
2020-01-14 10:16:23,954 Allocated:33.1552734375 MB
2020-01-14 10:16:23,955 Cached:3384.375 MB
2020-01-14 10:18:21,519 ==> Epoch[1](400/534): Loss: 0.0859
2020-01-14 10:18:21,521 Allocated:33.15576171875 MB
2020-01-14 10:18:21,521 Cached:3582.375 MB
2020-01-14 10:19:46,492 ==> Epoch[1](450/534): Loss: 0.0486
2020-01-14 10:19:46,495 Allocated:33.15576171875 MB
2020-01-14 10:19:46,495 Cached:3582.375 MB
2020-01-14 10:21:11,594 ==> Epoch[1](500/534): Loss: 0.0866
2020-01-14 10:21:11,597 Allocated:33.15576171875 MB
2020-01-14 10:21:11,598 Cached:3582.375 MB
2020-01-14 10:22:28,721 ===> Epoch 1 Complete: Avg. Loss: 0.1062
2020-01-14 10:22:28,723 ====> Extracting Features
2020-01-14 10:23:06,639 ==> Batch (50/108)
2020-01-14 10:23:30,713 ==> Batch (100/108)
2020-01-14 10:23:35,158 ====> Building faiss index
2020-01-14 10:23:35,521 ====> Calculating recall @ N
2020-01-14 10:23:37,969 ====> Recall@1: 0.3226
2020-01-14 10:23:37,969 ====> Recall@2: 0.3791
2020-01-14 10:23:37,970 ====> Recall@3: 0.4072
2020-01-14 10:23:37,971 ====> Recall@4: 0.4261
2020-01-14 10:23:37,971 ====> Recall@5: 0.4417
2020-01-14 10:23:37,971 ====> Recall@10: 0.4919
2020-01-14 10:23:37,971 ====> Recall@15: 0.5183
2020-01-14 10:23:37,971 ====> Recall@20: 0.5397
2020-01-14 10:23:37,972 ====> Recall@25: 0.5513
2020-01-14 10:23:38,075 ====> Building Cache
2020-01-14 10:23:38,076 feature cache--->>> /home/annora/NetVLAD/output/train_feat_cache3.hdf5
2020-01-14 10:25:06,850 Allocated:31.15576171875 MB
2020-01-14 10:25:06,850 Cached:4239.125 MB
2020-01-14 10:27:06,508 ==> Epoch[2](50/534): Loss: 0.0527
2020-01-14 10:27:06,511 Allocated:33.15576171875 MB
2020-01-14 10:27:06,511 Cached:3173.625 MB
2020-01-14 10:28:29,745 ==> Epoch[2](100/534): Loss: 0.0249
2020-01-14 10:28:29,748 Allocated:33.15576171875 MB
2020-01-14 10:28:29,748 Cached:8279.875 MB
2020-01-14 10:29:53,571 ==> Epoch[2](150/534): Loss: 0.0421
2020-01-14 10:29:53,573 Allocated:33.15576171875 MB
2020-01-14 10:29:53,573 Cached:8279.875 MB
2020-01-14 10:30:42,943 ====> Building Cache
2020-01-14 10:30:42,945 feature cache--->>> /home/annora/NetVLAD/output/train_feat_cache3.hdf5
2020-01-14 10:32:16,540 Allocated:33.1552734375 MB
2020-01-14 10:32:16,541 Cached:3384.375 MB
2020-01-14 10:33:25,343 ==> Epoch[2](200/534): Loss: 0.1078
2020-01-14 10:33:25,345 Allocated:33.15576171875 MB
2020-01-14 10:33:25,346 Cached:5876.5 MB
2020-01-14 10:35:10,144 ==> Epoch[2](250/534): Loss: 0.1175
2020-01-14 10:35:10,146 Allocated:33.15576171875 MB
2020-01-14 10:35:10,146 Cached:5876.5 MB
2020-01-14 10:36:38,944 ==> Epoch[2](300/534): Loss: 0.0189
2020-01-14 10:36:38,946 Allocated:33.15576171875 MB
2020-01-14 10:36:38,946 Cached:9714.625 MB
2020-01-14 10:38:11,355 ==> Epoch[2](350/534): Loss: 0.1268
2020-01-14 10:38:11,359 Allocated:33.15576171875 MB
2020-01-14 10:38:11,359 Cached:9714.625 MB
2020-01-14 10:38:19,873 ====> Building Cache
2020-01-14 10:38:19,875 feature cache--->>> /home/annora/NetVLAD/output/train_feat_cache3.hdf5
2020-01-14 10:40:05,966 Allocated:33.1552734375 MB
2020-01-14 10:40:05,971 Cached:3384.375 MB
2020-01-14 10:42:17,476 ==> Epoch[2](400/534): Loss: 0.0458
2020-01-14 10:42:17,480 Allocated:33.15576171875 MB
2020-01-14 10:42:17,480 Cached:5795.875 MB
2020-01-14 10:43:49,640 ==> Epoch[2](450/534): Loss: 0.0754
2020-01-14 10:43:49,644 Allocated:33.15576171875 MB
2020-01-14 10:43:49,644 Cached:7013.75 MB
2020-01-14 10:45:04,661 ==> Epoch[2](500/534): Loss: 0.0063
2020-01-14 10:45:04,664 Allocated:33.15576171875 MB
2020-01-14 10:45:04,664 Cached:8270.875 MB
2020-01-14 10:46:04,025 ===> Epoch 2 Complete: Avg. Loss: 0.0777
2020-01-14 10:46:04,027 ====> Extracting Features
2020-01-14 10:46:41,143 ==> Batch (50/108)
2020-01-14 10:47:07,856 ==> Batch (100/108)
2020-01-14 10:47:14,276 ====> Building faiss index
2020-01-14 10:47:14,692 ====> Calculating recall @ N
2020-01-14 10:47:17,085 ====> Recall@1: 0.4458
2020-01-14 10:47:17,086 ====> Recall@2: 0.5029
2020-01-14 10:47:17,086 ====> Recall@3: 0.5278
2020-01-14 10:47:17,087 ====> Recall@4: 0.5432
2020-01-14 10:47:17,087 ====> Recall@5: 0.5571
2020-01-14 10:47:17,087 ====> Recall@10: 0.5916
2020-01-14 10:47:17,087 ====> Recall@15: 0.6125
2020-01-14 10:47:17,088 ====> Recall@20: 0.6299
2020-01-14 10:47:17,088 ====> Recall@25: 0.6438
2020-01-14 10:47:17,328 ====> Building Cache
2020-01-14 10:47:17,329 feature cache--->>> /home/annora/NetVLAD/output/train_feat_cache3.hdf5
2020-01-14 10:49:03,842 Allocated:31.15576171875 MB
2020-01-14 10:49:03,843 Cached:4239.125 MB
2020-01-14 10:51:38,507 ==> Epoch[3](50/534): Loss: 0.0270
2020-01-14 10:51:38,511 Allocated:33.15576171875 MB
2020-01-14 10:51:38,512 Cached:7914.0 MB
2020-01-14 10:53:18,941 ==> Epoch[3](100/534): Loss: 0.0822
2020-01-14 10:53:18,946 Allocated:33.15576171875 MB
2020-01-14 10:53:18,946 Cached:7914.0 MB
2020-01-14 10:54:33,363 ==> Epoch[3](150/534): Loss: 0.0188
2020-01-14 10:54:33,366 Allocated:33.15576171875 MB
2020-01-14 10:54:33,366 Cached:7914.0 MB
2020-01-14 10:55:13,878 ====> Building Cache
2020-01-14 10:55:13,880 feature cache--->>> /home/annora/NetVLAD/output/train_feat_cache3.hdf5
2020-01-14 10:56:56,422 Allocated:33.1552734375 MB
2020-01-14 10:56:56,423 Cached:3384.375 MB
2020-01-14 10:58:08,622 ==> Epoch[3](200/534): Loss: 0.1387
2020-01-14 10:58:08,625 Allocated:33.15576171875 MB
2020-01-14 10:58:08,626 Cached:5784.0 MB
2020-01-14 10:59:51,768 ==> Epoch[3](250/534): Loss: 0.1742
2020-01-14 10:59:51,773 Allocated:33.15576171875 MB
2020-01-14 10:59:51,773 Cached:5784.0 MB
2020-01-14 11:01:40,015 ==> Epoch[3](300/534): Loss: 0.0855
2020-01-14 11:01:40,019 Allocated:33.15576171875 MB
2020-01-14 11:01:40,020 Cached:5784.0 MB
2020-01-14 11:02:55,434 ==> Epoch[3](350/534): Loss: 0.1581
2020-01-14 11:02:55,436 Allocated:33.15576171875 MB
2020-01-14 11:02:55,436 Cached:9659.0 MB
2020-01-14 11:03:08,038 ====> Building Cache
2020-01-14 11:03:08,039 feature cache--->>> /home/annora/NetVLAD/output/train_feat_cache3.hdf5
2020-01-14 11:04:39,255 Allocated:33.1552734375 MB
2020-01-14 11:04:39,256 Cached:3384.375 MB
2020-01-14 11:06:40,710 ==> Epoch[3](400/534): Loss: 0.0333
2020-01-14 11:06:40,712 Allocated:33.15576171875 MB
2020-01-14 11:06:40,712 Cached:5714.125 MB
2020-01-14 11:07:56,749 ==> Epoch[3](450/534): Loss: 0.0646
2020-01-14 11:07:56,750 Allocated:33.15576171875 MB
2020-01-14 11:07:56,751 Cached:6940.375 MB
2020-01-14 11:09:17,163 ==> Epoch[3](500/534): Loss: 0.0665
2020-01-14 11:09:17,165 Allocated:33.15576171875 MB
2020-01-14 11:09:17,166 Cached:6940.375 MB
2020-01-14 11:10:13,196 ===> Epoch 3 Complete: Avg. Loss: 0.0720
2020-01-14 11:10:13,198 ====> Extracting Features
2020-01-14 11:10:52,730 ==> Batch (50/108)
2020-01-14 11:11:19,773 ==> Batch (100/108)
2020-01-14 11:11:26,743 ====> Building faiss index
2020-01-14 11:11:27,143 ====> Calculating recall @ N
2020-01-14 11:11:29,651 ====> Recall@1: 0.4974
2020-01-14 11:11:29,652 ====> Recall@2: 0.5328
2020-01-14 11:11:29,653 ====> Recall@3: 0.5554
2020-01-14 11:11:29,654 ====> Recall@4: 0.5670
2020-01-14 11:11:29,654 ====> Recall@5: 0.5777
2020-01-14 11:11:29,655 ====> Recall@10: 0.6148
2020-01-14 11:11:29,655 ====> Recall@15: 0.6429
2020-01-14 11:11:29,655 ====> Recall@20: 0.6597
2020-01-14 11:11:29,655 ====> Recall@25: 0.6748
2020-01-14 11:11:29,949 ====> Building Cache
2020-01-14 11:11:29,950 feature cache--->>> /home/annora/NetVLAD/output/train_feat_cache3.hdf5
2020-01-14 11:13:33,746 Allocated:31.15576171875 MB
2020-01-14 11:13:33,746 Cached:4239.125 MB
2020-01-14 11:15:41,134 ==> Epoch[4](50/534): Loss: 0.0261
2020-01-14 11:15:41,138 Allocated:33.15576171875 MB
2020-01-14 11:15:41,138 Cached:7672.0 MB
2020-01-14 11:17:11,883 ==> Epoch[4](100/534): Loss: 0.0313
2020-01-14 11:17:11,886 Allocated:33.15576171875 MB
2020-01-14 11:17:11,887 Cached:8855.75 MB
2020-01-14 11:18:25,970 ==> Epoch[4](150/534): Loss: 0.0325
2020-01-14 11:18:25,973 Allocated:33.15576171875 MB
2020-01-14 11:18:25,973 Cached:8855.75 MB
2020-01-14 11:19:17,300 ====> Building Cache
2020-01-14 11:19:17,300 feature cache--->>> /home/annora/NetVLAD/output/train_feat_cache3.hdf5
2020-01-14 11:21:19,109 Allocated:33.1552734375 MB
2020-01-14 11:21:19,109 Cached:3384.375 MB
2020-01-14 11:22:31,953 ==> Epoch[4](200/534): Loss: 0.1382
2020-01-14 11:22:31,956 Allocated:33.15576171875 MB
2020-01-14 11:22:31,956 Cached:4586.5 MB
2020-01-14 11:23:55,369 ==> Epoch[4](250/534): Loss: 0.1093
2020-01-14 11:23:55,375 Allocated:33.15576171875 MB
2020-01-14 11:23:55,376 Cached:7033.75 MB
2020-01-14 11:25:28,352 ==> Epoch[4](300/534): Loss: 0.1311
2020-01-14 11:25:28,354 Allocated:33.15576171875 MB
2020-01-14 11:25:28,355 Cached:8283.5 MB
2020-01-14 11:26:45,164 ==> Epoch[4](350/534): Loss: 0.0809
2020-01-14 11:26:45,166 Allocated:33.15576171875 MB
2020-01-14 11:26:45,166 Cached:8283.5 MB
2020-01-14 11:26:56,140 ====> Building Cache
2020-01-14 11:26:56,140 feature cache--->>> /home/annora/NetVLAD/output/train_feat_cache3.hdf5
2020-01-14 11:28:26,496 Allocated:33.1552734375 MB
2020-01-14 11:28:26,497 Cached:3384.375 MB
2020-01-14 11:30:42,547 ==> Epoch[4](400/534): Loss: 0.0805
2020-01-14 11:30:42,550 Allocated:33.15576171875 MB
2020-01-14 11:30:42,550 Cached:6963.625 MB
2020-01-14 11:32:16,112 ==> Epoch[4](450/534): Loss: 0.0217
2020-01-14 11:32:16,115 Allocated:33.15576171875 MB
2020-01-14 11:32:16,115 Cached:8216.5 MB
2020-01-14 11:33:48,537 ==> Epoch[4](500/534): Loss: 0.0796
2020-01-14 11:33:48,540 Allocated:33.15576171875 MB
2020-01-14 11:33:48,540 Cached:8216.5 MB
2020-01-14 11:34:51,805 ===> Epoch 4 Complete: Avg. Loss: 0.0638
2020-01-14 11:34:51,807 ====> Extracting Features
2020-01-14 11:35:29,954 ==> Batch (50/108)
2020-01-14 11:35:54,873 ==> Batch (100/108)
2020-01-14 11:35:59,647 ====> Building faiss index
2020-01-14 11:36:00,014 ====> Calculating recall @ N
2020-01-14 11:36:03,071 ====> Recall@1: 0.5412
2020-01-14 11:36:03,071 ====> Recall@2: 0.5728
2020-01-14 11:36:03,072 ====> Recall@3: 0.5977
2020-01-14 11:36:03,073 ====> Recall@4: 0.6148
2020-01-14 11:36:03,073 ====> Recall@5: 0.6267
2020-01-14 11:36:03,073 ====> Recall@10: 0.6658
2020-01-14 11:36:03,074 ====> Recall@15: 0.6896
2020-01-14 11:36:03,074 ====> Recall@20: 0.7017
2020-01-14 11:36:03,075 ====> Recall@25: 0.7101
2020-01-14 11:36:03,270 ====> Building Cache
2020-01-14 11:36:03,271 feature cache--->>> /home/annora/NetVLAD/output/train_feat_cache3.hdf5
2020-01-14 11:37:33,502 Allocated:31.15576171875 MB
2020-01-14 11:37:33,503 Cached:4239.125 MB
2020-01-14 11:39:40,821 ==> Epoch[5](50/534): Loss: 0.0134
2020-01-14 11:39:40,824 Allocated:33.15576171875 MB
2020-01-14 11:39:40,825 Cached:4249.125 MB
2020-01-14 11:41:13,321 ==> Epoch[5](100/534): Loss: 0.0183
2020-01-14 11:41:13,324 Allocated:33.15576171875 MB
2020-01-14 11:41:13,324 Cached:5471.0 MB
2020-01-14 11:42:30,097 ==> Epoch[5](150/534): Loss: 0.0014
2020-01-14 11:42:30,099 Allocated:33.15576171875 MB
2020-01-14 11:42:30,099 Cached:5471.0 MB
2020-01-14 11:43:10,762 ====> Building Cache
2020-01-14 11:43:10,763 feature cache--->>> /home/annora/NetVLAD/output/train_feat_cache3.hdf5
2020-01-14 11:44:41,147 Allocated:33.1552734375 MB
2020-01-14 11:44:41,148 Cached:3384.375 MB
2020-01-14 11:45:45,333 ==> Epoch[5](200/534): Loss: 0.1540
2020-01-14 11:45:45,338 Allocated:33.15576171875 MB
2020-01-14 11:45:45,338 Cached:3394.375 MB
2020-01-14 11:46:57,382 ==> Epoch[5](250/534): Loss: 0.2607
2020-01-14 11:46:57,385 Allocated:33.15576171875 MB
2020-01-14 11:46:57,385 Cached:3394.375 MB
2020-01-14 11:48:20,142 ==> Epoch[5](300/534): Loss: 0.0799
2020-01-14 11:48:20,145 Allocated:33.15576171875 MB
2020-01-14 11:48:20,145 Cached:4586.5 MB
2020-01-14 11:49:35,554 ==> Epoch[5](350/534): Loss: 0.0638
2020-01-14 11:49:35,556 Allocated:33.15576171875 MB
2020-01-14 11:49:35,556 Cached:4586.5 MB
2020-01-14 11:49:44,196 ====> Building Cache
2020-01-14 11:49:44,197 feature cache--->>> /home/annora/NetVLAD/output/train_feat_cache3.hdf5
2020-01-14 11:51:20,245 Allocated:33.1552734375 MB
2020-01-14 11:51:20,246 Cached:3384.375 MB
2020-01-14 11:53:17,954 ==> Epoch[5](400/534): Loss: 0.0180
2020-01-14 11:53:17,956 Allocated:33.15576171875 MB
2020-01-14 11:53:17,957 Cached:5720.5 MB
2020-01-14 11:54:38,209 ==> Epoch[5](450/534): Loss: 0.0339
2020-01-14 11:54:38,211 Allocated:33.15576171875 MB
2020-01-14 11:54:38,211 Cached:5720.5 MB
2020-01-14 11:55:49,074 ==> Epoch[5](500/534): Loss: 0.0996
2020-01-14 11:55:49,076 Allocated:33.15576171875 MB
2020-01-14 11:55:49,076 Cached:5720.5 MB
2020-01-14 11:56:37,389 ===> Epoch 5 Complete: Avg. Loss: 0.0750
2020-01-14 11:56:37,392 ====> Extracting Features
2020-01-14 11:57:14,335 ==> Batch (50/108)
2020-01-14 11:57:39,597 ==> Batch (100/108)
2020-01-14 11:57:44,568 ====> Building faiss index
2020-01-14 11:57:44,932 ====> Calculating recall @ N
2020-01-14 11:57:47,215 ====> Recall@1: 0.5067
2020-01-14 11:57:47,215 ====> Recall@2: 0.5461
2020-01-14 11:57:47,216 ====> Recall@3: 0.5681
2020-01-14 11:57:47,216 ====> Recall@4: 0.5893
2020-01-14 11:57:47,216 ====> Recall@5: 0.6017
2020-01-14 11:57:47,216 ====> Recall@10: 0.6536
2020-01-14 11:57:47,216 ====> Recall@15: 0.6817
2020-01-14 11:57:47,217 ====> Recall@20: 0.6971
2020-01-14 11:57:47,217 ====> Recall@25: 0.7099
2020-01-14 11:57:47,341 ====> Building Cache
2020-01-14 11:57:47,342 feature cache--->>> /home/annora/NetVLAD/output/train_feat_cache3.hdf5
2020-01-14 11:59:17,023 Allocated:31.15576171875 MB
2020-01-14 11:59:17,024 Cached:4239.125 MB
2020-01-14 12:01:15,564 ==> Epoch[6](50/534): Loss: 0.0564
2020-01-14 12:01:15,566 Allocated:33.15576171875 MB
2020-01-14 12:01:15,567 Cached:4249.125 MB
2020-01-14 12:02:54,582 ==> Epoch[6](100/534): Loss: 0.0664
2020-01-14 12:02:54,584 Allocated:33.15576171875 MB
2020-01-14 12:02:54,585 Cached:4249.125 MB
2020-01-14 12:04:19,130 ==> Epoch[6](150/534): Loss: 0.0696
2020-01-14 12:04:19,132 Allocated:33.15576171875 MB
2020-01-14 12:04:19,132 Cached:4249.125 MB
2020-01-14 12:05:11,379 ====> Building Cache
2020-01-14 12:05:11,380 feature cache--->>> /home/annora/NetVLAD/output/train_feat_cache3.hdf5
2020-01-14 12:06:43,784 Allocated:33.1552734375 MB
2020-01-14 12:06:43,784 Cached:3384.375 MB
2020-01-14 12:07:52,613 ==> Epoch[6](200/534): Loss: 0.1283
2020-01-14 12:07:52,616 Allocated:33.15576171875 MB
2020-01-14 12:07:52,616 Cached:4533.5 MB
2020-01-14 12:09:07,380 ==> Epoch[6](250/534): Loss: 0.1774
2020-01-14 12:09:07,383 Allocated:33.15576171875 MB
2020-01-14 12:09:07,384 Cached:5738.375 MB
2020-01-14 12:10:25,142 ==> Epoch[6](300/534): Loss: 0.1311
2020-01-14 12:10:25,146 Allocated:33.15576171875 MB
2020-01-14 12:10:25,146 Cached:5738.375 MB
2020-01-14 12:11:36,054 ==> Epoch[6](350/534): Loss: 0.0657
2020-01-14 12:11:36,056 Allocated:33.15576171875 MB
2020-01-14 12:11:36,057 Cached:5738.375 MB
2020-01-14 12:11:46,442 ====> Building Cache
2020-01-14 12:11:46,443 feature cache--->>> /home/annora/NetVLAD/output/train_feat_cache3.hdf5
2020-01-14 12:13:16,455 Allocated:33.1552734375 MB
2020-01-14 12:13:16,456 Cached:3384.375 MB
2020-01-14 12:14:55,879 ==> Epoch[6](400/534): Loss: 0.0697
2020-01-14 12:14:55,882 Allocated:33.15576171875 MB
2020-01-14 12:14:55,882 Cached:4550.5 MB
2020-01-14 12:16:09,871 ==> Epoch[6](450/534): Loss: 0.0380
2020-01-14 12:16:09,873 Allocated:33.15576171875 MB
2020-01-14 12:16:09,873 Cached:6910.625 MB
2020-01-14 12:17:21,062 ==> Epoch[6](500/534): Loss: 0.0381
2020-01-14 12:17:21,064 Allocated:33.15576171875 MB
2020-01-14 12:17:21,064 Cached:6910.625 MB
2020-01-14 12:18:14,858 ===> Epoch 6 Complete: Avg. Loss: 0.0688
2020-01-14 12:18:14,868 ====> Extracting Features
2020-01-14 12:18:52,261 ==> Batch (50/108)
2020-01-14 12:19:16,295 ==> Batch (100/108)
2020-01-14 12:19:21,978 ====> Building faiss index
2020-01-14 12:19:22,514 ====> Calculating recall @ N
2020-01-14 12:19:25,008 ====> Recall@1: 0.4055
2020-01-14 12:19:25,009 ====> Recall@2: 0.4420
2020-01-14 12:19:25,009 ====> Recall@3: 0.4672
2020-01-14 12:19:25,010 ====> Recall@4: 0.4846
2020-01-14 12:19:25,010 ====> Recall@5: 0.4997
2020-01-14 12:19:25,010 ====> Recall@10: 0.5380
2020-01-14 12:19:25,010 ====> Recall@15: 0.5646
2020-01-14 12:19:25,011 ====> Recall@20: 0.5852
2020-01-14 12:19:25,011 ====> Recall@25: 0.6043
2020-01-14 12:19:25,159 ====> Building Cache
2020-01-14 12:19:25,160 feature cache--->>> /home/annora/NetVLAD/output/train_feat_cache3.hdf5
2020-01-14 12:21:01,474 Allocated:31.15576171875 MB
2020-01-14 12:21:01,474 Cached:4239.125 MB
2020-01-14 12:23:20,157 ==> Epoch[7](50/534): Loss: 0.0344
2020-01-14 12:23:20,160 Allocated:33.15576171875 MB
2020-01-14 12:23:20,160 Cached:4249.125 MB
2020-01-14 12:24:34,353 ==> Epoch[7](100/534): Loss: 0.0511
2020-01-14 12:24:34,356 Allocated:33.15576171875 MB
2020-01-14 12:24:34,356 Cached:4249.125 MB
2020-01-14 12:25:39,749 ==> Epoch[7](150/534): Loss: 0.0044
2020-01-14 12:25:39,751 Allocated:33.15576171875 MB
2020-01-14 12:25:39,752 Cached:4249.125 MB
2020-01-14 12:26:19,994 ====> Building Cache
2020-01-14 12:26:19,995 feature cache--->>> /home/annora/NetVLAD/output/train_feat_cache3.hdf5
2020-01-14 12:27:52,007 Allocated:33.1552734375 MB
2020-01-14 12:27:52,008 Cached:3384.375 MB
2020-01-14 12:29:09,883 ==> Epoch[7](200/534): Loss: 0.1749
2020-01-14 12:29:09,885 Allocated:33.15576171875 MB
2020-01-14 12:29:09,885 Cached:3394.375 MB
2020-01-14 12:30:22,589 ==> Epoch[7](250/534): Loss: 0.0244
2020-01-14 12:30:22,592 Allocated:33.15576171875 MB
2020-01-14 12:30:22,593 Cached:3394.375 MB
2020-01-14 12:31:54,420 ==> Epoch[7](300/534): Loss: 0.1265
2020-01-14 12:31:54,424 Allocated:33.15576171875 MB
2020-01-14 12:31:54,424 Cached:3394.375 MB
2020-01-14 12:33:22,074 ==> Epoch[7](350/534): Loss: 0.1242
2020-01-14 12:33:22,075 Allocated:33.15576171875 MB
2020-01-14 12:33:22,076 Cached:3395.375 MB
2020-01-14 12:33:30,462 ====> Building Cache
2020-01-14 12:33:30,463 feature cache--->>> /home/annora/NetVLAD/output/train_feat_cache3.hdf5
2020-01-14 12:35:00,776 Allocated:33.1552734375 MB
2020-01-14 12:35:00,776 Cached:3384.375 MB
2020-01-14 12:36:42,842 ==> Epoch[7](400/534): Loss: 0.0392
2020-01-14 12:36:42,844 Allocated:33.15576171875 MB
2020-01-14 12:36:42,844 Cached:4524.0 MB
2020-01-14 12:38:19,062 ==> Epoch[7](450/534): Loss: 0.0367
2020-01-14 12:38:19,066 Allocated:33.15576171875 MB
2020-01-14 12:38:19,066 Cached:6859.75 MB
2020-01-14 12:39:40,068 ==> Epoch[7](500/534): Loss: 0.0020
2020-01-14 12:39:40,070 Allocated:33.15576171875 MB
2020-01-14 12:39:40,070 Cached:8078.625 MB
2020-01-14 12:40:45,958 ===> Epoch 7 Complete: Avg. Loss: 0.0755
2020-01-14 12:40:45,960 ====> Extracting Features
2020-01-14 12:41:26,592 ==> Batch (50/108)
2020-01-14 12:41:53,180 ==> Batch (100/108)
2020-01-14 12:41:57,884 ====> Building faiss index
2020-01-14 12:41:58,244 ====> Calculating recall @ N
2020-01-14 12:42:00,791 ====> Recall@1: 0.4980
2020-01-14 12:42:00,792 ====> Recall@2: 0.5258
2020-01-14 12:42:00,792 ====> Recall@3: 0.5446
2020-01-14 12:42:00,792 ====> Recall@4: 0.5612
2020-01-14 12:42:00,793 ====> Recall@5: 0.5728
2020-01-14 12:42:00,793 ====> Recall@10: 0.6174
2020-01-14 12:42:00,793 ====> Recall@15: 0.6455
2020-01-14 12:42:00,793 ====> Recall@20: 0.6658
2020-01-14 12:42:00,793 ====> Recall@25: 0.6846
2020-01-14 12:42:00,928 ====> Building Cache
2020-01-14 12:42:00,929 feature cache--->>> /home/annora/NetVLAD/output/train_feat_cache3.hdf5
2020-01-14 12:43:31,477 Allocated:31.15576171875 MB
2020-01-14 12:43:31,478 Cached:4239.125 MB
2020-01-14 12:45:15,104 ==> Epoch[8](50/534): Loss: 0.0170
2020-01-14 12:45:15,107 Allocated:33.15576171875 MB
2020-01-14 12:45:15,107 Cached:4248.125 MB
2020-01-14 12:46:20,299 ==> Epoch[8](100/534): Loss: 0.0125
2020-01-14 12:46:20,301 Allocated:33.15576171875 MB
2020-01-14 12:46:20,302 Cached:4248.125 MB
2020-01-14 12:47:46,807 ==> Epoch[8](150/534): Loss: 0.0248
2020-01-14 12:47:46,810 Allocated:33.15576171875 MB
2020-01-14 12:47:46,811 Cached:4308.125 MB
2020-01-14 12:48:32,472 ====> Building Cache
2020-01-14 12:48:32,473 feature cache--->>> /home/annora/NetVLAD/output/train_feat_cache3.hdf5
2020-01-14 12:50:07,549 Allocated:33.1552734375 MB
2020-01-14 12:50:07,550 Cached:3384.375 MB
2020-01-14 12:51:32,915 ==> Epoch[8](200/534): Loss: 0.1027
2020-01-14 12:51:32,918 Allocated:33.15576171875 MB
2020-01-14 12:51:32,918 Cached:5737.375 MB
2020-01-14 12:53:14,081 ==> Epoch[8](250/534): Loss: 0.1136
2020-01-14 12:53:14,084 Allocated:33.15576171875 MB
2020-01-14 12:53:14,084 Cached:5737.375 MB
2020-01-14 12:54:44,191 ==> Epoch[8](300/534): Loss: 0.0667
2020-01-14 12:54:44,193 Allocated:33.15576171875 MB
2020-01-14 12:54:44,193 Cached:5737.375 MB
2020-01-14 12:56:06,523 ==> Epoch[8](350/534): Loss: 0.0771
2020-01-14 12:56:06,525 Allocated:33.15576171875 MB
2020-01-14 12:56:06,525 Cached:6932.875 MB
2020-01-14 12:56:08,406 ====> Building Cache
2020-01-14 12:56:08,407 feature cache--->>> /home/annora/NetVLAD/output/train_feat_cache3.hdf5
2020-01-14 12:57:39,921 Allocated:33.1552734375 MB
2020-01-14 12:57:39,922 Cached:3384.375 MB
2020-01-14 12:59:29,496 ==> Epoch[8](400/534): Loss: 0.0141
2020-01-14 12:59:29,499 Allocated:33.15576171875 MB
2020-01-14 12:59:29,500 Cached:3393.375 MB
2020-01-14 13:01:02,980 ==> Epoch[8](450/534): Loss: 0.0000
2020-01-14 13:01:02,983 Allocated:33.15576171875 MB
2020-01-14 13:01:02,983 Cached:3393.375 MB
2020-01-14 13:02:39,798 ==> Epoch[8](500/534): Loss: 0.0388
2020-01-14 13:02:39,802 Allocated:33.15576171875 MB
2020-01-14 13:02:39,802 Cached:3394.375 MB
2020-01-14 13:03:51,709 ===> Epoch 8 Complete: Avg. Loss: 0.0593
2020-01-14 13:03:51,710 ====> Extracting Features
2020-01-14 13:04:31,408 ==> Batch (50/108)
2020-01-14 13:04:55,242 ==> Batch (100/108)
2020-01-14 13:04:59,484 ====> Building faiss index
2020-01-14 13:04:59,847 ====> Calculating recall @ N
2020-01-14 13:05:02,111 ====> Recall@1: 0.4881
2020-01-14 13:05:02,111 ====> Recall@2: 0.5151
2020-01-14 13:05:02,112 ====> Recall@3: 0.5322
2020-01-14 13:05:02,112 ====> Recall@4: 0.5525
2020-01-14 13:05:02,112 ====> Recall@5: 0.5672
2020-01-14 13:05:02,112 ====> Recall@10: 0.6142
2020-01-14 13:05:02,113 ====> Recall@15: 0.6397
2020-01-14 13:05:02,113 ====> Recall@20: 0.6591
2020-01-14 13:05:02,113 ====> Recall@25: 0.6707
2020-01-14 13:05:02,239 ====> Building Cache
2020-01-14 13:05:02,239 feature cache--->>> /home/annora/NetVLAD/output/train_feat_cache3.hdf5
2020-01-14 13:06:33,876 Allocated:31.15576171875 MB
2020-01-14 13:06:33,877 Cached:4239.125 MB
2020-01-14 13:08:18,034 ==> Epoch[9](50/534): Loss: 0.0056
2020-01-14 13:08:18,039 Allocated:33.15576171875 MB
2020-01-14 13:08:18,039 Cached:4249.125 MB
2020-01-14 13:09:41,892 ==> Epoch[9](100/534): Loss: 0.0084
2020-01-14 13:09:41,895 Allocated:33.15576171875 MB
2020-01-14 13:09:41,895 Cached:4249.125 MB
2020-01-14 13:11:02,661 ==> Epoch[9](150/534): Loss: 0.0234
2020-01-14 13:11:02,664 Allocated:33.15576171875 MB
2020-01-14 13:11:02,664 Cached:4249.125 MB
2020-01-14 13:11:48,678 ====> Building Cache
2020-01-14 13:11:48,679 feature cache--->>> /home/annora/NetVLAD/output/train_feat_cache3.hdf5
2020-01-14 13:13:19,367 Allocated:33.1552734375 MB
2020-01-14 13:13:19,368 Cached:3384.375 MB
2020-01-14 13:14:36,550 ==> Epoch[9](200/534): Loss: 0.2357
2020-01-14 13:14:36,554 Allocated:33.15576171875 MB
2020-01-14 13:14:36,554 Cached:4583.375 MB
2020-01-14 13:15:50,678 ==> Epoch[9](250/534): Loss: 0.1439
2020-01-14 13:15:50,681 Allocated:33.15576171875 MB
2020-01-14 13:15:50,681 Cached:4639.375 MB
2020-01-14 13:17:05,215 ==> Epoch[9](300/534): Loss: 0.0516
2020-01-14 13:17:05,217 Allocated:33.15576171875 MB
2020-01-14 13:17:05,217 Cached:4639.375 MB
2020-01-14 13:18:10,849 ==> Epoch[9](350/534): Loss: 0.1549
2020-01-14 13:18:10,851 Allocated:33.15576171875 MB
2020-01-14 13:18:10,851 Cached:4639.375 MB
2020-01-14 13:18:22,813 ====> Building Cache
2020-01-14 13:18:22,814 feature cache--->>> /home/annora/NetVLAD/output/train_feat_cache3.hdf5
2020-01-14 13:20:00,314 Allocated:33.1552734375 MB
2020-01-14 13:20:00,315 Cached:3384.375 MB
2020-01-14 13:22:11,935 ==> Epoch[9](400/534): Loss: 0.0213
2020-01-14 13:22:11,939 Allocated:33.15576171875 MB
2020-01-14 13:22:11,939 Cached:5701.375 MB
2020-01-14 13:23:51,066 ==> Epoch[9](450/534): Loss: 0.0572
2020-01-14 13:23:51,070 Allocated:33.15576171875 MB
2020-01-14 13:23:51,071 Cached:6918.0 MB
2020-01-14 13:25:24,278 ==> Epoch[9](500/534): Loss: 0.0033
2020-01-14 13:25:24,281 Allocated:33.15576171875 MB
2020-01-14 13:25:24,281 Cached:6918.0 MB
2020-01-14 13:26:18,077 ===> Epoch 9 Complete: Avg. Loss: 0.0663
2020-01-14 13:26:18,079 ====> Extracting Features
2020-01-14 13:26:56,398 ==> Batch (50/108)
2020-01-14 13:27:20,168 ==> Batch (100/108)
2020-01-14 13:27:24,705 ====> Building faiss index
2020-01-14 13:27:25,054 ====> Calculating recall @ N
2020-01-14 13:27:27,304 ====> Recall@1: 0.4701
2020-01-14 13:27:27,304 ====> Recall@2: 0.5041
2020-01-14 13:27:27,305 ====> Recall@3: 0.5296
2020-01-14 13:27:27,305 ====> Recall@4: 0.5464
2020-01-14 13:27:27,305 ====> Recall@5: 0.5603
2020-01-14 13:27:27,305 ====> Recall@10: 0.6090
2020-01-14 13:27:27,306 ====> Recall@15: 0.6472
2020-01-14 13:27:27,306 ====> Recall@20: 0.6675
2020-01-14 13:27:27,306 ====> Recall@25: 0.6875
2020-01-14 13:27:27,419 ====> Building Cache
2020-01-14 13:27:27,420 feature cache--->>> /home/annora/NetVLAD/output/train_feat_cache3.hdf5
2020-01-14 13:29:00,504 Allocated:31.15576171875 MB
2020-01-14 13:29:00,504 Cached:4239.125 MB
2020-01-14 13:31:15,008 ==> Epoch[10](50/534): Loss: 0.0430
2020-01-14 13:31:15,012 Allocated:33.15576171875 MB
2020-01-14 13:31:15,013 Cached:4308.125 MB
2020-01-14 13:32:49,496 ==> Epoch[10](100/534): Loss: 0.0377
2020-01-14 13:32:49,498 Allocated:33.15576171875 MB
2020-01-14 13:32:49,499 Cached:4308.125 MB
2020-01-14 13:34:41,340 ==> Epoch[10](150/534): Loss: 0.0262
2020-01-14 13:34:41,343 Allocated:33.15576171875 MB
2020-01-14 13:34:41,343 Cached:4308.125 MB
2020-01-14 13:35:17,817 ====> Building Cache
2020-01-14 13:35:17,818 feature cache--->>> /home/annora/NetVLAD/output/train_feat_cache3.hdf5
2020-01-14 13:36:48,285 Allocated:33.1552734375 MB
2020-01-14 13:36:48,285 Cached:3384.375 MB
2020-01-14 13:37:46,477 ==> Epoch[10](200/534): Loss: 0.2460
2020-01-14 13:37:46,479 Allocated:33.15576171875 MB
2020-01-14 13:37:46,480 Cached:3394.375 MB
2020-01-14 13:38:48,607 ==> Epoch[10](250/534): Loss: 0.1454
2020-01-14 13:38:48,610 Allocated:33.15576171875 MB
2020-01-14 13:38:48,610 Cached:3394.375 MB
2020-01-14 13:39:55,227 ==> Epoch[10](300/534): Loss: 0.1155
2020-01-14 13:39:55,229 Allocated:33.15576171875 MB
2020-01-14 13:39:55,230 Cached:3394.375 MB
2020-01-14 13:40:54,650 ==> Epoch[10](350/534): Loss: 0.1702
2020-01-14 13:40:54,652 Allocated:33.15576171875 MB
2020-01-14 13:40:54,652 Cached:3394.375 MB
2020-01-14 13:41:03,911 ====> Building Cache
2020-01-14 13:41:03,912 feature cache--->>> /home/annora/NetVLAD/output/train_feat_cache3.hdf5
2020-01-14 13:42:29,859 Allocated:33.1552734375 MB
2020-01-14 13:42:29,860 Cached:3384.375 MB
2020-01-14 13:44:01,769 ==> Epoch[10](400/534): Loss: 0.0281
2020-01-14 13:44:01,771 Allocated:33.15576171875 MB
2020-01-14 13:44:01,772 Cached:4556.875 MB
2020-01-14 13:45:07,927 ==> Epoch[10](450/534): Loss: 0.0303
2020-01-14 13:45:07,929 Allocated:33.15576171875 MB
2020-01-14 13:45:07,930 Cached:4556.875 MB
2020-01-14 13:46:09,470 ==> Epoch[10](500/534): Loss: 0.0073
2020-01-14 13:46:09,472 Allocated:33.15576171875 MB
2020-01-14 13:46:09,472 Cached:4556.875 MB
2020-01-14 13:47:03,700 ===> Epoch 10 Complete: Avg. Loss: 0.0672
2020-01-14 13:47:03,702 ====> Extracting Features
2020-01-14 13:47:38,670 ==> Batch (50/108)
2020-01-14 13:48:00,694 ==> Batch (100/108)
2020-01-14 13:48:05,332 ====> Building faiss index
2020-01-14 13:48:05,671 ====> Calculating recall @ N
2020-01-14 13:48:07,933 ====> Recall@1: 0.5064
2020-01-14 13:48:07,934 ====> Recall@2: 0.5388
2020-01-14 13:48:07,935 ====> Recall@3: 0.5629
2020-01-14 13:48:07,935 ====> Recall@4: 0.5794
2020-01-14 13:48:07,935 ====> Recall@5: 0.5913
2020-01-14 13:48:07,935 ====> Recall@10: 0.6400
2020-01-14 13:48:07,935 ====> Recall@15: 0.6597
2020-01-14 13:48:07,936 ====> Recall@20: 0.6774
2020-01-14 13:48:07,936 ====> Recall@25: 0.6968
2020-01-14 13:48:08,054 ====> Building Cache
2020-01-14 13:48:08,054 feature cache--->>> /home/annora/NetVLAD/output/train_feat_cache3.hdf5
2020-01-14 13:49:33,121 Allocated:31.15576171875 MB
2020-01-14 13:49:33,121 Cached:4239.125 MB
2020-01-14 13:51:06,943 ==> Epoch[11](50/534): Loss: 0.0119
2020-01-14 13:51:06,946 Allocated:33.15576171875 MB
2020-01-14 13:51:06,946 Cached:4249.125 MB
2020-01-14 13:52:05,392 ==> Epoch[11](100/534): Loss: 0.0011
2020-01-14 13:52:05,394 Allocated:33.15576171875 MB
2020-01-14 13:52:05,395 Cached:4249.125 MB
2020-01-14 13:53:06,862 ==> Epoch[11](150/534): Loss: 0.0323
2020-01-14 13:53:06,864 Allocated:33.15576171875 MB
2020-01-14 13:53:06,864 Cached:4308.125 MB
2020-01-14 13:53:41,066 ====> Building Cache
2020-01-14 13:53:41,067 feature cache--->>> /home/annora/NetVLAD/output/train_feat_cache3.hdf5
2020-01-14 13:55:05,899 Allocated:33.1552734375 MB
2020-01-14 13:55:05,900 Cached:3384.375 MB
2020-01-14 13:56:05,864 ==> Epoch[11](200/534): Loss: 0.0035
2020-01-14 13:56:05,866 Allocated:33.15576171875 MB
2020-01-14 13:56:05,866 Cached:3453.375 MB
2020-01-14 13:57:06,390 ==> Epoch[11](250/534): Loss: 0.2851
2020-01-14 13:57:06,392 Allocated:33.15576171875 MB
2020-01-14 13:57:06,393 Cached:3453.375 MB
2020-01-14 13:58:10,621 ==> Epoch[11](300/534): Loss: 0.0695
2020-01-14 13:58:10,624 Allocated:33.15576171875 MB
2020-01-14 13:58:10,624 Cached:3453.375 MB
2020-01-14 13:59:19,257 ==> Epoch[11](350/534): Loss: 0.0174
2020-01-14 13:59:19,259 Allocated:33.15576171875 MB
2020-01-14 13:59:19,259 Cached:3453.375 MB
2020-01-14 13:59:24,501 ====> Building Cache
2020-01-14 13:59:24,502 feature cache--->>> /home/annora/NetVLAD/output/train_feat_cache3.hdf5
2020-01-14 14:00:49,550 Allocated:33.1552734375 MB
2020-01-14 14:00:49,551 Cached:3384.375 MB
2020-01-14 14:02:20,384 ==> Epoch[11](400/534): Loss: 0.0180
2020-01-14 14:02:20,386 Allocated:33.15576171875 MB
2020-01-14 14:02:20,386 Cached:4530.375 MB
2020-01-14 14:03:26,843 ==> Epoch[11](450/534): Loss: 0.0020
2020-01-14 14:03:26,845 Allocated:33.15576171875 MB
2020-01-14 14:03:26,845 Cached:4530.375 MB
2020-01-14 14:04:33,119 ==> Epoch[11](500/534): Loss: 0.0115
2020-01-14 14:04:33,122 Allocated:33.15576171875 MB
2020-01-14 14:04:33,122 Cached:5671.75 MB
2020-01-14 14:05:20,935 ===> Epoch 11 Complete: Avg. Loss: 0.0652
2020-01-14 14:05:20,936 ====> Extracting Features
2020-01-14 14:05:55,087 ==> Batch (50/108)
2020-01-14 14:06:15,871 ==> Batch (100/108)
2020-01-14 14:06:19,811 ====> Building faiss index
2020-01-14 14:06:20,150 ====> Calculating recall @ N
2020-01-14 14:06:22,315 ====> Recall@1: 0.5032
2020-01-14 14:06:22,316 ====> Recall@2: 0.5417
2020-01-14 14:06:22,316 ====> Recall@3: 0.5643
2020-01-14 14:06:22,316 ====> Recall@4: 0.5806
2020-01-14 14:06:22,316 ====> Recall@5: 0.5945
2020-01-14 14:06:22,317 ====> Recall@10: 0.6342
2020-01-14 14:06:22,317 ====> Recall@15: 0.6641
2020-01-14 14:06:22,317 ====> Recall@20: 0.6791
2020-01-14 14:06:22,317 ====> Recall@25: 0.6974
2020-01-14 14:06:22,441 ====> Building Cache
2020-01-14 14:06:22,441 feature cache--->>> /home/annora/NetVLAD/output/train_feat_cache3.hdf5
2020-01-14 14:07:47,918 Allocated:31.15576171875 MB
2020-01-14 14:07:47,919 Cached:4239.125 MB
2020-01-14 14:09:20,936 ==> Epoch[12](50/534): Loss: 0.0000
2020-01-14 14:09:20,938 Allocated:33.15576171875 MB
2020-01-14 14:09:20,938 Cached:4248.125 MB
2020-01-14 14:10:20,429 ==> Epoch[12](100/534): Loss: 0.0219
2020-01-14 14:10:20,432 Allocated:33.15576171875 MB
2020-01-14 14:10:20,432 Cached:4308.125 MB
2020-01-14 14:11:18,080 ==> Epoch[12](150/534): Loss: 0.0000
2020-01-14 14:11:18,082 Allocated:33.15576171875 MB
2020-01-14 14:11:18,083 Cached:4308.125 MB
2020-01-14 14:11:56,473 ====> Building Cache
2020-01-14 14:11:56,474 feature cache--->>> /home/annora/NetVLAD/output/train_feat_cache3.hdf5
2020-01-14 14:13:24,264 Allocated:33.1552734375 MB
2020-01-14 14:13:24,265 Cached:3384.375 MB
2020-01-14 14:14:20,921 ==> Epoch[12](200/534): Loss: 0.4128
2020-01-14 14:14:20,923 Allocated:33.15576171875 MB
2020-01-14 14:14:20,924 Cached:3393.375 MB
2020-01-14 14:15:20,929 ==> Epoch[12](250/534): Loss: 0.0897
2020-01-14 14:15:20,932 Allocated:33.15576171875 MB
2020-01-14 14:15:20,932 Cached:3393.375 MB
2020-01-14 14:16:26,132 ==> Epoch[12](300/534): Loss: 0.0851
2020-01-14 14:16:26,134 Allocated:33.15576171875 MB
2020-01-14 14:16:26,135 Cached:3394.375 MB
2020-01-14 14:17:29,078 ==> Epoch[12](350/534): Loss: 0.0157
2020-01-14 14:17:29,080 Allocated:33.15576171875 MB
2020-01-14 14:17:29,080 Cached:3394.375 MB
2020-01-14 14:17:36,223 ====> Building Cache
2020-01-14 14:17:36,224 feature cache--->>> /home/annora/NetVLAD/output/train_feat_cache3.hdf5
2020-01-14 14:19:01,586 Allocated:33.1552734375 MB
2020-01-14 14:19:01,587 Cached:3384.375 MB
2020-01-14 14:20:38,141 ==> Epoch[12](400/534): Loss: 0.0042
2020-01-14 14:20:38,144 Allocated:33.15576171875 MB
2020-01-14 14:20:38,145 Cached:5714.125 MB
2020-01-14 14:21:45,490 ==> Epoch[12](450/534): Loss: 0.0248
2020-01-14 14:21:45,492 Allocated:33.15576171875 MB
2020-01-14 14:21:45,493 Cached:6907.5 MB
2020-01-14 14:22:53,486 ==> Epoch[12](500/534): Loss: 0.0143
2020-01-14 14:22:53,488 Allocated:33.15576171875 MB
2020-01-14 14:22:53,489 Cached:6907.5 MB
2020-01-14 14:23:44,477 ===> Epoch 12 Complete: Avg. Loss: 0.0613
2020-01-14 14:23:44,478 ====> Extracting Features
2020-01-14 14:24:18,821 ==> Batch (50/108)
2020-01-14 14:24:40,150 ==> Batch (100/108)
2020-01-14 14:24:44,611 ====> Building faiss index
2020-01-14 14:24:44,953 ====> Calculating recall @ N
2020-01-14 14:24:47,125 ====> Recall@1: 0.5014
2020-01-14 14:24:47,126 ====> Recall@2: 0.5362
2020-01-14 14:24:47,126 ====> Recall@3: 0.5557
2020-01-14 14:24:47,126 ====> Recall@4: 0.5730
2020-01-14 14:24:47,126 ====> Recall@5: 0.5852
2020-01-14 14:24:47,127 ====> Recall@10: 0.6403
2020-01-14 14:24:47,127 ====> Recall@15: 0.6658
2020-01-14 14:24:47,127 ====> Recall@20: 0.6820
2020-01-14 14:24:47,127 ====> Recall@25: 0.6971
2020-01-14 14:24:47,240 ====> Building Cache
2020-01-14 14:24:47,240 feature cache--->>> /home/annora/NetVLAD/output/train_feat_cache3.hdf5
2020-01-14 14:26:13,243 Allocated:31.15576171875 MB
2020-01-14 14:26:13,243 Cached:4239.125 MB
2020-01-14 14:27:45,093 ==> Epoch[13](50/534): Loss: 0.0044
2020-01-14 14:27:45,095 Allocated:33.15576171875 MB
2020-01-14 14:27:45,096 Cached:4309.125 MB
2020-01-14 14:29:40,569 ==> Epoch[13](150/534): Loss: 0.0427
2020-01-14 14:29:40,571 Allocated:33.15576171875 MB
2020-01-14 14:29:40,571 Cached:4309.125 MB
2020-01-14 14:30:14,833 ====> Building Cache
2020-01-14 14:30:14,834 feature cache--->>> /home/annora/NetVLAD/output/train_feat_cache3.hdf5
2020-01-14 14:31:40,256 Allocated:33.1552734375 MB
2020-01-14 14:31:40,256 Cached:3384.375 MB
2020-01-14 14:32:37,300 ==> Epoch[13](200/534): Loss: 0.0486
2020-01-14 14:32:37,302 Allocated:33.15576171875 MB
2020-01-14 14:32:37,302 Cached:3392.375 MB
2020-01-14 14:33:38,849 ==> Epoch[13](250/534): Loss: 0.0469
2020-01-14 14:33:38,851 Allocated:33.15576171875 MB
2020-01-14 14:33:38,851 Cached:3393.375 MB
2020-01-14 14:34:45,881 ==> Epoch[13](300/534): Loss: 0.0563
2020-01-14 14:34:45,883 Allocated:33.15576171875 MB
2020-01-14 14:34:45,883 Cached:3393.375 MB
2020-01-14 14:35:47,616 ==> Epoch[13](350/534): Loss: 0.0346
2020-01-14 14:35:47,618 Allocated:33.15576171875 MB
2020-01-14 14:35:47,618 Cached:3393.375 MB
2020-01-14 14:35:55,040 ====> Building Cache
2020-01-14 14:35:55,041 feature cache--->>> /home/annora/NetVLAD/output/train_feat_cache3.hdf5
2020-01-14 14:37:23,928 Allocated:33.1552734375 MB
2020-01-14 14:37:23,928 Cached:3384.375 MB
2020-01-14 14:38:52,890 ==> Epoch[13](400/534): Loss: 0.1155
2020-01-14 14:38:52,892 Allocated:33.15576171875 MB
2020-01-14 14:38:52,893 Cached:3393.375 MB
2020-01-14 14:39:55,911 ==> Epoch[13](450/534): Loss: 0.0037
2020-01-14 14:39:55,914 Allocated:33.15576171875 MB
2020-01-14 14:39:55,914 Cached:3394.375 MB
2020-01-14 14:41:04,166 ==> Epoch[13](500/534): Loss: 0.0030
2020-01-14 14:41:04,168 Allocated:33.15576171875 MB
2020-01-14 14:41:04,168 Cached:3394.375 MB
2020-01-14 14:41:53,260 ===> Epoch 13 Complete: Avg. Loss: 0.0678
2020-01-14 14:41:53,262 ====> Extracting Features
2020-01-14 14:42:26,772 ==> Batch (50/108)
2020-01-14 14:42:47,758 ==> Batch (100/108)
2020-01-14 14:42:52,238 ====> Building faiss index
2020-01-14 14:42:52,572 ====> Calculating recall @ N
2020-01-14 14:42:54,747 ====> Recall@1: 0.4919
2020-01-14 14:42:54,748 ====> Recall@2: 0.5180
2020-01-14 14:42:54,748 ====> Recall@3: 0.5386
2020-01-14 14:42:54,748 ====> Recall@4: 0.5551
2020-01-14 14:42:54,748 ====> Recall@5: 0.5678
2020-01-14 14:42:54,748 ====> Recall@10: 0.6070
2020-01-14 14:42:54,749 ====> Recall@15: 0.6290
2020-01-14 14:42:54,749 ====> Recall@20: 0.6446
2020-01-14 14:42:54,749 ====> Recall@25: 0.6559
2020-01-14 14:42:54,859 ====> Building Cache
2020-01-14 14:42:54,860 feature cache--->>> /home/annora/NetVLAD/output/train_feat_cache3.hdf5
2020-01-14 14:44:20,801 Allocated:31.15576171875 MB
2020-01-14 14:44:20,802 Cached:4239.125 MB
2020-01-14 14:45:56,882 ==> Epoch[14](50/534): Loss: 0.0180
2020-01-14 14:45:56,884 Allocated:33.15576171875 MB
2020-01-14 14:45:56,885 Cached:4308.125 MB
2020-01-14 14:46:53,727 ==> Epoch[14](100/534): Loss: 0.0000
2020-01-14 14:46:53,729 Allocated:33.15576171875 MB
2020-01-14 14:46:53,729 Cached:4308.125 MB
2020-01-14 14:47:51,190 ==> Epoch[14](150/534): Loss: 0.0223
2020-01-14 14:47:51,192 Allocated:33.15576171875 MB
2020-01-14 14:47:51,192 Cached:4308.125 MB
2020-01-14 14:48:27,545 ====> Building Cache
2020-01-14 14:48:27,546 feature cache--->>> /home/annora/NetVLAD/output/train_feat_cache3.hdf5
2020-01-14 14:49:51,764 Allocated:33.1552734375 MB
2020-01-14 14:49:51,765 Cached:3384.375 MB
2020-01-14 14:50:48,872 ==> Epoch[14](200/534): Loss: 0.0805
2020-01-14 14:50:48,874 Allocated:33.15576171875 MB
2020-01-14 14:50:48,874 Cached:3391.375 MB
2020-01-14 14:51:52,069 ==> Epoch[14](250/534): Loss: 0.2445
2020-01-14 14:51:52,071 Allocated:33.15576171875 MB
2020-01-14 14:51:52,071 Cached:3453.375 MB
2020-01-14 14:52:58,757 ==> Epoch[14](300/534): Loss: 0.0566
2020-01-14 14:52:58,759 Allocated:33.15576171875 MB
2020-01-14 14:52:58,759 Cached:3453.375 MB
2020-01-14 14:54:06,199 ==> Epoch[14](350/534): Loss: 0.0628
2020-01-14 14:54:06,201 Allocated:33.15576171875 MB
2020-01-14 14:54:06,202 Cached:3453.375 MB
2020-01-14 14:54:09,709 ====> Building Cache
2020-01-14 14:54:09,710 feature cache--->>> /home/annora/NetVLAD/output/train_feat_cache3.hdf5
2020-01-14 14:55:35,602 Allocated:33.1552734375 MB
2020-01-14 14:55:35,603 Cached:3384.375 MB
2020-01-14 14:57:09,171 ==> Epoch[14](400/534): Loss: 0.0071
2020-01-14 14:57:09,173 Allocated:33.15576171875 MB
2020-01-14 14:57:09,173 Cached:4600.25 MB
2020-01-14 14:58:17,375 ==> Epoch[14](450/534): Loss: 0.0166
2020-01-14 14:58:17,377 Allocated:33.15576171875 MB
2020-01-14 14:58:17,377 Cached:4600.25 MB
2020-01-14 14:59:29,358 ==> Epoch[14](500/534): Loss: 0.0044
2020-01-14 14:59:29,360 Allocated:33.15576171875 MB
2020-01-14 14:59:29,360 Cached:4600.25 MB
2020-01-14 15:00:16,929 ===> Epoch 14 Complete: Avg. Loss: 0.0606
2020-01-14 15:00:16,931 ====> Extracting Features
2020-01-14 15:00:50,568 ==> Batch (50/108)
2020-01-14 15:01:11,484 ==> Batch (100/108)
2020-01-14 15:01:15,713 ====> Building faiss index
2020-01-14 15:01:16,044 ====> Calculating recall @ N
2020-01-14 15:01:18,237 ====> Recall@1: 0.4797
2020-01-14 15:01:18,237 ====> Recall@2: 0.5128
2020-01-14 15:01:18,238 ====> Recall@3: 0.5365
2020-01-14 15:01:18,238 ====> Recall@4: 0.5571
2020-01-14 15:01:18,238 ====> Recall@5: 0.5722
2020-01-14 15:01:18,238 ====> Recall@10: 0.6252
2020-01-14 15:01:18,238 ====> Recall@15: 0.6513
2020-01-14 15:01:18,239 ====> Recall@20: 0.6699
2020-01-14 15:01:18,239 ====> Recall@25: 0.6835
2020-01-14 15:01:18,352 ====> Building Cache
2020-01-14 15:01:18,352 feature cache--->>> /home/annora/NetVLAD/output/train_feat_cache3.hdf5
2020-01-14 15:02:46,548 Allocated:31.15576171875 MB
2020-01-14 15:02:46,548 Cached:4239.125 MB
2020-01-14 15:04:18,231 ==> Epoch[15](50/534): Loss: 0.0163
2020-01-14 15:04:18,233 Allocated:33.15576171875 MB
2020-01-14 15:04:18,234 Cached:4308.125 MB
2020-01-14 15:05:14,777 ==> Epoch[15](100/534): Loss: 0.0526
2020-01-14 15:05:14,779 Allocated:33.15576171875 MB
2020-01-14 15:05:14,779 Cached:4308.125 MB
2020-01-14 15:06:10,951 ==> Epoch[15](150/534): Loss: 0.0350
2020-01-14 15:06:10,953 Allocated:33.15576171875 MB
2020-01-14 15:06:10,953 Cached:4308.125 MB
2020-01-14 15:06:45,412 ====> Building Cache
2020-01-14 15:06:45,413 feature cache--->>> /home/annora/NetVLAD/output/train_feat_cache3.hdf5
2020-01-14 15:08:10,679 Allocated:33.1552734375 MB
2020-01-14 15:08:10,680 Cached:3384.375 MB
2020-01-14 15:09:06,477 ==> Epoch[15](200/534): Loss: 0.0832
2020-01-14 15:09:06,480 Allocated:33.15576171875 MB
2020-01-14 15:09:06,480 Cached:3394.375 MB
2020-01-14 15:10:06,217 ==> Epoch[15](250/534): Loss: 0.2025
2020-01-14 15:10:06,220 Allocated:33.15576171875 MB
2020-01-14 15:10:06,220 Cached:3394.375 MB
2020-01-14 15:11:08,088 ==> Epoch[15](300/534): Loss: 0.1980
2020-01-14 15:11:08,091 Allocated:33.15576171875 MB
2020-01-14 15:11:08,091 Cached:3453.375 MB
2020-01-14 15:12:11,173 ==> Epoch[15](350/534): Loss: 0.1761
2020-01-14 15:12:11,176 Allocated:33.15576171875 MB
2020-01-14 15:12:11,176 Cached:3453.375 MB
2020-01-14 15:12:18,037 ====> Building Cache
2020-01-14 15:12:18,038 feature cache--->>> /home/annora/NetVLAD/output/train_feat_cache3.hdf5
2020-01-14 15:13:44,038 Allocated:33.1552734375 MB
2020-01-14 15:13:44,039 Cached:3384.375 MB
2020-01-14 15:15:13,895 ==> Epoch[15](400/534): Loss: 0.0114
2020-01-14 15:15:13,897 Allocated:33.15576171875 MB
2020-01-14 15:15:13,898 Cached:3394.375 MB
2020-01-14 15:16:18,619 ==> Epoch[15](450/534): Loss: 0.0439
2020-01-14 15:16:18,621 Allocated:33.15576171875 MB
2020-01-14 15:16:18,621 Cached:3394.375 MB
2020-01-14 15:17:22,719 ==> Epoch[15](500/534): Loss: 0.0227
2020-01-14 15:17:22,721 Allocated:33.15576171875 MB
2020-01-14 15:17:22,721 Cached:3394.375 MB
2020-01-14 15:18:12,948 ===> Epoch 15 Complete: Avg. Loss: 0.0605
2020-01-14 15:18:12,950 ====> Extracting Features
2020-01-14 15:18:48,887 ==> Batch (50/108)
2020-01-14 15:19:10,039 ==> Batch (100/108)
2020-01-14 15:19:14,723 ====> Building faiss index
2020-01-14 15:19:15,080 ====> Calculating recall @ N
2020-01-14 15:19:17,426 ====> Recall@1: 0.4890
2020-01-14 15:19:17,427 ====> Recall@2: 0.5223
2020-01-14 15:19:17,428 ====> Recall@3: 0.5441
2020-01-14 15:19:17,428 ====> Recall@4: 0.5690
2020-01-14 15:19:17,428 ====> Recall@5: 0.5809
2020-01-14 15:19:17,428 ====> Recall@10: 0.6255
2020-01-14 15:19:17,428 ====> Recall@15: 0.6548
2020-01-14 15:19:17,429 ====> Recall@20: 0.6733
2020-01-14 15:19:17,429 ====> Recall@25: 0.6878
2020-01-14 15:19:17,546 Performance did not improve for 10 epochs. Stopping.
2020-01-14 15:19:17,546 => Best Recall@5: 0.6267
