2020-01-08 13:45:27,173 Namespace(arch='alexnet', batchSize=12, cacheBatchSize=96, cachePath='/home/annora/NetVLAD/output/', cacheRefreshRate=3000, ckpt='best', contilearn=False, dataPath='/home/annora/NetVLAD/output/data/', dataset='robotcar', evalEvery=1, fromscratch=False, lr=0.0001, lrGamma=0.5, lrStep=5, margin=0.1, mode='train', momentum=0.9, nEpochs=30, nGPU=1, nocuda=False, num_clusters=64, optim='SGD', patience=10, pooling='netvlad', premodel='imagenet', resume='', runsPath='/home/annora/NetVLAD/output/runs/', savePath='checkpoints', seed=123, split='val', start_epoch=0, threads=8, vladv2=False, weightDecay=0.001)
2020-01-08 13:45:27,204 ===> Loading dataset(s)
2020-01-08 13:45:29,849 ====> Training query set: 6636
2020-01-08 13:45:29,947 ===> Evaluating on val set, query count: 3450
2020-01-08 13:45:29,947 ===> Building model
2020-01-08 13:45:29,993 encoder moder:
AlexNet(
  (conv1): Sequential(
    (0): Conv2d(3, 64, kernel_size=(11, 11), stride=(4, 4), padding=(2, 2))
    (1): ReLU(inplace)
    (2): MaxPool2d(kernel_size=3, stride=2, padding=0, dilation=1, ceil_mode=False)
  )
  (conv2): Sequential(
    (0): Conv2d(64, 192, kernel_size=(5, 5), stride=(1, 1), padding=(2, 2))
    (1): ReLU(inplace)
    (2): MaxPool2d(kernel_size=3, stride=2, padding=0, dilation=1, ceil_mode=False)
  )
  (conv3): Sequential(
    (0): Conv2d(192, 384, kernel_size=(3, 3), stride=(1, 1), padding=(1, 1))
    (1): ReLU(inplace)
  )
  (conv4): Sequential(
    (0): Conv2d(384, 256, kernel_size=(3, 3), stride=(1, 1), padding=(1, 1))
    (1): ReLU(inplace)
  )
  (conv5): Sequential(
    (0): Conv2d(256, 256, kernel_size=(3, 3), stride=(1, 1), padding=(1, 1))
  )
)
2020-01-08 13:45:34,359 ===> Training model
2020-01-08 13:45:34,362 ===> Saving state to: /home/annora/NetVLAD/output/runs/2020-01-08-13-45-34_alexnet_netvlad
2020-01-08 13:45:34,362 ====> Building Cache
2020-01-08 13:45:34,363 feature cache--->>> /home/annora/NetVLAD/output/train_feat_cache1.hdf5
2020-01-08 13:46:51,602 Allocated:11.71826171875 MB
2020-01-08 13:46:51,603 Cached:2778.125 MB
2020-01-08 13:49:02,776 ==> Epoch[1](50/553): Loss: 0.0995
2020-01-08 13:49:02,780 Allocated:34.65576171875 MB
2020-01-08 13:49:02,780 Cached:7896.5 MB
2020-01-08 13:50:32,890 ==> Epoch[1](100/553): Loss: 0.0745
2020-01-08 13:50:32,892 Allocated:34.65576171875 MB
2020-01-08 13:50:32,893 Cached:7896.5 MB
2020-01-08 13:51:50,580 ==> Epoch[1](150/553): Loss: 0.0822
2020-01-08 13:51:50,582 Allocated:34.65576171875 MB
2020-01-08 13:51:50,582 Cached:7896.5 MB
2020-01-08 13:52:42,465 ====> Building Cache
2020-01-08 13:52:42,465 feature cache--->>> /home/annora/NetVLAD/output/train_feat_cache1.hdf5
2020-01-08 13:54:04,130 Allocated:34.6552734375 MB
2020-01-08 13:54:04,131 Cached:3001.375 MB
2020-01-08 13:55:09,870 ==> Epoch[1](200/553): Loss: 0.1456
2020-01-08 13:55:09,876 Allocated:34.65576171875 MB
2020-01-08 13:55:09,876 Cached:8075.375 MB
2020-01-08 13:56:35,912 ==> Epoch[1](250/553): Loss: 0.1329
2020-01-08 13:56:35,915 Allocated:34.65576171875 MB
2020-01-08 13:56:35,915 Cached:8075.375 MB
2020-01-08 13:58:00,148 ==> Epoch[1](300/553): Loss: 0.0938
2020-01-08 13:58:00,151 Allocated:34.65576171875 MB
2020-01-08 13:58:00,152 Cached:8075.375 MB
2020-01-08 13:59:25,756 ==> Epoch[1](350/553): Loss: 0.1723
2020-01-08 13:59:25,759 Allocated:34.65576171875 MB
2020-01-08 13:59:25,759 Cached:8075.375 MB
2020-01-08 13:59:56,206 ====> Building Cache
2020-01-08 13:59:56,207 feature cache--->>> /home/annora/NetVLAD/output/train_feat_cache1.hdf5
2020-01-08 14:01:21,326 Allocated:34.6552734375 MB
2020-01-08 14:01:21,326 Cached:2999.375 MB
2020-01-08 14:02:42,970 ==> Epoch[1](400/553): Loss: 0.1738
2020-01-08 14:02:42,972 Allocated:34.65576171875 MB
2020-01-08 14:02:42,972 Cached:4485.625 MB
2020-01-08 14:04:03,396 ==> Epoch[1](450/553): Loss: 0.1832
2020-01-08 14:04:03,399 Allocated:34.65576171875 MB
2020-01-08 14:04:03,399 Cached:4485.625 MB
2020-01-08 14:05:33,382 ==> Epoch[1](500/553): Loss: 0.1456
2020-01-08 14:05:33,384 Allocated:34.65576171875 MB
2020-01-08 14:05:33,385 Cached:4485.625 MB
2020-01-08 14:06:58,018 ==> Epoch[1](550/553): Loss: 0.1521
2020-01-08 14:06:58,021 Allocated:34.65576171875 MB
2020-01-08 14:06:58,021 Cached:4485.625 MB
2020-01-08 14:07:03,464 ===> Epoch 1 Complete: Avg. Loss: 0.1282
2020-01-08 14:07:03,466 ====> Extracting Features
2020-01-08 14:07:41,676 ==> Batch (50/108)
2020-01-08 14:08:05,995 ==> Batch (100/108)
2020-01-08 14:08:10,489 ====> Building faiss index
2020-01-08 14:08:10,832 ====> Calculating recall @ N
2020-01-08 14:08:13,413 ====> Recall@1: 0.7759
2020-01-08 14:08:13,414 ====> Recall@2: 0.7835
2020-01-08 14:08:13,415 ====> Recall@3: 0.7878
2020-01-08 14:08:13,415 ====> Recall@4: 0.7907
2020-01-08 14:08:13,416 ====> Recall@5: 0.7936
2020-01-08 14:08:13,416 ====> Recall@10: 0.8026
2020-01-08 14:08:13,416 ====> Recall@15: 0.8075
2020-01-08 14:08:13,416 ====> Recall@20: 0.8154
2020-01-08 14:08:13,417 ====> Recall@25: 0.8235
2020-01-08 14:08:13,541 ====> Building Cache
2020-01-08 14:08:13,542 feature cache--->>> /home/annora/NetVLAD/output/train_feat_cache1.hdf5
2020-01-08 14:09:33,924 Allocated:32.65576171875 MB
2020-01-08 14:09:33,924 Cached:3000.375 MB
2020-01-08 14:11:59,501 ==> Epoch[2](50/553): Loss: 0.0821
2020-01-08 14:11:59,503 Allocated:34.65576171875 MB
2020-01-08 14:11:59,503 Cached:4485.625 MB
2020-01-08 14:13:34,191 ==> Epoch[2](100/553): Loss: 0.0496
2020-01-08 14:13:34,194 Allocated:34.65576171875 MB
2020-01-08 14:13:34,194 Cached:4485.625 MB
2020-01-08 14:14:54,874 ==> Epoch[2](150/553): Loss: 0.0548
2020-01-08 14:14:54,878 Allocated:34.65576171875 MB
2020-01-08 14:14:54,878 Cached:4485.625 MB
2020-01-08 14:15:48,798 ====> Building Cache
2020-01-08 14:15:48,799 feature cache--->>> /home/annora/NetVLAD/output/train_feat_cache1.hdf5
2020-01-08 14:17:11,796 Allocated:34.6552734375 MB
2020-01-08 14:17:11,796 Cached:3001.375 MB
2020-01-08 14:18:12,470 ==> Epoch[2](200/553): Loss: 0.1445
2020-01-08 14:18:12,473 Allocated:34.65576171875 MB
2020-01-08 14:18:12,474 Cached:9299.625 MB
2020-01-08 14:20:00,477 ==> Epoch[2](250/553): Loss: 0.0573
2020-01-08 14:20:00,479 Allocated:34.65576171875 MB
2020-01-08 14:20:00,479 Cached:9300.625 MB
2020-01-08 14:21:33,905 ==> Epoch[2](300/553): Loss: 0.1701
2020-01-08 14:21:33,907 Allocated:34.65576171875 MB
2020-01-08 14:21:33,907 Cached:9300.625 MB
2020-01-08 14:23:05,981 ==> Epoch[2](350/553): Loss: 0.1204
2020-01-08 14:23:05,983 Allocated:34.65576171875 MB
2020-01-08 14:23:05,984 Cached:9300.625 MB
2020-01-08 14:23:33,434 ====> Building Cache
2020-01-08 14:23:33,434 feature cache--->>> /home/annora/NetVLAD/output/train_feat_cache1.hdf5
2020-01-08 14:24:55,572 Allocated:34.6552734375 MB
2020-01-08 14:24:55,573 Cached:3001.375 MB
2020-01-08 14:26:30,865 ==> Epoch[2](400/553): Loss: 0.1726
2020-01-08 14:26:30,867 Allocated:34.65576171875 MB
2020-01-08 14:26:30,867 Cached:6018.0 MB
2020-01-08 14:28:03,304 ==> Epoch[2](450/553): Loss: 0.1821
2020-01-08 14:28:03,305 Allocated:34.65576171875 MB
2020-01-08 14:28:03,306 Cached:6018.0 MB
2020-01-08 14:29:37,014 ==> Epoch[2](500/553): Loss: 0.2004
2020-01-08 14:29:37,016 Allocated:34.65576171875 MB
2020-01-08 14:29:37,016 Cached:6018.0 MB
2020-01-08 14:30:56,398 ==> Epoch[2](550/553): Loss: 0.1375
2020-01-08 14:30:56,400 Allocated:34.65576171875 MB
2020-01-08 14:30:56,400 Cached:6018.0 MB
2020-01-08 14:30:59,213 ===> Epoch 2 Complete: Avg. Loss: 0.1121
2020-01-08 14:30:59,214 ====> Extracting Features
2020-01-08 14:31:35,513 ==> Batch (50/108)
2020-01-08 14:32:01,585 ==> Batch (100/108)
2020-01-08 14:32:06,655 ====> Building faiss index
2020-01-08 14:32:07,016 ====> Calculating recall @ N
2020-01-08 14:32:09,571 ====> Recall@1: 0.7745
2020-01-08 14:32:09,572 ====> Recall@2: 0.7855
2020-01-08 14:32:09,572 ====> Recall@3: 0.7872
2020-01-08 14:32:09,573 ====> Recall@4: 0.7928
2020-01-08 14:32:09,573 ====> Recall@5: 0.7962
2020-01-08 14:32:09,573 ====> Recall@10: 0.8020
2020-01-08 14:32:09,573 ====> Recall@15: 0.8075
2020-01-08 14:32:09,574 ====> Recall@20: 0.8136
2020-01-08 14:32:09,574 ====> Recall@25: 0.8188
2020-01-08 14:32:09,763 ====> Building Cache
2020-01-08 14:32:09,763 feature cache--->>> /home/annora/NetVLAD/output/train_feat_cache1.hdf5
2020-01-08 14:33:33,092 Allocated:32.65576171875 MB
2020-01-08 14:33:33,093 Cached:3000.375 MB
2020-01-08 14:35:26,926 ==> Epoch[3](50/553): Loss: 0.0889
2020-01-08 14:35:26,928 Allocated:34.65576171875 MB
2020-01-08 14:35:26,928 Cached:4254.5 MB
2020-01-08 14:36:40,830 ==> Epoch[3](100/553): Loss: 0.1030
2020-01-08 14:36:40,833 Allocated:34.65576171875 MB
2020-01-08 14:36:40,833 Cached:5518.0 MB
2020-01-08 14:37:55,882 ==> Epoch[3](150/553): Loss: 0.1410
2020-01-08 14:37:55,884 Allocated:34.65576171875 MB
2020-01-08 14:37:55,884 Cached:9392.0 MB
2020-01-08 14:38:55,941 ====> Building Cache
2020-01-08 14:38:55,942 feature cache--->>> /home/annora/NetVLAD/output/train_feat_cache1.hdf5
2020-01-08 14:40:17,948 Allocated:34.6552734375 MB
2020-01-08 14:40:17,949 Cached:3001.375 MB
2020-01-08 14:41:13,214 ==> Epoch[3](200/553): Loss: 0.1895
2020-01-08 14:41:13,217 Allocated:34.65576171875 MB
2020-01-08 14:41:13,217 Cached:4277.875 MB
2020-01-08 14:42:41,193 ==> Epoch[3](250/553): Loss: 0.1291
2020-01-08 14:42:41,194 Allocated:34.65576171875 MB
2020-01-08 14:42:41,195 Cached:8151.875 MB
2020-01-08 14:44:04,695 ==> Epoch[3](300/553): Loss: 0.0872
2020-01-08 14:44:04,697 Allocated:34.65576171875 MB
2020-01-08 14:44:04,698 Cached:8151.875 MB
2020-01-08 14:45:33,520 ==> Epoch[3](350/553): Loss: 0.1015
2020-01-08 14:45:33,522 Allocated:34.65576171875 MB
2020-01-08 14:45:33,522 Cached:8152.875 MB
2020-01-08 14:46:01,826 ====> Building Cache
2020-01-08 14:46:01,827 feature cache--->>> /home/annora/NetVLAD/output/train_feat_cache1.hdf5
2020-01-08 14:47:20,932 Allocated:34.6552734375 MB
2020-01-08 14:47:20,932 Cached:3001.375 MB
2020-01-08 14:48:45,318 ==> Epoch[3](400/553): Loss: 0.1033
2020-01-08 14:48:45,322 Allocated:34.65576171875 MB
2020-01-08 14:48:45,322 Cached:4411.375 MB
2020-01-08 14:50:10,345 ==> Epoch[3](450/553): Loss: 0.0650
2020-01-08 14:50:10,347 Allocated:34.65576171875 MB
2020-01-08 14:50:10,347 Cached:6961.125 MB
2020-01-08 14:51:40,705 ==> Epoch[3](500/553): Loss: 0.1158
2020-01-08 14:51:40,708 Allocated:34.65576171875 MB
2020-01-08 14:51:40,708 Cached:6961.125 MB
2020-01-08 14:53:07,943 ==> Epoch[3](550/553): Loss: 0.1216
2020-01-08 14:53:07,945 Allocated:34.65576171875 MB
2020-01-08 14:53:07,945 Cached:6961.125 MB
2020-01-08 14:53:10,052 ===> Epoch 3 Complete: Avg. Loss: 0.1064
2020-01-08 14:53:10,054 ====> Extracting Features
2020-01-08 14:53:47,437 ==> Batch (50/108)
2020-01-08 14:54:10,187 ==> Batch (100/108)
2020-01-08 14:54:14,654 ====> Building faiss index
2020-01-08 14:54:15,046 ====> Calculating recall @ N
2020-01-08 14:54:17,300 ====> Recall@1: 0.7745
2020-01-08 14:54:17,301 ====> Recall@2: 0.7861
2020-01-08 14:54:17,302 ====> Recall@3: 0.7901
2020-01-08 14:54:17,302 ====> Recall@4: 0.7925
2020-01-08 14:54:17,302 ====> Recall@5: 0.7957
2020-01-08 14:54:17,303 ====> Recall@10: 0.8035
2020-01-08 14:54:17,303 ====> Recall@15: 0.8084
2020-01-08 14:54:17,303 ====> Recall@20: 0.8148
2020-01-08 14:54:17,304 ====> Recall@25: 0.8206
2020-01-08 14:54:17,431 ====> Building Cache
2020-01-08 14:54:17,432 feature cache--->>> /home/annora/NetVLAD/output/train_feat_cache1.hdf5
2020-01-08 14:55:36,423 Allocated:32.65576171875 MB
2020-01-08 14:55:36,423 Cached:3000.375 MB
2020-01-08 14:57:28,549 ==> Epoch[4](50/553): Loss: 0.0430
2020-01-08 14:57:28,552 Allocated:34.65576171875 MB
2020-01-08 14:57:28,552 Cached:4343.125 MB
2020-01-08 14:58:52,138 ==> Epoch[4](100/553): Loss: 0.0930
2020-01-08 14:58:52,141 Allocated:34.65576171875 MB
2020-01-08 14:58:52,141 Cached:4343.125 MB
2020-01-08 15:00:04,468 ==> Epoch[4](150/553): Loss: 0.0400
2020-01-08 15:00:04,470 Allocated:34.65576171875 MB
2020-01-08 15:00:04,470 Cached:4343.125 MB
2020-01-08 15:00:51,389 ====> Building Cache
2020-01-08 15:00:51,390 feature cache--->>> /home/annora/NetVLAD/output/train_feat_cache1.hdf5
2020-01-08 15:02:11,011 Allocated:34.6552734375 MB
2020-01-08 15:02:11,012 Cached:3001.375 MB
2020-01-08 15:03:10,244 ==> Epoch[4](200/553): Loss: 0.0643
2020-01-08 15:03:10,247 Allocated:34.65576171875 MB
2020-01-08 15:03:10,248 Cached:6792.125 MB
2020-01-08 15:04:35,809 ==> Epoch[4](250/553): Loss: 0.1169
2020-01-08 15:04:35,812 Allocated:34.65576171875 MB
2020-01-08 15:04:35,812 Cached:6792.125 MB
2020-01-08 15:06:01,821 ==> Epoch[4](300/553): Loss: 0.1179
2020-01-08 15:06:01,823 Allocated:34.65576171875 MB
2020-01-08 15:06:01,823 Cached:6792.125 MB
2020-01-08 15:07:18,879 ==> Epoch[4](350/553): Loss: 0.0494
2020-01-08 15:07:18,882 Allocated:34.65576171875 MB
2020-01-08 15:07:18,883 Cached:8072.25 MB
2020-01-08 15:07:44,910 ====> Building Cache
2020-01-08 15:07:44,912 feature cache--->>> /home/annora/NetVLAD/output/train_feat_cache1.hdf5
2020-01-08 15:09:07,017 Allocated:34.6552734375 MB
2020-01-08 15:09:07,018 Cached:3001.375 MB
2020-01-08 15:10:38,520 ==> Epoch[4](400/553): Loss: 0.1384
2020-01-08 15:10:38,525 Allocated:34.65576171875 MB
2020-01-08 15:10:38,526 Cached:5514.75 MB
2020-01-08 15:11:59,164 ==> Epoch[4](450/553): Loss: 0.1312
2020-01-08 15:11:59,168 Allocated:34.65576171875 MB
2020-01-08 15:11:59,169 Cached:4410.375 MB
2020-01-08 15:13:34,677 ==> Epoch[4](500/553): Loss: 0.1315
2020-01-08 15:13:34,679 Allocated:34.65576171875 MB
2020-01-08 15:13:34,679 Cached:4411.375 MB
2020-01-08 15:14:59,269 ==> Epoch[4](550/553): Loss: 0.1218
2020-01-08 15:14:59,271 Allocated:34.65576171875 MB
2020-01-08 15:14:59,272 Cached:4411.375 MB
2020-01-08 15:15:01,376 ===> Epoch 4 Complete: Avg. Loss: 0.1050
2020-01-08 15:15:01,378 ====> Extracting Features
2020-01-08 15:15:38,501 ==> Batch (50/108)
2020-01-08 15:16:00,423 ==> Batch (100/108)
2020-01-08 15:16:04,757 ====> Building faiss index
2020-01-08 15:16:05,106 ====> Calculating recall @ N
2020-01-08 15:16:07,772 ====> Recall@1: 0.7768
2020-01-08 15:16:07,773 ====> Recall@2: 0.7849
2020-01-08 15:16:07,774 ====> Recall@3: 0.7887
2020-01-08 15:16:07,775 ====> Recall@4: 0.7913
2020-01-08 15:16:07,775 ====> Recall@5: 0.7942
2020-01-08 15:16:07,775 ====> Recall@10: 0.8006
2020-01-08 15:16:07,775 ====> Recall@15: 0.8078
2020-01-08 15:16:07,776 ====> Recall@20: 0.8136
2020-01-08 15:16:07,776 ====> Recall@25: 0.8200
2020-01-08 15:16:07,913 ====> Building Cache
2020-01-08 15:16:07,914 feature cache--->>> /home/annora/NetVLAD/output/train_feat_cache1.hdf5
2020-01-08 15:17:36,987 Allocated:32.65576171875 MB
2020-01-08 15:17:36,988 Cached:3000.375 MB
2020-01-08 15:19:28,987 ==> Epoch[5](50/553): Loss: 0.0611
2020-01-08 15:19:28,991 Allocated:34.65576171875 MB
2020-01-08 15:19:28,991 Cached:7711.75 MB
2020-01-08 15:20:41,877 ==> Epoch[5](100/553): Loss: 0.0813
2020-01-08 15:20:41,880 Allocated:34.65576171875 MB
2020-01-08 15:20:41,880 Cached:8953.875 MB
2020-01-08 15:21:57,840 ==> Epoch[5](150/553): Loss: 0.0936
2020-01-08 15:21:57,843 Allocated:34.65576171875 MB
2020-01-08 15:21:57,844 Cached:8953.875 MB
2020-01-08 15:22:48,093 ====> Building Cache
2020-01-08 15:22:48,094 feature cache--->>> /home/annora/NetVLAD/output/train_feat_cache1.hdf5
2020-01-08 15:24:14,493 Allocated:34.6552734375 MB
2020-01-08 15:24:14,494 Cached:3001.375 MB
2020-01-08 15:25:10,698 ==> Epoch[5](200/553): Loss: 0.1076
2020-01-08 15:25:10,703 Allocated:34.65576171875 MB
2020-01-08 15:25:10,704 Cached:6548.0 MB
2020-01-08 15:26:32,387 ==> Epoch[5](250/553): Loss: 0.1762
2020-01-08 15:26:32,390 Allocated:34.65576171875 MB
2020-01-08 15:26:32,390 Cached:4343.125 MB
2020-01-08 15:27:50,151 ==> Epoch[5](300/553): Loss: 0.1411
2020-01-08 15:27:50,154 Allocated:34.65576171875 MB
2020-01-08 15:27:50,154 Cached:4343.125 MB
2020-01-08 15:29:13,394 ==> Epoch[5](350/553): Loss: 0.1060
2020-01-08 15:29:13,396 Allocated:34.65576171875 MB
2020-01-08 15:29:13,397 Cached:5600.25 MB
2020-01-08 15:29:43,058 ====> Building Cache
2020-01-08 15:29:43,061 feature cache--->>> /home/annora/NetVLAD/output/train_feat_cache1.hdf5
2020-01-08 15:31:03,068 Allocated:34.6552734375 MB
2020-01-08 15:31:03,069 Cached:3001.375 MB
2020-01-08 15:32:32,958 ==> Epoch[5](400/553): Loss: 0.1075
2020-01-08 15:32:32,961 Allocated:34.65576171875 MB
2020-01-08 15:32:32,962 Cached:9294.625 MB
2020-01-08 15:33:56,303 ==> Epoch[5](450/553): Loss: 0.1077
2020-01-08 15:33:56,306 Allocated:34.65576171875 MB
2020-01-08 15:33:56,306 Cached:4386.625 MB
2020-01-08 15:35:25,093 ==> Epoch[5](500/553): Loss: 0.1413
2020-01-08 15:35:25,102 Allocated:34.65576171875 MB
2020-01-08 15:35:25,107 Cached:4386.625 MB
2020-01-08 15:36:44,640 ==> Epoch[5](550/553): Loss: 0.1097
2020-01-08 15:36:44,642 Allocated:34.65576171875 MB
2020-01-08 15:36:44,642 Cached:4386.625 MB
2020-01-08 15:36:46,910 ===> Epoch 5 Complete: Avg. Loss: 0.1078
2020-01-08 15:36:46,912 ====> Extracting Features
2020-01-08 15:37:25,076 ==> Batch (50/108)
2020-01-08 15:37:47,302 ==> Batch (100/108)
2020-01-08 15:37:51,904 ====> Building faiss index
2020-01-08 15:37:52,258 ====> Calculating recall @ N
2020-01-08 15:37:54,836 ====> Recall@1: 0.7759
2020-01-08 15:37:54,837 ====> Recall@2: 0.7838
2020-01-08 15:37:54,838 ====> Recall@3: 0.7884
2020-01-08 15:37:54,838 ====> Recall@4: 0.7913
2020-01-08 15:37:54,839 ====> Recall@5: 0.7942
2020-01-08 15:37:54,839 ====> Recall@10: 0.8009
2020-01-08 15:37:54,839 ====> Recall@15: 0.8072
2020-01-08 15:37:54,839 ====> Recall@20: 0.8136
2020-01-08 15:37:54,840 ====> Recall@25: 0.8191
2020-01-08 15:37:54,977 ====> Building Cache
2020-01-08 15:37:54,978 feature cache--->>> /home/annora/NetVLAD/output/train_feat_cache1.hdf5
2020-01-08 15:39:15,623 Allocated:32.65576171875 MB
2020-01-08 15:39:15,624 Cached:3000.375 MB
2020-01-08 15:41:14,187 ==> Epoch[6](50/553): Loss: 0.1152
2020-01-08 15:41:14,190 Allocated:34.65576171875 MB
2020-01-08 15:41:14,190 Cached:7774.125 MB
2020-01-08 15:42:31,948 ==> Epoch[6](100/553): Loss: 0.1177
2020-01-08 15:42:31,951 Allocated:34.65576171875 MB
2020-01-08 15:42:31,951 Cached:7774.125 MB
2020-01-08 15:43:42,813 ==> Epoch[6](150/553): Loss: 0.0619
2020-01-08 15:43:42,815 Allocated:34.65576171875 MB
2020-01-08 15:43:42,816 Cached:7774.125 MB
2020-01-08 15:44:32,157 ====> Building Cache
2020-01-08 15:44:32,158 feature cache--->>> /home/annora/NetVLAD/output/train_feat_cache1.hdf5
2020-01-08 15:45:53,399 Allocated:34.6552734375 MB
2020-01-08 15:45:53,399 Cached:3001.375 MB
2020-01-08 15:46:50,886 ==> Epoch[6](200/553): Loss: 0.0578
2020-01-08 15:46:50,888 Allocated:34.65576171875 MB
2020-01-08 15:46:50,889 Cached:6565.875 MB
2020-01-08 15:48:15,726 ==> Epoch[6](250/553): Loss: 0.1445
2020-01-08 15:48:15,731 Allocated:34.65576171875 MB
2020-01-08 15:48:15,731 Cached:6565.875 MB
2020-01-08 15:49:36,682 ==> Epoch[6](300/553): Loss: 0.0482
2020-01-08 15:49:36,684 Allocated:34.65576171875 MB
2020-01-08 15:49:36,685 Cached:7829.375 MB
2020-01-08 15:50:50,537 ==> Epoch[6](350/553): Loss: 0.0583
2020-01-08 15:50:50,539 Allocated:34.65576171875 MB
2020-01-08 15:50:50,540 Cached:7829.375 MB
2020-01-08 15:51:16,493 ====> Building Cache
2020-01-08 15:51:16,494 feature cache--->>> /home/annora/NetVLAD/output/train_feat_cache1.hdf5
2020-01-08 15:52:37,093 Allocated:34.6552734375 MB
2020-01-08 15:52:37,093 Cached:3001.375 MB
2020-01-08 15:54:00,813 ==> Epoch[6](400/553): Loss: 0.1597
2020-01-08 15:54:00,817 Allocated:34.65576171875 MB
2020-01-08 15:54:00,818 Cached:6665.75 MB
2020-01-08 15:55:18,012 ==> Epoch[6](450/553): Loss: 0.1199
2020-01-08 15:55:18,014 Allocated:34.65576171875 MB
2020-01-08 15:55:18,015 Cached:6665.75 MB
2020-01-08 15:56:42,700 ==> Epoch[6](500/553): Loss: 0.1392
2020-01-08 15:56:42,702 Allocated:34.65576171875 MB
2020-01-08 15:56:42,702 Cached:6018.0 MB
2020-01-08 15:58:09,824 ==> Epoch[6](550/553): Loss: 0.1495
2020-01-08 15:58:09,827 Allocated:34.65576171875 MB
2020-01-08 15:58:09,828 Cached:6018.0 MB
2020-01-08 15:58:11,904 ===> Epoch 6 Complete: Avg. Loss: 0.1065
2020-01-08 15:58:11,906 ====> Extracting Features
2020-01-08 15:58:49,660 ==> Batch (50/108)
2020-01-08 15:59:11,742 ==> Batch (100/108)
2020-01-08 15:59:16,278 ====> Building faiss index
2020-01-08 15:59:16,648 ====> Calculating recall @ N
2020-01-08 15:59:18,770 ====> Recall@1: 0.7759
2020-01-08 15:59:18,771 ====> Recall@2: 0.7835
2020-01-08 15:59:18,772 ====> Recall@3: 0.7881
2020-01-08 15:59:18,772 ====> Recall@4: 0.7913
2020-01-08 15:59:18,772 ====> Recall@5: 0.7936
2020-01-08 15:59:18,773 ====> Recall@10: 0.8020
2020-01-08 15:59:18,773 ====> Recall@15: 0.8087
2020-01-08 15:59:18,773 ====> Recall@20: 0.8136
2020-01-08 15:59:18,773 ====> Recall@25: 0.8183
2020-01-08 15:59:18,912 ====> Building Cache
2020-01-08 15:59:18,912 feature cache--->>> /home/annora/NetVLAD/output/train_feat_cache1.hdf5
2020-01-08 16:00:44,160 Allocated:32.65576171875 MB
2020-01-08 16:00:44,160 Cached:3000.375 MB
2020-01-08 16:02:39,930 ==> Epoch[7](50/553): Loss: 0.0777
2020-01-08 16:02:39,933 Allocated:34.65576171875 MB
2020-01-08 16:02:39,933 Cached:6467.25 MB
2020-01-08 16:03:53,808 ==> Epoch[7](100/553): Loss: 0.0671
2020-01-08 16:03:53,812 Allocated:34.65576171875 MB
2020-01-08 16:03:53,812 Cached:10013.375 MB
2020-01-08 16:05:01,628 ==> Epoch[7](150/553): Loss: 0.0614
2020-01-08 16:05:01,630 Allocated:34.65576171875 MB
2020-01-08 16:05:01,630 Cached:4239.0 MB
2020-01-08 16:05:52,477 ====> Building Cache
2020-01-08 16:05:52,478 feature cache--->>> /home/annora/NetVLAD/output/train_feat_cache1.hdf5
2020-01-08 16:07:18,734 Allocated:34.6552734375 MB
2020-01-08 16:07:18,735 Cached:3001.375 MB
2020-01-08 16:08:17,768 ==> Epoch[7](200/553): Loss: 0.0867
2020-01-08 16:08:17,771 Allocated:34.65576171875 MB
2020-01-08 16:08:17,771 Cached:6834.0 MB
2020-01-08 16:09:46,899 ==> Epoch[7](250/553): Loss: 0.1041
2020-01-08 16:09:46,902 Allocated:34.65576171875 MB
2020-01-08 16:09:46,903 Cached:6834.0 MB
2020-01-08 16:11:09,575 ==> Epoch[7](300/553): Loss: 0.1252
2020-01-08 16:11:09,578 Allocated:34.65576171875 MB
2020-01-08 16:11:09,578 Cached:6834.0 MB
2020-01-08 16:12:38,025 ==> Epoch[7](350/553): Loss: 0.1402
2020-01-08 16:12:38,032 Allocated:34.65576171875 MB
2020-01-08 16:12:38,034 Cached:6834.0 MB
2020-01-08 16:13:12,935 ====> Building Cache
2020-01-08 16:13:12,936 feature cache--->>> /home/annora/NetVLAD/output/train_feat_cache1.hdf5
2020-01-08 16:14:34,970 Allocated:34.6552734375 MB
2020-01-08 16:14:34,971 Cached:3001.375 MB
2020-01-08 16:15:56,552 ==> Epoch[7](400/553): Loss: 0.1639
2020-01-08 16:15:56,554 Allocated:34.65576171875 MB
2020-01-08 16:15:56,555 Cached:6764.5 MB
2020-01-08 16:17:12,957 ==> Epoch[7](450/553): Loss: 0.1274
2020-01-08 16:17:12,960 Allocated:34.65576171875 MB
2020-01-08 16:17:12,961 Cached:3196.375 MB
2020-01-08 16:18:35,978 ==> Epoch[7](500/553): Loss: 0.1057
2020-01-08 16:18:35,981 Allocated:34.65576171875 MB
2020-01-08 16:18:35,981 Cached:6936.375 MB
2020-01-08 16:20:03,014 ==> Epoch[7](550/553): Loss: 0.1025
2020-01-08 16:20:03,016 Allocated:34.65576171875 MB
2020-01-08 16:20:03,016 Cached:6936.375 MB
2020-01-08 16:20:05,024 ===> Epoch 7 Complete: Avg. Loss: 0.1056
2020-01-08 16:20:05,025 ====> Extracting Features
2020-01-08 16:20:40,899 ==> Batch (50/108)
2020-01-08 16:21:03,617 ==> Batch (100/108)
2020-01-08 16:21:08,218 ====> Building faiss index
2020-01-08 16:21:08,582 ====> Calculating recall @ N
2020-01-08 16:21:10,788 ====> Recall@1: 0.7759
2020-01-08 16:21:10,789 ====> Recall@2: 0.7838
2020-01-08 16:21:10,790 ====> Recall@3: 0.7884
2020-01-08 16:21:10,790 ====> Recall@4: 0.7910
2020-01-08 16:21:10,790 ====> Recall@5: 0.7933
2020-01-08 16:21:10,791 ====> Recall@10: 0.8023
2020-01-08 16:21:10,791 ====> Recall@15: 0.8081
2020-01-08 16:21:10,791 ====> Recall@20: 0.8130
2020-01-08 16:21:10,791 ====> Recall@25: 0.8162
2020-01-08 16:21:10,917 ====> Building Cache
2020-01-08 16:21:10,917 feature cache--->>> /home/annora/NetVLAD/output/train_feat_cache1.hdf5
2020-01-08 16:22:32,611 Allocated:32.65576171875 MB
2020-01-08 16:22:32,611 Cached:3000.375 MB
2020-01-08 16:24:29,430 ==> Epoch[8](50/553): Loss: 0.0126
2020-01-08 16:24:29,433 Allocated:34.65576171875 MB
2020-01-08 16:24:29,433 Cached:6499.125 MB
2020-01-08 16:25:46,866 ==> Epoch[8](100/553): Loss: 0.0927
2020-01-08 16:25:46,870 Allocated:34.65576171875 MB
2020-01-08 16:25:46,871 Cached:6499.125 MB
2020-01-08 16:26:50,785 ==> Epoch[8](150/553): Loss: 0.0668
2020-01-08 16:26:50,787 Allocated:34.65576171875 MB
2020-01-08 16:26:50,787 Cached:7709.375 MB
2020-01-08 16:27:39,004 ====> Building Cache
2020-01-08 16:27:39,005 feature cache--->>> /home/annora/NetVLAD/output/train_feat_cache1.hdf5
2020-01-08 16:28:59,999 Allocated:34.6552734375 MB
2020-01-08 16:29:00,000 Cached:3001.375 MB
2020-01-08 16:29:57,317 ==> Epoch[8](200/553): Loss: 0.1490
2020-01-08 16:29:57,320 Allocated:34.65576171875 MB
2020-01-08 16:29:57,321 Cached:6523.375 MB
2020-01-08 16:31:25,360 ==> Epoch[8](250/553): Loss: 0.1816
2020-01-08 16:31:25,364 Allocated:34.65576171875 MB
2020-01-08 16:31:25,364 Cached:6523.375 MB
2020-01-08 16:32:49,084 ==> Epoch[8](300/553): Loss: 0.1257
2020-01-08 16:32:49,087 Allocated:34.65576171875 MB
2020-01-08 16:32:49,088 Cached:7755.0 MB
2020-01-08 16:34:07,661 ==> Epoch[8](350/553): Loss: 0.1612
2020-01-08 16:34:07,664 Allocated:34.65576171875 MB
2020-01-08 16:34:07,664 Cached:7755.0 MB
2020-01-08 16:34:33,768 ====> Building Cache
2020-01-08 16:34:33,769 feature cache--->>> /home/annora/NetVLAD/output/train_feat_cache1.hdf5
2020-01-08 16:35:54,786 Allocated:34.6552734375 MB
2020-01-08 16:35:54,787 Cached:3001.375 MB
2020-01-08 16:37:26,476 ==> Epoch[8](400/553): Loss: 0.1016
2020-01-08 16:37:26,479 Allocated:34.65576171875 MB
2020-01-08 16:37:26,479 Cached:7793.25 MB
2020-01-08 16:38:48,795 ==> Epoch[8](450/553): Loss: 0.1433
2020-01-08 16:38:48,798 Allocated:34.65576171875 MB
2020-01-08 16:38:48,798 Cached:9039.75 MB
2020-01-08 16:40:09,770 ==> Epoch[8](500/553): Loss: 0.0913
2020-01-08 16:40:09,774 Allocated:34.65576171875 MB
2020-01-08 16:40:09,774 Cached:7084.0 MB
2020-01-08 16:41:28,943 ==> Epoch[8](550/553): Loss: 0.1074
2020-01-08 16:41:28,946 Allocated:34.65576171875 MB
2020-01-08 16:41:28,947 Cached:7084.0 MB
2020-01-08 16:41:30,943 ===> Epoch 8 Complete: Avg. Loss: 0.1054
2020-01-08 16:41:30,946 ====> Extracting Features
2020-01-08 16:42:07,003 ==> Batch (50/108)
2020-01-08 16:42:27,912 ==> Batch (100/108)
2020-01-08 16:42:31,913 ====> Building faiss index
2020-01-08 16:42:32,323 ====> Calculating recall @ N
2020-01-08 16:42:34,719 ====> Recall@1: 0.7757
2020-01-08 16:42:34,719 ====> Recall@2: 0.7849
2020-01-08 16:42:34,720 ====> Recall@3: 0.7887
2020-01-08 16:42:34,721 ====> Recall@4: 0.7916
2020-01-08 16:42:34,722 ====> Recall@5: 0.7933
2020-01-08 16:42:34,723 ====> Recall@10: 0.8006
2020-01-08 16:42:34,723 ====> Recall@15: 0.8064
2020-01-08 16:42:34,724 ====> Recall@20: 0.8125
2020-01-08 16:42:34,724 ====> Recall@25: 0.8154
2020-01-08 16:42:34,876 ====> Building Cache
2020-01-08 16:42:34,877 feature cache--->>> /home/annora/NetVLAD/output/train_feat_cache1.hdf5
2020-01-08 16:43:58,752 Allocated:32.65576171875 MB
2020-01-08 16:43:58,753 Cached:3000.375 MB
2020-01-08 16:45:53,090 ==> Epoch[9](50/553): Loss: 0.0942
2020-01-08 16:45:53,093 Allocated:34.65576171875 MB
2020-01-08 16:45:53,093 Cached:4198.375 MB
2020-01-08 16:47:05,816 ==> Epoch[9](100/553): Loss: 0.1141
2020-01-08 16:47:05,819 Allocated:34.65576171875 MB
2020-01-08 16:47:05,819 Cached:4198.375 MB
2020-01-08 16:48:15,648 ==> Epoch[9](150/553): Loss: 0.0872
2020-01-08 16:48:15,651 Allocated:34.65576171875 MB
2020-01-08 16:48:15,651 Cached:4198.375 MB
2020-01-08 16:49:00,570 ====> Building Cache
2020-01-08 16:49:00,571 feature cache--->>> /home/annora/NetVLAD/output/train_feat_cache1.hdf5
2020-01-08 16:50:25,289 Allocated:34.6552734375 MB
2020-01-08 16:50:25,289 Cached:3001.375 MB
2020-01-08 16:51:23,736 ==> Epoch[9](200/553): Loss: 0.1067
2020-01-08 16:51:23,739 Allocated:34.65576171875 MB
2020-01-08 16:51:23,739 Cached:5333.375 MB
2020-01-08 16:52:45,969 ==> Epoch[9](250/553): Loss: 0.1204
2020-01-08 16:52:45,972 Allocated:34.65576171875 MB
2020-01-08 16:52:45,973 Cached:6522.5 MB
2020-01-08 16:54:03,784 ==> Epoch[9](300/553): Loss: 0.1027
2020-01-08 16:54:03,787 Allocated:34.65576171875 MB
2020-01-08 16:54:03,787 Cached:7714.875 MB
2020-01-08 16:55:19,573 ==> Epoch[9](350/553): Loss: 0.1245
2020-01-08 16:55:19,575 Allocated:34.65576171875 MB
2020-01-08 16:55:19,575 Cached:8917.75 MB
2020-01-08 16:55:46,816 ====> Building Cache
2020-01-08 16:55:46,817 feature cache--->>> /home/annora/NetVLAD/output/train_feat_cache1.hdf5
2020-01-08 16:57:12,706 Allocated:34.6552734375 MB
2020-01-08 16:57:12,707 Cached:3001.375 MB
2020-01-08 16:58:33,785 ==> Epoch[9](400/553): Loss: 0.0990
2020-01-08 16:58:33,788 Allocated:34.65576171875 MB
2020-01-08 16:58:33,788 Cached:5478.75 MB
2020-01-08 16:59:53,364 ==> Epoch[9](450/553): Loss: 0.1172
2020-01-08 16:59:53,367 Allocated:34.65576171875 MB
2020-01-08 16:59:53,367 Cached:3194.375 MB
2020-01-08 17:01:18,598 ==> Epoch[9](500/553): Loss: 0.1116
2020-01-08 17:01:18,602 Allocated:34.65576171875 MB
2020-01-08 17:01:18,602 Cached:6018.0 MB
2020-01-08 17:02:43,697 ==> Epoch[9](550/553): Loss: 0.1299
2020-01-08 17:02:43,700 Allocated:34.65576171875 MB
2020-01-08 17:02:43,700 Cached:6018.0 MB
2020-01-08 17:02:47,565 ===> Epoch 9 Complete: Avg. Loss: 0.1040
2020-01-08 17:02:47,568 ====> Extracting Features
2020-01-08 17:03:25,418 ==> Batch (50/108)
2020-01-08 17:03:46,578 ==> Batch (100/108)
2020-01-08 17:03:51,099 ====> Building faiss index
2020-01-08 17:03:51,444 ====> Calculating recall @ N
2020-01-08 17:03:53,608 ====> Recall@1: 0.7762
2020-01-08 17:03:53,608 ====> Recall@2: 0.7849
2020-01-08 17:03:53,609 ====> Recall@3: 0.7890
2020-01-08 17:03:53,609 ====> Recall@4: 0.7913
2020-01-08 17:03:53,609 ====> Recall@5: 0.7928
2020-01-08 17:03:53,609 ====> Recall@10: 0.8000
2020-01-08 17:03:53,609 ====> Recall@15: 0.8067
2020-01-08 17:03:53,610 ====> Recall@20: 0.8128
2020-01-08 17:03:53,610 ====> Recall@25: 0.8145
2020-01-08 17:03:53,729 ====> Building Cache
2020-01-08 17:03:53,730 feature cache--->>> /home/annora/NetVLAD/output/train_feat_cache1.hdf5
2020-01-08 17:05:12,159 Allocated:32.65576171875 MB
2020-01-08 17:05:12,160 Cached:3000.375 MB
2020-01-08 17:07:07,391 ==> Epoch[10](50/553): Loss: 0.0963
2020-01-08 17:07:07,394 Allocated:34.65576171875 MB
2020-01-08 17:07:07,394 Cached:5325.875 MB
2020-01-08 17:08:22,626 ==> Epoch[10](100/553): Loss: 0.0620
2020-01-08 17:08:22,630 Allocated:34.65576171875 MB
2020-01-08 17:08:22,630 Cached:6533.0 MB
2020-01-08 17:09:30,823 ==> Epoch[10](150/553): Loss: 0.0837
2020-01-08 17:09:30,826 Allocated:34.65576171875 MB
2020-01-08 17:09:30,826 Cached:6533.0 MB
2020-01-08 17:10:21,182 ====> Building Cache
2020-01-08 17:10:21,182 feature cache--->>> /home/annora/NetVLAD/output/train_feat_cache1.hdf5
2020-01-08 17:11:42,598 Allocated:34.6552734375 MB
2020-01-08 17:11:42,599 Cached:3001.375 MB
2020-01-08 17:12:43,033 ==> Epoch[10](200/553): Loss: 0.0811
2020-01-08 17:12:43,036 Allocated:34.65576171875 MB
2020-01-08 17:12:43,036 Cached:4168.625 MB
2020-01-08 17:14:02,904 ==> Epoch[10](250/553): Loss: 0.0910
2020-01-08 17:14:02,907 Allocated:34.65576171875 MB
2020-01-08 17:14:02,907 Cached:8943.25 MB
2020-01-08 17:15:21,205 ==> Epoch[10](300/553): Loss: 0.1121
2020-01-08 17:15:21,207 Allocated:34.65576171875 MB
2020-01-08 17:15:21,208 Cached:8943.25 MB
2020-01-08 17:16:34,198 ==> Epoch[10](350/553): Loss: 0.2020
2020-01-08 17:16:34,201 Allocated:34.65576171875 MB
2020-01-08 17:16:34,201 Cached:8943.25 MB
2020-01-08 17:16:56,852 ====> Building Cache
2020-01-08 17:16:56,853 feature cache--->>> /home/annora/NetVLAD/output/train_feat_cache1.hdf5
2020-01-08 17:18:19,633 Allocated:34.6552734375 MB
2020-01-08 17:18:19,634 Cached:3001.375 MB
2020-01-08 17:19:51,020 ==> Epoch[10](400/553): Loss: 0.1369
2020-01-08 17:19:51,023 Allocated:34.65576171875 MB
2020-01-08 17:19:51,024 Cached:5494.75 MB
2020-01-08 17:21:07,517 ==> Epoch[10](450/553): Loss: 0.1110
2020-01-08 17:21:07,521 Allocated:34.65576171875 MB
2020-01-08 17:21:07,522 Cached:5494.75 MB
2020-01-08 17:22:28,336 ==> Epoch[10](500/553): Loss: 0.1093
2020-01-08 17:22:28,339 Allocated:34.65576171875 MB
2020-01-08 17:22:28,339 Cached:6755.0 MB
2020-01-08 17:23:59,576 ==> Epoch[10](550/553): Loss: 0.1081
2020-01-08 17:23:59,578 Allocated:34.65576171875 MB
2020-01-08 17:23:59,579 Cached:9291.625 MB
2020-01-08 17:24:01,528 ===> Epoch 10 Complete: Avg. Loss: 0.1038
2020-01-08 17:24:01,529 ====> Extracting Features
2020-01-08 17:24:38,558 ==> Batch (50/108)
2020-01-08 17:25:01,003 ==> Batch (100/108)
2020-01-08 17:25:05,063 ====> Building faiss index
2020-01-08 17:25:05,427 ====> Calculating recall @ N
2020-01-08 17:25:07,921 ====> Recall@1: 0.7762
2020-01-08 17:25:07,922 ====> Recall@2: 0.7855
2020-01-08 17:25:07,922 ====> Recall@3: 0.7890
2020-01-08 17:25:07,923 ====> Recall@4: 0.7910
2020-01-08 17:25:07,923 ====> Recall@5: 0.7936
2020-01-08 17:25:07,923 ====> Recall@10: 0.8009
2020-01-08 17:25:07,923 ====> Recall@15: 0.8064
2020-01-08 17:25:07,923 ====> Recall@20: 0.8125
2020-01-08 17:25:07,924 ====> Recall@25: 0.8148
2020-01-08 17:25:08,065 ====> Building Cache
2020-01-08 17:25:08,065 feature cache--->>> /home/annora/NetVLAD/output/train_feat_cache1.hdf5
2020-01-08 17:26:28,419 Allocated:32.65576171875 MB
2020-01-08 17:26:28,420 Cached:3000.375 MB
2020-01-08 17:28:29,698 ==> Epoch[11](50/553): Loss: 0.0436
2020-01-08 17:28:29,710 Allocated:34.65576171875 MB
2020-01-08 17:28:29,711 Cached:5377.875 MB
2020-01-08 17:29:36,701 ==> Epoch[11](100/553): Loss: 0.1096
2020-01-08 17:29:36,703 Allocated:34.65576171875 MB
2020-01-08 17:29:36,704 Cached:5377.875 MB
2020-01-08 17:30:42,107 ==> Epoch[11](150/553): Loss: 0.0523
2020-01-08 17:30:42,111 Allocated:34.65576171875 MB
2020-01-08 17:30:42,112 Cached:6584.0 MB
2020-01-08 17:31:31,354 ====> Building Cache
2020-01-08 17:31:31,355 feature cache--->>> /home/annora/NetVLAD/output/train_feat_cache1.hdf5
2020-01-08 17:32:53,996 Allocated:34.6552734375 MB
2020-01-08 17:32:53,997 Cached:3001.375 MB
2020-01-08 17:33:54,468 ==> Epoch[11](200/553): Loss: 0.1683
2020-01-08 17:33:54,472 Allocated:34.65576171875 MB
2020-01-08 17:33:54,472 Cached:4198.375 MB
2020-01-08 17:35:16,502 ==> Epoch[11](250/553): Loss: 0.1634
2020-01-08 17:35:16,504 Allocated:34.65576171875 MB
2020-01-08 17:35:16,505 Cached:5443.75 MB
2020-01-08 17:36:32,414 ==> Epoch[11](300/553): Loss: 0.1385
2020-01-08 17:36:32,417 Allocated:34.65576171875 MB
2020-01-08 17:36:32,418 Cached:5443.75 MB
2020-01-08 17:37:46,743 ==> Epoch[11](350/553): Loss: 0.1500
2020-01-08 17:37:46,746 Allocated:34.65576171875 MB
2020-01-08 17:37:46,746 Cached:5443.75 MB
2020-01-08 17:38:10,945 ====> Building Cache
2020-01-08 17:38:10,946 feature cache--->>> /home/annora/NetVLAD/output/train_feat_cache1.hdf5
2020-01-08 17:39:35,631 Allocated:34.6552734375 MB
2020-01-08 17:39:35,632 Cached:3001.375 MB
2020-01-08 17:40:57,612 ==> Epoch[11](400/553): Loss: 0.0933
2020-01-08 17:40:57,616 Allocated:34.65576171875 MB
2020-01-08 17:40:57,617 Cached:7818.75 MB
2020-01-08 17:42:16,993 ==> Epoch[11](450/553): Loss: 0.1383
2020-01-08 17:42:16,996 Allocated:34.65576171875 MB
2020-01-08 17:42:16,997 Cached:6026.5 MB
2020-01-08 17:43:35,286 ==> Epoch[11](500/553): Loss: 0.0808
2020-01-08 17:43:35,288 Allocated:34.65576171875 MB
2020-01-08 17:43:35,288 Cached:6026.5 MB
2020-01-08 17:45:10,086 ==> Epoch[11](550/553): Loss: 0.1211
2020-01-08 17:45:10,088 Allocated:34.65576171875 MB
2020-01-08 17:45:10,088 Cached:6026.5 MB
2020-01-08 17:45:14,073 ===> Epoch 11 Complete: Avg. Loss: 0.1025
2020-01-08 17:45:14,074 ====> Extracting Features
2020-01-08 17:45:53,595 ==> Batch (50/108)
2020-01-08 17:46:16,866 ==> Batch (100/108)
2020-01-08 17:46:21,678 ====> Building faiss index
2020-01-08 17:46:22,085 ====> Calculating recall @ N
2020-01-08 17:46:24,391 ====> Recall@1: 0.7774
2020-01-08 17:46:24,392 ====> Recall@2: 0.7849
2020-01-08 17:46:24,393 ====> Recall@3: 0.7887
2020-01-08 17:46:24,393 ====> Recall@4: 0.7907
2020-01-08 17:46:24,393 ====> Recall@5: 0.7942
2020-01-08 17:46:24,393 ====> Recall@10: 0.8006
2020-01-08 17:46:24,394 ====> Recall@15: 0.8064
2020-01-08 17:46:24,394 ====> Recall@20: 0.8128
2020-01-08 17:46:24,394 ====> Recall@25: 0.8162
2020-01-08 17:46:24,527 ====> Building Cache
2020-01-08 17:46:24,528 feature cache--->>> /home/annora/NetVLAD/output/train_feat_cache1.hdf5
2020-01-08 17:47:43,774 Allocated:32.65576171875 MB
2020-01-08 17:47:43,775 Cached:3000.375 MB
2020-01-08 17:49:36,916 ==> Epoch[12](50/553): Loss: 0.0301
2020-01-08 17:49:36,918 Allocated:34.65576171875 MB
2020-01-08 17:49:36,918 Cached:5310.0 MB
2020-01-08 17:50:52,932 ==> Epoch[12](100/553): Loss: 0.0516
2020-01-08 17:50:52,934 Allocated:34.65576171875 MB
2020-01-08 17:50:52,935 Cached:5310.0 MB
2020-01-08 17:51:59,989 ==> Epoch[12](150/553): Loss: 0.0836
2020-01-08 17:51:59,992 Allocated:34.65576171875 MB
2020-01-08 17:51:59,992 Cached:6553.125 MB
2020-01-08 17:52:52,407 ====> Building Cache
2020-01-08 17:52:52,408 feature cache--->>> /home/annora/NetVLAD/output/train_feat_cache1.hdf5
2020-01-08 17:54:14,045 Allocated:34.6552734375 MB
2020-01-08 17:54:14,045 Cached:3001.375 MB
2020-01-08 17:55:10,875 ==> Epoch[12](200/553): Loss: 0.1501
2020-01-08 17:55:10,877 Allocated:34.65576171875 MB
2020-01-08 17:55:10,877 Cached:4139.0 MB
2020-01-08 17:56:35,278 ==> Epoch[12](250/553): Loss: 0.1632
2020-01-08 17:56:35,280 Allocated:34.65576171875 MB
2020-01-08 17:56:35,281 Cached:5347.125 MB
2020-01-08 17:58:00,220 ==> Epoch[12](300/553): Loss: 0.0460
2020-01-08 17:58:00,222 Allocated:34.65576171875 MB
2020-01-08 17:58:00,222 Cached:5347.125 MB
2020-01-08 17:59:27,970 ==> Epoch[12](350/553): Loss: 0.1149
2020-01-08 17:59:27,972 Allocated:34.65576171875 MB
2020-01-08 17:59:27,972 Cached:6568.125 MB
2020-01-08 17:59:53,204 ====> Building Cache
2020-01-08 17:59:53,205 feature cache--->>> /home/annora/NetVLAD/output/train_feat_cache1.hdf5
2020-01-08 18:01:14,433 Allocated:34.6552734375 MB
2020-01-08 18:01:14,434 Cached:3001.375 MB
2020-01-08 18:02:34,947 ==> Epoch[12](400/553): Loss: 0.0949
2020-01-08 18:02:34,951 Allocated:34.65576171875 MB
2020-01-08 18:02:34,952 Cached:6763.5 MB
2020-01-08 18:03:56,346 ==> Epoch[12](450/553): Loss: 0.0908
2020-01-08 18:03:56,348 Allocated:34.65576171875 MB
2020-01-08 18:03:56,348 Cached:5707.125 MB
2020-01-08 18:05:24,448 ==> Epoch[12](500/553): Loss: 0.1407
2020-01-08 18:05:24,451 Allocated:34.65576171875 MB
2020-01-08 18:05:24,452 Cached:5707.125 MB
2020-01-08 18:06:50,593 ==> Epoch[12](550/553): Loss: 0.0667
2020-01-08 18:06:50,595 Allocated:34.65576171875 MB
2020-01-08 18:06:50,595 Cached:5707.125 MB
2020-01-08 18:06:52,393 ===> Epoch 12 Complete: Avg. Loss: 0.1025
2020-01-08 18:06:52,394 ====> Extracting Features
2020-01-08 18:07:28,455 ==> Batch (50/108)
2020-01-08 18:07:51,821 ==> Batch (100/108)
2020-01-08 18:07:56,191 ====> Building faiss index
2020-01-08 18:07:56,705 ====> Calculating recall @ N
2020-01-08 18:07:59,083 ====> Recall@1: 0.7774
2020-01-08 18:07:59,084 ====> Recall@2: 0.7855
2020-01-08 18:07:59,085 ====> Recall@3: 0.7884
2020-01-08 18:07:59,085 ====> Recall@4: 0.7910
2020-01-08 18:07:59,085 ====> Recall@5: 0.7945
2020-01-08 18:07:59,085 ====> Recall@10: 0.8006
2020-01-08 18:07:59,086 ====> Recall@15: 0.8064
2020-01-08 18:07:59,086 ====> Recall@20: 0.8125
2020-01-08 18:07:59,086 ====> Recall@25: 0.8162
2020-01-08 18:07:59,229 ====> Building Cache
2020-01-08 18:07:59,230 feature cache--->>> /home/annora/NetVLAD/output/train_feat_cache1.hdf5
2020-01-08 18:09:20,322 Allocated:32.65576171875 MB
2020-01-08 18:09:20,323 Cached:3000.375 MB
2020-01-08 18:11:15,037 ==> Epoch[13](50/553): Loss: 0.0442
2020-01-08 18:11:15,040 Allocated:34.65576171875 MB
2020-01-08 18:11:15,040 Cached:4178.25 MB
2020-01-08 18:12:18,776 ==> Epoch[13](100/553): Loss: 0.0075
2020-01-08 18:12:18,779 Allocated:34.65576171875 MB
2020-01-08 18:12:18,779 Cached:4178.25 MB
2020-01-08 18:13:32,779 ==> Epoch[13](150/553): Loss: 0.0713
2020-01-08 18:13:32,782 Allocated:34.65576171875 MB
2020-01-08 18:13:32,782 Cached:5351.5 MB
2020-01-08 18:14:20,037 ====> Building Cache
2020-01-08 18:14:20,038 feature cache--->>> /home/annora/NetVLAD/output/train_feat_cache1.hdf5
2020-01-08 18:15:40,780 Allocated:34.6552734375 MB
2020-01-08 18:15:40,780 Cached:3001.375 MB
2020-01-08 18:16:37,429 ==> Epoch[13](200/553): Loss: 0.1682
2020-01-08 18:16:37,434 Allocated:34.65576171875 MB
2020-01-08 18:16:37,434 Cached:5294.125 MB
2020-01-08 18:18:04,416 ==> Epoch[13](250/553): Loss: 0.1768
2020-01-08 18:18:04,419 Allocated:34.65576171875 MB
2020-01-08 18:18:04,420 Cached:7654.25 MB
2020-01-08 18:19:20,032 ==> Epoch[13](300/553): Loss: 0.1815
2020-01-08 18:19:20,034 Allocated:34.65576171875 MB
2020-01-08 18:19:20,034 Cached:8857.125 MB
2020-01-08 18:20:34,760 ==> Epoch[13](350/553): Loss: 0.0486
2020-01-08 18:20:34,763 Allocated:34.65576171875 MB
2020-01-08 18:20:34,763 Cached:8857.125 MB
2020-01-08 18:21:01,561 ====> Building Cache
2020-01-08 18:21:01,562 feature cache--->>> /home/annora/NetVLAD/output/train_feat_cache1.hdf5
2020-01-08 18:22:22,196 Allocated:34.6552734375 MB
2020-01-08 18:22:22,197 Cached:3001.375 MB
2020-01-08 18:23:53,845 ==> Epoch[13](400/553): Loss: 0.1180
2020-01-08 18:23:53,847 Allocated:34.65576171875 MB
2020-01-08 18:23:53,847 Cached:6609.5 MB
2020-01-08 18:25:10,366 ==> Epoch[13](450/553): Loss: 0.1358
2020-01-08 18:25:10,369 Allocated:34.65576171875 MB
2020-01-08 18:25:10,370 Cached:3252.0 MB
2020-01-08 18:26:36,707 ==> Epoch[13](500/553): Loss: 0.1072
2020-01-08 18:26:36,709 Allocated:34.65576171875 MB
2020-01-08 18:26:36,709 Cached:4512.25 MB
2020-01-08 18:27:54,155 ==> Epoch[13](550/553): Loss: 0.1117
2020-01-08 18:27:54,157 Allocated:34.65576171875 MB
2020-01-08 18:27:54,158 Cached:9648.75 MB
2020-01-08 18:28:01,642 ===> Epoch 13 Complete: Avg. Loss: 0.1029
2020-01-08 18:28:01,644 ====> Extracting Features
2020-01-08 18:28:39,832 ==> Batch (50/108)
2020-01-08 18:29:02,362 ==> Batch (100/108)
2020-01-08 18:29:07,210 ====> Building faiss index
2020-01-08 18:29:07,570 ====> Calculating recall @ N
2020-01-08 18:29:10,225 ====> Recall@1: 0.7777
2020-01-08 18:29:10,226 ====> Recall@2: 0.7855
2020-01-08 18:29:10,227 ====> Recall@3: 0.7887
2020-01-08 18:29:10,227 ====> Recall@4: 0.7913
2020-01-08 18:29:10,227 ====> Recall@5: 0.7942
2020-01-08 18:29:10,228 ====> Recall@10: 0.8003
2020-01-08 18:29:10,228 ====> Recall@15: 0.8064
2020-01-08 18:29:10,228 ====> Recall@20: 0.8133
2020-01-08 18:29:10,228 ====> Recall@25: 0.8165
2020-01-08 18:29:10,357 => Best Recall@5: 0.7962
