2020-01-28 12:55:27,667 Namespace(arch='alexnet', batchSize=12, cacheBatchSize=96, cachePath='/home/annora/NetVLAD/output/', cacheRefreshRate=3000, ckpt='best', contilearn=True, dataPath='/home/annora/NetVLAD/output/data/', dataset='robotcar', evalEvery=1, fromscratch=False, fromtask='', lr=0.1, lrGamma=0.5, lrStep=5, margin=0.1, mode='train', momentum=0.9, nEpochs=30, nGPU=1, nocuda=False, num_clusters=64, optim='SGD', patience=10, pooling='max', premodel='imagenet', resume='', runsPath='/home/annora/NetVLAD/output/runs/', savePath='checkpoints', seed=123, split='val', start_epoch=0, threads=8, vladv2=False, weightDecay=0.001)
2020-01-28 12:55:27,746 ===> Loading dataset(s)
2020-01-28 12:55:27,746 trainfile ------>>>>>> oxRobocar_doubleN_train.mat
2020-01-28 12:55:30,532 ====> Training set: oxRobocar_doubleN_train.mat, query set count: 6404
2020-01-28 12:55:30,643 ===> Evaluating on val set: oxRobocar_doubleN_val.mat, query count: 3450
2020-01-28 12:55:30,643 ===> Building model
2020-01-28 12:55:30,701 encoder moder:
AlexNet(
  (conv1): Sequential(
    (0): Conv2d(3, 64, kernel_size=(11, 11), stride=(4, 4), padding=(2, 2))
    (1): ReLU(inplace)
    (2): MaxPool2d(kernel_size=3, stride=2, padding=0, dilation=1, ceil_mode=False)
  )
  (conv2): Sequential(
    (0): Conv2d(64, 192, kernel_size=(5, 5), stride=(1, 1), padding=(2, 2))
    (1): ReLU(inplace)
    (2): MaxPool2d(kernel_size=3, stride=2, padding=0, dilation=1, ceil_mode=False)
  )
  (conv3): Sequential(
    (0): Conv2d(192, 384, kernel_size=(3, 3), stride=(1, 1), padding=(1, 1))
    (1): ReLU(inplace)
  )
  (conv4): Sequential(
    (0): Conv2d(384, 256, kernel_size=(3, 3), stride=(1, 1), padding=(1, 1))
    (1): ReLU(inplace)
  )
  (conv5): Sequential(
    (0): Conv2d(256, 256, kernel_size=(3, 3), stride=(1, 1), padding=(1, 1))
  )
)
2020-01-28 12:55:37,166 ===> Training model
2020-01-28 12:55:37,169 ===> Saving state to: /home/annora/NetVLAD/output/runs/2020-01-28-12-55-37_alexnet_max
2020-01-28 12:55:37,222 ====> Building Cache
2020-01-28 12:55:37,222 feature cache--->>> /home/annora/NetVLAD/output/train_feat_cache2.hdf5
2020-01-28 12:57:12,258 Allocated:99.34619140625 MB
2020-01-28 12:57:12,259 Cached:2864.375 MB
2020-01-28 13:07:18,141 ==> Epoch[1](50/534): Loss: 0.0716
2020-01-28 13:07:18,166 Allocated:121.28369140625 MB
2020-01-28 13:07:18,180 Cached:6741.375 MB
2020-01-28 13:14:38,531 ==> Epoch[1](100/534): Loss: 0.0674
2020-01-28 13:14:38,533 Allocated:120.53369140625 MB
2020-01-28 13:14:38,534 Cached:6741.375 MB
2020-01-28 13:20:38,784 ==> Epoch[1](150/534): Loss: 0.0740
2020-01-28 13:20:38,785 Allocated:121.53369140625 MB
2020-01-28 13:20:38,786 Cached:6741.375 MB
2020-01-28 13:22:36,288 ====> Building Cache
2020-01-28 13:22:36,289 feature cache--->>> /home/annora/NetVLAD/output/train_feat_cache2.hdf5
2020-01-28 13:24:18,234 Allocated:121.033203125 MB
2020-01-28 13:24:18,234 Cached:2919.5 MB
2020-01-28 13:27:23,717 ==> Epoch[1](200/534): Loss: 0.2070
2020-01-28 13:27:23,719 Allocated:121.28369140625 MB
2020-01-28 13:27:23,720 Cached:6794.5 MB
2020-01-28 13:30:56,271 ==> Epoch[1](250/534): Loss: 0.1577
2020-01-28 13:30:56,273 Allocated:120.53369140625 MB
2020-01-28 13:30:56,273 Cached:6794.5 MB
2020-01-28 13:34:10,544 ==> Epoch[1](300/534): Loss: 0.1279
2020-01-28 13:34:10,545 Allocated:121.53369140625 MB
2020-01-28 13:34:10,546 Cached:6794.5 MB
2020-01-28 13:37:31,490 ==> Epoch[1](350/534): Loss: 0.1371
2020-01-28 13:37:31,493 Allocated:121.28369140625 MB
2020-01-28 13:37:31,493 Cached:6794.5 MB
2020-01-28 13:37:58,819 ====> Building Cache
2020-01-28 13:37:58,820 feature cache--->>> /home/annora/NetVLAD/output/train_feat_cache2.hdf5
2020-01-28 13:39:39,785 Allocated:121.033203125 MB
2020-01-28 13:39:39,785 Cached:2919.5 MB
2020-01-28 13:42:29,522 ==> Epoch[1](400/534): Loss: 0.1517
2020-01-28 13:42:29,532 Allocated:120.53369140625 MB
2020-01-28 13:42:29,536 Cached:8040.0 MB
2020-01-28 13:45:15,501 ==> Epoch[1](450/534): Loss: 0.0810
2020-01-28 13:45:15,502 Allocated:121.53369140625 MB
2020-01-28 13:45:15,503 Cached:8040.0 MB
2020-01-28 13:47:58,128 ==> Epoch[1](500/534): Loss: 0.0455
2020-01-28 13:47:58,130 Allocated:121.03369140625 MB
2020-01-28 13:47:58,130 Cached:8040.0 MB
2020-01-28 13:49:35,554 ===> Epoch 1 Complete: Avg. Loss: 0.1191
2020-01-28 13:49:35,559 ====> Extracting Features
2020-01-28 13:50:19,696 ==> Batch (50/108)
2020-01-28 13:50:44,138 ==> Batch (100/108)
2020-01-28 13:50:47,961 ====> Building faiss index
2020-01-28 13:50:47,964 ====> Calculating recall @ N
2020-01-28 13:50:49,916 ====> Recall@1: 0.4722
2020-01-28 13:50:49,917 ====> Recall@2: 0.5235
2020-01-28 13:50:49,930 ====> Recall@3: 0.5568
2020-01-28 13:50:49,934 ====> Recall@4: 0.5820
2020-01-28 13:50:49,937 ====> Recall@5: 0.5988
2020-01-28 13:50:49,939 ====> Recall@10: 0.6507
2020-01-28 13:50:49,940 ====> Recall@15: 0.6751
2020-01-28 13:50:49,941 ====> Recall@20: 0.6899
2020-01-28 13:50:49,942 ====> Recall@25: 0.7038
2020-01-28 13:50:50,471 ====> Building Cache
2020-01-28 13:50:50,472 feature cache--->>> /home/annora/NetVLAD/output/train_feat_cache2.hdf5
2020-01-28 13:52:24,348 Allocated:120.03369140625 MB
2020-01-28 13:52:24,348 Cached:4209.75 MB
2020-01-28 13:56:58,143 ==> Epoch[2](50/534): Loss: 0.0412
2020-01-28 13:56:58,150 Allocated:121.53369140625 MB
2020-01-28 13:56:58,152 Cached:9021.625 MB
2020-01-28 14:00:35,956 ==> Epoch[2](100/534): Loss: 0.0259
2020-01-28 14:00:35,960 Allocated:122.03369140625 MB
2020-01-28 14:00:35,962 Cached:3525.0 MB
2020-01-28 14:03:51,116 ==> Epoch[2](150/534): Loss: 0.0268
2020-01-28 14:03:51,118 Allocated:121.65869140625 MB
2020-01-28 14:03:51,118 Cached:3525.0 MB
2020-01-28 14:06:14,708 ====> Building Cache
2020-01-28 14:06:14,710 feature cache--->>> /home/annora/NetVLAD/output/train_feat_cache2.hdf5
2020-01-28 14:07:53,112 Allocated:120.533203125 MB
2020-01-28 14:07:53,113 Cached:2919.5 MB
2020-01-28 14:10:08,478 ==> Epoch[2](200/534): Loss: 0.0930
2020-01-28 14:10:08,480 Allocated:121.53369140625 MB
2020-01-28 14:10:08,481 Cached:6507.125 MB
2020-01-28 14:14:40,049 ==> Epoch[2](250/534): Loss: 0.0589
2020-01-28 14:14:40,051 Allocated:121.53369140625 MB
2020-01-28 14:14:40,051 Cached:7769.625 MB
2020-01-28 14:18:33,665 ==> Epoch[2](300/534): Loss: 0.0432
2020-01-28 14:18:33,676 Allocated:122.40869140625 MB
2020-01-28 14:18:33,678 Cached:7769.625 MB
2020-01-28 14:23:29,754 ==> Epoch[2](350/534): Loss: 0.0642
2020-01-28 14:23:29,755 Allocated:120.53369140625 MB
2020-01-28 14:23:29,755 Cached:7769.625 MB
2020-01-28 14:24:12,301 ====> Building Cache
2020-01-28 14:24:12,303 feature cache--->>> /home/annora/NetVLAD/output/train_feat_cache2.hdf5
2020-01-28 14:26:02,275 Allocated:121.033203125 MB
2020-01-28 14:26:02,276 Cached:2944.375 MB
2020-01-28 14:30:05,387 ==> Epoch[2](400/534): Loss: 0.0576
2020-01-28 14:30:05,395 Allocated:121.15869140625 MB
2020-01-28 14:30:05,401 Cached:7605.375 MB
2020-01-28 14:33:42,448 ==> Epoch[2](450/534): Loss: 0.0910
2020-01-28 14:33:42,449 Allocated:121.15869140625 MB
2020-01-28 14:33:42,450 Cached:7605.375 MB
2020-01-28 14:37:37,473 ==> Epoch[2](500/534): Loss: 0.0034
2020-01-28 14:37:37,475 Allocated:121.53369140625 MB
2020-01-28 14:37:37,475 Cached:7606.375 MB
2020-01-28 14:40:00,826 ===> Epoch 2 Complete: Avg. Loss: 0.0617
2020-01-28 14:40:00,830 ====> Extracting Features
2020-01-28 14:40:42,591 ==> Batch (50/108)
2020-01-28 14:41:10,368 ==> Batch (100/108)
2020-01-28 14:41:12,659 ====> Building faiss index
2020-01-28 14:41:12,660 ====> Calculating recall @ N
2020-01-28 14:41:13,105 ====> Recall@1: 0.6896
2020-01-28 14:41:13,105 ====> Recall@2: 0.7174
2020-01-28 14:41:13,106 ====> Recall@3: 0.7293
2020-01-28 14:41:13,106 ====> Recall@4: 0.7377
2020-01-28 14:41:13,106 ====> Recall@5: 0.7455
2020-01-28 14:41:13,107 ====> Recall@10: 0.7664
2020-01-28 14:41:13,107 ====> Recall@15: 0.7777
2020-01-28 14:41:13,107 ====> Recall@20: 0.7878
2020-01-28 14:41:13,107 ====> Recall@25: 0.7954
2020-01-28 14:41:13,827 ====> Building Cache
2020-01-28 14:41:13,828 feature cache--->>> /home/annora/NetVLAD/output/train_feat_cache2.hdf5
2020-01-28 14:42:55,909 Allocated:118.53369140625 MB
2020-01-28 14:42:55,910 Cached:4193.625 MB
2020-01-28 14:47:33,800 ==> Epoch[3](50/534): Loss: 0.0058
2020-01-28 14:47:33,804 Allocated:121.53369140625 MB
2020-01-28 14:47:33,805 Cached:6496.375 MB
2020-01-28 14:51:09,758 ==> Epoch[3](100/534): Loss: 0.0538
2020-01-28 14:51:09,761 Allocated:122.65869140625 MB
2020-01-28 14:51:09,761 Cached:6496.375 MB
2020-01-28 14:54:34,417 ==> Epoch[3](150/534): Loss: 0.0357
2020-01-28 14:54:34,418 Allocated:121.65869140625 MB
2020-01-28 14:54:34,418 Cached:6496.375 MB
2020-01-28 14:56:19,795 ====> Building Cache
2020-01-28 14:56:19,796 feature cache--->>> /home/annora/NetVLAD/output/train_feat_cache2.hdf5
2020-01-28 14:57:59,839 Allocated:122.033203125 MB
2020-01-28 14:57:59,841 Cached:2919.5 MB
2020-01-28 15:00:17,421 ==> Epoch[3](200/534): Loss: 0.0512
2020-01-28 15:00:17,423 Allocated:121.40869140625 MB
2020-01-28 15:00:17,424 Cached:4128.75 MB
2020-01-28 15:03:23,283 ==> Epoch[3](250/534): Loss: 0.0736
2020-01-28 15:03:23,288 Allocated:120.53369140625 MB
2020-01-28 15:03:23,288 Cached:5378.5 MB
2020-01-28 15:07:03,684 ==> Epoch[3](300/534): Loss: 0.0934
2020-01-28 15:07:03,685 Allocated:121.53369140625 MB
2020-01-28 15:07:03,685 Cached:5378.5 MB
2020-01-28 15:10:06,790 ==> Epoch[3](350/534): Loss: 0.0214
2020-01-28 15:10:06,792 Allocated:120.53369140625 MB
2020-01-28 15:10:06,792 Cached:9215.625 MB
2020-01-28 15:10:28,717 ====> Building Cache
2020-01-28 15:10:28,718 feature cache--->>> /home/annora/NetVLAD/output/train_feat_cache2.hdf5
2020-01-28 15:12:14,639 Allocated:121.908203125 MB
2020-01-28 15:12:14,640 Cached:2944.375 MB
2020-01-28 15:16:37,122 ==> Epoch[3](400/534): Loss: 0.0505
2020-01-28 15:16:37,124 Allocated:121.90869140625 MB
2020-01-28 15:16:37,124 Cached:3000.0 MB
2020-01-28 15:20:13,029 ==> Epoch[3](450/534): Loss: 0.0209
2020-01-28 15:20:13,040 Allocated:121.15869140625 MB
2020-01-28 15:20:13,047 Cached:3000.0 MB
2020-01-28 15:23:45,542 ==> Epoch[3](500/534): Loss: 0.0032
2020-01-28 15:23:45,543 Allocated:120.65869140625 MB
2020-01-28 15:23:45,543 Cached:3000.0 MB
2020-01-28 15:25:55,330 ===> Epoch 3 Complete: Avg. Loss: 0.0456
2020-01-28 15:25:55,332 ====> Extracting Features
2020-01-28 15:26:36,667 ==> Batch (50/108)
2020-01-28 15:27:04,971 ==> Batch (100/108)
2020-01-28 15:27:10,980 ====> Building faiss index
2020-01-28 15:27:10,985 ====> Calculating recall @ N
2020-01-28 15:27:11,478 ====> Recall@1: 0.7441
2020-01-28 15:27:11,478 ====> Recall@2: 0.7638
2020-01-28 15:27:11,479 ====> Recall@3: 0.7719
2020-01-28 15:27:11,479 ====> Recall@4: 0.7765
2020-01-28 15:27:11,479 ====> Recall@5: 0.7832
2020-01-28 15:27:11,479 ====> Recall@10: 0.7945
2020-01-28 15:27:11,480 ====> Recall@15: 0.8003
2020-01-28 15:27:11,480 ====> Recall@20: 0.8032
2020-01-28 15:27:11,480 ====> Recall@25: 0.8087
2020-01-28 15:27:12,323 ====> Building Cache
2020-01-28 15:27:12,323 feature cache--->>> /home/annora/NetVLAD/output/train_feat_cache2.hdf5
2020-01-28 15:28:49,727 Allocated:118.53369140625 MB
2020-01-28 15:28:49,728 Cached:4193.625 MB
2020-01-28 15:32:58,568 ==> Epoch[4](50/534): Loss: 0.0455
2020-01-28 15:32:58,570 Allocated:120.53369140625 MB
2020-01-28 15:32:58,571 Cached:8897.125 MB
2020-01-28 15:36:09,998 ==> Epoch[4](100/534): Loss: 0.0105
2020-01-28 15:36:10,001 Allocated:120.53369140625 MB
2020-01-28 15:36:10,001 Cached:10118.125 MB
2020-01-28 15:39:52,696 ==> Epoch[4](150/534): Loss: 0.0161
2020-01-28 15:39:52,705 Allocated:120.65869140625 MB
2020-01-28 15:39:52,715 Cached:10118.125 MB
2020-01-28 15:42:33,252 ====> Building Cache
2020-01-28 15:42:33,253 feature cache--->>> /home/annora/NetVLAD/output/train_feat_cache2.hdf5
2020-01-28 15:44:08,636 Allocated:121.533203125 MB
2020-01-28 15:44:08,639 Cached:2919.5 MB
2020-01-28 15:46:13,459 ==> Epoch[4](200/534): Loss: 0.1262
2020-01-28 15:46:13,461 Allocated:120.53369140625 MB
2020-01-28 15:46:13,462 Cached:6459.25 MB
2020-01-28 15:49:43,660 ==> Epoch[4](250/534): Loss: 0.0803
2020-01-28 15:49:43,661 Allocated:120.65869140625 MB
2020-01-28 15:49:43,661 Cached:8958.625 MB
2020-01-28 15:53:09,090 ==> Epoch[4](300/534): Loss: 0.1613
2020-01-28 15:53:09,093 Allocated:121.03369140625 MB
2020-01-28 15:53:09,093 Cached:4864.625 MB
2020-01-28 15:57:55,226 ==> Epoch[4](350/534): Loss: 0.0675
2020-01-28 15:57:55,230 Allocated:122.40869140625 MB
2020-01-28 15:57:55,231 Cached:4864.625 MB
2020-01-28 15:58:15,177 ====> Building Cache
2020-01-28 15:58:15,178 feature cache--->>> /home/annora/NetVLAD/output/train_feat_cache2.hdf5
2020-01-28 15:59:48,746 Allocated:120.783203125 MB
2020-01-28 15:59:48,747 Cached:2919.5 MB
2020-01-28 16:03:04,125 ==> Epoch[4](400/534): Loss: 0.1001
2020-01-28 16:03:04,129 Allocated:121.03369140625 MB
2020-01-28 16:03:04,131 Cached:2992.25 MB
2020-01-28 16:06:04,482 ==> Epoch[4](450/534): Loss: 0.0737
2020-01-28 16:06:04,488 Allocated:121.53369140625 MB
2020-01-28 16:06:04,489 Cached:2993.25 MB
2020-01-28 16:09:01,665 ==> Epoch[4](500/534): Loss: 0.0588
2020-01-28 16:09:01,666 Allocated:121.15869140625 MB
2020-01-28 16:09:01,666 Cached:2993.25 MB
2020-01-28 16:11:41,913 ===> Epoch 4 Complete: Avg. Loss: 0.0714
2020-01-28 16:11:41,920 ====> Extracting Features
2020-01-28 16:12:24,098 ==> Batch (50/108)
2020-01-28 16:12:47,520 ==> Batch (100/108)
2020-01-28 16:12:52,272 ====> Building faiss index
2020-01-28 16:12:52,275 ====> Calculating recall @ N
2020-01-28 16:12:52,677 ====> Recall@1: 0.6728
2020-01-28 16:12:52,678 ====> Recall@2: 0.7194
2020-01-28 16:12:52,679 ====> Recall@3: 0.7374
2020-01-28 16:12:52,679 ====> Recall@4: 0.7507
2020-01-28 16:12:52,679 ====> Recall@5: 0.7606
2020-01-28 16:12:52,680 ====> Recall@10: 0.7832
2020-01-28 16:12:52,680 ====> Recall@15: 0.7925
2020-01-28 16:12:52,680 ====> Recall@20: 0.7986
2020-01-28 16:12:52,680 ====> Recall@25: 0.8058
2020-01-28 16:12:53,049 ====> Building Cache
2020-01-28 16:12:53,050 feature cache--->>> /home/annora/NetVLAD/output/train_feat_cache2.hdf5
2020-01-28 16:14:23,817 Allocated:119.28369140625 MB
2020-01-28 16:14:23,819 Cached:4192.625 MB
2020-01-28 16:19:07,624 ==> Epoch[5](50/534): Loss: 0.0399
2020-01-28 16:19:07,628 Allocated:121.03369140625 MB
2020-01-28 16:19:07,630 Cached:7327.5 MB
2020-01-28 16:22:40,012 ==> Epoch[5](100/534): Loss: 0.0894
2020-01-28 16:22:40,014 Allocated:120.65869140625 MB
2020-01-28 16:22:40,014 Cached:9923.125 MB
2020-01-28 16:25:58,305 ==> Epoch[5](150/534): Loss: 0.0705
2020-01-28 16:25:58,305 Allocated:121.15869140625 MB
2020-01-28 16:25:58,306 Cached:9923.125 MB
2020-01-28 16:27:54,033 ====> Building Cache
2020-01-28 16:27:54,035 feature cache--->>> /home/annora/NetVLAD/output/train_feat_cache2.hdf5
2020-01-28 16:29:24,593 Allocated:121.158203125 MB
2020-01-28 16:29:24,594 Cached:2919.5 MB
2020-01-28 16:32:04,350 ==> Epoch[5](200/534): Loss: 0.2077
2020-01-28 16:32:04,353 Allocated:120.53369140625 MB
2020-01-28 16:32:04,353 Cached:6794.5 MB
2020-01-28 16:35:45,728 ==> Epoch[5](250/534): Loss: 0.0787
2020-01-28 16:35:45,731 Allocated:121.03369140625 MB
2020-01-28 16:35:45,734 Cached:6794.5 MB
2020-01-28 16:39:40,817 ==> Epoch[5](300/534): Loss: 0.1643
2020-01-28 16:39:40,819 Allocated:122.03369140625 MB
2020-01-28 16:39:40,819 Cached:6794.5 MB
2020-01-28 16:43:07,932 ==> Epoch[5](350/534): Loss: 0.0784
2020-01-28 16:43:07,935 Allocated:120.53369140625 MB
2020-01-28 16:43:07,936 Cached:6794.5 MB
2020-01-28 16:43:29,991 ====> Building Cache
2020-01-28 16:43:29,993 feature cache--->>> /home/annora/NetVLAD/output/train_feat_cache2.hdf5
2020-01-28 16:45:14,014 Allocated:121.033203125 MB
2020-01-28 16:45:14,015 Cached:2919.5 MB
2020-01-28 16:48:27,757 ==> Epoch[5](400/534): Loss: 0.2892
2020-01-28 16:48:27,760 Allocated:121.03369140625 MB
2020-01-28 16:48:27,761 Cached:6794.5 MB
2020-01-28 16:53:19,996 ==> Epoch[5](450/534): Loss: 0.2983
2020-01-28 16:53:20,002 Allocated:122.03369140625 MB
2020-01-28 16:53:20,004 Cached:6794.5 MB
2020-01-28 16:57:22,446 ==> Epoch[5](500/534): Loss: 0.2964
2020-01-28 16:57:22,448 Allocated:120.53369140625 MB
2020-01-28 16:57:22,449 Cached:6794.5 MB
2020-01-28 16:59:50,038 ===> Epoch 5 Complete: Avg. Loss: 0.1669
2020-01-28 16:59:50,040 ====> Extracting Features
2020-01-28 17:00:27,387 ==> Batch (50/108)
2020-01-28 17:00:50,290 ==> Batch (100/108)
2020-01-28 17:00:54,549 ====> Building faiss index
2020-01-28 17:00:54,552 ====> Calculating recall @ N
2020-01-28 17:00:55,187 ====> Recall@1: 0.6652
2020-01-28 17:00:55,188 ====> Recall@2: 0.6930
2020-01-28 17:00:55,188 ====> Recall@3: 0.7200
2020-01-28 17:00:55,188 ====> Recall@4: 0.7319
2020-01-28 17:00:55,188 ====> Recall@5: 0.7409
2020-01-28 17:00:55,189 ====> Recall@10: 0.7701
2020-01-28 17:00:55,189 ====> Recall@15: 0.7855
2020-01-28 17:00:55,189 ====> Recall@20: 0.7951
2020-01-28 17:00:55,189 ====> Recall@25: 0.8006
2020-01-28 17:00:55,575 ====> Building Cache
2020-01-28 17:00:55,576 feature cache--->>> /home/annora/NetVLAD/output/train_feat_cache2.hdf5
2020-01-28 17:02:38,963 Allocated:119.53369140625 MB
2020-01-28 17:02:38,964 Cached:4209.75 MB
2020-01-28 17:06:59,928 ==> Epoch[6](50/534): Loss: 0.2973
2020-01-28 17:06:59,931 Allocated:121.03369140625 MB
2020-01-28 17:06:59,931 Cached:8083.75 MB
2020-01-28 17:11:08,772 ==> Epoch[6](100/534): Loss: 0.2931
2020-01-28 17:11:08,774 Allocated:121.15869140625 MB
2020-01-28 17:11:08,774 Cached:8083.75 MB
2020-01-28 17:14:21,451 ==> Epoch[6](150/534): Loss: 0.3133
2020-01-28 17:14:21,452 Allocated:121.90869140625 MB
2020-01-28 17:14:21,452 Cached:8083.75 MB
2020-01-28 17:16:00,176 ====> Building Cache
2020-01-28 17:16:00,176 feature cache--->>> /home/annora/NetVLAD/output/train_feat_cache2.hdf5
2020-01-28 17:17:41,556 Allocated:120.533203125 MB
2020-01-28 17:17:41,557 Cached:2919.5 MB
2020-01-28 17:20:00,467 ==> Epoch[6](200/534): Loss: 0.3142
2020-01-28 17:20:00,476 Allocated:121.03369140625 MB
2020-01-28 17:20:00,480 Cached:6794.5 MB
2020-01-28 17:22:45,308 ==> Epoch[6](250/534): Loss: 0.3140
2020-01-28 17:22:45,309 Allocated:121.15869140625 MB
2020-01-28 17:22:45,309 Cached:6794.5 MB
2020-01-28 17:25:38,912 ==> Epoch[6](300/534): Loss: 0.3151
2020-01-28 17:25:38,913 Allocated:121.90869140625 MB
2020-01-28 17:25:38,914 Cached:6794.5 MB
2020-01-28 17:28:27,795 ==> Epoch[6](350/534): Loss: 0.3152
2020-01-28 17:28:27,803 Allocated:121.03369140625 MB
2020-01-28 17:28:27,805 Cached:6794.5 MB
2020-01-28 17:28:52,737 ====> Building Cache
2020-01-28 17:28:52,738 feature cache--->>> /home/annora/NetVLAD/output/train_feat_cache2.hdf5
2020-01-28 17:30:31,058 Allocated:120.533203125 MB
2020-01-28 17:30:31,058 Cached:2919.5 MB
2020-01-28 17:33:20,451 ==> Epoch[6](400/534): Loss: 0.3143
2020-01-28 17:33:20,453 Allocated:121.15869140625 MB
2020-01-28 17:33:20,454 Cached:6793.5 MB
2020-01-28 17:38:00,481 ==> Epoch[6](450/534): Loss: 0.3146
2020-01-28 17:38:00,485 Allocated:121.90869140625 MB
2020-01-28 17:38:00,486 Cached:6793.5 MB
2020-01-28 17:42:01,600 ==> Epoch[6](500/534): Loss: 0.3144
2020-01-28 17:42:01,602 Allocated:121.03369140625 MB
2020-01-28 17:42:01,602 Cached:6793.5 MB
2020-01-28 17:44:55,908 ===> Epoch 6 Complete: Avg. Loss: 0.3042
2020-01-28 17:44:55,910 ====> Extracting Features
2020-01-28 17:45:43,796 ==> Batch (50/108)
2020-01-28 17:46:14,668 ==> Batch (100/108)
2020-01-28 17:46:17,690 ====> Building faiss index
2020-01-28 17:46:17,698 ====> Calculating recall @ N
2020-01-28 17:46:18,741 ====> Recall@1: 0.5788
2020-01-28 17:46:18,742 ====> Recall@2: 0.6446
2020-01-28 17:46:18,742 ====> Recall@3: 0.6725
2020-01-28 17:46:18,743 ====> Recall@4: 0.6910
2020-01-28 17:46:18,743 ====> Recall@5: 0.7014
2020-01-28 17:46:18,753 ====> Recall@10: 0.7368
2020-01-28 17:46:18,754 ====> Recall@15: 0.7597
2020-01-28 17:46:18,754 ====> Recall@20: 0.7728
2020-01-28 17:46:18,758 ====> Recall@25: 0.7817
2020-01-28 17:46:19,252 ====> Building Cache
2020-01-28 17:46:19,253 feature cache--->>> /home/annora/NetVLAD/output/train_feat_cache2.hdf5
2020-01-28 17:47:50,117 Allocated:119.53369140625 MB
2020-01-28 17:47:50,118 Cached:4209.75 MB
2020-01-28 17:52:47,804 ==> Epoch[7](50/534): Loss: 0.3147
2020-01-28 17:52:47,808 Allocated:122.03369140625 MB
2020-01-28 17:52:47,809 Cached:8083.75 MB
2020-01-28 17:56:20,797 ==> Epoch[7](100/534): Loss: 0.3151
2020-01-28 17:56:20,798 Allocated:120.53369140625 MB
2020-01-28 17:56:20,798 Cached:8083.75 MB
2020-01-28 18:00:34,606 ==> Epoch[7](150/534): Loss: 0.3148
2020-01-28 18:00:34,614 Allocated:121.03369140625 MB
2020-01-28 18:00:34,624 Cached:8083.75 MB
2020-01-28 18:03:03,462 ====> Building Cache
2020-01-28 18:03:03,463 feature cache--->>> /home/annora/NetVLAD/output/train_feat_cache2.hdf5
2020-01-28 18:04:38,698 Allocated:121.033203125 MB
2020-01-28 18:04:38,698 Cached:2919.5 MB
2020-01-28 18:07:17,222 ==> Epoch[7](200/534): Loss: 0.3156
2020-01-28 18:07:17,225 Allocated:122.03369140625 MB
2020-01-28 18:07:17,225 Cached:6794.5 MB
2020-01-28 18:11:19,834 ==> Epoch[7](250/534): Loss: 0.3150
2020-01-28 18:11:19,835 Allocated:120.53369140625 MB
2020-01-28 18:11:19,835 Cached:6794.5 MB
2020-01-28 18:15:23,680 ==> Epoch[7](300/534): Loss: 0.3153
2020-01-28 18:15:23,683 Allocated:121.03369140625 MB
2020-01-28 18:15:23,684 Cached:6794.5 MB
2020-01-28 18:19:52,486 ==> Epoch[7](350/534): Loss: 0.3155
2020-01-28 18:19:52,490 Allocated:122.03369140625 MB
2020-01-28 18:19:52,491 Cached:6794.5 MB
2020-01-28 18:20:18,037 ====> Building Cache
2020-01-28 18:20:18,039 feature cache--->>> /home/annora/NetVLAD/output/train_feat_cache2.hdf5
2020-01-28 18:21:50,850 Allocated:122.533203125 MB
2020-01-28 18:21:50,850 Cached:2919.5 MB
2020-01-28 18:25:23,226 ==> Epoch[7](400/534): Loss: 0.3153
2020-01-28 18:25:23,228 Allocated:120.53369140625 MB
2020-01-28 18:25:23,228 Cached:6793.5 MB
2020-01-28 18:28:41,152 ==> Epoch[7](450/534): Loss: 0.3156
2020-01-28 18:28:41,158 Allocated:121.03369140625 MB
2020-01-28 18:28:41,159 Cached:6793.5 MB
2020-01-28 18:32:28,556 ==> Epoch[7](500/534): Loss: 0.3156
2020-01-28 18:32:28,560 Allocated:122.03369140625 MB
2020-01-28 18:32:28,560 Cached:6793.5 MB
2020-01-28 18:34:28,876 ===> Epoch 7 Complete: Avg. Loss: 0.3152
2020-01-28 18:34:28,878 ====> Extracting Features
2020-01-28 18:35:10,981 ==> Batch (50/108)
2020-01-28 18:35:36,422 ==> Batch (100/108)
2020-01-28 18:35:39,339 ====> Building faiss index
2020-01-28 18:35:39,342 ====> Calculating recall @ N
2020-01-28 18:35:40,243 ====> Recall@1: 0.1817
2020-01-28 18:35:40,243 ====> Recall@2: 0.2687
2020-01-28 18:35:40,244 ====> Recall@3: 0.3322
2020-01-28 18:35:40,244 ====> Recall@4: 0.3855
2020-01-28 18:35:40,245 ====> Recall@5: 0.4159
2020-01-28 18:35:40,245 ====> Recall@10: 0.5299
2020-01-28 18:35:40,245 ====> Recall@15: 0.5930
2020-01-28 18:35:40,245 ====> Recall@20: 0.6275
2020-01-28 18:35:40,245 ====> Recall@25: 0.6533
2020-01-28 18:35:40,641 ====> Building Cache
2020-01-28 18:35:40,642 feature cache--->>> /home/annora/NetVLAD/output/train_feat_cache2.hdf5
2020-01-28 18:37:12,133 Allocated:119.53369140625 MB
2020-01-28 18:37:12,134 Cached:4209.75 MB
2020-01-28 18:41:30,492 ==> Epoch[8](50/534): Loss: 0.3155
2020-01-28 18:41:30,494 Allocated:121.15869140625 MB
2020-01-28 18:41:30,495 Cached:8083.75 MB
2020-01-28 18:44:40,722 ==> Epoch[8](100/534): Loss: 0.3156
2020-01-28 18:44:40,724 Allocated:121.90869140625 MB
2020-01-28 18:44:40,724 Cached:8083.75 MB
2020-01-28 18:47:48,178 ==> Epoch[8](150/534): Loss: 0.3156
2020-01-28 18:47:48,186 Allocated:121.03369140625 MB
2020-01-28 18:47:48,186 Cached:8083.75 MB
2020-01-28 18:49:36,097 ====> Building Cache
2020-01-28 18:49:36,098 feature cache--->>> /home/annora/NetVLAD/output/train_feat_cache2.hdf5
2020-01-28 18:51:10,234 Allocated:122.533203125 MB
2020-01-28 18:51:10,235 Cached:2919.5 MB
2020-01-28 18:53:29,133 ==> Epoch[8](200/534): Loss: 0.3159
2020-01-28 18:53:29,137 Allocated:121.15869140625 MB
2020-01-28 18:53:29,137 Cached:6794.5 MB
2020-01-28 18:56:47,941 ==> Epoch[8](250/534): Loss: 0.3159
2020-01-28 18:56:47,943 Allocated:121.90869140625 MB
2020-01-28 18:56:47,943 Cached:6794.5 MB
2020-01-28 18:59:48,778 ==> Epoch[8](300/534): Loss: 0.3160
2020-01-28 18:59:48,780 Allocated:121.03369140625 MB
2020-01-28 18:59:48,781 Cached:6794.5 MB
2020-01-28 19:03:25,618 ==> Epoch[8](350/534): Loss: 0.3157
2020-01-28 19:03:25,619 Allocated:121.15869140625 MB
2020-01-28 19:03:25,621 Cached:6794.5 MB
2020-01-28 19:04:01,992 ====> Building Cache
2020-01-28 19:04:01,994 feature cache--->>> /home/annora/NetVLAD/output/train_feat_cache2.hdf5
2020-01-28 19:05:36,156 Allocated:121.533203125 MB
2020-01-28 19:05:36,156 Cached:2919.5 MB
2020-01-28 19:09:58,836 ==> Epoch[8](400/534): Loss: 0.3158
2020-01-28 19:09:58,838 Allocated:121.90869140625 MB
2020-01-28 19:09:58,838 Cached:6793.5 MB
2020-01-28 19:13:21,609 ==> Epoch[8](450/534): Loss: 0.3159
2020-01-28 19:13:21,612 Allocated:121.03369140625 MB
2020-01-28 19:13:21,613 Cached:6793.5 MB
2020-01-28 19:16:48,742 ==> Epoch[8](500/534): Loss: 0.3159
2020-01-28 19:16:48,745 Allocated:121.15869140625 MB
2020-01-28 19:16:48,746 Cached:6793.5 MB
2020-01-28 19:19:24,990 ===> Epoch 8 Complete: Avg. Loss: 0.3157
2020-01-28 19:19:24,992 ====> Extracting Features
2020-01-28 19:20:05,602 ==> Batch (50/108)
2020-01-28 19:20:28,474 ==> Batch (100/108)
2020-01-28 19:20:33,093 ====> Building faiss index
2020-01-28 19:20:33,102 ====> Calculating recall @ N
2020-01-28 19:20:35,594 ====> Recall@1: 0.0380
2020-01-28 19:20:35,594 ====> Recall@2: 0.0397
2020-01-28 19:20:35,595 ====> Recall@3: 0.0414
2020-01-28 19:20:35,595 ====> Recall@4: 0.0423
2020-01-28 19:20:35,595 ====> Recall@5: 0.0423
2020-01-28 19:20:35,596 ====> Recall@10: 0.0461
2020-01-28 19:20:35,596 ====> Recall@15: 0.0467
2020-01-28 19:20:35,596 ====> Recall@20: 0.0467
2020-01-28 19:20:35,596 ====> Recall@25: 0.0472
2020-01-28 19:20:35,998 ====> Building Cache
2020-01-28 19:20:35,998 feature cache--->>> /home/annora/NetVLAD/output/train_feat_cache2.hdf5
2020-01-28 19:22:07,270 Allocated:119.28369140625 MB
2020-01-28 19:22:07,271 Cached:4209.75 MB
2020-01-28 19:26:08,155 ==> Epoch[9](50/534): Loss: 0.3159
2020-01-28 19:26:08,159 Allocated:120.53369140625 MB
2020-01-28 19:26:08,160 Cached:8083.75 MB
2020-01-28 19:29:20,637 ==> Epoch[9](100/534): Loss: 0.3159
2020-01-28 19:29:20,639 Allocated:121.53369140625 MB
2020-01-28 19:29:20,639 Cached:8083.75 MB
2020-01-28 19:32:56,669 ==> Epoch[9](150/534): Loss: 0.3159
2020-01-28 19:32:56,677 Allocated:121.65869140625 MB
2020-01-28 19:32:56,688 Cached:8083.75 MB
2020-01-28 19:34:48,331 ====> Building Cache
2020-01-28 19:34:48,333 feature cache--->>> /home/annora/NetVLAD/output/train_feat_cache2.hdf5
2020-01-28 19:36:31,068 Allocated:120.533203125 MB
2020-01-28 19:36:31,069 Cached:2919.5 MB
2020-01-28 19:38:44,715 ==> Epoch[9](200/534): Loss: 0.3160
2020-01-28 19:38:44,717 Allocated:120.53369140625 MB
2020-01-28 19:38:44,717 Cached:6794.5 MB
2020-01-28 19:41:27,392 ==> Epoch[9](250/534): Loss: 0.3160
2020-01-28 19:41:27,394 Allocated:121.53369140625 MB
2020-01-28 19:41:27,394 Cached:6794.5 MB
2020-01-28 19:44:16,976 ==> Epoch[9](300/534): Loss: 0.3160
2020-01-28 19:44:16,980 Allocated:121.65869140625 MB
2020-01-28 19:44:16,982 Cached:6794.5 MB
2020-01-28 19:47:21,107 ==> Epoch[9](350/534): Loss: 0.3160
2020-01-28 19:47:21,109 Allocated:120.53369140625 MB
2020-01-28 19:47:21,110 Cached:6794.5 MB
2020-01-28 19:47:46,713 ====> Building Cache
2020-01-28 19:47:46,715 feature cache--->>> /home/annora/NetVLAD/output/train_feat_cache2.hdf5
2020-01-28 19:49:23,287 Allocated:120.533203125 MB
2020-01-28 19:49:23,288 Cached:2919.5 MB
2020-01-28 19:52:37,246 ==> Epoch[9](400/534): Loss: 0.3161
2020-01-28 19:52:37,248 Allocated:121.53369140625 MB
2020-01-28 19:52:37,248 Cached:6793.5 MB
2020-01-28 19:56:18,385 ==> Epoch[9](450/534): Loss: 0.3160
2020-01-28 19:56:18,387 Allocated:121.65869140625 MB
2020-01-28 19:56:18,387 Cached:6793.5 MB
2020-01-28 19:59:50,959 ==> Epoch[9](500/534): Loss: 0.3161
2020-01-28 19:59:50,961 Allocated:120.53369140625 MB
2020-01-28 19:59:50,961 Cached:6793.5 MB
2020-01-28 20:01:58,331 ===> Epoch 9 Complete: Avg. Loss: 0.3160
2020-01-28 20:01:58,336 ====> Extracting Features
2020-01-28 20:02:38,884 ==> Batch (50/108)
2020-01-28 20:03:03,372 ==> Batch (100/108)
2020-01-28 20:03:08,058 ====> Building faiss index
2020-01-28 20:03:08,063 ====> Calculating recall @ N
2020-01-28 20:03:09,314 ====> Recall@1: 0.0362
2020-01-28 20:03:09,314 ====> Recall@2: 0.0362
2020-01-28 20:03:09,315 ====> Recall@3: 0.0362
2020-01-28 20:03:09,315 ====> Recall@4: 0.0362
2020-01-28 20:03:09,316 ====> Recall@5: 0.0362
2020-01-28 20:03:09,316 ====> Recall@10: 0.0362
2020-01-28 20:03:09,316 ====> Recall@15: 0.0362
2020-01-28 20:03:09,316 ====> Recall@20: 0.0362
2020-01-28 20:03:09,316 ====> Recall@25: 0.0365
2020-01-28 20:03:09,702 ====> Building Cache
2020-01-28 20:03:09,702 feature cache--->>> /home/annora/NetVLAD/output/train_feat_cache2.hdf5
2020-01-28 20:04:41,593 Allocated:119.90869140625 MB
2020-01-28 20:04:41,593 Cached:4209.75 MB
2020-01-28 20:09:19,063 ==> Epoch[10](50/534): Loss: 0.3161
2020-01-28 20:09:19,065 Allocated:121.53369140625 MB
2020-01-28 20:09:19,065 Cached:8083.75 MB
2020-01-28 20:12:56,629 ==> Epoch[10](100/534): Loss: 0.3161
2020-01-28 20:12:56,631 Allocated:121.28369140625 MB
2020-01-28 20:12:56,632 Cached:8083.75 MB
2020-01-28 20:16:17,086 ==> Epoch[10](150/534): Loss: 0.3161
2020-01-28 20:16:17,088 Allocated:120.53369140625 MB
2020-01-28 20:16:17,088 Cached:8083.75 MB
2020-01-28 20:18:15,016 ====> Building Cache
2020-01-28 20:18:15,018 feature cache--->>> /home/annora/NetVLAD/output/train_feat_cache2.hdf5
2020-01-28 20:19:57,381 Allocated:120.533203125 MB
2020-01-28 20:19:57,382 Cached:2919.5 MB
2020-01-28 20:22:27,924 ==> Epoch[10](200/534): Loss: 0.3162
2020-01-28 20:22:27,933 Allocated:121.53369140625 MB
2020-01-28 20:22:27,936 Cached:6794.5 MB
2020-01-28 20:26:09,975 ==> Epoch[10](250/534): Loss: 0.3161
2020-01-28 20:26:09,978 Allocated:121.28369140625 MB
2020-01-28 20:26:09,979 Cached:6794.5 MB
2020-01-28 20:29:39,806 ==> Epoch[10](300/534): Loss: 0.3161
2020-01-28 20:29:39,814 Allocated:120.53369140625 MB
2020-01-28 20:29:39,817 Cached:6794.5 MB
2020-01-28 20:32:50,634 ==> Epoch[10](350/534): Loss: 0.3161
2020-01-28 20:32:50,637 Allocated:121.53369140625 MB
2020-01-28 20:32:50,638 Cached:6794.5 MB
2020-01-28 20:33:09,029 ====> Building Cache
2020-01-28 20:33:09,030 feature cache--->>> /home/annora/NetVLAD/output/train_feat_cache2.hdf5
2020-01-28 20:34:53,314 Allocated:121.908203125 MB
2020-01-28 20:34:53,314 Cached:2919.5 MB
2020-01-28 20:38:34,900 ==> Epoch[10](400/534): Loss: 0.3161
2020-01-28 20:38:34,902 Allocated:121.28369140625 MB
2020-01-28 20:38:34,903 Cached:6793.5 MB
2020-01-28 20:43:23,402 ==> Epoch[10](450/534): Loss: 0.3161
2020-01-28 20:43:23,404 Allocated:120.53369140625 MB
2020-01-28 20:43:23,404 Cached:6793.5 MB
2020-01-28 20:47:57,186 ==> Epoch[10](500/534): Loss: 0.3161
2020-01-28 20:47:57,187 Allocated:121.53369140625 MB
2020-01-28 20:47:57,188 Cached:6793.5 MB
2020-01-28 20:52:02,142 ===> Epoch 10 Complete: Avg. Loss: 0.3161
2020-01-28 20:52:02,153 ====> Extracting Features
2020-01-28 20:52:40,561 ==> Batch (50/108)
2020-01-28 20:53:13,819 ==> Batch (100/108)
2020-01-28 20:53:14,988 ====> Building faiss index
2020-01-28 20:53:14,990 ====> Calculating recall @ N
2020-01-28 20:53:20,160 ====> Recall@1: 0.0362
2020-01-28 20:53:20,161 ====> Recall@2: 0.0362
2020-01-28 20:53:20,162 ====> Recall@3: 0.0362
2020-01-28 20:53:20,162 ====> Recall@4: 0.0362
2020-01-28 20:53:20,163 ====> Recall@5: 0.0362
2020-01-28 20:53:20,163 ====> Recall@10: 0.0365
2020-01-28 20:53:20,163 ====> Recall@15: 0.0365
2020-01-28 20:53:20,163 ====> Recall@20: 0.0365
2020-01-28 20:53:20,164 ====> Recall@25: 0.0365
2020-01-28 20:53:20,642 ====> Building Cache
2020-01-28 20:53:20,644 feature cache--->>> /home/annora/NetVLAD/output/train_feat_cache2.hdf5
2020-01-28 20:54:54,272 Allocated:118.53369140625 MB
2020-01-28 20:54:54,274 Cached:4209.75 MB
2020-01-28 21:00:35,618 ==> Epoch[11](50/534): Loss: 0.3161
2020-01-28 21:00:35,620 Allocated:121.90869140625 MB
2020-01-28 21:00:35,620 Cached:8083.75 MB
2020-01-28 21:04:03,980 ==> Epoch[11](100/534): Loss: 0.3161
2020-01-28 21:04:03,992 Allocated:121.03369140625 MB
2020-01-28 21:04:03,999 Cached:8083.75 MB
2020-01-28 21:07:55,255 ==> Epoch[11](150/534): Loss: 0.3161
2020-01-28 21:07:55,257 Allocated:121.15869140625 MB
2020-01-28 21:07:55,257 Cached:8083.75 MB
2020-01-28 21:09:40,951 ====> Building Cache
2020-01-28 21:09:40,955 feature cache--->>> /home/annora/NetVLAD/output/train_feat_cache2.hdf5
2020-01-28 21:11:13,899 Allocated:121.033203125 MB
2020-01-28 21:11:13,900 Cached:2919.5 MB
2020-01-28 21:13:23,937 ==> Epoch[11](200/534): Loss: 0.3162
2020-01-28 21:13:23,941 Allocated:121.90869140625 MB
2020-01-28 21:13:23,941 Cached:6794.5 MB
2020-01-28 21:16:31,569 ==> Epoch[11](250/534): Loss: 0.3161
2020-01-28 21:16:31,570 Allocated:121.03369140625 MB
2020-01-28 21:16:31,570 Cached:6794.5 MB
2020-01-28 21:20:13,272 ==> Epoch[11](300/534): Loss: 0.3161
2020-01-28 21:20:13,274 Allocated:121.15869140625 MB
2020-01-28 21:20:13,274 Cached:6794.5 MB
2020-01-28 21:24:22,211 ==> Epoch[11](350/534): Loss: 0.3161
2020-01-28 21:24:22,213 Allocated:121.90869140625 MB
2020-01-28 21:24:22,213 Cached:6794.5 MB
2020-01-28 21:24:51,043 ====> Building Cache
2020-01-28 21:24:51,044 feature cache--->>> /home/annora/NetVLAD/output/train_feat_cache2.hdf5
2020-01-28 21:26:26,499 Allocated:121.658203125 MB
2020-01-28 21:26:26,500 Cached:2919.5 MB
2020-01-28 21:30:30,523 ==> Epoch[11](400/534): Loss: 0.3161
2020-01-28 21:30:30,525 Allocated:121.03369140625 MB
2020-01-28 21:30:30,525 Cached:6793.5 MB
2020-01-28 21:34:35,654 ==> Epoch[11](450/534): Loss: 0.3161
2020-01-28 21:34:35,660 Allocated:121.15869140625 MB
2020-01-28 21:34:35,663 Cached:6793.5 MB
2020-01-28 21:38:00,899 ==> Epoch[11](500/534): Loss: 0.3161
2020-01-28 21:38:00,901 Allocated:121.90869140625 MB
2020-01-28 21:38:00,902 Cached:6793.5 MB
2020-01-28 21:40:24,296 ===> Epoch 11 Complete: Avg. Loss: 0.3161
2020-01-28 21:40:24,301 ====> Extracting Features
2020-01-28 21:41:08,711 ==> Batch (50/108)
2020-01-28 21:41:36,929 ==> Batch (100/108)
2020-01-28 21:41:40,242 ====> Building faiss index
2020-01-28 21:41:40,245 ====> Calculating recall @ N
2020-01-28 21:41:41,470 ====> Recall@1: 0.0362
2020-01-28 21:41:41,471 ====> Recall@2: 0.0362
2020-01-28 21:41:41,476 ====> Recall@3: 0.0362
2020-01-28 21:41:41,482 ====> Recall@4: 0.0362
2020-01-28 21:41:41,484 ====> Recall@5: 0.0362
2020-01-28 21:41:41,487 ====> Recall@10: 0.0362
2020-01-28 21:41:41,488 ====> Recall@15: 0.0362
2020-01-28 21:41:41,489 ====> Recall@20: 0.0362
2020-01-28 21:41:41,490 ====> Recall@25: 0.0362
2020-01-28 21:41:41,996 ====> Building Cache
2020-01-28 21:41:41,997 feature cache--->>> /home/annora/NetVLAD/output/train_feat_cache2.hdf5
2020-01-28 21:43:14,271 Allocated:118.53369140625 MB
2020-01-28 21:43:14,271 Cached:4209.75 MB
2020-01-28 21:48:35,080 ==> Epoch[12](50/534): Loss: 0.3157
2020-01-28 21:48:35,082 Allocated:121.15869140625 MB
2020-01-28 21:48:35,082 Cached:8083.75 MB
2020-01-28 21:53:17,563 ==> Epoch[12](100/534): Loss: 0.3162
2020-01-28 21:53:17,566 Allocated:121.90869140625 MB
2020-01-28 21:53:17,566 Cached:8083.75 MB
2020-01-28 21:57:37,956 ==> Epoch[12](150/534): Loss: 0.3162
2020-01-28 21:57:37,959 Allocated:121.03369140625 MB
2020-01-28 21:57:37,960 Cached:8083.75 MB
2020-01-28 21:59:33,681 ====> Building Cache
2020-01-28 21:59:33,685 feature cache--->>> /home/annora/NetVLAD/output/train_feat_cache2.hdf5
2020-01-28 22:01:22,158 Allocated:122.533203125 MB
2020-01-28 22:01:22,160 Cached:2919.5 MB
2020-01-28 22:05:56,534 ==> Epoch[12](200/534): Loss: 0.3162
2020-01-28 22:05:56,538 Allocated:121.15869140625 MB
2020-01-28 22:05:56,540 Cached:6794.5 MB
2020-01-28 22:11:34,253 ==> Epoch[12](250/534): Loss: 0.3162
2020-01-28 22:11:34,256 Allocated:121.90869140625 MB
2020-01-28 22:11:34,257 Cached:6794.5 MB
2020-01-28 22:19:40,648 ==> Epoch[12](300/534): Loss: 0.3162
2020-01-28 22:19:40,656 Allocated:121.03369140625 MB
2020-01-28 22:19:40,662 Cached:6794.5 MB
2020-01-28 22:28:35,843 ==> Epoch[12](350/534): Loss: 0.3162
2020-01-28 22:28:35,847 Allocated:121.15869140625 MB
2020-01-28 22:28:35,847 Cached:6794.5 MB
2020-01-28 22:29:49,892 ====> Building Cache
2020-01-28 22:29:49,897 feature cache--->>> /home/annora/NetVLAD/output/train_feat_cache2.hdf5
2020-01-28 22:31:18,792 Allocated:121.533203125 MB
2020-01-28 22:31:18,793 Cached:2919.5 MB
2020-01-28 22:43:14,503 ==> Epoch[12](400/534): Loss: 0.3162
2020-01-28 22:43:14,507 Allocated:121.90869140625 MB
2020-01-28 22:43:14,508 Cached:6793.5 MB
2020-01-28 22:52:13,838 ==> Epoch[12](450/534): Loss: 0.3162
2020-01-28 22:52:13,839 Allocated:121.03369140625 MB
2020-01-28 22:52:13,839 Cached:6793.5 MB
2020-01-28 22:59:00,718 ==> Epoch[12](500/534): Loss: 0.3162
2020-01-28 22:59:00,735 Allocated:121.15869140625 MB
2020-01-28 22:59:00,737 Cached:6793.5 MB
2020-01-28 23:05:31,188 ===> Epoch 12 Complete: Avg. Loss: 0.3162
2020-01-28 23:05:31,191 ====> Extracting Features
2020-01-28 23:06:14,469 ==> Batch (50/108)
2020-01-28 23:06:42,132 ==> Batch (100/108)
2020-01-28 23:06:47,349 ====> Building faiss index
2020-01-28 23:06:47,357 ====> Calculating recall @ N
2020-01-28 23:06:52,218 ====> Recall@1: 0.0368
2020-01-28 23:06:52,219 ====> Recall@2: 0.0368
2020-01-28 23:06:52,220 ====> Recall@3: 0.0368
2020-01-28 23:06:52,220 ====> Recall@4: 0.0371
2020-01-28 23:06:52,220 ====> Recall@5: 0.0371
2020-01-28 23:06:52,220 ====> Recall@10: 0.0377
2020-01-28 23:06:52,221 ====> Recall@15: 0.0380
2020-01-28 23:06:52,221 ====> Recall@20: 0.0383
2020-01-28 23:06:52,221 ====> Recall@25: 0.0383
2020-01-28 23:06:52,579 ====> Building Cache
2020-01-28 23:06:52,580 feature cache--->>> /home/annora/NetVLAD/output/train_feat_cache2.hdf5
2020-01-28 23:08:22,499 Allocated:119.28369140625 MB
2020-01-28 23:08:22,500 Cached:4209.75 MB
2020-01-28 23:19:02,358 ==> Epoch[13](50/534): Loss: 0.3162
2020-01-28 23:19:02,362 Allocated:120.53369140625 MB
2020-01-28 23:19:02,363 Cached:8083.75 MB
2020-01-28 23:30:20,424 ==> Epoch[13](100/534): Loss: 0.3162
2020-01-28 23:30:20,427 Allocated:121.53369140625 MB
2020-01-28 23:30:20,433 Cached:8083.75 MB
2020-01-28 23:39:54,404 ==> Epoch[13](150/534): Loss: 0.3162
2020-01-28 23:39:54,411 Allocated:121.65869140625 MB
2020-01-28 23:39:54,414 Cached:8083.75 MB
2020-01-28 23:44:12,932 ====> Building Cache
2020-01-28 23:44:12,934 feature cache--->>> /home/annora/NetVLAD/output/train_feat_cache2.hdf5
2020-01-28 23:45:45,205 Allocated:120.533203125 MB
2020-01-28 23:45:45,206 Cached:2919.5 MB
2020-01-28 23:51:05,374 ==> Epoch[13](200/534): Loss: 0.3162
2020-01-28 23:51:05,377 Allocated:120.53369140625 MB
2020-01-28 23:51:05,378 Cached:6794.5 MB
2020-01-29 00:04:10,337 ==> Epoch[13](250/534): Loss: 0.3162
2020-01-29 00:04:10,338 Allocated:121.53369140625 MB
2020-01-29 00:04:10,338 Cached:6794.5 MB
2020-01-29 00:12:36,987 ==> Epoch[13](300/534): Loss: 0.3162
2020-01-29 00:12:36,989 Allocated:121.65869140625 MB
2020-01-29 00:12:36,989 Cached:6794.5 MB
2020-01-29 00:19:56,328 ==> Epoch[13](350/534): Loss: 0.3162
2020-01-29 00:19:56,331 Allocated:120.53369140625 MB
2020-01-29 00:19:56,332 Cached:6794.5 MB
2020-01-29 00:21:04,014 ====> Building Cache
2020-01-29 00:21:04,015 feature cache--->>> /home/annora/NetVLAD/output/train_feat_cache2.hdf5
2020-01-29 00:22:37,576 Allocated:120.533203125 MB
2020-01-29 00:22:37,578 Cached:2919.5 MB
2020-01-29 00:29:29,981 ==> Epoch[13](400/534): Loss: 0.3162
2020-01-29 00:29:29,989 Allocated:121.53369140625 MB
2020-01-29 00:29:29,992 Cached:6793.5 MB
2020-01-29 00:36:21,523 ==> Epoch[13](450/534): Loss: 0.3162
2020-01-29 00:36:21,535 Allocated:121.65869140625 MB
2020-01-29 00:36:21,542 Cached:6793.5 MB
2020-01-29 00:46:00,840 ==> Epoch[13](500/534): Loss: 0.3162
2020-01-29 00:46:00,843 Allocated:120.53369140625 MB
2020-01-29 00:46:00,844 Cached:6793.5 MB
2020-01-29 00:50:53,767 ===> Epoch 13 Complete: Avg. Loss: 0.3162
2020-01-29 00:50:53,771 ====> Extracting Features
2020-01-29 00:51:45,883 ==> Batch (50/108)
2020-01-29 00:52:21,834 ==> Batch (100/108)
2020-01-29 00:52:25,512 ====> Building faiss index
2020-01-29 00:52:25,516 ====> Calculating recall @ N
2020-01-29 00:52:30,800 ====> Recall@1: 0.0368
2020-01-29 00:52:30,802 ====> Recall@2: 0.0368
2020-01-29 00:52:30,802 ====> Recall@3: 0.0368
2020-01-29 00:52:30,809 ====> Recall@4: 0.0368
2020-01-29 00:52:30,820 ====> Recall@5: 0.0368
2020-01-29 00:52:30,824 ====> Recall@10: 0.0371
2020-01-29 00:52:30,826 ====> Recall@15: 0.0374
2020-01-29 00:52:30,829 ====> Recall@20: 0.0377
2020-01-29 00:52:30,833 ====> Recall@25: 0.0383
2020-01-29 00:52:31,495 ====> Building Cache
2020-01-29 00:52:31,501 feature cache--->>> /home/annora/NetVLAD/output/train_feat_cache2.hdf5
2020-01-29 00:54:07,227 Allocated:119.90869140625 MB
2020-01-29 00:54:07,230 Cached:4209.75 MB
2020-01-29 01:00:43,329 ==> Epoch[14](50/534): Loss: 0.3162
2020-01-29 01:00:43,331 Allocated:121.53369140625 MB
2020-01-29 01:00:43,331 Cached:8083.75 MB
2020-01-29 01:10:18,679 ==> Epoch[14](100/534): Loss: 0.3162
2020-01-29 01:10:18,684 Allocated:121.28369140625 MB
2020-01-29 01:10:18,685 Cached:8083.75 MB
2020-01-29 01:19:33,814 ==> Epoch[14](150/534): Loss: 0.3162
2020-01-29 01:19:33,822 Allocated:120.53369140625 MB
2020-01-29 01:19:33,828 Cached:8083.75 MB
2020-01-29 01:22:58,493 ====> Building Cache
2020-01-29 01:22:58,496 feature cache--->>> /home/annora/NetVLAD/output/train_feat_cache2.hdf5
2020-01-29 01:24:38,971 Allocated:120.533203125 MB
2020-01-29 01:24:38,972 Cached:2919.5 MB
2020-01-29 01:30:50,778 ==> Epoch[14](200/534): Loss: 0.3162
2020-01-29 01:30:50,781 Allocated:121.53369140625 MB
2020-01-29 01:30:50,786 Cached:6794.5 MB
2020-01-29 01:38:39,050 ==> Epoch[14](250/534): Loss: 0.3162
2020-01-29 01:38:39,052 Allocated:121.28369140625 MB
2020-01-29 01:38:39,052 Cached:6794.5 MB
2020-01-29 01:44:33,652 ==> Epoch[14](300/534): Loss: 0.3162
2020-01-29 01:44:33,659 Allocated:120.53369140625 MB
2020-01-29 01:44:33,665 Cached:6794.5 MB
2020-01-29 01:53:54,999 ==> Epoch[14](350/534): Loss: 0.3162
2020-01-29 01:53:55,002 Allocated:121.53369140625 MB
2020-01-29 01:53:55,011 Cached:6794.5 MB
2020-01-29 01:55:00,320 ====> Building Cache
2020-01-29 01:55:00,324 feature cache--->>> /home/annora/NetVLAD/output/train_feat_cache2.hdf5
2020-01-29 01:56:33,011 Allocated:121.908203125 MB
2020-01-29 01:56:33,015 Cached:2919.5 MB
2020-01-29 02:05:15,244 ==> Epoch[14](400/534): Loss: 0.3162
2020-01-29 02:05:15,250 Allocated:121.28369140625 MB
2020-01-29 02:05:15,251 Cached:6793.5 MB
2020-01-29 02:16:04,761 ==> Epoch[14](450/534): Loss: 0.3162
2020-01-29 02:16:04,763 Allocated:120.53369140625 MB
2020-01-29 02:16:04,763 Cached:6793.5 MB
2020-01-29 02:18:18,137 ==> Epoch[14](500/534): Loss: 0.3162
2020-01-29 02:18:18,138 Allocated:121.53369140625 MB
2020-01-29 02:18:18,139 Cached:6793.5 MB
2020-01-29 02:19:39,603 ===> Epoch 14 Complete: Avg. Loss: 0.3162
2020-01-29 02:19:39,605 ====> Extracting Features
2020-01-29 02:20:15,567 ==> Batch (50/108)
2020-01-29 02:20:38,195 ==> Batch (100/108)
2020-01-29 02:20:42,055 ====> Building faiss index
2020-01-29 02:20:42,057 ====> Calculating recall @ N
2020-01-29 02:20:43,023 ====> Recall@1: 0.0365
2020-01-29 02:20:43,023 ====> Recall@2: 0.0397
2020-01-29 02:20:43,024 ====> Recall@3: 0.0412
2020-01-29 02:20:43,024 ====> Recall@4: 0.0412
2020-01-29 02:20:43,024 ====> Recall@5: 0.0417
2020-01-29 02:20:43,024 ====> Recall@10: 0.0423
2020-01-29 02:20:43,025 ====> Recall@15: 0.0423
2020-01-29 02:20:43,025 ====> Recall@20: 0.0423
2020-01-29 02:20:43,025 ====> Recall@25: 0.0426
2020-01-29 02:20:43,381 Performance did not improve for 10 epochs. Stopping.
2020-01-29 02:20:43,381 => Best Recall@5: 0.7832
