2020-02-01 12:01:25,927 Namespace(arch='alexnet', batchSize=12, cacheBatchSize=96, cachePath='/home/annora/NetVLAD/output/', cacheRefreshRate=3000, ckpt='best', contilearn=True, dataPath='/home/annora/NetVLAD/output/data/', dataset='robotcar', evalEvery=1, fromscratch=False, fromtask='', lr=0.1, lrGamma=0.5, lrStep=5, margin=0.1, mode='train', momentum=0.9, nEpochs=30, nGPU=1, nocuda=False, num_clusters=64, optim='SGD', patience=10, pooling='netvlad', premodel='imagenet', resume='', runsPath='/home/annora/NetVLAD/output/runs/', savePath='checkpoints', seed=123, split='val', start_epoch=0, threads=8, vladv2=False, weightDecay=0.001)
2020-02-01 12:01:25,999 ===> Loading dataset(s)
2020-02-01 12:01:25,999 trainfile ------>>>>>> oxRobocar_doubleN_train.mat
2020-02-01 12:01:28,838 ====> Training set: oxRobocar_doubleN_train.mat, query set count: 6404
2020-02-01 12:01:28,946 ===> Evaluating on val set: oxRobocar_doubleN_val.mat, query count: 3450
2020-02-01 12:01:28,947 ===> Building model
2020-02-01 12:01:29,001 encoder moder:
AlexNet(
  (conv1): Sequential(
    (0): Conv2d(3, 64, kernel_size=(11, 11), stride=(4, 4), padding=(2, 2))
    (1): ReLU(inplace)
    (2): MaxPool2d(kernel_size=3, stride=2, padding=0, dilation=1, ceil_mode=False)
  )
  (conv2): Sequential(
    (0): Conv2d(64, 192, kernel_size=(5, 5), stride=(1, 1), padding=(2, 2))
    (1): ReLU(inplace)
    (2): MaxPool2d(kernel_size=3, stride=2, padding=0, dilation=1, ceil_mode=False)
  )
  (conv3): Sequential(
    (0): Conv2d(192, 384, kernel_size=(3, 3), stride=(1, 1), padding=(1, 1))
    (1): ReLU(inplace)
  )
  (conv4): Sequential(
    (0): Conv2d(384, 256, kernel_size=(3, 3), stride=(1, 1), padding=(1, 1))
    (1): ReLU(inplace)
  )
  (conv5): Sequential(
    (0): Conv2d(256, 256, kernel_size=(3, 3), stride=(1, 1), padding=(1, 1))
  )
)
2020-02-01 12:01:33,841 ===> Training model
2020-02-01 12:01:33,846 ===> Saving state to: /home/annora/NetVLAD/output/runs/2020-02-01-12-01-33_alexnet_netvlad
2020-02-01 12:01:33,893 ====> Building Cache
2020-02-01 12:01:33,894 feature cache--->>> /home/annora/NetVLAD/output/train_feat_cache2.hdf5
2020-02-01 12:03:04,500 Allocated:99.47119140625 MB
2020-02-01 12:03:04,501 Cached:2864.375 MB
2020-02-01 12:05:55,876 ==> Epoch[1](50/534): Loss: 0.0203
2020-02-01 12:05:55,879 Allocated:121.28369140625 MB
2020-02-01 12:05:55,879 Cached:6757.375 MB
2020-02-01 12:07:55,034 ==> Epoch[1](100/534): Loss: 0.0344
2020-02-01 12:07:55,036 Allocated:121.53369140625 MB
2020-02-01 12:07:55,036 Cached:6757.375 MB
2020-02-01 12:09:57,297 ==> Epoch[1](150/534): Loss: 0.0113
2020-02-01 12:09:57,299 Allocated:122.28369140625 MB
2020-02-01 12:09:57,299 Cached:6757.375 MB
2020-02-01 12:11:01,586 ====> Building Cache
2020-02-01 12:11:01,587 feature cache--->>> /home/annora/NetVLAD/output/train_feat_cache2.hdf5
2020-02-01 12:12:32,664 Allocated:121.283203125 MB
2020-02-01 12:12:32,665 Cached:3387.25 MB
2020-02-01 12:14:04,604 ==> Epoch[1](200/534): Loss: 0.1302
2020-02-01 12:14:04,606 Allocated:121.40869140625 MB
2020-02-01 12:14:04,607 Cached:4662.5 MB
2020-02-01 12:16:01,481 ==> Epoch[1](250/534): Loss: 0.0486
2020-02-01 12:16:01,483 Allocated:121.28369140625 MB
2020-02-01 12:16:01,483 Cached:8537.5 MB
2020-02-01 12:18:00,604 ==> Epoch[1](300/534): Loss: 0.0524
2020-02-01 12:18:00,606 Allocated:121.65869140625 MB
2020-02-01 12:18:00,606 Cached:8537.5 MB
2020-02-01 12:20:05,512 ==> Epoch[1](350/534): Loss: 0.0454
2020-02-01 12:20:05,514 Allocated:122.65869140625 MB
2020-02-01 12:20:05,514 Cached:8537.5 MB
2020-02-01 12:20:19,115 ====> Building Cache
2020-02-01 12:20:19,116 feature cache--->>> /home/annora/NetVLAD/output/train_feat_cache2.hdf5
2020-02-01 12:21:59,649 Allocated:121.283203125 MB
2020-02-01 12:21:59,650 Cached:3387.25 MB
2020-02-01 12:25:10,185 ==> Epoch[1](400/534): Loss: 0.1112
2020-02-01 12:25:10,190 Allocated:122.03369140625 MB
2020-02-01 12:25:10,191 Cached:5762.625 MB
2020-02-01 12:27:23,600 ==> Epoch[1](450/534): Loss: 0.0792
2020-02-01 12:27:23,602 Allocated:121.28369140625 MB
2020-02-01 12:27:23,603 Cached:5762.625 MB
2020-02-01 12:29:19,950 ==> Epoch[1](500/534): Loss: 0.0161
2020-02-01 12:29:19,952 Allocated:121.15869140625 MB
2020-02-01 12:29:19,952 Cached:5762.625 MB
2020-02-01 12:30:42,148 ===> Epoch 1 Complete: Avg. Loss: 0.0766
2020-02-01 12:30:42,150 ====> Extracting Features
2020-02-01 12:31:22,781 ==> Batch (50/108)
2020-02-01 12:31:54,107 ==> Batch (100/108)
2020-02-01 12:32:01,288 ====> Building faiss index
2020-02-01 12:32:02,055 ====> Calculating recall @ N
2020-02-01 12:32:04,519 ====> Recall@1: 0.5029
2020-02-01 12:32:04,520 ====> Recall@2: 0.5493
2020-02-01 12:32:04,522 ====> Recall@3: 0.5786
2020-02-01 12:32:04,522 ====> Recall@4: 0.5980
2020-02-01 12:32:04,522 ====> Recall@5: 0.6093
2020-02-01 12:32:04,522 ====> Recall@10: 0.6539
2020-02-01 12:32:04,523 ====> Recall@15: 0.6806
2020-02-01 12:32:04,523 ====> Recall@20: 0.6983
2020-02-01 12:32:04,523 ====> Recall@25: 0.7119
2020-02-01 12:32:04,939 ====> Building Cache
2020-02-01 12:32:04,940 feature cache--->>> /home/annora/NetVLAD/output/train_feat_cache2.hdf5
2020-02-01 12:34:08,614 Allocated:119.28369140625 MB
2020-02-01 12:34:08,617 Cached:4304.875 MB
2020-02-01 12:37:30,580 ==> Epoch[2](50/534): Loss: 0.0180
2020-02-01 12:37:30,583 Allocated:121.90869140625 MB
2020-02-01 12:37:30,583 Cached:4313.875 MB
2020-02-01 12:39:25,569 ==> Epoch[2](100/534): Loss: 0.0147
2020-02-01 12:39:25,571 Allocated:121.90869140625 MB
2020-02-01 12:39:25,572 Cached:5462.625 MB
2020-02-01 12:41:22,504 ==> Epoch[2](150/534): Loss: 0.0665
2020-02-01 12:41:22,507 Allocated:122.40869140625 MB
2020-02-01 12:41:22,507 Cached:5462.625 MB
2020-02-01 12:42:24,285 ====> Building Cache
2020-02-01 12:42:24,286 feature cache--->>> /home/annora/NetVLAD/output/train_feat_cache2.hdf5
2020-02-01 12:44:25,647 Allocated:121.533203125 MB
2020-02-01 12:44:25,648 Cached:3387.25 MB
2020-02-01 12:47:02,051 ==> Epoch[2](200/534): Loss: 0.0883
2020-02-01 12:47:02,055 Allocated:122.53369140625 MB
2020-02-01 12:47:02,055 Cached:6884.875 MB
2020-02-01 12:49:37,753 ==> Epoch[2](250/534): Loss: 0.0745
2020-02-01 12:49:37,756 Allocated:121.15869140625 MB
2020-02-01 12:49:37,756 Cached:8087.75 MB
2020-02-01 12:51:42,832 ==> Epoch[2](300/534): Loss: 0.0204
2020-02-01 12:51:42,835 Allocated:122.03369140625 MB
2020-02-01 12:51:42,835 Cached:8087.75 MB
2020-02-01 12:53:48,068 ==> Epoch[2](350/534): Loss: 0.0975
2020-02-01 12:53:48,073 Allocated:121.15869140625 MB
2020-02-01 12:53:48,073 Cached:8087.75 MB
2020-02-01 12:54:02,071 ====> Building Cache
2020-02-01 12:54:02,073 feature cache--->>> /home/annora/NetVLAD/output/train_feat_cache2.hdf5
2020-02-01 12:55:40,465 Allocated:122.658203125 MB
2020-02-01 12:55:40,465 Cached:3387.25 MB
2020-02-01 12:58:41,088 ==> Epoch[2](400/534): Loss: 0.0277
2020-02-01 12:58:41,091 Allocated:121.15869140625 MB
2020-02-01 12:58:41,091 Cached:5844.25 MB
2020-02-01 13:00:49,620 ==> Epoch[2](450/534): Loss: 0.0170
2020-02-01 13:00:49,623 Allocated:121.15869140625 MB
2020-02-01 13:00:49,623 Cached:5844.25 MB
2020-02-01 13:02:59,563 ==> Epoch[2](500/534): Loss: 0.0101
2020-02-01 13:02:59,566 Allocated:121.78369140625 MB
2020-02-01 13:02:59,566 Cached:5844.25 MB
2020-02-01 13:04:19,189 ===> Epoch 2 Complete: Avg. Loss: 0.0569
2020-02-01 13:04:19,190 ====> Extracting Features
2020-02-01 13:05:08,348 ==> Batch (50/108)
2020-02-01 13:05:35,680 ==> Batch (100/108)
2020-02-01 13:05:40,896 ====> Building faiss index
2020-02-01 13:05:41,255 ====> Calculating recall @ N
2020-02-01 13:05:43,713 ====> Recall@1: 0.5890
2020-02-01 13:05:43,714 ====> Recall@2: 0.6136
2020-02-01 13:05:43,715 ====> Recall@3: 0.6299
2020-02-01 13:05:43,716 ====> Recall@4: 0.6412
2020-02-01 13:05:43,716 ====> Recall@5: 0.6499
2020-02-01 13:05:43,716 ====> Recall@10: 0.6745
2020-02-01 13:05:43,717 ====> Recall@15: 0.6861
2020-02-01 13:05:43,717 ====> Recall@20: 0.6974
2020-02-01 13:05:43,717 ====> Recall@25: 0.7026
2020-02-01 13:05:44,648 ====> Building Cache
2020-02-01 13:05:44,648 feature cache--->>> /home/annora/NetVLAD/output/train_feat_cache2.hdf5
2020-02-01 13:07:48,287 Allocated:119.90869140625 MB
2020-02-01 13:07:48,289 Cached:4243.0 MB
2020-02-01 13:10:35,924 ==> Epoch[3](50/534): Loss: 0.0304
2020-02-01 13:10:35,928 Allocated:121.28369140625 MB
2020-02-01 13:10:35,928 Cached:6591.875 MB
2020-02-01 13:12:30,760 ==> Epoch[3](100/534): Loss: 0.0109
2020-02-01 13:12:30,764 Allocated:121.28369140625 MB
2020-02-01 13:12:30,765 Cached:6591.875 MB
2020-02-01 13:14:26,680 ==> Epoch[3](150/534): Loss: 0.0460
2020-02-01 13:14:26,682 Allocated:122.53369140625 MB
2020-02-01 13:14:26,682 Cached:7794.75 MB
2020-02-01 13:15:28,083 ====> Building Cache
2020-02-01 13:15:28,083 feature cache--->>> /home/annora/NetVLAD/output/train_feat_cache2.hdf5
2020-02-01 13:17:14,075 Allocated:121.158203125 MB
2020-02-01 13:17:14,076 Cached:2978.125 MB
2020-02-01 13:19:15,941 ==> Epoch[3](200/534): Loss: 0.0915
2020-02-01 13:19:15,943 Allocated:121.90869140625 MB
2020-02-01 13:19:15,944 Cached:9409.375 MB
2020-02-01 13:21:22,338 ==> Epoch[3](250/534): Loss: 0.1532
2020-02-01 13:21:22,340 Allocated:123.15869140625 MB
2020-02-01 13:21:22,340 Cached:9409.375 MB
2020-02-01 13:23:29,090 ==> Epoch[3](300/534): Loss: 0.0679
2020-02-01 13:23:29,091 Allocated:121.15869140625 MB
2020-02-01 13:23:29,092 Cached:9409.375 MB
2020-02-01 13:25:36,596 ==> Epoch[3](350/534): Loss: 0.1013
2020-02-01 13:25:36,598 Allocated:122.28369140625 MB
2020-02-01 13:25:36,598 Cached:9409.375 MB
2020-02-01 13:25:50,766 ====> Building Cache
2020-02-01 13:25:50,767 feature cache--->>> /home/annora/NetVLAD/output/train_feat_cache2.hdf5
2020-02-01 13:27:27,502 Allocated:121.158203125 MB
2020-02-01 13:27:27,503 Cached:3387.25 MB
2020-02-01 13:30:22,045 ==> Epoch[3](400/534): Loss: 0.0464
2020-02-01 13:30:22,048 Allocated:123.15869140625 MB
2020-02-01 13:30:22,048 Cached:8100.5 MB
2020-02-01 13:32:24,326 ==> Epoch[3](450/534): Loss: 0.0418
2020-02-01 13:32:24,328 Allocated:121.28369140625 MB
2020-02-01 13:32:24,328 Cached:9335.25 MB
2020-02-01 13:34:20,838 ==> Epoch[3](500/534): Loss: 0.0615
2020-02-01 13:34:20,841 Allocated:122.03369140625 MB
2020-02-01 13:34:20,841 Cached:9335.25 MB
2020-02-01 13:35:38,009 ===> Epoch 3 Complete: Avg. Loss: 0.0640
2020-02-01 13:35:38,010 ====> Extracting Features
2020-02-01 13:36:23,858 ==> Batch (50/108)
2020-02-01 13:36:51,292 ==> Batch (100/108)
2020-02-01 13:36:56,481 ====> Building faiss index
2020-02-01 13:36:56,851 ====> Calculating recall @ N
2020-02-01 13:36:59,216 ====> Recall@1: 0.4203
2020-02-01 13:36:59,216 ====> Recall@2: 0.4507
2020-02-01 13:36:59,217 ====> Recall@3: 0.4762
2020-02-01 13:36:59,217 ====> Recall@4: 0.4890
2020-02-01 13:36:59,217 ====> Recall@5: 0.5032
2020-02-01 13:36:59,217 ====> Recall@10: 0.5333
2020-02-01 13:36:59,217 ====> Recall@15: 0.5664
2020-02-01 13:36:59,218 ====> Recall@20: 0.5884
2020-02-01 13:36:59,218 ====> Recall@25: 0.6072
2020-02-01 13:36:59,681 ====> Building Cache
2020-02-01 13:36:59,682 feature cache--->>> /home/annora/NetVLAD/output/train_feat_cache2.hdf5
2020-02-01 13:38:57,159 Allocated:120.03369140625 MB
2020-02-01 13:38:57,160 Cached:4244.0 MB
2020-02-01 13:42:12,331 ==> Epoch[4](50/534): Loss: 0.0481
2020-02-01 13:42:12,334 Allocated:121.53369140625 MB
2020-02-01 13:42:12,334 Cached:7886.0 MB
2020-02-01 13:44:18,063 ==> Epoch[4](100/534): Loss: 0.0933
2020-02-01 13:44:18,066 Allocated:123.03369140625 MB
2020-02-01 13:44:18,066 Cached:9138.875 MB
2020-02-01 13:46:29,447 ==> Epoch[4](150/534): Loss: 0.0911
2020-02-01 13:46:29,450 Allocated:121.28369140625 MB
2020-02-01 13:46:29,450 Cached:3311.125 MB
2020-02-01 13:47:37,708 ====> Building Cache
2020-02-01 13:47:37,709 feature cache--->>> /home/annora/NetVLAD/output/train_feat_cache2.hdf5
2020-02-01 13:49:15,234 Allocated:121.408203125 MB
2020-02-01 13:49:15,235 Cached:2863.25 MB
2020-02-01 13:51:15,217 ==> Epoch[4](200/534): Loss: 0.1713
2020-02-01 13:51:15,220 Allocated:121.65869140625 MB
2020-02-01 13:51:15,220 Cached:4510.5 MB
2020-02-01 13:53:17,895 ==> Epoch[4](250/534): Loss: 0.1814
2020-02-01 13:53:17,897 Allocated:121.15869140625 MB
2020-02-01 13:53:17,898 Cached:7556.125 MB
2020-02-01 13:55:29,144 ==> Epoch[4](300/534): Loss: 0.2013
2020-02-01 13:55:29,146 Allocated:121.90869140625 MB
2020-02-01 13:55:29,146 Cached:7556.125 MB
2020-02-01 13:57:39,868 ==> Epoch[4](350/534): Loss: 0.1234
2020-02-01 13:57:39,869 Allocated:122.40869140625 MB
2020-02-01 13:57:39,870 Cached:7556.125 MB
2020-02-01 13:57:54,199 ====> Building Cache
2020-02-01 13:57:54,199 feature cache--->>> /home/annora/NetVLAD/output/train_feat_cache2.hdf5
2020-02-01 13:59:40,915 Allocated:122.033203125 MB
2020-02-01 13:59:40,916 Cached:3422.375 MB
2020-02-01 14:02:50,204 ==> Epoch[4](400/534): Loss: 0.2844
2020-02-01 14:02:50,207 Allocated:121.53369140625 MB
2020-02-01 14:02:50,208 Cached:7313.375 MB
2020-02-01 14:04:57,617 ==> Epoch[4](450/534): Loss: 0.1392
2020-02-01 14:04:57,619 Allocated:121.15869140625 MB
2020-02-01 14:04:57,619 Cached:7313.375 MB
2020-02-01 14:07:03,243 ==> Epoch[4](500/534): Loss: 0.1615
2020-02-01 14:07:03,245 Allocated:121.28369140625 MB
2020-02-01 14:07:03,245 Cached:7313.375 MB
2020-02-01 14:08:30,642 ===> Epoch 4 Complete: Avg. Loss: 0.1518
2020-02-01 14:08:30,644 ====> Extracting Features
2020-02-01 14:09:22,321 ==> Batch (50/108)
2020-02-01 14:09:51,310 ==> Batch (100/108)
2020-02-01 14:09:56,432 ====> Building faiss index
2020-02-01 14:09:56,815 ====> Calculating recall @ N
2020-02-01 14:09:59,351 ====> Recall@1: 0.2351
2020-02-01 14:09:59,352 ====> Recall@2: 0.2812
2020-02-01 14:09:59,353 ====> Recall@3: 0.3107
2020-02-01 14:09:59,353 ====> Recall@4: 0.3336
2020-02-01 14:09:59,353 ====> Recall@5: 0.3609
2020-02-01 14:09:59,353 ====> Recall@10: 0.4362
2020-02-01 14:09:59,354 ====> Recall@15: 0.4832
2020-02-01 14:09:59,354 ====> Recall@20: 0.5104
2020-02-01 14:09:59,354 ====> Recall@25: 0.5293
2020-02-01 14:09:59,821 ====> Building Cache
2020-02-01 14:09:59,822 feature cache--->>> /home/annora/NetVLAD/output/train_feat_cache2.hdf5
2020-02-01 14:11:37,228 Allocated:119.65869140625 MB
2020-02-01 14:11:37,229 Cached:4477.25 MB
2020-02-01 14:14:40,000 ==> Epoch[5](50/534): Loss: 0.2737
2020-02-01 14:14:40,003 Allocated:121.65869140625 MB
2020-02-01 14:14:40,003 Cached:8366.25 MB
2020-02-01 14:16:55,676 ==> Epoch[5](100/534): Loss: 0.2497
2020-02-01 14:16:55,680 Allocated:121.53369140625 MB
2020-02-01 14:16:55,680 Cached:8366.25 MB
2020-02-01 14:19:21,033 ==> Epoch[5](150/534): Loss: 0.3068
2020-02-01 14:19:21,037 Allocated:121.65869140625 MB
2020-02-01 14:19:21,037 Cached:8366.25 MB
2020-02-01 14:20:33,468 ====> Building Cache
2020-02-01 14:20:33,470 feature cache--->>> /home/annora/NetVLAD/output/train_feat_cache2.hdf5
2020-02-01 14:22:09,933 Allocated:121.533203125 MB
2020-02-01 14:22:09,934 Cached:3387.25 MB
2020-02-01 14:23:57,543 ==> Epoch[5](200/534): Loss: 0.3168
2020-02-01 14:23:57,547 Allocated:121.90869140625 MB
2020-02-01 14:23:57,547 Cached:7278.25 MB
2020-02-01 14:26:11,160 ==> Epoch[5](250/534): Loss: 0.3161
2020-02-01 14:26:11,163 Allocated:121.53369140625 MB
2020-02-01 14:26:11,163 Cached:7278.25 MB
2020-02-01 14:28:22,860 ==> Epoch[5](300/534): Loss: 0.3158
2020-02-01 14:28:22,866 Allocated:121.15869140625 MB
2020-02-01 14:28:22,866 Cached:7278.25 MB
2020-02-01 14:30:44,438 ==> Epoch[5](350/534): Loss: 0.3102
2020-02-01 14:30:44,441 Allocated:121.90869140625 MB
2020-02-01 14:30:44,441 Cached:7278.25 MB
2020-02-01 14:30:59,448 ====> Building Cache
2020-02-01 14:30:59,449 feature cache--->>> /home/annora/NetVLAD/output/train_feat_cache2.hdf5
2020-02-01 14:32:39,624 Allocated:121.908203125 MB
2020-02-01 14:32:39,625 Cached:3387.25 MB
2020-02-01 14:35:42,446 ==> Epoch[5](400/534): Loss: 0.3026
2020-02-01 14:35:42,450 Allocated:121.53369140625 MB
2020-02-01 14:35:42,451 Cached:7278.25 MB
2020-02-01 14:37:56,833 ==> Epoch[5](450/534): Loss: 0.3117
2020-02-01 14:37:56,835 Allocated:121.15869140625 MB
2020-02-01 14:37:56,836 Cached:7278.25 MB
2020-02-01 14:40:18,503 ==> Epoch[5](500/534): Loss: 0.3054
2020-02-01 14:40:18,508 Allocated:121.90869140625 MB
2020-02-01 14:40:18,509 Cached:7278.25 MB
2020-02-01 14:41:50,198 ===> Epoch 5 Complete: Avg. Loss: 0.2958
2020-02-01 14:41:50,200 ====> Extracting Features
2020-02-01 14:42:39,288 ==> Batch (50/108)
2020-02-01 14:43:13,024 ==> Batch (100/108)
2020-02-01 14:43:20,133 ====> Building faiss index
2020-02-01 14:43:20,538 ====> Calculating recall @ N
2020-02-01 14:43:24,322 ====> Recall@1: 0.1678
2020-02-01 14:43:24,323 ====> Recall@2: 0.2133
2020-02-01 14:43:24,324 ====> Recall@3: 0.2438
2020-02-01 14:43:24,324 ====> Recall@4: 0.2672
2020-02-01 14:43:24,324 ====> Recall@5: 0.2832
2020-02-01 14:43:24,324 ====> Recall@10: 0.3336
2020-02-01 14:43:24,325 ====> Recall@15: 0.3681
2020-02-01 14:43:24,325 ====> Recall@20: 0.3942
2020-02-01 14:43:24,325 ====> Recall@25: 0.4159
2020-02-01 14:43:24,828 ====> Building Cache
2020-02-01 14:43:24,829 feature cache--->>> /home/annora/NetVLAD/output/train_feat_cache2.hdf5
2020-02-01 14:45:07,022 Allocated:119.15869140625 MB
2020-02-01 14:45:07,022 Cached:4477.25 MB
2020-02-01 14:48:19,604 ==> Epoch[6](50/534): Loss: 0.3157
2020-02-01 14:48:19,608 Allocated:122.40869140625 MB
2020-02-01 14:48:19,608 Cached:8366.25 MB
2020-02-01 14:50:35,644 ==> Epoch[6](100/534): Loss: 0.3158
2020-02-01 14:50:35,649 Allocated:121.15869140625 MB
2020-02-01 14:50:35,649 Cached:8366.25 MB
2020-02-01 14:53:06,370 ==> Epoch[6](150/534): Loss: 0.3158
2020-02-01 14:53:06,373 Allocated:121.53369140625 MB
2020-02-01 14:53:06,374 Cached:8366.25 MB
2020-02-01 14:54:20,803 ====> Building Cache
2020-02-01 14:54:20,804 feature cache--->>> /home/annora/NetVLAD/output/train_feat_cache2.hdf5
2020-02-01 14:56:09,246 Allocated:121.158203125 MB
2020-02-01 14:56:09,246 Cached:3557.125 MB
2020-02-01 14:58:05,409 ==> Epoch[6](200/534): Loss: 0.3166
2020-02-01 14:58:05,412 Allocated:121.15869140625 MB
2020-02-01 14:58:05,412 Cached:7448.125 MB
2020-02-01 15:00:19,558 ==> Epoch[6](250/534): Loss: 0.3165
2020-02-01 15:00:19,560 Allocated:121.15869140625 MB
2020-02-01 15:00:19,560 Cached:7448.125 MB
2020-02-01 15:02:47,999 ==> Epoch[6](300/534): Loss: 0.3167
2020-02-01 15:02:48,002 Allocated:121.15869140625 MB
2020-02-01 15:02:48,003 Cached:7448.125 MB
2020-02-01 15:05:05,101 ==> Epoch[6](350/534): Loss: 0.3170
2020-02-01 15:05:05,104 Allocated:121.15869140625 MB
2020-02-01 15:05:05,104 Cached:7448.125 MB
2020-02-01 15:05:20,918 ====> Building Cache
2020-02-01 15:05:20,918 feature cache--->>> /home/annora/NetVLAD/output/train_feat_cache2.hdf5
2020-02-01 15:07:03,918 Allocated:121.533203125 MB
2020-02-01 15:07:03,919 Cached:3559.625 MB
2020-02-01 15:09:55,307 ==> Epoch[6](400/534): Loss: 0.3158
2020-02-01 15:09:55,309 Allocated:121.15869140625 MB
2020-02-01 15:09:55,310 Cached:7450.625 MB
2020-02-01 15:12:14,888 ==> Epoch[6](450/534): Loss: 0.3158
2020-02-01 15:12:14,891 Allocated:121.15869140625 MB
2020-02-01 15:12:14,891 Cached:7450.625 MB
2020-02-01 15:14:42,984 ==> Epoch[6](500/534): Loss: 0.3158
2020-02-01 15:14:42,986 Allocated:121.15869140625 MB
2020-02-01 15:14:42,986 Cached:7450.625 MB
2020-02-01 15:16:16,393 ===> Epoch 6 Complete: Avg. Loss: 0.3161
2020-02-01 15:16:16,395 ====> Extracting Features
2020-02-01 15:17:02,099 ==> Batch (50/108)
2020-02-01 15:17:29,846 ==> Batch (100/108)
2020-02-01 15:17:35,908 ====> Building faiss index
2020-02-01 15:17:36,291 ====> Calculating recall @ N
2020-02-01 15:17:40,078 ====> Recall@1: 0.0748
2020-02-01 15:17:40,080 ====> Recall@2: 0.1061
2020-02-01 15:17:40,081 ====> Recall@3: 0.1307
2020-02-01 15:17:40,081 ====> Recall@4: 0.1458
2020-02-01 15:17:40,081 ====> Recall@5: 0.1614
2020-02-01 15:17:40,082 ====> Recall@10: 0.2139
2020-02-01 15:17:40,082 ====> Recall@15: 0.2435
2020-02-01 15:17:40,082 ====> Recall@20: 0.2658
2020-02-01 15:17:40,082 ====> Recall@25: 0.2913
2020-02-01 15:17:40,582 ====> Building Cache
2020-02-01 15:17:40,583 feature cache--->>> /home/annora/NetVLAD/output/train_feat_cache2.hdf5
2020-02-01 15:19:23,557 Allocated:119.53369140625 MB
2020-02-01 15:19:23,557 Cached:4476.25 MB
2020-02-01 15:22:30,241 ==> Epoch[7](50/534): Loss: 0.3160
2020-02-01 15:22:30,257 Allocated:122.40869140625 MB
2020-02-01 15:22:30,257 Cached:8366.25 MB
2020-02-01 15:24:58,391 ==> Epoch[7](100/534): Loss: 0.3161
2020-02-01 15:24:58,394 Allocated:121.15869140625 MB
2020-02-01 15:24:58,394 Cached:8366.25 MB
2020-02-01 15:27:21,836 ==> Epoch[7](150/534): Loss: 0.3161
2020-02-01 15:27:21,839 Allocated:121.53369140625 MB
2020-02-01 15:27:21,839 Cached:8366.25 MB
2020-02-01 15:28:39,041 ====> Building Cache
2020-02-01 15:28:39,042 feature cache--->>> /home/annora/NetVLAD/output/train_feat_cache2.hdf5
2020-02-01 15:30:13,434 Allocated:121.158203125 MB
2020-02-01 15:30:13,434 Cached:3557.125 MB
2020-02-01 15:32:14,819 ==> Epoch[7](200/534): Loss: 0.3163
2020-02-01 15:32:14,826 Allocated:121.15869140625 MB
2020-02-01 15:32:14,826 Cached:7448.125 MB
2020-02-01 15:34:30,258 ==> Epoch[7](250/534): Loss: 0.3164
2020-02-01 15:34:30,261 Allocated:121.15869140625 MB
2020-02-01 15:34:30,261 Cached:7448.125 MB
2020-02-01 15:36:51,680 ==> Epoch[7](300/534): Loss: 0.3167
2020-02-01 15:36:51,683 Allocated:121.15869140625 MB
2020-02-01 15:36:51,683 Cached:7448.125 MB
2020-02-01 15:39:09,516 ==> Epoch[7](350/534): Loss: 0.3162
2020-02-01 15:39:09,518 Allocated:121.15869140625 MB
2020-02-01 15:39:09,518 Cached:7448.125 MB
2020-02-01 15:39:25,015 ====> Building Cache
2020-02-01 15:39:25,017 feature cache--->>> /home/annora/NetVLAD/output/train_feat_cache2.hdf5
2020-02-01 15:41:04,692 Allocated:121.533203125 MB
2020-02-01 15:41:04,693 Cached:3559.625 MB
2020-02-01 15:43:58,145 ==> Epoch[7](400/534): Loss: 0.3160
2020-02-01 15:43:58,154 Allocated:121.15869140625 MB
2020-02-01 15:43:58,154 Cached:7450.625 MB
2020-02-01 15:46:32,561 ==> Epoch[7](450/534): Loss: 0.3161
2020-02-01 15:46:32,565 Allocated:121.15869140625 MB
2020-02-01 15:46:32,566 Cached:7450.625 MB
2020-02-01 15:48:51,774 ==> Epoch[7](500/534): Loss: 0.3161
2020-02-01 15:48:51,778 Allocated:121.15869140625 MB
2020-02-01 15:48:51,779 Cached:7450.625 MB
2020-02-01 15:50:28,077 ===> Epoch 7 Complete: Avg. Loss: 0.3162
2020-02-01 15:50:28,080 ====> Extracting Features
2020-02-01 15:51:05,945 ==> Batch (50/108)
2020-02-01 15:51:30,654 ==> Batch (100/108)
2020-02-01 15:51:34,989 ====> Building faiss index
2020-02-01 15:51:35,357 ====> Calculating recall @ N
2020-02-01 15:51:38,161 ====> Recall@1: 0.0400
2020-02-01 15:51:38,161 ====> Recall@2: 0.0452
2020-02-01 15:51:38,162 ====> Recall@3: 0.0484
2020-02-01 15:51:38,162 ====> Recall@4: 0.0499
2020-02-01 15:51:38,162 ====> Recall@5: 0.0522
2020-02-01 15:51:38,163 ====> Recall@10: 0.0586
2020-02-01 15:51:38,163 ====> Recall@15: 0.0635
2020-02-01 15:51:38,163 ====> Recall@20: 0.0658
2020-02-01 15:51:38,163 ====> Recall@25: 0.0687
2020-02-01 15:51:38,859 ====> Building Cache
2020-02-01 15:51:38,859 feature cache--->>> /home/annora/NetVLAD/output/train_feat_cache2.hdf5
2020-02-01 15:53:20,683 Allocated:119.53369140625 MB
2020-02-01 15:53:20,683 Cached:4477.25 MB
2020-02-01 15:56:40,950 ==> Epoch[8](50/534): Loss: 0.3161
2020-02-01 15:56:40,953 Allocated:122.40869140625 MB
2020-02-01 15:56:40,954 Cached:8366.25 MB
2020-02-01 15:59:04,705 ==> Epoch[8](100/534): Loss: 0.3161
2020-02-01 15:59:04,708 Allocated:121.15869140625 MB
2020-02-01 15:59:04,708 Cached:8366.25 MB
2020-02-01 16:01:19,910 ==> Epoch[8](150/534): Loss: 0.3162
2020-02-01 16:01:19,912 Allocated:121.53369140625 MB
2020-02-01 16:01:19,913 Cached:8366.25 MB
2020-02-01 16:02:40,556 ====> Building Cache
2020-02-01 16:02:40,557 feature cache--->>> /home/annora/NetVLAD/output/train_feat_cache2.hdf5
2020-02-01 16:04:36,560 Allocated:121.158203125 MB
2020-02-01 16:04:36,561 Cached:3557.125 MB
2020-02-01 16:06:40,688 ==> Epoch[8](200/534): Loss: 0.3162
2020-02-01 16:06:40,694 Allocated:121.15869140625 MB
2020-02-01 16:06:40,694 Cached:7448.125 MB
2020-02-01 16:09:06,544 ==> Epoch[8](250/534): Loss: 0.3163
2020-02-01 16:09:06,547 Allocated:121.15869140625 MB
2020-02-01 16:09:06,547 Cached:7448.125 MB
2020-02-01 16:11:32,922 ==> Epoch[8](300/534): Loss: 0.3163
2020-02-01 16:11:32,925 Allocated:121.15869140625 MB
2020-02-01 16:11:32,925 Cached:7448.125 MB
2020-02-01 16:13:43,270 ==> Epoch[8](350/534): Loss: 0.3162
2020-02-01 16:13:43,273 Allocated:121.15869140625 MB
2020-02-01 16:13:43,273 Cached:7448.125 MB
2020-02-01 16:13:57,972 ====> Building Cache
2020-02-01 16:13:57,973 feature cache--->>> /home/annora/NetVLAD/output/train_feat_cache2.hdf5
2020-02-01 16:15:35,295 Allocated:121.533203125 MB
2020-02-01 16:15:35,296 Cached:3559.625 MB
2020-02-01 16:18:50,350 ==> Epoch[8](400/534): Loss: 0.3162
2020-02-01 16:18:50,353 Allocated:121.15869140625 MB
2020-02-01 16:18:50,353 Cached:7450.625 MB
2020-02-01 16:21:18,524 ==> Epoch[8](450/534): Loss: 0.3162
2020-02-01 16:21:18,544 Allocated:121.15869140625 MB
2020-02-01 16:21:18,544 Cached:7450.625 MB
2020-02-01 16:23:36,482 ==> Epoch[8](500/534): Loss: 0.3162
2020-02-01 16:23:36,485 Allocated:121.15869140625 MB
2020-02-01 16:23:36,486 Cached:7450.625 MB
2020-02-01 16:25:08,137 ===> Epoch 8 Complete: Avg. Loss: 0.3162
2020-02-01 16:25:08,138 ====> Extracting Features
2020-02-01 16:25:50,633 ==> Batch (50/108)
2020-02-01 16:26:27,130 ==> Batch (100/108)
2020-02-01 16:26:32,979 ====> Building faiss index
2020-02-01 16:26:33,340 ====> Calculating recall @ N
2020-02-01 16:26:37,083 ====> Recall@1: 0.0354
2020-02-01 16:26:37,084 ====> Recall@2: 0.0368
2020-02-01 16:26:37,084 ====> Recall@3: 0.0374
2020-02-01 16:26:37,085 ====> Recall@4: 0.0380
2020-02-01 16:26:37,085 ====> Recall@5: 0.0380
2020-02-01 16:26:37,085 ====> Recall@10: 0.0388
2020-02-01 16:26:37,085 ====> Recall@15: 0.0394
2020-02-01 16:26:37,085 ====> Recall@20: 0.0397
2020-02-01 16:26:37,086 ====> Recall@25: 0.0397
2020-02-01 16:26:37,542 ====> Building Cache
2020-02-01 16:26:37,542 feature cache--->>> /home/annora/NetVLAD/output/train_feat_cache2.hdf5
2020-02-01 16:28:16,498 Allocated:119.53369140625 MB
2020-02-01 16:28:16,498 Cached:4477.25 MB
2020-02-01 16:31:48,050 ==> Epoch[9](50/534): Loss: 0.3162
2020-02-01 16:31:48,054 Allocated:122.40869140625 MB
2020-02-01 16:31:48,054 Cached:8366.25 MB
2020-02-01 16:34:02,542 ==> Epoch[9](100/534): Loss: 0.3162
2020-02-01 16:34:02,546 Allocated:121.15869140625 MB
2020-02-01 16:34:02,547 Cached:8366.25 MB
2020-02-01 16:36:35,085 ==> Epoch[9](150/534): Loss: 0.3162
2020-02-01 16:36:35,088 Allocated:121.53369140625 MB
2020-02-01 16:36:35,088 Cached:8366.25 MB
2020-02-01 16:37:46,721 ====> Building Cache
2020-02-01 16:37:46,723 feature cache--->>> /home/annora/NetVLAD/output/train_feat_cache2.hdf5
2020-02-01 16:39:40,622 Allocated:121.158203125 MB
2020-02-01 16:39:40,622 Cached:3557.125 MB
2020-02-01 16:41:33,421 ==> Epoch[9](200/534): Loss: 0.3163
2020-02-01 16:41:33,426 Allocated:121.15869140625 MB
2020-02-01 16:41:33,427 Cached:7448.125 MB
2020-02-01 16:43:58,830 ==> Epoch[9](250/534): Loss: 0.3163
2020-02-01 16:43:58,833 Allocated:121.15869140625 MB
2020-02-01 16:43:58,834 Cached:7448.125 MB
2020-02-01 16:46:13,241 ==> Epoch[9](300/534): Loss: 0.3162
2020-02-01 16:46:13,243 Allocated:121.15869140625 MB
2020-02-01 16:46:13,243 Cached:7448.125 MB
2020-02-01 16:48:31,863 ==> Epoch[9](350/534): Loss: 0.3162
2020-02-01 16:48:31,866 Allocated:121.15869140625 MB
2020-02-01 16:48:31,867 Cached:7448.125 MB
2020-02-01 16:48:47,519 ====> Building Cache
2020-02-01 16:48:47,520 feature cache--->>> /home/annora/NetVLAD/output/train_feat_cache2.hdf5
2020-02-01 16:50:27,233 Allocated:121.533203125 MB
2020-02-01 16:50:27,234 Cached:3559.625 MB
2020-02-01 16:53:36,896 ==> Epoch[9](400/534): Loss: 0.3162
2020-02-01 16:53:36,900 Allocated:121.15869140625 MB
2020-02-01 16:53:36,901 Cached:7450.625 MB
2020-02-01 16:55:48,749 ==> Epoch[9](450/534): Loss: 0.3162
2020-02-01 16:55:48,752 Allocated:121.15869140625 MB
2020-02-01 16:55:48,752 Cached:7450.625 MB
2020-02-01 16:57:59,425 ==> Epoch[9](500/534): Loss: 0.3162
2020-02-01 16:57:59,429 Allocated:121.15869140625 MB
2020-02-01 16:57:59,429 Cached:7450.625 MB
2020-02-01 16:59:29,244 ===> Epoch 9 Complete: Avg. Loss: 0.3162
2020-02-01 16:59:29,246 ====> Extracting Features
2020-02-01 17:00:10,606 ==> Batch (50/108)
2020-02-01 17:00:46,152 ==> Batch (100/108)
2020-02-01 17:00:52,036 ====> Building faiss index
2020-02-01 17:00:52,440 ====> Calculating recall @ N
2020-02-01 17:00:56,867 ====> Recall@1: 0.0374
2020-02-01 17:00:56,869 ====> Recall@2: 0.0380
2020-02-01 17:00:56,869 ====> Recall@3: 0.0383
2020-02-01 17:00:56,870 ====> Recall@4: 0.0386
2020-02-01 17:00:56,870 ====> Recall@5: 0.0391
2020-02-01 17:00:56,870 ====> Recall@10: 0.0409
2020-02-01 17:00:56,870 ====> Recall@15: 0.0423
2020-02-01 17:00:56,871 ====> Recall@20: 0.0432
2020-02-01 17:00:56,871 ====> Recall@25: 0.0452
2020-02-01 17:00:57,348 ====> Building Cache
2020-02-01 17:00:57,349 feature cache--->>> /home/annora/NetVLAD/output/train_feat_cache2.hdf5
2020-02-01 17:02:45,519 Allocated:119.53369140625 MB
2020-02-01 17:02:45,519 Cached:4476.25 MB
2020-02-01 17:05:54,504 ==> Epoch[10](50/534): Loss: 0.3162
2020-02-01 17:05:54,507 Allocated:122.40869140625 MB
2020-02-01 17:05:54,507 Cached:8366.25 MB
2020-02-01 17:08:15,445 ==> Epoch[10](100/534): Loss: 0.3162
2020-02-01 17:08:15,447 Allocated:121.15869140625 MB
2020-02-01 17:08:15,448 Cached:8366.25 MB
2020-02-01 17:10:36,125 ==> Epoch[10](150/534): Loss: 0.3162
2020-02-01 17:10:36,140 Allocated:121.53369140625 MB
2020-02-01 17:10:36,141 Cached:8366.25 MB
2020-02-01 17:11:52,481 ====> Building Cache
2020-02-01 17:11:52,482 feature cache--->>> /home/annora/NetVLAD/output/train_feat_cache2.hdf5
2020-02-01 17:13:28,326 Allocated:121.158203125 MB
2020-02-01 17:13:28,327 Cached:3557.125 MB
2020-02-01 17:15:18,088 ==> Epoch[10](200/534): Loss: 0.3162
2020-02-01 17:15:18,092 Allocated:121.15869140625 MB
2020-02-01 17:15:18,092 Cached:7448.125 MB
2020-02-01 17:17:29,015 ==> Epoch[10](250/534): Loss: 0.3162
2020-02-01 17:17:29,017 Allocated:121.15869140625 MB
2020-02-01 17:17:29,017 Cached:7448.125 MB
2020-02-01 17:19:41,483 ==> Epoch[10](300/534): Loss: 0.3162
2020-02-01 17:19:41,486 Allocated:121.15869140625 MB
2020-02-01 17:19:41,487 Cached:7448.125 MB
2020-02-01 17:22:02,279 ==> Epoch[10](350/534): Loss: 0.3162
2020-02-01 17:22:02,282 Allocated:121.15869140625 MB
2020-02-01 17:22:02,282 Cached:7448.125 MB
2020-02-01 17:22:21,399 ====> Building Cache
2020-02-01 17:22:21,401 feature cache--->>> /home/annora/NetVLAD/output/train_feat_cache2.hdf5
2020-02-01 17:24:01,771 Allocated:121.533203125 MB
2020-02-01 17:24:01,771 Cached:3559.625 MB
2020-02-01 17:26:57,634 ==> Epoch[10](400/534): Loss: 0.3162
2020-02-01 17:26:57,638 Allocated:121.15869140625 MB
2020-02-01 17:26:57,638 Cached:7450.625 MB
2020-02-01 17:29:17,008 ==> Epoch[10](450/534): Loss: 0.3162
2020-02-01 17:29:17,013 Allocated:121.15869140625 MB
2020-02-01 17:29:17,013 Cached:7450.625 MB
2020-02-01 17:31:38,034 ==> Epoch[10](500/534): Loss: 0.3162
2020-02-01 17:31:38,040 Allocated:121.15869140625 MB
2020-02-01 17:31:38,041 Cached:7450.625 MB
2020-02-01 17:33:05,583 ===> Epoch 10 Complete: Avg. Loss: 0.3162
2020-02-01 17:33:05,585 ====> Extracting Features
2020-02-01 17:33:53,595 ==> Batch (50/108)
2020-02-01 17:34:24,473 ==> Batch (100/108)
2020-02-01 17:34:29,917 ====> Building faiss index
2020-02-01 17:34:30,316 ====> Calculating recall @ N
2020-02-01 17:34:34,139 ====> Recall@1: 0.0362
2020-02-01 17:34:34,141 ====> Recall@2: 0.0362
2020-02-01 17:34:34,142 ====> Recall@3: 0.0365
2020-02-01 17:34:34,142 ====> Recall@4: 0.0365
2020-02-01 17:34:34,143 ====> Recall@5: 0.0365
2020-02-01 17:34:34,143 ====> Recall@10: 0.0368
2020-02-01 17:34:34,143 ====> Recall@15: 0.0368
2020-02-01 17:34:34,143 ====> Recall@20: 0.0371
2020-02-01 17:34:34,144 ====> Recall@25: 0.0371
2020-02-01 17:34:34,631 ====> Building Cache
2020-02-01 17:34:34,631 feature cache--->>> /home/annora/NetVLAD/output/train_feat_cache2.hdf5
2020-02-01 17:36:13,080 Allocated:119.53369140625 MB
2020-02-01 17:36:13,081 Cached:4477.25 MB
2020-02-01 17:39:21,117 ==> Epoch[11](50/534): Loss: 0.3162
2020-02-01 17:39:21,120 Allocated:122.40869140625 MB
2020-02-01 17:39:21,121 Cached:8366.25 MB
2020-02-01 17:41:45,459 ==> Epoch[11](100/534): Loss: 0.3162
2020-02-01 17:41:45,462 Allocated:121.15869140625 MB
2020-02-01 17:41:45,462 Cached:8366.25 MB
2020-02-01 17:44:06,749 ==> Epoch[11](150/534): Loss: 0.3162
2020-02-01 17:44:06,753 Allocated:121.53369140625 MB
2020-02-01 17:44:06,754 Cached:8366.25 MB
2020-02-01 17:45:18,142 ====> Building Cache
2020-02-01 17:45:18,143 feature cache--->>> /home/annora/NetVLAD/output/train_feat_cache2.hdf5
2020-02-01 17:46:56,276 Allocated:121.158203125 MB
2020-02-01 17:46:56,276 Cached:3557.125 MB
2020-02-01 17:48:47,199 ==> Epoch[11](200/534): Loss: 0.3162
2020-02-01 17:48:47,202 Allocated:121.15869140625 MB
2020-02-01 17:48:47,202 Cached:7448.125 MB
2020-02-01 17:51:04,390 ==> Epoch[11](250/534): Loss: 0.3162
2020-02-01 17:51:04,394 Allocated:121.15869140625 MB
2020-02-01 17:51:04,394 Cached:7448.125 MB
2020-02-01 17:53:26,511 ==> Epoch[11](300/534): Loss: 0.3162
2020-02-01 17:53:26,516 Allocated:121.15869140625 MB
2020-02-01 17:53:26,516 Cached:7448.125 MB
2020-02-01 17:55:41,542 ==> Epoch[11](350/534): Loss: 0.3162
2020-02-01 17:55:41,544 Allocated:121.15869140625 MB
2020-02-01 17:55:41,545 Cached:7448.125 MB
2020-02-01 17:55:57,506 ====> Building Cache
2020-02-01 17:55:57,508 feature cache--->>> /home/annora/NetVLAD/output/train_feat_cache2.hdf5
2020-02-01 17:57:53,177 Allocated:121.533203125 MB
2020-02-01 17:57:53,178 Cached:3559.625 MB
2020-02-01 18:00:44,205 ==> Epoch[11](400/534): Loss: 0.3162
2020-02-01 18:00:44,207 Allocated:121.15869140625 MB
2020-02-01 18:00:44,208 Cached:7450.625 MB
2020-02-01 18:03:08,184 ==> Epoch[11](450/534): Loss: 0.3162
2020-02-01 18:03:08,187 Allocated:121.15869140625 MB
2020-02-01 18:03:08,187 Cached:7450.625 MB
2020-02-01 18:05:27,190 ==> Epoch[11](500/534): Loss: 0.3162
2020-02-01 18:05:27,192 Allocated:121.15869140625 MB
2020-02-01 18:05:27,192 Cached:7450.625 MB
2020-02-01 18:06:59,107 ===> Epoch 11 Complete: Avg. Loss: 0.3162
2020-02-01 18:06:59,109 ====> Extracting Features
2020-02-01 18:07:41,560 ==> Batch (50/108)
2020-02-01 18:08:10,906 ==> Batch (100/108)
2020-02-01 18:08:15,692 ====> Building faiss index
2020-02-01 18:08:16,071 ====> Calculating recall @ N
2020-02-01 18:08:19,448 ====> Recall@1: 0.0368
2020-02-01 18:08:19,449 ====> Recall@2: 0.0371
2020-02-01 18:08:19,450 ====> Recall@3: 0.0380
2020-02-01 18:08:19,450 ====> Recall@4: 0.0386
2020-02-01 18:08:19,450 ====> Recall@5: 0.0391
2020-02-01 18:08:19,450 ====> Recall@10: 0.0412
2020-02-01 18:08:19,451 ====> Recall@15: 0.0420
2020-02-01 18:08:19,451 ====> Recall@20: 0.0426
2020-02-01 18:08:19,451 ====> Recall@25: 0.0438
2020-02-01 18:08:19,921 ====> Building Cache
2020-02-01 18:08:19,922 feature cache--->>> /home/annora/NetVLAD/output/train_feat_cache2.hdf5
2020-02-01 18:10:12,330 Allocated:119.53369140625 MB
2020-02-01 18:10:12,330 Cached:4477.25 MB
2020-02-01 18:13:24,613 ==> Epoch[12](50/534): Loss: 0.3162
2020-02-01 18:13:24,616 Allocated:122.40869140625 MB
2020-02-01 18:13:24,616 Cached:8366.25 MB
2020-02-01 18:15:48,996 ==> Epoch[12](100/534): Loss: 0.3162
2020-02-01 18:15:48,999 Allocated:121.15869140625 MB
2020-02-01 18:15:49,000 Cached:8366.25 MB
2020-02-01 18:18:11,662 ==> Epoch[12](150/534): Loss: 0.3162
2020-02-01 18:18:11,665 Allocated:121.53369140625 MB
2020-02-01 18:18:11,665 Cached:8366.25 MB
2020-02-01 18:19:30,365 ====> Building Cache
2020-02-01 18:19:30,367 feature cache--->>> /home/annora/NetVLAD/output/train_feat_cache2.hdf5
2020-02-01 18:21:10,443 Allocated:121.158203125 MB
2020-02-01 18:21:10,443 Cached:3557.125 MB
2020-02-01 18:22:52,879 ==> Epoch[12](200/534): Loss: 0.3162
2020-02-01 18:22:52,882 Allocated:121.15869140625 MB
2020-02-01 18:22:52,882 Cached:7448.125 MB
2020-02-01 18:25:13,646 ==> Epoch[12](250/534): Loss: 0.3162
2020-02-01 18:25:13,649 Allocated:121.15869140625 MB
2020-02-01 18:25:13,649 Cached:7448.125 MB
2020-02-01 18:27:35,770 ==> Epoch[12](300/534): Loss: 0.3162
2020-02-01 18:27:35,773 Allocated:121.15869140625 MB
2020-02-01 18:27:35,773 Cached:7448.125 MB
2020-02-01 18:30:02,458 ==> Epoch[12](350/534): Loss: 0.3162
2020-02-01 18:30:02,460 Allocated:121.15869140625 MB
2020-02-01 18:30:02,460 Cached:7448.125 MB
2020-02-01 18:30:17,433 ====> Building Cache
2020-02-01 18:30:17,434 feature cache--->>> /home/annora/NetVLAD/output/train_feat_cache2.hdf5
2020-02-01 18:31:59,591 Allocated:121.533203125 MB
2020-02-01 18:31:59,591 Cached:3559.625 MB
2020-02-01 18:34:57,009 ==> Epoch[12](400/534): Loss: 0.3162
2020-02-01 18:34:57,012 Allocated:121.15869140625 MB
2020-02-01 18:34:57,012 Cached:7450.625 MB
2020-02-01 18:37:31,520 ==> Epoch[12](450/534): Loss: 0.3162
2020-02-01 18:37:31,525 Allocated:121.15869140625 MB
2020-02-01 18:37:31,525 Cached:7450.625 MB
2020-02-01 18:39:48,665 ==> Epoch[12](500/534): Loss: 0.3162
2020-02-01 18:39:48,667 Allocated:121.15869140625 MB
2020-02-01 18:39:48,667 Cached:7450.625 MB
2020-02-01 18:41:23,707 ===> Epoch 12 Complete: Avg. Loss: 0.3162
2020-02-01 18:41:23,710 ====> Extracting Features
2020-02-01 18:42:06,358 ==> Batch (50/108)
2020-02-01 18:42:31,130 ==> Batch (100/108)
2020-02-01 18:42:35,219 ====> Building faiss index
2020-02-01 18:42:35,573 ====> Calculating recall @ N
2020-02-01 18:42:38,667 ====> Recall@1: 0.0078
2020-02-01 18:42:38,667 ====> Recall@2: 0.0128
2020-02-01 18:42:38,668 ====> Recall@3: 0.0157
2020-02-01 18:42:38,668 ====> Recall@4: 0.0197
2020-02-01 18:42:38,669 ====> Recall@5: 0.0241
2020-02-01 18:42:38,669 ====> Recall@10: 0.0313
2020-02-01 18:42:38,669 ====> Recall@15: 0.0423
2020-02-01 18:42:38,669 ====> Recall@20: 0.0487
2020-02-01 18:42:38,670 ====> Recall@25: 0.0551
2020-02-01 18:42:39,126 ====> Building Cache
2020-02-01 18:42:39,127 feature cache--->>> /home/annora/NetVLAD/output/train_feat_cache2.hdf5
2020-02-01 18:44:15,382 Allocated:119.53369140625 MB
2020-02-01 18:44:15,383 Cached:4476.25 MB
2020-02-01 18:47:47,912 ==> Epoch[13](50/534): Loss: 0.3162
2020-02-01 18:47:47,915 Allocated:122.40869140625 MB
2020-02-01 18:47:47,915 Cached:8366.25 MB
2020-02-01 18:50:11,395 ==> Epoch[13](100/534): Loss: 0.3162
2020-02-01 18:50:11,397 Allocated:121.15869140625 MB
2020-02-01 18:50:11,398 Cached:8366.25 MB
2020-02-01 18:52:31,860 ==> Epoch[13](150/534): Loss: 0.3162
2020-02-01 18:52:31,863 Allocated:121.53369140625 MB
2020-02-01 18:52:31,863 Cached:8366.25 MB
2020-02-01 18:53:47,523 ====> Building Cache
2020-02-01 18:53:47,524 feature cache--->>> /home/annora/NetVLAD/output/train_feat_cache2.hdf5
2020-02-01 18:55:29,397 Allocated:121.158203125 MB
2020-02-01 18:55:29,398 Cached:3557.125 MB
2020-02-01 18:57:13,096 ==> Epoch[13](200/534): Loss: 0.3162
2020-02-01 18:57:13,100 Allocated:121.15869140625 MB
2020-02-01 18:57:13,100 Cached:7448.125 MB
2020-02-01 18:59:41,201 ==> Epoch[13](250/534): Loss: 0.3162
2020-02-01 18:59:41,204 Allocated:121.15869140625 MB
2020-02-01 18:59:41,204 Cached:7448.125 MB
2020-02-01 19:01:53,507 ==> Epoch[13](300/534): Loss: 0.3162
2020-02-01 19:01:53,511 Allocated:121.15869140625 MB
2020-02-01 19:01:53,511 Cached:7448.125 MB
2020-02-01 19:04:15,312 ==> Epoch[13](350/534): Loss: 0.3162
2020-02-01 19:04:15,315 Allocated:121.15869140625 MB
2020-02-01 19:04:15,315 Cached:7448.125 MB
2020-02-01 19:04:31,024 ====> Building Cache
2020-02-01 19:04:31,024 feature cache--->>> /home/annora/NetVLAD/output/train_feat_cache2.hdf5
2020-02-01 19:06:06,970 Allocated:121.533203125 MB
2020-02-01 19:06:06,970 Cached:3559.625 MB
2020-02-01 19:09:01,238 ==> Epoch[13](400/534): Loss: 0.3162
2020-02-01 19:09:01,241 Allocated:121.15869140625 MB
2020-02-01 19:09:01,241 Cached:7450.625 MB
2020-02-01 19:11:16,334 ==> Epoch[13](450/534): Loss: 0.3162
2020-02-01 19:11:16,336 Allocated:121.15869140625 MB
2020-02-01 19:11:16,336 Cached:7450.625 MB
2020-02-01 19:13:35,658 ==> Epoch[13](500/534): Loss: 0.3162
2020-02-01 19:13:35,662 Allocated:121.15869140625 MB
2020-02-01 19:13:35,662 Cached:7450.625 MB
2020-02-01 19:15:06,502 ===> Epoch 13 Complete: Avg. Loss: 0.3162
2020-02-01 19:15:06,505 ====> Extracting Features
2020-02-01 19:15:50,955 ==> Batch (50/108)
2020-02-01 19:16:21,495 ==> Batch (100/108)
2020-02-01 19:16:26,556 ====> Building faiss index
2020-02-01 19:16:26,933 ====> Calculating recall @ N
2020-02-01 19:16:29,774 ====> Recall@1: 0.0371
2020-02-01 19:16:29,775 ====> Recall@2: 0.0383
2020-02-01 19:16:29,775 ====> Recall@3: 0.0394
2020-02-01 19:16:29,776 ====> Recall@4: 0.0406
2020-02-01 19:16:29,776 ====> Recall@5: 0.0423
2020-02-01 19:16:29,776 ====> Recall@10: 0.0461
2020-02-01 19:16:29,776 ====> Recall@15: 0.0490
2020-02-01 19:16:29,776 ====> Recall@20: 0.0510
2020-02-01 19:16:29,776 ====> Recall@25: 0.0519
2020-02-01 19:16:30,233 Performance did not improve for 10 epochs. Stopping.
2020-02-01 19:16:30,234 => Best Recall@5: 0.6499
