2020-01-10 17:06:50,395 Namespace(arch='alexnet', batchSize=12, cacheBatchSize=96, cachePath='/home/annora/NetVLAD/output/', cacheRefreshRate=3000, ckpt='best', contilearn=True, dataPath='/home/annora/NetVLAD/output/data/', dataset='robotcar', evalEvery=1, fromscratch=False, fromtask='', lr=0.01, lrGamma=0.5, lrStep=5, margin=0.1, mode='train', momentum=0.9, nEpochs=50, nGPU=1, nocuda=False, num_clusters=64, optim='SGD', patience=10, pooling='max', premodel='places', resume='', runsPath='/home/annora/NetVLAD/output/runs/', savePath='checkpoints', seed=123, split='val', start_epoch=0, threads=8, vladv2=False, weightDecay=0.001)
2020-01-10 17:06:50,509 ===> Loading dataset(s)
2020-01-10 17:06:50,509 trainfile ------>>>>>> oxRobocar_single_train.mat
2020-01-10 17:06:53,447 ====> Training set: oxRobocar_single_train.mat, query set count: 6636
2020-01-10 17:06:53,559 ===> Evaluating on val set: oxRobocar_single_val.mat, query count: 3450
2020-01-10 17:06:53,559 ===> Building model
2020-01-10 17:06:53,610 encoder moder:
AlexNet(
  (conv1): Sequential(
    (0): Conv2d(3, 64, kernel_size=(11, 11), stride=(4, 4), padding=(2, 2))
    (1): ReLU(inplace)
    (2): MaxPool2d(kernel_size=3, stride=2, padding=0, dilation=1, ceil_mode=False)
  )
  (conv2): Sequential(
    (0): Conv2d(64, 192, kernel_size=(5, 5), stride=(1, 1), padding=(2, 2))
    (1): ReLU(inplace)
    (2): MaxPool2d(kernel_size=3, stride=2, padding=0, dilation=1, ceil_mode=False)
  )
  (conv3): Sequential(
    (0): Conv2d(192, 384, kernel_size=(3, 3), stride=(1, 1), padding=(1, 1))
    (1): ReLU(inplace)
  )
  (conv4): Sequential(
    (0): Conv2d(384, 256, kernel_size=(3, 3), stride=(1, 1), padding=(1, 1))
    (1): ReLU(inplace)
  )
  (conv5): Sequential(
    (0): Conv2d(256, 256, kernel_size=(3, 3), stride=(1, 1), padding=(1, 1))
  )
)
2020-01-10 17:07:00,068 ===> Training model
2020-01-10 17:07:00,070 ===> Saving state to: /home/annora/NetVLAD/output/runs/2020-01-10-17-07-00_alexnet_max
2020-01-10 17:07:00,114 ====> Building Cache
2020-01-10 17:07:00,114 feature cache--->>> /home/annora/NetVLAD/output/train_feat_cache1.hdf5
2020-01-10 17:08:22,213 Allocated:99.34619140625 MB
2020-01-10 17:08:22,213 Cached:2864.375 MB
2020-01-10 17:11:01,768 ==> Epoch[1](50/553): Loss: 0.2142
2020-01-10 17:11:01,770 Allocated:121.28369140625 MB
2020-01-10 17:11:01,771 Cached:6741.375 MB
2020-01-10 17:12:58,834 ==> Epoch[1](100/553): Loss: 0.2034
2020-01-10 17:12:58,835 Allocated:120.53369140625 MB
2020-01-10 17:12:58,835 Cached:6741.375 MB
2020-01-10 17:14:55,340 ==> Epoch[1](150/553): Loss: 0.1949
2020-01-10 17:14:55,342 Allocated:121.53369140625 MB
2020-01-10 17:14:55,342 Cached:6741.375 MB
2020-01-10 17:16:18,255 ====> Building Cache
2020-01-10 17:16:18,255 feature cache--->>> /home/annora/NetVLAD/output/train_feat_cache1.hdf5
2020-01-10 17:17:41,538 Allocated:121.283203125 MB
2020-01-10 17:17:41,538 Cached:2919.5 MB
2020-01-10 17:18:54,500 ==> Epoch[1](200/553): Loss: 0.2379
2020-01-10 17:18:54,501 Allocated:121.28369140625 MB
2020-01-10 17:18:54,502 Cached:6794.5 MB
2020-01-10 17:20:52,502 ==> Epoch[1](250/553): Loss: 0.2380
2020-01-10 17:20:52,503 Allocated:120.53369140625 MB
2020-01-10 17:20:52,503 Cached:6794.5 MB
2020-01-10 17:22:50,163 ==> Epoch[1](300/553): Loss: 0.2558
2020-01-10 17:22:50,165 Allocated:121.53369140625 MB
2020-01-10 17:22:50,165 Cached:6794.5 MB
2020-01-10 17:24:46,389 ==> Epoch[1](350/553): Loss: 0.2178
2020-01-10 17:24:46,390 Allocated:121.28369140625 MB
2020-01-10 17:24:46,390 Cached:6794.5 MB
2020-01-10 17:25:32,571 ====> Building Cache
2020-01-10 17:25:32,571 feature cache--->>> /home/annora/NetVLAD/output/train_feat_cache1.hdf5
2020-01-10 17:27:04,901 Allocated:120.533203125 MB
2020-01-10 17:27:04,902 Cached:2919.5 MB
2020-01-10 17:28:54,527 ==> Epoch[1](400/553): Loss: 0.2472
2020-01-10 17:28:54,528 Allocated:120.53369140625 MB
2020-01-10 17:28:54,529 Cached:6793.5 MB
2020-01-10 17:30:54,234 ==> Epoch[1](450/553): Loss: 0.2310
2020-01-10 17:30:54,235 Allocated:121.53369140625 MB
2020-01-10 17:30:54,235 Cached:6793.5 MB
2020-01-10 17:32:52,742 ==> Epoch[1](500/553): Loss: 0.2080
2020-01-10 17:32:52,744 Allocated:121.28369140625 MB
2020-01-10 17:32:52,744 Cached:6793.5 MB
2020-01-10 17:34:49,246 ==> Epoch[1](550/553): Loss: 0.2430
2020-01-10 17:34:49,247 Allocated:120.53369140625 MB
2020-01-10 17:34:49,247 Cached:6793.5 MB
2020-01-10 17:35:00,760 ===> Epoch 1 Complete: Avg. Loss: 0.2325
2020-01-10 17:35:00,762 ====> Extracting Features
2020-01-10 17:35:37,043 ==> Batch (50/108)
2020-01-10 17:36:01,987 ==> Batch (100/108)
2020-01-10 17:36:05,932 ====> Building faiss index
2020-01-10 17:36:05,935 ====> Calculating recall @ N
2020-01-10 17:36:06,470 ====> Recall@1: 0.7177
2020-01-10 17:36:06,471 ====> Recall@2: 0.7438
2020-01-10 17:36:06,472 ====> Recall@3: 0.7609
2020-01-10 17:36:06,472 ====> Recall@4: 0.7690
2020-01-10 17:36:06,472 ====> Recall@5: 0.7739
2020-01-10 17:36:06,472 ====> Recall@10: 0.7826
2020-01-10 17:36:06,473 ====> Recall@15: 0.7884
2020-01-10 17:36:06,473 ====> Recall@20: 0.7948
2020-01-10 17:36:06,473 ====> Recall@25: 0.8006
2020-01-10 17:36:06,730 ====> Building Cache
2020-01-10 17:36:06,730 feature cache--->>> /home/annora/NetVLAD/output/train_feat_cache1.hdf5
2020-01-10 17:37:29,588 Allocated:119.53369140625 MB
2020-01-10 17:37:29,588 Cached:4192.625 MB
2020-01-10 17:40:10,285 ==> Epoch[2](50/553): Loss: 0.1777
2020-01-10 17:40:10,288 Allocated:121.28369140625 MB
2020-01-10 17:40:10,288 Cached:8067.625 MB
2020-01-10 17:42:05,902 ==> Epoch[2](100/553): Loss: 0.2134
2020-01-10 17:42:05,904 Allocated:120.53369140625 MB
2020-01-10 17:42:05,904 Cached:8067.625 MB
2020-01-10 17:44:01,730 ==> Epoch[2](150/553): Loss: 0.1976
2020-01-10 17:44:01,732 Allocated:121.53369140625 MB
2020-01-10 17:44:01,732 Cached:8067.625 MB
2020-01-10 17:45:20,687 ====> Building Cache
2020-01-10 17:45:20,687 feature cache--->>> /home/annora/NetVLAD/output/train_feat_cache1.hdf5
2020-01-10 17:46:53,250 Allocated:121.283203125 MB
2020-01-10 17:46:53,251 Cached:2919.5 MB
2020-01-10 17:48:09,026 ==> Epoch[2](200/553): Loss: 0.2089
2020-01-10 17:48:09,028 Allocated:121.28369140625 MB
2020-01-10 17:48:09,028 Cached:6793.5 MB
2020-01-10 17:50:02,429 ==> Epoch[2](250/553): Loss: 0.2377
2020-01-10 17:50:02,430 Allocated:120.53369140625 MB
2020-01-10 17:50:02,431 Cached:6793.5 MB
2020-01-10 17:51:51,041 ==> Epoch[2](300/553): Loss: 0.2296
2020-01-10 17:51:51,042 Allocated:121.53369140625 MB
2020-01-10 17:51:51,042 Cached:6793.5 MB
2020-01-10 17:53:44,594 ==> Epoch[2](350/553): Loss: 0.2293
2020-01-10 17:53:44,596 Allocated:121.28369140625 MB
2020-01-10 17:53:44,596 Cached:6793.5 MB
2020-01-10 17:54:26,789 ====> Building Cache
2020-01-10 17:54:26,789 feature cache--->>> /home/annora/NetVLAD/output/train_feat_cache1.hdf5
2020-01-10 17:55:50,195 Allocated:120.533203125 MB
2020-01-10 17:55:50,196 Cached:2919.5 MB
2020-01-10 17:57:39,354 ==> Epoch[2](400/553): Loss: 0.2525
2020-01-10 17:57:39,356 Allocated:120.53369140625 MB
2020-01-10 17:57:39,356 Cached:6793.5 MB
2020-01-10 17:59:32,495 ==> Epoch[2](450/553): Loss: 0.2330
2020-01-10 17:59:32,497 Allocated:121.53369140625 MB
2020-01-10 17:59:32,498 Cached:6793.5 MB
2020-01-10 18:01:26,173 ==> Epoch[2](500/553): Loss: 0.2677
2020-01-10 18:01:26,175 Allocated:121.28369140625 MB
2020-01-10 18:01:26,175 Cached:6793.5 MB
2020-01-10 18:03:17,928 ==> Epoch[2](550/553): Loss: 0.2561
2020-01-10 18:03:17,931 Allocated:120.53369140625 MB
2020-01-10 18:03:17,931 Cached:6793.5 MB
2020-01-10 18:03:28,973 ===> Epoch 2 Complete: Avg. Loss: 0.2298
2020-01-10 18:03:28,974 ====> Extracting Features
2020-01-10 18:04:08,092 ==> Batch (50/108)
2020-01-10 18:04:34,661 ==> Batch (100/108)
2020-01-10 18:04:38,180 ====> Building faiss index
2020-01-10 18:04:38,182 ====> Calculating recall @ N
2020-01-10 18:04:38,603 ====> Recall@1: 0.7197
2020-01-10 18:04:38,604 ====> Recall@2: 0.7481
2020-01-10 18:04:38,604 ====> Recall@3: 0.7614
2020-01-10 18:04:38,605 ====> Recall@4: 0.7704
2020-01-10 18:04:38,605 ====> Recall@5: 0.7742
2020-01-10 18:04:38,605 ====> Recall@10: 0.7838
2020-01-10 18:04:38,605 ====> Recall@15: 0.7893
2020-01-10 18:04:38,605 ====> Recall@20: 0.7951
2020-01-10 18:04:38,606 ====> Recall@25: 0.8029
2020-01-10 18:04:39,335 ====> Building Cache
2020-01-10 18:04:39,335 feature cache--->>> /home/annora/NetVLAD/output/train_feat_cache1.hdf5
2020-01-10 18:06:00,676 Allocated:119.53369140625 MB
2020-01-10 18:06:00,677 Cached:4192.625 MB
2020-01-10 18:08:36,282 ==> Epoch[3](50/553): Loss: 0.2088
2020-01-10 18:08:36,283 Allocated:121.28369140625 MB
2020-01-10 18:08:36,283 Cached:8067.625 MB
2020-01-10 18:10:25,759 ==> Epoch[3](100/553): Loss: 0.2041
2020-01-10 18:10:25,760 Allocated:120.53369140625 MB
2020-01-10 18:10:25,761 Cached:8067.625 MB
2020-01-10 18:12:16,047 ==> Epoch[3](150/553): Loss: 0.2370
2020-01-10 18:12:16,048 Allocated:121.53369140625 MB
2020-01-10 18:12:16,049 Cached:8067.625 MB
2020-01-10 18:13:33,858 ====> Building Cache
2020-01-10 18:13:33,859 feature cache--->>> /home/annora/NetVLAD/output/train_feat_cache1.hdf5
2020-01-10 18:15:05,548 Allocated:121.283203125 MB
2020-01-10 18:15:05,549 Cached:2919.5 MB
2020-01-10 18:16:14,999 ==> Epoch[3](200/553): Loss: 0.2277
2020-01-10 18:16:15,001 Allocated:121.28369140625 MB
2020-01-10 18:16:15,001 Cached:6794.5 MB
2020-01-10 18:18:08,319 ==> Epoch[3](250/553): Loss: 0.2173
2020-01-10 18:18:08,320 Allocated:120.53369140625 MB
2020-01-10 18:18:08,321 Cached:6794.5 MB
2020-01-10 18:19:59,563 ==> Epoch[3](300/553): Loss: 0.2311
2020-01-10 18:19:59,564 Allocated:121.53369140625 MB
2020-01-10 18:19:59,565 Cached:6794.5 MB
2020-01-10 18:21:52,249 ==> Epoch[3](350/553): Loss: 0.2121
2020-01-10 18:21:52,251 Allocated:121.28369140625 MB
2020-01-10 18:21:52,251 Cached:6794.5 MB
2020-01-10 18:22:34,997 ====> Building Cache
2020-01-10 18:22:34,998 feature cache--->>> /home/annora/NetVLAD/output/train_feat_cache1.hdf5
2020-01-10 18:23:57,449 Allocated:120.533203125 MB
2020-01-10 18:23:57,450 Cached:2919.5 MB
2020-01-10 18:25:46,237 ==> Epoch[3](400/553): Loss: 0.2560
2020-01-10 18:25:46,238 Allocated:120.53369140625 MB
2020-01-10 18:25:46,238 Cached:6793.5 MB
2020-01-10 18:27:43,373 ==> Epoch[3](450/553): Loss: 0.2403
2020-01-10 18:27:43,375 Allocated:121.53369140625 MB
2020-01-10 18:27:43,375 Cached:6793.5 MB
2020-01-10 18:29:36,361 ==> Epoch[3](500/553): Loss: 0.2317
2020-01-10 18:29:36,363 Allocated:121.28369140625 MB
2020-01-10 18:29:36,364 Cached:6793.5 MB
2020-01-10 18:31:28,497 ==> Epoch[3](550/553): Loss: 0.2594
2020-01-10 18:31:28,499 Allocated:120.53369140625 MB
2020-01-10 18:31:28,499 Cached:6793.5 MB
2020-01-10 18:31:39,850 ===> Epoch 3 Complete: Avg. Loss: 0.2299
2020-01-10 18:31:39,852 ====> Extracting Features
2020-01-10 18:32:15,865 ==> Batch (50/108)
2020-01-10 18:32:40,120 ==> Batch (100/108)
2020-01-10 18:32:43,841 ====> Building faiss index
2020-01-10 18:32:43,843 ====> Calculating recall @ N
2020-01-10 18:32:44,253 ====> Recall@1: 0.7122
2020-01-10 18:32:44,253 ====> Recall@2: 0.7481
2020-01-10 18:32:44,254 ====> Recall@3: 0.7641
2020-01-10 18:32:44,254 ====> Recall@4: 0.7699
2020-01-10 18:32:44,254 ====> Recall@5: 0.7728
2020-01-10 18:32:44,255 ====> Recall@10: 0.7841
2020-01-10 18:32:44,255 ====> Recall@15: 0.7896
2020-01-10 18:32:44,255 ====> Recall@20: 0.7965
2020-01-10 18:32:44,255 ====> Recall@25: 0.8026
2020-01-10 18:32:44,636 ====> Building Cache
2020-01-10 18:32:44,637 feature cache--->>> /home/annora/NetVLAD/output/train_feat_cache1.hdf5
2020-01-10 18:34:15,057 Allocated:119.53369140625 MB
2020-01-10 18:34:15,058 Cached:4193.625 MB
2020-01-10 18:36:46,985 ==> Epoch[4](50/553): Loss: 0.2043
2020-01-10 18:36:46,987 Allocated:121.28369140625 MB
2020-01-10 18:36:46,988 Cached:8067.625 MB
2020-01-10 18:38:40,470 ==> Epoch[4](100/553): Loss: 0.1965
2020-01-10 18:38:40,472 Allocated:120.53369140625 MB
2020-01-10 18:38:40,472 Cached:8067.625 MB
2020-01-10 18:40:32,117 ==> Epoch[4](150/553): Loss: 0.1996
2020-01-10 18:40:32,118 Allocated:121.53369140625 MB
2020-01-10 18:40:32,119 Cached:8067.625 MB
2020-01-10 18:41:52,182 ====> Building Cache
2020-01-10 18:41:52,182 feature cache--->>> /home/annora/NetVLAD/output/train_feat_cache1.hdf5
2020-01-10 18:43:12,925 Allocated:121.283203125 MB
2020-01-10 18:43:12,925 Cached:2919.5 MB
2020-01-10 18:44:25,251 ==> Epoch[4](200/553): Loss: 0.2585
2020-01-10 18:44:25,253 Allocated:121.28369140625 MB
2020-01-10 18:44:25,253 Cached:6793.5 MB
2020-01-10 18:46:17,025 ==> Epoch[4](250/553): Loss: 0.2333
2020-01-10 18:46:17,027 Allocated:120.53369140625 MB
2020-01-10 18:46:17,027 Cached:6793.5 MB
2020-01-10 18:48:11,853 ==> Epoch[4](300/553): Loss: 0.2407
2020-01-10 18:48:11,855 Allocated:121.53369140625 MB
2020-01-10 18:48:11,855 Cached:6793.5 MB
2020-01-10 18:50:03,056 ==> Epoch[4](350/553): Loss: 0.2242
2020-01-10 18:50:03,057 Allocated:121.28369140625 MB
2020-01-10 18:50:03,058 Cached:6793.5 MB
2020-01-10 18:50:46,329 ====> Building Cache
2020-01-10 18:50:46,330 feature cache--->>> /home/annora/NetVLAD/output/train_feat_cache1.hdf5
2020-01-10 18:52:09,401 Allocated:120.533203125 MB
2020-01-10 18:52:09,402 Cached:2919.5 MB
2020-01-10 18:53:55,275 ==> Epoch[4](400/553): Loss: 0.2684
2020-01-10 18:53:55,276 Allocated:120.53369140625 MB
2020-01-10 18:53:55,277 Cached:6793.5 MB
2020-01-10 18:55:46,003 ==> Epoch[4](450/553): Loss: 0.2389
2020-01-10 18:55:46,004 Allocated:121.53369140625 MB
2020-01-10 18:55:46,004 Cached:6793.5 MB
2020-01-10 18:57:30,623 ==> Epoch[4](500/553): Loss: 0.2194
2020-01-10 18:57:30,625 Allocated:121.28369140625 MB
2020-01-10 18:57:30,625 Cached:6793.5 MB
2020-01-10 18:59:14,727 ==> Epoch[4](550/553): Loss: 0.2300
2020-01-10 18:59:14,729 Allocated:120.53369140625 MB
2020-01-10 18:59:14,729 Cached:6793.5 MB
2020-01-10 18:59:25,326 ===> Epoch 4 Complete: Avg. Loss: 0.2303
2020-01-10 18:59:25,327 ====> Extracting Features
2020-01-10 19:00:00,842 ==> Batch (50/108)
2020-01-10 19:00:22,575 ==> Batch (100/108)
2020-01-10 19:00:26,942 ====> Building faiss index
2020-01-10 19:00:26,944 ====> Calculating recall @ N
2020-01-10 19:00:27,431 ====> Recall@1: 0.7000
2020-01-10 19:00:27,432 ====> Recall@2: 0.7330
2020-01-10 19:00:27,433 ====> Recall@3: 0.7612
2020-01-10 19:00:27,434 ====> Recall@4: 0.7696
2020-01-10 19:00:27,434 ====> Recall@5: 0.7754
2020-01-10 19:00:27,434 ====> Recall@10: 0.7832
2020-01-10 19:00:27,434 ====> Recall@15: 0.7901
2020-01-10 19:00:27,434 ====> Recall@20: 0.7968
2020-01-10 19:00:27,435 ====> Recall@25: 0.8014
2020-01-10 19:00:28,130 ====> Building Cache
2020-01-10 19:00:28,130 feature cache--->>> /home/annora/NetVLAD/output/train_feat_cache1.hdf5
2020-01-10 19:01:53,295 Allocated:119.53369140625 MB
2020-01-10 19:01:53,296 Cached:4192.625 MB
2020-01-10 19:04:12,555 ==> Epoch[5](50/553): Loss: 0.2300
2020-01-10 19:04:12,557 Allocated:121.28369140625 MB
2020-01-10 19:04:12,557 Cached:8067.625 MB
2020-01-10 19:05:57,786 ==> Epoch[5](100/553): Loss: 0.1987
2020-01-10 19:05:57,788 Allocated:120.53369140625 MB
2020-01-10 19:05:57,788 Cached:8067.625 MB
2020-01-10 19:07:44,754 ==> Epoch[5](150/553): Loss: 0.2134
2020-01-10 19:07:44,755 Allocated:121.53369140625 MB
2020-01-10 19:07:44,756 Cached:8067.625 MB
2020-01-10 19:09:02,189 ====> Building Cache
2020-01-10 19:09:02,190 feature cache--->>> /home/annora/NetVLAD/output/train_feat_cache1.hdf5
2020-01-10 19:10:16,824 Allocated:121.283203125 MB
2020-01-10 19:10:16,824 Cached:2919.5 MB
2020-01-10 19:11:21,414 ==> Epoch[5](200/553): Loss: 0.2290
2020-01-10 19:11:21,417 Allocated:121.28369140625 MB
2020-01-10 19:11:21,417 Cached:6793.5 MB
2020-01-10 19:13:09,501 ==> Epoch[5](250/553): Loss: 0.2322
2020-01-10 19:13:09,502 Allocated:120.53369140625 MB
2020-01-10 19:13:09,503 Cached:6793.5 MB
2020-01-10 19:15:00,969 ==> Epoch[5](300/553): Loss: 0.2572
2020-01-10 19:15:00,970 Allocated:121.53369140625 MB
2020-01-10 19:15:00,970 Cached:6793.5 MB
2020-01-10 19:17:07,209 ==> Epoch[5](350/553): Loss: 0.2553
2020-01-10 19:17:07,210 Allocated:121.28369140625 MB
2020-01-10 19:17:07,210 Cached:6793.5 MB
2020-01-10 19:17:49,019 ====> Building Cache
2020-01-10 19:17:49,020 feature cache--->>> /home/annora/NetVLAD/output/train_feat_cache1.hdf5
2020-01-10 19:19:03,783 Allocated:120.533203125 MB
2020-01-10 19:19:03,784 Cached:2919.5 MB
2020-01-10 19:20:39,508 ==> Epoch[5](400/553): Loss: 0.2535
2020-01-10 19:20:39,509 Allocated:120.53369140625 MB
2020-01-10 19:20:39,510 Cached:6793.5 MB
2020-01-10 19:22:26,595 ==> Epoch[5](450/553): Loss: 0.2394
2020-01-10 19:22:26,596 Allocated:121.53369140625 MB
2020-01-10 19:22:26,596 Cached:6793.5 MB
2020-01-10 19:24:13,017 ==> Epoch[5](500/553): Loss: 0.2171
2020-01-10 19:24:13,019 Allocated:121.28369140625 MB
2020-01-10 19:24:13,019 Cached:6793.5 MB
2020-01-10 19:26:02,522 ==> Epoch[5](550/553): Loss: 0.2622
2020-01-10 19:26:02,524 Allocated:120.53369140625 MB
2020-01-10 19:26:02,524 Cached:6793.5 MB
2020-01-10 19:26:13,171 ===> Epoch 5 Complete: Avg. Loss: 0.2306
2020-01-10 19:26:13,173 ====> Extracting Features
2020-01-10 19:26:49,214 ==> Batch (50/108)
2020-01-10 19:27:12,351 ==> Batch (100/108)
2020-01-10 19:27:16,196 ====> Building faiss index
2020-01-10 19:27:16,198 ====> Calculating recall @ N
2020-01-10 19:27:16,882 ====> Recall@1: 0.6980
2020-01-10 19:27:16,883 ====> Recall@2: 0.7293
2020-01-10 19:27:16,884 ====> Recall@3: 0.7519
2020-01-10 19:27:16,884 ====> Recall@4: 0.7675
2020-01-10 19:27:16,885 ====> Recall@5: 0.7733
2020-01-10 19:27:16,885 ====> Recall@10: 0.7835
2020-01-10 19:27:16,886 ====> Recall@15: 0.7916
2020-01-10 19:27:16,886 ====> Recall@20: 0.7968
2020-01-10 19:27:16,887 ====> Recall@25: 0.8014
2020-01-10 19:27:17,340 ====> Building Cache
2020-01-10 19:27:17,341 feature cache--->>> /home/annora/NetVLAD/output/train_feat_cache1.hdf5
2020-01-10 19:28:37,929 Allocated:119.53369140625 MB
2020-01-10 19:28:37,929 Cached:4192.625 MB
2020-01-10 19:30:57,939 ==> Epoch[6](50/553): Loss: 0.2116
2020-01-10 19:30:57,940 Allocated:121.28369140625 MB
2020-01-10 19:30:57,941 Cached:8067.625 MB
2020-01-10 19:32:53,042 ==> Epoch[6](100/553): Loss: 0.2141
2020-01-10 19:32:53,043 Allocated:120.53369140625 MB
2020-01-10 19:32:53,044 Cached:8068.625 MB
2020-01-10 19:34:51,660 ==> Epoch[6](150/553): Loss: 0.1948
2020-01-10 19:34:51,661 Allocated:121.53369140625 MB
2020-01-10 19:34:51,661 Cached:8068.625 MB
2020-01-10 19:36:10,605 ====> Building Cache
2020-01-10 19:36:10,606 feature cache--->>> /home/annora/NetVLAD/output/train_feat_cache1.hdf5
2020-01-10 19:37:28,461 Allocated:121.283203125 MB
2020-01-10 19:37:28,461 Cached:2919.5 MB
2020-01-10 19:38:34,089 ==> Epoch[6](200/553): Loss: 0.2494
2020-01-10 19:38:34,091 Allocated:121.28369140625 MB
2020-01-10 19:38:34,091 Cached:6793.5 MB
2020-01-10 19:40:27,963 ==> Epoch[6](250/553): Loss: 0.2564
2020-01-10 19:40:27,964 Allocated:120.53369140625 MB
2020-01-10 19:40:27,964 Cached:6793.5 MB
2020-01-10 19:42:27,810 ==> Epoch[6](300/553): Loss: 0.2522
2020-01-10 19:42:27,812 Allocated:121.53369140625 MB
2020-01-10 19:42:27,812 Cached:6793.5 MB
2020-01-10 19:44:40,617 ==> Epoch[6](350/553): Loss: 0.2377
2020-01-10 19:44:40,619 Allocated:121.28369140625 MB
2020-01-10 19:44:40,620 Cached:6793.5 MB
2020-01-10 19:45:26,710 ====> Building Cache
2020-01-10 19:45:26,711 feature cache--->>> /home/annora/NetVLAD/output/train_feat_cache1.hdf5
2020-01-10 19:46:54,321 Allocated:120.533203125 MB
2020-01-10 19:46:54,321 Cached:2919.5 MB
2020-01-10 19:48:42,363 ==> Epoch[6](400/553): Loss: 0.2606
2020-01-10 19:48:42,364 Allocated:120.53369140625 MB
2020-01-10 19:48:42,365 Cached:6793.5 MB
2020-01-10 19:50:41,643 ==> Epoch[6](450/553): Loss: 0.2510
2020-01-10 19:50:41,645 Allocated:121.53369140625 MB
2020-01-10 19:50:41,645 Cached:6793.5 MB
2020-01-10 19:52:43,702 ==> Epoch[6](500/553): Loss: 0.2153
2020-01-10 19:52:43,703 Allocated:121.28369140625 MB
2020-01-10 19:52:43,704 Cached:6793.5 MB
2020-01-10 19:54:50,638 ==> Epoch[6](550/553): Loss: 0.2859
2020-01-10 19:54:50,642 Allocated:120.53369140625 MB
2020-01-10 19:54:50,644 Cached:6793.5 MB
2020-01-10 19:55:03,840 ===> Epoch 6 Complete: Avg. Loss: 0.2309
2020-01-10 19:55:03,842 ====> Extracting Features
2020-01-10 19:55:44,951 ==> Batch (50/108)
2020-01-10 19:56:11,456 ==> Batch (100/108)
2020-01-10 19:56:14,625 ====> Building faiss index
2020-01-10 19:56:14,627 ====> Calculating recall @ N
2020-01-10 19:56:15,072 ====> Recall@1: 0.6971
2020-01-10 19:56:15,073 ====> Recall@2: 0.7229
2020-01-10 19:56:15,073 ====> Recall@3: 0.7414
2020-01-10 19:56:15,074 ====> Recall@4: 0.7612
2020-01-10 19:56:15,074 ====> Recall@5: 0.7687
2020-01-10 19:56:15,074 ====> Recall@10: 0.7838
2020-01-10 19:56:15,074 ====> Recall@15: 0.7913
2020-01-10 19:56:15,074 ====> Recall@20: 0.7977
2020-01-10 19:56:15,075 ====> Recall@25: 0.8014
2020-01-10 19:56:15,442 ====> Building Cache
2020-01-10 19:56:15,442 feature cache--->>> /home/annora/NetVLAD/output/train_feat_cache1.hdf5
2020-01-10 19:57:44,159 Allocated:119.53369140625 MB
2020-01-10 19:57:44,160 Cached:4192.625 MB
2020-01-10 20:00:22,679 ==> Epoch[7](50/553): Loss: 0.2170
2020-01-10 20:00:22,681 Allocated:121.28369140625 MB
2020-01-10 20:00:22,681 Cached:8067.625 MB
2020-01-10 20:02:23,021 ==> Epoch[7](100/553): Loss: 0.2311
2020-01-10 20:02:23,022 Allocated:120.53369140625 MB
2020-01-10 20:02:23,023 Cached:8067.625 MB
2020-01-10 20:04:23,929 ==> Epoch[7](150/553): Loss: 0.1817
2020-01-10 20:04:23,931 Allocated:121.53369140625 MB
2020-01-10 20:04:23,931 Cached:8067.625 MB
2020-01-10 20:05:43,364 ====> Building Cache
2020-01-10 20:05:43,365 feature cache--->>> /home/annora/NetVLAD/output/train_feat_cache1.hdf5
2020-01-10 20:07:13,142 Allocated:121.283203125 MB
2020-01-10 20:07:13,142 Cached:2919.5 MB
2020-01-10 20:08:33,277 ==> Epoch[7](200/553): Loss: 0.2480
2020-01-10 20:08:33,279 Allocated:121.28369140625 MB
2020-01-10 20:08:33,279 Cached:6794.5 MB
2020-01-10 20:10:42,078 ==> Epoch[7](250/553): Loss: 0.2313
2020-01-10 20:10:42,079 Allocated:120.53369140625 MB
2020-01-10 20:10:42,080 Cached:6794.5 MB
2020-01-10 20:12:36,966 ==> Epoch[7](300/553): Loss: 0.2336
2020-01-10 20:12:36,967 Allocated:121.53369140625 MB
2020-01-10 20:12:36,968 Cached:6794.5 MB
2020-01-10 20:14:54,389 ==> Epoch[7](350/553): Loss: 0.2445
2020-01-10 20:14:54,391 Allocated:121.28369140625 MB
2020-01-10 20:14:54,391 Cached:6794.5 MB
2020-01-10 20:15:41,388 ====> Building Cache
2020-01-10 20:15:41,389 feature cache--->>> /home/annora/NetVLAD/output/train_feat_cache1.hdf5
2020-01-10 20:17:11,312 Allocated:120.533203125 MB
2020-01-10 20:17:11,312 Cached:2919.5 MB
2020-01-10 20:19:09,149 ==> Epoch[7](400/553): Loss: 0.2699
2020-01-10 20:19:09,151 Allocated:120.53369140625 MB
2020-01-10 20:19:09,151 Cached:6793.5 MB
2020-01-10 20:21:05,167 ==> Epoch[7](450/553): Loss: 0.2827
2020-01-10 20:21:05,169 Allocated:121.53369140625 MB
2020-01-10 20:21:05,170 Cached:6793.5 MB
2020-01-10 20:23:14,170 ==> Epoch[7](500/553): Loss: 0.2349
2020-01-10 20:23:14,171 Allocated:121.28369140625 MB
2020-01-10 20:23:14,172 Cached:6793.5 MB
2020-01-10 20:25:10,102 ==> Epoch[7](550/553): Loss: 0.2515
2020-01-10 20:25:10,104 Allocated:120.53369140625 MB
2020-01-10 20:25:10,104 Cached:6793.5 MB
2020-01-10 20:25:21,679 ===> Epoch 7 Complete: Avg. Loss: 0.2313
2020-01-10 20:25:21,681 ====> Extracting Features
2020-01-10 20:26:06,536 ==> Batch (50/108)
2020-01-10 20:26:30,986 ==> Batch (100/108)
2020-01-10 20:26:34,717 ====> Building faiss index
2020-01-10 20:26:34,720 ====> Calculating recall @ N
2020-01-10 20:26:35,237 ====> Recall@1: 0.6983
2020-01-10 20:26:35,237 ====> Recall@2: 0.7212
2020-01-10 20:26:35,238 ====> Recall@3: 0.7365
2020-01-10 20:26:35,238 ====> Recall@4: 0.7507
2020-01-10 20:26:35,238 ====> Recall@5: 0.7583
2020-01-10 20:26:35,239 ====> Recall@10: 0.7843
2020-01-10 20:26:35,239 ====> Recall@15: 0.7925
2020-01-10 20:26:35,239 ====> Recall@20: 0.7988
2020-01-10 20:26:35,239 ====> Recall@25: 0.8014
2020-01-10 20:26:35,647 ====> Building Cache
2020-01-10 20:26:35,647 feature cache--->>> /home/annora/NetVLAD/output/train_feat_cache1.hdf5
2020-01-10 20:28:05,123 Allocated:119.53369140625 MB
2020-01-10 20:28:05,123 Cached:4193.625 MB
2020-01-10 20:30:47,185 ==> Epoch[8](50/553): Loss: 0.2022
2020-01-10 20:30:47,187 Allocated:121.28369140625 MB
2020-01-10 20:30:47,188 Cached:8067.625 MB
2020-01-10 20:32:49,998 ==> Epoch[8](100/553): Loss: 0.2154
2020-01-10 20:32:50,000 Allocated:120.53369140625 MB
2020-01-10 20:32:50,000 Cached:8067.625 MB
2020-01-10 20:34:42,323 ==> Epoch[8](150/553): Loss: 0.2304
2020-01-10 20:34:42,324 Allocated:121.53369140625 MB
2020-01-10 20:34:42,324 Cached:8067.625 MB
2020-01-10 20:36:03,417 ====> Building Cache
2020-01-10 20:36:03,419 feature cache--->>> /home/annora/NetVLAD/output/train_feat_cache1.hdf5
2020-01-10 20:37:34,462 Allocated:121.283203125 MB
2020-01-10 20:37:34,463 Cached:2919.5 MB
2020-01-10 20:38:49,348 ==> Epoch[8](200/553): Loss: 0.2391
2020-01-10 20:38:49,351 Allocated:121.28369140625 MB
2020-01-10 20:38:49,351 Cached:6793.5 MB
2020-01-10 20:40:46,757 ==> Epoch[8](250/553): Loss: 0.2368
2020-01-10 20:40:46,759 Allocated:120.53369140625 MB
2020-01-10 20:40:46,759 Cached:6793.5 MB
2020-01-10 20:42:50,553 ==> Epoch[8](300/553): Loss: 0.2182
2020-01-10 20:42:50,555 Allocated:121.53369140625 MB
2020-01-10 20:42:50,555 Cached:6793.5 MB
2020-01-10 20:44:50,332 ==> Epoch[8](350/553): Loss: 0.2366
2020-01-10 20:44:50,353 Allocated:121.28369140625 MB
2020-01-10 20:44:50,354 Cached:6793.5 MB
2020-01-10 20:45:38,460 ====> Building Cache
2020-01-10 20:45:38,461 feature cache--->>> /home/annora/NetVLAD/output/train_feat_cache1.hdf5
2020-01-10 20:47:09,078 Allocated:120.533203125 MB
2020-01-10 20:47:09,079 Cached:2919.5 MB
2020-01-10 20:48:58,816 ==> Epoch[8](400/553): Loss: 0.2428
2020-01-10 20:48:58,819 Allocated:120.53369140625 MB
2020-01-10 20:48:58,819 Cached:6793.5 MB
2020-01-10 20:50:59,062 ==> Epoch[8](450/553): Loss: 0.2467
2020-01-10 20:50:59,064 Allocated:121.53369140625 MB
2020-01-10 20:50:59,064 Cached:6793.5 MB
2020-01-10 20:52:58,606 ==> Epoch[8](500/553): Loss: 0.2279
2020-01-10 20:52:58,608 Allocated:121.28369140625 MB
2020-01-10 20:52:58,608 Cached:6793.5 MB
2020-01-10 20:54:58,232 ==> Epoch[8](550/553): Loss: 0.2391
2020-01-10 20:54:58,233 Allocated:120.53369140625 MB
2020-01-10 20:54:58,234 Cached:6793.5 MB
2020-01-10 20:55:09,911 ===> Epoch 8 Complete: Avg. Loss: 0.2314
2020-01-10 20:55:09,915 ====> Extracting Features
2020-01-10 20:56:00,822 ==> Batch (50/108)
2020-01-10 20:56:27,181 ==> Batch (100/108)
2020-01-10 20:56:30,310 ====> Building faiss index
2020-01-10 20:56:30,317 ====> Calculating recall @ N
2020-01-10 20:56:30,744 ====> Recall@1: 0.7000
2020-01-10 20:56:30,744 ====> Recall@2: 0.7249
2020-01-10 20:56:30,745 ====> Recall@3: 0.7368
2020-01-10 20:56:30,745 ====> Recall@4: 0.7461
2020-01-10 20:56:30,745 ====> Recall@5: 0.7522
2020-01-10 20:56:30,745 ====> Recall@10: 0.7800
2020-01-10 20:56:30,745 ====> Recall@15: 0.7933
2020-01-10 20:56:30,746 ====> Recall@20: 0.8000
2020-01-10 20:56:30,746 ====> Recall@25: 0.8017
2020-01-10 20:56:31,124 ====> Building Cache
2020-01-10 20:56:31,124 feature cache--->>> /home/annora/NetVLAD/output/train_feat_cache1.hdf5
2020-01-10 20:57:59,773 Allocated:119.53369140625 MB
2020-01-10 20:57:59,774 Cached:4192.625 MB
2020-01-10 21:00:31,581 ==> Epoch[9](50/553): Loss: 0.2178
2020-01-10 21:00:31,583 Allocated:121.28369140625 MB
2020-01-10 21:00:31,583 Cached:8067.625 MB
2020-01-10 21:02:32,534 ==> Epoch[9](100/553): Loss: 0.2170
2020-01-10 21:02:32,535 Allocated:120.53369140625 MB
2020-01-10 21:02:32,535 Cached:8067.625 MB
2020-01-10 21:04:41,146 ==> Epoch[9](150/553): Loss: 0.2021
2020-01-10 21:04:41,148 Allocated:120.53369140625 MB
2020-01-10 21:04:41,148 Cached:8068.625 MB
2020-01-10 21:06:05,525 ====> Building Cache
2020-01-10 21:06:05,526 feature cache--->>> /home/annora/NetVLAD/output/train_feat_cache1.hdf5
2020-01-10 21:07:35,864 Allocated:122.533203125 MB
2020-01-10 21:07:35,864 Cached:2919.5 MB
2020-01-10 21:08:50,767 ==> Epoch[9](200/553): Loss: 0.2383
2020-01-10 21:08:50,769 Allocated:122.53369140625 MB
2020-01-10 21:08:50,770 Cached:6794.5 MB
2020-01-10 21:10:53,488 ==> Epoch[9](250/553): Loss: 0.2415
2020-01-10 21:10:53,489 Allocated:121.03369140625 MB
2020-01-10 21:10:53,489 Cached:6794.5 MB
2020-01-10 21:13:00,855 ==> Epoch[9](300/553): Loss: 0.2769
2020-01-10 21:13:00,856 Allocated:120.53369140625 MB
2020-01-10 21:13:00,856 Cached:6794.5 MB
2020-01-10 21:14:56,771 ==> Epoch[9](350/553): Loss: 0.2277
2020-01-10 21:14:56,774 Allocated:122.53369140625 MB
2020-01-10 21:14:56,774 Cached:6794.5 MB
2020-01-10 21:15:42,675 ====> Building Cache
2020-01-10 21:15:42,676 feature cache--->>> /home/annora/NetVLAD/output/train_feat_cache1.hdf5
2020-01-10 21:17:25,847 Allocated:121.033203125 MB
2020-01-10 21:17:25,847 Cached:2919.5 MB
2020-01-10 21:19:14,714 ==> Epoch[9](400/553): Loss: 0.2198
2020-01-10 21:19:14,716 Allocated:121.03369140625 MB
2020-01-10 21:19:14,716 Cached:6794.5 MB
2020-01-10 21:21:16,583 ==> Epoch[9](450/553): Loss: 0.2523
2020-01-10 21:21:16,585 Allocated:120.53369140625 MB
2020-01-10 21:21:16,585 Cached:6794.5 MB
2020-01-10 21:23:15,453 ==> Epoch[9](500/553): Loss: 0.2412
2020-01-10 21:23:15,454 Allocated:122.53369140625 MB
2020-01-10 21:23:15,455 Cached:6794.5 MB
2020-01-10 21:25:21,684 ==> Epoch[9](550/553): Loss: 0.2215
2020-01-10 21:25:21,686 Allocated:121.03369140625 MB
2020-01-10 21:25:21,686 Cached:6794.5 MB
2020-01-10 21:25:33,436 ===> Epoch 9 Complete: Avg. Loss: 0.2313
2020-01-10 21:25:33,437 ====> Extracting Features
2020-01-10 21:26:12,802 ==> Batch (50/108)
2020-01-10 21:26:36,260 ==> Batch (100/108)
2020-01-10 21:26:40,008 ====> Building faiss index
2020-01-10 21:26:40,011 ====> Calculating recall @ N
2020-01-10 21:26:40,426 ====> Recall@1: 0.7038
2020-01-10 21:26:40,427 ====> Recall@2: 0.7258
2020-01-10 21:26:40,428 ====> Recall@3: 0.7359
2020-01-10 21:26:40,428 ====> Recall@4: 0.7467
2020-01-10 21:26:40,428 ====> Recall@5: 0.7507
2020-01-10 21:26:40,429 ====> Recall@10: 0.7754
2020-01-10 21:26:40,429 ====> Recall@15: 0.7936
2020-01-10 21:26:40,429 ====> Recall@20: 0.7997
2020-01-10 21:26:40,429 ====> Recall@25: 0.8026
2020-01-10 21:26:40,831 ====> Building Cache
2020-01-10 21:26:40,831 feature cache--->>> /home/annora/NetVLAD/output/train_feat_cache1.hdf5
2020-01-10 21:28:08,914 Allocated:118.53369140625 MB
2020-01-10 21:28:08,915 Cached:4193.625 MB
2020-01-10 21:30:45,847 ==> Epoch[10](50/553): Loss: 0.2177
2020-01-10 21:30:45,848 Allocated:122.53369140625 MB
2020-01-10 21:30:45,849 Cached:8068.625 MB
2020-01-10 21:32:44,851 ==> Epoch[10](100/553): Loss: 0.2122
2020-01-10 21:32:44,853 Allocated:121.03369140625 MB
2020-01-10 21:32:44,853 Cached:8068.625 MB
2020-01-10 21:34:39,910 ==> Epoch[10](150/553): Loss: 0.2168
2020-01-10 21:34:39,912 Allocated:120.53369140625 MB
2020-01-10 21:34:39,912 Cached:8068.625 MB
2020-01-10 21:35:55,892 ====> Building Cache
2020-01-10 21:35:55,893 feature cache--->>> /home/annora/NetVLAD/output/train_feat_cache1.hdf5
2020-01-10 21:37:25,141 Allocated:122.533203125 MB
2020-01-10 21:37:25,142 Cached:2919.5 MB
2020-01-10 21:38:42,308 ==> Epoch[10](200/553): Loss: 0.2464
2020-01-10 21:38:42,311 Allocated:122.53369140625 MB
2020-01-10 21:38:42,311 Cached:6794.5 MB
2020-01-10 21:40:37,863 ==> Epoch[10](250/553): Loss: 0.2316
2020-01-10 21:40:37,865 Allocated:121.03369140625 MB
2020-01-10 21:40:37,865 Cached:6794.5 MB
2020-01-10 21:42:28,660 ==> Epoch[10](300/553): Loss: 0.2268
2020-01-10 21:42:28,661 Allocated:120.53369140625 MB
2020-01-10 21:42:28,662 Cached:6794.5 MB
2020-01-10 21:44:37,579 ==> Epoch[10](350/553): Loss: 0.2247
2020-01-10 21:44:37,580 Allocated:122.53369140625 MB
2020-01-10 21:44:37,581 Cached:6794.5 MB
2020-01-10 21:45:24,732 ====> Building Cache
2020-01-10 21:45:24,733 feature cache--->>> /home/annora/NetVLAD/output/train_feat_cache1.hdf5
2020-01-10 21:46:51,989 Allocated:121.033203125 MB
2020-01-10 21:46:51,990 Cached:2919.5 MB
2020-01-10 21:48:41,616 ==> Epoch[10](400/553): Loss: 0.2698
2020-01-10 21:48:41,618 Allocated:121.03369140625 MB
2020-01-10 21:48:41,618 Cached:6794.5 MB
2020-01-10 21:50:40,872 ==> Epoch[10](450/553): Loss: 0.2307
2020-01-10 21:50:40,874 Allocated:120.53369140625 MB
2020-01-10 21:50:40,874 Cached:6794.5 MB
2020-01-10 21:52:35,096 ==> Epoch[10](500/553): Loss: 0.2438
2020-01-10 21:52:35,098 Allocated:122.53369140625 MB
2020-01-10 21:52:35,098 Cached:6794.5 MB
2020-01-10 21:54:29,440 ==> Epoch[10](550/553): Loss: 0.2360
2020-01-10 21:54:29,441 Allocated:121.03369140625 MB
2020-01-10 21:54:29,442 Cached:6794.5 MB
2020-01-10 21:54:40,801 ===> Epoch 10 Complete: Avg. Loss: 0.2311
2020-01-10 21:54:40,802 ====> Extracting Features
2020-01-10 21:55:20,386 ==> Batch (50/108)
2020-01-10 21:55:44,129 ==> Batch (100/108)
2020-01-10 21:55:48,038 ====> Building faiss index
2020-01-10 21:55:48,040 ====> Calculating recall @ N
2020-01-10 21:55:48,491 ====> Recall@1: 0.7058
2020-01-10 21:55:48,492 ====> Recall@2: 0.7284
2020-01-10 21:55:48,492 ====> Recall@3: 0.7397
2020-01-10 21:55:48,493 ====> Recall@4: 0.7470
2020-01-10 21:55:48,493 ====> Recall@5: 0.7504
2020-01-10 21:55:48,493 ====> Recall@10: 0.7730
2020-01-10 21:55:48,494 ====> Recall@15: 0.7942
2020-01-10 21:55:48,494 ====> Recall@20: 0.7991
2020-01-10 21:55:48,494 ====> Recall@25: 0.8032
2020-01-10 21:55:48,899 ====> Building Cache
2020-01-10 21:55:48,900 feature cache--->>> /home/annora/NetVLAD/output/train_feat_cache1.hdf5
2020-01-10 21:57:14,587 Allocated:118.53369140625 MB
2020-01-10 21:57:14,588 Cached:4192.625 MB
2020-01-10 21:59:51,483 ==> Epoch[11](50/553): Loss: 0.2170
2020-01-10 21:59:51,485 Allocated:122.53369140625 MB
2020-01-10 21:59:51,485 Cached:8067.625 MB
2020-01-10 22:01:57,268 ==> Epoch[11](100/553): Loss: 0.1961
2020-01-10 22:01:57,270 Allocated:121.03369140625 MB
2020-01-10 22:01:57,270 Cached:8067.625 MB
2020-01-10 22:03:58,595 ==> Epoch[11](150/553): Loss: 0.2253
2020-01-10 22:03:58,596 Allocated:120.53369140625 MB
2020-01-10 22:03:58,596 Cached:8067.625 MB
2020-01-10 22:05:17,293 ====> Building Cache
2020-01-10 22:05:17,294 feature cache--->>> /home/annora/NetVLAD/output/train_feat_cache1.hdf5
2020-01-10 22:06:45,216 Allocated:122.533203125 MB
2020-01-10 22:06:45,216 Cached:2919.5 MB
2020-01-10 22:08:03,757 ==> Epoch[11](200/553): Loss: 0.2331
2020-01-10 22:08:03,759 Allocated:122.53369140625 MB
2020-01-10 22:08:03,759 Cached:6793.5 MB
2020-01-10 22:10:00,467 ==> Epoch[11](250/553): Loss: 0.2499
2020-01-10 22:10:00,469 Allocated:121.03369140625 MB
2020-01-10 22:10:00,469 Cached:6793.5 MB
2020-01-10 22:11:54,981 ==> Epoch[11](300/553): Loss: 0.2297
2020-01-10 22:11:54,984 Allocated:120.53369140625 MB
2020-01-10 22:11:54,984 Cached:6793.5 MB
2020-01-10 22:14:01,514 ==> Epoch[11](350/553): Loss: 0.2343
2020-01-10 22:14:01,515 Allocated:122.53369140625 MB
2020-01-10 22:14:01,516 Cached:6793.5 MB
2020-01-10 22:14:46,901 ====> Building Cache
2020-01-10 22:14:46,902 feature cache--->>> /home/annora/NetVLAD/output/train_feat_cache1.hdf5
2020-01-10 22:16:20,981 Allocated:121.033203125 MB
2020-01-10 22:16:20,982 Cached:2919.5 MB
2020-01-10 22:18:12,829 ==> Epoch[11](400/553): Loss: 0.2259
2020-01-10 22:18:12,830 Allocated:121.03369140625 MB
2020-01-10 22:18:12,831 Cached:6793.5 MB
2020-01-10 22:20:07,280 ==> Epoch[11](450/553): Loss: 0.2634
2020-01-10 22:20:07,281 Allocated:120.53369140625 MB
2020-01-10 22:20:07,282 Cached:6793.5 MB
2020-01-10 22:22:06,890 ==> Epoch[11](500/553): Loss: 0.2418
2020-01-10 22:22:06,893 Allocated:122.53369140625 MB
2020-01-10 22:22:06,893 Cached:6793.5 MB
2020-01-10 22:24:05,956 ==> Epoch[11](550/553): Loss: 0.2437
2020-01-10 22:24:05,958 Allocated:121.03369140625 MB
2020-01-10 22:24:05,958 Cached:6793.5 MB
2020-01-10 22:24:17,573 ===> Epoch 11 Complete: Avg. Loss: 0.2310
2020-01-10 22:24:17,574 ====> Extracting Features
2020-01-10 22:24:55,770 ==> Batch (50/108)
2020-01-10 22:25:20,047 ==> Batch (100/108)
2020-01-10 22:25:24,160 ====> Building faiss index
2020-01-10 22:25:24,164 ====> Calculating recall @ N
2020-01-10 22:25:24,630 ====> Recall@1: 0.7093
2020-01-10 22:25:24,631 ====> Recall@2: 0.7304
2020-01-10 22:25:24,631 ====> Recall@3: 0.7406
2020-01-10 22:25:24,632 ====> Recall@4: 0.7475
2020-01-10 22:25:24,632 ====> Recall@5: 0.7513
2020-01-10 22:25:24,632 ====> Recall@10: 0.7736
2020-01-10 22:25:24,632 ====> Recall@15: 0.7933
2020-01-10 22:25:24,633 ====> Recall@20: 0.7994
2020-01-10 22:25:24,633 ====> Recall@25: 0.8035
2020-01-10 22:25:25,030 ====> Building Cache
2020-01-10 22:25:25,031 feature cache--->>> /home/annora/NetVLAD/output/train_feat_cache1.hdf5
2020-01-10 22:26:48,919 Allocated:118.53369140625 MB
2020-01-10 22:26:48,920 Cached:4193.625 MB
2020-01-10 22:29:34,702 ==> Epoch[12](50/553): Loss: 0.2066
2020-01-10 22:29:34,704 Allocated:122.53369140625 MB
2020-01-10 22:29:34,704 Cached:8067.625 MB
2020-01-10 22:31:30,235 ==> Epoch[12](100/553): Loss: 0.2177
2020-01-10 22:31:30,237 Allocated:121.03369140625 MB
2020-01-10 22:31:30,237 Cached:8067.625 MB
2020-01-10 22:33:23,353 ==> Epoch[12](150/553): Loss: 0.2183
2020-01-10 22:33:23,359 Allocated:120.53369140625 MB
2020-01-10 22:33:23,359 Cached:8067.625 MB
2020-01-10 22:34:41,489 ====> Building Cache
2020-01-10 22:34:41,490 feature cache--->>> /home/annora/NetVLAD/output/train_feat_cache1.hdf5
2020-01-10 22:36:14,812 Allocated:122.533203125 MB
2020-01-10 22:36:14,813 Cached:2919.5 MB
2020-01-10 22:37:28,299 ==> Epoch[12](200/553): Loss: 0.2765
2020-01-10 22:37:28,302 Allocated:122.53369140625 MB
2020-01-10 22:37:28,302 Cached:6793.5 MB
2020-01-10 22:39:24,914 ==> Epoch[12](250/553): Loss: 0.2361
2020-01-10 22:39:24,916 Allocated:121.03369140625 MB
2020-01-10 22:39:24,916 Cached:6793.5 MB
2020-01-10 22:41:17,104 ==> Epoch[12](300/553): Loss: 0.2412
2020-01-10 22:41:17,105 Allocated:120.53369140625 MB
2020-01-10 22:41:17,105 Cached:6793.5 MB
2020-01-10 22:43:17,240 ==> Epoch[12](350/553): Loss: 0.2432
2020-01-10 22:43:17,242 Allocated:122.53369140625 MB
2020-01-10 22:43:17,243 Cached:6793.5 MB
2020-01-10 22:44:06,201 ====> Building Cache
2020-01-10 22:44:06,203 feature cache--->>> /home/annora/NetVLAD/output/train_feat_cache1.hdf5
2020-01-10 22:45:44,751 Allocated:121.033203125 MB
2020-01-10 22:45:44,752 Cached:2919.5 MB
2020-01-10 22:47:35,225 ==> Epoch[12](400/553): Loss: 0.1951
2020-01-10 22:47:35,226 Allocated:121.03369140625 MB
2020-01-10 22:47:35,227 Cached:6793.5 MB
2020-01-10 22:49:34,868 ==> Epoch[12](450/553): Loss: 0.2272
2020-01-10 22:49:34,870 Allocated:120.53369140625 MB
2020-01-10 22:49:34,871 Cached:6793.5 MB
2020-01-10 22:51:39,163 ==> Epoch[12](500/553): Loss: 0.2493
2020-01-10 22:51:39,164 Allocated:122.53369140625 MB
2020-01-10 22:51:39,165 Cached:6793.5 MB
2020-01-10 22:53:37,437 ==> Epoch[12](550/553): Loss: 0.2548
2020-01-10 22:53:37,439 Allocated:121.03369140625 MB
2020-01-10 22:53:37,439 Cached:6793.5 MB
2020-01-10 22:53:48,699 ===> Epoch 12 Complete: Avg. Loss: 0.2307
2020-01-10 22:53:48,701 ====> Extracting Features
2020-01-10 22:54:27,131 ==> Batch (50/108)
2020-01-10 22:54:50,374 ==> Batch (100/108)
2020-01-10 22:54:53,955 ====> Building faiss index
2020-01-10 22:54:53,958 ====> Calculating recall @ N
2020-01-10 22:54:54,410 ====> Recall@1: 0.7125
2020-01-10 22:54:54,411 ====> Recall@2: 0.7325
2020-01-10 22:54:54,412 ====> Recall@3: 0.7420
2020-01-10 22:54:54,412 ====> Recall@4: 0.7470
2020-01-10 22:54:54,412 ====> Recall@5: 0.7513
2020-01-10 22:54:54,412 ====> Recall@10: 0.7736
2020-01-10 22:54:54,412 ====> Recall@15: 0.7945
2020-01-10 22:54:54,413 ====> Recall@20: 0.7991
2020-01-10 22:54:54,413 ====> Recall@25: 0.8032
2020-01-10 22:54:54,800 ====> Building Cache
2020-01-10 22:54:54,800 feature cache--->>> /home/annora/NetVLAD/output/train_feat_cache1.hdf5
2020-01-10 22:56:33,798 Allocated:118.53369140625 MB
2020-01-10 22:56:33,798 Cached:4192.625 MB
2020-01-10 22:59:13,114 ==> Epoch[13](50/553): Loss: 0.2086
2020-01-10 22:59:13,116 Allocated:122.53369140625 MB
2020-01-10 22:59:13,116 Cached:8067.625 MB
2020-01-10 23:01:08,815 ==> Epoch[13](100/553): Loss: 0.2401
2020-01-10 23:01:08,816 Allocated:121.03369140625 MB
2020-01-10 23:01:08,817 Cached:8067.625 MB
2020-01-10 23:03:46,317 ==> Epoch[13](150/553): Loss: 0.2094
2020-01-10 23:03:46,321 Allocated:120.53369140625 MB
2020-01-10 23:03:46,321 Cached:8067.625 MB
2020-01-10 23:06:31,103 ====> Building Cache
2020-01-10 23:06:31,104 feature cache--->>> /home/annora/NetVLAD/output/train_feat_cache1.hdf5
2020-01-10 23:08:00,396 Allocated:122.533203125 MB
2020-01-10 23:08:00,397 Cached:2919.5 MB
2020-01-10 23:09:45,901 ==> Epoch[13](200/553): Loss: 0.2611
2020-01-10 23:09:45,904 Allocated:122.53369140625 MB
2020-01-10 23:09:45,904 Cached:6793.5 MB
2020-01-10 23:12:53,530 ==> Epoch[13](250/553): Loss: 0.2484
2020-01-10 23:12:53,533 Allocated:121.03369140625 MB
2020-01-10 23:12:53,534 Cached:6793.5 MB
2020-01-10 23:15:53,856 ==> Epoch[13](300/553): Loss: 0.2376
2020-01-10 23:15:53,859 Allocated:120.53369140625 MB
2020-01-10 23:15:53,864 Cached:6793.5 MB
2020-01-10 23:19:18,361 ==> Epoch[13](350/553): Loss: 0.2358
2020-01-10 23:19:18,369 Allocated:122.53369140625 MB
2020-01-10 23:19:18,371 Cached:6793.5 MB
2020-01-10 23:20:49,368 ====> Building Cache
2020-01-10 23:20:49,369 feature cache--->>> /home/annora/NetVLAD/output/train_feat_cache1.hdf5
2020-01-10 23:22:16,764 Allocated:121.033203125 MB
2020-01-10 23:22:16,765 Cached:2919.5 MB
2020-01-10 23:24:22,882 ==> Epoch[13](400/553): Loss: 0.2649
2020-01-10 23:24:22,884 Allocated:121.03369140625 MB
2020-01-10 23:24:22,884 Cached:6793.5 MB
2020-01-10 23:26:44,944 ==> Epoch[13](450/553): Loss: 0.2136
2020-01-10 23:26:44,946 Allocated:120.53369140625 MB
2020-01-10 23:26:44,946 Cached:6793.5 MB
2020-01-10 23:29:04,416 ==> Epoch[13](500/553): Loss: 0.2240
2020-01-10 23:29:04,418 Allocated:122.53369140625 MB
2020-01-10 23:29:04,418 Cached:6793.5 MB
2020-01-10 23:31:31,759 ==> Epoch[13](550/553): Loss: 0.2491
2020-01-10 23:31:31,761 Allocated:121.03369140625 MB
2020-01-10 23:31:31,761 Cached:6793.5 MB
2020-01-10 23:31:43,984 ===> Epoch 13 Complete: Avg. Loss: 0.2305
2020-01-10 23:31:43,987 ====> Extracting Features
2020-01-10 23:32:26,094 ==> Batch (50/108)
2020-01-10 23:32:55,673 ==> Batch (100/108)
2020-01-10 23:32:59,737 ====> Building faiss index
2020-01-10 23:32:59,740 ====> Calculating recall @ N
2020-01-10 23:33:00,286 ====> Recall@1: 0.7133
2020-01-10 23:33:00,287 ====> Recall@2: 0.7342
2020-01-10 23:33:00,287 ====> Recall@3: 0.7429
2020-01-10 23:33:00,288 ====> Recall@4: 0.7472
2020-01-10 23:33:00,288 ====> Recall@5: 0.7519
2020-01-10 23:33:00,288 ====> Recall@10: 0.7768
2020-01-10 23:33:00,289 ====> Recall@15: 0.7942
2020-01-10 23:33:00,289 ====> Recall@20: 0.7988
2020-01-10 23:33:00,289 ====> Recall@25: 0.8035
2020-01-10 23:33:00,703 ====> Building Cache
2020-01-10 23:33:00,704 feature cache--->>> /home/annora/NetVLAD/output/train_feat_cache1.hdf5
2020-01-10 23:34:33,295 Allocated:118.53369140625 MB
2020-01-10 23:34:33,296 Cached:4193.625 MB
2020-01-10 23:37:49,542 ==> Epoch[14](50/553): Loss: 0.2081
2020-01-10 23:37:49,548 Allocated:122.53369140625 MB
2020-01-10 23:37:49,549 Cached:8067.625 MB
2020-01-10 23:40:37,529 ==> Epoch[14](100/553): Loss: 0.2093
2020-01-10 23:40:37,533 Allocated:121.03369140625 MB
2020-01-10 23:40:37,533 Cached:8067.625 MB
2020-01-10 23:43:23,412 ==> Epoch[14](150/553): Loss: 0.2102
2020-01-10 23:43:23,415 Allocated:120.53369140625 MB
2020-01-10 23:43:23,415 Cached:8067.625 MB
2020-01-10 23:44:59,137 ====> Building Cache
2020-01-10 23:44:59,138 feature cache--->>> /home/annora/NetVLAD/output/train_feat_cache1.hdf5
2020-01-10 23:46:27,105 Allocated:122.533203125 MB
2020-01-10 23:46:27,105 Cached:2919.5 MB
2020-01-10 23:47:55,472 ==> Epoch[14](200/553): Loss: 0.2456
2020-01-10 23:47:55,477 Allocated:122.53369140625 MB
2020-01-10 23:47:55,484 Cached:6793.5 MB
2020-01-10 23:50:43,272 ==> Epoch[14](250/553): Loss: 0.2264
2020-01-10 23:50:43,276 Allocated:121.03369140625 MB
2020-01-10 23:50:43,276 Cached:6793.5 MB
2020-01-10 23:53:12,619 ==> Epoch[14](300/553): Loss: 0.2435
2020-01-10 23:53:12,620 Allocated:120.53369140625 MB
2020-01-10 23:53:12,621 Cached:6793.5 MB
2020-01-10 23:55:58,623 ==> Epoch[14](350/553): Loss: 0.2475
2020-01-10 23:55:58,625 Allocated:122.53369140625 MB
2020-01-10 23:55:58,626 Cached:6793.5 MB
2020-01-10 23:57:01,230 ====> Building Cache
2020-01-10 23:57:01,231 feature cache--->>> /home/annora/NetVLAD/output/train_feat_cache1.hdf5
2020-01-10 23:58:29,626 Allocated:121.033203125 MB
2020-01-10 23:58:29,626 Cached:2919.5 MB
2020-01-11 00:00:31,815 ==> Epoch[14](400/553): Loss: 0.2234
2020-01-11 00:00:31,816 Allocated:121.03369140625 MB
2020-01-11 00:00:31,817 Cached:6793.5 MB
2020-01-11 00:02:58,994 ==> Epoch[14](450/553): Loss: 0.2720
2020-01-11 00:02:58,996 Allocated:120.53369140625 MB
2020-01-11 00:02:58,997 Cached:6793.5 MB
2020-01-11 00:05:22,225 ==> Epoch[14](500/553): Loss: 0.2361
2020-01-11 00:05:22,227 Allocated:122.53369140625 MB
2020-01-11 00:05:22,227 Cached:6793.5 MB
2020-01-11 00:07:39,985 ==> Epoch[14](550/553): Loss: 0.2379
2020-01-11 00:07:39,987 Allocated:121.03369140625 MB
2020-01-11 00:07:39,988 Cached:6793.5 MB
2020-01-11 00:07:51,770 ===> Epoch 14 Complete: Avg. Loss: 0.2298
2020-01-11 00:07:51,772 ====> Extracting Features
2020-01-11 00:08:33,828 ==> Batch (50/108)
2020-01-11 00:09:00,990 ==> Batch (100/108)
2020-01-11 00:09:04,343 ====> Building faiss index
2020-01-11 00:09:04,350 ====> Calculating recall @ N
2020-01-11 00:09:04,984 ====> Recall@1: 0.7145
2020-01-11 00:09:04,985 ====> Recall@2: 0.7342
2020-01-11 00:09:04,986 ====> Recall@3: 0.7429
2020-01-11 00:09:04,987 ====> Recall@4: 0.7472
2020-01-11 00:09:04,988 ====> Recall@5: 0.7528
2020-01-11 00:09:04,989 ====> Recall@10: 0.7777
2020-01-11 00:09:04,990 ====> Recall@15: 0.7945
2020-01-11 00:09:04,992 ====> Recall@20: 0.7991
2020-01-11 00:09:04,992 ====> Recall@25: 0.8052
2020-01-11 00:09:05,437 ====> Building Cache
2020-01-11 00:09:05,438 feature cache--->>> /home/annora/NetVLAD/output/train_feat_cache1.hdf5
2020-01-11 00:10:34,357 Allocated:118.53369140625 MB
2020-01-11 00:10:34,359 Cached:4192.625 MB
2020-01-11 00:14:10,432 ==> Epoch[15](50/553): Loss: 0.1914
2020-01-11 00:14:10,435 Allocated:122.53369140625 MB
2020-01-11 00:14:10,435 Cached:8067.625 MB
2020-01-11 00:16:50,786 ==> Epoch[15](100/553): Loss: 0.2055
2020-01-11 00:16:50,790 Allocated:121.03369140625 MB
2020-01-11 00:16:50,791 Cached:8067.625 MB
2020-01-11 00:19:45,998 ==> Epoch[15](150/553): Loss: 0.1970
2020-01-11 00:19:46,001 Allocated:120.53369140625 MB
2020-01-11 00:19:46,002 Cached:8067.625 MB
2020-01-11 00:21:40,669 ====> Building Cache
2020-01-11 00:21:40,670 feature cache--->>> /home/annora/NetVLAD/output/train_feat_cache1.hdf5
2020-01-11 00:23:07,938 Allocated:122.533203125 MB
2020-01-11 00:23:07,939 Cached:2919.5 MB
2020-01-11 00:24:41,154 ==> Epoch[15](200/553): Loss: 0.2369
2020-01-11 00:24:41,158 Allocated:122.53369140625 MB
2020-01-11 00:24:41,158 Cached:6794.5 MB
2020-01-11 00:27:06,404 ==> Epoch[15](250/553): Loss: 0.2652
2020-01-11 00:27:06,408 Allocated:121.03369140625 MB
2020-01-11 00:27:06,408 Cached:6794.5 MB
2020-01-11 00:29:39,104 ==> Epoch[15](300/553): Loss: 0.2059
2020-01-11 00:29:39,105 Allocated:120.53369140625 MB
2020-01-11 00:29:39,105 Cached:6794.5 MB
2020-01-11 00:32:15,567 ==> Epoch[15](350/553): Loss: 0.2369
2020-01-11 00:32:15,569 Allocated:122.53369140625 MB
2020-01-11 00:32:15,569 Cached:6794.5 MB
2020-01-11 00:33:15,016 ====> Building Cache
2020-01-11 00:33:15,017 feature cache--->>> /home/annora/NetVLAD/output/train_feat_cache1.hdf5
2020-01-11 00:34:42,481 Allocated:121.033203125 MB
2020-01-11 00:34:42,482 Cached:2919.5 MB
2020-01-11 00:36:42,241 ==> Epoch[15](400/553): Loss: 0.2542
2020-01-11 00:36:42,243 Allocated:121.03369140625 MB
2020-01-11 00:36:42,243 Cached:6793.5 MB
2020-01-11 00:39:07,710 ==> Epoch[15](450/553): Loss: 0.2472
2020-01-11 00:39:07,712 Allocated:120.53369140625 MB
2020-01-11 00:39:07,712 Cached:6793.5 MB
2020-01-11 00:41:27,578 ==> Epoch[15](500/553): Loss: 0.2474
2020-01-11 00:41:27,581 Allocated:122.53369140625 MB
2020-01-11 00:41:27,582 Cached:6793.5 MB
2020-01-11 00:43:53,638 ==> Epoch[15](550/553): Loss: 0.2362
2020-01-11 00:43:53,640 Allocated:121.03369140625 MB
2020-01-11 00:43:53,641 Cached:6793.5 MB
2020-01-11 00:44:12,156 ===> Epoch 15 Complete: Avg. Loss: 0.2296
2020-01-11 00:44:12,160 ====> Extracting Features
2020-01-11 00:44:54,215 ==> Batch (50/108)
2020-01-11 00:45:21,574 ==> Batch (100/108)
2020-01-11 00:45:25,589 ====> Building faiss index
2020-01-11 00:45:25,592 ====> Calculating recall @ N
2020-01-11 00:45:26,138 ====> Recall@1: 0.7145
2020-01-11 00:45:26,139 ====> Recall@2: 0.7336
2020-01-11 00:45:26,140 ====> Recall@3: 0.7429
2020-01-11 00:45:26,140 ====> Recall@4: 0.7475
2020-01-11 00:45:26,141 ====> Recall@5: 0.7522
2020-01-11 00:45:26,141 ====> Recall@10: 0.7771
2020-01-11 00:45:26,142 ====> Recall@15: 0.7939
2020-01-11 00:45:26,143 ====> Recall@20: 0.7991
2020-01-11 00:45:26,143 ====> Recall@25: 0.8067
2020-01-11 00:45:26,566 Performance did not improve for 10 epochs. Stopping.
2020-01-11 00:45:26,566 => Best Recall@5: 0.7754
