2020-01-09 23:07:00,248 Namespace(arch='alexnet', batchSize=12, cacheBatchSize=96, cachePath='/home/annora/NetVLAD/output/', cacheRefreshRate=3000, ckpt='best', contilearn=True, dataPath='/home/annora/NetVLAD/output/data/', dataset='robotcar', evalEvery=1, fromscratch=False, fromtask='', lr=0.0001, lrGamma=0.5, lrStep=5, margin=0.1, mode='train', momentum=0.9, nEpochs=50, nGPU=1, nocuda=False, num_clusters=64, optim='SGD', patience=10, pooling='max', premodel='places', resume='', runsPath='/home/annora/NetVLAD/output/runs/', savePath='checkpoints', seed=123, split='val', start_epoch=0, threads=8, vladv2=False, weightDecay=0.001)
2020-01-09 23:07:00,331 trainfile ------>>>>>> oxRobocar_single_train.mat
2020-01-09 23:07:00,331 ===> Loading dataset(s)
2020-01-09 23:07:03,323 ====> Training set: oxRobocar_single_train.mat, query set count: 6636
2020-01-09 23:07:03,434 ===> Evaluating on val set: oxRobocar_single_val.mat, query count: 3450
2020-01-09 23:07:03,434 ===> Building model
2020-01-09 23:07:03,491 encoder moder:
AlexNet(
  (conv1): Sequential(
    (0): Conv2d(3, 64, kernel_size=(11, 11), stride=(4, 4), padding=(2, 2))
    (1): ReLU(inplace)
    (2): MaxPool2d(kernel_size=3, stride=2, padding=0, dilation=1, ceil_mode=False)
  )
  (conv2): Sequential(
    (0): Conv2d(64, 192, kernel_size=(5, 5), stride=(1, 1), padding=(2, 2))
    (1): ReLU(inplace)
    (2): MaxPool2d(kernel_size=3, stride=2, padding=0, dilation=1, ceil_mode=False)
  )
  (conv3): Sequential(
    (0): Conv2d(192, 384, kernel_size=(3, 3), stride=(1, 1), padding=(1, 1))
    (1): ReLU(inplace)
  )
  (conv4): Sequential(
    (0): Conv2d(384, 256, kernel_size=(3, 3), stride=(1, 1), padding=(1, 1))
    (1): ReLU(inplace)
  )
  (conv5): Sequential(
    (0): Conv2d(256, 256, kernel_size=(3, 3), stride=(1, 1), padding=(1, 1))
  )
)
2020-01-09 23:07:11,198 ===> Training model
2020-01-09 23:07:11,202 ===> Saving state to: /home/annora/NetVLAD/output/runs/2020-01-09-23-07-11_alexnet_max
2020-01-09 23:07:11,373 ====> Building Cache
2020-01-09 23:07:11,374 feature cache--->>> /home/annora/NetVLAD/output/train_feat_cache2.hdf5
2020-01-09 23:08:46,378 Allocated:99.34619140625 MB
2020-01-09 23:08:46,379 Cached:2864.375 MB
2020-01-09 23:11:19,790 ==> Epoch[1](50/553): Loss: 0.2236
2020-01-09 23:11:19,791 Allocated:121.28369140625 MB
2020-01-09 23:11:19,791 Cached:6741.375 MB
2020-01-09 23:13:20,394 ==> Epoch[1](100/553): Loss: 0.2283
2020-01-09 23:13:20,396 Allocated:120.53369140625 MB
2020-01-09 23:13:20,396 Cached:6741.375 MB
2020-01-09 23:15:18,517 ==> Epoch[1](150/553): Loss: 0.2044
2020-01-09 23:15:18,518 Allocated:121.53369140625 MB
2020-01-09 23:15:18,518 Cached:6741.375 MB
2020-01-09 23:16:37,193 ====> Building Cache
2020-01-09 23:16:37,194 feature cache--->>> /home/annora/NetVLAD/output/train_feat_cache2.hdf5
2020-01-09 23:18:02,220 Allocated:121.283203125 MB
2020-01-09 23:18:02,220 Cached:2919.5 MB
2020-01-09 23:19:17,070 ==> Epoch[1](200/553): Loss: 0.2470
2020-01-09 23:19:17,072 Allocated:121.28369140625 MB
2020-01-09 23:19:17,072 Cached:6794.5 MB
2020-01-09 23:21:07,431 ==> Epoch[1](250/553): Loss: 0.2467
2020-01-09 23:21:07,432 Allocated:120.53369140625 MB
2020-01-09 23:21:07,432 Cached:6794.5 MB
2020-01-09 23:23:01,491 ==> Epoch[1](300/553): Loss: 0.2646
2020-01-09 23:23:01,493 Allocated:121.53369140625 MB
2020-01-09 23:23:01,493 Cached:6794.5 MB
2020-01-09 23:24:53,242 ==> Epoch[1](350/553): Loss: 0.2298
2020-01-09 23:24:53,243 Allocated:121.28369140625 MB
2020-01-09 23:24:53,244 Cached:6794.5 MB
2020-01-09 23:25:36,139 ====> Building Cache
2020-01-09 23:25:36,139 feature cache--->>> /home/annora/NetVLAD/output/train_feat_cache2.hdf5
2020-01-09 23:26:59,783 Allocated:120.533203125 MB
2020-01-09 23:26:59,784 Cached:2919.5 MB
2020-01-09 23:28:45,948 ==> Epoch[1](400/553): Loss: 0.2533
2020-01-09 23:28:45,949 Allocated:120.53369140625 MB
2020-01-09 23:28:45,949 Cached:6793.5 MB
2020-01-09 23:30:35,739 ==> Epoch[1](450/553): Loss: 0.2419
2020-01-09 23:30:35,740 Allocated:121.53369140625 MB
2020-01-09 23:30:35,740 Cached:6793.5 MB
2020-01-09 23:32:30,543 ==> Epoch[1](500/553): Loss: 0.2159
2020-01-09 23:32:30,545 Allocated:121.28369140625 MB
2020-01-09 23:32:30,545 Cached:6793.5 MB
2020-01-09 23:34:21,727 ==> Epoch[1](550/553): Loss: 0.2516
2020-01-09 23:34:21,728 Allocated:120.53369140625 MB
2020-01-09 23:34:21,729 Cached:6793.5 MB
2020-01-09 23:34:32,764 ===> Epoch 1 Complete: Avg. Loss: 0.2431
2020-01-09 23:34:32,765 ====> Extracting Features
2020-01-09 23:35:11,452 ==> Batch (50/108)
2020-01-09 23:35:34,374 ==> Batch (100/108)
2020-01-09 23:35:38,045 ====> Building faiss index
2020-01-09 23:35:38,047 ====> Calculating recall @ N
2020-01-09 23:35:38,497 ====> Recall@1: 0.7023
2020-01-09 23:35:38,497 ====> Recall@2: 0.7377
2020-01-09 23:35:38,498 ====> Recall@3: 0.7533
2020-01-09 23:35:38,498 ====> Recall@4: 0.7632
2020-01-09 23:35:38,498 ====> Recall@5: 0.7687
2020-01-09 23:35:38,498 ====> Recall@10: 0.7794
2020-01-09 23:35:38,498 ====> Recall@15: 0.7864
2020-01-09 23:35:38,499 ====> Recall@20: 0.7910
2020-01-09 23:35:38,499 ====> Recall@25: 0.7945
2020-01-09 23:35:38,728 ====> Building Cache
2020-01-09 23:35:38,729 feature cache--->>> /home/annora/NetVLAD/output/train_feat_cache2.hdf5
2020-01-09 23:37:02,976 Allocated:119.53369140625 MB
2020-01-09 23:37:02,976 Cached:4192.625 MB
2020-01-09 23:39:42,194 ==> Epoch[2](50/553): Loss: 0.1949
2020-01-09 23:39:42,195 Allocated:121.28369140625 MB
2020-01-09 23:39:42,196 Cached:8067.625 MB
2020-01-09 23:41:37,703 ==> Epoch[2](100/553): Loss: 0.2274
2020-01-09 23:41:37,705 Allocated:120.53369140625 MB
2020-01-09 23:41:37,705 Cached:8067.625 MB
2020-01-09 23:43:31,689 ==> Epoch[2](150/553): Loss: 0.2228
2020-01-09 23:43:31,691 Allocated:121.53369140625 MB
2020-01-09 23:43:31,691 Cached:8067.625 MB
2020-01-09 23:44:46,894 ====> Building Cache
2020-01-09 23:44:46,895 feature cache--->>> /home/annora/NetVLAD/output/train_feat_cache2.hdf5
2020-01-09 23:46:14,559 Allocated:121.283203125 MB
2020-01-09 23:46:14,560 Cached:2919.5 MB
2020-01-09 23:47:24,263 ==> Epoch[2](200/553): Loss: 0.2245
2020-01-09 23:47:24,266 Allocated:121.28369140625 MB
2020-01-09 23:47:24,266 Cached:6794.5 MB
2020-01-09 23:49:18,149 ==> Epoch[2](250/553): Loss: 0.2509
2020-01-09 23:49:18,150 Allocated:120.53369140625 MB
2020-01-09 23:49:18,151 Cached:6794.5 MB
2020-01-09 23:51:09,733 ==> Epoch[2](300/553): Loss: 0.2438
2020-01-09 23:51:09,734 Allocated:121.53369140625 MB
2020-01-09 23:51:09,735 Cached:6794.5 MB
2020-01-09 23:53:02,729 ==> Epoch[2](350/553): Loss: 0.2409
2020-01-09 23:53:02,730 Allocated:121.28369140625 MB
2020-01-09 23:53:02,730 Cached:6794.5 MB
2020-01-09 23:53:45,922 ====> Building Cache
2020-01-09 23:53:45,922 feature cache--->>> /home/annora/NetVLAD/output/train_feat_cache2.hdf5
2020-01-09 23:55:10,408 Allocated:120.533203125 MB
2020-01-09 23:55:10,408 Cached:2919.5 MB
2020-01-09 23:56:54,622 ==> Epoch[2](400/553): Loss: 0.2594
2020-01-09 23:56:54,623 Allocated:120.53369140625 MB
2020-01-09 23:56:54,624 Cached:6793.5 MB
2020-01-09 23:58:48,420 ==> Epoch[2](450/553): Loss: 0.2419
2020-01-09 23:58:48,421 Allocated:121.53369140625 MB
2020-01-09 23:58:48,421 Cached:6793.5 MB
2020-01-10 00:00:42,967 ==> Epoch[2](500/553): Loss: 0.2742
2020-01-10 00:00:42,968 Allocated:121.28369140625 MB
2020-01-10 00:00:42,968 Cached:6793.5 MB
2020-01-10 00:02:33,301 ==> Epoch[2](550/553): Loss: 0.2652
2020-01-10 00:02:33,303 Allocated:120.53369140625 MB
2020-01-10 00:02:33,303 Cached:6793.5 MB
2020-01-10 00:02:43,838 ===> Epoch 2 Complete: Avg. Loss: 0.2430
2020-01-10 00:02:43,839 ====> Extracting Features
2020-01-10 00:03:23,314 ==> Batch (50/108)
2020-01-10 00:03:48,354 ==> Batch (100/108)
2020-01-10 00:03:52,295 ====> Building faiss index
2020-01-10 00:03:52,297 ====> Calculating recall @ N
2020-01-10 00:03:52,758 ====> Recall@1: 0.7020
2020-01-10 00:03:52,759 ====> Recall@2: 0.7377
2020-01-10 00:03:52,759 ====> Recall@3: 0.7533
2020-01-10 00:03:52,760 ====> Recall@4: 0.7638
2020-01-10 00:03:52,760 ====> Recall@5: 0.7687
2020-01-10 00:03:52,760 ====> Recall@10: 0.7794
2020-01-10 00:03:52,760 ====> Recall@15: 0.7867
2020-01-10 00:03:52,760 ====> Recall@20: 0.7913
2020-01-10 00:03:52,760 ====> Recall@25: 0.7948
2020-01-10 00:03:53,133 ====> Building Cache
2020-01-10 00:03:53,133 feature cache--->>> /home/annora/NetVLAD/output/train_feat_cache2.hdf5
2020-01-10 00:05:17,513 Allocated:119.53369140625 MB
2020-01-10 00:05:17,513 Cached:4193.625 MB
2020-01-10 00:07:50,038 ==> Epoch[3](50/553): Loss: 0.2300
2020-01-10 00:07:50,040 Allocated:121.28369140625 MB
2020-01-10 00:07:50,040 Cached:8067.625 MB
2020-01-10 00:09:41,846 ==> Epoch[3](100/553): Loss: 0.2222
2020-01-10 00:09:41,847 Allocated:120.53369140625 MB
2020-01-10 00:09:41,847 Cached:8067.625 MB
2020-01-10 00:11:38,480 ==> Epoch[3](150/553): Loss: 0.2436
2020-01-10 00:11:38,482 Allocated:121.53369140625 MB
2020-01-10 00:11:38,482 Cached:8067.625 MB
2020-01-10 00:12:57,884 ====> Building Cache
2020-01-10 00:12:57,885 feature cache--->>> /home/annora/NetVLAD/output/train_feat_cache2.hdf5
2020-01-10 00:14:19,569 Allocated:121.283203125 MB
2020-01-10 00:14:19,569 Cached:2919.5 MB
2020-01-10 00:15:27,434 ==> Epoch[3](200/553): Loss: 0.2364
2020-01-10 00:15:27,436 Allocated:121.28369140625 MB
2020-01-10 00:15:27,436 Cached:6793.5 MB
2020-01-10 00:17:19,046 ==> Epoch[3](250/553): Loss: 0.2332
2020-01-10 00:17:19,047 Allocated:120.53369140625 MB
2020-01-10 00:17:19,048 Cached:6793.5 MB
2020-01-10 00:19:09,747 ==> Epoch[3](300/553): Loss: 0.2401
2020-01-10 00:19:09,748 Allocated:121.53369140625 MB
2020-01-10 00:19:09,748 Cached:6793.5 MB
2020-01-10 00:20:56,139 ==> Epoch[3](350/553): Loss: 0.2258
2020-01-10 00:20:56,140 Allocated:121.28369140625 MB
2020-01-10 00:20:56,141 Cached:6793.5 MB
2020-01-10 00:21:37,364 ====> Building Cache
2020-01-10 00:21:37,364 feature cache--->>> /home/annora/NetVLAD/output/train_feat_cache2.hdf5
2020-01-10 00:22:53,191 Allocated:120.533203125 MB
2020-01-10 00:22:53,192 Cached:2919.5 MB
2020-01-10 00:24:28,195 ==> Epoch[3](400/553): Loss: 0.2682
2020-01-10 00:24:28,196 Allocated:120.53369140625 MB
2020-01-10 00:24:28,197 Cached:6793.5 MB
2020-01-10 00:26:16,614 ==> Epoch[3](450/553): Loss: 0.2481
2020-01-10 00:26:16,615 Allocated:121.53369140625 MB
2020-01-10 00:26:16,616 Cached:6793.5 MB
2020-01-10 00:28:01,278 ==> Epoch[3](500/553): Loss: 0.2360
2020-01-10 00:28:01,279 Allocated:121.28369140625 MB
2020-01-10 00:28:01,279 Cached:6793.5 MB
2020-01-10 00:29:53,660 ==> Epoch[3](550/553): Loss: 0.2689
2020-01-10 00:29:53,662 Allocated:120.53369140625 MB
2020-01-10 00:29:53,662 Cached:6793.5 MB
2020-01-10 00:30:03,826 ===> Epoch 3 Complete: Avg. Loss: 0.2430
2020-01-10 00:30:03,827 ====> Extracting Features
2020-01-10 00:30:38,096 ==> Batch (50/108)
2020-01-10 00:30:59,806 ==> Batch (100/108)
2020-01-10 00:31:03,512 ====> Building faiss index
2020-01-10 00:31:03,514 ====> Calculating recall @ N
2020-01-10 00:31:03,946 ====> Recall@1: 0.7017
2020-01-10 00:31:03,947 ====> Recall@2: 0.7377
2020-01-10 00:31:03,947 ====> Recall@3: 0.7533
2020-01-10 00:31:03,947 ====> Recall@4: 0.7638
2020-01-10 00:31:03,948 ====> Recall@5: 0.7690
2020-01-10 00:31:03,948 ====> Recall@10: 0.7794
2020-01-10 00:31:03,948 ====> Recall@15: 0.7867
2020-01-10 00:31:03,948 ====> Recall@20: 0.7916
2020-01-10 00:31:03,948 ====> Recall@25: 0.7951
2020-01-10 00:31:04,653 ====> Building Cache
2020-01-10 00:31:04,654 feature cache--->>> /home/annora/NetVLAD/output/train_feat_cache2.hdf5
2020-01-10 00:32:22,265 Allocated:119.53369140625 MB
2020-01-10 00:32:22,265 Cached:4192.625 MB
2020-01-10 00:34:44,884 ==> Epoch[4](50/553): Loss: 0.2187
2020-01-10 00:34:44,886 Allocated:121.28369140625 MB
2020-01-10 00:34:44,886 Cached:8067.625 MB
2020-01-10 00:36:36,378 ==> Epoch[4](100/553): Loss: 0.2077
2020-01-10 00:36:36,379 Allocated:120.53369140625 MB
2020-01-10 00:36:36,379 Cached:8067.625 MB
2020-01-10 00:38:24,960 ==> Epoch[4](150/553): Loss: 0.2333
2020-01-10 00:38:24,961 Allocated:121.53369140625 MB
2020-01-10 00:38:24,962 Cached:8067.625 MB
2020-01-10 00:39:39,403 ====> Building Cache
2020-01-10 00:39:39,404 feature cache--->>> /home/annora/NetVLAD/output/train_feat_cache2.hdf5
2020-01-10 00:40:55,514 Allocated:121.283203125 MB
2020-01-10 00:40:55,515 Cached:2919.5 MB
2020-01-10 00:41:59,905 ==> Epoch[4](200/553): Loss: 0.2668
2020-01-10 00:41:59,906 Allocated:121.28369140625 MB
2020-01-10 00:41:59,907 Cached:6794.5 MB
2020-01-10 00:43:45,342 ==> Epoch[4](250/553): Loss: 0.2472
2020-01-10 00:43:45,343 Allocated:120.53369140625 MB
2020-01-10 00:43:45,343 Cached:6794.5 MB
2020-01-10 00:45:33,551 ==> Epoch[4](300/553): Loss: 0.2523
2020-01-10 00:45:33,553 Allocated:121.53369140625 MB
2020-01-10 00:45:33,553 Cached:6794.5 MB
2020-01-10 00:47:19,293 ==> Epoch[4](350/553): Loss: 0.2327
2020-01-10 00:47:19,294 Allocated:121.28369140625 MB
2020-01-10 00:47:19,294 Cached:6794.5 MB
2020-01-10 00:48:00,186 ====> Building Cache
2020-01-10 00:48:00,186 feature cache--->>> /home/annora/NetVLAD/output/train_feat_cache2.hdf5
2020-01-10 00:49:16,646 Allocated:120.533203125 MB
2020-01-10 00:49:16,646 Cached:2919.5 MB
2020-01-10 00:50:54,435 ==> Epoch[4](400/553): Loss: 0.2725
2020-01-10 00:50:54,437 Allocated:120.53369140625 MB
2020-01-10 00:50:54,437 Cached:6793.5 MB
2020-01-10 00:52:39,434 ==> Epoch[4](450/553): Loss: 0.2429
2020-01-10 00:52:39,436 Allocated:121.53369140625 MB
2020-01-10 00:52:39,436 Cached:6793.5 MB
2020-01-10 00:54:27,797 ==> Epoch[4](500/553): Loss: 0.2275
2020-01-10 00:54:27,798 Allocated:121.28369140625 MB
2020-01-10 00:54:27,798 Cached:6793.5 MB
2020-01-10 00:56:18,976 ==> Epoch[4](550/553): Loss: 0.2364
2020-01-10 00:56:18,977 Allocated:120.53369140625 MB
2020-01-10 00:56:18,977 Cached:6793.5 MB
2020-01-10 00:56:29,424 ===> Epoch 4 Complete: Avg. Loss: 0.2430
2020-01-10 00:56:29,426 ====> Extracting Features
2020-01-10 00:57:02,741 ==> Batch (50/108)
2020-01-10 00:57:23,796 ==> Batch (100/108)
2020-01-10 00:57:27,204 ====> Building faiss index
2020-01-10 00:57:27,206 ====> Calculating recall @ N
2020-01-10 00:57:27,655 ====> Recall@1: 0.7017
2020-01-10 00:57:27,656 ====> Recall@2: 0.7377
2020-01-10 00:57:27,657 ====> Recall@3: 0.7542
2020-01-10 00:57:27,657 ====> Recall@4: 0.7643
2020-01-10 00:57:27,657 ====> Recall@5: 0.7690
2020-01-10 00:57:27,657 ====> Recall@10: 0.7791
2020-01-10 00:57:27,658 ====> Recall@15: 0.7867
2020-01-10 00:57:27,658 ====> Recall@20: 0.7916
2020-01-10 00:57:27,658 ====> Recall@25: 0.7951
2020-01-10 00:57:28,041 ====> Building Cache
2020-01-10 00:57:28,042 feature cache--->>> /home/annora/NetVLAD/output/train_feat_cache2.hdf5
2020-01-10 00:58:44,065 Allocated:119.53369140625 MB
2020-01-10 00:58:44,066 Cached:4193.625 MB
2020-01-10 01:01:00,764 ==> Epoch[5](50/553): Loss: 0.2437
2020-01-10 01:01:00,766 Allocated:121.28369140625 MB
2020-01-10 01:01:00,766 Cached:8067.625 MB
2020-01-10 01:02:48,703 ==> Epoch[5](100/553): Loss: 0.2134
2020-01-10 01:02:48,705 Allocated:120.53369140625 MB
2020-01-10 01:02:48,705 Cached:8067.625 MB
2020-01-10 01:04:34,794 ==> Epoch[5](150/553): Loss: 0.2322
2020-01-10 01:04:34,795 Allocated:121.53369140625 MB
2020-01-10 01:04:34,795 Cached:8067.625 MB
2020-01-10 01:05:49,867 ====> Building Cache
2020-01-10 01:05:49,867 feature cache--->>> /home/annora/NetVLAD/output/train_feat_cache2.hdf5
2020-01-10 01:07:05,860 Allocated:121.283203125 MB
2020-01-10 01:07:05,860 Cached:2919.5 MB
2020-01-10 01:08:10,024 ==> Epoch[5](200/553): Loss: 0.2383
2020-01-10 01:08:10,026 Allocated:121.28369140625 MB
2020-01-10 01:08:10,026 Cached:6793.5 MB
2020-01-10 01:10:01,565 ==> Epoch[5](250/553): Loss: 0.2471
2020-01-10 01:10:01,566 Allocated:120.53369140625 MB
2020-01-10 01:10:01,566 Cached:6793.5 MB
2020-01-10 01:11:55,291 ==> Epoch[5](300/553): Loss: 0.2661
2020-01-10 01:11:55,292 Allocated:121.53369140625 MB
2020-01-10 01:11:55,292 Cached:6793.5 MB
2020-01-10 01:13:49,106 ==> Epoch[5](350/553): Loss: 0.2692
2020-01-10 01:13:49,108 Allocated:121.28369140625 MB
2020-01-10 01:13:49,108 Cached:6793.5 MB
2020-01-10 01:14:32,296 ====> Building Cache
2020-01-10 01:14:32,297 feature cache--->>> /home/annora/NetVLAD/output/train_feat_cache2.hdf5
2020-01-10 01:15:56,967 Allocated:120.533203125 MB
2020-01-10 01:15:56,967 Cached:2919.5 MB
2020-01-10 01:17:39,428 ==> Epoch[5](400/553): Loss: 0.2648
2020-01-10 01:17:39,429 Allocated:120.53369140625 MB
2020-01-10 01:17:39,429 Cached:6793.5 MB
2020-01-10 01:19:28,939 ==> Epoch[5](450/553): Loss: 0.2420
2020-01-10 01:19:28,940 Allocated:121.53369140625 MB
2020-01-10 01:19:28,940 Cached:6793.5 MB
2020-01-10 01:21:19,042 ==> Epoch[5](500/553): Loss: 0.2218
2020-01-10 01:21:19,043 Allocated:121.28369140625 MB
2020-01-10 01:21:19,043 Cached:6793.5 MB
2020-01-10 01:23:12,537 ==> Epoch[5](550/553): Loss: 0.2713
2020-01-10 01:23:12,538 Allocated:120.53369140625 MB
2020-01-10 01:23:12,539 Cached:6793.5 MB
2020-01-10 01:23:23,675 ===> Epoch 5 Complete: Avg. Loss: 0.2429
2020-01-10 01:23:23,676 ====> Extracting Features
2020-01-10 01:24:03,520 ==> Batch (50/108)
2020-01-10 01:24:28,369 ==> Batch (100/108)
2020-01-10 01:24:31,783 ====> Building faiss index
2020-01-10 01:24:31,785 ====> Calculating recall @ N
2020-01-10 01:24:32,205 ====> Recall@1: 0.7020
2020-01-10 01:24:32,205 ====> Recall@2: 0.7380
2020-01-10 01:24:32,206 ====> Recall@3: 0.7542
2020-01-10 01:24:32,206 ====> Recall@4: 0.7643
2020-01-10 01:24:32,206 ====> Recall@5: 0.7690
2020-01-10 01:24:32,207 ====> Recall@10: 0.7794
2020-01-10 01:24:32,207 ====> Recall@15: 0.7867
2020-01-10 01:24:32,207 ====> Recall@20: 0.7916
2020-01-10 01:24:32,207 ====> Recall@25: 0.7951
2020-01-10 01:24:32,559 ====> Building Cache
2020-01-10 01:24:32,560 feature cache--->>> /home/annora/NetVLAD/output/train_feat_cache2.hdf5
2020-01-10 01:25:59,248 Allocated:119.53369140625 MB
2020-01-10 01:25:59,249 Cached:4192.625 MB
2020-01-10 01:28:22,475 ==> Epoch[6](50/553): Loss: 0.2264
2020-01-10 01:28:22,477 Allocated:121.28369140625 MB
2020-01-10 01:28:22,478 Cached:8067.625 MB
2020-01-10 01:30:11,650 ==> Epoch[6](100/553): Loss: 0.2280
2020-01-10 01:30:11,652 Allocated:120.53369140625 MB
2020-01-10 01:30:11,652 Cached:8068.625 MB
2020-01-10 01:32:11,566 ==> Epoch[6](150/553): Loss: 0.2097
2020-01-10 01:32:11,567 Allocated:121.53369140625 MB
2020-01-10 01:32:11,567 Cached:8068.625 MB
2020-01-10 01:33:29,824 ====> Building Cache
2020-01-10 01:33:29,825 feature cache--->>> /home/annora/NetVLAD/output/train_feat_cache2.hdf5
2020-01-10 01:34:58,945 Allocated:121.283203125 MB
2020-01-10 01:34:58,946 Cached:2919.5 MB
2020-01-10 01:36:09,346 ==> Epoch[6](200/553): Loss: 0.2660
2020-01-10 01:36:09,348 Allocated:121.28369140625 MB
2020-01-10 01:36:09,348 Cached:6793.5 MB
2020-01-10 01:38:01,064 ==> Epoch[6](250/553): Loss: 0.2639
2020-01-10 01:38:01,066 Allocated:120.53369140625 MB
2020-01-10 01:38:01,066 Cached:6793.5 MB
2020-01-10 01:39:52,553 ==> Epoch[6](300/553): Loss: 0.2627
2020-01-10 01:39:52,554 Allocated:121.53369140625 MB
2020-01-10 01:39:52,554 Cached:6793.5 MB
2020-01-10 01:41:49,019 ==> Epoch[6](350/553): Loss: 0.2510
2020-01-10 01:41:49,021 Allocated:121.28369140625 MB
2020-01-10 01:41:49,021 Cached:6793.5 MB
2020-01-10 01:42:32,953 ====> Building Cache
2020-01-10 01:42:32,954 feature cache--->>> /home/annora/NetVLAD/output/train_feat_cache2.hdf5
2020-01-10 01:43:56,295 Allocated:120.533203125 MB
2020-01-10 01:43:56,296 Cached:2919.5 MB
2020-01-10 01:45:40,283 ==> Epoch[6](400/553): Loss: 0.2710
2020-01-10 01:45:40,284 Allocated:120.53369140625 MB
2020-01-10 01:45:40,285 Cached:6793.5 MB
2020-01-10 01:47:32,537 ==> Epoch[6](450/553): Loss: 0.2618
2020-01-10 01:47:32,539 Allocated:121.53369140625 MB
2020-01-10 01:47:32,539 Cached:6793.5 MB
2020-01-10 01:49:23,814 ==> Epoch[6](500/553): Loss: 0.2243
2020-01-10 01:49:23,815 Allocated:121.28369140625 MB
2020-01-10 01:49:23,815 Cached:6793.5 MB
2020-01-10 01:51:27,618 ==> Epoch[6](550/553): Loss: 0.2955
2020-01-10 01:51:27,620 Allocated:120.53369140625 MB
2020-01-10 01:51:27,620 Cached:6793.5 MB
2020-01-10 01:51:39,362 ===> Epoch 6 Complete: Avg. Loss: 0.2430
2020-01-10 01:51:39,364 ====> Extracting Features
2020-01-10 01:52:15,746 ==> Batch (50/108)
2020-01-10 01:52:47,177 ==> Batch (100/108)
2020-01-10 01:52:51,287 ====> Building faiss index
2020-01-10 01:52:51,290 ====> Calculating recall @ N
2020-01-10 01:52:51,783 ====> Recall@1: 0.7017
2020-01-10 01:52:51,784 ====> Recall@2: 0.7380
2020-01-10 01:52:51,784 ====> Recall@3: 0.7539
2020-01-10 01:52:51,784 ====> Recall@4: 0.7643
2020-01-10 01:52:51,784 ====> Recall@5: 0.7690
2020-01-10 01:52:51,785 ====> Recall@10: 0.7797
2020-01-10 01:52:51,785 ====> Recall@15: 0.7867
2020-01-10 01:52:51,785 ====> Recall@20: 0.7916
2020-01-10 01:52:51,785 ====> Recall@25: 0.7951
2020-01-10 01:52:52,181 ====> Building Cache
2020-01-10 01:52:52,182 feature cache--->>> /home/annora/NetVLAD/output/train_feat_cache2.hdf5
2020-01-10 01:54:16,525 Allocated:119.53369140625 MB
2020-01-10 01:54:16,525 Cached:4192.625 MB
2020-01-10 01:56:49,611 ==> Epoch[7](50/553): Loss: 0.2226
2020-01-10 01:56:49,612 Allocated:121.28369140625 MB
2020-01-10 01:56:49,613 Cached:8067.625 MB
2020-01-10 01:58:47,748 ==> Epoch[7](100/553): Loss: 0.2432
2020-01-10 01:58:47,750 Allocated:120.53369140625 MB
2020-01-10 01:58:47,750 Cached:8068.625 MB
2020-01-10 02:00:52,484 ==> Epoch[7](150/553): Loss: 0.2038
2020-01-10 02:00:52,486 Allocated:121.53369140625 MB
2020-01-10 02:00:52,487 Cached:8068.625 MB
2020-01-10 02:02:15,559 ====> Building Cache
2020-01-10 02:02:15,559 feature cache--->>> /home/annora/NetVLAD/output/train_feat_cache2.hdf5
2020-01-10 02:03:39,504 Allocated:121.283203125 MB
2020-01-10 02:03:39,504 Cached:2919.5 MB
2020-01-10 02:04:50,203 ==> Epoch[7](200/553): Loss: 0.2529
2020-01-10 02:04:50,205 Allocated:121.28369140625 MB
2020-01-10 02:04:50,206 Cached:6793.5 MB
2020-01-10 02:06:50,388 ==> Epoch[7](250/553): Loss: 0.2543
2020-01-10 02:06:50,390 Allocated:120.53369140625 MB
2020-01-10 02:06:50,390 Cached:6793.5 MB
2020-01-10 02:08:56,688 ==> Epoch[7](300/553): Loss: 0.2444
2020-01-10 02:08:56,690 Allocated:121.53369140625 MB
2020-01-10 02:08:56,690 Cached:6793.5 MB
2020-01-10 02:10:55,952 ==> Epoch[7](350/553): Loss: 0.2629
2020-01-10 02:10:55,953 Allocated:121.28369140625 MB
2020-01-10 02:10:55,954 Cached:6793.5 MB
2020-01-10 02:11:43,591 ====> Building Cache
2020-01-10 02:11:43,592 feature cache--->>> /home/annora/NetVLAD/output/train_feat_cache2.hdf5
2020-01-10 02:13:08,649 Allocated:120.533203125 MB
2020-01-10 02:13:08,649 Cached:2919.5 MB
2020-01-10 02:14:59,128 ==> Epoch[7](400/553): Loss: 0.2771
2020-01-10 02:14:59,129 Allocated:120.53369140625 MB
2020-01-10 02:14:59,130 Cached:6793.5 MB
2020-01-10 02:16:56,790 ==> Epoch[7](450/553): Loss: 0.2893
2020-01-10 02:16:56,792 Allocated:121.53369140625 MB
2020-01-10 02:16:56,792 Cached:6793.5 MB
2020-01-10 02:18:55,976 ==> Epoch[7](500/553): Loss: 0.2418
2020-01-10 02:18:55,977 Allocated:121.28369140625 MB
2020-01-10 02:18:55,978 Cached:6793.5 MB
2020-01-10 02:20:58,739 ==> Epoch[7](550/553): Loss: 0.2606
2020-01-10 02:20:58,740 Allocated:120.53369140625 MB
2020-01-10 02:20:58,741 Cached:6793.5 MB
2020-01-10 02:21:09,832 ===> Epoch 7 Complete: Avg. Loss: 0.2430
2020-01-10 02:21:09,833 ====> Extracting Features
2020-01-10 02:21:45,950 ==> Batch (50/108)
2020-01-10 02:22:13,967 ==> Batch (100/108)
2020-01-10 02:22:17,192 ====> Building faiss index
2020-01-10 02:22:17,194 ====> Calculating recall @ N
2020-01-10 02:22:17,717 ====> Recall@1: 0.7014
2020-01-10 02:22:17,718 ====> Recall@2: 0.7380
2020-01-10 02:22:17,718 ====> Recall@3: 0.7542
2020-01-10 02:22:17,718 ====> Recall@4: 0.7643
2020-01-10 02:22:17,719 ====> Recall@5: 0.7690
2020-01-10 02:22:17,719 ====> Recall@10: 0.7794
2020-01-10 02:22:17,719 ====> Recall@15: 0.7867
2020-01-10 02:22:17,719 ====> Recall@20: 0.7916
2020-01-10 02:22:17,719 ====> Recall@25: 0.7951
2020-01-10 02:22:18,112 ====> Building Cache
2020-01-10 02:22:18,112 feature cache--->>> /home/annora/NetVLAD/output/train_feat_cache2.hdf5
2020-01-10 02:23:44,170 Allocated:119.53369140625 MB
2020-01-10 02:23:44,171 Cached:4193.625 MB
2020-01-10 02:26:19,142 ==> Epoch[8](50/553): Loss: 0.2187
2020-01-10 02:26:19,144 Allocated:121.28369140625 MB
2020-01-10 02:26:19,144 Cached:8067.625 MB
2020-01-10 02:28:21,594 ==> Epoch[8](100/553): Loss: 0.2301
2020-01-10 02:28:21,597 Allocated:120.53369140625 MB
2020-01-10 02:28:21,597 Cached:8067.625 MB
2020-01-10 02:30:29,218 ==> Epoch[8](150/553): Loss: 0.2362
2020-01-10 02:30:29,220 Allocated:121.53369140625 MB
2020-01-10 02:30:29,220 Cached:8067.625 MB
2020-01-10 02:31:51,156 ====> Building Cache
2020-01-10 02:31:51,157 feature cache--->>> /home/annora/NetVLAD/output/train_feat_cache2.hdf5
2020-01-10 02:33:14,928 Allocated:121.283203125 MB
2020-01-10 02:33:14,928 Cached:2919.5 MB
2020-01-10 02:34:28,525 ==> Epoch[8](200/553): Loss: 0.2512
2020-01-10 02:34:28,527 Allocated:121.28369140625 MB
2020-01-10 02:34:28,527 Cached:6793.5 MB
2020-01-10 02:36:26,414 ==> Epoch[8](250/553): Loss: 0.2470
2020-01-10 02:36:26,416 Allocated:120.53369140625 MB
2020-01-10 02:36:26,416 Cached:6793.5 MB
2020-01-10 02:38:22,454 ==> Epoch[8](300/553): Loss: 0.2350
2020-01-10 02:38:22,455 Allocated:121.53369140625 MB
2020-01-10 02:38:22,456 Cached:6793.5 MB
2020-01-10 02:40:30,221 ==> Epoch[8](350/553): Loss: 0.2443
2020-01-10 02:40:30,222 Allocated:121.28369140625 MB
2020-01-10 02:40:30,222 Cached:6793.5 MB
2020-01-10 02:41:17,036 ====> Building Cache
2020-01-10 02:41:17,037 feature cache--->>> /home/annora/NetVLAD/output/train_feat_cache2.hdf5
2020-01-10 02:42:42,647 Allocated:120.533203125 MB
2020-01-10 02:42:42,648 Cached:2919.5 MB
2020-01-10 02:44:31,595 ==> Epoch[8](400/553): Loss: 0.2484
2020-01-10 02:44:31,597 Allocated:120.53369140625 MB
2020-01-10 02:44:31,597 Cached:6793.5 MB
2020-01-10 02:46:31,922 ==> Epoch[8](450/553): Loss: 0.2534
2020-01-10 02:46:31,924 Allocated:121.53369140625 MB
2020-01-10 02:46:31,924 Cached:6793.5 MB
2020-01-10 02:48:33,732 ==> Epoch[8](500/553): Loss: 0.2408
2020-01-10 02:48:33,733 Allocated:121.28369140625 MB
2020-01-10 02:48:33,734 Cached:6793.5 MB
2020-01-10 02:50:36,876 ==> Epoch[8](550/553): Loss: 0.2582
2020-01-10 02:50:36,878 Allocated:120.53369140625 MB
2020-01-10 02:50:36,879 Cached:6793.5 MB
2020-01-10 02:50:48,201 ===> Epoch 8 Complete: Avg. Loss: 0.2429
2020-01-10 02:50:48,203 ====> Extracting Features
2020-01-10 02:51:24,433 ==> Batch (50/108)
2020-01-10 02:51:49,846 ==> Batch (100/108)
2020-01-10 02:51:53,477 ====> Building faiss index
2020-01-10 02:51:53,479 ====> Calculating recall @ N
2020-01-10 02:51:53,984 ====> Recall@1: 0.7014
2020-01-10 02:51:53,985 ====> Recall@2: 0.7383
2020-01-10 02:51:53,986 ====> Recall@3: 0.7539
2020-01-10 02:51:53,986 ====> Recall@4: 0.7646
2020-01-10 02:51:53,986 ====> Recall@5: 0.7690
2020-01-10 02:51:53,987 ====> Recall@10: 0.7794
2020-01-10 02:51:53,987 ====> Recall@15: 0.7867
2020-01-10 02:51:53,987 ====> Recall@20: 0.7916
2020-01-10 02:51:53,987 ====> Recall@25: 0.7951
2020-01-10 02:51:54,373 ====> Building Cache
2020-01-10 02:51:54,374 feature cache--->>> /home/annora/NetVLAD/output/train_feat_cache2.hdf5
2020-01-10 02:53:22,625 Allocated:119.53369140625 MB
2020-01-10 02:53:22,625 Cached:4192.625 MB
2020-01-10 02:55:55,806 ==> Epoch[9](50/553): Loss: 0.2295
2020-01-10 02:55:55,808 Allocated:121.28369140625 MB
2020-01-10 02:55:55,808 Cached:8067.625 MB
2020-01-10 02:57:55,463 ==> Epoch[9](100/553): Loss: 0.2293
2020-01-10 02:57:55,465 Allocated:120.53369140625 MB
2020-01-10 02:57:55,465 Cached:8067.625 MB
2020-01-10 03:00:09,316 ==> Epoch[9](150/553): Loss: 0.2180
2020-01-10 03:00:09,318 Allocated:121.90869140625 MB
2020-01-10 03:00:09,318 Cached:8068.625 MB
2020-01-10 03:01:30,031 ====> Building Cache
2020-01-10 03:01:30,032 feature cache--->>> /home/annora/NetVLAD/output/train_feat_cache2.hdf5
2020-01-10 03:02:52,987 Allocated:121.033203125 MB
2020-01-10 03:02:52,988 Cached:2919.5 MB
2020-01-10 03:04:09,671 ==> Epoch[9](200/553): Loss: 0.2468
2020-01-10 03:04:09,673 Allocated:121.03369140625 MB
2020-01-10 03:04:09,674 Cached:6794.5 MB
2020-01-10 03:06:06,543 ==> Epoch[9](250/553): Loss: 0.2475
2020-01-10 03:06:06,545 Allocated:121.15869140625 MB
2020-01-10 03:06:06,545 Cached:6794.5 MB
2020-01-10 03:08:06,447 ==> Epoch[9](300/553): Loss: 0.2930
2020-01-10 03:08:06,448 Allocated:121.90869140625 MB
2020-01-10 03:08:06,448 Cached:6794.5 MB
2020-01-10 03:10:08,226 ==> Epoch[9](350/553): Loss: 0.2362
2020-01-10 03:10:08,227 Allocated:121.03369140625 MB
2020-01-10 03:10:08,228 Cached:6794.5 MB
2020-01-10 03:10:55,696 ====> Building Cache
2020-01-10 03:10:55,697 feature cache--->>> /home/annora/NetVLAD/output/train_feat_cache2.hdf5
2020-01-10 03:12:20,268 Allocated:121.158203125 MB
2020-01-10 03:12:20,269 Cached:2919.5 MB
2020-01-10 03:14:08,182 ==> Epoch[9](400/553): Loss: 0.2320
2020-01-10 03:14:08,184 Allocated:121.15869140625 MB
2020-01-10 03:14:08,184 Cached:6794.5 MB
2020-01-10 03:16:10,733 ==> Epoch[9](450/553): Loss: 0.2628
2020-01-10 03:16:10,734 Allocated:121.90869140625 MB
2020-01-10 03:16:10,734 Cached:6794.5 MB
2020-01-10 03:18:11,953 ==> Epoch[9](500/553): Loss: 0.2535
2020-01-10 03:18:11,955 Allocated:121.03369140625 MB
2020-01-10 03:18:11,955 Cached:6794.5 MB
2020-01-10 03:20:11,173 ==> Epoch[9](550/553): Loss: 0.2346
2020-01-10 03:20:11,175 Allocated:121.15869140625 MB
2020-01-10 03:20:11,175 Cached:6794.5 MB
2020-01-10 03:20:22,826 ===> Epoch 9 Complete: Avg. Loss: 0.2429
2020-01-10 03:20:22,828 ====> Extracting Features
2020-01-10 03:20:58,846 ==> Batch (50/108)
2020-01-10 03:21:22,749 ==> Batch (100/108)
2020-01-10 03:21:26,166 ====> Building faiss index
2020-01-10 03:21:26,169 ====> Calculating recall @ N
2020-01-10 03:21:26,629 ====> Recall@1: 0.7014
2020-01-10 03:21:26,630 ====> Recall@2: 0.7383
2020-01-10 03:21:26,631 ====> Recall@3: 0.7539
2020-01-10 03:21:26,631 ====> Recall@4: 0.7649
2020-01-10 03:21:26,631 ====> Recall@5: 0.7693
2020-01-10 03:21:26,631 ====> Recall@10: 0.7794
2020-01-10 03:21:26,632 ====> Recall@15: 0.7867
2020-01-10 03:21:26,632 ====> Recall@20: 0.7916
2020-01-10 03:21:26,632 ====> Recall@25: 0.7951
2020-01-10 03:21:27,362 ====> Building Cache
2020-01-10 03:21:27,363 feature cache--->>> /home/annora/NetVLAD/output/train_feat_cache2.hdf5
2020-01-10 03:22:53,823 Allocated:119.90869140625 MB
2020-01-10 03:22:53,824 Cached:4193.625 MB
2020-01-10 03:25:37,952 ==> Epoch[10](50/553): Loss: 0.2257
2020-01-10 03:25:37,954 Allocated:121.03369140625 MB
2020-01-10 03:25:37,955 Cached:8068.625 MB
2020-01-10 03:27:43,166 ==> Epoch[10](100/553): Loss: 0.2238
2020-01-10 03:27:43,167 Allocated:121.15869140625 MB
2020-01-10 03:27:43,168 Cached:8068.625 MB
2020-01-10 03:29:41,773 ==> Epoch[10](150/553): Loss: 0.2329
2020-01-10 03:29:41,775 Allocated:121.90869140625 MB
2020-01-10 03:29:41,775 Cached:8068.625 MB
2020-01-10 03:30:57,481 ====> Building Cache
2020-01-10 03:30:57,482 feature cache--->>> /home/annora/NetVLAD/output/train_feat_cache2.hdf5
2020-01-10 03:32:23,734 Allocated:121.033203125 MB
2020-01-10 03:32:23,734 Cached:2919.5 MB
2020-01-10 03:33:33,455 ==> Epoch[10](200/553): Loss: 0.2558
2020-01-10 03:33:33,456 Allocated:121.03369140625 MB
2020-01-10 03:33:33,457 Cached:6794.5 MB
2020-01-10 03:35:26,026 ==> Epoch[10](250/553): Loss: 0.2471
2020-01-10 03:35:26,028 Allocated:121.15869140625 MB
2020-01-10 03:35:26,028 Cached:6794.5 MB
2020-01-10 03:37:20,807 ==> Epoch[10](300/553): Loss: 0.2476
2020-01-10 03:37:20,809 Allocated:121.90869140625 MB
2020-01-10 03:37:20,809 Cached:6794.5 MB
2020-01-10 03:39:12,579 ==> Epoch[10](350/553): Loss: 0.2300
2020-01-10 03:39:12,580 Allocated:121.03369140625 MB
2020-01-10 03:39:12,581 Cached:6794.5 MB
2020-01-10 03:39:55,195 ====> Building Cache
2020-01-10 03:39:55,196 feature cache--->>> /home/annora/NetVLAD/output/train_feat_cache2.hdf5
2020-01-10 03:41:21,950 Allocated:121.158203125 MB
2020-01-10 03:41:21,951 Cached:2919.5 MB
2020-01-10 03:43:05,109 ==> Epoch[10](400/553): Loss: 0.2801
2020-01-10 03:43:05,111 Allocated:121.15869140625 MB
2020-01-10 03:43:05,111 Cached:6794.5 MB
2020-01-10 03:44:54,694 ==> Epoch[10](450/553): Loss: 0.2422
2020-01-10 03:44:54,696 Allocated:121.90869140625 MB
2020-01-10 03:44:54,696 Cached:6794.5 MB
2020-01-10 03:46:48,590 ==> Epoch[10](500/553): Loss: 0.2475
2020-01-10 03:46:48,592 Allocated:121.03369140625 MB
2020-01-10 03:46:48,592 Cached:6794.5 MB
2020-01-10 03:48:42,247 ==> Epoch[10](550/553): Loss: 0.2442
2020-01-10 03:48:42,249 Allocated:121.15869140625 MB
2020-01-10 03:48:42,249 Cached:6794.5 MB
2020-01-10 03:48:53,146 ===> Epoch 10 Complete: Avg. Loss: 0.2429
2020-01-10 03:48:53,148 ====> Extracting Features
2020-01-10 03:49:32,668 ==> Batch (50/108)
2020-01-10 03:49:58,619 ==> Batch (100/108)
2020-01-10 03:50:02,281 ====> Building faiss index
2020-01-10 03:50:02,282 ====> Calculating recall @ N
2020-01-10 03:50:02,713 ====> Recall@1: 0.7014
2020-01-10 03:50:02,714 ====> Recall@2: 0.7380
2020-01-10 03:50:02,714 ====> Recall@3: 0.7539
2020-01-10 03:50:02,714 ====> Recall@4: 0.7649
2020-01-10 03:50:02,714 ====> Recall@5: 0.7693
2020-01-10 03:50:02,715 ====> Recall@10: 0.7794
2020-01-10 03:50:02,715 ====> Recall@15: 0.7867
2020-01-10 03:50:02,715 ====> Recall@20: 0.7916
2020-01-10 03:50:02,715 ====> Recall@25: 0.7951
2020-01-10 03:50:03,094 ====> Building Cache
2020-01-10 03:50:03,094 feature cache--->>> /home/annora/NetVLAD/output/train_feat_cache2.hdf5
2020-01-10 03:51:26,718 Allocated:119.90869140625 MB
2020-01-10 03:51:26,718 Cached:4192.625 MB
2020-01-10 03:53:57,262 ==> Epoch[11](50/553): Loss: 0.2330
2020-01-10 03:53:57,264 Allocated:121.03369140625 MB
2020-01-10 03:53:57,264 Cached:8067.625 MB
2020-01-10 03:55:51,430 ==> Epoch[11](100/553): Loss: 0.2099
2020-01-10 03:55:51,432 Allocated:121.15869140625 MB
2020-01-10 03:55:51,446 Cached:8067.625 MB
2020-01-10 03:57:46,544 ==> Epoch[11](150/553): Loss: 0.2417
2020-01-10 03:57:46,545 Allocated:121.90869140625 MB
2020-01-10 03:57:46,545 Cached:8067.625 MB
2020-01-10 03:59:04,736 ====> Building Cache
2020-01-10 03:59:04,737 feature cache--->>> /home/annora/NetVLAD/output/train_feat_cache2.hdf5
2020-01-10 04:00:28,757 Allocated:121.033203125 MB
2020-01-10 04:00:28,758 Cached:2919.5 MB
2020-01-10 04:01:38,500 ==> Epoch[11](200/553): Loss: 0.2496
2020-01-10 04:01:38,502 Allocated:121.03369140625 MB
2020-01-10 04:01:38,502 Cached:6793.5 MB
2020-01-10 04:03:27,587 ==> Epoch[11](250/553): Loss: 0.2572
2020-01-10 04:03:27,588 Allocated:121.15869140625 MB
2020-01-10 04:03:27,588 Cached:6793.5 MB
2020-01-10 04:05:17,237 ==> Epoch[11](300/553): Loss: 0.2449
2020-01-10 04:05:17,238 Allocated:121.90869140625 MB
2020-01-10 04:05:17,239 Cached:6793.5 MB
2020-01-10 04:07:14,276 ==> Epoch[11](350/553): Loss: 0.2404
2020-01-10 04:07:14,277 Allocated:121.03369140625 MB
2020-01-10 04:07:14,278 Cached:6793.5 MB
2020-01-10 04:07:58,595 ====> Building Cache
2020-01-10 04:07:58,596 feature cache--->>> /home/annora/NetVLAD/output/train_feat_cache2.hdf5
2020-01-10 04:09:23,967 Allocated:121.158203125 MB
2020-01-10 04:09:23,967 Cached:2919.5 MB
2020-01-10 04:11:04,648 ==> Epoch[11](400/553): Loss: 0.2324
2020-01-10 04:11:04,650 Allocated:121.15869140625 MB
2020-01-10 04:11:04,650 Cached:6793.5 MB
2020-01-10 04:12:54,666 ==> Epoch[11](450/553): Loss: 0.2721
2020-01-10 04:12:54,668 Allocated:121.90869140625 MB
2020-01-10 04:12:54,668 Cached:6793.5 MB
2020-01-10 04:14:44,402 ==> Epoch[11](500/553): Loss: 0.2475
2020-01-10 04:14:44,404 Allocated:121.03369140625 MB
2020-01-10 04:14:44,404 Cached:6793.5 MB
2020-01-10 04:16:41,585 ==> Epoch[11](550/553): Loss: 0.2524
2020-01-10 04:16:41,587 Allocated:121.15869140625 MB
2020-01-10 04:16:41,587 Cached:6793.5 MB
2020-01-10 04:16:53,529 ===> Epoch 11 Complete: Avg. Loss: 0.2429
2020-01-10 04:16:53,531 ====> Extracting Features
2020-01-10 04:17:31,076 ==> Batch (50/108)
2020-01-10 04:17:55,501 ==> Batch (100/108)
2020-01-10 04:17:58,824 ====> Building faiss index
2020-01-10 04:17:58,826 ====> Calculating recall @ N
2020-01-10 04:17:59,294 ====> Recall@1: 0.7014
2020-01-10 04:17:59,295 ====> Recall@2: 0.7380
2020-01-10 04:17:59,295 ====> Recall@3: 0.7539
2020-01-10 04:17:59,296 ====> Recall@4: 0.7649
2020-01-10 04:17:59,296 ====> Recall@5: 0.7693
2020-01-10 04:17:59,296 ====> Recall@10: 0.7794
2020-01-10 04:17:59,296 ====> Recall@15: 0.7867
2020-01-10 04:17:59,297 ====> Recall@20: 0.7916
2020-01-10 04:17:59,297 ====> Recall@25: 0.7951
2020-01-10 04:17:59,672 ====> Building Cache
2020-01-10 04:17:59,673 feature cache--->>> /home/annora/NetVLAD/output/train_feat_cache2.hdf5
2020-01-10 04:19:26,046 Allocated:119.90869140625 MB
2020-01-10 04:19:26,046 Cached:4193.625 MB
2020-01-10 04:21:51,282 ==> Epoch[12](50/553): Loss: 0.2141
2020-01-10 04:21:51,284 Allocated:121.03369140625 MB
2020-01-10 04:21:51,284 Cached:8067.625 MB
2020-01-10 04:23:41,324 ==> Epoch[12](100/553): Loss: 0.2316
2020-01-10 04:23:41,325 Allocated:121.15869140625 MB
2020-01-10 04:23:41,325 Cached:8067.625 MB
2020-01-10 04:25:40,407 ==> Epoch[12](150/553): Loss: 0.2351
2020-01-10 04:25:40,408 Allocated:121.90869140625 MB
2020-01-10 04:25:40,409 Cached:8067.625 MB
2020-01-10 04:26:58,756 ====> Building Cache
2020-01-10 04:26:58,757 feature cache--->>> /home/annora/NetVLAD/output/train_feat_cache2.hdf5
2020-01-10 04:28:32,074 Allocated:121.033203125 MB
2020-01-10 04:28:32,074 Cached:2919.5 MB
2020-01-10 04:29:42,863 ==> Epoch[12](200/553): Loss: 0.2805
2020-01-10 04:29:42,865 Allocated:121.03369140625 MB
2020-01-10 04:29:42,866 Cached:6793.5 MB
2020-01-10 04:31:38,993 ==> Epoch[12](250/553): Loss: 0.2479
2020-01-10 04:31:38,995 Allocated:121.15869140625 MB
2020-01-10 04:31:38,995 Cached:6793.5 MB
2020-01-10 04:33:37,834 ==> Epoch[12](300/553): Loss: 0.2548
2020-01-10 04:33:37,836 Allocated:121.90869140625 MB
2020-01-10 04:33:37,836 Cached:6793.5 MB
2020-01-10 04:35:41,051 ==> Epoch[12](350/553): Loss: 0.2523
2020-01-10 04:35:41,053 Allocated:121.03369140625 MB
2020-01-10 04:35:41,053 Cached:6793.5 MB
2020-01-10 04:36:24,696 ====> Building Cache
2020-01-10 04:36:24,697 feature cache--->>> /home/annora/NetVLAD/output/train_feat_cache2.hdf5
2020-01-10 04:37:51,984 Allocated:121.158203125 MB
2020-01-10 04:37:51,985 Cached:2919.5 MB
2020-01-10 04:39:36,801 ==> Epoch[12](400/553): Loss: 0.2024
2020-01-10 04:39:36,803 Allocated:121.15869140625 MB
2020-01-10 04:39:36,804 Cached:6793.5 MB
2020-01-10 04:41:26,582 ==> Epoch[12](450/553): Loss: 0.2399
2020-01-10 04:41:26,583 Allocated:121.90869140625 MB
2020-01-10 04:41:26,584 Cached:6793.5 MB
2020-01-10 04:43:15,015 ==> Epoch[12](500/553): Loss: 0.2590
2020-01-10 04:43:15,016 Allocated:121.03369140625 MB
2020-01-10 04:43:15,017 Cached:6793.5 MB
2020-01-10 04:45:08,857 ==> Epoch[12](550/553): Loss: 0.2649
2020-01-10 04:45:08,858 Allocated:121.15869140625 MB
2020-01-10 04:45:08,859 Cached:6793.5 MB
2020-01-10 04:45:20,095 ===> Epoch 12 Complete: Avg. Loss: 0.2429
2020-01-10 04:45:20,096 ====> Extracting Features
2020-01-10 04:45:56,820 ==> Batch (50/108)
2020-01-10 04:46:24,093 ==> Batch (100/108)
2020-01-10 04:46:28,068 ====> Building faiss index
2020-01-10 04:46:28,070 ====> Calculating recall @ N
2020-01-10 04:46:28,516 ====> Recall@1: 0.7014
2020-01-10 04:46:28,517 ====> Recall@2: 0.7380
2020-01-10 04:46:28,518 ====> Recall@3: 0.7539
2020-01-10 04:46:28,518 ====> Recall@4: 0.7652
2020-01-10 04:46:28,518 ====> Recall@5: 0.7693
2020-01-10 04:46:28,518 ====> Recall@10: 0.7794
2020-01-10 04:46:28,518 ====> Recall@15: 0.7867
2020-01-10 04:46:28,518 ====> Recall@20: 0.7916
2020-01-10 04:46:28,519 ====> Recall@25: 0.7951
2020-01-10 04:46:28,874 ====> Building Cache
2020-01-10 04:46:28,875 feature cache--->>> /home/annora/NetVLAD/output/train_feat_cache2.hdf5
2020-01-10 04:47:50,153 Allocated:119.90869140625 MB
2020-01-10 04:47:50,153 Cached:4192.625 MB
2020-01-10 04:50:17,161 ==> Epoch[13](50/553): Loss: 0.2222
2020-01-10 04:50:17,163 Allocated:121.03369140625 MB
2020-01-10 04:50:17,163 Cached:8067.625 MB
2020-01-10 04:52:07,050 ==> Epoch[13](100/553): Loss: 0.2446
2020-01-10 04:52:07,052 Allocated:121.15869140625 MB
2020-01-10 04:52:07,052 Cached:8067.625 MB
2020-01-10 04:54:02,046 ==> Epoch[13](150/553): Loss: 0.2225
2020-01-10 04:54:02,047 Allocated:121.90869140625 MB
2020-01-10 04:54:02,048 Cached:8067.625 MB
2020-01-10 04:55:23,608 ====> Building Cache
2020-01-10 04:55:23,608 feature cache--->>> /home/annora/NetVLAD/output/train_feat_cache2.hdf5
2020-01-10 04:56:52,070 Allocated:121.033203125 MB
2020-01-10 04:56:52,070 Cached:2919.5 MB
2020-01-10 04:58:04,392 ==> Epoch[13](200/553): Loss: 0.2752
2020-01-10 04:58:04,394 Allocated:121.03369140625 MB
2020-01-10 04:58:04,394 Cached:6793.5 MB
2020-01-10 05:00:00,928 ==> Epoch[13](250/553): Loss: 0.2682
2020-01-10 05:00:00,929 Allocated:121.15869140625 MB
2020-01-10 05:00:00,930 Cached:6793.5 MB
2020-01-10 05:01:55,448 ==> Epoch[13](300/553): Loss: 0.2537
2020-01-10 05:01:55,449 Allocated:121.90869140625 MB
2020-01-10 05:01:55,450 Cached:6793.5 MB
2020-01-10 05:03:48,582 ==> Epoch[13](350/553): Loss: 0.2528
2020-01-10 05:03:48,585 Allocated:121.03369140625 MB
2020-01-10 05:03:48,585 Cached:6793.5 MB
2020-01-10 05:04:34,584 ====> Building Cache
2020-01-10 05:04:34,585 feature cache--->>> /home/annora/NetVLAD/output/train_feat_cache2.hdf5
2020-01-10 05:06:03,565 Allocated:121.158203125 MB
2020-01-10 05:06:03,566 Cached:2919.5 MB
2020-01-10 05:07:47,202 ==> Epoch[13](400/553): Loss: 0.2723
2020-01-10 05:07:47,204 Allocated:121.15869140625 MB
2020-01-10 05:07:47,204 Cached:6793.5 MB
2020-01-10 05:09:36,999 ==> Epoch[13](450/553): Loss: 0.2221
2020-01-10 05:09:37,000 Allocated:121.90869140625 MB
2020-01-10 05:09:37,000 Cached:6793.5 MB
2020-01-10 05:11:27,912 ==> Epoch[13](500/553): Loss: 0.2254
2020-01-10 05:11:27,913 Allocated:121.03369140625 MB
2020-01-10 05:11:27,913 Cached:6793.5 MB
2020-01-10 05:13:22,947 ==> Epoch[13](550/553): Loss: 0.2592
2020-01-10 05:13:22,948 Allocated:121.15869140625 MB
2020-01-10 05:13:22,948 Cached:6793.5 MB
2020-01-10 05:13:34,693 ===> Epoch 13 Complete: Avg. Loss: 0.2430
2020-01-10 05:13:34,694 ====> Extracting Features
2020-01-10 05:14:13,171 ==> Batch (50/108)
2020-01-10 05:14:36,803 ==> Batch (100/108)
2020-01-10 05:14:40,935 ====> Building faiss index
2020-01-10 05:14:40,937 ====> Calculating recall @ N
2020-01-10 05:14:41,434 ====> Recall@1: 0.7014
2020-01-10 05:14:41,435 ====> Recall@2: 0.7380
2020-01-10 05:14:41,435 ====> Recall@3: 0.7536
2020-01-10 05:14:41,435 ====> Recall@4: 0.7652
2020-01-10 05:14:41,436 ====> Recall@5: 0.7693
2020-01-10 05:14:41,436 ====> Recall@10: 0.7794
2020-01-10 05:14:41,436 ====> Recall@15: 0.7867
2020-01-10 05:14:41,436 ====> Recall@20: 0.7916
2020-01-10 05:14:41,436 ====> Recall@25: 0.7951
2020-01-10 05:14:41,834 ====> Building Cache
2020-01-10 05:14:41,835 feature cache--->>> /home/annora/NetVLAD/output/train_feat_cache2.hdf5
2020-01-10 05:16:08,635 Allocated:119.90869140625 MB
2020-01-10 05:16:08,636 Cached:4193.625 MB
2020-01-10 05:18:33,317 ==> Epoch[14](50/553): Loss: 0.2205
2020-01-10 05:18:33,318 Allocated:121.03369140625 MB
2020-01-10 05:18:33,319 Cached:8067.625 MB
2020-01-10 05:20:22,988 ==> Epoch[14](100/553): Loss: 0.2246
2020-01-10 05:20:22,989 Allocated:121.15869140625 MB
2020-01-10 05:20:22,989 Cached:8067.625 MB
2020-01-10 05:22:22,070 ==> Epoch[14](150/553): Loss: 0.2204
2020-01-10 05:22:22,077 Allocated:121.90869140625 MB
2020-01-10 05:22:22,077 Cached:8067.625 MB
2020-01-10 05:23:42,465 ====> Building Cache
2020-01-10 05:23:42,465 feature cache--->>> /home/annora/NetVLAD/output/train_feat_cache2.hdf5
2020-01-10 05:25:12,989 Allocated:121.033203125 MB
2020-01-10 05:25:12,989 Cached:2919.5 MB
2020-01-10 05:26:23,068 ==> Epoch[14](200/553): Loss: 0.2550
2020-01-10 05:26:23,070 Allocated:121.03369140625 MB
2020-01-10 05:26:23,070 Cached:6793.5 MB
2020-01-10 05:28:12,597 ==> Epoch[14](250/553): Loss: 0.2366
2020-01-10 05:28:12,598 Allocated:121.15869140625 MB
2020-01-10 05:28:12,599 Cached:6793.5 MB
2020-01-10 05:30:02,731 ==> Epoch[14](300/553): Loss: 0.2660
2020-01-10 05:30:02,732 Allocated:121.90869140625 MB
2020-01-10 05:30:02,732 Cached:6793.5 MB
2020-01-10 05:31:54,341 ==> Epoch[14](350/553): Loss: 0.2710
2020-01-10 05:31:54,342 Allocated:121.03369140625 MB
2020-01-10 05:31:54,342 Cached:6793.5 MB
2020-01-10 05:32:39,855 ====> Building Cache
2020-01-10 05:32:39,856 feature cache--->>> /home/annora/NetVLAD/output/train_feat_cache2.hdf5
2020-01-10 05:34:12,552 Allocated:121.158203125 MB
2020-01-10 05:34:12,552 Cached:2919.5 MB
2020-01-10 05:36:01,773 ==> Epoch[14](400/553): Loss: 0.2309
2020-01-10 05:36:01,775 Allocated:121.15869140625 MB
2020-01-10 05:36:01,775 Cached:6793.5 MB
2020-01-10 05:38:04,709 ==> Epoch[14](450/553): Loss: 0.2896
2020-01-10 05:38:04,711 Allocated:121.90869140625 MB
2020-01-10 05:38:04,711 Cached:6793.5 MB
2020-01-10 05:40:02,528 ==> Epoch[14](500/553): Loss: 0.2459
2020-01-10 05:40:02,530 Allocated:121.03369140625 MB
2020-01-10 05:40:02,530 Cached:6793.5 MB
2020-01-10 05:42:00,958 ==> Epoch[14](550/553): Loss: 0.2474
2020-01-10 05:42:00,961 Allocated:121.15869140625 MB
2020-01-10 05:42:00,961 Cached:6793.5 MB
2020-01-10 05:42:13,469 ===> Epoch 14 Complete: Avg. Loss: 0.2430
2020-01-10 05:42:13,471 ====> Extracting Features
2020-01-10 05:42:57,612 ==> Batch (50/108)
2020-01-10 05:43:23,041 ==> Batch (100/108)
2020-01-10 05:43:26,641 ====> Building faiss index
2020-01-10 05:43:26,643 ====> Calculating recall @ N
2020-01-10 05:43:27,022 ====> Recall@1: 0.7017
2020-01-10 05:43:27,022 ====> Recall@2: 0.7380
2020-01-10 05:43:27,023 ====> Recall@3: 0.7536
2020-01-10 05:43:27,023 ====> Recall@4: 0.7652
2020-01-10 05:43:27,023 ====> Recall@5: 0.7693
2020-01-10 05:43:27,023 ====> Recall@10: 0.7794
2020-01-10 05:43:27,024 ====> Recall@15: 0.7867
2020-01-10 05:43:27,024 ====> Recall@20: 0.7916
2020-01-10 05:43:27,024 ====> Recall@25: 0.7951
2020-01-10 05:43:27,386 ====> Building Cache
2020-01-10 05:43:27,386 feature cache--->>> /home/annora/NetVLAD/output/train_feat_cache2.hdf5
2020-01-10 05:44:54,256 Allocated:119.90869140625 MB
2020-01-10 05:44:54,256 Cached:4192.625 MB
2020-01-10 05:47:23,292 ==> Epoch[15](50/553): Loss: 0.2129
2020-01-10 05:47:23,294 Allocated:121.03369140625 MB
2020-01-10 05:47:23,294 Cached:8067.625 MB
2020-01-10 05:49:21,566 ==> Epoch[15](100/553): Loss: 0.2195
2020-01-10 05:49:21,568 Allocated:121.15869140625 MB
2020-01-10 05:49:21,568 Cached:8068.625 MB
2020-01-10 05:51:23,452 ==> Epoch[15](150/553): Loss: 0.2092
2020-01-10 05:51:23,453 Allocated:121.90869140625 MB
2020-01-10 05:51:23,454 Cached:8068.625 MB
2020-01-10 05:52:45,573 ====> Building Cache
2020-01-10 05:52:45,574 feature cache--->>> /home/annora/NetVLAD/output/train_feat_cache2.hdf5
2020-01-10 05:54:18,599 Allocated:121.033203125 MB
2020-01-10 05:54:18,600 Cached:2919.5 MB
2020-01-10 05:55:28,285 ==> Epoch[15](200/553): Loss: 0.2629
2020-01-10 05:55:28,288 Allocated:121.03369140625 MB
2020-01-10 05:55:28,288 Cached:6794.5 MB
2020-01-10 05:57:19,077 ==> Epoch[15](250/553): Loss: 0.2769
2020-01-10 05:57:19,078 Allocated:121.15869140625 MB
2020-01-10 05:57:19,078 Cached:6794.5 MB
2020-01-10 05:59:09,804 ==> Epoch[15](300/553): Loss: 0.2293
2020-01-10 05:59:09,805 Allocated:121.90869140625 MB
2020-01-10 05:59:09,806 Cached:6794.5 MB
2020-01-10 06:01:06,710 ==> Epoch[15](350/553): Loss: 0.2535
2020-01-10 06:01:06,711 Allocated:121.03369140625 MB
2020-01-10 06:01:06,712 Cached:6794.5 MB
2020-01-10 06:01:50,947 ====> Building Cache
2020-01-10 06:01:50,948 feature cache--->>> /home/annora/NetVLAD/output/train_feat_cache2.hdf5
2020-01-10 06:03:23,865 Allocated:121.158203125 MB
2020-01-10 06:03:23,866 Cached:2919.5 MB
2020-01-10 06:05:04,974 ==> Epoch[15](400/553): Loss: 0.2734
2020-01-10 06:05:04,976 Allocated:121.15869140625 MB
2020-01-10 06:05:04,976 Cached:6794.5 MB
2020-01-10 06:06:54,556 ==> Epoch[15](450/553): Loss: 0.2593
2020-01-10 06:06:54,558 Allocated:121.90869140625 MB
2020-01-10 06:06:54,558 Cached:6794.5 MB
2020-01-10 06:08:43,162 ==> Epoch[15](500/553): Loss: 0.2610
2020-01-10 06:08:43,163 Allocated:121.03369140625 MB
2020-01-10 06:08:43,164 Cached:6794.5 MB
2020-01-10 06:10:37,151 ==> Epoch[15](550/553): Loss: 0.2492
2020-01-10 06:10:37,152 Allocated:121.15869140625 MB
2020-01-10 06:10:37,153 Cached:6794.5 MB
2020-01-10 06:10:48,337 ===> Epoch 15 Complete: Avg. Loss: 0.2430
2020-01-10 06:10:48,339 ====> Extracting Features
2020-01-10 06:11:31,858 ==> Batch (50/108)
2020-01-10 06:11:59,834 ==> Batch (100/108)
2020-01-10 06:12:03,653 ====> Building faiss index
2020-01-10 06:12:03,655 ====> Calculating recall @ N
2020-01-10 06:12:04,164 ====> Recall@1: 0.7017
2020-01-10 06:12:04,164 ====> Recall@2: 0.7380
2020-01-10 06:12:04,165 ====> Recall@3: 0.7536
2020-01-10 06:12:04,165 ====> Recall@4: 0.7652
2020-01-10 06:12:04,165 ====> Recall@5: 0.7693
2020-01-10 06:12:04,166 ====> Recall@10: 0.7794
2020-01-10 06:12:04,166 ====> Recall@15: 0.7867
2020-01-10 06:12:04,166 ====> Recall@20: 0.7916
2020-01-10 06:12:04,166 ====> Recall@25: 0.7951
2020-01-10 06:12:04,583 ====> Building Cache
2020-01-10 06:12:04,584 feature cache--->>> /home/annora/NetVLAD/output/train_feat_cache2.hdf5
2020-01-10 06:13:29,239 Allocated:119.90869140625 MB
2020-01-10 06:13:29,240 Cached:4193.625 MB
2020-01-10 06:15:55,187 ==> Epoch[16](50/553): Loss: 0.2266
2020-01-10 06:15:55,188 Allocated:121.03369140625 MB
2020-01-10 06:15:55,189 Cached:8068.625 MB
2020-01-10 06:17:44,960 ==> Epoch[16](100/553): Loss: 0.2218
2020-01-10 06:17:44,961 Allocated:121.15869140625 MB
2020-01-10 06:17:44,962 Cached:8068.625 MB
2020-01-10 06:19:40,334 ==> Epoch[16](150/553): Loss: 0.2142
2020-01-10 06:19:40,335 Allocated:121.90869140625 MB
2020-01-10 06:19:40,336 Cached:8068.625 MB
2020-01-10 06:21:02,179 ====> Building Cache
2020-01-10 06:21:02,180 feature cache--->>> /home/annora/NetVLAD/output/train_feat_cache2.hdf5
2020-01-10 06:22:33,779 Allocated:121.033203125 MB
2020-01-10 06:22:33,780 Cached:2919.5 MB
2020-01-10 06:23:45,585 ==> Epoch[16](200/553): Loss: 0.2340
2020-01-10 06:23:45,586 Allocated:121.03369140625 MB
2020-01-10 06:23:45,587 Cached:6793.5 MB
2020-01-10 06:25:34,116 ==> Epoch[16](250/553): Loss: 0.2664
2020-01-10 06:25:34,117 Allocated:121.15869140625 MB
2020-01-10 06:25:34,117 Cached:6793.5 MB
2020-01-10 06:27:24,686 ==> Epoch[16](300/553): Loss: 0.2656
2020-01-10 06:27:24,687 Allocated:121.90869140625 MB
2020-01-10 06:27:24,688 Cached:6793.5 MB
2020-01-10 06:29:16,740 ==> Epoch[16](350/553): Loss: 0.2486
2020-01-10 06:29:16,743 Allocated:121.03369140625 MB
2020-01-10 06:29:16,744 Cached:6793.5 MB
2020-01-10 06:29:59,711 ====> Building Cache
2020-01-10 06:29:59,711 feature cache--->>> /home/annora/NetVLAD/output/train_feat_cache2.hdf5
2020-01-10 06:31:27,218 Allocated:121.158203125 MB
2020-01-10 06:31:27,218 Cached:2919.5 MB
2020-01-10 06:33:12,671 ==> Epoch[16](400/553): Loss: 0.2345
2020-01-10 06:33:12,673 Allocated:121.15869140625 MB
2020-01-10 06:33:12,673 Cached:6794.5 MB
2020-01-10 06:35:12,189 ==> Epoch[16](450/553): Loss: 0.2664
2020-01-10 06:35:12,190 Allocated:121.90869140625 MB
2020-01-10 06:35:12,191 Cached:6794.5 MB
2020-01-10 06:37:05,538 ==> Epoch[16](500/553): Loss: 0.2277
2020-01-10 06:37:05,539 Allocated:121.03369140625 MB
2020-01-10 06:37:05,539 Cached:6794.5 MB
2020-01-10 06:39:00,128 ==> Epoch[16](550/553): Loss: 0.2574
2020-01-10 06:39:00,130 Allocated:121.15869140625 MB
2020-01-10 06:39:00,130 Cached:6794.5 MB
2020-01-10 06:39:11,214 ===> Epoch 16 Complete: Avg. Loss: 0.2428
2020-01-10 06:39:11,215 ====> Extracting Features
2020-01-10 06:39:48,767 ==> Batch (50/108)
2020-01-10 06:40:18,724 ==> Batch (100/108)
2020-01-10 06:40:21,986 ====> Building faiss index
2020-01-10 06:40:21,989 ====> Calculating recall @ N
2020-01-10 06:40:22,486 ====> Recall@1: 0.7017
2020-01-10 06:40:22,487 ====> Recall@2: 0.7380
2020-01-10 06:40:22,487 ====> Recall@3: 0.7533
2020-01-10 06:40:22,487 ====> Recall@4: 0.7658
2020-01-10 06:40:22,488 ====> Recall@5: 0.7693
2020-01-10 06:40:22,488 ====> Recall@10: 0.7794
2020-01-10 06:40:22,488 ====> Recall@15: 0.7867
2020-01-10 06:40:22,488 ====> Recall@20: 0.7916
2020-01-10 06:40:22,489 ====> Recall@25: 0.7951
2020-01-10 06:40:22,866 ====> Building Cache
2020-01-10 06:40:22,866 feature cache--->>> /home/annora/NetVLAD/output/train_feat_cache2.hdf5
2020-01-10 06:41:52,174 Allocated:119.90869140625 MB
2020-01-10 06:41:52,174 Cached:4192.625 MB
2020-01-10 06:44:23,534 ==> Epoch[17](50/553): Loss: 0.2187
2020-01-10 06:44:23,535 Allocated:121.03369140625 MB
2020-01-10 06:44:23,536 Cached:8067.625 MB
2020-01-10 06:46:30,841 ==> Epoch[17](100/553): Loss: 0.2110
2020-01-10 06:46:30,843 Allocated:121.15869140625 MB
2020-01-10 06:46:30,843 Cached:8067.625 MB
2020-01-10 06:48:26,658 ==> Epoch[17](150/553): Loss: 0.2045
2020-01-10 06:48:26,659 Allocated:121.90869140625 MB
2020-01-10 06:48:26,660 Cached:8067.625 MB
2020-01-10 06:49:41,099 ====> Building Cache
2020-01-10 06:49:41,100 feature cache--->>> /home/annora/NetVLAD/output/train_feat_cache2.hdf5
2020-01-10 06:51:00,541 Allocated:121.033203125 MB
2020-01-10 06:51:00,542 Cached:2919.5 MB
2020-01-10 06:52:04,432 ==> Epoch[17](200/553): Loss: 0.2467
2020-01-10 06:52:04,434 Allocated:121.03369140625 MB
2020-01-10 06:52:04,434 Cached:6794.5 MB
2020-01-10 06:53:48,127 ==> Epoch[17](250/553): Loss: 0.2498
2020-01-10 06:53:48,128 Allocated:121.15869140625 MB
2020-01-10 06:53:48,129 Cached:6794.5 MB
2020-01-10 06:55:32,036 ==> Epoch[17](300/553): Loss: 0.2545
2020-01-10 06:55:32,037 Allocated:121.90869140625 MB
2020-01-10 06:55:32,038 Cached:6794.5 MB
2020-01-10 06:57:19,890 ==> Epoch[17](350/553): Loss: 0.2526
2020-01-10 06:57:19,891 Allocated:121.03369140625 MB
2020-01-10 06:57:19,891 Cached:6794.5 MB
2020-01-10 06:58:00,627 ====> Building Cache
2020-01-10 06:58:00,628 feature cache--->>> /home/annora/NetVLAD/output/train_feat_cache2.hdf5
2020-01-10 06:59:19,959 Allocated:121.158203125 MB
2020-01-10 06:59:19,960 Cached:2919.5 MB
2020-01-10 07:00:56,623 ==> Epoch[17](400/553): Loss: 0.2772
2020-01-10 07:00:56,625 Allocated:121.15869140625 MB
2020-01-10 07:00:56,625 Cached:6794.5 MB
2020-01-10 07:02:41,540 ==> Epoch[17](450/553): Loss: 0.2281
2020-01-10 07:02:41,541 Allocated:121.90869140625 MB
2020-01-10 07:02:41,541 Cached:6794.5 MB
2020-01-10 07:04:25,455 ==> Epoch[17](500/553): Loss: 0.2541
2020-01-10 07:04:25,456 Allocated:121.03369140625 MB
2020-01-10 07:04:25,457 Cached:6794.5 MB
2020-01-10 07:06:12,280 ==> Epoch[17](550/553): Loss: 0.2564
2020-01-10 07:06:12,281 Allocated:121.15869140625 MB
2020-01-10 07:06:12,282 Cached:6794.5 MB
2020-01-10 07:06:23,107 ===> Epoch 17 Complete: Avg. Loss: 0.2429
2020-01-10 07:06:23,109 ====> Extracting Features
2020-01-10 07:06:56,892 ==> Batch (50/108)
2020-01-10 07:07:17,839 ==> Batch (100/108)
2020-01-10 07:07:21,505 ====> Building faiss index
2020-01-10 07:07:21,507 ====> Calculating recall @ N
2020-01-10 07:07:21,936 ====> Recall@1: 0.7017
2020-01-10 07:07:21,936 ====> Recall@2: 0.7380
2020-01-10 07:07:21,937 ====> Recall@3: 0.7533
2020-01-10 07:07:21,937 ====> Recall@4: 0.7658
2020-01-10 07:07:21,937 ====> Recall@5: 0.7693
2020-01-10 07:07:21,937 ====> Recall@10: 0.7794
2020-01-10 07:07:21,938 ====> Recall@15: 0.7867
2020-01-10 07:07:21,938 ====> Recall@20: 0.7916
2020-01-10 07:07:21,938 ====> Recall@25: 0.7951
2020-01-10 07:07:22,331 ====> Building Cache
2020-01-10 07:07:22,331 feature cache--->>> /home/annora/NetVLAD/output/train_feat_cache2.hdf5
2020-01-10 07:08:41,527 Allocated:119.90869140625 MB
2020-01-10 07:08:41,528 Cached:4192.625 MB
2020-01-10 07:10:59,497 ==> Epoch[18](50/553): Loss: 0.2252
2020-01-10 07:10:59,499 Allocated:121.03369140625 MB
2020-01-10 07:10:59,499 Cached:8067.625 MB
2020-01-10 07:12:45,746 ==> Epoch[18](100/553): Loss: 0.2330
2020-01-10 07:12:45,747 Allocated:121.15869140625 MB
2020-01-10 07:12:45,748 Cached:8067.625 MB
2020-01-10 07:14:29,763 ==> Epoch[18](150/553): Loss: 0.2190
2020-01-10 07:14:29,765 Allocated:121.90869140625 MB
2020-01-10 07:14:29,765 Cached:8067.625 MB
2020-01-10 07:15:47,266 ====> Building Cache
2020-01-10 07:15:47,267 feature cache--->>> /home/annora/NetVLAD/output/train_feat_cache2.hdf5
2020-01-10 07:17:08,141 Allocated:121.033203125 MB
2020-01-10 07:17:08,141 Cached:2919.5 MB
2020-01-10 07:18:13,505 ==> Epoch[18](200/553): Loss: 0.2390
2020-01-10 07:18:13,507 Allocated:121.03369140625 MB
2020-01-10 07:18:13,507 Cached:6793.5 MB
2020-01-10 07:19:57,937 ==> Epoch[18](250/553): Loss: 0.2588
2020-01-10 07:19:57,938 Allocated:121.15869140625 MB
2020-01-10 07:19:57,938 Cached:6793.5 MB
2020-01-10 07:21:42,049 ==> Epoch[18](300/553): Loss: 0.2652
2020-01-10 07:21:42,049 Allocated:121.90869140625 MB
2020-01-10 07:21:42,050 Cached:6793.5 MB
2020-01-10 07:23:27,829 ==> Epoch[18](350/553): Loss: 0.2379
2020-01-10 07:23:27,830 Allocated:121.03369140625 MB
2020-01-10 07:23:27,830 Cached:6793.5 MB
2020-01-10 07:24:11,391 ====> Building Cache
2020-01-10 07:24:11,392 feature cache--->>> /home/annora/NetVLAD/output/train_feat_cache2.hdf5
2020-01-10 07:25:29,853 Allocated:121.158203125 MB
2020-01-10 07:25:29,854 Cached:2919.5 MB
2020-01-10 07:27:13,377 ==> Epoch[18](400/553): Loss: 0.2642
2020-01-10 07:27:13,379 Allocated:121.15869140625 MB
2020-01-10 07:27:13,379 Cached:6793.5 MB
2020-01-10 07:29:10,304 ==> Epoch[18](450/553): Loss: 0.2567
2020-01-10 07:29:10,306 Allocated:121.90869140625 MB
2020-01-10 07:29:10,306 Cached:6793.5 MB
2020-01-10 07:31:04,088 ==> Epoch[18](500/553): Loss: 0.2655
2020-01-10 07:31:04,090 Allocated:121.03369140625 MB
2020-01-10 07:31:04,091 Cached:6793.5 MB
2020-01-10 07:32:54,498 ==> Epoch[18](550/553): Loss: 0.2581
2020-01-10 07:32:54,505 Allocated:121.15869140625 MB
2020-01-10 07:32:54,505 Cached:6793.5 MB
2020-01-10 07:33:05,589 ===> Epoch 18 Complete: Avg. Loss: 0.2430
2020-01-10 07:33:05,591 ====> Extracting Features
2020-01-10 07:33:39,806 ==> Batch (50/108)
2020-01-10 07:34:03,161 ==> Batch (100/108)
2020-01-10 07:34:06,832 ====> Building faiss index
2020-01-10 07:34:06,834 ====> Calculating recall @ N
2020-01-10 07:34:07,256 ====> Recall@1: 0.7017
2020-01-10 07:34:07,257 ====> Recall@2: 0.7380
2020-01-10 07:34:07,257 ====> Recall@3: 0.7533
2020-01-10 07:34:07,257 ====> Recall@4: 0.7661
2020-01-10 07:34:07,258 ====> Recall@5: 0.7693
2020-01-10 07:34:07,258 ====> Recall@10: 0.7794
2020-01-10 07:34:07,258 ====> Recall@15: 0.7867
2020-01-10 07:34:07,258 ====> Recall@20: 0.7916
2020-01-10 07:34:07,258 ====> Recall@25: 0.7951
2020-01-10 07:34:07,658 ====> Building Cache
2020-01-10 07:34:07,659 feature cache--->>> /home/annora/NetVLAD/output/train_feat_cache2.hdf5
2020-01-10 07:35:27,531 Allocated:119.90869140625 MB
2020-01-10 07:35:27,532 Cached:4193.625 MB
2020-01-10 07:37:43,829 ==> Epoch[19](50/553): Loss: 0.2304
2020-01-10 07:37:43,830 Allocated:121.03369140625 MB
2020-01-10 07:37:43,831 Cached:8067.625 MB
2020-01-10 07:39:29,862 ==> Epoch[19](100/553): Loss: 0.2029
2020-01-10 07:39:29,864 Allocated:121.15869140625 MB
2020-01-10 07:39:29,864 Cached:8068.625 MB
2020-01-10 07:41:14,331 ==> Epoch[19](150/553): Loss: 0.2237
2020-01-10 07:41:14,332 Allocated:121.90869140625 MB
2020-01-10 07:41:14,332 Cached:8068.625 MB
2020-01-10 07:42:29,255 ====> Building Cache
2020-01-10 07:42:29,256 feature cache--->>> /home/annora/NetVLAD/output/train_feat_cache2.hdf5
2020-01-10 07:43:52,910 Allocated:121.033203125 MB
2020-01-10 07:43:52,910 Cached:2919.5 MB
2020-01-10 07:44:59,288 ==> Epoch[19](200/553): Loss: 0.2624
2020-01-10 07:44:59,290 Allocated:121.03369140625 MB
2020-01-10 07:44:59,290 Cached:6794.5 MB
2020-01-10 07:46:46,362 ==> Epoch[19](250/553): Loss: 0.2491
2020-01-10 07:46:46,364 Allocated:121.15869140625 MB
2020-01-10 07:46:46,364 Cached:6794.5 MB
2020-01-10 07:48:30,430 ==> Epoch[19](300/553): Loss: 0.2426
2020-01-10 07:48:30,432 Allocated:121.90869140625 MB
2020-01-10 07:48:30,432 Cached:6794.5 MB
2020-01-10 07:50:14,240 ==> Epoch[19](350/553): Loss: 0.2768
2020-01-10 07:50:14,241 Allocated:121.03369140625 MB
2020-01-10 07:50:14,241 Cached:6794.5 MB
2020-01-10 07:50:54,731 ====> Building Cache
2020-01-10 07:50:54,732 feature cache--->>> /home/annora/NetVLAD/output/train_feat_cache2.hdf5
2020-01-10 07:52:15,161 Allocated:121.158203125 MB
2020-01-10 07:52:15,162 Cached:2919.5 MB
2020-01-10 07:53:55,486 ==> Epoch[19](400/553): Loss: 0.2264
2020-01-10 07:53:55,488 Allocated:121.15869140625 MB
2020-01-10 07:53:55,488 Cached:6794.5 MB
2020-01-10 07:55:41,725 ==> Epoch[19](450/553): Loss: 0.2758
2020-01-10 07:55:41,727 Allocated:121.90869140625 MB
2020-01-10 07:55:41,727 Cached:6794.5 MB
2020-01-10 07:57:26,149 ==> Epoch[19](500/553): Loss: 0.2661
2020-01-10 07:57:26,150 Allocated:121.03369140625 MB
2020-01-10 07:57:26,151 Cached:6794.5 MB
2020-01-10 07:59:09,112 ==> Epoch[19](550/553): Loss: 0.2300
2020-01-10 07:59:09,113 Allocated:121.15869140625 MB
2020-01-10 07:59:09,113 Cached:6794.5 MB
2020-01-10 07:59:19,390 ===> Epoch 19 Complete: Avg. Loss: 0.2428
2020-01-10 07:59:19,391 ====> Extracting Features
2020-01-10 07:59:52,620 ==> Batch (50/108)
2020-01-10 08:00:12,917 ==> Batch (100/108)
2020-01-10 08:00:15,995 ====> Building faiss index
2020-01-10 08:00:15,997 ====> Calculating recall @ N
2020-01-10 08:00:16,424 ====> Recall@1: 0.7017
2020-01-10 08:00:16,425 ====> Recall@2: 0.7380
2020-01-10 08:00:16,425 ====> Recall@3: 0.7536
2020-01-10 08:00:16,426 ====> Recall@4: 0.7661
2020-01-10 08:00:16,426 ====> Recall@5: 0.7693
2020-01-10 08:00:16,426 ====> Recall@10: 0.7794
2020-01-10 08:00:16,427 ====> Recall@15: 0.7870
2020-01-10 08:00:16,427 ====> Recall@20: 0.7916
2020-01-10 08:00:16,427 ====> Recall@25: 0.7951
2020-01-10 08:00:16,800 ====> Building Cache
2020-01-10 08:00:16,801 feature cache--->>> /home/annora/NetVLAD/output/train_feat_cache2.hdf5
2020-01-10 08:01:39,559 Allocated:119.90869140625 MB
2020-01-10 08:01:39,560 Cached:4192.625 MB
2020-01-10 08:03:57,851 ==> Epoch[20](50/553): Loss: 0.2313
2020-01-10 08:03:57,853 Allocated:121.03369140625 MB
2020-01-10 08:03:57,853 Cached:8068.625 MB
2020-01-10 08:05:41,830 ==> Epoch[20](100/553): Loss: 0.2354
2020-01-10 08:05:41,831 Allocated:121.15869140625 MB
2020-01-10 08:05:41,831 Cached:8068.625 MB
2020-01-10 08:07:27,078 ==> Epoch[20](150/553): Loss: 0.2298
2020-01-10 08:07:27,080 Allocated:121.90869140625 MB
2020-01-10 08:07:27,080 Cached:8068.625 MB
2020-01-10 08:08:39,363 ====> Building Cache
2020-01-10 08:08:39,364 feature cache--->>> /home/annora/NetVLAD/output/train_feat_cache2.hdf5
2020-01-10 08:10:02,347 Allocated:121.033203125 MB
2020-01-10 08:10:02,347 Cached:2919.5 MB
2020-01-10 08:11:11,939 ==> Epoch[20](200/553): Loss: 0.2868
2020-01-10 08:11:11,940 Allocated:121.03369140625 MB
2020-01-10 08:11:11,941 Cached:6794.5 MB
2020-01-10 08:13:00,178 ==> Epoch[20](250/553): Loss: 0.2539
2020-01-10 08:13:00,179 Allocated:121.15869140625 MB
2020-01-10 08:13:00,180 Cached:6794.5 MB
2020-01-10 08:14:44,837 ==> Epoch[20](300/553): Loss: 0.2417
2020-01-10 08:14:44,837 Allocated:121.90869140625 MB
2020-01-10 08:14:44,838 Cached:6794.5 MB
2020-01-10 08:16:29,294 ==> Epoch[20](350/553): Loss: 0.2451
2020-01-10 08:16:29,295 Allocated:121.03369140625 MB
2020-01-10 08:16:29,295 Cached:6794.5 MB
2020-01-10 08:17:11,499 ====> Building Cache
2020-01-10 08:17:11,500 feature cache--->>> /home/annora/NetVLAD/output/train_feat_cache2.hdf5
2020-01-10 08:18:28,163 Allocated:121.158203125 MB
2020-01-10 08:18:28,163 Cached:2919.5 MB
2020-01-10 08:20:09,061 ==> Epoch[20](400/553): Loss: 0.2256
2020-01-10 08:20:09,062 Allocated:121.15869140625 MB
2020-01-10 08:20:09,063 Cached:6794.5 MB
2020-01-10 08:21:58,442 ==> Epoch[20](450/553): Loss: 0.2496
2020-01-10 08:21:58,443 Allocated:121.90869140625 MB
2020-01-10 08:21:58,444 Cached:6794.5 MB
2020-01-10 08:23:43,409 ==> Epoch[20](500/553): Loss: 0.2473
2020-01-10 08:23:43,411 Allocated:121.03369140625 MB
2020-01-10 08:23:43,412 Cached:6794.5 MB
2020-01-10 08:25:29,058 ==> Epoch[20](550/553): Loss: 0.2365
2020-01-10 08:25:29,059 Allocated:121.15869140625 MB
2020-01-10 08:25:29,059 Cached:6794.5 MB
2020-01-10 08:25:39,443 ===> Epoch 20 Complete: Avg. Loss: 0.2429
2020-01-10 08:25:39,444 ====> Extracting Features
2020-01-10 08:26:12,089 ==> Batch (50/108)
2020-01-10 08:26:33,284 ==> Batch (100/108)
2020-01-10 08:26:35,907 ====> Building faiss index
2020-01-10 08:26:35,909 ====> Calculating recall @ N
2020-01-10 08:26:36,322 ====> Recall@1: 0.7017
2020-01-10 08:26:36,322 ====> Recall@2: 0.7380
2020-01-10 08:26:36,323 ====> Recall@3: 0.7536
2020-01-10 08:26:36,323 ====> Recall@4: 0.7661
2020-01-10 08:26:36,323 ====> Recall@5: 0.7693
2020-01-10 08:26:36,323 ====> Recall@10: 0.7794
2020-01-10 08:26:36,324 ====> Recall@15: 0.7870
2020-01-10 08:26:36,324 ====> Recall@20: 0.7916
2020-01-10 08:26:36,324 ====> Recall@25: 0.7951
2020-01-10 08:26:36,686 Performance did not improve for 10 epochs. Stopping.
2020-01-10 08:26:36,686 => Best Recall@5: 0.7693
