2020-01-11 08:29:51,471 Namespace(arch='alexnet', batchSize=12, cacheBatchSize=96, cachePath='/home/annora/NetVLAD/output/', cacheRefreshRate=3000, ckpt='best', contilearn=True, dataPath='/home/annora/NetVLAD/output/data/', dataset='robotcar', evalEvery=1, fromscratch=False, fromtask='', lr=0.01, lrGamma=0.5, lrStep=5, margin=0.1, mode='train', momentum=0.9, nEpochs=50, nGPU=1, nocuda=False, num_clusters=64, optim='SGD', patience=10, pooling='max', premodel='places', resume='', runsPath='/home/annora/NetVLAD/output/runs/', savePath='checkpoints', seed=123, split='val', start_epoch=0, threads=8, vladv2=False, weightDecay=0.001)
2020-01-11 08:29:51,567 ===> Loading dataset(s)
2020-01-11 08:29:51,567 trainfile ------>>>>>> oxRobocar_single_train.mat
2020-01-11 08:29:54,073 ====> Training set: oxRobocar_single_train.mat, query set count: 6636
2020-01-11 08:29:54,169 ===> Evaluating on val set: oxRobocar_single_val.mat, query count: 3450
2020-01-11 08:29:54,169 ===> Building model
2020-01-11 08:29:54,214 encoder moder:
AlexNet(
  (conv1): Sequential(
    (0): Conv2d(3, 64, kernel_size=(11, 11), stride=(4, 4), padding=(2, 2))
    (1): ReLU(inplace)
    (2): MaxPool2d(kernel_size=3, stride=2, padding=0, dilation=1, ceil_mode=False)
  )
  (conv2): Sequential(
    (0): Conv2d(64, 192, kernel_size=(5, 5), stride=(1, 1), padding=(2, 2))
    (1): ReLU(inplace)
    (2): MaxPool2d(kernel_size=3, stride=2, padding=0, dilation=1, ceil_mode=False)
  )
  (conv3): Sequential(
    (0): Conv2d(192, 384, kernel_size=(3, 3), stride=(1, 1), padding=(1, 1))
    (1): ReLU(inplace)
  )
  (conv4): Sequential(
    (0): Conv2d(384, 256, kernel_size=(3, 3), stride=(1, 1), padding=(1, 1))
    (1): ReLU(inplace)
  )
  (conv5): Sequential(
    (0): Conv2d(256, 256, kernel_size=(3, 3), stride=(1, 1), padding=(1, 1))
  )
)
2020-01-11 08:29:59,752 ===> Training model
2020-01-11 08:29:59,754 ===> Saving state to: /home/annora/NetVLAD/output/runs/2020-01-11-08-29-59_alexnet_max
2020-01-11 08:29:59,795 ====> Building Cache
2020-01-11 08:29:59,796 feature cache--->>> /home/annora/NetVLAD/output/train_feat_cache1.hdf5
2020-01-11 08:31:19,055 Allocated:99.34619140625 MB
2020-01-11 08:31:19,056 Cached:2864.375 MB
2020-01-11 08:35:24,625 ==> Epoch[1](50/553): Loss: 0.2145
2020-01-11 08:35:24,631 Allocated:121.28369140625 MB
2020-01-11 08:35:24,632 Cached:6741.375 MB
2020-01-11 08:39:27,466 ==> Epoch[1](100/553): Loss: 0.2014
2020-01-11 08:39:27,470 Allocated:120.53369140625 MB
2020-01-11 08:39:27,470 Cached:6741.375 MB
2020-01-11 08:43:39,132 ==> Epoch[1](150/553): Loss: 0.1953
2020-01-11 08:43:39,136 Allocated:121.53369140625 MB
2020-01-11 08:43:39,138 Cached:6741.375 MB
2020-01-11 08:46:42,398 ====> Building Cache
2020-01-11 08:46:42,398 feature cache--->>> /home/annora/NetVLAD/output/train_feat_cache1.hdf5
2020-01-11 08:48:00,330 Allocated:121.283203125 MB
2020-01-11 08:48:00,330 Cached:2919.5 MB
2020-01-11 08:49:56,268 ==> Epoch[1](200/553): Loss: 0.2388
2020-01-11 08:49:56,275 Allocated:121.28369140625 MB
2020-01-11 08:49:56,277 Cached:6794.5 MB
2020-01-11 08:53:29,312 ==> Epoch[1](250/553): Loss: 0.2386
2020-01-11 08:53:29,314 Allocated:120.53369140625 MB
2020-01-11 08:53:29,314 Cached:6794.5 MB
2020-01-11 08:56:22,664 ==> Epoch[1](300/553): Loss: 0.2569
2020-01-11 08:56:22,666 Allocated:121.53369140625 MB
2020-01-11 08:56:22,667 Cached:6794.5 MB
2020-01-11 08:59:52,626 ==> Epoch[1](350/553): Loss: 0.2212
2020-01-11 08:59:52,629 Allocated:121.28369140625 MB
2020-01-11 08:59:52,629 Cached:6794.5 MB
2020-01-11 09:00:51,312 ====> Building Cache
2020-01-11 09:00:51,313 feature cache--->>> /home/annora/NetVLAD/output/train_feat_cache1.hdf5
2020-01-11 09:02:23,912 Allocated:120.533203125 MB
2020-01-11 09:02:23,913 Cached:2919.5 MB
2020-01-11 09:04:42,897 ==> Epoch[1](400/553): Loss: 0.2458
2020-01-11 09:04:42,899 Allocated:120.53369140625 MB
2020-01-11 09:04:42,899 Cached:6793.5 MB
2020-01-11 09:07:48,021 ==> Epoch[1](450/553): Loss: 0.2326
2020-01-11 09:07:48,023 Allocated:121.53369140625 MB
2020-01-11 09:07:48,024 Cached:6793.5 MB
2020-01-11 09:10:31,347 ==> Epoch[1](500/553): Loss: 0.2096
2020-01-11 09:10:31,349 Allocated:121.28369140625 MB
2020-01-11 09:10:31,349 Cached:6793.5 MB
2020-01-11 09:13:16,389 ==> Epoch[1](550/553): Loss: 0.2435
2020-01-11 09:13:16,394 Allocated:120.53369140625 MB
2020-01-11 09:13:16,395 Cached:6793.5 MB
2020-01-11 09:13:39,622 ===> Epoch 1 Complete: Avg. Loss: 0.2327
2020-01-11 09:13:39,627 ====> Extracting Features
2020-01-11 09:14:26,647 ==> Batch (50/108)
2020-01-11 09:14:56,139 ==> Batch (100/108)
2020-01-11 09:14:59,111 ====> Building faiss index
2020-01-11 09:14:59,118 ====> Calculating recall @ N
2020-01-11 09:15:03,798 ====> Recall@1: 0.7177
2020-01-11 09:15:03,801 ====> Recall@2: 0.7429
2020-01-11 09:15:03,807 ====> Recall@3: 0.7614
2020-01-11 09:15:03,810 ====> Recall@4: 0.7693
2020-01-11 09:15:03,811 ====> Recall@5: 0.7730
2020-01-11 09:15:03,813 ====> Recall@10: 0.7823
2020-01-11 09:15:03,815 ====> Recall@15: 0.7878
2020-01-11 09:15:03,817 ====> Recall@20: 0.7933
2020-01-11 09:15:03,820 ====> Recall@25: 0.7991
2020-01-11 09:15:04,513 ====> Building Cache
2020-01-11 09:15:04,514 feature cache--->>> /home/annora/NetVLAD/output/train_feat_cache1.hdf5
2020-01-11 09:16:35,823 Allocated:119.53369140625 MB
2020-01-11 09:16:35,824 Cached:4192.625 MB
2020-01-11 09:21:13,286 ==> Epoch[2](50/553): Loss: 0.1841
2020-01-11 09:21:13,290 Allocated:121.28369140625 MB
2020-01-11 09:21:13,291 Cached:8068.625 MB
2020-01-11 09:25:13,779 ==> Epoch[2](100/553): Loss: 0.2104
2020-01-11 09:25:13,781 Allocated:120.53369140625 MB
2020-01-11 09:25:13,781 Cached:8068.625 MB
2020-01-11 09:28:51,639 ==> Epoch[2](150/553): Loss: 0.1957
2020-01-11 09:28:51,641 Allocated:121.53369140625 MB
2020-01-11 09:28:51,641 Cached:8068.625 MB
2020-01-11 09:31:40,333 ====> Building Cache
2020-01-11 09:31:40,335 feature cache--->>> /home/annora/NetVLAD/output/train_feat_cache1.hdf5
2020-01-11 09:33:12,400 Allocated:121.283203125 MB
2020-01-11 09:33:12,401 Cached:2919.5 MB
2020-01-11 09:34:57,353 ==> Epoch[2](200/553): Loss: 0.2112
2020-01-11 09:34:57,357 Allocated:121.28369140625 MB
2020-01-11 09:34:57,357 Cached:6794.5 MB
2020-01-11 09:38:04,284 ==> Epoch[2](250/553): Loss: 0.2383
2020-01-11 09:38:04,288 Allocated:120.53369140625 MB
2020-01-11 09:38:04,288 Cached:6794.5 MB
2020-01-11 09:40:35,524 ==> Epoch[2](300/553): Loss: 0.2327
2020-01-11 09:40:35,526 Allocated:121.53369140625 MB
2020-01-11 09:40:35,527 Cached:6794.5 MB
2020-01-11 09:43:30,463 ==> Epoch[2](350/553): Loss: 0.2281
2020-01-11 09:43:30,465 Allocated:121.28369140625 MB
2020-01-11 09:43:30,466 Cached:6794.5 MB
2020-01-11 09:44:29,838 ====> Building Cache
2020-01-11 09:44:29,839 feature cache--->>> /home/annora/NetVLAD/output/train_feat_cache1.hdf5
2020-01-11 09:45:59,198 Allocated:120.533203125 MB
2020-01-11 09:45:59,199 Cached:2919.5 MB
2020-01-11 09:48:11,035 ==> Epoch[2](400/553): Loss: 0.2533
2020-01-11 09:48:11,037 Allocated:120.53369140625 MB
2020-01-11 09:48:11,038 Cached:6794.5 MB
2020-01-11 09:50:43,840 ==> Epoch[2](450/553): Loss: 0.2321
2020-01-11 09:50:43,842 Allocated:121.53369140625 MB
2020-01-11 09:50:43,842 Cached:6794.5 MB
2020-01-11 09:53:11,878 ==> Epoch[2](500/553): Loss: 0.2668
2020-01-11 09:53:11,880 Allocated:121.28369140625 MB
2020-01-11 09:53:11,880 Cached:6794.5 MB
2020-01-11 09:56:01,886 ==> Epoch[2](550/553): Loss: 0.2560
2020-01-11 09:56:01,887 Allocated:120.53369140625 MB
2020-01-11 09:56:01,888 Cached:6794.5 MB
2020-01-11 09:56:15,860 ===> Epoch 2 Complete: Avg. Loss: 0.2301
2020-01-11 09:56:15,861 ====> Extracting Features
2020-01-11 09:56:55,298 ==> Batch (50/108)
2020-01-11 09:57:24,717 ==> Batch (100/108)
2020-01-11 09:57:28,581 ====> Building faiss index
2020-01-11 09:57:28,584 ====> Calculating recall @ N
2020-01-11 09:57:29,086 ====> Recall@1: 0.7212
2020-01-11 09:57:29,087 ====> Recall@2: 0.7470
2020-01-11 09:57:29,088 ====> Recall@3: 0.7620
2020-01-11 09:57:29,088 ====> Recall@4: 0.7704
2020-01-11 09:57:29,089 ====> Recall@5: 0.7725
2020-01-11 09:57:29,089 ====> Recall@10: 0.7838
2020-01-11 09:57:29,089 ====> Recall@15: 0.7884
2020-01-11 09:57:29,089 ====> Recall@20: 0.7936
2020-01-11 09:57:29,090 ====> Recall@25: 0.7997
2020-01-11 09:57:29,474 ====> Building Cache
2020-01-11 09:57:29,476 feature cache--->>> /home/annora/NetVLAD/output/train_feat_cache1.hdf5
2020-01-11 09:59:03,380 Allocated:119.53369140625 MB
2020-01-11 09:59:03,380 Cached:4193.625 MB
2020-01-11 10:02:06,258 ==> Epoch[3](50/553): Loss: 0.2129
2020-01-11 10:02:06,260 Allocated:121.28369140625 MB
2020-01-11 10:02:06,261 Cached:8067.625 MB
2020-01-11 10:05:34,680 ==> Epoch[3](100/553): Loss: 0.2024
2020-01-11 10:05:34,684 Allocated:120.53369140625 MB
2020-01-11 10:05:34,686 Cached:8067.625 MB
2020-01-11 10:09:35,258 ==> Epoch[3](150/553): Loss: 0.2347
2020-01-11 10:09:35,260 Allocated:121.53369140625 MB
2020-01-11 10:09:35,260 Cached:8067.625 MB
2020-01-11 10:11:43,740 ====> Building Cache
2020-01-11 10:11:43,741 feature cache--->>> /home/annora/NetVLAD/output/train_feat_cache1.hdf5
2020-01-11 10:13:19,994 Allocated:121.283203125 MB
2020-01-11 10:13:19,995 Cached:2919.5 MB
2020-01-11 10:15:17,023 ==> Epoch[3](200/553): Loss: 0.2286
2020-01-11 10:15:17,027 Allocated:121.28369140625 MB
2020-01-11 10:15:17,028 Cached:6793.5 MB
2020-01-11 10:19:20,941 ==> Epoch[3](250/553): Loss: 0.2183
2020-01-11 10:19:20,943 Allocated:120.53369140625 MB
2020-01-11 10:19:20,944 Cached:6793.5 MB
2020-01-11 10:21:42,472 ==> Epoch[3](300/553): Loss: 0.2317
2020-01-11 10:21:42,474 Allocated:121.53369140625 MB
2020-01-11 10:21:42,474 Cached:6793.5 MB
2020-01-11 10:23:40,997 ==> Epoch[3](350/553): Loss: 0.2120
2020-01-11 10:23:40,999 Allocated:121.28369140625 MB
2020-01-11 10:23:40,999 Cached:6793.5 MB
2020-01-11 10:24:30,095 ====> Building Cache
2020-01-11 10:24:30,096 feature cache--->>> /home/annora/NetVLAD/output/train_feat_cache1.hdf5
2020-01-11 10:26:01,274 Allocated:120.533203125 MB
2020-01-11 10:26:01,274 Cached:2919.5 MB
2020-01-11 10:29:07,592 ==> Epoch[3](400/553): Loss: 0.2573
2020-01-11 10:29:07,597 Allocated:120.53369140625 MB
2020-01-11 10:29:07,598 Cached:6793.5 MB
2020-01-11 10:32:18,065 ==> Epoch[3](450/553): Loss: 0.2402
2020-01-11 10:32:18,068 Allocated:121.53369140625 MB
2020-01-11 10:32:18,069 Cached:6793.5 MB
2020-01-11 10:34:51,613 ==> Epoch[3](500/553): Loss: 0.2328
2020-01-11 10:34:51,618 Allocated:121.28369140625 MB
2020-01-11 10:34:51,619 Cached:6793.5 MB
2020-01-11 10:37:35,157 ==> Epoch[3](550/553): Loss: 0.2577
2020-01-11 10:37:35,160 Allocated:120.53369140625 MB
2020-01-11 10:37:35,160 Cached:6793.5 MB
2020-01-11 10:37:59,008 ===> Epoch 3 Complete: Avg. Loss: 0.2300
2020-01-11 10:37:59,014 ====> Extracting Features
2020-01-11 10:38:38,681 ==> Batch (50/108)
2020-01-11 10:39:03,274 ==> Batch (100/108)
2020-01-11 10:39:07,278 ====> Building faiss index
2020-01-11 10:39:07,281 ====> Calculating recall @ N
2020-01-11 10:39:07,853 ====> Recall@1: 0.7133
2020-01-11 10:39:07,854 ====> Recall@2: 0.7472
2020-01-11 10:39:07,855 ====> Recall@3: 0.7629
2020-01-11 10:39:07,856 ====> Recall@4: 0.7699
2020-01-11 10:39:07,856 ====> Recall@5: 0.7725
2020-01-11 10:39:07,857 ====> Recall@10: 0.7829
2020-01-11 10:39:07,857 ====> Recall@15: 0.7890
2020-01-11 10:39:07,857 ====> Recall@20: 0.7948
2020-01-11 10:39:07,857 ====> Recall@25: 0.8017
2020-01-11 10:39:08,252 ====> Building Cache
2020-01-11 10:39:08,252 feature cache--->>> /home/annora/NetVLAD/output/train_feat_cache1.hdf5
2020-01-11 10:40:53,233 Allocated:119.53369140625 MB
2020-01-11 10:40:53,234 Cached:4192.625 MB
2020-01-11 10:45:42,428 ==> Epoch[4](50/553): Loss: 0.2024
2020-01-11 10:45:42,432 Allocated:121.28369140625 MB
2020-01-11 10:45:42,433 Cached:8067.625 MB
2020-01-11 10:49:18,175 ==> Epoch[4](100/553): Loss: 0.1975
2020-01-11 10:49:18,179 Allocated:120.53369140625 MB
2020-01-11 10:49:18,180 Cached:8067.625 MB
2020-01-11 10:53:21,757 ==> Epoch[4](150/553): Loss: 0.2001
2020-01-11 10:53:21,759 Allocated:121.53369140625 MB
2020-01-11 10:53:21,759 Cached:8067.625 MB
2020-01-11 10:55:32,380 ====> Building Cache
2020-01-11 10:55:32,382 feature cache--->>> /home/annora/NetVLAD/output/train_feat_cache1.hdf5
2020-01-11 10:57:02,862 Allocated:121.283203125 MB
2020-01-11 10:57:02,863 Cached:2919.5 MB
2020-01-11 10:58:33,699 ==> Epoch[4](200/553): Loss: 0.2596
2020-01-11 10:58:33,706 Allocated:121.28369140625 MB
2020-01-11 10:58:33,706 Cached:6794.5 MB
2020-01-11 11:01:47,440 ==> Epoch[4](250/553): Loss: 0.2347
2020-01-11 11:01:47,442 Allocated:120.53369140625 MB
2020-01-11 11:01:47,443 Cached:6794.5 MB
2020-01-11 11:05:18,870 ==> Epoch[4](300/553): Loss: 0.2410
2020-01-11 11:05:18,873 Allocated:121.53369140625 MB
2020-01-11 11:05:18,873 Cached:6794.5 MB
2020-01-11 11:07:32,705 ==> Epoch[4](350/553): Loss: 0.2201
2020-01-11 11:07:32,706 Allocated:121.28369140625 MB
2020-01-11 11:07:32,707 Cached:6794.5 MB
2020-01-11 11:08:21,845 ====> Building Cache
2020-01-11 11:08:21,846 feature cache--->>> /home/annora/NetVLAD/output/train_feat_cache1.hdf5
2020-01-11 11:09:52,413 Allocated:120.533203125 MB
2020-01-11 11:09:52,414 Cached:2919.5 MB
2020-01-11 11:12:06,365 ==> Epoch[4](400/553): Loss: 0.2663
2020-01-11 11:12:06,368 Allocated:120.53369140625 MB
2020-01-11 11:12:06,369 Cached:6793.5 MB
2020-01-11 11:14:15,758 ==> Epoch[4](450/553): Loss: 0.2398
2020-01-11 11:14:15,760 Allocated:121.53369140625 MB
2020-01-11 11:14:15,760 Cached:6793.5 MB
2020-01-11 11:16:17,843 ==> Epoch[4](500/553): Loss: 0.2182
2020-01-11 11:16:17,845 Allocated:121.28369140625 MB
2020-01-11 11:16:17,845 Cached:6793.5 MB
2020-01-11 11:18:13,866 ==> Epoch[4](550/553): Loss: 0.2263
2020-01-11 11:18:13,867 Allocated:120.53369140625 MB
2020-01-11 11:18:13,868 Cached:6793.5 MB
2020-01-11 11:18:26,127 ===> Epoch 4 Complete: Avg. Loss: 0.2301
2020-01-11 11:18:26,129 ====> Extracting Features
2020-01-11 11:19:08,150 ==> Batch (50/108)
2020-01-11 11:19:32,835 ==> Batch (100/108)
2020-01-11 11:19:36,720 ====> Building faiss index
2020-01-11 11:19:36,722 ====> Calculating recall @ N
2020-01-11 11:19:37,169 ====> Recall@1: 0.6977
2020-01-11 11:19:37,170 ====> Recall@2: 0.7313
2020-01-11 11:19:37,171 ====> Recall@3: 0.7609
2020-01-11 11:19:37,171 ====> Recall@4: 0.7693
2020-01-11 11:19:37,171 ====> Recall@5: 0.7736
2020-01-11 11:19:37,172 ====> Recall@10: 0.7832
2020-01-11 11:19:37,172 ====> Recall@15: 0.7904
2020-01-11 11:19:37,172 ====> Recall@20: 0.7957
2020-01-11 11:19:37,172 ====> Recall@25: 0.7997
2020-01-11 11:19:37,914 ====> Building Cache
2020-01-11 11:19:37,915 feature cache--->>> /home/annora/NetVLAD/output/train_feat_cache1.hdf5
2020-01-11 11:21:07,819 Allocated:119.53369140625 MB
2020-01-11 11:21:07,819 Cached:4193.625 MB
2020-01-11 11:24:20,670 ==> Epoch[5](50/553): Loss: 0.2269
2020-01-11 11:24:20,671 Allocated:121.28369140625 MB
2020-01-11 11:24:20,672 Cached:8067.625 MB
2020-01-11 11:27:00,282 ==> Epoch[5](100/553): Loss: 0.1969
2020-01-11 11:27:00,284 Allocated:120.53369140625 MB
2020-01-11 11:27:00,284 Cached:8067.625 MB
2020-01-11 11:29:33,318 ==> Epoch[5](150/553): Loss: 0.2141
2020-01-11 11:29:33,322 Allocated:121.53369140625 MB
2020-01-11 11:29:33,323 Cached:8067.625 MB
2020-01-11 11:32:28,029 ====> Building Cache
2020-01-11 11:32:28,031 feature cache--->>> /home/annora/NetVLAD/output/train_feat_cache1.hdf5
2020-01-11 11:34:00,663 Allocated:121.283203125 MB
2020-01-11 11:34:00,664 Cached:2919.5 MB
2020-01-11 11:35:35,976 ==> Epoch[5](200/553): Loss: 0.2294
2020-01-11 11:35:35,981 Allocated:121.28369140625 MB
2020-01-11 11:35:35,983 Cached:6793.5 MB
2020-01-11 11:39:15,888 ==> Epoch[5](250/553): Loss: 0.2331
2020-01-11 11:39:15,890 Allocated:120.53369140625 MB
2020-01-11 11:39:15,891 Cached:6793.5 MB
2020-01-11 11:41:52,747 ==> Epoch[5](300/553): Loss: 0.2552
2020-01-11 11:41:52,749 Allocated:121.53369140625 MB
2020-01-11 11:41:52,749 Cached:6793.5 MB
2020-01-11 11:44:24,513 ==> Epoch[5](350/553): Loss: 0.2535
2020-01-11 11:44:24,515 Allocated:121.28369140625 MB
2020-01-11 11:44:24,516 Cached:6793.5 MB
2020-01-11 11:45:33,918 ====> Building Cache
2020-01-11 11:45:33,920 feature cache--->>> /home/annora/NetVLAD/output/train_feat_cache1.hdf5
2020-01-11 11:47:03,030 Allocated:120.533203125 MB
2020-01-11 11:47:03,031 Cached:2919.5 MB
2020-01-11 11:48:50,072 ==> Epoch[5](400/553): Loss: 0.2495
2020-01-11 11:48:50,074 Allocated:120.53369140625 MB
2020-01-11 11:48:50,074 Cached:6793.5 MB
2020-01-11 11:50:41,480 ==> Epoch[5](450/553): Loss: 0.2344
2020-01-11 11:50:41,482 Allocated:121.53369140625 MB
2020-01-11 11:50:41,482 Cached:6793.5 MB
2020-01-11 11:52:36,855 ==> Epoch[5](500/553): Loss: 0.2172
2020-01-11 11:52:36,857 Allocated:121.28369140625 MB
2020-01-11 11:52:36,857 Cached:6793.5 MB
2020-01-11 11:54:35,693 ==> Epoch[5](550/553): Loss: 0.2627
2020-01-11 11:54:35,694 Allocated:120.53369140625 MB
2020-01-11 11:54:35,694 Cached:6793.5 MB
2020-01-11 11:54:47,377 ===> Epoch 5 Complete: Avg. Loss: 0.2305
2020-01-11 11:54:47,379 ====> Extracting Features
2020-01-11 11:55:36,543 ==> Batch (50/108)
2020-01-11 11:55:59,892 ==> Batch (100/108)
2020-01-11 11:56:03,184 ====> Building faiss index
2020-01-11 11:56:03,186 ====> Calculating recall @ N
2020-01-11 11:56:03,614 ====> Recall@1: 0.6968
2020-01-11 11:56:03,615 ====> Recall@2: 0.7270
2020-01-11 11:56:03,615 ====> Recall@3: 0.7496
2020-01-11 11:56:03,615 ====> Recall@4: 0.7638
2020-01-11 11:56:03,616 ====> Recall@5: 0.7728
2020-01-11 11:56:03,616 ====> Recall@10: 0.7841
2020-01-11 11:56:03,616 ====> Recall@15: 0.7913
2020-01-11 11:56:03,616 ====> Recall@20: 0.7965
2020-01-11 11:56:03,616 ====> Recall@25: 0.8000
2020-01-11 11:56:03,985 ====> Building Cache
2020-01-11 11:56:03,986 feature cache--->>> /home/annora/NetVLAD/output/train_feat_cache1.hdf5
2020-01-11 11:57:28,222 Allocated:119.53369140625 MB
2020-01-11 11:57:28,222 Cached:4192.625 MB
2020-01-11 12:00:00,303 ==> Epoch[6](50/553): Loss: 0.2143
2020-01-11 12:00:00,304 Allocated:121.28369140625 MB
2020-01-11 12:00:00,305 Cached:8067.625 MB
2020-01-11 12:02:03,480 ==> Epoch[6](100/553): Loss: 0.2140
2020-01-11 12:02:03,482 Allocated:120.53369140625 MB
2020-01-11 12:02:03,483 Cached:8068.625 MB
2020-01-11 12:03:56,023 ==> Epoch[6](150/553): Loss: 0.1932
2020-01-11 12:03:56,024 Allocated:121.53369140625 MB
2020-01-11 12:03:56,024 Cached:8068.625 MB
2020-01-11 12:05:32,786 ====> Building Cache
2020-01-11 12:05:32,787 feature cache--->>> /home/annora/NetVLAD/output/train_feat_cache1.hdf5
2020-01-11 12:07:04,534 Allocated:121.283203125 MB
2020-01-11 12:07:04,535 Cached:2919.5 MB
2020-01-11 12:08:16,983 ==> Epoch[6](200/553): Loss: 0.2494
2020-01-11 12:08:16,985 Allocated:121.28369140625 MB
2020-01-11 12:08:16,985 Cached:6793.5 MB
2020-01-11 12:10:19,633 ==> Epoch[6](250/553): Loss: 0.2567
2020-01-11 12:10:19,634 Allocated:120.53369140625 MB
2020-01-11 12:10:19,635 Cached:6793.5 MB
2020-01-11 12:12:14,281 ==> Epoch[6](300/553): Loss: 0.2477
2020-01-11 12:12:14,283 Allocated:121.53369140625 MB
2020-01-11 12:12:14,283 Cached:6793.5 MB
2020-01-11 12:14:09,034 ==> Epoch[6](350/553): Loss: 0.2413
2020-01-11 12:14:09,035 Allocated:121.28369140625 MB
2020-01-11 12:14:09,035 Cached:6793.5 MB
2020-01-11 12:15:08,628 ====> Building Cache
2020-01-11 12:15:08,629 feature cache--->>> /home/annora/NetVLAD/output/train_feat_cache1.hdf5
2020-01-11 12:16:42,628 Allocated:120.533203125 MB
2020-01-11 12:16:42,629 Cached:2919.5 MB
2020-01-11 12:18:37,725 ==> Epoch[6](400/553): Loss: 0.2589
2020-01-11 12:18:37,726 Allocated:120.53369140625 MB
2020-01-11 12:18:37,726 Cached:6793.5 MB
2020-01-11 12:20:34,554 ==> Epoch[6](450/553): Loss: 0.2499
2020-01-11 12:20:34,555 Allocated:121.53369140625 MB
2020-01-11 12:20:34,555 Cached:6793.5 MB
2020-01-11 12:22:28,750 ==> Epoch[6](500/553): Loss: 0.2163
2020-01-11 12:22:28,751 Allocated:121.28369140625 MB
2020-01-11 12:22:28,751 Cached:6793.5 MB
2020-01-11 12:24:23,954 ==> Epoch[6](550/553): Loss: 0.2837
2020-01-11 12:24:23,955 Allocated:120.53369140625 MB
2020-01-11 12:24:23,956 Cached:6793.5 MB
2020-01-11 12:24:35,950 ===> Epoch 6 Complete: Avg. Loss: 0.2308
2020-01-11 12:24:35,952 ====> Extracting Features
2020-01-11 12:25:20,138 ==> Batch (50/108)
2020-01-11 12:25:42,245 ==> Batch (100/108)
2020-01-11 12:25:46,323 ====> Building faiss index
2020-01-11 12:25:46,325 ====> Calculating recall @ N
2020-01-11 12:25:46,802 ====> Recall@1: 0.6965
2020-01-11 12:25:46,803 ====> Recall@2: 0.7214
2020-01-11 12:25:46,803 ====> Recall@3: 0.7406
2020-01-11 12:25:46,803 ====> Recall@4: 0.7580
2020-01-11 12:25:46,804 ====> Recall@5: 0.7667
2020-01-11 12:25:46,804 ====> Recall@10: 0.7835
2020-01-11 12:25:46,804 ====> Recall@15: 0.7922
2020-01-11 12:25:46,804 ====> Recall@20: 0.7974
2020-01-11 12:25:46,805 ====> Recall@25: 0.8014
2020-01-11 12:25:47,171 ====> Building Cache
2020-01-11 12:25:47,172 feature cache--->>> /home/annora/NetVLAD/output/train_feat_cache1.hdf5
2020-01-11 12:27:15,672 Allocated:119.53369140625 MB
2020-01-11 12:27:15,672 Cached:4192.625 MB
2020-01-11 12:29:57,857 ==> Epoch[7](50/553): Loss: 0.2171
2020-01-11 12:29:57,858 Allocated:121.28369140625 MB
2020-01-11 12:29:57,859 Cached:8067.625 MB
2020-01-11 12:31:54,033 ==> Epoch[7](100/553): Loss: 0.2284
2020-01-11 12:31:54,034 Allocated:120.53369140625 MB
2020-01-11 12:31:54,034 Cached:8067.625 MB
2020-01-11 12:33:49,678 ==> Epoch[7](150/553): Loss: 0.1825
2020-01-11 12:33:49,679 Allocated:121.53369140625 MB
2020-01-11 12:33:49,680 Cached:8067.625 MB
2020-01-11 12:35:12,100 ====> Building Cache
2020-01-11 12:35:12,101 feature cache--->>> /home/annora/NetVLAD/output/train_feat_cache1.hdf5
2020-01-11 12:36:39,398 Allocated:121.283203125 MB
2020-01-11 12:36:39,399 Cached:2919.5 MB
2020-01-11 12:37:48,263 ==> Epoch[7](200/553): Loss: 0.2466
2020-01-11 12:37:48,264 Allocated:121.28369140625 MB
2020-01-11 12:37:48,265 Cached:6794.5 MB
2020-01-11 12:39:44,054 ==> Epoch[7](250/553): Loss: 0.2314
2020-01-11 12:39:44,056 Allocated:120.53369140625 MB
2020-01-11 12:39:44,056 Cached:6794.5 MB
2020-01-11 12:41:38,938 ==> Epoch[7](300/553): Loss: 0.2378
2020-01-11 12:41:38,940 Allocated:121.53369140625 MB
2020-01-11 12:41:38,940 Cached:6794.5 MB
2020-01-11 12:43:34,740 ==> Epoch[7](350/553): Loss: 0.2417
2020-01-11 12:43:34,741 Allocated:121.28369140625 MB
2020-01-11 12:43:34,742 Cached:6794.5 MB
2020-01-11 12:44:20,517 ====> Building Cache
2020-01-11 12:44:20,518 feature cache--->>> /home/annora/NetVLAD/output/train_feat_cache1.hdf5
2020-01-11 12:45:56,967 Allocated:120.533203125 MB
2020-01-11 12:45:56,968 Cached:2919.5 MB
2020-01-11 12:47:47,894 ==> Epoch[7](400/553): Loss: 0.2716
2020-01-11 12:47:47,896 Allocated:120.53369140625 MB
2020-01-11 12:47:47,896 Cached:6793.5 MB
2020-01-11 12:49:40,324 ==> Epoch[7](450/553): Loss: 0.2797
2020-01-11 12:49:40,325 Allocated:121.53369140625 MB
2020-01-11 12:49:40,325 Cached:6793.5 MB
2020-01-11 12:51:37,138 ==> Epoch[7](500/553): Loss: 0.2340
2020-01-11 12:51:37,139 Allocated:121.28369140625 MB
2020-01-11 12:51:37,140 Cached:6793.5 MB
2020-01-11 12:53:31,127 ==> Epoch[7](550/553): Loss: 0.2504
2020-01-11 12:53:31,129 Allocated:120.53369140625 MB
2020-01-11 12:53:31,129 Cached:6793.5 MB
2020-01-11 12:53:45,535 ===> Epoch 7 Complete: Avg. Loss: 0.2310
2020-01-11 12:53:45,537 ====> Extracting Features
2020-01-11 12:54:24,648 ==> Batch (50/108)
2020-01-11 12:54:49,669 ==> Batch (100/108)
2020-01-11 12:54:53,458 ====> Building faiss index
2020-01-11 12:54:53,460 ====> Calculating recall @ N
2020-01-11 12:54:53,891 ====> Recall@1: 0.6968
2020-01-11 12:54:53,892 ====> Recall@2: 0.7214
2020-01-11 12:54:53,892 ====> Recall@3: 0.7365
2020-01-11 12:54:53,892 ====> Recall@4: 0.7496
2020-01-11 12:54:53,892 ====> Recall@5: 0.7574
2020-01-11 12:54:53,893 ====> Recall@10: 0.7843
2020-01-11 12:54:53,893 ====> Recall@15: 0.7930
2020-01-11 12:54:53,893 ====> Recall@20: 0.7988
2020-01-11 12:54:53,893 ====> Recall@25: 0.8017
2020-01-11 12:54:54,251 ====> Building Cache
2020-01-11 12:54:54,251 feature cache--->>> /home/annora/NetVLAD/output/train_feat_cache1.hdf5
2020-01-11 12:56:21,849 Allocated:119.53369140625 MB
2020-01-11 12:56:21,850 Cached:4193.625 MB
2020-01-11 12:59:03,412 ==> Epoch[8](50/553): Loss: 0.2020
2020-01-11 12:59:03,414 Allocated:121.03369140625 MB
2020-01-11 12:59:03,414 Cached:8068.625 MB
2020-01-11 13:01:15,590 ==> Epoch[8](100/553): Loss: 0.2152
2020-01-11 13:01:15,591 Allocated:122.03369140625 MB
2020-01-11 13:01:15,591 Cached:8068.625 MB
2020-01-11 13:03:16,988 ==> Epoch[8](150/553): Loss: 0.2303
2020-01-11 13:03:16,989 Allocated:120.53369140625 MB
2020-01-11 13:03:16,989 Cached:8068.625 MB
2020-01-11 13:04:37,374 ====> Building Cache
2020-01-11 13:04:37,375 feature cache--->>> /home/annora/NetVLAD/output/train_feat_cache1.hdf5
2020-01-11 13:06:03,760 Allocated:121.033203125 MB
2020-01-11 13:06:03,760 Cached:2919.5 MB
2020-01-11 13:07:12,873 ==> Epoch[8](200/553): Loss: 0.2380
2020-01-11 13:07:12,874 Allocated:121.03369140625 MB
2020-01-11 13:07:12,874 Cached:6794.5 MB
2020-01-11 13:09:10,902 ==> Epoch[8](250/553): Loss: 0.2385
2020-01-11 13:09:10,903 Allocated:122.03369140625 MB
2020-01-11 13:09:10,903 Cached:6794.5 MB
2020-01-11 13:11:11,720 ==> Epoch[8](300/553): Loss: 0.2202
2020-01-11 13:11:11,721 Allocated:120.53369140625 MB
2020-01-11 13:11:11,721 Cached:6794.5 MB
2020-01-11 13:13:06,599 ==> Epoch[8](350/553): Loss: 0.2357
2020-01-11 13:13:06,600 Allocated:121.03369140625 MB
2020-01-11 13:13:06,600 Cached:6794.5 MB
2020-01-11 13:14:03,374 ====> Building Cache
2020-01-11 13:14:03,375 feature cache--->>> /home/annora/NetVLAD/output/train_feat_cache1.hdf5
2020-01-11 13:15:36,448 Allocated:122.033203125 MB
2020-01-11 13:15:36,449 Cached:2919.5 MB
2020-01-11 13:17:37,147 ==> Epoch[8](400/553): Loss: 0.2388
2020-01-11 13:17:37,149 Allocated:122.03369140625 MB
2020-01-11 13:17:37,149 Cached:6794.5 MB
2020-01-11 13:19:30,207 ==> Epoch[8](450/553): Loss: 0.2454
2020-01-11 13:19:30,209 Allocated:120.53369140625 MB
2020-01-11 13:19:30,209 Cached:6794.5 MB
2020-01-11 13:21:33,310 ==> Epoch[8](500/553): Loss: 0.2273
2020-01-11 13:21:33,313 Allocated:121.03369140625 MB
2020-01-11 13:21:33,313 Cached:6794.5 MB
2020-01-11 13:23:37,887 ==> Epoch[8](550/553): Loss: 0.2447
2020-01-11 13:23:37,888 Allocated:122.03369140625 MB
2020-01-11 13:23:37,889 Cached:6794.5 MB
2020-01-11 13:23:49,442 ===> Epoch 8 Complete: Avg. Loss: 0.2311
2020-01-11 13:23:49,444 ====> Extracting Features
2020-01-11 13:24:28,048 ==> Batch (50/108)
2020-01-11 13:24:55,264 ==> Batch (100/108)
2020-01-11 13:24:59,133 ====> Building faiss index
2020-01-11 13:24:59,136 ====> Calculating recall @ N
2020-01-11 13:24:59,550 ====> Recall@1: 0.6980
2020-01-11 13:24:59,551 ====> Recall@2: 0.7241
2020-01-11 13:24:59,551 ====> Recall@3: 0.7365
2020-01-11 13:24:59,552 ====> Recall@4: 0.7464
2020-01-11 13:24:59,552 ====> Recall@5: 0.7513
2020-01-11 13:24:59,552 ====> Recall@10: 0.7817
2020-01-11 13:24:59,552 ====> Recall@15: 0.7939
2020-01-11 13:24:59,553 ====> Recall@20: 0.7994
2020-01-11 13:24:59,553 ====> Recall@25: 0.8023
2020-01-11 13:24:59,952 ====> Building Cache
2020-01-11 13:24:59,953 feature cache--->>> /home/annora/NetVLAD/output/train_feat_cache1.hdf5
2020-01-11 13:26:27,672 Allocated:119.15869140625 MB
2020-01-11 13:26:27,672 Cached:4192.625 MB
2020-01-11 13:29:04,242 ==> Epoch[9](50/553): Loss: 0.2161
2020-01-11 13:29:04,244 Allocated:120.53369140625 MB
2020-01-11 13:29:04,244 Cached:8067.625 MB
2020-01-11 13:31:01,149 ==> Epoch[9](100/553): Loss: 0.2162
2020-01-11 13:31:01,151 Allocated:122.53369140625 MB
2020-01-11 13:31:01,151 Cached:8067.625 MB
2020-01-11 13:33:03,208 ==> Epoch[9](150/553): Loss: 0.2047
2020-01-11 13:33:03,210 Allocated:121.03369140625 MB
2020-01-11 13:33:03,211 Cached:8068.625 MB
2020-01-11 13:34:26,537 ====> Building Cache
2020-01-11 13:34:26,538 feature cache--->>> /home/annora/NetVLAD/output/train_feat_cache1.hdf5
2020-01-11 13:35:50,686 Allocated:120.533203125 MB
2020-01-11 13:35:50,687 Cached:2919.5 MB
2020-01-11 13:37:03,349 ==> Epoch[9](200/553): Loss: 0.2360
2020-01-11 13:37:03,350 Allocated:120.53369140625 MB
2020-01-11 13:37:03,351 Cached:6794.5 MB
2020-01-11 13:39:03,928 ==> Epoch[9](250/553): Loss: 0.2429
2020-01-11 13:39:03,930 Allocated:122.53369140625 MB
2020-01-11 13:39:03,930 Cached:6794.5 MB
2020-01-11 13:41:05,042 ==> Epoch[9](300/553): Loss: 0.2777
2020-01-11 13:41:05,044 Allocated:121.03369140625 MB
2020-01-11 13:41:05,044 Cached:6794.5 MB
2020-01-11 13:43:12,444 ==> Epoch[9](350/553): Loss: 0.2272
2020-01-11 13:43:12,445 Allocated:120.53369140625 MB
2020-01-11 13:43:12,446 Cached:6794.5 MB
2020-01-11 13:44:04,906 ====> Building Cache
2020-01-11 13:44:04,906 feature cache--->>> /home/annora/NetVLAD/output/train_feat_cache1.hdf5
2020-01-11 13:45:37,437 Allocated:122.533203125 MB
2020-01-11 13:45:37,437 Cached:2919.5 MB
2020-01-11 13:47:33,796 ==> Epoch[9](400/553): Loss: 0.2196
2020-01-11 13:47:33,798 Allocated:122.53369140625 MB
2020-01-11 13:47:33,798 Cached:6794.5 MB
2020-01-11 13:49:33,860 ==> Epoch[9](450/553): Loss: 0.2527
2020-01-11 13:49:33,861 Allocated:121.03369140625 MB
2020-01-11 13:49:33,862 Cached:6794.5 MB
2020-01-11 13:51:36,289 ==> Epoch[9](500/553): Loss: 0.2387
2020-01-11 13:51:36,291 Allocated:120.53369140625 MB
2020-01-11 13:51:36,291 Cached:6794.5 MB
2020-01-11 13:53:37,951 ==> Epoch[9](550/553): Loss: 0.2226
2020-01-11 13:53:37,952 Allocated:122.53369140625 MB
2020-01-11 13:53:37,952 Cached:6794.5 MB
2020-01-11 13:53:50,019 ===> Epoch 9 Complete: Avg. Loss: 0.2310
2020-01-11 13:53:50,021 ====> Extracting Features
2020-01-11 13:54:26,633 ==> Batch (50/108)
2020-01-11 13:54:53,251 ==> Batch (100/108)
2020-01-11 13:54:57,453 ====> Building faiss index
2020-01-11 13:54:57,455 ====> Calculating recall @ N
2020-01-11 13:54:57,860 ====> Recall@1: 0.7014
2020-01-11 13:54:57,861 ====> Recall@2: 0.7267
2020-01-11 13:54:57,861 ====> Recall@3: 0.7365
2020-01-11 13:54:57,861 ====> Recall@4: 0.7467
2020-01-11 13:54:57,862 ====> Recall@5: 0.7493
2020-01-11 13:54:57,863 ====> Recall@10: 0.7751
2020-01-11 13:54:57,863 ====> Recall@15: 0.7936
2020-01-11 13:54:57,863 ====> Recall@20: 0.7991
2020-01-11 13:54:57,863 ====> Recall@25: 0.8029
2020-01-11 13:54:58,257 ====> Building Cache
2020-01-11 13:54:58,260 feature cache--->>> /home/annora/NetVLAD/output/train_feat_cache1.hdf5
2020-01-11 13:56:26,952 Allocated:119.03369140625 MB
2020-01-11 13:56:26,953 Cached:4193.625 MB
2020-01-11 13:59:10,253 ==> Epoch[10](50/553): Loss: 0.2190
2020-01-11 13:59:10,255 Allocated:120.53369140625 MB
2020-01-11 13:59:10,255 Cached:8067.625 MB
2020-01-11 14:01:06,941 ==> Epoch[10](100/553): Loss: 0.2081
2020-01-11 14:01:06,943 Allocated:122.53369140625 MB
2020-01-11 14:01:06,944 Cached:8067.625 MB
2020-01-11 14:03:20,015 ==> Epoch[10](150/553): Loss: 0.2152
2020-01-11 14:03:20,018 Allocated:121.03369140625 MB
2020-01-11 14:03:20,018 Cached:8067.625 MB
2020-01-11 14:04:47,739 ====> Building Cache
2020-01-11 14:04:47,740 feature cache--->>> /home/annora/NetVLAD/output/train_feat_cache1.hdf5
2020-01-11 14:06:14,313 Allocated:120.533203125 MB
2020-01-11 14:06:14,314 Cached:2919.5 MB
2020-01-11 14:07:24,010 ==> Epoch[10](200/553): Loss: 0.2483
2020-01-11 14:07:24,013 Allocated:120.53369140625 MB
2020-01-11 14:07:24,013 Cached:6793.5 MB
2020-01-11 14:09:21,547 ==> Epoch[10](250/553): Loss: 0.2293
2020-01-11 14:09:21,549 Allocated:122.53369140625 MB
2020-01-11 14:09:21,550 Cached:6793.5 MB
2020-01-11 14:11:18,538 ==> Epoch[10](300/553): Loss: 0.2254
2020-01-11 14:11:18,540 Allocated:121.03369140625 MB
2020-01-11 14:11:18,540 Cached:6793.5 MB
2020-01-11 14:13:18,232 ==> Epoch[10](350/553): Loss: 0.2230
2020-01-11 14:13:18,233 Allocated:120.53369140625 MB
2020-01-11 14:13:18,233 Cached:6793.5 MB
2020-01-11 14:14:05,143 ====> Building Cache
2020-01-11 14:14:05,144 feature cache--->>> /home/annora/NetVLAD/output/train_feat_cache1.hdf5
2020-01-11 14:15:31,709 Allocated:122.533203125 MB
2020-01-11 14:15:31,709 Cached:2919.5 MB
2020-01-11 14:17:31,642 ==> Epoch[10](400/553): Loss: 0.2678
2020-01-11 14:17:31,644 Allocated:122.53369140625 MB
2020-01-11 14:17:31,644 Cached:6793.5 MB
2020-01-11 14:19:37,701 ==> Epoch[10](450/553): Loss: 0.2291
2020-01-11 14:19:37,702 Allocated:121.03369140625 MB
2020-01-11 14:19:37,703 Cached:6793.5 MB
2020-01-11 14:21:41,462 ==> Epoch[10](500/553): Loss: 0.2427
2020-01-11 14:21:41,464 Allocated:120.53369140625 MB
2020-01-11 14:21:41,464 Cached:6793.5 MB
2020-01-11 14:23:40,111 ==> Epoch[10](550/553): Loss: 0.2336
2020-01-11 14:23:40,113 Allocated:122.53369140625 MB
2020-01-11 14:23:40,113 Cached:6793.5 MB
2020-01-11 14:23:52,856 ===> Epoch 10 Complete: Avg. Loss: 0.2307
2020-01-11 14:23:52,857 ====> Extracting Features
2020-01-11 14:24:31,800 ==> Batch (50/108)
2020-01-11 14:24:54,249 ==> Batch (100/108)
2020-01-11 14:24:57,715 ====> Building faiss index
2020-01-11 14:24:57,717 ====> Calculating recall @ N
2020-01-11 14:24:58,139 ====> Recall@1: 0.7041
2020-01-11 14:24:58,140 ====> Recall@2: 0.7284
2020-01-11 14:24:58,141 ====> Recall@3: 0.7397
2020-01-11 14:24:58,141 ====> Recall@4: 0.7470
2020-01-11 14:24:58,141 ====> Recall@5: 0.7501
2020-01-11 14:24:58,141 ====> Recall@10: 0.7745
2020-01-11 14:24:58,142 ====> Recall@15: 0.7930
2020-01-11 14:24:58,142 ====> Recall@20: 0.7994
2020-01-11 14:24:58,142 ====> Recall@25: 0.8035
2020-01-11 14:24:58,534 ====> Building Cache
2020-01-11 14:24:58,535 feature cache--->>> /home/annora/NetVLAD/output/train_feat_cache1.hdf5
2020-01-11 14:26:24,897 Allocated:119.03369140625 MB
2020-01-11 14:26:24,898 Cached:4192.625 MB
2020-01-11 14:29:08,429 ==> Epoch[11](50/553): Loss: 0.2170
2020-01-11 14:29:08,431 Allocated:120.53369140625 MB
2020-01-11 14:29:08,431 Cached:8067.625 MB
2020-01-11 14:31:04,017 ==> Epoch[11](100/553): Loss: 0.1978
2020-01-11 14:31:04,019 Allocated:120.53369140625 MB
2020-01-11 14:31:04,019 Cached:8067.625 MB
2020-01-11 14:33:14,924 ==> Epoch[11](150/553): Loss: 0.2248
2020-01-11 14:33:14,925 Allocated:121.53369140625 MB
2020-01-11 14:33:14,926 Cached:8067.625 MB
2020-01-11 14:34:38,473 ====> Building Cache
2020-01-11 14:34:38,473 feature cache--->>> /home/annora/NetVLAD/output/train_feat_cache1.hdf5
2020-01-11 14:36:05,349 Allocated:121.658203125 MB
2020-01-11 14:36:05,350 Cached:2919.5 MB
2020-01-11 14:37:15,593 ==> Epoch[11](200/553): Loss: 0.2335
2020-01-11 14:37:15,595 Allocated:121.65869140625 MB
2020-01-11 14:37:15,595 Cached:6794.5 MB
2020-01-11 14:39:13,471 ==> Epoch[11](250/553): Loss: 0.2483
2020-01-11 14:39:13,473 Allocated:120.53369140625 MB
2020-01-11 14:39:13,473 Cached:6794.5 MB
2020-01-11 14:41:11,292 ==> Epoch[11](300/553): Loss: 0.2299
2020-01-11 14:41:11,293 Allocated:121.53369140625 MB
2020-01-11 14:41:11,293 Cached:6794.5 MB
2020-01-11 14:43:14,767 ==> Epoch[11](350/553): Loss: 0.2337
2020-01-11 14:43:14,769 Allocated:121.65869140625 MB
2020-01-11 14:43:14,769 Cached:6794.5 MB
2020-01-11 14:44:11,679 ====> Building Cache
2020-01-11 14:44:11,680 feature cache--->>> /home/annora/NetVLAD/output/train_feat_cache1.hdf5
2020-01-11 14:45:40,916 Allocated:120.533203125 MB
2020-01-11 14:45:40,916 Cached:2919.5 MB
2020-01-11 14:47:29,047 ==> Epoch[11](400/553): Loss: 0.2259
2020-01-11 14:47:29,049 Allocated:120.53369140625 MB
2020-01-11 14:47:29,049 Cached:6793.5 MB
2020-01-11 14:49:24,959 ==> Epoch[11](450/553): Loss: 0.2642
2020-01-11 14:49:24,960 Allocated:121.53369140625 MB
2020-01-11 14:49:24,961 Cached:6793.5 MB
2020-01-11 14:51:24,806 ==> Epoch[11](500/553): Loss: 0.2398
2020-01-11 14:51:24,808 Allocated:121.65869140625 MB
2020-01-11 14:51:24,808 Cached:6793.5 MB
2020-01-11 14:53:24,474 ==> Epoch[11](550/553): Loss: 0.2416
2020-01-11 14:53:24,476 Allocated:120.53369140625 MB
2020-01-11 14:53:24,476 Cached:6793.5 MB
2020-01-11 14:53:35,336 ===> Epoch 11 Complete: Avg. Loss: 0.2306
2020-01-11 14:53:35,338 ====> Extracting Features
2020-01-11 14:54:16,570 ==> Batch (50/108)
2020-01-11 14:54:44,238 ==> Batch (100/108)
2020-01-11 14:54:48,223 ====> Building faiss index
2020-01-11 14:54:48,225 ====> Calculating recall @ N
2020-01-11 14:54:48,813 ====> Recall@1: 0.7070
2020-01-11 14:54:48,814 ====> Recall@2: 0.7307
2020-01-11 14:54:48,814 ====> Recall@3: 0.7409
2020-01-11 14:54:48,814 ====> Recall@4: 0.7472
2020-01-11 14:54:48,814 ====> Recall@5: 0.7516
2020-01-11 14:54:48,815 ====> Recall@10: 0.7736
2020-01-11 14:54:48,815 ====> Recall@15: 0.7928
2020-01-11 14:54:48,815 ====> Recall@20: 0.7997
2020-01-11 14:54:48,815 ====> Recall@25: 0.8032
2020-01-11 14:54:49,211 ====> Building Cache
2020-01-11 14:54:49,212 feature cache--->>> /home/annora/NetVLAD/output/train_feat_cache1.hdf5
2020-01-11 14:56:21,645 Allocated:119.53369140625 MB
2020-01-11 14:56:21,646 Cached:4193.625 MB
2020-01-11 14:59:05,311 ==> Epoch[12](50/553): Loss: 0.2088
2020-01-11 14:59:05,312 Allocated:122.03369140625 MB
2020-01-11 14:59:05,312 Cached:8067.625 MB
2020-01-11 15:01:07,548 ==> Epoch[12](100/553): Loss: 0.2168
2020-01-11 15:01:07,550 Allocated:120.53369140625 MB
2020-01-11 15:01:07,550 Cached:8067.625 MB
2020-01-11 15:03:13,877 ==> Epoch[12](150/553): Loss: 0.2164
2020-01-11 15:03:13,879 Allocated:121.03369140625 MB
2020-01-11 15:03:13,879 Cached:8067.625 MB
2020-01-11 15:04:37,384 ====> Building Cache
2020-01-11 15:04:37,384 feature cache--->>> /home/annora/NetVLAD/output/train_feat_cache1.hdf5
2020-01-11 15:06:01,588 Allocated:122.033203125 MB
2020-01-11 15:06:01,588 Cached:2919.5 MB
2020-01-11 15:07:14,119 ==> Epoch[12](200/553): Loss: 0.2789
2020-01-11 15:07:14,121 Allocated:122.03369140625 MB
2020-01-11 15:07:14,122 Cached:6793.5 MB
2020-01-11 15:09:18,926 ==> Epoch[12](250/553): Loss: 0.2345
2020-01-11 15:09:18,927 Allocated:120.53369140625 MB
2020-01-11 15:09:18,927 Cached:6793.5 MB
2020-01-11 15:11:19,092 ==> Epoch[12](300/553): Loss: 0.2391
2020-01-11 15:11:19,094 Allocated:121.03369140625 MB
2020-01-11 15:11:19,094 Cached:6793.5 MB
2020-01-11 15:13:15,129 ==> Epoch[12](350/553): Loss: 0.2438
2020-01-11 15:13:15,130 Allocated:122.03369140625 MB
2020-01-11 15:13:15,131 Cached:6793.5 MB
2020-01-11 15:14:08,535 ====> Building Cache
2020-01-11 15:14:08,536 feature cache--->>> /home/annora/NetVLAD/output/train_feat_cache1.hdf5
2020-01-11 15:15:42,467 Allocated:121.158203125 MB
2020-01-11 15:15:42,468 Cached:2919.5 MB
2020-01-11 15:17:31,088 ==> Epoch[12](400/553): Loss: 0.1944
2020-01-11 15:17:31,090 Allocated:121.03369140625 MB
2020-01-11 15:17:31,090 Cached:6793.5 MB
2020-01-11 15:19:26,971 ==> Epoch[12](450/553): Loss: 0.2282
2020-01-11 15:19:26,972 Allocated:120.53369140625 MB
2020-01-11 15:19:26,972 Cached:6793.5 MB
2020-01-11 15:21:37,170 ==> Epoch[12](500/553): Loss: 0.2472
2020-01-11 15:21:37,171 Allocated:122.53369140625 MB
2020-01-11 15:21:37,172 Cached:6793.5 MB
2020-01-11 15:23:37,497 ==> Epoch[12](550/553): Loss: 0.2516
2020-01-11 15:23:37,498 Allocated:121.03369140625 MB
2020-01-11 15:23:37,499 Cached:6793.5 MB
2020-01-11 15:23:48,364 ===> Epoch 12 Complete: Avg. Loss: 0.2301
2020-01-11 15:23:48,365 ====> Extracting Features
2020-01-11 15:24:28,388 ==> Batch (50/108)
2020-01-11 15:24:54,461 ==> Batch (100/108)
2020-01-11 15:24:58,280 ====> Building faiss index
2020-01-11 15:24:58,282 ====> Calculating recall @ N
2020-01-11 15:24:58,717 ====> Recall@1: 0.7110
2020-01-11 15:24:58,718 ====> Recall@2: 0.7333
2020-01-11 15:24:58,718 ====> Recall@3: 0.7420
2020-01-11 15:24:58,718 ====> Recall@4: 0.7475
2020-01-11 15:24:58,719 ====> Recall@5: 0.7516
2020-01-11 15:24:58,719 ====> Recall@10: 0.7722
2020-01-11 15:24:58,719 ====> Recall@15: 0.7933
2020-01-11 15:24:58,719 ====> Recall@20: 0.8000
2020-01-11 15:24:58,720 ====> Recall@25: 0.8032
2020-01-11 15:24:59,089 ====> Building Cache
2020-01-11 15:24:59,089 feature cache--->>> /home/annora/NetVLAD/output/train_feat_cache1.hdf5
2020-01-11 15:26:25,755 Allocated:118.53369140625 MB
2020-01-11 15:26:25,755 Cached:4192.625 MB
2020-01-11 15:29:08,835 ==> Epoch[13](50/553): Loss: 0.2081
2020-01-11 15:29:08,837 Allocated:122.53369140625 MB
2020-01-11 15:29:08,837 Cached:8067.625 MB
2020-01-11 15:31:13,282 ==> Epoch[13](100/553): Loss: 0.2366
2020-01-11 15:31:13,284 Allocated:121.03369140625 MB
2020-01-11 15:31:13,284 Cached:8067.625 MB
2020-01-11 15:33:13,871 ==> Epoch[13](150/553): Loss: 0.2103
2020-01-11 15:33:13,872 Allocated:120.53369140625 MB
2020-01-11 15:33:13,872 Cached:8067.625 MB
2020-01-11 15:34:41,038 ====> Building Cache
2020-01-11 15:34:41,039 feature cache--->>> /home/annora/NetVLAD/output/train_feat_cache1.hdf5
2020-01-11 15:36:10,943 Allocated:122.533203125 MB
2020-01-11 15:36:10,944 Cached:2919.5 MB
2020-01-11 15:37:27,827 ==> Epoch[13](200/553): Loss: 0.2589
2020-01-11 15:37:27,829 Allocated:122.53369140625 MB
2020-01-11 15:37:27,829 Cached:6794.5 MB
2020-01-11 15:39:37,937 ==> Epoch[13](250/553): Loss: 0.2489
2020-01-11 15:39:37,939 Allocated:121.03369140625 MB
2020-01-11 15:39:37,940 Cached:6794.5 MB
2020-01-11 15:41:35,713 ==> Epoch[13](300/553): Loss: 0.2393
2020-01-11 15:41:35,714 Allocated:120.53369140625 MB
2020-01-11 15:41:35,715 Cached:6794.5 MB
2020-01-11 15:43:38,871 ==> Epoch[13](350/553): Loss: 0.2334
2020-01-11 15:43:38,873 Allocated:122.53369140625 MB
2020-01-11 15:43:38,873 Cached:6794.5 MB
2020-01-11 15:44:25,758 ====> Building Cache
2020-01-11 15:44:25,759 feature cache--->>> /home/annora/NetVLAD/output/train_feat_cache1.hdf5
2020-01-11 15:45:54,629 Allocated:121.033203125 MB
2020-01-11 15:45:54,630 Cached:2919.5 MB
2020-01-11 15:47:41,086 ==> Epoch[13](400/553): Loss: 0.2628
2020-01-11 15:47:41,088 Allocated:121.03369140625 MB
2020-01-11 15:47:41,088 Cached:6793.5 MB
2020-01-11 15:49:42,778 ==> Epoch[13](450/553): Loss: 0.2150
2020-01-11 15:49:42,779 Allocated:120.53369140625 MB
2020-01-11 15:49:42,780 Cached:6793.5 MB
2020-01-11 15:51:39,828 ==> Epoch[13](500/553): Loss: 0.2231
2020-01-11 15:51:39,830 Allocated:122.53369140625 MB
2020-01-11 15:51:39,830 Cached:6793.5 MB
2020-01-11 15:53:34,918 ==> Epoch[13](550/553): Loss: 0.2478
2020-01-11 15:53:34,920 Allocated:121.03369140625 MB
2020-01-11 15:53:34,920 Cached:6793.5 MB
2020-01-11 15:53:46,370 ===> Epoch 13 Complete: Avg. Loss: 0.2298
2020-01-11 15:53:46,372 ====> Extracting Features
2020-01-11 15:54:31,200 ==> Batch (50/108)
2020-01-11 15:55:00,881 ==> Batch (100/108)
2020-01-11 15:55:04,523 ====> Building faiss index
2020-01-11 15:55:04,526 ====> Calculating recall @ N
2020-01-11 15:55:04,968 ====> Recall@1: 0.7122
2020-01-11 15:55:04,969 ====> Recall@2: 0.7345
2020-01-11 15:55:04,969 ====> Recall@3: 0.7432
2020-01-11 15:55:04,969 ====> Recall@4: 0.7478
2020-01-11 15:55:04,970 ====> Recall@5: 0.7516
2020-01-11 15:55:04,970 ====> Recall@10: 0.7748
2020-01-11 15:55:04,970 ====> Recall@15: 0.7936
2020-01-11 15:55:04,970 ====> Recall@20: 0.7994
2020-01-11 15:55:04,970 ====> Recall@25: 0.8035
2020-01-11 15:55:05,351 ====> Building Cache
2020-01-11 15:55:05,352 feature cache--->>> /home/annora/NetVLAD/output/train_feat_cache1.hdf5
2020-01-11 15:56:42,660 Allocated:118.53369140625 MB
2020-01-11 15:56:42,661 Cached:4193.625 MB
2020-01-11 15:59:33,948 ==> Epoch[14](50/553): Loss: 0.2068
2020-01-11 15:59:33,950 Allocated:122.53369140625 MB
2020-01-11 15:59:33,950 Cached:8067.625 MB
2020-01-11 16:01:34,621 ==> Epoch[14](100/553): Loss: 0.2098
2020-01-11 16:01:34,622 Allocated:121.03369140625 MB
2020-01-11 16:01:34,622 Cached:8067.625 MB
2020-01-11 16:03:39,561 ==> Epoch[14](150/553): Loss: 0.2120
2020-01-11 16:03:39,562 Allocated:120.53369140625 MB
2020-01-11 16:03:39,562 Cached:8067.625 MB
2020-01-11 16:04:59,358 ====> Building Cache
2020-01-11 16:04:59,359 feature cache--->>> /home/annora/NetVLAD/output/train_feat_cache1.hdf5
2020-01-11 16:06:28,953 Allocated:122.533203125 MB
2020-01-11 16:06:28,953 Cached:2919.5 MB
2020-01-11 16:07:48,902 ==> Epoch[14](200/553): Loss: 0.2472
2020-01-11 16:07:48,904 Allocated:122.53369140625 MB
2020-01-11 16:07:48,904 Cached:6793.5 MB
2020-01-11 16:09:54,079 ==> Epoch[14](250/553): Loss: 0.2260
2020-01-11 16:09:54,080 Allocated:121.03369140625 MB
2020-01-11 16:09:54,081 Cached:6793.5 MB
2020-01-11 16:11:57,983 ==> Epoch[14](300/553): Loss: 0.2471
2020-01-11 16:11:57,985 Allocated:120.53369140625 MB
2020-01-11 16:11:57,986 Cached:6793.5 MB
2020-01-11 16:14:06,716 ==> Epoch[14](350/553): Loss: 0.2443
2020-01-11 16:14:06,717 Allocated:122.53369140625 MB
2020-01-11 16:14:06,717 Cached:6793.5 MB
2020-01-11 16:14:57,530 ====> Building Cache
2020-01-11 16:14:57,531 feature cache--->>> /home/annora/NetVLAD/output/train_feat_cache1.hdf5
2020-01-11 16:16:31,713 Allocated:121.033203125 MB
2020-01-11 16:16:31,714 Cached:2919.5 MB
2020-01-11 16:18:19,150 ==> Epoch[14](400/553): Loss: 0.2187
2020-01-11 16:18:19,152 Allocated:121.03369140625 MB
2020-01-11 16:18:19,152 Cached:6793.5 MB
2020-01-11 16:20:24,160 ==> Epoch[14](450/553): Loss: 0.2674
2020-01-11 16:20:24,162 Allocated:120.53369140625 MB
2020-01-11 16:20:24,162 Cached:6793.5 MB
2020-01-11 16:22:30,151 ==> Epoch[14](500/553): Loss: 0.2319
2020-01-11 16:22:30,152 Allocated:122.53369140625 MB
2020-01-11 16:22:30,152 Cached:6793.5 MB
2020-01-11 16:24:25,873 ==> Epoch[14](550/553): Loss: 0.2375
2020-01-11 16:24:25,875 Allocated:121.03369140625 MB
2020-01-11 16:24:25,875 Cached:6793.5 MB
2020-01-11 16:24:37,894 ===> Epoch 14 Complete: Avg. Loss: 0.2293
2020-01-11 16:24:37,895 ====> Extracting Features
2020-01-11 16:25:22,098 ==> Batch (50/108)
2020-01-11 16:25:47,850 ==> Batch (100/108)
2020-01-11 16:25:51,705 ====> Building faiss index
2020-01-11 16:25:51,707 ====> Calculating recall @ N
2020-01-11 16:25:52,142 ====> Recall@1: 0.7128
2020-01-11 16:25:52,143 ====> Recall@2: 0.7342
2020-01-11 16:25:52,144 ====> Recall@3: 0.7429
2020-01-11 16:25:52,144 ====> Recall@4: 0.7478
2020-01-11 16:25:52,144 ====> Recall@5: 0.7519
2020-01-11 16:25:52,144 ====> Recall@10: 0.7765
2020-01-11 16:25:52,144 ====> Recall@15: 0.7939
2020-01-11 16:25:52,145 ====> Recall@20: 0.7994
2020-01-11 16:25:52,145 ====> Recall@25: 0.8061
2020-01-11 16:25:52,507 ====> Building Cache
2020-01-11 16:25:52,508 feature cache--->>> /home/annora/NetVLAD/output/train_feat_cache1.hdf5
2020-01-11 16:27:25,250 Allocated:118.53369140625 MB
2020-01-11 16:27:25,251 Cached:4192.625 MB
2020-01-11 16:29:59,728 ==> Epoch[15](50/553): Loss: 0.1931
2020-01-11 16:29:59,730 Allocated:122.53369140625 MB
2020-01-11 16:29:59,730 Cached:8067.625 MB
2020-01-11 16:31:57,396 ==> Epoch[15](100/553): Loss: 0.2073
2020-01-11 16:31:57,398 Allocated:121.03369140625 MB
2020-01-11 16:31:57,399 Cached:8067.625 MB
2020-01-11 16:34:00,577 ==> Epoch[15](150/553): Loss: 0.1989
2020-01-11 16:34:00,579 Allocated:120.53369140625 MB
2020-01-11 16:34:00,579 Cached:8067.625 MB
2020-01-11 16:35:21,212 ====> Building Cache
2020-01-11 16:35:21,213 feature cache--->>> /home/annora/NetVLAD/output/train_feat_cache1.hdf5
2020-01-11 16:36:50,517 Allocated:122.533203125 MB
2020-01-11 16:36:50,518 Cached:2919.5 MB
2020-01-11 16:38:05,384 ==> Epoch[15](200/553): Loss: 0.2383
2020-01-11 16:38:05,385 Allocated:122.53369140625 MB
2020-01-11 16:38:05,385 Cached:6794.5 MB
2020-01-11 16:40:13,415 ==> Epoch[15](250/553): Loss: 0.2647
2020-01-11 16:40:13,417 Allocated:121.03369140625 MB
2020-01-11 16:40:13,417 Cached:6794.5 MB
2020-01-11 16:42:18,134 ==> Epoch[15](300/553): Loss: 0.2066
2020-01-11 16:42:18,136 Allocated:120.53369140625 MB
2020-01-11 16:42:18,137 Cached:6794.5 MB
2020-01-11 16:44:15,424 ==> Epoch[15](350/553): Loss: 0.2366
2020-01-11 16:44:15,425 Allocated:122.53369140625 MB
2020-01-11 16:44:15,426 Cached:6794.5 MB
2020-01-11 16:44:59,849 ====> Building Cache
2020-01-11 16:44:59,850 feature cache--->>> /home/annora/NetVLAD/output/train_feat_cache1.hdf5
2020-01-11 16:46:24,453 Allocated:121.033203125 MB
2020-01-11 16:46:24,453 Cached:2919.5 MB
2020-01-11 16:48:06,134 ==> Epoch[15](400/553): Loss: 0.2553
2020-01-11 16:48:06,136 Allocated:121.03369140625 MB
2020-01-11 16:48:06,136 Cached:6793.5 MB
2020-01-11 16:49:57,134 ==> Epoch[15](450/553): Loss: 0.2492
2020-01-11 16:49:57,136 Allocated:120.53369140625 MB
2020-01-11 16:49:57,136 Cached:6793.5 MB
2020-01-11 16:51:50,084 ==> Epoch[15](500/553): Loss: 0.2425
2020-01-11 16:51:50,086 Allocated:122.53369140625 MB
2020-01-11 16:51:50,086 Cached:6793.5 MB
2020-01-11 16:53:46,223 ==> Epoch[15](550/553): Loss: 0.2376
2020-01-11 16:53:46,225 Allocated:121.03369140625 MB
2020-01-11 16:53:46,225 Cached:6793.5 MB
2020-01-11 16:53:57,467 ===> Epoch 15 Complete: Avg. Loss: 0.2289
2020-01-11 16:53:57,468 ====> Extracting Features
2020-01-11 16:54:36,195 ==> Batch (50/108)
2020-01-11 16:54:59,130 ==> Batch (100/108)
2020-01-11 16:55:03,152 ====> Building faiss index
2020-01-11 16:55:03,154 ====> Calculating recall @ N
2020-01-11 16:55:03,586 ====> Recall@1: 0.7133
2020-01-11 16:55:03,586 ====> Recall@2: 0.7345
2020-01-11 16:55:03,587 ====> Recall@3: 0.7429
2020-01-11 16:55:03,587 ====> Recall@4: 0.7481
2020-01-11 16:55:03,587 ====> Recall@5: 0.7519
2020-01-11 16:55:03,587 ====> Recall@10: 0.7768
2020-01-11 16:55:03,588 ====> Recall@15: 0.7936
2020-01-11 16:55:03,588 ====> Recall@20: 0.8000
2020-01-11 16:55:03,588 ====> Recall@25: 0.8070
2020-01-11 16:55:03,948 Performance did not improve for 10 epochs. Stopping.
2020-01-11 16:55:03,948 => Best Recall@5: 0.7736
