2020-01-12 15:03:27,830 Namespace(arch='alexnet', batchSize=12, cacheBatchSize=96, cachePath='/home/annora/NetVLAD/output/', cacheRefreshRate=3000, ckpt='best', contilearn=False, dataPath='/home/annora/NetVLAD/output/data/', dataset='robotcar', evalEvery=1, fromscratch=False, fromtask='', lr=0.001, lrGamma=0.5, lrStep=5, margin=0.1, mode='train', momentum=0.9, nEpochs=30, nGPU=1, nocuda=False, num_clusters=64, optim='SGD', patience=10, pooling='netvlad', premodel='places', resume='', runsPath='/home/annora/NetVLAD/output/runs/', savePath='checkpoints', seed=123, split='val', start_epoch=0, threads=8, vladv2=False, weightDecay=0.001)
2020-01-12 15:03:27,915 ===> Loading dataset(s)
2020-01-12 15:03:27,915 trainfile ------>>>>>> oxRobocar_single_train.mat
2020-01-12 15:03:30,797 ====> Training set: oxRobocar_single_train.mat, query set count: 6636
2020-01-12 15:03:30,907 ===> Evaluating on val set: oxRobocar_single_val.mat, query count: 3450
2020-01-12 15:03:30,907 ===> Building model
2020-01-12 15:03:30,964 encoder moder:
AlexNet(
  (conv1): Sequential(
    (0): Conv2d(3, 64, kernel_size=(11, 11), stride=(4, 4), padding=(2, 2))
    (1): ReLU(inplace)
    (2): MaxPool2d(kernel_size=3, stride=2, padding=0, dilation=1, ceil_mode=False)
  )
  (conv2): Sequential(
    (0): Conv2d(64, 192, kernel_size=(5, 5), stride=(1, 1), padding=(2, 2))
    (1): ReLU(inplace)
    (2): MaxPool2d(kernel_size=3, stride=2, padding=0, dilation=1, ceil_mode=False)
  )
  (conv3): Sequential(
    (0): Conv2d(192, 384, kernel_size=(3, 3), stride=(1, 1), padding=(1, 1))
    (1): ReLU(inplace)
  )
  (conv4): Sequential(
    (0): Conv2d(384, 256, kernel_size=(3, 3), stride=(1, 1), padding=(1, 1))
    (1): ReLU(inplace)
  )
  (conv5): Sequential(
    (0): Conv2d(256, 256, kernel_size=(3, 3), stride=(1, 1), padding=(1, 1))
  )
)
2020-01-12 15:03:37,377 ===> Training model
2020-01-12 15:03:37,381 ===> Saving state to: /home/annora/NetVLAD/output/runs/2020-01-12-15-03-37_alexnet_netvlad
2020-01-12 15:03:37,381 ====> Building Cache
2020-01-12 15:03:37,383 feature cache--->>> /home/annora/NetVLAD/output/train_feat_cache3.hdf5
2020-01-12 15:05:18,416 Allocated:11.71826171875 MB
2020-01-12 15:05:18,417 Cached:2778.125 MB
2020-01-12 15:07:32,587 ==> Epoch[1](50/553): Loss: 0.0715
2020-01-12 15:07:32,590 Allocated:34.90576171875 MB
2020-01-12 15:07:32,591 Cached:9136.625 MB
2020-01-12 15:09:12,137 ==> Epoch[1](100/553): Loss: 0.0408
2020-01-12 15:09:12,139 Allocated:34.90576171875 MB
2020-01-12 15:09:12,140 Cached:9136.625 MB
2020-01-12 15:10:58,524 ==> Epoch[1](150/553): Loss: 0.0376
2020-01-12 15:10:58,529 Allocated:34.90576171875 MB
2020-01-12 15:10:58,529 Cached:9136.625 MB
2020-01-12 15:12:08,574 ====> Building Cache
2020-01-12 15:12:08,575 feature cache--->>> /home/annora/NetVLAD/output/train_feat_cache3.hdf5
2020-01-12 15:13:34,219 Allocated:34.9052734375 MB
2020-01-12 15:13:34,220 Cached:2406.125 MB
2020-01-12 15:14:32,650 ==> Epoch[1](200/553): Loss: 0.1328
2020-01-12 15:14:32,653 Allocated:34.90576171875 MB
2020-01-12 15:14:32,653 Cached:6020.125 MB
2020-01-12 15:16:02,228 ==> Epoch[1](250/553): Loss: 0.0685
2020-01-12 15:16:02,231 Allocated:34.90576171875 MB
2020-01-12 15:16:02,231 Cached:6331.25 MB
2020-01-12 15:17:53,010 ==> Epoch[1](300/553): Loss: 0.0622
2020-01-12 15:17:53,023 Allocated:34.90576171875 MB
2020-01-12 15:17:53,023 Cached:6331.25 MB
2020-01-12 15:19:28,326 ==> Epoch[1](350/553): Loss: 0.1752
2020-01-12 15:19:28,329 Allocated:34.90576171875 MB
2020-01-12 15:19:28,329 Cached:6331.25 MB
2020-01-12 15:19:56,809 ====> Building Cache
2020-01-12 15:19:56,810 feature cache--->>> /home/annora/NetVLAD/output/train_feat_cache3.hdf5
2020-01-12 15:21:21,762 Allocated:34.9052734375 MB
2020-01-12 15:21:21,763 Cached:2405.125 MB
2020-01-12 15:22:49,683 ==> Epoch[1](400/553): Loss: 0.1588
2020-01-12 15:22:49,685 Allocated:34.90576171875 MB
2020-01-12 15:22:49,685 Cached:5023.375 MB
2020-01-12 15:24:14,921 ==> Epoch[1](450/553): Loss: 0.1748
2020-01-12 15:24:14,922 Allocated:34.90576171875 MB
2020-01-12 15:24:14,923 Cached:5024.375 MB
2020-01-12 15:25:46,914 ==> Epoch[1](500/553): Loss: 0.1051
2020-01-12 15:25:46,916 Allocated:34.90576171875 MB
2020-01-12 15:25:46,917 Cached:5024.375 MB
2020-01-12 15:27:02,046 ==> Epoch[1](550/553): Loss: 0.1070
2020-01-12 15:27:02,049 Allocated:34.90576171875 MB
2020-01-12 15:27:02,049 Cached:5025.375 MB
2020-01-12 15:27:04,166 ===> Epoch 1 Complete: Avg. Loss: 0.0953
2020-01-12 15:27:04,167 ====> Extracting Features
2020-01-12 15:27:47,732 ==> Batch (50/108)
2020-01-12 15:28:16,584 ==> Batch (100/108)
2020-01-12 15:28:21,811 ====> Building faiss index
2020-01-12 15:28:22,228 ====> Calculating recall @ N
2020-01-12 15:28:24,469 ====> Recall@1: 0.7780
2020-01-12 15:28:24,470 ====> Recall@2: 0.7901
2020-01-12 15:28:24,470 ====> Recall@3: 0.8020
2020-01-12 15:28:24,470 ====> Recall@4: 0.8099
2020-01-12 15:28:24,471 ====> Recall@5: 0.8154
2020-01-12 15:28:24,471 ====> Recall@10: 0.8296
2020-01-12 15:28:24,471 ====> Recall@15: 0.8348
2020-01-12 15:28:24,471 ====> Recall@20: 0.8386
2020-01-12 15:28:24,472 ====> Recall@25: 0.8426
2020-01-12 15:28:24,588 ====> Building Cache
2020-01-12 15:28:24,588 feature cache--->>> /home/annora/NetVLAD/output/train_feat_cache3.hdf5
2020-01-12 15:29:56,506 Allocated:32.90576171875 MB
2020-01-12 15:29:56,506 Cached:4088.375 MB
2020-01-12 15:32:25,749 ==> Epoch[2](50/553): Loss: 0.0577
2020-01-12 15:32:25,753 Allocated:34.90576171875 MB
2020-01-12 15:32:25,754 Cached:7574.375 MB
2020-01-12 15:33:59,285 ==> Epoch[2](100/553): Loss: 0.0092
2020-01-12 15:33:59,287 Allocated:34.90576171875 MB
2020-01-12 15:33:59,288 Cached:9960.0 MB
2020-01-12 15:35:25,005 ==> Epoch[2](150/553): Loss: 0.0789
2020-01-12 15:35:25,008 Allocated:34.90576171875 MB
2020-01-12 15:35:25,009 Cached:9960.0 MB
2020-01-12 15:36:23,219 ====> Building Cache
2020-01-12 15:36:23,220 feature cache--->>> /home/annora/NetVLAD/output/train_feat_cache3.hdf5
2020-01-12 15:37:51,271 Allocated:34.9052734375 MB
2020-01-12 15:37:51,271 Cached:2406.125 MB
2020-01-12 15:38:54,910 ==> Epoch[2](200/553): Loss: 0.1773
2020-01-12 15:38:54,913 Allocated:34.90576171875 MB
2020-01-12 15:38:54,913 Cached:4535.125 MB
2020-01-12 15:40:30,227 ==> Epoch[2](250/553): Loss: 0.0510
2020-01-12 15:40:30,229 Allocated:34.90576171875 MB
2020-01-12 15:40:30,230 Cached:5712.5 MB
2020-01-12 15:42:07,354 ==> Epoch[2](300/553): Loss: 0.2070
2020-01-12 15:42:07,356 Allocated:34.90576171875 MB
2020-01-12 15:42:07,357 Cached:5712.5 MB
2020-01-12 15:43:30,556 ==> Epoch[2](350/553): Loss: 0.1254
2020-01-12 15:43:30,558 Allocated:34.90576171875 MB
2020-01-12 15:43:30,558 Cached:5712.5 MB
2020-01-12 15:43:55,246 ====> Building Cache
2020-01-12 15:43:55,247 feature cache--->>> /home/annora/NetVLAD/output/train_feat_cache3.hdf5
2020-01-12 15:45:24,318 Allocated:34.9052734375 MB
2020-01-12 15:45:24,318 Cached:2406.125 MB
2020-01-12 15:46:53,628 ==> Epoch[2](400/553): Loss: 0.1177
2020-01-12 15:46:53,630 Allocated:34.90576171875 MB
2020-01-12 15:46:53,630 Cached:8332.0 MB
2020-01-12 15:48:11,390 ==> Epoch[2](450/553): Loss: 0.1060
2020-01-12 15:48:11,393 Allocated:34.90576171875 MB
2020-01-12 15:48:11,393 Cached:9585.875 MB
2020-01-12 15:49:40,349 ==> Epoch[2](500/553): Loss: 0.1033
2020-01-12 15:49:40,352 Allocated:34.90576171875 MB
2020-01-12 15:49:40,352 Cached:9585.875 MB
2020-01-12 15:51:12,209 ==> Epoch[2](550/553): Loss: 0.0475
2020-01-12 15:51:12,210 Allocated:34.90576171875 MB
2020-01-12 15:51:12,211 Cached:9585.875 MB
2020-01-12 15:51:14,304 ===> Epoch 2 Complete: Avg. Loss: 0.0888
2020-01-12 15:51:14,306 ====> Extracting Features
2020-01-12 15:51:53,383 ==> Batch (50/108)
2020-01-12 15:52:26,777 ==> Batch (100/108)
2020-01-12 15:52:32,205 ====> Building faiss index
2020-01-12 15:52:32,573 ====> Calculating recall @ N
2020-01-12 15:52:35,078 ====> Recall@1: 0.7846
2020-01-12 15:52:35,079 ====> Recall@2: 0.7904
2020-01-12 15:52:35,079 ====> Recall@3: 0.7930
2020-01-12 15:52:35,080 ====> Recall@4: 0.7954
2020-01-12 15:52:35,080 ====> Recall@5: 0.7980
2020-01-12 15:52:35,080 ====> Recall@10: 0.8093
2020-01-12 15:52:35,080 ====> Recall@15: 0.8171
2020-01-12 15:52:35,080 ====> Recall@20: 0.8220
2020-01-12 15:52:35,080 ====> Recall@25: 0.8278
2020-01-12 15:52:35,209 ====> Building Cache
2020-01-12 15:52:35,210 feature cache--->>> /home/annora/NetVLAD/output/train_feat_cache3.hdf5
2020-01-12 15:54:01,345 Allocated:32.90576171875 MB
2020-01-12 15:54:01,345 Cached:4088.375 MB
2020-01-12 15:56:28,315 ==> Epoch[3](50/553): Loss: 0.1310
2020-01-12 15:56:28,318 Allocated:34.90576171875 MB
2020-01-12 15:56:28,318 Cached:5230.125 MB
2020-01-12 15:57:41,050 ==> Epoch[3](100/553): Loss: 0.1138
2020-01-12 15:57:41,052 Allocated:34.90576171875 MB
2020-01-12 15:57:41,052 Cached:5230.125 MB
2020-01-12 15:59:04,139 ==> Epoch[3](150/553): Loss: 0.0786
2020-01-12 15:59:04,141 Allocated:34.90576171875 MB
2020-01-12 15:59:04,141 Cached:6382.0 MB
2020-01-12 15:59:52,830 ====> Building Cache
2020-01-12 15:59:52,831 feature cache--->>> /home/annora/NetVLAD/output/train_feat_cache3.hdf5
2020-01-12 16:01:33,926 Allocated:34.9052734375 MB
2020-01-12 16:01:33,926 Cached:2406.125 MB
2020-01-12 16:02:29,119 ==> Epoch[3](200/553): Loss: 0.2204
2020-01-12 16:02:29,122 Allocated:34.90576171875 MB
2020-01-12 16:02:29,122 Cached:4516.125 MB
2020-01-12 16:03:45,553 ==> Epoch[3](250/553): Loss: 0.1265
2020-01-12 16:03:45,556 Allocated:34.90576171875 MB
2020-01-12 16:03:45,556 Cached:6838.0 MB
2020-01-12 16:05:06,448 ==> Epoch[3](300/553): Loss: 0.0957
2020-01-12 16:05:06,451 Allocated:34.90576171875 MB
2020-01-12 16:05:06,452 Cached:6838.0 MB
2020-01-12 16:06:19,331 ==> Epoch[3](350/553): Loss: 0.1871
2020-01-12 16:06:19,334 Allocated:34.90576171875 MB
2020-01-12 16:06:19,334 Cached:6838.0 MB
2020-01-12 16:06:42,040 ====> Building Cache
2020-01-12 16:06:42,041 feature cache--->>> /home/annora/NetVLAD/output/train_feat_cache3.hdf5
2020-01-12 16:08:06,496 Allocated:34.9052734375 MB
2020-01-12 16:08:06,497 Cached:2406.125 MB
2020-01-12 16:09:33,798 ==> Epoch[3](400/553): Loss: 0.0565
2020-01-12 16:09:33,801 Allocated:34.90576171875 MB
2020-01-12 16:09:33,801 Cached:8214.0 MB
2020-01-12 16:10:50,522 ==> Epoch[3](450/553): Loss: 0.0361
2020-01-12 16:10:50,523 Allocated:34.90576171875 MB
2020-01-12 16:10:50,524 Cached:8214.0 MB
2020-01-12 16:12:29,309 ==> Epoch[3](500/553): Loss: 0.0261
2020-01-12 16:12:29,313 Allocated:34.90576171875 MB
2020-01-12 16:12:29,313 Cached:8214.0 MB
2020-01-12 16:13:54,239 ==> Epoch[3](550/553): Loss: 0.0344
2020-01-12 16:13:54,241 Allocated:34.90576171875 MB
2020-01-12 16:13:54,241 Cached:8214.0 MB
2020-01-12 16:13:57,452 ===> Epoch 3 Complete: Avg. Loss: 0.0804
2020-01-12 16:13:57,453 ====> Extracting Features
2020-01-12 16:14:36,205 ==> Batch (50/108)
2020-01-12 16:15:00,438 ==> Batch (100/108)
2020-01-12 16:15:05,497 ====> Building faiss index
2020-01-12 16:15:05,856 ====> Calculating recall @ N
2020-01-12 16:15:08,161 ====> Recall@1: 0.7838
2020-01-12 16:15:08,161 ====> Recall@2: 0.7901
2020-01-12 16:15:08,162 ====> Recall@3: 0.7933
2020-01-12 16:15:08,162 ====> Recall@4: 0.7988
2020-01-12 16:15:08,162 ====> Recall@5: 0.8023
2020-01-12 16:15:08,163 ====> Recall@10: 0.8142
2020-01-12 16:15:08,163 ====> Recall@15: 0.8249
2020-01-12 16:15:08,163 ====> Recall@20: 0.8403
2020-01-12 16:15:08,163 ====> Recall@25: 0.8499
2020-01-12 16:15:08,294 ====> Building Cache
2020-01-12 16:15:08,295 feature cache--->>> /home/annora/NetVLAD/output/train_feat_cache3.hdf5
2020-01-12 16:16:35,413 Allocated:32.90576171875 MB
2020-01-12 16:16:35,413 Cached:4088.375 MB
2020-01-12 16:18:44,365 ==> Epoch[4](50/553): Loss: 0.0046
2020-01-12 16:18:44,368 Allocated:34.90576171875 MB
2020-01-12 16:18:44,368 Cached:5239.75 MB
2020-01-12 16:20:00,144 ==> Epoch[4](100/553): Loss: 0.1168
2020-01-12 16:20:00,146 Allocated:34.90576171875 MB
2020-01-12 16:20:00,146 Cached:5239.75 MB
2020-01-12 16:21:07,384 ==> Epoch[4](150/553): Loss: 0.0355
2020-01-12 16:21:07,386 Allocated:34.90576171875 MB
2020-01-12 16:21:07,387 Cached:5239.75 MB
2020-01-12 16:22:02,975 ====> Building Cache
2020-01-12 16:22:02,975 feature cache--->>> /home/annora/NetVLAD/output/train_feat_cache3.hdf5
2020-01-12 16:23:42,982 Allocated:34.9052734375 MB
2020-01-12 16:23:42,983 Cached:2406.125 MB
2020-01-12 16:24:47,482 ==> Epoch[4](200/553): Loss: 0.0656
2020-01-12 16:24:47,485 Allocated:34.90576171875 MB
2020-01-12 16:24:47,485 Cached:3403.5 MB
2020-01-12 16:26:11,035 ==> Epoch[4](250/553): Loss: 0.2704
2020-01-12 16:26:11,038 Allocated:34.90576171875 MB
2020-01-12 16:26:11,038 Cached:4536.25 MB
2020-01-12 16:27:23,202 ==> Epoch[4](300/553): Loss: 0.1242
2020-01-12 16:27:23,205 Allocated:34.90576171875 MB
2020-01-12 16:27:23,205 Cached:5674.375 MB
2020-01-12 16:28:34,324 ==> Epoch[4](350/553): Loss: 0.0215
2020-01-12 16:28:34,326 Allocated:34.90576171875 MB
2020-01-12 16:28:34,326 Cached:5732.375 MB
2020-01-12 16:28:54,941 ====> Building Cache
2020-01-12 16:28:54,942 feature cache--->>> /home/annora/NetVLAD/output/train_feat_cache3.hdf5
2020-01-12 16:30:20,879 Allocated:34.9052734375 MB
2020-01-12 16:30:20,879 Cached:2406.125 MB
2020-01-12 16:31:39,479 ==> Epoch[4](400/553): Loss: 0.0312
2020-01-12 16:31:39,482 Allocated:34.90576171875 MB
2020-01-12 16:31:39,482 Cached:4586.125 MB
2020-01-12 16:32:55,616 ==> Epoch[4](450/553): Loss: 0.0329
2020-01-12 16:32:55,619 Allocated:34.90576171875 MB
2020-01-12 16:32:55,620 Cached:4586.125 MB
2020-01-12 16:34:32,993 ==> Epoch[4](500/553): Loss: 0.0441
2020-01-12 16:34:32,995 Allocated:34.90576171875 MB
2020-01-12 16:34:32,996 Cached:5785.875 MB
2020-01-12 16:35:48,423 ==> Epoch[4](550/553): Loss: 0.0209
2020-01-12 16:35:48,426 Allocated:34.90576171875 MB
2020-01-12 16:35:48,426 Cached:5785.875 MB
2020-01-12 16:35:49,962 ===> Epoch 4 Complete: Avg. Loss: 0.0779
2020-01-12 16:35:49,963 ====> Extracting Features
2020-01-12 16:36:30,738 ==> Batch (50/108)
2020-01-12 16:36:57,053 ==> Batch (100/108)
2020-01-12 16:37:02,388 ====> Building faiss index
2020-01-12 16:37:02,783 ====> Calculating recall @ N
2020-01-12 16:37:04,965 ====> Recall@1: 0.7762
2020-01-12 16:37:04,966 ====> Recall@2: 0.7875
2020-01-12 16:37:04,966 ====> Recall@3: 0.7922
2020-01-12 16:37:04,967 ====> Recall@4: 0.7954
2020-01-12 16:37:04,967 ====> Recall@5: 0.7986
2020-01-12 16:37:04,967 ====> Recall@10: 0.8072
2020-01-12 16:37:04,967 ====> Recall@15: 0.8188
2020-01-12 16:37:04,968 ====> Recall@20: 0.8333
2020-01-12 16:37:04,968 ====> Recall@25: 0.8441
2020-01-12 16:37:05,108 ====> Building Cache
2020-01-12 16:37:05,108 feature cache--->>> /home/annora/NetVLAD/output/train_feat_cache3.hdf5
2020-01-12 16:38:36,095 Allocated:32.90576171875 MB
2020-01-12 16:38:36,096 Cached:4088.375 MB
2020-01-12 16:40:29,393 ==> Epoch[5](50/553): Loss: 0.0000
2020-01-12 16:40:29,396 Allocated:34.90576171875 MB
2020-01-12 16:40:29,396 Cached:4157.375 MB
2020-01-12 16:41:35,298 ==> Epoch[5](100/553): Loss: 0.0423
2020-01-12 16:41:35,302 Allocated:34.90576171875 MB
2020-01-12 16:41:35,302 Cached:4157.375 MB
2020-01-12 16:42:39,241 ==> Epoch[5](150/553): Loss: 0.0675
2020-01-12 16:42:39,243 Allocated:34.90576171875 MB
2020-01-12 16:42:39,244 Cached:4157.375 MB
2020-01-12 16:43:24,479 ====> Building Cache
2020-01-12 16:43:24,480 feature cache--->>> /home/annora/NetVLAD/output/train_feat_cache3.hdf5
2020-01-12 16:45:05,941 Allocated:34.9052734375 MB
2020-01-12 16:45:05,943 Cached:2406.125 MB
2020-01-12 16:46:05,531 ==> Epoch[5](200/553): Loss: 0.1853
2020-01-12 16:46:05,534 Allocated:34.90576171875 MB
2020-01-12 16:46:05,534 Cached:3375.0 MB
2020-01-12 16:47:21,472 ==> Epoch[5](250/553): Loss: 0.1693
2020-01-12 16:47:21,474 Allocated:34.90576171875 MB
2020-01-12 16:47:21,475 Cached:4517.125 MB
2020-01-12 16:48:27,699 ==> Epoch[5](300/553): Loss: 0.1433
2020-01-12 16:48:27,701 Allocated:34.90576171875 MB
2020-01-12 16:48:27,702 Cached:4517.125 MB
2020-01-12 16:49:32,143 ==> Epoch[5](350/553): Loss: 0.1713
2020-01-12 16:49:32,146 Allocated:34.90576171875 MB
2020-01-12 16:49:32,146 Cached:4517.125 MB
2020-01-12 16:49:54,195 ====> Building Cache
2020-01-12 16:49:54,196 feature cache--->>> /home/annora/NetVLAD/output/train_feat_cache3.hdf5
2020-01-12 16:51:22,416 Allocated:34.9052734375 MB
2020-01-12 16:51:22,416 Cached:2406.125 MB
2020-01-12 16:52:42,267 ==> Epoch[5](400/553): Loss: 0.0508
2020-01-12 16:52:42,269 Allocated:34.90576171875 MB
2020-01-12 16:52:42,270 Cached:3402.375 MB
2020-01-12 16:54:11,102 ==> Epoch[5](450/553): Loss: 0.0296
2020-01-12 16:54:11,106 Allocated:34.90576171875 MB
2020-01-12 16:54:11,107 Cached:5740.25 MB
2020-01-12 16:55:47,034 ==> Epoch[5](500/553): Loss: 0.0229
2020-01-12 16:55:47,038 Allocated:34.90576171875 MB
2020-01-12 16:55:47,039 Cached:5740.25 MB
2020-01-12 16:57:04,550 ==> Epoch[5](550/553): Loss: 0.0819
2020-01-12 16:57:04,552 Allocated:34.90576171875 MB
2020-01-12 16:57:04,553 Cached:5740.25 MB
2020-01-12 16:57:09,167 ===> Epoch 5 Complete: Avg. Loss: 0.0810
2020-01-12 16:57:09,169 ====> Extracting Features
2020-01-12 16:57:52,286 ==> Batch (50/108)
2020-01-12 16:58:17,658 ==> Batch (100/108)
2020-01-12 16:58:22,651 ====> Building faiss index
2020-01-12 16:58:23,383 ====> Calculating recall @ N
2020-01-12 16:58:25,887 ====> Recall@1: 0.7748
2020-01-12 16:58:25,887 ====> Recall@2: 0.7820
2020-01-12 16:58:25,888 ====> Recall@3: 0.7875
2020-01-12 16:58:25,888 ====> Recall@4: 0.7910
2020-01-12 16:58:25,889 ====> Recall@5: 0.7939
2020-01-12 16:58:25,889 ====> Recall@10: 0.8130
2020-01-12 16:58:25,889 ====> Recall@15: 0.8299
2020-01-12 16:58:25,889 ====> Recall@20: 0.8438
2020-01-12 16:58:25,889 ====> Recall@25: 0.8568
2020-01-12 16:58:26,065 ====> Building Cache
2020-01-12 16:58:26,066 feature cache--->>> /home/annora/NetVLAD/output/train_feat_cache3.hdf5
2020-01-12 16:59:53,858 Allocated:32.90576171875 MB
2020-01-12 16:59:53,859 Cached:4088.375 MB
2020-01-12 17:01:39,584 ==> Epoch[6](50/553): Loss: 0.1647
2020-01-12 17:01:39,587 Allocated:34.90576171875 MB
2020-01-12 17:01:39,588 Cached:4097.375 MB
2020-01-12 17:02:42,239 ==> Epoch[6](100/553): Loss: 0.0572
2020-01-12 17:02:42,242 Allocated:34.90576171875 MB
2020-01-12 17:02:42,243 Cached:4097.375 MB
2020-01-12 17:03:53,762 ==> Epoch[6](150/553): Loss: 0.0467
2020-01-12 17:03:53,766 Allocated:34.90576171875 MB
2020-01-12 17:03:53,766 Cached:4097.375 MB
2020-01-12 17:04:38,254 ====> Building Cache
2020-01-12 17:04:38,255 feature cache--->>> /home/annora/NetVLAD/output/train_feat_cache3.hdf5
2020-01-12 17:06:22,720 Allocated:34.9052734375 MB
2020-01-12 17:06:22,721 Cached:2406.125 MB
2020-01-12 17:07:23,222 ==> Epoch[6](200/553): Loss: 0.0409
2020-01-12 17:07:23,225 Allocated:34.90576171875 MB
2020-01-12 17:07:23,225 Cached:3375.0 MB
2020-01-12 17:08:38,405 ==> Epoch[6](250/553): Loss: 0.1167
2020-01-12 17:08:38,408 Allocated:34.90576171875 MB
2020-01-12 17:08:38,408 Cached:3378.0 MB
2020-01-12 17:09:54,622 ==> Epoch[6](300/553): Loss: 0.0191
2020-01-12 17:09:54,624 Allocated:34.90576171875 MB
2020-01-12 17:09:54,624 Cached:3378.0 MB
2020-01-12 17:11:05,326 ==> Epoch[6](350/553): Loss: 0.2950
2020-01-12 17:11:05,328 Allocated:34.90576171875 MB
2020-01-12 17:11:05,328 Cached:3378.0 MB
2020-01-12 17:11:27,578 ====> Building Cache
2020-01-12 17:11:27,579 feature cache--->>> /home/annora/NetVLAD/output/train_feat_cache3.hdf5
2020-01-12 17:13:02,281 Allocated:34.9052734375 MB
2020-01-12 17:13:02,281 Cached:2406.125 MB
2020-01-12 17:14:21,576 ==> Epoch[6](400/553): Loss: 0.1374
2020-01-12 17:14:21,579 Allocated:34.90576171875 MB
2020-01-12 17:14:21,579 Cached:3373.75 MB
2020-01-12 17:15:28,824 ==> Epoch[6](450/553): Loss: 0.0292
2020-01-12 17:15:28,827 Allocated:34.90576171875 MB
2020-01-12 17:15:28,827 Cached:3373.75 MB
2020-01-12 17:16:55,892 ==> Epoch[6](500/553): Loss: 0.0957
2020-01-12 17:16:55,895 Allocated:34.90576171875 MB
2020-01-12 17:16:55,895 Cached:4539.375 MB
2020-01-12 17:18:22,271 ==> Epoch[6](550/553): Loss: 0.0318
2020-01-12 17:18:22,273 Allocated:34.90576171875 MB
2020-01-12 17:18:22,273 Cached:4539.375 MB
2020-01-12 17:18:26,242 ===> Epoch 6 Complete: Avg. Loss: 0.0768
2020-01-12 17:18:26,244 ====> Extracting Features
2020-01-12 17:19:02,710 ==> Batch (50/108)
2020-01-12 17:19:29,672 ==> Batch (100/108)
2020-01-12 17:19:34,185 ====> Building faiss index
2020-01-12 17:19:34,571 ====> Calculating recall @ N
2020-01-12 17:19:36,716 ====> Recall@1: 0.7751
2020-01-12 17:19:36,717 ====> Recall@2: 0.7823
2020-01-12 17:19:36,717 ====> Recall@3: 0.7875
2020-01-12 17:19:36,717 ====> Recall@4: 0.7922
2020-01-12 17:19:36,718 ====> Recall@5: 0.7971
2020-01-12 17:19:36,718 ====> Recall@10: 0.8171
2020-01-12 17:19:36,718 ====> Recall@15: 0.8310
2020-01-12 17:19:36,718 ====> Recall@20: 0.8438
2020-01-12 17:19:36,718 ====> Recall@25: 0.8557
2020-01-12 17:19:36,869 ====> Building Cache
2020-01-12 17:19:36,869 feature cache--->>> /home/annora/NetVLAD/output/train_feat_cache3.hdf5
2020-01-12 17:21:02,680 Allocated:32.90576171875 MB
2020-01-12 17:21:02,681 Cached:4088.375 MB
2020-01-12 17:22:48,949 ==> Epoch[7](50/553): Loss: 0.0197
2020-01-12 17:22:48,952 Allocated:34.90576171875 MB
2020-01-12 17:22:48,953 Cached:4157.375 MB
2020-01-12 17:23:55,840 ==> Epoch[7](100/553): Loss: 0.0245
2020-01-12 17:23:55,842 Allocated:34.90576171875 MB
2020-01-12 17:23:55,842 Cached:4157.375 MB
2020-01-12 17:25:01,485 ==> Epoch[7](150/553): Loss: 0.0550
2020-01-12 17:25:01,490 Allocated:34.90576171875 MB
2020-01-12 17:25:01,491 Cached:4157.375 MB
2020-01-12 17:25:47,209 ====> Building Cache
2020-01-12 17:25:47,210 feature cache--->>> /home/annora/NetVLAD/output/train_feat_cache3.hdf5
2020-01-12 17:27:26,023 Allocated:34.9052734375 MB
2020-01-12 17:27:26,024 Cached:2406.125 MB
2020-01-12 17:28:32,998 ==> Epoch[7](200/553): Loss: 0.0157
2020-01-12 17:28:33,000 Allocated:34.90576171875 MB
2020-01-12 17:28:33,000 Cached:3370.625 MB
2020-01-12 17:29:54,643 ==> Epoch[7](250/553): Loss: 0.0203
2020-01-12 17:29:54,646 Allocated:34.90576171875 MB
2020-01-12 17:29:54,646 Cached:3430.625 MB
2020-01-12 17:31:06,418 ==> Epoch[7](300/553): Loss: 0.1125
2020-01-12 17:31:06,420 Allocated:34.90576171875 MB
2020-01-12 17:31:06,421 Cached:3430.625 MB
2020-01-12 17:32:21,856 ==> Epoch[7](350/553): Loss: 0.2393
2020-01-12 17:32:21,858 Allocated:34.90576171875 MB
2020-01-12 17:32:21,859 Cached:3430.625 MB
2020-01-12 17:32:51,052 ====> Building Cache
2020-01-12 17:32:51,053 feature cache--->>> /home/annora/NetVLAD/output/train_feat_cache3.hdf5
2020-01-12 17:34:15,245 Allocated:34.9052734375 MB
2020-01-12 17:34:15,245 Cached:2407.125 MB
2020-01-12 17:35:36,064 ==> Epoch[7](400/553): Loss: 0.1020
2020-01-12 17:35:36,067 Allocated:34.90576171875 MB
2020-01-12 17:35:36,067 Cached:4512.875 MB
2020-01-12 17:36:49,168 ==> Epoch[7](450/553): Loss: 0.0119
2020-01-12 17:36:49,170 Allocated:34.90576171875 MB
2020-01-12 17:36:49,170 Cached:5647.875 MB
2020-01-12 17:38:13,140 ==> Epoch[7](500/553): Loss: 0.0756
2020-01-12 17:38:13,143 Allocated:34.90576171875 MB
2020-01-12 17:38:13,144 Cached:6796.625 MB
2020-01-12 17:39:24,352 ==> Epoch[7](550/553): Loss: 0.0309
2020-01-12 17:39:24,353 Allocated:34.90576171875 MB
2020-01-12 17:39:24,354 Cached:6796.625 MB
2020-01-12 17:39:26,126 ===> Epoch 7 Complete: Avg. Loss: 0.0727
2020-01-12 17:39:26,128 ====> Extracting Features
2020-01-12 17:40:04,477 ==> Batch (50/108)
2020-01-12 17:40:27,457 ==> Batch (100/108)
2020-01-12 17:40:32,442 ====> Building faiss index
2020-01-12 17:40:32,844 ====> Calculating recall @ N
2020-01-12 17:40:35,024 ====> Recall@1: 0.7748
2020-01-12 17:40:35,025 ====> Recall@2: 0.7823
2020-01-12 17:40:35,026 ====> Recall@3: 0.7878
2020-01-12 17:40:35,026 ====> Recall@4: 0.7942
2020-01-12 17:40:35,026 ====> Recall@5: 0.8006
2020-01-12 17:40:35,026 ====> Recall@10: 0.8180
2020-01-12 17:40:35,027 ====> Recall@15: 0.8296
2020-01-12 17:40:35,027 ====> Recall@20: 0.8435
2020-01-12 17:40:35,027 ====> Recall@25: 0.8530
2020-01-12 17:40:35,183 ====> Building Cache
2020-01-12 17:40:35,184 feature cache--->>> /home/annora/NetVLAD/output/train_feat_cache3.hdf5
2020-01-12 17:41:59,164 Allocated:32.90576171875 MB
2020-01-12 17:41:59,165 Cached:4088.375 MB
2020-01-12 17:43:45,161 ==> Epoch[8](50/553): Loss: 0.0000
2020-01-12 17:43:45,164 Allocated:34.90576171875 MB
2020-01-12 17:43:45,164 Cached:4097.375 MB
2020-01-12 17:44:48,567 ==> Epoch[8](100/553): Loss: 0.0034
2020-01-12 17:44:48,570 Allocated:34.90576171875 MB
2020-01-12 17:44:48,570 Cached:4156.375 MB
2020-01-12 17:45:52,061 ==> Epoch[8](150/553): Loss: 0.0144
2020-01-12 17:45:52,064 Allocated:34.90576171875 MB
2020-01-12 17:45:52,064 Cached:4157.375 MB
2020-01-12 17:46:36,055 ====> Building Cache
2020-01-12 17:46:36,056 feature cache--->>> /home/annora/NetVLAD/output/train_feat_cache3.hdf5
2020-01-12 17:48:13,228 Allocated:34.9052734375 MB
2020-01-12 17:48:13,229 Cached:2406.125 MB
2020-01-12 17:49:10,595 ==> Epoch[8](200/553): Loss: 0.2152
2020-01-12 17:49:10,598 Allocated:34.90576171875 MB
2020-01-12 17:49:10,599 Cached:2410.125 MB
2020-01-12 17:50:32,909 ==> Epoch[8](250/553): Loss: 0.1318
2020-01-12 17:50:32,911 Allocated:34.90576171875 MB
2020-01-12 17:50:32,912 Cached:3372.75 MB
2020-01-12 17:52:03,995 ==> Epoch[8](300/553): Loss: 0.1366
2020-01-12 17:52:03,999 Allocated:34.90576171875 MB
2020-01-12 17:52:03,999 Cached:3373.75 MB
2020-01-12 17:53:15,345 ==> Epoch[8](350/553): Loss: 0.0510
2020-01-12 17:53:15,348 Allocated:34.90576171875 MB
2020-01-12 17:53:15,348 Cached:3373.75 MB
2020-01-12 17:53:37,575 ====> Building Cache
2020-01-12 17:53:37,576 feature cache--->>> /home/annora/NetVLAD/output/train_feat_cache3.hdf5
2020-01-12 17:55:02,694 Allocated:34.9052734375 MB
2020-01-12 17:55:02,695 Cached:2406.125 MB
2020-01-12 17:56:19,063 ==> Epoch[8](400/553): Loss: 0.0131
2020-01-12 17:56:19,066 Allocated:34.90576171875 MB
2020-01-12 17:56:19,066 Cached:3402.5 MB
2020-01-12 17:57:32,893 ==> Epoch[8](450/553): Loss: 0.1356
2020-01-12 17:57:32,897 Allocated:34.90576171875 MB
2020-01-12 17:57:32,897 Cached:3403.5 MB
2020-01-12 17:59:07,164 ==> Epoch[8](500/553): Loss: 0.0374
2020-01-12 17:59:07,167 Allocated:34.90576171875 MB
2020-01-12 17:59:07,167 Cached:3463.5 MB
2020-01-12 18:00:28,010 ==> Epoch[8](550/553): Loss: 0.0280
2020-01-12 18:00:28,013 Allocated:34.90576171875 MB
2020-01-12 18:00:28,013 Cached:4620.75 MB
2020-01-12 18:00:31,535 ===> Epoch 8 Complete: Avg. Loss: 0.0692
2020-01-12 18:00:31,537 ====> Extracting Features
2020-01-12 18:01:18,551 ==> Batch (50/108)
2020-01-12 18:01:43,240 ==> Batch (100/108)
2020-01-12 18:01:48,255 ====> Building faiss index
2020-01-12 18:01:48,636 ====> Calculating recall @ N
2020-01-12 18:01:50,797 ====> Recall@1: 0.7757
2020-01-12 18:01:50,798 ====> Recall@2: 0.7838
2020-01-12 18:01:50,799 ====> Recall@3: 0.7887
2020-01-12 18:01:50,799 ====> Recall@4: 0.7945
2020-01-12 18:01:50,799 ====> Recall@5: 0.7986
2020-01-12 18:01:50,799 ====> Recall@10: 0.8130
2020-01-12 18:01:50,800 ====> Recall@15: 0.8261
2020-01-12 18:01:50,800 ====> Recall@20: 0.8354
2020-01-12 18:01:50,800 ====> Recall@25: 0.8443
2020-01-12 18:01:50,933 ====> Building Cache
2020-01-12 18:01:50,933 feature cache--->>> /home/annora/NetVLAD/output/train_feat_cache3.hdf5
2020-01-12 18:03:18,658 Allocated:32.90576171875 MB
2020-01-12 18:03:18,658 Cached:4088.375 MB
2020-01-12 18:05:02,750 ==> Epoch[9](50/553): Loss: 0.0286
2020-01-12 18:05:02,753 Allocated:34.90576171875 MB
2020-01-12 18:05:02,753 Cached:4157.375 MB
2020-01-12 18:06:07,610 ==> Epoch[9](100/553): Loss: 0.0684
2020-01-12 18:06:07,613 Allocated:34.90576171875 MB
2020-01-12 18:06:07,613 Cached:4157.375 MB
2020-01-12 18:07:23,083 ==> Epoch[9](150/553): Loss: 0.0456
2020-01-12 18:07:23,087 Allocated:34.90576171875 MB
2020-01-12 18:07:23,088 Cached:4157.375 MB
2020-01-12 18:08:10,296 ====> Building Cache
2020-01-12 18:08:10,297 feature cache--->>> /home/annora/NetVLAD/output/train_feat_cache3.hdf5
2020-01-12 18:09:44,066 Allocated:34.9052734375 MB
2020-01-12 18:09:44,067 Cached:2406.125 MB
2020-01-12 18:10:43,948 ==> Epoch[9](200/553): Loss: 0.1040
2020-01-12 18:10:43,951 Allocated:34.90576171875 MB
2020-01-12 18:10:43,951 Cached:3381.375 MB
2020-01-12 18:12:14,213 ==> Epoch[9](250/553): Loss: 0.1418
2020-01-12 18:12:14,215 Allocated:34.90576171875 MB
2020-01-12 18:12:14,216 Cached:3384.375 MB
2020-01-12 18:13:34,272 ==> Epoch[9](300/553): Loss: 0.0599
2020-01-12 18:13:34,274 Allocated:34.90576171875 MB
2020-01-12 18:13:34,275 Cached:3384.375 MB
2020-01-12 18:14:40,709 ==> Epoch[9](350/553): Loss: 0.0836
2020-01-12 18:14:40,711 Allocated:34.90576171875 MB
2020-01-12 18:14:40,712 Cached:3443.375 MB
2020-01-12 18:15:05,320 ====> Building Cache
2020-01-12 18:15:05,321 feature cache--->>> /home/annora/NetVLAD/output/train_feat_cache3.hdf5
2020-01-12 18:16:35,558 Allocated:34.9052734375 MB
2020-01-12 18:16:35,559 Cached:2406.125 MB
2020-01-12 18:17:51,042 ==> Epoch[9](400/553): Loss: 0.0535
2020-01-12 18:17:51,048 Allocated:34.90576171875 MB
2020-01-12 18:17:51,048 Cached:3381.25 MB
2020-01-12 18:19:01,323 ==> Epoch[9](450/553): Loss: 0.0905
2020-01-12 18:19:01,326 Allocated:34.90576171875 MB
2020-01-12 18:19:01,326 Cached:3382.25 MB
2020-01-12 18:20:36,770 ==> Epoch[9](500/553): Loss: 0.0094
2020-01-12 18:20:36,773 Allocated:34.90576171875 MB
2020-01-12 18:20:36,773 Cached:3382.25 MB
2020-01-12 18:21:51,173 ==> Epoch[9](550/553): Loss: 0.1493
2020-01-12 18:21:51,176 Allocated:34.90576171875 MB
2020-01-12 18:21:51,176 Cached:3382.25 MB
2020-01-12 18:21:52,328 ===> Epoch 9 Complete: Avg. Loss: 0.0690
2020-01-12 18:21:52,329 ====> Extracting Features
2020-01-12 18:22:31,044 ==> Batch (50/108)
2020-01-12 18:22:55,102 ==> Batch (100/108)
2020-01-12 18:23:00,199 ====> Building faiss index
2020-01-12 18:23:00,556 ====> Calculating recall @ N
2020-01-12 18:23:02,853 ====> Recall@1: 0.7745
2020-01-12 18:23:02,854 ====> Recall@2: 0.7872
2020-01-12 18:23:02,855 ====> Recall@3: 0.7974
2020-01-12 18:23:02,855 ====> Recall@4: 0.8023
2020-01-12 18:23:02,855 ====> Recall@5: 0.8052
2020-01-12 18:23:02,855 ====> Recall@10: 0.8171
2020-01-12 18:23:02,855 ====> Recall@15: 0.8267
2020-01-12 18:23:02,855 ====> Recall@20: 0.8403
2020-01-12 18:23:02,856 ====> Recall@25: 0.8467
2020-01-12 18:23:03,000 ====> Building Cache
2020-01-12 18:23:03,000 feature cache--->>> /home/annora/NetVLAD/output/train_feat_cache3.hdf5
2020-01-12 18:24:28,813 Allocated:32.90576171875 MB
2020-01-12 18:24:28,813 Cached:4088.375 MB
2020-01-12 18:26:09,078 ==> Epoch[10](50/553): Loss: 0.1239
2020-01-12 18:26:09,081 Allocated:34.90576171875 MB
2020-01-12 18:26:09,082 Cached:4097.375 MB
2020-01-12 18:27:17,465 ==> Epoch[10](100/553): Loss: 0.0156
2020-01-12 18:27:17,467 Allocated:34.90576171875 MB
2020-01-12 18:27:17,468 Cached:4156.375 MB
2020-01-12 18:28:23,078 ==> Epoch[10](150/553): Loss: 0.0295
2020-01-12 18:28:23,081 Allocated:34.90576171875 MB
2020-01-12 18:28:23,081 Cached:4157.375 MB
2020-01-12 18:29:05,198 ====> Building Cache
2020-01-12 18:29:05,199 feature cache--->>> /home/annora/NetVLAD/output/train_feat_cache3.hdf5
2020-01-12 18:30:43,027 Allocated:34.9052734375 MB
2020-01-12 18:30:43,028 Cached:2406.125 MB
2020-01-12 18:31:48,653 ==> Epoch[10](200/553): Loss: 0.2238
2020-01-12 18:31:48,655 Allocated:34.90576171875 MB
2020-01-12 18:31:48,655 Cached:2414.125 MB
2020-01-12 18:33:07,282 ==> Epoch[10](250/553): Loss: 0.1162
2020-01-12 18:33:07,299 Allocated:34.90576171875 MB
2020-01-12 18:33:07,303 Cached:4535.25 MB
2020-01-12 18:34:21,545 ==> Epoch[10](300/553): Loss: 0.0768
2020-01-12 18:34:21,548 Allocated:34.90576171875 MB
2020-01-12 18:34:21,549 Cached:5731.375 MB
2020-01-12 18:35:26,023 ==> Epoch[10](350/553): Loss: 0.2264
2020-01-12 18:35:26,025 Allocated:34.90576171875 MB
2020-01-12 18:35:26,026 Cached:5731.375 MB
2020-01-12 18:35:47,108 ====> Building Cache
2020-01-12 18:35:47,108 feature cache--->>> /home/annora/NetVLAD/output/train_feat_cache3.hdf5
2020-01-12 18:37:15,649 Allocated:34.9052734375 MB
2020-01-12 18:37:15,649 Cached:2406.125 MB
2020-01-12 18:38:36,934 ==> Epoch[10](400/553): Loss: 0.1009
2020-01-12 18:38:36,937 Allocated:34.90576171875 MB
2020-01-12 18:38:36,937 Cached:2412.125 MB
2020-01-12 18:39:51,488 ==> Epoch[10](450/553): Loss: 0.0661
2020-01-12 18:39:51,491 Allocated:34.90576171875 MB
2020-01-12 18:39:51,492 Cached:3379.125 MB
2020-01-12 18:40:57,564 ==> Epoch[10](500/553): Loss: 0.0728
2020-01-12 18:40:57,567 Allocated:34.90576171875 MB
2020-01-12 18:40:57,567 Cached:3380.125 MB
2020-01-12 18:42:15,490 ==> Epoch[10](550/553): Loss: 0.0637
2020-01-12 18:42:15,492 Allocated:34.90576171875 MB
2020-01-12 18:42:15,492 Cached:3380.125 MB
2020-01-12 18:42:20,461 ===> Epoch 10 Complete: Avg. Loss: 0.0729
2020-01-12 18:42:20,463 ====> Extracting Features
2020-01-12 18:42:58,418 ==> Batch (50/108)
2020-01-12 18:43:25,200 ==> Batch (100/108)
2020-01-12 18:43:30,075 ====> Building faiss index
2020-01-12 18:43:30,423 ====> Calculating recall @ N
2020-01-12 18:43:32,552 ====> Recall@1: 0.7771
2020-01-12 18:43:32,553 ====> Recall@2: 0.7936
2020-01-12 18:43:32,553 ====> Recall@3: 0.8000
2020-01-12 18:43:32,553 ====> Recall@4: 0.8072
2020-01-12 18:43:32,554 ====> Recall@5: 0.8110
2020-01-12 18:43:32,554 ====> Recall@10: 0.8264
2020-01-12 18:43:32,554 ====> Recall@15: 0.8374
2020-01-12 18:43:32,554 ====> Recall@20: 0.8449
2020-01-12 18:43:32,554 ====> Recall@25: 0.8522
2020-01-12 18:43:32,681 ====> Building Cache
2020-01-12 18:43:32,681 feature cache--->>> /home/annora/NetVLAD/output/train_feat_cache3.hdf5
2020-01-12 18:44:58,795 Allocated:32.90576171875 MB
2020-01-12 18:44:58,795 Cached:4088.375 MB
2020-01-12 18:46:56,135 ==> Epoch[11](50/553): Loss: 0.0113
2020-01-12 18:46:56,137 Allocated:34.90576171875 MB
2020-01-12 18:46:56,137 Cached:4157.375 MB
2020-01-12 18:47:56,427 ==> Epoch[11](100/553): Loss: 0.0750
2020-01-12 18:47:56,429 Allocated:34.90576171875 MB
2020-01-12 18:47:56,430 Cached:4157.375 MB
2020-01-12 18:48:54,494 ==> Epoch[11](150/553): Loss: 0.0106
2020-01-12 18:48:54,496 Allocated:34.90576171875 MB
2020-01-12 18:48:54,496 Cached:4157.375 MB
2020-01-12 18:49:38,631 ====> Building Cache
2020-01-12 18:49:38,632 feature cache--->>> /home/annora/NetVLAD/output/train_feat_cache3.hdf5
2020-01-12 18:51:03,938 Allocated:34.9052734375 MB
2020-01-12 18:51:03,939 Cached:2406.125 MB
2020-01-12 18:52:22,035 ==> Epoch[11](200/553): Loss: 0.1355
2020-01-12 18:52:22,038 Allocated:34.90576171875 MB
2020-01-12 18:52:22,039 Cached:2413.125 MB
2020-01-12 18:53:55,825 ==> Epoch[11](250/553): Loss: 0.2395
2020-01-12 18:53:55,828 Allocated:34.90576171875 MB
2020-01-12 18:53:55,828 Cached:3372.75 MB
2020-01-12 18:55:02,198 ==> Epoch[11](300/553): Loss: 0.1393
2020-01-12 18:55:02,200 Allocated:34.90576171875 MB
2020-01-12 18:55:02,201 Cached:3373.75 MB
2020-01-12 18:56:04,669 ==> Epoch[11](350/553): Loss: 0.1420
2020-01-12 18:56:04,672 Allocated:34.90576171875 MB
2020-01-12 18:56:04,672 Cached:3433.75 MB
2020-01-12 18:56:28,317 ====> Building Cache
2020-01-12 18:56:28,318 feature cache--->>> /home/annora/NetVLAD/output/train_feat_cache3.hdf5
2020-01-12 18:57:52,554 Allocated:34.9052734375 MB
2020-01-12 18:57:52,555 Cached:2406.125 MB
2020-01-12 18:59:12,625 ==> Epoch[11](400/553): Loss: 0.0605
2020-01-12 18:59:12,628 Allocated:34.90576171875 MB
2020-01-12 18:59:12,629 Cached:3380.125 MB
2020-01-12 19:00:32,046 ==> Epoch[11](450/553): Loss: 0.0249
2020-01-12 19:00:32,048 Allocated:34.90576171875 MB
2020-01-12 19:00:32,049 Cached:4528.875 MB
2020-01-12 19:01:51,801 ==> Epoch[11](500/553): Loss: 0.0084
2020-01-12 19:01:51,803 Allocated:34.90576171875 MB
2020-01-12 19:01:51,804 Cached:4528.875 MB
2020-01-12 19:03:06,445 ==> Epoch[11](550/553): Loss: 0.0799
2020-01-12 19:03:06,448 Allocated:34.90576171875 MB
2020-01-12 19:03:06,448 Cached:4528.875 MB
2020-01-12 19:03:08,970 ===> Epoch 11 Complete: Avg. Loss: 0.0670
2020-01-12 19:03:08,972 ====> Extracting Features
2020-01-12 19:03:55,294 ==> Batch (50/108)
2020-01-12 19:04:23,476 ==> Batch (100/108)
2020-01-12 19:04:28,166 ====> Building faiss index
2020-01-12 19:04:28,515 ====> Calculating recall @ N
2020-01-12 19:04:30,649 ====> Recall@1: 0.7759
2020-01-12 19:04:30,650 ====> Recall@2: 0.7881
2020-01-12 19:04:30,650 ====> Recall@3: 0.7954
2020-01-12 19:04:30,651 ====> Recall@4: 0.8012
2020-01-12 19:04:30,651 ====> Recall@5: 0.8070
2020-01-12 19:04:30,651 ====> Recall@10: 0.8200
2020-01-12 19:04:30,651 ====> Recall@15: 0.8339
2020-01-12 19:04:30,651 ====> Recall@20: 0.8429
2020-01-12 19:04:30,652 ====> Recall@25: 0.8501
2020-01-12 19:04:30,776 ====> Building Cache
2020-01-12 19:04:30,776 feature cache--->>> /home/annora/NetVLAD/output/train_feat_cache3.hdf5
2020-01-12 19:06:02,887 Allocated:32.90576171875 MB
2020-01-12 19:06:02,888 Cached:4088.375 MB
2020-01-12 19:08:42,484 ==> Epoch[12](100/553): Loss: 0.0198
2020-01-12 19:08:42,486 Allocated:34.90576171875 MB
2020-01-12 19:08:42,486 Cached:4157.375 MB
2020-01-12 19:09:42,778 ==> Epoch[12](150/553): Loss: 0.0029
2020-01-12 19:09:42,781 Allocated:34.90576171875 MB
2020-01-12 19:09:42,781 Cached:4157.375 MB
2020-01-12 19:10:27,797 ====> Building Cache
2020-01-12 19:10:27,798 feature cache--->>> /home/annora/NetVLAD/output/train_feat_cache3.hdf5
2020-01-12 19:11:54,649 Allocated:34.9052734375 MB
2020-01-12 19:11:54,650 Cached:2406.125 MB
2020-01-12 19:12:54,454 ==> Epoch[12](200/553): Loss: 0.1173
2020-01-12 19:12:54,457 Allocated:34.90576171875 MB
2020-01-12 19:12:54,457 Cached:2411.125 MB
2020-01-12 19:14:05,831 ==> Epoch[12](250/553): Loss: 0.2288
2020-01-12 19:14:05,833 Allocated:34.90576171875 MB
2020-01-12 19:14:05,834 Cached:3430.625 MB
2020-01-12 19:16:27,891 ==> Epoch[12](350/553): Loss: 0.2885
2020-01-12 19:16:27,894 Allocated:34.90576171875 MB
2020-01-12 19:16:27,894 Cached:3430.625 MB
2020-01-12 19:16:50,391 ====> Building Cache
2020-01-12 19:16:50,392 feature cache--->>> /home/annora/NetVLAD/output/train_feat_cache3.hdf5
2020-01-12 19:18:14,967 Allocated:34.9052734375 MB
2020-01-12 19:18:14,968 Cached:2406.125 MB
2020-01-12 19:19:35,927 ==> Epoch[12](400/553): Loss: 0.0094
2020-01-12 19:19:35,930 Allocated:34.90576171875 MB
2020-01-12 19:19:35,930 Cached:3387.625 MB
2020-01-12 19:20:43,841 ==> Epoch[12](450/553): Loss: 0.0107
2020-01-12 19:20:43,843 Allocated:34.90576171875 MB
2020-01-12 19:20:43,843 Cached:3447.625 MB
2020-01-12 19:22:01,968 ==> Epoch[12](500/553): Loss: 0.0332
2020-01-12 19:22:01,971 Allocated:34.90576171875 MB
2020-01-12 19:22:01,971 Cached:3447.625 MB
2020-01-12 19:23:04,241 ==> Epoch[12](550/553): Loss: 0.0101
2020-01-12 19:23:04,243 Allocated:34.90576171875 MB
2020-01-12 19:23:04,243 Cached:3447.625 MB
2020-01-12 19:23:06,873 ===> Epoch 12 Complete: Avg. Loss: 0.0706
2020-01-12 19:23:06,875 ====> Extracting Features
2020-01-12 19:23:50,670 ==> Batch (50/108)
2020-01-12 19:24:17,646 ==> Batch (100/108)
2020-01-12 19:24:22,706 ====> Building faiss index
2020-01-12 19:24:23,073 ====> Calculating recall @ N
2020-01-12 19:24:25,370 ====> Recall@1: 0.7745
2020-01-12 19:24:25,371 ====> Recall@2: 0.7843
2020-01-12 19:24:25,371 ====> Recall@3: 0.7887
2020-01-12 19:24:25,371 ====> Recall@4: 0.7939
2020-01-12 19:24:25,372 ====> Recall@5: 0.7991
2020-01-12 19:24:25,372 ====> Recall@10: 0.8110
2020-01-12 19:24:25,372 ====> Recall@15: 0.8264
2020-01-12 19:24:25,372 ====> Recall@20: 0.8365
2020-01-12 19:24:25,372 ====> Recall@25: 0.8432
2020-01-12 19:24:25,504 Performance did not improve for 10 epochs. Stopping.
2020-01-12 19:24:25,504 => Best Recall@5: 0.8154
